[2022-01-02 12:06:09,031] {taskinstance.py:1035} INFO - Dependencies all met for <TaskInstance: scraping_daft_kildare.scrap_data scheduled__2022-01-01T09:45:00+00:00 [queued]>
[2022-01-02 12:06:09,196] {taskinstance.py:1035} INFO - Dependencies all met for <TaskInstance: scraping_daft_kildare.scrap_data scheduled__2022-01-01T09:45:00+00:00 [queued]>
[2022-01-02 12:06:09,204] {taskinstance.py:1241} INFO - 
--------------------------------------------------------------------------------
[2022-01-02 12:06:09,208] {taskinstance.py:1242} INFO - Starting attempt 1 of 4
[2022-01-02 12:06:09,212] {taskinstance.py:1243} INFO - 
--------------------------------------------------------------------------------
[2022-01-02 12:06:09,504] {taskinstance.py:1262} INFO - Executing <Task(SparkSubmitOperator): scrap_data> on 2022-01-01 09:45:00+00:00
[2022-01-02 12:06:09,921] {standard_task_runner.py:76} INFO - Running: ['***', 'tasks', 'run', 'scraping_daft_kildare', 'scrap_data', 'scheduled__2022-01-01T09:45:00+00:00', '--job-id', '6109', '--raw', '--subdir', 'DAGS_FOLDER/scraping_daft_kildare.py', '--cfg-path', '/tmp/tmpg_30i5_n', '--error-file', '/tmp/tmpeab9sux6']
[2022-01-02 12:06:09,941] {standard_task_runner.py:77} INFO - Job 6109: Subtask scrap_data
[2022-01-02 12:06:09,742] {standard_task_runner.py:52} INFO - Started process 201 to run task
[2022-01-02 12:06:10,920] {logging_mixin.py:109} INFO - Running <TaskInstance: scraping_daft_kildare.scrap_data scheduled__2022-01-01T09:45:00+00:00 [running]> on host bbddfc72aeab
[2022-01-02 12:06:11,828] {taskinstance.py:1429} INFO - Exporting the following env vars:
AIRFLOW_CTX_DAG_EMAIL=clement.liscoet@gmail.com
AIRFLOW_CTX_DAG_OWNER=clemoni
AIRFLOW_CTX_DAG_ID=scraping_daft_kildare
AIRFLOW_CTX_TASK_ID=scrap_data
AIRFLOW_CTX_EXECUTION_DATE=2022-01-01T09:45:00+00:00
AIRFLOW_CTX_DAG_RUN_ID=scheduled__2022-01-01T09:45:00+00:00
[2022-01-02 12:06:12,078] {base.py:79} INFO - Using connection to: id: spark_default. Host: spark://spark:7077, Port: None, Schema: , Login: ***, Password: ***, extra: {}
[2022-01-02 12:06:12,172] {spark_submit.py:360} INFO - Spark-Submit cmd: spark-submit --master spark://spark:7077 --conf spark.master=spark://spark:7077 --name scrap data --verbose /opt/***/jobs/get_ads_per_county.py kildare
[2022-01-02 12:07:19,554] {spark_submit.py:514} INFO - Using properties file: null
[2022-01-02 12:07:24,143] {spark_submit.py:514} INFO - WARNING: An illegal reflective access operation has occurred
[2022-01-02 12:07:24,154] {spark_submit.py:514} INFO - WARNING: Illegal reflective access by org.apache.spark.unsafe.Platform (file:/home/***/.local/lib/python3.6/site-packages/pyspark/jars/spark-unsafe_2.12-3.2.0.jar) to constructor java.nio.DirectByteBuffer(long,int)
[2022-01-02 12:07:24,161] {spark_submit.py:514} INFO - WARNING: Please consider reporting this to the maintainers of org.apache.spark.unsafe.Platform
[2022-01-02 12:07:24,185] {spark_submit.py:514} INFO - WARNING: Use --illegal-access=warn to enable warnings of further illegal reflective access operations
[2022-01-02 12:07:24,195] {spark_submit.py:514} INFO - WARNING: All illegal access operations will be denied in a future release
[2022-01-02 12:07:25,862] {spark_submit.py:514} INFO - Parsed arguments:
[2022-01-02 12:07:25,873] {spark_submit.py:514} INFO - master                  spark://spark:7077
[2022-01-02 12:07:25,878] {spark_submit.py:514} INFO - deployMode              null
[2022-01-02 12:07:25,884] {spark_submit.py:514} INFO - executorMemory          null
[2022-01-02 12:07:25,886] {spark_submit.py:514} INFO - executorCores           null
[2022-01-02 12:07:25,889] {spark_submit.py:514} INFO - totalExecutorCores      null
[2022-01-02 12:07:25,890] {spark_submit.py:514} INFO - propertiesFile          null
[2022-01-02 12:07:25,892] {spark_submit.py:514} INFO - driverMemory            null
[2022-01-02 12:07:25,893] {spark_submit.py:514} INFO - driverCores             null
[2022-01-02 12:07:25,895] {spark_submit.py:514} INFO - driverExtraClassPath    null
[2022-01-02 12:07:25,898] {spark_submit.py:514} INFO - driverExtraLibraryPath  null
[2022-01-02 12:07:25,903] {spark_submit.py:514} INFO - driverExtraJavaOptions  null
[2022-01-02 12:07:25,904] {spark_submit.py:514} INFO - supervise               false
[2022-01-02 12:07:25,906] {spark_submit.py:514} INFO - queue                   null
[2022-01-02 12:07:25,908] {spark_submit.py:514} INFO - numExecutors            null
[2022-01-02 12:07:25,909] {spark_submit.py:514} INFO - files                   null
[2022-01-02 12:07:25,911] {spark_submit.py:514} INFO - pyFiles                 null
[2022-01-02 12:07:25,912] {spark_submit.py:514} INFO - archives                null
[2022-01-02 12:07:25,915] {spark_submit.py:514} INFO - mainClass               null
[2022-01-02 12:07:25,916] {spark_submit.py:514} INFO - primaryResource         file:/opt/***/jobs/get_ads_per_county.py
[2022-01-02 12:07:25,918] {spark_submit.py:514} INFO - name                    scrap data
[2022-01-02 12:07:25,921] {spark_submit.py:514} INFO - childArgs               [kildare]
[2022-01-02 12:07:25,924] {spark_submit.py:514} INFO - jars                    null
[2022-01-02 12:07:25,926] {spark_submit.py:514} INFO - packages                null
[2022-01-02 12:07:25,928] {spark_submit.py:514} INFO - packagesExclusions      null
[2022-01-02 12:07:25,930] {spark_submit.py:514} INFO - repositories            null
[2022-01-02 12:07:25,945] {spark_submit.py:514} INFO - verbose                 true
[2022-01-02 12:07:25,949] {spark_submit.py:514} INFO - 
[2022-01-02 12:07:25,952] {spark_submit.py:514} INFO - Spark properties used, including those specified through
[2022-01-02 12:07:25,955] {spark_submit.py:514} INFO - --conf and those from the properties file null:
[2022-01-02 12:07:25,957] {spark_submit.py:514} INFO - (spark.master,spark://spark:7077)
[2022-01-02 12:07:25,963] {spark_submit.py:514} INFO - 
[2022-01-02 12:07:25,972] {spark_submit.py:514} INFO - 
[2022-01-02 12:07:34,292] {spark_submit.py:514} INFO - Main class:
[2022-01-02 12:07:34,294] {spark_submit.py:514} INFO - org.apache.spark.deploy.PythonRunner
[2022-01-02 12:07:34,296] {spark_submit.py:514} INFO - Arguments:
[2022-01-02 12:07:34,298] {spark_submit.py:514} INFO - file:/opt/***/jobs/get_ads_per_county.py
[2022-01-02 12:07:34,299] {spark_submit.py:514} INFO - null
[2022-01-02 12:07:34,301] {spark_submit.py:514} INFO - kildare
[2022-01-02 12:07:34,302] {spark_submit.py:514} INFO - --verbose
[2022-01-02 12:07:34,310] {spark_submit.py:514} INFO - Spark config:
[2022-01-02 12:07:34,313] {spark_submit.py:514} INFO - (spark.app.name,scrap data)
[2022-01-02 12:07:34,314] {spark_submit.py:514} INFO - (spark.master,spark://spark:7077)
[2022-01-02 12:07:34,316] {spark_submit.py:514} INFO - (spark.submit.pyFiles,)
[2022-01-02 12:07:34,318] {spark_submit.py:514} INFO - (spark.submit.deployMode,client)
[2022-01-02 12:07:34,319] {spark_submit.py:514} INFO - Classpath elements:
[2022-01-02 12:07:34,321] {spark_submit.py:514} INFO - 
[2022-01-02 12:07:34,323] {spark_submit.py:514} INFO - 
[2022-01-02 12:07:34,325] {spark_submit.py:514} INFO - 
[2022-01-02 12:08:43,750] {spark_submit.py:514} INFO - Using Spark's default log4j profile: org/apache/spark/log4j-defaults.properties
[2022-01-02 12:08:44,049] {spark_submit.py:514} INFO - 22/01/02 12:08:44 INFO SparkContext: Running Spark version 3.2.0
[2022-01-02 12:08:48,793] {spark_submit.py:514} INFO - 22/01/02 12:08:48 WARN NativeCodeLoader: Unable to load native-hadoop library for your platform... using builtin-java classes where applicable
[2022-01-02 12:08:52,030] {spark_submit.py:514} INFO - 22/01/02 12:08:52 INFO ResourceUtils: ==============================================================
[2022-01-02 12:08:52,035] {spark_submit.py:514} INFO - 22/01/02 12:08:52 INFO ResourceUtils: No custom resources configured for spark.driver.
[2022-01-02 12:08:52,047] {spark_submit.py:514} INFO - 22/01/02 12:08:52 INFO ResourceUtils: ==============================================================
[2022-01-02 12:08:52,059] {spark_submit.py:514} INFO - 22/01/02 12:08:52 INFO SparkContext: Submitted application: Get Ads per county
[2022-01-02 12:08:53,175] {spark_submit.py:514} INFO - 22/01/02 12:08:53 INFO ResourceProfile: Default ResourceProfile created, executor resources: Map(cores -> name: cores, amount: 1, script: , vendor: , memory -> name: memory, amount: 1024, script: , vendor: , offHeap -> name: offHeap, amount: 0, script: , vendor: ), task resources: Map(cpus -> name: cpus, amount: 1.0)
[2022-01-02 12:08:53,545] {spark_submit.py:514} INFO - 22/01/02 12:08:53 INFO ResourceProfile: Limiting resource is cpu
[2022-01-02 12:08:53,562] {spark_submit.py:514} INFO - 22/01/02 12:08:53 INFO ResourceProfileManager: Added ResourceProfile id: 0
[2022-01-02 12:08:56,089] {spark_submit.py:514} INFO - 22/01/02 12:08:56 INFO SecurityManager: Changing view acls to: ***
[2022-01-02 12:08:56,101] {spark_submit.py:514} INFO - 22/01/02 12:08:56 INFO SecurityManager: Changing modify acls to: ***
[2022-01-02 12:08:56,108] {spark_submit.py:514} INFO - 22/01/02 12:08:56 INFO SecurityManager: Changing view acls groups to:
[2022-01-02 12:08:56,148] {spark_submit.py:514} INFO - 22/01/02 12:08:56 INFO SecurityManager: Changing modify acls groups to:
[2022-01-02 12:08:56,164] {spark_submit.py:514} INFO - 22/01/02 12:08:56 INFO SecurityManager: SecurityManager: authentication disabled; ui acls disabled; users  with view permissions: Set(***); groups with view permissions: Set(); users  with modify permissions: Set(***); groups with modify permissions: Set()
[2022-01-02 12:09:27,315] {spark_submit.py:514} INFO - 22/01/02 12:09:26 INFO Utils: Successfully started service 'sparkDriver' on port 44323.
[2022-01-02 12:09:55,146] {spark_submit.py:514} INFO - 22/01/02 12:09:55 INFO SparkEnv: Registering MapOutputTracker
[2022-01-02 12:09:58,140] {spark_submit.py:514} INFO - 22/01/02 12:09:58 INFO SparkEnv: Registering BlockManagerMaster
[2022-01-02 12:09:58,298] {spark_submit.py:514} INFO - 22/01/02 12:09:58 INFO BlockManagerMasterEndpoint: Using org.apache.spark.storage.DefaultTopologyMapper for getting topology information
[2022-01-02 12:09:58,312] {spark_submit.py:514} INFO - 22/01/02 12:09:58 INFO BlockManagerMasterEndpoint: BlockManagerMasterEndpoint up
[2022-01-02 12:09:58,546] {spark_submit.py:514} INFO - 22/01/02 12:09:58 INFO SparkEnv: Registering BlockManagerMasterHeartbeat
[2022-01-02 12:10:00,136] {spark_submit.py:514} INFO - 22/01/02 12:10:00 INFO DiskBlockManager: Created local directory at /tmp/blockmgr-d6da5c9c-4762-4b35-ac6e-8c60467016a1
[2022-01-02 12:10:00,842] {spark_submit.py:514} INFO - 22/01/02 12:10:00 INFO MemoryStore: MemoryStore started with capacity 434.4 MiB
[2022-01-02 12:10:01,890] {spark_submit.py:514} INFO - 22/01/02 12:10:01 INFO SparkEnv: Registering OutputCommitCoordinator
[2022-01-02 12:10:05,071] {spark_submit.py:514} INFO - 22/01/02 12:10:05 WARN Utils: Service 'SparkUI' could not bind on port 4040. Attempting port 4041.
[2022-01-02 12:10:05,083] {spark_submit.py:514} INFO - 22/01/02 12:10:05 WARN Utils: Service 'SparkUI' could not bind on port 4041. Attempting port 4042.
[2022-01-02 12:10:05,157] {spark_submit.py:514} INFO - 22/01/02 12:10:05 INFO Utils: Successfully started service 'SparkUI' on port 4042.
[2022-01-02 12:10:10,362] {spark_submit.py:514} INFO - 22/01/02 12:10:10 INFO SparkUI: Bound SparkUI to 0.0.0.0, and started at http://bbddfc72aeab:4042
[2022-01-02 12:10:20,129] {spark_submit.py:514} INFO - 22/01/02 12:10:20 INFO StandaloneAppClient$ClientEndpoint: Connecting to master spark://spark:7077...
[2022-01-02 12:10:22,955] {spark_submit.py:514} INFO - 22/01/02 12:10:22 INFO TransportClientFactory: Successfully created connection to spark/172.22.0.4:7077 after 488 ms (0 ms spent in bootstraps)
[2022-01-02 12:10:29,817] {spark_submit.py:514} INFO - 22/01/02 12:10:29 INFO StandaloneSchedulerBackend: Connected to Spark cluster with app ID app-20220102121029-0004
[2022-01-02 12:10:30,086] {spark_submit.py:514} INFO - 22/01/02 12:10:30 INFO Utils: Successfully started service 'org.apache.spark.network.netty.NettyBlockTransferService' on port 40221.
[2022-01-02 12:10:30,090] {spark_submit.py:514} INFO - 22/01/02 12:10:30 INFO NettyBlockTransferService: Server created on bbddfc72aeab:40221
[2022-01-02 12:10:30,570] {spark_submit.py:514} INFO - 22/01/02 12:10:30 INFO BlockManager: Using org.apache.spark.storage.RandomBlockReplicationPolicy for block replication policy
[2022-01-02 12:10:37,565] {spark_submit.py:514} INFO - 22/01/02 12:10:35 INFO BlockManagerMaster: Registering BlockManager BlockManagerId(driver, bbddfc72aeab, 40221, None)
[2022-01-02 12:10:39,521] {spark_submit.py:514} INFO - 22/01/02 12:10:39 INFO BlockManagerMasterEndpoint: Registering block manager bbddfc72aeab:40221 with 434.4 MiB RAM, BlockManagerId(driver, bbddfc72aeab, 40221, None)
[2022-01-02 12:10:39,816] {spark_submit.py:514} INFO - 22/01/02 12:10:39 INFO BlockManagerMaster: Registered BlockManager BlockManagerId(driver, bbddfc72aeab, 40221, None)
[2022-01-02 12:10:39,842] {spark_submit.py:514} INFO - 22/01/02 12:10:39 INFO BlockManager: Initialized BlockManager: BlockManagerId(driver, bbddfc72aeab, 40221, None)
[2022-01-02 12:12:19,396] {taskinstance.py:1703} ERROR - Task failed with exception
Traceback (most recent call last):
  File "/home/airflow/.local/lib/python3.6/site-packages/airflow/models/taskinstance.py", line 1332, in _run_raw_task
    self._execute_task_with_callbacks(context)
  File "/home/airflow/.local/lib/python3.6/site-packages/airflow/models/taskinstance.py", line 1458, in _execute_task_with_callbacks
    result = self._execute_task(context, self.task)
  File "/home/airflow/.local/lib/python3.6/site-packages/airflow/models/taskinstance.py", line 1514, in _execute_task
    result = execute_callable(context=context)
  File "/home/airflow/.local/lib/python3.6/site-packages/airflow/providers/apache/spark/operators/spark_submit.py", line 179, in execute
    self._hook.submit(self._application)
  File "/home/airflow/.local/lib/python3.6/site-packages/airflow/providers/apache/spark/hooks/spark_submit.py", line 446, in submit
    f"Cannot execute: {self._mask_cmd(spark_submit_cmd)}. Error code is: {returncode}."
airflow.exceptions.AirflowException: Cannot execute: spark-submit --master spark://spark:7077 --conf spark.master=spark://spark:7077 --name scrap data --verbose /opt/***/jobs/get_ads_per_county.py kildare. Error code is: -9.
[2022-01-02 12:12:20,368] {taskinstance.py:1280} INFO - Marking task as UP_FOR_RETRY. dag_id=scraping_daft_kildare, task_id=scrap_data, execution_date=20220101T094500, start_date=20220102T120609, end_date=20220102T121220
[2022-01-02 12:12:25,510] {standard_task_runner.py:91} ERROR - Failed to execute job 6109 for task scrap_data
Traceback (most recent call last):
  File "/home/airflow/.local/lib/python3.6/site-packages/airflow/task/task_runner/standard_task_runner.py", line 85, in _start_by_fork
    args.func(args, dag=self.dag)
  File "/home/airflow/.local/lib/python3.6/site-packages/airflow/cli/cli_parser.py", line 48, in command
    return func(*args, **kwargs)
  File "/home/airflow/.local/lib/python3.6/site-packages/airflow/utils/cli.py", line 92, in wrapper
    return f(*args, **kwargs)
  File "/home/airflow/.local/lib/python3.6/site-packages/airflow/cli/commands/task_command.py", line 292, in task_run
    _run_task_by_selected_method(args, dag, ti)
  File "/home/airflow/.local/lib/python3.6/site-packages/airflow/cli/commands/task_command.py", line 107, in _run_task_by_selected_method
    _run_raw_task(args, ti)
  File "/home/airflow/.local/lib/python3.6/site-packages/airflow/cli/commands/task_command.py", line 184, in _run_raw_task
    error_file=args.error_file,
  File "/home/airflow/.local/lib/python3.6/site-packages/airflow/utils/session.py", line 70, in wrapper
    return func(*args, session=session, **kwargs)
  File "/home/airflow/.local/lib/python3.6/site-packages/airflow/models/taskinstance.py", line 1332, in _run_raw_task
    self._execute_task_with_callbacks(context)
  File "/home/airflow/.local/lib/python3.6/site-packages/airflow/models/taskinstance.py", line 1458, in _execute_task_with_callbacks
    result = self._execute_task(context, self.task)
  File "/home/airflow/.local/lib/python3.6/site-packages/airflow/models/taskinstance.py", line 1514, in _execute_task
    result = execute_callable(context=context)
  File "/home/airflow/.local/lib/python3.6/site-packages/airflow/providers/apache/spark/operators/spark_submit.py", line 179, in execute
    self._hook.submit(self._application)
  File "/home/airflow/.local/lib/python3.6/site-packages/airflow/providers/apache/spark/hooks/spark_submit.py", line 446, in submit
    f"Cannot execute: {self._mask_cmd(spark_submit_cmd)}. Error code is: {returncode}."
airflow.exceptions.AirflowException: Cannot execute: spark-submit --master spark://spark:7077 --conf spark.master=spark://spark:7077 --name scrap data --verbose /opt/***/jobs/get_ads_per_county.py kildare. Error code is: -9.
[2022-01-02 12:12:26,812] {local_task_job.py:154} INFO - Task exited with return code 1
[2022-01-02 12:14:28,000] {local_task_job.py:264} INFO - 0 downstream tasks scheduled from follow-on schedule check
