[2021-12-28 15:36:23,183] {taskinstance.py:1035} INFO - Dependencies all met for <TaskInstance: scraping_daft_tipperary.waiting_for_file manual__2021-12-28T15:34:54.964357+00:00 [queued]>
[2021-12-28 15:36:23,225] {taskinstance.py:1035} INFO - Dependencies all met for <TaskInstance: scraping_daft_tipperary.waiting_for_file manual__2021-12-28T15:34:54.964357+00:00 [queued]>
[2021-12-28 15:36:23,236] {taskinstance.py:1241} INFO - 
--------------------------------------------------------------------------------
[2021-12-28 15:36:23,238] {taskinstance.py:1242} INFO - Starting attempt 1 of 4
[2021-12-28 15:36:23,249] {taskinstance.py:1243} INFO - 
--------------------------------------------------------------------------------
[2021-12-28 15:36:23,296] {taskinstance.py:1262} INFO - Executing <Task(FileSensor): waiting_for_file> on 2021-12-28 15:34:54.964357+00:00
[2021-12-28 15:36:23,317] {standard_task_runner.py:76} INFO - Running: ['***', 'tasks', 'run', 'scraping_daft_tipperary', 'waiting_for_file', 'manual__2021-12-28T15:34:54.964357+00:00', '--job-id', '5260', '--raw', '--subdir', 'DAGS_FOLDER/scraping_daft_tipperary.py', '--cfg-path', '/tmp/tmpxk1ss370', '--error-file', '/tmp/tmptienzdhn']
[2021-12-28 15:36:23,320] {standard_task_runner.py:77} INFO - Job 5260: Subtask waiting_for_file
[2021-12-28 15:36:23,311] {standard_task_runner.py:52} INFO - Started process 9784 to run task
[2021-12-28 15:36:23,514] {logging_mixin.py:109} INFO - Running <TaskInstance: scraping_daft_tipperary.waiting_for_file manual__2021-12-28T15:34:54.964357+00:00 [running]> on host 6bdda4c19a85
[2021-12-28 15:36:23,745] {taskinstance.py:1429} INFO - Exporting the following env vars:
AIRFLOW_CTX_DAG_EMAIL=clement.liscoet@gmail.com
AIRFLOW_CTX_DAG_OWNER=clemoni
AIRFLOW_CTX_DAG_ID=scraping_daft_tipperary
AIRFLOW_CTX_TASK_ID=waiting_for_file
AIRFLOW_CTX_EXECUTION_DATE=2021-12-28T15:34:54.964357+00:00
AIRFLOW_CTX_DAG_RUN_ID=manual__2021-12-28T15:34:54.964357+00:00
[2021-12-28 15:36:23,822] {filesystem.py:59} INFO - Poking for file data/tipperary_rent.json
[2021-12-28 15:36:23,825] {filesystem.py:65} INFO - Found File data/tipperary_rent.json last modified: 20211228153620
[2021-12-28 15:36:23,826] {base.py:249} INFO - Success criteria met. Exiting.
[2021-12-28 15:36:23,896] {taskinstance.py:1280} INFO - Marking task as SUCCESS. dag_id=scraping_daft_tipperary, task_id=waiting_for_file, execution_date=20211228T153454, start_date=20211228T153623, end_date=20211228T153623
[2021-12-28 15:36:23,960] {local_task_job.py:154} INFO - Task exited with return code 0
[2021-12-28 15:36:24,129] {local_task_job.py:264} INFO - 1 downstream tasks scheduled from follow-on schedule check
