[2021-12-29 15:55:14,579] {taskinstance.py:1035} INFO - Dependencies all met for <TaskInstance: scraping_daft_monaghan.persist_data scheduled__2021-12-28T10:30:00+00:00 [queued]>
[2021-12-29 15:55:14,855] {taskinstance.py:1035} INFO - Dependencies all met for <TaskInstance: scraping_daft_monaghan.persist_data scheduled__2021-12-28T10:30:00+00:00 [queued]>
[2021-12-29 15:55:14,857] {taskinstance.py:1241} INFO - 
--------------------------------------------------------------------------------
[2021-12-29 15:55:14,858] {taskinstance.py:1242} INFO - Starting attempt 1 of 4
[2021-12-29 15:55:14,860] {taskinstance.py:1243} INFO - 
--------------------------------------------------------------------------------
[2021-12-29 15:55:15,148] {taskinstance.py:1262} INFO - Executing <Task(SparkSubmitOperator): persist_data> on 2021-12-28 10:30:00+00:00
[2021-12-29 15:55:15,189] {standard_task_runner.py:52} INFO - Started process 8706 to run task
[2021-12-29 15:55:15,285] {standard_task_runner.py:76} INFO - Running: ['***', 'tasks', 'run', 'scraping_daft_monaghan', 'persist_data', 'scheduled__2021-12-28T10:30:00+00:00', '--job-id', '5455', '--raw', '--subdir', 'DAGS_FOLDER/scraping_daft_monaghan.py', '--cfg-path', '/tmp/tmpb32etel_', '--error-file', '/tmp/tmpznq08kp_']
[2021-12-29 15:55:15,292] {standard_task_runner.py:77} INFO - Job 5455: Subtask persist_data
[2021-12-29 15:55:15,847] {logging_mixin.py:109} INFO - Running <TaskInstance: scraping_daft_monaghan.persist_data scheduled__2021-12-28T10:30:00+00:00 [running]> on host bb41737934b2
[2021-12-29 15:55:16,142] {taskinstance.py:1429} INFO - Exporting the following env vars:
AIRFLOW_CTX_DAG_EMAIL=clement.liscoet@gmail.com
AIRFLOW_CTX_DAG_OWNER=clemoni
AIRFLOW_CTX_DAG_ID=scraping_daft_monaghan
AIRFLOW_CTX_TASK_ID=persist_data
AIRFLOW_CTX_EXECUTION_DATE=2021-12-28T10:30:00+00:00
AIRFLOW_CTX_DAG_RUN_ID=scheduled__2021-12-28T10:30:00+00:00
[2021-12-29 15:55:16,193] {base.py:79} INFO - Using connection to: id: spark_default. Host: spark://spark:7077, Port: None, Schema: , Login: ***, Password: ***, extra: {}
[2021-12-29 15:55:16,203] {spark_submit.py:360} INFO - Spark-Submit cmd: spark-submit --master spark://spark:7077 --conf spark.master=spark://spark:7077 --name persist data --verbose /opt/***/jobs/persist_db.py monaghan
[2021-12-29 15:55:30,449] {spark_submit.py:514} INFO - Using properties file: null
[2021-12-29 15:55:32,109] {spark_submit.py:514} INFO - WARNING: An illegal reflective access operation has occurred
[2021-12-29 15:55:32,114] {spark_submit.py:514} INFO - WARNING: Illegal reflective access by org.apache.spark.unsafe.Platform (file:/home/***/.local/lib/python3.6/site-packages/pyspark/jars/spark-unsafe_2.12-3.2.0.jar) to constructor java.nio.DirectByteBuffer(long,int)
[2021-12-29 15:55:32,118] {spark_submit.py:514} INFO - WARNING: Please consider reporting this to the maintainers of org.apache.spark.unsafe.Platform
[2021-12-29 15:55:32,119] {spark_submit.py:514} INFO - WARNING: Use --illegal-access=warn to enable warnings of further illegal reflective access operations
[2021-12-29 15:55:32,120] {spark_submit.py:514} INFO - WARNING: All illegal access operations will be denied in a future release
[2021-12-29 15:55:32,861] {spark_submit.py:514} INFO - Parsed arguments:
[2021-12-29 15:55:32,864] {spark_submit.py:514} INFO - master                  spark://spark:7077
[2021-12-29 15:55:32,866] {spark_submit.py:514} INFO - deployMode              null
[2021-12-29 15:55:32,871] {spark_submit.py:514} INFO - executorMemory          null
[2021-12-29 15:55:32,875] {spark_submit.py:514} INFO - executorCores           null
[2021-12-29 15:55:32,879] {spark_submit.py:514} INFO - totalExecutorCores      null
[2021-12-29 15:55:32,886] {spark_submit.py:514} INFO - propertiesFile          null
[2021-12-29 15:55:32,888] {spark_submit.py:514} INFO - driverMemory            null
[2021-12-29 15:55:32,890] {spark_submit.py:514} INFO - driverCores             null
[2021-12-29 15:55:32,897] {spark_submit.py:514} INFO - driverExtraClassPath    null
[2021-12-29 15:55:32,905] {spark_submit.py:514} INFO - driverExtraLibraryPath  null
[2021-12-29 15:55:32,913] {spark_submit.py:514} INFO - driverExtraJavaOptions  null
[2021-12-29 15:55:32,920] {spark_submit.py:514} INFO - supervise               false
[2021-12-29 15:55:32,926] {spark_submit.py:514} INFO - queue                   null
[2021-12-29 15:55:32,938] {spark_submit.py:514} INFO - numExecutors            null
[2021-12-29 15:55:32,951] {spark_submit.py:514} INFO - files                   null
[2021-12-29 15:55:32,957] {spark_submit.py:514} INFO - pyFiles                 null
[2021-12-29 15:55:32,962] {spark_submit.py:514} INFO - archives                null
[2021-12-29 15:55:32,978] {spark_submit.py:514} INFO - mainClass               null
[2021-12-29 15:55:32,999] {spark_submit.py:514} INFO - primaryResource         file:/opt/***/jobs/persist_db.py
[2021-12-29 15:55:33,010] {spark_submit.py:514} INFO - name                    persist data
[2021-12-29 15:55:33,028] {spark_submit.py:514} INFO - childArgs               [monaghan]
[2021-12-29 15:55:33,033] {spark_submit.py:514} INFO - jars                    null
[2021-12-29 15:55:33,038] {spark_submit.py:514} INFO - packages                null
[2021-12-29 15:55:33,041] {spark_submit.py:514} INFO - packagesExclusions      null
[2021-12-29 15:55:33,042] {spark_submit.py:514} INFO - repositories            null
[2021-12-29 15:55:33,048] {spark_submit.py:514} INFO - verbose                 true
[2021-12-29 15:55:33,131] {spark_submit.py:514} INFO - 
[2021-12-29 15:55:33,133] {spark_submit.py:514} INFO - Spark properties used, including those specified through
[2021-12-29 15:55:33,136] {spark_submit.py:514} INFO - --conf and those from the properties file null:
[2021-12-29 15:55:33,146] {spark_submit.py:514} INFO - (spark.master,spark://spark:7077)
[2021-12-29 15:55:33,149] {spark_submit.py:514} INFO - 
[2021-12-29 15:55:33,151] {spark_submit.py:514} INFO - 
[2021-12-29 15:55:35,367] {spark_submit.py:514} INFO - Main class:
[2021-12-29 15:55:35,375] {spark_submit.py:514} INFO - org.apache.spark.deploy.PythonRunner
[2021-12-29 15:55:35,391] {spark_submit.py:514} INFO - Arguments:
[2021-12-29 15:55:35,396] {spark_submit.py:514} INFO - file:/opt/***/jobs/persist_db.py
[2021-12-29 15:55:35,398] {spark_submit.py:514} INFO - null
[2021-12-29 15:55:35,407] {spark_submit.py:514} INFO - monaghan
[2021-12-29 15:55:35,410] {spark_submit.py:514} INFO - --verbose
[2021-12-29 15:55:35,421] {spark_submit.py:514} INFO - Spark config:
[2021-12-29 15:55:35,423] {spark_submit.py:514} INFO - (spark.master,spark://spark:7077)
[2021-12-29 15:55:35,424] {spark_submit.py:514} INFO - (spark.app.name,persist data)
[2021-12-29 15:55:35,428] {spark_submit.py:514} INFO - (spark.submit.pyFiles,)
[2021-12-29 15:55:35,429] {spark_submit.py:514} INFO - (spark.submit.deployMode,client)
[2021-12-29 15:55:35,430] {spark_submit.py:514} INFO - Classpath elements:
[2021-12-29 15:55:35,432] {spark_submit.py:514} INFO - 
[2021-12-29 15:55:35,434] {spark_submit.py:514} INFO - 
[2021-12-29 15:55:35,436] {spark_submit.py:514} INFO - 
[2021-12-29 15:55:41,893] {spark_submit.py:514} INFO - Using Spark's default log4j profile: org/apache/spark/log4j-defaults.properties
[2021-12-29 15:55:41,969] {spark_submit.py:514} INFO - 21/12/29 15:55:41 INFO SparkContext: Running Spark version 3.2.0
[2021-12-29 15:55:43,234] {spark_submit.py:514} INFO - 21/12/29 15:55:43 WARN NativeCodeLoader: Unable to load native-hadoop library for your platform... using builtin-java classes where applicable
[2021-12-29 15:55:45,387] {spark_submit.py:514} INFO - 21/12/29 15:55:45 INFO ResourceUtils: ==============================================================
[2021-12-29 15:55:45,402] {spark_submit.py:514} INFO - 21/12/29 15:55:45 INFO ResourceUtils: No custom resources configured for spark.driver.
[2021-12-29 15:55:45,417] {spark_submit.py:514} INFO - 21/12/29 15:55:45 INFO ResourceUtils: ==============================================================
[2021-12-29 15:55:45,448] {spark_submit.py:514} INFO - 21/12/29 15:55:45 INFO SparkContext: Submitted application: Persist DB
[2021-12-29 15:55:45,934] {spark_submit.py:514} INFO - 21/12/29 15:55:45 INFO ResourceProfile: Default ResourceProfile created, executor resources: Map(cores -> name: cores, amount: 1, script: , vendor: , memory -> name: memory, amount: 1024, script: , vendor: , offHeap -> name: offHeap, amount: 0, script: , vendor: ), task resources: Map(cpus -> name: cpus, amount: 1.0)
[2021-12-29 15:55:46,105] {spark_submit.py:514} INFO - 21/12/29 15:55:46 INFO ResourceProfile: Limiting resource is cpu
[2021-12-29 15:55:46,159] {spark_submit.py:514} INFO - 21/12/29 15:55:46 INFO ResourceProfileManager: Added ResourceProfile id: 0
[2021-12-29 15:55:47,368] {spark_submit.py:514} INFO - 21/12/29 15:55:47 INFO SecurityManager: Changing view acls to: ***
[2021-12-29 15:55:47,404] {spark_submit.py:514} INFO - 21/12/29 15:55:47 INFO SecurityManager: Changing modify acls to: ***
[2021-12-29 15:55:47,420] {spark_submit.py:514} INFO - 21/12/29 15:55:47 INFO SecurityManager: Changing view acls groups to:
[2021-12-29 15:55:47,469] {spark_submit.py:514} INFO - 21/12/29 15:55:47 INFO SecurityManager: Changing modify acls groups to:
[2021-12-29 15:55:47,507] {spark_submit.py:514} INFO - 21/12/29 15:55:47 INFO SecurityManager: SecurityManager: authentication disabled; ui acls disabled; users  with view permissions: Set(***); groups with view permissions: Set(); users  with modify permissions: Set(***); groups with modify permissions: Set()
[2021-12-29 15:55:50,141] {spark_submit.py:514} INFO - 21/12/29 15:55:50 INFO Utils: Successfully started service 'sparkDriver' on port 34721.
[2021-12-29 15:55:50,488] {spark_submit.py:514} INFO - 21/12/29 15:55:50 INFO SparkEnv: Registering MapOutputTracker
[2021-12-29 15:55:51,015] {spark_submit.py:514} INFO - 21/12/29 15:55:51 INFO SparkEnv: Registering BlockManagerMaster
[2021-12-29 15:55:51,244] {spark_submit.py:514} INFO - 21/12/29 15:55:51 INFO BlockManagerMasterEndpoint: Using org.apache.spark.storage.DefaultTopologyMapper for getting topology information
[2021-12-29 15:55:51,253] {spark_submit.py:514} INFO - 21/12/29 15:55:51 INFO BlockManagerMasterEndpoint: BlockManagerMasterEndpoint up
[2021-12-29 15:55:51,288] {spark_submit.py:514} INFO - 21/12/29 15:55:51 INFO SparkEnv: Registering BlockManagerMasterHeartbeat
[2021-12-29 15:55:51,419] {spark_submit.py:514} INFO - 21/12/29 15:55:51 INFO DiskBlockManager: Created local directory at /tmp/blockmgr-206c8ce2-d96d-4e54-a500-daa74fa23374
[2021-12-29 15:55:51,739] {spark_submit.py:514} INFO - 21/12/29 15:55:51 INFO MemoryStore: MemoryStore started with capacity 434.4 MiB
[2021-12-29 15:55:51,861] {spark_submit.py:514} INFO - 21/12/29 15:55:51 INFO SparkEnv: Registering OutputCommitCoordinator
[2021-12-29 15:55:53,746] {spark_submit.py:514} INFO - 21/12/29 15:55:53 WARN Utils: Service 'SparkUI' could not bind on port 4040. Attempting port 4041.
[2021-12-29 15:55:53,748] {spark_submit.py:514} INFO - 21/12/29 15:55:53 WARN Utils: Service 'SparkUI' could not bind on port 4041. Attempting port 4042.
[2021-12-29 15:55:53,750] {spark_submit.py:514} INFO - 21/12/29 15:55:53 WARN Utils: Service 'SparkUI' could not bind on port 4042. Attempting port 4043.
[2021-12-29 15:55:53,807] {spark_submit.py:514} INFO - 21/12/29 15:55:53 INFO Utils: Successfully started service 'SparkUI' on port 4043.
[2021-12-29 15:55:54,009] {spark_submit.py:514} INFO - 21/12/29 15:55:54 INFO SparkUI: Bound SparkUI to 0.0.0.0, and started at http://bb41737934b2:4043
[2021-12-29 15:55:54,908] {spark_submit.py:514} INFO - 21/12/29 15:55:54 INFO StandaloneAppClient$ClientEndpoint: Connecting to master spark://spark:7077...
[2021-12-29 15:55:55,704] {spark_submit.py:514} INFO - 21/12/29 15:55:55 INFO TransportClientFactory: Successfully created connection to spark/172.18.0.4:7077 after 347 ms (0 ms spent in bootstraps)
[2021-12-29 15:55:56,554] {spark_submit.py:514} INFO - 21/12/29 15:55:56 INFO StandaloneSchedulerBackend: Connected to Spark cluster with app ID app-20211229155556-0028
[2021-12-29 15:55:56,585] {spark_submit.py:514} INFO - 21/12/29 15:55:56 INFO Utils: Successfully started service 'org.apache.spark.network.netty.NettyBlockTransferService' on port 41261.
[2021-12-29 15:55:56,589] {spark_submit.py:514} INFO - 21/12/29 15:55:56 INFO NettyBlockTransferService: Server created on bb41737934b2:41261
[2021-12-29 15:55:56,599] {spark_submit.py:514} INFO - 21/12/29 15:55:56 INFO BlockManager: Using org.apache.spark.storage.RandomBlockReplicationPolicy for block replication policy
[2021-12-29 15:55:56,630] {spark_submit.py:514} INFO - 21/12/29 15:55:56 INFO BlockManagerMaster: Registering BlockManager BlockManagerId(driver, bb41737934b2, 41261, None)
[2021-12-29 15:55:56,649] {spark_submit.py:514} INFO - 21/12/29 15:55:56 INFO BlockManagerMasterEndpoint: Registering block manager bb41737934b2:41261 with 434.4 MiB RAM, BlockManagerId(driver, bb41737934b2, 41261, None)
[2021-12-29 15:55:56,669] {spark_submit.py:514} INFO - 21/12/29 15:55:56 INFO BlockManagerMaster: Registered BlockManager BlockManagerId(driver, bb41737934b2, 41261, None)
[2021-12-29 15:55:56,675] {spark_submit.py:514} INFO - 21/12/29 15:55:56 INFO BlockManager: Initialized BlockManager: BlockManagerId(driver, bb41737934b2, 41261, None)
[2021-12-29 15:56:00,413] {spark_submit.py:514} INFO - 21/12/29 15:56:00 INFO StandaloneSchedulerBackend: SchedulerBackend is ready for scheduling beginning after reached minRegisteredResourcesRatio: 0.0
[2021-12-29 15:56:00,881] {spark_submit.py:514} INFO - /home/***/.local/lib/python3.6/site-packages/pyspark/python/lib/pyspark.zip/pyspark/context.py:238: FutureWarning: Python 3.6 support is deprecated in Spark 3.2.
[2021-12-29 15:56:00,907] {spark_submit.py:514} INFO - FutureWarning
[2021-12-29 15:56:04,720] {spark_submit.py:514} INFO - 21/12/29 15:56:04 INFO SharedState: Setting hive.metastore.warehouse.dir ('null') to the value of spark.sql.warehouse.dir.
[2021-12-29 15:56:04,844] {spark_submit.py:514} INFO - 21/12/29 15:56:04 INFO SharedState: Warehouse path is 'file:/opt/***/spark-warehouse'.
[2021-12-29 15:56:16,404] {spark_submit.py:514} INFO - 21/12/29 15:56:16 INFO SparkContext: Invoking stop() from shutdown hook
[2021-12-29 15:56:16,487] {spark_submit.py:514} INFO - 21/12/29 15:56:16 INFO StandaloneAppClient$ClientEndpoint: Executor added: app-20211229155556-0028/0 on worker-20211229141102-172.18.0.6-42885 (172.18.0.6:42885) with 6 core(s)
[2021-12-29 15:56:16,517] {spark_submit.py:514} INFO - 21/12/29 15:56:16 INFO StandaloneSchedulerBackend: Granted executor ID app-20211229155556-0028/0 on hostPort 172.18.0.6:42885 with 6 core(s), 1024.0 MiB RAM
[2021-12-29 15:56:16,528] {spark_submit.py:514} INFO - 21/12/29 15:56:16 INFO StandaloneAppClient$ClientEndpoint: Executor added: app-20211229155556-0028/1 on worker-20211229141102-172.18.0.5-43961 (172.18.0.5:43961) with 6 core(s)
[2021-12-29 15:56:16,538] {spark_submit.py:514} INFO - 21/12/29 15:56:16 INFO StandaloneSchedulerBackend: Granted executor ID app-20211229155556-0028/1 on hostPort 172.18.0.5:43961 with 6 core(s), 1024.0 MiB RAM
[2021-12-29 15:56:16,542] {spark_submit.py:514} INFO - 21/12/29 15:56:16 INFO SparkUI: Stopped Spark web UI at http://bb41737934b2:4043
[2021-12-29 15:56:16,592] {spark_submit.py:514} INFO - 21/12/29 15:56:16 INFO StandaloneSchedulerBackend: Shutting down all executors
[2021-12-29 15:56:16,637] {spark_submit.py:514} INFO - 21/12/29 15:56:16 INFO CoarseGrainedSchedulerBackend$DriverEndpoint: Asking each executor to shut down
[2021-12-29 15:56:16,796] {spark_submit.py:514} INFO - 21/12/29 15:56:16 ERROR TransportRequestHandler: Error while invoking RpcHandler#receive() for one-way message.
[2021-12-29 15:56:16,797] {spark_submit.py:514} INFO - org.apache.spark.SparkException: Could not find AppClient.
[2021-12-29 15:56:16,811] {spark_submit.py:514} INFO - at org.apache.spark.rpc.netty.Dispatcher.postMessage(Dispatcher.scala:178)
[2021-12-29 15:56:16,815] {spark_submit.py:514} INFO - at org.apache.spark.rpc.netty.Dispatcher.postOneWayMessage(Dispatcher.scala:150)
[2021-12-29 15:56:16,820] {spark_submit.py:514} INFO - at org.apache.spark.rpc.netty.NettyRpcHandler.receive(NettyRpcEnv.scala:691)
[2021-12-29 15:56:16,823] {spark_submit.py:514} INFO - at org.apache.spark.network.server.TransportRequestHandler.processOneWayMessage(TransportRequestHandler.java:274)
[2021-12-29 15:56:16,845] {spark_submit.py:514} INFO - at org.apache.spark.network.server.TransportRequestHandler.handle(TransportRequestHandler.java:111)
[2021-12-29 15:56:16,850] {spark_submit.py:514} INFO - at org.apache.spark.network.server.TransportChannelHandler.channelRead0(TransportChannelHandler.java:140)
[2021-12-29 15:56:16,859] {spark_submit.py:514} INFO - at org.apache.spark.network.server.TransportChannelHandler.channelRead0(TransportChannelHandler.java:53)
[2021-12-29 15:56:16,863] {spark_submit.py:514} INFO - at io.netty.channel.SimpleChannelInboundHandler.channelRead(SimpleChannelInboundHandler.java:99)
[2021-12-29 15:56:16,870] {spark_submit.py:514} INFO - at io.netty.channel.AbstractChannelHandlerContext.invokeChannelRead(AbstractChannelHandlerContext.java:379)
[2021-12-29 15:56:16,872] {spark_submit.py:514} INFO - at io.netty.channel.AbstractChannelHandlerContext.invokeChannelRead(AbstractChannelHandlerContext.java:365)
[2021-12-29 15:56:16,875] {spark_submit.py:514} INFO - at io.netty.channel.AbstractChannelHandlerContext.fireChannelRead(AbstractChannelHandlerContext.java:357)
[2021-12-29 15:56:16,876] {spark_submit.py:514} INFO - at io.netty.handler.timeout.IdleStateHandler.channelRead(IdleStateHandler.java:286)
[2021-12-29 15:56:16,879] {spark_submit.py:514} INFO - at io.netty.channel.AbstractChannelHandlerContext.invokeChannelRead(AbstractChannelHandlerContext.java:379)
[2021-12-29 15:56:16,909] {spark_submit.py:514} INFO - at io.netty.channel.AbstractChannelHandlerContext.invokeChannelRead(AbstractChannelHandlerContext.java:365)
[2021-12-29 15:56:16,937] {spark_submit.py:514} INFO - at io.netty.channel.AbstractChannelHandlerContext.fireChannelRead(AbstractChannelHandlerContext.java:357)
[2021-12-29 15:56:17,024] {spark_submit.py:514} INFO - at io.netty.handler.codec.MessageToMessageDecoder.channelRead(MessageToMessageDecoder.java:103)
[2021-12-29 15:56:17,026] {spark_submit.py:514} INFO - at io.netty.channel.AbstractChannelHandlerContext.invokeChannelRead(AbstractChannelHandlerContext.java:379)
[2021-12-29 15:56:17,027] {spark_submit.py:514} INFO - at io.netty.channel.AbstractChannelHandlerContext.invokeChannelRead(AbstractChannelHandlerContext.java:365)
[2021-12-29 15:56:17,089] {spark_submit.py:514} INFO - at io.netty.channel.AbstractChannelHandlerContext.fireChannelRead(AbstractChannelHandlerContext.java:357)
[2021-12-29 15:56:17,121] {spark_submit.py:514} INFO - at org.apache.spark.network.util.TransportFrameDecoder.channelRead(TransportFrameDecoder.java:102)
[2021-12-29 15:56:17,123] {spark_submit.py:514} INFO - at io.netty.channel.AbstractChannelHandlerContext.invokeChannelRead(AbstractChannelHandlerContext.java:379)
[2021-12-29 15:56:17,131] {spark_submit.py:514} INFO - at io.netty.channel.AbstractChannelHandlerContext.invokeChannelRead(AbstractChannelHandlerContext.java:365)
[2021-12-29 15:56:17,159] {spark_submit.py:514} INFO - at io.netty.channel.AbstractChannelHandlerContext.fireChannelRead(AbstractChannelHandlerContext.java:357)
[2021-12-29 15:56:17,180] {spark_submit.py:514} INFO - at io.netty.channel.DefaultChannelPipeline$HeadContext.channelRead(DefaultChannelPipeline.java:1410)
[2021-12-29 15:56:17,194] {spark_submit.py:514} INFO - at io.netty.channel.AbstractChannelHandlerContext.invokeChannelRead(AbstractChannelHandlerContext.java:379)
[2021-12-29 15:56:17,198] {spark_submit.py:514} INFO - at io.netty.channel.AbstractChannelHandlerContext.invokeChannelRead(AbstractChannelHandlerContext.java:365)
[2021-12-29 15:56:17,205] {spark_submit.py:514} INFO - at io.netty.channel.DefaultChannelPipeline.fireChannelRead(DefaultChannelPipeline.java:919)
[2021-12-29 15:56:17,212] {spark_submit.py:514} INFO - at io.netty.channel.nio.AbstractNioByteChannel$NioByteUnsafe.read(AbstractNioByteChannel.java:166)
[2021-12-29 15:56:17,231] {spark_submit.py:514} INFO - at io.netty.channel.nio.NioEventLoop.processSelectedKey(NioEventLoop.java:719)
[2021-12-29 15:56:17,234] {spark_submit.py:514} INFO - at io.netty.channel.nio.NioEventLoop.processSelectedKeysOptimized(NioEventLoop.java:655)
[2021-12-29 15:56:17,241] {spark_submit.py:514} INFO - at io.netty.channel.nio.NioEventLoop.processSelectedKeys(NioEventLoop.java:581)
[2021-12-29 15:56:17,246] {spark_submit.py:514} INFO - at io.netty.channel.nio.NioEventLoop.run(NioEventLoop.java:493)
[2021-12-29 15:56:17,272] {spark_submit.py:514} INFO - at io.netty.util.concurrent.SingleThreadEventExecutor$4.run(SingleThreadEventExecutor.java:986)
[2021-12-29 15:56:17,279] {spark_submit.py:514} INFO - at io.netty.util.internal.ThreadExecutorMap$2.run(ThreadExecutorMap.java:74)
[2021-12-29 15:56:17,304] {spark_submit.py:514} INFO - at io.netty.util.concurrent.FastThreadLocalRunnable.run(FastThreadLocalRunnable.java:30)
[2021-12-29 15:56:17,307] {spark_submit.py:514} INFO - at java.base/java.lang.Thread.run(Thread.java:829)
[2021-12-29 15:56:17,313] {spark_submit.py:514} INFO - 21/12/29 15:56:16 ERROR TransportRequestHandler: Error while invoking RpcHandler#receive() for one-way message.
[2021-12-29 15:56:17,335] {spark_submit.py:514} INFO - org.apache.spark.SparkException: Could not find AppClient.
[2021-12-29 15:56:17,349] {spark_submit.py:514} INFO - at org.apache.spark.rpc.netty.Dispatcher.postMessage(Dispatcher.scala:178)
[2021-12-29 15:56:17,359] {spark_submit.py:514} INFO - at org.apache.spark.rpc.netty.Dispatcher.postOneWayMessage(Dispatcher.scala:150)
[2021-12-29 15:56:17,365] {spark_submit.py:514} INFO - at org.apache.spark.rpc.netty.NettyRpcHandler.receive(NettyRpcEnv.scala:691)
[2021-12-29 15:56:17,370] {spark_submit.py:514} INFO - at org.apache.spark.network.server.TransportRequestHandler.processOneWayMessage(TransportRequestHandler.java:274)
[2021-12-29 15:56:17,375] {spark_submit.py:514} INFO - at org.apache.spark.network.server.TransportRequestHandler.handle(TransportRequestHandler.java:111)
[2021-12-29 15:56:17,389] {spark_submit.py:514} INFO - at org.apache.spark.network.server.TransportChannelHandler.channelRead0(TransportChannelHandler.java:140)
[2021-12-29 15:56:17,415] {spark_submit.py:514} INFO - at org.apache.spark.network.server.TransportChannelHandler.channelRead0(TransportChannelHandler.java:53)
[2021-12-29 15:56:17,429] {spark_submit.py:514} INFO - at io.netty.channel.SimpleChannelInboundHandler.channelRead(SimpleChannelInboundHandler.java:99)
[2021-12-29 15:56:17,512] {spark_submit.py:514} INFO - at io.netty.channel.AbstractChannelHandlerContext.invokeChannelRead(AbstractChannelHandlerContext.java:379)
[2021-12-29 15:56:17,528] {spark_submit.py:514} INFO - at io.netty.channel.AbstractChannelHandlerContext.invokeChannelRead(AbstractChannelHandlerContext.java:365)
[2021-12-29 15:56:17,540] {spark_submit.py:514} INFO - at io.netty.channel.AbstractChannelHandlerContext.fireChannelRead(AbstractChannelHandlerContext.java:357)
[2021-12-29 15:56:17,543] {spark_submit.py:514} INFO - at io.netty.handler.timeout.IdleStateHandler.channelRead(IdleStateHandler.java:286)
[2021-12-29 15:56:17,551] {spark_submit.py:514} INFO - at io.netty.channel.AbstractChannelHandlerContext.invokeChannelRead(AbstractChannelHandlerContext.java:379)
[2021-12-29 15:56:17,573] {spark_submit.py:514} INFO - at io.netty.channel.AbstractChannelHandlerContext.invokeChannelRead(AbstractChannelHandlerContext.java:365)
[2021-12-29 15:56:17,577] {spark_submit.py:514} INFO - at io.netty.channel.AbstractChannelHandlerContext.fireChannelRead(AbstractChannelHandlerContext.java:357)
[2021-12-29 15:56:17,583] {spark_submit.py:514} INFO - at io.netty.handler.codec.MessageToMessageDecoder.channelRead(MessageToMessageDecoder.java:103)
[2021-12-29 15:56:17,591] {spark_submit.py:514} INFO - at io.netty.channel.AbstractChannelHandlerContext.invokeChannelRead(AbstractChannelHandlerContext.java:379)
[2021-12-29 15:56:17,594] {spark_submit.py:514} INFO - at io.netty.channel.AbstractChannelHandlerContext.invokeChannelRead(AbstractChannelHandlerContext.java:365)
[2021-12-29 15:56:17,604] {spark_submit.py:514} INFO - at io.netty.channel.AbstractChannelHandlerContext.fireChannelRead(AbstractChannelHandlerContext.java:357)
[2021-12-29 15:56:17,619] {spark_submit.py:514} INFO - at org.apache.spark.network.util.TransportFrameDecoder.channelRead(TransportFrameDecoder.java:102)
[2021-12-29 15:56:17,624] {spark_submit.py:514} INFO - at io.netty.channel.AbstractChannelHandlerContext.invokeChannelRead(AbstractChannelHandlerContext.java:379)
[2021-12-29 15:56:17,626] {spark_submit.py:514} INFO - at io.netty.channel.AbstractChannelHandlerContext.invokeChannelRead(AbstractChannelHandlerContext.java:365)
[2021-12-29 15:56:17,628] {spark_submit.py:514} INFO - at io.netty.channel.AbstractChannelHandlerContext.fireChannelRead(AbstractChannelHandlerContext.java:357)
[2021-12-29 15:56:17,631] {spark_submit.py:514} INFO - at io.netty.channel.DefaultChannelPipeline$HeadContext.channelRead(DefaultChannelPipeline.java:1410)
[2021-12-29 15:56:17,634] {spark_submit.py:514} INFO - at io.netty.channel.AbstractChannelHandlerContext.invokeChannelRead(AbstractChannelHandlerContext.java:379)
[2021-12-29 15:56:17,637] {spark_submit.py:514} INFO - at io.netty.channel.AbstractChannelHandlerContext.invokeChannelRead(AbstractChannelHandlerContext.java:365)
[2021-12-29 15:56:17,639] {spark_submit.py:514} INFO - at io.netty.channel.DefaultChannelPipeline.fireChannelRead(DefaultChannelPipeline.java:919)
[2021-12-29 15:56:17,643] {spark_submit.py:514} INFO - at io.netty.channel.nio.AbstractNioByteChannel$NioByteUnsafe.read(AbstractNioByteChannel.java:166)
[2021-12-29 15:56:17,645] {spark_submit.py:514} INFO - at io.netty.channel.nio.NioEventLoop.processSelectedKey(NioEventLoop.java:719)
[2021-12-29 15:56:17,652] {spark_submit.py:514} INFO - at io.netty.channel.nio.NioEventLoop.processSelectedKeysOptimized(NioEventLoop.java:655)
[2021-12-29 15:56:17,656] {spark_submit.py:514} INFO - at io.netty.channel.nio.NioEventLoop.processSelectedKeys(NioEventLoop.java:581)
[2021-12-29 15:56:17,668] {spark_submit.py:514} INFO - at io.netty.channel.nio.NioEventLoop.run(NioEventLoop.java:493)
[2021-12-29 15:56:17,676] {spark_submit.py:514} INFO - at io.netty.util.concurrent.SingleThreadEventExecutor$4.run(SingleThreadEventExecutor.java:986)
[2021-12-29 15:56:17,683] {spark_submit.py:514} INFO - at io.netty.util.internal.ThreadExecutorMap$2.run(ThreadExecutorMap.java:74)
[2021-12-29 15:56:17,694] {spark_submit.py:514} INFO - at io.netty.util.concurrent.FastThreadLocalRunnable.run(FastThreadLocalRunnable.java:30)
[2021-12-29 15:56:17,714] {spark_submit.py:514} INFO - at java.base/java.lang.Thread.run(Thread.java:829)
[2021-12-29 15:56:17,721] {spark_submit.py:514} INFO - 21/12/29 15:56:16 INFO MapOutputTrackerMasterEndpoint: MapOutputTrackerMasterEndpoint stopped!
[2021-12-29 15:56:17,730] {spark_submit.py:514} INFO - 21/12/29 15:56:17 INFO MemoryStore: MemoryStore cleared
[2021-12-29 15:56:17,734] {spark_submit.py:514} INFO - 21/12/29 15:56:17 INFO BlockManager: BlockManager stopped
[2021-12-29 15:56:17,742] {spark_submit.py:514} INFO - 21/12/29 15:56:17 INFO BlockManagerMaster: BlockManagerMaster stopped
[2021-12-29 15:56:17,749] {spark_submit.py:514} INFO - 21/12/29 15:56:17 INFO OutputCommitCoordinator$OutputCommitCoordinatorEndpoint: OutputCommitCoordinator stopped!
[2021-12-29 15:56:17,881] {spark_submit.py:514} INFO - 21/12/29 15:56:17 INFO SparkContext: Successfully stopped SparkContext
[2021-12-29 15:56:17,883] {spark_submit.py:514} INFO - 21/12/29 15:56:17 INFO ShutdownHookManager: Shutdown hook called
[2021-12-29 15:56:17,884] {spark_submit.py:514} INFO - 21/12/29 15:56:17 INFO ShutdownHookManager: Deleting directory /tmp/spark-ddc3551d-a3a6-45a8-b1ae-4f0e62de14de
[2021-12-29 15:56:17,912] {spark_submit.py:514} INFO - 21/12/29 15:56:17 INFO ShutdownHookManager: Deleting directory /tmp/spark-71e0967a-ccc5-4976-9fe5-eba8cc1f62a8
[2021-12-29 15:56:17,946] {spark_submit.py:514} INFO - 21/12/29 15:56:17 INFO ShutdownHookManager: Deleting directory /tmp/spark-71e0967a-ccc5-4976-9fe5-eba8cc1f62a8/pyspark-e9845d8b-ac49-4403-ae0e-b195616eeed6
[2021-12-29 15:56:18,419] {taskinstance.py:1280} INFO - Marking task as SUCCESS. dag_id=scraping_daft_monaghan, task_id=persist_data, execution_date=20211228T103000, start_date=20211229T155514, end_date=20211229T155618
[2021-12-29 15:56:18,602] {local_task_job.py:154} INFO - Task exited with return code 0
[2021-12-29 15:56:19,581] {local_task_job.py:264} INFO - 0 downstream tasks scheduled from follow-on schedule check
