[2021-12-13 16:17:06,124] {taskinstance.py:1035} INFO - Dependencies all met for <TaskInstance: scraping_daft_kilkenny.persist_data scheduled__2021-12-12T02:30:00+00:00 [queued]>
[2021-12-13 16:17:06,170] {taskinstance.py:1035} INFO - Dependencies all met for <TaskInstance: scraping_daft_kilkenny.persist_data scheduled__2021-12-12T02:30:00+00:00 [queued]>
[2021-12-13 16:17:06,175] {taskinstance.py:1241} INFO - 
--------------------------------------------------------------------------------
[2021-12-13 16:17:06,176] {taskinstance.py:1242} INFO - Starting attempt 3 of 4
[2021-12-13 16:17:06,177] {taskinstance.py:1243} INFO - 
--------------------------------------------------------------------------------
[2021-12-13 16:17:06,202] {taskinstance.py:1262} INFO - Executing <Task(SparkSubmitOperator): persist_data> on 2021-12-12 02:30:00+00:00
[2021-12-13 16:17:06,218] {standard_task_runner.py:76} INFO - Running: ['***', 'tasks', 'run', 'scraping_daft_kilkenny', 'persist_data', 'scheduled__2021-12-12T02:30:00+00:00', '--job-id', '1808', '--raw', '--subdir', 'DAGS_FOLDER/scraping_daft_kilkenny.py', '--cfg-path', '/tmp/tmp77ey_eb2', '--error-file', '/tmp/tmp10x2mxca']
[2021-12-13 16:17:06,220] {standard_task_runner.py:77} INFO - Job 1808: Subtask persist_data
[2021-12-13 16:17:06,210] {standard_task_runner.py:52} INFO - Started process 6357 to run task
[2021-12-13 16:17:06,394] {logging_mixin.py:109} INFO - Running <TaskInstance: scraping_daft_kilkenny.persist_data scheduled__2021-12-12T02:30:00+00:00 [running]> on host c81f81825bc0
[2021-12-13 16:17:06,592] {taskinstance.py:1429} INFO - Exporting the following env vars:
AIRFLOW_CTX_DAG_EMAIL=clement.liscoet@gmail.com
AIRFLOW_CTX_DAG_OWNER=clemoni
AIRFLOW_CTX_DAG_ID=scraping_daft_kilkenny
AIRFLOW_CTX_TASK_ID=persist_data
AIRFLOW_CTX_EXECUTION_DATE=2021-12-12T02:30:00+00:00
AIRFLOW_CTX_DAG_RUN_ID=scheduled__2021-12-12T02:30:00+00:00
[2021-12-13 16:17:06,627] {base.py:79} INFO - Using connection to: id: spark_default. Host: spark://spark:7077, Port: None, Schema: , Login: ***, Password: ***, extra: {}
[2021-12-13 16:17:06,630] {spark_submit.py:360} INFO - Spark-Submit cmd: spark-submit --master spark://spark:7077 --conf spark.master=spark://spark:7077 --name persist data --verbose /opt/***/jobs/persist_db.py kilkenny
[2021-12-13 16:17:09,381] {spark_submit.py:514} INFO - Using properties file: null
[2021-12-13 16:17:09,717] {spark_submit.py:514} INFO - WARNING: An illegal reflective access operation has occurred
[2021-12-13 16:17:09,718] {spark_submit.py:514} INFO - WARNING: Illegal reflective access by org.apache.spark.unsafe.Platform (file:/home/***/.local/lib/python3.6/site-packages/pyspark/jars/spark-unsafe_2.12-3.2.0.jar) to constructor java.nio.DirectByteBuffer(long,int)
[2021-12-13 16:17:09,719] {spark_submit.py:514} INFO - WARNING: Please consider reporting this to the maintainers of org.apache.spark.unsafe.Platform
[2021-12-13 16:17:09,720] {spark_submit.py:514} INFO - WARNING: Use --illegal-access=warn to enable warnings of further illegal reflective access operations
[2021-12-13 16:17:09,721] {spark_submit.py:514} INFO - WARNING: All illegal access operations will be denied in a future release
[2021-12-13 16:17:09,878] {spark_submit.py:514} INFO - Parsed arguments:
[2021-12-13 16:17:09,880] {spark_submit.py:514} INFO - master                  spark://spark:7077
[2021-12-13 16:17:09,881] {spark_submit.py:514} INFO - deployMode              null
[2021-12-13 16:17:09,884] {spark_submit.py:514} INFO - executorMemory          null
[2021-12-13 16:17:09,888] {spark_submit.py:514} INFO - executorCores           null
[2021-12-13 16:17:09,890] {spark_submit.py:514} INFO - totalExecutorCores      null
[2021-12-13 16:17:09,891] {spark_submit.py:514} INFO - propertiesFile          null
[2021-12-13 16:17:09,892] {spark_submit.py:514} INFO - driverMemory            null
[2021-12-13 16:17:09,896] {spark_submit.py:514} INFO - driverCores             null
[2021-12-13 16:17:09,897] {spark_submit.py:514} INFO - driverExtraClassPath    null
[2021-12-13 16:17:09,898] {spark_submit.py:514} INFO - driverExtraLibraryPath  null
[2021-12-13 16:17:09,900] {spark_submit.py:514} INFO - driverExtraJavaOptions  null
[2021-12-13 16:17:09,901] {spark_submit.py:514} INFO - supervise               false
[2021-12-13 16:17:09,902] {spark_submit.py:514} INFO - queue                   null
[2021-12-13 16:17:09,903] {spark_submit.py:514} INFO - numExecutors            null
[2021-12-13 16:17:09,904] {spark_submit.py:514} INFO - files                   null
[2021-12-13 16:17:09,906] {spark_submit.py:514} INFO - pyFiles                 null
[2021-12-13 16:17:09,907] {spark_submit.py:514} INFO - archives                null
[2021-12-13 16:17:09,908] {spark_submit.py:514} INFO - mainClass               null
[2021-12-13 16:17:09,909] {spark_submit.py:514} INFO - primaryResource         file:/opt/***/jobs/persist_db.py
[2021-12-13 16:17:09,910] {spark_submit.py:514} INFO - name                    persist data
[2021-12-13 16:17:09,910] {spark_submit.py:514} INFO - childArgs               [kilkenny]
[2021-12-13 16:17:09,911] {spark_submit.py:514} INFO - jars                    null
[2021-12-13 16:17:09,912] {spark_submit.py:514} INFO - packages                null
[2021-12-13 16:17:09,914] {spark_submit.py:514} INFO - packagesExclusions      null
[2021-12-13 16:17:09,915] {spark_submit.py:514} INFO - repositories            null
[2021-12-13 16:17:09,916] {spark_submit.py:514} INFO - verbose                 true
[2021-12-13 16:17:09,917] {spark_submit.py:514} INFO - 
[2021-12-13 16:17:09,917] {spark_submit.py:514} INFO - Spark properties used, including those specified through
[2021-12-13 16:17:09,918] {spark_submit.py:514} INFO - --conf and those from the properties file null:
[2021-12-13 16:17:09,919] {spark_submit.py:514} INFO - (spark.master,spark://spark:7077)
[2021-12-13 16:17:09,921] {spark_submit.py:514} INFO - 
[2021-12-13 16:17:09,922] {spark_submit.py:514} INFO - 
[2021-12-13 16:17:10,434] {spark_submit.py:514} INFO - Main class:
[2021-12-13 16:17:10,435] {spark_submit.py:514} INFO - org.apache.spark.deploy.PythonRunner
[2021-12-13 16:17:10,436] {spark_submit.py:514} INFO - Arguments:
[2021-12-13 16:17:10,436] {spark_submit.py:514} INFO - file:/opt/***/jobs/persist_db.py
[2021-12-13 16:17:10,437] {spark_submit.py:514} INFO - null
[2021-12-13 16:17:10,438] {spark_submit.py:514} INFO - kilkenny
[2021-12-13 16:17:10,439] {spark_submit.py:514} INFO - --verbose
[2021-12-13 16:17:10,443] {spark_submit.py:514} INFO - Spark config:
[2021-12-13 16:17:10,444] {spark_submit.py:514} INFO - (spark.master,spark://spark:7077)
[2021-12-13 16:17:10,445] {spark_submit.py:514} INFO - (spark.app.name,persist data)
[2021-12-13 16:17:10,446] {spark_submit.py:514} INFO - (spark.submit.pyFiles,)
[2021-12-13 16:17:10,447] {spark_submit.py:514} INFO - (spark.submit.deployMode,client)
[2021-12-13 16:17:10,448] {spark_submit.py:514} INFO - Classpath elements:
[2021-12-13 16:17:10,449] {spark_submit.py:514} INFO - 
[2021-12-13 16:17:10,450] {spark_submit.py:514} INFO - 
[2021-12-13 16:17:10,451] {spark_submit.py:514} INFO - 
[2021-12-13 16:17:13,432] {spark_submit.py:514} INFO - Using Spark's default log4j profile: org/apache/spark/log4j-defaults.properties
[2021-12-13 16:17:13,491] {spark_submit.py:514} INFO - 21/12/13 16:17:13 INFO SparkContext: Running Spark version 3.2.0
[2021-12-13 16:17:13,676] {spark_submit.py:514} INFO - 21/12/13 16:17:13 WARN NativeCodeLoader: Unable to load native-hadoop library for your platform... using builtin-java classes where applicable
[2021-12-13 16:17:14,203] {spark_submit.py:514} INFO - 21/12/13 16:17:14 INFO ResourceUtils: ==============================================================
[2021-12-13 16:17:14,206] {spark_submit.py:514} INFO - 21/12/13 16:17:14 INFO ResourceUtils: No custom resources configured for spark.driver.
[2021-12-13 16:17:14,212] {spark_submit.py:514} INFO - 21/12/13 16:17:14 INFO ResourceUtils: ==============================================================
[2021-12-13 16:17:14,214] {spark_submit.py:514} INFO - 21/12/13 16:17:14 INFO SparkContext: Submitted application: Persist DB
[2021-12-13 16:17:14,282] {spark_submit.py:514} INFO - 21/12/13 16:17:14 INFO ResourceProfile: Default ResourceProfile created, executor resources: Map(cores -> name: cores, amount: 1, script: , vendor: , memory -> name: memory, amount: 1024, script: , vendor: , offHeap -> name: offHeap, amount: 0, script: , vendor: ), task resources: Map(cpus -> name: cpus, amount: 1.0)
[2021-12-13 16:17:14,371] {spark_submit.py:514} INFO - 21/12/13 16:17:14 INFO ResourceProfile: Limiting resource is cpu
[2021-12-13 16:17:14,373] {spark_submit.py:514} INFO - 21/12/13 16:17:14 INFO ResourceProfileManager: Added ResourceProfile id: 0
[2021-12-13 16:17:14,666] {spark_submit.py:514} INFO - 21/12/13 16:17:14 INFO SecurityManager: Changing view acls to: ***
[2021-12-13 16:17:14,667] {spark_submit.py:514} INFO - 21/12/13 16:17:14 INFO SecurityManager: Changing modify acls to: ***
[2021-12-13 16:17:14,668] {spark_submit.py:514} INFO - 21/12/13 16:17:14 INFO SecurityManager: Changing view acls groups to:
[2021-12-13 16:17:14,669] {spark_submit.py:514} INFO - 21/12/13 16:17:14 INFO SecurityManager: Changing modify acls groups to:
[2021-12-13 16:17:14,683] {spark_submit.py:514} INFO - 21/12/13 16:17:14 INFO SecurityManager: SecurityManager: authentication disabled; ui acls disabled; users  with view permissions: Set(***); groups with view permissions: Set(); users  with modify permissions: Set(***); groups with modify permissions: Set()
[2021-12-13 16:17:16,405] {spark_submit.py:514} INFO - 21/12/13 16:17:16 INFO Utils: Successfully started service 'sparkDriver' on port 39219.
[2021-12-13 16:17:16,678] {spark_submit.py:514} INFO - 21/12/13 16:17:16 INFO SparkEnv: Registering MapOutputTracker
[2021-12-13 16:17:16,952] {spark_submit.py:514} INFO - 21/12/13 16:17:16 INFO SparkEnv: Registering BlockManagerMaster
[2021-12-13 16:17:17,041] {spark_submit.py:514} INFO - 21/12/13 16:17:17 INFO BlockManagerMasterEndpoint: Using org.apache.spark.storage.DefaultTopologyMapper for getting topology information
[2021-12-13 16:17:17,043] {spark_submit.py:514} INFO - 21/12/13 16:17:17 INFO BlockManagerMasterEndpoint: BlockManagerMasterEndpoint up
[2021-12-13 16:17:17,063] {spark_submit.py:514} INFO - 21/12/13 16:17:17 INFO SparkEnv: Registering BlockManagerMasterHeartbeat
[2021-12-13 16:17:17,252] {spark_submit.py:514} INFO - 21/12/13 16:17:17 INFO DiskBlockManager: Created local directory at /tmp/blockmgr-6a1c7f9f-4acc-42d9-9061-dc8c2d20c194
[2021-12-13 16:17:17,457] {spark_submit.py:514} INFO - 21/12/13 16:17:17 INFO MemoryStore: MemoryStore started with capacity 434.4 MiB
[2021-12-13 16:17:17,711] {spark_submit.py:514} INFO - 21/12/13 16:17:17 INFO SparkEnv: Registering OutputCommitCoordinator
[2021-12-13 16:17:19,555] {spark_submit.py:514} INFO - 21/12/13 16:17:19 WARN Utils: Service 'SparkUI' could not bind on port 4040. Attempting port 4041.
[2021-12-13 16:17:19,558] {spark_submit.py:514} INFO - 21/12/13 16:17:19 WARN Utils: Service 'SparkUI' could not bind on port 4041. Attempting port 4042.
[2021-12-13 16:17:19,591] {spark_submit.py:514} INFO - 21/12/13 16:17:19 INFO Utils: Successfully started service 'SparkUI' on port 4042.
[2021-12-13 16:17:19,934] {spark_submit.py:514} INFO - 21/12/13 16:17:19 INFO SparkUI: Bound SparkUI to 0.0.0.0, and started at http://c81f81825bc0:4042
[2021-12-13 16:17:21,450] {spark_submit.py:514} INFO - 21/12/13 16:17:21 INFO StandaloneAppClient$ClientEndpoint: Connecting to master spark://spark:7077...
[2021-12-13 16:17:22,038] {spark_submit.py:514} INFO - 21/12/13 16:17:22 INFO TransportClientFactory: Successfully created connection to spark/172.20.0.4:7077 after 240 ms (0 ms spent in bootstraps)
[2021-12-13 16:17:22,884] {spark_submit.py:514} INFO - 21/12/13 16:17:22 INFO StandaloneSchedulerBackend: Connected to Spark cluster with app ID app-20211213161722-0034
[2021-12-13 16:17:22,908] {spark_submit.py:514} INFO - 21/12/13 16:17:22 INFO Utils: Successfully started service 'org.apache.spark.network.netty.NettyBlockTransferService' on port 39069.
[2021-12-13 16:17:22,909] {spark_submit.py:514} INFO - 21/12/13 16:17:22 INFO NettyBlockTransferService: Server created on c81f81825bc0:39069
[2021-12-13 16:17:22,911] {spark_submit.py:514} INFO - 21/12/13 16:17:22 INFO BlockManager: Using org.apache.spark.storage.RandomBlockReplicationPolicy for block replication policy
[2021-12-13 16:17:22,919] {spark_submit.py:514} INFO - 21/12/13 16:17:22 INFO BlockManagerMaster: Registering BlockManager BlockManagerId(driver, c81f81825bc0, 39069, None)
[2021-12-13 16:17:22,956] {spark_submit.py:514} INFO - 21/12/13 16:17:22 INFO BlockManagerMasterEndpoint: Registering block manager c81f81825bc0:39069 with 434.4 MiB RAM, BlockManagerId(driver, c81f81825bc0, 39069, None)
[2021-12-13 16:17:22,959] {spark_submit.py:514} INFO - 21/12/13 16:17:22 INFO BlockManagerMaster: Registered BlockManager BlockManagerId(driver, c81f81825bc0, 39069, None)
[2021-12-13 16:17:22,962] {spark_submit.py:514} INFO - 21/12/13 16:17:22 INFO BlockManager: Initialized BlockManager: BlockManagerId(driver, c81f81825bc0, 39069, None)
[2021-12-13 16:17:24,533] {spark_submit.py:514} INFO - 21/12/13 16:17:24 INFO StandaloneSchedulerBackend: SchedulerBackend is ready for scheduling beginning after reached minRegisteredResourcesRatio: 0.0
[2021-12-13 16:17:24,783] {spark_submit.py:514} INFO - /home/***/.local/lib/python3.6/site-packages/pyspark/python/lib/pyspark.zip/pyspark/context.py:238: FutureWarning: Python 3.6 support is deprecated in Spark 3.2.
[2021-12-13 16:17:24,788] {spark_submit.py:514} INFO - FutureWarning
[2021-12-13 16:17:26,270] {spark_submit.py:514} INFO - 21/12/13 16:17:26 INFO SharedState: Setting hive.metastore.warehouse.dir ('null') to the value of spark.sql.warehouse.dir.
[2021-12-13 16:17:26,433] {spark_submit.py:514} INFO - 21/12/13 16:17:26 INFO SharedState: Warehouse path is 'file:/opt/***/spark-warehouse'.
[2021-12-13 16:17:30,262] {spark_submit.py:514} INFO - Traceback (most recent call last):
[2021-12-13 16:17:30,263] {spark_submit.py:514} INFO - File "/opt/***/jobs/persist_db.py", line 65, in <module>
[2021-12-13 16:17:30,265] {spark_submit.py:514} INFO - new_ads_ids = set([ad['advert_id']for ad in new_ads])
[2021-12-13 16:17:30,266] {spark_submit.py:514} INFO - File "/opt/***/jobs/persist_db.py", line 65, in <listcomp>
[2021-12-13 16:17:30,267] {spark_submit.py:514} INFO - new_ads_ids = set([ad['advert_id']for ad in new_ads])
[2021-12-13 16:17:30,267] {spark_submit.py:514} INFO - TypeError: string indices must be integers
[2021-12-13 16:17:30,643] {spark_submit.py:514} INFO - 21/12/13 16:17:30 INFO SparkContext: Invoking stop() from shutdown hook
[2021-12-13 16:17:30,676] {spark_submit.py:514} INFO - 21/12/13 16:17:30 INFO SparkUI: Stopped Spark web UI at http://c81f81825bc0:4042
[2021-12-13 16:17:30,687] {spark_submit.py:514} INFO - 21/12/13 16:17:30 INFO StandaloneSchedulerBackend: Shutting down all executors
[2021-12-13 16:17:30,708] {spark_submit.py:514} INFO - 21/12/13 16:17:30 INFO CoarseGrainedSchedulerBackend$DriverEndpoint: Asking each executor to shut down
[2021-12-13 16:17:30,751] {spark_submit.py:514} INFO - 21/12/13 16:17:30 INFO MapOutputTrackerMasterEndpoint: MapOutputTrackerMasterEndpoint stopped!
[2021-12-13 16:17:30,882] {spark_submit.py:514} INFO - 21/12/13 16:17:30 INFO MemoryStore: MemoryStore cleared
[2021-12-13 16:17:30,868] {spark_submit.py:514} INFO - 21/12/13 16:17:30 INFO BlockManager: BlockManager stopped
[2021-12-13 16:17:30,885] {spark_submit.py:514} INFO - 21/12/13 16:17:30 INFO BlockManagerMaster: BlockManagerMaster stopped
[2021-12-13 16:17:30,890] {spark_submit.py:514} INFO - 21/12/13 16:17:30 INFO OutputCommitCoordinator$OutputCommitCoordinatorEndpoint: OutputCommitCoordinator stopped!
[2021-12-13 16:17:31,135] {spark_submit.py:514} INFO - 21/12/13 16:17:31 INFO SparkContext: Successfully stopped SparkContext
[2021-12-13 16:17:31,141] {spark_submit.py:514} INFO - 21/12/13 16:17:31 INFO ShutdownHookManager: Shutdown hook called
[2021-12-13 16:17:31,142] {spark_submit.py:514} INFO - 21/12/13 16:17:31 INFO ShutdownHookManager: Deleting directory /tmp/spark-f3334063-ab4a-4da2-8a58-f9dd600afd4c
[2021-12-13 16:17:31,151] {spark_submit.py:514} INFO - 21/12/13 16:17:31 INFO ShutdownHookManager: Deleting directory /tmp/spark-f3334063-ab4a-4da2-8a58-f9dd600afd4c/pyspark-fb6b4427-6298-4827-a6bd-636c2c96fe35
[2021-12-13 16:17:31,179] {spark_submit.py:514} INFO - 21/12/13 16:17:31 INFO ShutdownHookManager: Deleting directory /tmp/spark-25b218d0-3be0-4ada-8edb-023ef678edf9
[2021-12-13 16:17:31,416] {taskinstance.py:1703} ERROR - Task failed with exception
Traceback (most recent call last):
  File "/home/airflow/.local/lib/python3.6/site-packages/airflow/models/taskinstance.py", line 1332, in _run_raw_task
    self._execute_task_with_callbacks(context)
  File "/home/airflow/.local/lib/python3.6/site-packages/airflow/models/taskinstance.py", line 1458, in _execute_task_with_callbacks
    result = self._execute_task(context, self.task)
  File "/home/airflow/.local/lib/python3.6/site-packages/airflow/models/taskinstance.py", line 1514, in _execute_task
    result = execute_callable(context=context)
  File "/home/airflow/.local/lib/python3.6/site-packages/airflow/providers/apache/spark/operators/spark_submit.py", line 179, in execute
    self._hook.submit(self._application)
  File "/home/airflow/.local/lib/python3.6/site-packages/airflow/providers/apache/spark/hooks/spark_submit.py", line 446, in submit
    f"Cannot execute: {self._mask_cmd(spark_submit_cmd)}. Error code is: {returncode}."
airflow.exceptions.AirflowException: Cannot execute: spark-submit --master spark://spark:7077 --conf spark.master=spark://spark:7077 --name persist data --verbose /opt/***/jobs/persist_db.py kilkenny. Error code is: 1.
[2021-12-13 16:17:31,435] {taskinstance.py:1280} INFO - Marking task as UP_FOR_RETRY. dag_id=scraping_daft_kilkenny, task_id=persist_data, execution_date=20211212T023000, start_date=20211213T161706, end_date=20211213T161731
[2021-12-13 16:17:31,480] {standard_task_runner.py:91} ERROR - Failed to execute job 1808 for task persist_data
Traceback (most recent call last):
  File "/home/airflow/.local/lib/python3.6/site-packages/airflow/task/task_runner/standard_task_runner.py", line 85, in _start_by_fork
    args.func(args, dag=self.dag)
  File "/home/airflow/.local/lib/python3.6/site-packages/airflow/cli/cli_parser.py", line 48, in command
    return func(*args, **kwargs)
  File "/home/airflow/.local/lib/python3.6/site-packages/airflow/utils/cli.py", line 92, in wrapper
    return f(*args, **kwargs)
  File "/home/airflow/.local/lib/python3.6/site-packages/airflow/cli/commands/task_command.py", line 292, in task_run
    _run_task_by_selected_method(args, dag, ti)
  File "/home/airflow/.local/lib/python3.6/site-packages/airflow/cli/commands/task_command.py", line 107, in _run_task_by_selected_method
    _run_raw_task(args, ti)
  File "/home/airflow/.local/lib/python3.6/site-packages/airflow/cli/commands/task_command.py", line 184, in _run_raw_task
    error_file=args.error_file,
  File "/home/airflow/.local/lib/python3.6/site-packages/airflow/utils/session.py", line 70, in wrapper
    return func(*args, session=session, **kwargs)
  File "/home/airflow/.local/lib/python3.6/site-packages/airflow/models/taskinstance.py", line 1332, in _run_raw_task
    self._execute_task_with_callbacks(context)
  File "/home/airflow/.local/lib/python3.6/site-packages/airflow/models/taskinstance.py", line 1458, in _execute_task_with_callbacks
    result = self._execute_task(context, self.task)
  File "/home/airflow/.local/lib/python3.6/site-packages/airflow/models/taskinstance.py", line 1514, in _execute_task
    result = execute_callable(context=context)
  File "/home/airflow/.local/lib/python3.6/site-packages/airflow/providers/apache/spark/operators/spark_submit.py", line 179, in execute
    self._hook.submit(self._application)
  File "/home/airflow/.local/lib/python3.6/site-packages/airflow/providers/apache/spark/hooks/spark_submit.py", line 446, in submit
    f"Cannot execute: {self._mask_cmd(spark_submit_cmd)}. Error code is: {returncode}."
airflow.exceptions.AirflowException: Cannot execute: spark-submit --master spark://spark:7077 --conf spark.master=spark://spark:7077 --name persist data --verbose /opt/***/jobs/persist_db.py kilkenny. Error code is: 1.
[2021-12-13 16:17:31,556] {local_task_job.py:154} INFO - Task exited with return code 1
[2021-12-13 16:17:31,680] {local_task_job.py:264} INFO - 0 downstream tasks scheduled from follow-on schedule check
