[2021-12-23 11:17:02,025] {taskinstance.py:1035} INFO - Dependencies all met for <TaskInstance: scraping_daft_dublin.run_init_county scheduled__2021-12-22T09:30:00+00:00 [queued]>
[2021-12-23 11:17:02,321] {taskinstance.py:1035} INFO - Dependencies all met for <TaskInstance: scraping_daft_dublin.run_init_county scheduled__2021-12-22T09:30:00+00:00 [queued]>
[2021-12-23 11:17:02,328] {taskinstance.py:1241} INFO - 
--------------------------------------------------------------------------------
[2021-12-23 11:17:02,335] {taskinstance.py:1242} INFO - Starting attempt 1 of 4
[2021-12-23 11:17:02,349] {taskinstance.py:1243} INFO - 
--------------------------------------------------------------------------------
[2021-12-23 11:17:02,592] {taskinstance.py:1262} INFO - Executing <Task(_PythonDecoratedOperator): run_init_county> on 2021-12-22 09:30:00+00:00
[2021-12-23 11:17:02,712] {standard_task_runner.py:76} INFO - Running: ['***', 'tasks', 'run', 'scraping_daft_dublin', 'run_init_county', 'scheduled__2021-12-22T09:30:00+00:00', '--job-id', '3979', '--raw', '--subdir', 'DAGS_FOLDER/scraping_daft_dublin.py', '--cfg-path', '/tmp/tmplaqs5yu0', '--error-file', '/tmp/tmpkssuc7ra']
[2021-12-23 11:17:02,756] {standard_task_runner.py:77} INFO - Job 3979: Subtask run_init_county
[2021-12-23 11:17:02,643] {standard_task_runner.py:52} INFO - Started process 27604 to run task
[2021-12-23 11:17:04,351] {logging_mixin.py:109} INFO - Running <TaskInstance: scraping_daft_dublin.run_init_county scheduled__2021-12-22T09:30:00+00:00 [running]> on host bb1be648e8f2
[2021-12-23 11:17:06,227] {taskinstance.py:1429} INFO - Exporting the following env vars:
AIRFLOW_CTX_DAG_EMAIL=clement.liscoet@gmail.com
AIRFLOW_CTX_DAG_OWNER=clemoni
AIRFLOW_CTX_DAG_ID=scraping_daft_dublin
AIRFLOW_CTX_TASK_ID=run_init_county
AIRFLOW_CTX_EXECUTION_DATE=2021-12-22T09:30:00+00:00
AIRFLOW_CTX_DAG_RUN_ID=scheduled__2021-12-22T09:30:00+00:00
[2021-12-23 11:17:06,587] {python.py:152} INFO - Done. Returned value was: None
[2021-12-23 11:17:08,013] {taskinstance.py:1280} INFO - Marking task as SUCCESS. dag_id=scraping_daft_dublin, task_id=run_init_county, execution_date=20211222T093000, start_date=20211223T111702, end_date=20211223T111708
[2021-12-23 11:17:09,917] {local_task_job.py:154} INFO - Task exited with return code 0
[2021-12-23 11:17:15,005] {local_task_job.py:264} INFO - 1 downstream tasks scheduled from follow-on schedule check
