[2021-12-20 11:45:21,098] {taskinstance.py:1035} INFO - Dependencies all met for <TaskInstance: scraping_daft_tipperary.remove_file scheduled__2021-12-19T10:50:00+00:00 [queued]>
[2021-12-20 11:45:21,136] {taskinstance.py:1035} INFO - Dependencies all met for <TaskInstance: scraping_daft_tipperary.remove_file scheduled__2021-12-19T10:50:00+00:00 [queued]>
[2021-12-20 11:45:21,137] {taskinstance.py:1241} INFO - 
--------------------------------------------------------------------------------
[2021-12-20 11:45:21,138] {taskinstance.py:1242} INFO - Starting attempt 1 of 4
[2021-12-20 11:45:21,139] {taskinstance.py:1243} INFO - 
--------------------------------------------------------------------------------
[2021-12-20 11:45:21,180] {taskinstance.py:1262} INFO - Executing <Task(SparkSubmitOperator): remove_file> on 2021-12-19 10:50:00+00:00
[2021-12-20 11:45:21,198] {standard_task_runner.py:52} INFO - Started process 8461 to run task
[2021-12-20 11:45:21,217] {standard_task_runner.py:76} INFO - Running: ['***', 'tasks', 'run', 'scraping_daft_tipperary', 'remove_file', 'scheduled__2021-12-19T10:50:00+00:00', '--job-id', '3556', '--raw', '--subdir', 'DAGS_FOLDER/scraping_daft_tipperary.py', '--cfg-path', '/tmp/tmp47hgsath', '--error-file', '/tmp/tmp4444r5gn']
[2021-12-20 11:45:21,224] {standard_task_runner.py:77} INFO - Job 3556: Subtask remove_file
[2021-12-20 11:45:21,527] {logging_mixin.py:109} INFO - Running <TaskInstance: scraping_daft_tipperary.remove_file scheduled__2021-12-19T10:50:00+00:00 [running]> on host 66e45e757599
[2021-12-20 11:45:21,870] {taskinstance.py:1429} INFO - Exporting the following env vars:
AIRFLOW_CTX_DAG_EMAIL=clement.liscoet@gmail.com
AIRFLOW_CTX_DAG_OWNER=clemoni
AIRFLOW_CTX_DAG_ID=scraping_daft_tipperary
AIRFLOW_CTX_TASK_ID=remove_file
AIRFLOW_CTX_EXECUTION_DATE=2021-12-19T10:50:00+00:00
AIRFLOW_CTX_DAG_RUN_ID=scheduled__2021-12-19T10:50:00+00:00
[2021-12-20 11:45:21,915] {base.py:79} INFO - Using connection to: id: spark_default. Host: spark://spark:7077, Port: None, Schema: , Login: ***, Password: ***, extra: {}
[2021-12-20 11:45:21,924] {spark_submit.py:360} INFO - Spark-Submit cmd: spark-submit --master spark://spark:7077 --conf spark.master=spark://spark:7077 --name remove file --verbose /opt/***/jobs/remove_file.py tipperary
[2021-12-20 11:45:26,057] {spark_submit.py:514} INFO - Using properties file: null
[2021-12-20 11:45:26,604] {spark_submit.py:514} INFO - WARNING: An illegal reflective access operation has occurred
[2021-12-20 11:45:26,605] {spark_submit.py:514} INFO - WARNING: Illegal reflective access by org.apache.spark.unsafe.Platform (file:/home/***/.local/lib/python3.6/site-packages/pyspark/jars/spark-unsafe_2.12-3.2.0.jar) to constructor java.nio.DirectByteBuffer(long,int)
[2021-12-20 11:45:26,606] {spark_submit.py:514} INFO - WARNING: Please consider reporting this to the maintainers of org.apache.spark.unsafe.Platform
[2021-12-20 11:45:26,611] {spark_submit.py:514} INFO - WARNING: Use --illegal-access=warn to enable warnings of further illegal reflective access operations
[2021-12-20 11:45:26,612] {spark_submit.py:514} INFO - WARNING: All illegal access operations will be denied in a future release
[2021-12-20 11:45:26,754] {spark_submit.py:514} INFO - Parsed arguments:
[2021-12-20 11:45:26,765] {spark_submit.py:514} INFO - master                  spark://spark:7077
[2021-12-20 11:45:26,766] {spark_submit.py:514} INFO - deployMode              null
[2021-12-20 11:45:26,767] {spark_submit.py:514} INFO - executorMemory          null
[2021-12-20 11:45:26,768] {spark_submit.py:514} INFO - executorCores           null
[2021-12-20 11:45:26,769] {spark_submit.py:514} INFO - totalExecutorCores      null
[2021-12-20 11:45:26,770] {spark_submit.py:514} INFO - propertiesFile          null
[2021-12-20 11:45:26,771] {spark_submit.py:514} INFO - driverMemory            null
[2021-12-20 11:45:26,782] {spark_submit.py:514} INFO - driverCores             null
[2021-12-20 11:45:26,783] {spark_submit.py:514} INFO - driverExtraClassPath    null
[2021-12-20 11:45:26,784] {spark_submit.py:514} INFO - driverExtraLibraryPath  null
[2021-12-20 11:45:26,785] {spark_submit.py:514} INFO - driverExtraJavaOptions  null
[2021-12-20 11:45:26,786] {spark_submit.py:514} INFO - supervise               false
[2021-12-20 11:45:26,788] {spark_submit.py:514} INFO - queue                   null
[2021-12-20 11:45:26,798] {spark_submit.py:514} INFO - numExecutors            null
[2021-12-20 11:45:26,800] {spark_submit.py:514} INFO - files                   null
[2021-12-20 11:45:26,801] {spark_submit.py:514} INFO - pyFiles                 null
[2021-12-20 11:45:26,802] {spark_submit.py:514} INFO - archives                null
[2021-12-20 11:45:26,803] {spark_submit.py:514} INFO - mainClass               null
[2021-12-20 11:45:26,804] {spark_submit.py:514} INFO - primaryResource         file:/opt/***/jobs/remove_file.py
[2021-12-20 11:45:26,805] {spark_submit.py:514} INFO - name                    remove file
[2021-12-20 11:45:26,807] {spark_submit.py:514} INFO - childArgs               [tipperary]
[2021-12-20 11:45:26,808] {spark_submit.py:514} INFO - jars                    null
[2021-12-20 11:45:26,809] {spark_submit.py:514} INFO - packages                null
[2021-12-20 11:45:26,810] {spark_submit.py:514} INFO - packagesExclusions      null
[2021-12-20 11:45:26,812] {spark_submit.py:514} INFO - repositories            null
[2021-12-20 11:45:26,813] {spark_submit.py:514} INFO - verbose                 true
[2021-12-20 11:45:26,820] {spark_submit.py:514} INFO - 
[2021-12-20 11:45:26,821] {spark_submit.py:514} INFO - Spark properties used, including those specified through
[2021-12-20 11:45:26,822] {spark_submit.py:514} INFO - --conf and those from the properties file null:
[2021-12-20 11:45:26,823] {spark_submit.py:514} INFO - (spark.master,spark://spark:7077)
[2021-12-20 11:45:26,825] {spark_submit.py:514} INFO - 
[2021-12-20 11:45:26,826] {spark_submit.py:514} INFO - 
[2021-12-20 11:45:27,948] {spark_submit.py:514} INFO - Main class:
[2021-12-20 11:45:27,956] {spark_submit.py:514} INFO - org.apache.spark.deploy.PythonRunner
[2021-12-20 11:45:27,962] {spark_submit.py:514} INFO - Arguments:
[2021-12-20 11:45:27,965] {spark_submit.py:514} INFO - file:/opt/***/jobs/remove_file.py
[2021-12-20 11:45:27,969] {spark_submit.py:514} INFO - null
[2021-12-20 11:45:27,977] {spark_submit.py:514} INFO - tipperary
[2021-12-20 11:45:27,988] {spark_submit.py:514} INFO - --verbose
[2021-12-20 11:45:28,003] {spark_submit.py:514} INFO - Spark config:
[2021-12-20 11:45:28,010] {spark_submit.py:514} INFO - (spark.app.name,remove file)
[2021-12-20 11:45:28,017] {spark_submit.py:514} INFO - (spark.master,spark://spark:7077)
[2021-12-20 11:45:28,023] {spark_submit.py:514} INFO - (spark.submit.pyFiles,)
[2021-12-20 11:45:28,027] {spark_submit.py:514} INFO - (spark.submit.deployMode,client)
[2021-12-20 11:45:28,041] {spark_submit.py:514} INFO - Classpath elements:
[2021-12-20 11:45:28,046] {spark_submit.py:514} INFO - 
[2021-12-20 11:45:28,049] {spark_submit.py:514} INFO - 
[2021-12-20 11:45:28,051] {spark_submit.py:514} INFO - 
[2021-12-20 11:45:30,867] {spark_submit.py:514} INFO - Using Spark's default log4j profile: org/apache/spark/log4j-defaults.properties
[2021-12-20 11:45:30,922] {spark_submit.py:514} INFO - 21/12/20 11:45:30 INFO SparkContext: Running Spark version 3.2.0
[2021-12-20 11:45:30,995] {spark_submit.py:514} INFO - 21/12/20 11:45:30 WARN NativeCodeLoader: Unable to load native-hadoop library for your platform... using builtin-java classes where applicable
[2021-12-20 11:45:31,132] {spark_submit.py:514} INFO - 21/12/20 11:45:31 INFO ResourceUtils: ==============================================================
[2021-12-20 11:45:31,133] {spark_submit.py:514} INFO - 21/12/20 11:45:31 INFO ResourceUtils: No custom resources configured for spark.driver.
[2021-12-20 11:45:31,134] {spark_submit.py:514} INFO - 21/12/20 11:45:31 INFO ResourceUtils: ==============================================================
[2021-12-20 11:45:31,135] {spark_submit.py:514} INFO - 21/12/20 11:45:31 INFO SparkContext: Submitted application: Remove file
[2021-12-20 11:45:31,161] {spark_submit.py:514} INFO - 21/12/20 11:45:31 INFO ResourceProfile: Default ResourceProfile created, executor resources: Map(cores -> name: cores, amount: 1, script: , vendor: , memory -> name: memory, amount: 1024, script: , vendor: , offHeap -> name: offHeap, amount: 0, script: , vendor: ), task resources: Map(cpus -> name: cpus, amount: 1.0)
[2021-12-20 11:45:31,178] {spark_submit.py:514} INFO - 21/12/20 11:45:31 INFO ResourceProfile: Limiting resource is cpu
[2021-12-20 11:45:31,179] {spark_submit.py:514} INFO - 21/12/20 11:45:31 INFO ResourceProfileManager: Added ResourceProfile id: 0
[2021-12-20 11:45:31,250] {spark_submit.py:514} INFO - 21/12/20 11:45:31 INFO SecurityManager: Changing view acls to: ***
[2021-12-20 11:45:31,251] {spark_submit.py:514} INFO - 21/12/20 11:45:31 INFO SecurityManager: Changing modify acls to: ***
[2021-12-20 11:45:31,263] {spark_submit.py:514} INFO - 21/12/20 11:45:31 INFO SecurityManager: Changing view acls groups to:
[2021-12-20 11:45:31,264] {spark_submit.py:514} INFO - 21/12/20 11:45:31 INFO SecurityManager: Changing modify acls groups to:
[2021-12-20 11:45:31,265] {spark_submit.py:514} INFO - 21/12/20 11:45:31 INFO SecurityManager: SecurityManager: authentication disabled; ui acls disabled; users  with view permissions: Set(***); groups with view permissions: Set(); users  with modify permissions: Set(***); groups with modify permissions: Set()
[2021-12-20 11:45:31,600] {spark_submit.py:514} INFO - 21/12/20 11:45:31 INFO Utils: Successfully started service 'sparkDriver' on port 40593.
[2021-12-20 11:45:31,647] {spark_submit.py:514} INFO - 21/12/20 11:45:31 INFO SparkEnv: Registering MapOutputTracker
[2021-12-20 11:45:31,694] {spark_submit.py:514} INFO - 21/12/20 11:45:31 INFO SparkEnv: Registering BlockManagerMaster
[2021-12-20 11:45:31,712] {spark_submit.py:514} INFO - 21/12/20 11:45:31 INFO BlockManagerMasterEndpoint: Using org.apache.spark.storage.DefaultTopologyMapper for getting topology information
[2021-12-20 11:45:31,713] {spark_submit.py:514} INFO - 21/12/20 11:45:31 INFO BlockManagerMasterEndpoint: BlockManagerMasterEndpoint up
[2021-12-20 11:45:31,721] {spark_submit.py:514} INFO - 21/12/20 11:45:31 INFO SparkEnv: Registering BlockManagerMasterHeartbeat
[2021-12-20 11:45:31,754] {spark_submit.py:514} INFO - 21/12/20 11:45:31 INFO DiskBlockManager: Created local directory at /tmp/blockmgr-3915f341-aa81-438e-a720-02a0bcfea1f0
[2021-12-20 11:45:31,783] {spark_submit.py:514} INFO - 21/12/20 11:45:31 INFO MemoryStore: MemoryStore started with capacity 434.4 MiB
[2021-12-20 11:45:31,804] {spark_submit.py:514} INFO - 21/12/20 11:45:31 INFO SparkEnv: Registering OutputCommitCoordinator
[2021-12-20 11:45:32,018] {spark_submit.py:514} INFO - 21/12/20 11:45:32 INFO Utils: Successfully started service 'SparkUI' on port 4040.
[2021-12-20 11:45:32,079] {spark_submit.py:514} INFO - 21/12/20 11:45:32 INFO SparkUI: Bound SparkUI to 0.0.0.0, and started at http://66e45e757599:4040
[2021-12-20 11:45:32,266] {spark_submit.py:514} INFO - 21/12/20 11:45:32 INFO StandaloneAppClient$ClientEndpoint: Connecting to master spark://spark:7077...
[2021-12-20 11:45:32,346] {spark_submit.py:514} INFO - 21/12/20 11:45:32 INFO TransportClientFactory: Successfully created connection to spark/172.18.0.4:7077 after 42 ms (0 ms spent in bootstraps)
[2021-12-20 11:45:32,472] {spark_submit.py:514} INFO - 21/12/20 11:45:32 INFO StandaloneSchedulerBackend: Connected to Spark cluster with app ID app-20211220114532-0047
[2021-12-20 11:45:32,477] {spark_submit.py:514} INFO - 21/12/20 11:45:32 INFO StandaloneAppClient$ClientEndpoint: Executor added: app-20211220114532-0047/0 on worker-20211220113023-172.18.0.6-39299 (172.18.0.6:39299) with 6 core(s)
[2021-12-20 11:45:32,492] {spark_submit.py:514} INFO - 21/12/20 11:45:32 INFO StandaloneSchedulerBackend: Granted executor ID app-20211220114532-0047/0 on hostPort 172.18.0.6:39299 with 6 core(s), 1024.0 MiB RAM
[2021-12-20 11:45:32,493] {spark_submit.py:514} INFO - 21/12/20 11:45:32 INFO StandaloneAppClient$ClientEndpoint: Executor added: app-20211220114532-0047/1 on worker-20211220113023-172.18.0.5-45779 (172.18.0.5:45779) with 6 core(s)
[2021-12-20 11:45:32,495] {spark_submit.py:514} INFO - 21/12/20 11:45:32 INFO StandaloneSchedulerBackend: Granted executor ID app-20211220114532-0047/1 on hostPort 172.18.0.5:45779 with 6 core(s), 1024.0 MiB RAM
[2021-12-20 11:45:32,505] {spark_submit.py:514} INFO - 21/12/20 11:45:32 INFO Utils: Successfully started service 'org.apache.spark.network.netty.NettyBlockTransferService' on port 40617.
[2021-12-20 11:45:32,506] {spark_submit.py:514} INFO - 21/12/20 11:45:32 INFO NettyBlockTransferService: Server created on 66e45e757599:40617
[2021-12-20 11:45:32,508] {spark_submit.py:514} INFO - 21/12/20 11:45:32 INFO BlockManager: Using org.apache.spark.storage.RandomBlockReplicationPolicy for block replication policy
[2021-12-20 11:45:32,519] {spark_submit.py:514} INFO - 21/12/20 11:45:32 INFO BlockManagerMaster: Registering BlockManager BlockManagerId(driver, 66e45e757599, 40617, None)
[2021-12-20 11:45:32,521] {spark_submit.py:514} INFO - 21/12/20 11:45:32 INFO StandaloneAppClient$ClientEndpoint: Executor updated: app-20211220114532-0047/0 is now RUNNING
[2021-12-20 11:45:32,522] {spark_submit.py:514} INFO - 21/12/20 11:45:32 INFO StandaloneAppClient$ClientEndpoint: Executor updated: app-20211220114532-0047/1 is now RUNNING
[2021-12-20 11:45:32,524] {spark_submit.py:514} INFO - 21/12/20 11:45:32 INFO BlockManagerMasterEndpoint: Registering block manager 66e45e757599:40617 with 434.4 MiB RAM, BlockManagerId(driver, 66e45e757599, 40617, None)
[2021-12-20 11:45:32,528] {spark_submit.py:514} INFO - 21/12/20 11:45:32 INFO BlockManagerMaster: Registered BlockManager BlockManagerId(driver, 66e45e757599, 40617, None)
[2021-12-20 11:45:32,530] {spark_submit.py:514} INFO - 21/12/20 11:45:32 INFO BlockManager: Initialized BlockManager: BlockManagerId(driver, 66e45e757599, 40617, None)
[2021-12-20 11:45:32,817] {spark_submit.py:514} INFO - 21/12/20 11:45:32 INFO StandaloneSchedulerBackend: SchedulerBackend is ready for scheduling beginning after reached minRegisteredResourcesRatio: 0.0
[2021-12-20 11:45:32,869] {spark_submit.py:514} INFO - /home/***/.local/lib/python3.6/site-packages/pyspark/python/lib/pyspark.zip/pyspark/context.py:238: FutureWarning: Python 3.6 support is deprecated in Spark 3.2.
[2021-12-20 11:45:32,870] {spark_submit.py:514} INFO - FutureWarning
[2021-12-20 11:45:33,169] {spark_submit.py:514} INFO - 21/12/20 11:45:33 INFO SharedState: Setting hive.metastore.warehouse.dir ('null') to the value of spark.sql.warehouse.dir.
[2021-12-20 11:45:33,199] {spark_submit.py:514} INFO - 21/12/20 11:45:33 INFO SharedState: Warehouse path is 'file:/opt/***/spark-warehouse'.
[2021-12-20 11:45:34,026] {spark_submit.py:514} INFO - file: tipperary_rent.json deleted
[2021-12-20 11:45:34,218] {spark_submit.py:514} INFO - 21/12/20 11:45:34 INFO SparkContext: Invoking stop() from shutdown hook
[2021-12-20 11:45:34,256] {spark_submit.py:514} INFO - 21/12/20 11:45:34 INFO SparkUI: Stopped Spark web UI at http://66e45e757599:4040
[2021-12-20 11:45:34,266] {spark_submit.py:514} INFO - 21/12/20 11:45:34 INFO StandaloneSchedulerBackend: Shutting down all executors
[2021-12-20 11:45:34,274] {spark_submit.py:514} INFO - 21/12/20 11:45:34 INFO CoarseGrainedSchedulerBackend$DriverEndpoint: Asking each executor to shut down
[2021-12-20 11:45:34,313] {spark_submit.py:514} INFO - 21/12/20 11:45:34 INFO MapOutputTrackerMasterEndpoint: MapOutputTrackerMasterEndpoint stopped!
[2021-12-20 11:45:34,343] {spark_submit.py:514} INFO - 21/12/20 11:45:34 INFO MemoryStore: MemoryStore cleared
[2021-12-20 11:45:34,348] {spark_submit.py:514} INFO - 21/12/20 11:45:34 INFO BlockManager: BlockManager stopped
[2021-12-20 11:45:34,371] {spark_submit.py:514} INFO - 21/12/20 11:45:34 INFO BlockManagerMaster: BlockManagerMaster stopped
[2021-12-20 11:45:34,377] {spark_submit.py:514} INFO - 21/12/20 11:45:34 INFO OutputCommitCoordinator$OutputCommitCoordinatorEndpoint: OutputCommitCoordinator stopped!
[2021-12-20 11:45:34,397] {spark_submit.py:514} INFO - 21/12/20 11:45:34 INFO SparkContext: Successfully stopped SparkContext
[2021-12-20 11:45:34,398] {spark_submit.py:514} INFO - 21/12/20 11:45:34 INFO ShutdownHookManager: Shutdown hook called
[2021-12-20 11:45:34,400] {spark_submit.py:514} INFO - 21/12/20 11:45:34 INFO ShutdownHookManager: Deleting directory /tmp/spark-515a4126-0047-484d-9019-d0978d3ff5fd
[2021-12-20 11:45:34,404] {spark_submit.py:514} INFO - 21/12/20 11:45:34 INFO ShutdownHookManager: Deleting directory /tmp/spark-515a4126-0047-484d-9019-d0978d3ff5fd/pyspark-ad20ed50-3fa6-4099-a40c-21b4bbda6350
[2021-12-20 11:45:34,409] {spark_submit.py:514} INFO - 21/12/20 11:45:34 INFO ShutdownHookManager: Deleting directory /tmp/spark-1c57d3cc-b8c8-45cc-b960-22312257858a
[2021-12-20 11:45:34,525] {taskinstance.py:1280} INFO - Marking task as SUCCESS. dag_id=scraping_daft_tipperary, task_id=remove_file, execution_date=20211219T105000, start_date=20211220T114521, end_date=20211220T114534
[2021-12-20 11:45:34,568] {local_task_job.py:154} INFO - Task exited with return code 0
[2021-12-20 11:45:34,646] {local_task_job.py:264} INFO - 0 downstream tasks scheduled from follow-on schedule check
