[2021-12-09 01:08:05,669] {taskinstance.py:1035} INFO - Dependencies all met for <TaskInstance: scraping_daft_cork.scrap_data scheduled__2021-12-08T01:00:00+00:00 [queued]>
[2021-12-09 01:08:05,704] {taskinstance.py:1035} INFO - Dependencies all met for <TaskInstance: scraping_daft_cork.scrap_data scheduled__2021-12-08T01:00:00+00:00 [queued]>
[2021-12-09 01:08:05,706] {taskinstance.py:1241} INFO - 
--------------------------------------------------------------------------------
[2021-12-09 01:08:05,709] {taskinstance.py:1242} INFO - Starting attempt 2 of 3
[2021-12-09 01:08:05,711] {taskinstance.py:1243} INFO - 
--------------------------------------------------------------------------------
[2021-12-09 01:08:05,741] {taskinstance.py:1262} INFO - Executing <Task(SparkSubmitOperator): scrap_data> on 2021-12-08 01:00:00+00:00
[2021-12-09 01:08:05,755] {standard_task_runner.py:76} INFO - Running: ['***', 'tasks', 'run', 'scraping_daft_cork', 'scrap_data', 'scheduled__2021-12-08T01:00:00+00:00', '--job-id', '753', '--raw', '--subdir', 'DAGS_FOLDER/scraping_daft_cork.py', '--cfg-path', '/tmp/tmpstsfm_tc', '--error-file', '/tmp/tmphrr09al0']
[2021-12-09 01:08:05,757] {standard_task_runner.py:77} INFO - Job 753: Subtask scrap_data
[2021-12-09 01:08:05,750] {standard_task_runner.py:52} INFO - Started process 45286 to run task
[2021-12-09 01:08:05,888] {logging_mixin.py:109} INFO - Running <TaskInstance: scraping_daft_cork.scrap_data scheduled__2021-12-08T01:00:00+00:00 [running]> on host 041e6f8654c3
[2021-12-09 01:08:06,078] {taskinstance.py:1429} INFO - Exporting the following env vars:
AIRFLOW_CTX_DAG_EMAIL=***@example.com
AIRFLOW_CTX_DAG_OWNER=clemoni
AIRFLOW_CTX_DAG_ID=scraping_daft_cork
AIRFLOW_CTX_TASK_ID=scrap_data
AIRFLOW_CTX_EXECUTION_DATE=2021-12-08T01:00:00+00:00
AIRFLOW_CTX_DAG_RUN_ID=scheduled__2021-12-08T01:00:00+00:00
[2021-12-09 01:08:06,107] {base.py:79} INFO - Using connection to: id: spark_default. Host: spark://spark:7077, Port: None, Schema: , Login: ***, Password: ***, extra: {}
[2021-12-09 01:08:06,111] {spark_submit.py:362} INFO - Spark-Submit cmd: spark-submit --master spark://spark:7077 --conf spark.master=spark://spark:7077 --name scrap data --verbose /opt/***/jobs/get_ads_per_county.py cork
[2021-12-09 01:08:08,319] {spark_submit.py:523} INFO - Using properties file: null
[2021-12-09 01:08:08,476] {spark_submit.py:523} INFO - WARNING: An illegal reflective access operation has occurred
[2021-12-09 01:08:08,477] {spark_submit.py:523} INFO - WARNING: Illegal reflective access by org.apache.spark.unsafe.Platform (file:/home/***/.local/lib/python3.6/site-packages/pyspark/jars/spark-unsafe_2.12-3.2.0.jar) to constructor java.nio.DirectByteBuffer(long,int)
[2021-12-09 01:08:08,478] {spark_submit.py:523} INFO - WARNING: Please consider reporting this to the maintainers of org.apache.spark.unsafe.Platform
[2021-12-09 01:08:08,479] {spark_submit.py:523} INFO - WARNING: Use --illegal-access=warn to enable warnings of further illegal reflective access operations
[2021-12-09 01:08:08,480] {spark_submit.py:523} INFO - WARNING: All illegal access operations will be denied in a future release
[2021-12-09 01:08:08,545] {spark_submit.py:523} INFO - Parsed arguments:
[2021-12-09 01:08:08,546] {spark_submit.py:523} INFO - master                  spark://spark:7077
[2021-12-09 01:08:08,547] {spark_submit.py:523} INFO - deployMode              null
[2021-12-09 01:08:08,548] {spark_submit.py:523} INFO - executorMemory          null
[2021-12-09 01:08:08,549] {spark_submit.py:523} INFO - executorCores           null
[2021-12-09 01:08:08,550] {spark_submit.py:523} INFO - totalExecutorCores      null
[2021-12-09 01:08:08,551] {spark_submit.py:523} INFO - propertiesFile          null
[2021-12-09 01:08:08,552] {spark_submit.py:523} INFO - driverMemory            null
[2021-12-09 01:08:08,553] {spark_submit.py:523} INFO - driverCores             null
[2021-12-09 01:08:08,554] {spark_submit.py:523} INFO - driverExtraClassPath    null
[2021-12-09 01:08:08,555] {spark_submit.py:523} INFO - driverExtraLibraryPath  null
[2021-12-09 01:08:08,556] {spark_submit.py:523} INFO - driverExtraJavaOptions  null
[2021-12-09 01:08:08,557] {spark_submit.py:523} INFO - supervise               false
[2021-12-09 01:08:08,558] {spark_submit.py:523} INFO - queue                   null
[2021-12-09 01:08:08,558] {spark_submit.py:523} INFO - numExecutors            null
[2021-12-09 01:08:08,559] {spark_submit.py:523} INFO - files                   null
[2021-12-09 01:08:08,560] {spark_submit.py:523} INFO - pyFiles                 null
[2021-12-09 01:08:08,561] {spark_submit.py:523} INFO - archives                null
[2021-12-09 01:08:08,562] {spark_submit.py:523} INFO - mainClass               null
[2021-12-09 01:08:08,563] {spark_submit.py:523} INFO - primaryResource         file:/opt/***/jobs/get_ads_per_county.py
[2021-12-09 01:08:08,563] {spark_submit.py:523} INFO - name                    scrap data
[2021-12-09 01:08:08,564] {spark_submit.py:523} INFO - childArgs               [cork]
[2021-12-09 01:08:08,565] {spark_submit.py:523} INFO - jars                    null
[2021-12-09 01:08:08,566] {spark_submit.py:523} INFO - packages                null
[2021-12-09 01:08:08,567] {spark_submit.py:523} INFO - packagesExclusions      null
[2021-12-09 01:08:08,567] {spark_submit.py:523} INFO - repositories            null
[2021-12-09 01:08:08,568] {spark_submit.py:523} INFO - verbose                 true
[2021-12-09 01:08:08,569] {spark_submit.py:523} INFO - 
[2021-12-09 01:08:08,569] {spark_submit.py:523} INFO - Spark properties used, including those specified through
[2021-12-09 01:08:08,571] {spark_submit.py:523} INFO - --conf and those from the properties file null:
[2021-12-09 01:08:08,572] {spark_submit.py:523} INFO - (spark.master,spark://spark:7077)
[2021-12-09 01:08:08,573] {spark_submit.py:523} INFO - 
[2021-12-09 01:08:08,574] {spark_submit.py:523} INFO - 
[2021-12-09 01:08:08,895] {spark_submit.py:523} INFO - Main class:
[2021-12-09 01:08:08,897] {spark_submit.py:523} INFO - org.apache.spark.deploy.PythonRunner
[2021-12-09 01:08:08,898] {spark_submit.py:523} INFO - Arguments:
[2021-12-09 01:08:08,898] {spark_submit.py:523} INFO - file:/opt/***/jobs/get_ads_per_county.py
[2021-12-09 01:08:08,900] {spark_submit.py:523} INFO - null
[2021-12-09 01:08:08,901] {spark_submit.py:523} INFO - cork
[2021-12-09 01:08:08,902] {spark_submit.py:523} INFO - --verbose
[2021-12-09 01:08:08,903] {spark_submit.py:523} INFO - Spark config:
[2021-12-09 01:08:08,904] {spark_submit.py:523} INFO - (spark.app.name,scrap data)
[2021-12-09 01:08:08,905] {spark_submit.py:523} INFO - (spark.master,spark://spark:7077)
[2021-12-09 01:08:08,906] {spark_submit.py:523} INFO - (spark.submit.pyFiles,)
[2021-12-09 01:08:08,907] {spark_submit.py:523} INFO - (spark.submit.deployMode,client)
[2021-12-09 01:08:08,908] {spark_submit.py:523} INFO - Classpath elements:
[2021-12-09 01:08:08,909] {spark_submit.py:523} INFO - 
[2021-12-09 01:08:08,910] {spark_submit.py:523} INFO - 
[2021-12-09 01:08:08,910] {spark_submit.py:523} INFO - 
[2021-12-09 01:08:10,056] {spark_submit.py:523} INFO - Using Spark's default log4j profile: org/apache/spark/log4j-defaults.properties
[2021-12-09 01:08:10,074] {spark_submit.py:523} INFO - 21/12/09 01:08:10 INFO SparkContext: Running Spark version 3.2.0
[2021-12-09 01:08:10,198] {spark_submit.py:523} INFO - 21/12/09 01:08:10 WARN NativeCodeLoader: Unable to load native-hadoop library for your platform... using builtin-java classes where applicable
[2021-12-09 01:08:10,446] {spark_submit.py:523} INFO - 21/12/09 01:08:10 INFO ResourceUtils: ==============================================================
[2021-12-09 01:08:10,447] {spark_submit.py:523} INFO - 21/12/09 01:08:10 INFO ResourceUtils: No custom resources configured for spark.driver.
[2021-12-09 01:08:10,448] {spark_submit.py:523} INFO - 21/12/09 01:08:10 INFO ResourceUtils: ==============================================================
[2021-12-09 01:08:10,449] {spark_submit.py:523} INFO - 21/12/09 01:08:10 INFO SparkContext: Submitted application: Get Ads per county
[2021-12-09 01:08:10,513] {spark_submit.py:523} INFO - 21/12/09 01:08:10 INFO ResourceProfile: Default ResourceProfile created, executor resources: Map(cores -> name: cores, amount: 1, script: , vendor: , memory -> name: memory, amount: 1024, script: , vendor: , offHeap -> name: offHeap, amount: 0, script: , vendor: ), task resources: Map(cpus -> name: cpus, amount: 1.0)
[2021-12-09 01:08:10,535] {spark_submit.py:523} INFO - 21/12/09 01:08:10 INFO ResourceProfile: Limiting resource is cpu
[2021-12-09 01:08:10,537] {spark_submit.py:523} INFO - 21/12/09 01:08:10 INFO ResourceProfileManager: Added ResourceProfile id: 0
[2021-12-09 01:08:10,630] {spark_submit.py:523} INFO - 21/12/09 01:08:10 INFO SecurityManager: Changing view acls to: ***
[2021-12-09 01:08:10,631] {spark_submit.py:523} INFO - 21/12/09 01:08:10 INFO SecurityManager: Changing modify acls to: ***
[2021-12-09 01:08:10,633] {spark_submit.py:523} INFO - 21/12/09 01:08:10 INFO SecurityManager: Changing view acls groups to:
[2021-12-09 01:08:10,634] {spark_submit.py:523} INFO - 21/12/09 01:08:10 INFO SecurityManager: Changing modify acls groups to:
[2021-12-09 01:08:10,642] {spark_submit.py:523} INFO - 21/12/09 01:08:10 INFO SecurityManager: SecurityManager: authentication disabled; ui acls disabled; users  with view permissions: Set(***); groups with view permissions: Set(); users  with modify permissions: Set(***); groups with modify permissions: Set()
[2021-12-09 01:08:11,077] {spark_submit.py:523} INFO - 21/12/09 01:08:11 INFO Utils: Successfully started service 'sparkDriver' on port 40009.
[2021-12-09 01:08:11,166] {spark_submit.py:523} INFO - 21/12/09 01:08:11 INFO SparkEnv: Registering MapOutputTracker
[2021-12-09 01:08:11,244] {spark_submit.py:523} INFO - 21/12/09 01:08:11 INFO SparkEnv: Registering BlockManagerMaster
[2021-12-09 01:08:11,295] {spark_submit.py:523} INFO - 21/12/09 01:08:11 INFO BlockManagerMasterEndpoint: Using org.apache.spark.storage.DefaultTopologyMapper for getting topology information
[2021-12-09 01:08:11,297] {spark_submit.py:523} INFO - 21/12/09 01:08:11 INFO BlockManagerMasterEndpoint: BlockManagerMasterEndpoint up
[2021-12-09 01:08:11,307] {spark_submit.py:523} INFO - 21/12/09 01:08:11 INFO SparkEnv: Registering BlockManagerMasterHeartbeat
[2021-12-09 01:08:11,375] {spark_submit.py:523} INFO - 21/12/09 01:08:11 INFO DiskBlockManager: Created local directory at /tmp/blockmgr-a9c29856-a16e-4bfb-b7fa-79109cfa663d
[2021-12-09 01:08:11,408] {spark_submit.py:523} INFO - 21/12/09 01:08:11 INFO MemoryStore: MemoryStore started with capacity 434.4 MiB
[2021-12-09 01:08:11,435] {spark_submit.py:523} INFO - 21/12/09 01:08:11 INFO SparkEnv: Registering OutputCommitCoordinator
[2021-12-09 01:08:11,832] {spark_submit.py:523} INFO - 21/12/09 01:08:11 INFO Utils: Successfully started service 'SparkUI' on port 4040.
[2021-12-09 01:08:11,985] {spark_submit.py:523} INFO - 21/12/09 01:08:11 INFO SparkUI: Bound SparkUI to 0.0.0.0, and started at http://041e6f8654c3:4040
[2021-12-09 01:08:12,323] {spark_submit.py:523} INFO - 21/12/09 01:08:12 INFO StandaloneAppClient$ClientEndpoint: Connecting to master spark://spark:7077...
[2021-12-09 01:08:12,479] {spark_submit.py:523} INFO - 21/12/09 01:08:12 INFO TransportClientFactory: Successfully created connection to spark/172.31.0.9:7077 after 67 ms (0 ms spent in bootstraps)
[2021-12-09 01:08:12,651] {spark_submit.py:523} INFO - 21/12/09 01:08:12 INFO StandaloneSchedulerBackend: Connected to Spark cluster with app ID app-20211209010812-0068
[2021-12-09 01:08:12,653] {spark_submit.py:523} INFO - 21/12/09 01:08:12 INFO StandaloneAppClient$ClientEndpoint: Executor added: app-20211209010812-0068/0 on worker-20211208102114-172.31.0.11-46307 (172.31.0.11:46307) with 6 core(s)
[2021-12-09 01:08:12,657] {spark_submit.py:523} INFO - 21/12/09 01:08:12 INFO StandaloneSchedulerBackend: Granted executor ID app-20211209010812-0068/0 on hostPort 172.31.0.11:46307 with 6 core(s), 1024.0 MiB RAM
[2021-12-09 01:08:12,671] {spark_submit.py:523} INFO - 21/12/09 01:08:12 INFO Utils: Successfully started service 'org.apache.spark.network.netty.NettyBlockTransferService' on port 44011.
[2021-12-09 01:08:12,674] {spark_submit.py:523} INFO - 21/12/09 01:08:12 INFO NettyBlockTransferService: Server created on 041e6f8654c3:44011
[2021-12-09 01:08:12,675] {spark_submit.py:523} INFO - 21/12/09 01:08:12 INFO BlockManager: Using org.apache.spark.storage.RandomBlockReplicationPolicy for block replication policy
[2021-12-09 01:08:12,690] {spark_submit.py:523} INFO - 21/12/09 01:08:12 INFO BlockManagerMaster: Registering BlockManager BlockManagerId(driver, 041e6f8654c3, 44011, None)
[2021-12-09 01:08:12,698] {spark_submit.py:523} INFO - 21/12/09 01:08:12 INFO BlockManagerMasterEndpoint: Registering block manager 041e6f8654c3:44011 with 434.4 MiB RAM, BlockManagerId(driver, 041e6f8654c3, 44011, None)
[2021-12-09 01:08:12,710] {spark_submit.py:523} INFO - 21/12/09 01:08:12 INFO BlockManagerMaster: Registered BlockManager BlockManagerId(driver, 041e6f8654c3, 44011, None)
[2021-12-09 01:08:12,712] {spark_submit.py:523} INFO - 21/12/09 01:08:12 INFO BlockManager: Initialized BlockManager: BlockManagerId(driver, 041e6f8654c3, 44011, None)
[2021-12-09 01:08:12,804] {spark_submit.py:523} INFO - 21/12/09 01:08:12 INFO StandaloneAppClient$ClientEndpoint: Executor updated: app-20211209010812-0068/0 is now RUNNING
[2021-12-09 01:08:13,081] {spark_submit.py:523} INFO - 21/12/09 01:08:13 INFO StandaloneSchedulerBackend: SchedulerBackend is ready for scheduling beginning after reached minRegisteredResourcesRatio: 0.0
[2021-12-09 01:08:13,135] {spark_submit.py:523} INFO - /home/***/.local/lib/python3.6/site-packages/pyspark/python/lib/pyspark.zip/pyspark/context.py:238: FutureWarning: Python 3.6 support is deprecated in Spark 3.2.
[2021-12-09 01:08:13,137] {spark_submit.py:523} INFO - FutureWarning
[2021-12-09 01:08:13,486] {spark_submit.py:523} INFO - 21/12/09 01:08:13 INFO SharedState: Setting hive.metastore.warehouse.dir ('null') to the value of spark.sql.warehouse.dir.
[2021-12-09 01:08:13,524] {spark_submit.py:523} INFO - 21/12/09 01:08:13 INFO SharedState: Warehouse path is 'file:/opt/***/spark-warehouse'.
[2021-12-09 01:08:16,899] {spark_submit.py:523} INFO - 21/12/09 01:08:16 INFO CoarseGrainedSchedulerBackend$DriverEndpoint: Registered executor NettyRpcEndpointRef(spark-client://Executor) (172.31.0.11:44776) with ID 0,  ResourceProfileId 0
[2021-12-09 01:08:17,181] {spark_submit.py:523} INFO - 21/12/09 01:08:17 INFO BlockManagerMasterEndpoint: Registering block manager 172.31.0.11:39563 with 366.3 MiB RAM, BlockManagerId(0, 172.31.0.11, 39563, None)
[2021-12-09 01:08:20,167] {spark_submit.py:523} INFO - running...
[2021-12-09 01:08:21,629] {spark_submit.py:523} INFO - running...
[2021-12-09 01:08:22,494] {spark_submit.py:523} INFO - running...
[2021-12-09 01:08:23,243] {spark_submit.py:523} INFO - running...
[2021-12-09 01:08:23,819] {spark_submit.py:523} INFO - running...
[2021-12-09 01:08:24,414] {spark_submit.py:523} INFO - running...
[2021-12-09 01:08:25,513] {spark_submit.py:523} INFO - running...
[2021-12-09 01:08:26,402] {spark_submit.py:523} INFO - running...
[2021-12-09 01:08:27,346] {spark_submit.py:523} INFO - running...
[2021-12-09 01:08:27,793] {spark_submit.py:523} INFO - running...
[2021-12-09 01:08:28,403] {spark_submit.py:523} INFO - running...
[2021-12-09 01:08:28,928] {spark_submit.py:523} INFO - running...
[2021-12-09 01:08:29,456] {spark_submit.py:523} INFO - running...
[2021-12-09 01:08:30,186] {spark_submit.py:523} INFO - running...
[2021-12-09 01:08:30,915] {spark_submit.py:523} INFO - running...
[2021-12-09 01:08:32,342] {spark_submit.py:523} INFO - running...
[2021-12-09 01:08:33,522] {spark_submit.py:523} INFO - running...
[2021-12-09 01:08:34,344] {spark_submit.py:523} INFO - running...
[2021-12-09 01:08:35,353] {spark_submit.py:523} INFO - running...
[2021-12-09 01:08:36,161] {spark_submit.py:523} INFO - running...
[2021-12-09 01:08:39,036] {spark_submit.py:523} INFO - running...
[2021-12-09 01:08:39,525] {spark_submit.py:523} INFO - running...
[2021-12-09 01:08:40,089] {spark_submit.py:523} INFO - running...
[2021-12-09 01:08:40,564] {spark_submit.py:523} INFO - running...
[2021-12-09 01:08:41,282] {spark_submit.py:523} INFO - running...
[2021-12-09 01:08:42,049] {spark_submit.py:523} INFO - running...
[2021-12-09 01:08:42,681] {spark_submit.py:523} INFO - running...
[2021-12-09 01:08:43,471] {spark_submit.py:523} INFO - running...
[2021-12-09 01:08:44,151] {spark_submit.py:523} INFO - running...
[2021-12-09 01:08:45,032] {spark_submit.py:523} INFO - running...
[2021-12-09 01:08:46,295] {spark_submit.py:523} INFO - running...
[2021-12-09 01:08:47,694] {spark_submit.py:523} INFO - running...
[2021-12-09 01:08:48,469] {spark_submit.py:523} INFO - running...
[2021-12-09 01:08:48,984] {spark_submit.py:523} INFO - running...
[2021-12-09 01:08:49,677] {spark_submit.py:523} INFO - running...
[2021-12-09 01:08:50,457] {spark_submit.py:523} INFO - running...
[2021-12-09 01:08:51,070] {spark_submit.py:523} INFO - running...
[2021-12-09 01:08:51,615] {spark_submit.py:523} INFO - running...
[2021-12-09 01:08:52,550] {spark_submit.py:523} INFO - running...
[2021-12-09 01:08:53,476] {spark_submit.py:523} INFO - running...
[2021-12-09 01:08:56,216] {spark_submit.py:523} INFO - running...
[2021-12-09 01:08:56,716] {spark_submit.py:523} INFO - running...
[2021-12-09 01:08:57,328] {spark_submit.py:523} INFO - running...
[2021-12-09 01:08:57,909] {spark_submit.py:523} INFO - running...
[2021-12-09 01:08:58,963] {spark_submit.py:523} INFO - running...
[2021-12-09 01:08:59,911] {spark_submit.py:523} INFO - running...
[2021-12-09 01:09:00,810] {spark_submit.py:523} INFO - running...
[2021-12-09 01:09:02,469] {spark_submit.py:523} INFO - running...
[2021-12-09 01:09:03,173] {spark_submit.py:523} INFO - running...
[2021-12-09 01:09:04,068] {spark_submit.py:523} INFO - running...
[2021-12-09 01:09:04,914] {spark_submit.py:523} INFO - running...
[2021-12-09 01:09:05,693] {spark_submit.py:523} INFO - running...
[2021-12-09 01:09:06,382] {spark_submit.py:523} INFO - running...
[2021-12-09 01:09:06,997] {spark_submit.py:523} INFO - running...
[2021-12-09 01:09:07,498] {spark_submit.py:523} INFO - running...
[2021-12-09 01:09:08,404] {spark_submit.py:523} INFO - running...
[2021-12-09 01:09:09,186] {spark_submit.py:523} INFO - running...
[2021-12-09 01:09:09,928] {spark_submit.py:523} INFO - running...
[2021-12-09 01:09:10,674] {spark_submit.py:523} INFO - running...
[2021-12-09 01:09:11,353] {spark_submit.py:523} INFO - running...
[2021-12-09 01:09:14,631] {spark_submit.py:523} INFO - running...
[2021-12-09 01:09:16,102] {spark_submit.py:523} INFO - running...
[2021-12-09 01:09:16,773] {spark_submit.py:523} INFO - running...
[2021-12-09 01:09:17,242] {spark_submit.py:523} INFO - running...
[2021-12-09 01:09:17,965] {spark_submit.py:523} INFO - running...
[2021-12-09 01:09:18,595] {spark_submit.py:523} INFO - running...
[2021-12-09 01:09:19,189] {spark_submit.py:523} INFO - running...
[2021-12-09 01:09:19,803] {spark_submit.py:523} INFO - running...
[2021-12-09 01:09:20,297] {spark_submit.py:523} INFO - running...
[2021-12-09 01:09:21,158] {spark_submit.py:523} INFO - running...
[2021-12-09 01:09:21,649] {spark_submit.py:523} INFO - running...
[2021-12-09 01:09:22,243] {spark_submit.py:523} INFO - running...
[2021-12-09 01:09:22,774] {spark_submit.py:523} INFO - running...
[2021-12-09 01:09:23,412] {spark_submit.py:523} INFO - running...
[2021-12-09 01:09:23,992] {spark_submit.py:523} INFO - running...
[2021-12-09 01:09:24,662] {spark_submit.py:523} INFO - running...
[2021-12-09 01:09:25,561] {spark_submit.py:523} INFO - running...
[2021-12-09 01:09:26,333] {spark_submit.py:523} INFO - running...
[2021-12-09 01:09:27,656] {spark_submit.py:523} INFO - running...
[2021-12-09 01:09:28,625] {spark_submit.py:523} INFO - running...
[2021-12-09 01:09:32,313] {spark_submit.py:523} INFO - running...
[2021-12-09 01:09:33,317] {spark_submit.py:523} INFO - running...
[2021-12-09 01:09:34,518] {spark_submit.py:523} INFO - running...
[2021-12-09 01:09:35,296] {spark_submit.py:523} INFO - running...
[2021-12-09 01:09:36,235] {spark_submit.py:523} INFO - running...
[2021-12-09 01:09:36,705] {spark_submit.py:523} INFO - running...
[2021-12-09 01:09:37,389] {spark_submit.py:523} INFO - running...
[2021-12-09 01:09:38,161] {spark_submit.py:523} INFO - running...
[2021-12-09 01:09:39,049] {spark_submit.py:523} INFO - running...
[2021-12-09 01:09:39,545] {spark_submit.py:523} INFO - running...
[2021-12-09 01:09:40,228] {spark_submit.py:523} INFO - running...
[2021-12-09 01:09:41,455] {spark_submit.py:523} INFO - running...
[2021-12-09 01:09:42,459] {spark_submit.py:523} INFO - running...
[2021-12-09 01:09:43,678] {spark_submit.py:523} INFO - running...
[2021-12-09 01:09:44,568] {spark_submit.py:523} INFO - running...
[2021-12-09 01:09:45,819] {spark_submit.py:523} INFO - running...
[2021-12-09 01:09:46,366] {spark_submit.py:523} INFO - running...
[2021-12-09 01:09:47,123] {spark_submit.py:523} INFO - running...
[2021-12-09 01:09:48,054] {spark_submit.py:523} INFO - running...
[2021-12-09 01:09:48,699] {spark_submit.py:523} INFO - running...
[2021-12-09 01:09:54,305] {spark_submit.py:523} INFO - running...
[2021-12-09 01:09:55,412] {spark_submit.py:523} INFO - running...
[2021-12-09 01:09:56,447] {spark_submit.py:523} INFO - running...
[2021-12-09 01:09:58,365] {spark_submit.py:523} INFO - running...
[2021-12-09 01:09:59,061] {spark_submit.py:523} INFO - running...
[2021-12-09 01:09:59,862] {spark_submit.py:523} INFO - running...
[2021-12-09 01:10:00,531] {spark_submit.py:523} INFO - running...
[2021-12-09 01:10:01,276] {spark_submit.py:523} INFO - running...
[2021-12-09 01:10:02,052] {spark_submit.py:523} INFO - running...
[2021-12-09 01:10:02,746] {spark_submit.py:523} INFO - running...
[2021-12-09 01:10:04,048] {spark_submit.py:523} INFO - running...
[2021-12-09 01:10:04,931] {spark_submit.py:523} INFO - running...
[2021-12-09 01:10:05,570] {spark_submit.py:523} INFO - running...
[2021-12-09 01:10:06,374] {spark_submit.py:523} INFO - running...
[2021-12-09 01:10:06,916] {spark_submit.py:523} INFO - running...
[2021-12-09 01:10:07,977] {spark_submit.py:523} INFO - running...
[2021-12-09 01:10:09,465] {spark_submit.py:523} INFO - running...
[2021-12-09 01:10:10,683] {spark_submit.py:523} INFO - running...
[2021-12-09 01:10:12,269] {spark_submit.py:523} INFO - running...
[2021-12-09 01:10:14,246] {spark_submit.py:523} INFO - running...
[2021-12-09 01:10:18,230] {spark_submit.py:523} INFO - running...
[2021-12-09 01:10:19,486] {spark_submit.py:523} INFO - running...
[2021-12-09 01:10:20,180] {spark_submit.py:523} INFO - running...
[2021-12-09 01:10:21,012] {spark_submit.py:523} INFO - running...
[2021-12-09 01:10:21,833] {spark_submit.py:523} INFO - running...
[2021-12-09 01:10:23,174] {spark_submit.py:523} INFO - running...
[2021-12-09 01:10:24,639] {spark_submit.py:523} INFO - running...
[2021-12-09 01:10:25,853] {spark_submit.py:523} INFO - running...
[2021-12-09 01:10:27,105] {spark_submit.py:523} INFO - running...
[2021-12-09 01:10:28,982] {spark_submit.py:523} INFO - running...
[2021-12-09 01:10:30,156] {spark_submit.py:523} INFO - running...
[2021-12-09 01:10:32,200] {spark_submit.py:523} INFO - running...
[2021-12-09 01:10:32,994] {spark_submit.py:523} INFO - running...
[2021-12-09 01:10:33,596] {spark_submit.py:523} INFO - running...
[2021-12-09 01:10:34,107] {spark_submit.py:523} INFO - running...
[2021-12-09 01:10:34,634] {spark_submit.py:523} INFO - running...
[2021-12-09 01:10:37,605] {spark_submit.py:523} INFO - running...
[2021-12-09 01:10:38,965] {spark_submit.py:523} INFO - running...
[2021-12-09 01:10:39,674] {spark_submit.py:523} INFO - running...
[2021-12-09 01:10:40,619] {spark_submit.py:523} INFO - running...
[2021-12-09 01:10:42,866] {spark_submit.py:523} INFO - running...
[2021-12-09 01:10:43,591] {spark_submit.py:523} INFO - running...
[2021-12-09 01:10:44,376] {spark_submit.py:523} INFO - running...
[2021-12-09 01:10:45,215] {spark_submit.py:523} INFO - running...
[2021-12-09 01:10:45,861] {spark_submit.py:523} INFO - running...
[2021-12-09 01:10:46,406] {spark_submit.py:523} INFO - running...
[2021-12-09 01:10:47,111] {spark_submit.py:523} INFO - running...
[2021-12-09 01:10:47,726] {spark_submit.py:523} INFO - running...
[2021-12-09 01:10:48,581] {spark_submit.py:523} INFO - running...
[2021-12-09 01:10:49,311] {spark_submit.py:523} INFO - running...
[2021-12-09 01:10:51,561] {spark_submit.py:523} INFO - 21/12/09 01:10:51 INFO SparkContext: Invoking stop() from shutdown hook
[2021-12-09 01:10:51,583] {spark_submit.py:523} INFO - 21/12/09 01:10:51 INFO SparkUI: Stopped Spark web UI at http://041e6f8654c3:4040
[2021-12-09 01:10:51,594] {spark_submit.py:523} INFO - 21/12/09 01:10:51 INFO StandaloneSchedulerBackend: Shutting down all executors
[2021-12-09 01:10:51,597] {spark_submit.py:523} INFO - 21/12/09 01:10:51 INFO CoarseGrainedSchedulerBackend$DriverEndpoint: Asking each executor to shut down
[2021-12-09 01:10:51,637] {spark_submit.py:523} INFO - 21/12/09 01:10:51 INFO MapOutputTrackerMasterEndpoint: MapOutputTrackerMasterEndpoint stopped!
[2021-12-09 01:10:51,705] {spark_submit.py:523} INFO - 21/12/09 01:10:51 INFO MemoryStore: MemoryStore cleared
[2021-12-09 01:10:51,707] {spark_submit.py:523} INFO - 21/12/09 01:10:51 INFO BlockManager: BlockManager stopped
[2021-12-09 01:10:51,723] {spark_submit.py:523} INFO - 21/12/09 01:10:51 INFO BlockManagerMaster: BlockManagerMaster stopped
[2021-12-09 01:10:51,734] {spark_submit.py:523} INFO - 21/12/09 01:10:51 INFO OutputCommitCoordinator$OutputCommitCoordinatorEndpoint: OutputCommitCoordinator stopped!
[2021-12-09 01:10:51,766] {spark_submit.py:523} INFO - 21/12/09 01:10:51 INFO SparkContext: Successfully stopped SparkContext
[2021-12-09 01:10:51,768] {spark_submit.py:523} INFO - 21/12/09 01:10:51 INFO ShutdownHookManager: Shutdown hook called
[2021-12-09 01:10:51,770] {spark_submit.py:523} INFO - 21/12/09 01:10:51 INFO ShutdownHookManager: Deleting directory /tmp/spark-1b0b0b9d-8175-409e-bb4d-3296f59e2859/pyspark-f153987d-c740-49b9-aac8-350467c680b6
[2021-12-09 01:10:51,775] {spark_submit.py:523} INFO - 21/12/09 01:10:51 INFO ShutdownHookManager: Deleting directory /tmp/spark-1b0b0b9d-8175-409e-bb4d-3296f59e2859
[2021-12-09 01:10:51,784] {spark_submit.py:523} INFO - 21/12/09 01:10:51 INFO ShutdownHookManager: Deleting directory /tmp/spark-eb08e7a4-d333-41ea-8162-8c8761da3bf3
[2021-12-09 01:10:51,920] {taskinstance.py:1280} INFO - Marking task as SUCCESS. dag_id=scraping_daft_cork, task_id=scrap_data, execution_date=20211208T010000, start_date=20211209T010805, end_date=20211209T011051
[2021-12-09 01:10:51,956] {local_task_job.py:154} INFO - Task exited with return code 0
[2021-12-09 01:10:52,050] {local_task_job.py:264} INFO - 1 downstream tasks scheduled from follow-on schedule check
