[2022-01-02 12:17:02,584] {taskinstance.py:1035} INFO - Dependencies all met for <TaskInstance: scraping_daft_carlow.scrap_data scheduled__2022-01-01T09:05:00+00:00 [queued]>
[2022-01-02 12:17:04,299] {taskinstance.py:1035} INFO - Dependencies all met for <TaskInstance: scraping_daft_carlow.scrap_data scheduled__2022-01-01T09:05:00+00:00 [queued]>
[2022-01-02 12:17:04,348] {taskinstance.py:1241} INFO - 
--------------------------------------------------------------------------------
[2022-01-02 12:17:04,360] {taskinstance.py:1242} INFO - Starting attempt 1 of 4
[2022-01-02 12:17:04,412] {taskinstance.py:1243} INFO - 
--------------------------------------------------------------------------------
[2022-01-02 12:17:05,589] {taskinstance.py:1262} INFO - Executing <Task(SparkSubmitOperator): scrap_data> on 2022-01-01 09:05:00+00:00
[2022-01-02 12:17:06,302] {standard_task_runner.py:76} INFO - Running: ['***', 'tasks', 'run', 'scraping_daft_carlow', 'scrap_data', 'scheduled__2022-01-01T09:05:00+00:00', '--job-id', '6123', '--raw', '--subdir', 'DAGS_FOLDER/scraping_daft_carlow.py', '--cfg-path', '/tmp/tmpp8sxs2rv', '--error-file', '/tmp/tmpb8tcgdxm']
[2022-01-02 12:17:06,346] {standard_task_runner.py:77} INFO - Job 6123: Subtask scrap_data
[2022-01-02 12:17:05,926] {standard_task_runner.py:52} INFO - Started process 2860 to run task
[2022-01-02 12:17:09,210] {logging_mixin.py:109} INFO - Running <TaskInstance: scraping_daft_carlow.scrap_data scheduled__2022-01-01T09:05:00+00:00 [running]> on host bbddfc72aeab
[2022-01-02 12:17:14,820] {taskinstance.py:1429} INFO - Exporting the following env vars:
AIRFLOW_CTX_DAG_EMAIL=clement.liscoet@gmail.com
AIRFLOW_CTX_DAG_OWNER=clemoni
AIRFLOW_CTX_DAG_ID=scraping_daft_carlow
AIRFLOW_CTX_TASK_ID=scrap_data
AIRFLOW_CTX_EXECUTION_DATE=2022-01-01T09:05:00+00:00
AIRFLOW_CTX_DAG_RUN_ID=scheduled__2022-01-01T09:05:00+00:00
[2022-01-02 12:17:15,294] {base.py:79} INFO - Using connection to: id: spark_default. Host: spark://spark:7077, Port: None, Schema: , Login: ***, Password: ***, extra: {}
[2022-01-02 12:17:15,414] {spark_submit.py:360} INFO - Spark-Submit cmd: spark-submit --master spark://spark:7077 --conf spark.master=spark://spark:7077 --name scrap data --verbose /opt/***/jobs/get_ads_per_county.py carlow
[2022-01-02 12:18:34,950] {spark_submit.py:514} INFO - Using properties file: null
[2022-01-02 12:18:39,458] {spark_submit.py:514} INFO - WARNING: An illegal reflective access operation has occurred
[2022-01-02 12:18:39,471] {spark_submit.py:514} INFO - WARNING: Illegal reflective access by org.apache.spark.unsafe.Platform (file:/home/***/.local/lib/python3.6/site-packages/pyspark/jars/spark-unsafe_2.12-3.2.0.jar) to constructor java.nio.DirectByteBuffer(long,int)
[2022-01-02 12:18:39,478] {spark_submit.py:514} INFO - WARNING: Please consider reporting this to the maintainers of org.apache.spark.unsafe.Platform
[2022-01-02 12:18:39,493] {spark_submit.py:514} INFO - WARNING: Use --illegal-access=warn to enable warnings of further illegal reflective access operations
[2022-01-02 12:18:39,501] {spark_submit.py:514} INFO - WARNING: All illegal access operations will be denied in a future release
[2022-01-02 12:18:41,515] {spark_submit.py:514} INFO - Parsed arguments:
[2022-01-02 12:18:41,518] {spark_submit.py:514} INFO - master                  spark://spark:7077
[2022-01-02 12:18:41,521] {spark_submit.py:514} INFO - deployMode              null
[2022-01-02 12:18:41,524] {spark_submit.py:514} INFO - executorMemory          null
[2022-01-02 12:18:41,526] {spark_submit.py:514} INFO - executorCores           null
[2022-01-02 12:18:41,538] {spark_submit.py:514} INFO - totalExecutorCores      null
[2022-01-02 12:18:41,544] {spark_submit.py:514} INFO - propertiesFile          null
[2022-01-02 12:18:41,546] {spark_submit.py:514} INFO - driverMemory            null
[2022-01-02 12:18:41,549] {spark_submit.py:514} INFO - driverCores             null
[2022-01-02 12:18:41,553] {spark_submit.py:514} INFO - driverExtraClassPath    null
[2022-01-02 12:18:41,556] {spark_submit.py:514} INFO - driverExtraLibraryPath  null
[2022-01-02 12:18:41,560] {spark_submit.py:514} INFO - driverExtraJavaOptions  null
[2022-01-02 12:18:41,562] {spark_submit.py:514} INFO - supervise               false
[2022-01-02 12:18:41,564] {spark_submit.py:514} INFO - queue                   null
[2022-01-02 12:18:41,567] {spark_submit.py:514} INFO - numExecutors            null
[2022-01-02 12:18:41,570] {spark_submit.py:514} INFO - files                   null
[2022-01-02 12:18:41,573] {spark_submit.py:514} INFO - pyFiles                 null
[2022-01-02 12:18:41,575] {spark_submit.py:514} INFO - archives                null
[2022-01-02 12:18:41,579] {spark_submit.py:514} INFO - mainClass               null
[2022-01-02 12:18:41,582] {spark_submit.py:514} INFO - primaryResource         file:/opt/***/jobs/get_ads_per_county.py
[2022-01-02 12:18:41,584] {spark_submit.py:514} INFO - name                    scrap data
[2022-01-02 12:18:41,586] {spark_submit.py:514} INFO - childArgs               [carlow]
[2022-01-02 12:18:41,590] {spark_submit.py:514} INFO - jars                    null
[2022-01-02 12:18:41,595] {spark_submit.py:514} INFO - packages                null
[2022-01-02 12:18:41,598] {spark_submit.py:514} INFO - packagesExclusions      null
[2022-01-02 12:18:41,602] {spark_submit.py:514} INFO - repositories            null
[2022-01-02 12:18:41,604] {spark_submit.py:514} INFO - verbose                 true
[2022-01-02 12:18:41,608] {spark_submit.py:514} INFO - 
[2022-01-02 12:18:41,611] {spark_submit.py:514} INFO - Spark properties used, including those specified through
[2022-01-02 12:18:41,614] {spark_submit.py:514} INFO - --conf and those from the properties file null:
[2022-01-02 12:18:41,617] {spark_submit.py:514} INFO - (spark.master,spark://spark:7077)
[2022-01-02 12:18:41,620] {spark_submit.py:514} INFO - 
[2022-01-02 12:18:41,623] {spark_submit.py:514} INFO - 
[2022-01-02 12:18:49,067] {spark_submit.py:514} INFO - Main class:
[2022-01-02 12:18:49,071] {spark_submit.py:514} INFO - org.apache.spark.deploy.PythonRunner
[2022-01-02 12:18:49,094] {spark_submit.py:514} INFO - Arguments:
[2022-01-02 12:18:49,096] {spark_submit.py:514} INFO - file:/opt/***/jobs/get_ads_per_county.py
[2022-01-02 12:18:49,100] {spark_submit.py:514} INFO - null
[2022-01-02 12:18:49,102] {spark_submit.py:514} INFO - carlow
[2022-01-02 12:18:49,105] {spark_submit.py:514} INFO - --verbose
[2022-01-02 12:18:49,163] {spark_submit.py:514} INFO - Spark config:
[2022-01-02 12:18:49,167] {spark_submit.py:514} INFO - (spark.app.name,scrap data)
[2022-01-02 12:18:49,170] {spark_submit.py:514} INFO - (spark.master,spark://spark:7077)
[2022-01-02 12:18:49,173] {spark_submit.py:514} INFO - (spark.submit.pyFiles,)
[2022-01-02 12:18:49,175] {spark_submit.py:514} INFO - (spark.submit.deployMode,client)
[2022-01-02 12:18:49,255] {spark_submit.py:514} INFO - Classpath elements:
[2022-01-02 12:18:49,257] {spark_submit.py:514} INFO - 
[2022-01-02 12:18:49,260] {spark_submit.py:514} INFO - 
[2022-01-02 12:18:49,264] {spark_submit.py:514} INFO - 
[2022-01-02 12:19:27,872] {spark_submit.py:514} INFO - Using Spark's default log4j profile: org/apache/spark/log4j-defaults.properties
[2022-01-02 12:19:28,012] {spark_submit.py:514} INFO - 22/01/02 12:19:27 INFO SparkContext: Running Spark version 3.2.0
[2022-01-02 12:19:30,553] {spark_submit.py:514} INFO - 22/01/02 12:19:30 WARN NativeCodeLoader: Unable to load native-hadoop library for your platform... using builtin-java classes where applicable
[2022-01-02 12:19:32,930] {spark_submit.py:514} INFO - 22/01/02 12:19:32 INFO ResourceUtils: ==============================================================
[2022-01-02 12:19:32,933] {spark_submit.py:514} INFO - 22/01/02 12:19:32 INFO ResourceUtils: No custom resources configured for spark.driver.
[2022-01-02 12:19:32,935] {spark_submit.py:514} INFO - 22/01/02 12:19:32 INFO ResourceUtils: ==============================================================
[2022-01-02 12:19:32,970] {spark_submit.py:514} INFO - 22/01/02 12:19:32 INFO SparkContext: Submitted application: Get Ads per county
[2022-01-02 12:19:33,372] {spark_submit.py:514} INFO - 22/01/02 12:19:33 INFO ResourceProfile: Default ResourceProfile created, executor resources: Map(cores -> name: cores, amount: 1, script: , vendor: , memory -> name: memory, amount: 1024, script: , vendor: , offHeap -> name: offHeap, amount: 0, script: , vendor: ), task resources: Map(cpus -> name: cpus, amount: 1.0)
[2022-01-02 12:19:33,497] {spark_submit.py:514} INFO - 22/01/02 12:19:33 INFO ResourceProfile: Limiting resource is cpu
[2022-01-02 12:19:33,503] {spark_submit.py:514} INFO - 22/01/02 12:19:33 INFO ResourceProfileManager: Added ResourceProfile id: 0
[2022-01-02 12:19:34,266] {spark_submit.py:514} INFO - 22/01/02 12:19:34 INFO SecurityManager: Changing view acls to: ***
[2022-01-02 12:19:34,272] {spark_submit.py:514} INFO - 22/01/02 12:19:34 INFO SecurityManager: Changing modify acls to: ***
[2022-01-02 12:19:34,278] {spark_submit.py:514} INFO - 22/01/02 12:19:34 INFO SecurityManager: Changing view acls groups to:
[2022-01-02 12:19:34,284] {spark_submit.py:514} INFO - 22/01/02 12:19:34 INFO SecurityManager: Changing modify acls groups to:
[2022-01-02 12:19:34,287] {spark_submit.py:514} INFO - 22/01/02 12:19:34 INFO SecurityManager: SecurityManager: authentication disabled; ui acls disabled; users  with view permissions: Set(***); groups with view permissions: Set(); users  with modify permissions: Set(***); groups with modify permissions: Set()
[2022-01-02 12:19:39,082] {spark_submit.py:514} INFO - 22/01/02 12:19:39 INFO Utils: Successfully started service 'sparkDriver' on port 39761.
[2022-01-02 12:19:39,872] {spark_submit.py:514} INFO - 22/01/02 12:19:39 INFO SparkEnv: Registering MapOutputTracker
[2022-01-02 12:19:41,663] {spark_submit.py:514} INFO - 22/01/02 12:19:41 INFO SparkEnv: Registering BlockManagerMaster
[2022-01-02 12:19:42,251] {spark_submit.py:514} INFO - 22/01/02 12:19:42 INFO BlockManagerMasterEndpoint: Using org.apache.spark.storage.DefaultTopologyMapper for getting topology information
[2022-01-02 12:19:42,295] {spark_submit.py:514} INFO - 22/01/02 12:19:42 INFO BlockManagerMasterEndpoint: BlockManagerMasterEndpoint up
[2022-01-02 12:19:42,406] {spark_submit.py:514} INFO - 22/01/02 12:19:42 INFO SparkEnv: Registering BlockManagerMasterHeartbeat
[2022-01-02 12:19:43,073] {spark_submit.py:514} INFO - 22/01/02 12:19:43 INFO DiskBlockManager: Created local directory at /tmp/blockmgr-906160bc-9f35-43e4-82f1-0afe1ef3e8a0
[2022-01-02 12:19:43,746] {spark_submit.py:514} INFO - 22/01/02 12:19:43 INFO MemoryStore: MemoryStore started with capacity 434.4 MiB
[2022-01-02 12:19:44,168] {spark_submit.py:514} INFO - 22/01/02 12:19:44 INFO SparkEnv: Registering OutputCommitCoordinator
[2022-01-02 12:19:48,929] {spark_submit.py:514} INFO - 22/01/02 12:19:48 WARN Utils: Service 'SparkUI' could not bind on port 4040. Attempting port 4041.
[2022-01-02 12:19:48,953] {spark_submit.py:514} INFO - 22/01/02 12:19:48 WARN Utils: Service 'SparkUI' could not bind on port 4041. Attempting port 4042.
[2022-01-02 12:19:48,965] {spark_submit.py:514} INFO - 22/01/02 12:19:48 WARN Utils: Service 'SparkUI' could not bind on port 4042. Attempting port 4043.
[2022-01-02 12:19:48,982] {spark_submit.py:514} INFO - 22/01/02 12:19:48 WARN Utils: Service 'SparkUI' could not bind on port 4043. Attempting port 4044.
[2022-01-02 12:19:48,984] {spark_submit.py:514} INFO - 22/01/02 12:19:48 WARN Utils: Service 'SparkUI' could not bind on port 4044. Attempting port 4045.
[2022-01-02 12:19:48,986] {spark_submit.py:514} INFO - 22/01/02 12:19:48 WARN Utils: Service 'SparkUI' could not bind on port 4045. Attempting port 4046.
[2022-01-02 12:19:49,015] {spark_submit.py:514} INFO - 22/01/02 12:19:49 WARN Utils: Service 'SparkUI' could not bind on port 4046. Attempting port 4047.
[2022-01-02 12:19:49,020] {spark_submit.py:514} INFO - 22/01/02 12:19:49 WARN Utils: Service 'SparkUI' could not bind on port 4047. Attempting port 4048.
[2022-01-02 12:19:49,025] {spark_submit.py:514} INFO - 22/01/02 12:19:49 WARN Utils: Service 'SparkUI' could not bind on port 4048. Attempting port 4049.
[2022-01-02 12:19:49,148] {spark_submit.py:514} INFO - 22/01/02 12:19:49 INFO Utils: Successfully started service 'SparkUI' on port 4049.
[2022-01-02 12:19:52,149] {spark_submit.py:514} INFO - 22/01/02 12:19:52 INFO SparkUI: Bound SparkUI to 0.0.0.0, and started at http://bbddfc72aeab:4049
[2022-01-02 12:19:57,440] {spark_submit.py:514} INFO - 22/01/02 12:19:57 INFO StandaloneAppClient$ClientEndpoint: Connecting to master spark://spark:7077...
[2022-01-02 12:19:59,175] {spark_submit.py:514} INFO - 22/01/02 12:19:59 INFO TransportClientFactory: Successfully created connection to spark/172.22.0.4:7077 after 287 ms (0 ms spent in bootstraps)
[2022-01-02 12:19:59,938] {spark_submit.py:514} INFO - 22/01/02 12:19:59 INFO StandaloneSchedulerBackend: Connected to Spark cluster with app ID app-20220102121959-0026
[2022-01-02 12:19:59,978] {spark_submit.py:514} INFO - 22/01/02 12:19:59 INFO Utils: Successfully started service 'org.apache.spark.network.netty.NettyBlockTransferService' on port 42411.
[2022-01-02 12:19:59,987] {spark_submit.py:514} INFO - 22/01/02 12:19:59 INFO NettyBlockTransferService: Server created on bbddfc72aeab:42411
[2022-01-02 12:19:59,990] {spark_submit.py:514} INFO - 22/01/02 12:19:59 INFO BlockManager: Using org.apache.spark.storage.RandomBlockReplicationPolicy for block replication policy
[2022-01-02 12:20:00,171] {spark_submit.py:514} INFO - 22/01/02 12:20:00 INFO BlockManagerMaster: Registering BlockManager BlockManagerId(driver, bbddfc72aeab, 42411, None)
[2022-01-02 12:20:00,207] {spark_submit.py:514} INFO - 22/01/02 12:20:00 INFO BlockManagerMasterEndpoint: Registering block manager bbddfc72aeab:42411 with 434.4 MiB RAM, BlockManagerId(driver, bbddfc72aeab, 42411, None)
[2022-01-02 12:20:00,215] {spark_submit.py:514} INFO - 22/01/02 12:20:00 INFO BlockManagerMaster: Registered BlockManager BlockManagerId(driver, bbddfc72aeab, 42411, None)
[2022-01-02 12:20:00,218] {spark_submit.py:514} INFO - 22/01/02 12:20:00 INFO BlockManager: Initialized BlockManager: BlockManagerId(driver, bbddfc72aeab, 42411, None)
[2022-01-02 12:20:05,789] {spark_submit.py:514} INFO - 22/01/02 12:20:05 INFO StandaloneSchedulerBackend: SchedulerBackend is ready for scheduling beginning after reached minRegisteredResourcesRatio: 0.0
[2022-01-02 12:20:07,207] {spark_submit.py:514} INFO - /home/***/.local/lib/python3.6/site-packages/pyspark/python/lib/pyspark.zip/pyspark/context.py:238: FutureWarning: Python 3.6 support is deprecated in Spark 3.2.
[2022-01-02 12:20:07,208] {spark_submit.py:514} INFO - FutureWarning
[2022-01-02 12:20:19,132] {spark_submit.py:514} INFO - 22/01/02 12:20:19 INFO AsyncEventQueue: Process of event SparkListenerExecutorMetricsUpdate(driver,WrappedArray(),Map((-1,-1) -> org.apache.spark.executor.ExecutorMetrics@6661fbb0)) by listener AppStatusListener took 9.6079723s.
[2022-01-02 12:20:32,663] {spark_submit.py:514} INFO - 22/01/02 12:20:32 INFO SharedState: Setting hive.metastore.warehouse.dir ('null') to the value of spark.sql.warehouse.dir.
[2022-01-02 12:20:33,596] {spark_submit.py:514} INFO - 22/01/02 12:20:33 INFO SharedState: Warehouse path is 'file:/opt/***/spark-warehouse'.
[2022-01-02 12:21:59,676] {spark_submit.py:514} INFO - running...
[2022-01-02 12:22:04,490] {spark_submit.py:514} INFO - running...
[2022-01-02 12:22:07,967] {spark_submit.py:514} INFO - running...
[2022-01-02 12:22:12,912] {spark_submit.py:514} INFO - running...
[2022-01-02 12:22:22,966] {spark_submit.py:514} INFO - running...
[2022-01-02 12:22:25,906] {spark_submit.py:514} INFO - running...
[2022-01-02 12:22:29,010] {spark_submit.py:514} INFO - running...
[2022-01-02 12:22:30,147] {spark_submit.py:514} INFO - running...
[2022-01-02 12:22:32,405] {spark_submit.py:514} INFO - running...
[2022-01-02 12:22:37,855] {spark_submit.py:514} INFO - running...
[2022-01-02 12:22:39,369] {spark_submit.py:514} INFO - running...
[2022-01-02 12:22:45,948] {spark_submit.py:514} INFO - 22/01/02 12:22:45 INFO SparkContext: Invoking stop() from shutdown hook
[2022-01-02 12:22:46,823] {spark_submit.py:514} INFO - 22/01/02 12:22:46 INFO SparkUI: Stopped Spark web UI at http://bbddfc72aeab:4049
[2022-01-02 12:22:47,092] {spark_submit.py:514} INFO - 22/01/02 12:22:47 INFO StandaloneSchedulerBackend: Shutting down all executors
[2022-01-02 12:22:47,490] {spark_submit.py:514} INFO - 22/01/02 12:22:47 INFO CoarseGrainedSchedulerBackend$DriverEndpoint: Asking each executor to shut down
[2022-01-02 12:22:47,878] {spark_submit.py:514} INFO - 22/01/02 12:22:47 INFO MapOutputTrackerMasterEndpoint: MapOutputTrackerMasterEndpoint stopped!
[2022-01-02 12:22:48,457] {spark_submit.py:514} INFO - 22/01/02 12:22:48 INFO MemoryStore: MemoryStore cleared
[2022-01-02 12:22:48,508] {spark_submit.py:514} INFO - 22/01/02 12:22:48 INFO BlockManager: BlockManager stopped
[2022-01-02 12:22:48,711] {spark_submit.py:514} INFO - 22/01/02 12:22:48 INFO BlockManagerMaster: BlockManagerMaster stopped
[2022-01-02 12:22:48,782] {spark_submit.py:514} INFO - 22/01/02 12:22:48 INFO OutputCommitCoordinator$OutputCommitCoordinatorEndpoint: OutputCommitCoordinator stopped!
[2022-01-02 12:22:49,160] {spark_submit.py:514} INFO - 22/01/02 12:22:49 INFO SparkContext: Successfully stopped SparkContext
[2022-01-02 12:22:49,168] {spark_submit.py:514} INFO - 22/01/02 12:22:49 INFO ShutdownHookManager: Shutdown hook called
[2022-01-02 12:22:49,191] {spark_submit.py:514} INFO - 22/01/02 12:22:49 INFO ShutdownHookManager: Deleting directory /tmp/spark-1c17a555-0147-49e2-b0c8-5e77fc6b149f
[2022-01-02 12:22:49,234] {spark_submit.py:514} INFO - 22/01/02 12:22:49 INFO ShutdownHookManager: Deleting directory /tmp/spark-1c17a555-0147-49e2-b0c8-5e77fc6b149f/pyspark-4eab51d0-cb61-4bd2-b7a3-9386d8979765
[2022-01-02 12:22:49,276] {spark_submit.py:514} INFO - 22/01/02 12:22:49 INFO ShutdownHookManager: Deleting directory /tmp/spark-53cd1cc2-3fc8-4c31-9fe4-68ed2546f93d
[2022-01-02 12:22:53,254] {taskinstance.py:1280} INFO - Marking task as SUCCESS. dag_id=scraping_daft_carlow, task_id=scrap_data, execution_date=20220101T090500, start_date=20220102T121702, end_date=20220102T122253
[2022-01-02 12:22:54,328] {local_task_job.py:154} INFO - Task exited with return code 0
[2022-01-02 12:23:00,215] {local_task_job.py:264} INFO - 0 downstream tasks scheduled from follow-on schedule check
