[2021-12-07 20:17:36,469] {taskinstance.py:1035} INFO - Dependencies all met for <TaskInstance: scraping_daft_wexford.waiting_for_file manual__2021-12-07T20:16:18.744057+00:00 [queued]>
[2021-12-07 20:17:36,486] {taskinstance.py:1035} INFO - Dependencies all met for <TaskInstance: scraping_daft_wexford.waiting_for_file manual__2021-12-07T20:16:18.744057+00:00 [queued]>
[2021-12-07 20:17:36,487] {taskinstance.py:1241} INFO - 
--------------------------------------------------------------------------------
[2021-12-07 20:17:36,487] {taskinstance.py:1242} INFO - Starting attempt 1 of 3
[2021-12-07 20:17:36,488] {taskinstance.py:1243} INFO - 
--------------------------------------------------------------------------------
[2021-12-07 20:17:36,506] {taskinstance.py:1262} INFO - Executing <Task(FileSensor): waiting_for_file> on 2021-12-07 20:16:18.744057+00:00
[2021-12-07 20:17:36,517] {standard_task_runner.py:76} INFO - Running: ['***', 'tasks', 'run', 'scraping_daft_wexford', 'waiting_for_file', 'manual__2021-12-07T20:16:18.744057+00:00', '--job-id', '518', '--raw', '--subdir', 'DAGS_FOLDER/scraping_daft_wexford.py', '--cfg-path', '/tmp/tmp4l42rcjr', '--error-file', '/tmp/tmpss7lj8h_']
[2021-12-07 20:17:36,519] {standard_task_runner.py:77} INFO - Job 518: Subtask waiting_for_file
[2021-12-07 20:17:36,513] {standard_task_runner.py:52} INFO - Started process 9202 to run task
[2021-12-07 20:17:36,628] {logging_mixin.py:109} INFO - Running <TaskInstance: scraping_daft_wexford.waiting_for_file manual__2021-12-07T20:16:18.744057+00:00 [running]> on host 041e6f8654c3
[2021-12-07 20:17:36,789] {taskinstance.py:1429} INFO - Exporting the following env vars:
AIRFLOW_CTX_DAG_EMAIL=***@example.com
AIRFLOW_CTX_DAG_OWNER=clemoni
AIRFLOW_CTX_DAG_ID=scraping_daft_wexford
AIRFLOW_CTX_TASK_ID=waiting_for_file
AIRFLOW_CTX_EXECUTION_DATE=2021-12-07T20:16:18.744057+00:00
AIRFLOW_CTX_DAG_RUN_ID=manual__2021-12-07T20:16:18.744057+00:00
[2021-12-07 20:17:36,840] {filesystem.py:59} INFO - Poking for file data/wexford_rent.json
[2021-12-07 20:17:36,844] {filesystem.py:65} INFO - Found File data/wexford_rent.json last modified: 20211207201735
[2021-12-07 20:17:36,844] {base.py:249} INFO - Success criteria met. Exiting.
[2021-12-07 20:17:36,890] {taskinstance.py:1280} INFO - Marking task as SUCCESS. dag_id=scraping_daft_wexford, task_id=waiting_for_file, execution_date=20211207T201618, start_date=20211207T201736, end_date=20211207T201736
[2021-12-07 20:17:36,939] {local_task_job.py:154} INFO - Task exited with return code 0
[2021-12-07 20:17:37,069] {local_task_job.py:264} INFO - 1 downstream tasks scheduled from follow-on schedule check
