[2021-12-29 15:55:50,469] {taskinstance.py:1035} INFO - Dependencies all met for <TaskInstance: scraping_daft_tipperary.persist_data scheduled__2021-12-28T10:50:00+00:00 [queued]>
[2021-12-29 15:55:50,613] {taskinstance.py:1035} INFO - Dependencies all met for <TaskInstance: scraping_daft_tipperary.persist_data scheduled__2021-12-28T10:50:00+00:00 [queued]>
[2021-12-29 15:55:50,615] {taskinstance.py:1241} INFO - 
--------------------------------------------------------------------------------
[2021-12-29 15:55:50,619] {taskinstance.py:1242} INFO - Starting attempt 1 of 4
[2021-12-29 15:55:50,620] {taskinstance.py:1243} INFO - 
--------------------------------------------------------------------------------
[2021-12-29 15:55:50,654] {taskinstance.py:1262} INFO - Executing <Task(SparkSubmitOperator): persist_data> on 2021-12-28 10:50:00+00:00
[2021-12-29 15:55:50,665] {standard_task_runner.py:52} INFO - Started process 9097 to run task
[2021-12-29 15:55:50,733] {standard_task_runner.py:76} INFO - Running: ['***', 'tasks', 'run', 'scraping_daft_tipperary', 'persist_data', 'scheduled__2021-12-28T10:50:00+00:00', '--job-id', '5461', '--raw', '--subdir', 'DAGS_FOLDER/scraping_daft_tipperary.py', '--cfg-path', '/tmp/tmphl5xl4z6', '--error-file', '/tmp/tmphiv4hj1h']
[2021-12-29 15:55:50,753] {standard_task_runner.py:77} INFO - Job 5461: Subtask persist_data
[2021-12-29 15:55:51,088] {logging_mixin.py:109} INFO - Running <TaskInstance: scraping_daft_tipperary.persist_data scheduled__2021-12-28T10:50:00+00:00 [running]> on host bb41737934b2
[2021-12-29 15:55:51,637] {taskinstance.py:1429} INFO - Exporting the following env vars:
AIRFLOW_CTX_DAG_EMAIL=clement.liscoet@gmail.com
AIRFLOW_CTX_DAG_OWNER=clemoni
AIRFLOW_CTX_DAG_ID=scraping_daft_tipperary
AIRFLOW_CTX_TASK_ID=persist_data
AIRFLOW_CTX_EXECUTION_DATE=2021-12-28T10:50:00+00:00
AIRFLOW_CTX_DAG_RUN_ID=scheduled__2021-12-28T10:50:00+00:00
[2021-12-29 15:55:51,698] {base.py:79} INFO - Using connection to: id: spark_default. Host: spark://spark:7077, Port: None, Schema: , Login: ***, Password: ***, extra: {}
[2021-12-29 15:55:51,703] {spark_submit.py:360} INFO - Spark-Submit cmd: spark-submit --master spark://spark:7077 --conf spark.master=spark://spark:7077 --name persist data --verbose /opt/***/jobs/persist_db.py tipperary
[2021-12-29 15:56:02,951] {spark_submit.py:514} INFO - Using properties file: null
[2021-12-29 15:56:03,484] {spark_submit.py:514} INFO - WARNING: An illegal reflective access operation has occurred
[2021-12-29 15:56:03,495] {spark_submit.py:514} INFO - WARNING: Illegal reflective access by org.apache.spark.unsafe.Platform (file:/home/***/.local/lib/python3.6/site-packages/pyspark/jars/spark-unsafe_2.12-3.2.0.jar) to constructor java.nio.DirectByteBuffer(long,int)
[2021-12-29 15:56:03,514] {spark_submit.py:514} INFO - WARNING: Please consider reporting this to the maintainers of org.apache.spark.unsafe.Platform
[2021-12-29 15:56:03,530] {spark_submit.py:514} INFO - WARNING: Use --illegal-access=warn to enable warnings of further illegal reflective access operations
[2021-12-29 15:56:03,552] {spark_submit.py:514} INFO - WARNING: All illegal access operations will be denied in a future release
[2021-12-29 15:56:03,852] {spark_submit.py:514} INFO - Parsed arguments:
[2021-12-29 15:56:03,863] {spark_submit.py:514} INFO - master                  spark://spark:7077
[2021-12-29 15:56:03,873] {spark_submit.py:514} INFO - deployMode              null
[2021-12-29 15:56:03,883] {spark_submit.py:514} INFO - executorMemory          null
[2021-12-29 15:56:03,890] {spark_submit.py:514} INFO - executorCores           null
[2021-12-29 15:56:03,894] {spark_submit.py:514} INFO - totalExecutorCores      null
[2021-12-29 15:56:03,900] {spark_submit.py:514} INFO - propertiesFile          null
[2021-12-29 15:56:03,903] {spark_submit.py:514} INFO - driverMemory            null
[2021-12-29 15:56:03,907] {spark_submit.py:514} INFO - driverCores             null
[2021-12-29 15:56:03,920] {spark_submit.py:514} INFO - driverExtraClassPath    null
[2021-12-29 15:56:03,931] {spark_submit.py:514} INFO - driverExtraLibraryPath  null
[2021-12-29 15:56:03,952] {spark_submit.py:514} INFO - driverExtraJavaOptions  null
[2021-12-29 15:56:03,962] {spark_submit.py:514} INFO - supervise               false
[2021-12-29 15:56:03,966] {spark_submit.py:514} INFO - queue                   null
[2021-12-29 15:56:03,974] {spark_submit.py:514} INFO - numExecutors            null
[2021-12-29 15:56:03,983] {spark_submit.py:514} INFO - files                   null
[2021-12-29 15:56:03,987] {spark_submit.py:514} INFO - pyFiles                 null
[2021-12-29 15:56:03,995] {spark_submit.py:514} INFO - archives                null
[2021-12-29 15:56:04,002] {spark_submit.py:514} INFO - mainClass               null
[2021-12-29 15:56:04,006] {spark_submit.py:514} INFO - primaryResource         file:/opt/***/jobs/persist_db.py
[2021-12-29 15:56:04,014] {spark_submit.py:514} INFO - name                    persist data
[2021-12-29 15:56:04,024] {spark_submit.py:514} INFO - childArgs               [tipperary]
[2021-12-29 15:56:04,040] {spark_submit.py:514} INFO - jars                    null
[2021-12-29 15:56:04,047] {spark_submit.py:514} INFO - packages                null
[2021-12-29 15:56:04,056] {spark_submit.py:514} INFO - packagesExclusions      null
[2021-12-29 15:56:04,064] {spark_submit.py:514} INFO - repositories            null
[2021-12-29 15:56:04,077] {spark_submit.py:514} INFO - verbose                 true
[2021-12-29 15:56:04,088] {spark_submit.py:514} INFO - 
[2021-12-29 15:56:04,098] {spark_submit.py:514} INFO - Spark properties used, including those specified through
[2021-12-29 15:56:04,107] {spark_submit.py:514} INFO - --conf and those from the properties file null:
[2021-12-29 15:56:04,114] {spark_submit.py:514} INFO - (spark.master,spark://spark:7077)
[2021-12-29 15:56:04,128] {spark_submit.py:514} INFO - 
[2021-12-29 15:56:04,133] {spark_submit.py:514} INFO - 
[2021-12-29 15:56:09,167] {spark_submit.py:514} INFO - Main class:
[2021-12-29 15:56:09,177] {spark_submit.py:514} INFO - org.apache.spark.deploy.PythonRunner
[2021-12-29 15:56:09,195] {spark_submit.py:514} INFO - Arguments:
[2021-12-29 15:56:09,198] {spark_submit.py:514} INFO - file:/opt/***/jobs/persist_db.py
[2021-12-29 15:56:09,199] {spark_submit.py:514} INFO - null
[2021-12-29 15:56:09,201] {spark_submit.py:514} INFO - tipperary
[2021-12-29 15:56:09,202] {spark_submit.py:514} INFO - --verbose
[2021-12-29 15:56:09,293] {spark_submit.py:514} INFO - Spark config:
[2021-12-29 15:56:09,295] {spark_submit.py:514} INFO - (spark.master,spark://spark:7077)
[2021-12-29 15:56:09,296] {spark_submit.py:514} INFO - (spark.app.name,persist data)
[2021-12-29 15:56:09,298] {spark_submit.py:514} INFO - (spark.submit.pyFiles,)
[2021-12-29 15:56:09,299] {spark_submit.py:514} INFO - (spark.submit.deployMode,client)
[2021-12-29 15:56:09,301] {spark_submit.py:514} INFO - Classpath elements:
[2021-12-29 15:56:09,303] {spark_submit.py:514} INFO - 
[2021-12-29 15:56:09,321] {spark_submit.py:514} INFO - 
[2021-12-29 15:56:09,323] {spark_submit.py:514} INFO - 
[2021-12-29 15:56:18,556] {spark_submit.py:514} INFO - Using Spark's default log4j profile: org/apache/spark/log4j-defaults.properties
[2021-12-29 15:56:18,641] {spark_submit.py:514} INFO - 21/12/29 15:56:18 INFO SparkContext: Running Spark version 3.2.0
[2021-12-29 15:56:20,096] {spark_submit.py:514} INFO - 21/12/29 15:56:20 WARN NativeCodeLoader: Unable to load native-hadoop library for your platform... using builtin-java classes where applicable
[2021-12-29 15:56:23,940] {spark_submit.py:514} INFO - 21/12/29 15:56:23 INFO ResourceUtils: ==============================================================
[2021-12-29 15:56:23,952] {spark_submit.py:514} INFO - 21/12/29 15:56:23 INFO ResourceUtils: No custom resources configured for spark.driver.
[2021-12-29 15:56:23,995] {spark_submit.py:514} INFO - 21/12/29 15:56:23 INFO ResourceUtils: ==============================================================
[2021-12-29 15:56:24,010] {spark_submit.py:514} INFO - 21/12/29 15:56:24 INFO SparkContext: Submitted application: Persist DB
[2021-12-29 15:56:24,706] {spark_submit.py:514} INFO - 21/12/29 15:56:24 INFO ResourceProfile: Default ResourceProfile created, executor resources: Map(cores -> name: cores, amount: 1, script: , vendor: , memory -> name: memory, amount: 1024, script: , vendor: , offHeap -> name: offHeap, amount: 0, script: , vendor: ), task resources: Map(cpus -> name: cpus, amount: 1.0)
[2021-12-29 15:56:24,958] {spark_submit.py:514} INFO - 21/12/29 15:56:24 INFO ResourceProfile: Limiting resource is cpu
[2021-12-29 15:56:24,966] {spark_submit.py:514} INFO - 21/12/29 15:56:24 INFO ResourceProfileManager: Added ResourceProfile id: 0
[2021-12-29 15:56:26,126] {spark_submit.py:514} INFO - 21/12/29 15:56:26 INFO SecurityManager: Changing view acls to: ***
[2021-12-29 15:56:26,128] {spark_submit.py:514} INFO - 21/12/29 15:56:26 INFO SecurityManager: Changing modify acls to: ***
[2021-12-29 15:56:26,130] {spark_submit.py:514} INFO - 21/12/29 15:56:26 INFO SecurityManager: Changing view acls groups to:
[2021-12-29 15:56:26,140] {spark_submit.py:514} INFO - 21/12/29 15:56:26 INFO SecurityManager: Changing modify acls groups to:
[2021-12-29 15:56:26,168] {spark_submit.py:514} INFO - 21/12/29 15:56:26 INFO SecurityManager: SecurityManager: authentication disabled; ui acls disabled; users  with view permissions: Set(***); groups with view permissions: Set(); users  with modify permissions: Set(***); groups with modify permissions: Set()
[2021-12-29 15:56:29,509] {spark_submit.py:514} INFO - 21/12/29 15:56:29 INFO Utils: Successfully started service 'sparkDriver' on port 36681.
[2021-12-29 15:56:30,025] {spark_submit.py:514} INFO - 21/12/29 15:56:30 INFO SparkEnv: Registering MapOutputTracker
[2021-12-29 15:56:30,510] {spark_submit.py:514} INFO - 21/12/29 15:56:30 INFO SparkEnv: Registering BlockManagerMaster
[2021-12-29 15:56:30,755] {spark_submit.py:514} INFO - 21/12/29 15:56:30 INFO BlockManagerMasterEndpoint: Using org.apache.spark.storage.DefaultTopologyMapper for getting topology information
[2021-12-29 15:56:30,762] {spark_submit.py:514} INFO - 21/12/29 15:56:30 INFO BlockManagerMasterEndpoint: BlockManagerMasterEndpoint up
[2021-12-29 15:56:30,932] {spark_submit.py:514} INFO - 21/12/29 15:56:30 INFO SparkEnv: Registering BlockManagerMasterHeartbeat
[2021-12-29 15:56:31,124] {spark_submit.py:514} INFO - 21/12/29 15:56:31 INFO DiskBlockManager: Created local directory at /tmp/blockmgr-775c13dc-1a7e-4a75-8b67-30b8052aefdc
[2021-12-29 15:56:31,232] {spark_submit.py:514} INFO - 21/12/29 15:56:31 INFO MemoryStore: MemoryStore started with capacity 434.4 MiB
[2021-12-29 15:56:31,451] {spark_submit.py:514} INFO - 21/12/29 15:56:31 INFO SparkEnv: Registering OutputCommitCoordinator
[2021-12-29 15:56:34,129] {spark_submit.py:514} INFO - 21/12/29 15:56:34 INFO Utils: Successfully started service 'SparkUI' on port 4040.
[2021-12-29 15:56:35,663] {spark_submit.py:514} INFO - 21/12/29 15:56:35 INFO SparkUI: Bound SparkUI to 0.0.0.0, and started at http://bb41737934b2:4040
[2021-12-29 15:56:37,496] {spark_submit.py:514} INFO - 21/12/29 15:56:37 INFO StandaloneAppClient$ClientEndpoint: Connecting to master spark://spark:7077...
[2021-12-29 15:56:38,360] {spark_submit.py:514} INFO - 21/12/29 15:56:38 INFO TransportClientFactory: Successfully created connection to spark/172.18.0.4:7077 after 478 ms (0 ms spent in bootstraps)
[2021-12-29 15:56:39,278] {spark_submit.py:514} INFO - 21/12/29 15:56:39 INFO StandaloneSchedulerBackend: Connected to Spark cluster with app ID app-20211229155639-0031
[2021-12-29 15:56:39,330] {spark_submit.py:514} INFO - 21/12/29 15:56:39 INFO StandaloneAppClient$ClientEndpoint: Executor added: app-20211229155639-0031/0 on worker-20211229141102-172.18.0.6-42885 (172.18.0.6:42885) with 6 core(s)
[2021-12-29 15:56:39,374] {spark_submit.py:514} INFO - 21/12/29 15:56:39 INFO StandaloneSchedulerBackend: Granted executor ID app-20211229155639-0031/0 on hostPort 172.18.0.6:42885 with 6 core(s), 1024.0 MiB RAM
[2021-12-29 15:56:39,376] {spark_submit.py:514} INFO - 21/12/29 15:56:39 INFO StandaloneAppClient$ClientEndpoint: Executor added: app-20211229155639-0031/1 on worker-20211229141102-172.18.0.5-43961 (172.18.0.5:43961) with 6 core(s)
[2021-12-29 15:56:39,380] {spark_submit.py:514} INFO - 21/12/29 15:56:39 INFO StandaloneSchedulerBackend: Granted executor ID app-20211229155639-0031/1 on hostPort 172.18.0.5:43961 with 6 core(s), 1024.0 MiB RAM
[2021-12-29 15:56:39,494] {spark_submit.py:514} INFO - 21/12/29 15:56:39 INFO Utils: Successfully started service 'org.apache.spark.network.netty.NettyBlockTransferService' on port 32815.
[2021-12-29 15:56:39,504] {spark_submit.py:514} INFO - 21/12/29 15:56:39 INFO NettyBlockTransferService: Server created on bb41737934b2:32815
[2021-12-29 15:56:39,541] {spark_submit.py:514} INFO - 21/12/29 15:56:39 INFO BlockManager: Using org.apache.spark.storage.RandomBlockReplicationPolicy for block replication policy
[2021-12-29 15:56:39,591] {spark_submit.py:514} INFO - 21/12/29 15:56:39 INFO StandaloneAppClient$ClientEndpoint: Executor updated: app-20211229155639-0031/1 is now RUNNING
[2021-12-29 15:56:39,603] {spark_submit.py:514} INFO - 21/12/29 15:56:39 INFO StandaloneAppClient$ClientEndpoint: Executor updated: app-20211229155639-0031/0 is now RUNNING
[2021-12-29 15:56:39,636] {spark_submit.py:514} INFO - 21/12/29 15:56:39 INFO BlockManagerMaster: Registering BlockManager BlockManagerId(driver, bb41737934b2, 32815, None)
[2021-12-29 15:56:39,668] {spark_submit.py:514} INFO - 21/12/29 15:56:39 INFO BlockManagerMasterEndpoint: Registering block manager bb41737934b2:32815 with 434.4 MiB RAM, BlockManagerId(driver, bb41737934b2, 32815, None)
[2021-12-29 15:56:39,679] {spark_submit.py:514} INFO - 21/12/29 15:56:39 INFO BlockManagerMaster: Registered BlockManager BlockManagerId(driver, bb41737934b2, 32815, None)
[2021-12-29 15:56:39,686] {spark_submit.py:514} INFO - 21/12/29 15:56:39 INFO BlockManager: Initialized BlockManager: BlockManagerId(driver, bb41737934b2, 32815, None)
[2021-12-29 15:56:42,041] {spark_submit.py:514} INFO - 21/12/29 15:56:42 INFO StandaloneSchedulerBackend: SchedulerBackend is ready for scheduling beginning after reached minRegisteredResourcesRatio: 0.0
[2021-12-29 15:56:42,385] {spark_submit.py:514} INFO - /home/***/.local/lib/python3.6/site-packages/pyspark/python/lib/pyspark.zip/pyspark/context.py:238: FutureWarning: Python 3.6 support is deprecated in Spark 3.2.
[2021-12-29 15:56:42,386] {spark_submit.py:514} INFO - FutureWarning
[2021-12-29 15:56:45,605] {spark_submit.py:514} INFO - 21/12/29 15:56:45 INFO SharedState: Setting hive.metastore.warehouse.dir ('null') to the value of spark.sql.warehouse.dir.
[2021-12-29 15:56:46,172] {spark_submit.py:514} INFO - 21/12/29 15:56:46 INFO SharedState: Warehouse path is 'file:/opt/***/spark-warehouse'.
[2021-12-29 15:56:47,361] {spark_submit.py:514} INFO - 21/12/29 15:56:47 INFO StandaloneAppClient$ClientEndpoint: Executor updated: app-20211229155639-0031/1 is now EXITED (Command exited with code 1)
[2021-12-29 15:56:47,379] {spark_submit.py:514} INFO - 21/12/29 15:56:47 INFO StandaloneSchedulerBackend: Executor app-20211229155639-0031/1 removed: Command exited with code 1
[2021-12-29 15:56:47,388] {spark_submit.py:514} INFO - 21/12/29 15:56:47 INFO StandaloneAppClient$ClientEndpoint: Executor added: app-20211229155639-0031/2 on worker-20211229141102-172.18.0.5-43961 (172.18.0.5:43961) with 6 core(s)
[2021-12-29 15:56:47,389] {spark_submit.py:514} INFO - 21/12/29 15:56:47 INFO StandaloneSchedulerBackend: Granted executor ID app-20211229155639-0031/2 on hostPort 172.18.0.5:43961 with 6 core(s), 1024.0 MiB RAM
[2021-12-29 15:56:47,406] {spark_submit.py:514} INFO - 21/12/29 15:56:47 INFO BlockManagerMaster: Removal of executor 1 requested
[2021-12-29 15:56:47,408] {spark_submit.py:514} INFO - 21/12/29 15:56:47 INFO CoarseGrainedSchedulerBackend$DriverEndpoint: Asked to remove non-existent executor 1
[2021-12-29 15:56:47,413] {spark_submit.py:514} INFO - 21/12/29 15:56:47 INFO StandaloneAppClient$ClientEndpoint: Executor updated: app-20211229155639-0031/0 is now EXITED (Command exited with code 1)
[2021-12-29 15:56:47,415] {spark_submit.py:514} INFO - 21/12/29 15:56:47 INFO StandaloneSchedulerBackend: Executor app-20211229155639-0031/0 removed: Command exited with code 1
[2021-12-29 15:56:47,427] {spark_submit.py:514} INFO - 21/12/29 15:56:47 INFO BlockManagerMaster: Removal of executor 0 requested
[2021-12-29 15:56:47,431] {spark_submit.py:514} INFO - 21/12/29 15:56:47 INFO StandaloneAppClient$ClientEndpoint: Executor added: app-20211229155639-0031/3 on worker-20211229141102-172.18.0.6-42885 (172.18.0.6:42885) with 6 core(s)
[2021-12-29 15:56:47,433] {spark_submit.py:514} INFO - 21/12/29 15:56:47 INFO CoarseGrainedSchedulerBackend$DriverEndpoint: Asked to remove non-existent executor 0
[2021-12-29 15:56:47,435] {spark_submit.py:514} INFO - 21/12/29 15:56:47 INFO StandaloneSchedulerBackend: Granted executor ID app-20211229155639-0031/3 on hostPort 172.18.0.6:42885 with 6 core(s), 1024.0 MiB RAM
[2021-12-29 15:56:47,453] {spark_submit.py:514} INFO - 21/12/29 15:56:47 INFO BlockManagerMasterEndpoint: Trying to remove executor 1 from BlockManagerMaster.
[2021-12-29 15:56:47,459] {spark_submit.py:514} INFO - 21/12/29 15:56:47 INFO BlockManagerMasterEndpoint: Trying to remove executor 0 from BlockManagerMaster.
[2021-12-29 15:56:47,498] {spark_submit.py:514} INFO - 21/12/29 15:56:47 INFO StandaloneAppClient$ClientEndpoint: Executor updated: app-20211229155639-0031/3 is now RUNNING
[2021-12-29 15:56:47,548] {spark_submit.py:514} INFO - 21/12/29 15:56:47 INFO StandaloneAppClient$ClientEndpoint: Executor updated: app-20211229155639-0031/2 is now RUNNING
[2021-12-29 15:56:55,774] {spark_submit.py:514} INFO - 21/12/29 15:56:55 INFO SparkContext: Invoking stop() from shutdown hook
[2021-12-29 15:56:55,842] {spark_submit.py:514} INFO - 21/12/29 15:56:55 INFO SparkUI: Stopped Spark web UI at http://bb41737934b2:4040
[2021-12-29 15:56:55,865] {spark_submit.py:514} INFO - 21/12/29 15:56:55 INFO StandaloneSchedulerBackend: Shutting down all executors
[2021-12-29 15:56:55,877] {spark_submit.py:514} INFO - 21/12/29 15:56:55 INFO CoarseGrainedSchedulerBackend$DriverEndpoint: Asking each executor to shut down
[2021-12-29 15:56:56,076] {spark_submit.py:514} INFO - 21/12/29 15:56:56 INFO MapOutputTrackerMasterEndpoint: MapOutputTrackerMasterEndpoint stopped!
[2021-12-29 15:56:56,170] {spark_submit.py:514} INFO - 21/12/29 15:56:56 INFO MemoryStore: MemoryStore cleared
[2021-12-29 15:56:56,174] {spark_submit.py:514} INFO - 21/12/29 15:56:56 INFO BlockManager: BlockManager stopped
[2021-12-29 15:56:56,181] {spark_submit.py:514} INFO - 21/12/29 15:56:56 INFO BlockManagerMaster: BlockManagerMaster stopped
[2021-12-29 15:56:56,196] {spark_submit.py:514} INFO - 21/12/29 15:56:56 INFO OutputCommitCoordinator$OutputCommitCoordinatorEndpoint: OutputCommitCoordinator stopped!
[2021-12-29 15:56:56,334] {spark_submit.py:514} INFO - 21/12/29 15:56:56 INFO SparkContext: Successfully stopped SparkContext
[2021-12-29 15:56:56,338] {spark_submit.py:514} INFO - 21/12/29 15:56:56 INFO ShutdownHookManager: Shutdown hook called
[2021-12-29 15:56:56,342] {spark_submit.py:514} INFO - 21/12/29 15:56:56 INFO ShutdownHookManager: Deleting directory /tmp/spark-bfecbadd-eb01-4ea6-8e79-03949d22ca11
[2021-12-29 15:56:56,381] {spark_submit.py:514} INFO - 21/12/29 15:56:56 INFO ShutdownHookManager: Deleting directory /tmp/spark-bfecbadd-eb01-4ea6-8e79-03949d22ca11/pyspark-37f5d9f8-66de-4aac-873a-2a651b041f7b
[2021-12-29 15:56:56,401] {spark_submit.py:514} INFO - 21/12/29 15:56:56 INFO ShutdownHookManager: Deleting directory /tmp/spark-3209f22b-f6fe-408b-a421-c412ceff25a5
[2021-12-29 15:56:57,137] {taskinstance.py:1280} INFO - Marking task as SUCCESS. dag_id=scraping_daft_tipperary, task_id=persist_data, execution_date=20211228T105000, start_date=20211229T155550, end_date=20211229T155657
[2021-12-29 15:56:57,339] {local_task_job.py:154} INFO - Task exited with return code 0
[2021-12-29 15:56:58,320] {local_task_job.py:264} INFO - 0 downstream tasks scheduled from follow-on schedule check
