[2021-12-28 15:29:33,500] {taskinstance.py:1035} INFO - Dependencies all met for <TaskInstance: scraping_daft_laois.get_reporting manual__2021-12-28T15:28:53.731659+00:00 [queued]>
[2021-12-28 15:29:33,532] {taskinstance.py:1035} INFO - Dependencies all met for <TaskInstance: scraping_daft_laois.get_reporting manual__2021-12-28T15:28:53.731659+00:00 [queued]>
[2021-12-28 15:29:33,533] {taskinstance.py:1241} INFO - 
--------------------------------------------------------------------------------
[2021-12-28 15:29:33,534] {taskinstance.py:1242} INFO - Starting attempt 1 of 4
[2021-12-28 15:29:33,535] {taskinstance.py:1243} INFO - 
--------------------------------------------------------------------------------
[2021-12-28 15:29:33,561] {taskinstance.py:1262} INFO - Executing <Task(_PythonDecoratedOperator): get_reporting> on 2021-12-28 15:28:53.731659+00:00
[2021-12-28 15:29:33,572] {standard_task_runner.py:76} INFO - Running: ['***', 'tasks', 'run', 'scraping_daft_laois', 'get_reporting', 'manual__2021-12-28T15:28:53.731659+00:00', '--job-id', '5207', '--raw', '--subdir', 'DAGS_FOLDER/scraping_daft_laois.py', '--cfg-path', '/tmp/tmpvjwx2o3o', '--error-file', '/tmp/tmpv55w6n2w']
[2021-12-28 15:29:33,574] {standard_task_runner.py:77} INFO - Job 5207: Subtask get_reporting
[2021-12-28 15:29:33,568] {standard_task_runner.py:52} INFO - Started process 5508 to run task
[2021-12-28 15:29:33,697] {logging_mixin.py:109} INFO - Running <TaskInstance: scraping_daft_laois.get_reporting manual__2021-12-28T15:28:53.731659+00:00 [running]> on host 6bdda4c19a85
[2021-12-28 15:29:33,884] {taskinstance.py:1429} INFO - Exporting the following env vars:
AIRFLOW_CTX_DAG_EMAIL=clement.liscoet@gmail.com
AIRFLOW_CTX_DAG_OWNER=clemoni
AIRFLOW_CTX_DAG_ID=scraping_daft_laois
AIRFLOW_CTX_TASK_ID=get_reporting
AIRFLOW_CTX_EXECUTION_DATE=2021-12-28T15:28:53.731659+00:00
AIRFLOW_CTX_DAG_RUN_ID=manual__2021-12-28T15:28:53.731659+00:00
[2021-12-28 15:29:33,914] {logging_mixin.py:109} INFO - laois
[2021-12-28 15:29:33,959] {base.py:79} INFO - Using connection to: id: postgres_db. Host: postgres, Port: 5432, Schema: scraping_daft, Login: ***, Password: ***, extra: {}
[2021-12-28 15:29:34,061] {python.py:152} INFO - Done. Returned value was: None
[2021-12-28 15:29:34,121] {taskinstance.py:1280} INFO - Marking task as SUCCESS. dag_id=scraping_daft_laois, task_id=get_reporting, execution_date=20211228T152853, start_date=20211228T152933, end_date=20211228T152934
[2021-12-28 15:29:34,195] {local_task_job.py:154} INFO - Task exited with return code 0
[2021-12-28 15:29:34,408] {local_task_job.py:264} INFO - 1 downstream tasks scheduled from follow-on schedule check
