[2021-12-09 00:45:01,307] {taskinstance.py:1035} INFO - Dependencies all met for <TaskInstance: scraping_daft_clare.run_init_county scheduled__2021-12-08T00:45:00+00:00 [queued]>
[2021-12-09 00:45:01,320] {taskinstance.py:1035} INFO - Dependencies all met for <TaskInstance: scraping_daft_clare.run_init_county scheduled__2021-12-08T00:45:00+00:00 [queued]>
[2021-12-09 00:45:01,321] {taskinstance.py:1241} INFO - 
--------------------------------------------------------------------------------
[2021-12-09 00:45:01,322] {taskinstance.py:1242} INFO - Starting attempt 1 of 3
[2021-12-09 00:45:01,322] {taskinstance.py:1243} INFO - 
--------------------------------------------------------------------------------
[2021-12-09 00:45:01,336] {taskinstance.py:1262} INFO - Executing <Task(_PythonDecoratedOperator): run_init_county> on 2021-12-08 00:45:00+00:00
[2021-12-09 00:45:01,344] {standard_task_runner.py:76} INFO - Running: ['***', 'tasks', 'run', 'scraping_daft_clare', 'run_init_county', 'scheduled__2021-12-08T00:45:00+00:00', '--job-id', '744', '--raw', '--subdir', 'DAGS_FOLDER/scraping_daft_clare.py', '--cfg-path', '/tmp/tmptb9gjc98', '--error-file', '/tmp/tmpz_vc9wze']
[2021-12-09 00:45:01,345] {standard_task_runner.py:77} INFO - Job 744: Subtask run_init_county
[2021-12-09 00:45:01,341] {standard_task_runner.py:52} INFO - Started process 43476 to run task
[2021-12-09 00:45:01,425] {logging_mixin.py:109} INFO - Running <TaskInstance: scraping_daft_clare.run_init_county scheduled__2021-12-08T00:45:00+00:00 [running]> on host 041e6f8654c3
[2021-12-09 00:45:01,523] {taskinstance.py:1429} INFO - Exporting the following env vars:
AIRFLOW_CTX_DAG_EMAIL=***@example.com
AIRFLOW_CTX_DAG_OWNER=clemoni
AIRFLOW_CTX_DAG_ID=scraping_daft_clare
AIRFLOW_CTX_TASK_ID=run_init_county
AIRFLOW_CTX_EXECUTION_DATE=2021-12-08T00:45:00+00:00
AIRFLOW_CTX_DAG_RUN_ID=scheduled__2021-12-08T00:45:00+00:00
[2021-12-09 00:45:01,544] {python.py:152} INFO - Done. Returned value was: None
[2021-12-09 00:45:01,578] {taskinstance.py:1280} INFO - Marking task as SUCCESS. dag_id=scraping_daft_clare, task_id=run_init_county, execution_date=20211208T004500, start_date=20211209T004501, end_date=20211209T004501
[2021-12-09 00:45:01,603] {local_task_job.py:154} INFO - Task exited with return code 0
[2021-12-09 00:45:01,700] {local_task_job.py:264} INFO - 1 downstream tasks scheduled from follow-on schedule check
