[2021-12-22 10:35:29,775] {taskinstance.py:1035} INFO - Dependencies all met for <TaskInstance: scraping_daft_offaly.get_reporting scheduled__2021-12-21T10:35:00+00:00 [queued]>
[2021-12-22 10:35:29,798] {taskinstance.py:1035} INFO - Dependencies all met for <TaskInstance: scraping_daft_offaly.get_reporting scheduled__2021-12-21T10:35:00+00:00 [queued]>
[2021-12-22 10:35:29,799] {taskinstance.py:1241} INFO - 
--------------------------------------------------------------------------------
[2021-12-22 10:35:29,800] {taskinstance.py:1242} INFO - Starting attempt 1 of 4
[2021-12-22 10:35:29,801] {taskinstance.py:1243} INFO - 
--------------------------------------------------------------------------------
[2021-12-22 10:35:29,827] {taskinstance.py:1262} INFO - Executing <Task(_PythonDecoratedOperator): get_reporting> on 2021-12-21 10:35:00+00:00
[2021-12-22 10:35:29,839] {standard_task_runner.py:76} INFO - Running: ['***', 'tasks', 'run', 'scraping_daft_offaly', 'get_reporting', 'scheduled__2021-12-21T10:35:00+00:00', '--job-id', '3924', '--raw', '--subdir', 'DAGS_FOLDER/scraping_daft_offaly.py', '--cfg-path', '/tmp/tmpw5s76kt5', '--error-file', '/tmp/tmpls70qkl7']
[2021-12-22 10:35:29,841] {standard_task_runner.py:77} INFO - Job 3924: Subtask get_reporting
[2021-12-22 10:35:29,833] {standard_task_runner.py:52} INFO - Started process 13334 to run task
[2021-12-22 10:35:30,004] {logging_mixin.py:109} INFO - Running <TaskInstance: scraping_daft_offaly.get_reporting scheduled__2021-12-21T10:35:00+00:00 [running]> on host bb1be648e8f2
[2021-12-22 10:35:30,143] {taskinstance.py:1429} INFO - Exporting the following env vars:
AIRFLOW_CTX_DAG_EMAIL=clement.liscoet@gmail.com
AIRFLOW_CTX_DAG_OWNER=clemoni
AIRFLOW_CTX_DAG_ID=scraping_daft_offaly
AIRFLOW_CTX_TASK_ID=get_reporting
AIRFLOW_CTX_EXECUTION_DATE=2021-12-21T10:35:00+00:00
AIRFLOW_CTX_DAG_RUN_ID=scheduled__2021-12-21T10:35:00+00:00
[2021-12-22 10:35:30,168] {logging_mixin.py:109} INFO - offaly
[2021-12-22 10:35:30,192] {base.py:79} INFO - Using connection to: id: postgres_db. Host: postgres, Port: 5432, Schema: scraping_daft, Login: ***, Password: ***, extra: {}
[2021-12-22 10:35:30,250] {python.py:152} INFO - Done. Returned value was: None
[2021-12-22 10:35:30,300] {taskinstance.py:1280} INFO - Marking task as SUCCESS. dag_id=scraping_daft_offaly, task_id=get_reporting, execution_date=20211221T103500, start_date=20211222T103529, end_date=20211222T103530
[2021-12-22 10:35:30,344] {local_task_job.py:154} INFO - Task exited with return code 0
[2021-12-22 10:35:30,448] {local_task_job.py:264} INFO - 1 downstream tasks scheduled from follow-on schedule check
