[2021-12-10 08:43:02,312] {taskinstance.py:1035} INFO - Dependencies all met for <TaskInstance: scraping_daft_offaly.scrap_data scheduled__2021-12-09T04:45:00+00:00 [queued]>
[2021-12-10 08:43:02,972] {taskinstance.py:1035} INFO - Dependencies all met for <TaskInstance: scraping_daft_offaly.scrap_data scheduled__2021-12-09T04:45:00+00:00 [queued]>
[2021-12-10 08:43:02,977] {taskinstance.py:1241} INFO - 
--------------------------------------------------------------------------------
[2021-12-10 08:43:03,020] {taskinstance.py:1242} INFO - Starting attempt 1 of 3
[2021-12-10 08:43:03,132] {taskinstance.py:1243} INFO - 
--------------------------------------------------------------------------------
[2021-12-10 08:43:03,377] {taskinstance.py:1262} INFO - Executing <Task(SparkSubmitOperator): scrap_data> on 2021-12-09 04:45:00+00:00
[2021-12-10 08:43:03,412] {standard_task_runner.py:52} INFO - Started process 24697 to run task
[2021-12-10 08:43:03,525] {standard_task_runner.py:76} INFO - Running: ['***', 'tasks', 'run', 'scraping_daft_offaly', 'scrap_data', 'scheduled__2021-12-09T04:45:00+00:00', '--job-id', '937', '--raw', '--subdir', 'DAGS_FOLDER/scraping_daft_offaly.py', '--cfg-path', '/tmp/tmpddmrk9cv', '--error-file', '/tmp/tmphy_hfixm']
[2021-12-10 08:43:03,570] {standard_task_runner.py:77} INFO - Job 937: Subtask scrap_data
[2021-12-10 08:43:04,849] {logging_mixin.py:109} INFO - Running <TaskInstance: scraping_daft_offaly.scrap_data scheduled__2021-12-09T04:45:00+00:00 [running]> on host 041e6f8654c3
[2021-12-10 08:43:09,558] {taskinstance.py:1429} INFO - Exporting the following env vars:
AIRFLOW_CTX_DAG_EMAIL=***@example.com
AIRFLOW_CTX_DAG_OWNER=clemoni
AIRFLOW_CTX_DAG_ID=scraping_daft_offaly
AIRFLOW_CTX_TASK_ID=scrap_data
AIRFLOW_CTX_EXECUTION_DATE=2021-12-09T04:45:00+00:00
AIRFLOW_CTX_DAG_RUN_ID=scheduled__2021-12-09T04:45:00+00:00
[2021-12-10 08:43:12,023] {base.py:79} INFO - Using connection to: id: spark_default. Host: spark://spark:7077, Port: None, Schema: , Login: ***, Password: ***, extra: {}
[2021-12-10 08:43:12,096] {spark_submit.py:362} INFO - Spark-Submit cmd: spark-submit --master spark://spark:7077 --conf spark.master=spark://spark:7077 --name scrap data --verbose /opt/***/jobs/get_ads_per_county.py offaly
[2021-12-10 08:44:01,334] {spark_submit.py:523} INFO - Using properties file: null
[2021-12-10 08:44:02,450] {spark_submit.py:523} INFO - WARNING: An illegal reflective access operation has occurred
[2021-12-10 08:44:02,456] {spark_submit.py:523} INFO - WARNING: Illegal reflective access by org.apache.spark.unsafe.Platform (file:/home/***/.local/lib/python3.6/site-packages/pyspark/jars/spark-unsafe_2.12-3.2.0.jar) to constructor java.nio.DirectByteBuffer(long,int)
[2021-12-10 08:44:02,467] {spark_submit.py:523} INFO - WARNING: Please consider reporting this to the maintainers of org.apache.spark.unsafe.Platform
[2021-12-10 08:44:02,468] {spark_submit.py:523} INFO - WARNING: Use --illegal-access=warn to enable warnings of further illegal reflective access operations
[2021-12-10 08:44:02,470] {spark_submit.py:523} INFO - WARNING: All illegal access operations will be denied in a future release
[2021-12-10 08:44:03,053] {spark_submit.py:523} INFO - Parsed arguments:
[2021-12-10 08:44:03,055] {spark_submit.py:523} INFO - master                  spark://spark:7077
[2021-12-10 08:44:03,056] {spark_submit.py:523} INFO - deployMode              null
[2021-12-10 08:44:03,058] {spark_submit.py:523} INFO - executorMemory          null
[2021-12-10 08:44:03,059] {spark_submit.py:523} INFO - executorCores           null
[2021-12-10 08:44:03,060] {spark_submit.py:523} INFO - totalExecutorCores      null
[2021-12-10 08:44:03,062] {spark_submit.py:523} INFO - propertiesFile          null
[2021-12-10 08:44:03,063] {spark_submit.py:523} INFO - driverMemory            null
[2021-12-10 08:44:03,064] {spark_submit.py:523} INFO - driverCores             null
[2021-12-10 08:44:03,065] {spark_submit.py:523} INFO - driverExtraClassPath    null
[2021-12-10 08:44:03,067] {spark_submit.py:523} INFO - driverExtraLibraryPath  null
[2021-12-10 08:44:03,069] {spark_submit.py:523} INFO - driverExtraJavaOptions  null
[2021-12-10 08:44:03,071] {spark_submit.py:523} INFO - supervise               false
[2021-12-10 08:44:03,072] {spark_submit.py:523} INFO - queue                   null
[2021-12-10 08:44:03,074] {spark_submit.py:523} INFO - numExecutors            null
[2021-12-10 08:44:03,075] {spark_submit.py:523} INFO - files                   null
[2021-12-10 08:44:03,077] {spark_submit.py:523} INFO - pyFiles                 null
[2021-12-10 08:44:03,078] {spark_submit.py:523} INFO - archives                null
[2021-12-10 08:44:03,079] {spark_submit.py:523} INFO - mainClass               null
[2021-12-10 08:44:03,080] {spark_submit.py:523} INFO - primaryResource         file:/opt/***/jobs/get_ads_per_county.py
[2021-12-10 08:44:03,082] {spark_submit.py:523} INFO - name                    scrap data
[2021-12-10 08:44:03,083] {spark_submit.py:523} INFO - childArgs               [offaly]
[2021-12-10 08:44:03,085] {spark_submit.py:523} INFO - jars                    null
[2021-12-10 08:44:03,086] {spark_submit.py:523} INFO - packages                null
[2021-12-10 08:44:03,088] {spark_submit.py:523} INFO - packagesExclusions      null
[2021-12-10 08:44:03,089] {spark_submit.py:523} INFO - repositories            null
[2021-12-10 08:44:03,090] {spark_submit.py:523} INFO - verbose                 true
[2021-12-10 08:44:03,092] {spark_submit.py:523} INFO - 
[2021-12-10 08:44:03,093] {spark_submit.py:523} INFO - Spark properties used, including those specified through
[2021-12-10 08:44:03,094] {spark_submit.py:523} INFO - --conf and those from the properties file null:
[2021-12-10 08:44:03,096] {spark_submit.py:523} INFO - (spark.master,spark://spark:7077)
[2021-12-10 08:44:03,097] {spark_submit.py:523} INFO - 
[2021-12-10 08:44:03,099] {spark_submit.py:523} INFO - 
[2021-12-10 08:44:07,537] {spark_submit.py:523} INFO - Main class:
[2021-12-10 08:44:07,540] {spark_submit.py:523} INFO - org.apache.spark.deploy.PythonRunner
[2021-12-10 08:44:07,542] {spark_submit.py:523} INFO - Arguments:
[2021-12-10 08:44:07,544] {spark_submit.py:523} INFO - file:/opt/***/jobs/get_ads_per_county.py
[2021-12-10 08:44:07,546] {spark_submit.py:523} INFO - null
[2021-12-10 08:44:07,548] {spark_submit.py:523} INFO - offaly
[2021-12-10 08:44:07,550] {spark_submit.py:523} INFO - --verbose
[2021-12-10 08:44:07,553] {spark_submit.py:523} INFO - Spark config:
[2021-12-10 08:44:07,561] {spark_submit.py:523} INFO - (spark.app.name,scrap data)
[2021-12-10 08:44:07,564] {spark_submit.py:523} INFO - (spark.master,spark://spark:7077)
[2021-12-10 08:44:07,566] {spark_submit.py:523} INFO - (spark.submit.pyFiles,)
[2021-12-10 08:44:07,569] {spark_submit.py:523} INFO - (spark.submit.deployMode,client)
[2021-12-10 08:44:07,574] {spark_submit.py:523} INFO - Classpath elements:
[2021-12-10 08:44:07,578] {spark_submit.py:523} INFO - 
[2021-12-10 08:44:07,580] {spark_submit.py:523} INFO - 
[2021-12-10 08:44:07,583] {spark_submit.py:523} INFO - 
[2021-12-10 08:44:41,541] {spark_submit.py:523} INFO - Using Spark's default log4j profile: org/apache/spark/log4j-defaults.properties
[2021-12-10 08:44:41,647] {spark_submit.py:523} INFO - 21/12/10 08:44:41 INFO SparkContext: Running Spark version 3.2.0
[2021-12-10 08:44:43,226] {spark_submit.py:523} INFO - 21/12/10 08:44:43 WARN NativeCodeLoader: Unable to load native-hadoop library for your platform... using builtin-java classes where applicable
[2021-12-10 08:44:54,351] {spark_submit.py:523} INFO - 21/12/10 08:44:54 INFO ResourceUtils: ==============================================================
[2021-12-10 08:44:54,361] {spark_submit.py:523} INFO - 21/12/10 08:44:54 INFO ResourceUtils: No custom resources configured for spark.driver.
[2021-12-10 08:44:54,363] {spark_submit.py:523} INFO - 21/12/10 08:44:54 INFO ResourceUtils: ==============================================================
[2021-12-10 08:44:54,367] {spark_submit.py:523} INFO - 21/12/10 08:44:54 INFO SparkContext: Submitted application: Get Ads per county
[2021-12-10 08:44:55,379] {spark_submit.py:523} INFO - 21/12/10 08:44:55 INFO ResourceProfile: Default ResourceProfile created, executor resources: Map(cores -> name: cores, amount: 1, script: , vendor: , memory -> name: memory, amount: 1024, script: , vendor: , offHeap -> name: offHeap, amount: 0, script: , vendor: ), task resources: Map(cpus -> name: cpus, amount: 1.0)
[2021-12-10 08:44:59,067] {spark_submit.py:523} INFO - 21/12/10 08:44:59 INFO ResourceProfile: Limiting resource is cpu
[2021-12-10 08:44:59,121] {spark_submit.py:523} INFO - 21/12/10 08:44:59 INFO ResourceProfileManager: Added ResourceProfile id: 0
[2021-12-10 08:45:00,142] {spark_submit.py:523} INFO - 21/12/10 08:45:00 INFO SecurityManager: Changing view acls to: ***
[2021-12-10 08:45:00,180] {spark_submit.py:523} INFO - 21/12/10 08:45:00 INFO SecurityManager: Changing modify acls to: ***
[2021-12-10 08:45:00,184] {spark_submit.py:523} INFO - 21/12/10 08:45:00 INFO SecurityManager: Changing view acls groups to:
[2021-12-10 08:45:00,195] {spark_submit.py:523} INFO - 21/12/10 08:45:00 INFO SecurityManager: Changing modify acls groups to:
[2021-12-10 08:45:00,211] {spark_submit.py:523} INFO - 21/12/10 08:45:00 INFO SecurityManager: SecurityManager: authentication disabled; ui acls disabled; users  with view permissions: Set(***); groups with view permissions: Set(); users  with modify permissions: Set(***); groups with modify permissions: Set()
[2021-12-10 08:45:12,159] {spark_submit.py:523} INFO - 21/12/10 08:45:12 INFO Utils: Successfully started service 'sparkDriver' on port 39281.
[2021-12-10 08:45:13,454] {spark_submit.py:523} INFO - 21/12/10 08:45:13 INFO SparkEnv: Registering MapOutputTracker
[2021-12-10 08:45:13,654] {spark_submit.py:523} INFO - 21/12/10 08:45:13 INFO SparkEnv: Registering BlockManagerMaster
[2021-12-10 08:45:14,377] {spark_submit.py:523} INFO - 21/12/10 08:45:14 INFO BlockManagerMasterEndpoint: Using org.apache.spark.storage.DefaultTopologyMapper for getting topology information
[2021-12-10 08:45:14,406] {spark_submit.py:523} INFO - 21/12/10 08:45:14 INFO BlockManagerMasterEndpoint: BlockManagerMasterEndpoint up
[2021-12-10 08:45:14,565] {spark_submit.py:523} INFO - 21/12/10 08:45:14 INFO SparkEnv: Registering BlockManagerMasterHeartbeat
[2021-12-10 08:45:15,279] {spark_submit.py:523} INFO - 21/12/10 08:45:15 INFO DiskBlockManager: Created local directory at /tmp/blockmgr-e62d0ab1-de96-4365-8bad-2f5b2aec715c
[2021-12-10 08:45:15,840] {spark_submit.py:523} INFO - 21/12/10 08:45:15 INFO MemoryStore: MemoryStore started with capacity 434.4 MiB
[2021-12-10 08:45:16,813] {spark_submit.py:523} INFO - 21/12/10 08:45:16 INFO SparkEnv: Registering OutputCommitCoordinator
[2021-12-10 08:45:25,684] {spark_submit.py:523} INFO - 21/12/10 08:45:25 WARN Utils: Service 'SparkUI' could not bind on port 4040. Attempting port 4041.
[2021-12-10 08:45:25,706] {spark_submit.py:523} INFO - 21/12/10 08:45:25 WARN Utils: Service 'SparkUI' could not bind on port 4041. Attempting port 4042.
[2021-12-10 08:45:25,740] {spark_submit.py:523} INFO - 21/12/10 08:45:25 WARN Utils: Service 'SparkUI' could not bind on port 4042. Attempting port 4043.
[2021-12-10 08:45:25,795] {spark_submit.py:523} INFO - 21/12/10 08:45:25 WARN Utils: Service 'SparkUI' could not bind on port 4043. Attempting port 4044.
[2021-12-10 08:45:25,824] {spark_submit.py:523} INFO - 21/12/10 08:45:25 WARN Utils: Service 'SparkUI' could not bind on port 4044. Attempting port 4045.
[2021-12-10 08:45:26,241] {spark_submit.py:523} INFO - 21/12/10 08:45:26 INFO Utils: Successfully started service 'SparkUI' on port 4045.
[2021-12-10 08:45:29,710] {spark_submit.py:523} INFO - 21/12/10 08:45:29 INFO SparkUI: Bound SparkUI to 0.0.0.0, and started at http://041e6f8654c3:4045
[2021-12-10 08:45:54,449] {spark_submit.py:523} INFO - 21/12/10 08:45:54 INFO StandaloneAppClient$ClientEndpoint: Connecting to master spark://spark:7077...
[2021-12-10 08:46:00,556] {spark_submit.py:523} INFO - 21/12/10 08:46:00 INFO TransportClientFactory: Successfully created connection to spark/172.31.0.9:7077 after 4269 ms (2 ms spent in bootstraps)
[2021-12-10 08:46:04,657] {spark_submit.py:523} INFO - 21/12/10 08:46:04 INFO StandaloneSchedulerBackend: Connected to Spark cluster with app ID app-20211210084603-0142
[2021-12-10 08:46:05,965] {spark_submit.py:523} INFO - 21/12/10 08:46:05 INFO Utils: Successfully started service 'org.apache.spark.network.netty.NettyBlockTransferService' on port 38943.
[2021-12-10 08:46:05,970] {spark_submit.py:523} INFO - 21/12/10 08:46:05 INFO NettyBlockTransferService: Server created on 041e6f8654c3:38943
[2021-12-10 08:46:05,993] {spark_submit.py:523} INFO - 21/12/10 08:46:05 INFO BlockManager: Using org.apache.spark.storage.RandomBlockReplicationPolicy for block replication policy
[2021-12-10 08:46:07,300] {spark_submit.py:523} INFO - 21/12/10 08:46:07 INFO BlockManagerMaster: Registering BlockManager BlockManagerId(driver, 041e6f8654c3, 38943, None)
[2021-12-10 08:46:07,523] {spark_submit.py:523} INFO - 21/12/10 08:46:07 INFO BlockManagerMasterEndpoint: Registering block manager 041e6f8654c3:38943 with 434.4 MiB RAM, BlockManagerId(driver, 041e6f8654c3, 38943, None)
[2021-12-10 08:46:07,670] {spark_submit.py:523} INFO - 21/12/10 08:46:07 INFO BlockManagerMaster: Registered BlockManager BlockManagerId(driver, 041e6f8654c3, 38943, None)
[2021-12-10 08:46:07,689] {spark_submit.py:523} INFO - 21/12/10 08:46:07 INFO BlockManager: Initialized BlockManager: BlockManagerId(driver, 041e6f8654c3, 38943, None)
[2021-12-10 08:46:38,291] {spark_submit.py:523} INFO - 21/12/10 08:46:37 INFO StandaloneAppClient$ClientEndpoint: Master removed worker worker-20211208102114-172.31.0.11-46307: 172.31.0.11:46307 got disassociated
[2021-12-10 08:46:38,498] {spark_submit.py:523} INFO - 21/12/10 08:46:37 INFO StandaloneSchedulerBackend: Worker worker-20211208102114-172.31.0.11-46307 removed: 172.31.0.11:46307 got disassociated
[2021-12-10 08:46:38,509] {spark_submit.py:523} INFO - 21/12/10 08:46:38 INFO TaskSchedulerImpl: Handle removed worker worker-20211208102114-172.31.0.11-46307: 172.31.0.11:46307 got disassociated
[2021-12-10 08:46:39,247] {spark_submit.py:523} INFO - 21/12/10 08:46:39 INFO DAGScheduler: Shuffle files lost for worker worker-20211208102114-172.31.0.11-46307 on host 172.31.0.11
[2021-12-10 08:46:45,982] {spark_submit.py:523} INFO - 21/12/10 08:46:45 INFO AsyncEventQueue: Process of event SparkListenerResourceProfileAdded(Profile: id = 0, executor resources: cores -> name: cores, amount: 1, script: , vendor: ,memory -> name: memory, amount: 1024, script: , vendor: ,offHeap -> name: offHeap, amount: 0, script: , vendor: , task resources: cpus -> name: cpus, amount: 1.0) by listener HeartbeatReceiver took 3.5020442s.
[2021-12-10 08:46:46,559] {spark_submit.py:523} INFO - 21/12/10 08:46:46 INFO StandaloneSchedulerBackend: SchedulerBackend is ready for scheduling beginning after reached minRegisteredResourcesRatio: 0.0
[2021-12-10 08:46:46,967] {spark_submit.py:523} INFO - 21/12/10 08:46:46 INFO AsyncEventQueue: Process of event SparkListenerResourceProfileAdded(Profile: id = 0, executor resources: cores -> name: cores, amount: 1, script: , vendor: ,memory -> name: memory, amount: 1024, script: , vendor: ,offHeap -> name: offHeap, amount: 0, script: , vendor: , task resources: cpus -> name: cpus, amount: 1.0) by listener AppStatusListener took 4.4042955s.
[2021-12-10 08:46:48,867] {spark_submit.py:523} INFO - 21/12/10 08:46:48 INFO AsyncEventQueue: Process of event SparkListenerBlockManagerAdded(1639125967514,BlockManagerId(driver, 041e6f8654c3, 38943, None),455501414,Some(455501414),Some(0)) by listener AppStatusListener took 1.8727916s.
[2021-12-10 08:46:50,107] {spark_submit.py:523} INFO - /home/***/.local/lib/python3.6/site-packages/pyspark/python/lib/pyspark.zip/pyspark/context.py:238: FutureWarning: Python 3.6 support is deprecated in Spark 3.2.
[2021-12-10 08:46:50,145] {spark_submit.py:523} INFO - FutureWarning
[2021-12-10 08:46:59,527] {spark_submit.py:523} INFO - 21/12/10 08:46:59 INFO SharedState: Setting hive.metastore.warehouse.dir ('null') to the value of spark.sql.warehouse.dir.
[2021-12-10 08:46:59,727] {spark_submit.py:523} INFO - 21/12/10 08:46:59 INFO SharedState: Warehouse path is 'file:/opt/***/spark-warehouse'.
[2021-12-10 08:47:20,710] {spark_submit.py:523} INFO - 21/12/10 08:47:20 WARN StandaloneAppClient$ClientEndpoint: Connection to d258ac83a7d7:7077 failed; waiting for master to reconnect...
[2021-12-10 08:47:20,787] {spark_submit.py:523} INFO - 21/12/10 08:47:20 WARN StandaloneSchedulerBackend: Disconnected from Spark cluster! Waiting for reconnection...
[2021-12-10 08:48:01,047] {spark_submit.py:523} INFO - running...
[2021-12-10 08:48:04,084] {spark_submit.py:523} INFO - running...
[2021-12-10 08:48:05,106] {spark_submit.py:523} INFO - running...
[2021-12-10 08:48:06,967] {spark_submit.py:523} INFO - running...
[2021-12-10 08:48:08,410] {spark_submit.py:523} INFO - running...
[2021-12-10 08:48:09,507] {spark_submit.py:523} INFO - running...
[2021-12-10 08:48:10,607] {spark_submit.py:523} INFO - running...
[2021-12-10 08:48:12,272] {spark_submit.py:523} INFO - running...
[2021-12-10 08:48:16,855] {spark_submit.py:523} INFO - 21/12/10 08:48:16 INFO SparkContext: Invoking stop() from shutdown hook
[2021-12-10 08:48:17,021] {spark_submit.py:523} INFO - 21/12/10 08:48:17 INFO SparkUI: Stopped Spark web UI at http://041e6f8654c3:4045
[2021-12-10 08:48:17,104] {spark_submit.py:523} INFO - 21/12/10 08:48:17 INFO StandaloneSchedulerBackend: Shutting down all executors
[2021-12-10 08:48:17,133] {spark_submit.py:523} INFO - 21/12/10 08:48:17 INFO CoarseGrainedSchedulerBackend$DriverEndpoint: Asking each executor to shut down
[2021-12-10 08:48:17,407] {spark_submit.py:523} INFO - 21/12/10 08:48:17 INFO MapOutputTrackerMasterEndpoint: MapOutputTrackerMasterEndpoint stopped!
[2021-12-10 08:48:18,016] {spark_submit.py:523} INFO - 21/12/10 08:48:18 INFO MemoryStore: MemoryStore cleared
[2021-12-10 08:48:18,018] {spark_submit.py:523} INFO - 21/12/10 08:48:18 INFO BlockManager: BlockManager stopped
[2021-12-10 08:48:18,107] {spark_submit.py:523} INFO - 21/12/10 08:48:18 INFO BlockManagerMaster: BlockManagerMaster stopped
[2021-12-10 08:48:18,124] {spark_submit.py:523} INFO - 21/12/10 08:48:18 INFO OutputCommitCoordinator$OutputCommitCoordinatorEndpoint: OutputCommitCoordinator stopped!
[2021-12-10 08:48:18,363] {spark_submit.py:523} INFO - 21/12/10 08:48:18 INFO SparkContext: Successfully stopped SparkContext
[2021-12-10 08:48:18,374] {spark_submit.py:523} INFO - 21/12/10 08:48:18 INFO ShutdownHookManager: Shutdown hook called
[2021-12-10 08:48:18,391] {spark_submit.py:523} INFO - 21/12/10 08:48:18 INFO ShutdownHookManager: Deleting directory /tmp/spark-78edc546-392e-4b2a-8d3a-feb0308699b6
[2021-12-10 08:48:18,454] {spark_submit.py:523} INFO - 21/12/10 08:48:18 INFO ShutdownHookManager: Deleting directory /tmp/spark-c1a2d617-ae21-4853-b60b-70bbf23313c7
[2021-12-10 08:48:18,494] {spark_submit.py:523} INFO - 21/12/10 08:48:18 INFO ShutdownHookManager: Deleting directory /tmp/spark-c1a2d617-ae21-4853-b60b-70bbf23313c7/pyspark-decd1a19-8b69-4d96-8116-5426af08dda1
[2021-12-10 08:48:21,400] {taskinstance.py:1280} INFO - Marking task as SUCCESS. dag_id=scraping_daft_offaly, task_id=scrap_data, execution_date=20211209T044500, start_date=20211210T084302, end_date=20211210T084821
[2021-12-10 08:48:22,882] {local_task_job.py:154} INFO - Task exited with return code 0
[2021-12-10 08:48:23,829] {local_task_job.py:264} INFO - 0 downstream tasks scheduled from follow-on schedule check
