[2021-12-17 09:07:20,945] {taskinstance.py:1035} INFO - Dependencies all met for <TaskInstance: scraping_daft_carlow.waiting_for_file scheduled__2021-12-16T09:05:00+00:00 [queued]>
[2021-12-17 09:07:20,958] {taskinstance.py:1035} INFO - Dependencies all met for <TaskInstance: scraping_daft_carlow.waiting_for_file scheduled__2021-12-16T09:05:00+00:00 [queued]>
[2021-12-17 09:07:20,959] {taskinstance.py:1241} INFO - 
--------------------------------------------------------------------------------
[2021-12-17 09:07:20,960] {taskinstance.py:1242} INFO - Starting attempt 1 of 4
[2021-12-17 09:07:20,961] {taskinstance.py:1243} INFO - 
--------------------------------------------------------------------------------
[2021-12-17 09:07:20,977] {taskinstance.py:1262} INFO - Executing <Task(FileSensor): waiting_for_file> on 2021-12-16 09:05:00+00:00
[2021-12-17 09:07:20,985] {standard_task_runner.py:76} INFO - Running: ['***', 'tasks', 'run', 'scraping_daft_carlow', 'waiting_for_file', 'scheduled__2021-12-16T09:05:00+00:00', '--job-id', '2780', '--raw', '--subdir', 'DAGS_FOLDER/scraping_daft_carlow.py', '--cfg-path', '/tmp/tmpjznq4nie', '--error-file', '/tmp/tmpjrms9pzp']
[2021-12-17 09:07:20,986] {standard_task_runner.py:77} INFO - Job 2780: Subtask waiting_for_file
[2021-12-17 09:07:20,982] {standard_task_runner.py:52} INFO - Started process 296 to run task
[2021-12-17 09:07:21,061] {logging_mixin.py:109} INFO - Running <TaskInstance: scraping_daft_carlow.waiting_for_file scheduled__2021-12-16T09:05:00+00:00 [running]> on host ce860fbe488d
[2021-12-17 09:07:21,172] {taskinstance.py:1429} INFO - Exporting the following env vars:
AIRFLOW_CTX_DAG_EMAIL=clement.liscoet@gmail.com
AIRFLOW_CTX_DAG_OWNER=clemoni
AIRFLOW_CTX_DAG_ID=scraping_daft_carlow
AIRFLOW_CTX_TASK_ID=waiting_for_file
AIRFLOW_CTX_EXECUTION_DATE=2021-12-16T09:05:00+00:00
AIRFLOW_CTX_DAG_RUN_ID=scheduled__2021-12-16T09:05:00+00:00
[2021-12-17 09:07:21,207] {filesystem.py:59} INFO - Poking for file data/carlow_rent.json
[2021-12-17 09:07:21,209] {filesystem.py:65} INFO - Found File data/carlow_rent.json last modified: 20211217090719
[2021-12-17 09:07:21,210] {base.py:249} INFO - Success criteria met. Exiting.
[2021-12-17 09:07:21,239] {taskinstance.py:1280} INFO - Marking task as SUCCESS. dag_id=scraping_daft_carlow, task_id=waiting_for_file, execution_date=20211216T090500, start_date=20211217T090720, end_date=20211217T090721
[2021-12-17 09:07:21,284] {local_task_job.py:154} INFO - Task exited with return code 0
[2021-12-17 09:07:21,369] {local_task_job.py:264} INFO - 1 downstream tasks scheduled from follow-on schedule check
