[2021-12-16 11:06:33,742] {taskinstance.py:1035} INFO - Dependencies all met for <TaskInstance: scraping_daft_wexford.get_reporting scheduled__2021-12-15T11:05:00+00:00 [queued]>
[2021-12-16 11:06:33,758] {taskinstance.py:1035} INFO - Dependencies all met for <TaskInstance: scraping_daft_wexford.get_reporting scheduled__2021-12-15T11:05:00+00:00 [queued]>
[2021-12-16 11:06:33,759] {taskinstance.py:1241} INFO - 
--------------------------------------------------------------------------------
[2021-12-16 11:06:33,760] {taskinstance.py:1242} INFO - Starting attempt 1 of 4
[2021-12-16 11:06:33,761] {taskinstance.py:1243} INFO - 
--------------------------------------------------------------------------------
[2021-12-16 11:06:33,780] {taskinstance.py:1262} INFO - Executing <Task(_PythonDecoratedOperator): get_reporting> on 2021-12-15 11:05:00+00:00
[2021-12-16 11:06:33,789] {standard_task_runner.py:76} INFO - Running: ['***', 'tasks', 'run', 'scraping_daft_wexford', 'get_reporting', 'scheduled__2021-12-15T11:05:00+00:00', '--job-id', '2765', '--raw', '--subdir', 'DAGS_FOLDER/scraping_daft_wexford.py', '--cfg-path', '/tmp/tmpbjbaolpv', '--error-file', '/tmp/tmpg2026cty']
[2021-12-16 11:06:33,791] {standard_task_runner.py:77} INFO - Job 2765: Subtask get_reporting
[2021-12-16 11:06:33,786] {standard_task_runner.py:52} INFO - Started process 16206 to run task
[2021-12-16 11:06:33,884] {logging_mixin.py:109} INFO - Running <TaskInstance: scraping_daft_wexford.get_reporting scheduled__2021-12-15T11:05:00+00:00 [running]> on host 10035bfec3db
[2021-12-16 11:06:33,995] {taskinstance.py:1429} INFO - Exporting the following env vars:
AIRFLOW_CTX_DAG_EMAIL=clement.liscoet@gmail.com
AIRFLOW_CTX_DAG_OWNER=clemoni
AIRFLOW_CTX_DAG_ID=scraping_daft_wexford
AIRFLOW_CTX_TASK_ID=get_reporting
AIRFLOW_CTX_EXECUTION_DATE=2021-12-15T11:05:00+00:00
AIRFLOW_CTX_DAG_RUN_ID=scheduled__2021-12-15T11:05:00+00:00
[2021-12-16 11:06:34,019] {logging_mixin.py:109} INFO - wexford
[2021-12-16 11:06:34,037] {base.py:79} INFO - Using connection to: id: postgres_db. Host: postgres, Port: 5432, Schema: scraping_daft, Login: ***, Password: ***, extra: {}
[2021-12-16 11:06:34,083] {python.py:152} INFO - Done. Returned value was: None
[2021-12-16 11:06:34,124] {taskinstance.py:1280} INFO - Marking task as SUCCESS. dag_id=scraping_daft_wexford, task_id=get_reporting, execution_date=20211215T110500, start_date=20211216T110633, end_date=20211216T110634
[2021-12-16 11:06:34,169] {local_task_job.py:154} INFO - Task exited with return code 0
[2021-12-16 11:06:34,259] {local_task_job.py:264} INFO - 1 downstream tasks scheduled from follow-on schedule check
