[2021-12-27 11:47:32,627] {taskinstance.py:1035} INFO - Dependencies all met for <TaskInstance: scraping_daft_leitrim.remove_file scheduled__2021-12-26T10:00:00+00:00 [queued]>
[2021-12-27 11:47:32,649] {taskinstance.py:1035} INFO - Dependencies all met for <TaskInstance: scraping_daft_leitrim.remove_file scheduled__2021-12-26T10:00:00+00:00 [queued]>
[2021-12-27 11:47:32,650] {taskinstance.py:1241} INFO - 
--------------------------------------------------------------------------------
[2021-12-27 11:47:32,651] {taskinstance.py:1242} INFO - Starting attempt 1 of 4
[2021-12-27 11:47:32,652] {taskinstance.py:1243} INFO - 
--------------------------------------------------------------------------------
[2021-12-27 11:47:32,675] {taskinstance.py:1262} INFO - Executing <Task(SparkSubmitOperator): remove_file> on 2021-12-26 10:00:00+00:00
[2021-12-27 11:47:32,687] {standard_task_runner.py:76} INFO - Running: ['***', 'tasks', 'run', 'scraping_daft_leitrim', 'remove_file', 'scheduled__2021-12-26T10:00:00+00:00', '--job-id', '4863', '--raw', '--subdir', 'DAGS_FOLDER/scraping_daft_leitrim.py', '--cfg-path', '/tmp/tmp761bvy8d', '--error-file', '/tmp/tmpwc18fgvd']
[2021-12-27 11:47:32,688] {standard_task_runner.py:77} INFO - Job 4863: Subtask remove_file
[2021-12-27 11:47:32,683] {standard_task_runner.py:52} INFO - Started process 7334 to run task
[2021-12-27 11:47:32,811] {logging_mixin.py:109} INFO - Running <TaskInstance: scraping_daft_leitrim.remove_file scheduled__2021-12-26T10:00:00+00:00 [running]> on host 0c125a5bba95
[2021-12-27 11:47:32,983] {taskinstance.py:1429} INFO - Exporting the following env vars:
AIRFLOW_CTX_DAG_EMAIL=clement.liscoet@gmail.com
AIRFLOW_CTX_DAG_OWNER=clemoni
AIRFLOW_CTX_DAG_ID=scraping_daft_leitrim
AIRFLOW_CTX_TASK_ID=remove_file
AIRFLOW_CTX_EXECUTION_DATE=2021-12-26T10:00:00+00:00
AIRFLOW_CTX_DAG_RUN_ID=scheduled__2021-12-26T10:00:00+00:00
[2021-12-27 11:47:33,026] {base.py:79} INFO - Using connection to: id: spark_default. Host: spark://spark:7077, Port: None, Schema: , Login: ***, Password: ***, extra: {}
[2021-12-27 11:47:33,030] {spark_submit.py:360} INFO - Spark-Submit cmd: spark-submit --master spark://spark:7077 --conf spark.master=spark://spark:7077 --name remove file --verbose /opt/***/jobs/remove_file.py leitrim
[2021-12-27 11:47:34,988] {spark_submit.py:514} INFO - Using properties file: null
[2021-12-27 11:47:35,123] {spark_submit.py:514} INFO - WARNING: An illegal reflective access operation has occurred
[2021-12-27 11:47:35,124] {spark_submit.py:514} INFO - WARNING: Illegal reflective access by org.apache.spark.unsafe.Platform (file:/home/***/.local/lib/python3.6/site-packages/pyspark/jars/spark-unsafe_2.12-3.2.0.jar) to constructor java.nio.DirectByteBuffer(long,int)
[2021-12-27 11:47:35,125] {spark_submit.py:514} INFO - WARNING: Please consider reporting this to the maintainers of org.apache.spark.unsafe.Platform
[2021-12-27 11:47:35,126] {spark_submit.py:514} INFO - WARNING: Use --illegal-access=warn to enable warnings of further illegal reflective access operations
[2021-12-27 11:47:35,127] {spark_submit.py:514} INFO - WARNING: All illegal access operations will be denied in a future release
[2021-12-27 11:47:35,204] {spark_submit.py:514} INFO - Parsed arguments:
[2021-12-27 11:47:35,205] {spark_submit.py:514} INFO - master                  spark://spark:7077
[2021-12-27 11:47:35,206] {spark_submit.py:514} INFO - deployMode              null
[2021-12-27 11:47:35,207] {spark_submit.py:514} INFO - executorMemory          null
[2021-12-27 11:47:35,208] {spark_submit.py:514} INFO - executorCores           null
[2021-12-27 11:47:35,209] {spark_submit.py:514} INFO - totalExecutorCores      null
[2021-12-27 11:47:35,210] {spark_submit.py:514} INFO - propertiesFile          null
[2021-12-27 11:47:35,211] {spark_submit.py:514} INFO - driverMemory            null
[2021-12-27 11:47:35,212] {spark_submit.py:514} INFO - driverCores             null
[2021-12-27 11:47:35,213] {spark_submit.py:514} INFO - driverExtraClassPath    null
[2021-12-27 11:47:35,213] {spark_submit.py:514} INFO - driverExtraLibraryPath  null
[2021-12-27 11:47:35,215] {spark_submit.py:514} INFO - driverExtraJavaOptions  null
[2021-12-27 11:47:35,216] {spark_submit.py:514} INFO - supervise               false
[2021-12-27 11:47:35,216] {spark_submit.py:514} INFO - queue                   null
[2021-12-27 11:47:35,217] {spark_submit.py:514} INFO - numExecutors            null
[2021-12-27 11:47:35,218] {spark_submit.py:514} INFO - files                   null
[2021-12-27 11:47:35,219] {spark_submit.py:514} INFO - pyFiles                 null
[2021-12-27 11:47:35,220] {spark_submit.py:514} INFO - archives                null
[2021-12-27 11:47:35,220] {spark_submit.py:514} INFO - mainClass               null
[2021-12-27 11:47:35,222] {spark_submit.py:514} INFO - primaryResource         file:/opt/***/jobs/remove_file.py
[2021-12-27 11:47:35,223] {spark_submit.py:514} INFO - name                    remove file
[2021-12-27 11:47:35,223] {spark_submit.py:514} INFO - childArgs               [leitrim]
[2021-12-27 11:47:35,224] {spark_submit.py:514} INFO - jars                    null
[2021-12-27 11:47:35,229] {spark_submit.py:514} INFO - packages                null
[2021-12-27 11:47:35,230] {spark_submit.py:514} INFO - packagesExclusions      null
[2021-12-27 11:47:35,231] {spark_submit.py:514} INFO - repositories            null
[2021-12-27 11:47:35,232] {spark_submit.py:514} INFO - verbose                 true
[2021-12-27 11:47:35,233] {spark_submit.py:514} INFO - 
[2021-12-27 11:47:35,234] {spark_submit.py:514} INFO - Spark properties used, including those specified through
[2021-12-27 11:47:35,235] {spark_submit.py:514} INFO - --conf and those from the properties file null:
[2021-12-27 11:47:35,236] {spark_submit.py:514} INFO - (spark.master,spark://spark:7077)
[2021-12-27 11:47:35,237] {spark_submit.py:514} INFO - 
[2021-12-27 11:47:35,238] {spark_submit.py:514} INFO - 
[2021-12-27 11:47:35,616] {spark_submit.py:514} INFO - Main class:
[2021-12-27 11:47:35,617] {spark_submit.py:514} INFO - org.apache.spark.deploy.PythonRunner
[2021-12-27 11:47:35,618] {spark_submit.py:514} INFO - Arguments:
[2021-12-27 11:47:35,619] {spark_submit.py:514} INFO - file:/opt/***/jobs/remove_file.py
[2021-12-27 11:47:35,620] {spark_submit.py:514} INFO - null
[2021-12-27 11:47:35,621] {spark_submit.py:514} INFO - leitrim
[2021-12-27 11:47:35,622] {spark_submit.py:514} INFO - --verbose
[2021-12-27 11:47:35,623] {spark_submit.py:514} INFO - Spark config:
[2021-12-27 11:47:35,625] {spark_submit.py:514} INFO - (spark.app.name,remove file)
[2021-12-27 11:47:35,626] {spark_submit.py:514} INFO - (spark.master,spark://spark:7077)
[2021-12-27 11:47:35,627] {spark_submit.py:514} INFO - (spark.submit.pyFiles,)
[2021-12-27 11:47:35,628] {spark_submit.py:514} INFO - (spark.submit.deployMode,client)
[2021-12-27 11:47:35,630] {spark_submit.py:514} INFO - Classpath elements:
[2021-12-27 11:47:35,631] {spark_submit.py:514} INFO - 
[2021-12-27 11:47:35,632] {spark_submit.py:514} INFO - 
[2021-12-27 11:47:35,633] {spark_submit.py:514} INFO - 
[2021-12-27 11:47:37,202] {spark_submit.py:514} INFO - Using Spark's default log4j profile: org/apache/spark/log4j-defaults.properties
[2021-12-27 11:47:37,225] {spark_submit.py:514} INFO - 21/12/27 11:47:37 INFO SparkContext: Running Spark version 3.2.0
[2021-12-27 11:47:37,431] {spark_submit.py:514} INFO - 21/12/27 11:47:37 WARN NativeCodeLoader: Unable to load native-hadoop library for your platform... using builtin-java classes where applicable
[2021-12-27 11:47:37,787] {spark_submit.py:514} INFO - 21/12/27 11:47:37 INFO ResourceUtils: ==============================================================
[2021-12-27 11:47:37,788] {spark_submit.py:514} INFO - 21/12/27 11:47:37 INFO ResourceUtils: No custom resources configured for spark.driver.
[2021-12-27 11:47:37,791] {spark_submit.py:514} INFO - 21/12/27 11:47:37 INFO ResourceUtils: ==============================================================
[2021-12-27 11:47:37,792] {spark_submit.py:514} INFO - 21/12/27 11:47:37 INFO SparkContext: Submitted application: Remove file
[2021-12-27 11:47:37,871] {spark_submit.py:514} INFO - 21/12/27 11:47:37 INFO ResourceProfile: Default ResourceProfile created, executor resources: Map(cores -> name: cores, amount: 1, script: , vendor: , memory -> name: memory, amount: 1024, script: , vendor: , offHeap -> name: offHeap, amount: 0, script: , vendor: ), task resources: Map(cpus -> name: cpus, amount: 1.0)
[2021-12-27 11:47:37,897] {spark_submit.py:514} INFO - 21/12/27 11:47:37 INFO ResourceProfile: Limiting resource is cpu
[2021-12-27 11:47:37,899] {spark_submit.py:514} INFO - 21/12/27 11:47:37 INFO ResourceProfileManager: Added ResourceProfile id: 0
[2021-12-27 11:47:38,043] {spark_submit.py:514} INFO - 21/12/27 11:47:38 INFO SecurityManager: Changing view acls to: ***
[2021-12-27 11:47:38,045] {spark_submit.py:514} INFO - 21/12/27 11:47:38 INFO SecurityManager: Changing modify acls to: ***
[2021-12-27 11:47:38,046] {spark_submit.py:514} INFO - 21/12/27 11:47:38 INFO SecurityManager: Changing view acls groups to:
[2021-12-27 11:47:38,047] {spark_submit.py:514} INFO - 21/12/27 11:47:38 INFO SecurityManager: Changing modify acls groups to:
[2021-12-27 11:47:38,048] {spark_submit.py:514} INFO - 21/12/27 11:47:38 INFO SecurityManager: SecurityManager: authentication disabled; ui acls disabled; users  with view permissions: Set(***); groups with view permissions: Set(); users  with modify permissions: Set(***); groups with modify permissions: Set()
[2021-12-27 11:47:38,821] {spark_submit.py:514} INFO - 21/12/27 11:47:38 INFO Utils: Successfully started service 'sparkDriver' on port 32967.
[2021-12-27 11:47:39,005] {spark_submit.py:514} INFO - 21/12/27 11:47:39 INFO SparkEnv: Registering MapOutputTracker
[2021-12-27 11:47:39,091] {spark_submit.py:514} INFO - 21/12/27 11:47:39 INFO SparkEnv: Registering BlockManagerMaster
[2021-12-27 11:47:39,140] {spark_submit.py:514} INFO - 21/12/27 11:47:39 INFO BlockManagerMasterEndpoint: Using org.apache.spark.storage.DefaultTopologyMapper for getting topology information
[2021-12-27 11:47:39,141] {spark_submit.py:514} INFO - 21/12/27 11:47:39 INFO BlockManagerMasterEndpoint: BlockManagerMasterEndpoint up
[2021-12-27 11:47:39,154] {spark_submit.py:514} INFO - 21/12/27 11:47:39 INFO SparkEnv: Registering BlockManagerMasterHeartbeat
[2021-12-27 11:47:39,206] {spark_submit.py:514} INFO - 21/12/27 11:47:39 INFO DiskBlockManager: Created local directory at /tmp/blockmgr-5cdf19ed-ef8f-464a-a04e-7eb4e6526904
[2021-12-27 11:47:39,252] {spark_submit.py:514} INFO - 21/12/27 11:47:39 INFO MemoryStore: MemoryStore started with capacity 434.4 MiB
[2021-12-27 11:47:39,287] {spark_submit.py:514} INFO - 21/12/27 11:47:39 INFO SparkEnv: Registering OutputCommitCoordinator
[2021-12-27 11:47:39,701] {spark_submit.py:514} INFO - 21/12/27 11:47:39 WARN Utils: Service 'SparkUI' could not bind on port 4040. Attempting port 4041.
[2021-12-27 11:47:39,721] {spark_submit.py:514} INFO - 21/12/27 11:47:39 WARN Utils: Service 'SparkUI' could not bind on port 4041. Attempting port 4042.
[2021-12-27 11:47:39,728] {spark_submit.py:514} INFO - 21/12/27 11:47:39 INFO Utils: Successfully started service 'SparkUI' on port 4042.
[2021-12-27 11:47:39,855] {spark_submit.py:514} INFO - 21/12/27 11:47:39 INFO SparkUI: Bound SparkUI to 0.0.0.0, and started at http://0c125a5bba95:4042
[2021-12-27 11:47:40,625] {spark_submit.py:514} INFO - 21/12/27 11:47:40 INFO StandaloneAppClient$ClientEndpoint: Connecting to master spark://spark:7077...
[2021-12-27 11:47:40,811] {spark_submit.py:514} INFO - 21/12/27 11:47:40 INFO TransportClientFactory: Successfully created connection to spark/172.19.0.4:7077 after 86 ms (0 ms spent in bootstraps)
[2021-12-27 11:47:41,020] {spark_submit.py:514} INFO - 21/12/27 11:47:41 INFO StandaloneSchedulerBackend: Connected to Spark cluster with app ID app-20211227114740-0046
[2021-12-27 11:47:41,050] {spark_submit.py:514} INFO - 21/12/27 11:47:41 INFO Utils: Successfully started service 'org.apache.spark.network.netty.NettyBlockTransferService' on port 42587.
[2021-12-27 11:47:41,052] {spark_submit.py:514} INFO - 21/12/27 11:47:41 INFO NettyBlockTransferService: Server created on 0c125a5bba95:42587
[2021-12-27 11:47:41,064] {spark_submit.py:514} INFO - 21/12/27 11:47:41 INFO BlockManager: Using org.apache.spark.storage.RandomBlockReplicationPolicy for block replication policy
[2021-12-27 11:47:41,088] {spark_submit.py:514} INFO - 21/12/27 11:47:41 INFO BlockManagerMaster: Registering BlockManager BlockManagerId(driver, 0c125a5bba95, 42587, None)
[2021-12-27 11:47:41,101] {spark_submit.py:514} INFO - 21/12/27 11:47:41 INFO BlockManagerMasterEndpoint: Registering block manager 0c125a5bba95:42587 with 434.4 MiB RAM, BlockManagerId(driver, 0c125a5bba95, 42587, None)
[2021-12-27 11:47:41,108] {spark_submit.py:514} INFO - 21/12/27 11:47:41 INFO BlockManagerMaster: Registered BlockManager BlockManagerId(driver, 0c125a5bba95, 42587, None)
[2021-12-27 11:47:41,120] {spark_submit.py:514} INFO - 21/12/27 11:47:41 INFO BlockManager: Initialized BlockManager: BlockManagerId(driver, 0c125a5bba95, 42587, None)
[2021-12-27 11:47:41,954] {spark_submit.py:514} INFO - 21/12/27 11:47:41 INFO StandaloneSchedulerBackend: SchedulerBackend is ready for scheduling beginning after reached minRegisteredResourcesRatio: 0.0
[2021-12-27 11:47:42,111] {spark_submit.py:514} INFO - /home/***/.local/lib/python3.6/site-packages/pyspark/python/lib/pyspark.zip/pyspark/context.py:238: FutureWarning: Python 3.6 support is deprecated in Spark 3.2.
[2021-12-27 11:47:42,113] {spark_submit.py:514} INFO - FutureWarning
[2021-12-27 11:47:42,632] {spark_submit.py:514} INFO - 21/12/27 11:47:42 INFO SharedState: Setting hive.metastore.warehouse.dir ('null') to the value of spark.sql.warehouse.dir.
[2021-12-27 11:47:42,684] {spark_submit.py:514} INFO - 21/12/27 11:47:42 INFO SharedState: Warehouse path is 'file:/opt/***/spark-warehouse'.
[2021-12-27 11:47:44,317] {spark_submit.py:514} INFO - file: leitrim_rent.json deleted
[2021-12-27 11:47:44,489] {spark_submit.py:514} INFO - 21/12/27 11:47:44 INFO SparkContext: Invoking stop() from shutdown hook
[2021-12-27 11:47:44,508] {spark_submit.py:514} INFO - 21/12/27 11:47:44 INFO SparkUI: Stopped Spark web UI at http://0c125a5bba95:4042
[2021-12-27 11:47:44,519] {spark_submit.py:514} INFO - 21/12/27 11:47:44 INFO StandaloneSchedulerBackend: Shutting down all executors
[2021-12-27 11:47:44,530] {spark_submit.py:514} INFO - 21/12/27 11:47:44 INFO CoarseGrainedSchedulerBackend$DriverEndpoint: Asking each executor to shut down
[2021-12-27 11:47:44,572] {spark_submit.py:514} INFO - 21/12/27 11:47:44 INFO MapOutputTrackerMasterEndpoint: MapOutputTrackerMasterEndpoint stopped!
[2021-12-27 11:47:44,608] {spark_submit.py:514} INFO - 21/12/27 11:47:44 INFO MemoryStore: MemoryStore cleared
[2021-12-27 11:47:44,609] {spark_submit.py:514} INFO - 21/12/27 11:47:44 INFO BlockManager: BlockManager stopped
[2021-12-27 11:47:44,632] {spark_submit.py:514} INFO - 21/12/27 11:47:44 INFO BlockManagerMaster: BlockManagerMaster stopped
[2021-12-27 11:47:44,640] {spark_submit.py:514} INFO - 21/12/27 11:47:44 INFO OutputCommitCoordinator$OutputCommitCoordinatorEndpoint: OutputCommitCoordinator stopped!
[2021-12-27 11:47:44,666] {spark_submit.py:514} INFO - 21/12/27 11:47:44 INFO SparkContext: Successfully stopped SparkContext
[2021-12-27 11:47:44,669] {spark_submit.py:514} INFO - 21/12/27 11:47:44 INFO ShutdownHookManager: Shutdown hook called
[2021-12-27 11:47:44,673] {spark_submit.py:514} INFO - 21/12/27 11:47:44 INFO ShutdownHookManager: Deleting directory /tmp/spark-0a347fe3-66d0-411d-a42d-f9f7acd09b1d
[2021-12-27 11:47:44,693] {spark_submit.py:514} INFO - 21/12/27 11:47:44 INFO ShutdownHookManager: Deleting directory /tmp/spark-c9b2cb43-c1a0-458d-aca7-de71506f1730
[2021-12-27 11:47:44,699] {spark_submit.py:514} INFO - 21/12/27 11:47:44 INFO ShutdownHookManager: Deleting directory /tmp/spark-0a347fe3-66d0-411d-a42d-f9f7acd09b1d/pyspark-5379d40b-39cd-4a2c-b75c-661f078ecfc9
[2021-12-27 11:47:45,040] {taskinstance.py:1280} INFO - Marking task as SUCCESS. dag_id=scraping_daft_leitrim, task_id=remove_file, execution_date=20211226T100000, start_date=20211227T114732, end_date=20211227T114745
[2021-12-27 11:47:45,128] {local_task_job.py:154} INFO - Task exited with return code 0
[2021-12-27 11:47:45,289] {local_task_job.py:264} INFO - 0 downstream tasks scheduled from follow-on schedule check
