[2021-12-24 10:40:18,526] {taskinstance.py:1035} INFO - Dependencies all met for <TaskInstance: scraping_daft_roscommon.persist_data scheduled__2021-12-23T10:40:00+00:00 [queued]>
[2021-12-24 10:40:18,546] {taskinstance.py:1035} INFO - Dependencies all met for <TaskInstance: scraping_daft_roscommon.persist_data scheduled__2021-12-23T10:40:00+00:00 [queued]>
[2021-12-24 10:40:18,547] {taskinstance.py:1241} INFO - 
--------------------------------------------------------------------------------
[2021-12-24 10:40:18,549] {taskinstance.py:1242} INFO - Starting attempt 1 of 4
[2021-12-24 10:40:18,550] {taskinstance.py:1243} INFO - 
--------------------------------------------------------------------------------
[2021-12-24 10:40:18,570] {taskinstance.py:1262} INFO - Executing <Task(SparkSubmitOperator): persist_data> on 2021-12-23 10:40:00+00:00
[2021-12-24 10:40:18,582] {standard_task_runner.py:76} INFO - Running: ['***', 'tasks', 'run', 'scraping_daft_roscommon', 'persist_data', 'scheduled__2021-12-23T10:40:00+00:00', '--job-id', '4312', '--raw', '--subdir', 'DAGS_FOLDER/scraping_daft_roscommon.py', '--cfg-path', '/tmp/tmpbe2ijcrz', '--error-file', '/tmp/tmpxa5sf7zl']
[2021-12-24 10:40:18,584] {standard_task_runner.py:77} INFO - Job 4312: Subtask persist_data
[2021-12-24 10:40:18,577] {standard_task_runner.py:52} INFO - Started process 11518 to run task
[2021-12-24 10:40:18,701] {logging_mixin.py:109} INFO - Running <TaskInstance: scraping_daft_roscommon.persist_data scheduled__2021-12-23T10:40:00+00:00 [running]> on host dd6c6a1cba03
[2021-12-24 10:40:18,845] {taskinstance.py:1429} INFO - Exporting the following env vars:
AIRFLOW_CTX_DAG_EMAIL=clement.liscoet@gmail.com
AIRFLOW_CTX_DAG_OWNER=clemoni
AIRFLOW_CTX_DAG_ID=scraping_daft_roscommon
AIRFLOW_CTX_TASK_ID=persist_data
AIRFLOW_CTX_EXECUTION_DATE=2021-12-23T10:40:00+00:00
AIRFLOW_CTX_DAG_RUN_ID=scheduled__2021-12-23T10:40:00+00:00
[2021-12-24 10:40:18,869] {base.py:79} INFO - Using connection to: id: spark_default. Host: spark://spark:7077, Port: None, Schema: , Login: ***, Password: ***, extra: {}
[2021-12-24 10:40:18,872] {spark_submit.py:360} INFO - Spark-Submit cmd: spark-submit --master spark://spark:7077 --conf spark.master=spark://spark:7077 --name persist data --verbose /opt/***/jobs/persist_db.py roscommon
[2021-12-24 10:40:20,551] {spark_submit.py:514} INFO - Using properties file: null
[2021-12-24 10:40:20,667] {spark_submit.py:514} INFO - WARNING: An illegal reflective access operation has occurred
[2021-12-24 10:40:20,668] {spark_submit.py:514} INFO - WARNING: Illegal reflective access by org.apache.spark.unsafe.Platform (file:/home/***/.local/lib/python3.6/site-packages/pyspark/jars/spark-unsafe_2.12-3.2.0.jar) to constructor java.nio.DirectByteBuffer(long,int)
[2021-12-24 10:40:20,669] {spark_submit.py:514} INFO - WARNING: Please consider reporting this to the maintainers of org.apache.spark.unsafe.Platform
[2021-12-24 10:40:20,670] {spark_submit.py:514} INFO - WARNING: Use --illegal-access=warn to enable warnings of further illegal reflective access operations
[2021-12-24 10:40:20,671] {spark_submit.py:514} INFO - WARNING: All illegal access operations will be denied in a future release
[2021-12-24 10:40:20,735] {spark_submit.py:514} INFO - Parsed arguments:
[2021-12-24 10:40:20,736] {spark_submit.py:514} INFO - master                  spark://spark:7077
[2021-12-24 10:40:20,737] {spark_submit.py:514} INFO - deployMode              null
[2021-12-24 10:40:20,738] {spark_submit.py:514} INFO - executorMemory          null
[2021-12-24 10:40:20,739] {spark_submit.py:514} INFO - executorCores           null
[2021-12-24 10:40:20,740] {spark_submit.py:514} INFO - totalExecutorCores      null
[2021-12-24 10:40:20,742] {spark_submit.py:514} INFO - propertiesFile          null
[2021-12-24 10:40:20,742] {spark_submit.py:514} INFO - driverMemory            null
[2021-12-24 10:40:20,743] {spark_submit.py:514} INFO - driverCores             null
[2021-12-24 10:40:20,744] {spark_submit.py:514} INFO - driverExtraClassPath    null
[2021-12-24 10:40:20,745] {spark_submit.py:514} INFO - driverExtraLibraryPath  null
[2021-12-24 10:40:20,746] {spark_submit.py:514} INFO - driverExtraJavaOptions  null
[2021-12-24 10:40:20,747] {spark_submit.py:514} INFO - supervise               false
[2021-12-24 10:40:20,748] {spark_submit.py:514} INFO - queue                   null
[2021-12-24 10:40:20,749] {spark_submit.py:514} INFO - numExecutors            null
[2021-12-24 10:40:20,750] {spark_submit.py:514} INFO - files                   null
[2021-12-24 10:40:20,751] {spark_submit.py:514} INFO - pyFiles                 null
[2021-12-24 10:40:20,751] {spark_submit.py:514} INFO - archives                null
[2021-12-24 10:40:20,752] {spark_submit.py:514} INFO - mainClass               null
[2021-12-24 10:40:20,753] {spark_submit.py:514} INFO - primaryResource         file:/opt/***/jobs/persist_db.py
[2021-12-24 10:40:20,754] {spark_submit.py:514} INFO - name                    persist data
[2021-12-24 10:40:20,755] {spark_submit.py:514} INFO - childArgs               [roscommon]
[2021-12-24 10:40:20,756] {spark_submit.py:514} INFO - jars                    null
[2021-12-24 10:40:20,757] {spark_submit.py:514} INFO - packages                null
[2021-12-24 10:40:20,758] {spark_submit.py:514} INFO - packagesExclusions      null
[2021-12-24 10:40:20,759] {spark_submit.py:514} INFO - repositories            null
[2021-12-24 10:40:20,759] {spark_submit.py:514} INFO - verbose                 true
[2021-12-24 10:40:20,760] {spark_submit.py:514} INFO - 
[2021-12-24 10:40:20,761] {spark_submit.py:514} INFO - Spark properties used, including those specified through
[2021-12-24 10:40:20,762] {spark_submit.py:514} INFO - --conf and those from the properties file null:
[2021-12-24 10:40:20,763] {spark_submit.py:514} INFO - (spark.master,spark://spark:7077)
[2021-12-24 10:40:20,764] {spark_submit.py:514} INFO - 
[2021-12-24 10:40:20,765] {spark_submit.py:514} INFO - 
[2021-12-24 10:40:21,143] {spark_submit.py:514} INFO - Main class:
[2021-12-24 10:40:21,144] {spark_submit.py:514} INFO - org.apache.spark.deploy.PythonRunner
[2021-12-24 10:40:21,145] {spark_submit.py:514} INFO - Arguments:
[2021-12-24 10:40:21,147] {spark_submit.py:514} INFO - file:/opt/***/jobs/persist_db.py
[2021-12-24 10:40:21,148] {spark_submit.py:514} INFO - null
[2021-12-24 10:40:21,149] {spark_submit.py:514} INFO - roscommon
[2021-12-24 10:40:21,150] {spark_submit.py:514} INFO - --verbose
[2021-12-24 10:40:21,151] {spark_submit.py:514} INFO - Spark config:
[2021-12-24 10:40:21,153] {spark_submit.py:514} INFO - (spark.master,spark://spark:7077)
[2021-12-24 10:40:21,154] {spark_submit.py:514} INFO - (spark.app.name,persist data)
[2021-12-24 10:40:21,155] {spark_submit.py:514} INFO - (spark.submit.pyFiles,)
[2021-12-24 10:40:21,158] {spark_submit.py:514} INFO - (spark.submit.deployMode,client)
[2021-12-24 10:40:21,159] {spark_submit.py:514} INFO - Classpath elements:
[2021-12-24 10:40:21,161] {spark_submit.py:514} INFO - 
[2021-12-24 10:40:21,162] {spark_submit.py:514} INFO - 
[2021-12-24 10:40:21,163] {spark_submit.py:514} INFO - 
[2021-12-24 10:40:23,228] {spark_submit.py:514} INFO - Using Spark's default log4j profile: org/apache/spark/log4j-defaults.properties
[2021-12-24 10:40:23,247] {spark_submit.py:514} INFO - 21/12/24 10:40:23 INFO SparkContext: Running Spark version 3.2.0
[2021-12-24 10:40:23,381] {spark_submit.py:514} INFO - 21/12/24 10:40:23 WARN NativeCodeLoader: Unable to load native-hadoop library for your platform... using builtin-java classes where applicable
[2021-12-24 10:40:24,020] {spark_submit.py:514} INFO - 21/12/24 10:40:24 INFO ResourceUtils: ==============================================================
[2021-12-24 10:40:24,026] {spark_submit.py:514} INFO - 21/12/24 10:40:24 INFO ResourceUtils: No custom resources configured for spark.driver.
[2021-12-24 10:40:24,030] {spark_submit.py:514} INFO - 21/12/24 10:40:24 INFO ResourceUtils: ==============================================================
[2021-12-24 10:40:24,038] {spark_submit.py:514} INFO - 21/12/24 10:40:24 INFO SparkContext: Submitted application: Persist DB
[2021-12-24 10:40:24,224] {spark_submit.py:514} INFO - 21/12/24 10:40:24 INFO ResourceProfile: Default ResourceProfile created, executor resources: Map(cores -> name: cores, amount: 1, script: , vendor: , memory -> name: memory, amount: 1024, script: , vendor: , offHeap -> name: offHeap, amount: 0, script: , vendor: ), task resources: Map(cpus -> name: cpus, amount: 1.0)
[2021-12-24 10:40:24,268] {spark_submit.py:514} INFO - 21/12/24 10:40:24 INFO ResourceProfile: Limiting resource is cpu
[2021-12-24 10:40:24,270] {spark_submit.py:514} INFO - 21/12/24 10:40:24 INFO ResourceProfileManager: Added ResourceProfile id: 0
[2021-12-24 10:40:24,554] {spark_submit.py:514} INFO - 21/12/24 10:40:24 INFO SecurityManager: Changing view acls to: ***
[2021-12-24 10:40:24,560] {spark_submit.py:514} INFO - 21/12/24 10:40:24 INFO SecurityManager: Changing modify acls to: ***
[2021-12-24 10:40:24,565] {spark_submit.py:514} INFO - 21/12/24 10:40:24 INFO SecurityManager: Changing view acls groups to:
[2021-12-24 10:40:24,566] {spark_submit.py:514} INFO - 21/12/24 10:40:24 INFO SecurityManager: Changing modify acls groups to:
[2021-12-24 10:40:24,573] {spark_submit.py:514} INFO - 21/12/24 10:40:24 INFO SecurityManager: SecurityManager: authentication disabled; ui acls disabled; users  with view permissions: Set(***); groups with view permissions: Set(); users  with modify permissions: Set(***); groups with modify permissions: Set()
[2021-12-24 10:40:29,772] {spark_submit.py:514} INFO - 21/12/24 10:40:29 INFO Utils: Successfully started service 'sparkDriver' on port 43727.
[2021-12-24 10:40:29,969] {spark_submit.py:514} INFO - 21/12/24 10:40:29 INFO SparkEnv: Registering MapOutputTracker
[2021-12-24 10:40:30,151] {spark_submit.py:514} INFO - 21/12/24 10:40:30 INFO SparkEnv: Registering BlockManagerMaster
[2021-12-24 10:40:30,233] {spark_submit.py:514} INFO - 21/12/24 10:40:30 INFO BlockManagerMasterEndpoint: Using org.apache.spark.storage.DefaultTopologyMapper for getting topology information
[2021-12-24 10:40:30,272] {spark_submit.py:514} INFO - 21/12/24 10:40:30 INFO BlockManagerMasterEndpoint: BlockManagerMasterEndpoint up
[2021-12-24 10:40:30,275] {spark_submit.py:514} INFO - 21/12/24 10:40:30 INFO SparkEnv: Registering BlockManagerMasterHeartbeat
[2021-12-24 10:40:30,368] {spark_submit.py:514} INFO - 21/12/24 10:40:30 INFO DiskBlockManager: Created local directory at /tmp/blockmgr-108c9d51-2a35-486f-ab98-c26a29c0b55f
[2021-12-24 10:40:30,483] {spark_submit.py:514} INFO - 21/12/24 10:40:30 INFO MemoryStore: MemoryStore started with capacity 434.4 MiB
[2021-12-24 10:40:30,588] {spark_submit.py:514} INFO - 21/12/24 10:40:30 INFO SparkEnv: Registering OutputCommitCoordinator
[2021-12-24 10:40:31,501] {spark_submit.py:514} INFO - 21/12/24 10:40:31 INFO Utils: Successfully started service 'SparkUI' on port 4040.
[2021-12-24 10:40:31,805] {spark_submit.py:514} INFO - 21/12/24 10:40:31 INFO SparkUI: Bound SparkUI to 0.0.0.0, and started at http://dd6c6a1cba03:4040
[2021-12-24 10:40:32,502] {spark_submit.py:514} INFO - 21/12/24 10:40:32 INFO StandaloneAppClient$ClientEndpoint: Connecting to master spark://spark:7077...
[2021-12-24 10:40:32,620] {spark_submit.py:514} INFO - 21/12/24 10:40:32 INFO TransportClientFactory: Successfully created connection to spark/172.21.0.4:7077 after 68 ms (0 ms spent in bootstraps)
[2021-12-24 10:40:32,807] {spark_submit.py:514} INFO - 21/12/24 10:40:32 INFO StandaloneSchedulerBackend: Connected to Spark cluster with app ID app-20211224104032-0067
[2021-12-24 10:40:32,830] {spark_submit.py:514} INFO - 21/12/24 10:40:32 INFO Utils: Successfully started service 'org.apache.spark.network.netty.NettyBlockTransferService' on port 41141.
[2021-12-24 10:40:32,834] {spark_submit.py:514} INFO - 21/12/24 10:40:32 INFO NettyBlockTransferService: Server created on dd6c6a1cba03:41141
[2021-12-24 10:40:32,843] {spark_submit.py:514} INFO - 21/12/24 10:40:32 INFO BlockManager: Using org.apache.spark.storage.RandomBlockReplicationPolicy for block replication policy
[2021-12-24 10:40:32,848] {spark_submit.py:514} INFO - 21/12/24 10:40:32 INFO StandaloneAppClient$ClientEndpoint: Executor added: app-20211224104032-0067/0 on worker-20211224102243-172.21.0.6-46073 (172.21.0.6:46073) with 6 core(s)
[2021-12-24 10:40:32,852] {spark_submit.py:514} INFO - 21/12/24 10:40:32 INFO StandaloneSchedulerBackend: Granted executor ID app-20211224104032-0067/0 on hostPort 172.21.0.6:46073 with 6 core(s), 1024.0 MiB RAM
[2021-12-24 10:40:32,855] {spark_submit.py:514} INFO - 21/12/24 10:40:32 INFO StandaloneAppClient$ClientEndpoint: Executor added: app-20211224104032-0067/1 on worker-20211224102243-172.21.0.5-40097 (172.21.0.5:40097) with 6 core(s)
[2021-12-24 10:40:32,857] {spark_submit.py:514} INFO - 21/12/24 10:40:32 INFO StandaloneSchedulerBackend: Granted executor ID app-20211224104032-0067/1 on hostPort 172.21.0.5:40097 with 6 core(s), 1024.0 MiB RAM
[2021-12-24 10:40:32,867] {spark_submit.py:514} INFO - 21/12/24 10:40:32 INFO BlockManagerMaster: Registering BlockManager BlockManagerId(driver, dd6c6a1cba03, 41141, None)
[2021-12-24 10:40:32,875] {spark_submit.py:514} INFO - 21/12/24 10:40:32 INFO BlockManagerMasterEndpoint: Registering block manager dd6c6a1cba03:41141 with 434.4 MiB RAM, BlockManagerId(driver, dd6c6a1cba03, 41141, None)
[2021-12-24 10:40:32,894] {spark_submit.py:514} INFO - 21/12/24 10:40:32 INFO BlockManagerMaster: Registered BlockManager BlockManagerId(driver, dd6c6a1cba03, 41141, None)
[2021-12-24 10:40:32,900] {spark_submit.py:514} INFO - 21/12/24 10:40:32 INFO BlockManager: Initialized BlockManager: BlockManagerId(driver, dd6c6a1cba03, 41141, None)
[2021-12-24 10:40:33,128] {spark_submit.py:514} INFO - 21/12/24 10:40:33 INFO StandaloneAppClient$ClientEndpoint: Executor updated: app-20211224104032-0067/0 is now RUNNING
[2021-12-24 10:40:33,140] {spark_submit.py:514} INFO - 21/12/24 10:40:33 INFO StandaloneAppClient$ClientEndpoint: Executor updated: app-20211224104032-0067/1 is now RUNNING
[2021-12-24 10:40:33,734] {spark_submit.py:514} INFO - 21/12/24 10:40:33 INFO StandaloneSchedulerBackend: SchedulerBackend is ready for scheduling beginning after reached minRegisteredResourcesRatio: 0.0
[2021-12-24 10:40:33,985] {spark_submit.py:514} INFO - /home/***/.local/lib/python3.6/site-packages/pyspark/python/lib/pyspark.zip/pyspark/context.py:238: FutureWarning: Python 3.6 support is deprecated in Spark 3.2.
[2021-12-24 10:40:33,987] {spark_submit.py:514} INFO - FutureWarning
[2021-12-24 10:40:36,805] {spark_submit.py:514} INFO - 21/12/24 10:40:36 INFO SharedState: Setting hive.metastore.warehouse.dir ('null') to the value of spark.sql.warehouse.dir.
[2021-12-24 10:40:37,140] {spark_submit.py:514} INFO - 21/12/24 10:40:37 INFO SharedState: Warehouse path is 'file:/opt/***/spark-warehouse'.
[2021-12-24 10:40:40,933] {spark_submit.py:514} INFO - 21/12/24 10:40:40 INFO SparkContext: Invoking stop() from shutdown hook
[2021-12-24 10:40:40,970] {spark_submit.py:514} INFO - 21/12/24 10:40:40 INFO SparkUI: Stopped Spark web UI at http://dd6c6a1cba03:4040
[2021-12-24 10:40:40,988] {spark_submit.py:514} INFO - 21/12/24 10:40:40 INFO StandaloneSchedulerBackend: Shutting down all executors
[2021-12-24 10:40:40,996] {spark_submit.py:514} INFO - 21/12/24 10:40:40 INFO CoarseGrainedSchedulerBackend$DriverEndpoint: Asking each executor to shut down
[2021-12-24 10:40:41,067] {spark_submit.py:514} INFO - 21/12/24 10:40:41 INFO MapOutputTrackerMasterEndpoint: MapOutputTrackerMasterEndpoint stopped!
[2021-12-24 10:40:41,128] {spark_submit.py:514} INFO - 21/12/24 10:40:41 INFO MemoryStore: MemoryStore cleared
[2021-12-24 10:40:41,130] {spark_submit.py:514} INFO - 21/12/24 10:40:41 INFO BlockManager: BlockManager stopped
[2021-12-24 10:40:41,144] {spark_submit.py:514} INFO - 21/12/24 10:40:41 INFO BlockManagerMaster: BlockManagerMaster stopped
[2021-12-24 10:40:41,149] {spark_submit.py:514} INFO - 21/12/24 10:40:41 INFO OutputCommitCoordinator$OutputCommitCoordinatorEndpoint: OutputCommitCoordinator stopped!
[2021-12-24 10:40:41,189] {spark_submit.py:514} INFO - 21/12/24 10:40:41 INFO SparkContext: Successfully stopped SparkContext
[2021-12-24 10:40:41,201] {spark_submit.py:514} INFO - 21/12/24 10:40:41 INFO ShutdownHookManager: Shutdown hook called
[2021-12-24 10:40:41,203] {spark_submit.py:514} INFO - 21/12/24 10:40:41 INFO ShutdownHookManager: Deleting directory /tmp/spark-e0b193c5-3752-43c0-803d-c2071e3c99a3
[2021-12-24 10:40:41,209] {spark_submit.py:514} INFO - 21/12/24 10:40:41 INFO ShutdownHookManager: Deleting directory /tmp/spark-e0b193c5-3752-43c0-803d-c2071e3c99a3/pyspark-080b9d37-ffa4-41ee-9be1-625ffe0f7a12
[2021-12-24 10:40:41,215] {spark_submit.py:514} INFO - 21/12/24 10:40:41 INFO ShutdownHookManager: Deleting directory /tmp/spark-08df8f52-28a8-46d6-9cc2-5b7545a73db9
[2021-12-24 10:40:41,659] {taskinstance.py:1280} INFO - Marking task as SUCCESS. dag_id=scraping_daft_roscommon, task_id=persist_data, execution_date=20211223T104000, start_date=20211224T104018, end_date=20211224T104041
[2021-12-24 10:40:41,786] {local_task_job.py:154} INFO - Task exited with return code 0
[2021-12-24 10:40:42,033] {local_task_job.py:264} INFO - 1 downstream tasks scheduled from follow-on schedule check
