[2021-12-21 09:20:55,449] {taskinstance.py:1035} INFO - Dependencies all met for <TaskInstance: scraping_daft_cavan.remove_file scheduled__2021-12-20T09:10:00+00:00 [queued]>
[2021-12-21 09:20:55,529] {taskinstance.py:1035} INFO - Dependencies all met for <TaskInstance: scraping_daft_cavan.remove_file scheduled__2021-12-20T09:10:00+00:00 [queued]>
[2021-12-21 09:20:55,533] {taskinstance.py:1241} INFO - 
--------------------------------------------------------------------------------
[2021-12-21 09:20:55,534] {taskinstance.py:1242} INFO - Starting attempt 1 of 4
[2021-12-21 09:20:55,536] {taskinstance.py:1243} INFO - 
--------------------------------------------------------------------------------
[2021-12-21 09:20:55,561] {taskinstance.py:1262} INFO - Executing <Task(SparkSubmitOperator): remove_file> on 2021-12-20 09:10:00+00:00
[2021-12-21 09:20:55,574] {standard_task_runner.py:76} INFO - Running: ['***', 'tasks', 'run', 'scraping_daft_cavan', 'remove_file', 'scheduled__2021-12-20T09:10:00+00:00', '--job-id', '3619', '--raw', '--subdir', 'DAGS_FOLDER/scraping_daft_cavan.py', '--cfg-path', '/tmp/tmp3qsdmhht', '--error-file', '/tmp/tmpf1zppgu2']
[2021-12-21 09:20:55,577] {standard_task_runner.py:77} INFO - Job 3619: Subtask remove_file
[2021-12-21 09:20:55,569] {standard_task_runner.py:52} INFO - Started process 1285 to run task
[2021-12-21 09:20:55,732] {logging_mixin.py:109} INFO - Running <TaskInstance: scraping_daft_cavan.remove_file scheduled__2021-12-20T09:10:00+00:00 [running]> on host 99ae224ffe2d
[2021-12-21 09:20:56,066] {taskinstance.py:1429} INFO - Exporting the following env vars:
AIRFLOW_CTX_DAG_EMAIL=clement.liscoet@gmail.com
AIRFLOW_CTX_DAG_OWNER=clemoni
AIRFLOW_CTX_DAG_ID=scraping_daft_cavan
AIRFLOW_CTX_TASK_ID=remove_file
AIRFLOW_CTX_EXECUTION_DATE=2021-12-20T09:10:00+00:00
AIRFLOW_CTX_DAG_RUN_ID=scheduled__2021-12-20T09:10:00+00:00
[2021-12-21 09:20:56,109] {base.py:79} INFO - Using connection to: id: spark_default. Host: spark://spark:7077, Port: None, Schema: , Login: ***, Password: ***, extra: {}
[2021-12-21 09:20:56,114] {spark_submit.py:360} INFO - Spark-Submit cmd: spark-submit --master spark://spark:7077 --conf spark.master=spark://spark:7077 --name remove file --verbose /opt/***/jobs/remove_file.py cavan
[2021-12-21 09:21:00,559] {spark_submit.py:514} INFO - Using properties file: null
[2021-12-21 09:21:00,761] {spark_submit.py:514} INFO - WARNING: An illegal reflective access operation has occurred
[2021-12-21 09:21:00,763] {spark_submit.py:514} INFO - WARNING: Illegal reflective access by org.apache.spark.unsafe.Platform (file:/home/***/.local/lib/python3.6/site-packages/pyspark/jars/spark-unsafe_2.12-3.2.0.jar) to constructor java.nio.DirectByteBuffer(long,int)
[2021-12-21 09:21:00,766] {spark_submit.py:514} INFO - WARNING: Please consider reporting this to the maintainers of org.apache.spark.unsafe.Platform
[2021-12-21 09:21:00,767] {spark_submit.py:514} INFO - WARNING: Use --illegal-access=warn to enable warnings of further illegal reflective access operations
[2021-12-21 09:21:00,769] {spark_submit.py:514} INFO - WARNING: All illegal access operations will be denied in a future release
[2021-12-21 09:21:00,862] {spark_submit.py:514} INFO - Parsed arguments:
[2021-12-21 09:21:00,864] {spark_submit.py:514} INFO - master                  spark://spark:7077
[2021-12-21 09:21:00,865] {spark_submit.py:514} INFO - deployMode              null
[2021-12-21 09:21:00,866] {spark_submit.py:514} INFO - executorMemory          null
[2021-12-21 09:21:00,867] {spark_submit.py:514} INFO - executorCores           null
[2021-12-21 09:21:00,868] {spark_submit.py:514} INFO - totalExecutorCores      null
[2021-12-21 09:21:00,869] {spark_submit.py:514} INFO - propertiesFile          null
[2021-12-21 09:21:00,870] {spark_submit.py:514} INFO - driverMemory            null
[2021-12-21 09:21:00,871] {spark_submit.py:514} INFO - driverCores             null
[2021-12-21 09:21:00,872] {spark_submit.py:514} INFO - driverExtraClassPath    null
[2021-12-21 09:21:00,873] {spark_submit.py:514} INFO - driverExtraLibraryPath  null
[2021-12-21 09:21:00,875] {spark_submit.py:514} INFO - driverExtraJavaOptions  null
[2021-12-21 09:21:00,876] {spark_submit.py:514} INFO - supervise               false
[2021-12-21 09:21:00,877] {spark_submit.py:514} INFO - queue                   null
[2021-12-21 09:21:00,878] {spark_submit.py:514} INFO - numExecutors            null
[2021-12-21 09:21:00,879] {spark_submit.py:514} INFO - files                   null
[2021-12-21 09:21:00,879] {spark_submit.py:514} INFO - pyFiles                 null
[2021-12-21 09:21:00,880] {spark_submit.py:514} INFO - archives                null
[2021-12-21 09:21:00,881] {spark_submit.py:514} INFO - mainClass               null
[2021-12-21 09:21:00,882] {spark_submit.py:514} INFO - primaryResource         file:/opt/***/jobs/remove_file.py
[2021-12-21 09:21:00,883] {spark_submit.py:514} INFO - name                    remove file
[2021-12-21 09:21:00,884] {spark_submit.py:514} INFO - childArgs               [cavan]
[2021-12-21 09:21:00,885] {spark_submit.py:514} INFO - jars                    null
[2021-12-21 09:21:00,886] {spark_submit.py:514} INFO - packages                null
[2021-12-21 09:21:00,887] {spark_submit.py:514} INFO - packagesExclusions      null
[2021-12-21 09:21:00,888] {spark_submit.py:514} INFO - repositories            null
[2021-12-21 09:21:00,890] {spark_submit.py:514} INFO - verbose                 true
[2021-12-21 09:21:00,891] {spark_submit.py:514} INFO - 
[2021-12-21 09:21:00,893] {spark_submit.py:514} INFO - Spark properties used, including those specified through
[2021-12-21 09:21:00,894] {spark_submit.py:514} INFO - --conf and those from the properties file null:
[2021-12-21 09:21:00,895] {spark_submit.py:514} INFO - (spark.master,spark://spark:7077)
[2021-12-21 09:21:00,897] {spark_submit.py:514} INFO - 
[2021-12-21 09:21:00,898] {spark_submit.py:514} INFO - 
[2021-12-21 09:21:01,342] {spark_submit.py:514} INFO - Main class:
[2021-12-21 09:21:01,343] {spark_submit.py:514} INFO - org.apache.spark.deploy.PythonRunner
[2021-12-21 09:21:01,345] {spark_submit.py:514} INFO - Arguments:
[2021-12-21 09:21:01,346] {spark_submit.py:514} INFO - file:/opt/***/jobs/remove_file.py
[2021-12-21 09:21:01,347] {spark_submit.py:514} INFO - null
[2021-12-21 09:21:01,349] {spark_submit.py:514} INFO - cavan
[2021-12-21 09:21:01,350] {spark_submit.py:514} INFO - --verbose
[2021-12-21 09:21:01,351] {spark_submit.py:514} INFO - Spark config:
[2021-12-21 09:21:01,352] {spark_submit.py:514} INFO - (spark.app.name,remove file)
[2021-12-21 09:21:01,358] {spark_submit.py:514} INFO - (spark.master,spark://spark:7077)
[2021-12-21 09:21:01,359] {spark_submit.py:514} INFO - (spark.submit.pyFiles,)
[2021-12-21 09:21:01,360] {spark_submit.py:514} INFO - (spark.submit.deployMode,client)
[2021-12-21 09:21:01,361] {spark_submit.py:514} INFO - Classpath elements:
[2021-12-21 09:21:01,362] {spark_submit.py:514} INFO - 
[2021-12-21 09:21:01,364] {spark_submit.py:514} INFO - 
[2021-12-21 09:21:01,365] {spark_submit.py:514} INFO - 
[2021-12-21 09:21:02,691] {spark_submit.py:514} INFO - Using Spark's default log4j profile: org/apache/spark/log4j-defaults.properties
[2021-12-21 09:21:02,707] {spark_submit.py:514} INFO - 21/12/21 09:21:02 INFO SparkContext: Running Spark version 3.2.0
[2021-12-21 09:21:02,835] {spark_submit.py:514} INFO - 21/12/21 09:21:02 WARN NativeCodeLoader: Unable to load native-hadoop library for your platform... using builtin-java classes where applicable
[2021-12-21 09:21:03,059] {spark_submit.py:514} INFO - 21/12/21 09:21:03 INFO ResourceUtils: ==============================================================
[2021-12-21 09:21:03,061] {spark_submit.py:514} INFO - 21/12/21 09:21:03 INFO ResourceUtils: No custom resources configured for spark.driver.
[2021-12-21 09:21:03,062] {spark_submit.py:514} INFO - 21/12/21 09:21:03 INFO ResourceUtils: ==============================================================
[2021-12-21 09:21:03,064] {spark_submit.py:514} INFO - 21/12/21 09:21:03 INFO SparkContext: Submitted application: Remove file
[2021-12-21 09:21:03,103] {spark_submit.py:514} INFO - 21/12/21 09:21:03 INFO ResourceProfile: Default ResourceProfile created, executor resources: Map(cores -> name: cores, amount: 1, script: , vendor: , memory -> name: memory, amount: 1024, script: , vendor: , offHeap -> name: offHeap, amount: 0, script: , vendor: ), task resources: Map(cpus -> name: cpus, amount: 1.0)
[2021-12-21 09:21:03,121] {spark_submit.py:514} INFO - 21/12/21 09:21:03 INFO ResourceProfile: Limiting resource is cpu
[2021-12-21 09:21:03,122] {spark_submit.py:514} INFO - 21/12/21 09:21:03 INFO ResourceProfileManager: Added ResourceProfile id: 0
[2021-12-21 09:21:03,200] {spark_submit.py:514} INFO - 21/12/21 09:21:03 INFO SecurityManager: Changing view acls to: ***
[2021-12-21 09:21:03,202] {spark_submit.py:514} INFO - 21/12/21 09:21:03 INFO SecurityManager: Changing modify acls to: ***
[2021-12-21 09:21:03,203] {spark_submit.py:514} INFO - 21/12/21 09:21:03 INFO SecurityManager: Changing view acls groups to:
[2021-12-21 09:21:03,204] {spark_submit.py:514} INFO - 21/12/21 09:21:03 INFO SecurityManager: Changing modify acls groups to:
[2021-12-21 09:21:03,205] {spark_submit.py:514} INFO - 21/12/21 09:21:03 INFO SecurityManager: SecurityManager: authentication disabled; ui acls disabled; users  with view permissions: Set(***); groups with view permissions: Set(); users  with modify permissions: Set(***); groups with modify permissions: Set()
[2021-12-21 09:21:03,637] {spark_submit.py:514} INFO - 21/12/21 09:21:03 INFO Utils: Successfully started service 'sparkDriver' on port 34733.
[2021-12-21 09:21:03,699] {spark_submit.py:514} INFO - 21/12/21 09:21:03 INFO SparkEnv: Registering MapOutputTracker
[2021-12-21 09:21:03,761] {spark_submit.py:514} INFO - 21/12/21 09:21:03 INFO SparkEnv: Registering BlockManagerMaster
[2021-12-21 09:21:03,804] {spark_submit.py:514} INFO - 21/12/21 09:21:03 INFO BlockManagerMasterEndpoint: Using org.apache.spark.storage.DefaultTopologyMapper for getting topology information
[2021-12-21 09:21:03,805] {spark_submit.py:514} INFO - 21/12/21 09:21:03 INFO BlockManagerMasterEndpoint: BlockManagerMasterEndpoint up
[2021-12-21 09:21:03,813] {spark_submit.py:514} INFO - 21/12/21 09:21:03 INFO SparkEnv: Registering BlockManagerMasterHeartbeat
[2021-12-21 09:21:03,864] {spark_submit.py:514} INFO - 21/12/21 09:21:03 INFO DiskBlockManager: Created local directory at /tmp/blockmgr-289723a5-7acf-4898-9383-9f46ac51e4f0
[2021-12-21 09:21:03,897] {spark_submit.py:514} INFO - 21/12/21 09:21:03 INFO MemoryStore: MemoryStore started with capacity 434.4 MiB
[2021-12-21 09:21:03,923] {spark_submit.py:514} INFO - 21/12/21 09:21:03 INFO SparkEnv: Registering OutputCommitCoordinator
[2021-12-21 09:21:04,259] {spark_submit.py:514} INFO - 21/12/21 09:21:04 INFO Utils: Successfully started service 'SparkUI' on port 4040.
[2021-12-21 09:21:04,367] {spark_submit.py:514} INFO - 21/12/21 09:21:04 INFO SparkUI: Bound SparkUI to 0.0.0.0, and started at http://99ae224ffe2d:4040
[2021-12-21 09:21:04,793] {spark_submit.py:514} INFO - 21/12/21 09:21:04 INFO StandaloneAppClient$ClientEndpoint: Connecting to master spark://spark:7077...
[2021-12-21 09:21:04,904] {spark_submit.py:514} INFO - 21/12/21 09:21:04 INFO TransportClientFactory: Successfully created connection to spark/172.19.0.4:7077 after 43 ms (0 ms spent in bootstraps)
[2021-12-21 09:21:05,046] {spark_submit.py:514} INFO - 21/12/21 09:21:05 INFO StandaloneSchedulerBackend: Connected to Spark cluster with app ID app-20211221092105-0007
[2021-12-21 09:21:05,056] {spark_submit.py:514} INFO - 21/12/21 09:21:05 INFO Utils: Successfully started service 'org.apache.spark.network.netty.NettyBlockTransferService' on port 36373.
[2021-12-21 09:21:05,057] {spark_submit.py:514} INFO - 21/12/21 09:21:05 INFO NettyBlockTransferService: Server created on 99ae224ffe2d:36373
[2021-12-21 09:21:05,059] {spark_submit.py:514} INFO - 21/12/21 09:21:05 INFO BlockManager: Using org.apache.spark.storage.RandomBlockReplicationPolicy for block replication policy
[2021-12-21 09:21:05,069] {spark_submit.py:514} INFO - 21/12/21 09:21:05 INFO BlockManagerMaster: Registering BlockManager BlockManagerId(driver, 99ae224ffe2d, 36373, None)
[2021-12-21 09:21:05,074] {spark_submit.py:514} INFO - 21/12/21 09:21:05 INFO BlockManagerMasterEndpoint: Registering block manager 99ae224ffe2d:36373 with 434.4 MiB RAM, BlockManagerId(driver, 99ae224ffe2d, 36373, None)
[2021-12-21 09:21:05,078] {spark_submit.py:514} INFO - 21/12/21 09:21:05 INFO BlockManagerMaster: Registered BlockManager BlockManagerId(driver, 99ae224ffe2d, 36373, None)
[2021-12-21 09:21:05,080] {spark_submit.py:514} INFO - 21/12/21 09:21:05 INFO BlockManager: Initialized BlockManager: BlockManagerId(driver, 99ae224ffe2d, 36373, None)
[2021-12-21 09:21:05,374] {spark_submit.py:514} INFO - 21/12/21 09:21:05 INFO StandaloneSchedulerBackend: SchedulerBackend is ready for scheduling beginning after reached minRegisteredResourcesRatio: 0.0
[2021-12-21 09:21:05,434] {spark_submit.py:514} INFO - /home/***/.local/lib/python3.6/site-packages/pyspark/python/lib/pyspark.zip/pyspark/context.py:238: FutureWarning: Python 3.6 support is deprecated in Spark 3.2.
[2021-12-21 09:21:05,436] {spark_submit.py:514} INFO - FutureWarning
[2021-12-21 09:21:05,706] {spark_submit.py:514} INFO - 21/12/21 09:21:05 INFO SharedState: Setting hive.metastore.warehouse.dir ('null') to the value of spark.sql.warehouse.dir.
[2021-12-21 09:21:05,739] {spark_submit.py:514} INFO - 21/12/21 09:21:05 INFO SharedState: Warehouse path is 'file:/opt/***/spark-warehouse'.
[2021-12-21 09:21:06,588] {spark_submit.py:514} INFO - file: cavan_rent.json deleted
[2021-12-21 09:21:06,741] {spark_submit.py:514} INFO - 21/12/21 09:21:06 INFO SparkContext: Invoking stop() from shutdown hook
[2021-12-21 09:21:06,769] {spark_submit.py:514} INFO - 21/12/21 09:21:06 INFO SparkUI: Stopped Spark web UI at http://99ae224ffe2d:4040
[2021-12-21 09:21:06,780] {spark_submit.py:514} INFO - 21/12/21 09:21:06 INFO StandaloneSchedulerBackend: Shutting down all executors
[2021-12-21 09:21:06,786] {spark_submit.py:514} INFO - 21/12/21 09:21:06 INFO CoarseGrainedSchedulerBackend$DriverEndpoint: Asking each executor to shut down
[2021-12-21 09:21:06,818] {spark_submit.py:514} INFO - 21/12/21 09:21:06 INFO MapOutputTrackerMasterEndpoint: MapOutputTrackerMasterEndpoint stopped!
[2021-12-21 09:21:06,843] {spark_submit.py:514} INFO - 21/12/21 09:21:06 INFO MemoryStore: MemoryStore cleared
[2021-12-21 09:21:06,844] {spark_submit.py:514} INFO - 21/12/21 09:21:06 INFO BlockManager: BlockManager stopped
[2021-12-21 09:21:06,866] {spark_submit.py:514} INFO - 21/12/21 09:21:06 INFO BlockManagerMaster: BlockManagerMaster stopped
[2021-12-21 09:21:06,871] {spark_submit.py:514} INFO - 21/12/21 09:21:06 INFO OutputCommitCoordinator$OutputCommitCoordinatorEndpoint: OutputCommitCoordinator stopped!
[2021-12-21 09:21:06,890] {spark_submit.py:514} INFO - 21/12/21 09:21:06 INFO SparkContext: Successfully stopped SparkContext
[2021-12-21 09:21:06,891] {spark_submit.py:514} INFO - 21/12/21 09:21:06 INFO ShutdownHookManager: Shutdown hook called
[2021-12-21 09:21:06,893] {spark_submit.py:514} INFO - 21/12/21 09:21:06 INFO ShutdownHookManager: Deleting directory /tmp/spark-03828fd7-7d89-47bd-828b-ff3e7164c53a
[2021-12-21 09:21:06,898] {spark_submit.py:514} INFO - 21/12/21 09:21:06 INFO ShutdownHookManager: Deleting directory /tmp/spark-d28693da-0a7b-4a26-afd5-f0efc30d0c75
[2021-12-21 09:21:06,902] {spark_submit.py:514} INFO - 21/12/21 09:21:06 INFO ShutdownHookManager: Deleting directory /tmp/spark-d28693da-0a7b-4a26-afd5-f0efc30d0c75/pyspark-d80bb60f-52c1-4e60-b8ea-2c7df52ae4cb
[2021-12-21 09:21:07,027] {taskinstance.py:1280} INFO - Marking task as SUCCESS. dag_id=scraping_daft_cavan, task_id=remove_file, execution_date=20211220T091000, start_date=20211221T092055, end_date=20211221T092107
[2021-12-21 09:21:07,094] {local_task_job.py:154} INFO - Task exited with return code 0
[2021-12-21 09:21:07,194] {local_task_job.py:264} INFO - 0 downstream tasks scheduled from follow-on schedule check
