[2021-12-26 19:39:19,743] {taskinstance.py:1035} INFO - Dependencies all met for <TaskInstance: scraping_daft_waterford.persist_data scheduled__2021-12-25T10:55:00+00:00 [queued]>
[2021-12-26 19:39:19,816] {taskinstance.py:1035} INFO - Dependencies all met for <TaskInstance: scraping_daft_waterford.persist_data scheduled__2021-12-25T10:55:00+00:00 [queued]>
[2021-12-26 19:39:19,817] {taskinstance.py:1241} INFO - 
--------------------------------------------------------------------------------
[2021-12-26 19:39:19,820] {taskinstance.py:1242} INFO - Starting attempt 1 of 4
[2021-12-26 19:39:19,820] {taskinstance.py:1243} INFO - 
--------------------------------------------------------------------------------
[2021-12-26 19:39:19,878] {taskinstance.py:1262} INFO - Executing <Task(SparkSubmitOperator): persist_data> on 2021-12-25 10:55:00+00:00
[2021-12-26 19:39:19,894] {standard_task_runner.py:52} INFO - Started process 2679 to run task
[2021-12-26 19:39:19,929] {standard_task_runner.py:76} INFO - Running: ['***', 'tasks', 'run', 'scraping_daft_waterford', 'persist_data', 'scheduled__2021-12-25T10:55:00+00:00', '--job-id', '4742', '--raw', '--subdir', 'DAGS_FOLDER/scraping_daft_waterford.py', '--cfg-path', '/tmp/tmp0_sw972r', '--error-file', '/tmp/tmpuad2zd94']
[2021-12-26 19:39:19,931] {standard_task_runner.py:77} INFO - Job 4742: Subtask persist_data
[2021-12-26 19:39:20,139] {logging_mixin.py:109} INFO - Running <TaskInstance: scraping_daft_waterford.persist_data scheduled__2021-12-25T10:55:00+00:00 [running]> on host 4391ebaded6b
[2021-12-26 19:39:20,446] {taskinstance.py:1429} INFO - Exporting the following env vars:
AIRFLOW_CTX_DAG_EMAIL=clement.liscoet@gmail.com
AIRFLOW_CTX_DAG_OWNER=clemoni
AIRFLOW_CTX_DAG_ID=scraping_daft_waterford
AIRFLOW_CTX_TASK_ID=persist_data
AIRFLOW_CTX_EXECUTION_DATE=2021-12-25T10:55:00+00:00
AIRFLOW_CTX_DAG_RUN_ID=scheduled__2021-12-25T10:55:00+00:00
[2021-12-26 19:39:20,502] {base.py:79} INFO - Using connection to: id: spark_default. Host: spark://spark:7077, Port: None, Schema: , Login: ***, Password: ***, extra: {}
[2021-12-26 19:39:20,505] {spark_submit.py:360} INFO - Spark-Submit cmd: spark-submit --master spark://spark:7077 --conf spark.master=spark://spark:7077 --name persist data --verbose /opt/***/jobs/persist_db.py waterford
[2021-12-26 19:39:25,746] {spark_submit.py:514} INFO - Using properties file: null
[2021-12-26 19:39:25,889] {spark_submit.py:514} INFO - WARNING: An illegal reflective access operation has occurred
[2021-12-26 19:39:25,891] {spark_submit.py:514} INFO - WARNING: Illegal reflective access by org.apache.spark.unsafe.Platform (file:/home/***/.local/lib/python3.6/site-packages/pyspark/jars/spark-unsafe_2.12-3.2.0.jar) to constructor java.nio.DirectByteBuffer(long,int)
[2021-12-26 19:39:25,892] {spark_submit.py:514} INFO - WARNING: Please consider reporting this to the maintainers of org.apache.spark.unsafe.Platform
[2021-12-26 19:39:25,893] {spark_submit.py:514} INFO - WARNING: Use --illegal-access=warn to enable warnings of further illegal reflective access operations
[2021-12-26 19:39:25,894] {spark_submit.py:514} INFO - WARNING: All illegal access operations will be denied in a future release
[2021-12-26 19:39:26,092] {spark_submit.py:514} INFO - Parsed arguments:
[2021-12-26 19:39:26,099] {spark_submit.py:514} INFO - master                  spark://spark:7077
[2021-12-26 19:39:26,112] {spark_submit.py:514} INFO - deployMode              null
[2021-12-26 19:39:26,122] {spark_submit.py:514} INFO - executorMemory          null
[2021-12-26 19:39:26,129] {spark_submit.py:514} INFO - executorCores           null
[2021-12-26 19:39:26,136] {spark_submit.py:514} INFO - totalExecutorCores      null
[2021-12-26 19:39:26,145] {spark_submit.py:514} INFO - propertiesFile          null
[2021-12-26 19:39:26,148] {spark_submit.py:514} INFO - driverMemory            null
[2021-12-26 19:39:26,153] {spark_submit.py:514} INFO - driverCores             null
[2021-12-26 19:39:26,165] {spark_submit.py:514} INFO - driverExtraClassPath    null
[2021-12-26 19:39:26,166] {spark_submit.py:514} INFO - driverExtraLibraryPath  null
[2021-12-26 19:39:26,180] {spark_submit.py:514} INFO - driverExtraJavaOptions  null
[2021-12-26 19:39:26,203] {spark_submit.py:514} INFO - supervise               false
[2021-12-26 19:39:26,208] {spark_submit.py:514} INFO - queue                   null
[2021-12-26 19:39:26,209] {spark_submit.py:514} INFO - numExecutors            null
[2021-12-26 19:39:26,210] {spark_submit.py:514} INFO - files                   null
[2021-12-26 19:39:26,211] {spark_submit.py:514} INFO - pyFiles                 null
[2021-12-26 19:39:26,213] {spark_submit.py:514} INFO - archives                null
[2021-12-26 19:39:26,214] {spark_submit.py:514} INFO - mainClass               null
[2021-12-26 19:39:26,216] {spark_submit.py:514} INFO - primaryResource         file:/opt/***/jobs/persist_db.py
[2021-12-26 19:39:26,219] {spark_submit.py:514} INFO - name                    persist data
[2021-12-26 19:39:26,221] {spark_submit.py:514} INFO - childArgs               [waterford]
[2021-12-26 19:39:26,223] {spark_submit.py:514} INFO - jars                    null
[2021-12-26 19:39:26,225] {spark_submit.py:514} INFO - packages                null
[2021-12-26 19:39:26,226] {spark_submit.py:514} INFO - packagesExclusions      null
[2021-12-26 19:39:26,228] {spark_submit.py:514} INFO - repositories            null
[2021-12-26 19:39:26,229] {spark_submit.py:514} INFO - verbose                 true
[2021-12-26 19:39:26,230] {spark_submit.py:514} INFO - 
[2021-12-26 19:39:26,231] {spark_submit.py:514} INFO - Spark properties used, including those specified through
[2021-12-26 19:39:26,232] {spark_submit.py:514} INFO - --conf and those from the properties file null:
[2021-12-26 19:39:26,233] {spark_submit.py:514} INFO - (spark.master,spark://spark:7077)
[2021-12-26 19:39:26,234] {spark_submit.py:514} INFO - 
[2021-12-26 19:39:26,235] {spark_submit.py:514} INFO - 
[2021-12-26 19:39:27,241] {spark_submit.py:514} INFO - Main class:
[2021-12-26 19:39:27,245] {spark_submit.py:514} INFO - org.apache.spark.deploy.PythonRunner
[2021-12-26 19:39:27,247] {spark_submit.py:514} INFO - Arguments:
[2021-12-26 19:39:27,251] {spark_submit.py:514} INFO - file:/opt/***/jobs/persist_db.py
[2021-12-26 19:39:27,254] {spark_submit.py:514} INFO - null
[2021-12-26 19:39:27,258] {spark_submit.py:514} INFO - waterford
[2021-12-26 19:39:27,265] {spark_submit.py:514} INFO - --verbose
[2021-12-26 19:39:27,268] {spark_submit.py:514} INFO - Spark config:
[2021-12-26 19:39:27,272] {spark_submit.py:514} INFO - (spark.master,spark://spark:7077)
[2021-12-26 19:39:27,274] {spark_submit.py:514} INFO - (spark.app.name,persist data)
[2021-12-26 19:39:27,277] {spark_submit.py:514} INFO - (spark.submit.pyFiles,)
[2021-12-26 19:39:27,281] {spark_submit.py:514} INFO - (spark.submit.deployMode,client)
[2021-12-26 19:39:27,285] {spark_submit.py:514} INFO - Classpath elements:
[2021-12-26 19:39:27,292] {spark_submit.py:514} INFO - 
[2021-12-26 19:39:27,293] {spark_submit.py:514} INFO - 
[2021-12-26 19:39:27,294] {spark_submit.py:514} INFO - 
[2021-12-26 19:39:32,121] {spark_submit.py:514} INFO - Using Spark's default log4j profile: org/apache/spark/log4j-defaults.properties
[2021-12-26 19:39:32,174] {spark_submit.py:514} INFO - 21/12/26 19:39:32 INFO SparkContext: Running Spark version 3.2.0
[2021-12-26 19:39:32,601] {spark_submit.py:514} INFO - 21/12/26 19:39:32 WARN NativeCodeLoader: Unable to load native-hadoop library for your platform... using builtin-java classes where applicable
[2021-12-26 19:39:33,521] {spark_submit.py:514} INFO - 21/12/26 19:39:33 INFO ResourceUtils: ==============================================================
[2021-12-26 19:39:33,522] {spark_submit.py:514} INFO - 21/12/26 19:39:33 INFO ResourceUtils: No custom resources configured for spark.driver.
[2021-12-26 19:39:33,523] {spark_submit.py:514} INFO - 21/12/26 19:39:33 INFO ResourceUtils: ==============================================================
[2021-12-26 19:39:33,536] {spark_submit.py:514} INFO - 21/12/26 19:39:33 INFO SparkContext: Submitted application: Persist DB
[2021-12-26 19:39:33,606] {spark_submit.py:514} INFO - 21/12/26 19:39:33 INFO ResourceProfile: Default ResourceProfile created, executor resources: Map(cores -> name: cores, amount: 1, script: , vendor: , memory -> name: memory, amount: 1024, script: , vendor: , offHeap -> name: offHeap, amount: 0, script: , vendor: ), task resources: Map(cpus -> name: cpus, amount: 1.0)
[2021-12-26 19:39:33,659] {spark_submit.py:514} INFO - 21/12/26 19:39:33 INFO ResourceProfile: Limiting resource is cpu
[2021-12-26 19:39:33,660] {spark_submit.py:514} INFO - 21/12/26 19:39:33 INFO ResourceProfileManager: Added ResourceProfile id: 0
[2021-12-26 19:39:33,882] {spark_submit.py:514} INFO - 21/12/26 19:39:33 INFO SecurityManager: Changing view acls to: ***
[2021-12-26 19:39:33,886] {spark_submit.py:514} INFO - 21/12/26 19:39:33 INFO SecurityManager: Changing modify acls to: ***
[2021-12-26 19:39:33,889] {spark_submit.py:514} INFO - 21/12/26 19:39:33 INFO SecurityManager: Changing view acls groups to:
[2021-12-26 19:39:33,890] {spark_submit.py:514} INFO - 21/12/26 19:39:33 INFO SecurityManager: Changing modify acls groups to:
[2021-12-26 19:39:33,895] {spark_submit.py:514} INFO - 21/12/26 19:39:33 INFO SecurityManager: SecurityManager: authentication disabled; ui acls disabled; users  with view permissions: Set(***); groups with view permissions: Set(); users  with modify permissions: Set(***); groups with modify permissions: Set()
[2021-12-26 19:39:36,037] {spark_submit.py:514} INFO - 21/12/26 19:39:36 INFO Utils: Successfully started service 'sparkDriver' on port 46681.
[2021-12-26 19:39:36,213] {spark_submit.py:514} INFO - 21/12/26 19:39:36 INFO SparkEnv: Registering MapOutputTracker
[2021-12-26 19:39:36,302] {spark_submit.py:514} INFO - 21/12/26 19:39:36 INFO SparkEnv: Registering BlockManagerMaster
[2021-12-26 19:39:36,355] {spark_submit.py:514} INFO - 21/12/26 19:39:36 INFO BlockManagerMasterEndpoint: Using org.apache.spark.storage.DefaultTopologyMapper for getting topology information
[2021-12-26 19:39:36,366] {spark_submit.py:514} INFO - 21/12/26 19:39:36 INFO BlockManagerMasterEndpoint: BlockManagerMasterEndpoint up
[2021-12-26 19:39:36,382] {spark_submit.py:514} INFO - 21/12/26 19:39:36 INFO SparkEnv: Registering BlockManagerMasterHeartbeat
[2021-12-26 19:39:36,493] {spark_submit.py:514} INFO - 21/12/26 19:39:36 INFO DiskBlockManager: Created local directory at /tmp/blockmgr-5fe9f04a-d41d-4ec9-86ef-14118fe4a841
[2021-12-26 19:39:36,635] {spark_submit.py:514} INFO - 21/12/26 19:39:36 INFO MemoryStore: MemoryStore started with capacity 434.4 MiB
[2021-12-26 19:39:36,765] {spark_submit.py:514} INFO - 21/12/26 19:39:36 INFO SparkEnv: Registering OutputCommitCoordinator
[2021-12-26 19:39:38,074] {spark_submit.py:514} INFO - 21/12/26 19:39:38 WARN Utils: Service 'SparkUI' could not bind on port 4040. Attempting port 4041.
[2021-12-26 19:39:38,076] {spark_submit.py:514} INFO - 21/12/26 19:39:38 WARN Utils: Service 'SparkUI' could not bind on port 4041. Attempting port 4042.
[2021-12-26 19:39:38,118] {spark_submit.py:514} INFO - 21/12/26 19:39:38 INFO Utils: Successfully started service 'SparkUI' on port 4042.
[2021-12-26 19:39:38,322] {spark_submit.py:514} INFO - 21/12/26 19:39:38 INFO SparkUI: Bound SparkUI to 0.0.0.0, and started at http://4391ebaded6b:4042
[2021-12-26 19:39:39,978] {spark_submit.py:514} INFO - 21/12/26 19:39:39 INFO StandaloneAppClient$ClientEndpoint: Connecting to master spark://spark:7077...
[2021-12-26 19:39:40,511] {spark_submit.py:514} INFO - 21/12/26 19:39:40 INFO TransportClientFactory: Successfully created connection to spark/172.18.0.4:7077 after 282 ms (0 ms spent in bootstraps)
[2021-12-26 19:39:40,929] {spark_submit.py:514} INFO - 21/12/26 19:39:40 INFO StandaloneSchedulerBackend: Connected to Spark cluster with app ID app-20211226193940-0016
[2021-12-26 19:39:40,966] {spark_submit.py:514} INFO - 21/12/26 19:39:40 INFO Utils: Successfully started service 'org.apache.spark.network.netty.NettyBlockTransferService' on port 40301.
[2021-12-26 19:39:40,980] {spark_submit.py:514} INFO - 21/12/26 19:39:40 INFO NettyBlockTransferService: Server created on 4391ebaded6b:40301
[2021-12-26 19:39:40,982] {spark_submit.py:514} INFO - 21/12/26 19:39:40 INFO BlockManager: Using org.apache.spark.storage.RandomBlockReplicationPolicy for block replication policy
[2021-12-26 19:39:40,997] {spark_submit.py:514} INFO - 21/12/26 19:39:40 INFO BlockManagerMaster: Registering BlockManager BlockManagerId(driver, 4391ebaded6b, 40301, None)
[2021-12-26 19:39:41,021] {spark_submit.py:514} INFO - 21/12/26 19:39:41 INFO BlockManagerMasterEndpoint: Registering block manager 4391ebaded6b:40301 with 434.4 MiB RAM, BlockManagerId(driver, 4391ebaded6b, 40301, None)
[2021-12-26 19:39:41,023] {spark_submit.py:514} INFO - 21/12/26 19:39:41 INFO BlockManagerMaster: Registered BlockManager BlockManagerId(driver, 4391ebaded6b, 40301, None)
[2021-12-26 19:39:41,030] {spark_submit.py:514} INFO - 21/12/26 19:39:41 INFO BlockManager: Initialized BlockManager: BlockManagerId(driver, 4391ebaded6b, 40301, None)
[2021-12-26 19:39:42,919] {spark_submit.py:514} INFO - 21/12/26 19:39:42 INFO StandaloneSchedulerBackend: SchedulerBackend is ready for scheduling beginning after reached minRegisteredResourcesRatio: 0.0
[2021-12-26 19:39:43,234] {spark_submit.py:514} INFO - /home/***/.local/lib/python3.6/site-packages/pyspark/python/lib/pyspark.zip/pyspark/context.py:238: FutureWarning: Python 3.6 support is deprecated in Spark 3.2.
[2021-12-26 19:39:43,238] {spark_submit.py:514} INFO - FutureWarning
[2021-12-26 19:39:44,699] {spark_submit.py:514} INFO - 21/12/26 19:39:44 INFO SharedState: Setting hive.metastore.warehouse.dir ('null') to the value of spark.sql.warehouse.dir.
[2021-12-26 19:39:44,785] {spark_submit.py:514} INFO - 21/12/26 19:39:44 INFO SharedState: Warehouse path is 'file:/opt/***/spark-warehouse'.
[2021-12-26 19:39:49,049] {spark_submit.py:514} INFO - 21/12/26 19:39:49 INFO SparkContext: Invoking stop() from shutdown hook
[2021-12-26 19:39:49,102] {spark_submit.py:514} INFO - 21/12/26 19:39:49 INFO SparkUI: Stopped Spark web UI at http://4391ebaded6b:4042
[2021-12-26 19:39:49,115] {spark_submit.py:514} INFO - 21/12/26 19:39:49 INFO StandaloneSchedulerBackend: Shutting down all executors
[2021-12-26 19:39:49,132] {spark_submit.py:514} INFO - 21/12/26 19:39:49 INFO CoarseGrainedSchedulerBackend$DriverEndpoint: Asking each executor to shut down
[2021-12-26 19:39:49,211] {spark_submit.py:514} INFO - 21/12/26 19:39:49 INFO MapOutputTrackerMasterEndpoint: MapOutputTrackerMasterEndpoint stopped!
[2021-12-26 19:39:49,377] {spark_submit.py:514} INFO - 21/12/26 19:39:49 INFO MemoryStore: MemoryStore cleared
[2021-12-26 19:39:49,379] {spark_submit.py:514} INFO - 21/12/26 19:39:49 INFO BlockManager: BlockManager stopped
[2021-12-26 19:39:49,515] {spark_submit.py:514} INFO - 21/12/26 19:39:49 INFO BlockManagerMaster: BlockManagerMaster stopped
[2021-12-26 19:39:49,523] {spark_submit.py:514} INFO - 21/12/26 19:39:49 INFO OutputCommitCoordinator$OutputCommitCoordinatorEndpoint: OutputCommitCoordinator stopped!
[2021-12-26 19:39:49,919] {spark_submit.py:514} INFO - 21/12/26 19:39:49 INFO SparkContext: Successfully stopped SparkContext
[2021-12-26 19:39:49,924] {spark_submit.py:514} INFO - 21/12/26 19:39:49 INFO ShutdownHookManager: Shutdown hook called
[2021-12-26 19:39:49,933] {spark_submit.py:514} INFO - 21/12/26 19:39:49 INFO ShutdownHookManager: Deleting directory /tmp/spark-7f790702-a687-4987-8bfa-a4da4938d968
[2021-12-26 19:39:49,963] {spark_submit.py:514} INFO - 21/12/26 19:39:49 INFO ShutdownHookManager: Deleting directory /tmp/spark-7f790702-a687-4987-8bfa-a4da4938d968/pyspark-0e3c264c-a969-4b67-b7dd-7aee2eb32035
[2021-12-26 19:39:49,982] {spark_submit.py:514} INFO - 21/12/26 19:39:49 INFO ShutdownHookManager: Deleting directory /tmp/spark-724f599c-d185-4101-ac9b-a2f7192e50cf
[2021-12-26 19:39:50,341] {taskinstance.py:1280} INFO - Marking task as SUCCESS. dag_id=scraping_daft_waterford, task_id=persist_data, execution_date=20211225T105500, start_date=20211226T193919, end_date=20211226T193950
[2021-12-26 19:39:50,500] {local_task_job.py:154} INFO - Task exited with return code 0
[2021-12-26 19:39:50,934] {local_task_job.py:264} INFO - 1 downstream tasks scheduled from follow-on schedule check
