[2021-12-09 01:45:00,671] {taskinstance.py:1035} INFO - Dependencies all met for <TaskInstance: scraping_daft_galway.run_init_county scheduled__2021-12-08T01:45:00+00:00 [queued]>
[2021-12-09 01:45:00,687] {taskinstance.py:1035} INFO - Dependencies all met for <TaskInstance: scraping_daft_galway.run_init_county scheduled__2021-12-08T01:45:00+00:00 [queued]>
[2021-12-09 01:45:00,688] {taskinstance.py:1241} INFO - 
--------------------------------------------------------------------------------
[2021-12-09 01:45:00,689] {taskinstance.py:1242} INFO - Starting attempt 1 of 3
[2021-12-09 01:45:00,690] {taskinstance.py:1243} INFO - 
--------------------------------------------------------------------------------
[2021-12-09 01:45:00,706] {taskinstance.py:1262} INFO - Executing <Task(_PythonDecoratedOperator): run_init_county> on 2021-12-08 01:45:00+00:00
[2021-12-09 01:45:00,717] {standard_task_runner.py:76} INFO - Running: ['***', 'tasks', 'run', 'scraping_daft_galway', 'run_init_county', 'scheduled__2021-12-08T01:45:00+00:00', '--job-id', '768', '--raw', '--subdir', 'DAGS_FOLDER/scraping_daft_galway.py', '--cfg-path', '/tmp/tmpq_bg162o', '--error-file', '/tmp/tmp9usknntg']
[2021-12-09 01:45:00,718] {standard_task_runner.py:77} INFO - Job 768: Subtask run_init_county
[2021-12-09 01:45:00,713] {standard_task_runner.py:52} INFO - Started process 48210 to run task
[2021-12-09 01:45:00,840] {logging_mixin.py:109} INFO - Running <TaskInstance: scraping_daft_galway.run_init_county scheduled__2021-12-08T01:45:00+00:00 [running]> on host 041e6f8654c3
[2021-12-09 01:45:00,996] {taskinstance.py:1429} INFO - Exporting the following env vars:
AIRFLOW_CTX_DAG_EMAIL=***@example.com
AIRFLOW_CTX_DAG_OWNER=clemoni
AIRFLOW_CTX_DAG_ID=scraping_daft_galway
AIRFLOW_CTX_TASK_ID=run_init_county
AIRFLOW_CTX_EXECUTION_DATE=2021-12-08T01:45:00+00:00
AIRFLOW_CTX_DAG_RUN_ID=scheduled__2021-12-08T01:45:00+00:00
[2021-12-09 01:45:01,023] {python.py:152} INFO - Done. Returned value was: None
[2021-12-09 01:45:01,082] {taskinstance.py:1280} INFO - Marking task as SUCCESS. dag_id=scraping_daft_galway, task_id=run_init_county, execution_date=20211208T014500, start_date=20211209T014500, end_date=20211209T014501
[2021-12-09 01:45:01,137] {local_task_job.py:154} INFO - Task exited with return code 0
[2021-12-09 01:45:01,261] {local_task_job.py:264} INFO - 1 downstream tasks scheduled from follow-on schedule check
