[2021-12-15 09:35:02,687] {taskinstance.py:1035} INFO - Dependencies all met for <TaskInstance: scraping_daft_galway.scrap_data scheduled__2021-12-14T09:35:00+00:00 [queued]>
[2021-12-15 09:35:02,703] {taskinstance.py:1035} INFO - Dependencies all met for <TaskInstance: scraping_daft_galway.scrap_data scheduled__2021-12-14T09:35:00+00:00 [queued]>
[2021-12-15 09:35:02,704] {taskinstance.py:1241} INFO - 
--------------------------------------------------------------------------------
[2021-12-15 09:35:02,705] {taskinstance.py:1242} INFO - Starting attempt 1 of 4
[2021-12-15 09:35:02,706] {taskinstance.py:1243} INFO - 
--------------------------------------------------------------------------------
[2021-12-15 09:35:02,724] {taskinstance.py:1262} INFO - Executing <Task(SparkSubmitOperator): scrap_data> on 2021-12-14 09:35:00+00:00
[2021-12-15 09:35:02,734] {standard_task_runner.py:76} INFO - Running: ['***', 'tasks', 'run', 'scraping_daft_galway', 'scrap_data', 'scheduled__2021-12-14T09:35:00+00:00', '--job-id', '2442', '--raw', '--subdir', 'DAGS_FOLDER/scraping_daft_galway.py', '--cfg-path', '/tmp/tmphs1l0nyp', '--error-file', '/tmp/tmpe83avq6c']
[2021-12-15 09:35:02,730] {standard_task_runner.py:52} INFO - Started process 13843 to run task
[2021-12-15 09:35:02,736] {standard_task_runner.py:77} INFO - Job 2442: Subtask scrap_data
[2021-12-15 09:35:02,840] {logging_mixin.py:109} INFO - Running <TaskInstance: scraping_daft_galway.scrap_data scheduled__2021-12-14T09:35:00+00:00 [running]> on host e2904d252e94
[2021-12-15 09:35:03,033] {taskinstance.py:1429} INFO - Exporting the following env vars:
AIRFLOW_CTX_DAG_EMAIL=clement.liscoet@gmail.com
AIRFLOW_CTX_DAG_OWNER=clemoni
AIRFLOW_CTX_DAG_ID=scraping_daft_galway
AIRFLOW_CTX_TASK_ID=scrap_data
AIRFLOW_CTX_EXECUTION_DATE=2021-12-14T09:35:00+00:00
AIRFLOW_CTX_DAG_RUN_ID=scheduled__2021-12-14T09:35:00+00:00
[2021-12-15 09:35:03,056] {base.py:79} INFO - Using connection to: id: spark_default. Host: spark://spark:7077, Port: None, Schema: , Login: ***, Password: ***, extra: {}
[2021-12-15 09:35:03,060] {spark_submit.py:360} INFO - Spark-Submit cmd: spark-submit --master spark://spark:7077 --conf spark.master=spark://spark:7077 --name scrap data --verbose /opt/***/jobs/get_ads_per_county.py galway
[2021-12-15 09:35:04,600] {spark_submit.py:514} INFO - Using properties file: null
[2021-12-15 09:35:04,719] {spark_submit.py:514} INFO - WARNING: An illegal reflective access operation has occurred
[2021-12-15 09:35:04,721] {spark_submit.py:514} INFO - WARNING: Illegal reflective access by org.apache.spark.unsafe.Platform (file:/home/***/.local/lib/python3.6/site-packages/pyspark/jars/spark-unsafe_2.12-3.2.0.jar) to constructor java.nio.DirectByteBuffer(long,int)
[2021-12-15 09:35:04,722] {spark_submit.py:514} INFO - WARNING: Please consider reporting this to the maintainers of org.apache.spark.unsafe.Platform
[2021-12-15 09:35:04,723] {spark_submit.py:514} INFO - WARNING: Use --illegal-access=warn to enable warnings of further illegal reflective access operations
[2021-12-15 09:35:04,724] {spark_submit.py:514} INFO - WARNING: All illegal access operations will be denied in a future release
[2021-12-15 09:35:04,777] {spark_submit.py:514} INFO - Parsed arguments:
[2021-12-15 09:35:04,778] {spark_submit.py:514} INFO - master                  spark://spark:7077
[2021-12-15 09:35:04,779] {spark_submit.py:514} INFO - deployMode              null
[2021-12-15 09:35:04,780] {spark_submit.py:514} INFO - executorMemory          null
[2021-12-15 09:35:04,781] {spark_submit.py:514} INFO - executorCores           null
[2021-12-15 09:35:04,781] {spark_submit.py:514} INFO - totalExecutorCores      null
[2021-12-15 09:35:04,782] {spark_submit.py:514} INFO - propertiesFile          null
[2021-12-15 09:35:04,782] {spark_submit.py:514} INFO - driverMemory            null
[2021-12-15 09:35:04,783] {spark_submit.py:514} INFO - driverCores             null
[2021-12-15 09:35:04,784] {spark_submit.py:514} INFO - driverExtraClassPath    null
[2021-12-15 09:35:04,784] {spark_submit.py:514} INFO - driverExtraLibraryPath  null
[2021-12-15 09:35:04,786] {spark_submit.py:514} INFO - driverExtraJavaOptions  null
[2021-12-15 09:35:04,786] {spark_submit.py:514} INFO - supervise               false
[2021-12-15 09:35:04,787] {spark_submit.py:514} INFO - queue                   null
[2021-12-15 09:35:04,787] {spark_submit.py:514} INFO - numExecutors            null
[2021-12-15 09:35:04,788] {spark_submit.py:514} INFO - files                   null
[2021-12-15 09:35:04,789] {spark_submit.py:514} INFO - pyFiles                 null
[2021-12-15 09:35:04,789] {spark_submit.py:514} INFO - archives                null
[2021-12-15 09:35:04,790] {spark_submit.py:514} INFO - mainClass               null
[2021-12-15 09:35:04,790] {spark_submit.py:514} INFO - primaryResource         file:/opt/***/jobs/get_ads_per_county.py
[2021-12-15 09:35:04,791] {spark_submit.py:514} INFO - name                    scrap data
[2021-12-15 09:35:04,792] {spark_submit.py:514} INFO - childArgs               [galway]
[2021-12-15 09:35:04,792] {spark_submit.py:514} INFO - jars                    null
[2021-12-15 09:35:04,793] {spark_submit.py:514} INFO - packages                null
[2021-12-15 09:35:04,794] {spark_submit.py:514} INFO - packagesExclusions      null
[2021-12-15 09:35:04,794] {spark_submit.py:514} INFO - repositories            null
[2021-12-15 09:35:04,795] {spark_submit.py:514} INFO - verbose                 true
[2021-12-15 09:35:04,796] {spark_submit.py:514} INFO - 
[2021-12-15 09:35:04,796] {spark_submit.py:514} INFO - Spark properties used, including those specified through
[2021-12-15 09:35:04,797] {spark_submit.py:514} INFO - --conf and those from the properties file null:
[2021-12-15 09:35:04,797] {spark_submit.py:514} INFO - (spark.master,spark://spark:7077)
[2021-12-15 09:35:04,798] {spark_submit.py:514} INFO - 
[2021-12-15 09:35:04,799] {spark_submit.py:514} INFO - 
[2021-12-15 09:35:05,131] {spark_submit.py:514} INFO - Main class:
[2021-12-15 09:35:05,133] {spark_submit.py:514} INFO - org.apache.spark.deploy.PythonRunner
[2021-12-15 09:35:05,133] {spark_submit.py:514} INFO - Arguments:
[2021-12-15 09:35:05,134] {spark_submit.py:514} INFO - file:/opt/***/jobs/get_ads_per_county.py
[2021-12-15 09:35:05,135] {spark_submit.py:514} INFO - null
[2021-12-15 09:35:05,136] {spark_submit.py:514} INFO - galway
[2021-12-15 09:35:05,137] {spark_submit.py:514} INFO - --verbose
[2021-12-15 09:35:05,137] {spark_submit.py:514} INFO - Spark config:
[2021-12-15 09:35:05,138] {spark_submit.py:514} INFO - (spark.app.name,scrap data)
[2021-12-15 09:35:05,139] {spark_submit.py:514} INFO - (spark.master,spark://spark:7077)
[2021-12-15 09:35:05,140] {spark_submit.py:514} INFO - (spark.submit.pyFiles,)
[2021-12-15 09:35:05,141] {spark_submit.py:514} INFO - (spark.submit.deployMode,client)
[2021-12-15 09:35:05,142] {spark_submit.py:514} INFO - Classpath elements:
[2021-12-15 09:35:05,142] {spark_submit.py:514} INFO - 
[2021-12-15 09:35:05,143] {spark_submit.py:514} INFO - 
[2021-12-15 09:35:05,144] {spark_submit.py:514} INFO - 
[2021-12-15 09:35:06,203] {spark_submit.py:514} INFO - Using Spark's default log4j profile: org/apache/spark/log4j-defaults.properties
[2021-12-15 09:35:06,221] {spark_submit.py:514} INFO - 21/12/15 09:35:06 INFO SparkContext: Running Spark version 3.2.0
[2021-12-15 09:35:06,377] {spark_submit.py:514} INFO - 21/12/15 09:35:06 WARN NativeCodeLoader: Unable to load native-hadoop library for your platform... using builtin-java classes where applicable
[2021-12-15 09:35:06,565] {spark_submit.py:514} INFO - 21/12/15 09:35:06 INFO ResourceUtils: ==============================================================
[2021-12-15 09:35:06,566] {spark_submit.py:514} INFO - 21/12/15 09:35:06 INFO ResourceUtils: No custom resources configured for spark.driver.
[2021-12-15 09:35:06,567] {spark_submit.py:514} INFO - 21/12/15 09:35:06 INFO ResourceUtils: ==============================================================
[2021-12-15 09:35:06,567] {spark_submit.py:514} INFO - 21/12/15 09:35:06 INFO SparkContext: Submitted application: Get Ads per county
[2021-12-15 09:35:06,606] {spark_submit.py:514} INFO - 21/12/15 09:35:06 INFO ResourceProfile: Default ResourceProfile created, executor resources: Map(cores -> name: cores, amount: 1, script: , vendor: , memory -> name: memory, amount: 1024, script: , vendor: , offHeap -> name: offHeap, amount: 0, script: , vendor: ), task resources: Map(cpus -> name: cpus, amount: 1.0)
[2021-12-15 09:35:06,621] {spark_submit.py:514} INFO - 21/12/15 09:35:06 INFO ResourceProfile: Limiting resource is cpu
[2021-12-15 09:35:06,622] {spark_submit.py:514} INFO - 21/12/15 09:35:06 INFO ResourceProfileManager: Added ResourceProfile id: 0
[2021-12-15 09:35:06,712] {spark_submit.py:514} INFO - 21/12/15 09:35:06 INFO SecurityManager: Changing view acls to: ***
[2021-12-15 09:35:06,715] {spark_submit.py:514} INFO - 21/12/15 09:35:06 INFO SecurityManager: Changing modify acls to: ***
[2021-12-15 09:35:06,716] {spark_submit.py:514} INFO - 21/12/15 09:35:06 INFO SecurityManager: Changing view acls groups to:
[2021-12-15 09:35:06,717] {spark_submit.py:514} INFO - 21/12/15 09:35:06 INFO SecurityManager: Changing modify acls groups to:
[2021-12-15 09:35:06,717] {spark_submit.py:514} INFO - 21/12/15 09:35:06 INFO SecurityManager: SecurityManager: authentication disabled; ui acls disabled; users  with view permissions: Set(***); groups with view permissions: Set(); users  with modify permissions: Set(***); groups with modify permissions: Set()
[2021-12-15 09:35:07,102] {spark_submit.py:514} INFO - 21/12/15 09:35:07 INFO Utils: Successfully started service 'sparkDriver' on port 42103.
[2021-12-15 09:35:07,156] {spark_submit.py:514} INFO - 21/12/15 09:35:07 INFO SparkEnv: Registering MapOutputTracker
[2021-12-15 09:35:07,226] {spark_submit.py:514} INFO - 21/12/15 09:35:07 INFO SparkEnv: Registering BlockManagerMaster
[2021-12-15 09:35:07,263] {spark_submit.py:514} INFO - 21/12/15 09:35:07 INFO BlockManagerMasterEndpoint: Using org.apache.spark.storage.DefaultTopologyMapper for getting topology information
[2021-12-15 09:35:07,264] {spark_submit.py:514} INFO - 21/12/15 09:35:07 INFO BlockManagerMasterEndpoint: BlockManagerMasterEndpoint up
[2021-12-15 09:35:07,272] {spark_submit.py:514} INFO - 21/12/15 09:35:07 INFO SparkEnv: Registering BlockManagerMasterHeartbeat
[2021-12-15 09:35:07,311] {spark_submit.py:514} INFO - 21/12/15 09:35:07 INFO DiskBlockManager: Created local directory at /tmp/blockmgr-ca8545b4-98b1-49ac-85cb-0c9790de9fc9
[2021-12-15 09:35:07,338] {spark_submit.py:514} INFO - 21/12/15 09:35:07 INFO MemoryStore: MemoryStore started with capacity 434.4 MiB
[2021-12-15 09:35:07,362] {spark_submit.py:514} INFO - 21/12/15 09:35:07 INFO SparkEnv: Registering OutputCommitCoordinator
[2021-12-15 09:35:07,637] {spark_submit.py:514} INFO - 21/12/15 09:35:07 WARN Utils: Service 'SparkUI' could not bind on port 4040. Attempting port 4041.
[2021-12-15 09:35:07,650] {spark_submit.py:514} INFO - 21/12/15 09:35:07 INFO Utils: Successfully started service 'SparkUI' on port 4041.
[2021-12-15 09:35:07,742] {spark_submit.py:514} INFO - 21/12/15 09:35:07 INFO SparkUI: Bound SparkUI to 0.0.0.0, and started at http://e2904d252e94:4041
[2021-12-15 09:35:08,081] {spark_submit.py:514} INFO - 21/12/15 09:35:08 INFO StandaloneAppClient$ClientEndpoint: Connecting to master spark://spark:7077...
[2021-12-15 09:35:08,182] {spark_submit.py:514} INFO - 21/12/15 09:35:08 INFO TransportClientFactory: Successfully created connection to spark/172.19.0.4:7077 after 48 ms (0 ms spent in bootstraps)
[2021-12-15 09:35:08,375] {spark_submit.py:514} INFO - 21/12/15 09:35:08 INFO StandaloneSchedulerBackend: Connected to Spark cluster with app ID app-20211215093508-0073
[2021-12-15 09:35:08,388] {spark_submit.py:514} INFO - 21/12/15 09:35:08 INFO Utils: Successfully started service 'org.apache.spark.network.netty.NettyBlockTransferService' on port 35655.
[2021-12-15 09:35:08,390] {spark_submit.py:514} INFO - 21/12/15 09:35:08 INFO NettyBlockTransferService: Server created on e2904d252e94:35655
[2021-12-15 09:35:08,395] {spark_submit.py:514} INFO - 21/12/15 09:35:08 INFO BlockManager: Using org.apache.spark.storage.RandomBlockReplicationPolicy for block replication policy
[2021-12-15 09:35:08,412] {spark_submit.py:514} INFO - 21/12/15 09:35:08 INFO BlockManagerMaster: Registering BlockManager BlockManagerId(driver, e2904d252e94, 35655, None)
[2021-12-15 09:35:08,419] {spark_submit.py:514} INFO - 21/12/15 09:35:08 INFO BlockManagerMasterEndpoint: Registering block manager e2904d252e94:35655 with 434.4 MiB RAM, BlockManagerId(driver, e2904d252e94, 35655, None)
[2021-12-15 09:35:08,423] {spark_submit.py:514} INFO - 21/12/15 09:35:08 INFO BlockManagerMaster: Registered BlockManager BlockManagerId(driver, e2904d252e94, 35655, None)
[2021-12-15 09:35:08,426] {spark_submit.py:514} INFO - 21/12/15 09:35:08 INFO BlockManager: Initialized BlockManager: BlockManagerId(driver, e2904d252e94, 35655, None)
[2021-12-15 09:35:08,720] {spark_submit.py:514} INFO - 21/12/15 09:35:08 INFO StandaloneSchedulerBackend: SchedulerBackend is ready for scheduling beginning after reached minRegisteredResourcesRatio: 0.0
[2021-12-15 09:35:08,773] {spark_submit.py:514} INFO - /home/***/.local/lib/python3.6/site-packages/pyspark/python/lib/pyspark.zip/pyspark/context.py:238: FutureWarning: Python 3.6 support is deprecated in Spark 3.2.
[2021-12-15 09:35:08,773] {spark_submit.py:514} INFO - FutureWarning
[2021-12-15 09:35:09,071] {spark_submit.py:514} INFO - 21/12/15 09:35:09 INFO SharedState: Setting hive.metastore.warehouse.dir ('null') to the value of spark.sql.warehouse.dir.
[2021-12-15 09:35:09,099] {spark_submit.py:514} INFO - 21/12/15 09:35:09 INFO SharedState: Warehouse path is 'file:/opt/***/spark-warehouse'.
[2021-12-15 09:35:11,628] {spark_submit.py:514} INFO - running...
[2021-12-15 09:35:12,316] {spark_submit.py:514} INFO - running...
[2021-12-15 09:35:12,317] {spark_submit.py:514} INFO - running...
[2021-12-15 09:35:12,790] {spark_submit.py:514} INFO - running...
[2021-12-15 09:35:13,587] {spark_submit.py:514} INFO - running...
[2021-12-15 09:35:14,419] {spark_submit.py:514} INFO - running...
[2021-12-15 09:35:15,025] {spark_submit.py:514} INFO - running...
[2021-12-15 09:35:15,927] {spark_submit.py:514} INFO - running...
[2021-12-15 09:35:16,384] {spark_submit.py:514} INFO - running...
[2021-12-15 09:35:17,074] {spark_submit.py:514} INFO - running...
[2021-12-15 09:35:17,593] {spark_submit.py:514} INFO - running...
[2021-12-15 09:35:18,338] {spark_submit.py:514} INFO - running...
[2021-12-15 09:35:19,240] {spark_submit.py:514} INFO - running...
[2021-12-15 09:35:19,986] {spark_submit.py:514} INFO - running...
[2021-12-15 09:35:20,628] {spark_submit.py:514} INFO - running...
[2021-12-15 09:35:21,421] {spark_submit.py:514} INFO - running...
[2021-12-15 09:35:22,740] {spark_submit.py:514} INFO - running...
[2021-12-15 09:35:23,504] {spark_submit.py:514} INFO - running...
[2021-12-15 09:35:25,792] {spark_submit.py:514} INFO - running...
[2021-12-15 09:35:27,548] {spark_submit.py:514} INFO - running...
[2021-12-15 09:35:31,115] {spark_submit.py:514} INFO - running...
[2021-12-15 09:35:31,808] {spark_submit.py:514} INFO - running...
[2021-12-15 09:35:32,347] {spark_submit.py:514} INFO - running...
[2021-12-15 09:35:32,968] {spark_submit.py:514} INFO - running...
[2021-12-15 09:35:33,984] {spark_submit.py:514} INFO - running...
[2021-12-15 09:35:34,650] {spark_submit.py:514} INFO - running...
[2021-12-15 09:35:35,167] {spark_submit.py:514} INFO - running...
[2021-12-15 09:35:35,693] {spark_submit.py:514} INFO - running...
[2021-12-15 09:35:36,370] {spark_submit.py:514} INFO - running...
[2021-12-15 09:35:37,525] {spark_submit.py:514} INFO - running...
[2021-12-15 09:35:39,080] {spark_submit.py:514} INFO - running...
[2021-12-15 09:35:40,086] {spark_submit.py:514} INFO - running...
[2021-12-15 09:35:41,655] {spark_submit.py:514} INFO - running...
[2021-12-15 09:35:42,171] {spark_submit.py:514} INFO - running...
[2021-12-15 09:35:42,713] {spark_submit.py:514} INFO - running...
[2021-12-15 09:35:43,299] {spark_submit.py:514} INFO - running...
[2021-12-15 09:35:43,925] {spark_submit.py:514} INFO - running...
[2021-12-15 09:35:44,392] {spark_submit.py:514} INFO - running...
[2021-12-15 09:35:45,375] {spark_submit.py:514} INFO - running...
[2021-12-15 09:35:45,942] {spark_submit.py:514} INFO - running...
[2021-12-15 09:35:47,882] {spark_submit.py:514} INFO - running...
[2021-12-15 09:35:48,827] {spark_submit.py:514} INFO - running...
[2021-12-15 09:35:49,406] {spark_submit.py:514} INFO - running...
[2021-12-15 09:35:50,107] {spark_submit.py:514} INFO - running...
[2021-12-15 09:35:51,026] {spark_submit.py:514} INFO - running...
[2021-12-15 09:35:51,955] {spark_submit.py:514} INFO - running...
[2021-12-15 09:35:52,699] {spark_submit.py:514} INFO - running...
[2021-12-15 09:35:53,218] {spark_submit.py:514} INFO - running...
[2021-12-15 09:35:53,932] {spark_submit.py:514} INFO - running...
[2021-12-15 09:35:54,514] {spark_submit.py:514} INFO - running...
[2021-12-15 09:35:55,102] {spark_submit.py:514} INFO - running...
[2021-12-15 09:35:55,663] {spark_submit.py:514} INFO - running...
[2021-12-15 09:35:56,221] {spark_submit.py:514} INFO - running...
[2021-12-15 09:35:57,298] {spark_submit.py:514} INFO - running...
[2021-12-15 09:35:58,271] {spark_submit.py:514} INFO - running...
[2021-12-15 09:35:59,103] {spark_submit.py:514} INFO - running...
[2021-12-15 09:35:59,608] {spark_submit.py:514} INFO - running...
[2021-12-15 09:36:00,611] {spark_submit.py:514} INFO - running...
[2021-12-15 09:36:03,286] {spark_submit.py:514} INFO - running...
[2021-12-15 09:36:03,811] {spark_submit.py:514} INFO - running...
[2021-12-15 09:36:06,323] {spark_submit.py:514} INFO - running...
[2021-12-15 09:36:06,787] {spark_submit.py:514} INFO - running...
[2021-12-15 09:36:07,721] {spark_submit.py:514} INFO - running...
[2021-12-15 09:36:08,475] {spark_submit.py:514} INFO - running...
[2021-12-15 09:36:09,037] {spark_submit.py:514} INFO - running...
[2021-12-15 09:36:09,598] {spark_submit.py:514} INFO - running...
[2021-12-15 09:36:10,585] {spark_submit.py:514} INFO - running...
[2021-12-15 09:36:13,850] {spark_submit.py:514} INFO - running...
[2021-12-15 09:36:16,535] {spark_submit.py:514} INFO - running...
[2021-12-15 09:36:19,823] {spark_submit.py:514} INFO - running...
[2021-12-15 09:36:24,208] {spark_submit.py:514} INFO - running...
[2021-12-15 09:36:24,630] {spark_submit.py:514} INFO - running...
[2021-12-15 09:36:25,097] {spark_submit.py:514} INFO - running...
[2021-12-15 09:36:27,621] {spark_submit.py:514} INFO - running...
[2021-12-15 09:36:29,050] {spark_submit.py:514} INFO - running...
[2021-12-15 09:36:30,535] {spark_submit.py:514} INFO - running...
[2021-12-15 09:36:30,964] {spark_submit.py:514} INFO - running...
[2021-12-15 09:36:31,503] {spark_submit.py:514} INFO - running...
[2021-12-15 09:36:32,282] {spark_submit.py:514} INFO - running...
[2021-12-15 09:36:32,666] {spark_submit.py:514} INFO - running...
[2021-12-15 09:36:34,384] {spark_submit.py:514} INFO - running...
[2021-12-15 09:36:34,920] {spark_submit.py:514} INFO - running...
[2021-12-15 09:36:36,267] {spark_submit.py:514} INFO - 21/12/15 09:36:36 INFO SparkContext: Invoking stop() from shutdown hook
[2021-12-15 09:36:36,283] {spark_submit.py:514} INFO - 21/12/15 09:36:36 INFO SparkUI: Stopped Spark web UI at http://e2904d252e94:4041
[2021-12-15 09:36:36,293] {spark_submit.py:514} INFO - 21/12/15 09:36:36 INFO StandaloneSchedulerBackend: Shutting down all executors
[2021-12-15 09:36:36,299] {spark_submit.py:514} INFO - 21/12/15 09:36:36 INFO CoarseGrainedSchedulerBackend$DriverEndpoint: Asking each executor to shut down
[2021-12-15 09:36:36,333] {spark_submit.py:514} INFO - 21/12/15 09:36:36 INFO MapOutputTrackerMasterEndpoint: MapOutputTrackerMasterEndpoint stopped!
[2021-12-15 09:36:36,357] {spark_submit.py:514} INFO - 21/12/15 09:36:36 INFO MemoryStore: MemoryStore cleared
[2021-12-15 09:36:36,359] {spark_submit.py:514} INFO - 21/12/15 09:36:36 INFO BlockManager: BlockManager stopped
[2021-12-15 09:36:36,372] {spark_submit.py:514} INFO - 21/12/15 09:36:36 INFO BlockManagerMaster: BlockManagerMaster stopped
[2021-12-15 09:36:36,377] {spark_submit.py:514} INFO - 21/12/15 09:36:36 INFO OutputCommitCoordinator$OutputCommitCoordinatorEndpoint: OutputCommitCoordinator stopped!
[2021-12-15 09:36:36,394] {spark_submit.py:514} INFO - 21/12/15 09:36:36 INFO SparkContext: Successfully stopped SparkContext
[2021-12-15 09:36:36,396] {spark_submit.py:514} INFO - 21/12/15 09:36:36 INFO ShutdownHookManager: Shutdown hook called
[2021-12-15 09:36:36,404] {spark_submit.py:514} INFO - 21/12/15 09:36:36 INFO ShutdownHookManager: Deleting directory /tmp/spark-8d7c1ff9-263b-4d4e-ad50-216a53694c1c
[2021-12-15 09:36:36,411] {spark_submit.py:514} INFO - 21/12/15 09:36:36 INFO ShutdownHookManager: Deleting directory /tmp/spark-8d7c1ff9-263b-4d4e-ad50-216a53694c1c/pyspark-96b5b6d5-49fa-42cb-9dd6-fc5c5ce9a408
[2021-12-15 09:36:36,415] {spark_submit.py:514} INFO - 21/12/15 09:36:36 INFO ShutdownHookManager: Deleting directory /tmp/spark-d72a8f60-c2dd-4ee3-bd31-9f38e7a8e9b5
[2021-12-15 09:36:36,537] {taskinstance.py:1280} INFO - Marking task as SUCCESS. dag_id=scraping_daft_galway, task_id=scrap_data, execution_date=20211214T093500, start_date=20211215T093502, end_date=20211215T093636
[2021-12-15 09:36:36,559] {local_task_job.py:154} INFO - Task exited with return code 0
[2021-12-15 09:36:36,655] {local_task_job.py:264} INFO - 1 downstream tasks scheduled from follow-on schedule check
