[2021-12-10 08:42:41,047] {taskinstance.py:1035} INFO - Dependencies all met for <TaskInstance: scraping_daft_kerry.run_init_county scheduled__2021-12-09T02:00:00+00:00 [queued]>
[2021-12-10 08:42:41,291] {taskinstance.py:1035} INFO - Dependencies all met for <TaskInstance: scraping_daft_kerry.run_init_county scheduled__2021-12-09T02:00:00+00:00 [queued]>
[2021-12-10 08:42:41,297] {taskinstance.py:1241} INFO - 
--------------------------------------------------------------------------------
[2021-12-10 08:42:41,299] {taskinstance.py:1242} INFO - Starting attempt 1 of 3
[2021-12-10 08:42:41,301] {taskinstance.py:1243} INFO - 
--------------------------------------------------------------------------------
[2021-12-10 08:42:41,447] {taskinstance.py:1262} INFO - Executing <Task(_PythonDecoratedOperator): run_init_county> on 2021-12-09 02:00:00+00:00
[2021-12-10 08:42:41,588] {standard_task_runner.py:76} INFO - Running: ['***', 'tasks', 'run', 'scraping_daft_kerry', 'run_init_county', 'scheduled__2021-12-09T02:00:00+00:00', '--job-id', '918', '--raw', '--subdir', 'DAGS_FOLDER/scraping_daft_kerry.py', '--cfg-path', '/tmp/tmpiif633wr', '--error-file', '/tmp/tmpdi6r1ud3']
[2021-12-10 08:42:41,598] {standard_task_runner.py:77} INFO - Job 918: Subtask run_init_county
[2021-12-10 08:42:41,510] {standard_task_runner.py:52} INFO - Started process 24647 to run task
[2021-12-10 08:42:42,850] {logging_mixin.py:109} INFO - Running <TaskInstance: scraping_daft_kerry.run_init_county scheduled__2021-12-09T02:00:00+00:00 [running]> on host 041e6f8654c3
[2021-12-10 08:42:43,625] {taskinstance.py:1429} INFO - Exporting the following env vars:
AIRFLOW_CTX_DAG_EMAIL=***@example.com
AIRFLOW_CTX_DAG_OWNER=clemoni
AIRFLOW_CTX_DAG_ID=scraping_daft_kerry
AIRFLOW_CTX_TASK_ID=run_init_county
AIRFLOW_CTX_EXECUTION_DATE=2021-12-09T02:00:00+00:00
AIRFLOW_CTX_DAG_RUN_ID=scheduled__2021-12-09T02:00:00+00:00
[2021-12-10 08:42:43,729] {python.py:152} INFO - Done. Returned value was: None
[2021-12-10 08:42:43,994] {taskinstance.py:1280} INFO - Marking task as SUCCESS. dag_id=scraping_daft_kerry, task_id=run_init_county, execution_date=20211209T020000, start_date=20211210T084241, end_date=20211210T084243
[2021-12-10 08:42:44,270] {local_task_job.py:154} INFO - Task exited with return code 0
[2021-12-10 08:42:45,090] {local_task_job.py:264} INFO - 1 downstream tasks scheduled from follow-on schedule check
