[2021-12-26 09:40:02,437] {taskinstance.py:1035} INFO - Dependencies all met for <TaskInstance: scraping_daft_kerry.scrap_data scheduled__2021-12-25T09:40:00+00:00 [queued]>
[2021-12-26 09:40:02,458] {taskinstance.py:1035} INFO - Dependencies all met for <TaskInstance: scraping_daft_kerry.scrap_data scheduled__2021-12-25T09:40:00+00:00 [queued]>
[2021-12-26 09:40:02,459] {taskinstance.py:1241} INFO - 
--------------------------------------------------------------------------------
[2021-12-26 09:40:02,460] {taskinstance.py:1242} INFO - Starting attempt 1 of 4
[2021-12-26 09:40:02,461] {taskinstance.py:1243} INFO - 
--------------------------------------------------------------------------------
[2021-12-26 09:40:02,491] {taskinstance.py:1262} INFO - Executing <Task(SparkSubmitOperator): scrap_data> on 2021-12-25 09:40:00+00:00
[2021-12-26 09:40:02,502] {standard_task_runner.py:76} INFO - Running: ['***', 'tasks', 'run', 'scraping_daft_kerry', 'scrap_data', 'scheduled__2021-12-25T09:40:00+00:00', '--job-id', '4615', '--raw', '--subdir', 'DAGS_FOLDER/scraping_daft_kerry.py', '--cfg-path', '/tmp/tmpvuod549x', '--error-file', '/tmp/tmp3vzqyfej']
[2021-12-26 09:40:02,503] {standard_task_runner.py:77} INFO - Job 4615: Subtask scrap_data
[2021-12-26 09:40:02,497] {standard_task_runner.py:52} INFO - Started process 68721 to run task
[2021-12-26 09:40:02,589] {logging_mixin.py:109} INFO - Running <TaskInstance: scraping_daft_kerry.scrap_data scheduled__2021-12-25T09:40:00+00:00 [running]> on host dd6c6a1cba03
[2021-12-26 09:40:02,722] {taskinstance.py:1429} INFO - Exporting the following env vars:
AIRFLOW_CTX_DAG_EMAIL=clement.liscoet@gmail.com
AIRFLOW_CTX_DAG_OWNER=clemoni
AIRFLOW_CTX_DAG_ID=scraping_daft_kerry
AIRFLOW_CTX_TASK_ID=scrap_data
AIRFLOW_CTX_EXECUTION_DATE=2021-12-25T09:40:00+00:00
AIRFLOW_CTX_DAG_RUN_ID=scheduled__2021-12-25T09:40:00+00:00
[2021-12-26 09:40:02,748] {base.py:79} INFO - Using connection to: id: spark_default. Host: spark://spark:7077, Port: None, Schema: , Login: ***, Password: ***, extra: {}
[2021-12-26 09:40:02,750] {spark_submit.py:360} INFO - Spark-Submit cmd: spark-submit --master spark://spark:7077 --conf spark.master=spark://spark:7077 --name scrap data --verbose /opt/***/jobs/get_ads_per_county.py kerry
[2021-12-26 09:40:04,501] {spark_submit.py:514} INFO - Using properties file: null
[2021-12-26 09:40:04,661] {spark_submit.py:514} INFO - WARNING: An illegal reflective access operation has occurred
[2021-12-26 09:40:04,662] {spark_submit.py:514} INFO - WARNING: Illegal reflective access by org.apache.spark.unsafe.Platform (file:/home/***/.local/lib/python3.6/site-packages/pyspark/jars/spark-unsafe_2.12-3.2.0.jar) to constructor java.nio.DirectByteBuffer(long,int)
[2021-12-26 09:40:04,663] {spark_submit.py:514} INFO - WARNING: Please consider reporting this to the maintainers of org.apache.spark.unsafe.Platform
[2021-12-26 09:40:04,665] {spark_submit.py:514} INFO - WARNING: Use --illegal-access=warn to enable warnings of further illegal reflective access operations
[2021-12-26 09:40:04,666] {spark_submit.py:514} INFO - WARNING: All illegal access operations will be denied in a future release
[2021-12-26 09:40:04,715] {spark_submit.py:514} INFO - Parsed arguments:
[2021-12-26 09:40:04,716] {spark_submit.py:514} INFO - master                  spark://spark:7077
[2021-12-26 09:40:04,717] {spark_submit.py:514} INFO - deployMode              null
[2021-12-26 09:40:04,718] {spark_submit.py:514} INFO - executorMemory          null
[2021-12-26 09:40:04,719] {spark_submit.py:514} INFO - executorCores           null
[2021-12-26 09:40:04,720] {spark_submit.py:514} INFO - totalExecutorCores      null
[2021-12-26 09:40:04,721] {spark_submit.py:514} INFO - propertiesFile          null
[2021-12-26 09:40:04,722] {spark_submit.py:514} INFO - driverMemory            null
[2021-12-26 09:40:04,723] {spark_submit.py:514} INFO - driverCores             null
[2021-12-26 09:40:04,724] {spark_submit.py:514} INFO - driverExtraClassPath    null
[2021-12-26 09:40:04,725] {spark_submit.py:514} INFO - driverExtraLibraryPath  null
[2021-12-26 09:40:04,727] {spark_submit.py:514} INFO - driverExtraJavaOptions  null
[2021-12-26 09:40:04,728] {spark_submit.py:514} INFO - supervise               false
[2021-12-26 09:40:04,729] {spark_submit.py:514} INFO - queue                   null
[2021-12-26 09:40:04,730] {spark_submit.py:514} INFO - numExecutors            null
[2021-12-26 09:40:04,731] {spark_submit.py:514} INFO - files                   null
[2021-12-26 09:40:04,732] {spark_submit.py:514} INFO - pyFiles                 null
[2021-12-26 09:40:04,733] {spark_submit.py:514} INFO - archives                null
[2021-12-26 09:40:04,734] {spark_submit.py:514} INFO - mainClass               null
[2021-12-26 09:40:04,735] {spark_submit.py:514} INFO - primaryResource         file:/opt/***/jobs/get_ads_per_county.py
[2021-12-26 09:40:04,736] {spark_submit.py:514} INFO - name                    scrap data
[2021-12-26 09:40:04,737] {spark_submit.py:514} INFO - childArgs               [kerry]
[2021-12-26 09:40:04,739] {spark_submit.py:514} INFO - jars                    null
[2021-12-26 09:40:04,740] {spark_submit.py:514} INFO - packages                null
[2021-12-26 09:40:04,741] {spark_submit.py:514} INFO - packagesExclusions      null
[2021-12-26 09:40:04,743] {spark_submit.py:514} INFO - repositories            null
[2021-12-26 09:40:04,745] {spark_submit.py:514} INFO - verbose                 true
[2021-12-26 09:40:04,746] {spark_submit.py:514} INFO - 
[2021-12-26 09:40:04,748] {spark_submit.py:514} INFO - Spark properties used, including those specified through
[2021-12-26 09:40:04,749] {spark_submit.py:514} INFO - --conf and those from the properties file null:
[2021-12-26 09:40:04,751] {spark_submit.py:514} INFO - (spark.master,spark://spark:7077)
[2021-12-26 09:40:04,752] {spark_submit.py:514} INFO - 
[2021-12-26 09:40:04,753] {spark_submit.py:514} INFO - 
[2021-12-26 09:40:05,075] {spark_submit.py:514} INFO - Main class:
[2021-12-26 09:40:05,079] {spark_submit.py:514} INFO - org.apache.spark.deploy.PythonRunner
[2021-12-26 09:40:05,081] {spark_submit.py:514} INFO - Arguments:
[2021-12-26 09:40:05,083] {spark_submit.py:514} INFO - file:/opt/***/jobs/get_ads_per_county.py
[2021-12-26 09:40:05,085] {spark_submit.py:514} INFO - null
[2021-12-26 09:40:05,089] {spark_submit.py:514} INFO - kerry
[2021-12-26 09:40:05,090] {spark_submit.py:514} INFO - --verbose
[2021-12-26 09:40:05,096] {spark_submit.py:514} INFO - Spark config:
[2021-12-26 09:40:05,097] {spark_submit.py:514} INFO - (spark.app.name,scrap data)
[2021-12-26 09:40:05,098] {spark_submit.py:514} INFO - (spark.master,spark://spark:7077)
[2021-12-26 09:40:05,099] {spark_submit.py:514} INFO - (spark.submit.pyFiles,)
[2021-12-26 09:40:05,100] {spark_submit.py:514} INFO - (spark.submit.deployMode,client)
[2021-12-26 09:40:05,101] {spark_submit.py:514} INFO - Classpath elements:
[2021-12-26 09:40:05,103] {spark_submit.py:514} INFO - 
[2021-12-26 09:40:05,104] {spark_submit.py:514} INFO - 
[2021-12-26 09:40:05,105] {spark_submit.py:514} INFO - 
[2021-12-26 09:40:06,173] {spark_submit.py:514} INFO - Using Spark's default log4j profile: org/apache/spark/log4j-defaults.properties
[2021-12-26 09:40:06,186] {spark_submit.py:514} INFO - 21/12/26 09:40:06 INFO SparkContext: Running Spark version 3.2.0
[2021-12-26 09:40:06,292] {spark_submit.py:514} INFO - 21/12/26 09:40:06 WARN NativeCodeLoader: Unable to load native-hadoop library for your platform... using builtin-java classes where applicable
[2021-12-26 09:40:06,524] {spark_submit.py:514} INFO - 21/12/26 09:40:06 INFO ResourceUtils: ==============================================================
[2021-12-26 09:40:06,526] {spark_submit.py:514} INFO - 21/12/26 09:40:06 INFO ResourceUtils: No custom resources configured for spark.driver.
[2021-12-26 09:40:06,527] {spark_submit.py:514} INFO - 21/12/26 09:40:06 INFO ResourceUtils: ==============================================================
[2021-12-26 09:40:06,528] {spark_submit.py:514} INFO - 21/12/26 09:40:06 INFO SparkContext: Submitted application: Get Ads per county
[2021-12-26 09:40:06,573] {spark_submit.py:514} INFO - 21/12/26 09:40:06 INFO ResourceProfile: Default ResourceProfile created, executor resources: Map(cores -> name: cores, amount: 1, script: , vendor: , memory -> name: memory, amount: 1024, script: , vendor: , offHeap -> name: offHeap, amount: 0, script: , vendor: ), task resources: Map(cpus -> name: cpus, amount: 1.0)
[2021-12-26 09:40:06,591] {spark_submit.py:514} INFO - 21/12/26 09:40:06 INFO ResourceProfile: Limiting resource is cpu
[2021-12-26 09:40:06,592] {spark_submit.py:514} INFO - 21/12/26 09:40:06 INFO ResourceProfileManager: Added ResourceProfile id: 0
[2021-12-26 09:40:06,699] {spark_submit.py:514} INFO - 21/12/26 09:40:06 INFO SecurityManager: Changing view acls to: ***
[2021-12-26 09:40:06,701] {spark_submit.py:514} INFO - 21/12/26 09:40:06 INFO SecurityManager: Changing modify acls to: ***
[2021-12-26 09:40:06,703] {spark_submit.py:514} INFO - 21/12/26 09:40:06 INFO SecurityManager: Changing view acls groups to:
[2021-12-26 09:40:06,707] {spark_submit.py:514} INFO - 21/12/26 09:40:06 INFO SecurityManager: Changing modify acls groups to:
[2021-12-26 09:40:06,708] {spark_submit.py:514} INFO - 21/12/26 09:40:06 INFO SecurityManager: SecurityManager: authentication disabled; ui acls disabled; users  with view permissions: Set(***); groups with view permissions: Set(); users  with modify permissions: Set(***); groups with modify permissions: Set()
[2021-12-26 09:40:07,120] {spark_submit.py:514} INFO - 21/12/26 09:40:07 INFO Utils: Successfully started service 'sparkDriver' on port 38739.
[2021-12-26 09:40:07,166] {spark_submit.py:514} INFO - 21/12/26 09:40:07 INFO SparkEnv: Registering MapOutputTracker
[2021-12-26 09:40:07,177] {spark_submit.py:514} INFO - 21/12/26 09:40:07 INFO SparkEnv: Registering BlockManagerMaster
[2021-12-26 09:40:07,207] {spark_submit.py:514} INFO - 21/12/26 09:40:07 INFO BlockManagerMasterEndpoint: Using org.apache.spark.storage.DefaultTopologyMapper for getting topology information
[2021-12-26 09:40:07,208] {spark_submit.py:514} INFO - 21/12/26 09:40:07 INFO BlockManagerMasterEndpoint: BlockManagerMasterEndpoint up
[2021-12-26 09:40:07,216] {spark_submit.py:514} INFO - 21/12/26 09:40:07 INFO SparkEnv: Registering BlockManagerMasterHeartbeat
[2021-12-26 09:40:07,250] {spark_submit.py:514} INFO - 21/12/26 09:40:07 INFO DiskBlockManager: Created local directory at /tmp/blockmgr-67b83cb2-a126-41f6-99fe-898b81dcb88d
[2021-12-26 09:40:07,275] {spark_submit.py:514} INFO - 21/12/26 09:40:07 INFO MemoryStore: MemoryStore started with capacity 434.4 MiB
[2021-12-26 09:40:07,297] {spark_submit.py:514} INFO - 21/12/26 09:40:07 INFO SparkEnv: Registering OutputCommitCoordinator
[2021-12-26 09:40:07,616] {spark_submit.py:514} INFO - 21/12/26 09:40:07 WARN Utils: Service 'SparkUI' could not bind on port 4040. Attempting port 4041.
[2021-12-26 09:40:07,632] {spark_submit.py:514} INFO - 21/12/26 09:40:07 INFO Utils: Successfully started service 'SparkUI' on port 4041.
[2021-12-26 09:40:07,737] {spark_submit.py:514} INFO - 21/12/26 09:40:07 INFO SparkUI: Bound SparkUI to 0.0.0.0, and started at http://dd6c6a1cba03:4041
[2021-12-26 09:40:08,215] {spark_submit.py:514} INFO - 21/12/26 09:40:08 INFO StandaloneAppClient$ClientEndpoint: Connecting to master spark://spark:7077...
[2021-12-26 09:40:08,392] {spark_submit.py:514} INFO - 21/12/26 09:40:08 INFO TransportClientFactory: Successfully created connection to spark/172.21.0.4:7077 after 63 ms (0 ms spent in bootstraps)
[2021-12-26 09:40:08,586] {spark_submit.py:514} INFO - 21/12/26 09:40:08 INFO StandaloneSchedulerBackend: Connected to Spark cluster with app ID app-20211226094008-0196
[2021-12-26 09:40:08,599] {spark_submit.py:514} INFO - 21/12/26 09:40:08 INFO Utils: Successfully started service 'org.apache.spark.network.netty.NettyBlockTransferService' on port 43771.
[2021-12-26 09:40:08,600] {spark_submit.py:514} INFO - 21/12/26 09:40:08 INFO NettyBlockTransferService: Server created on dd6c6a1cba03:43771
[2021-12-26 09:40:08,602] {spark_submit.py:514} INFO - 21/12/26 09:40:08 INFO BlockManager: Using org.apache.spark.storage.RandomBlockReplicationPolicy for block replication policy
[2021-12-26 09:40:08,616] {spark_submit.py:514} INFO - 21/12/26 09:40:08 INFO BlockManagerMaster: Registering BlockManager BlockManagerId(driver, dd6c6a1cba03, 43771, None)
[2021-12-26 09:40:08,624] {spark_submit.py:514} INFO - 21/12/26 09:40:08 INFO BlockManagerMasterEndpoint: Registering block manager dd6c6a1cba03:43771 with 434.4 MiB RAM, BlockManagerId(driver, dd6c6a1cba03, 43771, None)
[2021-12-26 09:40:08,630] {spark_submit.py:514} INFO - 21/12/26 09:40:08 INFO BlockManagerMaster: Registered BlockManager BlockManagerId(driver, dd6c6a1cba03, 43771, None)
[2021-12-26 09:40:08,631] {spark_submit.py:514} INFO - 21/12/26 09:40:08 INFO BlockManager: Initialized BlockManager: BlockManagerId(driver, dd6c6a1cba03, 43771, None)
[2021-12-26 09:40:08,967] {spark_submit.py:514} INFO - 21/12/26 09:40:08 INFO StandaloneSchedulerBackend: SchedulerBackend is ready for scheduling beginning after reached minRegisteredResourcesRatio: 0.0
[2021-12-26 09:40:09,009] {spark_submit.py:514} INFO - /home/***/.local/lib/python3.6/site-packages/pyspark/python/lib/pyspark.zip/pyspark/context.py:238: FutureWarning: Python 3.6 support is deprecated in Spark 3.2.
[2021-12-26 09:40:09,010] {spark_submit.py:514} INFO - FutureWarning
[2021-12-26 09:40:09,286] {spark_submit.py:514} INFO - 21/12/26 09:40:09 INFO SharedState: Setting hive.metastore.warehouse.dir ('null') to the value of spark.sql.warehouse.dir.
[2021-12-26 09:40:09,319] {spark_submit.py:514} INFO - 21/12/26 09:40:09 INFO SharedState: Warehouse path is 'file:/opt/***/spark-warehouse'.
[2021-12-26 09:40:11,867] {spark_submit.py:514} INFO - running...
[2021-12-26 09:40:12,734] {spark_submit.py:514} INFO - running...
[2021-12-26 09:40:13,260] {spark_submit.py:514} INFO - running...
[2021-12-26 09:40:13,822] {spark_submit.py:514} INFO - running...
[2021-12-26 09:40:14,299] {spark_submit.py:514} INFO - running...
[2021-12-26 09:40:14,813] {spark_submit.py:514} INFO - running...
[2021-12-26 09:40:15,261] {spark_submit.py:514} INFO - running...
[2021-12-26 09:40:15,917] {spark_submit.py:514} INFO - running...
[2021-12-26 09:40:16,580] {spark_submit.py:514} INFO - running...
[2021-12-26 09:40:17,190] {spark_submit.py:514} INFO - running...
[2021-12-26 09:40:17,812] {spark_submit.py:514} INFO - running...
[2021-12-26 09:40:18,489] {spark_submit.py:514} INFO - running...
[2021-12-26 09:40:19,378] {spark_submit.py:514} INFO - running...
[2021-12-26 09:40:19,957] {spark_submit.py:514} INFO - running...
[2021-12-26 09:40:20,461] {spark_submit.py:514} INFO - running...
[2021-12-26 09:40:20,917] {spark_submit.py:514} INFO - running...
[2021-12-26 09:40:21,348] {spark_submit.py:514} INFO - running...
[2021-12-26 09:40:21,887] {spark_submit.py:514} INFO - running...
[2021-12-26 09:40:22,481] {spark_submit.py:514} INFO - running...
[2021-12-26 09:40:23,059] {spark_submit.py:514} INFO - running...
[2021-12-26 09:40:24,321] {spark_submit.py:514} INFO - running...
[2021-12-26 09:40:24,950] {spark_submit.py:514} INFO - running...
[2021-12-26 09:40:25,369] {spark_submit.py:514} INFO - running...
[2021-12-26 09:40:25,844] {spark_submit.py:514} INFO - running...
[2021-12-26 09:40:26,358] {spark_submit.py:514} INFO - running...
[2021-12-26 09:40:26,971] {spark_submit.py:514} INFO - running...
[2021-12-26 09:40:27,475] {spark_submit.py:514} INFO - running...
[2021-12-26 09:40:28,110] {spark_submit.py:514} INFO - running...
[2021-12-26 09:40:28,776] {spark_submit.py:514} INFO - running...
[2021-12-26 09:40:29,267] {spark_submit.py:514} INFO - running...
[2021-12-26 09:40:29,956] {spark_submit.py:514} INFO - running...
[2021-12-26 09:40:31,331] {spark_submit.py:514} INFO - running...
[2021-12-26 09:40:31,917] {spark_submit.py:514} INFO - running...
[2021-12-26 09:40:32,566] {spark_submit.py:514} INFO - running...
[2021-12-26 09:40:33,327] {spark_submit.py:514} INFO - running...
[2021-12-26 09:40:33,685] {spark_submit.py:514} INFO - running...
[2021-12-26 09:40:34,916] {spark_submit.py:514} INFO - 21/12/26 09:40:34 INFO SparkContext: Invoking stop() from shutdown hook
[2021-12-26 09:40:34,941] {spark_submit.py:514} INFO - 21/12/26 09:40:34 INFO SparkUI: Stopped Spark web UI at http://dd6c6a1cba03:4041
[2021-12-26 09:40:34,953] {spark_submit.py:514} INFO - 21/12/26 09:40:34 INFO StandaloneSchedulerBackend: Shutting down all executors
[2021-12-26 09:40:34,959] {spark_submit.py:514} INFO - 21/12/26 09:40:34 INFO CoarseGrainedSchedulerBackend$DriverEndpoint: Asking each executor to shut down
[2021-12-26 09:40:35,006] {spark_submit.py:514} INFO - 21/12/26 09:40:35 INFO MapOutputTrackerMasterEndpoint: MapOutputTrackerMasterEndpoint stopped!
[2021-12-26 09:40:35,038] {spark_submit.py:514} INFO - 21/12/26 09:40:35 INFO MemoryStore: MemoryStore cleared
[2021-12-26 09:40:35,039] {spark_submit.py:514} INFO - 21/12/26 09:40:35 INFO BlockManager: BlockManager stopped
[2021-12-26 09:40:35,066] {spark_submit.py:514} INFO - 21/12/26 09:40:35 INFO BlockManagerMaster: BlockManagerMaster stopped
[2021-12-26 09:40:35,071] {spark_submit.py:514} INFO - 21/12/26 09:40:35 INFO OutputCommitCoordinator$OutputCommitCoordinatorEndpoint: OutputCommitCoordinator stopped!
[2021-12-26 09:40:35,092] {spark_submit.py:514} INFO - 21/12/26 09:40:35 INFO SparkContext: Successfully stopped SparkContext
[2021-12-26 09:40:35,093] {spark_submit.py:514} INFO - 21/12/26 09:40:35 INFO ShutdownHookManager: Shutdown hook called
[2021-12-26 09:40:35,099] {spark_submit.py:514} INFO - 21/12/26 09:40:35 INFO ShutdownHookManager: Deleting directory /tmp/spark-e856543c-40ab-4886-bcce-616eded58c14
[2021-12-26 09:40:35,117] {spark_submit.py:514} INFO - 21/12/26 09:40:35 INFO ShutdownHookManager: Deleting directory /tmp/spark-e856543c-40ab-4886-bcce-616eded58c14/pyspark-8334dd7d-f768-4cda-b65f-01312ddc0caa
[2021-12-26 09:40:35,122] {spark_submit.py:514} INFO - 21/12/26 09:40:35 INFO ShutdownHookManager: Deleting directory /tmp/spark-a614c0c4-667e-47c1-885a-61ff725c9d29
[2021-12-26 09:40:35,235] {taskinstance.py:1280} INFO - Marking task as SUCCESS. dag_id=scraping_daft_kerry, task_id=scrap_data, execution_date=20211225T094000, start_date=20211226T094002, end_date=20211226T094035
[2021-12-26 09:40:35,285] {local_task_job.py:154} INFO - Task exited with return code 0
[2021-12-26 09:40:35,403] {local_task_job.py:264} INFO - 1 downstream tasks scheduled from follow-on schedule check
