[2021-12-17 11:00:01,637] {taskinstance.py:1035} INFO - Dependencies all met for <TaskInstance: scraping_daft_westmeath.scrap_data scheduled__2021-12-16T11:00:00+00:00 [queued]>
[2021-12-17 11:00:01,653] {taskinstance.py:1035} INFO - Dependencies all met for <TaskInstance: scraping_daft_westmeath.scrap_data scheduled__2021-12-16T11:00:00+00:00 [queued]>
[2021-12-17 11:00:01,654] {taskinstance.py:1241} INFO - 
--------------------------------------------------------------------------------
[2021-12-17 11:00:01,655] {taskinstance.py:1242} INFO - Starting attempt 1 of 4
[2021-12-17 11:00:01,656] {taskinstance.py:1243} INFO - 
--------------------------------------------------------------------------------
[2021-12-17 11:00:01,676] {taskinstance.py:1262} INFO - Executing <Task(SparkSubmitOperator): scrap_data> on 2021-12-16 11:00:00+00:00
[2021-12-17 11:00:01,686] {standard_task_runner.py:76} INFO - Running: ['***', 'tasks', 'run', 'scraping_daft_westmeath', 'scrap_data', 'scheduled__2021-12-16T11:00:00+00:00', '--job-id', '2940', '--raw', '--subdir', 'DAGS_FOLDER/scraping_daft_westmeath.py', '--cfg-path', '/tmp/tmptyj46lsn', '--error-file', '/tmp/tmpggsmr1ua']
[2021-12-17 11:00:01,688] {standard_task_runner.py:77} INFO - Job 2940: Subtask scrap_data
[2021-12-17 11:00:01,683] {standard_task_runner.py:52} INFO - Started process 17087 to run task
[2021-12-17 11:00:01,776] {logging_mixin.py:109} INFO - Running <TaskInstance: scraping_daft_westmeath.scrap_data scheduled__2021-12-16T11:00:00+00:00 [running]> on host ce860fbe488d
[2021-12-17 11:00:01,961] {taskinstance.py:1429} INFO - Exporting the following env vars:
AIRFLOW_CTX_DAG_EMAIL=clement.liscoet@gmail.com
AIRFLOW_CTX_DAG_OWNER=clemoni
AIRFLOW_CTX_DAG_ID=scraping_daft_westmeath
AIRFLOW_CTX_TASK_ID=scrap_data
AIRFLOW_CTX_EXECUTION_DATE=2021-12-16T11:00:00+00:00
AIRFLOW_CTX_DAG_RUN_ID=scheduled__2021-12-16T11:00:00+00:00
[2021-12-17 11:00:01,989] {base.py:79} INFO - Using connection to: id: spark_default. Host: spark://spark:7077, Port: None, Schema: , Login: ***, Password: ***, extra: {}
[2021-12-17 11:00:01,992] {spark_submit.py:360} INFO - Spark-Submit cmd: spark-submit --master spark://spark:7077 --conf spark.master=spark://spark:7077 --name scrap data --verbose /opt/***/jobs/get_ads_per_county.py westmeath
[2021-12-17 11:00:03,604] {spark_submit.py:514} INFO - Using properties file: null
[2021-12-17 11:00:03,702] {spark_submit.py:514} INFO - WARNING: An illegal reflective access operation has occurred
[2021-12-17 11:00:03,703] {spark_submit.py:514} INFO - WARNING: Illegal reflective access by org.apache.spark.unsafe.Platform (file:/home/***/.local/lib/python3.6/site-packages/pyspark/jars/spark-unsafe_2.12-3.2.0.jar) to constructor java.nio.DirectByteBuffer(long,int)
[2021-12-17 11:00:03,704] {spark_submit.py:514} INFO - WARNING: Please consider reporting this to the maintainers of org.apache.spark.unsafe.Platform
[2021-12-17 11:00:03,704] {spark_submit.py:514} INFO - WARNING: Use --illegal-access=warn to enable warnings of further illegal reflective access operations
[2021-12-17 11:00:03,705] {spark_submit.py:514} INFO - WARNING: All illegal access operations will be denied in a future release
[2021-12-17 11:00:03,755] {spark_submit.py:514} INFO - Parsed arguments:
[2021-12-17 11:00:03,756] {spark_submit.py:514} INFO - master                  spark://spark:7077
[2021-12-17 11:00:03,757] {spark_submit.py:514} INFO - deployMode              null
[2021-12-17 11:00:03,766] {spark_submit.py:514} INFO - executorMemory          null
[2021-12-17 11:00:03,775] {spark_submit.py:514} INFO - executorCores           null
[2021-12-17 11:00:03,786] {spark_submit.py:514} INFO - totalExecutorCores      null
[2021-12-17 11:00:03,796] {spark_submit.py:514} INFO - propertiesFile          null
[2021-12-17 11:00:03,798] {spark_submit.py:514} INFO - driverMemory            null
[2021-12-17 11:00:03,803] {spark_submit.py:514} INFO - driverCores             null
[2021-12-17 11:00:03,804] {spark_submit.py:514} INFO - driverExtraClassPath    null
[2021-12-17 11:00:03,805] {spark_submit.py:514} INFO - driverExtraLibraryPath  null
[2021-12-17 11:00:03,807] {spark_submit.py:514} INFO - driverExtraJavaOptions  null
[2021-12-17 11:00:03,808] {spark_submit.py:514} INFO - supervise               false
[2021-12-17 11:00:03,812] {spark_submit.py:514} INFO - queue                   null
[2021-12-17 11:00:03,817] {spark_submit.py:514} INFO - numExecutors            null
[2021-12-17 11:00:03,818] {spark_submit.py:514} INFO - files                   null
[2021-12-17 11:00:03,819] {spark_submit.py:514} INFO - pyFiles                 null
[2021-12-17 11:00:03,820] {spark_submit.py:514} INFO - archives                null
[2021-12-17 11:00:03,822] {spark_submit.py:514} INFO - mainClass               null
[2021-12-17 11:00:03,823] {spark_submit.py:514} INFO - primaryResource         file:/opt/***/jobs/get_ads_per_county.py
[2021-12-17 11:00:03,824] {spark_submit.py:514} INFO - name                    scrap data
[2021-12-17 11:00:03,825] {spark_submit.py:514} INFO - childArgs               [westmeath]
[2021-12-17 11:00:03,826] {spark_submit.py:514} INFO - jars                    null
[2021-12-17 11:00:03,827] {spark_submit.py:514} INFO - packages                null
[2021-12-17 11:00:03,828] {spark_submit.py:514} INFO - packagesExclusions      null
[2021-12-17 11:00:03,830] {spark_submit.py:514} INFO - repositories            null
[2021-12-17 11:00:03,831] {spark_submit.py:514} INFO - verbose                 true
[2021-12-17 11:00:03,832] {spark_submit.py:514} INFO - 
[2021-12-17 11:00:03,833] {spark_submit.py:514} INFO - Spark properties used, including those specified through
[2021-12-17 11:00:03,834] {spark_submit.py:514} INFO - --conf and those from the properties file null:
[2021-12-17 11:00:03,836] {spark_submit.py:514} INFO - (spark.master,spark://spark:7077)
[2021-12-17 11:00:03,837] {spark_submit.py:514} INFO - 
[2021-12-17 11:00:03,839] {spark_submit.py:514} INFO - 
[2021-12-17 11:00:04,078] {spark_submit.py:514} INFO - Main class:
[2021-12-17 11:00:04,079] {spark_submit.py:514} INFO - org.apache.spark.deploy.PythonRunner
[2021-12-17 11:00:04,080] {spark_submit.py:514} INFO - Arguments:
[2021-12-17 11:00:04,082] {spark_submit.py:514} INFO - file:/opt/***/jobs/get_ads_per_county.py
[2021-12-17 11:00:04,083] {spark_submit.py:514} INFO - null
[2021-12-17 11:00:04,084] {spark_submit.py:514} INFO - westmeath
[2021-12-17 11:00:04,085] {spark_submit.py:514} INFO - --verbose
[2021-12-17 11:00:04,085] {spark_submit.py:514} INFO - Spark config:
[2021-12-17 11:00:04,086] {spark_submit.py:514} INFO - (spark.app.name,scrap data)
[2021-12-17 11:00:04,087] {spark_submit.py:514} INFO - (spark.master,spark://spark:7077)
[2021-12-17 11:00:04,088] {spark_submit.py:514} INFO - (spark.submit.pyFiles,)
[2021-12-17 11:00:04,088] {spark_submit.py:514} INFO - (spark.submit.deployMode,client)
[2021-12-17 11:00:04,089] {spark_submit.py:514} INFO - Classpath elements:
[2021-12-17 11:00:04,090] {spark_submit.py:514} INFO - 
[2021-12-17 11:00:04,091] {spark_submit.py:514} INFO - 
[2021-12-17 11:00:04,092] {spark_submit.py:514} INFO - 
[2021-12-17 11:00:05,133] {spark_submit.py:514} INFO - Using Spark's default log4j profile: org/apache/spark/log4j-defaults.properties
[2021-12-17 11:00:05,149] {spark_submit.py:514} INFO - 21/12/17 11:00:05 INFO SparkContext: Running Spark version 3.2.0
[2021-12-17 11:00:05,255] {spark_submit.py:514} INFO - 21/12/17 11:00:05 WARN NativeCodeLoader: Unable to load native-hadoop library for your platform... using builtin-java classes where applicable
[2021-12-17 11:00:05,416] {spark_submit.py:514} INFO - 21/12/17 11:00:05 INFO ResourceUtils: ==============================================================
[2021-12-17 11:00:05,417] {spark_submit.py:514} INFO - 21/12/17 11:00:05 INFO ResourceUtils: No custom resources configured for spark.driver.
[2021-12-17 11:00:05,418] {spark_submit.py:514} INFO - 21/12/17 11:00:05 INFO ResourceUtils: ==============================================================
[2021-12-17 11:00:05,419] {spark_submit.py:514} INFO - 21/12/17 11:00:05 INFO SparkContext: Submitted application: Get Ads per county
[2021-12-17 11:00:05,460] {spark_submit.py:514} INFO - 21/12/17 11:00:05 INFO ResourceProfile: Default ResourceProfile created, executor resources: Map(cores -> name: cores, amount: 1, script: , vendor: , memory -> name: memory, amount: 1024, script: , vendor: , offHeap -> name: offHeap, amount: 0, script: , vendor: ), task resources: Map(cpus -> name: cpus, amount: 1.0)
[2021-12-17 11:00:05,479] {spark_submit.py:514} INFO - 21/12/17 11:00:05 INFO ResourceProfile: Limiting resource is cpu
[2021-12-17 11:00:05,481] {spark_submit.py:514} INFO - 21/12/17 11:00:05 INFO ResourceProfileManager: Added ResourceProfile id: 0
[2021-12-17 11:00:05,570] {spark_submit.py:514} INFO - 21/12/17 11:00:05 INFO SecurityManager: Changing view acls to: ***
[2021-12-17 11:00:05,571] {spark_submit.py:514} INFO - 21/12/17 11:00:05 INFO SecurityManager: Changing modify acls to: ***
[2021-12-17 11:00:05,572] {spark_submit.py:514} INFO - 21/12/17 11:00:05 INFO SecurityManager: Changing view acls groups to:
[2021-12-17 11:00:05,574] {spark_submit.py:514} INFO - 21/12/17 11:00:05 INFO SecurityManager: Changing modify acls groups to:
[2021-12-17 11:00:05,575] {spark_submit.py:514} INFO - 21/12/17 11:00:05 INFO SecurityManager: SecurityManager: authentication disabled; ui acls disabled; users  with view permissions: Set(***); groups with view permissions: Set(); users  with modify permissions: Set(***); groups with modify permissions: Set()
[2021-12-17 11:00:06,051] {spark_submit.py:514} INFO - 21/12/17 11:00:06 INFO Utils: Successfully started service 'sparkDriver' on port 34065.
[2021-12-17 11:00:06,105] {spark_submit.py:514} INFO - 21/12/17 11:00:06 INFO SparkEnv: Registering MapOutputTracker
[2021-12-17 11:00:06,158] {spark_submit.py:514} INFO - 21/12/17 11:00:06 INFO SparkEnv: Registering BlockManagerMaster
[2021-12-17 11:00:06,192] {spark_submit.py:514} INFO - 21/12/17 11:00:06 INFO BlockManagerMasterEndpoint: Using org.apache.spark.storage.DefaultTopologyMapper for getting topology information
[2021-12-17 11:00:06,193] {spark_submit.py:514} INFO - 21/12/17 11:00:06 INFO BlockManagerMasterEndpoint: BlockManagerMasterEndpoint up
[2021-12-17 11:00:06,200] {spark_submit.py:514} INFO - 21/12/17 11:00:06 INFO SparkEnv: Registering BlockManagerMasterHeartbeat
[2021-12-17 11:00:06,262] {spark_submit.py:514} INFO - 21/12/17 11:00:06 INFO DiskBlockManager: Created local directory at /tmp/blockmgr-e44b7aab-0de1-442b-9b77-9bbc3e2e0b5a
[2021-12-17 11:00:06,297] {spark_submit.py:514} INFO - 21/12/17 11:00:06 INFO MemoryStore: MemoryStore started with capacity 434.4 MiB
[2021-12-17 11:00:06,326] {spark_submit.py:514} INFO - 21/12/17 11:00:06 INFO SparkEnv: Registering OutputCommitCoordinator
[2021-12-17 11:00:06,689] {spark_submit.py:514} INFO - 21/12/17 11:00:06 INFO Utils: Successfully started service 'SparkUI' on port 4040.
[2021-12-17 11:00:06,811] {spark_submit.py:514} INFO - 21/12/17 11:00:06 INFO SparkUI: Bound SparkUI to 0.0.0.0, and started at http://ce860fbe488d:4040
[2021-12-17 11:00:07,237] {spark_submit.py:514} INFO - 21/12/17 11:00:07 INFO StandaloneAppClient$ClientEndpoint: Connecting to master spark://spark:7077...
[2021-12-17 11:00:07,355] {spark_submit.py:514} INFO - 21/12/17 11:00:07 INFO TransportClientFactory: Successfully created connection to spark/172.18.0.4:7077 after 62 ms (0 ms spent in bootstraps)
[2021-12-17 11:00:07,474] {spark_submit.py:514} INFO - 21/12/17 11:00:07 INFO StandaloneSchedulerBackend: Connected to Spark cluster with app ID app-20211217110007-0069
[2021-12-17 11:00:07,503] {spark_submit.py:514} INFO - 21/12/17 11:00:07 INFO StandaloneAppClient$ClientEndpoint: Executor added: app-20211217110007-0069/0 on worker-20211217090523-172.18.0.5-46289 (172.18.0.5:46289) with 6 core(s)
[2021-12-17 11:00:07,507] {spark_submit.py:514} INFO - 21/12/17 11:00:07 INFO Utils: Successfully started service 'org.apache.spark.network.netty.NettyBlockTransferService' on port 33807.
[2021-12-17 11:00:07,508] {spark_submit.py:514} INFO - 21/12/17 11:00:07 INFO NettyBlockTransferService: Server created on ce860fbe488d:33807
[2021-12-17 11:00:07,512] {spark_submit.py:514} INFO - 21/12/17 11:00:07 INFO StandaloneSchedulerBackend: Granted executor ID app-20211217110007-0069/0 on hostPort 172.18.0.5:46289 with 6 core(s), 1024.0 MiB RAM
[2021-12-17 11:00:07,514] {spark_submit.py:514} INFO - 21/12/17 11:00:07 INFO StandaloneAppClient$ClientEndpoint: Executor added: app-20211217110007-0069/1 on worker-20211217090523-172.18.0.6-35853 (172.18.0.6:35853) with 6 core(s)
[2021-12-17 11:00:07,515] {spark_submit.py:514} INFO - 21/12/17 11:00:07 INFO BlockManager: Using org.apache.spark.storage.RandomBlockReplicationPolicy for block replication policy
[2021-12-17 11:00:07,517] {spark_submit.py:514} INFO - 21/12/17 11:00:07 INFO StandaloneSchedulerBackend: Granted executor ID app-20211217110007-0069/1 on hostPort 172.18.0.6:35853 with 6 core(s), 1024.0 MiB RAM
[2021-12-17 11:00:07,535] {spark_submit.py:514} INFO - 21/12/17 11:00:07 INFO StandaloneAppClient$ClientEndpoint: Executor updated: app-20211217110007-0069/1 is now RUNNING
[2021-12-17 11:00:07,540] {spark_submit.py:514} INFO - 21/12/17 11:00:07 INFO StandaloneAppClient$ClientEndpoint: Executor updated: app-20211217110007-0069/0 is now RUNNING
[2021-12-17 11:00:07,544] {spark_submit.py:514} INFO - 21/12/17 11:00:07 INFO BlockManagerMaster: Registering BlockManager BlockManagerId(driver, ce860fbe488d, 33807, None)
[2021-12-17 11:00:07,551] {spark_submit.py:514} INFO - 21/12/17 11:00:07 INFO BlockManagerMasterEndpoint: Registering block manager ce860fbe488d:33807 with 434.4 MiB RAM, BlockManagerId(driver, ce860fbe488d, 33807, None)
[2021-12-17 11:00:07,556] {spark_submit.py:514} INFO - 21/12/17 11:00:07 INFO BlockManagerMaster: Registered BlockManager BlockManagerId(driver, ce860fbe488d, 33807, None)
[2021-12-17 11:00:07,559] {spark_submit.py:514} INFO - 21/12/17 11:00:07 INFO BlockManager: Initialized BlockManager: BlockManagerId(driver, ce860fbe488d, 33807, None)
[2021-12-17 11:00:07,966] {spark_submit.py:514} INFO - 21/12/17 11:00:07 INFO StandaloneSchedulerBackend: SchedulerBackend is ready for scheduling beginning after reached minRegisteredResourcesRatio: 0.0
[2021-12-17 11:00:08,036] {spark_submit.py:514} INFO - /home/***/.local/lib/python3.6/site-packages/pyspark/python/lib/pyspark.zip/pyspark/context.py:238: FutureWarning: Python 3.6 support is deprecated in Spark 3.2.
[2021-12-17 11:00:08,037] {spark_submit.py:514} INFO - FutureWarning
[2021-12-17 11:00:08,378] {spark_submit.py:514} INFO - 21/12/17 11:00:08 INFO SharedState: Setting hive.metastore.warehouse.dir ('null') to the value of spark.sql.warehouse.dir.
[2021-12-17 11:00:08,412] {spark_submit.py:514} INFO - 21/12/17 11:00:08 INFO SharedState: Warehouse path is 'file:/opt/***/spark-warehouse'.
[2021-12-17 11:00:10,858] {spark_submit.py:514} INFO - running...
[2021-12-17 11:00:11,254] {spark_submit.py:514} INFO - running...
[2021-12-17 11:00:11,520] {spark_submit.py:514} INFO - 21/12/17 11:00:11 INFO CoarseGrainedSchedulerBackend$DriverEndpoint: Registered executor NettyRpcEndpointRef(spark-client://Executor) (172.18.0.5:44228) with ID 0,  ResourceProfileId 0
[2021-12-17 11:00:11,523] {spark_submit.py:514} INFO - 21/12/17 11:00:11 INFO CoarseGrainedSchedulerBackend$DriverEndpoint: Registered executor NettyRpcEndpointRef(spark-client://Executor) (172.18.0.6:34310) with ID 1,  ResourceProfileId 0
[2021-12-17 11:00:11,802] {spark_submit.py:514} INFO - running...
[2021-12-17 11:00:11,818] {spark_submit.py:514} INFO - 21/12/17 11:00:11 INFO BlockManagerMasterEndpoint: Registering block manager 172.18.0.5:41307 with 366.3 MiB RAM, BlockManagerId(0, 172.18.0.5, 41307, None)
[2021-12-17 11:00:11,842] {spark_submit.py:514} INFO - 21/12/17 11:00:11 INFO BlockManagerMasterEndpoint: Registering block manager 172.18.0.6:43489 with 366.3 MiB RAM, BlockManagerId(1, 172.18.0.6, 43489, None)
[2021-12-17 11:00:12,221] {spark_submit.py:514} INFO - running...
[2021-12-17 11:00:12,657] {spark_submit.py:514} INFO - running...
[2021-12-17 11:00:13,358] {spark_submit.py:514} INFO - running...
[2021-12-17 11:00:13,855] {spark_submit.py:514} INFO - running...
[2021-12-17 11:00:14,240] {spark_submit.py:514} INFO - running...
[2021-12-17 11:00:14,592] {spark_submit.py:514} INFO - running...
[2021-12-17 11:00:15,001] {spark_submit.py:514} INFO - running...
[2021-12-17 11:00:15,402] {spark_submit.py:514} INFO - running...
[2021-12-17 11:00:15,918] {spark_submit.py:514} INFO - running...
[2021-12-17 11:00:16,326] {spark_submit.py:514} INFO - running...
[2021-12-17 11:00:16,760] {spark_submit.py:514} INFO - running...
[2021-12-17 11:00:17,185] {spark_submit.py:514} INFO - running...
[2021-12-17 11:00:18,238] {spark_submit.py:514} INFO - 21/12/17 11:00:18 INFO SparkContext: Invoking stop() from shutdown hook
[2021-12-17 11:00:18,256] {spark_submit.py:514} INFO - 21/12/17 11:00:18 INFO SparkUI: Stopped Spark web UI at http://ce860fbe488d:4040
[2021-12-17 11:00:18,265] {spark_submit.py:514} INFO - 21/12/17 11:00:18 INFO StandaloneSchedulerBackend: Shutting down all executors
[2021-12-17 11:00:18,267] {spark_submit.py:514} INFO - 21/12/17 11:00:18 INFO CoarseGrainedSchedulerBackend$DriverEndpoint: Asking each executor to shut down
[2021-12-17 11:00:18,314] {spark_submit.py:514} INFO - 21/12/17 11:00:18 INFO MapOutputTrackerMasterEndpoint: MapOutputTrackerMasterEndpoint stopped!
[2021-12-17 11:00:18,354] {spark_submit.py:514} INFO - 21/12/17 11:00:18 INFO MemoryStore: MemoryStore cleared
[2021-12-17 11:00:18,356] {spark_submit.py:514} INFO - 21/12/17 11:00:18 INFO BlockManager: BlockManager stopped
[2021-12-17 11:00:18,368] {spark_submit.py:514} INFO - 21/12/17 11:00:18 INFO BlockManagerMaster: BlockManagerMaster stopped
[2021-12-17 11:00:18,378] {spark_submit.py:514} INFO - 21/12/17 11:00:18 INFO OutputCommitCoordinator$OutputCommitCoordinatorEndpoint: OutputCommitCoordinator stopped!
[2021-12-17 11:00:18,399] {spark_submit.py:514} INFO - 21/12/17 11:00:18 INFO SparkContext: Successfully stopped SparkContext
[2021-12-17 11:00:18,402] {spark_submit.py:514} INFO - 21/12/17 11:00:18 INFO ShutdownHookManager: Shutdown hook called
[2021-12-17 11:00:18,403] {spark_submit.py:514} INFO - 21/12/17 11:00:18 INFO ShutdownHookManager: Deleting directory /tmp/spark-58ae39a5-48d8-477b-97e9-1c64628859fa
[2021-12-17 11:00:18,408] {spark_submit.py:514} INFO - 21/12/17 11:00:18 INFO ShutdownHookManager: Deleting directory /tmp/spark-58ae39a5-48d8-477b-97e9-1c64628859fa/pyspark-93895ff3-c60d-4cda-bf6d-b0195a83622a
[2021-12-17 11:00:18,419] {spark_submit.py:514} INFO - 21/12/17 11:00:18 INFO ShutdownHookManager: Deleting directory /tmp/spark-065811b8-c2e6-4b8d-b560-7f5c89615277
[2021-12-17 11:00:18,556] {taskinstance.py:1280} INFO - Marking task as SUCCESS. dag_id=scraping_daft_westmeath, task_id=scrap_data, execution_date=20211216T110000, start_date=20211217T110001, end_date=20211217T110018
[2021-12-17 11:00:18,601] {local_task_job.py:154} INFO - Task exited with return code 0
[2021-12-17 11:00:18,712] {local_task_job.py:264} INFO - 1 downstream tasks scheduled from follow-on schedule check
