[2021-12-31 13:31:43,600] {taskinstance.py:1035} INFO - Dependencies all met for <TaskInstance: scraping_daft_meath.persist_data scheduled__2021-12-30T10:25:00+00:00 [queued]>
[2021-12-31 13:31:43,699] {taskinstance.py:1035} INFO - Dependencies all met for <TaskInstance: scraping_daft_meath.persist_data scheduled__2021-12-30T10:25:00+00:00 [queued]>
[2021-12-31 13:31:43,717] {taskinstance.py:1241} INFO - 
--------------------------------------------------------------------------------
[2021-12-31 13:31:43,718] {taskinstance.py:1242} INFO - Starting attempt 1 of 4
[2021-12-31 13:31:43,720] {taskinstance.py:1243} INFO - 
--------------------------------------------------------------------------------
[2021-12-31 13:31:43,850] {taskinstance.py:1262} INFO - Executing <Task(SparkSubmitOperator): persist_data> on 2021-12-30 10:25:00+00:00
[2021-12-31 13:31:43,993] {standard_task_runner.py:76} INFO - Running: ['***', 'tasks', 'run', 'scraping_daft_meath', 'persist_data', 'scheduled__2021-12-30T10:25:00+00:00', '--job-id', '5776', '--raw', '--subdir', 'DAGS_FOLDER/scraping_daft_meath.py', '--cfg-path', '/tmp/tmp7q5thcrf', '--error-file', '/tmp/tmpnqwii2xr']
[2021-12-31 13:31:44,003] {standard_task_runner.py:77} INFO - Job 5776: Subtask persist_data
[2021-12-31 13:31:43,903] {standard_task_runner.py:52} INFO - Started process 6099 to run task
[2021-12-31 13:31:44,863] {logging_mixin.py:109} INFO - Running <TaskInstance: scraping_daft_meath.persist_data scheduled__2021-12-30T10:25:00+00:00 [running]> on host ee68d8f591c8
[2021-12-31 13:31:46,190] {taskinstance.py:1429} INFO - Exporting the following env vars:
AIRFLOW_CTX_DAG_EMAIL=clement.liscoet@gmail.com
AIRFLOW_CTX_DAG_OWNER=clemoni
AIRFLOW_CTX_DAG_ID=scraping_daft_meath
AIRFLOW_CTX_TASK_ID=persist_data
AIRFLOW_CTX_EXECUTION_DATE=2021-12-30T10:25:00+00:00
AIRFLOW_CTX_DAG_RUN_ID=scheduled__2021-12-30T10:25:00+00:00
[2021-12-31 13:31:46,315] {base.py:79} INFO - Using connection to: id: spark_default. Host: spark://spark:7077, Port: None, Schema: , Login: ***, Password: ***, extra: {}
[2021-12-31 13:31:46,377] {spark_submit.py:360} INFO - Spark-Submit cmd: spark-submit --master spark://spark:7077 --conf spark.master=spark://spark:7077 --name persist data --verbose /opt/***/jobs/persist_db.py meath
[2021-12-31 13:32:15,211] {spark_submit.py:514} INFO - Using properties file: null
[2021-12-31 13:32:16,581] {spark_submit.py:514} INFO - WARNING: An illegal reflective access operation has occurred
[2021-12-31 13:32:16,583] {spark_submit.py:514} INFO - WARNING: Illegal reflective access by org.apache.spark.unsafe.Platform (file:/home/***/.local/lib/python3.6/site-packages/pyspark/jars/spark-unsafe_2.12-3.2.0.jar) to constructor java.nio.DirectByteBuffer(long,int)
[2021-12-31 13:32:16,588] {spark_submit.py:514} INFO - WARNING: Please consider reporting this to the maintainers of org.apache.spark.unsafe.Platform
[2021-12-31 13:32:16,598] {spark_submit.py:514} INFO - WARNING: Use --illegal-access=warn to enable warnings of further illegal reflective access operations
[2021-12-31 13:32:16,610] {spark_submit.py:514} INFO - WARNING: All illegal access operations will be denied in a future release
[2021-12-31 13:32:18,649] {spark_submit.py:514} INFO - Parsed arguments:
[2021-12-31 13:32:18,653] {spark_submit.py:514} INFO - master                  spark://spark:7077
[2021-12-31 13:32:18,661] {spark_submit.py:514} INFO - deployMode              null
[2021-12-31 13:32:18,664] {spark_submit.py:514} INFO - executorMemory          null
[2021-12-31 13:32:18,665] {spark_submit.py:514} INFO - executorCores           null
[2021-12-31 13:32:18,666] {spark_submit.py:514} INFO - totalExecutorCores      null
[2021-12-31 13:32:18,670] {spark_submit.py:514} INFO - propertiesFile          null
[2021-12-31 13:32:18,671] {spark_submit.py:514} INFO - driverMemory            null
[2021-12-31 13:32:18,672] {spark_submit.py:514} INFO - driverCores             null
[2021-12-31 13:32:18,673] {spark_submit.py:514} INFO - driverExtraClassPath    null
[2021-12-31 13:32:18,677] {spark_submit.py:514} INFO - driverExtraLibraryPath  null
[2021-12-31 13:32:18,680] {spark_submit.py:514} INFO - driverExtraJavaOptions  null
[2021-12-31 13:32:18,681] {spark_submit.py:514} INFO - supervise               false
[2021-12-31 13:32:18,683] {spark_submit.py:514} INFO - queue                   null
[2021-12-31 13:32:18,684] {spark_submit.py:514} INFO - numExecutors            null
[2021-12-31 13:32:18,685] {spark_submit.py:514} INFO - files                   null
[2021-12-31 13:32:18,686] {spark_submit.py:514} INFO - pyFiles                 null
[2021-12-31 13:32:18,687] {spark_submit.py:514} INFO - archives                null
[2021-12-31 13:32:18,689] {spark_submit.py:514} INFO - mainClass               null
[2021-12-31 13:32:18,690] {spark_submit.py:514} INFO - primaryResource         file:/opt/***/jobs/persist_db.py
[2021-12-31 13:32:18,692] {spark_submit.py:514} INFO - name                    persist data
[2021-12-31 13:32:18,694] {spark_submit.py:514} INFO - childArgs               [meath]
[2021-12-31 13:32:18,695] {spark_submit.py:514} INFO - jars                    null
[2021-12-31 13:32:18,697] {spark_submit.py:514} INFO - packages                null
[2021-12-31 13:32:18,699] {spark_submit.py:514} INFO - packagesExclusions      null
[2021-12-31 13:32:18,700] {spark_submit.py:514} INFO - repositories            null
[2021-12-31 13:32:18,701] {spark_submit.py:514} INFO - verbose                 true
[2021-12-31 13:32:18,703] {spark_submit.py:514} INFO - 
[2021-12-31 13:32:18,703] {spark_submit.py:514} INFO - Spark properties used, including those specified through
[2021-12-31 13:32:18,705] {spark_submit.py:514} INFO - --conf and those from the properties file null:
[2021-12-31 13:32:18,706] {spark_submit.py:514} INFO - (spark.master,spark://spark:7077)
[2021-12-31 13:32:18,707] {spark_submit.py:514} INFO - 
[2021-12-31 13:32:18,708] {spark_submit.py:514} INFO - 
[2021-12-31 13:32:27,228] {spark_submit.py:514} INFO - Main class:
[2021-12-31 13:32:27,236] {spark_submit.py:514} INFO - org.apache.spark.deploy.PythonRunner
[2021-12-31 13:32:27,247] {spark_submit.py:514} INFO - Arguments:
[2021-12-31 13:32:27,255] {spark_submit.py:514} INFO - file:/opt/***/jobs/persist_db.py
[2021-12-31 13:32:27,261] {spark_submit.py:514} INFO - null
[2021-12-31 13:32:27,275] {spark_submit.py:514} INFO - meath
[2021-12-31 13:32:27,291] {spark_submit.py:514} INFO - --verbose
[2021-12-31 13:32:27,308] {spark_submit.py:514} INFO - Spark config:
[2021-12-31 13:32:27,314] {spark_submit.py:514} INFO - (spark.master,spark://spark:7077)
[2021-12-31 13:32:27,469] {spark_submit.py:514} INFO - (spark.app.name,persist data)
[2021-12-31 13:32:27,482] {spark_submit.py:514} INFO - (spark.submit.pyFiles,)
[2021-12-31 13:32:27,486] {spark_submit.py:514} INFO - (spark.submit.deployMode,client)
[2021-12-31 13:32:27,490] {spark_submit.py:514} INFO - Classpath elements:
[2021-12-31 13:32:27,493] {spark_submit.py:514} INFO - 
[2021-12-31 13:32:27,497] {spark_submit.py:514} INFO - 
[2021-12-31 13:32:27,501] {spark_submit.py:514} INFO - 
[2021-12-31 13:32:47,365] {spark_submit.py:514} INFO - Using Spark's default log4j profile: org/apache/spark/log4j-defaults.properties
[2021-12-31 13:32:47,422] {spark_submit.py:514} INFO - 21/12/31 13:32:47 INFO SparkContext: Running Spark version 3.2.0
[2021-12-31 13:32:48,548] {spark_submit.py:514} INFO - 21/12/31 13:32:48 WARN NativeCodeLoader: Unable to load native-hadoop library for your platform... using builtin-java classes where applicable
[2021-12-31 13:32:51,852] {spark_submit.py:514} INFO - 21/12/31 13:32:51 INFO ResourceUtils: ==============================================================
[2021-12-31 13:32:51,860] {spark_submit.py:514} INFO - 21/12/31 13:32:51 INFO ResourceUtils: No custom resources configured for spark.driver.
[2021-12-31 13:32:51,861] {spark_submit.py:514} INFO - 21/12/31 13:32:51 INFO ResourceUtils: ==============================================================
[2021-12-31 13:32:51,870] {spark_submit.py:514} INFO - 21/12/31 13:32:51 INFO SparkContext: Submitted application: Persist DB
[2021-12-31 13:32:52,148] {spark_submit.py:514} INFO - 21/12/31 13:32:52 INFO ResourceProfile: Default ResourceProfile created, executor resources: Map(cores -> name: cores, amount: 1, script: , vendor: , memory -> name: memory, amount: 1024, script: , vendor: , offHeap -> name: offHeap, amount: 0, script: , vendor: ), task resources: Map(cpus -> name: cpus, amount: 1.0)
[2021-12-31 13:32:52,263] {spark_submit.py:514} INFO - 21/12/31 13:32:52 INFO ResourceProfile: Limiting resource is cpu
[2021-12-31 13:32:52,364] {spark_submit.py:514} INFO - 21/12/31 13:32:52 INFO ResourceProfileManager: Added ResourceProfile id: 0
[2021-12-31 13:32:53,273] {spark_submit.py:514} INFO - 21/12/31 13:32:53 INFO SecurityManager: Changing view acls to: ***
[2021-12-31 13:32:53,278] {spark_submit.py:514} INFO - 21/12/31 13:32:53 INFO SecurityManager: Changing modify acls to: ***
[2021-12-31 13:32:53,349] {spark_submit.py:514} INFO - 21/12/31 13:32:53 INFO SecurityManager: Changing view acls groups to:
[2021-12-31 13:32:53,362] {spark_submit.py:514} INFO - 21/12/31 13:32:53 INFO SecurityManager: Changing modify acls groups to:
[2021-12-31 13:32:53,366] {spark_submit.py:514} INFO - 21/12/31 13:32:53 INFO SecurityManager: SecurityManager: authentication disabled; ui acls disabled; users  with view permissions: Set(***); groups with view permissions: Set(); users  with modify permissions: Set(***); groups with modify permissions: Set()
[2021-12-31 13:32:59,617] {spark_submit.py:514} INFO - 21/12/31 13:32:59 INFO Utils: Successfully started service 'sparkDriver' on port 44789.
[2021-12-31 13:33:00,559] {spark_submit.py:514} INFO - 21/12/31 13:33:00 INFO SparkEnv: Registering MapOutputTracker
[2021-12-31 13:33:01,007] {spark_submit.py:514} INFO - 21/12/31 13:33:01 INFO SparkEnv: Registering BlockManagerMaster
[2021-12-31 13:33:01,354] {spark_submit.py:514} INFO - 21/12/31 13:33:01 INFO BlockManagerMasterEndpoint: Using org.apache.spark.storage.DefaultTopologyMapper for getting topology information
[2021-12-31 13:33:01,366] {spark_submit.py:514} INFO - 21/12/31 13:33:01 INFO BlockManagerMasterEndpoint: BlockManagerMasterEndpoint up
[2021-12-31 13:33:01,464] {spark_submit.py:514} INFO - 21/12/31 13:33:01 INFO SparkEnv: Registering BlockManagerMasterHeartbeat
[2021-12-31 13:33:01,878] {spark_submit.py:514} INFO - 21/12/31 13:33:01 INFO DiskBlockManager: Created local directory at /tmp/blockmgr-0dc62e19-30ab-4711-b1e4-9d1fcab99fe2
[2021-12-31 13:33:02,799] {spark_submit.py:514} INFO - 21/12/31 13:33:02 INFO MemoryStore: MemoryStore started with capacity 434.4 MiB
[2021-12-31 13:33:03,339] {spark_submit.py:514} INFO - 21/12/31 13:33:03 INFO SparkEnv: Registering OutputCommitCoordinator
[2021-12-31 13:33:08,033] {spark_submit.py:514} INFO - 21/12/31 13:33:08 WARN Utils: Service 'SparkUI' could not bind on port 4040. Attempting port 4041.
[2021-12-31 13:33:08,052] {spark_submit.py:514} INFO - 21/12/31 13:33:08 WARN Utils: Service 'SparkUI' could not bind on port 4041. Attempting port 4042.
[2021-12-31 13:33:08,053] {spark_submit.py:514} INFO - 21/12/31 13:33:08 WARN Utils: Service 'SparkUI' could not bind on port 4042. Attempting port 4043.
[2021-12-31 13:33:08,071] {spark_submit.py:514} INFO - 21/12/31 13:33:08 WARN Utils: Service 'SparkUI' could not bind on port 4043. Attempting port 4044.
[2021-12-31 13:33:08,073] {spark_submit.py:514} INFO - 21/12/31 13:33:08 WARN Utils: Service 'SparkUI' could not bind on port 4044. Attempting port 4045.
[2021-12-31 13:33:08,118] {spark_submit.py:514} INFO - 21/12/31 13:33:08 WARN Utils: Service 'SparkUI' could not bind on port 4045. Attempting port 4046.
[2021-12-31 13:33:08,122] {spark_submit.py:514} INFO - 21/12/31 13:33:08 WARN Utils: Service 'SparkUI' could not bind on port 4046. Attempting port 4047.
[2021-12-31 13:33:08,136] {spark_submit.py:514} INFO - 21/12/31 13:33:08 WARN Utils: Service 'SparkUI' could not bind on port 4047. Attempting port 4048.
[2021-12-31 13:33:08,155] {spark_submit.py:514} INFO - 21/12/31 13:33:08 WARN Utils: Service 'SparkUI' could not bind on port 4048. Attempting port 4049.
[2021-12-31 13:33:08,323] {spark_submit.py:514} INFO - 21/12/31 13:33:08 INFO Utils: Successfully started service 'SparkUI' on port 4049.
[2021-12-31 13:33:09,890] {spark_submit.py:514} INFO - 21/12/31 13:33:09 INFO SparkUI: Bound SparkUI to 0.0.0.0, and started at http://ee68d8f591c8:4049
[2021-12-31 13:33:14,869] {spark_submit.py:514} INFO - 21/12/31 13:33:14 INFO StandaloneAppClient$ClientEndpoint: Connecting to master spark://spark:7077...
[2021-12-31 13:33:17,339] {spark_submit.py:514} INFO - 21/12/31 13:33:17 INFO TransportClientFactory: Successfully created connection to spark/172.20.0.4:7077 after 1310 ms (0 ms spent in bootstraps)
[2021-12-31 13:33:18,895] {spark_submit.py:514} INFO - 21/12/31 13:33:18 INFO StandaloneSchedulerBackend: Connected to Spark cluster with app ID app-20211231133318-0043
[2021-12-31 13:33:18,996] {spark_submit.py:514} INFO - 21/12/31 13:33:18 INFO Utils: Successfully started service 'org.apache.spark.network.netty.NettyBlockTransferService' on port 43247.
[2021-12-31 13:33:19,001] {spark_submit.py:514} INFO - 21/12/31 13:33:18 INFO NettyBlockTransferService: Server created on ee68d8f591c8:43247
[2021-12-31 13:33:19,012] {spark_submit.py:514} INFO - 21/12/31 13:33:19 INFO BlockManager: Using org.apache.spark.storage.RandomBlockReplicationPolicy for block replication policy
[2021-12-31 13:33:19,272] {spark_submit.py:514} INFO - 21/12/31 13:33:19 INFO BlockManagerMaster: Registering BlockManager BlockManagerId(driver, ee68d8f591c8, 43247, None)
[2021-12-31 13:33:19,317] {spark_submit.py:514} INFO - 21/12/31 13:33:19 INFO BlockManagerMasterEndpoint: Registering block manager ee68d8f591c8:43247 with 434.4 MiB RAM, BlockManagerId(driver, ee68d8f591c8, 43247, None)
[2021-12-31 13:33:19,347] {spark_submit.py:514} INFO - 21/12/31 13:33:19 INFO BlockManagerMaster: Registered BlockManager BlockManagerId(driver, ee68d8f591c8, 43247, None)
[2021-12-31 13:33:19,384] {spark_submit.py:514} INFO - 21/12/31 13:33:19 INFO BlockManager: Initialized BlockManager: BlockManagerId(driver, ee68d8f591c8, 43247, None)
[2021-12-31 13:34:03,183] {spark_submit.py:514} INFO - 21/12/31 13:34:03 INFO AsyncEventQueue: Process of event SparkListenerResourceProfileAdded(Profile: id = 0, executor resources: cores -> name: cores, amount: 1, script: , vendor: ,memory -> name: memory, amount: 1024, script: , vendor: ,offHeap -> name: offHeap, amount: 0, script: , vendor: , task resources: cpus -> name: cpus, amount: 1.0) by listener AppStatusListener took 1.1285501s.
[2021-12-31 13:34:03,619] {spark_submit.py:514} INFO - 21/12/31 13:34:03 INFO StandaloneSchedulerBackend: SchedulerBackend is ready for scheduling beginning after reached minRegisteredResourcesRatio: 0.0
[2021-12-31 13:34:05,139] {spark_submit.py:514} INFO - /home/***/.local/lib/python3.6/site-packages/pyspark/python/lib/pyspark.zip/pyspark/context.py:238: FutureWarning: Python 3.6 support is deprecated in Spark 3.2.
[2021-12-31 13:34:05,141] {spark_submit.py:514} INFO - FutureWarning
[2021-12-31 13:34:18,410] {spark_submit.py:514} INFO - 21/12/31 13:34:18 INFO SharedState: Setting hive.metastore.warehouse.dir ('null') to the value of spark.sql.warehouse.dir.
[2021-12-31 13:34:19,083] {spark_submit.py:514} INFO - 21/12/31 13:34:19 INFO SharedState: Warehouse path is 'file:/opt/***/spark-warehouse'.
[2021-12-31 13:35:04,400] {spark_submit.py:514} INFO - 21/12/31 13:35:04 INFO SparkContext: Invoking stop() from shutdown hook
[2021-12-31 13:35:04,831] {spark_submit.py:514} INFO - 21/12/31 13:35:04 INFO SparkUI: Stopped Spark web UI at http://ee68d8f591c8:4049
[2021-12-31 13:35:04,968] {spark_submit.py:514} INFO - 21/12/31 13:35:04 INFO StandaloneSchedulerBackend: Shutting down all executors
[2021-12-31 13:35:05,009] {spark_submit.py:514} INFO - 21/12/31 13:35:05 INFO CoarseGrainedSchedulerBackend$DriverEndpoint: Asking each executor to shut down
[2021-12-31 13:35:05,458] {spark_submit.py:514} INFO - 21/12/31 13:35:05 INFO MapOutputTrackerMasterEndpoint: MapOutputTrackerMasterEndpoint stopped!
[2021-12-31 13:35:05,792] {spark_submit.py:514} INFO - 21/12/31 13:35:05 INFO MemoryStore: MemoryStore cleared
[2021-12-31 13:35:05,797] {spark_submit.py:514} INFO - 21/12/31 13:35:05 INFO BlockManager: BlockManager stopped
[2021-12-31 13:35:05,896] {spark_submit.py:514} INFO - 21/12/31 13:35:05 INFO BlockManagerMaster: BlockManagerMaster stopped
[2021-12-31 13:35:05,924] {spark_submit.py:514} INFO - 21/12/31 13:35:05 INFO OutputCommitCoordinator$OutputCommitCoordinatorEndpoint: OutputCommitCoordinator stopped!
[2021-12-31 13:35:06,280] {spark_submit.py:514} INFO - 21/12/31 13:35:06 INFO SparkContext: Successfully stopped SparkContext
[2021-12-31 13:35:06,288] {spark_submit.py:514} INFO - 21/12/31 13:35:06 INFO ShutdownHookManager: Shutdown hook called
[2021-12-31 13:35:06,315] {spark_submit.py:514} INFO - 21/12/31 13:35:06 INFO ShutdownHookManager: Deleting directory /tmp/spark-96327e1c-93fe-456a-b4cc-15211c458199
[2021-12-31 13:35:06,375] {spark_submit.py:514} INFO - 21/12/31 13:35:06 INFO ShutdownHookManager: Deleting directory /tmp/spark-7abb788d-32b2-4824-bf16-cb63c4e254d5
[2021-12-31 13:35:06,436] {spark_submit.py:514} INFO - 21/12/31 13:35:06 INFO ShutdownHookManager: Deleting directory /tmp/spark-96327e1c-93fe-456a-b4cc-15211c458199/pyspark-4dcc1af3-a419-4b15-b95f-2caed19da6b4
[2021-12-31 13:35:09,516] {taskinstance.py:1280} INFO - Marking task as SUCCESS. dag_id=scraping_daft_meath, task_id=persist_data, execution_date=20211230T102500, start_date=20211231T133143, end_date=20211231T133509
[2021-12-31 13:35:11,324] {local_task_job.py:154} INFO - Task exited with return code 0
[2021-12-31 13:35:12,592] {local_task_job.py:264} INFO - 1 downstream tasks scheduled from follow-on schedule check
