[2022-01-02 12:28:57,951] {taskinstance.py:1035} INFO - Dependencies all met for <TaskInstance: scraping_daft_roscommon.persist_data scheduled__2022-01-01T10:40:00+00:00 [queued]>
[2022-01-02 12:28:58,261] {taskinstance.py:1035} INFO - Dependencies all met for <TaskInstance: scraping_daft_roscommon.persist_data scheduled__2022-01-01T10:40:00+00:00 [queued]>
[2022-01-02 12:28:58,266] {taskinstance.py:1241} INFO - 
--------------------------------------------------------------------------------
[2022-01-02 12:28:58,273] {taskinstance.py:1242} INFO - Starting attempt 1 of 4
[2022-01-02 12:28:58,276] {taskinstance.py:1243} INFO - 
--------------------------------------------------------------------------------
[2022-01-02 12:28:58,566] {taskinstance.py:1262} INFO - Executing <Task(SparkSubmitOperator): persist_data> on 2022-01-01 10:40:00+00:00
[2022-01-02 12:28:58,722] {standard_task_runner.py:52} INFO - Started process 9718 to run task
[2022-01-02 12:28:59,186] {standard_task_runner.py:76} INFO - Running: ['***', 'tasks', 'run', 'scraping_daft_roscommon', 'persist_data', 'scheduled__2022-01-01T10:40:00+00:00', '--job-id', '6187', '--raw', '--subdir', 'DAGS_FOLDER/scraping_daft_roscommon.py', '--cfg-path', '/tmp/tmpbzljc7yj', '--error-file', '/tmp/tmp5k7e0rcv']
[2022-01-02 12:28:59,283] {standard_task_runner.py:77} INFO - Job 6187: Subtask persist_data
[2022-01-02 12:28:59,913] {logging_mixin.py:109} INFO - Running <TaskInstance: scraping_daft_roscommon.persist_data scheduled__2022-01-01T10:40:00+00:00 [running]> on host bbddfc72aeab
[2022-01-02 12:29:00,883] {taskinstance.py:1429} INFO - Exporting the following env vars:
AIRFLOW_CTX_DAG_EMAIL=clement.liscoet@gmail.com
AIRFLOW_CTX_DAG_OWNER=clemoni
AIRFLOW_CTX_DAG_ID=scraping_daft_roscommon
AIRFLOW_CTX_TASK_ID=persist_data
AIRFLOW_CTX_EXECUTION_DATE=2022-01-01T10:40:00+00:00
AIRFLOW_CTX_DAG_RUN_ID=scheduled__2022-01-01T10:40:00+00:00
[2022-01-02 12:29:01,023] {base.py:79} INFO - Using connection to: id: spark_default. Host: spark://spark:7077, Port: None, Schema: , Login: ***, Password: ***, extra: {}
[2022-01-02 12:29:01,076] {spark_submit.py:360} INFO - Spark-Submit cmd: spark-submit --master spark://spark:7077 --conf spark.master=spark://spark:7077 --name persist data --verbose /opt/***/jobs/persist_db.py roscommon
[2022-01-02 12:29:35,452] {spark_submit.py:514} INFO - Using properties file: null
[2022-01-02 12:29:35,959] {spark_submit.py:514} INFO - WARNING: An illegal reflective access operation has occurred
[2022-01-02 12:29:35,961] {spark_submit.py:514} INFO - WARNING: Illegal reflective access by org.apache.spark.unsafe.Platform (file:/home/***/.local/lib/python3.6/site-packages/pyspark/jars/spark-unsafe_2.12-3.2.0.jar) to constructor java.nio.DirectByteBuffer(long,int)
[2022-01-02 12:29:35,962] {spark_submit.py:514} INFO - WARNING: Please consider reporting this to the maintainers of org.apache.spark.unsafe.Platform
[2022-01-02 12:29:35,963] {spark_submit.py:514} INFO - WARNING: Use --illegal-access=warn to enable warnings of further illegal reflective access operations
[2022-01-02 12:29:35,964] {spark_submit.py:514} INFO - WARNING: All illegal access operations will be denied in a future release
[2022-01-02 12:29:36,979] {spark_submit.py:514} INFO - Parsed arguments:
[2022-01-02 12:29:36,981] {spark_submit.py:514} INFO - master                  spark://spark:7077
[2022-01-02 12:29:36,982] {spark_submit.py:514} INFO - deployMode              null
[2022-01-02 12:29:36,983] {spark_submit.py:514} INFO - executorMemory          null
[2022-01-02 12:29:36,984] {spark_submit.py:514} INFO - executorCores           null
[2022-01-02 12:29:36,985] {spark_submit.py:514} INFO - totalExecutorCores      null
[2022-01-02 12:29:36,986] {spark_submit.py:514} INFO - propertiesFile          null
[2022-01-02 12:29:36,988] {spark_submit.py:514} INFO - driverMemory            null
[2022-01-02 12:29:36,989] {spark_submit.py:514} INFO - driverCores             null
[2022-01-02 12:29:36,990] {spark_submit.py:514} INFO - driverExtraClassPath    null
[2022-01-02 12:29:36,992] {spark_submit.py:514} INFO - driverExtraLibraryPath  null
[2022-01-02 12:29:36,995] {spark_submit.py:514} INFO - driverExtraJavaOptions  null
[2022-01-02 12:29:36,997] {spark_submit.py:514} INFO - supervise               false
[2022-01-02 12:29:36,999] {spark_submit.py:514} INFO - queue                   null
[2022-01-02 12:29:37,000] {spark_submit.py:514} INFO - numExecutors            null
[2022-01-02 12:29:37,003] {spark_submit.py:514} INFO - files                   null
[2022-01-02 12:29:37,004] {spark_submit.py:514} INFO - pyFiles                 null
[2022-01-02 12:29:37,022] {spark_submit.py:514} INFO - archives                null
[2022-01-02 12:29:37,024] {spark_submit.py:514} INFO - mainClass               null
[2022-01-02 12:29:37,044] {spark_submit.py:514} INFO - primaryResource         file:/opt/***/jobs/persist_db.py
[2022-01-02 12:29:37,045] {spark_submit.py:514} INFO - name                    persist data
[2022-01-02 12:29:37,048] {spark_submit.py:514} INFO - childArgs               [roscommon]
[2022-01-02 12:29:37,049] {spark_submit.py:514} INFO - jars                    null
[2022-01-02 12:29:37,054] {spark_submit.py:514} INFO - packages                null
[2022-01-02 12:29:37,065] {spark_submit.py:514} INFO - packagesExclusions      null
[2022-01-02 12:29:37,067] {spark_submit.py:514} INFO - repositories            null
[2022-01-02 12:29:37,068] {spark_submit.py:514} INFO - verbose                 true
[2022-01-02 12:29:37,070] {spark_submit.py:514} INFO - 
[2022-01-02 12:29:37,083] {spark_submit.py:514} INFO - Spark properties used, including those specified through
[2022-01-02 12:29:37,085] {spark_submit.py:514} INFO - --conf and those from the properties file null:
[2022-01-02 12:29:37,087] {spark_submit.py:514} INFO - (spark.master,spark://spark:7077)
[2022-01-02 12:29:37,088] {spark_submit.py:514} INFO - 
[2022-01-02 12:29:37,101] {spark_submit.py:514} INFO - 
[2022-01-02 12:29:44,608] {spark_submit.py:514} INFO - Main class:
[2022-01-02 12:29:44,609] {spark_submit.py:514} INFO - org.apache.spark.deploy.PythonRunner
[2022-01-02 12:29:44,611] {spark_submit.py:514} INFO - Arguments:
[2022-01-02 12:29:44,612] {spark_submit.py:514} INFO - file:/opt/***/jobs/persist_db.py
[2022-01-02 12:29:44,615] {spark_submit.py:514} INFO - null
[2022-01-02 12:29:44,616] {spark_submit.py:514} INFO - roscommon
[2022-01-02 12:29:44,617] {spark_submit.py:514} INFO - --verbose
[2022-01-02 12:29:44,691] {spark_submit.py:514} INFO - Spark config:
[2022-01-02 12:29:44,693] {spark_submit.py:514} INFO - (spark.master,spark://spark:7077)
[2022-01-02 12:29:44,699] {spark_submit.py:514} INFO - (spark.app.name,persist data)
[2022-01-02 12:29:44,705] {spark_submit.py:514} INFO - (spark.submit.pyFiles,)
[2022-01-02 12:29:44,709] {spark_submit.py:514} INFO - (spark.submit.deployMode,client)
[2022-01-02 12:29:44,711] {spark_submit.py:514} INFO - Classpath elements:
[2022-01-02 12:29:44,713] {spark_submit.py:514} INFO - 
[2022-01-02 12:29:44,716] {spark_submit.py:514} INFO - 
[2022-01-02 12:29:44,729] {spark_submit.py:514} INFO - 
[2022-01-02 12:30:08,681] {spark_submit.py:514} INFO - Using Spark's default log4j profile: org/apache/spark/log4j-defaults.properties
[2022-01-02 12:30:09,012] {spark_submit.py:514} INFO - 22/01/02 12:30:09 INFO SparkContext: Running Spark version 3.2.0
[2022-01-02 12:30:11,393] {spark_submit.py:514} INFO - 22/01/02 12:30:11 WARN NativeCodeLoader: Unable to load native-hadoop library for your platform... using builtin-java classes where applicable
[2022-01-02 12:30:14,876] {spark_submit.py:514} INFO - 22/01/02 12:30:14 INFO ResourceUtils: ==============================================================
[2022-01-02 12:30:14,883] {spark_submit.py:514} INFO - 22/01/02 12:30:14 INFO ResourceUtils: No custom resources configured for spark.driver.
[2022-01-02 12:30:14,890] {spark_submit.py:514} INFO - 22/01/02 12:30:14 INFO ResourceUtils: ==============================================================
[2022-01-02 12:30:14,901] {spark_submit.py:514} INFO - 22/01/02 12:30:14 INFO SparkContext: Submitted application: Persist DB
[2022-01-02 12:30:15,219] {spark_submit.py:514} INFO - 22/01/02 12:30:15 INFO ResourceProfile: Default ResourceProfile created, executor resources: Map(cores -> name: cores, amount: 1, script: , vendor: , memory -> name: memory, amount: 1024, script: , vendor: , offHeap -> name: offHeap, amount: 0, script: , vendor: ), task resources: Map(cpus -> name: cpus, amount: 1.0)
[2022-01-02 12:30:15,327] {spark_submit.py:514} INFO - 22/01/02 12:30:15 INFO ResourceProfile: Limiting resource is cpu
[2022-01-02 12:30:15,330] {spark_submit.py:514} INFO - 22/01/02 12:30:15 INFO ResourceProfileManager: Added ResourceProfile id: 0
[2022-01-02 12:30:16,269] {spark_submit.py:514} INFO - 22/01/02 12:30:16 INFO SecurityManager: Changing view acls to: ***
[2022-01-02 12:30:16,278] {spark_submit.py:514} INFO - 22/01/02 12:30:16 INFO SecurityManager: Changing modify acls to: ***
[2022-01-02 12:30:16,283] {spark_submit.py:514} INFO - 22/01/02 12:30:16 INFO SecurityManager: Changing view acls groups to:
[2022-01-02 12:30:16,313] {spark_submit.py:514} INFO - 22/01/02 12:30:16 INFO SecurityManager: Changing modify acls groups to:
[2022-01-02 12:30:16,325] {spark_submit.py:514} INFO - 22/01/02 12:30:16 INFO SecurityManager: SecurityManager: authentication disabled; ui acls disabled; users  with view permissions: Set(***); groups with view permissions: Set(); users  with modify permissions: Set(***); groups with modify permissions: Set()
[2022-01-02 12:30:22,352] {spark_submit.py:514} INFO - 22/01/02 12:30:22 INFO Utils: Successfully started service 'sparkDriver' on port 34223.
[2022-01-02 12:30:23,173] {spark_submit.py:514} INFO - 22/01/02 12:30:23 INFO SparkEnv: Registering MapOutputTracker
[2022-01-02 12:30:24,646] {spark_submit.py:514} INFO - 22/01/02 12:30:24 INFO SparkEnv: Registering BlockManagerMaster
[2022-01-02 12:30:24,991] {spark_submit.py:514} INFO - 22/01/02 12:30:24 INFO BlockManagerMasterEndpoint: Using org.apache.spark.storage.DefaultTopologyMapper for getting topology information
[2022-01-02 12:30:24,996] {spark_submit.py:514} INFO - 22/01/02 12:30:24 INFO BlockManagerMasterEndpoint: BlockManagerMasterEndpoint up
[2022-01-02 12:30:25,076] {spark_submit.py:514} INFO - 22/01/02 12:30:25 INFO SparkEnv: Registering BlockManagerMasterHeartbeat
[2022-01-02 12:30:26,060] {spark_submit.py:514} INFO - 22/01/02 12:30:26 INFO DiskBlockManager: Created local directory at /tmp/blockmgr-40c0b2b5-323c-450b-bd98-c2678cba87d0
[2022-01-02 12:30:26,688] {spark_submit.py:514} INFO - 22/01/02 12:30:26 INFO MemoryStore: MemoryStore started with capacity 434.4 MiB
[2022-01-02 12:30:26,954] {spark_submit.py:514} INFO - 22/01/02 12:30:26 INFO SparkEnv: Registering OutputCommitCoordinator
[2022-01-02 12:30:33,314] {spark_submit.py:514} INFO - 22/01/02 12:30:33 WARN Utils: Service 'SparkUI' could not bind on port 4040. Attempting port 4041.
[2022-01-02 12:30:33,316] {spark_submit.py:514} INFO - 22/01/02 12:30:33 WARN Utils: Service 'SparkUI' could not bind on port 4041. Attempting port 4042.
[2022-01-02 12:30:33,489] {spark_submit.py:514} INFO - 22/01/02 12:30:33 INFO Utils: Successfully started service 'SparkUI' on port 4042.
[2022-01-02 12:30:35,261] {spark_submit.py:514} INFO - 22/01/02 12:30:35 INFO SparkUI: Bound SparkUI to 0.0.0.0, and started at http://bbddfc72aeab:4042
[2022-01-02 12:30:38,462] {spark_submit.py:514} INFO - 22/01/02 12:30:38 INFO StandaloneAppClient$ClientEndpoint: Connecting to master spark://spark:7077...
[2022-01-02 12:30:39,440] {spark_submit.py:514} INFO - 22/01/02 12:30:39 INFO TransportClientFactory: Successfully created connection to spark/172.22.0.4:7077 after 498 ms (0 ms spent in bootstraps)
[2022-01-02 12:30:41,158] {spark_submit.py:514} INFO - 22/01/02 12:30:41 INFO StandaloneSchedulerBackend: Connected to Spark cluster with app ID app-20220102123041-0062
[2022-01-02 12:30:41,198] {spark_submit.py:514} INFO - 22/01/02 12:30:41 INFO Utils: Successfully started service 'org.apache.spark.network.netty.NettyBlockTransferService' on port 39643.
[2022-01-02 12:30:41,202] {spark_submit.py:514} INFO - 22/01/02 12:30:41 INFO NettyBlockTransferService: Server created on bbddfc72aeab:39643
[2022-01-02 12:30:41,210] {spark_submit.py:514} INFO - 22/01/02 12:30:41 INFO BlockManager: Using org.apache.spark.storage.RandomBlockReplicationPolicy for block replication policy
[2022-01-02 12:30:41,320] {spark_submit.py:514} INFO - 22/01/02 12:30:41 INFO BlockManagerMaster: Registering BlockManager BlockManagerId(driver, bbddfc72aeab, 39643, None)
[2022-01-02 12:30:41,402] {spark_submit.py:514} INFO - 22/01/02 12:30:41 INFO BlockManagerMasterEndpoint: Registering block manager bbddfc72aeab:39643 with 434.4 MiB RAM, BlockManagerId(driver, bbddfc72aeab, 39643, None)
[2022-01-02 12:30:41,427] {spark_submit.py:514} INFO - 22/01/02 12:30:41 INFO BlockManagerMaster: Registered BlockManager BlockManagerId(driver, bbddfc72aeab, 39643, None)
[2022-01-02 12:30:41,469] {spark_submit.py:514} INFO - 22/01/02 12:30:41 INFO BlockManager: Initialized BlockManager: BlockManagerId(driver, bbddfc72aeab, 39643, None)
[2022-01-02 12:30:43,675] {spark_submit.py:514} INFO - 22/01/02 12:30:43 INFO StandaloneSchedulerBackend: SchedulerBackend is ready for scheduling beginning after reached minRegisteredResourcesRatio: 0.0
[2022-01-02 12:30:44,734] {spark_submit.py:514} INFO - /home/***/.local/lib/python3.6/site-packages/pyspark/python/lib/pyspark.zip/pyspark/context.py:238: FutureWarning: Python 3.6 support is deprecated in Spark 3.2.
[2022-01-02 12:30:44,743] {spark_submit.py:514} INFO - FutureWarning
[2022-01-02 12:30:49,103] {spark_submit.py:514} INFO - 22/01/02 12:30:49 INFO SharedState: Setting hive.metastore.warehouse.dir ('null') to the value of spark.sql.warehouse.dir.
[2022-01-02 12:30:49,580] {spark_submit.py:514} INFO - 22/01/02 12:30:49 INFO SharedState: Warehouse path is 'file:/opt/***/spark-warehouse'.
[2022-01-02 12:31:04,763] {spark_submit.py:514} INFO - 22/01/02 12:31:04 INFO SparkContext: Invoking stop() from shutdown hook
[2022-01-02 12:31:04,867] {spark_submit.py:514} INFO - 22/01/02 12:31:04 INFO SparkUI: Stopped Spark web UI at http://bbddfc72aeab:4042
[2022-01-02 12:31:04,892] {spark_submit.py:514} INFO - 22/01/02 12:31:04 INFO StandaloneSchedulerBackend: Shutting down all executors
[2022-01-02 12:31:04,909] {spark_submit.py:514} INFO - 22/01/02 12:31:04 INFO CoarseGrainedSchedulerBackend$DriverEndpoint: Asking each executor to shut down
[2022-01-02 12:31:05,130] {spark_submit.py:514} INFO - 22/01/02 12:31:05 INFO MapOutputTrackerMasterEndpoint: MapOutputTrackerMasterEndpoint stopped!
[2022-01-02 12:31:05,445] {spark_submit.py:514} INFO - 22/01/02 12:31:05 INFO MemoryStore: MemoryStore cleared
[2022-01-02 12:31:05,447] {spark_submit.py:514} INFO - 22/01/02 12:31:05 INFO BlockManager: BlockManager stopped
[2022-01-02 12:31:05,508] {spark_submit.py:514} INFO - 22/01/02 12:31:05 INFO BlockManagerMaster: BlockManagerMaster stopped
[2022-01-02 12:31:05,530] {spark_submit.py:514} INFO - 22/01/02 12:31:05 INFO OutputCommitCoordinator$OutputCommitCoordinatorEndpoint: OutputCommitCoordinator stopped!
[2022-01-02 12:31:05,925] {spark_submit.py:514} INFO - 22/01/02 12:31:05 INFO SparkContext: Successfully stopped SparkContext
[2022-01-02 12:31:05,928] {spark_submit.py:514} INFO - 22/01/02 12:31:05 INFO ShutdownHookManager: Shutdown hook called
[2022-01-02 12:31:05,932] {spark_submit.py:514} INFO - 22/01/02 12:31:05 INFO ShutdownHookManager: Deleting directory /tmp/spark-0325cb0b-05fb-4232-a059-0e37538c4e5b
[2022-01-02 12:31:05,964] {spark_submit.py:514} INFO - 22/01/02 12:31:05 INFO ShutdownHookManager: Deleting directory /tmp/spark-3dc71c3d-a500-4014-891d-9749aa92cd9b
[2022-01-02 12:31:06,008] {spark_submit.py:514} INFO - 22/01/02 12:31:06 INFO ShutdownHookManager: Deleting directory /tmp/spark-0325cb0b-05fb-4232-a059-0e37538c4e5b/pyspark-aeb228eb-38bc-47ea-9986-d10915235eb9
[2022-01-02 12:31:06,865] {taskinstance.py:1280} INFO - Marking task as SUCCESS. dag_id=scraping_daft_roscommon, task_id=persist_data, execution_date=20220101T104000, start_date=20220102T122857, end_date=20220102T123106
[2022-01-02 12:31:07,114] {local_task_job.py:154} INFO - Task exited with return code 0
[2022-01-02 12:31:07,914] {local_task_job.py:264} INFO - 1 downstream tasks scheduled from follow-on schedule check
