[2021-12-13 16:17:20,306] {taskinstance.py:1035} INFO - Dependencies all met for <TaskInstance: scraping_daft_limerick.persist_data scheduled__2021-12-12T03:15:00+00:00 [queued]>
[2021-12-13 16:17:20,368] {taskinstance.py:1035} INFO - Dependencies all met for <TaskInstance: scraping_daft_limerick.persist_data scheduled__2021-12-12T03:15:00+00:00 [queued]>
[2021-12-13 16:17:20,370] {taskinstance.py:1241} INFO - 
--------------------------------------------------------------------------------
[2021-12-13 16:17:20,371] {taskinstance.py:1242} INFO - Starting attempt 3 of 4
[2021-12-13 16:17:20,372] {taskinstance.py:1243} INFO - 
--------------------------------------------------------------------------------
[2021-12-13 16:17:20,504] {taskinstance.py:1262} INFO - Executing <Task(SparkSubmitOperator): persist_data> on 2021-12-12 03:15:00+00:00
[2021-12-13 16:17:20,570] {standard_task_runner.py:76} INFO - Running: ['***', 'tasks', 'run', 'scraping_daft_limerick', 'persist_data', 'scheduled__2021-12-12T03:15:00+00:00', '--job-id', '1816', '--raw', '--subdir', 'DAGS_FOLDER/scraping_daft_limerick.py', '--cfg-path', '/tmp/tmp_qik3meg', '--error-file', '/tmp/tmpu8h9cft2']
[2021-12-13 16:17:20,573] {standard_task_runner.py:77} INFO - Job 1816: Subtask persist_data
[2021-12-13 16:17:20,547] {standard_task_runner.py:52} INFO - Started process 6994 to run task
[2021-12-13 16:17:20,878] {logging_mixin.py:109} INFO - Running <TaskInstance: scraping_daft_limerick.persist_data scheduled__2021-12-12T03:15:00+00:00 [running]> on host c81f81825bc0
[2021-12-13 16:17:21,298] {taskinstance.py:1429} INFO - Exporting the following env vars:
AIRFLOW_CTX_DAG_EMAIL=clement.liscoet@gmail.com
AIRFLOW_CTX_DAG_OWNER=clemoni
AIRFLOW_CTX_DAG_ID=scraping_daft_limerick
AIRFLOW_CTX_TASK_ID=persist_data
AIRFLOW_CTX_EXECUTION_DATE=2021-12-12T03:15:00+00:00
AIRFLOW_CTX_DAG_RUN_ID=scheduled__2021-12-12T03:15:00+00:00
[2021-12-13 16:17:21,350] {base.py:79} INFO - Using connection to: id: spark_default. Host: spark://spark:7077, Port: None, Schema: , Login: ***, Password: ***, extra: {}
[2021-12-13 16:17:21,358] {spark_submit.py:360} INFO - Spark-Submit cmd: spark-submit --master spark://spark:7077 --conf spark.master=spark://spark:7077 --name persist data --verbose /opt/***/jobs/persist_db.py limerick
[2021-12-13 16:17:29,269] {spark_submit.py:514} INFO - Using properties file: null
[2021-12-13 16:17:29,827] {spark_submit.py:514} INFO - WARNING: An illegal reflective access operation has occurred
[2021-12-13 16:17:29,828] {spark_submit.py:514} INFO - WARNING: Illegal reflective access by org.apache.spark.unsafe.Platform (file:/home/***/.local/lib/python3.6/site-packages/pyspark/jars/spark-unsafe_2.12-3.2.0.jar) to constructor java.nio.DirectByteBuffer(long,int)
[2021-12-13 16:17:29,829] {spark_submit.py:514} INFO - WARNING: Please consider reporting this to the maintainers of org.apache.spark.unsafe.Platform
[2021-12-13 16:17:29,830] {spark_submit.py:514} INFO - WARNING: Use --illegal-access=warn to enable warnings of further illegal reflective access operations
[2021-12-13 16:17:29,831] {spark_submit.py:514} INFO - WARNING: All illegal access operations will be denied in a future release
[2021-12-13 16:17:29,992] {spark_submit.py:514} INFO - Parsed arguments:
[2021-12-13 16:17:29,993] {spark_submit.py:514} INFO - master                  spark://spark:7077
[2021-12-13 16:17:29,994] {spark_submit.py:514} INFO - deployMode              null
[2021-12-13 16:17:29,995] {spark_submit.py:514} INFO - executorMemory          null
[2021-12-13 16:17:29,995] {spark_submit.py:514} INFO - executorCores           null
[2021-12-13 16:17:29,996] {spark_submit.py:514} INFO - totalExecutorCores      null
[2021-12-13 16:17:29,997] {spark_submit.py:514} INFO - propertiesFile          null
[2021-12-13 16:17:29,997] {spark_submit.py:514} INFO - driverMemory            null
[2021-12-13 16:17:29,998] {spark_submit.py:514} INFO - driverCores             null
[2021-12-13 16:17:29,999] {spark_submit.py:514} INFO - driverExtraClassPath    null
[2021-12-13 16:17:30,000] {spark_submit.py:514} INFO - driverExtraLibraryPath  null
[2021-12-13 16:17:30,002] {spark_submit.py:514} INFO - driverExtraJavaOptions  null
[2021-12-13 16:17:30,003] {spark_submit.py:514} INFO - supervise               false
[2021-12-13 16:17:30,004] {spark_submit.py:514} INFO - queue                   null
[2021-12-13 16:17:30,005] {spark_submit.py:514} INFO - numExecutors            null
[2021-12-13 16:17:30,006] {spark_submit.py:514} INFO - files                   null
[2021-12-13 16:17:30,008] {spark_submit.py:514} INFO - pyFiles                 null
[2021-12-13 16:17:30,009] {spark_submit.py:514} INFO - archives                null
[2021-12-13 16:17:30,010] {spark_submit.py:514} INFO - mainClass               null
[2021-12-13 16:17:30,011] {spark_submit.py:514} INFO - primaryResource         file:/opt/***/jobs/persist_db.py
[2021-12-13 16:17:30,012] {spark_submit.py:514} INFO - name                    persist data
[2021-12-13 16:17:30,013] {spark_submit.py:514} INFO - childArgs               [limerick]
[2021-12-13 16:17:30,014] {spark_submit.py:514} INFO - jars                    null
[2021-12-13 16:17:30,015] {spark_submit.py:514} INFO - packages                null
[2021-12-13 16:17:30,015] {spark_submit.py:514} INFO - packagesExclusions      null
[2021-12-13 16:17:30,017] {spark_submit.py:514} INFO - repositories            null
[2021-12-13 16:17:30,018] {spark_submit.py:514} INFO - verbose                 true
[2021-12-13 16:17:30,021] {spark_submit.py:514} INFO - 
[2021-12-13 16:17:30,022] {spark_submit.py:514} INFO - Spark properties used, including those specified through
[2021-12-13 16:17:30,023] {spark_submit.py:514} INFO - --conf and those from the properties file null:
[2021-12-13 16:17:30,024] {spark_submit.py:514} INFO - (spark.master,spark://spark:7077)
[2021-12-13 16:17:30,024] {spark_submit.py:514} INFO - 
[2021-12-13 16:17:30,025] {spark_submit.py:514} INFO - 
[2021-12-13 16:17:30,696] {spark_submit.py:514} INFO - Main class:
[2021-12-13 16:17:30,697] {spark_submit.py:514} INFO - org.apache.spark.deploy.PythonRunner
[2021-12-13 16:17:30,701] {spark_submit.py:514} INFO - Arguments:
[2021-12-13 16:17:30,702] {spark_submit.py:514} INFO - file:/opt/***/jobs/persist_db.py
[2021-12-13 16:17:30,702] {spark_submit.py:514} INFO - null
[2021-12-13 16:17:30,703] {spark_submit.py:514} INFO - limerick
[2021-12-13 16:17:30,704] {spark_submit.py:514} INFO - --verbose
[2021-12-13 16:17:30,710] {spark_submit.py:514} INFO - Spark config:
[2021-12-13 16:17:30,711] {spark_submit.py:514} INFO - (spark.master,spark://spark:7077)
[2021-12-13 16:17:30,712] {spark_submit.py:514} INFO - (spark.app.name,persist data)
[2021-12-13 16:17:30,713] {spark_submit.py:514} INFO - (spark.submit.pyFiles,)
[2021-12-13 16:17:30,714] {spark_submit.py:514} INFO - (spark.submit.deployMode,client)
[2021-12-13 16:17:30,716] {spark_submit.py:514} INFO - Classpath elements:
[2021-12-13 16:17:30,717] {spark_submit.py:514} INFO - 
[2021-12-13 16:17:30,719] {spark_submit.py:514} INFO - 
[2021-12-13 16:17:30,720] {spark_submit.py:514} INFO - 
[2021-12-13 16:17:36,628] {spark_submit.py:514} INFO - Using Spark's default log4j profile: org/apache/spark/log4j-defaults.properties
[2021-12-13 16:17:36,768] {spark_submit.py:514} INFO - 21/12/13 16:17:36 INFO SparkContext: Running Spark version 3.2.0
[2021-12-13 16:17:37,711] {spark_submit.py:514} INFO - 21/12/13 16:17:37 WARN NativeCodeLoader: Unable to load native-hadoop library for your platform... using builtin-java classes where applicable
[2021-12-13 16:17:38,967] {spark_submit.py:514} INFO - 21/12/13 16:17:38 INFO ResourceUtils: ==============================================================
[2021-12-13 16:17:38,975] {spark_submit.py:514} INFO - 21/12/13 16:17:38 INFO ResourceUtils: No custom resources configured for spark.driver.
[2021-12-13 16:17:38,976] {spark_submit.py:514} INFO - 21/12/13 16:17:38 INFO ResourceUtils: ==============================================================
[2021-12-13 16:17:38,977] {spark_submit.py:514} INFO - 21/12/13 16:17:38 INFO SparkContext: Submitted application: Persist DB
[2021-12-13 16:17:39,030] {spark_submit.py:514} INFO - 21/12/13 16:17:39 INFO ResourceProfile: Default ResourceProfile created, executor resources: Map(cores -> name: cores, amount: 1, script: , vendor: , memory -> name: memory, amount: 1024, script: , vendor: , offHeap -> name: offHeap, amount: 0, script: , vendor: ), task resources: Map(cpus -> name: cpus, amount: 1.0)
[2021-12-13 16:17:39,059] {spark_submit.py:514} INFO - 21/12/13 16:17:39 INFO ResourceProfile: Limiting resource is cpu
[2021-12-13 16:17:39,061] {spark_submit.py:514} INFO - 21/12/13 16:17:39 INFO ResourceProfileManager: Added ResourceProfile id: 0
[2021-12-13 16:17:39,225] {spark_submit.py:514} INFO - 21/12/13 16:17:39 INFO SecurityManager: Changing view acls to: ***
[2021-12-13 16:17:39,229] {spark_submit.py:514} INFO - 21/12/13 16:17:39 INFO SecurityManager: Changing modify acls to: ***
[2021-12-13 16:17:39,267] {spark_submit.py:514} INFO - 21/12/13 16:17:39 INFO SecurityManager: Changing view acls groups to:
[2021-12-13 16:17:39,275] {spark_submit.py:514} INFO - 21/12/13 16:17:39 INFO SecurityManager: Changing modify acls groups to:
[2021-12-13 16:17:39,281] {spark_submit.py:514} INFO - 21/12/13 16:17:39 INFO SecurityManager: SecurityManager: authentication disabled; ui acls disabled; users  with view permissions: Set(***); groups with view permissions: Set(); users  with modify permissions: Set(***); groups with modify permissions: Set()
[2021-12-13 16:17:40,759] {spark_submit.py:514} INFO - 21/12/13 16:17:40 INFO Utils: Successfully started service 'sparkDriver' on port 43877.
[2021-12-13 16:17:41,026] {spark_submit.py:514} INFO - 21/12/13 16:17:41 INFO SparkEnv: Registering MapOutputTracker
[2021-12-13 16:17:41,328] {spark_submit.py:514} INFO - 21/12/13 16:17:41 INFO SparkEnv: Registering BlockManagerMaster
[2021-12-13 16:17:41,444] {spark_submit.py:514} INFO - 21/12/13 16:17:41 INFO BlockManagerMasterEndpoint: Using org.apache.spark.storage.DefaultTopologyMapper for getting topology information
[2021-12-13 16:17:41,449] {spark_submit.py:514} INFO - 21/12/13 16:17:41 INFO BlockManagerMasterEndpoint: BlockManagerMasterEndpoint up
[2021-12-13 16:17:41,474] {spark_submit.py:514} INFO - 21/12/13 16:17:41 INFO SparkEnv: Registering BlockManagerMasterHeartbeat
[2021-12-13 16:17:41,711] {spark_submit.py:514} INFO - 21/12/13 16:17:41 INFO DiskBlockManager: Created local directory at /tmp/blockmgr-a1f4174d-d329-4891-92e1-9a194d2afd2e
[2021-12-13 16:17:41,998] {spark_submit.py:514} INFO - 21/12/13 16:17:41 INFO MemoryStore: MemoryStore started with capacity 434.4 MiB
[2021-12-13 16:17:42,063] {spark_submit.py:514} INFO - 21/12/13 16:17:42 INFO SparkEnv: Registering OutputCommitCoordinator
[2021-12-13 16:17:43,612] {spark_submit.py:514} INFO - 21/12/13 16:17:43 WARN Utils: Service 'SparkUI' could not bind on port 4040. Attempting port 4041.
[2021-12-13 16:17:43,613] {spark_submit.py:514} INFO - 21/12/13 16:17:43 WARN Utils: Service 'SparkUI' could not bind on port 4041. Attempting port 4042.
[2021-12-13 16:17:43,616] {spark_submit.py:514} INFO - 21/12/13 16:17:43 WARN Utils: Service 'SparkUI' could not bind on port 4042. Attempting port 4043.
[2021-12-13 16:17:43,617] {spark_submit.py:514} INFO - 21/12/13 16:17:43 WARN Utils: Service 'SparkUI' could not bind on port 4043. Attempting port 4044.
[2021-12-13 16:17:43,618] {spark_submit.py:514} INFO - 21/12/13 16:17:43 WARN Utils: Service 'SparkUI' could not bind on port 4044. Attempting port 4045.
[2021-12-13 16:17:43,636] {spark_submit.py:514} INFO - 21/12/13 16:17:43 WARN Utils: Service 'SparkUI' could not bind on port 4045. Attempting port 4046.
[2021-12-13 16:17:43,638] {spark_submit.py:514} INFO - 21/12/13 16:17:43 WARN Utils: Service 'SparkUI' could not bind on port 4046. Attempting port 4047.
[2021-12-13 16:17:43,712] {spark_submit.py:514} INFO - 21/12/13 16:17:43 INFO Utils: Successfully started service 'SparkUI' on port 4047.
[2021-12-13 16:17:43,975] {spark_submit.py:514} INFO - 21/12/13 16:17:43 INFO SparkUI: Bound SparkUI to 0.0.0.0, and started at http://c81f81825bc0:4047
[2021-12-13 16:17:44,954] {spark_submit.py:514} INFO - 21/12/13 16:17:44 INFO StandaloneAppClient$ClientEndpoint: Connecting to master spark://spark:7077...
[2021-12-13 16:17:45,200] {spark_submit.py:514} INFO - 21/12/13 16:17:45 INFO TransportClientFactory: Successfully created connection to spark/172.20.0.4:7077 after 130 ms (0 ms spent in bootstraps)
[2021-12-13 16:17:45,548] {spark_submit.py:514} INFO - 21/12/13 16:17:45 INFO StandaloneSchedulerBackend: Connected to Spark cluster with app ID app-20211213161745-0042
[2021-12-13 16:17:45,572] {spark_submit.py:514} INFO - 21/12/13 16:17:45 INFO Utils: Successfully started service 'org.apache.spark.network.netty.NettyBlockTransferService' on port 37081.
[2021-12-13 16:17:45,573] {spark_submit.py:514} INFO - 21/12/13 16:17:45 INFO NettyBlockTransferService: Server created on c81f81825bc0:37081
[2021-12-13 16:17:45,576] {spark_submit.py:514} INFO - 21/12/13 16:17:45 INFO BlockManager: Using org.apache.spark.storage.RandomBlockReplicationPolicy for block replication policy
[2021-12-13 16:17:45,587] {spark_submit.py:514} INFO - 21/12/13 16:17:45 INFO BlockManagerMaster: Registering BlockManager BlockManagerId(driver, c81f81825bc0, 37081, None)
[2021-12-13 16:17:45,601] {spark_submit.py:514} INFO - 21/12/13 16:17:45 INFO BlockManagerMasterEndpoint: Registering block manager c81f81825bc0:37081 with 434.4 MiB RAM, BlockManagerId(driver, c81f81825bc0, 37081, None)
[2021-12-13 16:17:45,609] {spark_submit.py:514} INFO - 21/12/13 16:17:45 INFO BlockManagerMaster: Registered BlockManager BlockManagerId(driver, c81f81825bc0, 37081, None)
[2021-12-13 16:17:45,612] {spark_submit.py:514} INFO - 21/12/13 16:17:45 INFO BlockManager: Initialized BlockManager: BlockManagerId(driver, c81f81825bc0, 37081, None)
[2021-12-13 16:17:46,506] {spark_submit.py:514} INFO - 21/12/13 16:17:46 INFO StandaloneSchedulerBackend: SchedulerBackend is ready for scheduling beginning after reached minRegisteredResourcesRatio: 0.0
[2021-12-13 16:17:46,685] {spark_submit.py:514} INFO - /home/***/.local/lib/python3.6/site-packages/pyspark/python/lib/pyspark.zip/pyspark/context.py:238: FutureWarning: Python 3.6 support is deprecated in Spark 3.2.
[2021-12-13 16:17:46,686] {spark_submit.py:514} INFO - FutureWarning
[2021-12-13 16:17:47,684] {spark_submit.py:514} INFO - 21/12/13 16:17:47 INFO SharedState: Setting hive.metastore.warehouse.dir ('null') to the value of spark.sql.warehouse.dir.
[2021-12-13 16:17:47,749] {spark_submit.py:514} INFO - 21/12/13 16:17:47 INFO SharedState: Warehouse path is 'file:/opt/***/spark-warehouse'.
[2021-12-13 16:17:49,503] {spark_submit.py:514} INFO - Traceback (most recent call last):
[2021-12-13 16:17:49,504] {spark_submit.py:514} INFO - File "/opt/***/jobs/persist_db.py", line 65, in <module>
[2021-12-13 16:17:49,506] {spark_submit.py:514} INFO - new_ads_ids = set([ad['advert_id']for ad in new_ads])
[2021-12-13 16:17:49,507] {spark_submit.py:514} INFO - File "/opt/***/jobs/persist_db.py", line 65, in <listcomp>
[2021-12-13 16:17:49,508] {spark_submit.py:514} INFO - new_ads_ids = set([ad['advert_id']for ad in new_ads])
[2021-12-13 16:17:49,509] {spark_submit.py:514} INFO - TypeError: string indices must be integers
[2021-12-13 16:17:49,697] {spark_submit.py:514} INFO - 21/12/13 16:17:49 INFO SparkContext: Invoking stop() from shutdown hook
[2021-12-13 16:17:49,715] {spark_submit.py:514} INFO - 21/12/13 16:17:49 INFO SparkUI: Stopped Spark web UI at http://c81f81825bc0:4047
[2021-12-13 16:17:49,726] {spark_submit.py:514} INFO - 21/12/13 16:17:49 INFO StandaloneSchedulerBackend: Shutting down all executors
[2021-12-13 16:17:49,731] {spark_submit.py:514} INFO - 21/12/13 16:17:49 INFO CoarseGrainedSchedulerBackend$DriverEndpoint: Asking each executor to shut down
[2021-12-13 16:17:49,777] {spark_submit.py:514} INFO - 21/12/13 16:17:49 INFO MapOutputTrackerMasterEndpoint: MapOutputTrackerMasterEndpoint stopped!
[2021-12-13 16:17:49,819] {spark_submit.py:514} INFO - 21/12/13 16:17:49 INFO MemoryStore: MemoryStore cleared
[2021-12-13 16:17:49,822] {spark_submit.py:514} INFO - 21/12/13 16:17:49 INFO BlockManager: BlockManager stopped
[2021-12-13 16:17:49,840] {spark_submit.py:514} INFO - 21/12/13 16:17:49 INFO BlockManagerMaster: BlockManagerMaster stopped
[2021-12-13 16:17:49,845] {spark_submit.py:514} INFO - 21/12/13 16:17:49 INFO OutputCommitCoordinator$OutputCommitCoordinatorEndpoint: OutputCommitCoordinator stopped!
[2021-12-13 16:17:49,874] {spark_submit.py:514} INFO - 21/12/13 16:17:49 INFO SparkContext: Successfully stopped SparkContext
[2021-12-13 16:17:49,875] {spark_submit.py:514} INFO - 21/12/13 16:17:49 INFO ShutdownHookManager: Shutdown hook called
[2021-12-13 16:17:49,876] {spark_submit.py:514} INFO - 21/12/13 16:17:49 INFO ShutdownHookManager: Deleting directory /tmp/spark-29c53869-121f-41bd-9117-8892916c265d/pyspark-72032cd3-852a-4914-a1b5-f2b0cb2134f4
[2021-12-13 16:17:49,882] {spark_submit.py:514} INFO - 21/12/13 16:17:49 INFO ShutdownHookManager: Deleting directory /tmp/spark-bf9e52d6-f025-4c21-805a-113c13439bdb
[2021-12-13 16:17:49,888] {spark_submit.py:514} INFO - 21/12/13 16:17:49 INFO ShutdownHookManager: Deleting directory /tmp/spark-29c53869-121f-41bd-9117-8892916c265d
[2021-12-13 16:17:50,054] {taskinstance.py:1703} ERROR - Task failed with exception
Traceback (most recent call last):
  File "/home/airflow/.local/lib/python3.6/site-packages/airflow/models/taskinstance.py", line 1332, in _run_raw_task
    self._execute_task_with_callbacks(context)
  File "/home/airflow/.local/lib/python3.6/site-packages/airflow/models/taskinstance.py", line 1458, in _execute_task_with_callbacks
    result = self._execute_task(context, self.task)
  File "/home/airflow/.local/lib/python3.6/site-packages/airflow/models/taskinstance.py", line 1514, in _execute_task
    result = execute_callable(context=context)
  File "/home/airflow/.local/lib/python3.6/site-packages/airflow/providers/apache/spark/operators/spark_submit.py", line 179, in execute
    self._hook.submit(self._application)
  File "/home/airflow/.local/lib/python3.6/site-packages/airflow/providers/apache/spark/hooks/spark_submit.py", line 446, in submit
    f"Cannot execute: {self._mask_cmd(spark_submit_cmd)}. Error code is: {returncode}."
airflow.exceptions.AirflowException: Cannot execute: spark-submit --master spark://spark:7077 --conf spark.master=spark://spark:7077 --name persist data --verbose /opt/***/jobs/persist_db.py limerick. Error code is: 1.
[2021-12-13 16:17:50,068] {taskinstance.py:1280} INFO - Marking task as UP_FOR_RETRY. dag_id=scraping_daft_limerick, task_id=persist_data, execution_date=20211212T031500, start_date=20211213T161720, end_date=20211213T161750
[2021-12-13 16:17:50,099] {standard_task_runner.py:91} ERROR - Failed to execute job 1816 for task persist_data
Traceback (most recent call last):
  File "/home/airflow/.local/lib/python3.6/site-packages/airflow/task/task_runner/standard_task_runner.py", line 85, in _start_by_fork
    args.func(args, dag=self.dag)
  File "/home/airflow/.local/lib/python3.6/site-packages/airflow/cli/cli_parser.py", line 48, in command
    return func(*args, **kwargs)
  File "/home/airflow/.local/lib/python3.6/site-packages/airflow/utils/cli.py", line 92, in wrapper
    return f(*args, **kwargs)
  File "/home/airflow/.local/lib/python3.6/site-packages/airflow/cli/commands/task_command.py", line 292, in task_run
    _run_task_by_selected_method(args, dag, ti)
  File "/home/airflow/.local/lib/python3.6/site-packages/airflow/cli/commands/task_command.py", line 107, in _run_task_by_selected_method
    _run_raw_task(args, ti)
  File "/home/airflow/.local/lib/python3.6/site-packages/airflow/cli/commands/task_command.py", line 184, in _run_raw_task
    error_file=args.error_file,
  File "/home/airflow/.local/lib/python3.6/site-packages/airflow/utils/session.py", line 70, in wrapper
    return func(*args, session=session, **kwargs)
  File "/home/airflow/.local/lib/python3.6/site-packages/airflow/models/taskinstance.py", line 1332, in _run_raw_task
    self._execute_task_with_callbacks(context)
  File "/home/airflow/.local/lib/python3.6/site-packages/airflow/models/taskinstance.py", line 1458, in _execute_task_with_callbacks
    result = self._execute_task(context, self.task)
  File "/home/airflow/.local/lib/python3.6/site-packages/airflow/models/taskinstance.py", line 1514, in _execute_task
    result = execute_callable(context=context)
  File "/home/airflow/.local/lib/python3.6/site-packages/airflow/providers/apache/spark/operators/spark_submit.py", line 179, in execute
    self._hook.submit(self._application)
  File "/home/airflow/.local/lib/python3.6/site-packages/airflow/providers/apache/spark/hooks/spark_submit.py", line 446, in submit
    f"Cannot execute: {self._mask_cmd(spark_submit_cmd)}. Error code is: {returncode}."
airflow.exceptions.AirflowException: Cannot execute: spark-submit --master spark://spark:7077 --conf spark.master=spark://spark:7077 --name persist data --verbose /opt/***/jobs/persist_db.py limerick. Error code is: 1.
[2021-12-13 16:17:50,147] {local_task_job.py:154} INFO - Task exited with return code 1
[2021-12-13 16:17:50,250] {local_task_job.py:264} INFO - 0 downstream tasks scheduled from follow-on schedule check
