[2021-12-13 16:22:51,474] {taskinstance.py:1035} INFO - Dependencies all met for <TaskInstance: scraping_daft_limerick.persist_data scheduled__2021-12-12T03:15:00+00:00 [queued]>
[2021-12-13 16:22:51,540] {taskinstance.py:1035} INFO - Dependencies all met for <TaskInstance: scraping_daft_limerick.persist_data scheduled__2021-12-12T03:15:00+00:00 [queued]>
[2021-12-13 16:22:51,541] {taskinstance.py:1241} INFO - 
--------------------------------------------------------------------------------
[2021-12-13 16:22:51,542] {taskinstance.py:1242} INFO - Starting attempt 4 of 4
[2021-12-13 16:22:51,544] {taskinstance.py:1243} INFO - 
--------------------------------------------------------------------------------
[2021-12-13 16:22:51,584] {taskinstance.py:1262} INFO - Executing <Task(SparkSubmitOperator): persist_data> on 2021-12-12 03:15:00+00:00
[2021-12-13 16:22:51,601] {standard_task_runner.py:76} INFO - Running: ['***', 'tasks', 'run', 'scraping_daft_limerick', 'persist_data', 'scheduled__2021-12-12T03:15:00+00:00', '--job-id', '1833', '--raw', '--subdir', 'DAGS_FOLDER/scraping_daft_limerick.py', '--cfg-path', '/tmp/tmp5tjtms1l', '--error-file', '/tmp/tmptnfduw5x']
[2021-12-13 16:22:51,602] {standard_task_runner.py:77} INFO - Job 1833: Subtask persist_data
[2021-12-13 16:22:51,596] {standard_task_runner.py:52} INFO - Started process 9433 to run task
[2021-12-13 16:22:51,798] {logging_mixin.py:109} INFO - Running <TaskInstance: scraping_daft_limerick.persist_data scheduled__2021-12-12T03:15:00+00:00 [running]> on host c81f81825bc0
[2021-12-13 16:22:52,124] {taskinstance.py:1429} INFO - Exporting the following env vars:
AIRFLOW_CTX_DAG_EMAIL=clement.liscoet@gmail.com
AIRFLOW_CTX_DAG_OWNER=clemoni
AIRFLOW_CTX_DAG_ID=scraping_daft_limerick
AIRFLOW_CTX_TASK_ID=persist_data
AIRFLOW_CTX_EXECUTION_DATE=2021-12-12T03:15:00+00:00
AIRFLOW_CTX_DAG_RUN_ID=scheduled__2021-12-12T03:15:00+00:00
[2021-12-13 16:22:52,184] {base.py:79} INFO - Using connection to: id: spark_default. Host: spark://spark:7077, Port: None, Schema: , Login: ***, Password: ***, extra: {}
[2021-12-13 16:22:52,187] {spark_submit.py:360} INFO - Spark-Submit cmd: spark-submit --master spark://spark:7077 --conf spark.master=spark://spark:7077 --name persist data --verbose /opt/***/jobs/persist_db.py limerick
[2021-12-13 16:22:59,613] {spark_submit.py:514} INFO - Using properties file: null
[2021-12-13 16:22:59,920] {spark_submit.py:514} INFO - WARNING: An illegal reflective access operation has occurred
[2021-12-13 16:22:59,921] {spark_submit.py:514} INFO - WARNING: Illegal reflective access by org.apache.spark.unsafe.Platform (file:/home/***/.local/lib/python3.6/site-packages/pyspark/jars/spark-unsafe_2.12-3.2.0.jar) to constructor java.nio.DirectByteBuffer(long,int)
[2021-12-13 16:22:59,923] {spark_submit.py:514} INFO - WARNING: Please consider reporting this to the maintainers of org.apache.spark.unsafe.Platform
[2021-12-13 16:22:59,924] {spark_submit.py:514} INFO - WARNING: Use --illegal-access=warn to enable warnings of further illegal reflective access operations
[2021-12-13 16:22:59,924] {spark_submit.py:514} INFO - WARNING: All illegal access operations will be denied in a future release
[2021-12-13 16:23:00,103] {spark_submit.py:514} INFO - Parsed arguments:
[2021-12-13 16:23:00,104] {spark_submit.py:514} INFO - master                  spark://spark:7077
[2021-12-13 16:23:00,104] {spark_submit.py:514} INFO - deployMode              null
[2021-12-13 16:23:00,106] {spark_submit.py:514} INFO - executorMemory          null
[2021-12-13 16:23:00,108] {spark_submit.py:514} INFO - executorCores           null
[2021-12-13 16:23:00,109] {spark_submit.py:514} INFO - totalExecutorCores      null
[2021-12-13 16:23:00,110] {spark_submit.py:514} INFO - propertiesFile          null
[2021-12-13 16:23:00,111] {spark_submit.py:514} INFO - driverMemory            null
[2021-12-13 16:23:00,114] {spark_submit.py:514} INFO - driverCores             null
[2021-12-13 16:23:00,114] {spark_submit.py:514} INFO - driverExtraClassPath    null
[2021-12-13 16:23:00,115] {spark_submit.py:514} INFO - driverExtraLibraryPath  null
[2021-12-13 16:23:00,117] {spark_submit.py:514} INFO - driverExtraJavaOptions  null
[2021-12-13 16:23:00,118] {spark_submit.py:514} INFO - supervise               false
[2021-12-13 16:23:00,119] {spark_submit.py:514} INFO - queue                   null
[2021-12-13 16:23:00,120] {spark_submit.py:514} INFO - numExecutors            null
[2021-12-13 16:23:00,124] {spark_submit.py:514} INFO - files                   null
[2021-12-13 16:23:00,124] {spark_submit.py:514} INFO - pyFiles                 null
[2021-12-13 16:23:00,125] {spark_submit.py:514} INFO - archives                null
[2021-12-13 16:23:00,126] {spark_submit.py:514} INFO - mainClass               null
[2021-12-13 16:23:00,127] {spark_submit.py:514} INFO - primaryResource         file:/opt/***/jobs/persist_db.py
[2021-12-13 16:23:00,129] {spark_submit.py:514} INFO - name                    persist data
[2021-12-13 16:23:00,130] {spark_submit.py:514} INFO - childArgs               [limerick]
[2021-12-13 16:23:00,132] {spark_submit.py:514} INFO - jars                    null
[2021-12-13 16:23:00,133] {spark_submit.py:514} INFO - packages                null
[2021-12-13 16:23:00,134] {spark_submit.py:514} INFO - packagesExclusions      null
[2021-12-13 16:23:00,136] {spark_submit.py:514} INFO - repositories            null
[2021-12-13 16:23:00,138] {spark_submit.py:514} INFO - verbose                 true
[2021-12-13 16:23:00,148] {spark_submit.py:514} INFO - 
[2021-12-13 16:23:00,150] {spark_submit.py:514} INFO - Spark properties used, including those specified through
[2021-12-13 16:23:00,151] {spark_submit.py:514} INFO - --conf and those from the properties file null:
[2021-12-13 16:23:00,152] {spark_submit.py:514} INFO - (spark.master,spark://spark:7077)
[2021-12-13 16:23:00,153] {spark_submit.py:514} INFO - 
[2021-12-13 16:23:00,155] {spark_submit.py:514} INFO - 
[2021-12-13 16:23:00,751] {spark_submit.py:514} INFO - Main class:
[2021-12-13 16:23:00,752] {spark_submit.py:514} INFO - org.apache.spark.deploy.PythonRunner
[2021-12-13 16:23:00,753] {spark_submit.py:514} INFO - Arguments:
[2021-12-13 16:23:00,753] {spark_submit.py:514} INFO - file:/opt/***/jobs/persist_db.py
[2021-12-13 16:23:00,754] {spark_submit.py:514} INFO - null
[2021-12-13 16:23:00,755] {spark_submit.py:514} INFO - limerick
[2021-12-13 16:23:00,756] {spark_submit.py:514} INFO - --verbose
[2021-12-13 16:23:00,758] {spark_submit.py:514} INFO - Spark config:
[2021-12-13 16:23:00,759] {spark_submit.py:514} INFO - (spark.master,spark://spark:7077)
[2021-12-13 16:23:00,760] {spark_submit.py:514} INFO - (spark.app.name,persist data)
[2021-12-13 16:23:00,761] {spark_submit.py:514} INFO - (spark.submit.pyFiles,)
[2021-12-13 16:23:00,762] {spark_submit.py:514} INFO - (spark.submit.deployMode,client)
[2021-12-13 16:23:00,762] {spark_submit.py:514} INFO - Classpath elements:
[2021-12-13 16:23:00,763] {spark_submit.py:514} INFO - 
[2021-12-13 16:23:00,764] {spark_submit.py:514} INFO - 
[2021-12-13 16:23:00,765] {spark_submit.py:514} INFO - 
[2021-12-13 16:23:03,991] {spark_submit.py:514} INFO - Using Spark's default log4j profile: org/apache/spark/log4j-defaults.properties
[2021-12-13 16:23:04,025] {spark_submit.py:514} INFO - 21/12/13 16:23:04 INFO SparkContext: Running Spark version 3.2.0
[2021-12-13 16:23:04,376] {spark_submit.py:514} INFO - 21/12/13 16:23:04 WARN NativeCodeLoader: Unable to load native-hadoop library for your platform... using builtin-java classes where applicable
[2021-12-13 16:23:05,050] {spark_submit.py:514} INFO - 21/12/13 16:23:05 INFO ResourceUtils: ==============================================================
[2021-12-13 16:23:05,052] {spark_submit.py:514} INFO - 21/12/13 16:23:05 INFO ResourceUtils: No custom resources configured for spark.driver.
[2021-12-13 16:23:05,061] {spark_submit.py:514} INFO - 21/12/13 16:23:05 INFO ResourceUtils: ==============================================================
[2021-12-13 16:23:05,065] {spark_submit.py:514} INFO - 21/12/13 16:23:05 INFO SparkContext: Submitted application: Persist DB
[2021-12-13 16:23:05,208] {spark_submit.py:514} INFO - 21/12/13 16:23:05 INFO ResourceProfile: Default ResourceProfile created, executor resources: Map(cores -> name: cores, amount: 1, script: , vendor: , memory -> name: memory, amount: 1024, script: , vendor: , offHeap -> name: offHeap, amount: 0, script: , vendor: ), task resources: Map(cpus -> name: cpus, amount: 1.0)
[2021-12-13 16:23:05,304] {spark_submit.py:514} INFO - 21/12/13 16:23:05 INFO ResourceProfile: Limiting resource is cpu
[2021-12-13 16:23:05,318] {spark_submit.py:514} INFO - 21/12/13 16:23:05 INFO ResourceProfileManager: Added ResourceProfile id: 0
[2021-12-13 16:23:05,532] {spark_submit.py:514} INFO - 21/12/13 16:23:05 INFO SecurityManager: Changing view acls to: ***
[2021-12-13 16:23:05,533] {spark_submit.py:514} INFO - 21/12/13 16:23:05 INFO SecurityManager: Changing modify acls to: ***
[2021-12-13 16:23:05,534] {spark_submit.py:514} INFO - 21/12/13 16:23:05 INFO SecurityManager: Changing view acls groups to:
[2021-12-13 16:23:05,556] {spark_submit.py:514} INFO - 21/12/13 16:23:05 INFO SecurityManager: Changing modify acls groups to:
[2021-12-13 16:23:05,557] {spark_submit.py:514} INFO - 21/12/13 16:23:05 INFO SecurityManager: SecurityManager: authentication disabled; ui acls disabled; users  with view permissions: Set(***); groups with view permissions: Set(); users  with modify permissions: Set(***); groups with modify permissions: Set()
[2021-12-13 16:23:06,359] {spark_submit.py:514} INFO - 21/12/13 16:23:06 INFO Utils: Successfully started service 'sparkDriver' on port 40675.
[2021-12-13 16:23:06,567] {spark_submit.py:514} INFO - 21/12/13 16:23:06 INFO SparkEnv: Registering MapOutputTracker
[2021-12-13 16:23:06,689] {spark_submit.py:514} INFO - 21/12/13 16:23:06 INFO SparkEnv: Registering BlockManagerMaster
[2021-12-13 16:23:06,756] {spark_submit.py:514} INFO - 21/12/13 16:23:06 INFO BlockManagerMasterEndpoint: Using org.apache.spark.storage.DefaultTopologyMapper for getting topology information
[2021-12-13 16:23:06,757] {spark_submit.py:514} INFO - 21/12/13 16:23:06 INFO BlockManagerMasterEndpoint: BlockManagerMasterEndpoint up
[2021-12-13 16:23:06,764] {spark_submit.py:514} INFO - 21/12/13 16:23:06 INFO SparkEnv: Registering BlockManagerMasterHeartbeat
[2021-12-13 16:23:06,808] {spark_submit.py:514} INFO - 21/12/13 16:23:06 INFO DiskBlockManager: Created local directory at /tmp/blockmgr-b854cfd0-7ea7-40df-a8d8-2cb2a8463913
[2021-12-13 16:23:06,842] {spark_submit.py:514} INFO - 21/12/13 16:23:06 INFO MemoryStore: MemoryStore started with capacity 434.4 MiB
[2021-12-13 16:23:06,904] {spark_submit.py:514} INFO - 21/12/13 16:23:06 INFO SparkEnv: Registering OutputCommitCoordinator
[2021-12-13 16:23:07,808] {spark_submit.py:514} INFO - 21/12/13 16:23:07 WARN Utils: Service 'SparkUI' could not bind on port 4040. Attempting port 4041.
[2021-12-13 16:23:07,810] {spark_submit.py:514} INFO - 21/12/13 16:23:07 WARN Utils: Service 'SparkUI' could not bind on port 4041. Attempting port 4042.
[2021-12-13 16:23:07,811] {spark_submit.py:514} INFO - 21/12/13 16:23:07 WARN Utils: Service 'SparkUI' could not bind on port 4042. Attempting port 4043.
[2021-12-13 16:23:07,813] {spark_submit.py:514} INFO - 21/12/13 16:23:07 WARN Utils: Service 'SparkUI' could not bind on port 4043. Attempting port 4044.
[2021-12-13 16:23:07,814] {spark_submit.py:514} INFO - 21/12/13 16:23:07 WARN Utils: Service 'SparkUI' could not bind on port 4044. Attempting port 4045.
[2021-12-13 16:23:07,830] {spark_submit.py:514} INFO - 21/12/13 16:23:07 INFO Utils: Successfully started service 'SparkUI' on port 4045.
[2021-12-13 16:23:08,029] {spark_submit.py:514} INFO - 21/12/13 16:23:08 INFO SparkUI: Bound SparkUI to 0.0.0.0, and started at http://c81f81825bc0:4045
[2021-12-13 16:23:08,476] {spark_submit.py:514} INFO - 21/12/13 16:23:08 INFO StandaloneAppClient$ClientEndpoint: Connecting to master spark://spark:7077...
[2021-12-13 16:23:08,673] {spark_submit.py:514} INFO - 21/12/13 16:23:08 INFO TransportClientFactory: Successfully created connection to spark/172.20.0.4:7077 after 55 ms (0 ms spent in bootstraps)
[2021-12-13 16:23:08,920] {spark_submit.py:514} INFO - 21/12/13 16:23:08 INFO StandaloneSchedulerBackend: Connected to Spark cluster with app ID app-20211213162308-0054
[2021-12-13 16:23:08,956] {spark_submit.py:514} INFO - 21/12/13 16:23:08 INFO Utils: Successfully started service 'org.apache.spark.network.netty.NettyBlockTransferService' on port 45139.
[2021-12-13 16:23:08,958] {spark_submit.py:514} INFO - 21/12/13 16:23:08 INFO NettyBlockTransferService: Server created on c81f81825bc0:45139
[2021-12-13 16:23:08,961] {spark_submit.py:514} INFO - 21/12/13 16:23:08 INFO BlockManager: Using org.apache.spark.storage.RandomBlockReplicationPolicy for block replication policy
[2021-12-13 16:23:08,981] {spark_submit.py:514} INFO - 21/12/13 16:23:08 INFO BlockManagerMaster: Registering BlockManager BlockManagerId(driver, c81f81825bc0, 45139, None)
[2021-12-13 16:23:08,990] {spark_submit.py:514} INFO - 21/12/13 16:23:08 INFO BlockManagerMasterEndpoint: Registering block manager c81f81825bc0:45139 with 434.4 MiB RAM, BlockManagerId(driver, c81f81825bc0, 45139, None)
[2021-12-13 16:23:09,000] {spark_submit.py:514} INFO - 21/12/13 16:23:08 INFO BlockManagerMaster: Registered BlockManager BlockManagerId(driver, c81f81825bc0, 45139, None)
[2021-12-13 16:23:09,002] {spark_submit.py:514} INFO - 21/12/13 16:23:09 INFO BlockManager: Initialized BlockManager: BlockManagerId(driver, c81f81825bc0, 45139, None)
[2021-12-13 16:23:09,641] {spark_submit.py:514} INFO - 21/12/13 16:23:09 INFO StandaloneSchedulerBackend: SchedulerBackend is ready for scheduling beginning after reached minRegisteredResourcesRatio: 0.0
[2021-12-13 16:23:10,460] {spark_submit.py:514} INFO - /home/***/.local/lib/python3.6/site-packages/pyspark/python/lib/pyspark.zip/pyspark/context.py:238: FutureWarning: Python 3.6 support is deprecated in Spark 3.2.
[2021-12-13 16:23:10,464] {spark_submit.py:514} INFO - FutureWarning
[2021-12-13 16:23:11,813] {spark_submit.py:514} INFO - 21/12/13 16:23:11 INFO SharedState: Setting hive.metastore.warehouse.dir ('null') to the value of spark.sql.warehouse.dir.
[2021-12-13 16:23:11,891] {spark_submit.py:514} INFO - 21/12/13 16:23:11 INFO SharedState: Warehouse path is 'file:/opt/***/spark-warehouse'.
[2021-12-13 16:23:14,067] {spark_submit.py:514} INFO - Traceback (most recent call last):
[2021-12-13 16:23:14,068] {spark_submit.py:514} INFO - File "/opt/***/jobs/persist_db.py", line 65, in <module>
[2021-12-13 16:23:14,069] {spark_submit.py:514} INFO - new_ads_ids = set([ad['advert_id']for ad in new_ads])
[2021-12-13 16:23:14,070] {spark_submit.py:514} INFO - File "/opt/***/jobs/persist_db.py", line 65, in <listcomp>
[2021-12-13 16:23:14,070] {spark_submit.py:514} INFO - new_ads_ids = set([ad['advert_id']for ad in new_ads])
[2021-12-13 16:23:14,071] {spark_submit.py:514} INFO - TypeError: string indices must be integers
[2021-12-13 16:23:14,238] {spark_submit.py:514} INFO - 21/12/13 16:23:14 INFO SparkContext: Invoking stop() from shutdown hook
[2021-12-13 16:23:14,260] {spark_submit.py:514} INFO - 21/12/13 16:23:14 INFO SparkUI: Stopped Spark web UI at http://c81f81825bc0:4045
[2021-12-13 16:23:14,275] {spark_submit.py:514} INFO - 21/12/13 16:23:14 INFO StandaloneSchedulerBackend: Shutting down all executors
[2021-12-13 16:23:14,284] {spark_submit.py:514} INFO - 21/12/13 16:23:14 INFO CoarseGrainedSchedulerBackend$DriverEndpoint: Asking each executor to shut down
[2021-12-13 16:23:14,310] {spark_submit.py:514} INFO - 21/12/13 16:23:14 INFO MapOutputTrackerMasterEndpoint: MapOutputTrackerMasterEndpoint stopped!
[2021-12-13 16:23:14,334] {spark_submit.py:514} INFO - 21/12/13 16:23:14 INFO MemoryStore: MemoryStore cleared
[2021-12-13 16:23:14,335] {spark_submit.py:514} INFO - 21/12/13 16:23:14 INFO BlockManager: BlockManager stopped
[2021-12-13 16:23:14,349] {spark_submit.py:514} INFO - 21/12/13 16:23:14 INFO BlockManagerMaster: BlockManagerMaster stopped
[2021-12-13 16:23:14,353] {spark_submit.py:514} INFO - 21/12/13 16:23:14 INFO OutputCommitCoordinator$OutputCommitCoordinatorEndpoint: OutputCommitCoordinator stopped!
[2021-12-13 16:23:14,369] {spark_submit.py:514} INFO - 21/12/13 16:23:14 INFO SparkContext: Successfully stopped SparkContext
[2021-12-13 16:23:14,371] {spark_submit.py:514} INFO - 21/12/13 16:23:14 INFO ShutdownHookManager: Shutdown hook called
[2021-12-13 16:23:14,373] {spark_submit.py:514} INFO - 21/12/13 16:23:14 INFO ShutdownHookManager: Deleting directory /tmp/spark-ab5f191b-7359-4678-855b-3f5c8e97ece4
[2021-12-13 16:23:14,378] {spark_submit.py:514} INFO - 21/12/13 16:23:14 INFO ShutdownHookManager: Deleting directory /tmp/spark-ab5f191b-7359-4678-855b-3f5c8e97ece4/pyspark-5c453812-c765-4b76-8cc4-2afac55bc125
[2021-12-13 16:23:14,385] {spark_submit.py:514} INFO - 21/12/13 16:23:14 INFO ShutdownHookManager: Deleting directory /tmp/spark-9520d9d8-61a0-4589-9dc2-bde85e0b8059
[2021-12-13 16:23:14,548] {taskinstance.py:1703} ERROR - Task failed with exception
Traceback (most recent call last):
  File "/home/airflow/.local/lib/python3.6/site-packages/airflow/models/taskinstance.py", line 1332, in _run_raw_task
    self._execute_task_with_callbacks(context)
  File "/home/airflow/.local/lib/python3.6/site-packages/airflow/models/taskinstance.py", line 1458, in _execute_task_with_callbacks
    result = self._execute_task(context, self.task)
  File "/home/airflow/.local/lib/python3.6/site-packages/airflow/models/taskinstance.py", line 1514, in _execute_task
    result = execute_callable(context=context)
  File "/home/airflow/.local/lib/python3.6/site-packages/airflow/providers/apache/spark/operators/spark_submit.py", line 179, in execute
    self._hook.submit(self._application)
  File "/home/airflow/.local/lib/python3.6/site-packages/airflow/providers/apache/spark/hooks/spark_submit.py", line 446, in submit
    f"Cannot execute: {self._mask_cmd(spark_submit_cmd)}. Error code is: {returncode}."
airflow.exceptions.AirflowException: Cannot execute: spark-submit --master spark://spark:7077 --conf spark.master=spark://spark:7077 --name persist data --verbose /opt/***/jobs/persist_db.py limerick. Error code is: 1.
[2021-12-13 16:23:14,559] {taskinstance.py:1280} INFO - Marking task as FAILED. dag_id=scraping_daft_limerick, task_id=persist_data, execution_date=20211212T031500, start_date=20211213T162251, end_date=20211213T162314
[2021-12-13 16:23:14,622] {warnings.py:99} WARNING - /home/***/.local/lib/python3.6/site-packages/***/utils/email.py:102: PendingDeprecationWarning: Fetching SMTP credentials from configuration variables will be deprecated in a future release. Please set credentials using a connection instead.
  send_mime_email(e_from=smtp_mail_from, e_to=recipients, mime_msg=msg, conn_id=conn_id, dryrun=dryrun)

[2021-12-13 16:23:14,623] {email.py:208} INFO - Email alerting: attempt 1
[2021-12-13 16:23:15,149] {email.py:220} INFO - Sent an alert email to ['clement.liscoet@gmail.com']
[2021-12-13 16:23:16,806] {standard_task_runner.py:91} ERROR - Failed to execute job 1833 for task persist_data
Traceback (most recent call last):
  File "/home/airflow/.local/lib/python3.6/site-packages/airflow/task/task_runner/standard_task_runner.py", line 85, in _start_by_fork
    args.func(args, dag=self.dag)
  File "/home/airflow/.local/lib/python3.6/site-packages/airflow/cli/cli_parser.py", line 48, in command
    return func(*args, **kwargs)
  File "/home/airflow/.local/lib/python3.6/site-packages/airflow/utils/cli.py", line 92, in wrapper
    return f(*args, **kwargs)
  File "/home/airflow/.local/lib/python3.6/site-packages/airflow/cli/commands/task_command.py", line 292, in task_run
    _run_task_by_selected_method(args, dag, ti)
  File "/home/airflow/.local/lib/python3.6/site-packages/airflow/cli/commands/task_command.py", line 107, in _run_task_by_selected_method
    _run_raw_task(args, ti)
  File "/home/airflow/.local/lib/python3.6/site-packages/airflow/cli/commands/task_command.py", line 184, in _run_raw_task
    error_file=args.error_file,
  File "/home/airflow/.local/lib/python3.6/site-packages/airflow/utils/session.py", line 70, in wrapper
    return func(*args, session=session, **kwargs)
  File "/home/airflow/.local/lib/python3.6/site-packages/airflow/models/taskinstance.py", line 1332, in _run_raw_task
    self._execute_task_with_callbacks(context)
  File "/home/airflow/.local/lib/python3.6/site-packages/airflow/models/taskinstance.py", line 1458, in _execute_task_with_callbacks
    result = self._execute_task(context, self.task)
  File "/home/airflow/.local/lib/python3.6/site-packages/airflow/models/taskinstance.py", line 1514, in _execute_task
    result = execute_callable(context=context)
  File "/home/airflow/.local/lib/python3.6/site-packages/airflow/providers/apache/spark/operators/spark_submit.py", line 179, in execute
    self._hook.submit(self._application)
  File "/home/airflow/.local/lib/python3.6/site-packages/airflow/providers/apache/spark/hooks/spark_submit.py", line 446, in submit
    f"Cannot execute: {self._mask_cmd(spark_submit_cmd)}. Error code is: {returncode}."
airflow.exceptions.AirflowException: Cannot execute: spark-submit --master spark://spark:7077 --conf spark.master=spark://spark:7077 --name persist data --verbose /opt/***/jobs/persist_db.py limerick. Error code is: 1.
[2021-12-13 16:23:16,860] {local_task_job.py:154} INFO - Task exited with return code 1
[2021-12-13 16:23:16,956] {local_task_job.py:264} INFO - 0 downstream tasks scheduled from follow-on schedule check
