[2021-12-07 20:25:57,977] {taskinstance.py:1035} INFO - Dependencies all met for <TaskInstance: scraping_daft_galway.waiting_for_file manual__2021-12-07T20:23:40.665669+00:00 [queued]>
[2021-12-07 20:25:57,993] {taskinstance.py:1035} INFO - Dependencies all met for <TaskInstance: scraping_daft_galway.waiting_for_file manual__2021-12-07T20:23:40.665669+00:00 [queued]>
[2021-12-07 20:25:57,994] {taskinstance.py:1241} INFO - 
--------------------------------------------------------------------------------
[2021-12-07 20:25:57,995] {taskinstance.py:1242} INFO - Starting attempt 1 of 3
[2021-12-07 20:25:57,996] {taskinstance.py:1243} INFO - 
--------------------------------------------------------------------------------
[2021-12-07 20:25:58,014] {taskinstance.py:1262} INFO - Executing <Task(FileSensor): waiting_for_file> on 2021-12-07 20:23:40.665669+00:00
[2021-12-07 20:25:58,022] {standard_task_runner.py:76} INFO - Running: ['***', 'tasks', 'run', 'scraping_daft_galway', 'waiting_for_file', 'manual__2021-12-07T20:23:40.665669+00:00', '--job-id', '532', '--raw', '--subdir', 'DAGS_FOLDER/scraping_daft_galway.py', '--cfg-path', '/tmp/tmp9elqsy6u', '--error-file', '/tmp/tmp8cac4ij3']
[2021-12-07 20:25:58,024] {standard_task_runner.py:77} INFO - Job 532: Subtask waiting_for_file
[2021-12-07 20:25:58,018] {standard_task_runner.py:52} INFO - Started process 10603 to run task
[2021-12-07 20:25:58,122] {logging_mixin.py:109} INFO - Running <TaskInstance: scraping_daft_galway.waiting_for_file manual__2021-12-07T20:23:40.665669+00:00 [running]> on host 041e6f8654c3
[2021-12-07 20:25:58,271] {taskinstance.py:1429} INFO - Exporting the following env vars:
AIRFLOW_CTX_DAG_EMAIL=***@example.com
AIRFLOW_CTX_DAG_OWNER=clemoni
AIRFLOW_CTX_DAG_ID=scraping_daft_galway
AIRFLOW_CTX_TASK_ID=waiting_for_file
AIRFLOW_CTX_EXECUTION_DATE=2021-12-07T20:23:40.665669+00:00
AIRFLOW_CTX_DAG_RUN_ID=manual__2021-12-07T20:23:40.665669+00:00
[2021-12-07 20:25:58,323] {filesystem.py:59} INFO - Poking for file data/galway_rent.json
[2021-12-07 20:25:58,326] {filesystem.py:65} INFO - Found File data/galway_rent.json last modified: 20211207202556
[2021-12-07 20:25:58,327] {base.py:249} INFO - Success criteria met. Exiting.
[2021-12-07 20:25:58,364] {taskinstance.py:1280} INFO - Marking task as SUCCESS. dag_id=scraping_daft_galway, task_id=waiting_for_file, execution_date=20211207T202340, start_date=20211207T202557, end_date=20211207T202558
[2021-12-07 20:25:58,402] {local_task_job.py:154} INFO - Task exited with return code 0
[2021-12-07 20:25:58,518] {local_task_job.py:264} INFO - 1 downstream tasks scheduled from follow-on schedule check
