[2022-01-02 12:34:40,242] {taskinstance.py:1035} INFO - Dependencies all met for <TaskInstance: scraping_daft_mayo.get_reporting scheduled__2022-01-01T10:20:00+00:00 [queued]>
[2022-01-02 12:34:40,404] {taskinstance.py:1035} INFO - Dependencies all met for <TaskInstance: scraping_daft_mayo.get_reporting scheduled__2022-01-01T10:20:00+00:00 [queued]>
[2022-01-02 12:34:40,408] {taskinstance.py:1241} INFO - 
--------------------------------------------------------------------------------
[2022-01-02 12:34:40,414] {taskinstance.py:1242} INFO - Starting attempt 1 of 4
[2022-01-02 12:34:40,419] {taskinstance.py:1243} INFO - 
--------------------------------------------------------------------------------
[2022-01-02 12:34:40,563] {taskinstance.py:1262} INFO - Executing <Task(_PythonDecoratedOperator): get_reporting> on 2022-01-01 10:20:00+00:00
[2022-01-02 12:34:40,680] {standard_task_runner.py:76} INFO - Running: ['***', 'tasks', 'run', 'scraping_daft_mayo', 'get_reporting', 'scheduled__2022-01-01T10:20:00+00:00', '--job-id', '6257', '--raw', '--subdir', 'DAGS_FOLDER/scraping_daft_mayo.py', '--cfg-path', '/tmp/tmpklcqrb0w', '--error-file', '/tmp/tmp7p67m3bf']
[2022-01-02 12:34:40,711] {standard_task_runner.py:77} INFO - Job 6257: Subtask get_reporting
[2022-01-02 12:34:40,606] {standard_task_runner.py:52} INFO - Started process 15497 to run task
[2022-01-02 12:34:41,383] {logging_mixin.py:109} INFO - Running <TaskInstance: scraping_daft_mayo.get_reporting scheduled__2022-01-01T10:20:00+00:00 [running]> on host bbddfc72aeab
[2022-01-02 12:34:42,080] {taskinstance.py:1429} INFO - Exporting the following env vars:
AIRFLOW_CTX_DAG_EMAIL=clement.liscoet@gmail.com
AIRFLOW_CTX_DAG_OWNER=clemoni
AIRFLOW_CTX_DAG_ID=scraping_daft_mayo
AIRFLOW_CTX_TASK_ID=get_reporting
AIRFLOW_CTX_EXECUTION_DATE=2022-01-01T10:20:00+00:00
AIRFLOW_CTX_DAG_RUN_ID=scheduled__2022-01-01T10:20:00+00:00
[2022-01-02 12:34:42,167] {logging_mixin.py:109} INFO - mayo
[2022-01-02 12:34:42,247] {base.py:79} INFO - Using connection to: id: postgres_db. Host: postgres, Port: 5432, Schema: scraping_daft, Login: ***, Password: ***, extra: {}
[2022-01-02 12:34:42,410] {python.py:152} INFO - Done. Returned value was: None
[2022-01-02 12:34:42,945] {taskinstance.py:1280} INFO - Marking task as SUCCESS. dag_id=scraping_daft_mayo, task_id=get_reporting, execution_date=20220101T102000, start_date=20220102T123440, end_date=20220102T123442
[2022-01-02 12:34:43,168] {local_task_job.py:154} INFO - Task exited with return code 0
[2022-01-02 12:34:44,090] {local_task_job.py:264} INFO - 1 downstream tasks scheduled from follow-on schedule check
