[2021-12-17 10:55:28,925] {taskinstance.py:1035} INFO - Dependencies all met for <TaskInstance: scraping_daft_waterford.persist_data scheduled__2021-12-16T10:55:00+00:00 [queued]>
[2021-12-17 10:55:28,952] {taskinstance.py:1035} INFO - Dependencies all met for <TaskInstance: scraping_daft_waterford.persist_data scheduled__2021-12-16T10:55:00+00:00 [queued]>
[2021-12-17 10:55:28,954] {taskinstance.py:1241} INFO - 
--------------------------------------------------------------------------------
[2021-12-17 10:55:28,955] {taskinstance.py:1242} INFO - Starting attempt 1 of 4
[2021-12-17 10:55:28,956] {taskinstance.py:1243} INFO - 
--------------------------------------------------------------------------------
[2021-12-17 10:55:28,975] {taskinstance.py:1262} INFO - Executing <Task(SparkSubmitOperator): persist_data> on 2021-12-16 10:55:00+00:00
[2021-12-17 10:55:28,988] {standard_task_runner.py:76} INFO - Running: ['***', 'tasks', 'run', 'scraping_daft_waterford', 'persist_data', 'scheduled__2021-12-16T10:55:00+00:00', '--job-id', '2935', '--raw', '--subdir', 'DAGS_FOLDER/scraping_daft_waterford.py', '--cfg-path', '/tmp/tmpot3m71iq', '--error-file', '/tmp/tmp2ux2fxdo']
[2021-12-17 10:55:28,990] {standard_task_runner.py:77} INFO - Job 2935: Subtask persist_data
[2021-12-17 10:55:28,983] {standard_task_runner.py:52} INFO - Started process 16529 to run task
[2021-12-17 10:55:29,373] {logging_mixin.py:109} INFO - Running <TaskInstance: scraping_daft_waterford.persist_data scheduled__2021-12-16T10:55:00+00:00 [running]> on host ce860fbe488d
[2021-12-17 10:55:29,606] {taskinstance.py:1429} INFO - Exporting the following env vars:
AIRFLOW_CTX_DAG_EMAIL=clement.liscoet@gmail.com
AIRFLOW_CTX_DAG_OWNER=clemoni
AIRFLOW_CTX_DAG_ID=scraping_daft_waterford
AIRFLOW_CTX_TASK_ID=persist_data
AIRFLOW_CTX_EXECUTION_DATE=2021-12-16T10:55:00+00:00
AIRFLOW_CTX_DAG_RUN_ID=scheduled__2021-12-16T10:55:00+00:00
[2021-12-17 10:55:29,634] {base.py:79} INFO - Using connection to: id: spark_default. Host: spark://spark:7077, Port: None, Schema: , Login: ***, Password: ***, extra: {}
[2021-12-17 10:55:29,637] {spark_submit.py:360} INFO - Spark-Submit cmd: spark-submit --master spark://spark:7077 --conf spark.master=spark://spark:7077 --name persist data --verbose /opt/***/jobs/persist_db.py waterford
[2021-12-17 10:55:31,860] {spark_submit.py:514} INFO - Using properties file: null
[2021-12-17 10:55:31,993] {spark_submit.py:514} INFO - WARNING: An illegal reflective access operation has occurred
[2021-12-17 10:55:31,995] {spark_submit.py:514} INFO - WARNING: Illegal reflective access by org.apache.spark.unsafe.Platform (file:/home/***/.local/lib/python3.6/site-packages/pyspark/jars/spark-unsafe_2.12-3.2.0.jar) to constructor java.nio.DirectByteBuffer(long,int)
[2021-12-17 10:55:31,996] {spark_submit.py:514} INFO - WARNING: Please consider reporting this to the maintainers of org.apache.spark.unsafe.Platform
[2021-12-17 10:55:31,997] {spark_submit.py:514} INFO - WARNING: Use --illegal-access=warn to enable warnings of further illegal reflective access operations
[2021-12-17 10:55:31,998] {spark_submit.py:514} INFO - WARNING: All illegal access operations will be denied in a future release
[2021-12-17 10:55:32,064] {spark_submit.py:514} INFO - Parsed arguments:
[2021-12-17 10:55:32,065] {spark_submit.py:514} INFO - master                  spark://spark:7077
[2021-12-17 10:55:32,066] {spark_submit.py:514} INFO - deployMode              null
[2021-12-17 10:55:32,067] {spark_submit.py:514} INFO - executorMemory          null
[2021-12-17 10:55:32,068] {spark_submit.py:514} INFO - executorCores           null
[2021-12-17 10:55:32,069] {spark_submit.py:514} INFO - totalExecutorCores      null
[2021-12-17 10:55:32,070] {spark_submit.py:514} INFO - propertiesFile          null
[2021-12-17 10:55:32,071] {spark_submit.py:514} INFO - driverMemory            null
[2021-12-17 10:55:32,072] {spark_submit.py:514} INFO - driverCores             null
[2021-12-17 10:55:32,073] {spark_submit.py:514} INFO - driverExtraClassPath    null
[2021-12-17 10:55:32,074] {spark_submit.py:514} INFO - driverExtraLibraryPath  null
[2021-12-17 10:55:32,076] {spark_submit.py:514} INFO - driverExtraJavaOptions  null
[2021-12-17 10:55:32,077] {spark_submit.py:514} INFO - supervise               false
[2021-12-17 10:55:32,078] {spark_submit.py:514} INFO - queue                   null
[2021-12-17 10:55:32,079] {spark_submit.py:514} INFO - numExecutors            null
[2021-12-17 10:55:32,080] {spark_submit.py:514} INFO - files                   null
[2021-12-17 10:55:32,081] {spark_submit.py:514} INFO - pyFiles                 null
[2021-12-17 10:55:32,081] {spark_submit.py:514} INFO - archives                null
[2021-12-17 10:55:32,082] {spark_submit.py:514} INFO - mainClass               null
[2021-12-17 10:55:32,083] {spark_submit.py:514} INFO - primaryResource         file:/opt/***/jobs/persist_db.py
[2021-12-17 10:55:32,084] {spark_submit.py:514} INFO - name                    persist data
[2021-12-17 10:55:32,085] {spark_submit.py:514} INFO - childArgs               [waterford]
[2021-12-17 10:55:32,086] {spark_submit.py:514} INFO - jars                    null
[2021-12-17 10:55:32,087] {spark_submit.py:514} INFO - packages                null
[2021-12-17 10:55:32,088] {spark_submit.py:514} INFO - packagesExclusions      null
[2021-12-17 10:55:32,089] {spark_submit.py:514} INFO - repositories            null
[2021-12-17 10:55:32,090] {spark_submit.py:514} INFO - verbose                 true
[2021-12-17 10:55:32,091] {spark_submit.py:514} INFO - 
[2021-12-17 10:55:32,092] {spark_submit.py:514} INFO - Spark properties used, including those specified through
[2021-12-17 10:55:32,093] {spark_submit.py:514} INFO - --conf and those from the properties file null:
[2021-12-17 10:55:32,094] {spark_submit.py:514} INFO - (spark.master,spark://spark:7077)
[2021-12-17 10:55:32,095] {spark_submit.py:514} INFO - 
[2021-12-17 10:55:32,096] {spark_submit.py:514} INFO - 
[2021-12-17 10:55:32,447] {spark_submit.py:514} INFO - Main class:
[2021-12-17 10:55:32,448] {spark_submit.py:514} INFO - org.apache.spark.deploy.PythonRunner
[2021-12-17 10:55:32,449] {spark_submit.py:514} INFO - Arguments:
[2021-12-17 10:55:32,450] {spark_submit.py:514} INFO - file:/opt/***/jobs/persist_db.py
[2021-12-17 10:55:32,451] {spark_submit.py:514} INFO - null
[2021-12-17 10:55:32,452] {spark_submit.py:514} INFO - waterford
[2021-12-17 10:55:32,453] {spark_submit.py:514} INFO - --verbose
[2021-12-17 10:55:32,454] {spark_submit.py:514} INFO - Spark config:
[2021-12-17 10:55:32,455] {spark_submit.py:514} INFO - (spark.master,spark://spark:7077)
[2021-12-17 10:55:32,456] {spark_submit.py:514} INFO - (spark.app.name,persist data)
[2021-12-17 10:55:32,457] {spark_submit.py:514} INFO - (spark.submit.pyFiles,)
[2021-12-17 10:55:32,458] {spark_submit.py:514} INFO - (spark.submit.deployMode,client)
[2021-12-17 10:55:32,459] {spark_submit.py:514} INFO - Classpath elements:
[2021-12-17 10:55:32,460] {spark_submit.py:514} INFO - 
[2021-12-17 10:55:32,462] {spark_submit.py:514} INFO - 
[2021-12-17 10:55:32,463] {spark_submit.py:514} INFO - 
[2021-12-17 10:55:33,806] {spark_submit.py:514} INFO - Using Spark's default log4j profile: org/apache/spark/log4j-defaults.properties
[2021-12-17 10:55:33,823] {spark_submit.py:514} INFO - 21/12/17 10:55:33 INFO SparkContext: Running Spark version 3.2.0
[2021-12-17 10:55:33,939] {spark_submit.py:514} INFO - 21/12/17 10:55:33 WARN NativeCodeLoader: Unable to load native-hadoop library for your platform... using builtin-java classes where applicable
[2021-12-17 10:55:34,174] {spark_submit.py:514} INFO - 21/12/17 10:55:34 INFO ResourceUtils: ==============================================================
[2021-12-17 10:55:34,176] {spark_submit.py:514} INFO - 21/12/17 10:55:34 INFO ResourceUtils: No custom resources configured for spark.driver.
[2021-12-17 10:55:34,177] {spark_submit.py:514} INFO - 21/12/17 10:55:34 INFO ResourceUtils: ==============================================================
[2021-12-17 10:55:34,178] {spark_submit.py:514} INFO - 21/12/17 10:55:34 INFO SparkContext: Submitted application: Persist DB
[2021-12-17 10:55:34,217] {spark_submit.py:514} INFO - 21/12/17 10:55:34 INFO ResourceProfile: Default ResourceProfile created, executor resources: Map(cores -> name: cores, amount: 1, script: , vendor: , memory -> name: memory, amount: 1024, script: , vendor: , offHeap -> name: offHeap, amount: 0, script: , vendor: ), task resources: Map(cpus -> name: cpus, amount: 1.0)
[2021-12-17 10:55:34,234] {spark_submit.py:514} INFO - 21/12/17 10:55:34 INFO ResourceProfile: Limiting resource is cpu
[2021-12-17 10:55:34,235] {spark_submit.py:514} INFO - 21/12/17 10:55:34 INFO ResourceProfileManager: Added ResourceProfile id: 0
[2021-12-17 10:55:34,331] {spark_submit.py:514} INFO - 21/12/17 10:55:34 INFO SecurityManager: Changing view acls to: ***
[2021-12-17 10:55:34,332] {spark_submit.py:514} INFO - 21/12/17 10:55:34 INFO SecurityManager: Changing modify acls to: ***
[2021-12-17 10:55:34,333] {spark_submit.py:514} INFO - 21/12/17 10:55:34 INFO SecurityManager: Changing view acls groups to:
[2021-12-17 10:55:34,335] {spark_submit.py:514} INFO - 21/12/17 10:55:34 INFO SecurityManager: Changing modify acls groups to:
[2021-12-17 10:55:34,336] {spark_submit.py:514} INFO - 21/12/17 10:55:34 INFO SecurityManager: SecurityManager: authentication disabled; ui acls disabled; users  with view permissions: Set(***); groups with view permissions: Set(); users  with modify permissions: Set(***); groups with modify permissions: Set()
[2021-12-17 10:55:34,789] {spark_submit.py:514} INFO - 21/12/17 10:55:34 INFO Utils: Successfully started service 'sparkDriver' on port 43979.
[2021-12-17 10:55:34,847] {spark_submit.py:514} INFO - 21/12/17 10:55:34 INFO SparkEnv: Registering MapOutputTracker
[2021-12-17 10:55:34,913] {spark_submit.py:514} INFO - 21/12/17 10:55:34 INFO SparkEnv: Registering BlockManagerMaster
[2021-12-17 10:55:34,953] {spark_submit.py:514} INFO - 21/12/17 10:55:34 INFO BlockManagerMasterEndpoint: Using org.apache.spark.storage.DefaultTopologyMapper for getting topology information
[2021-12-17 10:55:34,955] {spark_submit.py:514} INFO - 21/12/17 10:55:34 INFO BlockManagerMasterEndpoint: BlockManagerMasterEndpoint up
[2021-12-17 10:55:34,967] {spark_submit.py:514} INFO - 21/12/17 10:55:34 INFO SparkEnv: Registering BlockManagerMasterHeartbeat
[2021-12-17 10:55:35,015] {spark_submit.py:514} INFO - 21/12/17 10:55:35 INFO DiskBlockManager: Created local directory at /tmp/blockmgr-421c2917-9f55-4432-b6d5-6027b0198dd1
[2021-12-17 10:55:35,055] {spark_submit.py:514} INFO - 21/12/17 10:55:35 INFO MemoryStore: MemoryStore started with capacity 434.4 MiB
[2021-12-17 10:55:35,093] {spark_submit.py:514} INFO - 21/12/17 10:55:35 INFO SparkEnv: Registering OutputCommitCoordinator
[2021-12-17 10:55:35,776] {spark_submit.py:514} INFO - 21/12/17 10:55:35 INFO Utils: Successfully started service 'SparkUI' on port 4040.
[2021-12-17 10:55:36,022] {spark_submit.py:514} INFO - 21/12/17 10:55:36 INFO SparkUI: Bound SparkUI to 0.0.0.0, and started at http://ce860fbe488d:4040
[2021-12-17 10:55:36,534] {spark_submit.py:514} INFO - 21/12/17 10:55:36 INFO StandaloneAppClient$ClientEndpoint: Connecting to master spark://spark:7077...
[2021-12-17 10:55:36,650] {spark_submit.py:514} INFO - 21/12/17 10:55:36 INFO TransportClientFactory: Successfully created connection to spark/172.18.0.4:7077 after 50 ms (0 ms spent in bootstraps)
[2021-12-17 10:55:36,787] {spark_submit.py:514} INFO - 21/12/17 10:55:36 INFO StandaloneSchedulerBackend: Connected to Spark cluster with app ID app-20211217105536-0067
[2021-12-17 10:55:36,794] {spark_submit.py:514} INFO - 21/12/17 10:55:36 INFO StandaloneAppClient$ClientEndpoint: Executor added: app-20211217105536-0067/0 on worker-20211217090523-172.18.0.5-46289 (172.18.0.5:46289) with 6 core(s)
[2021-12-17 10:55:36,807] {spark_submit.py:514} INFO - 21/12/17 10:55:36 INFO StandaloneSchedulerBackend: Granted executor ID app-20211217105536-0067/0 on hostPort 172.18.0.5:46289 with 6 core(s), 1024.0 MiB RAM
[2021-12-17 10:55:36,809] {spark_submit.py:514} INFO - 21/12/17 10:55:36 INFO StandaloneAppClient$ClientEndpoint: Executor added: app-20211217105536-0067/1 on worker-20211217090523-172.18.0.6-35853 (172.18.0.6:35853) with 6 core(s)
[2021-12-17 10:55:36,814] {spark_submit.py:514} INFO - 21/12/17 10:55:36 INFO Utils: Successfully started service 'org.apache.spark.network.netty.NettyBlockTransferService' on port 33623.
[2021-12-17 10:55:36,815] {spark_submit.py:514} INFO - 21/12/17 10:55:36 INFO NettyBlockTransferService: Server created on ce860fbe488d:33623
[2021-12-17 10:55:36,820] {spark_submit.py:514} INFO - 21/12/17 10:55:36 INFO StandaloneSchedulerBackend: Granted executor ID app-20211217105536-0067/1 on hostPort 172.18.0.6:35853 with 6 core(s), 1024.0 MiB RAM
[2021-12-17 10:55:36,821] {spark_submit.py:514} INFO - 21/12/17 10:55:36 INFO BlockManager: Using org.apache.spark.storage.RandomBlockReplicationPolicy for block replication policy
[2021-12-17 10:55:36,837] {spark_submit.py:514} INFO - 21/12/17 10:55:36 INFO BlockManagerMaster: Registering BlockManager BlockManagerId(driver, ce860fbe488d, 33623, None)
[2021-12-17 10:55:36,840] {spark_submit.py:514} INFO - 21/12/17 10:55:36 INFO StandaloneAppClient$ClientEndpoint: Executor updated: app-20211217105536-0067/1 is now RUNNING
[2021-12-17 10:55:36,847] {spark_submit.py:514} INFO - 21/12/17 10:55:36 INFO BlockManagerMasterEndpoint: Registering block manager ce860fbe488d:33623 with 434.4 MiB RAM, BlockManagerId(driver, ce860fbe488d, 33623, None)
[2021-12-17 10:55:36,849] {spark_submit.py:514} INFO - 21/12/17 10:55:36 INFO StandaloneAppClient$ClientEndpoint: Executor updated: app-20211217105536-0067/0 is now RUNNING
[2021-12-17 10:55:36,853] {spark_submit.py:514} INFO - 21/12/17 10:55:36 INFO BlockManagerMaster: Registered BlockManager BlockManagerId(driver, ce860fbe488d, 33623, None)
[2021-12-17 10:55:36,857] {spark_submit.py:514} INFO - 21/12/17 10:55:36 INFO BlockManager: Initialized BlockManager: BlockManagerId(driver, ce860fbe488d, 33623, None)
[2021-12-17 10:55:37,324] {spark_submit.py:514} INFO - 21/12/17 10:55:37 INFO StandaloneSchedulerBackend: SchedulerBackend is ready for scheduling beginning after reached minRegisteredResourcesRatio: 0.0
[2021-12-17 10:55:37,445] {spark_submit.py:514} INFO - /home/***/.local/lib/python3.6/site-packages/pyspark/python/lib/pyspark.zip/pyspark/context.py:238: FutureWarning: Python 3.6 support is deprecated in Spark 3.2.
[2021-12-17 10:55:37,447] {spark_submit.py:514} INFO - FutureWarning
[2021-12-17 10:55:38,131] {spark_submit.py:514} INFO - 21/12/17 10:55:38 INFO SharedState: Setting hive.metastore.warehouse.dir ('null') to the value of spark.sql.warehouse.dir.
[2021-12-17 10:55:38,171] {spark_submit.py:514} INFO - 21/12/17 10:55:38 INFO SharedState: Warehouse path is 'file:/opt/***/spark-warehouse'.
[2021-12-17 10:55:39,946] {spark_submit.py:514} INFO - 21/12/17 10:55:39 INFO SparkContext: Invoking stop() from shutdown hook
[2021-12-17 10:55:39,969] {spark_submit.py:514} INFO - 21/12/17 10:55:39 INFO SparkUI: Stopped Spark web UI at http://ce860fbe488d:4040
[2021-12-17 10:55:39,993] {spark_submit.py:514} INFO - 21/12/17 10:55:39 INFO StandaloneSchedulerBackend: Shutting down all executors
[2021-12-17 10:55:40,003] {spark_submit.py:514} INFO - 21/12/17 10:55:40 INFO CoarseGrainedSchedulerBackend$DriverEndpoint: Asking each executor to shut down
[2021-12-17 10:55:40,040] {spark_submit.py:514} INFO - 21/12/17 10:55:40 INFO MapOutputTrackerMasterEndpoint: MapOutputTrackerMasterEndpoint stopped!
[2021-12-17 10:55:40,075] {spark_submit.py:514} INFO - 21/12/17 10:55:40 INFO MemoryStore: MemoryStore cleared
[2021-12-17 10:55:40,078] {spark_submit.py:514} INFO - 21/12/17 10:55:40 INFO BlockManager: BlockManager stopped
[2021-12-17 10:55:40,092] {spark_submit.py:514} INFO - 21/12/17 10:55:40 INFO BlockManagerMaster: BlockManagerMaster stopped
[2021-12-17 10:55:40,096] {spark_submit.py:514} INFO - 21/12/17 10:55:40 INFO OutputCommitCoordinator$OutputCommitCoordinatorEndpoint: OutputCommitCoordinator stopped!
[2021-12-17 10:55:40,112] {spark_submit.py:514} INFO - 21/12/17 10:55:40 INFO SparkContext: Successfully stopped SparkContext
[2021-12-17 10:55:40,113] {spark_submit.py:514} INFO - 21/12/17 10:55:40 INFO ShutdownHookManager: Shutdown hook called
[2021-12-17 10:55:40,115] {spark_submit.py:514} INFO - 21/12/17 10:55:40 INFO ShutdownHookManager: Deleting directory /tmp/spark-c31712dc-75d9-49f5-9016-fa522f5e11bf
[2021-12-17 10:55:40,120] {spark_submit.py:514} INFO - 21/12/17 10:55:40 INFO ShutdownHookManager: Deleting directory /tmp/spark-000effd6-f1fe-49f8-9ae8-ff19c60eab69
[2021-12-17 10:55:40,124] {spark_submit.py:514} INFO - 21/12/17 10:55:40 INFO ShutdownHookManager: Deleting directory /tmp/spark-c31712dc-75d9-49f5-9016-fa522f5e11bf/pyspark-a1da93d1-5004-44cd-86fc-9361d61f9637
[2021-12-17 10:55:40,247] {taskinstance.py:1280} INFO - Marking task as SUCCESS. dag_id=scraping_daft_waterford, task_id=persist_data, execution_date=20211216T105500, start_date=20211217T105528, end_date=20211217T105540
[2021-12-17 10:55:40,307] {local_task_job.py:154} INFO - Task exited with return code 0
[2021-12-17 10:55:40,393] {local_task_job.py:264} INFO - 1 downstream tasks scheduled from follow-on schedule check
