[2021-12-19 12:38:17,819] {taskinstance.py:1035} INFO - Dependencies all met for <TaskInstance: scraping_daft_laois.persist_data scheduled__2021-12-18T09:55:00+00:00 [queued]>
[2021-12-19 12:38:18,046] {taskinstance.py:1035} INFO - Dependencies all met for <TaskInstance: scraping_daft_laois.persist_data scheduled__2021-12-18T09:55:00+00:00 [queued]>
[2021-12-19 12:38:18,079] {taskinstance.py:1241} INFO - 
--------------------------------------------------------------------------------
[2021-12-19 12:38:18,096] {taskinstance.py:1242} INFO - Starting attempt 1 of 4
[2021-12-19 12:38:18,100] {taskinstance.py:1243} INFO - 
--------------------------------------------------------------------------------
[2021-12-19 12:38:18,349] {taskinstance.py:1262} INFO - Executing <Task(SparkSubmitOperator): persist_data> on 2021-12-18 09:55:00+00:00
[2021-12-19 12:38:18,426] {standard_task_runner.py:76} INFO - Running: ['***', 'tasks', 'run', 'scraping_daft_laois', 'persist_data', 'scheduled__2021-12-18T09:55:00+00:00', '--job-id', '3207', '--raw', '--subdir', 'DAGS_FOLDER/scraping_daft_laois.py', '--cfg-path', '/tmp/tmp67z7hp8h', '--error-file', '/tmp/tmpczby3t5i']
[2021-12-19 12:38:18,435] {standard_task_runner.py:77} INFO - Job 3207: Subtask persist_data
[2021-12-19 12:38:18,410] {standard_task_runner.py:52} INFO - Started process 3977 to run task
[2021-12-19 12:38:18,839] {logging_mixin.py:109} INFO - Running <TaskInstance: scraping_daft_laois.persist_data scheduled__2021-12-18T09:55:00+00:00 [running]> on host 358a7891c658
[2021-12-19 12:38:20,895] {taskinstance.py:1429} INFO - Exporting the following env vars:
AIRFLOW_CTX_DAG_EMAIL=clement.liscoet@gmail.com
AIRFLOW_CTX_DAG_OWNER=clemoni
AIRFLOW_CTX_DAG_ID=scraping_daft_laois
AIRFLOW_CTX_TASK_ID=persist_data
AIRFLOW_CTX_EXECUTION_DATE=2021-12-18T09:55:00+00:00
AIRFLOW_CTX_DAG_RUN_ID=scheduled__2021-12-18T09:55:00+00:00
[2021-12-19 12:38:21,020] {base.py:79} INFO - Using connection to: id: spark_default. Host: spark://spark:7077, Port: None, Schema: , Login: ***, Password: ***, extra: {}
[2021-12-19 12:38:21,032] {spark_submit.py:360} INFO - Spark-Submit cmd: spark-submit --master spark://spark:7077 --conf spark.master=spark://spark:7077 --name persist data --verbose /opt/***/jobs/persist_db.py laois
[2021-12-19 12:38:57,040] {spark_submit.py:514} INFO - Using properties file: null
[2021-12-19 12:38:58,591] {spark_submit.py:514} INFO - WARNING: An illegal reflective access operation has occurred
[2021-12-19 12:38:58,593] {spark_submit.py:514} INFO - WARNING: Illegal reflective access by org.apache.spark.unsafe.Platform (file:/home/***/.local/lib/python3.6/site-packages/pyspark/jars/spark-unsafe_2.12-3.2.0.jar) to constructor java.nio.DirectByteBuffer(long,int)
[2021-12-19 12:38:58,596] {spark_submit.py:514} INFO - WARNING: Please consider reporting this to the maintainers of org.apache.spark.unsafe.Platform
[2021-12-19 12:38:58,597] {spark_submit.py:514} INFO - WARNING: Use --illegal-access=warn to enable warnings of further illegal reflective access operations
[2021-12-19 12:38:58,600] {spark_submit.py:514} INFO - WARNING: All illegal access operations will be denied in a future release
[2021-12-19 12:38:59,736] {spark_submit.py:514} INFO - Parsed arguments:
[2021-12-19 12:38:59,738] {spark_submit.py:514} INFO - master                  spark://spark:7077
[2021-12-19 12:38:59,740] {spark_submit.py:514} INFO - deployMode              null
[2021-12-19 12:38:59,743] {spark_submit.py:514} INFO - executorMemory          null
[2021-12-19 12:38:59,746] {spark_submit.py:514} INFO - executorCores           null
[2021-12-19 12:38:59,748] {spark_submit.py:514} INFO - totalExecutorCores      null
[2021-12-19 12:38:59,749] {spark_submit.py:514} INFO - propertiesFile          null
[2021-12-19 12:38:59,752] {spark_submit.py:514} INFO - driverMemory            null
[2021-12-19 12:38:59,753] {spark_submit.py:514} INFO - driverCores             null
[2021-12-19 12:38:59,755] {spark_submit.py:514} INFO - driverExtraClassPath    null
[2021-12-19 12:38:59,757] {spark_submit.py:514} INFO - driverExtraLibraryPath  null
[2021-12-19 12:38:59,760] {spark_submit.py:514} INFO - driverExtraJavaOptions  null
[2021-12-19 12:38:59,769] {spark_submit.py:514} INFO - supervise               false
[2021-12-19 12:38:59,771] {spark_submit.py:514} INFO - queue                   null
[2021-12-19 12:38:59,774] {spark_submit.py:514} INFO - numExecutors            null
[2021-12-19 12:38:59,776] {spark_submit.py:514} INFO - files                   null
[2021-12-19 12:38:59,777] {spark_submit.py:514} INFO - pyFiles                 null
[2021-12-19 12:38:59,779] {spark_submit.py:514} INFO - archives                null
[2021-12-19 12:38:59,781] {spark_submit.py:514} INFO - mainClass               null
[2021-12-19 12:38:59,782] {spark_submit.py:514} INFO - primaryResource         file:/opt/***/jobs/persist_db.py
[2021-12-19 12:38:59,784] {spark_submit.py:514} INFO - name                    persist data
[2021-12-19 12:38:59,788] {spark_submit.py:514} INFO - childArgs               [laois]
[2021-12-19 12:38:59,790] {spark_submit.py:514} INFO - jars                    null
[2021-12-19 12:38:59,792] {spark_submit.py:514} INFO - packages                null
[2021-12-19 12:38:59,794] {spark_submit.py:514} INFO - packagesExclusions      null
[2021-12-19 12:38:59,797] {spark_submit.py:514} INFO - repositories            null
[2021-12-19 12:38:59,798] {spark_submit.py:514} INFO - verbose                 true
[2021-12-19 12:38:59,801] {spark_submit.py:514} INFO - 
[2021-12-19 12:38:59,803] {spark_submit.py:514} INFO - Spark properties used, including those specified through
[2021-12-19 12:38:59,805] {spark_submit.py:514} INFO - --conf and those from the properties file null:
[2021-12-19 12:38:59,830] {spark_submit.py:514} INFO - (spark.master,spark://spark:7077)
[2021-12-19 12:38:59,831] {spark_submit.py:514} INFO - 
[2021-12-19 12:38:59,835] {spark_submit.py:514} INFO - 
[2021-12-19 12:39:09,967] {spark_submit.py:514} INFO - Main class:
[2021-12-19 12:39:09,972] {spark_submit.py:514} INFO - org.apache.spark.deploy.PythonRunner
[2021-12-19 12:39:09,988] {spark_submit.py:514} INFO - Arguments:
[2021-12-19 12:39:09,997] {spark_submit.py:514} INFO - file:/opt/***/jobs/persist_db.py
[2021-12-19 12:39:09,999] {spark_submit.py:514} INFO - null
[2021-12-19 12:39:10,003] {spark_submit.py:514} INFO - laois
[2021-12-19 12:39:10,011] {spark_submit.py:514} INFO - --verbose
[2021-12-19 12:39:10,053] {spark_submit.py:514} INFO - Spark config:
[2021-12-19 12:39:10,063] {spark_submit.py:514} INFO - (spark.master,spark://spark:7077)
[2021-12-19 12:39:10,069] {spark_submit.py:514} INFO - (spark.app.name,persist data)
[2021-12-19 12:39:10,122] {spark_submit.py:514} INFO - (spark.submit.pyFiles,)
[2021-12-19 12:39:10,127] {spark_submit.py:514} INFO - (spark.submit.deployMode,client)
[2021-12-19 12:39:10,130] {spark_submit.py:514} INFO - Classpath elements:
[2021-12-19 12:39:10,132] {spark_submit.py:514} INFO - 
[2021-12-19 12:39:10,134] {spark_submit.py:514} INFO - 
[2021-12-19 12:39:10,137] {spark_submit.py:514} INFO - 
[2021-12-19 12:39:29,753] {spark_submit.py:514} INFO - Using Spark's default log4j profile: org/apache/spark/log4j-defaults.properties
[2021-12-19 12:39:29,814] {spark_submit.py:514} INFO - 21/12/19 12:39:29 INFO SparkContext: Running Spark version 3.2.0
[2021-12-19 12:39:30,238] {spark_submit.py:514} INFO - 21/12/19 12:39:30 WARN NativeCodeLoader: Unable to load native-hadoop library for your platform... using builtin-java classes where applicable
[2021-12-19 12:39:32,982] {spark_submit.py:514} INFO - 21/12/19 12:39:32 INFO ResourceUtils: ==============================================================
[2021-12-19 12:39:32,998] {spark_submit.py:514} INFO - 21/12/19 12:39:32 INFO ResourceUtils: No custom resources configured for spark.driver.
[2021-12-19 12:39:33,000] {spark_submit.py:514} INFO - 21/12/19 12:39:32 INFO ResourceUtils: ==============================================================
[2021-12-19 12:39:33,005] {spark_submit.py:514} INFO - 21/12/19 12:39:32 INFO SparkContext: Submitted application: Persist DB
[2021-12-19 12:39:33,254] {spark_submit.py:514} INFO - 21/12/19 12:39:33 INFO ResourceProfile: Default ResourceProfile created, executor resources: Map(cores -> name: cores, amount: 1, script: , vendor: , memory -> name: memory, amount: 1024, script: , vendor: , offHeap -> name: offHeap, amount: 0, script: , vendor: ), task resources: Map(cpus -> name: cpus, amount: 1.0)
[2021-12-19 12:39:33,603] {spark_submit.py:514} INFO - 21/12/19 12:39:33 INFO ResourceProfile: Limiting resource is cpu
[2021-12-19 12:39:33,627] {spark_submit.py:514} INFO - 21/12/19 12:39:33 INFO ResourceProfileManager: Added ResourceProfile id: 0
[2021-12-19 12:39:35,032] {spark_submit.py:514} INFO - 21/12/19 12:39:35 INFO SecurityManager: Changing view acls to: ***
[2021-12-19 12:39:35,058] {spark_submit.py:514} INFO - 21/12/19 12:39:35 INFO SecurityManager: Changing modify acls to: ***
[2021-12-19 12:39:35,073] {spark_submit.py:514} INFO - 21/12/19 12:39:35 INFO SecurityManager: Changing view acls groups to:
[2021-12-19 12:39:35,099] {spark_submit.py:514} INFO - 21/12/19 12:39:35 INFO SecurityManager: Changing modify acls groups to:
[2021-12-19 12:39:35,124] {spark_submit.py:514} INFO - 21/12/19 12:39:35 INFO SecurityManager: SecurityManager: authentication disabled; ui acls disabled; users  with view permissions: Set(***); groups with view permissions: Set(); users  with modify permissions: Set(***); groups with modify permissions: Set()
[2021-12-19 12:39:43,219] {spark_submit.py:514} INFO - 21/12/19 12:39:43 INFO Utils: Successfully started service 'sparkDriver' on port 38983.
[2021-12-19 12:39:43,541] {spark_submit.py:514} INFO - 21/12/19 12:39:43 INFO SparkEnv: Registering MapOutputTracker
[2021-12-19 12:39:44,336] {spark_submit.py:514} INFO - 21/12/19 12:39:44 INFO SparkEnv: Registering BlockManagerMaster
[2021-12-19 12:39:45,468] {spark_submit.py:514} INFO - 21/12/19 12:39:45 INFO BlockManagerMasterEndpoint: Using org.apache.spark.storage.DefaultTopologyMapper for getting topology information
[2021-12-19 12:39:45,523] {spark_submit.py:514} INFO - 21/12/19 12:39:45 INFO BlockManagerMasterEndpoint: BlockManagerMasterEndpoint up
[2021-12-19 12:39:45,829] {spark_submit.py:514} INFO - 21/12/19 12:39:45 INFO SparkEnv: Registering BlockManagerMasterHeartbeat
[2021-12-19 12:39:47,242] {spark_submit.py:514} INFO - 21/12/19 12:39:47 INFO DiskBlockManager: Created local directory at /tmp/blockmgr-4c8518c8-b43d-436f-9ae9-f1853151af80
[2021-12-19 12:39:47,450] {spark_submit.py:514} INFO - 21/12/19 12:39:47 INFO MemoryStore: MemoryStore started with capacity 434.4 MiB
[2021-12-19 12:39:47,605] {spark_submit.py:514} INFO - 21/12/19 12:39:47 INFO SparkEnv: Registering OutputCommitCoordinator
[2021-12-19 12:39:50,839] {spark_submit.py:514} INFO - 21/12/19 12:39:50 WARN Utils: Service 'SparkUI' could not bind on port 4040. Attempting port 4041.
[2021-12-19 12:39:50,852] {spark_submit.py:514} INFO - 21/12/19 12:39:50 WARN Utils: Service 'SparkUI' could not bind on port 4041. Attempting port 4042.
[2021-12-19 12:39:50,854] {spark_submit.py:514} INFO - 21/12/19 12:39:50 WARN Utils: Service 'SparkUI' could not bind on port 4042. Attempting port 4043.
[2021-12-19 12:39:50,858] {spark_submit.py:514} INFO - 21/12/19 12:39:50 WARN Utils: Service 'SparkUI' could not bind on port 4043. Attempting port 4044.
[2021-12-19 12:39:50,861] {spark_submit.py:514} INFO - 21/12/19 12:39:50 WARN Utils: Service 'SparkUI' could not bind on port 4044. Attempting port 4045.
[2021-12-19 12:39:50,866] {spark_submit.py:514} INFO - 21/12/19 12:39:50 WARN Utils: Service 'SparkUI' could not bind on port 4045. Attempting port 4046.
[2021-12-19 12:39:50,872] {spark_submit.py:514} INFO - 21/12/19 12:39:50 WARN Utils: Service 'SparkUI' could not bind on port 4046. Attempting port 4047.
[2021-12-19 12:39:51,164] {spark_submit.py:514} INFO - 21/12/19 12:39:51 INFO Utils: Successfully started service 'SparkUI' on port 4047.
[2021-12-19 12:39:53,520] {spark_submit.py:514} INFO - 21/12/19 12:39:53 INFO SparkUI: Bound SparkUI to 0.0.0.0, and started at http://358a7891c658:4047
[2021-12-19 12:40:03,331] {spark_submit.py:514} INFO - 21/12/19 12:40:03 INFO StandaloneAppClient$ClientEndpoint: Connecting to master spark://spark:7077...
[2021-12-19 12:40:04,226] {spark_submit.py:514} INFO - 21/12/19 12:40:04 INFO TransportClientFactory: Successfully created connection to spark/172.20.0.4:7077 after 365 ms (0 ms spent in bootstraps)
[2021-12-19 12:40:22,848] {spark_submit.py:514} INFO - 21/12/19 12:40:22 INFO StandaloneSchedulerBackend: Connected to Spark cluster with app ID app-20211219124019-0028
[2021-12-19 12:40:23,808] {spark_submit.py:514} INFO - 21/12/19 12:40:23 INFO Utils: Successfully started service 'org.apache.spark.network.netty.NettyBlockTransferService' on port 43563.
[2021-12-19 12:40:23,828] {spark_submit.py:514} INFO - 21/12/19 12:40:23 INFO NettyBlockTransferService: Server created on 358a7891c658:43563
[2021-12-19 12:40:24,575] {spark_submit.py:514} INFO - 21/12/19 12:40:24 INFO BlockManager: Using org.apache.spark.storage.RandomBlockReplicationPolicy for block replication policy
[2021-12-19 12:40:27,665] {spark_submit.py:514} INFO - 21/12/19 12:40:27 INFO BlockManagerMaster: Registering BlockManager BlockManagerId(driver, 358a7891c658, 43563, None)
[2021-12-19 12:40:28,032] {spark_submit.py:514} INFO - 21/12/19 12:40:27 INFO BlockManagerMasterEndpoint: Registering block manager 358a7891c658:43563 with 434.4 MiB RAM, BlockManagerId(driver, 358a7891c658, 43563, None)
[2021-12-19 12:40:28,532] {spark_submit.py:514} INFO - 21/12/19 12:40:28 INFO BlockManagerMaster: Registered BlockManager BlockManagerId(driver, 358a7891c658, 43563, None)
[2021-12-19 12:40:28,562] {spark_submit.py:514} INFO - 21/12/19 12:40:28 INFO BlockManager: Initialized BlockManager: BlockManagerId(driver, 358a7891c658, 43563, None)
[2021-12-19 12:40:38,433] {spark_submit.py:514} INFO - 21/12/19 12:40:38 INFO StandaloneSchedulerBackend: SchedulerBackend is ready for scheduling beginning after reached minRegisteredResourcesRatio: 0.0
[2021-12-19 12:40:39,128] {spark_submit.py:514} INFO - /home/***/.local/lib/python3.6/site-packages/pyspark/python/lib/pyspark.zip/pyspark/context.py:238: FutureWarning: Python 3.6 support is deprecated in Spark 3.2.
[2021-12-19 12:40:39,135] {spark_submit.py:514} INFO - FutureWarning
[2021-12-19 12:40:53,999] {spark_submit.py:514} INFO - 21/12/19 12:40:53 INFO SharedState: Setting hive.metastore.warehouse.dir ('null') to the value of spark.sql.warehouse.dir.
[2021-12-19 12:40:56,177] {spark_submit.py:514} INFO - 21/12/19 12:40:56 INFO SharedState: Warehouse path is 'file:/opt/***/spark-warehouse'.
[2021-12-19 12:41:46,012] {spark_submit.py:514} INFO - 21/12/19 12:41:45 INFO SparkContext: Invoking stop() from shutdown hook
[2021-12-19 12:41:46,661] {spark_submit.py:514} INFO - 21/12/19 12:41:46 INFO SparkUI: Stopped Spark web UI at http://358a7891c658:4047
[2021-12-19 12:41:46,734] {spark_submit.py:514} INFO - 21/12/19 12:41:46 INFO StandaloneSchedulerBackend: Shutting down all executors
[2021-12-19 12:41:46,927] {spark_submit.py:514} INFO - 21/12/19 12:41:46 INFO CoarseGrainedSchedulerBackend$DriverEndpoint: Asking each executor to shut down
[2021-12-19 12:41:47,264] {spark_submit.py:514} INFO - 21/12/19 12:41:47 INFO MapOutputTrackerMasterEndpoint: MapOutputTrackerMasterEndpoint stopped!
[2021-12-19 12:41:47,514] {spark_submit.py:514} INFO - 21/12/19 12:41:47 INFO MemoryStore: MemoryStore cleared
[2021-12-19 12:41:47,541] {spark_submit.py:514} INFO - 21/12/19 12:41:47 INFO BlockManager: BlockManager stopped
[2021-12-19 12:41:47,788] {spark_submit.py:514} INFO - 21/12/19 12:41:47 INFO BlockManagerMaster: BlockManagerMaster stopped
[2021-12-19 12:41:47,799] {spark_submit.py:514} INFO - 21/12/19 12:41:47 INFO OutputCommitCoordinator$OutputCommitCoordinatorEndpoint: OutputCommitCoordinator stopped!
[2021-12-19 12:41:47,989] {spark_submit.py:514} INFO - 21/12/19 12:41:47 INFO SparkContext: Successfully stopped SparkContext
[2021-12-19 12:41:47,994] {spark_submit.py:514} INFO - 21/12/19 12:41:47 INFO ShutdownHookManager: Shutdown hook called
[2021-12-19 12:41:48,001] {spark_submit.py:514} INFO - 21/12/19 12:41:48 INFO ShutdownHookManager: Deleting directory /tmp/spark-ffd29e52-3d26-413e-a564-64f3af9b20f5
[2021-12-19 12:41:48,060] {spark_submit.py:514} INFO - 21/12/19 12:41:48 INFO ShutdownHookManager: Deleting directory /tmp/spark-ffd29e52-3d26-413e-a564-64f3af9b20f5/pyspark-012d67c1-1f5b-43e7-870f-ad4328ca376d
[2021-12-19 12:41:48,084] {spark_submit.py:514} INFO - 21/12/19 12:41:48 INFO ShutdownHookManager: Deleting directory /tmp/spark-48e5138a-3b94-4b54-a267-1dc9df8d3ceb
[2021-12-19 12:41:51,841] {taskinstance.py:1280} INFO - Marking task as SUCCESS. dag_id=scraping_daft_laois, task_id=persist_data, execution_date=20211218T095500, start_date=20211219T123817, end_date=20211219T124151
[2021-12-19 12:41:52,311] {local_task_job.py:154} INFO - Task exited with return code 0
[2021-12-19 12:41:52,968] {local_task_job.py:264} INFO - 1 downstream tasks scheduled from follow-on schedule check
