[2022-01-01 12:51:11,584] {taskinstance.py:1035} INFO - Dependencies all met for <TaskInstance: scraping_daft_meath.waiting_for_file scheduled__2021-12-31T10:25:00+00:00 [queued]>
[2022-01-01 12:51:12,022] {taskinstance.py:1035} INFO - Dependencies all met for <TaskInstance: scraping_daft_meath.waiting_for_file scheduled__2021-12-31T10:25:00+00:00 [queued]>
[2022-01-01 12:51:12,026] {taskinstance.py:1241} INFO - 
--------------------------------------------------------------------------------
[2022-01-01 12:51:12,029] {taskinstance.py:1242} INFO - Starting attempt 1 of 4
[2022-01-01 12:51:12,035] {taskinstance.py:1243} INFO - 
--------------------------------------------------------------------------------
[2022-01-01 12:51:12,201] {taskinstance.py:1262} INFO - Executing <Task(FileSensor): waiting_for_file> on 2021-12-31 10:25:00+00:00
[2022-01-01 12:51:12,268] {standard_task_runner.py:76} INFO - Running: ['***', 'tasks', 'run', 'scraping_daft_meath', 'waiting_for_file', 'scheduled__2021-12-31T10:25:00+00:00', '--job-id', '6014', '--raw', '--subdir', 'DAGS_FOLDER/scraping_daft_meath.py', '--cfg-path', '/tmp/tmpbz01j3_u', '--error-file', '/tmp/tmpp313cnye']
[2022-01-01 12:51:12,240] {standard_task_runner.py:52} INFO - Started process 10266 to run task
[2022-01-01 12:51:12,274] {standard_task_runner.py:77} INFO - Job 6014: Subtask waiting_for_file
[2022-01-01 12:51:12,593] {logging_mixin.py:109} INFO - Running <TaskInstance: scraping_daft_meath.waiting_for_file scheduled__2021-12-31T10:25:00+00:00 [running]> on host 33b99c52f92c
[2022-01-01 12:51:13,009] {taskinstance.py:1429} INFO - Exporting the following env vars:
AIRFLOW_CTX_DAG_EMAIL=clement.liscoet@gmail.com
AIRFLOW_CTX_DAG_OWNER=clemoni
AIRFLOW_CTX_DAG_ID=scraping_daft_meath
AIRFLOW_CTX_TASK_ID=waiting_for_file
AIRFLOW_CTX_EXECUTION_DATE=2021-12-31T10:25:00+00:00
AIRFLOW_CTX_DAG_RUN_ID=scheduled__2021-12-31T10:25:00+00:00
[2022-01-01 12:51:13,163] {filesystem.py:59} INFO - Poking for file data/meath_rent.json
[2022-01-01 12:51:13,168] {filesystem.py:65} INFO - Found File data/meath_rent.json last modified: 20220101124957
[2022-01-01 12:51:13,169] {base.py:249} INFO - Success criteria met. Exiting.
[2022-01-01 12:51:13,843] {taskinstance.py:1280} INFO - Marking task as SUCCESS. dag_id=scraping_daft_meath, task_id=waiting_for_file, execution_date=20211231T102500, start_date=20220101T125111, end_date=20220101T125113
[2022-01-01 12:51:13,994] {local_task_job.py:154} INFO - Task exited with return code 0
[2022-01-01 12:51:14,679] {local_task_job.py:264} INFO - 1 downstream tasks scheduled from follow-on schedule check
