[2022-01-03 12:06:04,145] {taskinstance.py:1035} INFO - Dependencies all met for <TaskInstance: scraping_daft_meath.notify_slack scheduled__2022-01-02T10:25:00+00:00 [queued]>
[2022-01-03 12:06:04,227] {taskinstance.py:1035} INFO - Dependencies all met for <TaskInstance: scraping_daft_meath.notify_slack scheduled__2022-01-02T10:25:00+00:00 [queued]>
[2022-01-03 12:06:04,228] {taskinstance.py:1241} INFO - 
--------------------------------------------------------------------------------
[2022-01-03 12:06:04,230] {taskinstance.py:1242} INFO - Starting attempt 1 of 4
[2022-01-03 12:06:04,231] {taskinstance.py:1243} INFO - 
--------------------------------------------------------------------------------
[2022-01-03 12:06:04,430] {taskinstance.py:1262} INFO - Executing <Task(SlackWebhookOperator): notify_slack> on 2022-01-02 10:25:00+00:00
[2022-01-03 12:06:04,442] {standard_task_runner.py:52} INFO - Started process 10399 to run task
[2022-01-03 12:06:04,499] {standard_task_runner.py:76} INFO - Running: ['***', 'tasks', 'run', 'scraping_daft_meath', 'notify_slack', 'scheduled__2022-01-02T10:25:00+00:00', '--job-id', '6403', '--raw', '--subdir', 'DAGS_FOLDER/scraping_daft_meath.py', '--cfg-path', '/tmp/tmpvxputdd1', '--error-file', '/tmp/tmpveyuat5g']
[2022-01-03 12:06:04,503] {standard_task_runner.py:77} INFO - Job 6403: Subtask notify_slack
[2022-01-03 12:06:04,736] {logging_mixin.py:109} INFO - Running <TaskInstance: scraping_daft_meath.notify_slack scheduled__2022-01-02T10:25:00+00:00 [running]> on host bbddfc72aeab
[2022-01-03 12:06:05,525] {taskinstance.py:1429} INFO - Exporting the following env vars:
AIRFLOW_CTX_DAG_EMAIL=clement.liscoet@gmail.com
AIRFLOW_CTX_DAG_OWNER=clemoni
AIRFLOW_CTX_DAG_ID=scraping_daft_meath
AIRFLOW_CTX_TASK_ID=notify_slack
AIRFLOW_CTX_EXECUTION_DATE=2022-01-02T10:25:00+00:00
AIRFLOW_CTX_DAG_RUN_ID=scheduled__2022-01-02T10:25:00+00:00
[2022-01-03 12:06:05,873] {base.py:79} INFO - Using connection to: id: slack_connect. Host: https://hooks.slack.com/services/, Port: None, Schema: , Login: , Password: ***, extra: {}
[2022-01-03 12:06:06,385] {base.py:79} INFO - Using connection to: id: slack_connect. Host: https://hooks.slack.com/services/, Port: None, Schema: , Login: , Password: ***, extra: {}
[2022-01-03 12:06:07,234] {http.py:140} INFO - Sending 'POST' to url: https://hooks.slack.com/services/***
[2022-01-03 12:06:09,053] {taskinstance.py:1280} INFO - Marking task as SUCCESS. dag_id=scraping_daft_meath, task_id=notify_slack, execution_date=20220102T102500, start_date=20220103T120604, end_date=20220103T120609
[2022-01-03 12:06:10,186] {local_task_job.py:154} INFO - Task exited with return code 0
[2022-01-03 12:06:10,918] {local_task_job.py:264} INFO - 0 downstream tasks scheduled from follow-on schedule check
