[2021-12-31 13:21:05,881] {taskinstance.py:1035} INFO - Dependencies all met for <TaskInstance: scraping_daft_longford.run_init_county scheduled__2021-12-30T10:10:00+00:00 [queued]>
[2021-12-31 13:21:06,087] {taskinstance.py:1035} INFO - Dependencies all met for <TaskInstance: scraping_daft_longford.run_init_county scheduled__2021-12-30T10:10:00+00:00 [queued]>
[2021-12-31 13:21:06,104] {taskinstance.py:1241} INFO - 
--------------------------------------------------------------------------------
[2021-12-31 13:21:06,115] {taskinstance.py:1242} INFO - Starting attempt 1 of 4
[2021-12-31 13:21:06,133] {taskinstance.py:1243} INFO - 
--------------------------------------------------------------------------------
[2021-12-31 13:21:06,308] {taskinstance.py:1262} INFO - Executing <Task(_PythonDecoratedOperator): run_init_county> on 2021-12-30 10:10:00+00:00
[2021-12-31 13:21:06,380] {standard_task_runner.py:76} INFO - Running: ['***', 'tasks', 'run', 'scraping_daft_longford', 'run_init_county', 'scheduled__2021-12-30T10:10:00+00:00', '--job-id', '5709', '--raw', '--subdir', 'DAGS_FOLDER/scraping_daft_longford.py', '--cfg-path', '/tmp/tmptonc6ge1', '--error-file', '/tmp/tmpa2jdzv85']
[2021-12-31 13:21:06,396] {standard_task_runner.py:77} INFO - Job 5709: Subtask run_init_county
[2021-12-31 13:21:06,335] {standard_task_runner.py:52} INFO - Started process 135 to run task
[2021-12-31 13:21:07,629] {logging_mixin.py:109} INFO - Running <TaskInstance: scraping_daft_longford.run_init_county scheduled__2021-12-30T10:10:00+00:00 [running]> on host ee68d8f591c8
[2021-12-31 13:21:08,597] {taskinstance.py:1429} INFO - Exporting the following env vars:
AIRFLOW_CTX_DAG_EMAIL=clement.liscoet@gmail.com
AIRFLOW_CTX_DAG_OWNER=clemoni
AIRFLOW_CTX_DAG_ID=scraping_daft_longford
AIRFLOW_CTX_TASK_ID=run_init_county
AIRFLOW_CTX_EXECUTION_DATE=2021-12-30T10:10:00+00:00
AIRFLOW_CTX_DAG_RUN_ID=scheduled__2021-12-30T10:10:00+00:00
[2021-12-31 13:21:08,876] {python.py:152} INFO - Done. Returned value was: None
[2021-12-31 13:21:09,776] {taskinstance.py:1280} INFO - Marking task as SUCCESS. dag_id=scraping_daft_longford, task_id=run_init_county, execution_date=20211230T101000, start_date=20211231T132105, end_date=20211231T132109
[2021-12-31 13:21:09,981] {local_task_job.py:154} INFO - Task exited with return code 0
[2021-12-31 13:21:11,008] {local_task_job.py:264} INFO - 1 downstream tasks scheduled from follow-on schedule check
