[2021-12-24 10:24:23,105] {taskinstance.py:1035} INFO - Dependencies all met for <TaskInstance: scraping_daft_limerick.scrap_data scheduled__2021-12-23T10:05:00+00:00 [queued]>
[2021-12-24 10:24:23,271] {taskinstance.py:1035} INFO - Dependencies all met for <TaskInstance: scraping_daft_limerick.scrap_data scheduled__2021-12-23T10:05:00+00:00 [queued]>
[2021-12-24 10:24:23,291] {taskinstance.py:1241} INFO - 
--------------------------------------------------------------------------------
[2021-12-24 10:24:23,306] {taskinstance.py:1242} INFO - Starting attempt 1 of 4
[2021-12-24 10:24:23,311] {taskinstance.py:1243} INFO - 
--------------------------------------------------------------------------------
[2021-12-24 10:24:23,875] {taskinstance.py:1262} INFO - Executing <Task(SparkSubmitOperator): scrap_data> on 2021-12-23 10:05:00+00:00
[2021-12-24 10:24:23,986] {standard_task_runner.py:76} INFO - Running: ['***', 'tasks', 'run', 'scraping_daft_limerick', 'scrap_data', 'scheduled__2021-12-23T10:05:00+00:00', '--job-id', '4200', '--raw', '--subdir', 'DAGS_FOLDER/scraping_daft_limerick.py', '--cfg-path', '/tmp/tmpq3n1f9rh', '--error-file', '/tmp/tmp2tydzes9']
[2021-12-24 10:24:24,007] {standard_task_runner.py:77} INFO - Job 4200: Subtask scrap_data
[2021-12-24 10:24:23,965] {standard_task_runner.py:52} INFO - Started process 143 to run task
[2021-12-24 10:24:25,280] {logging_mixin.py:109} INFO - Running <TaskInstance: scraping_daft_limerick.scrap_data scheduled__2021-12-23T10:05:00+00:00 [running]> on host dd6c6a1cba03
[2021-12-24 10:24:27,115] {taskinstance.py:1429} INFO - Exporting the following env vars:
AIRFLOW_CTX_DAG_EMAIL=clement.liscoet@gmail.com
AIRFLOW_CTX_DAG_OWNER=clemoni
AIRFLOW_CTX_DAG_ID=scraping_daft_limerick
AIRFLOW_CTX_TASK_ID=scrap_data
AIRFLOW_CTX_EXECUTION_DATE=2021-12-23T10:05:00+00:00
AIRFLOW_CTX_DAG_RUN_ID=scheduled__2021-12-23T10:05:00+00:00
[2021-12-24 10:24:27,218] {base.py:79} INFO - Using connection to: id: spark_default. Host: spark://spark:7077, Port: None, Schema: , Login: ***, Password: ***, extra: {}
[2021-12-24 10:24:27,226] {spark_submit.py:360} INFO - Spark-Submit cmd: spark-submit --master spark://spark:7077 --conf spark.master=spark://spark:7077 --name scrap data --verbose /opt/***/jobs/get_ads_per_county.py limerick
[2021-12-24 10:24:57,515] {spark_submit.py:514} INFO - Using properties file: null
[2021-12-24 10:24:59,120] {spark_submit.py:514} INFO - WARNING: An illegal reflective access operation has occurred
[2021-12-24 10:24:59,121] {spark_submit.py:514} INFO - WARNING: Illegal reflective access by org.apache.spark.unsafe.Platform (file:/home/***/.local/lib/python3.6/site-packages/pyspark/jars/spark-unsafe_2.12-3.2.0.jar) to constructor java.nio.DirectByteBuffer(long,int)
[2021-12-24 10:24:59,122] {spark_submit.py:514} INFO - WARNING: Please consider reporting this to the maintainers of org.apache.spark.unsafe.Platform
[2021-12-24 10:24:59,123] {spark_submit.py:514} INFO - WARNING: Use --illegal-access=warn to enable warnings of further illegal reflective access operations
[2021-12-24 10:24:59,124] {spark_submit.py:514} INFO - WARNING: All illegal access operations will be denied in a future release
[2021-12-24 10:24:59,904] {spark_submit.py:514} INFO - Parsed arguments:
[2021-12-24 10:24:59,906] {spark_submit.py:514} INFO - master                  spark://spark:7077
[2021-12-24 10:24:59,908] {spark_submit.py:514} INFO - deployMode              null
[2021-12-24 10:24:59,909] {spark_submit.py:514} INFO - executorMemory          null
[2021-12-24 10:24:59,910] {spark_submit.py:514} INFO - executorCores           null
[2021-12-24 10:24:59,911] {spark_submit.py:514} INFO - totalExecutorCores      null
[2021-12-24 10:24:59,913] {spark_submit.py:514} INFO - propertiesFile          null
[2021-12-24 10:24:59,914] {spark_submit.py:514} INFO - driverMemory            null
[2021-12-24 10:24:59,915] {spark_submit.py:514} INFO - driverCores             null
[2021-12-24 10:24:59,916] {spark_submit.py:514} INFO - driverExtraClassPath    null
[2021-12-24 10:24:59,918] {spark_submit.py:514} INFO - driverExtraLibraryPath  null
[2021-12-24 10:24:59,920] {spark_submit.py:514} INFO - driverExtraJavaOptions  null
[2021-12-24 10:24:59,921] {spark_submit.py:514} INFO - supervise               false
[2021-12-24 10:24:59,922] {spark_submit.py:514} INFO - queue                   null
[2021-12-24 10:24:59,923] {spark_submit.py:514} INFO - numExecutors            null
[2021-12-24 10:24:59,924] {spark_submit.py:514} INFO - files                   null
[2021-12-24 10:24:59,926] {spark_submit.py:514} INFO - pyFiles                 null
[2021-12-24 10:24:59,927] {spark_submit.py:514} INFO - archives                null
[2021-12-24 10:24:59,928] {spark_submit.py:514} INFO - mainClass               null
[2021-12-24 10:24:59,929] {spark_submit.py:514} INFO - primaryResource         file:/opt/***/jobs/get_ads_per_county.py
[2021-12-24 10:24:59,930] {spark_submit.py:514} INFO - name                    scrap data
[2021-12-24 10:24:59,931] {spark_submit.py:514} INFO - childArgs               [limerick]
[2021-12-24 10:24:59,932] {spark_submit.py:514} INFO - jars                    null
[2021-12-24 10:24:59,933] {spark_submit.py:514} INFO - packages                null
[2021-12-24 10:24:59,935] {spark_submit.py:514} INFO - packagesExclusions      null
[2021-12-24 10:24:59,937] {spark_submit.py:514} INFO - repositories            null
[2021-12-24 10:24:59,938] {spark_submit.py:514} INFO - verbose                 true
[2021-12-24 10:24:59,939] {spark_submit.py:514} INFO - 
[2021-12-24 10:24:59,940] {spark_submit.py:514} INFO - Spark properties used, including those specified through
[2021-12-24 10:24:59,941] {spark_submit.py:514} INFO - --conf and those from the properties file null:
[2021-12-24 10:24:59,942] {spark_submit.py:514} INFO - (spark.master,spark://spark:7077)
[2021-12-24 10:24:59,943] {spark_submit.py:514} INFO - 
[2021-12-24 10:24:59,944] {spark_submit.py:514} INFO - 
[2021-12-24 10:25:03,721] {spark_submit.py:514} INFO - Main class:
[2021-12-24 10:25:03,745] {spark_submit.py:514} INFO - org.apache.spark.deploy.PythonRunner
[2021-12-24 10:25:03,759] {spark_submit.py:514} INFO - Arguments:
[2021-12-24 10:25:03,761] {spark_submit.py:514} INFO - file:/opt/***/jobs/get_ads_per_county.py
[2021-12-24 10:25:03,773] {spark_submit.py:514} INFO - null
[2021-12-24 10:25:03,788] {spark_submit.py:514} INFO - limerick
[2021-12-24 10:25:03,790] {spark_submit.py:514} INFO - --verbose
[2021-12-24 10:25:03,792] {spark_submit.py:514} INFO - Spark config:
[2021-12-24 10:25:03,793] {spark_submit.py:514} INFO - (spark.app.name,scrap data)
[2021-12-24 10:25:03,794] {spark_submit.py:514} INFO - (spark.master,spark://spark:7077)
[2021-12-24 10:25:03,795] {spark_submit.py:514} INFO - (spark.submit.pyFiles,)
[2021-12-24 10:25:03,796] {spark_submit.py:514} INFO - (spark.submit.deployMode,client)
[2021-12-24 10:25:03,797] {spark_submit.py:514} INFO - Classpath elements:
[2021-12-24 10:25:03,797] {spark_submit.py:514} INFO - 
[2021-12-24 10:25:03,798] {spark_submit.py:514} INFO - 
[2021-12-24 10:25:03,799] {spark_submit.py:514} INFO - 
[2021-12-24 10:25:20,772] {spark_submit.py:514} INFO - Using Spark's default log4j profile: org/apache/spark/log4j-defaults.properties
[2021-12-24 10:25:21,158] {spark_submit.py:514} INFO - 21/12/24 10:25:21 INFO SparkContext: Running Spark version 3.2.0
[2021-12-24 10:25:23,839] {spark_submit.py:514} INFO - 21/12/24 10:25:23 WARN NativeCodeLoader: Unable to load native-hadoop library for your platform... using builtin-java classes where applicable
[2021-12-24 10:25:26,179] {spark_submit.py:514} INFO - 21/12/24 10:25:26 INFO ResourceUtils: ==============================================================
[2021-12-24 10:25:26,205] {spark_submit.py:514} INFO - 21/12/24 10:25:26 INFO ResourceUtils: No custom resources configured for spark.driver.
[2021-12-24 10:25:26,241] {spark_submit.py:514} INFO - 21/12/24 10:25:26 INFO ResourceUtils: ==============================================================
[2021-12-24 10:25:26,252] {spark_submit.py:514} INFO - 21/12/24 10:25:26 INFO SparkContext: Submitted application: Get Ads per county
[2021-12-24 10:25:26,564] {spark_submit.py:514} INFO - 21/12/24 10:25:26 INFO ResourceProfile: Default ResourceProfile created, executor resources: Map(cores -> name: cores, amount: 1, script: , vendor: , memory -> name: memory, amount: 1024, script: , vendor: , offHeap -> name: offHeap, amount: 0, script: , vendor: ), task resources: Map(cpus -> name: cpus, amount: 1.0)
[2021-12-24 10:25:26,603] {spark_submit.py:514} INFO - 21/12/24 10:25:26 INFO ResourceProfile: Limiting resource is cpu
[2021-12-24 10:25:26,605] {spark_submit.py:514} INFO - 21/12/24 10:25:26 INFO ResourceProfileManager: Added ResourceProfile id: 0
[2021-12-24 10:25:27,191] {spark_submit.py:514} INFO - 21/12/24 10:25:27 INFO SecurityManager: Changing view acls to: ***
[2021-12-24 10:25:27,193] {spark_submit.py:514} INFO - 21/12/24 10:25:27 INFO SecurityManager: Changing modify acls to: ***
[2021-12-24 10:25:27,200] {spark_submit.py:514} INFO - 21/12/24 10:25:27 INFO SecurityManager: Changing view acls groups to:
[2021-12-24 10:25:27,244] {spark_submit.py:514} INFO - 21/12/24 10:25:27 INFO SecurityManager: Changing modify acls groups to:
[2021-12-24 10:25:27,253] {spark_submit.py:514} INFO - 21/12/24 10:25:27 INFO SecurityManager: SecurityManager: authentication disabled; ui acls disabled; users  with view permissions: Set(***); groups with view permissions: Set(); users  with modify permissions: Set(***); groups with modify permissions: Set()
[2021-12-24 10:25:33,778] {spark_submit.py:514} INFO - 21/12/24 10:25:33 INFO Utils: Successfully started service 'sparkDriver' on port 43709.
[2021-12-24 10:25:34,012] {spark_submit.py:514} INFO - 21/12/24 10:25:34 INFO SparkEnv: Registering MapOutputTracker
[2021-12-24 10:25:34,554] {spark_submit.py:514} INFO - 21/12/24 10:25:34 INFO SparkEnv: Registering BlockManagerMaster
[2021-12-24 10:25:35,079] {spark_submit.py:514} INFO - 21/12/24 10:25:35 INFO BlockManagerMasterEndpoint: Using org.apache.spark.storage.DefaultTopologyMapper for getting topology information
[2021-12-24 10:25:35,099] {spark_submit.py:514} INFO - 21/12/24 10:25:35 INFO BlockManagerMasterEndpoint: BlockManagerMasterEndpoint up
[2021-12-24 10:25:35,223] {spark_submit.py:514} INFO - 21/12/24 10:25:35 INFO SparkEnv: Registering BlockManagerMasterHeartbeat
[2021-12-24 10:25:35,756] {spark_submit.py:514} INFO - 21/12/24 10:25:35 INFO DiskBlockManager: Created local directory at /tmp/blockmgr-70997498-d9f5-41b1-99cd-f0b3585789e2
[2021-12-24 10:25:36,353] {spark_submit.py:514} INFO - 21/12/24 10:25:36 INFO MemoryStore: MemoryStore started with capacity 434.4 MiB
[2021-12-24 10:25:37,333] {spark_submit.py:514} INFO - 21/12/24 10:25:37 INFO SparkEnv: Registering OutputCommitCoordinator
[2021-12-24 10:26:08,063] {spark_submit.py:514} INFO - 21/12/24 10:26:07 WARN Utils: Service 'SparkUI' could not bind on port 4040. Attempting port 4041.
[2021-12-24 10:26:08,184] {spark_submit.py:514} INFO - 21/12/24 10:26:08 WARN Utils: Service 'SparkUI' could not bind on port 4041. Attempting port 4042.
[2021-12-24 10:26:08,223] {spark_submit.py:514} INFO - 21/12/24 10:26:08 WARN Utils: Service 'SparkUI' could not bind on port 4042. Attempting port 4043.
[2021-12-24 10:26:08,233] {spark_submit.py:514} INFO - 21/12/24 10:26:08 WARN Utils: Service 'SparkUI' could not bind on port 4043. Attempting port 4044.
[2021-12-24 10:26:08,258] {spark_submit.py:514} INFO - 21/12/24 10:26:08 WARN Utils: Service 'SparkUI' could not bind on port 4044. Attempting port 4045.
[2021-12-24 10:26:08,265] {spark_submit.py:514} INFO - 21/12/24 10:26:08 WARN Utils: Service 'SparkUI' could not bind on port 4045. Attempting port 4046.
[2021-12-24 10:26:08,278] {spark_submit.py:514} INFO - 21/12/24 10:26:08 WARN Utils: Service 'SparkUI' could not bind on port 4046. Attempting port 4047.
[2021-12-24 10:26:08,289] {spark_submit.py:514} INFO - 21/12/24 10:26:08 WARN Utils: Service 'SparkUI' could not bind on port 4047. Attempting port 4048.
[2021-12-24 10:26:08,837] {spark_submit.py:514} INFO - 21/12/24 10:26:08 INFO Utils: Successfully started service 'SparkUI' on port 4048.
[2021-12-24 10:26:12,945] {spark_submit.py:514} INFO - 21/12/24 10:26:12 INFO SparkUI: Bound SparkUI to 0.0.0.0, and started at http://dd6c6a1cba03:4048
[2021-12-24 10:26:24,101] {spark_submit.py:514} INFO - 21/12/24 10:26:23 INFO StandaloneAppClient$ClientEndpoint: Connecting to master spark://spark:7077...
[2021-12-24 10:26:28,359] {spark_submit.py:514} INFO - 21/12/24 10:26:28 INFO TransportClientFactory: Successfully created connection to spark/172.21.0.4:7077 after 3267 ms (0 ms spent in bootstraps)
[2021-12-24 10:26:45,101] {spark_submit.py:514} INFO - 21/12/24 10:26:45 INFO StandaloneAppClient$ClientEndpoint: Connecting to master spark://spark:7077...
[2021-12-24 10:26:45,322] {spark_submit.py:514} INFO - 21/12/24 10:26:45 INFO StandaloneSchedulerBackend: Connected to Spark cluster with app ID app-20211224102645-0011
[2021-12-24 10:26:45,754] {spark_submit.py:514} INFO - 21/12/24 10:26:45 INFO Utils: Successfully started service 'org.apache.spark.network.netty.NettyBlockTransferService' on port 40797.
[2021-12-24 10:26:45,758] {spark_submit.py:514} INFO - 21/12/24 10:26:45 INFO NettyBlockTransferService: Server created on dd6c6a1cba03:40797
[2021-12-24 10:26:45,848] {spark_submit.py:514} INFO - 21/12/24 10:26:45 INFO BlockManager: Using org.apache.spark.storage.RandomBlockReplicationPolicy for block replication policy
[2021-12-24 10:26:45,883] {spark_submit.py:514} INFO - 21/12/24 10:26:45 INFO BlockManagerMaster: Registering BlockManager BlockManagerId(driver, dd6c6a1cba03, 40797, None)
[2021-12-24 10:26:46,087] {spark_submit.py:514} INFO - 21/12/24 10:26:46 INFO BlockManagerMasterEndpoint: Registering block manager dd6c6a1cba03:40797 with 434.4 MiB RAM, BlockManagerId(driver, dd6c6a1cba03, 40797, None)
[2021-12-24 10:26:46,242] {spark_submit.py:514} INFO - 21/12/24 10:26:46 INFO BlockManagerMaster: Registered BlockManager BlockManagerId(driver, dd6c6a1cba03, 40797, None)
[2021-12-24 10:26:46,247] {spark_submit.py:514} INFO - 21/12/24 10:26:46 INFO BlockManager: Initialized BlockManager: BlockManagerId(driver, dd6c6a1cba03, 40797, None)
[2021-12-24 10:26:46,355] {spark_submit.py:514} INFO - 21/12/24 10:26:46 INFO StandaloneSchedulerBackend: Connected to Spark cluster with app ID app-20211224102645-0012
[2021-12-24 10:27:10,457] {spark_submit.py:514} INFO - 21/12/24 10:27:10 INFO StandaloneSchedulerBackend: SchedulerBackend is ready for scheduling beginning after reached minRegisteredResourcesRatio: 0.0
[2021-12-24 10:27:10,853] {spark_submit.py:514} INFO - /home/***/.local/lib/python3.6/site-packages/pyspark/python/lib/pyspark.zip/pyspark/context.py:238: FutureWarning: Python 3.6 support is deprecated in Spark 3.2.
[2021-12-24 10:27:10,916] {spark_submit.py:514} INFO - FutureWarning
[2021-12-24 10:27:11,733] {spark_submit.py:514} INFO - 21/12/24 10:27:11 INFO AsyncEventQueue: Process of event SparkListenerBlockManagerAdded(1640341606076,BlockManagerId(driver, dd6c6a1cba03, 40797, None),455501414,Some(455501414),Some(0)) by listener AppStatusListener took 1.0721434s.
[2021-12-24 10:27:18,219] {spark_submit.py:514} INFO - 21/12/24 10:27:18 INFO SharedState: Setting hive.metastore.warehouse.dir ('null') to the value of spark.sql.warehouse.dir.
[2021-12-24 10:27:29,898] {spark_submit.py:514} INFO - 21/12/24 10:27:29 INFO SharedState: Warehouse path is 'file:/opt/***/spark-warehouse'.
[2021-12-24 10:28:01,152] {spark_submit.py:514} INFO - running...
[2021-12-24 10:28:02,751] {spark_submit.py:514} INFO - running...
[2021-12-24 10:28:03,944] {spark_submit.py:514} INFO - running...
[2021-12-24 10:28:05,158] {spark_submit.py:514} INFO - running...
[2021-12-24 10:28:05,825] {spark_submit.py:514} INFO - running...
[2021-12-24 10:28:07,302] {spark_submit.py:514} INFO - running...
[2021-12-24 10:28:07,765] {spark_submit.py:514} INFO - running...
[2021-12-24 10:28:10,270] {spark_submit.py:514} INFO - running...
[2021-12-24 10:28:12,229] {spark_submit.py:514} INFO - running...
[2021-12-24 10:28:17,966] {spark_submit.py:514} INFO - running...
[2021-12-24 10:28:34,527] {spark_submit.py:514} INFO - <urlopen error [Errno -3] Temporary failure in name resolution>
[2021-12-24 10:28:34,680] {spark_submit.py:514} INFO - Traceback (most recent call last):
[2021-12-24 10:28:34,869] {spark_submit.py:514} INFO - File "/opt/***/jobs/get_ads_per_county.py", line 17, in <module>
[2021-12-24 10:28:34,938] {spark_submit.py:514} INFO - get_rent_parse_county_json(county)
[2021-12-24 10:28:34,944] {spark_submit.py:514} INFO - File "/opt/***/jobs/my_packages/fptools/fptools.py", line 191, in h
[2021-12-24 10:28:34,955] {spark_submit.py:514} INFO - return g(x, f(x))
[2021-12-24 10:28:34,976] {spark_submit.py:514} INFO - File "/opt/***/jobs/my_packages/main.py", line 32, in run_get_ads_by_county
[2021-12-24 10:28:35,001] {spark_submit.py:514} INFO - get_daft)(limit, county=county)
[2021-12-24 10:28:35,008] {spark_submit.py:514} INFO - File "/opt/***/jobs/my_packages/scraptools/scrap_main.py", line 252, in get_adds_by_page
[2021-12-24 10:28:35,012] {spark_submit.py:514} INFO - res.append(extract_and_get_data_ads(get_daft, url, county)(daft))
[2021-12-24 10:28:35,031] {spark_submit.py:514} INFO - File "/opt/***/jobs/my_packages/scraptools/scrap_main.py", line 193, in h
[2021-12-24 10:28:35,055] {spark_submit.py:514} INFO - return g(*args)(f(x))
[2021-12-24 10:28:35,065] {spark_submit.py:514} INFO - File "/opt/***/jobs/my_packages/scraptools/scrap_main.py", line 181, in get_data_ads
[2021-12-24 10:28:35,136] {spark_submit.py:514} INFO - res.append(parse_advert_from_daft(ad))
[2021-12-24 10:28:35,149] {spark_submit.py:514} INFO - File "/opt/***/jobs/my_packages/scraptools/scrap_main.py", line 120, in parse_advert
[2021-12-24 10:28:35,263] {spark_submit.py:514} INFO - ad_data = get_ad_data(ad)
[2021-12-24 10:28:35,269] {spark_submit.py:514} INFO - File "/opt/***/jobs/my_packages/fptools/fptools.py", line 184, in format_compose
[2021-12-24 10:28:35,273] {spark_submit.py:514} INFO - vals = [f(x) for f in funcs]
[2021-12-24 10:28:35,280] {spark_submit.py:514} INFO - File "/opt/***/jobs/my_packages/fptools/fptools.py", line 184, in <listcomp>
[2021-12-24 10:28:35,287] {spark_submit.py:514} INFO - vals = [f(x) for f in funcs]
[2021-12-24 10:28:35,291] {spark_submit.py:514} INFO - File "/opt/***/jobs/my_packages/fptools/fptools.py", line 35, in h
[2021-12-24 10:28:35,322] {spark_submit.py:514} INFO - return g(f(x))
[2021-12-24 10:28:35,370] {spark_submit.py:514} INFO - File "/opt/***/jobs/my_packages/scraptools/scrap_info.py", line 37, in extract_id
[2021-12-24 10:28:35,381] {spark_submit.py:514} INFO - return ad.find('p', {'class': re.compile('DaftIDText.')}).get_text()
[2021-12-24 10:28:35,391] {spark_submit.py:514} INFO - AttributeError: 'NoneType' object has no attribute 'find'
[2021-12-24 10:28:39,897] {spark_submit.py:514} INFO - 21/12/24 10:28:39 INFO SparkContext: Invoking stop() from shutdown hook
[2021-12-24 10:28:40,288] {spark_submit.py:514} INFO - 21/12/24 10:28:40 INFO SparkUI: Stopped Spark web UI at http://dd6c6a1cba03:4048
[2021-12-24 10:28:40,695] {spark_submit.py:514} INFO - 21/12/24 10:28:40 INFO StandaloneSchedulerBackend: Shutting down all executors
[2021-12-24 10:28:40,836] {spark_submit.py:514} INFO - 21/12/24 10:28:40 INFO CoarseGrainedSchedulerBackend$DriverEndpoint: Asking each executor to shut down
[2021-12-24 10:28:41,177] {spark_submit.py:514} INFO - 21/12/24 10:28:41 INFO MapOutputTrackerMasterEndpoint: MapOutputTrackerMasterEndpoint stopped!
[2021-12-24 10:28:41,711] {spark_submit.py:514} INFO - 21/12/24 10:28:41 INFO MemoryStore: MemoryStore cleared
[2021-12-24 10:28:41,724] {spark_submit.py:514} INFO - 21/12/24 10:28:41 INFO BlockManager: BlockManager stopped
[2021-12-24 10:28:41,851] {spark_submit.py:514} INFO - 21/12/24 10:28:41 INFO BlockManagerMaster: BlockManagerMaster stopped
[2021-12-24 10:28:41,861] {spark_submit.py:514} INFO - 21/12/24 10:28:41 INFO OutputCommitCoordinator$OutputCommitCoordinatorEndpoint: OutputCommitCoordinator stopped!
[2021-12-24 10:28:42,255] {spark_submit.py:514} INFO - 21/12/24 10:28:42 INFO SparkContext: Successfully stopped SparkContext
[2021-12-24 10:28:42,261] {spark_submit.py:514} INFO - 21/12/24 10:28:42 INFO ShutdownHookManager: Shutdown hook called
[2021-12-24 10:28:42,265] {spark_submit.py:514} INFO - 21/12/24 10:28:42 INFO ShutdownHookManager: Deleting directory /tmp/spark-4824dd59-defc-4e26-a387-c4becd02225a/pyspark-fb6ec970-e9f6-45a4-b8be-aed7e718e0fb
[2021-12-24 10:28:42,321] {spark_submit.py:514} INFO - 21/12/24 10:28:42 INFO ShutdownHookManager: Deleting directory /tmp/spark-4824dd59-defc-4e26-a387-c4becd02225a
[2021-12-24 10:28:42,352] {spark_submit.py:514} INFO - 21/12/24 10:28:42 INFO ShutdownHookManager: Deleting directory /tmp/spark-b08ee69e-e8b7-44e5-9076-90fc98cb226f
[2021-12-24 10:28:43,373] {taskinstance.py:1703} ERROR - Task failed with exception
Traceback (most recent call last):
  File "/home/airflow/.local/lib/python3.6/site-packages/airflow/models/taskinstance.py", line 1332, in _run_raw_task
    self._execute_task_with_callbacks(context)
  File "/home/airflow/.local/lib/python3.6/site-packages/airflow/models/taskinstance.py", line 1458, in _execute_task_with_callbacks
    result = self._execute_task(context, self.task)
  File "/home/airflow/.local/lib/python3.6/site-packages/airflow/models/taskinstance.py", line 1514, in _execute_task
    result = execute_callable(context=context)
  File "/home/airflow/.local/lib/python3.6/site-packages/airflow/providers/apache/spark/operators/spark_submit.py", line 179, in execute
    self._hook.submit(self._application)
  File "/home/airflow/.local/lib/python3.6/site-packages/airflow/providers/apache/spark/hooks/spark_submit.py", line 446, in submit
    f"Cannot execute: {self._mask_cmd(spark_submit_cmd)}. Error code is: {returncode}."
airflow.exceptions.AirflowException: Cannot execute: spark-submit --master spark://spark:7077 --conf spark.master=spark://spark:7077 --name scrap data --verbose /opt/***/jobs/get_ads_per_county.py limerick. Error code is: 1.
[2021-12-24 10:28:43,457] {taskinstance.py:1280} INFO - Marking task as UP_FOR_RETRY. dag_id=scraping_daft_limerick, task_id=scrap_data, execution_date=20211223T100500, start_date=20211224T102423, end_date=20211224T102843
[2021-12-24 10:28:43,547] {standard_task_runner.py:91} ERROR - Failed to execute job 4200 for task scrap_data
Traceback (most recent call last):
  File "/home/airflow/.local/lib/python3.6/site-packages/airflow/task/task_runner/standard_task_runner.py", line 85, in _start_by_fork
    args.func(args, dag=self.dag)
  File "/home/airflow/.local/lib/python3.6/site-packages/airflow/cli/cli_parser.py", line 48, in command
    return func(*args, **kwargs)
  File "/home/airflow/.local/lib/python3.6/site-packages/airflow/utils/cli.py", line 92, in wrapper
    return f(*args, **kwargs)
  File "/home/airflow/.local/lib/python3.6/site-packages/airflow/cli/commands/task_command.py", line 292, in task_run
    _run_task_by_selected_method(args, dag, ti)
  File "/home/airflow/.local/lib/python3.6/site-packages/airflow/cli/commands/task_command.py", line 107, in _run_task_by_selected_method
    _run_raw_task(args, ti)
  File "/home/airflow/.local/lib/python3.6/site-packages/airflow/cli/commands/task_command.py", line 184, in _run_raw_task
    error_file=args.error_file,
  File "/home/airflow/.local/lib/python3.6/site-packages/airflow/utils/session.py", line 70, in wrapper
    return func(*args, session=session, **kwargs)
  File "/home/airflow/.local/lib/python3.6/site-packages/airflow/models/taskinstance.py", line 1332, in _run_raw_task
    self._execute_task_with_callbacks(context)
  File "/home/airflow/.local/lib/python3.6/site-packages/airflow/models/taskinstance.py", line 1458, in _execute_task_with_callbacks
    result = self._execute_task(context, self.task)
  File "/home/airflow/.local/lib/python3.6/site-packages/airflow/models/taskinstance.py", line 1514, in _execute_task
    result = execute_callable(context=context)
  File "/home/airflow/.local/lib/python3.6/site-packages/airflow/providers/apache/spark/operators/spark_submit.py", line 179, in execute
    self._hook.submit(self._application)
  File "/home/airflow/.local/lib/python3.6/site-packages/airflow/providers/apache/spark/hooks/spark_submit.py", line 446, in submit
    f"Cannot execute: {self._mask_cmd(spark_submit_cmd)}. Error code is: {returncode}."
airflow.exceptions.AirflowException: Cannot execute: spark-submit --master spark://spark:7077 --conf spark.master=spark://spark:7077 --name scrap data --verbose /opt/***/jobs/get_ads_per_county.py limerick. Error code is: 1.
[2021-12-24 10:28:43,642] {local_task_job.py:154} INFO - Task exited with return code 1
[2021-12-24 10:28:44,191] {local_task_job.py:264} INFO - 0 downstream tasks scheduled from follow-on schedule check
