[2021-12-28 13:28:41,128] {taskinstance.py:1035} INFO - Dependencies all met for <TaskInstance: scraping_daft_wicklow.scrap_data scheduled__2021-12-27T11:10:00+00:00 [queued]>
[2021-12-28 13:28:41,225] {taskinstance.py:1035} INFO - Dependencies all met for <TaskInstance: scraping_daft_wicklow.scrap_data scheduled__2021-12-27T11:10:00+00:00 [queued]>
[2021-12-28 13:28:41,228] {taskinstance.py:1241} INFO - 
--------------------------------------------------------------------------------
[2021-12-28 13:28:41,229] {taskinstance.py:1242} INFO - Starting attempt 1 of 4
[2021-12-28 13:28:41,230] {taskinstance.py:1243} INFO - 
--------------------------------------------------------------------------------
[2021-12-28 13:28:41,282] {taskinstance.py:1262} INFO - Executing <Task(SparkSubmitOperator): scrap_data> on 2021-12-27 11:10:00+00:00
[2021-12-28 13:28:41,295] {standard_task_runner.py:52} INFO - Started process 43940 to run task
[2021-12-28 13:28:41,425] {standard_task_runner.py:76} INFO - Running: ['***', 'tasks', 'run', 'scraping_daft_wicklow', 'scrap_data', 'scheduled__2021-12-27T11:10:00+00:00', '--job-id', '5020', '--raw', '--subdir', 'DAGS_FOLDER/scraping_daft_wicklow.py', '--cfg-path', '/tmp/tmpl9ysqjy1', '--error-file', '/tmp/tmpr3p2r051']
[2021-12-28 13:28:41,438] {standard_task_runner.py:77} INFO - Job 5020: Subtask scrap_data
[2021-12-28 13:28:42,545] {logging_mixin.py:109} INFO - Running <TaskInstance: scraping_daft_wicklow.scrap_data scheduled__2021-12-27T11:10:00+00:00 [running]> on host 0c125a5bba95
[2021-12-28 13:28:43,293] {taskinstance.py:1429} INFO - Exporting the following env vars:
AIRFLOW_CTX_DAG_EMAIL=clement.liscoet@gmail.com
AIRFLOW_CTX_DAG_OWNER=clemoni
AIRFLOW_CTX_DAG_ID=scraping_daft_wicklow
AIRFLOW_CTX_TASK_ID=scrap_data
AIRFLOW_CTX_EXECUTION_DATE=2021-12-27T11:10:00+00:00
AIRFLOW_CTX_DAG_RUN_ID=scheduled__2021-12-27T11:10:00+00:00
[2021-12-28 13:28:43,416] {base.py:79} INFO - Using connection to: id: spark_default. Host: spark://spark:7077, Port: None, Schema: , Login: ***, Password: ***, extra: {}
[2021-12-28 13:28:43,445] {spark_submit.py:360} INFO - Spark-Submit cmd: spark-submit --master spark://spark:7077 --conf spark.master=spark://spark:7077 --name scrap data --verbose /opt/***/jobs/get_ads_per_county.py wicklow
[2021-12-28 13:29:03,000] {spark_submit.py:514} INFO - Using properties file: null
[2021-12-28 13:29:03,975] {spark_submit.py:514} INFO - WARNING: An illegal reflective access operation has occurred
[2021-12-28 13:29:03,977] {spark_submit.py:514} INFO - WARNING: Illegal reflective access by org.apache.spark.unsafe.Platform (file:/home/***/.local/lib/python3.6/site-packages/pyspark/jars/spark-unsafe_2.12-3.2.0.jar) to constructor java.nio.DirectByteBuffer(long,int)
[2021-12-28 13:29:03,980] {spark_submit.py:514} INFO - WARNING: Please consider reporting this to the maintainers of org.apache.spark.unsafe.Platform
[2021-12-28 13:29:03,982] {spark_submit.py:514} INFO - WARNING: Use --illegal-access=warn to enable warnings of further illegal reflective access operations
[2021-12-28 13:29:03,996] {spark_submit.py:514} INFO - WARNING: All illegal access operations will be denied in a future release
[2021-12-28 13:29:04,396] {spark_submit.py:514} INFO - Parsed arguments:
[2021-12-28 13:29:04,398] {spark_submit.py:514} INFO - master                  spark://spark:7077
[2021-12-28 13:29:04,418] {spark_submit.py:514} INFO - deployMode              null
[2021-12-28 13:29:04,402] {spark_submit.py:514} INFO - executorMemory          null
[2021-12-28 13:29:04,407] {spark_submit.py:514} INFO - executorCores           null
[2021-12-28 13:29:04,415] {spark_submit.py:514} INFO - totalExecutorCores      null
[2021-12-28 13:29:04,427] {spark_submit.py:514} INFO - propertiesFile          null
[2021-12-28 13:29:04,432] {spark_submit.py:514} INFO - driverMemory            null
[2021-12-28 13:29:04,436] {spark_submit.py:514} INFO - driverCores             null
[2021-12-28 13:29:04,445] {spark_submit.py:514} INFO - driverExtraClassPath    null
[2021-12-28 13:29:04,447] {spark_submit.py:514} INFO - driverExtraLibraryPath  null
[2021-12-28 13:29:04,461] {spark_submit.py:514} INFO - driverExtraJavaOptions  null
[2021-12-28 13:29:04,465] {spark_submit.py:514} INFO - supervise               false
[2021-12-28 13:29:04,471] {spark_submit.py:514} INFO - queue                   null
[2021-12-28 13:29:04,475] {spark_submit.py:514} INFO - numExecutors            null
[2021-12-28 13:29:04,481] {spark_submit.py:514} INFO - files                   null
[2021-12-28 13:29:04,490] {spark_submit.py:514} INFO - pyFiles                 null
[2021-12-28 13:29:04,498] {spark_submit.py:514} INFO - archives                null
[2021-12-28 13:29:04,508] {spark_submit.py:514} INFO - mainClass               null
[2021-12-28 13:29:04,511] {spark_submit.py:514} INFO - primaryResource         file:/opt/***/jobs/get_ads_per_county.py
[2021-12-28 13:29:04,518] {spark_submit.py:514} INFO - name                    scrap data
[2021-12-28 13:29:04,520] {spark_submit.py:514} INFO - childArgs               [wicklow]
[2021-12-28 13:29:04,523] {spark_submit.py:514} INFO - jars                    null
[2021-12-28 13:29:04,528] {spark_submit.py:514} INFO - packages                null
[2021-12-28 13:29:04,531] {spark_submit.py:514} INFO - packagesExclusions      null
[2021-12-28 13:29:04,536] {spark_submit.py:514} INFO - repositories            null
[2021-12-28 13:29:04,541] {spark_submit.py:514} INFO - verbose                 true
[2021-12-28 13:29:04,544] {spark_submit.py:514} INFO - 
[2021-12-28 13:29:04,549] {spark_submit.py:514} INFO - Spark properties used, including those specified through
[2021-12-28 13:29:04,552] {spark_submit.py:514} INFO - --conf and those from the properties file null:
[2021-12-28 13:29:04,554] {spark_submit.py:514} INFO - (spark.master,spark://spark:7077)
[2021-12-28 13:29:04,556] {spark_submit.py:514} INFO - 
[2021-12-28 13:29:04,559] {spark_submit.py:514} INFO - 
[2021-12-28 13:29:06,944] {spark_submit.py:514} INFO - Main class:
[2021-12-28 13:29:06,950] {spark_submit.py:514} INFO - org.apache.spark.deploy.PythonRunner
[2021-12-28 13:29:06,954] {spark_submit.py:514} INFO - Arguments:
[2021-12-28 13:29:06,960] {spark_submit.py:514} INFO - file:/opt/***/jobs/get_ads_per_county.py
[2021-12-28 13:29:06,963] {spark_submit.py:514} INFO - null
[2021-12-28 13:29:06,968] {spark_submit.py:514} INFO - wicklow
[2021-12-28 13:29:06,976] {spark_submit.py:514} INFO - --verbose
[2021-12-28 13:29:06,979] {spark_submit.py:514} INFO - Spark config:
[2021-12-28 13:29:06,985] {spark_submit.py:514} INFO - (spark.app.name,scrap data)
[2021-12-28 13:29:07,000] {spark_submit.py:514} INFO - (spark.master,spark://spark:7077)
[2021-12-28 13:29:07,013] {spark_submit.py:514} INFO - (spark.submit.pyFiles,)
[2021-12-28 13:29:07,017] {spark_submit.py:514} INFO - (spark.submit.deployMode,client)
[2021-12-28 13:29:07,019] {spark_submit.py:514} INFO - Classpath elements:
[2021-12-28 13:29:07,020] {spark_submit.py:514} INFO - 
[2021-12-28 13:29:07,022] {spark_submit.py:514} INFO - 
[2021-12-28 13:29:07,025] {spark_submit.py:514} INFO - 
[2021-12-28 13:29:20,892] {spark_submit.py:514} INFO - Using Spark's default log4j profile: org/apache/spark/log4j-defaults.properties
[2021-12-28 13:29:20,928] {spark_submit.py:514} INFO - 21/12/28 13:29:20 INFO SparkContext: Running Spark version 3.2.0
[2021-12-28 13:29:21,918] {spark_submit.py:514} INFO - 21/12/28 13:29:21 WARN NativeCodeLoader: Unable to load native-hadoop library for your platform... using builtin-java classes where applicable
[2021-12-28 13:29:22,628] {spark_submit.py:514} INFO - 21/12/28 13:29:22 INFO ResourceUtils: ==============================================================
[2021-12-28 13:29:22,639] {spark_submit.py:514} INFO - 21/12/28 13:29:22 INFO ResourceUtils: No custom resources configured for spark.driver.
[2021-12-28 13:29:22,640] {spark_submit.py:514} INFO - 21/12/28 13:29:22 INFO ResourceUtils: ==============================================================
[2021-12-28 13:29:22,656] {spark_submit.py:514} INFO - 21/12/28 13:29:22 INFO SparkContext: Submitted application: Get Ads per county
[2021-12-28 13:29:22,809] {spark_submit.py:514} INFO - 21/12/28 13:29:22 INFO ResourceProfile: Default ResourceProfile created, executor resources: Map(cores -> name: cores, amount: 1, script: , vendor: , memory -> name: memory, amount: 1024, script: , vendor: , offHeap -> name: offHeap, amount: 0, script: , vendor: ), task resources: Map(cpus -> name: cpus, amount: 1.0)
[2021-12-28 13:29:22,925] {spark_submit.py:514} INFO - 21/12/28 13:29:22 INFO ResourceProfile: Limiting resource is cpu
[2021-12-28 13:29:22,928] {spark_submit.py:514} INFO - 21/12/28 13:29:22 INFO ResourceProfileManager: Added ResourceProfile id: 0
[2021-12-28 13:29:23,659] {spark_submit.py:514} INFO - 21/12/28 13:29:23 INFO SecurityManager: Changing view acls to: ***
[2021-12-28 13:29:23,665] {spark_submit.py:514} INFO - 21/12/28 13:29:23 INFO SecurityManager: Changing modify acls to: ***
[2021-12-28 13:29:23,667] {spark_submit.py:514} INFO - 21/12/28 13:29:23 INFO SecurityManager: Changing view acls groups to:
[2021-12-28 13:29:23,668] {spark_submit.py:514} INFO - 21/12/28 13:29:23 INFO SecurityManager: Changing modify acls groups to:
[2021-12-28 13:29:23,681] {spark_submit.py:514} INFO - 21/12/28 13:29:23 INFO SecurityManager: SecurityManager: authentication disabled; ui acls disabled; users  with view permissions: Set(***); groups with view permissions: Set(); users  with modify permissions: Set(***); groups with modify permissions: Set()
[2021-12-28 13:29:28,541] {spark_submit.py:514} INFO - 21/12/28 13:29:28 INFO Utils: Successfully started service 'sparkDriver' on port 46541.
[2021-12-28 13:29:29,069] {spark_submit.py:514} INFO - 21/12/28 13:29:29 INFO SparkEnv: Registering MapOutputTracker
[2021-12-28 13:29:29,882] {spark_submit.py:514} INFO - 21/12/28 13:29:29 INFO SparkEnv: Registering BlockManagerMaster
[2021-12-28 13:29:30,549] {spark_submit.py:514} INFO - 21/12/28 13:29:30 INFO BlockManagerMasterEndpoint: Using org.apache.spark.storage.DefaultTopologyMapper for getting topology information
[2021-12-28 13:29:30,572] {spark_submit.py:514} INFO - 21/12/28 13:29:30 INFO BlockManagerMasterEndpoint: BlockManagerMasterEndpoint up
[2021-12-28 13:29:30,610] {spark_submit.py:514} INFO - 21/12/28 13:29:30 INFO SparkEnv: Registering BlockManagerMasterHeartbeat
[2021-12-28 13:29:30,759] {spark_submit.py:514} INFO - 21/12/28 13:29:30 INFO DiskBlockManager: Created local directory at /tmp/blockmgr-2c0d617c-f05e-4583-b389-507cabb7cb6d
[2021-12-28 13:29:31,113] {spark_submit.py:514} INFO - 21/12/28 13:29:31 INFO MemoryStore: MemoryStore started with capacity 434.4 MiB
[2021-12-28 13:29:31,251] {spark_submit.py:514} INFO - 21/12/28 13:29:31 INFO SparkEnv: Registering OutputCommitCoordinator
[2021-12-28 13:29:32,922] {spark_submit.py:514} INFO - 21/12/28 13:29:32 WARN Utils: Service 'SparkUI' could not bind on port 4040. Attempting port 4041.
[2021-12-28 13:29:32,933] {spark_submit.py:514} INFO - 21/12/28 13:29:32 WARN Utils: Service 'SparkUI' could not bind on port 4041. Attempting port 4042.
[2021-12-28 13:29:32,934] {spark_submit.py:514} INFO - 21/12/28 13:29:32 WARN Utils: Service 'SparkUI' could not bind on port 4042. Attempting port 4043.
[2021-12-28 13:29:32,936] {spark_submit.py:514} INFO - 21/12/28 13:29:32 WARN Utils: Service 'SparkUI' could not bind on port 4043. Attempting port 4044.
[2021-12-28 13:29:32,937] {spark_submit.py:514} INFO - 21/12/28 13:29:32 WARN Utils: Service 'SparkUI' could not bind on port 4044. Attempting port 4045.
[2021-12-28 13:29:32,938] {spark_submit.py:514} INFO - 21/12/28 13:29:32 WARN Utils: Service 'SparkUI' could not bind on port 4045. Attempting port 4046.
[2021-12-28 13:29:32,939] {spark_submit.py:514} INFO - 21/12/28 13:29:32 WARN Utils: Service 'SparkUI' could not bind on port 4046. Attempting port 4047.
[2021-12-28 13:29:32,940] {spark_submit.py:514} INFO - 21/12/28 13:29:32 WARN Utils: Service 'SparkUI' could not bind on port 4047. Attempting port 4048.
[2021-12-28 13:29:32,941] {spark_submit.py:514} INFO - 21/12/28 13:29:32 WARN Utils: Service 'SparkUI' could not bind on port 4048. Attempting port 4049.
[2021-12-28 13:29:33,067] {spark_submit.py:514} INFO - 21/12/28 13:29:33 INFO Utils: Successfully started service 'SparkUI' on port 4049.
[2021-12-28 13:29:33,621] {spark_submit.py:514} INFO - 21/12/28 13:29:33 INFO SparkUI: Bound SparkUI to 0.0.0.0, and started at http://0c125a5bba95:4049
[2021-12-28 13:29:35,866] {spark_submit.py:514} INFO - 21/12/28 13:29:35 INFO StandaloneAppClient$ClientEndpoint: Connecting to master spark://spark:7077...
[2021-12-28 13:29:36,523] {spark_submit.py:514} INFO - 21/12/28 13:29:36 INFO TransportClientFactory: Successfully created connection to spark/172.19.0.4:7077 after 391 ms (0 ms spent in bootstraps)
[2021-12-28 13:29:37,322] {spark_submit.py:514} INFO - 21/12/28 13:29:37 INFO StandaloneSchedulerBackend: Connected to Spark cluster with app ID app-20211228132937-0102
[2021-12-28 13:29:37,429] {spark_submit.py:514} INFO - 21/12/28 13:29:37 INFO Utils: Successfully started service 'org.apache.spark.network.netty.NettyBlockTransferService' on port 45359.
[2021-12-28 13:29:37,431] {spark_submit.py:514} INFO - 21/12/28 13:29:37 INFO NettyBlockTransferService: Server created on 0c125a5bba95:45359
[2021-12-28 13:29:37,433] {spark_submit.py:514} INFO - 21/12/28 13:29:37 INFO BlockManager: Using org.apache.spark.storage.RandomBlockReplicationPolicy for block replication policy
[2021-12-28 13:29:37,528] {spark_submit.py:514} INFO - 21/12/28 13:29:37 INFO BlockManagerMaster: Registering BlockManager BlockManagerId(driver, 0c125a5bba95, 45359, None)
[2021-12-28 13:29:37,545] {spark_submit.py:514} INFO - 21/12/28 13:29:37 INFO BlockManagerMasterEndpoint: Registering block manager 0c125a5bba95:45359 with 434.4 MiB RAM, BlockManagerId(driver, 0c125a5bba95, 45359, None)
[2021-12-28 13:29:37,557] {spark_submit.py:514} INFO - 21/12/28 13:29:37 INFO BlockManagerMaster: Registered BlockManager BlockManagerId(driver, 0c125a5bba95, 45359, None)
[2021-12-28 13:29:37,559] {spark_submit.py:514} INFO - 21/12/28 13:29:37 INFO BlockManager: Initialized BlockManager: BlockManagerId(driver, 0c125a5bba95, 45359, None)
[2021-12-28 13:29:39,375] {spark_submit.py:514} INFO - 21/12/28 13:29:39 INFO StandaloneSchedulerBackend: SchedulerBackend is ready for scheduling beginning after reached minRegisteredResourcesRatio: 0.0
[2021-12-28 13:29:39,835] {spark_submit.py:514} INFO - /home/***/.local/lib/python3.6/site-packages/pyspark/python/lib/pyspark.zip/pyspark/context.py:238: FutureWarning: Python 3.6 support is deprecated in Spark 3.2.
[2021-12-28 13:29:39,836] {spark_submit.py:514} INFO - FutureWarning
[2021-12-28 13:29:41,498] {spark_submit.py:514} INFO - 21/12/28 13:29:41 INFO SharedState: Setting hive.metastore.warehouse.dir ('null') to the value of spark.sql.warehouse.dir.
[2021-12-28 13:29:41,590] {spark_submit.py:514} INFO - 21/12/28 13:29:41 INFO SharedState: Warehouse path is 'file:/opt/***/spark-warehouse'.
[2021-12-28 13:30:00,267] {spark_submit.py:514} INFO - 21/12/28 13:29:59 INFO AsyncEventQueue: Process of event SparkListenerExecutorMetricsUpdate(driver,WrappedArray(),Map((-1,-1) -> org.apache.spark.executor.ExecutorMetrics@5f7b3f3f)) by listener AppStatusListener took 1.2268498s.
[2021-12-28 13:30:08,434] {spark_submit.py:514} INFO - running...
[2021-12-28 13:30:09,306] {spark_submit.py:514} INFO - running...
[2021-12-28 13:30:10,055] {spark_submit.py:514} INFO - running...
[2021-12-28 13:30:10,949] {spark_submit.py:514} INFO - running...
[2021-12-28 13:30:12,266] {spark_submit.py:514} INFO - running...
[2021-12-28 13:30:13,023] {spark_submit.py:514} INFO - running...
[2021-12-28 13:30:13,894] {spark_submit.py:514} INFO - running...
[2021-12-28 13:30:14,635] {spark_submit.py:514} INFO - running...
[2021-12-28 13:30:15,514] {spark_submit.py:514} INFO - running...
[2021-12-28 13:30:16,012] {spark_submit.py:514} INFO - running...
[2021-12-28 13:30:17,450] {spark_submit.py:514} INFO - running...
[2021-12-28 13:30:18,810] {spark_submit.py:514} INFO - running...
[2021-12-28 13:30:19,961] {spark_submit.py:514} INFO - running...
[2021-12-28 13:30:20,998] {spark_submit.py:514} INFO - running...
[2021-12-28 13:30:21,508] {spark_submit.py:514} INFO - running...
[2021-12-28 13:30:22,831] {spark_submit.py:514} INFO - running...
[2021-12-28 13:30:24,894] {spark_submit.py:514} INFO - 21/12/28 13:30:24 INFO SparkContext: Invoking stop() from shutdown hook
[2021-12-28 13:30:24,933] {spark_submit.py:514} INFO - 21/12/28 13:30:24 INFO SparkUI: Stopped Spark web UI at http://0c125a5bba95:4049
[2021-12-28 13:30:24,950] {spark_submit.py:514} INFO - 21/12/28 13:30:24 INFO StandaloneSchedulerBackend: Shutting down all executors
[2021-12-28 13:30:24,969] {spark_submit.py:514} INFO - 21/12/28 13:30:24 INFO CoarseGrainedSchedulerBackend$DriverEndpoint: Asking each executor to shut down
[2021-12-28 13:30:25,137] {spark_submit.py:514} INFO - 21/12/28 13:30:25 INFO MapOutputTrackerMasterEndpoint: MapOutputTrackerMasterEndpoint stopped!
[2021-12-28 13:30:25,616] {spark_submit.py:514} INFO - 21/12/28 13:30:25 INFO MemoryStore: MemoryStore cleared
[2021-12-28 13:30:25,621] {spark_submit.py:514} INFO - 21/12/28 13:30:25 INFO BlockManager: BlockManager stopped
[2021-12-28 13:30:25,690] {spark_submit.py:514} INFO - 21/12/28 13:30:25 INFO BlockManagerMaster: BlockManagerMaster stopped
[2021-12-28 13:30:25,705] {spark_submit.py:514} INFO - 21/12/28 13:30:25 INFO OutputCommitCoordinator$OutputCommitCoordinatorEndpoint: OutputCommitCoordinator stopped!
[2021-12-28 13:30:25,932] {spark_submit.py:514} INFO - 21/12/28 13:30:25 INFO SparkContext: Successfully stopped SparkContext
[2021-12-28 13:30:25,937] {spark_submit.py:514} INFO - 21/12/28 13:30:25 INFO ShutdownHookManager: Shutdown hook called
[2021-12-28 13:30:25,945] {spark_submit.py:514} INFO - 21/12/28 13:30:25 INFO ShutdownHookManager: Deleting directory /tmp/spark-dabce4d0-78b0-4fc2-ae2f-e178c5305a0d
[2021-12-28 13:30:25,969] {spark_submit.py:514} INFO - 21/12/28 13:30:25 INFO ShutdownHookManager: Deleting directory /tmp/spark-a37dfba8-59ac-40cd-904d-8096ba7b1332/pyspark-6f921959-65b5-4122-8f85-5b56bf9c7445
[2021-12-28 13:30:25,985] {spark_submit.py:514} INFO - 21/12/28 13:30:25 INFO ShutdownHookManager: Deleting directory /tmp/spark-a37dfba8-59ac-40cd-904d-8096ba7b1332
[2021-12-28 13:30:27,329] {taskinstance.py:1280} INFO - Marking task as SUCCESS. dag_id=scraping_daft_wicklow, task_id=scrap_data, execution_date=20211227T111000, start_date=20211228T132841, end_date=20211228T133027
[2021-12-28 13:30:27,677] {local_task_job.py:154} INFO - Task exited with return code 0
[2021-12-28 13:30:28,192] {local_task_job.py:264} INFO - 1 downstream tasks scheduled from follow-on schedule check
