[2021-12-31 13:27:45,799] {taskinstance.py:1035} INFO - Dependencies all met for <TaskInstance: scraping_daft_carlow.scrap_data scheduled__2021-12-30T09:05:00+00:00 [queued]>
[2021-12-31 13:27:46,331] {taskinstance.py:1035} INFO - Dependencies all met for <TaskInstance: scraping_daft_carlow.scrap_data scheduled__2021-12-30T09:05:00+00:00 [queued]>
[2021-12-31 13:27:46,337] {taskinstance.py:1241} INFO - 
--------------------------------------------------------------------------------
[2021-12-31 13:27:46,345] {taskinstance.py:1242} INFO - Starting attempt 1 of 4
[2021-12-31 13:27:46,349] {taskinstance.py:1243} INFO - 
--------------------------------------------------------------------------------
[2021-12-31 13:27:46,569] {taskinstance.py:1262} INFO - Executing <Task(SparkSubmitOperator): scrap_data> on 2021-12-30 09:05:00+00:00
[2021-12-31 13:27:46,717] {standard_task_runner.py:76} INFO - Running: ['***', 'tasks', 'run', 'scraping_daft_carlow', 'scrap_data', 'scheduled__2021-12-30T09:05:00+00:00', '--job-id', '5739', '--raw', '--subdir', 'DAGS_FOLDER/scraping_daft_carlow.py', '--cfg-path', '/tmp/tmpmg9jkzv8', '--error-file', '/tmp/tmpln8qs3ab']
[2021-12-31 13:27:46,731] {standard_task_runner.py:77} INFO - Job 5739: Subtask scrap_data
[2021-12-31 13:27:46,631] {standard_task_runner.py:52} INFO - Started process 2896 to run task
[2021-12-31 13:27:47,737] {logging_mixin.py:109} INFO - Running <TaskInstance: scraping_daft_carlow.scrap_data scheduled__2021-12-30T09:05:00+00:00 [running]> on host ee68d8f591c8
[2021-12-31 13:27:49,127] {taskinstance.py:1429} INFO - Exporting the following env vars:
AIRFLOW_CTX_DAG_EMAIL=clement.liscoet@gmail.com
AIRFLOW_CTX_DAG_OWNER=clemoni
AIRFLOW_CTX_DAG_ID=scraping_daft_carlow
AIRFLOW_CTX_TASK_ID=scrap_data
AIRFLOW_CTX_EXECUTION_DATE=2021-12-30T09:05:00+00:00
AIRFLOW_CTX_DAG_RUN_ID=scheduled__2021-12-30T09:05:00+00:00
[2021-12-31 13:27:49,247] {base.py:79} INFO - Using connection to: id: spark_default. Host: spark://spark:7077, Port: None, Schema: , Login: ***, Password: ***, extra: {}
[2021-12-31 13:27:49,265] {spark_submit.py:360} INFO - Spark-Submit cmd: spark-submit --master spark://spark:7077 --conf spark.master=spark://spark:7077 --name scrap data --verbose /opt/***/jobs/get_ads_per_county.py carlow
[2021-12-31 13:28:17,976] {spark_submit.py:514} INFO - Using properties file: null
[2021-12-31 13:28:19,371] {spark_submit.py:514} INFO - WARNING: An illegal reflective access operation has occurred
[2021-12-31 13:28:19,392] {spark_submit.py:514} INFO - WARNING: Illegal reflective access by org.apache.spark.unsafe.Platform (file:/home/***/.local/lib/python3.6/site-packages/pyspark/jars/spark-unsafe_2.12-3.2.0.jar) to constructor java.nio.DirectByteBuffer(long,int)
[2021-12-31 13:28:19,450] {spark_submit.py:514} INFO - WARNING: Please consider reporting this to the maintainers of org.apache.spark.unsafe.Platform
[2021-12-31 13:28:19,454] {spark_submit.py:514} INFO - WARNING: Use --illegal-access=warn to enable warnings of further illegal reflective access operations
[2021-12-31 13:28:19,458] {spark_submit.py:514} INFO - WARNING: All illegal access operations will be denied in a future release
[2021-12-31 13:28:22,498] {spark_submit.py:514} INFO - Parsed arguments:
[2021-12-31 13:28:22,520] {spark_submit.py:514} INFO - master                  spark://spark:7077
[2021-12-31 13:28:22,531] {spark_submit.py:514} INFO - deployMode              null
[2021-12-31 13:28:22,540] {spark_submit.py:514} INFO - executorMemory          null
[2021-12-31 13:28:22,556] {spark_submit.py:514} INFO - executorCores           null
[2021-12-31 13:28:22,559] {spark_submit.py:514} INFO - totalExecutorCores      null
[2021-12-31 13:28:22,571] {spark_submit.py:514} INFO - propertiesFile          null
[2021-12-31 13:28:22,577] {spark_submit.py:514} INFO - driverMemory            null
[2021-12-31 13:28:22,589] {spark_submit.py:514} INFO - driverCores             null
[2021-12-31 13:28:22,599] {spark_submit.py:514} INFO - driverExtraClassPath    null
[2021-12-31 13:28:22,607] {spark_submit.py:514} INFO - driverExtraLibraryPath  null
[2021-12-31 13:28:22,625] {spark_submit.py:514} INFO - driverExtraJavaOptions  null
[2021-12-31 13:28:22,629] {spark_submit.py:514} INFO - supervise               false
[2021-12-31 13:28:22,637] {spark_submit.py:514} INFO - queue                   null
[2021-12-31 13:28:22,669] {spark_submit.py:514} INFO - numExecutors            null
[2021-12-31 13:28:22,679] {spark_submit.py:514} INFO - files                   null
[2021-12-31 13:28:22,690] {spark_submit.py:514} INFO - pyFiles                 null
[2021-12-31 13:28:22,701] {spark_submit.py:514} INFO - archives                null
[2021-12-31 13:28:22,709] {spark_submit.py:514} INFO - mainClass               null
[2021-12-31 13:28:22,716] {spark_submit.py:514} INFO - primaryResource         file:/opt/***/jobs/get_ads_per_county.py
[2021-12-31 13:28:22,737] {spark_submit.py:514} INFO - name                    scrap data
[2021-12-31 13:28:22,756] {spark_submit.py:514} INFO - childArgs               [carlow]
[2021-12-31 13:28:22,771] {spark_submit.py:514} INFO - jars                    null
[2021-12-31 13:28:22,781] {spark_submit.py:514} INFO - packages                null
[2021-12-31 13:28:22,794] {spark_submit.py:514} INFO - packagesExclusions      null
[2021-12-31 13:28:22,809] {spark_submit.py:514} INFO - repositories            null
[2021-12-31 13:28:22,825] {spark_submit.py:514} INFO - verbose                 true
[2021-12-31 13:28:22,837] {spark_submit.py:514} INFO - 
[2021-12-31 13:28:22,846] {spark_submit.py:514} INFO - Spark properties used, including those specified through
[2021-12-31 13:28:22,858] {spark_submit.py:514} INFO - --conf and those from the properties file null:
[2021-12-31 13:28:22,878] {spark_submit.py:514} INFO - (spark.master,spark://spark:7077)
[2021-12-31 13:28:22,891] {spark_submit.py:514} INFO - 
[2021-12-31 13:28:22,914] {spark_submit.py:514} INFO - 
[2021-12-31 13:28:36,033] {spark_submit.py:514} INFO - Main class:
[2021-12-31 13:28:36,037] {spark_submit.py:514} INFO - org.apache.spark.deploy.PythonRunner
[2021-12-31 13:28:36,039] {spark_submit.py:514} INFO - Arguments:
[2021-12-31 13:28:36,045] {spark_submit.py:514} INFO - file:/opt/***/jobs/get_ads_per_county.py
[2021-12-31 13:28:36,048] {spark_submit.py:514} INFO - null
[2021-12-31 13:28:36,051] {spark_submit.py:514} INFO - carlow
[2021-12-31 13:28:36,055] {spark_submit.py:514} INFO - --verbose
[2021-12-31 13:28:36,078] {spark_submit.py:514} INFO - Spark config:
[2021-12-31 13:28:36,081] {spark_submit.py:514} INFO - (spark.app.name,scrap data)
[2021-12-31 13:28:36,083] {spark_submit.py:514} INFO - (spark.master,spark://spark:7077)
[2021-12-31 13:28:36,087] {spark_submit.py:514} INFO - (spark.submit.pyFiles,)
[2021-12-31 13:28:36,090] {spark_submit.py:514} INFO - (spark.submit.deployMode,client)
[2021-12-31 13:28:36,097] {spark_submit.py:514} INFO - Classpath elements:
[2021-12-31 13:28:36,099] {spark_submit.py:514} INFO - 
[2021-12-31 13:28:36,135] {spark_submit.py:514} INFO - 
[2021-12-31 13:28:36,162] {spark_submit.py:514} INFO - 
[2021-12-31 13:28:54,669] {spark_submit.py:514} INFO - Using Spark's default log4j profile: org/apache/spark/log4j-defaults.properties
[2021-12-31 13:28:54,708] {spark_submit.py:514} INFO - 21/12/31 13:28:54 INFO SparkContext: Running Spark version 3.2.0
[2021-12-31 13:28:57,215] {spark_submit.py:514} INFO - 21/12/31 13:28:57 WARN NativeCodeLoader: Unable to load native-hadoop library for your platform... using builtin-java classes where applicable
[2021-12-31 13:29:00,205] {spark_submit.py:514} INFO - 21/12/31 13:29:00 INFO ResourceUtils: ==============================================================
[2021-12-31 13:29:00,209] {spark_submit.py:514} INFO - 21/12/31 13:29:00 INFO ResourceUtils: No custom resources configured for spark.driver.
[2021-12-31 13:29:00,217] {spark_submit.py:514} INFO - 21/12/31 13:29:00 INFO ResourceUtils: ==============================================================
[2021-12-31 13:29:00,220] {spark_submit.py:514} INFO - 21/12/31 13:29:00 INFO SparkContext: Submitted application: Get Ads per county
[2021-12-31 13:29:00,338] {spark_submit.py:514} INFO - 21/12/31 13:29:00 INFO ResourceProfile: Default ResourceProfile created, executor resources: Map(cores -> name: cores, amount: 1, script: , vendor: , memory -> name: memory, amount: 1024, script: , vendor: , offHeap -> name: offHeap, amount: 0, script: , vendor: ), task resources: Map(cpus -> name: cpus, amount: 1.0)
[2021-12-31 13:29:00,423] {spark_submit.py:514} INFO - 21/12/31 13:29:00 INFO ResourceProfile: Limiting resource is cpu
[2021-12-31 13:29:00,427] {spark_submit.py:514} INFO - 21/12/31 13:29:00 INFO ResourceProfileManager: Added ResourceProfile id: 0
[2021-12-31 13:29:01,173] {spark_submit.py:514} INFO - 21/12/31 13:29:01 INFO SecurityManager: Changing view acls to: ***
[2021-12-31 13:29:01,192] {spark_submit.py:514} INFO - 21/12/31 13:29:01 INFO SecurityManager: Changing modify acls to: ***
[2021-12-31 13:29:01,206] {spark_submit.py:514} INFO - 21/12/31 13:29:01 INFO SecurityManager: Changing view acls groups to:
[2021-12-31 13:29:01,216] {spark_submit.py:514} INFO - 21/12/31 13:29:01 INFO SecurityManager: Changing modify acls groups to:
[2021-12-31 13:29:01,296] {spark_submit.py:514} INFO - 21/12/31 13:29:01 INFO SecurityManager: SecurityManager: authentication disabled; ui acls disabled; users  with view permissions: Set(***); groups with view permissions: Set(); users  with modify permissions: Set(***); groups with modify permissions: Set()
[2021-12-31 13:29:09,564] {spark_submit.py:514} INFO - 21/12/31 13:29:09 INFO Utils: Successfully started service 'sparkDriver' on port 36311.
[2021-12-31 13:29:10,163] {spark_submit.py:514} INFO - 21/12/31 13:29:10 INFO SparkEnv: Registering MapOutputTracker
[2021-12-31 13:29:10,876] {spark_submit.py:514} INFO - 21/12/31 13:29:10 INFO SparkEnv: Registering BlockManagerMaster
[2021-12-31 13:29:11,258] {spark_submit.py:514} INFO - 21/12/31 13:29:11 INFO BlockManagerMasterEndpoint: Using org.apache.spark.storage.DefaultTopologyMapper for getting topology information
[2021-12-31 13:29:11,271] {spark_submit.py:514} INFO - 21/12/31 13:29:11 INFO BlockManagerMasterEndpoint: BlockManagerMasterEndpoint up
[2021-12-31 13:29:11,338] {spark_submit.py:514} INFO - 21/12/31 13:29:11 INFO SparkEnv: Registering BlockManagerMasterHeartbeat
[2021-12-31 13:29:11,920] {spark_submit.py:514} INFO - 21/12/31 13:29:11 INFO DiskBlockManager: Created local directory at /tmp/blockmgr-834f11ef-21c1-400a-a605-a2e4f87b7748
[2021-12-31 13:29:12,440] {spark_submit.py:514} INFO - 21/12/31 13:29:12 INFO MemoryStore: MemoryStore started with capacity 434.4 MiB
[2021-12-31 13:29:13,839] {spark_submit.py:514} INFO - 21/12/31 13:29:13 INFO SparkEnv: Registering OutputCommitCoordinator
[2021-12-31 13:29:42,049] {spark_submit.py:514} INFO - 21/12/31 13:29:41 WARN Utils: Service 'SparkUI' could not bind on port 4040. Attempting port 4041.
[2021-12-31 13:29:42,109] {spark_submit.py:514} INFO - 21/12/31 13:29:42 WARN Utils: Service 'SparkUI' could not bind on port 4041. Attempting port 4042.
[2021-12-31 13:29:42,118] {spark_submit.py:514} INFO - 21/12/31 13:29:42 WARN Utils: Service 'SparkUI' could not bind on port 4042. Attempting port 4043.
[2021-12-31 13:29:42,123] {spark_submit.py:514} INFO - 21/12/31 13:29:42 WARN Utils: Service 'SparkUI' could not bind on port 4043. Attempting port 4044.
[2021-12-31 13:29:42,557] {spark_submit.py:514} INFO - 21/12/31 13:29:42 INFO Utils: Successfully started service 'SparkUI' on port 4044.
[2021-12-31 13:29:45,722] {spark_submit.py:514} INFO - 21/12/31 13:29:45 INFO SparkUI: Bound SparkUI to 0.0.0.0, and started at http://ee68d8f591c8:4044
[2021-12-31 13:29:50,896] {spark_submit.py:514} INFO - 21/12/31 13:29:50 INFO StandaloneAppClient$ClientEndpoint: Connecting to master spark://spark:7077...
[2021-12-31 13:29:52,785] {spark_submit.py:514} INFO - 21/12/31 13:29:52 INFO TransportClientFactory: Successfully created connection to spark/172.20.0.4:7077 after 739 ms (0 ms spent in bootstraps)
[2021-12-31 13:29:55,346] {spark_submit.py:514} INFO - 21/12/31 13:29:55 INFO StandaloneSchedulerBackend: Connected to Spark cluster with app ID app-20211231132955-0026
[2021-12-31 13:29:55,427] {spark_submit.py:514} INFO - 21/12/31 13:29:55 INFO Utils: Successfully started service 'org.apache.spark.network.netty.NettyBlockTransferService' on port 34155.
[2021-12-31 13:29:55,429] {spark_submit.py:514} INFO - 21/12/31 13:29:55 INFO NettyBlockTransferService: Server created on ee68d8f591c8:34155
[2021-12-31 13:29:55,454] {spark_submit.py:514} INFO - 21/12/31 13:29:55 INFO BlockManager: Using org.apache.spark.storage.RandomBlockReplicationPolicy for block replication policy
[2021-12-31 13:29:55,930] {spark_submit.py:514} INFO - 21/12/31 13:29:55 INFO BlockManagerMaster: Registering BlockManager BlockManagerId(driver, ee68d8f591c8, 34155, None)
[2021-12-31 13:29:56,095] {spark_submit.py:514} INFO - 21/12/31 13:29:56 INFO BlockManagerMasterEndpoint: Registering block manager ee68d8f591c8:34155 with 434.4 MiB RAM, BlockManagerId(driver, ee68d8f591c8, 34155, None)
[2021-12-31 13:29:56,138] {spark_submit.py:514} INFO - 21/12/31 13:29:56 INFO BlockManagerMaster: Registered BlockManager BlockManagerId(driver, ee68d8f591c8, 34155, None)
[2021-12-31 13:29:56,300] {spark_submit.py:514} INFO - 21/12/31 13:29:56 INFO BlockManager: Initialized BlockManager: BlockManagerId(driver, ee68d8f591c8, 34155, None)
[2021-12-31 13:30:05,834] {spark_submit.py:514} INFO - 21/12/31 13:30:05 INFO StandaloneSchedulerBackend: SchedulerBackend is ready for scheduling beginning after reached minRegisteredResourcesRatio: 0.0
[2021-12-31 13:30:07,183] {spark_submit.py:514} INFO - /home/***/.local/lib/python3.6/site-packages/pyspark/python/lib/pyspark.zip/pyspark/context.py:238: FutureWarning: Python 3.6 support is deprecated in Spark 3.2.
[2021-12-31 13:30:07,187] {spark_submit.py:514} INFO - FutureWarning
[2021-12-31 13:30:13,144] {spark_submit.py:514} INFO - 21/12/31 13:30:13 INFO SharedState: Setting hive.metastore.warehouse.dir ('null') to the value of spark.sql.warehouse.dir.
[2021-12-31 13:30:13,666] {spark_submit.py:514} INFO - 21/12/31 13:30:13 INFO SharedState: Warehouse path is 'file:/opt/***/spark-warehouse'.
[2021-12-31 13:30:32,840] {spark_submit.py:514} INFO - running...
[2021-12-31 13:30:34,658] {spark_submit.py:514} INFO - running...
[2021-12-31 13:30:41,392] {spark_submit.py:514} INFO - running...
[2021-12-31 13:30:44,642] {spark_submit.py:514} INFO - running...
[2021-12-31 13:30:46,739] {spark_submit.py:514} INFO - running...
[2021-12-31 13:30:49,118] {spark_submit.py:514} INFO - running...
[2021-12-31 13:30:50,877] {spark_submit.py:514} INFO - running...
[2021-12-31 13:30:52,822] {spark_submit.py:514} INFO - running...
[2021-12-31 13:30:54,304] {spark_submit.py:514} INFO - running...
[2021-12-31 13:30:59,238] {spark_submit.py:514} INFO - running...
[2021-12-31 13:31:04,337] {spark_submit.py:514} INFO - 21/12/31 13:31:04 INFO SparkContext: Invoking stop() from shutdown hook
[2021-12-31 13:31:04,903] {spark_submit.py:514} INFO - 21/12/31 13:31:04 INFO SparkUI: Stopped Spark web UI at http://ee68d8f591c8:4044
[2021-12-31 13:31:05,214] {spark_submit.py:514} INFO - 21/12/31 13:31:05 INFO StandaloneSchedulerBackend: Shutting down all executors
[2021-12-31 13:31:05,498] {spark_submit.py:514} INFO - 21/12/31 13:31:05 INFO CoarseGrainedSchedulerBackend$DriverEndpoint: Asking each executor to shut down
[2021-12-31 13:31:06,105] {spark_submit.py:514} INFO - 21/12/31 13:31:06 INFO MapOutputTrackerMasterEndpoint: MapOutputTrackerMasterEndpoint stopped!
[2021-12-31 13:31:06,424] {spark_submit.py:514} INFO - 21/12/31 13:31:06 INFO MemoryStore: MemoryStore cleared
[2021-12-31 13:31:06,435] {spark_submit.py:514} INFO - 21/12/31 13:31:06 INFO BlockManager: BlockManager stopped
[2021-12-31 13:31:06,471] {spark_submit.py:514} INFO - 21/12/31 13:31:06 INFO BlockManagerMaster: BlockManagerMaster stopped
[2021-12-31 13:31:06,504] {spark_submit.py:514} INFO - 21/12/31 13:31:06 INFO OutputCommitCoordinator$OutputCommitCoordinatorEndpoint: OutputCommitCoordinator stopped!
[2021-12-31 13:31:06,930] {spark_submit.py:514} INFO - 21/12/31 13:31:06 INFO SparkContext: Successfully stopped SparkContext
[2021-12-31 13:31:06,945] {spark_submit.py:514} INFO - 21/12/31 13:31:06 INFO ShutdownHookManager: Shutdown hook called
[2021-12-31 13:31:06,975] {spark_submit.py:514} INFO - 21/12/31 13:31:06 INFO ShutdownHookManager: Deleting directory /tmp/spark-2b613389-d8fd-4dc1-8e6e-b12115e619c5/pyspark-124672c3-6a78-4112-b8ca-f07159732eaa
[2021-12-31 13:31:07,050] {spark_submit.py:514} INFO - 21/12/31 13:31:07 INFO ShutdownHookManager: Deleting directory /tmp/spark-2b613389-d8fd-4dc1-8e6e-b12115e619c5
[2021-12-31 13:31:07,180] {spark_submit.py:514} INFO - 21/12/31 13:31:07 INFO ShutdownHookManager: Deleting directory /tmp/spark-d964896b-f6bd-4a84-a555-987b2896b411
[2021-12-31 13:31:12,084] {taskinstance.py:1280} INFO - Marking task as SUCCESS. dag_id=scraping_daft_carlow, task_id=scrap_data, execution_date=20211230T090500, start_date=20211231T132745, end_date=20211231T133112
[2021-12-31 13:31:12,926] {local_task_job.py:154} INFO - Task exited with return code 0
[2021-12-31 13:31:15,248] {local_task_job.py:264} INFO - 0 downstream tasks scheduled from follow-on schedule check
