[2021-12-27 11:47:48,019] {taskinstance.py:1035} INFO - Dependencies all met for <TaskInstance: scraping_daft_kildare.waiting_for_file scheduled__2021-12-26T09:45:00+00:00 [queued]>
[2021-12-27 11:47:48,038] {taskinstance.py:1035} INFO - Dependencies all met for <TaskInstance: scraping_daft_kildare.waiting_for_file scheduled__2021-12-26T09:45:00+00:00 [queued]>
[2021-12-27 11:47:48,039] {taskinstance.py:1241} INFO - 
--------------------------------------------------------------------------------
[2021-12-27 11:47:48,040] {taskinstance.py:1242} INFO - Starting attempt 1 of 4
[2021-12-27 11:47:48,041] {taskinstance.py:1243} INFO - 
--------------------------------------------------------------------------------
[2021-12-27 11:47:48,064] {taskinstance.py:1262} INFO - Executing <Task(FileSensor): waiting_for_file> on 2021-12-26 09:45:00+00:00
[2021-12-27 11:47:48,076] {standard_task_runner.py:76} INFO - Running: ['***', 'tasks', 'run', 'scraping_daft_kildare', 'waiting_for_file', 'scheduled__2021-12-26T09:45:00+00:00', '--job-id', '4866', '--raw', '--subdir', 'DAGS_FOLDER/scraping_daft_kildare.py', '--cfg-path', '/tmp/tmpjad0se8d', '--error-file', '/tmp/tmpigdq7_mm']
[2021-12-27 11:47:48,078] {standard_task_runner.py:77} INFO - Job 4866: Subtask waiting_for_file
[2021-12-27 11:47:48,070] {standard_task_runner.py:52} INFO - Started process 7659 to run task
[2021-12-27 11:47:48,217] {logging_mixin.py:109} INFO - Running <TaskInstance: scraping_daft_kildare.waiting_for_file scheduled__2021-12-26T09:45:00+00:00 [running]> on host 0c125a5bba95
[2021-12-27 11:47:48,409] {taskinstance.py:1429} INFO - Exporting the following env vars:
AIRFLOW_CTX_DAG_EMAIL=clement.liscoet@gmail.com
AIRFLOW_CTX_DAG_OWNER=clemoni
AIRFLOW_CTX_DAG_ID=scraping_daft_kildare
AIRFLOW_CTX_TASK_ID=waiting_for_file
AIRFLOW_CTX_EXECUTION_DATE=2021-12-26T09:45:00+00:00
AIRFLOW_CTX_DAG_RUN_ID=scheduled__2021-12-26T09:45:00+00:00
[2021-12-27 11:47:48,473] {filesystem.py:59} INFO - Poking for file data/kildare_rent.json
[2021-12-27 11:47:48,476] {filesystem.py:65} INFO - Found File data/kildare_rent.json last modified: 20211227114746
[2021-12-27 11:47:48,477] {base.py:249} INFO - Success criteria met. Exiting.
[2021-12-27 11:47:48,529] {taskinstance.py:1280} INFO - Marking task as SUCCESS. dag_id=scraping_daft_kildare, task_id=waiting_for_file, execution_date=20211226T094500, start_date=20211227T114748, end_date=20211227T114748
[2021-12-27 11:47:48,582] {local_task_job.py:154} INFO - Task exited with return code 0
[2021-12-27 11:47:48,726] {local_task_job.py:264} INFO - 1 downstream tasks scheduled from follow-on schedule check
