[2021-12-15 10:10:45,431] {taskinstance.py:1035} INFO - Dependencies all met for <TaskInstance: scraping_daft_limerick.waiting_for_file scheduled__2021-12-14T10:15:00+00:00 [queued]>
[2021-12-15 10:10:45,452] {taskinstance.py:1035} INFO - Dependencies all met for <TaskInstance: scraping_daft_limerick.waiting_for_file scheduled__2021-12-14T10:15:00+00:00 [queued]>
[2021-12-15 10:10:45,453] {taskinstance.py:1241} INFO - 
--------------------------------------------------------------------------------
[2021-12-15 10:10:45,454] {taskinstance.py:1242} INFO - Starting attempt 1 of 4
[2021-12-15 10:10:45,455] {taskinstance.py:1243} INFO - 
--------------------------------------------------------------------------------
[2021-12-15 10:10:45,475] {taskinstance.py:1262} INFO - Executing <Task(FileSensor): waiting_for_file> on 2021-12-14 10:15:00+00:00
[2021-12-15 10:10:45,481] {standard_task_runner.py:52} INFO - Started process 18185 to run task
[2021-12-15 10:10:45,494] {standard_task_runner.py:76} INFO - Running: ['***', 'tasks', 'run', 'scraping_daft_limerick', 'waiting_for_file', 'scheduled__2021-12-14T10:15:00+00:00', '--job-id', '2486', '--raw', '--subdir', 'DAGS_FOLDER/scraping_daft_limerick.py', '--cfg-path', '/tmp/tmp0yxhhvmh', '--error-file', '/tmp/tmpc7amy418']
[2021-12-15 10:10:45,499] {standard_task_runner.py:77} INFO - Job 2486: Subtask waiting_for_file
[2021-12-15 10:10:45,612] {logging_mixin.py:109} INFO - Running <TaskInstance: scraping_daft_limerick.waiting_for_file scheduled__2021-12-14T10:15:00+00:00 [running]> on host e2904d252e94
[2021-12-15 10:10:45,811] {taskinstance.py:1429} INFO - Exporting the following env vars:
AIRFLOW_CTX_DAG_EMAIL=clement.liscoet@gmail.com
AIRFLOW_CTX_DAG_OWNER=clemoni
AIRFLOW_CTX_DAG_ID=scraping_daft_limerick
AIRFLOW_CTX_TASK_ID=waiting_for_file
AIRFLOW_CTX_EXECUTION_DATE=2021-12-14T10:15:00+00:00
AIRFLOW_CTX_DAG_RUN_ID=scheduled__2021-12-14T10:15:00+00:00
[2021-12-15 10:10:45,865] {filesystem.py:59} INFO - Poking for file data/limerick_rent.json
[2021-12-15 10:10:45,867] {filesystem.py:65} INFO - Found File data/limerick_rent.json last modified: 20211215101043
[2021-12-15 10:10:45,869] {base.py:249} INFO - Success criteria met. Exiting.
[2021-12-15 10:10:45,920] {taskinstance.py:1280} INFO - Marking task as SUCCESS. dag_id=scraping_daft_limerick, task_id=waiting_for_file, execution_date=20211214T101500, start_date=20211215T101045, end_date=20211215T101045
[2021-12-15 10:10:45,948] {local_task_job.py:154} INFO - Task exited with return code 0
[2021-12-15 10:10:46,077] {local_task_job.py:264} INFO - 1 downstream tasks scheduled from follow-on schedule check
