[2021-12-07 20:00:15,676] {taskinstance.py:1035} INFO - Dependencies all met for <TaskInstance: scraping_daft_longford.scrap_data manual__2021-12-07T20:00:12.745107+00:00 [queued]>
[2021-12-07 20:00:15,711] {taskinstance.py:1035} INFO - Dependencies all met for <TaskInstance: scraping_daft_longford.scrap_data manual__2021-12-07T20:00:12.745107+00:00 [queued]>
[2021-12-07 20:00:15,712] {taskinstance.py:1241} INFO - 
--------------------------------------------------------------------------------
[2021-12-07 20:00:15,713] {taskinstance.py:1242} INFO - Starting attempt 1 of 3
[2021-12-07 20:00:15,714] {taskinstance.py:1243} INFO - 
--------------------------------------------------------------------------------
[2021-12-07 20:00:15,735] {taskinstance.py:1262} INFO - Executing <Task(SparkSubmitOperator): scrap_data> on 2021-12-07 20:00:12.745107+00:00
[2021-12-07 20:00:15,776] {standard_task_runner.py:76} INFO - Running: ['***', 'tasks', 'run', 'scraping_daft_longford', 'scrap_data', 'manual__2021-12-07T20:00:12.745107+00:00', '--job-id', '485', '--raw', '--subdir', 'DAGS_FOLDER/scraping_daft_longford.py', '--cfg-path', '/tmp/tmpmjzn_eiy', '--error-file', '/tmp/tmpbdv14rvs']
[2021-12-07 20:00:15,778] {standard_task_runner.py:77} INFO - Job 485: Subtask scrap_data
[2021-12-07 20:00:15,772] {standard_task_runner.py:52} INFO - Started process 5801 to run task
[2021-12-07 20:00:15,887] {logging_mixin.py:109} INFO - Running <TaskInstance: scraping_daft_longford.scrap_data manual__2021-12-07T20:00:12.745107+00:00 [running]> on host 041e6f8654c3
[2021-12-07 20:00:16,093] {taskinstance.py:1429} INFO - Exporting the following env vars:
AIRFLOW_CTX_DAG_EMAIL=***@example.com
AIRFLOW_CTX_DAG_OWNER=clemoni
AIRFLOW_CTX_DAG_ID=scraping_daft_longford
AIRFLOW_CTX_TASK_ID=scrap_data
AIRFLOW_CTX_EXECUTION_DATE=2021-12-07T20:00:12.745107+00:00
AIRFLOW_CTX_DAG_RUN_ID=manual__2021-12-07T20:00:12.745107+00:00
[2021-12-07 20:00:16,119] {base.py:79} INFO - Using connection to: id: spark_default. Host: spark://spark:7077, Port: None, Schema: , Login: ***, Password: ***, extra: {}
[2021-12-07 20:00:16,123] {spark_submit.py:362} INFO - Spark-Submit cmd: spark-submit --master spark://spark:7077 --conf spark.master=spark://spark:7077 --name scrap data --verbose /opt/***/jobs/get_ads_per_county.py longford
[2021-12-07 20:00:17,922] {spark_submit.py:523} INFO - Using properties file: null
[2021-12-07 20:00:18,042] {spark_submit.py:523} INFO - WARNING: An illegal reflective access operation has occurred
[2021-12-07 20:00:18,043] {spark_submit.py:523} INFO - WARNING: Illegal reflective access by org.apache.spark.unsafe.Platform (file:/home/***/.local/lib/python3.6/site-packages/pyspark/jars/spark-unsafe_2.12-3.2.0.jar) to constructor java.nio.DirectByteBuffer(long,int)
[2021-12-07 20:00:18,044] {spark_submit.py:523} INFO - WARNING: Please consider reporting this to the maintainers of org.apache.spark.unsafe.Platform
[2021-12-07 20:00:18,045] {spark_submit.py:523} INFO - WARNING: Use --illegal-access=warn to enable warnings of further illegal reflective access operations
[2021-12-07 20:00:18,046] {spark_submit.py:523} INFO - WARNING: All illegal access operations will be denied in a future release
[2021-12-07 20:00:18,109] {spark_submit.py:523} INFO - Parsed arguments:
[2021-12-07 20:00:18,110] {spark_submit.py:523} INFO - master                  spark://spark:7077
[2021-12-07 20:00:18,111] {spark_submit.py:523} INFO - deployMode              null
[2021-12-07 20:00:18,112] {spark_submit.py:523} INFO - executorMemory          null
[2021-12-07 20:00:18,113] {spark_submit.py:523} INFO - executorCores           null
[2021-12-07 20:00:18,114] {spark_submit.py:523} INFO - totalExecutorCores      null
[2021-12-07 20:00:18,114] {spark_submit.py:523} INFO - propertiesFile          null
[2021-12-07 20:00:18,115] {spark_submit.py:523} INFO - driverMemory            null
[2021-12-07 20:00:18,116] {spark_submit.py:523} INFO - driverCores             null
[2021-12-07 20:00:18,117] {spark_submit.py:523} INFO - driverExtraClassPath    null
[2021-12-07 20:00:18,118] {spark_submit.py:523} INFO - driverExtraLibraryPath  null
[2021-12-07 20:00:18,120] {spark_submit.py:523} INFO - driverExtraJavaOptions  null
[2021-12-07 20:00:18,121] {spark_submit.py:523} INFO - supervise               false
[2021-12-07 20:00:18,121] {spark_submit.py:523} INFO - queue                   null
[2021-12-07 20:00:18,122] {spark_submit.py:523} INFO - numExecutors            null
[2021-12-07 20:00:18,123] {spark_submit.py:523} INFO - files                   null
[2021-12-07 20:00:18,124] {spark_submit.py:523} INFO - pyFiles                 null
[2021-12-07 20:00:18,125] {spark_submit.py:523} INFO - archives                null
[2021-12-07 20:00:18,126] {spark_submit.py:523} INFO - mainClass               null
[2021-12-07 20:00:18,127] {spark_submit.py:523} INFO - primaryResource         file:/opt/***/jobs/get_ads_per_county.py
[2021-12-07 20:00:18,127] {spark_submit.py:523} INFO - name                    scrap data
[2021-12-07 20:00:18,128] {spark_submit.py:523} INFO - childArgs               [longford]
[2021-12-07 20:00:18,129] {spark_submit.py:523} INFO - jars                    null
[2021-12-07 20:00:18,130] {spark_submit.py:523} INFO - packages                null
[2021-12-07 20:00:18,131] {spark_submit.py:523} INFO - packagesExclusions      null
[2021-12-07 20:00:18,132] {spark_submit.py:523} INFO - repositories            null
[2021-12-07 20:00:18,133] {spark_submit.py:523} INFO - verbose                 true
[2021-12-07 20:00:18,134] {spark_submit.py:523} INFO - 
[2021-12-07 20:00:18,134] {spark_submit.py:523} INFO - Spark properties used, including those specified through
[2021-12-07 20:00:18,135] {spark_submit.py:523} INFO - --conf and those from the properties file null:
[2021-12-07 20:00:18,136] {spark_submit.py:523} INFO - (spark.master,spark://spark:7077)
[2021-12-07 20:00:18,137] {spark_submit.py:523} INFO - 
[2021-12-07 20:00:18,138] {spark_submit.py:523} INFO - 
[2021-12-07 20:00:18,478] {spark_submit.py:523} INFO - Main class:
[2021-12-07 20:00:18,479] {spark_submit.py:523} INFO - org.apache.spark.deploy.PythonRunner
[2021-12-07 20:00:18,480] {spark_submit.py:523} INFO - Arguments:
[2021-12-07 20:00:18,482] {spark_submit.py:523} INFO - file:/opt/***/jobs/get_ads_per_county.py
[2021-12-07 20:00:18,483] {spark_submit.py:523} INFO - null
[2021-12-07 20:00:18,484] {spark_submit.py:523} INFO - longford
[2021-12-07 20:00:18,485] {spark_submit.py:523} INFO - --verbose
[2021-12-07 20:00:18,486] {spark_submit.py:523} INFO - Spark config:
[2021-12-07 20:00:18,487] {spark_submit.py:523} INFO - (spark.app.name,scrap data)
[2021-12-07 20:00:18,488] {spark_submit.py:523} INFO - (spark.master,spark://spark:7077)
[2021-12-07 20:00:18,489] {spark_submit.py:523} INFO - (spark.submit.pyFiles,)
[2021-12-07 20:00:18,490] {spark_submit.py:523} INFO - (spark.submit.deployMode,client)
[2021-12-07 20:00:18,491] {spark_submit.py:523} INFO - Classpath elements:
[2021-12-07 20:00:18,492] {spark_submit.py:523} INFO - 
[2021-12-07 20:00:18,493] {spark_submit.py:523} INFO - 
[2021-12-07 20:00:18,494] {spark_submit.py:523} INFO - 
[2021-12-07 20:00:19,836] {spark_submit.py:523} INFO - Using Spark's default log4j profile: org/apache/spark/log4j-defaults.properties
[2021-12-07 20:00:19,855] {spark_submit.py:523} INFO - 21/12/07 20:00:19 INFO SparkContext: Running Spark version 3.2.0
[2021-12-07 20:00:20,032] {spark_submit.py:523} INFO - 21/12/07 20:00:20 WARN NativeCodeLoader: Unable to load native-hadoop library for your platform... using builtin-java classes where applicable
[2021-12-07 20:00:20,307] {spark_submit.py:523} INFO - 21/12/07 20:00:20 INFO ResourceUtils: ==============================================================
[2021-12-07 20:00:20,308] {spark_submit.py:523} INFO - 21/12/07 20:00:20 INFO ResourceUtils: No custom resources configured for spark.driver.
[2021-12-07 20:00:20,309] {spark_submit.py:523} INFO - 21/12/07 20:00:20 INFO ResourceUtils: ==============================================================
[2021-12-07 20:00:20,310] {spark_submit.py:523} INFO - 21/12/07 20:00:20 INFO SparkContext: Submitted application: Get Ads per county
[2021-12-07 20:00:20,355] {spark_submit.py:523} INFO - 21/12/07 20:00:20 INFO ResourceProfile: Default ResourceProfile created, executor resources: Map(cores -> name: cores, amount: 1, script: , vendor: , memory -> name: memory, amount: 1024, script: , vendor: , offHeap -> name: offHeap, amount: 0, script: , vendor: ), task resources: Map(cpus -> name: cpus, amount: 1.0)
[2021-12-07 20:00:20,373] {spark_submit.py:523} INFO - 21/12/07 20:00:20 INFO ResourceProfile: Limiting resource is cpu
[2021-12-07 20:00:20,375] {spark_submit.py:523} INFO - 21/12/07 20:00:20 INFO ResourceProfileManager: Added ResourceProfile id: 0
[2021-12-07 20:00:20,478] {spark_submit.py:523} INFO - 21/12/07 20:00:20 INFO SecurityManager: Changing view acls to: ***
[2021-12-07 20:00:20,481] {spark_submit.py:523} INFO - 21/12/07 20:00:20 INFO SecurityManager: Changing modify acls to: ***
[2021-12-07 20:00:20,483] {spark_submit.py:523} INFO - 21/12/07 20:00:20 INFO SecurityManager: Changing view acls groups to:
[2021-12-07 20:00:20,491] {spark_submit.py:523} INFO - 21/12/07 20:00:20 INFO SecurityManager: Changing modify acls groups to:
[2021-12-07 20:00:20,496] {spark_submit.py:523} INFO - 21/12/07 20:00:20 INFO SecurityManager: SecurityManager: authentication disabled; ui acls disabled; users  with view permissions: Set(***); groups with view permissions: Set(); users  with modify permissions: Set(***); groups with modify permissions: Set()
[2021-12-07 20:00:21,052] {spark_submit.py:523} INFO - 21/12/07 20:00:21 INFO Utils: Successfully started service 'sparkDriver' on port 40817.
[2021-12-07 20:00:21,111] {spark_submit.py:523} INFO - 21/12/07 20:00:21 INFO SparkEnv: Registering MapOutputTracker
[2021-12-07 20:00:21,183] {spark_submit.py:523} INFO - 21/12/07 20:00:21 INFO SparkEnv: Registering BlockManagerMaster
[2021-12-07 20:00:21,221] {spark_submit.py:523} INFO - 21/12/07 20:00:21 INFO BlockManagerMasterEndpoint: Using org.apache.spark.storage.DefaultTopologyMapper for getting topology information
[2021-12-07 20:00:21,223] {spark_submit.py:523} INFO - 21/12/07 20:00:21 INFO BlockManagerMasterEndpoint: BlockManagerMasterEndpoint up
[2021-12-07 20:00:21,232] {spark_submit.py:523} INFO - 21/12/07 20:00:21 INFO SparkEnv: Registering BlockManagerMasterHeartbeat
[2021-12-07 20:00:21,274] {spark_submit.py:523} INFO - 21/12/07 20:00:21 INFO DiskBlockManager: Created local directory at /tmp/blockmgr-eeab9a23-812b-44a8-9796-a0b3d4293b27
[2021-12-07 20:00:21,308] {spark_submit.py:523} INFO - 21/12/07 20:00:21 INFO MemoryStore: MemoryStore started with capacity 434.4 MiB
[2021-12-07 20:00:21,337] {spark_submit.py:523} INFO - 21/12/07 20:00:21 INFO SparkEnv: Registering OutputCommitCoordinator
[2021-12-07 20:00:21,723] {spark_submit.py:523} INFO - 21/12/07 20:00:21 WARN Utils: Service 'SparkUI' could not bind on port 4040. Attempting port 4041.
[2021-12-07 20:00:21,741] {spark_submit.py:523} INFO - 21/12/07 20:00:21 INFO Utils: Successfully started service 'SparkUI' on port 4041.
[2021-12-07 20:00:21,857] {spark_submit.py:523} INFO - 21/12/07 20:00:21 INFO SparkUI: Bound SparkUI to 0.0.0.0, and started at http://041e6f8654c3:4041
[2021-12-07 20:00:22,256] {spark_submit.py:523} INFO - 21/12/07 20:00:22 INFO StandaloneAppClient$ClientEndpoint: Connecting to master spark://spark:7077...
[2021-12-07 20:00:22,421] {spark_submit.py:523} INFO - 21/12/07 20:00:22 INFO TransportClientFactory: Successfully created connection to spark/172.31.0.4:7077 after 85 ms (0 ms spent in bootstraps)
[2021-12-07 20:00:22,607] {spark_submit.py:523} INFO - 21/12/07 20:00:22 INFO StandaloneSchedulerBackend: Connected to Spark cluster with app ID app-20211207200022-0033
[2021-12-07 20:00:22,619] {spark_submit.py:523} INFO - 21/12/07 20:00:22 INFO Utils: Successfully started service 'org.apache.spark.network.netty.NettyBlockTransferService' on port 36425.
[2021-12-07 20:00:22,620] {spark_submit.py:523} INFO - 21/12/07 20:00:22 INFO NettyBlockTransferService: Server created on 041e6f8654c3:36425
[2021-12-07 20:00:22,623] {spark_submit.py:523} INFO - 21/12/07 20:00:22 INFO BlockManager: Using org.apache.spark.storage.RandomBlockReplicationPolicy for block replication policy
[2021-12-07 20:00:22,636] {spark_submit.py:523} INFO - 21/12/07 20:00:22 INFO BlockManagerMaster: Registering BlockManager BlockManagerId(driver, 041e6f8654c3, 36425, None)
[2021-12-07 20:00:22,644] {spark_submit.py:523} INFO - 21/12/07 20:00:22 INFO BlockManagerMasterEndpoint: Registering block manager 041e6f8654c3:36425 with 434.4 MiB RAM, BlockManagerId(driver, 041e6f8654c3, 36425, None)
[2021-12-07 20:00:22,649] {spark_submit.py:523} INFO - 21/12/07 20:00:22 INFO BlockManagerMaster: Registered BlockManager BlockManagerId(driver, 041e6f8654c3, 36425, None)
[2021-12-07 20:00:22,651] {spark_submit.py:523} INFO - 21/12/07 20:00:22 INFO BlockManager: Initialized BlockManager: BlockManagerId(driver, 041e6f8654c3, 36425, None)
[2021-12-07 20:00:22,941] {spark_submit.py:523} INFO - 21/12/07 20:00:22 INFO StandaloneSchedulerBackend: SchedulerBackend is ready for scheduling beginning after reached minRegisteredResourcesRatio: 0.0
[2021-12-07 20:00:22,994] {spark_submit.py:523} INFO - /home/***/.local/lib/python3.6/site-packages/pyspark/python/lib/pyspark.zip/pyspark/context.py:238: FutureWarning: Python 3.6 support is deprecated in Spark 3.2.
[2021-12-07 20:00:22,996] {spark_submit.py:523} INFO - FutureWarning
[2021-12-07 20:00:23,384] {spark_submit.py:523} INFO - 21/12/07 20:00:23 INFO SharedState: Setting hive.metastore.warehouse.dir ('null') to the value of spark.sql.warehouse.dir.
[2021-12-07 20:00:23,427] {spark_submit.py:523} INFO - 21/12/07 20:00:23 INFO SharedState: Warehouse path is 'file:/opt/***/spark-warehouse'.
[2021-12-07 20:00:45,585] {spark_submit.py:523} INFO - running...
[2021-12-07 20:00:50,352] {spark_submit.py:523} INFO - running...
[2021-12-07 20:00:51,941] {spark_submit.py:523} INFO - running...
[2021-12-07 20:00:56,651] {spark_submit.py:523} INFO - running...
[2021-12-07 20:01:01,317] {spark_submit.py:523} INFO - running...
[2021-12-07 20:01:04,231] {spark_submit.py:523} INFO - running...
[2021-12-07 20:01:07,966] {spark_submit.py:523} INFO - running...
[2021-12-07 20:01:10,769] {spark_submit.py:523} INFO - running...
[2021-12-07 20:01:14,400] {spark_submit.py:523} INFO - running...
[2021-12-07 20:01:17,478] {spark_submit.py:523} INFO - running...
[2021-12-07 20:01:17,541] {spark_submit.py:523} INFO - 21/12/07 20:01:17 INFO StandaloneAppClient$ClientEndpoint: Executor added: app-20211207200022-0033/0 on worker-20211207194546-172.31.0.5-40317 (172.31.0.5:40317) with 6 core(s)
[2021-12-07 20:01:17,548] {spark_submit.py:523} INFO - 21/12/07 20:01:17 INFO StandaloneSchedulerBackend: Granted executor ID app-20211207200022-0033/0 on hostPort 172.31.0.5:40317 with 6 core(s), 1024.0 MiB RAM
[2021-12-07 20:01:17,553] {spark_submit.py:523} INFO - 21/12/07 20:01:17 INFO StandaloneAppClient$ClientEndpoint: Executor added: app-20211207200022-0033/1 on worker-20211207194546-172.31.0.6-46445 (172.31.0.6:46445) with 6 core(s)
[2021-12-07 20:01:17,556] {spark_submit.py:523} INFO - 21/12/07 20:01:17 INFO StandaloneSchedulerBackend: Granted executor ID app-20211207200022-0033/1 on hostPort 172.31.0.6:46445 with 6 core(s), 1024.0 MiB RAM
[2021-12-07 20:01:17,734] {spark_submit.py:523} INFO - 21/12/07 20:01:17 INFO StandaloneAppClient$ClientEndpoint: Executor updated: app-20211207200022-0033/0 is now RUNNING
[2021-12-07 20:01:17,836] {spark_submit.py:523} INFO - 21/12/07 20:01:17 INFO StandaloneAppClient$ClientEndpoint: Executor updated: app-20211207200022-0033/1 is now RUNNING
[2021-12-07 20:01:23,379] {spark_submit.py:523} INFO - running...
[2021-12-07 20:01:26,496] {spark_submit.py:523} INFO - 21/12/07 20:01:26 INFO CoarseGrainedSchedulerBackend$DriverEndpoint: Registered executor NettyRpcEndpointRef(spark-client://Executor) (172.31.0.5:51660) with ID 0,  ResourceProfileId 0
[2021-12-07 20:01:26,614] {spark_submit.py:523} INFO - 21/12/07 20:01:26 INFO CoarseGrainedSchedulerBackend$DriverEndpoint: Registered executor NettyRpcEndpointRef(spark-client://Executor) (172.31.0.6:48384) with ID 1,  ResourceProfileId 0
[2021-12-07 20:01:27,144] {spark_submit.py:523} INFO - 21/12/07 20:01:27 INFO BlockManagerMasterEndpoint: Registering block manager 172.31.0.5:36555 with 366.3 MiB RAM, BlockManagerId(0, 172.31.0.5, 36555, None)
[2021-12-07 20:01:27,335] {spark_submit.py:523} INFO - 21/12/07 20:01:27 INFO BlockManagerMasterEndpoint: Registering block manager 172.31.0.6:33801 with 366.3 MiB RAM, BlockManagerId(1, 172.31.0.6, 33801, None)
[2021-12-07 20:01:33,561] {spark_submit.py:523} INFO - 21/12/07 20:01:33 INFO SparkContext: Invoking stop() from shutdown hook
[2021-12-07 20:01:33,590] {spark_submit.py:523} INFO - 21/12/07 20:01:33 INFO SparkUI: Stopped Spark web UI at http://041e6f8654c3:4041
[2021-12-07 20:01:33,612] {spark_submit.py:523} INFO - 21/12/07 20:01:33 INFO StandaloneSchedulerBackend: Shutting down all executors
[2021-12-07 20:01:33,614] {spark_submit.py:523} INFO - 21/12/07 20:01:33 INFO CoarseGrainedSchedulerBackend$DriverEndpoint: Asking each executor to shut down
[2021-12-07 20:01:33,754] {spark_submit.py:523} INFO - 21/12/07 20:01:33 INFO MapOutputTrackerMasterEndpoint: MapOutputTrackerMasterEndpoint stopped!
[2021-12-07 20:01:33,896] {spark_submit.py:523} INFO - 21/12/07 20:01:33 INFO MemoryStore: MemoryStore cleared
[2021-12-07 20:01:33,899] {spark_submit.py:523} INFO - 21/12/07 20:01:33 INFO BlockManager: BlockManager stopped
[2021-12-07 20:01:33,922] {spark_submit.py:523} INFO - 21/12/07 20:01:33 INFO BlockManagerMaster: BlockManagerMaster stopped
[2021-12-07 20:01:33,933] {spark_submit.py:523} INFO - 21/12/07 20:01:33 INFO OutputCommitCoordinator$OutputCommitCoordinatorEndpoint: OutputCommitCoordinator stopped!
[2021-12-07 20:01:34,024] {spark_submit.py:523} INFO - 21/12/07 20:01:34 INFO SparkContext: Successfully stopped SparkContext
[2021-12-07 20:01:34,050] {spark_submit.py:523} INFO - 21/12/07 20:01:34 INFO ShutdownHookManager: Shutdown hook called
[2021-12-07 20:01:34,068] {spark_submit.py:523} INFO - 21/12/07 20:01:34 INFO ShutdownHookManager: Deleting directory /tmp/spark-19b9a708-76da-48ab-a19a-dfc22f6afc24/pyspark-bbb89a5b-3640-4445-a664-47a64d704995
[2021-12-07 20:01:34,093] {spark_submit.py:523} INFO - 21/12/07 20:01:34 INFO ShutdownHookManager: Deleting directory /tmp/spark-19b9a708-76da-48ab-a19a-dfc22f6afc24
[2021-12-07 20:01:34,126] {spark_submit.py:523} INFO - 21/12/07 20:01:34 INFO ShutdownHookManager: Deleting directory /tmp/spark-10a54caf-659e-4495-a0a6-edae38128cfe
[2021-12-07 20:01:34,823] {taskinstance.py:1280} INFO - Marking task as SUCCESS. dag_id=scraping_daft_longford, task_id=scrap_data, execution_date=20211207T200012, start_date=20211207T200015, end_date=20211207T200134
[2021-12-07 20:01:34,978] {local_task_job.py:154} INFO - Task exited with return code 0
[2021-12-07 20:01:35,564] {local_task_job.py:264} INFO - 0 downstream tasks scheduled from follow-on schedule check
