[2021-12-07 16:51:57,003] {taskinstance.py:1035} INFO - Dependencies all met for <TaskInstance: scraping_daft_cork.persist_data manual__2021-12-07T16:50:05.294816+00:00 [queued]>
[2021-12-07 16:51:57,023] {taskinstance.py:1035} INFO - Dependencies all met for <TaskInstance: scraping_daft_cork.persist_data manual__2021-12-07T16:50:05.294816+00:00 [queued]>
[2021-12-07 16:51:57,024] {taskinstance.py:1241} INFO - 
--------------------------------------------------------------------------------
[2021-12-07 16:51:57,025] {taskinstance.py:1242} INFO - Starting attempt 1 of 3
[2021-12-07 16:51:57,026] {taskinstance.py:1243} INFO - 
--------------------------------------------------------------------------------
[2021-12-07 16:51:57,047] {taskinstance.py:1262} INFO - Executing <Task(SparkSubmitOperator): persist_data> on 2021-12-07 16:50:05.294816+00:00
[2021-12-07 16:51:57,059] {standard_task_runner.py:76} INFO - Running: ['***', 'tasks', 'run', 'scraping_daft_cork', 'persist_data', 'manual__2021-12-07T16:50:05.294816+00:00', '--job-id', '391', '--raw', '--subdir', 'DAGS_FOLDER/scraping_daft_cork.py', '--cfg-path', '/tmp/tmpgky5nkbj', '--error-file', '/tmp/tmp51l1hc1o']
[2021-12-07 16:51:57,061] {standard_task_runner.py:77} INFO - Job 391: Subtask persist_data
[2021-12-07 16:51:57,055] {standard_task_runner.py:52} INFO - Started process 6923 to run task
[2021-12-07 16:51:57,177] {logging_mixin.py:109} INFO - Running <TaskInstance: scraping_daft_cork.persist_data manual__2021-12-07T16:50:05.294816+00:00 [running]> on host ec9c140e7984
[2021-12-07 16:51:57,350] {taskinstance.py:1429} INFO - Exporting the following env vars:
AIRFLOW_CTX_DAG_EMAIL=***@example.com
AIRFLOW_CTX_DAG_OWNER=clemoni
AIRFLOW_CTX_DAG_ID=scraping_daft_cork
AIRFLOW_CTX_TASK_ID=persist_data
AIRFLOW_CTX_EXECUTION_DATE=2021-12-07T16:50:05.294816+00:00
AIRFLOW_CTX_DAG_RUN_ID=manual__2021-12-07T16:50:05.294816+00:00
[2021-12-07 16:51:57,380] {base.py:79} INFO - Using connection to: id: spark_default. Host: spark://spark:7077, Port: None, Schema: , Login: ***, Password: ***, extra: {}
[2021-12-07 16:51:57,384] {spark_submit.py:362} INFO - Spark-Submit cmd: spark-submit --master spark://spark:7077 --conf spark.master=spark://spark:7077 --name persist data --verbose /opt/***/jobs/persist_db.py cork
[2021-12-07 16:51:59,763] {spark_submit.py:523} INFO - Using properties file: null
[2021-12-07 16:51:59,933] {spark_submit.py:523} INFO - WARNING: An illegal reflective access operation has occurred
[2021-12-07 16:51:59,936] {spark_submit.py:523} INFO - WARNING: Illegal reflective access by org.apache.spark.unsafe.Platform (file:/home/***/.local/lib/python3.6/site-packages/pyspark/jars/spark-unsafe_2.12-3.2.0.jar) to constructor java.nio.DirectByteBuffer(long,int)
[2021-12-07 16:51:59,940] {spark_submit.py:523} INFO - WARNING: Please consider reporting this to the maintainers of org.apache.spark.unsafe.Platform
[2021-12-07 16:51:59,943] {spark_submit.py:523} INFO - WARNING: Use --illegal-access=warn to enable warnings of further illegal reflective access operations
[2021-12-07 16:51:59,946] {spark_submit.py:523} INFO - WARNING: All illegal access operations will be denied in a future release
[2021-12-07 16:52:00,029] {spark_submit.py:523} INFO - Parsed arguments:
[2021-12-07 16:52:00,032] {spark_submit.py:523} INFO - master                  spark://spark:7077
[2021-12-07 16:52:00,034] {spark_submit.py:523} INFO - deployMode              null
[2021-12-07 16:52:00,037] {spark_submit.py:523} INFO - executorMemory          null
[2021-12-07 16:52:00,039] {spark_submit.py:523} INFO - executorCores           null
[2021-12-07 16:52:00,040] {spark_submit.py:523} INFO - totalExecutorCores      null
[2021-12-07 16:52:00,041] {spark_submit.py:523} INFO - propertiesFile          null
[2021-12-07 16:52:00,043] {spark_submit.py:523} INFO - driverMemory            null
[2021-12-07 16:52:00,044] {spark_submit.py:523} INFO - driverCores             null
[2021-12-07 16:52:00,045] {spark_submit.py:523} INFO - driverExtraClassPath    null
[2021-12-07 16:52:00,046] {spark_submit.py:523} INFO - driverExtraLibraryPath  null
[2021-12-07 16:52:00,048] {spark_submit.py:523} INFO - driverExtraJavaOptions  null
[2021-12-07 16:52:00,049] {spark_submit.py:523} INFO - supervise               false
[2021-12-07 16:52:00,051] {spark_submit.py:523} INFO - queue                   null
[2021-12-07 16:52:00,052] {spark_submit.py:523} INFO - numExecutors            null
[2021-12-07 16:52:00,053] {spark_submit.py:523} INFO - files                   null
[2021-12-07 16:52:00,054] {spark_submit.py:523} INFO - pyFiles                 null
[2021-12-07 16:52:00,055] {spark_submit.py:523} INFO - archives                null
[2021-12-07 16:52:00,060] {spark_submit.py:523} INFO - mainClass               null
[2021-12-07 16:52:00,061] {spark_submit.py:523} INFO - primaryResource         file:/opt/***/jobs/persist_db.py
[2021-12-07 16:52:00,062] {spark_submit.py:523} INFO - name                    persist data
[2021-12-07 16:52:00,063] {spark_submit.py:523} INFO - childArgs               [cork]
[2021-12-07 16:52:00,064] {spark_submit.py:523} INFO - jars                    null
[2021-12-07 16:52:00,065] {spark_submit.py:523} INFO - packages                null
[2021-12-07 16:52:00,066] {spark_submit.py:523} INFO - packagesExclusions      null
[2021-12-07 16:52:00,067] {spark_submit.py:523} INFO - repositories            null
[2021-12-07 16:52:00,069] {spark_submit.py:523} INFO - verbose                 true
[2021-12-07 16:52:00,070] {spark_submit.py:523} INFO - 
[2021-12-07 16:52:00,071] {spark_submit.py:523} INFO - Spark properties used, including those specified through
[2021-12-07 16:52:00,072] {spark_submit.py:523} INFO - --conf and those from the properties file null:
[2021-12-07 16:52:00,073] {spark_submit.py:523} INFO - (spark.master,spark://spark:7077)
[2021-12-07 16:52:00,074] {spark_submit.py:523} INFO - 
[2021-12-07 16:52:00,075] {spark_submit.py:523} INFO - 
[2021-12-07 16:52:00,521] {spark_submit.py:523} INFO - Main class:
[2021-12-07 16:52:00,526] {spark_submit.py:523} INFO - org.apache.spark.deploy.PythonRunner
[2021-12-07 16:52:00,528] {spark_submit.py:523} INFO - Arguments:
[2021-12-07 16:52:00,532] {spark_submit.py:523} INFO - file:/opt/***/jobs/persist_db.py
[2021-12-07 16:52:00,533] {spark_submit.py:523} INFO - null
[2021-12-07 16:52:00,534] {spark_submit.py:523} INFO - cork
[2021-12-07 16:52:00,535] {spark_submit.py:523} INFO - --verbose
[2021-12-07 16:52:00,536] {spark_submit.py:523} INFO - Spark config:
[2021-12-07 16:52:00,538] {spark_submit.py:523} INFO - (spark.master,spark://spark:7077)
[2021-12-07 16:52:00,539] {spark_submit.py:523} INFO - (spark.app.name,persist data)
[2021-12-07 16:52:00,540] {spark_submit.py:523} INFO - (spark.submit.pyFiles,)
[2021-12-07 16:52:00,541] {spark_submit.py:523} INFO - (spark.submit.deployMode,client)
[2021-12-07 16:52:00,543] {spark_submit.py:523} INFO - Classpath elements:
[2021-12-07 16:52:00,544] {spark_submit.py:523} INFO - 
[2021-12-07 16:52:00,546] {spark_submit.py:523} INFO - 
[2021-12-07 16:52:00,547] {spark_submit.py:523} INFO - 
[2021-12-07 16:52:01,970] {spark_submit.py:523} INFO - Using Spark's default log4j profile: org/apache/spark/log4j-defaults.properties
[2021-12-07 16:52:01,993] {spark_submit.py:523} INFO - 21/12/07 16:52:01 INFO SparkContext: Running Spark version 3.2.0
[2021-12-07 16:52:02,149] {spark_submit.py:523} INFO - 21/12/07 16:52:02 WARN NativeCodeLoader: Unable to load native-hadoop library for your platform... using builtin-java classes where applicable
[2021-12-07 16:52:02,336] {spark_submit.py:523} INFO - 21/12/07 16:52:02 INFO ResourceUtils: ==============================================================
[2021-12-07 16:52:02,337] {spark_submit.py:523} INFO - 21/12/07 16:52:02 INFO ResourceUtils: No custom resources configured for spark.driver.
[2021-12-07 16:52:02,339] {spark_submit.py:523} INFO - 21/12/07 16:52:02 INFO ResourceUtils: ==============================================================
[2021-12-07 16:52:02,340] {spark_submit.py:523} INFO - 21/12/07 16:52:02 INFO SparkContext: Submitted application: Persist DB
[2021-12-07 16:52:02,377] {spark_submit.py:523} INFO - 21/12/07 16:52:02 INFO ResourceProfile: Default ResourceProfile created, executor resources: Map(cores -> name: cores, amount: 1, script: , vendor: , memory -> name: memory, amount: 1024, script: , vendor: , offHeap -> name: offHeap, amount: 0, script: , vendor: ), task resources: Map(cpus -> name: cpus, amount: 1.0)
[2021-12-07 16:52:02,396] {spark_submit.py:523} INFO - 21/12/07 16:52:02 INFO ResourceProfile: Limiting resource is cpu
[2021-12-07 16:52:02,397] {spark_submit.py:523} INFO - 21/12/07 16:52:02 INFO ResourceProfileManager: Added ResourceProfile id: 0
[2021-12-07 16:52:02,502] {spark_submit.py:523} INFO - 21/12/07 16:52:02 INFO SecurityManager: Changing view acls to: ***
[2021-12-07 16:52:02,503] {spark_submit.py:523} INFO - 21/12/07 16:52:02 INFO SecurityManager: Changing modify acls to: ***
[2021-12-07 16:52:02,504] {spark_submit.py:523} INFO - 21/12/07 16:52:02 INFO SecurityManager: Changing view acls groups to:
[2021-12-07 16:52:02,505] {spark_submit.py:523} INFO - 21/12/07 16:52:02 INFO SecurityManager: Changing modify acls groups to:
[2021-12-07 16:52:02,522] {spark_submit.py:523} INFO - 21/12/07 16:52:02 INFO SecurityManager: SecurityManager: authentication disabled; ui acls disabled; users  with view permissions: Set(***); groups with view permissions: Set(); users  with modify permissions: Set(***); groups with modify permissions: Set()
[2021-12-07 16:52:02,993] {spark_submit.py:523} INFO - 21/12/07 16:52:02 INFO Utils: Successfully started service 'sparkDriver' on port 46723.
[2021-12-07 16:52:03,049] {spark_submit.py:523} INFO - 21/12/07 16:52:03 INFO SparkEnv: Registering MapOutputTracker
[2021-12-07 16:52:03,117] {spark_submit.py:523} INFO - 21/12/07 16:52:03 INFO SparkEnv: Registering BlockManagerMaster
[2021-12-07 16:52:03,154] {spark_submit.py:523} INFO - 21/12/07 16:52:03 INFO BlockManagerMasterEndpoint: Using org.apache.spark.storage.DefaultTopologyMapper for getting topology information
[2021-12-07 16:52:03,155] {spark_submit.py:523} INFO - 21/12/07 16:52:03 INFO BlockManagerMasterEndpoint: BlockManagerMasterEndpoint up
[2021-12-07 16:52:03,164] {spark_submit.py:523} INFO - 21/12/07 16:52:03 INFO SparkEnv: Registering BlockManagerMasterHeartbeat
[2021-12-07 16:52:03,206] {spark_submit.py:523} INFO - 21/12/07 16:52:03 INFO DiskBlockManager: Created local directory at /tmp/blockmgr-db10191d-f0e4-44a0-ab8e-71baf94168ca
[2021-12-07 16:52:03,245] {spark_submit.py:523} INFO - 21/12/07 16:52:03 INFO MemoryStore: MemoryStore started with capacity 434.4 MiB
[2021-12-07 16:52:03,277] {spark_submit.py:523} INFO - 21/12/07 16:52:03 INFO SparkEnv: Registering OutputCommitCoordinator
[2021-12-07 16:52:03,649] {spark_submit.py:523} INFO - 21/12/07 16:52:03 INFO Utils: Successfully started service 'SparkUI' on port 4040.
[2021-12-07 16:52:03,751] {spark_submit.py:523} INFO - 21/12/07 16:52:03 INFO SparkUI: Bound SparkUI to 0.0.0.0, and started at http://ec9c140e7984:4040
[2021-12-07 16:52:04,058] {spark_submit.py:523} INFO - 21/12/07 16:52:04 INFO StandaloneAppClient$ClientEndpoint: Connecting to master spark://spark:7077...
[2021-12-07 16:52:04,200] {spark_submit.py:523} INFO - 21/12/07 16:52:04 INFO TransportClientFactory: Successfully created connection to spark/172.30.0.4:7077 after 85 ms (0 ms spent in bootstraps)
[2021-12-07 16:52:04,402] {spark_submit.py:523} INFO - 21/12/07 16:52:04 INFO StandaloneSchedulerBackend: Connected to Spark cluster with app ID app-20211207165204-0031
[2021-12-07 16:52:04,408] {spark_submit.py:523} INFO - 21/12/07 16:52:04 INFO StandaloneAppClient$ClientEndpoint: Executor added: app-20211207165204-0031/0 on worker-20211207161718-172.30.0.5-39389 (172.30.0.5:39389) with 6 core(s)
[2021-12-07 16:52:04,411] {spark_submit.py:523} INFO - 21/12/07 16:52:04 INFO StandaloneSchedulerBackend: Granted executor ID app-20211207165204-0031/0 on hostPort 172.30.0.5:39389 with 6 core(s), 1024.0 MiB RAM
[2021-12-07 16:52:04,413] {spark_submit.py:523} INFO - 21/12/07 16:52:04 INFO StandaloneAppClient$ClientEndpoint: Executor added: app-20211207165204-0031/1 on worker-20211207161719-172.30.0.6-44905 (172.30.0.6:44905) with 6 core(s)
[2021-12-07 16:52:04,417] {spark_submit.py:523} INFO - 21/12/07 16:52:04 INFO StandaloneSchedulerBackend: Granted executor ID app-20211207165204-0031/1 on hostPort 172.30.0.6:44905 with 6 core(s), 1024.0 MiB RAM
[2021-12-07 16:52:04,431] {spark_submit.py:523} INFO - 21/12/07 16:52:04 INFO Utils: Successfully started service 'org.apache.spark.network.netty.NettyBlockTransferService' on port 37257.
[2021-12-07 16:52:04,433] {spark_submit.py:523} INFO - 21/12/07 16:52:04 INFO NettyBlockTransferService: Server created on ec9c140e7984:37257
[2021-12-07 16:52:04,438] {spark_submit.py:523} INFO - 21/12/07 16:52:04 INFO BlockManager: Using org.apache.spark.storage.RandomBlockReplicationPolicy for block replication policy
[2021-12-07 16:52:04,450] {spark_submit.py:523} INFO - 21/12/07 16:52:04 INFO StandaloneAppClient$ClientEndpoint: Executor updated: app-20211207165204-0031/1 is now RUNNING
[2021-12-07 16:52:04,451] {spark_submit.py:523} INFO - 21/12/07 16:52:04 INFO StandaloneAppClient$ClientEndpoint: Executor updated: app-20211207165204-0031/0 is now RUNNING
[2021-12-07 16:52:04,456] {spark_submit.py:523} INFO - 21/12/07 16:52:04 INFO BlockManagerMaster: Registering BlockManager BlockManagerId(driver, ec9c140e7984, 37257, None)
[2021-12-07 16:52:04,465] {spark_submit.py:523} INFO - 21/12/07 16:52:04 INFO BlockManagerMasterEndpoint: Registering block manager ec9c140e7984:37257 with 434.4 MiB RAM, BlockManagerId(driver, ec9c140e7984, 37257, None)
[2021-12-07 16:52:04,470] {spark_submit.py:523} INFO - 21/12/07 16:52:04 INFO BlockManagerMaster: Registered BlockManager BlockManagerId(driver, ec9c140e7984, 37257, None)
[2021-12-07 16:52:04,472] {spark_submit.py:523} INFO - 21/12/07 16:52:04 INFO BlockManager: Initialized BlockManager: BlockManagerId(driver, ec9c140e7984, 37257, None)
[2021-12-07 16:52:04,879] {spark_submit.py:523} INFO - 21/12/07 16:52:04 INFO StandaloneSchedulerBackend: SchedulerBackend is ready for scheduling beginning after reached minRegisteredResourcesRatio: 0.0
[2021-12-07 16:52:04,975] {spark_submit.py:523} INFO - /home/***/.local/lib/python3.6/site-packages/pyspark/python/lib/pyspark.zip/pyspark/context.py:238: FutureWarning: Python 3.6 support is deprecated in Spark 3.2.
[2021-12-07 16:52:04,979] {spark_submit.py:523} INFO - FutureWarning
[2021-12-07 16:52:05,339] {spark_submit.py:523} INFO - 21/12/07 16:52:05 INFO SharedState: Setting hive.metastore.warehouse.dir ('null') to the value of spark.sql.warehouse.dir.
[2021-12-07 16:52:05,383] {spark_submit.py:523} INFO - 21/12/07 16:52:05 INFO SharedState: Warehouse path is 'file:/opt/***/spark-warehouse'.
[2021-12-07 16:52:07,251] {spark_submit.py:523} INFO - 21/12/07 16:52:07 INFO SparkContext: Invoking stop() from shutdown hook
[2021-12-07 16:52:07,307] {spark_submit.py:523} INFO - 21/12/07 16:52:07 INFO SparkUI: Stopped Spark web UI at http://ec9c140e7984:4040
[2021-12-07 16:52:07,334] {spark_submit.py:523} INFO - 21/12/07 16:52:07 INFO StandaloneSchedulerBackend: Shutting down all executors
[2021-12-07 16:52:07,349] {spark_submit.py:523} INFO - 21/12/07 16:52:07 INFO CoarseGrainedSchedulerBackend$DriverEndpoint: Asking each executor to shut down
[2021-12-07 16:52:07,413] {spark_submit.py:523} INFO - 21/12/07 16:52:07 INFO MapOutputTrackerMasterEndpoint: MapOutputTrackerMasterEndpoint stopped!
[2021-12-07 16:52:07,462] {spark_submit.py:523} INFO - 21/12/07 16:52:07 INFO MemoryStore: MemoryStore cleared
[2021-12-07 16:52:07,464] {spark_submit.py:523} INFO - 21/12/07 16:52:07 INFO BlockManager: BlockManager stopped
[2021-12-07 16:52:07,477] {spark_submit.py:523} INFO - 21/12/07 16:52:07 INFO BlockManagerMaster: BlockManagerMaster stopped
[2021-12-07 16:52:07,482] {spark_submit.py:523} INFO - 21/12/07 16:52:07 INFO OutputCommitCoordinator$OutputCommitCoordinatorEndpoint: OutputCommitCoordinator stopped!
[2021-12-07 16:52:07,520] {spark_submit.py:523} INFO - 21/12/07 16:52:07 INFO SparkContext: Successfully stopped SparkContext
[2021-12-07 16:52:07,521] {spark_submit.py:523} INFO - 21/12/07 16:52:07 INFO ShutdownHookManager: Shutdown hook called
[2021-12-07 16:52:07,524] {spark_submit.py:523} INFO - 21/12/07 16:52:07 INFO ShutdownHookManager: Deleting directory /tmp/spark-eaccc3e1-404b-4445-87a4-86d885cd0697/pyspark-ad92862c-16bb-437a-aa47-54a5016c045a
[2021-12-07 16:52:07,528] {spark_submit.py:523} INFO - 21/12/07 16:52:07 INFO ShutdownHookManager: Deleting directory /tmp/spark-eaccc3e1-404b-4445-87a4-86d885cd0697
[2021-12-07 16:52:07,537] {spark_submit.py:523} INFO - 21/12/07 16:52:07 INFO ShutdownHookManager: Deleting directory /tmp/spark-2415e95a-c4a1-442a-89ed-a8e5a6cb1639
[2021-12-07 16:52:07,662] {taskinstance.py:1280} INFO - Marking task as SUCCESS. dag_id=scraping_daft_cork, task_id=persist_data, execution_date=20211207T165005, start_date=20211207T165157, end_date=20211207T165207
[2021-12-07 16:52:07,721] {local_task_job.py:154} INFO - Task exited with return code 0
[2021-12-07 16:52:07,834] {local_task_job.py:264} INFO - 1 downstream tasks scheduled from follow-on schedule check
