[2021-12-19 12:45:47,122] {taskinstance.py:1035} INFO - Dependencies all met for <TaskInstance: scraping_daft_kilkenny.waiting_for_file scheduled__2021-12-18T09:50:00+00:00 [queued]>
[2021-12-19 12:45:47,268] {taskinstance.py:1035} INFO - Dependencies all met for <TaskInstance: scraping_daft_kilkenny.waiting_for_file scheduled__2021-12-18T09:50:00+00:00 [queued]>
[2021-12-19 12:45:47,271] {taskinstance.py:1241} INFO - 
--------------------------------------------------------------------------------
[2021-12-19 12:45:47,274] {taskinstance.py:1242} INFO - Starting attempt 1 of 4
[2021-12-19 12:45:47,276] {taskinstance.py:1243} INFO - 
--------------------------------------------------------------------------------
[2021-12-19 12:45:47,361] {taskinstance.py:1262} INFO - Executing <Task(FileSensor): waiting_for_file> on 2021-12-18 09:50:00+00:00
[2021-12-19 12:45:47,453] {standard_task_runner.py:52} INFO - Started process 8977 to run task
[2021-12-19 12:45:47,501] {standard_task_runner.py:76} INFO - Running: ['***', 'tasks', 'run', 'scraping_daft_kilkenny', 'waiting_for_file', 'scheduled__2021-12-18T09:50:00+00:00', '--job-id', '3262', '--raw', '--subdir', 'DAGS_FOLDER/scraping_daft_kilkenny.py', '--cfg-path', '/tmp/tmpb9g4n9sv', '--error-file', '/tmp/tmpkxxdxjn_']
[2021-12-19 12:45:47,525] {standard_task_runner.py:77} INFO - Job 3262: Subtask waiting_for_file
[2021-12-19 12:45:51,685] {logging_mixin.py:109} INFO - Running <TaskInstance: scraping_daft_kilkenny.waiting_for_file scheduled__2021-12-18T09:50:00+00:00 [running]> on host 358a7891c658
[2021-12-19 12:45:54,990] {taskinstance.py:1429} INFO - Exporting the following env vars:
AIRFLOW_CTX_DAG_EMAIL=clement.liscoet@gmail.com
AIRFLOW_CTX_DAG_OWNER=clemoni
AIRFLOW_CTX_DAG_ID=scraping_daft_kilkenny
AIRFLOW_CTX_TASK_ID=waiting_for_file
AIRFLOW_CTX_EXECUTION_DATE=2021-12-18T09:50:00+00:00
AIRFLOW_CTX_DAG_RUN_ID=scheduled__2021-12-18T09:50:00+00:00
[2021-12-19 12:45:56,044] {filesystem.py:59} INFO - Poking for file data/kilkenny_rent.json
[2021-12-19 12:45:56,144] {filesystem.py:65} INFO - Found File data/kilkenny_rent.json last modified: 20211219124518
[2021-12-19 12:45:56,255] {base.py:249} INFO - Success criteria met. Exiting.
[2021-12-19 12:46:02,179] {taskinstance.py:1280} INFO - Marking task as SUCCESS. dag_id=scraping_daft_kilkenny, task_id=waiting_for_file, execution_date=20211218T095000, start_date=20211219T124547, end_date=20211219T124602
[2021-12-19 12:46:07,123] {local_task_job.py:212} WARNING - State of this instance has been externally set to success. Terminating instance.
[2021-12-19 12:46:07,195] {process_utils.py:100} INFO - Sending Signals.SIGTERM to GPID 8977
[2021-12-19 12:46:07,199] {process_utils.py:66} INFO - Process psutil.Process(pid=8977, status='terminated', exitcode=0, started='12:45:47') (8977) terminated with exit code 0
