[2021-12-14 09:24:37,410] {taskinstance.py:1035} INFO - Dependencies all met for <TaskInstance: scraping_daft_leitrim.persist_data scheduled__2021-12-13T03:00:00+00:00 [queued]>
[2021-12-14 09:24:37,447] {taskinstance.py:1035} INFO - Dependencies all met for <TaskInstance: scraping_daft_leitrim.persist_data scheduled__2021-12-13T03:00:00+00:00 [queued]>
[2021-12-14 09:24:37,448] {taskinstance.py:1241} INFO - 
--------------------------------------------------------------------------------
[2021-12-14 09:24:37,449] {taskinstance.py:1242} INFO - Starting attempt 1 of 4
[2021-12-14 09:24:37,449] {taskinstance.py:1243} INFO - 
--------------------------------------------------------------------------------
[2021-12-14 09:24:37,486] {taskinstance.py:1262} INFO - Executing <Task(SparkSubmitOperator): persist_data> on 2021-12-13 03:00:00+00:00
[2021-12-14 09:24:37,503] {standard_task_runner.py:76} INFO - Running: ['***', 'tasks', 'run', 'scraping_daft_leitrim', 'persist_data', 'scheduled__2021-12-13T03:00:00+00:00', '--job-id', '2201', '--raw', '--subdir', 'DAGS_FOLDER/scraping_daft_leitrim.py', '--cfg-path', '/tmp/tmpi76it1r_', '--error-file', '/tmp/tmp7tsa9qao']
[2021-12-14 09:24:37,493] {standard_task_runner.py:52} INFO - Started process 8478 to run task
[2021-12-14 09:24:37,506] {standard_task_runner.py:77} INFO - Job 2201: Subtask persist_data
[2021-12-14 09:24:37,685] {logging_mixin.py:109} INFO - Running <TaskInstance: scraping_daft_leitrim.persist_data scheduled__2021-12-13T03:00:00+00:00 [running]> on host 71d5aed90fce
[2021-12-14 09:24:37,956] {taskinstance.py:1429} INFO - Exporting the following env vars:
AIRFLOW_CTX_DAG_EMAIL=clement.liscoet@gmail.com
AIRFLOW_CTX_DAG_OWNER=clemoni
AIRFLOW_CTX_DAG_ID=scraping_daft_leitrim
AIRFLOW_CTX_TASK_ID=persist_data
AIRFLOW_CTX_EXECUTION_DATE=2021-12-13T03:00:00+00:00
AIRFLOW_CTX_DAG_RUN_ID=scheduled__2021-12-13T03:00:00+00:00
[2021-12-14 09:24:37,980] {base.py:79} INFO - Using connection to: id: spark_default. Host: spark://spark:7077, Port: None, Schema: , Login: ***, Password: ***, extra: {}
[2021-12-14 09:24:37,985] {spark_submit.py:360} INFO - Spark-Submit cmd: spark-submit --master spark://spark:7077 --conf spark.master=spark://spark:7077 --name persist data --verbose /opt/***/jobs/persist_db.py leitrim
[2021-12-14 09:24:40,720] {spark_submit.py:514} INFO - Using properties file: null
[2021-12-14 09:24:40,909] {spark_submit.py:514} INFO - WARNING: An illegal reflective access operation has occurred
[2021-12-14 09:24:40,911] {spark_submit.py:514} INFO - WARNING: Illegal reflective access by org.apache.spark.unsafe.Platform (file:/home/***/.local/lib/python3.6/site-packages/pyspark/jars/spark-unsafe_2.12-3.2.0.jar) to constructor java.nio.DirectByteBuffer(long,int)
[2021-12-14 09:24:40,912] {spark_submit.py:514} INFO - WARNING: Please consider reporting this to the maintainers of org.apache.spark.unsafe.Platform
[2021-12-14 09:24:40,913] {spark_submit.py:514} INFO - WARNING: Use --illegal-access=warn to enable warnings of further illegal reflective access operations
[2021-12-14 09:24:40,914] {spark_submit.py:514} INFO - WARNING: All illegal access operations will be denied in a future release
[2021-12-14 09:24:41,030] {spark_submit.py:514} INFO - Parsed arguments:
[2021-12-14 09:24:41,032] {spark_submit.py:514} INFO - master                  spark://spark:7077
[2021-12-14 09:24:41,033] {spark_submit.py:514} INFO - deployMode              null
[2021-12-14 09:24:41,034] {spark_submit.py:514} INFO - executorMemory          null
[2021-12-14 09:24:41,035] {spark_submit.py:514} INFO - executorCores           null
[2021-12-14 09:24:41,036] {spark_submit.py:514} INFO - totalExecutorCores      null
[2021-12-14 09:24:41,037] {spark_submit.py:514} INFO - propertiesFile          null
[2021-12-14 09:24:41,037] {spark_submit.py:514} INFO - driverMemory            null
[2021-12-14 09:24:41,038] {spark_submit.py:514} INFO - driverCores             null
[2021-12-14 09:24:41,039] {spark_submit.py:514} INFO - driverExtraClassPath    null
[2021-12-14 09:24:41,040] {spark_submit.py:514} INFO - driverExtraLibraryPath  null
[2021-12-14 09:24:41,041] {spark_submit.py:514} INFO - driverExtraJavaOptions  null
[2021-12-14 09:24:41,042] {spark_submit.py:514} INFO - supervise               false
[2021-12-14 09:24:41,044] {spark_submit.py:514} INFO - queue                   null
[2021-12-14 09:24:41,045] {spark_submit.py:514} INFO - numExecutors            null
[2021-12-14 09:24:41,046] {spark_submit.py:514} INFO - files                   null
[2021-12-14 09:24:41,047] {spark_submit.py:514} INFO - pyFiles                 null
[2021-12-14 09:24:41,048] {spark_submit.py:514} INFO - archives                null
[2021-12-14 09:24:41,051] {spark_submit.py:514} INFO - mainClass               null
[2021-12-14 09:24:41,052] {spark_submit.py:514} INFO - primaryResource         file:/opt/***/jobs/persist_db.py
[2021-12-14 09:24:41,053] {spark_submit.py:514} INFO - name                    persist data
[2021-12-14 09:24:41,055] {spark_submit.py:514} INFO - childArgs               [leitrim]
[2021-12-14 09:24:41,056] {spark_submit.py:514} INFO - jars                    null
[2021-12-14 09:24:41,057] {spark_submit.py:514} INFO - packages                null
[2021-12-14 09:24:41,058] {spark_submit.py:514} INFO - packagesExclusions      null
[2021-12-14 09:24:41,059] {spark_submit.py:514} INFO - repositories            null
[2021-12-14 09:24:41,060] {spark_submit.py:514} INFO - verbose                 true
[2021-12-14 09:24:41,061] {spark_submit.py:514} INFO - 
[2021-12-14 09:24:41,062] {spark_submit.py:514} INFO - Spark properties used, including those specified through
[2021-12-14 09:24:41,064] {spark_submit.py:514} INFO - --conf and those from the properties file null:
[2021-12-14 09:24:41,065] {spark_submit.py:514} INFO - (spark.master,spark://spark:7077)
[2021-12-14 09:24:41,066] {spark_submit.py:514} INFO - 
[2021-12-14 09:24:41,067] {spark_submit.py:514} INFO - 
[2021-12-14 09:24:41,512] {spark_submit.py:514} INFO - Main class:
[2021-12-14 09:24:41,524] {spark_submit.py:514} INFO - org.apache.spark.deploy.PythonRunner
[2021-12-14 09:24:41,527] {spark_submit.py:514} INFO - Arguments:
[2021-12-14 09:24:41,528] {spark_submit.py:514} INFO - file:/opt/***/jobs/persist_db.py
[2021-12-14 09:24:41,529] {spark_submit.py:514} INFO - null
[2021-12-14 09:24:41,530] {spark_submit.py:514} INFO - leitrim
[2021-12-14 09:24:41,531] {spark_submit.py:514} INFO - --verbose
[2021-12-14 09:24:41,535] {spark_submit.py:514} INFO - Spark config:
[2021-12-14 09:24:41,536] {spark_submit.py:514} INFO - (spark.master,spark://spark:7077)
[2021-12-14 09:24:41,537] {spark_submit.py:514} INFO - (spark.app.name,persist data)
[2021-12-14 09:24:41,537] {spark_submit.py:514} INFO - (spark.submit.pyFiles,)
[2021-12-14 09:24:41,539] {spark_submit.py:514} INFO - (spark.submit.deployMode,client)
[2021-12-14 09:24:41,540] {spark_submit.py:514} INFO - Classpath elements:
[2021-12-14 09:24:41,541] {spark_submit.py:514} INFO - 
[2021-12-14 09:24:41,542] {spark_submit.py:514} INFO - 
[2021-12-14 09:24:41,544] {spark_submit.py:514} INFO - 
[2021-12-14 09:24:43,609] {spark_submit.py:514} INFO - Using Spark's default log4j profile: org/apache/spark/log4j-defaults.properties
[2021-12-14 09:24:43,663] {spark_submit.py:514} INFO - 21/12/14 09:24:43 INFO SparkContext: Running Spark version 3.2.0
[2021-12-14 09:24:43,856] {spark_submit.py:514} INFO - 21/12/14 09:24:43 WARN NativeCodeLoader: Unable to load native-hadoop library for your platform... using builtin-java classes where applicable
[2021-12-14 09:24:44,284] {spark_submit.py:514} INFO - 21/12/14 09:24:44 INFO ResourceUtils: ==============================================================
[2021-12-14 09:24:44,285] {spark_submit.py:514} INFO - 21/12/14 09:24:44 INFO ResourceUtils: No custom resources configured for spark.driver.
[2021-12-14 09:24:44,286] {spark_submit.py:514} INFO - 21/12/14 09:24:44 INFO ResourceUtils: ==============================================================
[2021-12-14 09:24:44,288] {spark_submit.py:514} INFO - 21/12/14 09:24:44 INFO SparkContext: Submitted application: Persist DB
[2021-12-14 09:24:44,348] {spark_submit.py:514} INFO - 21/12/14 09:24:44 INFO ResourceProfile: Default ResourceProfile created, executor resources: Map(cores -> name: cores, amount: 1, script: , vendor: , memory -> name: memory, amount: 1024, script: , vendor: , offHeap -> name: offHeap, amount: 0, script: , vendor: ), task resources: Map(cpus -> name: cpus, amount: 1.0)
[2021-12-14 09:24:44,397] {spark_submit.py:514} INFO - 21/12/14 09:24:44 INFO ResourceProfile: Limiting resource is cpu
[2021-12-14 09:24:44,402] {spark_submit.py:514} INFO - 21/12/14 09:24:44 INFO ResourceProfileManager: Added ResourceProfile id: 0
[2021-12-14 09:24:44,625] {spark_submit.py:514} INFO - 21/12/14 09:24:44 INFO SecurityManager: Changing view acls to: ***
[2021-12-14 09:24:44,626] {spark_submit.py:514} INFO - 21/12/14 09:24:44 INFO SecurityManager: Changing modify acls to: ***
[2021-12-14 09:24:44,629] {spark_submit.py:514} INFO - 21/12/14 09:24:44 INFO SecurityManager: Changing view acls groups to:
[2021-12-14 09:24:44,630] {spark_submit.py:514} INFO - 21/12/14 09:24:44 INFO SecurityManager: Changing modify acls groups to:
[2021-12-14 09:24:44,634] {spark_submit.py:514} INFO - 21/12/14 09:24:44 INFO SecurityManager: SecurityManager: authentication disabled; ui acls disabled; users  with view permissions: Set(***); groups with view permissions: Set(); users  with modify permissions: Set(***); groups with modify permissions: Set()
[2021-12-14 09:24:46,514] {spark_submit.py:514} INFO - 21/12/14 09:24:46 INFO Utils: Successfully started service 'sparkDriver' on port 36351.
[2021-12-14 09:24:46,631] {spark_submit.py:514} INFO - 21/12/14 09:24:46 INFO SparkEnv: Registering MapOutputTracker
[2021-12-14 09:24:46,721] {spark_submit.py:514} INFO - 21/12/14 09:24:46 INFO SparkEnv: Registering BlockManagerMaster
[2021-12-14 09:24:46,767] {spark_submit.py:514} INFO - 21/12/14 09:24:46 INFO BlockManagerMasterEndpoint: Using org.apache.spark.storage.DefaultTopologyMapper for getting topology information
[2021-12-14 09:24:46,769] {spark_submit.py:514} INFO - 21/12/14 09:24:46 INFO BlockManagerMasterEndpoint: BlockManagerMasterEndpoint up
[2021-12-14 09:24:46,773] {spark_submit.py:514} INFO - 21/12/14 09:24:46 INFO SparkEnv: Registering BlockManagerMasterHeartbeat
[2021-12-14 09:24:46,830] {spark_submit.py:514} INFO - 21/12/14 09:24:46 INFO DiskBlockManager: Created local directory at /tmp/blockmgr-d1fab9ad-6dca-485f-9569-95fb133d4f6c
[2021-12-14 09:24:46,880] {spark_submit.py:514} INFO - 21/12/14 09:24:46 INFO MemoryStore: MemoryStore started with capacity 434.4 MiB
[2021-12-14 09:24:46,915] {spark_submit.py:514} INFO - 21/12/14 09:24:46 INFO SparkEnv: Registering OutputCommitCoordinator
[2021-12-14 09:24:47,420] {spark_submit.py:514} INFO - 21/12/14 09:24:47 WARN Utils: Service 'SparkUI' could not bind on port 4040. Attempting port 4041.
[2021-12-14 09:24:47,444] {spark_submit.py:514} INFO - 21/12/14 09:24:47 INFO Utils: Successfully started service 'SparkUI' on port 4041.
[2021-12-14 09:24:47,971] {spark_submit.py:514} INFO - 21/12/14 09:24:47 INFO SparkUI: Bound SparkUI to 0.0.0.0, and started at http://71d5aed90fce:4041
[2021-12-14 09:24:49,608] {spark_submit.py:514} INFO - 21/12/14 09:24:49 INFO StandaloneAppClient$ClientEndpoint: Connecting to master spark://spark:7077...
[2021-12-14 09:24:49,971] {spark_submit.py:514} INFO - 21/12/14 09:24:49 INFO TransportClientFactory: Successfully created connection to spark/172.18.0.4:7077 after 283 ms (0 ms spent in bootstraps)
[2021-12-14 09:24:50,361] {spark_submit.py:514} INFO - 21/12/14 09:24:50 INFO StandaloneSchedulerBackend: Connected to Spark cluster with app ID app-20211214092450-0049
[2021-12-14 09:24:50,387] {spark_submit.py:514} INFO - 21/12/14 09:24:50 INFO Utils: Successfully started service 'org.apache.spark.network.netty.NettyBlockTransferService' on port 45635.
[2021-12-14 09:24:50,389] {spark_submit.py:514} INFO - 21/12/14 09:24:50 INFO NettyBlockTransferService: Server created on 71d5aed90fce:45635
[2021-12-14 09:24:50,407] {spark_submit.py:514} INFO - 21/12/14 09:24:50 INFO BlockManager: Using org.apache.spark.storage.RandomBlockReplicationPolicy for block replication policy
[2021-12-14 09:24:50,467] {spark_submit.py:514} INFO - 21/12/14 09:24:50 INFO BlockManagerMaster: Registering BlockManager BlockManagerId(driver, 71d5aed90fce, 45635, None)
[2021-12-14 09:24:50,485] {spark_submit.py:514} INFO - 21/12/14 09:24:50 INFO BlockManagerMasterEndpoint: Registering block manager 71d5aed90fce:45635 with 434.4 MiB RAM, BlockManagerId(driver, 71d5aed90fce, 45635, None)
[2021-12-14 09:24:50,493] {spark_submit.py:514} INFO - 21/12/14 09:24:50 INFO BlockManagerMaster: Registered BlockManager BlockManagerId(driver, 71d5aed90fce, 45635, None)
[2021-12-14 09:24:50,495] {spark_submit.py:514} INFO - 21/12/14 09:24:50 INFO BlockManager: Initialized BlockManager: BlockManagerId(driver, 71d5aed90fce, 45635, None)
[2021-12-14 09:24:51,512] {spark_submit.py:514} INFO - 21/12/14 09:24:51 INFO StandaloneSchedulerBackend: SchedulerBackend is ready for scheduling beginning after reached minRegisteredResourcesRatio: 0.0
[2021-12-14 09:24:51,750] {spark_submit.py:514} INFO - /home/***/.local/lib/python3.6/site-packages/pyspark/python/lib/pyspark.zip/pyspark/context.py:238: FutureWarning: Python 3.6 support is deprecated in Spark 3.2.
[2021-12-14 09:24:51,751] {spark_submit.py:514} INFO - FutureWarning
[2021-12-14 09:24:52,345] {spark_submit.py:514} INFO - 21/12/14 09:24:52 INFO SharedState: Setting hive.metastore.warehouse.dir ('null') to the value of spark.sql.warehouse.dir.
[2021-12-14 09:24:52,398] {spark_submit.py:514} INFO - 21/12/14 09:24:52 INFO SharedState: Warehouse path is 'file:/opt/***/spark-warehouse'.
[2021-12-14 09:24:56,675] {spark_submit.py:514} INFO - 21/12/14 09:24:56 INFO SparkContext: Invoking stop() from shutdown hook
[2021-12-14 09:24:56,696] {spark_submit.py:514} INFO - 21/12/14 09:24:56 INFO SparkUI: Stopped Spark web UI at http://71d5aed90fce:4041
[2021-12-14 09:24:56,732] {spark_submit.py:514} INFO - 21/12/14 09:24:56 INFO StandaloneSchedulerBackend: Shutting down all executors
[2021-12-14 09:24:56,745] {spark_submit.py:514} INFO - 21/12/14 09:24:56 INFO CoarseGrainedSchedulerBackend$DriverEndpoint: Asking each executor to shut down
[2021-12-14 09:24:56,811] {spark_submit.py:514} INFO - 21/12/14 09:24:56 INFO MapOutputTrackerMasterEndpoint: MapOutputTrackerMasterEndpoint stopped!
[2021-12-14 09:24:56,956] {spark_submit.py:514} INFO - 21/12/14 09:24:56 INFO MemoryStore: MemoryStore cleared
[2021-12-14 09:24:56,957] {spark_submit.py:514} INFO - 21/12/14 09:24:56 INFO BlockManager: BlockManager stopped
[2021-12-14 09:24:56,972] {spark_submit.py:514} INFO - 21/12/14 09:24:56 INFO BlockManagerMaster: BlockManagerMaster stopped
[2021-12-14 09:24:56,977] {spark_submit.py:514} INFO - 21/12/14 09:24:56 INFO OutputCommitCoordinator$OutputCommitCoordinatorEndpoint: OutputCommitCoordinator stopped!
[2021-12-14 09:24:57,051] {spark_submit.py:514} INFO - 21/12/14 09:24:57 INFO SparkContext: Successfully stopped SparkContext
[2021-12-14 09:24:57,052] {spark_submit.py:514} INFO - 21/12/14 09:24:57 INFO ShutdownHookManager: Shutdown hook called
[2021-12-14 09:24:57,053] {spark_submit.py:514} INFO - 21/12/14 09:24:57 INFO ShutdownHookManager: Deleting directory /tmp/spark-fae4b47f-d437-44cc-a1b5-6fc36bd29450
[2021-12-14 09:24:57,062] {spark_submit.py:514} INFO - 21/12/14 09:24:57 INFO ShutdownHookManager: Deleting directory /tmp/spark-1ad9e3de-d33a-4436-92d2-df80c5a0c604
[2021-12-14 09:24:57,072] {spark_submit.py:514} INFO - 21/12/14 09:24:57 INFO ShutdownHookManager: Deleting directory /tmp/spark-1ad9e3de-d33a-4436-92d2-df80c5a0c604/pyspark-3e83fbb3-6218-4620-a1cb-64b1f0aa2e64
[2021-12-14 09:24:57,352] {taskinstance.py:1280} INFO - Marking task as SUCCESS. dag_id=scraping_daft_leitrim, task_id=persist_data, execution_date=20211213T030000, start_date=20211214T092437, end_date=20211214T092457
[2021-12-14 09:24:57,402] {local_task_job.py:154} INFO - Task exited with return code 0
[2021-12-14 09:24:57,917] {local_task_job.py:264} INFO - 0 downstream tasks scheduled from follow-on schedule check
