[2021-12-13 16:13:07,536] {taskinstance.py:1035} INFO - Dependencies all met for <TaskInstance: scraping_daft_galway.persist_data scheduled__2021-12-12T01:45:00+00:00 [queued]>
[2021-12-13 16:13:07,600] {taskinstance.py:1035} INFO - Dependencies all met for <TaskInstance: scraping_daft_galway.persist_data scheduled__2021-12-12T01:45:00+00:00 [queued]>
[2021-12-13 16:13:07,601] {taskinstance.py:1241} INFO - 
--------------------------------------------------------------------------------
[2021-12-13 16:13:07,603] {taskinstance.py:1242} INFO - Starting attempt 1 of 4
[2021-12-13 16:13:07,604] {taskinstance.py:1243} INFO - 
--------------------------------------------------------------------------------
[2021-12-13 16:13:07,666] {taskinstance.py:1262} INFO - Executing <Task(SparkSubmitOperator): persist_data> on 2021-12-12 01:45:00+00:00
[2021-12-13 16:13:07,685] {standard_task_runner.py:76} INFO - Running: ['***', 'tasks', 'run', 'scraping_daft_galway', 'persist_data', 'scheduled__2021-12-12T01:45:00+00:00', '--job-id', '1779', '--raw', '--subdir', 'DAGS_FOLDER/scraping_daft_galway.py', '--cfg-path', '/tmp/tmpbj82xpc5', '--error-file', '/tmp/tmps3q7cjq7']
[2021-12-13 16:13:07,689] {standard_task_runner.py:77} INFO - Job 1779: Subtask persist_data
[2021-12-13 16:13:07,675] {standard_task_runner.py:52} INFO - Started process 4016 to run task
[2021-12-13 16:13:07,869] {logging_mixin.py:109} INFO - Running <TaskInstance: scraping_daft_galway.persist_data scheduled__2021-12-12T01:45:00+00:00 [running]> on host c81f81825bc0
[2021-12-13 16:13:08,102] {taskinstance.py:1429} INFO - Exporting the following env vars:
AIRFLOW_CTX_DAG_EMAIL=clement.liscoet@gmail.com
AIRFLOW_CTX_DAG_OWNER=clemoni
AIRFLOW_CTX_DAG_ID=scraping_daft_galway
AIRFLOW_CTX_TASK_ID=persist_data
AIRFLOW_CTX_EXECUTION_DATE=2021-12-12T01:45:00+00:00
AIRFLOW_CTX_DAG_RUN_ID=scheduled__2021-12-12T01:45:00+00:00
[2021-12-13 16:13:08,139] {base.py:79} INFO - Using connection to: id: spark_default. Host: spark://spark:7077, Port: None, Schema: , Login: ***, Password: ***, extra: {}
[2021-12-13 16:13:08,146] {spark_submit.py:360} INFO - Spark-Submit cmd: spark-submit --master spark://spark:7077 --conf spark.master=spark://spark:7077 --name persist data --verbose /opt/***/jobs/persist_db.py galway
[2021-12-13 16:13:15,296] {spark_submit.py:514} INFO - Using properties file: null
[2021-12-13 16:13:15,487] {spark_submit.py:514} INFO - WARNING: An illegal reflective access operation has occurred
[2021-12-13 16:13:15,488] {spark_submit.py:514} INFO - WARNING: Illegal reflective access by org.apache.spark.unsafe.Platform (file:/home/***/.local/lib/python3.6/site-packages/pyspark/jars/spark-unsafe_2.12-3.2.0.jar) to constructor java.nio.DirectByteBuffer(long,int)
[2021-12-13 16:13:15,489] {spark_submit.py:514} INFO - WARNING: Please consider reporting this to the maintainers of org.apache.spark.unsafe.Platform
[2021-12-13 16:13:15,490] {spark_submit.py:514} INFO - WARNING: Use --illegal-access=warn to enable warnings of further illegal reflective access operations
[2021-12-13 16:13:15,492] {spark_submit.py:514} INFO - WARNING: All illegal access operations will be denied in a future release
[2021-12-13 16:13:15,562] {spark_submit.py:514} INFO - Parsed arguments:
[2021-12-13 16:13:15,563] {spark_submit.py:514} INFO - master                  spark://spark:7077
[2021-12-13 16:13:15,564] {spark_submit.py:514} INFO - deployMode              null
[2021-12-13 16:13:15,565] {spark_submit.py:514} INFO - executorMemory          null
[2021-12-13 16:13:15,565] {spark_submit.py:514} INFO - executorCores           null
[2021-12-13 16:13:15,566] {spark_submit.py:514} INFO - totalExecutorCores      null
[2021-12-13 16:13:15,567] {spark_submit.py:514} INFO - propertiesFile          null
[2021-12-13 16:13:15,568] {spark_submit.py:514} INFO - driverMemory            null
[2021-12-13 16:13:15,569] {spark_submit.py:514} INFO - driverCores             null
[2021-12-13 16:13:15,570] {spark_submit.py:514} INFO - driverExtraClassPath    null
[2021-12-13 16:13:15,571] {spark_submit.py:514} INFO - driverExtraLibraryPath  null
[2021-12-13 16:13:15,572] {spark_submit.py:514} INFO - driverExtraJavaOptions  null
[2021-12-13 16:13:15,573] {spark_submit.py:514} INFO - supervise               false
[2021-12-13 16:13:15,574] {spark_submit.py:514} INFO - queue                   null
[2021-12-13 16:13:15,575] {spark_submit.py:514} INFO - numExecutors            null
[2021-12-13 16:13:15,576] {spark_submit.py:514} INFO - files                   null
[2021-12-13 16:13:15,576] {spark_submit.py:514} INFO - pyFiles                 null
[2021-12-13 16:13:15,577] {spark_submit.py:514} INFO - archives                null
[2021-12-13 16:13:15,578] {spark_submit.py:514} INFO - mainClass               null
[2021-12-13 16:13:15,579] {spark_submit.py:514} INFO - primaryResource         file:/opt/***/jobs/persist_db.py
[2021-12-13 16:13:15,580] {spark_submit.py:514} INFO - name                    persist data
[2021-12-13 16:13:15,580] {spark_submit.py:514} INFO - childArgs               [galway]
[2021-12-13 16:13:15,581] {spark_submit.py:514} INFO - jars                    null
[2021-12-13 16:13:15,582] {spark_submit.py:514} INFO - packages                null
[2021-12-13 16:13:15,583] {spark_submit.py:514} INFO - packagesExclusions      null
[2021-12-13 16:13:15,584] {spark_submit.py:514} INFO - repositories            null
[2021-12-13 16:13:15,584] {spark_submit.py:514} INFO - verbose                 true
[2021-12-13 16:13:15,585] {spark_submit.py:514} INFO - 
[2021-12-13 16:13:15,586] {spark_submit.py:514} INFO - Spark properties used, including those specified through
[2021-12-13 16:13:15,587] {spark_submit.py:514} INFO - --conf and those from the properties file null:
[2021-12-13 16:13:15,588] {spark_submit.py:514} INFO - (spark.master,spark://spark:7077)
[2021-12-13 16:13:15,588] {spark_submit.py:514} INFO - 
[2021-12-13 16:13:15,589] {spark_submit.py:514} INFO - 
[2021-12-13 16:13:15,968] {spark_submit.py:514} INFO - Main class:
[2021-12-13 16:13:15,969] {spark_submit.py:514} INFO - org.apache.spark.deploy.PythonRunner
[2021-12-13 16:13:15,970] {spark_submit.py:514} INFO - Arguments:
[2021-12-13 16:13:15,971] {spark_submit.py:514} INFO - file:/opt/***/jobs/persist_db.py
[2021-12-13 16:13:15,972] {spark_submit.py:514} INFO - null
[2021-12-13 16:13:15,973] {spark_submit.py:514} INFO - galway
[2021-12-13 16:13:15,973] {spark_submit.py:514} INFO - --verbose
[2021-12-13 16:13:15,974] {spark_submit.py:514} INFO - Spark config:
[2021-12-13 16:13:15,975] {spark_submit.py:514} INFO - (spark.master,spark://spark:7077)
[2021-12-13 16:13:15,976] {spark_submit.py:514} INFO - (spark.app.name,persist data)
[2021-12-13 16:13:15,977] {spark_submit.py:514} INFO - (spark.submit.pyFiles,)
[2021-12-13 16:13:15,977] {spark_submit.py:514} INFO - (spark.submit.deployMode,client)
[2021-12-13 16:13:15,979] {spark_submit.py:514} INFO - Classpath elements:
[2021-12-13 16:13:15,979] {spark_submit.py:514} INFO - 
[2021-12-13 16:13:15,980] {spark_submit.py:514} INFO - 
[2021-12-13 16:13:15,981] {spark_submit.py:514} INFO - 
[2021-12-13 16:13:19,361] {spark_submit.py:514} INFO - Using Spark's default log4j profile: org/apache/spark/log4j-defaults.properties
[2021-12-13 16:13:19,379] {spark_submit.py:514} INFO - 21/12/13 16:13:19 INFO SparkContext: Running Spark version 3.2.0
[2021-12-13 16:13:19,550] {spark_submit.py:514} INFO - 21/12/13 16:13:19 WARN NativeCodeLoader: Unable to load native-hadoop library for your platform... using builtin-java classes where applicable
[2021-12-13 16:13:19,750] {spark_submit.py:514} INFO - 21/12/13 16:13:19 INFO ResourceUtils: ==============================================================
[2021-12-13 16:13:19,751] {spark_submit.py:514} INFO - 21/12/13 16:13:19 INFO ResourceUtils: No custom resources configured for spark.driver.
[2021-12-13 16:13:19,752] {spark_submit.py:514} INFO - 21/12/13 16:13:19 INFO ResourceUtils: ==============================================================
[2021-12-13 16:13:19,753] {spark_submit.py:514} INFO - 21/12/13 16:13:19 INFO SparkContext: Submitted application: Persist DB
[2021-12-13 16:13:19,778] {spark_submit.py:514} INFO - 21/12/13 16:13:19 INFO ResourceProfile: Default ResourceProfile created, executor resources: Map(cores -> name: cores, amount: 1, script: , vendor: , memory -> name: memory, amount: 1024, script: , vendor: , offHeap -> name: offHeap, amount: 0, script: , vendor: ), task resources: Map(cpus -> name: cpus, amount: 1.0)
[2021-12-13 16:13:19,794] {spark_submit.py:514} INFO - 21/12/13 16:13:19 INFO ResourceProfile: Limiting resource is cpu
[2021-12-13 16:13:19,795] {spark_submit.py:514} INFO - 21/12/13 16:13:19 INFO ResourceProfileManager: Added ResourceProfile id: 0
[2021-12-13 16:13:19,854] {spark_submit.py:514} INFO - 21/12/13 16:13:19 INFO SecurityManager: Changing view acls to: ***
[2021-12-13 16:13:19,854] {spark_submit.py:514} INFO - 21/12/13 16:13:19 INFO SecurityManager: Changing modify acls to: ***
[2021-12-13 16:13:19,855] {spark_submit.py:514} INFO - 21/12/13 16:13:19 INFO SecurityManager: Changing view acls groups to:
[2021-12-13 16:13:19,856] {spark_submit.py:514} INFO - 21/12/13 16:13:19 INFO SecurityManager: Changing modify acls groups to:
[2021-12-13 16:13:19,857] {spark_submit.py:514} INFO - 21/12/13 16:13:19 INFO SecurityManager: SecurityManager: authentication disabled; ui acls disabled; users  with view permissions: Set(***); groups with view permissions: Set(); users  with modify permissions: Set(***); groups with modify permissions: Set()
[2021-12-13 16:13:20,276] {spark_submit.py:514} INFO - 21/12/13 16:13:20 INFO Utils: Successfully started service 'sparkDriver' on port 40827.
[2021-12-13 16:13:20,385] {spark_submit.py:514} INFO - 21/12/13 16:13:20 INFO SparkEnv: Registering MapOutputTracker
[2021-12-13 16:13:20,453] {spark_submit.py:514} INFO - 21/12/13 16:13:20 INFO SparkEnv: Registering BlockManagerMaster
[2021-12-13 16:13:20,478] {spark_submit.py:514} INFO - 21/12/13 16:13:20 INFO BlockManagerMasterEndpoint: Using org.apache.spark.storage.DefaultTopologyMapper for getting topology information
[2021-12-13 16:13:20,480] {spark_submit.py:514} INFO - 21/12/13 16:13:20 INFO BlockManagerMasterEndpoint: BlockManagerMasterEndpoint up
[2021-12-13 16:13:20,494] {spark_submit.py:514} INFO - 21/12/13 16:13:20 INFO SparkEnv: Registering BlockManagerMasterHeartbeat
[2021-12-13 16:13:20,537] {spark_submit.py:514} INFO - 21/12/13 16:13:20 INFO DiskBlockManager: Created local directory at /tmp/blockmgr-4839b82a-62c4-4ec4-a01d-c902c4c8789a
[2021-12-13 16:13:20,595] {spark_submit.py:514} INFO - 21/12/13 16:13:20 INFO MemoryStore: MemoryStore started with capacity 434.4 MiB
[2021-12-13 16:13:20,619] {spark_submit.py:514} INFO - 21/12/13 16:13:20 INFO SparkEnv: Registering OutputCommitCoordinator
[2021-12-13 16:13:21,029] {spark_submit.py:514} INFO - 21/12/13 16:13:21 WARN Utils: Service 'SparkUI' could not bind on port 4040. Attempting port 4041.
[2021-12-13 16:13:21,042] {spark_submit.py:514} INFO - 21/12/13 16:13:21 INFO Utils: Successfully started service 'SparkUI' on port 4041.
[2021-12-13 16:13:21,127] {spark_submit.py:514} INFO - 21/12/13 16:13:21 INFO SparkUI: Bound SparkUI to 0.0.0.0, and started at http://c81f81825bc0:4041
[2021-12-13 16:13:21,637] {spark_submit.py:514} INFO - 21/12/13 16:13:21 INFO StandaloneAppClient$ClientEndpoint: Connecting to master spark://spark:7077...
[2021-12-13 16:13:21,823] {spark_submit.py:514} INFO - 21/12/13 16:13:21 INFO TransportClientFactory: Successfully created connection to spark/172.20.0.4:7077 after 72 ms (0 ms spent in bootstraps)
[2021-12-13 16:13:21,971] {spark_submit.py:514} INFO - 21/12/13 16:13:21 INFO StandaloneSchedulerBackend: Connected to Spark cluster with app ID app-20211213161321-0020
[2021-12-13 16:13:21,981] {spark_submit.py:514} INFO - 21/12/13 16:13:21 INFO Utils: Successfully started service 'org.apache.spark.network.netty.NettyBlockTransferService' on port 33061.
[2021-12-13 16:13:21,982] {spark_submit.py:514} INFO - 21/12/13 16:13:21 INFO NettyBlockTransferService: Server created on c81f81825bc0:33061
[2021-12-13 16:13:21,987] {spark_submit.py:514} INFO - 21/12/13 16:13:21 INFO BlockManager: Using org.apache.spark.storage.RandomBlockReplicationPolicy for block replication policy
[2021-12-13 16:13:21,994] {spark_submit.py:514} INFO - 21/12/13 16:13:21 INFO BlockManagerMaster: Registering BlockManager BlockManagerId(driver, c81f81825bc0, 33061, None)
[2021-12-13 16:13:22,001] {spark_submit.py:514} INFO - 21/12/13 16:13:21 INFO BlockManagerMasterEndpoint: Registering block manager c81f81825bc0:33061 with 434.4 MiB RAM, BlockManagerId(driver, c81f81825bc0, 33061, None)
[2021-12-13 16:13:22,002] {spark_submit.py:514} INFO - 21/12/13 16:13:22 INFO BlockManagerMaster: Registered BlockManager BlockManagerId(driver, c81f81825bc0, 33061, None)
[2021-12-13 16:13:22,004] {spark_submit.py:514} INFO - 21/12/13 16:13:22 INFO BlockManager: Initialized BlockManager: BlockManagerId(driver, c81f81825bc0, 33061, None)
[2021-12-13 16:13:22,257] {spark_submit.py:514} INFO - 21/12/13 16:13:22 INFO StandaloneSchedulerBackend: SchedulerBackend is ready for scheduling beginning after reached minRegisteredResourcesRatio: 0.0
[2021-12-13 16:13:22,313] {spark_submit.py:514} INFO - /home/***/.local/lib/python3.6/site-packages/pyspark/python/lib/pyspark.zip/pyspark/context.py:238: FutureWarning: Python 3.6 support is deprecated in Spark 3.2.
[2021-12-13 16:13:22,314] {spark_submit.py:514} INFO - FutureWarning
[2021-12-13 16:13:22,592] {spark_submit.py:514} INFO - 21/12/13 16:13:22 INFO SharedState: Setting hive.metastore.warehouse.dir ('null') to the value of spark.sql.warehouse.dir.
[2021-12-13 16:13:22,616] {spark_submit.py:514} INFO - 21/12/13 16:13:22 INFO SharedState: Warehouse path is 'file:/opt/***/spark-warehouse'.
[2021-12-13 16:13:23,991] {spark_submit.py:514} INFO - 21/12/13 16:13:23 INFO SparkContext: Invoking stop() from shutdown hook
[2021-12-13 16:13:24,014] {spark_submit.py:514} INFO - 21/12/13 16:13:24 INFO SparkUI: Stopped Spark web UI at http://c81f81825bc0:4041
[2021-12-13 16:13:24,024] {spark_submit.py:514} INFO - 21/12/13 16:13:24 INFO StandaloneSchedulerBackend: Shutting down all executors
[2021-12-13 16:13:24,032] {spark_submit.py:514} INFO - 21/12/13 16:13:24 INFO CoarseGrainedSchedulerBackend$DriverEndpoint: Asking each executor to shut down
[2021-12-13 16:13:24,090] {spark_submit.py:514} INFO - 21/12/13 16:13:24 INFO MapOutputTrackerMasterEndpoint: MapOutputTrackerMasterEndpoint stopped!
[2021-12-13 16:13:24,127] {spark_submit.py:514} INFO - 21/12/13 16:13:24 INFO MemoryStore: MemoryStore cleared
[2021-12-13 16:13:24,129] {spark_submit.py:514} INFO - 21/12/13 16:13:24 INFO BlockManager: BlockManager stopped
[2021-12-13 16:13:24,148] {spark_submit.py:514} INFO - 21/12/13 16:13:24 INFO BlockManagerMaster: BlockManagerMaster stopped
[2021-12-13 16:13:24,166] {spark_submit.py:514} INFO - 21/12/13 16:13:24 INFO OutputCommitCoordinator$OutputCommitCoordinatorEndpoint: OutputCommitCoordinator stopped!
[2021-12-13 16:13:24,203] {spark_submit.py:514} INFO - 21/12/13 16:13:24 INFO SparkContext: Successfully stopped SparkContext
[2021-12-13 16:13:24,204] {spark_submit.py:514} INFO - 21/12/13 16:13:24 INFO ShutdownHookManager: Shutdown hook called
[2021-12-13 16:13:24,205] {spark_submit.py:514} INFO - 21/12/13 16:13:24 INFO ShutdownHookManager: Deleting directory /tmp/spark-6118f02b-97fb-4108-8791-ffe04ca3b28d
[2021-12-13 16:13:24,287] {spark_submit.py:514} INFO - 21/12/13 16:13:24 INFO ShutdownHookManager: Deleting directory /tmp/spark-0a316ac9-dd0d-41bd-8427-0a995140ff5b
[2021-12-13 16:13:24,318] {spark_submit.py:514} INFO - 21/12/13 16:13:24 INFO ShutdownHookManager: Deleting directory /tmp/spark-0a316ac9-dd0d-41bd-8427-0a995140ff5b/pyspark-0a23044e-27bd-4eaa-9218-014859383e21
[2021-12-13 16:13:24,691] {taskinstance.py:1280} INFO - Marking task as SUCCESS. dag_id=scraping_daft_galway, task_id=persist_data, execution_date=20211212T014500, start_date=20211213T161307, end_date=20211213T161324
[2021-12-13 16:13:24,800] {local_task_job.py:154} INFO - Task exited with return code 0
[2021-12-13 16:13:24,938] {local_task_job.py:264} INFO - 1 downstream tasks scheduled from follow-on schedule check
