[2021-12-19 12:45:41,330] {taskinstance.py:1035} INFO - Dependencies all met for <TaskInstance: scraping_daft_louth.get_reporting scheduled__2021-12-18T10:15:00+00:00 [queued]>
[2021-12-19 12:45:41,537] {taskinstance.py:1035} INFO - Dependencies all met for <TaskInstance: scraping_daft_louth.get_reporting scheduled__2021-12-18T10:15:00+00:00 [queued]>
[2021-12-19 12:45:41,541] {taskinstance.py:1241} INFO - 
--------------------------------------------------------------------------------
[2021-12-19 12:45:41,544] {taskinstance.py:1242} INFO - Starting attempt 1 of 4
[2021-12-19 12:45:41,548] {taskinstance.py:1243} INFO - 
--------------------------------------------------------------------------------
[2021-12-19 12:45:41,678] {taskinstance.py:1262} INFO - Executing <Task(_PythonDecoratedOperator): get_reporting> on 2021-12-18 10:15:00+00:00
[2021-12-19 12:45:41,700] {standard_task_runner.py:52} INFO - Started process 8916 to run task
[2021-12-19 12:45:41,819] {standard_task_runner.py:76} INFO - Running: ['***', 'tasks', 'run', 'scraping_daft_louth', 'get_reporting', 'scheduled__2021-12-18T10:15:00+00:00', '--job-id', '3258', '--raw', '--subdir', 'DAGS_FOLDER/scraping_daft_louth.py', '--cfg-path', '/tmp/tmp4e4tkyka', '--error-file', '/tmp/tmpe_896mfa']
[2021-12-19 12:45:41,823] {standard_task_runner.py:77} INFO - Job 3258: Subtask get_reporting
[2021-12-19 12:45:42,384] {logging_mixin.py:109} INFO - Running <TaskInstance: scraping_daft_louth.get_reporting scheduled__2021-12-18T10:15:00+00:00 [running]> on host 358a7891c658
[2021-12-19 12:45:43,016] {taskinstance.py:1429} INFO - Exporting the following env vars:
AIRFLOW_CTX_DAG_EMAIL=clement.liscoet@gmail.com
AIRFLOW_CTX_DAG_OWNER=clemoni
AIRFLOW_CTX_DAG_ID=scraping_daft_louth
AIRFLOW_CTX_TASK_ID=get_reporting
AIRFLOW_CTX_EXECUTION_DATE=2021-12-18T10:15:00+00:00
AIRFLOW_CTX_DAG_RUN_ID=scheduled__2021-12-18T10:15:00+00:00
[2021-12-19 12:45:43,118] {logging_mixin.py:109} INFO - louth
[2021-12-19 12:45:43,202] {base.py:79} INFO - Using connection to: id: postgres_db. Host: postgres, Port: 5432, Schema: scraping_daft, Login: ***, Password: ***, extra: {}
[2021-12-19 12:45:43,394] {python.py:152} INFO - Done. Returned value was: None
[2021-12-19 12:45:43,648] {taskinstance.py:1280} INFO - Marking task as SUCCESS. dag_id=scraping_daft_louth, task_id=get_reporting, execution_date=20211218T101500, start_date=20211219T124541, end_date=20211219T124543
[2021-12-19 12:45:43,867] {local_task_job.py:154} INFO - Task exited with return code 0
[2021-12-19 12:45:44,358] {local_task_job.py:264} INFO - 1 downstream tasks scheduled from follow-on schedule check
