[2021-12-19 12:38:00,403] {taskinstance.py:1035} INFO - Dependencies all met for <TaskInstance: scraping_daft_clare.waiting_for_file scheduled__2021-12-18T09:15:00+00:00 [queued]>
[2021-12-19 12:38:00,981] {taskinstance.py:1035} INFO - Dependencies all met for <TaskInstance: scraping_daft_clare.waiting_for_file scheduled__2021-12-18T09:15:00+00:00 [queued]>
[2021-12-19 12:38:01,000] {taskinstance.py:1241} INFO - 
--------------------------------------------------------------------------------
[2021-12-19 12:38:01,004] {taskinstance.py:1242} INFO - Starting attempt 1 of 4
[2021-12-19 12:38:01,012] {taskinstance.py:1243} INFO - 
--------------------------------------------------------------------------------
[2021-12-19 12:38:01,728] {taskinstance.py:1262} INFO - Executing <Task(FileSensor): waiting_for_file> on 2021-12-18 09:15:00+00:00
[2021-12-19 12:38:01,777] {standard_task_runner.py:76} INFO - Running: ['***', 'tasks', 'run', 'scraping_daft_clare', 'waiting_for_file', 'scheduled__2021-12-18T09:15:00+00:00', '--job-id', '3201', '--raw', '--subdir', 'DAGS_FOLDER/scraping_daft_clare.py', '--cfg-path', '/tmp/tmp4iwtc4db', '--error-file', '/tmp/tmp7y72w3dz']
[2021-12-19 12:38:01,811] {standard_task_runner.py:77} INFO - Job 3201: Subtask waiting_for_file
[2021-12-19 12:38:01,777] {standard_task_runner.py:52} INFO - Started process 3751 to run task
[2021-12-19 12:38:03,377] {logging_mixin.py:109} INFO - Running <TaskInstance: scraping_daft_clare.waiting_for_file scheduled__2021-12-18T09:15:00+00:00 [running]> on host 358a7891c658
[2021-12-19 12:38:04,698] {taskinstance.py:1429} INFO - Exporting the following env vars:
AIRFLOW_CTX_DAG_EMAIL=clement.liscoet@gmail.com
AIRFLOW_CTX_DAG_OWNER=clemoni
AIRFLOW_CTX_DAG_ID=scraping_daft_clare
AIRFLOW_CTX_TASK_ID=waiting_for_file
AIRFLOW_CTX_EXECUTION_DATE=2021-12-18T09:15:00+00:00
AIRFLOW_CTX_DAG_RUN_ID=scheduled__2021-12-18T09:15:00+00:00
[2021-12-19 12:38:05,671] {filesystem.py:59} INFO - Poking for file data/clare_rent.json
[2021-12-19 12:38:05,677] {filesystem.py:65} INFO - Found File data/clare_rent.json last modified: 20211219123606
[2021-12-19 12:38:05,688] {base.py:249} INFO - Success criteria met. Exiting.
[2021-12-19 12:38:06,009] {taskinstance.py:1280} INFO - Marking task as SUCCESS. dag_id=scraping_daft_clare, task_id=waiting_for_file, execution_date=20211218T091500, start_date=20211219T123800, end_date=20211219T123806
[2021-12-19 12:38:06,518] {local_task_job.py:154} INFO - Task exited with return code 0
[2021-12-19 12:38:10,011] {local_task_job.py:264} INFO - 0 downstream tasks scheduled from follow-on schedule check
