[2021-12-14 09:17:13,120] {taskinstance.py:1035} INFO - Dependencies all met for <TaskInstance: scraping_daft_clare.run_init_county scheduled__2021-12-14T00:45:00+00:00 [queued]>
[2021-12-14 09:17:13,306] {taskinstance.py:1035} INFO - Dependencies all met for <TaskInstance: scraping_daft_clare.run_init_county scheduled__2021-12-14T00:45:00+00:00 [queued]>
[2021-12-14 09:17:13,333] {taskinstance.py:1241} INFO - 
--------------------------------------------------------------------------------
[2021-12-14 09:17:13,338] {taskinstance.py:1242} INFO - Starting attempt 1 of 4
[2021-12-14 09:17:13,339] {taskinstance.py:1243} INFO - 
--------------------------------------------------------------------------------
[2021-12-14 09:17:13,484] {taskinstance.py:1262} INFO - Executing <Task(_PythonDecoratedOperator): run_init_county> on 2021-12-14 00:45:00+00:00
[2021-12-14 09:17:13,526] {standard_task_runner.py:76} INFO - Running: ['***', 'tasks', 'run', 'scraping_daft_clare', 'run_init_county', 'scheduled__2021-12-14T00:45:00+00:00', '--job-id', '2116', '--raw', '--subdir', 'DAGS_FOLDER/scraping_daft_clare.py', '--cfg-path', '/tmp/tmpo48y3gvk', '--error-file', '/tmp/tmpa6fx81uw']
[2021-12-14 09:17:13,497] {standard_task_runner.py:52} INFO - Started process 275 to run task
[2021-12-14 09:17:13,528] {standard_task_runner.py:77} INFO - Job 2116: Subtask run_init_county
[2021-12-14 09:17:14,297] {logging_mixin.py:109} INFO - Running <TaskInstance: scraping_daft_clare.run_init_county scheduled__2021-12-14T00:45:00+00:00 [running]> on host 71d5aed90fce
[2021-12-14 09:17:15,112] {taskinstance.py:1429} INFO - Exporting the following env vars:
AIRFLOW_CTX_DAG_EMAIL=clement.liscoet@gmail.com
AIRFLOW_CTX_DAG_OWNER=clemoni
AIRFLOW_CTX_DAG_ID=scraping_daft_clare
AIRFLOW_CTX_TASK_ID=run_init_county
AIRFLOW_CTX_EXECUTION_DATE=2021-12-14T00:45:00+00:00
AIRFLOW_CTX_DAG_RUN_ID=scheduled__2021-12-14T00:45:00+00:00
[2021-12-14 09:17:15,279] {python.py:152} INFO - Done. Returned value was: None
[2021-12-14 09:17:15,596] {taskinstance.py:1280} INFO - Marking task as SUCCESS. dag_id=scraping_daft_clare, task_id=run_init_county, execution_date=20211214T004500, start_date=20211214T091713, end_date=20211214T091715
[2021-12-14 09:17:16,106] {local_task_job.py:154} INFO - Task exited with return code 0
[2021-12-14 09:17:17,253] {local_task_job.py:264} INFO - 1 downstream tasks scheduled from follow-on schedule check
