[2021-12-20 11:36:58,100] {taskinstance.py:1035} INFO - Dependencies all met for <TaskInstance: scraping_daft_laois.persist_data manual__2021-12-20T11:36:34.218570+00:00 [queued]>
[2021-12-20 11:36:58,133] {taskinstance.py:1035} INFO - Dependencies all met for <TaskInstance: scraping_daft_laois.persist_data manual__2021-12-20T11:36:34.218570+00:00 [queued]>
[2021-12-20 11:36:58,135] {taskinstance.py:1241} INFO - 
--------------------------------------------------------------------------------
[2021-12-20 11:36:58,136] {taskinstance.py:1242} INFO - Starting attempt 1 of 4
[2021-12-20 11:36:58,138] {taskinstance.py:1243} INFO - 
--------------------------------------------------------------------------------
[2021-12-20 11:36:58,163] {taskinstance.py:1262} INFO - Executing <Task(SparkSubmitOperator): persist_data> on 2021-12-20 11:36:34.218570+00:00
[2021-12-20 11:36:58,178] {standard_task_runner.py:76} INFO - Running: ['***', 'tasks', 'run', 'scraping_daft_laois', 'persist_data', 'manual__2021-12-20T11:36:34.218570+00:00', '--job-id', '3484', '--raw', '--subdir', 'DAGS_FOLDER/scraping_daft_laois.py', '--cfg-path', '/tmp/tmpxd163fbo', '--error-file', '/tmp/tmpfn49f99h']
[2021-12-20 11:36:58,179] {standard_task_runner.py:77} INFO - Job 3484: Subtask persist_data
[2021-12-20 11:36:58,173] {standard_task_runner.py:52} INFO - Started process 2590 to run task
[2021-12-20 11:36:58,349] {logging_mixin.py:109} INFO - Running <TaskInstance: scraping_daft_laois.persist_data manual__2021-12-20T11:36:34.218570+00:00 [running]> on host 66e45e757599
[2021-12-20 11:36:58,647] {taskinstance.py:1429} INFO - Exporting the following env vars:
AIRFLOW_CTX_DAG_EMAIL=clement.liscoet@gmail.com
AIRFLOW_CTX_DAG_OWNER=clemoni
AIRFLOW_CTX_DAG_ID=scraping_daft_laois
AIRFLOW_CTX_TASK_ID=persist_data
AIRFLOW_CTX_EXECUTION_DATE=2021-12-20T11:36:34.218570+00:00
AIRFLOW_CTX_DAG_RUN_ID=manual__2021-12-20T11:36:34.218570+00:00
[2021-12-20 11:36:58,696] {base.py:79} INFO - Using connection to: id: spark_default. Host: spark://spark:7077, Port: None, Schema: , Login: ***, Password: ***, extra: {}
[2021-12-20 11:36:58,703] {spark_submit.py:360} INFO - Spark-Submit cmd: spark-submit --master spark://spark:7077 --conf spark.master=spark://spark:7077 --name persist data --verbose /opt/***/jobs/persist_db.py laois
[2021-12-20 11:37:00,971] {spark_submit.py:514} INFO - Using properties file: null
[2021-12-20 11:37:01,069] {spark_submit.py:514} INFO - WARNING: An illegal reflective access operation has occurred
[2021-12-20 11:37:01,070] {spark_submit.py:514} INFO - WARNING: Illegal reflective access by org.apache.spark.unsafe.Platform (file:/home/***/.local/lib/python3.6/site-packages/pyspark/jars/spark-unsafe_2.12-3.2.0.jar) to constructor java.nio.DirectByteBuffer(long,int)
[2021-12-20 11:37:01,072] {spark_submit.py:514} INFO - WARNING: Please consider reporting this to the maintainers of org.apache.spark.unsafe.Platform
[2021-12-20 11:37:01,072] {spark_submit.py:514} INFO - WARNING: Use --illegal-access=warn to enable warnings of further illegal reflective access operations
[2021-12-20 11:37:01,073] {spark_submit.py:514} INFO - WARNING: All illegal access operations will be denied in a future release
[2021-12-20 11:37:01,130] {spark_submit.py:514} INFO - Parsed arguments:
[2021-12-20 11:37:01,131] {spark_submit.py:514} INFO - master                  spark://spark:7077
[2021-12-20 11:37:01,133] {spark_submit.py:514} INFO - deployMode              null
[2021-12-20 11:37:01,134] {spark_submit.py:514} INFO - executorMemory          null
[2021-12-20 11:37:01,136] {spark_submit.py:514} INFO - executorCores           null
[2021-12-20 11:37:01,137] {spark_submit.py:514} INFO - totalExecutorCores      null
[2021-12-20 11:37:01,138] {spark_submit.py:514} INFO - propertiesFile          null
[2021-12-20 11:37:01,139] {spark_submit.py:514} INFO - driverMemory            null
[2021-12-20 11:37:01,141] {spark_submit.py:514} INFO - driverCores             null
[2021-12-20 11:37:01,141] {spark_submit.py:514} INFO - driverExtraClassPath    null
[2021-12-20 11:37:01,142] {spark_submit.py:514} INFO - driverExtraLibraryPath  null
[2021-12-20 11:37:01,144] {spark_submit.py:514} INFO - driverExtraJavaOptions  null
[2021-12-20 11:37:01,145] {spark_submit.py:514} INFO - supervise               false
[2021-12-20 11:37:01,146] {spark_submit.py:514} INFO - queue                   null
[2021-12-20 11:37:01,146] {spark_submit.py:514} INFO - numExecutors            null
[2021-12-20 11:37:01,148] {spark_submit.py:514} INFO - files                   null
[2021-12-20 11:37:01,149] {spark_submit.py:514} INFO - pyFiles                 null
[2021-12-20 11:37:01,150] {spark_submit.py:514} INFO - archives                null
[2021-12-20 11:37:01,151] {spark_submit.py:514} INFO - mainClass               null
[2021-12-20 11:37:01,152] {spark_submit.py:514} INFO - primaryResource         file:/opt/***/jobs/persist_db.py
[2021-12-20 11:37:01,153] {spark_submit.py:514} INFO - name                    persist data
[2021-12-20 11:37:01,155] {spark_submit.py:514} INFO - childArgs               [laois]
[2021-12-20 11:37:01,156] {spark_submit.py:514} INFO - jars                    null
[2021-12-20 11:37:01,157] {spark_submit.py:514} INFO - packages                null
[2021-12-20 11:37:01,158] {spark_submit.py:514} INFO - packagesExclusions      null
[2021-12-20 11:37:01,159] {spark_submit.py:514} INFO - repositories            null
[2021-12-20 11:37:01,160] {spark_submit.py:514} INFO - verbose                 true
[2021-12-20 11:37:01,161] {spark_submit.py:514} INFO - 
[2021-12-20 11:37:01,162] {spark_submit.py:514} INFO - Spark properties used, including those specified through
[2021-12-20 11:37:01,163] {spark_submit.py:514} INFO - --conf and those from the properties file null:
[2021-12-20 11:37:01,164] {spark_submit.py:514} INFO - (spark.master,spark://spark:7077)
[2021-12-20 11:37:01,165] {spark_submit.py:514} INFO - 
[2021-12-20 11:37:01,166] {spark_submit.py:514} INFO - 
[2021-12-20 11:37:01,507] {spark_submit.py:514} INFO - Main class:
[2021-12-20 11:37:01,510] {spark_submit.py:514} INFO - org.apache.spark.deploy.PythonRunner
[2021-12-20 11:37:01,511] {spark_submit.py:514} INFO - Arguments:
[2021-12-20 11:37:01,512] {spark_submit.py:514} INFO - file:/opt/***/jobs/persist_db.py
[2021-12-20 11:37:01,514] {spark_submit.py:514} INFO - null
[2021-12-20 11:37:01,516] {spark_submit.py:514} INFO - laois
[2021-12-20 11:37:01,517] {spark_submit.py:514} INFO - --verbose
[2021-12-20 11:37:01,519] {spark_submit.py:514} INFO - Spark config:
[2021-12-20 11:37:01,520] {spark_submit.py:514} INFO - (spark.master,spark://spark:7077)
[2021-12-20 11:37:01,521] {spark_submit.py:514} INFO - (spark.app.name,persist data)
[2021-12-20 11:37:01,523] {spark_submit.py:514} INFO - (spark.submit.pyFiles,)
[2021-12-20 11:37:01,525] {spark_submit.py:514} INFO - (spark.submit.deployMode,client)
[2021-12-20 11:37:01,529] {spark_submit.py:514} INFO - Classpath elements:
[2021-12-20 11:37:01,530] {spark_submit.py:514} INFO - 
[2021-12-20 11:37:01,531] {spark_submit.py:514} INFO - 
[2021-12-20 11:37:01,533] {spark_submit.py:514} INFO - 
[2021-12-20 11:37:02,840] {spark_submit.py:514} INFO - Using Spark's default log4j profile: org/apache/spark/log4j-defaults.properties
[2021-12-20 11:37:02,852] {spark_submit.py:514} INFO - 21/12/20 11:37:02 INFO SparkContext: Running Spark version 3.2.0
[2021-12-20 11:37:02,965] {spark_submit.py:514} INFO - 21/12/20 11:37:02 WARN NativeCodeLoader: Unable to load native-hadoop library for your platform... using builtin-java classes where applicable
[2021-12-20 11:37:03,197] {spark_submit.py:514} INFO - 21/12/20 11:37:03 INFO ResourceUtils: ==============================================================
[2021-12-20 11:37:03,198] {spark_submit.py:514} INFO - 21/12/20 11:37:03 INFO ResourceUtils: No custom resources configured for spark.driver.
[2021-12-20 11:37:03,199] {spark_submit.py:514} INFO - 21/12/20 11:37:03 INFO ResourceUtils: ==============================================================
[2021-12-20 11:37:03,200] {spark_submit.py:514} INFO - 21/12/20 11:37:03 INFO SparkContext: Submitted application: Persist DB
[2021-12-20 11:37:03,232] {spark_submit.py:514} INFO - 21/12/20 11:37:03 INFO ResourceProfile: Default ResourceProfile created, executor resources: Map(cores -> name: cores, amount: 1, script: , vendor: , memory -> name: memory, amount: 1024, script: , vendor: , offHeap -> name: offHeap, amount: 0, script: , vendor: ), task resources: Map(cpus -> name: cpus, amount: 1.0)
[2021-12-20 11:37:03,262] {spark_submit.py:514} INFO - 21/12/20 11:37:03 INFO ResourceProfile: Limiting resource is cpu
[2021-12-20 11:37:03,263] {spark_submit.py:514} INFO - 21/12/20 11:37:03 INFO ResourceProfileManager: Added ResourceProfile id: 0
[2021-12-20 11:37:03,406] {spark_submit.py:514} INFO - 21/12/20 11:37:03 INFO SecurityManager: Changing view acls to: ***
[2021-12-20 11:37:03,409] {spark_submit.py:514} INFO - 21/12/20 11:37:03 INFO SecurityManager: Changing modify acls to: ***
[2021-12-20 11:37:03,412] {spark_submit.py:514} INFO - 21/12/20 11:37:03 INFO SecurityManager: Changing view acls groups to:
[2021-12-20 11:37:03,413] {spark_submit.py:514} INFO - 21/12/20 11:37:03 INFO SecurityManager: Changing modify acls groups to:
[2021-12-20 11:37:03,414] {spark_submit.py:514} INFO - 21/12/20 11:37:03 INFO SecurityManager: SecurityManager: authentication disabled; ui acls disabled; users  with view permissions: Set(***); groups with view permissions: Set(); users  with modify permissions: Set(***); groups with modify permissions: Set()
[2021-12-20 11:37:03,870] {spark_submit.py:514} INFO - 21/12/20 11:37:03 INFO Utils: Successfully started service 'sparkDriver' on port 41615.
[2021-12-20 11:37:03,922] {spark_submit.py:514} INFO - 21/12/20 11:37:03 INFO SparkEnv: Registering MapOutputTracker
[2021-12-20 11:37:03,968] {spark_submit.py:514} INFO - 21/12/20 11:37:03 INFO SparkEnv: Registering BlockManagerMaster
[2021-12-20 11:37:03,987] {spark_submit.py:514} INFO - 21/12/20 11:37:03 INFO BlockManagerMasterEndpoint: Using org.apache.spark.storage.DefaultTopologyMapper for getting topology information
[2021-12-20 11:37:03,988] {spark_submit.py:514} INFO - 21/12/20 11:37:03 INFO BlockManagerMasterEndpoint: BlockManagerMasterEndpoint up
[2021-12-20 11:37:03,995] {spark_submit.py:514} INFO - 21/12/20 11:37:03 INFO SparkEnv: Registering BlockManagerMasterHeartbeat
[2021-12-20 11:37:04,035] {spark_submit.py:514} INFO - 21/12/20 11:37:04 INFO DiskBlockManager: Created local directory at /tmp/blockmgr-47049f25-3dd5-49a8-a298-74ca524d33cb
[2021-12-20 11:37:04,060] {spark_submit.py:514} INFO - 21/12/20 11:37:04 INFO MemoryStore: MemoryStore started with capacity 434.4 MiB
[2021-12-20 11:37:04,085] {spark_submit.py:514} INFO - 21/12/20 11:37:04 INFO SparkEnv: Registering OutputCommitCoordinator
[2021-12-20 11:37:04,350] {spark_submit.py:514} INFO - 21/12/20 11:37:04 INFO Utils: Successfully started service 'SparkUI' on port 4040.
[2021-12-20 11:37:04,439] {spark_submit.py:514} INFO - 21/12/20 11:37:04 INFO SparkUI: Bound SparkUI to 0.0.0.0, and started at http://66e45e757599:4040
[2021-12-20 11:37:05,040] {spark_submit.py:514} INFO - 21/12/20 11:37:05 INFO StandaloneAppClient$ClientEndpoint: Connecting to master spark://spark:7077...
[2021-12-20 11:37:05,263] {spark_submit.py:514} INFO - 21/12/20 11:37:05 INFO TransportClientFactory: Successfully created connection to spark/172.18.0.4:7077 after 110 ms (0 ms spent in bootstraps)
[2021-12-20 11:37:05,439] {spark_submit.py:514} INFO - 21/12/20 11:37:05 INFO StandaloneSchedulerBackend: Connected to Spark cluster with app ID app-20211220113705-0014
[2021-12-20 11:37:05,458] {spark_submit.py:514} INFO - 21/12/20 11:37:05 INFO StandaloneAppClient$ClientEndpoint: Executor added: app-20211220113705-0014/0 on worker-20211220113023-172.18.0.6-39299 (172.18.0.6:39299) with 6 core(s)
[2021-12-20 11:37:05,474] {spark_submit.py:514} INFO - 21/12/20 11:37:05 INFO StandaloneSchedulerBackend: Granted executor ID app-20211220113705-0014/0 on hostPort 172.18.0.6:39299 with 6 core(s), 1024.0 MiB RAM
[2021-12-20 11:37:05,476] {spark_submit.py:514} INFO - 21/12/20 11:37:05 INFO StandaloneAppClient$ClientEndpoint: Executor added: app-20211220113705-0014/1 on worker-20211220113023-172.18.0.5-45779 (172.18.0.5:45779) with 6 core(s)
[2021-12-20 11:37:05,477] {spark_submit.py:514} INFO - 21/12/20 11:37:05 INFO Utils: Successfully started service 'org.apache.spark.network.netty.NettyBlockTransferService' on port 38837.
[2021-12-20 11:37:05,479] {spark_submit.py:514} INFO - 21/12/20 11:37:05 INFO NettyBlockTransferService: Server created on 66e45e757599:38837
[2021-12-20 11:37:05,480] {spark_submit.py:514} INFO - 21/12/20 11:37:05 INFO StandaloneSchedulerBackend: Granted executor ID app-20211220113705-0014/1 on hostPort 172.18.0.5:45779 with 6 core(s), 1024.0 MiB RAM
[2021-12-20 11:37:05,481] {spark_submit.py:514} INFO - 21/12/20 11:37:05 INFO BlockManager: Using org.apache.spark.storage.RandomBlockReplicationPolicy for block replication policy
[2021-12-20 11:37:05,487] {spark_submit.py:514} INFO - 21/12/20 11:37:05 INFO BlockManagerMaster: Registering BlockManager BlockManagerId(driver, 66e45e757599, 38837, None)
[2021-12-20 11:37:05,493] {spark_submit.py:514} INFO - 21/12/20 11:37:05 INFO BlockManagerMasterEndpoint: Registering block manager 66e45e757599:38837 with 434.4 MiB RAM, BlockManagerId(driver, 66e45e757599, 38837, None)
[2021-12-20 11:37:05,498] {spark_submit.py:514} INFO - 21/12/20 11:37:05 INFO BlockManagerMaster: Registered BlockManager BlockManagerId(driver, 66e45e757599, 38837, None)
[2021-12-20 11:37:05,499] {spark_submit.py:514} INFO - 21/12/20 11:37:05 INFO BlockManager: Initialized BlockManager: BlockManagerId(driver, 66e45e757599, 38837, None)
[2021-12-20 11:37:05,502] {spark_submit.py:514} INFO - 21/12/20 11:37:05 INFO StandaloneAppClient$ClientEndpoint: Executor updated: app-20211220113705-0014/1 is now RUNNING
[2021-12-20 11:37:05,506] {spark_submit.py:514} INFO - 21/12/20 11:37:05 INFO StandaloneAppClient$ClientEndpoint: Executor updated: app-20211220113705-0014/0 is now RUNNING
[2021-12-20 11:37:05,857] {spark_submit.py:514} INFO - 21/12/20 11:37:05 INFO StandaloneSchedulerBackend: SchedulerBackend is ready for scheduling beginning after reached minRegisteredResourcesRatio: 0.0
[2021-12-20 11:37:05,912] {spark_submit.py:514} INFO - /home/***/.local/lib/python3.6/site-packages/pyspark/python/lib/pyspark.zip/pyspark/context.py:238: FutureWarning: Python 3.6 support is deprecated in Spark 3.2.
[2021-12-20 11:37:05,913] {spark_submit.py:514} INFO - FutureWarning
[2021-12-20 11:37:06,190] {spark_submit.py:514} INFO - 21/12/20 11:37:06 INFO SharedState: Setting hive.metastore.warehouse.dir ('null') to the value of spark.sql.warehouse.dir.
[2021-12-20 11:37:06,286] {spark_submit.py:514} INFO - 21/12/20 11:37:06 INFO SharedState: Warehouse path is 'file:/opt/***/spark-warehouse'.
[2021-12-20 11:37:08,807] {spark_submit.py:514} INFO - 21/12/20 11:37:08 INFO SparkContext: Invoking stop() from shutdown hook
[2021-12-20 11:37:08,821] {spark_submit.py:514} INFO - 21/12/20 11:37:08 INFO SparkUI: Stopped Spark web UI at http://66e45e757599:4040
[2021-12-20 11:37:08,826] {spark_submit.py:514} INFO - 21/12/20 11:37:08 INFO StandaloneSchedulerBackend: Shutting down all executors
[2021-12-20 11:37:08,830] {spark_submit.py:514} INFO - 21/12/20 11:37:08 INFO CoarseGrainedSchedulerBackend$DriverEndpoint: Asking each executor to shut down
[2021-12-20 11:37:08,850] {spark_submit.py:514} INFO - 21/12/20 11:37:08 INFO MapOutputTrackerMasterEndpoint: MapOutputTrackerMasterEndpoint stopped!
[2021-12-20 11:37:08,897] {spark_submit.py:514} INFO - 21/12/20 11:37:08 INFO MemoryStore: MemoryStore cleared
[2021-12-20 11:37:08,898] {spark_submit.py:514} INFO - 21/12/20 11:37:08 INFO BlockManager: BlockManager stopped
[2021-12-20 11:37:08,905] {spark_submit.py:514} INFO - 21/12/20 11:37:08 INFO BlockManagerMaster: BlockManagerMaster stopped
[2021-12-20 11:37:08,907] {spark_submit.py:514} INFO - 21/12/20 11:37:08 INFO OutputCommitCoordinator$OutputCommitCoordinatorEndpoint: OutputCommitCoordinator stopped!
[2021-12-20 11:37:08,934] {spark_submit.py:514} INFO - 21/12/20 11:37:08 INFO SparkContext: Successfully stopped SparkContext
[2021-12-20 11:37:08,935] {spark_submit.py:514} INFO - 21/12/20 11:37:08 INFO ShutdownHookManager: Shutdown hook called
[2021-12-20 11:37:08,937] {spark_submit.py:514} INFO - 21/12/20 11:37:08 INFO ShutdownHookManager: Deleting directory /tmp/spark-ae4cc286-63e6-449f-8986-6e96e7f19fdb
[2021-12-20 11:37:08,950] {spark_submit.py:514} INFO - 21/12/20 11:37:08 INFO ShutdownHookManager: Deleting directory /tmp/spark-c976d3cf-f691-4a25-a032-5fb104d6d356
[2021-12-20 11:37:08,962] {spark_submit.py:514} INFO - 21/12/20 11:37:08 INFO ShutdownHookManager: Deleting directory /tmp/spark-ae4cc286-63e6-449f-8986-6e96e7f19fdb/pyspark-e36b60bc-9285-42ff-be58-54c9d25b9f7d
[2021-12-20 11:37:09,173] {taskinstance.py:1280} INFO - Marking task as SUCCESS. dag_id=scraping_daft_laois, task_id=persist_data, execution_date=20211220T113634, start_date=20211220T113658, end_date=20211220T113709
[2021-12-20 11:37:09,260] {local_task_job.py:154} INFO - Task exited with return code 0
[2021-12-20 11:37:09,417] {local_task_job.py:264} INFO - 1 downstream tasks scheduled from follow-on schedule check
