[2021-12-18 10:20:08,240] {taskinstance.py:1035} INFO - Dependencies all met for <TaskInstance: scraping_daft_clare.scrap_data scheduled__2021-12-17T09:15:00+00:00 [queued]>
[2021-12-18 10:20:08,348] {taskinstance.py:1035} INFO - Dependencies all met for <TaskInstance: scraping_daft_clare.scrap_data scheduled__2021-12-17T09:15:00+00:00 [queued]>
[2021-12-18 10:20:08,369] {taskinstance.py:1241} INFO - 
--------------------------------------------------------------------------------
[2021-12-18 10:20:08,381] {taskinstance.py:1242} INFO - Starting attempt 1 of 4
[2021-12-18 10:20:08,394] {taskinstance.py:1243} INFO - 
--------------------------------------------------------------------------------
[2021-12-18 10:20:08,519] {taskinstance.py:1262} INFO - Executing <Task(SparkSubmitOperator): scrap_data> on 2021-12-17 09:15:00+00:00
[2021-12-18 10:20:08,660] {standard_task_runner.py:76} INFO - Running: ['***', 'tasks', 'run', 'scraping_daft_clare', 'scrap_data', 'scheduled__2021-12-17T09:15:00+00:00', '--job-id', '2981', '--raw', '--subdir', 'DAGS_FOLDER/scraping_daft_clare.py', '--cfg-path', '/tmp/tmpr5lwhufc', '--error-file', '/tmp/tmp4v3lyuj_']
[2021-12-18 10:20:08,674] {standard_task_runner.py:77} INFO - Job 2981: Subtask scrap_data
[2021-12-18 10:20:08,554] {standard_task_runner.py:52} INFO - Started process 130 to run task
[2021-12-18 10:20:09,443] {logging_mixin.py:109} INFO - Running <TaskInstance: scraping_daft_clare.scrap_data scheduled__2021-12-17T09:15:00+00:00 [running]> on host cf1c44b514e9
[2021-12-18 10:20:10,562] {taskinstance.py:1429} INFO - Exporting the following env vars:
AIRFLOW_CTX_DAG_EMAIL=clement.liscoet@gmail.com
AIRFLOW_CTX_DAG_OWNER=clemoni
AIRFLOW_CTX_DAG_ID=scraping_daft_clare
AIRFLOW_CTX_TASK_ID=scrap_data
AIRFLOW_CTX_EXECUTION_DATE=2021-12-17T09:15:00+00:00
AIRFLOW_CTX_DAG_RUN_ID=scheduled__2021-12-17T09:15:00+00:00
[2021-12-18 10:20:10,810] {base.py:79} INFO - Using connection to: id: spark_default. Host: spark://spark:7077, Port: None, Schema: , Login: ***, Password: ***, extra: {}
[2021-12-18 10:20:10,823] {spark_submit.py:360} INFO - Spark-Submit cmd: spark-submit --master spark://spark:7077 --conf spark.master=spark://spark:7077 --name scrap data --verbose /opt/***/jobs/get_ads_per_county.py clare
[2021-12-18 10:20:31,946] {spark_submit.py:514} INFO - Using properties file: null
[2021-12-18 10:20:33,007] {spark_submit.py:514} INFO - WARNING: An illegal reflective access operation has occurred
[2021-12-18 10:20:33,008] {spark_submit.py:514} INFO - WARNING: Illegal reflective access by org.apache.spark.unsafe.Platform (file:/home/***/.local/lib/python3.6/site-packages/pyspark/jars/spark-unsafe_2.12-3.2.0.jar) to constructor java.nio.DirectByteBuffer(long,int)
[2021-12-18 10:20:33,009] {spark_submit.py:514} INFO - WARNING: Please consider reporting this to the maintainers of org.apache.spark.unsafe.Platform
[2021-12-18 10:20:33,010] {spark_submit.py:514} INFO - WARNING: Use --illegal-access=warn to enable warnings of further illegal reflective access operations
[2021-12-18 10:20:33,011] {spark_submit.py:514} INFO - WARNING: All illegal access operations will be denied in a future release
[2021-12-18 10:20:33,692] {spark_submit.py:514} INFO - Parsed arguments:
[2021-12-18 10:20:33,693] {spark_submit.py:514} INFO - master                  spark://spark:7077
[2021-12-18 10:20:33,694] {spark_submit.py:514} INFO - deployMode              null
[2021-12-18 10:20:33,695] {spark_submit.py:514} INFO - executorMemory          null
[2021-12-18 10:20:33,696] {spark_submit.py:514} INFO - executorCores           null
[2021-12-18 10:20:33,697] {spark_submit.py:514} INFO - totalExecutorCores      null
[2021-12-18 10:20:33,698] {spark_submit.py:514} INFO - propertiesFile          null
[2021-12-18 10:20:33,699] {spark_submit.py:514} INFO - driverMemory            null
[2021-12-18 10:20:33,699] {spark_submit.py:514} INFO - driverCores             null
[2021-12-18 10:20:33,700] {spark_submit.py:514} INFO - driverExtraClassPath    null
[2021-12-18 10:20:33,701] {spark_submit.py:514} INFO - driverExtraLibraryPath  null
[2021-12-18 10:20:33,704] {spark_submit.py:514} INFO - driverExtraJavaOptions  null
[2021-12-18 10:20:33,709] {spark_submit.py:514} INFO - supervise               false
[2021-12-18 10:20:33,710] {spark_submit.py:514} INFO - queue                   null
[2021-12-18 10:20:33,711] {spark_submit.py:514} INFO - numExecutors            null
[2021-12-18 10:20:33,712] {spark_submit.py:514} INFO - files                   null
[2021-12-18 10:20:33,713] {spark_submit.py:514} INFO - pyFiles                 null
[2021-12-18 10:20:33,714] {spark_submit.py:514} INFO - archives                null
[2021-12-18 10:20:33,715] {spark_submit.py:514} INFO - mainClass               null
[2021-12-18 10:20:33,716] {spark_submit.py:514} INFO - primaryResource         file:/opt/***/jobs/get_ads_per_county.py
[2021-12-18 10:20:33,717] {spark_submit.py:514} INFO - name                    scrap data
[2021-12-18 10:20:33,718] {spark_submit.py:514} INFO - childArgs               [clare]
[2021-12-18 10:20:33,719] {spark_submit.py:514} INFO - jars                    null
[2021-12-18 10:20:33,720] {spark_submit.py:514} INFO - packages                null
[2021-12-18 10:20:33,721] {spark_submit.py:514} INFO - packagesExclusions      null
[2021-12-18 10:20:33,722] {spark_submit.py:514} INFO - repositories            null
[2021-12-18 10:20:33,723] {spark_submit.py:514} INFO - verbose                 true
[2021-12-18 10:20:33,724] {spark_submit.py:514} INFO - 
[2021-12-18 10:20:33,725] {spark_submit.py:514} INFO - Spark properties used, including those specified through
[2021-12-18 10:20:33,726] {spark_submit.py:514} INFO - --conf and those from the properties file null:
[2021-12-18 10:20:33,727] {spark_submit.py:514} INFO - (spark.master,spark://spark:7077)
[2021-12-18 10:20:33,728] {spark_submit.py:514} INFO - 
[2021-12-18 10:20:33,729] {spark_submit.py:514} INFO - 
[2021-12-18 10:20:36,600] {spark_submit.py:514} INFO - Main class:
[2021-12-18 10:20:36,602] {spark_submit.py:514} INFO - org.apache.spark.deploy.PythonRunner
[2021-12-18 10:20:36,608] {spark_submit.py:514} INFO - Arguments:
[2021-12-18 10:20:36,609] {spark_submit.py:514} INFO - file:/opt/***/jobs/get_ads_per_county.py
[2021-12-18 10:20:36,610] {spark_submit.py:514} INFO - null
[2021-12-18 10:20:36,611] {spark_submit.py:514} INFO - clare
[2021-12-18 10:20:36,613] {spark_submit.py:514} INFO - --verbose
[2021-12-18 10:20:36,662] {spark_submit.py:514} INFO - Spark config:
[2021-12-18 10:20:36,664] {spark_submit.py:514} INFO - (spark.app.name,scrap data)
[2021-12-18 10:20:36,665] {spark_submit.py:514} INFO - (spark.master,spark://spark:7077)
[2021-12-18 10:20:36,666] {spark_submit.py:514} INFO - (spark.submit.pyFiles,)
[2021-12-18 10:20:36,667] {spark_submit.py:514} INFO - (spark.submit.deployMode,client)
[2021-12-18 10:20:36,668] {spark_submit.py:514} INFO - Classpath elements:
[2021-12-18 10:20:36,669] {spark_submit.py:514} INFO - 
[2021-12-18 10:20:36,670] {spark_submit.py:514} INFO - 
[2021-12-18 10:20:36,671] {spark_submit.py:514} INFO - 
[2021-12-18 10:20:50,700] {spark_submit.py:514} INFO - Using Spark's default log4j profile: org/apache/spark/log4j-defaults.properties
[2021-12-18 10:20:50,806] {spark_submit.py:514} INFO - 21/12/18 10:20:50 INFO SparkContext: Running Spark version 3.2.0
[2021-12-18 10:20:54,222] {spark_submit.py:514} INFO - 21/12/18 10:20:54 WARN NativeCodeLoader: Unable to load native-hadoop library for your platform... using builtin-java classes where applicable
[2021-12-18 10:20:57,220] {spark_submit.py:514} INFO - 21/12/18 10:20:57 INFO ResourceUtils: ==============================================================
[2021-12-18 10:20:57,224] {spark_submit.py:514} INFO - 21/12/18 10:20:57 INFO ResourceUtils: No custom resources configured for spark.driver.
[2021-12-18 10:20:57,227] {spark_submit.py:514} INFO - 21/12/18 10:20:57 INFO ResourceUtils: ==============================================================
[2021-12-18 10:20:57,232] {spark_submit.py:514} INFO - 21/12/18 10:20:57 INFO SparkContext: Submitted application: Get Ads per county
[2021-12-18 10:20:57,488] {spark_submit.py:514} INFO - 21/12/18 10:20:57 INFO ResourceProfile: Default ResourceProfile created, executor resources: Map(cores -> name: cores, amount: 1, script: , vendor: , memory -> name: memory, amount: 1024, script: , vendor: , offHeap -> name: offHeap, amount: 0, script: , vendor: ), task resources: Map(cpus -> name: cpus, amount: 1.0)
[2021-12-18 10:20:57,660] {spark_submit.py:514} INFO - 21/12/18 10:20:57 INFO ResourceProfile: Limiting resource is cpu
[2021-12-18 10:20:57,662] {spark_submit.py:514} INFO - 21/12/18 10:20:57 INFO ResourceProfileManager: Added ResourceProfile id: 0
[2021-12-18 10:20:59,475] {spark_submit.py:514} INFO - 21/12/18 10:20:59 INFO SecurityManager: Changing view acls to: ***
[2021-12-18 10:20:59,477] {spark_submit.py:514} INFO - 21/12/18 10:20:59 INFO SecurityManager: Changing modify acls to: ***
[2021-12-18 10:20:59,478] {spark_submit.py:514} INFO - 21/12/18 10:20:59 INFO SecurityManager: Changing view acls groups to:
[2021-12-18 10:20:59,481] {spark_submit.py:514} INFO - 21/12/18 10:20:59 INFO SecurityManager: Changing modify acls groups to:
[2021-12-18 10:20:59,483] {spark_submit.py:514} INFO - 21/12/18 10:20:59 INFO SecurityManager: SecurityManager: authentication disabled; ui acls disabled; users  with view permissions: Set(***); groups with view permissions: Set(); users  with modify permissions: Set(***); groups with modify permissions: Set()
[2021-12-18 10:21:03,933] {spark_submit.py:514} INFO - 21/12/18 10:21:03 INFO Utils: Successfully started service 'sparkDriver' on port 36465.
[2021-12-18 10:21:04,440] {spark_submit.py:514} INFO - 21/12/18 10:21:04 INFO SparkEnv: Registering MapOutputTracker
[2021-12-18 10:21:04,843] {spark_submit.py:514} INFO - 21/12/18 10:21:04 INFO SparkEnv: Registering BlockManagerMaster
[2021-12-18 10:21:05,123] {spark_submit.py:514} INFO - 21/12/18 10:21:05 INFO BlockManagerMasterEndpoint: Using org.apache.spark.storage.DefaultTopologyMapper for getting topology information
[2021-12-18 10:21:05,125] {spark_submit.py:514} INFO - 21/12/18 10:21:05 INFO BlockManagerMasterEndpoint: BlockManagerMasterEndpoint up
[2021-12-18 10:21:05,177] {spark_submit.py:514} INFO - 21/12/18 10:21:05 INFO SparkEnv: Registering BlockManagerMasterHeartbeat
[2021-12-18 10:21:05,429] {spark_submit.py:514} INFO - 21/12/18 10:21:05 INFO DiskBlockManager: Created local directory at /tmp/blockmgr-d0b7f9e6-5a49-4433-b20a-2d924dbf8a66
[2021-12-18 10:21:05,796] {spark_submit.py:514} INFO - 21/12/18 10:21:05 INFO MemoryStore: MemoryStore started with capacity 434.4 MiB
[2021-12-18 10:21:06,122] {spark_submit.py:514} INFO - 21/12/18 10:21:06 INFO SparkEnv: Registering OutputCommitCoordinator
[2021-12-18 10:21:09,288] {spark_submit.py:514} INFO - 21/12/18 10:21:09 WARN Utils: Service 'SparkUI' could not bind on port 4040. Attempting port 4041.
[2021-12-18 10:21:09,359] {spark_submit.py:514} INFO - 21/12/18 10:21:09 INFO Utils: Successfully started service 'SparkUI' on port 4041.
[2021-12-18 10:21:11,303] {spark_submit.py:514} INFO - 21/12/18 10:21:11 INFO SparkUI: Bound SparkUI to 0.0.0.0, and started at http://cf1c44b514e9:4041
[2021-12-18 10:21:18,178] {spark_submit.py:514} INFO - 21/12/18 10:21:18 INFO StandaloneAppClient$ClientEndpoint: Connecting to master spark://spark:7077...
[2021-12-18 10:21:19,170] {spark_submit.py:514} INFO - 21/12/18 10:21:19 INFO TransportClientFactory: Successfully created connection to spark/172.19.0.4:7077 after 635 ms (0 ms spent in bootstraps)
[2021-12-18 10:21:22,014] {spark_submit.py:514} INFO - 21/12/18 10:21:22 INFO StandaloneSchedulerBackend: Connected to Spark cluster with app ID app-20211218102121-0001
[2021-12-18 10:21:22,080] {spark_submit.py:514} INFO - 21/12/18 10:21:22 INFO Utils: Successfully started service 'org.apache.spark.network.netty.NettyBlockTransferService' on port 36969.
[2021-12-18 10:21:22,082] {spark_submit.py:514} INFO - 21/12/18 10:21:22 INFO NettyBlockTransferService: Server created on cf1c44b514e9:36969
[2021-12-18 10:21:22,155] {spark_submit.py:514} INFO - 21/12/18 10:21:22 INFO BlockManager: Using org.apache.spark.storage.RandomBlockReplicationPolicy for block replication policy
[2021-12-18 10:21:22,775] {spark_submit.py:514} INFO - 21/12/18 10:21:22 INFO BlockManagerMaster: Registering BlockManager BlockManagerId(driver, cf1c44b514e9, 36969, None)
[2021-12-18 10:21:22,840] {spark_submit.py:514} INFO - 21/12/18 10:21:22 INFO BlockManagerMasterEndpoint: Registering block manager cf1c44b514e9:36969 with 434.4 MiB RAM, BlockManagerId(driver, cf1c44b514e9, 36969, None)
[2021-12-18 10:21:22,853] {spark_submit.py:514} INFO - 21/12/18 10:21:22 INFO BlockManagerMaster: Registered BlockManager BlockManagerId(driver, cf1c44b514e9, 36969, None)
[2021-12-18 10:21:22,883] {spark_submit.py:514} INFO - 21/12/18 10:21:22 INFO BlockManager: Initialized BlockManager: BlockManagerId(driver, cf1c44b514e9, 36969, None)
[2021-12-18 10:21:29,518] {spark_submit.py:514} INFO - 21/12/18 10:21:29 INFO StandaloneSchedulerBackend: SchedulerBackend is ready for scheduling beginning after reached minRegisteredResourcesRatio: 0.0
[2021-12-18 10:21:36,202] {spark_submit.py:514} INFO - 21/12/18 10:21:36 INFO AsyncEventQueue: Process of event SparkListenerBlockManagerAdded(1639822882832,BlockManagerId(driver, cf1c44b514e9, 36969, None),455501414,Some(455501414),Some(0)) by listener AppStatusListener took 1.1538723s.
[2021-12-18 10:21:36,521] {spark_submit.py:514} INFO - /home/***/.local/lib/python3.6/site-packages/pyspark/python/lib/pyspark.zip/pyspark/context.py:238: FutureWarning: Python 3.6 support is deprecated in Spark 3.2.
[2021-12-18 10:21:36,529] {spark_submit.py:514} INFO - FutureWarning
[2021-12-18 10:21:50,282] {spark_submit.py:514} INFO - 21/12/18 10:21:50 INFO AsyncEventQueue: Process of event SparkListenerExecutorMetricsUpdate(driver,WrappedArray(),Map((-1,-1) -> org.apache.spark.executor.ExecutorMetrics@22eecc11)) by listener AppStatusListener took 8.5120804s.
[2021-12-18 10:22:09,354] {spark_submit.py:514} INFO - 21/12/18 10:22:09 INFO SharedState: Setting hive.metastore.warehouse.dir ('null') to the value of spark.sql.warehouse.dir.
[2021-12-18 10:22:09,581] {spark_submit.py:514} INFO - 21/12/18 10:22:09 INFO SharedState: Warehouse path is 'file:/opt/***/spark-warehouse'.
[2021-12-18 10:22:19,442] {spark_submit.py:514} INFO - 21/12/18 10:22:18 INFO StandaloneAppClient$ClientEndpoint: Executor added: app-20211218102121-0001/0 on worker-20211218101855-172.19.0.6-35967 (172.19.0.6:35967) with 6 core(s)
[2021-12-18 10:22:19,481] {spark_submit.py:514} INFO - 21/12/18 10:22:19 INFO StandaloneSchedulerBackend: Granted executor ID app-20211218102121-0001/0 on hostPort 172.19.0.6:35967 with 6 core(s), 1024.0 MiB RAM
[2021-12-18 10:22:19,565] {spark_submit.py:514} INFO - 21/12/18 10:22:19 INFO StandaloneAppClient$ClientEndpoint: Executor added: app-20211218102121-0001/1 on worker-20211218101855-172.19.0.5-42491 (172.19.0.5:42491) with 6 core(s)
[2021-12-18 10:22:19,568] {spark_submit.py:514} INFO - 21/12/18 10:22:19 INFO StandaloneSchedulerBackend: Granted executor ID app-20211218102121-0001/1 on hostPort 172.19.0.5:42491 with 6 core(s), 1024.0 MiB RAM
[2021-12-18 10:22:20,417] {spark_submit.py:514} INFO - 21/12/18 10:22:20 INFO StandaloneAppClient$ClientEndpoint: Executor updated: app-20211218102121-0001/0 is now RUNNING
[2021-12-18 10:22:20,419] {spark_submit.py:514} INFO - 21/12/18 10:22:20 INFO StandaloneAppClient$ClientEndpoint: Executor updated: app-20211218102121-0001/1 is now RUNNING
[2021-12-18 10:22:32,593] {spark_submit.py:514} INFO - 21/12/18 10:22:32 INFO CoarseGrainedSchedulerBackend$DriverEndpoint: Registered executor NettyRpcEndpointRef(spark-client://Executor) (172.19.0.6:41150) with ID 0,  ResourceProfileId 0
[2021-12-18 10:22:32,596] {spark_submit.py:514} INFO - 21/12/18 10:22:32 INFO CoarseGrainedSchedulerBackend$DriverEndpoint: Registered executor NettyRpcEndpointRef(spark-client://Executor) (172.19.0.5:38448) with ID 1,  ResourceProfileId 0
[2021-12-18 10:22:33,293] {spark_submit.py:514} INFO - 21/12/18 10:22:33 INFO BlockManagerMasterEndpoint: Registering block manager 172.19.0.5:44841 with 366.3 MiB RAM, BlockManagerId(1, 172.19.0.5, 44841, None)
[2021-12-18 10:22:33,324] {spark_submit.py:514} INFO - 21/12/18 10:22:33 INFO BlockManagerMasterEndpoint: Registering block manager 172.19.0.6:38599 with 366.3 MiB RAM, BlockManagerId(0, 172.19.0.6, 38599, None)
[2021-12-18 10:22:42,633] {taskinstance.py:1703} ERROR - Task failed with exception
Traceback (most recent call last):
  File "/home/airflow/.local/lib/python3.6/site-packages/airflow/models/taskinstance.py", line 1332, in _run_raw_task
    self._execute_task_with_callbacks(context)
  File "/home/airflow/.local/lib/python3.6/site-packages/airflow/models/taskinstance.py", line 1458, in _execute_task_with_callbacks
    result = self._execute_task(context, self.task)
  File "/home/airflow/.local/lib/python3.6/site-packages/airflow/models/taskinstance.py", line 1514, in _execute_task
    result = execute_callable(context=context)
  File "/home/airflow/.local/lib/python3.6/site-packages/airflow/providers/apache/spark/operators/spark_submit.py", line 179, in execute
    self._hook.submit(self._application)
  File "/home/airflow/.local/lib/python3.6/site-packages/airflow/providers/apache/spark/hooks/spark_submit.py", line 446, in submit
    f"Cannot execute: {self._mask_cmd(spark_submit_cmd)}. Error code is: {returncode}."
airflow.exceptions.AirflowException: Cannot execute: spark-submit --master spark://spark:7077 --conf spark.master=spark://spark:7077 --name scrap data --verbose /opt/***/jobs/get_ads_per_county.py clare. Error code is: -9.
[2021-12-18 10:22:42,802] {taskinstance.py:1280} INFO - Marking task as UP_FOR_RETRY. dag_id=scraping_daft_clare, task_id=scrap_data, execution_date=20211217T091500, start_date=20211218T102008, end_date=20211218T102242
[2021-12-18 10:22:43,053] {standard_task_runner.py:91} ERROR - Failed to execute job 2981 for task scrap_data
Traceback (most recent call last):
  File "/home/airflow/.local/lib/python3.6/site-packages/airflow/task/task_runner/standard_task_runner.py", line 85, in _start_by_fork
    args.func(args, dag=self.dag)
  File "/home/airflow/.local/lib/python3.6/site-packages/airflow/cli/cli_parser.py", line 48, in command
    return func(*args, **kwargs)
  File "/home/airflow/.local/lib/python3.6/site-packages/airflow/utils/cli.py", line 92, in wrapper
    return f(*args, **kwargs)
  File "/home/airflow/.local/lib/python3.6/site-packages/airflow/cli/commands/task_command.py", line 292, in task_run
    _run_task_by_selected_method(args, dag, ti)
  File "/home/airflow/.local/lib/python3.6/site-packages/airflow/cli/commands/task_command.py", line 107, in _run_task_by_selected_method
    _run_raw_task(args, ti)
  File "/home/airflow/.local/lib/python3.6/site-packages/airflow/cli/commands/task_command.py", line 184, in _run_raw_task
    error_file=args.error_file,
  File "/home/airflow/.local/lib/python3.6/site-packages/airflow/utils/session.py", line 70, in wrapper
    return func(*args, session=session, **kwargs)
  File "/home/airflow/.local/lib/python3.6/site-packages/airflow/models/taskinstance.py", line 1332, in _run_raw_task
    self._execute_task_with_callbacks(context)
  File "/home/airflow/.local/lib/python3.6/site-packages/airflow/models/taskinstance.py", line 1458, in _execute_task_with_callbacks
    result = self._execute_task(context, self.task)
  File "/home/airflow/.local/lib/python3.6/site-packages/airflow/models/taskinstance.py", line 1514, in _execute_task
    result = execute_callable(context=context)
  File "/home/airflow/.local/lib/python3.6/site-packages/airflow/providers/apache/spark/operators/spark_submit.py", line 179, in execute
    self._hook.submit(self._application)
  File "/home/airflow/.local/lib/python3.6/site-packages/airflow/providers/apache/spark/hooks/spark_submit.py", line 446, in submit
    f"Cannot execute: {self._mask_cmd(spark_submit_cmd)}. Error code is: {returncode}."
airflow.exceptions.AirflowException: Cannot execute: spark-submit --master spark://spark:7077 --conf spark.master=spark://spark:7077 --name scrap data --verbose /opt/***/jobs/get_ads_per_county.py clare. Error code is: -9.
[2021-12-18 10:22:43,283] {local_task_job.py:154} INFO - Task exited with return code 1
[2021-12-18 10:22:43,961] {local_task_job.py:264} INFO - 0 downstream tasks scheduled from follow-on schedule check
