[2022-01-02 12:35:23,018] {taskinstance.py:1035} INFO - Dependencies all met for <TaskInstance: scraping_daft_meath.remove_file scheduled__2022-01-01T10:25:00+00:00 [queued]>
[2022-01-02 12:35:23,050] {taskinstance.py:1035} INFO - Dependencies all met for <TaskInstance: scraping_daft_meath.remove_file scheduled__2022-01-01T10:25:00+00:00 [queued]>
[2022-01-02 12:35:23,052] {taskinstance.py:1241} INFO - 
--------------------------------------------------------------------------------
[2022-01-02 12:35:23,054] {taskinstance.py:1242} INFO - Starting attempt 1 of 4
[2022-01-02 12:35:23,055] {taskinstance.py:1243} INFO - 
--------------------------------------------------------------------------------
[2022-01-02 12:35:23,096] {taskinstance.py:1262} INFO - Executing <Task(SparkSubmitOperator): remove_file> on 2022-01-01 10:25:00+00:00
[2022-01-02 12:35:23,115] {standard_task_runner.py:76} INFO - Running: ['***', 'tasks', 'run', 'scraping_daft_meath', 'remove_file', 'scheduled__2022-01-01T10:25:00+00:00', '--job-id', '6264', '--raw', '--subdir', 'DAGS_FOLDER/scraping_daft_meath.py', '--cfg-path', '/tmp/tmp620wk4ln', '--error-file', '/tmp/tmp8v_m_3tl']
[2022-01-02 12:35:23,119] {standard_task_runner.py:77} INFO - Job 6264: Subtask remove_file
[2022-01-02 12:35:23,109] {standard_task_runner.py:52} INFO - Started process 16203 to run task
[2022-01-02 12:35:23,350] {logging_mixin.py:109} INFO - Running <TaskInstance: scraping_daft_meath.remove_file scheduled__2022-01-01T10:25:00+00:00 [running]> on host bbddfc72aeab
[2022-01-02 12:35:23,689] {taskinstance.py:1429} INFO - Exporting the following env vars:
AIRFLOW_CTX_DAG_EMAIL=clement.liscoet@gmail.com
AIRFLOW_CTX_DAG_OWNER=clemoni
AIRFLOW_CTX_DAG_ID=scraping_daft_meath
AIRFLOW_CTX_TASK_ID=remove_file
AIRFLOW_CTX_EXECUTION_DATE=2022-01-01T10:25:00+00:00
AIRFLOW_CTX_DAG_RUN_ID=scheduled__2022-01-01T10:25:00+00:00
[2022-01-02 12:35:23,768] {base.py:79} INFO - Using connection to: id: spark_default. Host: spark://spark:7077, Port: None, Schema: , Login: ***, Password: ***, extra: {}
[2022-01-02 12:35:23,777] {spark_submit.py:360} INFO - Spark-Submit cmd: spark-submit --master spark://spark:7077 --conf spark.master=spark://spark:7077 --name remove file --verbose /opt/***/jobs/remove_file.py meath
[2022-01-02 12:35:27,006] {spark_submit.py:514} INFO - Using properties file: null
[2022-01-02 12:35:27,208] {spark_submit.py:514} INFO - WARNING: An illegal reflective access operation has occurred
[2022-01-02 12:35:27,209] {spark_submit.py:514} INFO - WARNING: Illegal reflective access by org.apache.spark.unsafe.Platform (file:/home/***/.local/lib/python3.6/site-packages/pyspark/jars/spark-unsafe_2.12-3.2.0.jar) to constructor java.nio.DirectByteBuffer(long,int)
[2022-01-02 12:35:27,211] {spark_submit.py:514} INFO - WARNING: Please consider reporting this to the maintainers of org.apache.spark.unsafe.Platform
[2022-01-02 12:35:27,212] {spark_submit.py:514} INFO - WARNING: Use --illegal-access=warn to enable warnings of further illegal reflective access operations
[2022-01-02 12:35:27,214] {spark_submit.py:514} INFO - WARNING: All illegal access operations will be denied in a future release
[2022-01-02 12:35:27,313] {spark_submit.py:514} INFO - Parsed arguments:
[2022-01-02 12:35:27,315] {spark_submit.py:514} INFO - master                  spark://spark:7077
[2022-01-02 12:35:27,316] {spark_submit.py:514} INFO - deployMode              null
[2022-01-02 12:35:27,318] {spark_submit.py:514} INFO - executorMemory          null
[2022-01-02 12:35:27,319] {spark_submit.py:514} INFO - executorCores           null
[2022-01-02 12:35:27,320] {spark_submit.py:514} INFO - totalExecutorCores      null
[2022-01-02 12:35:27,322] {spark_submit.py:514} INFO - propertiesFile          null
[2022-01-02 12:35:27,323] {spark_submit.py:514} INFO - driverMemory            null
[2022-01-02 12:35:27,324] {spark_submit.py:514} INFO - driverCores             null
[2022-01-02 12:35:27,325] {spark_submit.py:514} INFO - driverExtraClassPath    null
[2022-01-02 12:35:27,327] {spark_submit.py:514} INFO - driverExtraLibraryPath  null
[2022-01-02 12:35:27,329] {spark_submit.py:514} INFO - driverExtraJavaOptions  null
[2022-01-02 12:35:27,330] {spark_submit.py:514} INFO - supervise               false
[2022-01-02 12:35:27,331] {spark_submit.py:514} INFO - queue                   null
[2022-01-02 12:35:27,332] {spark_submit.py:514} INFO - numExecutors            null
[2022-01-02 12:35:27,334] {spark_submit.py:514} INFO - files                   null
[2022-01-02 12:35:27,335] {spark_submit.py:514} INFO - pyFiles                 null
[2022-01-02 12:35:27,336] {spark_submit.py:514} INFO - archives                null
[2022-01-02 12:35:27,338] {spark_submit.py:514} INFO - mainClass               null
[2022-01-02 12:35:27,340] {spark_submit.py:514} INFO - primaryResource         file:/opt/***/jobs/remove_file.py
[2022-01-02 12:35:27,341] {spark_submit.py:514} INFO - name                    remove file
[2022-01-02 12:35:27,342] {spark_submit.py:514} INFO - childArgs               [meath]
[2022-01-02 12:35:27,344] {spark_submit.py:514} INFO - jars                    null
[2022-01-02 12:35:27,345] {spark_submit.py:514} INFO - packages                null
[2022-01-02 12:35:27,346] {spark_submit.py:514} INFO - packagesExclusions      null
[2022-01-02 12:35:27,348] {spark_submit.py:514} INFO - repositories            null
[2022-01-02 12:35:27,349] {spark_submit.py:514} INFO - verbose                 true
[2022-01-02 12:35:27,350] {spark_submit.py:514} INFO - 
[2022-01-02 12:35:27,352] {spark_submit.py:514} INFO - Spark properties used, including those specified through
[2022-01-02 12:35:27,353] {spark_submit.py:514} INFO - --conf and those from the properties file null:
[2022-01-02 12:35:27,355] {spark_submit.py:514} INFO - (spark.master,spark://spark:7077)
[2022-01-02 12:35:27,356] {spark_submit.py:514} INFO - 
[2022-01-02 12:35:27,357] {spark_submit.py:514} INFO - 
[2022-01-02 12:35:27,963] {spark_submit.py:514} INFO - Main class:
[2022-01-02 12:35:27,965] {spark_submit.py:514} INFO - org.apache.spark.deploy.PythonRunner
[2022-01-02 12:35:27,967] {spark_submit.py:514} INFO - Arguments:
[2022-01-02 12:35:27,968] {spark_submit.py:514} INFO - file:/opt/***/jobs/remove_file.py
[2022-01-02 12:35:27,970] {spark_submit.py:514} INFO - null
[2022-01-02 12:35:27,971] {spark_submit.py:514} INFO - meath
[2022-01-02 12:35:27,973] {spark_submit.py:514} INFO - --verbose
[2022-01-02 12:35:27,974] {spark_submit.py:514} INFO - Spark config:
[2022-01-02 12:35:27,975] {spark_submit.py:514} INFO - (spark.app.name,remove file)
[2022-01-02 12:35:27,977] {spark_submit.py:514} INFO - (spark.master,spark://spark:7077)
[2022-01-02 12:35:27,978] {spark_submit.py:514} INFO - (spark.submit.pyFiles,)
[2022-01-02 12:35:27,980] {spark_submit.py:514} INFO - (spark.submit.deployMode,client)
[2022-01-02 12:35:27,981] {spark_submit.py:514} INFO - Classpath elements:
[2022-01-02 12:35:27,983] {spark_submit.py:514} INFO - 
[2022-01-02 12:35:27,985] {spark_submit.py:514} INFO - 
[2022-01-02 12:35:27,986] {spark_submit.py:514} INFO - 
[2022-01-02 12:35:30,426] {spark_submit.py:514} INFO - Using Spark's default log4j profile: org/apache/spark/log4j-defaults.properties
[2022-01-02 12:35:30,459] {spark_submit.py:514} INFO - 22/01/02 12:35:30 INFO SparkContext: Running Spark version 3.2.0
[2022-01-02 12:35:30,854] {spark_submit.py:514} INFO - 22/01/02 12:35:30 WARN NativeCodeLoader: Unable to load native-hadoop library for your platform... using builtin-java classes where applicable
[2022-01-02 12:35:31,266] {spark_submit.py:514} INFO - 22/01/02 12:35:31 INFO ResourceUtils: ==============================================================
[2022-01-02 12:35:31,269] {spark_submit.py:514} INFO - 22/01/02 12:35:31 INFO ResourceUtils: No custom resources configured for spark.driver.
[2022-01-02 12:35:31,273] {spark_submit.py:514} INFO - 22/01/02 12:35:31 INFO ResourceUtils: ==============================================================
[2022-01-02 12:35:31,280] {spark_submit.py:514} INFO - 22/01/02 12:35:31 INFO SparkContext: Submitted application: Remove file
[2022-01-02 12:35:31,368] {spark_submit.py:514} INFO - 22/01/02 12:35:31 INFO ResourceProfile: Default ResourceProfile created, executor resources: Map(cores -> name: cores, amount: 1, script: , vendor: , memory -> name: memory, amount: 1024, script: , vendor: , offHeap -> name: offHeap, amount: 0, script: , vendor: ), task resources: Map(cpus -> name: cpus, amount: 1.0)
[2022-01-02 12:35:31,411] {spark_submit.py:514} INFO - 22/01/02 12:35:31 INFO ResourceProfile: Limiting resource is cpu
[2022-01-02 12:35:31,413] {spark_submit.py:514} INFO - 22/01/02 12:35:31 INFO ResourceProfileManager: Added ResourceProfile id: 0
[2022-01-02 12:35:31,743] {spark_submit.py:514} INFO - 22/01/02 12:35:31 INFO SecurityManager: Changing view acls to: ***
[2022-01-02 12:35:31,755] {spark_submit.py:514} INFO - 22/01/02 12:35:31 INFO SecurityManager: Changing modify acls to: ***
[2022-01-02 12:35:31,763] {spark_submit.py:514} INFO - 22/01/02 12:35:31 INFO SecurityManager: Changing view acls groups to:
[2022-01-02 12:35:31,767] {spark_submit.py:514} INFO - 22/01/02 12:35:31 INFO SecurityManager: Changing modify acls groups to:
[2022-01-02 12:35:31,775] {spark_submit.py:514} INFO - 22/01/02 12:35:31 INFO SecurityManager: SecurityManager: authentication disabled; ui acls disabled; users  with view permissions: Set(***); groups with view permissions: Set(); users  with modify permissions: Set(***); groups with modify permissions: Set()
[2022-01-02 12:35:32,766] {spark_submit.py:514} INFO - 22/01/02 12:35:32 INFO Utils: Successfully started service 'sparkDriver' on port 32941.
[2022-01-02 12:35:32,868] {spark_submit.py:514} INFO - 22/01/02 12:35:32 INFO SparkEnv: Registering MapOutputTracker
[2022-01-02 12:35:32,984] {spark_submit.py:514} INFO - 22/01/02 12:35:32 INFO SparkEnv: Registering BlockManagerMaster
[2022-01-02 12:35:33,044] {spark_submit.py:514} INFO - 22/01/02 12:35:33 INFO BlockManagerMasterEndpoint: Using org.apache.spark.storage.DefaultTopologyMapper for getting topology information
[2022-01-02 12:35:33,046] {spark_submit.py:514} INFO - 22/01/02 12:35:33 INFO BlockManagerMasterEndpoint: BlockManagerMasterEndpoint up
[2022-01-02 12:35:33,063] {spark_submit.py:514} INFO - 22/01/02 12:35:33 INFO SparkEnv: Registering BlockManagerMasterHeartbeat
[2022-01-02 12:35:33,143] {spark_submit.py:514} INFO - 22/01/02 12:35:33 INFO DiskBlockManager: Created local directory at /tmp/blockmgr-fd0a0334-2642-4d77-b7db-145ceba4094c
[2022-01-02 12:35:33,192] {spark_submit.py:514} INFO - 22/01/02 12:35:33 INFO MemoryStore: MemoryStore started with capacity 434.4 MiB
[2022-01-02 12:35:33,231] {spark_submit.py:514} INFO - 22/01/02 12:35:33 INFO SparkEnv: Registering OutputCommitCoordinator
[2022-01-02 12:35:33,883] {spark_submit.py:514} INFO - 22/01/02 12:35:33 INFO Utils: Successfully started service 'SparkUI' on port 4040.
[2022-01-02 12:35:34,083] {spark_submit.py:514} INFO - 22/01/02 12:35:34 INFO SparkUI: Bound SparkUI to 0.0.0.0, and started at http://bbddfc72aeab:4040
[2022-01-02 12:35:34,665] {spark_submit.py:514} INFO - 22/01/02 12:35:34 INFO StandaloneAppClient$ClientEndpoint: Connecting to master spark://spark:7077...
[2022-01-02 12:35:35,036] {spark_submit.py:514} INFO - 22/01/02 12:35:35 INFO TransportClientFactory: Successfully created connection to spark/172.22.0.4:7077 after 182 ms (0 ms spent in bootstraps)
[2022-01-02 12:35:35,381] {spark_submit.py:514} INFO - 22/01/02 12:35:35 INFO StandaloneSchedulerBackend: Connected to Spark cluster with app ID app-20220102123535-0091
[2022-01-02 12:35:35,410] {spark_submit.py:514} INFO - 22/01/02 12:35:35 INFO Utils: Successfully started service 'org.apache.spark.network.netty.NettyBlockTransferService' on port 41413.
[2022-01-02 12:35:35,411] {spark_submit.py:514} INFO - 22/01/02 12:35:35 INFO NettyBlockTransferService: Server created on bbddfc72aeab:41413
[2022-01-02 12:35:35,416] {spark_submit.py:514} INFO - 22/01/02 12:35:35 INFO BlockManager: Using org.apache.spark.storage.RandomBlockReplicationPolicy for block replication policy
[2022-01-02 12:35:35,439] {spark_submit.py:514} INFO - 22/01/02 12:35:35 INFO BlockManagerMaster: Registering BlockManager BlockManagerId(driver, bbddfc72aeab, 41413, None)
[2022-01-02 12:35:35,452] {spark_submit.py:514} INFO - 22/01/02 12:35:35 INFO BlockManagerMasterEndpoint: Registering block manager bbddfc72aeab:41413 with 434.4 MiB RAM, BlockManagerId(driver, bbddfc72aeab, 41413, None)
[2022-01-02 12:35:35,465] {spark_submit.py:514} INFO - 22/01/02 12:35:35 INFO BlockManagerMaster: Registered BlockManager BlockManagerId(driver, bbddfc72aeab, 41413, None)
[2022-01-02 12:35:35,470] {spark_submit.py:514} INFO - 22/01/02 12:35:35 INFO BlockManager: Initialized BlockManager: BlockManagerId(driver, bbddfc72aeab, 41413, None)
[2022-01-02 12:35:36,189] {spark_submit.py:514} INFO - 22/01/02 12:35:36 INFO StandaloneSchedulerBackend: SchedulerBackend is ready for scheduling beginning after reached minRegisteredResourcesRatio: 0.0
[2022-01-02 12:35:36,271] {spark_submit.py:514} INFO - /home/***/.local/lib/python3.6/site-packages/pyspark/python/lib/pyspark.zip/pyspark/context.py:238: FutureWarning: Python 3.6 support is deprecated in Spark 3.2.
[2022-01-02 12:35:36,273] {spark_submit.py:514} INFO - FutureWarning
[2022-01-02 12:35:36,796] {spark_submit.py:514} INFO - 22/01/02 12:35:36 INFO SharedState: Setting hive.metastore.warehouse.dir ('null') to the value of spark.sql.warehouse.dir.
[2022-01-02 12:35:36,886] {spark_submit.py:514} INFO - 22/01/02 12:35:36 INFO SharedState: Warehouse path is 'file:/opt/***/spark-warehouse'.
[2022-01-02 12:35:38,699] {spark_submit.py:514} INFO - file: meath_rent.json deleted
[2022-01-02 12:35:38,894] {spark_submit.py:514} INFO - 22/01/02 12:35:38 INFO SparkContext: Invoking stop() from shutdown hook
[2022-01-02 12:35:38,931] {spark_submit.py:514} INFO - 22/01/02 12:35:38 INFO SparkUI: Stopped Spark web UI at http://bbddfc72aeab:4040
[2022-01-02 12:35:38,953] {spark_submit.py:514} INFO - 22/01/02 12:35:38 INFO StandaloneSchedulerBackend: Shutting down all executors
[2022-01-02 12:35:38,964] {spark_submit.py:514} INFO - 22/01/02 12:35:38 INFO CoarseGrainedSchedulerBackend$DriverEndpoint: Asking each executor to shut down
[2022-01-02 12:35:39,039] {spark_submit.py:514} INFO - 22/01/02 12:35:39 INFO MapOutputTrackerMasterEndpoint: MapOutputTrackerMasterEndpoint stopped!
[2022-01-02 12:35:39,098] {spark_submit.py:514} INFO - 22/01/02 12:35:39 INFO MemoryStore: MemoryStore cleared
[2022-01-02 12:35:39,100] {spark_submit.py:514} INFO - 22/01/02 12:35:39 INFO BlockManager: BlockManager stopped
[2022-01-02 12:35:39,125] {spark_submit.py:514} INFO - 22/01/02 12:35:39 INFO BlockManagerMaster: BlockManagerMaster stopped
[2022-01-02 12:35:39,137] {spark_submit.py:514} INFO - 22/01/02 12:35:39 INFO OutputCommitCoordinator$OutputCommitCoordinatorEndpoint: OutputCommitCoordinator stopped!
[2022-01-02 12:35:39,166] {spark_submit.py:514} INFO - 22/01/02 12:35:39 INFO SparkContext: Successfully stopped SparkContext
[2022-01-02 12:35:39,168] {spark_submit.py:514} INFO - 22/01/02 12:35:39 INFO ShutdownHookManager: Shutdown hook called
[2022-01-02 12:35:39,172] {spark_submit.py:514} INFO - 22/01/02 12:35:39 INFO ShutdownHookManager: Deleting directory /tmp/spark-e68fad14-3c5e-4522-9951-abb7b92191d6
[2022-01-02 12:35:39,180] {spark_submit.py:514} INFO - 22/01/02 12:35:39 INFO ShutdownHookManager: Deleting directory /tmp/spark-8d841879-8908-472c-a17a-2ddf800975d9
[2022-01-02 12:35:39,191] {spark_submit.py:514} INFO - 22/01/02 12:35:39 INFO ShutdownHookManager: Deleting directory /tmp/spark-e68fad14-3c5e-4522-9951-abb7b92191d6/pyspark-b96a27d6-e9f3-43a8-bba5-286a35f6c1b4
[2022-01-02 12:35:39,399] {taskinstance.py:1280} INFO - Marking task as SUCCESS. dag_id=scraping_daft_meath, task_id=remove_file, execution_date=20220101T102500, start_date=20220102T123523, end_date=20220102T123539
[2022-01-02 12:35:39,459] {local_task_job.py:154} INFO - Task exited with return code 0
[2022-01-02 12:35:39,596] {local_task_job.py:264} INFO - 0 downstream tasks scheduled from follow-on schedule check
