[2021-12-08 10:31:38,895] {taskinstance.py:1035} INFO - Dependencies all met for <TaskInstance: scraping_daft_kildare.persist_data scheduled__2021-12-07T02:15:00+00:00 [queued]>
[2021-12-08 10:31:39,043] {taskinstance.py:1035} INFO - Dependencies all met for <TaskInstance: scraping_daft_kildare.persist_data scheduled__2021-12-07T02:15:00+00:00 [queued]>
[2021-12-08 10:31:39,049] {taskinstance.py:1241} INFO - 
--------------------------------------------------------------------------------
[2021-12-08 10:31:39,053] {taskinstance.py:1242} INFO - Starting attempt 1 of 3
[2021-12-08 10:31:39,054] {taskinstance.py:1243} INFO - 
--------------------------------------------------------------------------------
[2021-12-08 10:31:39,191] {taskinstance.py:1262} INFO - Executing <Task(SparkSubmitOperator): persist_data> on 2021-12-07 02:15:00+00:00
[2021-12-08 10:31:39,216] {standard_task_runner.py:76} INFO - Running: ['***', 'tasks', 'run', 'scraping_daft_kildare', 'persist_data', 'scheduled__2021-12-07T02:15:00+00:00', '--job-id', '691', '--raw', '--subdir', 'DAGS_FOLDER/scraping_daft_kildare.py', '--cfg-path', '/tmp/tmp81wqc9ve', '--error-file', '/tmp/tmp0_3d19fs']
[2021-12-08 10:31:39,218] {standard_task_runner.py:77} INFO - Job 691: Subtask persist_data
[2021-12-08 10:31:39,199] {standard_task_runner.py:52} INFO - Started process 6864 to run task
[2021-12-08 10:31:39,562] {logging_mixin.py:109} INFO - Running <TaskInstance: scraping_daft_kildare.persist_data scheduled__2021-12-07T02:15:00+00:00 [running]> on host 041e6f8654c3
[2021-12-08 10:31:40,081] {taskinstance.py:1429} INFO - Exporting the following env vars:
AIRFLOW_CTX_DAG_EMAIL=***@example.com
AIRFLOW_CTX_DAG_OWNER=clemoni
AIRFLOW_CTX_DAG_ID=scraping_daft_kildare
AIRFLOW_CTX_TASK_ID=persist_data
AIRFLOW_CTX_EXECUTION_DATE=2021-12-07T02:15:00+00:00
AIRFLOW_CTX_DAG_RUN_ID=scheduled__2021-12-07T02:15:00+00:00
[2021-12-08 10:31:40,124] {base.py:79} INFO - Using connection to: id: spark_default. Host: spark://spark:7077, Port: None, Schema: , Login: ***, Password: ***, extra: {}
[2021-12-08 10:31:40,132] {spark_submit.py:362} INFO - Spark-Submit cmd: spark-submit --master spark://spark:7077 --conf spark.master=spark://spark:7077 --name persist data --verbose /opt/***/jobs/persist_db.py kildare
[2021-12-08 10:31:46,024] {spark_submit.py:523} INFO - Using properties file: null
[2021-12-08 10:31:46,630] {spark_submit.py:523} INFO - WARNING: An illegal reflective access operation has occurred
[2021-12-08 10:31:46,632] {spark_submit.py:523} INFO - WARNING: Illegal reflective access by org.apache.spark.unsafe.Platform (file:/home/***/.local/lib/python3.6/site-packages/pyspark/jars/spark-unsafe_2.12-3.2.0.jar) to constructor java.nio.DirectByteBuffer(long,int)
[2021-12-08 10:31:46,632] {spark_submit.py:523} INFO - WARNING: Please consider reporting this to the maintainers of org.apache.spark.unsafe.Platform
[2021-12-08 10:31:46,633] {spark_submit.py:523} INFO - WARNING: Use --illegal-access=warn to enable warnings of further illegal reflective access operations
[2021-12-08 10:31:46,634] {spark_submit.py:523} INFO - WARNING: All illegal access operations will be denied in a future release
[2021-12-08 10:31:46,832] {spark_submit.py:523} INFO - Parsed arguments:
[2021-12-08 10:31:46,833] {spark_submit.py:523} INFO - master                  spark://spark:7077
[2021-12-08 10:31:46,834] {spark_submit.py:523} INFO - deployMode              null
[2021-12-08 10:31:46,835] {spark_submit.py:523} INFO - executorMemory          null
[2021-12-08 10:31:46,835] {spark_submit.py:523} INFO - executorCores           null
[2021-12-08 10:31:46,836] {spark_submit.py:523} INFO - totalExecutorCores      null
[2021-12-08 10:31:46,837] {spark_submit.py:523} INFO - propertiesFile          null
[2021-12-08 10:31:46,838] {spark_submit.py:523} INFO - driverMemory            null
[2021-12-08 10:31:46,839] {spark_submit.py:523} INFO - driverCores             null
[2021-12-08 10:31:46,840] {spark_submit.py:523} INFO - driverExtraClassPath    null
[2021-12-08 10:31:46,841] {spark_submit.py:523} INFO - driverExtraLibraryPath  null
[2021-12-08 10:31:46,843] {spark_submit.py:523} INFO - driverExtraJavaOptions  null
[2021-12-08 10:31:46,843] {spark_submit.py:523} INFO - supervise               false
[2021-12-08 10:31:46,844] {spark_submit.py:523} INFO - queue                   null
[2021-12-08 10:31:46,845] {spark_submit.py:523} INFO - numExecutors            null
[2021-12-08 10:31:46,846] {spark_submit.py:523} INFO - files                   null
[2021-12-08 10:31:46,846] {spark_submit.py:523} INFO - pyFiles                 null
[2021-12-08 10:31:46,847] {spark_submit.py:523} INFO - archives                null
[2021-12-08 10:31:46,848] {spark_submit.py:523} INFO - mainClass               null
[2021-12-08 10:31:46,849] {spark_submit.py:523} INFO - primaryResource         file:/opt/***/jobs/persist_db.py
[2021-12-08 10:31:46,849] {spark_submit.py:523} INFO - name                    persist data
[2021-12-08 10:31:46,850] {spark_submit.py:523} INFO - childArgs               [kildare]
[2021-12-08 10:31:46,851] {spark_submit.py:523} INFO - jars                    null
[2021-12-08 10:31:46,852] {spark_submit.py:523} INFO - packages                null
[2021-12-08 10:31:46,852] {spark_submit.py:523} INFO - packagesExclusions      null
[2021-12-08 10:31:46,853] {spark_submit.py:523} INFO - repositories            null
[2021-12-08 10:31:46,856] {spark_submit.py:523} INFO - verbose                 true
[2021-12-08 10:31:46,857] {spark_submit.py:523} INFO - 
[2021-12-08 10:31:46,858] {spark_submit.py:523} INFO - Spark properties used, including those specified through
[2021-12-08 10:31:46,859] {spark_submit.py:523} INFO - --conf and those from the properties file null:
[2021-12-08 10:31:46,859] {spark_submit.py:523} INFO - (spark.master,spark://spark:7077)
[2021-12-08 10:31:46,860] {spark_submit.py:523} INFO - 
[2021-12-08 10:31:46,861] {spark_submit.py:523} INFO - 
[2021-12-08 10:31:47,718] {spark_submit.py:523} INFO - Main class:
[2021-12-08 10:31:47,721] {spark_submit.py:523} INFO - org.apache.spark.deploy.PythonRunner
[2021-12-08 10:31:47,727] {spark_submit.py:523} INFO - Arguments:
[2021-12-08 10:31:47,734] {spark_submit.py:523} INFO - file:/opt/***/jobs/persist_db.py
[2021-12-08 10:31:47,739] {spark_submit.py:523} INFO - null
[2021-12-08 10:31:47,741] {spark_submit.py:523} INFO - kildare
[2021-12-08 10:31:47,743] {spark_submit.py:523} INFO - --verbose
[2021-12-08 10:31:47,745] {spark_submit.py:523} INFO - Spark config:
[2021-12-08 10:31:47,748] {spark_submit.py:523} INFO - (spark.master,spark://spark:7077)
[2021-12-08 10:31:47,752] {spark_submit.py:523} INFO - (spark.app.name,persist data)
[2021-12-08 10:31:47,759] {spark_submit.py:523} INFO - (spark.submit.pyFiles,)
[2021-12-08 10:31:47,763] {spark_submit.py:523} INFO - (spark.submit.deployMode,client)
[2021-12-08 10:31:47,767] {spark_submit.py:523} INFO - Classpath elements:
[2021-12-08 10:31:47,772] {spark_submit.py:523} INFO - 
[2021-12-08 10:31:47,774] {spark_submit.py:523} INFO - 
[2021-12-08 10:31:47,777] {spark_submit.py:523} INFO - 
[2021-12-08 10:31:51,372] {spark_submit.py:523} INFO - Using Spark's default log4j profile: org/apache/spark/log4j-defaults.properties
[2021-12-08 10:31:51,410] {spark_submit.py:523} INFO - 21/12/08 10:31:51 INFO SparkContext: Running Spark version 3.2.0
[2021-12-08 10:31:51,724] {spark_submit.py:523} INFO - 21/12/08 10:31:51 WARN NativeCodeLoader: Unable to load native-hadoop library for your platform... using builtin-java classes where applicable
[2021-12-08 10:31:52,549] {spark_submit.py:523} INFO - 21/12/08 10:31:52 INFO ResourceUtils: ==============================================================
[2021-12-08 10:31:52,558] {spark_submit.py:523} INFO - 21/12/08 10:31:52 INFO ResourceUtils: No custom resources configured for spark.driver.
[2021-12-08 10:31:52,583] {spark_submit.py:523} INFO - 21/12/08 10:31:52 INFO ResourceUtils: ==============================================================
[2021-12-08 10:31:52,584] {spark_submit.py:523} INFO - 21/12/08 10:31:52 INFO SparkContext: Submitted application: Persist DB
[2021-12-08 10:31:52,704] {spark_submit.py:523} INFO - 21/12/08 10:31:52 INFO ResourceProfile: Default ResourceProfile created, executor resources: Map(cores -> name: cores, amount: 1, script: , vendor: , memory -> name: memory, amount: 1024, script: , vendor: , offHeap -> name: offHeap, amount: 0, script: , vendor: ), task resources: Map(cpus -> name: cpus, amount: 1.0)
[2021-12-08 10:31:52,804] {spark_submit.py:523} INFO - 21/12/08 10:31:52 INFO ResourceProfile: Limiting resource is cpu
[2021-12-08 10:31:52,806] {spark_submit.py:523} INFO - 21/12/08 10:31:52 INFO ResourceProfileManager: Added ResourceProfile id: 0
[2021-12-08 10:31:53,225] {spark_submit.py:523} INFO - 21/12/08 10:31:53 INFO SecurityManager: Changing view acls to: ***
[2021-12-08 10:31:53,227] {spark_submit.py:523} INFO - 21/12/08 10:31:53 INFO SecurityManager: Changing modify acls to: ***
[2021-12-08 10:31:53,229] {spark_submit.py:523} INFO - 21/12/08 10:31:53 INFO SecurityManager: Changing view acls groups to:
[2021-12-08 10:31:53,231] {spark_submit.py:523} INFO - 21/12/08 10:31:53 INFO SecurityManager: Changing modify acls groups to:
[2021-12-08 10:31:53,235] {spark_submit.py:523} INFO - 21/12/08 10:31:53 INFO SecurityManager: SecurityManager: authentication disabled; ui acls disabled; users  with view permissions: Set(***); groups with view permissions: Set(); users  with modify permissions: Set(***); groups with modify permissions: Set()
[2021-12-08 10:31:54,334] {spark_submit.py:523} INFO - 21/12/08 10:31:54 INFO Utils: Successfully started service 'sparkDriver' on port 43081.
[2021-12-08 10:31:54,496] {spark_submit.py:523} INFO - 21/12/08 10:31:54 INFO SparkEnv: Registering MapOutputTracker
[2021-12-08 10:31:54,631] {spark_submit.py:523} INFO - 21/12/08 10:31:54 INFO SparkEnv: Registering BlockManagerMaster
[2021-12-08 10:31:54,676] {spark_submit.py:523} INFO - 21/12/08 10:31:54 INFO BlockManagerMasterEndpoint: Using org.apache.spark.storage.DefaultTopologyMapper for getting topology information
[2021-12-08 10:31:54,678] {spark_submit.py:523} INFO - 21/12/08 10:31:54 INFO BlockManagerMasterEndpoint: BlockManagerMasterEndpoint up
[2021-12-08 10:31:54,688] {spark_submit.py:523} INFO - 21/12/08 10:31:54 INFO SparkEnv: Registering BlockManagerMasterHeartbeat
[2021-12-08 10:31:54,782] {spark_submit.py:523} INFO - 21/12/08 10:31:54 INFO DiskBlockManager: Created local directory at /tmp/blockmgr-f640e177-91d8-4cdc-8e84-a3abf6dec5d0
[2021-12-08 10:31:54,858] {spark_submit.py:523} INFO - 21/12/08 10:31:54 INFO MemoryStore: MemoryStore started with capacity 434.4 MiB
[2021-12-08 10:31:54,938] {spark_submit.py:523} INFO - 21/12/08 10:31:54 INFO SparkEnv: Registering OutputCommitCoordinator
[2021-12-08 10:31:55,961] {spark_submit.py:523} INFO - 21/12/08 10:31:55 WARN Utils: Service 'SparkUI' could not bind on port 4040. Attempting port 4041.
[2021-12-08 10:31:55,971] {spark_submit.py:523} INFO - 21/12/08 10:31:55 WARN Utils: Service 'SparkUI' could not bind on port 4041. Attempting port 4042.
[2021-12-08 10:31:55,982] {spark_submit.py:523} INFO - 21/12/08 10:31:55 WARN Utils: Service 'SparkUI' could not bind on port 4042. Attempting port 4043.
[2021-12-08 10:31:55,986] {spark_submit.py:523} INFO - 21/12/08 10:31:55 WARN Utils: Service 'SparkUI' could not bind on port 4043. Attempting port 4044.
[2021-12-08 10:31:55,990] {spark_submit.py:523} INFO - 21/12/08 10:31:55 WARN Utils: Service 'SparkUI' could not bind on port 4044. Attempting port 4045.
[2021-12-08 10:31:55,999] {spark_submit.py:523} INFO - 21/12/08 10:31:55 WARN Utils: Service 'SparkUI' could not bind on port 4045. Attempting port 4046.
[2021-12-08 10:31:56,073] {spark_submit.py:523} INFO - 21/12/08 10:31:56 INFO Utils: Successfully started service 'SparkUI' on port 4046.
[2021-12-08 10:31:56,385] {spark_submit.py:523} INFO - 21/12/08 10:31:56 INFO SparkUI: Bound SparkUI to 0.0.0.0, and started at http://041e6f8654c3:4046
[2021-12-08 10:31:57,142] {spark_submit.py:523} INFO - 21/12/08 10:31:57 INFO StandaloneAppClient$ClientEndpoint: Connecting to master spark://spark:7077...
[2021-12-08 10:31:57,427] {spark_submit.py:523} INFO - 21/12/08 10:31:57 INFO TransportClientFactory: Successfully created connection to spark/172.31.0.9:7077 after 116 ms (0 ms spent in bootstraps)
[2021-12-08 10:31:57,756] {spark_submit.py:523} INFO - 21/12/08 10:31:57 INFO StandaloneSchedulerBackend: Connected to Spark cluster with app ID app-20211208103157-0040
[2021-12-08 10:31:57,786] {spark_submit.py:523} INFO - 21/12/08 10:31:57 INFO Utils: Successfully started service 'org.apache.spark.network.netty.NettyBlockTransferService' on port 40613.
[2021-12-08 10:31:57,787] {spark_submit.py:523} INFO - 21/12/08 10:31:57 INFO NettyBlockTransferService: Server created on 041e6f8654c3:40613
[2021-12-08 10:31:57,792] {spark_submit.py:523} INFO - 21/12/08 10:31:57 INFO BlockManager: Using org.apache.spark.storage.RandomBlockReplicationPolicy for block replication policy
[2021-12-08 10:31:57,803] {spark_submit.py:523} INFO - 21/12/08 10:31:57 INFO BlockManagerMaster: Registering BlockManager BlockManagerId(driver, 041e6f8654c3, 40613, None)
[2021-12-08 10:31:57,812] {spark_submit.py:523} INFO - 21/12/08 10:31:57 INFO BlockManagerMasterEndpoint: Registering block manager 041e6f8654c3:40613 with 434.4 MiB RAM, BlockManagerId(driver, 041e6f8654c3, 40613, None)
[2021-12-08 10:31:57,816] {spark_submit.py:523} INFO - 21/12/08 10:31:57 INFO BlockManagerMaster: Registered BlockManager BlockManagerId(driver, 041e6f8654c3, 40613, None)
[2021-12-08 10:31:57,819] {spark_submit.py:523} INFO - 21/12/08 10:31:57 INFO BlockManager: Initialized BlockManager: BlockManagerId(driver, 041e6f8654c3, 40613, None)
[2021-12-08 10:31:58,402] {spark_submit.py:523} INFO - 21/12/08 10:31:58 INFO StandaloneSchedulerBackend: SchedulerBackend is ready for scheduling beginning after reached minRegisteredResourcesRatio: 0.0
[2021-12-08 10:31:58,534] {spark_submit.py:523} INFO - /home/***/.local/lib/python3.6/site-packages/pyspark/python/lib/pyspark.zip/pyspark/context.py:238: FutureWarning: Python 3.6 support is deprecated in Spark 3.2.
[2021-12-08 10:31:58,539] {spark_submit.py:523} INFO - FutureWarning
[2021-12-08 10:31:59,018] {spark_submit.py:523} INFO - 21/12/08 10:31:59 INFO SharedState: Setting hive.metastore.warehouse.dir ('null') to the value of spark.sql.warehouse.dir.
[2021-12-08 10:31:59,102] {spark_submit.py:523} INFO - 21/12/08 10:31:59 INFO SharedState: Warehouse path is 'file:/opt/***/spark-warehouse'.
[2021-12-08 10:32:02,226] {spark_submit.py:523} INFO - 21/12/08 10:32:02 INFO SparkContext: Invoking stop() from shutdown hook
[2021-12-08 10:32:02,250] {spark_submit.py:523} INFO - 21/12/08 10:32:02 INFO SparkUI: Stopped Spark web UI at http://041e6f8654c3:4046
[2021-12-08 10:32:02,262] {spark_submit.py:523} INFO - 21/12/08 10:32:02 INFO StandaloneSchedulerBackend: Shutting down all executors
[2021-12-08 10:32:02,267] {spark_submit.py:523} INFO - 21/12/08 10:32:02 INFO CoarseGrainedSchedulerBackend$DriverEndpoint: Asking each executor to shut down
[2021-12-08 10:32:02,307] {spark_submit.py:523} INFO - 21/12/08 10:32:02 INFO MapOutputTrackerMasterEndpoint: MapOutputTrackerMasterEndpoint stopped!
[2021-12-08 10:32:02,430] {spark_submit.py:523} INFO - 21/12/08 10:32:02 INFO MemoryStore: MemoryStore cleared
[2021-12-08 10:32:02,436] {spark_submit.py:523} INFO - 21/12/08 10:32:02 INFO BlockManager: BlockManager stopped
[2021-12-08 10:32:02,452] {spark_submit.py:523} INFO - 21/12/08 10:32:02 INFO BlockManagerMaster: BlockManagerMaster stopped
[2021-12-08 10:32:02,458] {spark_submit.py:523} INFO - 21/12/08 10:32:02 INFO OutputCommitCoordinator$OutputCommitCoordinatorEndpoint: OutputCommitCoordinator stopped!
[2021-12-08 10:32:02,563] {spark_submit.py:523} INFO - 21/12/08 10:32:02 INFO SparkContext: Successfully stopped SparkContext
[2021-12-08 10:32:02,564] {spark_submit.py:523} INFO - 21/12/08 10:32:02 INFO ShutdownHookManager: Shutdown hook called
[2021-12-08 10:32:02,565] {spark_submit.py:523} INFO - 21/12/08 10:32:02 INFO ShutdownHookManager: Deleting directory /tmp/spark-cff6e762-6eb3-45d1-ba41-fb14b26d83f1/pyspark-8b1fa81f-e56d-4503-888e-6aa9c6e43f0e
[2021-12-08 10:32:02,580] {spark_submit.py:523} INFO - 21/12/08 10:32:02 INFO ShutdownHookManager: Deleting directory /tmp/spark-cff6e762-6eb3-45d1-ba41-fb14b26d83f1
[2021-12-08 10:32:02,614] {spark_submit.py:523} INFO - 21/12/08 10:32:02 INFO ShutdownHookManager: Deleting directory /tmp/spark-32778542-c4d7-4432-b7ee-e15db080834e
[2021-12-08 10:32:03,085] {taskinstance.py:1280} INFO - Marking task as SUCCESS. dag_id=scraping_daft_kildare, task_id=persist_data, execution_date=20211207T021500, start_date=20211208T103138, end_date=20211208T103203
[2021-12-08 10:32:03,175] {local_task_job.py:154} INFO - Task exited with return code 0
[2021-12-08 10:32:03,480] {local_task_job.py:264} INFO - 1 downstream tasks scheduled from follow-on schedule check
