[2021-12-25 12:58:49,295] {taskinstance.py:1035} INFO - Dependencies all met for <TaskInstance: scraping_daft_wicklow.persist_data scheduled__2021-12-24T11:10:00+00:00 [queued]>
[2021-12-25 12:58:49,389] {taskinstance.py:1035} INFO - Dependencies all met for <TaskInstance: scraping_daft_wicklow.persist_data scheduled__2021-12-24T11:10:00+00:00 [queued]>
[2021-12-25 12:58:49,392] {taskinstance.py:1241} INFO - 
--------------------------------------------------------------------------------
[2021-12-25 12:58:49,395] {taskinstance.py:1242} INFO - Starting attempt 1 of 4
[2021-12-25 12:58:49,398] {taskinstance.py:1243} INFO - 
--------------------------------------------------------------------------------
[2021-12-25 12:58:49,465] {taskinstance.py:1262} INFO - Executing <Task(SparkSubmitOperator): persist_data> on 2021-12-24 11:10:00+00:00
[2021-12-25 12:58:49,497] {standard_task_runner.py:52} INFO - Started process 43921 to run task
[2021-12-25 12:58:49,534] {standard_task_runner.py:76} INFO - Running: ['***', 'tasks', 'run', 'scraping_daft_wicklow', 'persist_data', 'scheduled__2021-12-24T11:10:00+00:00', '--job-id', '4463', '--raw', '--subdir', 'DAGS_FOLDER/scraping_daft_wicklow.py', '--cfg-path', '/tmp/tmpesb43nab', '--error-file', '/tmp/tmptcm7l81v']
[2021-12-25 12:58:49,558] {standard_task_runner.py:77} INFO - Job 4463: Subtask persist_data
[2021-12-25 12:58:50,000] {logging_mixin.py:109} INFO - Running <TaskInstance: scraping_daft_wicklow.persist_data scheduled__2021-12-24T11:10:00+00:00 [running]> on host dd6c6a1cba03
[2021-12-25 12:58:51,290] {taskinstance.py:1429} INFO - Exporting the following env vars:
AIRFLOW_CTX_DAG_EMAIL=clement.liscoet@gmail.com
AIRFLOW_CTX_DAG_OWNER=clemoni
AIRFLOW_CTX_DAG_ID=scraping_daft_wicklow
AIRFLOW_CTX_TASK_ID=persist_data
AIRFLOW_CTX_EXECUTION_DATE=2021-12-24T11:10:00+00:00
AIRFLOW_CTX_DAG_RUN_ID=scheduled__2021-12-24T11:10:00+00:00
[2021-12-25 12:58:51,379] {base.py:79} INFO - Using connection to: id: spark_default. Host: spark://spark:7077, Port: None, Schema: , Login: ***, Password: ***, extra: {}
[2021-12-25 12:58:51,393] {spark_submit.py:360} INFO - Spark-Submit cmd: spark-submit --master spark://spark:7077 --conf spark.master=spark://spark:7077 --name persist data --verbose /opt/***/jobs/persist_db.py wicklow
[2021-12-25 12:59:12,179] {spark_submit.py:514} INFO - Using properties file: null
[2021-12-25 12:59:14,036] {spark_submit.py:514} INFO - WARNING: An illegal reflective access operation has occurred
[2021-12-25 12:59:14,039] {spark_submit.py:514} INFO - WARNING: Illegal reflective access by org.apache.spark.unsafe.Platform (file:/home/***/.local/lib/python3.6/site-packages/pyspark/jars/spark-unsafe_2.12-3.2.0.jar) to constructor java.nio.DirectByteBuffer(long,int)
[2021-12-25 12:59:14,053] {spark_submit.py:514} INFO - WARNING: Please consider reporting this to the maintainers of org.apache.spark.unsafe.Platform
[2021-12-25 12:59:14,055] {spark_submit.py:514} INFO - WARNING: Use --illegal-access=warn to enable warnings of further illegal reflective access operations
[2021-12-25 12:59:14,058] {spark_submit.py:514} INFO - WARNING: All illegal access operations will be denied in a future release
[2021-12-25 12:59:14,349] {spark_submit.py:514} INFO - Parsed arguments:
[2021-12-25 12:59:14,351] {spark_submit.py:514} INFO - master                  spark://spark:7077
[2021-12-25 12:59:14,352] {spark_submit.py:514} INFO - deployMode              null
[2021-12-25 12:59:14,353] {spark_submit.py:514} INFO - executorMemory          null
[2021-12-25 12:59:14,355] {spark_submit.py:514} INFO - executorCores           null
[2021-12-25 12:59:14,356] {spark_submit.py:514} INFO - totalExecutorCores      null
[2021-12-25 12:59:14,358] {spark_submit.py:514} INFO - propertiesFile          null
[2021-12-25 12:59:14,359] {spark_submit.py:514} INFO - driverMemory            null
[2021-12-25 12:59:14,360] {spark_submit.py:514} INFO - driverCores             null
[2021-12-25 12:59:14,361] {spark_submit.py:514} INFO - driverExtraClassPath    null
[2021-12-25 12:59:14,363] {spark_submit.py:514} INFO - driverExtraLibraryPath  null
[2021-12-25 12:59:14,365] {spark_submit.py:514} INFO - driverExtraJavaOptions  null
[2021-12-25 12:59:14,367] {spark_submit.py:514} INFO - supervise               false
[2021-12-25 12:59:14,368] {spark_submit.py:514} INFO - queue                   null
[2021-12-25 12:59:14,369] {spark_submit.py:514} INFO - numExecutors            null
[2021-12-25 12:59:14,371] {spark_submit.py:514} INFO - files                   null
[2021-12-25 12:59:14,372] {spark_submit.py:514} INFO - pyFiles                 null
[2021-12-25 12:59:14,373] {spark_submit.py:514} INFO - archives                null
[2021-12-25 12:59:14,375] {spark_submit.py:514} INFO - mainClass               null
[2021-12-25 12:59:14,376] {spark_submit.py:514} INFO - primaryResource         file:/opt/***/jobs/persist_db.py
[2021-12-25 12:59:14,377] {spark_submit.py:514} INFO - name                    persist data
[2021-12-25 12:59:14,379] {spark_submit.py:514} INFO - childArgs               [wicklow]
[2021-12-25 12:59:14,380] {spark_submit.py:514} INFO - jars                    null
[2021-12-25 12:59:14,382] {spark_submit.py:514} INFO - packages                null
[2021-12-25 12:59:14,383] {spark_submit.py:514} INFO - packagesExclusions      null
[2021-12-25 12:59:14,385] {spark_submit.py:514} INFO - repositories            null
[2021-12-25 12:59:14,386] {spark_submit.py:514} INFO - verbose                 true
[2021-12-25 12:59:14,387] {spark_submit.py:514} INFO - 
[2021-12-25 12:59:14,389] {spark_submit.py:514} INFO - Spark properties used, including those specified through
[2021-12-25 12:59:14,390] {spark_submit.py:514} INFO - --conf and those from the properties file null:
[2021-12-25 12:59:14,391] {spark_submit.py:514} INFO - (spark.master,spark://spark:7077)
[2021-12-25 12:59:14,392] {spark_submit.py:514} INFO - 
[2021-12-25 12:59:14,394] {spark_submit.py:514} INFO - 
[2021-12-25 12:59:18,253] {spark_submit.py:514} INFO - Main class:
[2021-12-25 12:59:18,275] {spark_submit.py:514} INFO - org.apache.spark.deploy.PythonRunner
[2021-12-25 12:59:18,291] {spark_submit.py:514} INFO - Arguments:
[2021-12-25 12:59:18,292] {spark_submit.py:514} INFO - file:/opt/***/jobs/persist_db.py
[2021-12-25 12:59:18,296] {spark_submit.py:514} INFO - null
[2021-12-25 12:59:18,298] {spark_submit.py:514} INFO - wicklow
[2021-12-25 12:59:18,318] {spark_submit.py:514} INFO - --verbose
[2021-12-25 12:59:18,436] {spark_submit.py:514} INFO - Spark config:
[2021-12-25 12:59:18,438] {spark_submit.py:514} INFO - (spark.master,spark://spark:7077)
[2021-12-25 12:59:18,439] {spark_submit.py:514} INFO - (spark.app.name,persist data)
[2021-12-25 12:59:18,441] {spark_submit.py:514} INFO - (spark.submit.pyFiles,)
[2021-12-25 12:59:18,442] {spark_submit.py:514} INFO - (spark.submit.deployMode,client)
[2021-12-25 12:59:18,461] {spark_submit.py:514} INFO - Classpath elements:
[2021-12-25 12:59:18,463] {spark_submit.py:514} INFO - 
[2021-12-25 12:59:18,471] {spark_submit.py:514} INFO - 
[2021-12-25 12:59:18,472] {spark_submit.py:514} INFO - 
[2021-12-25 12:59:33,903] {spark_submit.py:514} INFO - Using Spark's default log4j profile: org/apache/spark/log4j-defaults.properties
[2021-12-25 12:59:34,105] {spark_submit.py:514} INFO - 21/12/25 12:59:34 INFO SparkContext: Running Spark version 3.2.0
[2021-12-25 12:59:35,677] {spark_submit.py:514} INFO - 21/12/25 12:59:35 WARN NativeCodeLoader: Unable to load native-hadoop library for your platform... using builtin-java classes where applicable
[2021-12-25 12:59:37,400] {spark_submit.py:514} INFO - 21/12/25 12:59:37 INFO ResourceUtils: ==============================================================
[2021-12-25 12:59:37,412] {spark_submit.py:514} INFO - 21/12/25 12:59:37 INFO ResourceUtils: No custom resources configured for spark.driver.
[2021-12-25 12:59:37,425] {spark_submit.py:514} INFO - 21/12/25 12:59:37 INFO ResourceUtils: ==============================================================
[2021-12-25 12:59:37,430] {spark_submit.py:514} INFO - 21/12/25 12:59:37 INFO SparkContext: Submitted application: Persist DB
[2021-12-25 12:59:37,722] {spark_submit.py:514} INFO - 21/12/25 12:59:37 INFO ResourceProfile: Default ResourceProfile created, executor resources: Map(cores -> name: cores, amount: 1, script: , vendor: , memory -> name: memory, amount: 1024, script: , vendor: , offHeap -> name: offHeap, amount: 0, script: , vendor: ), task resources: Map(cpus -> name: cpus, amount: 1.0)
[2021-12-25 12:59:37,807] {spark_submit.py:514} INFO - 21/12/25 12:59:37 INFO ResourceProfile: Limiting resource is cpu
[2021-12-25 12:59:37,821] {spark_submit.py:514} INFO - 21/12/25 12:59:37 INFO ResourceProfileManager: Added ResourceProfile id: 0
[2021-12-25 12:59:38,702] {spark_submit.py:514} INFO - 21/12/25 12:59:38 INFO SecurityManager: Changing view acls to: ***
[2021-12-25 12:59:38,722] {spark_submit.py:514} INFO - 21/12/25 12:59:38 INFO SecurityManager: Changing modify acls to: ***
[2021-12-25 12:59:38,729] {spark_submit.py:514} INFO - 21/12/25 12:59:38 INFO SecurityManager: Changing view acls groups to:
[2021-12-25 12:59:38,733] {spark_submit.py:514} INFO - 21/12/25 12:59:38 INFO SecurityManager: Changing modify acls groups to:
[2021-12-25 12:59:38,734] {spark_submit.py:514} INFO - 21/12/25 12:59:38 INFO SecurityManager: SecurityManager: authentication disabled; ui acls disabled; users  with view permissions: Set(***); groups with view permissions: Set(); users  with modify permissions: Set(***); groups with modify permissions: Set()
[2021-12-25 12:59:44,868] {spark_submit.py:514} INFO - 21/12/25 12:59:44 INFO Utils: Successfully started service 'sparkDriver' on port 39659.
[2021-12-25 12:59:45,799] {spark_submit.py:514} INFO - 21/12/25 12:59:45 INFO SparkEnv: Registering MapOutputTracker
[2021-12-25 12:59:46,490] {spark_submit.py:514} INFO - 21/12/25 12:59:46 INFO SparkEnv: Registering BlockManagerMaster
[2021-12-25 12:59:46,879] {spark_submit.py:514} INFO - 21/12/25 12:59:46 INFO BlockManagerMasterEndpoint: Using org.apache.spark.storage.DefaultTopologyMapper for getting topology information
[2021-12-25 12:59:46,892] {spark_submit.py:514} INFO - 21/12/25 12:59:46 INFO BlockManagerMasterEndpoint: BlockManagerMasterEndpoint up
[2021-12-25 12:59:46,960] {spark_submit.py:514} INFO - 21/12/25 12:59:46 INFO SparkEnv: Registering BlockManagerMasterHeartbeat
[2021-12-25 12:59:47,279] {spark_submit.py:514} INFO - 21/12/25 12:59:47 INFO DiskBlockManager: Created local directory at /tmp/blockmgr-245cece5-2547-43a6-99a8-cf8b1a125a8f
[2021-12-25 12:59:47,628] {spark_submit.py:514} INFO - 21/12/25 12:59:47 INFO MemoryStore: MemoryStore started with capacity 434.4 MiB
[2021-12-25 12:59:48,081] {spark_submit.py:514} INFO - 21/12/25 12:59:48 INFO SparkEnv: Registering OutputCommitCoordinator
[2021-12-25 12:59:52,187] {spark_submit.py:514} INFO - 21/12/25 12:59:52 WARN Utils: Service 'SparkUI' could not bind on port 4040. Attempting port 4041.
[2021-12-25 12:59:52,206] {spark_submit.py:514} INFO - 21/12/25 12:59:52 WARN Utils: Service 'SparkUI' could not bind on port 4041. Attempting port 4042.
[2021-12-25 12:59:52,234] {spark_submit.py:514} INFO - 21/12/25 12:59:52 WARN Utils: Service 'SparkUI' could not bind on port 4042. Attempting port 4043.
[2021-12-25 12:59:52,235] {spark_submit.py:514} INFO - 21/12/25 12:59:52 WARN Utils: Service 'SparkUI' could not bind on port 4043. Attempting port 4044.
[2021-12-25 12:59:52,236] {spark_submit.py:514} INFO - 21/12/25 12:59:52 WARN Utils: Service 'SparkUI' could not bind on port 4044. Attempting port 4045.
[2021-12-25 12:59:52,237] {spark_submit.py:514} INFO - 21/12/25 12:59:52 WARN Utils: Service 'SparkUI' could not bind on port 4045. Attempting port 4046.
[2021-12-25 12:59:52,414] {spark_submit.py:514} INFO - 21/12/25 12:59:52 INFO Utils: Successfully started service 'SparkUI' on port 4046.
[2021-12-25 12:59:53,275] {spark_submit.py:514} INFO - 21/12/25 12:59:53 INFO SparkUI: Bound SparkUI to 0.0.0.0, and started at http://dd6c6a1cba03:4046
[2021-12-25 12:59:55,934] {spark_submit.py:514} INFO - 21/12/25 12:59:55 INFO StandaloneAppClient$ClientEndpoint: Connecting to master spark://spark:7077...
[2021-12-25 12:59:56,631] {spark_submit.py:514} INFO - 21/12/25 12:59:56 INFO TransportClientFactory: Successfully created connection to spark/172.21.0.4:7077 after 235 ms (0 ms spent in bootstraps)
[2021-12-25 12:59:58,174] {spark_submit.py:514} INFO - 21/12/25 12:59:58 INFO StandaloneSchedulerBackend: Connected to Spark cluster with app ID app-20211225125958-0132
[2021-12-25 12:59:58,284] {spark_submit.py:514} INFO - 21/12/25 12:59:58 INFO Utils: Successfully started service 'org.apache.spark.network.netty.NettyBlockTransferService' on port 45749.
[2021-12-25 12:59:58,286] {spark_submit.py:514} INFO - 21/12/25 12:59:58 INFO NettyBlockTransferService: Server created on dd6c6a1cba03:45749
[2021-12-25 12:59:58,345] {spark_submit.py:514} INFO - 21/12/25 12:59:58 INFO BlockManager: Using org.apache.spark.storage.RandomBlockReplicationPolicy for block replication policy
[2021-12-25 12:59:58,576] {spark_submit.py:514} INFO - 21/12/25 12:59:58 INFO BlockManagerMaster: Registering BlockManager BlockManagerId(driver, dd6c6a1cba03, 45749, None)
[2021-12-25 12:59:58,617] {spark_submit.py:514} INFO - 21/12/25 12:59:58 INFO BlockManagerMasterEndpoint: Registering block manager dd6c6a1cba03:45749 with 434.4 MiB RAM, BlockManagerId(driver, dd6c6a1cba03, 45749, None)
[2021-12-25 12:59:58,667] {spark_submit.py:514} INFO - 21/12/25 12:59:58 INFO BlockManagerMaster: Registered BlockManager BlockManagerId(driver, dd6c6a1cba03, 45749, None)
[2021-12-25 12:59:58,709] {spark_submit.py:514} INFO - 21/12/25 12:59:58 INFO BlockManager: Initialized BlockManager: BlockManagerId(driver, dd6c6a1cba03, 45749, None)
[2021-12-25 13:00:03,474] {spark_submit.py:514} INFO - 21/12/25 13:00:03 INFO StandaloneSchedulerBackend: SchedulerBackend is ready for scheduling beginning after reached minRegisteredResourcesRatio: 0.0
[2021-12-25 13:00:03,766] {spark_submit.py:514} INFO - /home/***/.local/lib/python3.6/site-packages/pyspark/python/lib/pyspark.zip/pyspark/context.py:238: FutureWarning: Python 3.6 support is deprecated in Spark 3.2.
[2021-12-25 13:00:03,768] {spark_submit.py:514} INFO - FutureWarning
[2021-12-25 13:00:07,944] {spark_submit.py:514} INFO - 21/12/25 13:00:07 INFO SharedState: Setting hive.metastore.warehouse.dir ('null') to the value of spark.sql.warehouse.dir.
[2021-12-25 13:00:08,232] {spark_submit.py:514} INFO - 21/12/25 13:00:08 INFO SharedState: Warehouse path is 'file:/opt/***/spark-warehouse'.
[2021-12-25 13:00:21,817] {spark_submit.py:514} INFO - 21/12/25 13:00:21 INFO SparkContext: Invoking stop() from shutdown hook
[2021-12-25 13:00:21,981] {spark_submit.py:514} INFO - 21/12/25 13:00:21 INFO SparkUI: Stopped Spark web UI at http://dd6c6a1cba03:4046
[2021-12-25 13:00:22,036] {spark_submit.py:514} INFO - 21/12/25 13:00:22 INFO StandaloneSchedulerBackend: Shutting down all executors
[2021-12-25 13:00:22,100] {spark_submit.py:514} INFO - 21/12/25 13:00:22 INFO CoarseGrainedSchedulerBackend$DriverEndpoint: Asking each executor to shut down
[2021-12-25 13:00:22,361] {spark_submit.py:514} INFO - 21/12/25 13:00:22 INFO MapOutputTrackerMasterEndpoint: MapOutputTrackerMasterEndpoint stopped!
[2021-12-25 13:00:22,678] {spark_submit.py:514} INFO - 21/12/25 13:00:22 INFO MemoryStore: MemoryStore cleared
[2021-12-25 13:00:22,690] {spark_submit.py:514} INFO - 21/12/25 13:00:22 INFO BlockManager: BlockManager stopped
[2021-12-25 13:00:22,845] {spark_submit.py:514} INFO - 21/12/25 13:00:22 INFO BlockManagerMaster: BlockManagerMaster stopped
[2021-12-25 13:00:22,852] {spark_submit.py:514} INFO - 21/12/25 13:00:22 INFO OutputCommitCoordinator$OutputCommitCoordinatorEndpoint: OutputCommitCoordinator stopped!
[2021-12-25 13:00:23,060] {spark_submit.py:514} INFO - 21/12/25 13:00:23 INFO SparkContext: Successfully stopped SparkContext
[2021-12-25 13:00:23,064] {spark_submit.py:514} INFO - 21/12/25 13:00:23 INFO ShutdownHookManager: Shutdown hook called
[2021-12-25 13:00:23,066] {spark_submit.py:514} INFO - 21/12/25 13:00:23 INFO ShutdownHookManager: Deleting directory /tmp/spark-d93352e2-4b2c-4939-b871-22812fe091fa
[2021-12-25 13:00:23,126] {spark_submit.py:514} INFO - 21/12/25 13:00:23 INFO ShutdownHookManager: Deleting directory /tmp/spark-467ca121-81cf-45f1-9bf8-49c1ef36b534/pyspark-3a9e16af-ef00-43a9-94e9-3f7c7955190d
[2021-12-25 13:00:23,191] {spark_submit.py:514} INFO - 21/12/25 13:00:23 INFO ShutdownHookManager: Deleting directory /tmp/spark-467ca121-81cf-45f1-9bf8-49c1ef36b534
[2021-12-25 13:00:24,417] {taskinstance.py:1280} INFO - Marking task as SUCCESS. dag_id=scraping_daft_wicklow, task_id=persist_data, execution_date=20211224T111000, start_date=20211225T125849, end_date=20211225T130024
[2021-12-25 13:00:24,552] {local_task_job.py:154} INFO - Task exited with return code 0
[2021-12-25 13:00:24,759] {local_task_job.py:264} INFO - 1 downstream tasks scheduled from follow-on schedule check
