[2021-12-10 08:49:47,016] {taskinstance.py:1035} INFO - Dependencies all met for <TaskInstance: scraping_daft_mayo.waiting_for_file scheduled__2021-12-09T04:00:00+00:00 [queued]>
[2021-12-10 08:49:47,063] {taskinstance.py:1035} INFO - Dependencies all met for <TaskInstance: scraping_daft_mayo.waiting_for_file scheduled__2021-12-09T04:00:00+00:00 [queued]>
[2021-12-10 08:49:47,068] {taskinstance.py:1241} INFO - 
--------------------------------------------------------------------------------
[2021-12-10 08:49:47,079] {taskinstance.py:1242} INFO - Starting attempt 1 of 3
[2021-12-10 08:49:47,084] {taskinstance.py:1243} INFO - 
--------------------------------------------------------------------------------
[2021-12-10 08:49:47,179] {taskinstance.py:1262} INFO - Executing <Task(FileSensor): waiting_for_file> on 2021-12-09 04:00:00+00:00
[2021-12-10 08:49:47,225] {standard_task_runner.py:52} INFO - Started process 28425 to run task
[2021-12-10 08:49:47,268] {standard_task_runner.py:76} INFO - Running: ['***', 'tasks', 'run', 'scraping_daft_mayo', 'waiting_for_file', 'scheduled__2021-12-09T04:00:00+00:00', '--job-id', '973', '--raw', '--subdir', 'DAGS_FOLDER/scraping_daft_mayo.py', '--cfg-path', '/tmp/tmp9j148dz8', '--error-file', '/tmp/tmp4i0ayvxk']
[2021-12-10 08:49:47,276] {standard_task_runner.py:77} INFO - Job 973: Subtask waiting_for_file
[2021-12-10 08:49:47,499] {logging_mixin.py:109} INFO - Running <TaskInstance: scraping_daft_mayo.waiting_for_file scheduled__2021-12-09T04:00:00+00:00 [running]> on host 041e6f8654c3
[2021-12-10 08:49:47,828] {taskinstance.py:1429} INFO - Exporting the following env vars:
AIRFLOW_CTX_DAG_EMAIL=***@example.com
AIRFLOW_CTX_DAG_OWNER=clemoni
AIRFLOW_CTX_DAG_ID=scraping_daft_mayo
AIRFLOW_CTX_TASK_ID=waiting_for_file
AIRFLOW_CTX_EXECUTION_DATE=2021-12-09T04:00:00+00:00
AIRFLOW_CTX_DAG_RUN_ID=scheduled__2021-12-09T04:00:00+00:00
[2021-12-10 08:49:47,958] {filesystem.py:59} INFO - Poking for file data/mayo_rent.json
[2021-12-10 08:49:47,961] {filesystem.py:65} INFO - Found File data/mayo_rent.json last modified: 20211210084909
[2021-12-10 08:49:47,962] {base.py:249} INFO - Success criteria met. Exiting.
[2021-12-10 08:49:48,086] {taskinstance.py:1280} INFO - Marking task as SUCCESS. dag_id=scraping_daft_mayo, task_id=waiting_for_file, execution_date=20211209T040000, start_date=20211210T084947, end_date=20211210T084948
[2021-12-10 08:49:48,209] {local_task_job.py:154} INFO - Task exited with return code 0
[2021-12-10 08:49:49,253] {local_task_job.py:264} INFO - 0 downstream tasks scheduled from follow-on schedule check
