[2021-12-20 09:05:21,578] {taskinstance.py:1035} INFO - Dependencies all met for <TaskInstance: scraping_daft_carlow.waiting_for_file scheduled__2021-12-19T09:05:00+00:00 [queued]>
[2021-12-20 09:05:21,598] {taskinstance.py:1035} INFO - Dependencies all met for <TaskInstance: scraping_daft_carlow.waiting_for_file scheduled__2021-12-19T09:05:00+00:00 [queued]>
[2021-12-20 09:05:21,599] {taskinstance.py:1241} INFO - 
--------------------------------------------------------------------------------
[2021-12-20 09:05:21,600] {taskinstance.py:1242} INFO - Starting attempt 1 of 4
[2021-12-20 09:05:21,601] {taskinstance.py:1243} INFO - 
--------------------------------------------------------------------------------
[2021-12-20 09:05:21,620] {taskinstance.py:1262} INFO - Executing <Task(FileSensor): waiting_for_file> on 2021-12-19 09:05:00+00:00
[2021-12-20 09:05:21,642] {standard_task_runner.py:76} INFO - Running: ['***', 'tasks', 'run', 'scraping_daft_carlow', 'waiting_for_file', 'scheduled__2021-12-19T09:05:00+00:00', '--job-id', '3344', '--raw', '--subdir', 'DAGS_FOLDER/scraping_daft_carlow.py', '--cfg-path', '/tmp/tmpd26bw13f', '--error-file', '/tmp/tmpvs1ca9bh']
[2021-12-20 09:05:21,644] {standard_task_runner.py:77} INFO - Job 3344: Subtask waiting_for_file
[2021-12-20 09:05:21,634] {standard_task_runner.py:52} INFO - Started process 333 to run task
[2021-12-20 09:05:21,776] {logging_mixin.py:109} INFO - Running <TaskInstance: scraping_daft_carlow.waiting_for_file scheduled__2021-12-19T09:05:00+00:00 [running]> on host a35fe600e898
[2021-12-20 09:05:21,942] {taskinstance.py:1429} INFO - Exporting the following env vars:
AIRFLOW_CTX_DAG_EMAIL=clement.liscoet@gmail.com
AIRFLOW_CTX_DAG_OWNER=clemoni
AIRFLOW_CTX_DAG_ID=scraping_daft_carlow
AIRFLOW_CTX_TASK_ID=waiting_for_file
AIRFLOW_CTX_EXECUTION_DATE=2021-12-19T09:05:00+00:00
AIRFLOW_CTX_DAG_RUN_ID=scheduled__2021-12-19T09:05:00+00:00
[2021-12-20 09:05:21,994] {filesystem.py:59} INFO - Poking for file data/carlow_rent.json
[2021-12-20 09:05:21,997] {filesystem.py:65} INFO - Found File data/carlow_rent.json last modified: 20211220090520
[2021-12-20 09:05:21,998] {base.py:249} INFO - Success criteria met. Exiting.
[2021-12-20 09:05:22,052] {taskinstance.py:1280} INFO - Marking task as SUCCESS. dag_id=scraping_daft_carlow, task_id=waiting_for_file, execution_date=20211219T090500, start_date=20211220T090521, end_date=20211220T090522
[2021-12-20 09:05:22,106] {local_task_job.py:154} INFO - Task exited with return code 0
[2021-12-20 09:05:22,229] {local_task_job.py:264} INFO - 1 downstream tasks scheduled from follow-on schedule check
