[2021-12-15 08:51:21,495] {processor.py:163} INFO - Started process (PID=62) to work on /opt/airflow/dags/scraping_daft_waterford.py
[2021-12-15 08:51:21,499] {processor.py:625} INFO - Processing file /opt/airflow/dags/scraping_daft_waterford.py for tasks to queue
[2021-12-15 08:51:21,502] {logging_mixin.py:109} INFO - [2021-12-15 08:51:21,502] {dagbag.py:500} INFO - Filling up the DagBag from /opt/airflow/dags/scraping_daft_waterford.py
[2021-12-15 08:51:21,684] {processor.py:637} INFO - DAG(s) dict_keys(['scraping_daft_waterford']) retrieved from /opt/airflow/dags/scraping_daft_waterford.py
[2021-12-15 08:51:21,725] {logging_mixin.py:109} INFO - [2021-12-15 08:51:21,724] {dag.py:2396} INFO - Sync 1 DAGs
[2021-12-15 08:51:21,787] {logging_mixin.py:109} INFO - [2021-12-15 08:51:21,787] {dag.py:2928} INFO - Setting next_dagrun for scraping_daft_waterford to 2021-12-14T05:45:00+00:00
[2021-12-15 08:51:21,817] {processor.py:171} INFO - Processing /opt/airflow/dags/scraping_daft_waterford.py took 0.333 seconds
[2021-12-15 08:51:52,031] {processor.py:163} INFO - Started process (PID=136) to work on /opt/airflow/dags/scraping_daft_waterford.py
[2021-12-15 08:51:52,037] {processor.py:625} INFO - Processing file /opt/airflow/dags/scraping_daft_waterford.py for tasks to queue
[2021-12-15 08:51:52,040] {logging_mixin.py:109} INFO - [2021-12-15 08:51:52,039] {dagbag.py:500} INFO - Filling up the DagBag from /opt/airflow/dags/scraping_daft_waterford.py
[2021-12-15 08:51:52,334] {processor.py:637} INFO - DAG(s) dict_keys(['scraping_daft_waterford']) retrieved from /opt/airflow/dags/scraping_daft_waterford.py
[2021-12-15 08:51:52,416] {logging_mixin.py:109} INFO - [2021-12-15 08:51:52,416] {dag.py:2396} INFO - Sync 1 DAGs
[2021-12-15 08:51:52,582] {logging_mixin.py:109} INFO - [2021-12-15 08:51:52,582] {dag.py:2928} INFO - Setting next_dagrun for scraping_daft_waterford to 2021-12-14T11:15:00+00:00
[2021-12-15 08:51:52,654] {processor.py:171} INFO - Processing /opt/airflow/dags/scraping_daft_waterford.py took 0.632 seconds
[2021-12-15 08:52:23,109] {processor.py:163} INFO - Started process (PID=180) to work on /opt/airflow/dags/scraping_daft_waterford.py
[2021-12-15 08:52:23,116] {processor.py:625} INFO - Processing file /opt/airflow/dags/scraping_daft_waterford.py for tasks to queue
[2021-12-15 08:52:23,118] {logging_mixin.py:109} INFO - [2021-12-15 08:52:23,118] {dagbag.py:500} INFO - Filling up the DagBag from /opt/airflow/dags/scraping_daft_waterford.py
[2021-12-15 08:52:23,368] {processor.py:637} INFO - DAG(s) dict_keys(['scraping_daft_waterford']) retrieved from /opt/airflow/dags/scraping_daft_waterford.py
[2021-12-15 08:52:23,432] {logging_mixin.py:109} INFO - [2021-12-15 08:52:23,432] {dag.py:2396} INFO - Sync 1 DAGs
[2021-12-15 08:52:23,740] {logging_mixin.py:109} INFO - [2021-12-15 08:52:23,740] {dag.py:2928} INFO - Setting next_dagrun for scraping_daft_waterford to 2021-12-14T11:15:00+00:00
[2021-12-15 08:52:23,812] {processor.py:171} INFO - Processing /opt/airflow/dags/scraping_daft_waterford.py took 0.709 seconds
[2021-12-15 08:52:53,906] {processor.py:163} INFO - Started process (PID=221) to work on /opt/airflow/dags/scraping_daft_waterford.py
[2021-12-15 08:52:53,915] {processor.py:625} INFO - Processing file /opt/airflow/dags/scraping_daft_waterford.py for tasks to queue
[2021-12-15 08:52:53,930] {logging_mixin.py:109} INFO - [2021-12-15 08:52:53,930] {dagbag.py:500} INFO - Filling up the DagBag from /opt/airflow/dags/scraping_daft_waterford.py
[2021-12-15 08:52:54,145] {processor.py:637} INFO - DAG(s) dict_keys(['scraping_daft_waterford']) retrieved from /opt/airflow/dags/scraping_daft_waterford.py
[2021-12-15 08:52:54,200] {logging_mixin.py:109} INFO - [2021-12-15 08:52:54,199] {dag.py:2396} INFO - Sync 1 DAGs
[2021-12-15 08:52:54,290] {logging_mixin.py:109} INFO - [2021-12-15 08:52:54,289] {dag.py:2928} INFO - Setting next_dagrun for scraping_daft_waterford to 2021-12-14T11:15:00+00:00
[2021-12-15 08:52:54,323] {processor.py:171} INFO - Processing /opt/airflow/dags/scraping_daft_waterford.py took 0.423 seconds
[2021-12-15 08:54:11,687] {processor.py:163} INFO - Started process (PID=279) to work on /opt/airflow/dags/scraping_daft_waterford.py
[2021-12-15 08:54:11,717] {processor.py:625} INFO - Processing file /opt/airflow/dags/scraping_daft_waterford.py for tasks to queue
[2021-12-15 08:54:11,723] {logging_mixin.py:109} INFO - [2021-12-15 08:54:11,723] {dagbag.py:500} INFO - Filling up the DagBag from /opt/airflow/dags/scraping_daft_waterford.py
[2021-12-15 08:54:13,383] {processor.py:637} INFO - DAG(s) dict_keys(['scraping_daft_waterford']) retrieved from /opt/airflow/dags/scraping_daft_waterford.py
[2021-12-15 08:54:13,591] {logging_mixin.py:109} INFO - [2021-12-15 08:54:13,590] {dag.py:2396} INFO - Sync 1 DAGs
[2021-12-15 08:54:13,961] {logging_mixin.py:109} INFO - [2021-12-15 08:54:13,960] {dag.py:2928} INFO - Setting next_dagrun for scraping_daft_waterford to 2021-12-14T11:15:00+00:00
[2021-12-15 08:54:14,093] {processor.py:171} INFO - Processing /opt/airflow/dags/scraping_daft_waterford.py took 2.427 seconds
[2021-12-15 08:54:55,708] {processor.py:163} INFO - Started process (PID=325) to work on /opt/airflow/dags/scraping_daft_waterford.py
[2021-12-15 08:54:55,716] {processor.py:625} INFO - Processing file /opt/airflow/dags/scraping_daft_waterford.py for tasks to queue
[2021-12-15 08:54:55,723] {logging_mixin.py:109} INFO - [2021-12-15 08:54:55,722] {dagbag.py:500} INFO - Filling up the DagBag from /opt/airflow/dags/scraping_daft_waterford.py
[2021-12-15 08:54:56,500] {processor.py:637} INFO - DAG(s) dict_keys(['scraping_daft_waterford']) retrieved from /opt/airflow/dags/scraping_daft_waterford.py
[2021-12-15 08:54:56,795] {logging_mixin.py:109} INFO - [2021-12-15 08:54:56,795] {dag.py:2396} INFO - Sync 1 DAGs
[2021-12-15 08:54:57,133] {logging_mixin.py:109} INFO - [2021-12-15 08:54:57,126] {dag.py:2928} INFO - Setting next_dagrun for scraping_daft_waterford to 2021-12-14T11:15:00+00:00
[2021-12-15 08:54:57,242] {processor.py:171} INFO - Processing /opt/airflow/dags/scraping_daft_waterford.py took 1.550 seconds
[2021-12-15 08:55:31,881] {processor.py:163} INFO - Started process (PID=352) to work on /opt/airflow/dags/scraping_daft_waterford.py
[2021-12-15 08:55:31,885] {processor.py:625} INFO - Processing file /opt/airflow/dags/scraping_daft_waterford.py for tasks to queue
[2021-12-15 08:55:31,892] {logging_mixin.py:109} INFO - [2021-12-15 08:55:31,891] {dagbag.py:500} INFO - Filling up the DagBag from /opt/airflow/dags/scraping_daft_waterford.py
[2021-12-15 08:55:32,487] {processor.py:637} INFO - DAG(s) dict_keys(['scraping_daft_waterford']) retrieved from /opt/airflow/dags/scraping_daft_waterford.py
[2021-12-15 08:55:32,567] {logging_mixin.py:109} INFO - [2021-12-15 08:55:32,567] {dag.py:2396} INFO - Sync 1 DAGs
[2021-12-15 08:55:32,706] {logging_mixin.py:109} INFO - [2021-12-15 08:55:32,705] {dag.py:2928} INFO - Setting next_dagrun for scraping_daft_waterford to 2021-12-14T11:15:00+00:00
[2021-12-15 08:55:32,760] {processor.py:171} INFO - Processing /opt/airflow/dags/scraping_daft_waterford.py took 0.898 seconds
[2021-12-15 08:56:04,692] {processor.py:163} INFO - Started process (PID=399) to work on /opt/airflow/dags/scraping_daft_waterford.py
[2021-12-15 08:56:04,704] {processor.py:625} INFO - Processing file /opt/airflow/dags/scraping_daft_waterford.py for tasks to queue
[2021-12-15 08:56:04,709] {logging_mixin.py:109} INFO - [2021-12-15 08:56:04,708] {dagbag.py:500} INFO - Filling up the DagBag from /opt/airflow/dags/scraping_daft_waterford.py
[2021-12-15 08:56:05,041] {processor.py:637} INFO - DAG(s) dict_keys(['scraping_daft_waterford']) retrieved from /opt/airflow/dags/scraping_daft_waterford.py
[2021-12-15 08:56:05,113] {logging_mixin.py:109} INFO - [2021-12-15 08:56:05,113] {dag.py:2396} INFO - Sync 1 DAGs
[2021-12-15 08:56:05,199] {logging_mixin.py:109} INFO - [2021-12-15 08:56:05,199] {dag.py:2928} INFO - Setting next_dagrun for scraping_daft_waterford to 2021-12-14T11:15:00+00:00
[2021-12-15 08:56:05,241] {processor.py:171} INFO - Processing /opt/airflow/dags/scraping_daft_waterford.py took 0.557 seconds
[2021-12-15 08:56:40,559] {processor.py:163} INFO - Started process (PID=455) to work on /opt/airflow/dags/scraping_daft_waterford.py
[2021-12-15 08:56:40,578] {processor.py:625} INFO - Processing file /opt/airflow/dags/scraping_daft_waterford.py for tasks to queue
[2021-12-15 08:56:40,586] {logging_mixin.py:109} INFO - [2021-12-15 08:56:40,586] {dagbag.py:500} INFO - Filling up the DagBag from /opt/airflow/dags/scraping_daft_waterford.py
[2021-12-15 08:56:43,116] {processor.py:637} INFO - DAG(s) dict_keys(['scraping_daft_waterford']) retrieved from /opt/airflow/dags/scraping_daft_waterford.py
[2021-12-15 08:56:43,315] {logging_mixin.py:109} INFO - [2021-12-15 08:56:43,315] {dag.py:2396} INFO - Sync 1 DAGs
[2021-12-15 08:56:43,706] {logging_mixin.py:109} INFO - [2021-12-15 08:56:43,705] {dag.py:2928} INFO - Setting next_dagrun for scraping_daft_waterford to 2021-12-14T11:15:00+00:00
[2021-12-15 08:56:43,862] {processor.py:171} INFO - Processing /opt/airflow/dags/scraping_daft_waterford.py took 3.318 seconds
[2021-12-15 08:57:14,277] {processor.py:163} INFO - Started process (PID=507) to work on /opt/airflow/dags/scraping_daft_waterford.py
[2021-12-15 08:57:14,294] {processor.py:625} INFO - Processing file /opt/airflow/dags/scraping_daft_waterford.py for tasks to queue
[2021-12-15 08:57:14,301] {logging_mixin.py:109} INFO - [2021-12-15 08:57:14,300] {dagbag.py:500} INFO - Filling up the DagBag from /opt/airflow/dags/scraping_daft_waterford.py
[2021-12-15 08:57:14,780] {processor.py:637} INFO - DAG(s) dict_keys(['scraping_daft_waterford']) retrieved from /opt/airflow/dags/scraping_daft_waterford.py
[2021-12-15 08:57:14,855] {logging_mixin.py:109} INFO - [2021-12-15 08:57:14,854] {dag.py:2396} INFO - Sync 1 DAGs
[2021-12-15 08:57:15,028] {logging_mixin.py:109} INFO - [2021-12-15 08:57:15,028] {dag.py:2928} INFO - Setting next_dagrun for scraping_daft_waterford to 2021-12-14T11:15:00+00:00
[2021-12-15 08:57:15,127] {processor.py:171} INFO - Processing /opt/airflow/dags/scraping_daft_waterford.py took 0.914 seconds
[2021-12-15 08:57:50,309] {processor.py:163} INFO - Started process (PID=554) to work on /opt/airflow/dags/scraping_daft_waterford.py
[2021-12-15 08:57:50,364] {processor.py:625} INFO - Processing file /opt/airflow/dags/scraping_daft_waterford.py for tasks to queue
[2021-12-15 08:57:50,429] {logging_mixin.py:109} INFO - [2021-12-15 08:57:50,428] {dagbag.py:500} INFO - Filling up the DagBag from /opt/airflow/dags/scraping_daft_waterford.py
[2021-12-15 08:57:51,928] {processor.py:637} INFO - DAG(s) dict_keys(['scraping_daft_waterford']) retrieved from /opt/airflow/dags/scraping_daft_waterford.py
[2021-12-15 08:57:52,085] {logging_mixin.py:109} INFO - [2021-12-15 08:57:52,085] {dag.py:2396} INFO - Sync 1 DAGs
[2021-12-15 08:57:52,396] {logging_mixin.py:109} INFO - [2021-12-15 08:57:52,395] {dag.py:2928} INFO - Setting next_dagrun for scraping_daft_waterford to 2021-12-14T11:15:00+00:00
[2021-12-15 08:57:52,477] {processor.py:171} INFO - Processing /opt/airflow/dags/scraping_daft_waterford.py took 2.624 seconds
[2021-12-15 08:58:22,672] {processor.py:163} INFO - Started process (PID=606) to work on /opt/airflow/dags/scraping_daft_waterford.py
[2021-12-15 08:58:22,680] {processor.py:625} INFO - Processing file /opt/airflow/dags/scraping_daft_waterford.py for tasks to queue
[2021-12-15 08:58:22,686] {logging_mixin.py:109} INFO - [2021-12-15 08:58:22,685] {dagbag.py:500} INFO - Filling up the DagBag from /opt/airflow/dags/scraping_daft_waterford.py
[2021-12-15 08:58:23,142] {processor.py:637} INFO - DAG(s) dict_keys(['scraping_daft_waterford']) retrieved from /opt/airflow/dags/scraping_daft_waterford.py
[2021-12-15 08:58:23,243] {logging_mixin.py:109} INFO - [2021-12-15 08:58:23,242] {dag.py:2396} INFO - Sync 1 DAGs
[2021-12-15 08:58:23,395] {logging_mixin.py:109} INFO - [2021-12-15 08:58:23,394] {dag.py:2928} INFO - Setting next_dagrun for scraping_daft_waterford to 2021-12-14T11:15:00+00:00
[2021-12-15 08:58:23,479] {processor.py:171} INFO - Processing /opt/airflow/dags/scraping_daft_waterford.py took 0.822 seconds
[2021-12-15 08:58:53,852] {processor.py:163} INFO - Started process (PID=658) to work on /opt/airflow/dags/scraping_daft_waterford.py
[2021-12-15 08:58:53,871] {processor.py:625} INFO - Processing file /opt/airflow/dags/scraping_daft_waterford.py for tasks to queue
[2021-12-15 08:58:53,880] {logging_mixin.py:109} INFO - [2021-12-15 08:58:53,880] {dagbag.py:500} INFO - Filling up the DagBag from /opt/airflow/dags/scraping_daft_waterford.py
[2021-12-15 08:58:54,230] {processor.py:637} INFO - DAG(s) dict_keys(['scraping_daft_waterford']) retrieved from /opt/airflow/dags/scraping_daft_waterford.py
[2021-12-15 08:58:54,315] {logging_mixin.py:109} INFO - [2021-12-15 08:58:54,315] {dag.py:2396} INFO - Sync 1 DAGs
[2021-12-15 08:58:54,531] {logging_mixin.py:109} INFO - [2021-12-15 08:58:54,531] {dag.py:2928} INFO - Setting next_dagrun for scraping_daft_waterford to 2021-12-14T11:15:00+00:00
[2021-12-15 08:58:54,543] {processor.py:171} INFO - Processing /opt/airflow/dags/scraping_daft_waterford.py took 0.747 seconds
[2021-12-15 08:59:24,756] {processor.py:163} INFO - Started process (PID=726) to work on /opt/airflow/dags/scraping_daft_waterford.py
[2021-12-15 08:59:24,767] {processor.py:625} INFO - Processing file /opt/airflow/dags/scraping_daft_waterford.py for tasks to queue
[2021-12-15 08:59:24,777] {logging_mixin.py:109} INFO - [2021-12-15 08:59:24,777] {dagbag.py:500} INFO - Filling up the DagBag from /opt/airflow/dags/scraping_daft_waterford.py
[2021-12-15 08:59:25,213] {processor.py:637} INFO - DAG(s) dict_keys(['scraping_daft_waterford']) retrieved from /opt/airflow/dags/scraping_daft_waterford.py
[2021-12-15 08:59:25,279] {logging_mixin.py:109} INFO - [2021-12-15 08:59:25,279] {dag.py:2396} INFO - Sync 1 DAGs
[2021-12-15 08:59:25,426] {logging_mixin.py:109} INFO - [2021-12-15 08:59:25,425] {dag.py:2928} INFO - Setting next_dagrun for scraping_daft_waterford to 2021-12-14T11:15:00+00:00
[2021-12-15 08:59:25,474] {processor.py:171} INFO - Processing /opt/airflow/dags/scraping_daft_waterford.py took 0.735 seconds
[2021-12-15 08:59:55,668] {processor.py:163} INFO - Started process (PID=787) to work on /opt/airflow/dags/scraping_daft_waterford.py
[2021-12-15 08:59:55,699] {processor.py:625} INFO - Processing file /opt/airflow/dags/scraping_daft_waterford.py for tasks to queue
[2021-12-15 08:59:55,704] {logging_mixin.py:109} INFO - [2021-12-15 08:59:55,703] {dagbag.py:500} INFO - Filling up the DagBag from /opt/airflow/dags/scraping_daft_waterford.py
[2021-12-15 08:59:56,448] {processor.py:637} INFO - DAG(s) dict_keys(['scraping_daft_waterford']) retrieved from /opt/airflow/dags/scraping_daft_waterford.py
[2021-12-15 08:59:56,627] {logging_mixin.py:109} INFO - [2021-12-15 08:59:56,626] {dag.py:2396} INFO - Sync 1 DAGs
[2021-12-15 08:59:56,871] {logging_mixin.py:109} INFO - [2021-12-15 08:59:56,871] {dag.py:2928} INFO - Setting next_dagrun for scraping_daft_waterford to 2021-12-14T11:15:00+00:00
[2021-12-15 08:59:56,943] {processor.py:171} INFO - Processing /opt/airflow/dags/scraping_daft_waterford.py took 1.315 seconds
[2021-12-15 09:00:27,099] {processor.py:163} INFO - Started process (PID=832) to work on /opt/airflow/dags/scraping_daft_waterford.py
[2021-12-15 09:00:27,104] {processor.py:625} INFO - Processing file /opt/airflow/dags/scraping_daft_waterford.py for tasks to queue
[2021-12-15 09:00:27,112] {logging_mixin.py:109} INFO - [2021-12-15 09:00:27,111] {dagbag.py:500} INFO - Filling up the DagBag from /opt/airflow/dags/scraping_daft_waterford.py
[2021-12-15 09:00:27,352] {processor.py:637} INFO - DAG(s) dict_keys(['scraping_daft_waterford']) retrieved from /opt/airflow/dags/scraping_daft_waterford.py
[2021-12-15 09:00:27,395] {logging_mixin.py:109} INFO - [2021-12-15 09:00:27,394] {dag.py:2396} INFO - Sync 1 DAGs
[2021-12-15 09:00:27,521] {logging_mixin.py:109} INFO - [2021-12-15 09:00:27,520] {dag.py:2928} INFO - Setting next_dagrun for scraping_daft_waterford to 2021-12-14T11:15:00+00:00
[2021-12-15 09:00:27,568] {processor.py:171} INFO - Processing /opt/airflow/dags/scraping_daft_waterford.py took 0.486 seconds
[2021-12-15 09:00:58,083] {processor.py:163} INFO - Started process (PID=872) to work on /opt/airflow/dags/scraping_daft_waterford.py
[2021-12-15 09:00:58,087] {processor.py:625} INFO - Processing file /opt/airflow/dags/scraping_daft_waterford.py for tasks to queue
[2021-12-15 09:00:58,089] {logging_mixin.py:109} INFO - [2021-12-15 09:00:58,089] {dagbag.py:500} INFO - Filling up the DagBag from /opt/airflow/dags/scraping_daft_waterford.py
[2021-12-15 09:00:58,297] {processor.py:637} INFO - DAG(s) dict_keys(['scraping_daft_waterford']) retrieved from /opt/airflow/dags/scraping_daft_waterford.py
[2021-12-15 09:00:58,333] {logging_mixin.py:109} INFO - [2021-12-15 09:00:58,332] {dag.py:2396} INFO - Sync 1 DAGs
[2021-12-15 09:00:58,424] {logging_mixin.py:109} INFO - [2021-12-15 09:00:58,424] {dag.py:2928} INFO - Setting next_dagrun for scraping_daft_waterford to 2021-12-14T11:15:00+00:00
[2021-12-15 09:00:58,479] {processor.py:171} INFO - Processing /opt/airflow/dags/scraping_daft_waterford.py took 0.408 seconds
[2021-12-15 09:01:28,774] {processor.py:163} INFO - Started process (PID=919) to work on /opt/airflow/dags/scraping_daft_waterford.py
[2021-12-15 09:01:28,781] {processor.py:625} INFO - Processing file /opt/airflow/dags/scraping_daft_waterford.py for tasks to queue
[2021-12-15 09:01:28,784] {logging_mixin.py:109} INFO - [2021-12-15 09:01:28,784] {dagbag.py:500} INFO - Filling up the DagBag from /opt/airflow/dags/scraping_daft_waterford.py
[2021-12-15 09:01:28,994] {processor.py:637} INFO - DAG(s) dict_keys(['scraping_daft_waterford']) retrieved from /opt/airflow/dags/scraping_daft_waterford.py
[2021-12-15 09:01:29,034] {logging_mixin.py:109} INFO - [2021-12-15 09:01:29,033] {dag.py:2396} INFO - Sync 1 DAGs
[2021-12-15 09:01:29,120] {logging_mixin.py:109} INFO - [2021-12-15 09:01:29,120] {dag.py:2928} INFO - Setting next_dagrun for scraping_daft_waterford to 2021-12-14T11:15:00+00:00
[2021-12-15 09:01:29,180] {processor.py:171} INFO - Processing /opt/airflow/dags/scraping_daft_waterford.py took 0.416 seconds
[2021-12-15 09:01:59,434] {processor.py:163} INFO - Started process (PID=966) to work on /opt/airflow/dags/scraping_daft_waterford.py
[2021-12-15 09:01:59,443] {processor.py:625} INFO - Processing file /opt/airflow/dags/scraping_daft_waterford.py for tasks to queue
[2021-12-15 09:01:59,448] {logging_mixin.py:109} INFO - [2021-12-15 09:01:59,448] {dagbag.py:500} INFO - Filling up the DagBag from /opt/airflow/dags/scraping_daft_waterford.py
[2021-12-15 09:01:59,654] {processor.py:637} INFO - DAG(s) dict_keys(['scraping_daft_waterford']) retrieved from /opt/airflow/dags/scraping_daft_waterford.py
[2021-12-15 09:01:59,706] {logging_mixin.py:109} INFO - [2021-12-15 09:01:59,706] {dag.py:2396} INFO - Sync 1 DAGs
[2021-12-15 09:01:59,796] {logging_mixin.py:109} INFO - [2021-12-15 09:01:59,795] {dag.py:2928} INFO - Setting next_dagrun for scraping_daft_waterford to 2021-12-14T11:15:00+00:00
[2021-12-15 09:01:59,877] {processor.py:171} INFO - Processing /opt/airflow/dags/scraping_daft_waterford.py took 0.454 seconds
[2021-12-15 09:02:30,454] {processor.py:163} INFO - Started process (PID=1003) to work on /opt/airflow/dags/scraping_daft_waterford.py
[2021-12-15 09:02:30,518] {processor.py:625} INFO - Processing file /opt/airflow/dags/scraping_daft_waterford.py for tasks to queue
[2021-12-15 09:02:30,596] {logging_mixin.py:109} INFO - [2021-12-15 09:02:30,573] {dagbag.py:500} INFO - Filling up the DagBag from /opt/airflow/dags/scraping_daft_waterford.py
[2021-12-15 09:02:32,070] {processor.py:637} INFO - DAG(s) dict_keys(['scraping_daft_waterford']) retrieved from /opt/airflow/dags/scraping_daft_waterford.py
[2021-12-15 09:02:32,267] {logging_mixin.py:109} INFO - [2021-12-15 09:02:32,265] {dag.py:2396} INFO - Sync 1 DAGs
[2021-12-15 09:02:32,888] {logging_mixin.py:109} INFO - [2021-12-15 09:02:32,887] {dag.py:2928} INFO - Setting next_dagrun for scraping_daft_waterford to 2021-12-14T11:15:00+00:00
[2021-12-15 09:02:33,133] {processor.py:171} INFO - Processing /opt/airflow/dags/scraping_daft_waterford.py took 2.710 seconds
[2021-12-15 09:03:03,771] {processor.py:163} INFO - Started process (PID=1055) to work on /opt/airflow/dags/scraping_daft_waterford.py
[2021-12-15 09:03:03,776] {processor.py:625} INFO - Processing file /opt/airflow/dags/scraping_daft_waterford.py for tasks to queue
[2021-12-15 09:03:03,779] {logging_mixin.py:109} INFO - [2021-12-15 09:03:03,779] {dagbag.py:500} INFO - Filling up the DagBag from /opt/airflow/dags/scraping_daft_waterford.py
[2021-12-15 09:03:03,971] {processor.py:637} INFO - DAG(s) dict_keys(['scraping_daft_waterford']) retrieved from /opt/airflow/dags/scraping_daft_waterford.py
[2021-12-15 09:03:04,003] {logging_mixin.py:109} INFO - [2021-12-15 09:03:04,003] {dag.py:2396} INFO - Sync 1 DAGs
[2021-12-15 09:03:04,087] {logging_mixin.py:109} INFO - [2021-12-15 09:03:04,087] {dag.py:2928} INFO - Setting next_dagrun for scraping_daft_waterford to 2021-12-14T11:15:00+00:00
[2021-12-15 09:03:04,154] {processor.py:171} INFO - Processing /opt/airflow/dags/scraping_daft_waterford.py took 0.398 seconds
[2021-12-15 09:03:34,646] {processor.py:163} INFO - Started process (PID=1103) to work on /opt/airflow/dags/scraping_daft_waterford.py
[2021-12-15 09:03:34,651] {processor.py:625} INFO - Processing file /opt/airflow/dags/scraping_daft_waterford.py for tasks to queue
[2021-12-15 09:03:34,654] {logging_mixin.py:109} INFO - [2021-12-15 09:03:34,654] {dagbag.py:500} INFO - Filling up the DagBag from /opt/airflow/dags/scraping_daft_waterford.py
[2021-12-15 09:03:34,812] {processor.py:637} INFO - DAG(s) dict_keys(['scraping_daft_waterford']) retrieved from /opt/airflow/dags/scraping_daft_waterford.py
[2021-12-15 09:03:34,870] {logging_mixin.py:109} INFO - [2021-12-15 09:03:34,869] {dag.py:2396} INFO - Sync 1 DAGs
[2021-12-15 09:03:34,963] {logging_mixin.py:109} INFO - [2021-12-15 09:03:34,963] {dag.py:2928} INFO - Setting next_dagrun for scraping_daft_waterford to 2021-12-14T11:15:00+00:00
[2021-12-15 09:03:35,031] {processor.py:171} INFO - Processing /opt/airflow/dags/scraping_daft_waterford.py took 0.395 seconds
[2021-12-15 09:04:05,347] {processor.py:163} INFO - Started process (PID=1152) to work on /opt/airflow/dags/scraping_daft_waterford.py
[2021-12-15 09:04:05,354] {processor.py:625} INFO - Processing file /opt/airflow/dags/scraping_daft_waterford.py for tasks to queue
[2021-12-15 09:04:05,360] {logging_mixin.py:109} INFO - [2021-12-15 09:04:05,359] {dagbag.py:500} INFO - Filling up the DagBag from /opt/airflow/dags/scraping_daft_waterford.py
[2021-12-15 09:04:05,623] {processor.py:637} INFO - DAG(s) dict_keys(['scraping_daft_waterford']) retrieved from /opt/airflow/dags/scraping_daft_waterford.py
[2021-12-15 09:04:05,652] {logging_mixin.py:109} INFO - [2021-12-15 09:04:05,652] {dag.py:2396} INFO - Sync 1 DAGs
[2021-12-15 09:04:05,714] {logging_mixin.py:109} INFO - [2021-12-15 09:04:05,714] {dag.py:2928} INFO - Setting next_dagrun for scraping_daft_waterford to 2021-12-14T11:15:00+00:00
[2021-12-15 09:04:05,763] {processor.py:171} INFO - Processing /opt/airflow/dags/scraping_daft_waterford.py took 0.426 seconds
[2021-12-15 09:04:36,043] {processor.py:163} INFO - Started process (PID=1201) to work on /opt/airflow/dags/scraping_daft_waterford.py
[2021-12-15 09:04:36,048] {processor.py:625} INFO - Processing file /opt/airflow/dags/scraping_daft_waterford.py for tasks to queue
[2021-12-15 09:04:36,051] {logging_mixin.py:109} INFO - [2021-12-15 09:04:36,050] {dagbag.py:500} INFO - Filling up the DagBag from /opt/airflow/dags/scraping_daft_waterford.py
[2021-12-15 09:04:36,153] {processor.py:637} INFO - DAG(s) dict_keys(['scraping_daft_waterford']) retrieved from /opt/airflow/dags/scraping_daft_waterford.py
[2021-12-15 09:04:36,173] {logging_mixin.py:109} INFO - [2021-12-15 09:04:36,173] {dag.py:2396} INFO - Sync 1 DAGs
[2021-12-15 09:04:36,219] {logging_mixin.py:109} INFO - [2021-12-15 09:04:36,219] {dag.py:2928} INFO - Setting next_dagrun for scraping_daft_waterford to 2021-12-14T11:15:00+00:00
[2021-12-15 09:04:36,246] {processor.py:171} INFO - Processing /opt/airflow/dags/scraping_daft_waterford.py took 0.219 seconds
[2021-12-15 09:05:06,502] {processor.py:163} INFO - Started process (PID=1247) to work on /opt/airflow/dags/scraping_daft_waterford.py
[2021-12-15 09:05:06,531] {processor.py:625} INFO - Processing file /opt/airflow/dags/scraping_daft_waterford.py for tasks to queue
[2021-12-15 09:05:06,536] {logging_mixin.py:109} INFO - [2021-12-15 09:05:06,536] {dagbag.py:500} INFO - Filling up the DagBag from /opt/airflow/dags/scraping_daft_waterford.py
[2021-12-15 09:05:06,672] {processor.py:637} INFO - DAG(s) dict_keys(['scraping_daft_waterford']) retrieved from /opt/airflow/dags/scraping_daft_waterford.py
[2021-12-15 09:05:06,693] {logging_mixin.py:109} INFO - [2021-12-15 09:05:06,693] {dag.py:2396} INFO - Sync 1 DAGs
[2021-12-15 09:05:06,733] {logging_mixin.py:109} INFO - [2021-12-15 09:05:06,732] {dag.py:2928} INFO - Setting next_dagrun for scraping_daft_waterford to 2021-12-14T11:15:00+00:00
[2021-12-15 09:05:06,751] {processor.py:171} INFO - Processing /opt/airflow/dags/scraping_daft_waterford.py took 0.255 seconds
[2021-12-15 09:05:36,967] {processor.py:163} INFO - Started process (PID=1294) to work on /opt/airflow/dags/scraping_daft_waterford.py
[2021-12-15 09:05:36,971] {processor.py:625} INFO - Processing file /opt/airflow/dags/scraping_daft_waterford.py for tasks to queue
[2021-12-15 09:05:36,973] {logging_mixin.py:109} INFO - [2021-12-15 09:05:36,973] {dagbag.py:500} INFO - Filling up the DagBag from /opt/airflow/dags/scraping_daft_waterford.py
[2021-12-15 09:05:37,087] {processor.py:637} INFO - DAG(s) dict_keys(['scraping_daft_waterford']) retrieved from /opt/airflow/dags/scraping_daft_waterford.py
[2021-12-15 09:05:37,106] {logging_mixin.py:109} INFO - [2021-12-15 09:05:37,106] {dag.py:2396} INFO - Sync 1 DAGs
[2021-12-15 09:05:37,148] {logging_mixin.py:109} INFO - [2021-12-15 09:05:37,148] {dag.py:2928} INFO - Setting next_dagrun for scraping_daft_waterford to 2021-12-14T11:15:00+00:00
[2021-12-15 09:05:37,165] {processor.py:171} INFO - Processing /opt/airflow/dags/scraping_daft_waterford.py took 0.203 seconds
[2021-12-15 09:06:07,738] {processor.py:163} INFO - Started process (PID=1354) to work on /opt/airflow/dags/scraping_daft_waterford.py
[2021-12-15 09:06:07,741] {processor.py:625} INFO - Processing file /opt/airflow/dags/scraping_daft_waterford.py for tasks to queue
[2021-12-15 09:06:07,743] {logging_mixin.py:109} INFO - [2021-12-15 09:06:07,742] {dagbag.py:500} INFO - Filling up the DagBag from /opt/airflow/dags/scraping_daft_waterford.py
[2021-12-15 09:06:07,818] {processor.py:637} INFO - DAG(s) dict_keys(['scraping_daft_waterford']) retrieved from /opt/airflow/dags/scraping_daft_waterford.py
[2021-12-15 09:06:07,836] {logging_mixin.py:109} INFO - [2021-12-15 09:06:07,835] {dag.py:2396} INFO - Sync 1 DAGs
[2021-12-15 09:06:07,873] {logging_mixin.py:109} INFO - [2021-12-15 09:06:07,873] {dag.py:2928} INFO - Setting next_dagrun for scraping_daft_waterford to 2021-12-14T11:15:00+00:00
[2021-12-15 09:06:07,890] {processor.py:171} INFO - Processing /opt/airflow/dags/scraping_daft_waterford.py took 0.155 seconds
[2021-12-15 09:06:38,172] {processor.py:163} INFO - Started process (PID=1400) to work on /opt/airflow/dags/scraping_daft_waterford.py
[2021-12-15 09:06:38,174] {processor.py:625} INFO - Processing file /opt/airflow/dags/scraping_daft_waterford.py for tasks to queue
[2021-12-15 09:06:38,177] {logging_mixin.py:109} INFO - [2021-12-15 09:06:38,176] {dagbag.py:500} INFO - Filling up the DagBag from /opt/airflow/dags/scraping_daft_waterford.py
[2021-12-15 09:06:38,260] {processor.py:637} INFO - DAG(s) dict_keys(['scraping_daft_waterford']) retrieved from /opt/airflow/dags/scraping_daft_waterford.py
[2021-12-15 09:06:38,276] {logging_mixin.py:109} INFO - [2021-12-15 09:06:38,276] {dag.py:2396} INFO - Sync 1 DAGs
[2021-12-15 09:06:38,309] {logging_mixin.py:109} INFO - [2021-12-15 09:06:38,309] {dag.py:2928} INFO - Setting next_dagrun for scraping_daft_waterford to 2021-12-14T11:15:00+00:00
[2021-12-15 09:06:38,323] {processor.py:171} INFO - Processing /opt/airflow/dags/scraping_daft_waterford.py took 0.155 seconds
[2021-12-15 09:07:08,427] {processor.py:163} INFO - Started process (PID=1459) to work on /opt/airflow/dags/scraping_daft_waterford.py
[2021-12-15 09:07:08,430] {processor.py:625} INFO - Processing file /opt/airflow/dags/scraping_daft_waterford.py for tasks to queue
[2021-12-15 09:07:08,431] {logging_mixin.py:109} INFO - [2021-12-15 09:07:08,431] {dagbag.py:500} INFO - Filling up the DagBag from /opt/airflow/dags/scraping_daft_waterford.py
[2021-12-15 09:07:08,509] {processor.py:637} INFO - DAG(s) dict_keys(['scraping_daft_waterford']) retrieved from /opt/airflow/dags/scraping_daft_waterford.py
[2021-12-15 09:07:08,525] {logging_mixin.py:109} INFO - [2021-12-15 09:07:08,525] {dag.py:2396} INFO - Sync 1 DAGs
[2021-12-15 09:07:08,556] {logging_mixin.py:109} INFO - [2021-12-15 09:07:08,556] {dag.py:2928} INFO - Setting next_dagrun for scraping_daft_waterford to 2021-12-14T11:15:00+00:00
[2021-12-15 09:07:08,571] {processor.py:171} INFO - Processing /opt/airflow/dags/scraping_daft_waterford.py took 0.148 seconds
[2021-12-15 09:07:38,671] {processor.py:163} INFO - Started process (PID=1506) to work on /opt/airflow/dags/scraping_daft_waterford.py
[2021-12-15 09:07:38,674] {processor.py:625} INFO - Processing file /opt/airflow/dags/scraping_daft_waterford.py for tasks to queue
[2021-12-15 09:07:38,675] {logging_mixin.py:109} INFO - [2021-12-15 09:07:38,675] {dagbag.py:500} INFO - Filling up the DagBag from /opt/airflow/dags/scraping_daft_waterford.py
[2021-12-15 09:07:38,748] {processor.py:637} INFO - DAG(s) dict_keys(['scraping_daft_waterford']) retrieved from /opt/airflow/dags/scraping_daft_waterford.py
[2021-12-15 09:07:38,764] {logging_mixin.py:109} INFO - [2021-12-15 09:07:38,764] {dag.py:2396} INFO - Sync 1 DAGs
[2021-12-15 09:07:38,795] {logging_mixin.py:109} INFO - [2021-12-15 09:07:38,794] {dag.py:2928} INFO - Setting next_dagrun for scraping_daft_waterford to 2021-12-14T11:15:00+00:00
[2021-12-15 09:07:38,809] {processor.py:171} INFO - Processing /opt/airflow/dags/scraping_daft_waterford.py took 0.142 seconds
[2021-12-15 09:08:09,203] {processor.py:163} INFO - Started process (PID=1565) to work on /opt/airflow/dags/scraping_daft_waterford.py
[2021-12-15 09:08:09,206] {processor.py:625} INFO - Processing file /opt/airflow/dags/scraping_daft_waterford.py for tasks to queue
[2021-12-15 09:08:09,208] {logging_mixin.py:109} INFO - [2021-12-15 09:08:09,208] {dagbag.py:500} INFO - Filling up the DagBag from /opt/airflow/dags/scraping_daft_waterford.py
[2021-12-15 09:08:09,285] {processor.py:637} INFO - DAG(s) dict_keys(['scraping_daft_waterford']) retrieved from /opt/airflow/dags/scraping_daft_waterford.py
[2021-12-15 09:08:09,302] {logging_mixin.py:109} INFO - [2021-12-15 09:08:09,302] {dag.py:2396} INFO - Sync 1 DAGs
[2021-12-15 09:08:09,335] {logging_mixin.py:109} INFO - [2021-12-15 09:08:09,335] {dag.py:2928} INFO - Setting next_dagrun for scraping_daft_waterford to 2021-12-14T11:15:00+00:00
[2021-12-15 09:08:09,348] {processor.py:171} INFO - Processing /opt/airflow/dags/scraping_daft_waterford.py took 0.149 seconds
[2021-12-15 09:08:39,466] {processor.py:163} INFO - Started process (PID=1613) to work on /opt/airflow/dags/scraping_daft_waterford.py
[2021-12-15 09:08:39,469] {processor.py:625} INFO - Processing file /opt/airflow/dags/scraping_daft_waterford.py for tasks to queue
[2021-12-15 09:08:39,471] {logging_mixin.py:109} INFO - [2021-12-15 09:08:39,471] {dagbag.py:500} INFO - Filling up the DagBag from /opt/airflow/dags/scraping_daft_waterford.py
[2021-12-15 09:08:39,551] {processor.py:637} INFO - DAG(s) dict_keys(['scraping_daft_waterford']) retrieved from /opt/airflow/dags/scraping_daft_waterford.py
[2021-12-15 09:08:39,566] {logging_mixin.py:109} INFO - [2021-12-15 09:08:39,566] {dag.py:2396} INFO - Sync 1 DAGs
[2021-12-15 09:08:39,597] {logging_mixin.py:109} INFO - [2021-12-15 09:08:39,597] {dag.py:2928} INFO - Setting next_dagrun for scraping_daft_waterford to 2021-12-14T11:15:00+00:00
[2021-12-15 09:08:39,612] {processor.py:171} INFO - Processing /opt/airflow/dags/scraping_daft_waterford.py took 0.151 seconds
[2021-12-15 09:09:09,897] {processor.py:163} INFO - Started process (PID=1671) to work on /opt/airflow/dags/scraping_daft_waterford.py
[2021-12-15 09:09:09,899] {processor.py:625} INFO - Processing file /opt/airflow/dags/scraping_daft_waterford.py for tasks to queue
[2021-12-15 09:09:09,901] {logging_mixin.py:109} INFO - [2021-12-15 09:09:09,901] {dagbag.py:500} INFO - Filling up the DagBag from /opt/airflow/dags/scraping_daft_waterford.py
[2021-12-15 09:09:09,970] {processor.py:637} INFO - DAG(s) dict_keys(['scraping_daft_waterford']) retrieved from /opt/airflow/dags/scraping_daft_waterford.py
[2021-12-15 09:09:09,984] {logging_mixin.py:109} INFO - [2021-12-15 09:09:09,984] {dag.py:2396} INFO - Sync 1 DAGs
[2021-12-15 09:09:10,017] {logging_mixin.py:109} INFO - [2021-12-15 09:09:10,017] {dag.py:2928} INFO - Setting next_dagrun for scraping_daft_waterford to 2021-12-14T11:15:00+00:00
[2021-12-15 09:09:10,032] {processor.py:171} INFO - Processing /opt/airflow/dags/scraping_daft_waterford.py took 0.139 seconds
[2021-12-15 09:09:40,164] {processor.py:163} INFO - Started process (PID=1720) to work on /opt/airflow/dags/scraping_daft_waterford.py
[2021-12-15 09:09:40,167] {processor.py:625} INFO - Processing file /opt/airflow/dags/scraping_daft_waterford.py for tasks to queue
[2021-12-15 09:09:40,168] {logging_mixin.py:109} INFO - [2021-12-15 09:09:40,168] {dagbag.py:500} INFO - Filling up the DagBag from /opt/airflow/dags/scraping_daft_waterford.py
[2021-12-15 09:09:40,242] {processor.py:637} INFO - DAG(s) dict_keys(['scraping_daft_waterford']) retrieved from /opt/airflow/dags/scraping_daft_waterford.py
[2021-12-15 09:09:40,257] {logging_mixin.py:109} INFO - [2021-12-15 09:09:40,257] {dag.py:2396} INFO - Sync 1 DAGs
[2021-12-15 09:09:40,288] {logging_mixin.py:109} INFO - [2021-12-15 09:09:40,288] {dag.py:2928} INFO - Setting next_dagrun for scraping_daft_waterford to 2021-12-14T11:15:00+00:00
[2021-12-15 09:09:40,302] {processor.py:171} INFO - Processing /opt/airflow/dags/scraping_daft_waterford.py took 0.142 seconds
[2021-12-15 09:10:10,503] {processor.py:163} INFO - Started process (PID=1779) to work on /opt/airflow/dags/scraping_daft_waterford.py
[2021-12-15 09:10:10,507] {processor.py:625} INFO - Processing file /opt/airflow/dags/scraping_daft_waterford.py for tasks to queue
[2021-12-15 09:10:10,509] {logging_mixin.py:109} INFO - [2021-12-15 09:10:10,509] {dagbag.py:500} INFO - Filling up the DagBag from /opt/airflow/dags/scraping_daft_waterford.py
[2021-12-15 09:10:10,623] {processor.py:637} INFO - DAG(s) dict_keys(['scraping_daft_waterford']) retrieved from /opt/airflow/dags/scraping_daft_waterford.py
[2021-12-15 09:10:10,653] {logging_mixin.py:109} INFO - [2021-12-15 09:10:10,653] {dag.py:2396} INFO - Sync 1 DAGs
[2021-12-15 09:10:10,706] {logging_mixin.py:109} INFO - [2021-12-15 09:10:10,706] {dag.py:2928} INFO - Setting next_dagrun for scraping_daft_waterford to 2021-12-14T11:15:00+00:00
[2021-12-15 09:10:10,740] {processor.py:171} INFO - Processing /opt/airflow/dags/scraping_daft_waterford.py took 0.242 seconds
[2021-12-15 09:10:41,200] {processor.py:163} INFO - Started process (PID=1826) to work on /opt/airflow/dags/scraping_daft_waterford.py
[2021-12-15 09:10:41,203] {processor.py:625} INFO - Processing file /opt/airflow/dags/scraping_daft_waterford.py for tasks to queue
[2021-12-15 09:10:41,205] {logging_mixin.py:109} INFO - [2021-12-15 09:10:41,205] {dagbag.py:500} INFO - Filling up the DagBag from /opt/airflow/dags/scraping_daft_waterford.py
[2021-12-15 09:10:41,295] {processor.py:637} INFO - DAG(s) dict_keys(['scraping_daft_waterford']) retrieved from /opt/airflow/dags/scraping_daft_waterford.py
[2021-12-15 09:10:41,316] {logging_mixin.py:109} INFO - [2021-12-15 09:10:41,316] {dag.py:2396} INFO - Sync 1 DAGs
[2021-12-15 09:10:41,358] {logging_mixin.py:109} INFO - [2021-12-15 09:10:41,358] {dag.py:2928} INFO - Setting next_dagrun for scraping_daft_waterford to 2021-12-14T11:15:00+00:00
[2021-12-15 09:10:41,380] {processor.py:171} INFO - Processing /opt/airflow/dags/scraping_daft_waterford.py took 0.184 seconds
[2021-12-15 09:11:11,588] {processor.py:163} INFO - Started process (PID=1873) to work on /opt/airflow/dags/scraping_daft_waterford.py
[2021-12-15 09:11:11,591] {processor.py:625} INFO - Processing file /opt/airflow/dags/scraping_daft_waterford.py for tasks to queue
[2021-12-15 09:11:11,592] {logging_mixin.py:109} INFO - [2021-12-15 09:11:11,592] {dagbag.py:500} INFO - Filling up the DagBag from /opt/airflow/dags/scraping_daft_waterford.py
[2021-12-15 09:11:11,675] {processor.py:637} INFO - DAG(s) dict_keys(['scraping_daft_waterford']) retrieved from /opt/airflow/dags/scraping_daft_waterford.py
[2021-12-15 09:11:11,689] {logging_mixin.py:109} INFO - [2021-12-15 09:11:11,689] {dag.py:2396} INFO - Sync 1 DAGs
[2021-12-15 09:11:11,719] {logging_mixin.py:109} INFO - [2021-12-15 09:11:11,719] {dag.py:2928} INFO - Setting next_dagrun for scraping_daft_waterford to 2021-12-14T11:15:00+00:00
[2021-12-15 09:11:11,735] {processor.py:171} INFO - Processing /opt/airflow/dags/scraping_daft_waterford.py took 0.151 seconds
[2021-12-15 09:11:41,858] {processor.py:163} INFO - Started process (PID=1933) to work on /opt/airflow/dags/scraping_daft_waterford.py
[2021-12-15 09:11:41,860] {processor.py:625} INFO - Processing file /opt/airflow/dags/scraping_daft_waterford.py for tasks to queue
[2021-12-15 09:11:41,862] {logging_mixin.py:109} INFO - [2021-12-15 09:11:41,862] {dagbag.py:500} INFO - Filling up the DagBag from /opt/airflow/dags/scraping_daft_waterford.py
[2021-12-15 09:11:41,949] {processor.py:637} INFO - DAG(s) dict_keys(['scraping_daft_waterford']) retrieved from /opt/airflow/dags/scraping_daft_waterford.py
[2021-12-15 09:11:41,966] {logging_mixin.py:109} INFO - [2021-12-15 09:11:41,966] {dag.py:2396} INFO - Sync 1 DAGs
[2021-12-15 09:11:42,006] {logging_mixin.py:109} INFO - [2021-12-15 09:11:42,006] {dag.py:2928} INFO - Setting next_dagrun for scraping_daft_waterford to 2021-12-14T11:15:00+00:00
[2021-12-15 09:11:42,025] {processor.py:171} INFO - Processing /opt/airflow/dags/scraping_daft_waterford.py took 0.175 seconds
[2021-12-15 09:12:12,166] {processor.py:163} INFO - Started process (PID=1981) to work on /opt/airflow/dags/scraping_daft_waterford.py
[2021-12-15 09:12:12,168] {processor.py:625} INFO - Processing file /opt/airflow/dags/scraping_daft_waterford.py for tasks to queue
[2021-12-15 09:12:12,170] {logging_mixin.py:109} INFO - [2021-12-15 09:12:12,170] {dagbag.py:500} INFO - Filling up the DagBag from /opt/airflow/dags/scraping_daft_waterford.py
[2021-12-15 09:12:12,246] {processor.py:637} INFO - DAG(s) dict_keys(['scraping_daft_waterford']) retrieved from /opt/airflow/dags/scraping_daft_waterford.py
[2021-12-15 09:12:12,261] {logging_mixin.py:109} INFO - [2021-12-15 09:12:12,261] {dag.py:2396} INFO - Sync 1 DAGs
[2021-12-15 09:12:12,293] {logging_mixin.py:109} INFO - [2021-12-15 09:12:12,293] {dag.py:2928} INFO - Setting next_dagrun for scraping_daft_waterford to 2021-12-14T11:15:00+00:00
[2021-12-15 09:12:12,307] {processor.py:171} INFO - Processing /opt/airflow/dags/scraping_daft_waterford.py took 0.145 seconds
[2021-12-15 09:12:42,485] {processor.py:163} INFO - Started process (PID=2037) to work on /opt/airflow/dags/scraping_daft_waterford.py
[2021-12-15 09:12:42,487] {processor.py:625} INFO - Processing file /opt/airflow/dags/scraping_daft_waterford.py for tasks to queue
[2021-12-15 09:12:42,489] {logging_mixin.py:109} INFO - [2021-12-15 09:12:42,488] {dagbag.py:500} INFO - Filling up the DagBag from /opt/airflow/dags/scraping_daft_waterford.py
[2021-12-15 09:12:42,564] {processor.py:637} INFO - DAG(s) dict_keys(['scraping_daft_waterford']) retrieved from /opt/airflow/dags/scraping_daft_waterford.py
[2021-12-15 09:12:42,579] {logging_mixin.py:109} INFO - [2021-12-15 09:12:42,579] {dag.py:2396} INFO - Sync 1 DAGs
[2021-12-15 09:12:42,609] {logging_mixin.py:109} INFO - [2021-12-15 09:12:42,609] {dag.py:2928} INFO - Setting next_dagrun for scraping_daft_waterford to 2021-12-14T11:15:00+00:00
[2021-12-15 09:12:42,623] {processor.py:171} INFO - Processing /opt/airflow/dags/scraping_daft_waterford.py took 0.143 seconds
[2021-12-15 09:13:12,772] {processor.py:163} INFO - Started process (PID=2084) to work on /opt/airflow/dags/scraping_daft_waterford.py
[2021-12-15 09:13:12,776] {processor.py:625} INFO - Processing file /opt/airflow/dags/scraping_daft_waterford.py for tasks to queue
[2021-12-15 09:13:12,778] {logging_mixin.py:109} INFO - [2021-12-15 09:13:12,777] {dagbag.py:500} INFO - Filling up the DagBag from /opt/airflow/dags/scraping_daft_waterford.py
[2021-12-15 09:13:12,861] {processor.py:637} INFO - DAG(s) dict_keys(['scraping_daft_waterford']) retrieved from /opt/airflow/dags/scraping_daft_waterford.py
[2021-12-15 09:13:12,876] {logging_mixin.py:109} INFO - [2021-12-15 09:13:12,876] {dag.py:2396} INFO - Sync 1 DAGs
[2021-12-15 09:13:12,905] {logging_mixin.py:109} INFO - [2021-12-15 09:13:12,905] {dag.py:2928} INFO - Setting next_dagrun for scraping_daft_waterford to 2021-12-14T11:15:00+00:00
[2021-12-15 09:13:12,919] {processor.py:171} INFO - Processing /opt/airflow/dags/scraping_daft_waterford.py took 0.152 seconds
[2021-12-15 09:13:43,072] {processor.py:163} INFO - Started process (PID=2143) to work on /opt/airflow/dags/scraping_daft_waterford.py
[2021-12-15 09:13:43,075] {processor.py:625} INFO - Processing file /opt/airflow/dags/scraping_daft_waterford.py for tasks to queue
[2021-12-15 09:13:43,077] {logging_mixin.py:109} INFO - [2021-12-15 09:13:43,077] {dagbag.py:500} INFO - Filling up the DagBag from /opt/airflow/dags/scraping_daft_waterford.py
[2021-12-15 09:13:43,154] {processor.py:637} INFO - DAG(s) dict_keys(['scraping_daft_waterford']) retrieved from /opt/airflow/dags/scraping_daft_waterford.py
[2021-12-15 09:13:43,169] {logging_mixin.py:109} INFO - [2021-12-15 09:13:43,168] {dag.py:2396} INFO - Sync 1 DAGs
[2021-12-15 09:13:43,198] {logging_mixin.py:109} INFO - [2021-12-15 09:13:43,198] {dag.py:2928} INFO - Setting next_dagrun for scraping_daft_waterford to 2021-12-14T11:15:00+00:00
[2021-12-15 09:13:43,211] {processor.py:171} INFO - Processing /opt/airflow/dags/scraping_daft_waterford.py took 0.144 seconds
[2021-12-15 09:14:13,269] {processor.py:163} INFO - Started process (PID=2190) to work on /opt/airflow/dags/scraping_daft_waterford.py
[2021-12-15 09:14:13,272] {processor.py:625} INFO - Processing file /opt/airflow/dags/scraping_daft_waterford.py for tasks to queue
[2021-12-15 09:14:13,273] {logging_mixin.py:109} INFO - [2021-12-15 09:14:13,273] {dagbag.py:500} INFO - Filling up the DagBag from /opt/airflow/dags/scraping_daft_waterford.py
[2021-12-15 09:14:13,345] {processor.py:637} INFO - DAG(s) dict_keys(['scraping_daft_waterford']) retrieved from /opt/airflow/dags/scraping_daft_waterford.py
[2021-12-15 09:14:13,361] {logging_mixin.py:109} INFO - [2021-12-15 09:14:13,361] {dag.py:2396} INFO - Sync 1 DAGs
[2021-12-15 09:14:13,394] {logging_mixin.py:109} INFO - [2021-12-15 09:14:13,394] {dag.py:2928} INFO - Setting next_dagrun for scraping_daft_waterford to 2021-12-14T11:15:00+00:00
[2021-12-15 09:14:13,413] {processor.py:171} INFO - Processing /opt/airflow/dags/scraping_daft_waterford.py took 0.148 seconds
[2021-12-15 09:14:43,770] {processor.py:163} INFO - Started process (PID=2249) to work on /opt/airflow/dags/scraping_daft_waterford.py
[2021-12-15 09:14:43,772] {processor.py:625} INFO - Processing file /opt/airflow/dags/scraping_daft_waterford.py for tasks to queue
[2021-12-15 09:14:43,774] {logging_mixin.py:109} INFO - [2021-12-15 09:14:43,774] {dagbag.py:500} INFO - Filling up the DagBag from /opt/airflow/dags/scraping_daft_waterford.py
[2021-12-15 09:14:43,864] {processor.py:637} INFO - DAG(s) dict_keys(['scraping_daft_waterford']) retrieved from /opt/airflow/dags/scraping_daft_waterford.py
[2021-12-15 09:14:43,885] {logging_mixin.py:109} INFO - [2021-12-15 09:14:43,885] {dag.py:2396} INFO - Sync 1 DAGs
[2021-12-15 09:14:43,925] {logging_mixin.py:109} INFO - [2021-12-15 09:14:43,925] {dag.py:2928} INFO - Setting next_dagrun for scraping_daft_waterford to 2021-12-14T11:15:00+00:00
[2021-12-15 09:14:43,945] {processor.py:171} INFO - Processing /opt/airflow/dags/scraping_daft_waterford.py took 0.178 seconds
[2021-12-15 09:15:14,231] {processor.py:163} INFO - Started process (PID=2296) to work on /opt/airflow/dags/scraping_daft_waterford.py
[2021-12-15 09:15:14,234] {processor.py:625} INFO - Processing file /opt/airflow/dags/scraping_daft_waterford.py for tasks to queue
[2021-12-15 09:15:14,236] {logging_mixin.py:109} INFO - [2021-12-15 09:15:14,236] {dagbag.py:500} INFO - Filling up the DagBag from /opt/airflow/dags/scraping_daft_waterford.py
[2021-12-15 09:15:14,318] {processor.py:637} INFO - DAG(s) dict_keys(['scraping_daft_waterford']) retrieved from /opt/airflow/dags/scraping_daft_waterford.py
[2021-12-15 09:15:14,334] {logging_mixin.py:109} INFO - [2021-12-15 09:15:14,334] {dag.py:2396} INFO - Sync 1 DAGs
[2021-12-15 09:15:14,368] {logging_mixin.py:109} INFO - [2021-12-15 09:15:14,367] {dag.py:2928} INFO - Setting next_dagrun for scraping_daft_waterford to 2021-12-14T11:15:00+00:00
[2021-12-15 09:15:14,388] {processor.py:171} INFO - Processing /opt/airflow/dags/scraping_daft_waterford.py took 0.162 seconds
[2021-12-15 09:15:44,651] {processor.py:163} INFO - Started process (PID=2344) to work on /opt/airflow/dags/scraping_daft_waterford.py
[2021-12-15 09:15:44,659] {processor.py:625} INFO - Processing file /opt/airflow/dags/scraping_daft_waterford.py for tasks to queue
[2021-12-15 09:15:44,664] {logging_mixin.py:109} INFO - [2021-12-15 09:15:44,664] {dagbag.py:500} INFO - Filling up the DagBag from /opt/airflow/dags/scraping_daft_waterford.py
[2021-12-15 09:15:44,978] {processor.py:637} INFO - DAG(s) dict_keys(['scraping_daft_waterford']) retrieved from /opt/airflow/dags/scraping_daft_waterford.py
[2021-12-15 09:15:45,018] {logging_mixin.py:109} INFO - [2021-12-15 09:15:45,017] {dag.py:2396} INFO - Sync 1 DAGs
[2021-12-15 09:15:45,096] {logging_mixin.py:109} INFO - [2021-12-15 09:15:45,095] {dag.py:2928} INFO - Setting next_dagrun for scraping_daft_waterford to 2021-12-14T11:15:00+00:00
[2021-12-15 09:15:45,152] {processor.py:171} INFO - Processing /opt/airflow/dags/scraping_daft_waterford.py took 0.516 seconds
[2021-12-15 09:16:15,353] {processor.py:163} INFO - Started process (PID=2402) to work on /opt/airflow/dags/scraping_daft_waterford.py
[2021-12-15 09:16:15,357] {processor.py:625} INFO - Processing file /opt/airflow/dags/scraping_daft_waterford.py for tasks to queue
[2021-12-15 09:16:15,359] {logging_mixin.py:109} INFO - [2021-12-15 09:16:15,359] {dagbag.py:500} INFO - Filling up the DagBag from /opt/airflow/dags/scraping_daft_waterford.py
[2021-12-15 09:16:15,487] {processor.py:637} INFO - DAG(s) dict_keys(['scraping_daft_waterford']) retrieved from /opt/airflow/dags/scraping_daft_waterford.py
[2021-12-15 09:16:15,516] {logging_mixin.py:109} INFO - [2021-12-15 09:16:15,515] {dag.py:2396} INFO - Sync 1 DAGs
[2021-12-15 09:16:15,581] {logging_mixin.py:109} INFO - [2021-12-15 09:16:15,581] {dag.py:2928} INFO - Setting next_dagrun for scraping_daft_waterford to 2021-12-14T11:15:00+00:00
[2021-12-15 09:16:15,606] {processor.py:171} INFO - Processing /opt/airflow/dags/scraping_daft_waterford.py took 0.259 seconds
[2021-12-15 09:16:55,241] {processor.py:163} INFO - Started process (PID=2431) to work on /opt/airflow/dags/scraping_daft_waterford.py
[2021-12-15 09:16:55,259] {processor.py:625} INFO - Processing file /opt/airflow/dags/scraping_daft_waterford.py for tasks to queue
[2021-12-15 09:16:55,272] {logging_mixin.py:109} INFO - [2021-12-15 09:16:55,271] {dagbag.py:500} INFO - Filling up the DagBag from /opt/airflow/dags/scraping_daft_waterford.py
[2021-12-15 09:16:56,910] {processor.py:637} INFO - DAG(s) dict_keys(['scraping_daft_waterford']) retrieved from /opt/airflow/dags/scraping_daft_waterford.py
[2021-12-15 09:16:57,070] {logging_mixin.py:109} INFO - [2021-12-15 09:16:57,069] {dag.py:2396} INFO - Sync 1 DAGs
[2021-12-15 09:16:57,406] {logging_mixin.py:109} INFO - [2021-12-15 09:16:57,405] {dag.py:2928} INFO - Setting next_dagrun for scraping_daft_waterford to 2021-12-14T11:15:00+00:00
[2021-12-15 09:16:57,520] {processor.py:171} INFO - Processing /opt/airflow/dags/scraping_daft_waterford.py took 2.324 seconds
[2021-12-15 09:17:27,855] {processor.py:163} INFO - Started process (PID=2476) to work on /opt/airflow/dags/scraping_daft_waterford.py
[2021-12-15 09:17:27,862] {processor.py:625} INFO - Processing file /opt/airflow/dags/scraping_daft_waterford.py for tasks to queue
[2021-12-15 09:17:27,871] {logging_mixin.py:109} INFO - [2021-12-15 09:17:27,870] {dagbag.py:500} INFO - Filling up the DagBag from /opt/airflow/dags/scraping_daft_waterford.py
[2021-12-15 09:17:28,016] {processor.py:637} INFO - DAG(s) dict_keys(['scraping_daft_waterford']) retrieved from /opt/airflow/dags/scraping_daft_waterford.py
[2021-12-15 09:17:28,049] {logging_mixin.py:109} INFO - [2021-12-15 09:17:28,048] {dag.py:2396} INFO - Sync 1 DAGs
[2021-12-15 09:17:28,117] {logging_mixin.py:109} INFO - [2021-12-15 09:17:28,117] {dag.py:2928} INFO - Setting next_dagrun for scraping_daft_waterford to 2021-12-14T11:15:00+00:00
[2021-12-15 09:17:28,145] {processor.py:171} INFO - Processing /opt/airflow/dags/scraping_daft_waterford.py took 0.300 seconds
[2021-12-15 09:23:04,825] {processor.py:163} INFO - Started process (PID=2511) to work on /opt/airflow/dags/scraping_daft_waterford.py
[2021-12-15 09:23:04,829] {processor.py:625} INFO - Processing file /opt/airflow/dags/scraping_daft_waterford.py for tasks to queue
[2021-12-15 09:23:04,831] {logging_mixin.py:109} INFO - [2021-12-15 09:23:04,831] {dagbag.py:500} INFO - Filling up the DagBag from /opt/airflow/dags/scraping_daft_waterford.py
[2021-12-15 09:23:05,010] {processor.py:637} INFO - DAG(s) dict_keys(['scraping_daft_waterford']) retrieved from /opt/airflow/dags/scraping_daft_waterford.py
[2021-12-15 09:23:05,059] {logging_mixin.py:109} INFO - [2021-12-15 09:23:05,059] {dag.py:2396} INFO - Sync 1 DAGs
[2021-12-15 09:23:05,176] {logging_mixin.py:109} INFO - [2021-12-15 09:23:05,176] {dag.py:2928} INFO - Setting next_dagrun for scraping_daft_waterford to 2021-12-14T11:15:00+00:00
[2021-12-15 09:23:05,230] {processor.py:171} INFO - Processing /opt/airflow/dags/scraping_daft_waterford.py took 0.411 seconds
[2021-12-15 09:23:36,261] {processor.py:163} INFO - Started process (PID=2559) to work on /opt/airflow/dags/scraping_daft_waterford.py
[2021-12-15 09:23:36,266] {processor.py:625} INFO - Processing file /opt/airflow/dags/scraping_daft_waterford.py for tasks to queue
[2021-12-15 09:23:36,269] {logging_mixin.py:109} INFO - [2021-12-15 09:23:36,268] {dagbag.py:500} INFO - Filling up the DagBag from /opt/airflow/dags/scraping_daft_waterford.py
[2021-12-15 09:23:36,437] {processor.py:637} INFO - DAG(s) dict_keys(['scraping_daft_waterford']) retrieved from /opt/airflow/dags/scraping_daft_waterford.py
[2021-12-15 09:23:36,465] {logging_mixin.py:109} INFO - [2021-12-15 09:23:36,465] {dag.py:2396} INFO - Sync 1 DAGs
[2021-12-15 09:23:36,526] {logging_mixin.py:109} INFO - [2021-12-15 09:23:36,526] {dag.py:2928} INFO - Setting next_dagrun for scraping_daft_waterford to 2021-12-14T11:15:00+00:00
[2021-12-15 09:23:36,556] {processor.py:171} INFO - Processing /opt/airflow/dags/scraping_daft_waterford.py took 0.311 seconds
[2021-12-15 09:24:07,155] {processor.py:163} INFO - Started process (PID=2618) to work on /opt/airflow/dags/scraping_daft_waterford.py
[2021-12-15 09:24:07,157] {processor.py:625} INFO - Processing file /opt/airflow/dags/scraping_daft_waterford.py for tasks to queue
[2021-12-15 09:24:07,158] {logging_mixin.py:109} INFO - [2021-12-15 09:24:07,158] {dagbag.py:500} INFO - Filling up the DagBag from /opt/airflow/dags/scraping_daft_waterford.py
[2021-12-15 09:24:07,227] {processor.py:637} INFO - DAG(s) dict_keys(['scraping_daft_waterford']) retrieved from /opt/airflow/dags/scraping_daft_waterford.py
[2021-12-15 09:24:07,241] {logging_mixin.py:109} INFO - [2021-12-15 09:24:07,241] {dag.py:2396} INFO - Sync 1 DAGs
[2021-12-15 09:24:07,270] {logging_mixin.py:109} INFO - [2021-12-15 09:24:07,270] {dag.py:2928} INFO - Setting next_dagrun for scraping_daft_waterford to 2021-12-14T11:15:00+00:00
[2021-12-15 09:24:07,283] {processor.py:171} INFO - Processing /opt/airflow/dags/scraping_daft_waterford.py took 0.133 seconds
[2021-12-15 09:24:38,020] {processor.py:163} INFO - Started process (PID=2666) to work on /opt/airflow/dags/scraping_daft_waterford.py
[2021-12-15 09:24:38,023] {processor.py:625} INFO - Processing file /opt/airflow/dags/scraping_daft_waterford.py for tasks to queue
[2021-12-15 09:24:38,025] {logging_mixin.py:109} INFO - [2021-12-15 09:24:38,024] {dagbag.py:500} INFO - Filling up the DagBag from /opt/airflow/dags/scraping_daft_waterford.py
[2021-12-15 09:24:38,099] {processor.py:637} INFO - DAG(s) dict_keys(['scraping_daft_waterford']) retrieved from /opt/airflow/dags/scraping_daft_waterford.py
[2021-12-15 09:24:38,115] {logging_mixin.py:109} INFO - [2021-12-15 09:24:38,115] {dag.py:2396} INFO - Sync 1 DAGs
[2021-12-15 09:24:38,145] {logging_mixin.py:109} INFO - [2021-12-15 09:24:38,145] {dag.py:2928} INFO - Setting next_dagrun for scraping_daft_waterford to 2021-12-14T11:15:00+00:00
[2021-12-15 09:24:38,161] {processor.py:171} INFO - Processing /opt/airflow/dags/scraping_daft_waterford.py took 0.145 seconds
[2021-12-15 09:25:08,715] {processor.py:163} INFO - Started process (PID=2725) to work on /opt/airflow/dags/scraping_daft_waterford.py
[2021-12-15 09:25:08,717] {processor.py:625} INFO - Processing file /opt/airflow/dags/scraping_daft_waterford.py for tasks to queue
[2021-12-15 09:25:08,719] {logging_mixin.py:109} INFO - [2021-12-15 09:25:08,719] {dagbag.py:500} INFO - Filling up the DagBag from /opt/airflow/dags/scraping_daft_waterford.py
[2021-12-15 09:25:08,805] {processor.py:637} INFO - DAG(s) dict_keys(['scraping_daft_waterford']) retrieved from /opt/airflow/dags/scraping_daft_waterford.py
[2021-12-15 09:25:08,825] {logging_mixin.py:109} INFO - [2021-12-15 09:25:08,824] {dag.py:2396} INFO - Sync 1 DAGs
[2021-12-15 09:25:08,866] {logging_mixin.py:109} INFO - [2021-12-15 09:25:08,866] {dag.py:2928} INFO - Setting next_dagrun for scraping_daft_waterford to 2021-12-14T11:15:00+00:00
[2021-12-15 09:25:08,886] {processor.py:171} INFO - Processing /opt/airflow/dags/scraping_daft_waterford.py took 0.175 seconds
[2021-12-15 09:25:39,098] {processor.py:163} INFO - Started process (PID=2773) to work on /opt/airflow/dags/scraping_daft_waterford.py
[2021-12-15 09:25:39,102] {processor.py:625} INFO - Processing file /opt/airflow/dags/scraping_daft_waterford.py for tasks to queue
[2021-12-15 09:25:39,105] {logging_mixin.py:109} INFO - [2021-12-15 09:25:39,105] {dagbag.py:500} INFO - Filling up the DagBag from /opt/airflow/dags/scraping_daft_waterford.py
[2021-12-15 09:25:39,251] {processor.py:637} INFO - DAG(s) dict_keys(['scraping_daft_waterford']) retrieved from /opt/airflow/dags/scraping_daft_waterford.py
[2021-12-15 09:25:39,283] {logging_mixin.py:109} INFO - [2021-12-15 09:25:39,282] {dag.py:2396} INFO - Sync 1 DAGs
[2021-12-15 09:25:39,352] {logging_mixin.py:109} INFO - [2021-12-15 09:25:39,352] {dag.py:2928} INFO - Setting next_dagrun for scraping_daft_waterford to 2021-12-14T11:15:00+00:00
[2021-12-15 09:25:39,383] {processor.py:171} INFO - Processing /opt/airflow/dags/scraping_daft_waterford.py took 0.289 seconds
[2021-12-15 09:26:10,129] {processor.py:163} INFO - Started process (PID=2831) to work on /opt/airflow/dags/scraping_daft_waterford.py
[2021-12-15 09:26:10,134] {processor.py:625} INFO - Processing file /opt/airflow/dags/scraping_daft_waterford.py for tasks to queue
[2021-12-15 09:26:10,137] {logging_mixin.py:109} INFO - [2021-12-15 09:26:10,137] {dagbag.py:500} INFO - Filling up the DagBag from /opt/airflow/dags/scraping_daft_waterford.py
[2021-12-15 09:26:10,257] {processor.py:637} INFO - DAG(s) dict_keys(['scraping_daft_waterford']) retrieved from /opt/airflow/dags/scraping_daft_waterford.py
[2021-12-15 09:26:10,293] {logging_mixin.py:109} INFO - [2021-12-15 09:26:10,293] {dag.py:2396} INFO - Sync 1 DAGs
[2021-12-15 09:26:10,357] {logging_mixin.py:109} INFO - [2021-12-15 09:26:10,357] {dag.py:2928} INFO - Setting next_dagrun for scraping_daft_waterford to 2021-12-14T11:15:00+00:00
[2021-12-15 09:26:10,390] {processor.py:171} INFO - Processing /opt/airflow/dags/scraping_daft_waterford.py took 0.271 seconds
[2021-12-15 09:26:41,404] {processor.py:163} INFO - Started process (PID=2878) to work on /opt/airflow/dags/scraping_daft_waterford.py
[2021-12-15 09:26:41,408] {processor.py:625} INFO - Processing file /opt/airflow/dags/scraping_daft_waterford.py for tasks to queue
[2021-12-15 09:26:41,410] {logging_mixin.py:109} INFO - [2021-12-15 09:26:41,410] {dagbag.py:500} INFO - Filling up the DagBag from /opt/airflow/dags/scraping_daft_waterford.py
[2021-12-15 09:26:41,483] {processor.py:637} INFO - DAG(s) dict_keys(['scraping_daft_waterford']) retrieved from /opt/airflow/dags/scraping_daft_waterford.py
[2021-12-15 09:26:41,499] {logging_mixin.py:109} INFO - [2021-12-15 09:26:41,499] {dag.py:2396} INFO - Sync 1 DAGs
[2021-12-15 09:26:41,534] {logging_mixin.py:109} INFO - [2021-12-15 09:26:41,534] {dag.py:2928} INFO - Setting next_dagrun for scraping_daft_waterford to 2021-12-14T11:15:00+00:00
[2021-12-15 09:26:41,548] {processor.py:171} INFO - Processing /opt/airflow/dags/scraping_daft_waterford.py took 0.149 seconds
[2021-12-15 09:27:11,763] {processor.py:163} INFO - Started process (PID=2925) to work on /opt/airflow/dags/scraping_daft_waterford.py
[2021-12-15 09:27:11,766] {processor.py:625} INFO - Processing file /opt/airflow/dags/scraping_daft_waterford.py for tasks to queue
[2021-12-15 09:27:11,767] {logging_mixin.py:109} INFO - [2021-12-15 09:27:11,767] {dagbag.py:500} INFO - Filling up the DagBag from /opt/airflow/dags/scraping_daft_waterford.py
[2021-12-15 09:27:11,846] {processor.py:637} INFO - DAG(s) dict_keys(['scraping_daft_waterford']) retrieved from /opt/airflow/dags/scraping_daft_waterford.py
[2021-12-15 09:27:11,864] {logging_mixin.py:109} INFO - [2021-12-15 09:27:11,864] {dag.py:2396} INFO - Sync 1 DAGs
[2021-12-15 09:27:11,908] {logging_mixin.py:109} INFO - [2021-12-15 09:27:11,908] {dag.py:2928} INFO - Setting next_dagrun for scraping_daft_waterford to 2021-12-14T11:15:00+00:00
[2021-12-15 09:27:11,925] {processor.py:171} INFO - Processing /opt/airflow/dags/scraping_daft_waterford.py took 0.166 seconds
[2021-12-15 09:27:42,488] {processor.py:163} INFO - Started process (PID=2983) to work on /opt/airflow/dags/scraping_daft_waterford.py
[2021-12-15 09:27:42,491] {processor.py:625} INFO - Processing file /opt/airflow/dags/scraping_daft_waterford.py for tasks to queue
[2021-12-15 09:27:42,493] {logging_mixin.py:109} INFO - [2021-12-15 09:27:42,492] {dagbag.py:500} INFO - Filling up the DagBag from /opt/airflow/dags/scraping_daft_waterford.py
[2021-12-15 09:27:42,577] {processor.py:637} INFO - DAG(s) dict_keys(['scraping_daft_waterford']) retrieved from /opt/airflow/dags/scraping_daft_waterford.py
[2021-12-15 09:27:42,593] {logging_mixin.py:109} INFO - [2021-12-15 09:27:42,593] {dag.py:2396} INFO - Sync 1 DAGs
[2021-12-15 09:27:42,624] {logging_mixin.py:109} INFO - [2021-12-15 09:27:42,624] {dag.py:2928} INFO - Setting next_dagrun for scraping_daft_waterford to 2021-12-14T11:15:00+00:00
[2021-12-15 09:27:42,639] {processor.py:171} INFO - Processing /opt/airflow/dags/scraping_daft_waterford.py took 0.155 seconds
[2021-12-15 09:28:13,111] {processor.py:163} INFO - Started process (PID=3032) to work on /opt/airflow/dags/scraping_daft_waterford.py
[2021-12-15 09:28:13,114] {processor.py:625} INFO - Processing file /opt/airflow/dags/scraping_daft_waterford.py for tasks to queue
[2021-12-15 09:28:13,116] {logging_mixin.py:109} INFO - [2021-12-15 09:28:13,115] {dagbag.py:500} INFO - Filling up the DagBag from /opt/airflow/dags/scraping_daft_waterford.py
[2021-12-15 09:28:13,209] {processor.py:637} INFO - DAG(s) dict_keys(['scraping_daft_waterford']) retrieved from /opt/airflow/dags/scraping_daft_waterford.py
[2021-12-15 09:28:13,225] {logging_mixin.py:109} INFO - [2021-12-15 09:28:13,225] {dag.py:2396} INFO - Sync 1 DAGs
[2021-12-15 09:28:13,256] {logging_mixin.py:109} INFO - [2021-12-15 09:28:13,256] {dag.py:2928} INFO - Setting next_dagrun for scraping_daft_waterford to 2021-12-14T11:15:00+00:00
[2021-12-15 09:28:13,272] {processor.py:171} INFO - Processing /opt/airflow/dags/scraping_daft_waterford.py took 0.166 seconds
[2021-12-15 09:28:44,001] {processor.py:163} INFO - Started process (PID=3090) to work on /opt/airflow/dags/scraping_daft_waterford.py
[2021-12-15 09:28:44,005] {processor.py:625} INFO - Processing file /opt/airflow/dags/scraping_daft_waterford.py for tasks to queue
[2021-12-15 09:28:44,007] {logging_mixin.py:109} INFO - [2021-12-15 09:28:44,007] {dagbag.py:500} INFO - Filling up the DagBag from /opt/airflow/dags/scraping_daft_waterford.py
[2021-12-15 09:28:44,088] {processor.py:637} INFO - DAG(s) dict_keys(['scraping_daft_waterford']) retrieved from /opt/airflow/dags/scraping_daft_waterford.py
[2021-12-15 09:28:44,104] {logging_mixin.py:109} INFO - [2021-12-15 09:28:44,104] {dag.py:2396} INFO - Sync 1 DAGs
[2021-12-15 09:28:44,135] {logging_mixin.py:109} INFO - [2021-12-15 09:28:44,135] {dag.py:2928} INFO - Setting next_dagrun for scraping_daft_waterford to 2021-12-14T11:15:00+00:00
[2021-12-15 09:28:44,150] {processor.py:171} INFO - Processing /opt/airflow/dags/scraping_daft_waterford.py took 0.153 seconds
[2021-12-15 09:29:14,661] {processor.py:163} INFO - Started process (PID=3138) to work on /opt/airflow/dags/scraping_daft_waterford.py
[2021-12-15 09:29:14,664] {processor.py:625} INFO - Processing file /opt/airflow/dags/scraping_daft_waterford.py for tasks to queue
[2021-12-15 09:29:14,666] {logging_mixin.py:109} INFO - [2021-12-15 09:29:14,666] {dagbag.py:500} INFO - Filling up the DagBag from /opt/airflow/dags/scraping_daft_waterford.py
[2021-12-15 09:29:14,740] {processor.py:637} INFO - DAG(s) dict_keys(['scraping_daft_waterford']) retrieved from /opt/airflow/dags/scraping_daft_waterford.py
[2021-12-15 09:29:14,755] {logging_mixin.py:109} INFO - [2021-12-15 09:29:14,755] {dag.py:2396} INFO - Sync 1 DAGs
[2021-12-15 09:29:14,787] {logging_mixin.py:109} INFO - [2021-12-15 09:29:14,786] {dag.py:2928} INFO - Setting next_dagrun for scraping_daft_waterford to 2021-12-14T11:15:00+00:00
[2021-12-15 09:29:14,801] {processor.py:171} INFO - Processing /opt/airflow/dags/scraping_daft_waterford.py took 0.144 seconds
[2021-12-15 09:29:45,413] {processor.py:163} INFO - Started process (PID=3196) to work on /opt/airflow/dags/scraping_daft_waterford.py
[2021-12-15 09:29:45,415] {processor.py:625} INFO - Processing file /opt/airflow/dags/scraping_daft_waterford.py for tasks to queue
[2021-12-15 09:29:45,417] {logging_mixin.py:109} INFO - [2021-12-15 09:29:45,417] {dagbag.py:500} INFO - Filling up the DagBag from /opt/airflow/dags/scraping_daft_waterford.py
[2021-12-15 09:29:45,491] {processor.py:637} INFO - DAG(s) dict_keys(['scraping_daft_waterford']) retrieved from /opt/airflow/dags/scraping_daft_waterford.py
[2021-12-15 09:29:45,507] {logging_mixin.py:109} INFO - [2021-12-15 09:29:45,507] {dag.py:2396} INFO - Sync 1 DAGs
[2021-12-15 09:29:45,543] {logging_mixin.py:109} INFO - [2021-12-15 09:29:45,543] {dag.py:2928} INFO - Setting next_dagrun for scraping_daft_waterford to 2021-12-14T11:15:00+00:00
[2021-12-15 09:29:45,562] {processor.py:171} INFO - Processing /opt/airflow/dags/scraping_daft_waterford.py took 0.153 seconds
[2021-12-15 09:30:16,075] {processor.py:163} INFO - Started process (PID=3244) to work on /opt/airflow/dags/scraping_daft_waterford.py
[2021-12-15 09:30:16,078] {processor.py:625} INFO - Processing file /opt/airflow/dags/scraping_daft_waterford.py for tasks to queue
[2021-12-15 09:30:16,080] {logging_mixin.py:109} INFO - [2021-12-15 09:30:16,080] {dagbag.py:500} INFO - Filling up the DagBag from /opt/airflow/dags/scraping_daft_waterford.py
[2021-12-15 09:30:16,183] {processor.py:637} INFO - DAG(s) dict_keys(['scraping_daft_waterford']) retrieved from /opt/airflow/dags/scraping_daft_waterford.py
[2021-12-15 09:30:16,199] {logging_mixin.py:109} INFO - [2021-12-15 09:30:16,199] {dag.py:2396} INFO - Sync 1 DAGs
[2021-12-15 09:30:16,242] {logging_mixin.py:109} INFO - [2021-12-15 09:30:16,242] {dag.py:2928} INFO - Setting next_dagrun for scraping_daft_waterford to 2021-12-14T11:15:00+00:00
[2021-12-15 09:30:16,259] {processor.py:171} INFO - Processing /opt/airflow/dags/scraping_daft_waterford.py took 0.190 seconds
[2021-12-15 09:30:46,857] {processor.py:163} INFO - Started process (PID=3301) to work on /opt/airflow/dags/scraping_daft_waterford.py
[2021-12-15 09:30:46,862] {processor.py:625} INFO - Processing file /opt/airflow/dags/scraping_daft_waterford.py for tasks to queue
[2021-12-15 09:30:46,863] {logging_mixin.py:109} INFO - [2021-12-15 09:30:46,863] {dagbag.py:500} INFO - Filling up the DagBag from /opt/airflow/dags/scraping_daft_waterford.py
[2021-12-15 09:30:46,947] {processor.py:637} INFO - DAG(s) dict_keys(['scraping_daft_waterford']) retrieved from /opt/airflow/dags/scraping_daft_waterford.py
[2021-12-15 09:30:46,962] {logging_mixin.py:109} INFO - [2021-12-15 09:30:46,962] {dag.py:2396} INFO - Sync 1 DAGs
[2021-12-15 09:30:46,993] {logging_mixin.py:109} INFO - [2021-12-15 09:30:46,993] {dag.py:2928} INFO - Setting next_dagrun for scraping_daft_waterford to 2021-12-14T11:15:00+00:00
[2021-12-15 09:30:47,007] {processor.py:171} INFO - Processing /opt/airflow/dags/scraping_daft_waterford.py took 0.157 seconds
[2021-12-15 09:31:17,763] {processor.py:163} INFO - Started process (PID=3348) to work on /opt/airflow/dags/scraping_daft_waterford.py
[2021-12-15 09:31:17,765] {processor.py:625} INFO - Processing file /opt/airflow/dags/scraping_daft_waterford.py for tasks to queue
[2021-12-15 09:31:17,766] {logging_mixin.py:109} INFO - [2021-12-15 09:31:17,766] {dagbag.py:500} INFO - Filling up the DagBag from /opt/airflow/dags/scraping_daft_waterford.py
[2021-12-15 09:31:17,840] {processor.py:637} INFO - DAG(s) dict_keys(['scraping_daft_waterford']) retrieved from /opt/airflow/dags/scraping_daft_waterford.py
[2021-12-15 09:31:17,856] {logging_mixin.py:109} INFO - [2021-12-15 09:31:17,856] {dag.py:2396} INFO - Sync 1 DAGs
[2021-12-15 09:31:17,894] {logging_mixin.py:109} INFO - [2021-12-15 09:31:17,894] {dag.py:2928} INFO - Setting next_dagrun for scraping_daft_waterford to 2021-12-14T11:15:00+00:00
[2021-12-15 09:31:17,911] {processor.py:171} INFO - Processing /opt/airflow/dags/scraping_daft_waterford.py took 0.152 seconds
[2021-12-15 09:31:48,453] {processor.py:163} INFO - Started process (PID=3406) to work on /opt/airflow/dags/scraping_daft_waterford.py
[2021-12-15 09:31:48,456] {processor.py:625} INFO - Processing file /opt/airflow/dags/scraping_daft_waterford.py for tasks to queue
[2021-12-15 09:31:48,458] {logging_mixin.py:109} INFO - [2021-12-15 09:31:48,458] {dagbag.py:500} INFO - Filling up the DagBag from /opt/airflow/dags/scraping_daft_waterford.py
[2021-12-15 09:31:48,541] {processor.py:637} INFO - DAG(s) dict_keys(['scraping_daft_waterford']) retrieved from /opt/airflow/dags/scraping_daft_waterford.py
[2021-12-15 09:31:48,555] {logging_mixin.py:109} INFO - [2021-12-15 09:31:48,555] {dag.py:2396} INFO - Sync 1 DAGs
[2021-12-15 09:31:48,586] {logging_mixin.py:109} INFO - [2021-12-15 09:31:48,586] {dag.py:2928} INFO - Setting next_dagrun for scraping_daft_waterford to 2021-12-14T11:15:00+00:00
[2021-12-15 09:31:48,600] {processor.py:171} INFO - Processing /opt/airflow/dags/scraping_daft_waterford.py took 0.152 seconds
[2021-12-15 09:32:19,204] {processor.py:163} INFO - Started process (PID=3454) to work on /opt/airflow/dags/scraping_daft_waterford.py
[2021-12-15 09:32:19,207] {processor.py:625} INFO - Processing file /opt/airflow/dags/scraping_daft_waterford.py for tasks to queue
[2021-12-15 09:32:19,208] {logging_mixin.py:109} INFO - [2021-12-15 09:32:19,208] {dagbag.py:500} INFO - Filling up the DagBag from /opt/airflow/dags/scraping_daft_waterford.py
[2021-12-15 09:32:19,296] {processor.py:637} INFO - DAG(s) dict_keys(['scraping_daft_waterford']) retrieved from /opt/airflow/dags/scraping_daft_waterford.py
[2021-12-15 09:32:19,315] {logging_mixin.py:109} INFO - [2021-12-15 09:32:19,315] {dag.py:2396} INFO - Sync 1 DAGs
[2021-12-15 09:32:19,352] {logging_mixin.py:109} INFO - [2021-12-15 09:32:19,352] {dag.py:2928} INFO - Setting next_dagrun for scraping_daft_waterford to 2021-12-14T11:15:00+00:00
[2021-12-15 09:32:19,370] {processor.py:171} INFO - Processing /opt/airflow/dags/scraping_daft_waterford.py took 0.170 seconds
[2021-12-15 09:32:50,146] {processor.py:163} INFO - Started process (PID=3513) to work on /opt/airflow/dags/scraping_daft_waterford.py
[2021-12-15 09:32:50,149] {processor.py:625} INFO - Processing file /opt/airflow/dags/scraping_daft_waterford.py for tasks to queue
[2021-12-15 09:32:50,151] {logging_mixin.py:109} INFO - [2021-12-15 09:32:50,151] {dagbag.py:500} INFO - Filling up the DagBag from /opt/airflow/dags/scraping_daft_waterford.py
[2021-12-15 09:32:50,226] {processor.py:637} INFO - DAG(s) dict_keys(['scraping_daft_waterford']) retrieved from /opt/airflow/dags/scraping_daft_waterford.py
[2021-12-15 09:32:50,246] {logging_mixin.py:109} INFO - [2021-12-15 09:32:50,246] {dag.py:2396} INFO - Sync 1 DAGs
[2021-12-15 09:32:50,277] {logging_mixin.py:109} INFO - [2021-12-15 09:32:50,277] {dag.py:2928} INFO - Setting next_dagrun for scraping_daft_waterford to 2021-12-14T11:15:00+00:00
[2021-12-15 09:32:50,294] {processor.py:171} INFO - Processing /opt/airflow/dags/scraping_daft_waterford.py took 0.152 seconds
[2021-12-15 09:33:20,672] {processor.py:163} INFO - Started process (PID=3560) to work on /opt/airflow/dags/scraping_daft_waterford.py
[2021-12-15 09:33:20,674] {processor.py:625} INFO - Processing file /opt/airflow/dags/scraping_daft_waterford.py for tasks to queue
[2021-12-15 09:33:20,676] {logging_mixin.py:109} INFO - [2021-12-15 09:33:20,676] {dagbag.py:500} INFO - Filling up the DagBag from /opt/airflow/dags/scraping_daft_waterford.py
[2021-12-15 09:33:20,756] {processor.py:637} INFO - DAG(s) dict_keys(['scraping_daft_waterford']) retrieved from /opt/airflow/dags/scraping_daft_waterford.py
[2021-12-15 09:33:20,772] {logging_mixin.py:109} INFO - [2021-12-15 09:33:20,772] {dag.py:2396} INFO - Sync 1 DAGs
[2021-12-15 09:33:20,808] {logging_mixin.py:109} INFO - [2021-12-15 09:33:20,808] {dag.py:2928} INFO - Setting next_dagrun for scraping_daft_waterford to 2021-12-14T11:15:00+00:00
[2021-12-15 09:33:20,824] {processor.py:171} INFO - Processing /opt/airflow/dags/scraping_daft_waterford.py took 0.157 seconds
[2021-12-15 09:33:51,757] {processor.py:163} INFO - Started process (PID=3617) to work on /opt/airflow/dags/scraping_daft_waterford.py
[2021-12-15 09:33:51,760] {processor.py:625} INFO - Processing file /opt/airflow/dags/scraping_daft_waterford.py for tasks to queue
[2021-12-15 09:33:51,762] {logging_mixin.py:109} INFO - [2021-12-15 09:33:51,762] {dagbag.py:500} INFO - Filling up the DagBag from /opt/airflow/dags/scraping_daft_waterford.py
[2021-12-15 09:33:51,843] {processor.py:637} INFO - DAG(s) dict_keys(['scraping_daft_waterford']) retrieved from /opt/airflow/dags/scraping_daft_waterford.py
[2021-12-15 09:33:51,858] {logging_mixin.py:109} INFO - [2021-12-15 09:33:51,857] {dag.py:2396} INFO - Sync 1 DAGs
[2021-12-15 09:33:51,888] {logging_mixin.py:109} INFO - [2021-12-15 09:33:51,888] {dag.py:2928} INFO - Setting next_dagrun for scraping_daft_waterford to 2021-12-14T11:15:00+00:00
[2021-12-15 09:33:51,902] {processor.py:171} INFO - Processing /opt/airflow/dags/scraping_daft_waterford.py took 0.149 seconds
[2021-12-15 09:34:22,522] {processor.py:163} INFO - Started process (PID=3665) to work on /opt/airflow/dags/scraping_daft_waterford.py
[2021-12-15 09:34:22,525] {processor.py:625} INFO - Processing file /opt/airflow/dags/scraping_daft_waterford.py for tasks to queue
[2021-12-15 09:34:22,526] {logging_mixin.py:109} INFO - [2021-12-15 09:34:22,526] {dagbag.py:500} INFO - Filling up the DagBag from /opt/airflow/dags/scraping_daft_waterford.py
[2021-12-15 09:34:22,606] {processor.py:637} INFO - DAG(s) dict_keys(['scraping_daft_waterford']) retrieved from /opt/airflow/dags/scraping_daft_waterford.py
[2021-12-15 09:34:22,621] {logging_mixin.py:109} INFO - [2021-12-15 09:34:22,621] {dag.py:2396} INFO - Sync 1 DAGs
[2021-12-15 09:34:22,653] {logging_mixin.py:109} INFO - [2021-12-15 09:34:22,653] {dag.py:2928} INFO - Setting next_dagrun for scraping_daft_waterford to 2021-12-14T11:15:00+00:00
[2021-12-15 09:34:22,667] {processor.py:171} INFO - Processing /opt/airflow/dags/scraping_daft_waterford.py took 0.149 seconds
[2021-12-15 09:34:53,299] {processor.py:163} INFO - Started process (PID=3723) to work on /opt/airflow/dags/scraping_daft_waterford.py
[2021-12-15 09:34:53,303] {processor.py:625} INFO - Processing file /opt/airflow/dags/scraping_daft_waterford.py for tasks to queue
[2021-12-15 09:34:53,304] {logging_mixin.py:109} INFO - [2021-12-15 09:34:53,304] {dagbag.py:500} INFO - Filling up the DagBag from /opt/airflow/dags/scraping_daft_waterford.py
[2021-12-15 09:34:53,390] {processor.py:637} INFO - DAG(s) dict_keys(['scraping_daft_waterford']) retrieved from /opt/airflow/dags/scraping_daft_waterford.py
[2021-12-15 09:34:53,410] {logging_mixin.py:109} INFO - [2021-12-15 09:34:53,410] {dag.py:2396} INFO - Sync 1 DAGs
[2021-12-15 09:34:53,454] {logging_mixin.py:109} INFO - [2021-12-15 09:34:53,454] {dag.py:2928} INFO - Setting next_dagrun for scraping_daft_waterford to 2021-12-14T11:15:00+00:00
[2021-12-15 09:34:53,478] {processor.py:171} INFO - Processing /opt/airflow/dags/scraping_daft_waterford.py took 0.184 seconds
[2021-12-15 09:35:24,216] {processor.py:163} INFO - Started process (PID=3772) to work on /opt/airflow/dags/scraping_daft_waterford.py
[2021-12-15 09:35:24,218] {processor.py:625} INFO - Processing file /opt/airflow/dags/scraping_daft_waterford.py for tasks to queue
[2021-12-15 09:35:24,220] {logging_mixin.py:109} INFO - [2021-12-15 09:35:24,219] {dagbag.py:500} INFO - Filling up the DagBag from /opt/airflow/dags/scraping_daft_waterford.py
[2021-12-15 09:35:24,300] {processor.py:637} INFO - DAG(s) dict_keys(['scraping_daft_waterford']) retrieved from /opt/airflow/dags/scraping_daft_waterford.py
[2021-12-15 09:35:24,315] {logging_mixin.py:109} INFO - [2021-12-15 09:35:24,315] {dag.py:2396} INFO - Sync 1 DAGs
[2021-12-15 09:35:24,355] {logging_mixin.py:109} INFO - [2021-12-15 09:35:24,355] {dag.py:2928} INFO - Setting next_dagrun for scraping_daft_waterford to 2021-12-14T11:15:00+00:00
[2021-12-15 09:35:24,373] {processor.py:171} INFO - Processing /opt/airflow/dags/scraping_daft_waterford.py took 0.161 seconds
[2021-12-15 09:35:54,894] {processor.py:163} INFO - Started process (PID=3828) to work on /opt/airflow/dags/scraping_daft_waterford.py
[2021-12-15 09:35:54,897] {processor.py:625} INFO - Processing file /opt/airflow/dags/scraping_daft_waterford.py for tasks to queue
[2021-12-15 09:35:54,899] {logging_mixin.py:109} INFO - [2021-12-15 09:35:54,899] {dagbag.py:500} INFO - Filling up the DagBag from /opt/airflow/dags/scraping_daft_waterford.py
[2021-12-15 09:35:54,975] {processor.py:637} INFO - DAG(s) dict_keys(['scraping_daft_waterford']) retrieved from /opt/airflow/dags/scraping_daft_waterford.py
[2021-12-15 09:35:54,995] {logging_mixin.py:109} INFO - [2021-12-15 09:35:54,995] {dag.py:2396} INFO - Sync 1 DAGs
[2021-12-15 09:35:55,040] {logging_mixin.py:109} INFO - [2021-12-15 09:35:55,039] {dag.py:2928} INFO - Setting next_dagrun for scraping_daft_waterford to 2021-12-14T11:15:00+00:00
[2021-12-15 09:35:55,061] {processor.py:171} INFO - Processing /opt/airflow/dags/scraping_daft_waterford.py took 0.172 seconds
[2021-12-15 09:36:25,678] {processor.py:163} INFO - Started process (PID=3875) to work on /opt/airflow/dags/scraping_daft_waterford.py
[2021-12-15 09:36:25,682] {processor.py:625} INFO - Processing file /opt/airflow/dags/scraping_daft_waterford.py for tasks to queue
[2021-12-15 09:36:25,684] {logging_mixin.py:109} INFO - [2021-12-15 09:36:25,683] {dagbag.py:500} INFO - Filling up the DagBag from /opt/airflow/dags/scraping_daft_waterford.py
[2021-12-15 09:36:25,808] {processor.py:637} INFO - DAG(s) dict_keys(['scraping_daft_waterford']) retrieved from /opt/airflow/dags/scraping_daft_waterford.py
[2021-12-15 09:36:25,833] {logging_mixin.py:109} INFO - [2021-12-15 09:36:25,832] {dag.py:2396} INFO - Sync 1 DAGs
[2021-12-15 09:36:25,882] {logging_mixin.py:109} INFO - [2021-12-15 09:36:25,882] {dag.py:2928} INFO - Setting next_dagrun for scraping_daft_waterford to 2021-12-14T11:15:00+00:00
[2021-12-15 09:36:25,904] {processor.py:171} INFO - Processing /opt/airflow/dags/scraping_daft_waterford.py took 0.233 seconds
[2021-12-15 09:36:56,564] {processor.py:163} INFO - Started process (PID=3932) to work on /opt/airflow/dags/scraping_daft_waterford.py
[2021-12-15 09:36:56,567] {processor.py:625} INFO - Processing file /opt/airflow/dags/scraping_daft_waterford.py for tasks to queue
[2021-12-15 09:36:56,569] {logging_mixin.py:109} INFO - [2021-12-15 09:36:56,569] {dagbag.py:500} INFO - Filling up the DagBag from /opt/airflow/dags/scraping_daft_waterford.py
[2021-12-15 09:36:56,667] {processor.py:637} INFO - DAG(s) dict_keys(['scraping_daft_waterford']) retrieved from /opt/airflow/dags/scraping_daft_waterford.py
[2021-12-15 09:36:56,690] {logging_mixin.py:109} INFO - [2021-12-15 09:36:56,690] {dag.py:2396} INFO - Sync 1 DAGs
[2021-12-15 09:36:56,726] {logging_mixin.py:109} INFO - [2021-12-15 09:36:56,726] {dag.py:2928} INFO - Setting next_dagrun for scraping_daft_waterford to 2021-12-14T11:15:00+00:00
[2021-12-15 09:36:56,743] {processor.py:171} INFO - Processing /opt/airflow/dags/scraping_daft_waterford.py took 0.184 seconds
[2021-12-15 09:37:26,817] {processor.py:163} INFO - Started process (PID=3978) to work on /opt/airflow/dags/scraping_daft_waterford.py
[2021-12-15 09:37:26,819] {processor.py:625} INFO - Processing file /opt/airflow/dags/scraping_daft_waterford.py for tasks to queue
[2021-12-15 09:37:26,821] {logging_mixin.py:109} INFO - [2021-12-15 09:37:26,821] {dagbag.py:500} INFO - Filling up the DagBag from /opt/airflow/dags/scraping_daft_waterford.py
[2021-12-15 09:37:26,898] {processor.py:637} INFO - DAG(s) dict_keys(['scraping_daft_waterford']) retrieved from /opt/airflow/dags/scraping_daft_waterford.py
[2021-12-15 09:37:26,913] {logging_mixin.py:109} INFO - [2021-12-15 09:37:26,913] {dag.py:2396} INFO - Sync 1 DAGs
[2021-12-15 09:37:26,948] {logging_mixin.py:109} INFO - [2021-12-15 09:37:26,948] {dag.py:2928} INFO - Setting next_dagrun for scraping_daft_waterford to 2021-12-14T11:15:00+00:00
[2021-12-15 09:37:26,963] {processor.py:171} INFO - Processing /opt/airflow/dags/scraping_daft_waterford.py took 0.151 seconds
[2021-12-15 09:37:57,768] {processor.py:163} INFO - Started process (PID=4036) to work on /opt/airflow/dags/scraping_daft_waterford.py
[2021-12-15 09:37:57,771] {processor.py:625} INFO - Processing file /opt/airflow/dags/scraping_daft_waterford.py for tasks to queue
[2021-12-15 09:37:57,773] {logging_mixin.py:109} INFO - [2021-12-15 09:37:57,773] {dagbag.py:500} INFO - Filling up the DagBag from /opt/airflow/dags/scraping_daft_waterford.py
[2021-12-15 09:37:57,852] {processor.py:637} INFO - DAG(s) dict_keys(['scraping_daft_waterford']) retrieved from /opt/airflow/dags/scraping_daft_waterford.py
[2021-12-15 09:37:57,868] {logging_mixin.py:109} INFO - [2021-12-15 09:37:57,868] {dag.py:2396} INFO - Sync 1 DAGs
[2021-12-15 09:37:57,901] {logging_mixin.py:109} INFO - [2021-12-15 09:37:57,900] {dag.py:2928} INFO - Setting next_dagrun for scraping_daft_waterford to 2021-12-14T11:15:00+00:00
[2021-12-15 09:37:57,916] {processor.py:171} INFO - Processing /opt/airflow/dags/scraping_daft_waterford.py took 0.152 seconds
[2021-12-15 09:38:27,999] {processor.py:163} INFO - Started process (PID=4084) to work on /opt/airflow/dags/scraping_daft_waterford.py
[2021-12-15 09:38:28,002] {processor.py:625} INFO - Processing file /opt/airflow/dags/scraping_daft_waterford.py for tasks to queue
[2021-12-15 09:38:28,003] {logging_mixin.py:109} INFO - [2021-12-15 09:38:28,003] {dagbag.py:500} INFO - Filling up the DagBag from /opt/airflow/dags/scraping_daft_waterford.py
[2021-12-15 09:38:28,078] {processor.py:637} INFO - DAG(s) dict_keys(['scraping_daft_waterford']) retrieved from /opt/airflow/dags/scraping_daft_waterford.py
[2021-12-15 09:38:28,094] {logging_mixin.py:109} INFO - [2021-12-15 09:38:28,094] {dag.py:2396} INFO - Sync 1 DAGs
[2021-12-15 09:38:28,126] {logging_mixin.py:109} INFO - [2021-12-15 09:38:28,126] {dag.py:2928} INFO - Setting next_dagrun for scraping_daft_waterford to 2021-12-14T11:15:00+00:00
[2021-12-15 09:38:28,142] {processor.py:171} INFO - Processing /opt/airflow/dags/scraping_daft_waterford.py took 0.147 seconds
[2021-12-15 09:40:22,628] {processor.py:163} INFO - Started process (PID=4144) to work on /opt/airflow/dags/scraping_daft_waterford.py
[2021-12-15 09:40:22,647] {processor.py:625} INFO - Processing file /opt/airflow/dags/scraping_daft_waterford.py for tasks to queue
[2021-12-15 09:40:22,660] {logging_mixin.py:109} INFO - [2021-12-15 09:40:22,658] {dagbag.py:500} INFO - Filling up the DagBag from /opt/airflow/dags/scraping_daft_waterford.py
[2021-12-15 09:40:23,234] {processor.py:637} INFO - DAG(s) dict_keys(['scraping_daft_waterford']) retrieved from /opt/airflow/dags/scraping_daft_waterford.py
[2021-12-15 09:40:23,334] {logging_mixin.py:109} INFO - [2021-12-15 09:40:23,333] {dag.py:2396} INFO - Sync 1 DAGs
[2021-12-15 09:40:23,533] {logging_mixin.py:109} INFO - [2021-12-15 09:40:23,533] {dag.py:2928} INFO - Setting next_dagrun for scraping_daft_waterford to 2021-12-14T11:15:00+00:00
[2021-12-15 09:40:23,650] {processor.py:171} INFO - Processing /opt/airflow/dags/scraping_daft_waterford.py took 1.063 seconds
[2021-12-15 09:40:37,527] {processor.py:163} INFO - Started process (PID=4154) to work on /opt/airflow/dags/scraping_daft_waterford.py
[2021-12-15 09:40:37,545] {processor.py:625} INFO - Processing file /opt/airflow/dags/scraping_daft_waterford.py for tasks to queue
[2021-12-15 09:40:37,571] {logging_mixin.py:109} INFO - [2021-12-15 09:40:37,570] {dagbag.py:500} INFO - Filling up the DagBag from /opt/airflow/dags/scraping_daft_waterford.py
[2021-12-15 09:40:38,491] {processor.py:637} INFO - DAG(s) dict_keys(['scraping_daft_waterford']) retrieved from /opt/airflow/dags/scraping_daft_waterford.py
[2021-12-15 09:40:38,655] {logging_mixin.py:109} INFO - [2021-12-15 09:40:38,655] {dag.py:2396} INFO - Sync 1 DAGs
[2021-12-15 09:40:39,069] {logging_mixin.py:109} INFO - [2021-12-15 09:40:39,068] {dag.py:2928} INFO - Setting next_dagrun for scraping_daft_waterford to 2021-12-14T11:15:00+00:00
[2021-12-15 09:40:39,250] {processor.py:171} INFO - Processing /opt/airflow/dags/scraping_daft_waterford.py took 1.753 seconds
[2021-12-15 09:41:09,463] {processor.py:163} INFO - Started process (PID=4204) to work on /opt/airflow/dags/scraping_daft_waterford.py
[2021-12-15 09:41:09,467] {processor.py:625} INFO - Processing file /opt/airflow/dags/scraping_daft_waterford.py for tasks to queue
[2021-12-15 09:41:09,469] {logging_mixin.py:109} INFO - [2021-12-15 09:41:09,469] {dagbag.py:500} INFO - Filling up the DagBag from /opt/airflow/dags/scraping_daft_waterford.py
[2021-12-15 09:41:09,605] {processor.py:637} INFO - DAG(s) dict_keys(['scraping_daft_waterford']) retrieved from /opt/airflow/dags/scraping_daft_waterford.py
[2021-12-15 09:41:09,639] {logging_mixin.py:109} INFO - [2021-12-15 09:41:09,639] {dag.py:2396} INFO - Sync 1 DAGs
[2021-12-15 09:41:09,698] {logging_mixin.py:109} INFO - [2021-12-15 09:41:09,697] {dag.py:2928} INFO - Setting next_dagrun for scraping_daft_waterford to 2021-12-14T11:15:00+00:00
[2021-12-15 09:41:09,738] {processor.py:171} INFO - Processing /opt/airflow/dags/scraping_daft_waterford.py took 0.282 seconds
[2021-12-15 09:46:59,623] {processor.py:163} INFO - Started process (PID=4235) to work on /opt/airflow/dags/scraping_daft_waterford.py
[2021-12-15 09:46:59,627] {processor.py:625} INFO - Processing file /opt/airflow/dags/scraping_daft_waterford.py for tasks to queue
[2021-12-15 09:46:59,631] {logging_mixin.py:109} INFO - [2021-12-15 09:46:59,630] {dagbag.py:500} INFO - Filling up the DagBag from /opt/airflow/dags/scraping_daft_waterford.py
[2021-12-15 09:46:59,736] {processor.py:637} INFO - DAG(s) dict_keys(['scraping_daft_waterford']) retrieved from /opt/airflow/dags/scraping_daft_waterford.py
[2021-12-15 09:46:59,781] {logging_mixin.py:109} INFO - [2021-12-15 09:46:59,780] {dag.py:2396} INFO - Sync 1 DAGs
[2021-12-15 09:46:59,856] {logging_mixin.py:109} INFO - [2021-12-15 09:46:59,856] {dag.py:2928} INFO - Setting next_dagrun for scraping_daft_waterford to 2021-12-14T11:15:00+00:00
[2021-12-15 09:46:59,879] {processor.py:171} INFO - Processing /opt/airflow/dags/scraping_daft_waterford.py took 0.262 seconds
[2021-12-15 09:47:30,345] {processor.py:163} INFO - Started process (PID=4293) to work on /opt/airflow/dags/scraping_daft_waterford.py
[2021-12-15 09:47:30,349] {processor.py:625} INFO - Processing file /opt/airflow/dags/scraping_daft_waterford.py for tasks to queue
[2021-12-15 09:47:30,350] {logging_mixin.py:109} INFO - [2021-12-15 09:47:30,350] {dagbag.py:500} INFO - Filling up the DagBag from /opt/airflow/dags/scraping_daft_waterford.py
[2021-12-15 09:47:30,442] {processor.py:637} INFO - DAG(s) dict_keys(['scraping_daft_waterford']) retrieved from /opt/airflow/dags/scraping_daft_waterford.py
[2021-12-15 09:47:30,460] {logging_mixin.py:109} INFO - [2021-12-15 09:47:30,459] {dag.py:2396} INFO - Sync 1 DAGs
[2021-12-15 09:47:30,493] {logging_mixin.py:109} INFO - [2021-12-15 09:47:30,493] {dag.py:2928} INFO - Setting next_dagrun for scraping_daft_waterford to 2021-12-14T11:15:00+00:00
[2021-12-15 09:47:30,513] {processor.py:171} INFO - Processing /opt/airflow/dags/scraping_daft_waterford.py took 0.173 seconds
[2021-12-15 09:47:50,035] {processor.py:163} INFO - Started process (PID=4328) to work on /opt/airflow/dags/scraping_daft_waterford.py
[2021-12-15 09:47:50,038] {processor.py:625} INFO - Processing file /opt/airflow/dags/scraping_daft_waterford.py for tasks to queue
[2021-12-15 09:47:50,040] {logging_mixin.py:109} INFO - [2021-12-15 09:47:50,039] {dagbag.py:500} INFO - Filling up the DagBag from /opt/airflow/dags/scraping_daft_waterford.py
[2021-12-15 09:47:50,127] {processor.py:637} INFO - DAG(s) dict_keys(['scraping_daft_waterford']) retrieved from /opt/airflow/dags/scraping_daft_waterford.py
[2021-12-15 09:47:50,399] {logging_mixin.py:109} INFO - [2021-12-15 09:47:50,399] {dag.py:2396} INFO - Sync 1 DAGs
[2021-12-15 09:47:50,431] {logging_mixin.py:109} INFO - [2021-12-15 09:47:50,431] {dag.py:2928} INFO - Setting next_dagrun for scraping_daft_waterford to 2021-12-14T11:15:00+00:00
[2021-12-15 09:47:50,451] {processor.py:171} INFO - Processing /opt/airflow/dags/scraping_daft_waterford.py took 0.419 seconds
