[2021-12-15 08:51:22,340] {processor.py:163} INFO - Started process (PID=65) to work on /opt/airflow/dags/scraping_daft_wexford.py
[2021-12-15 08:51:22,345] {processor.py:625} INFO - Processing file /opt/airflow/dags/scraping_daft_wexford.py for tasks to queue
[2021-12-15 08:51:22,347] {logging_mixin.py:109} INFO - [2021-12-15 08:51:22,347] {dagbag.py:500} INFO - Filling up the DagBag from /opt/airflow/dags/scraping_daft_wexford.py
[2021-12-15 08:51:22,652] {processor.py:637} INFO - DAG(s) dict_keys(['scraping_daft_wexford']) retrieved from /opt/airflow/dags/scraping_daft_wexford.py
[2021-12-15 08:51:22,742] {logging_mixin.py:109} INFO - [2021-12-15 08:51:22,742] {dag.py:2396} INFO - Sync 1 DAGs
[2021-12-15 08:51:22,819] {logging_mixin.py:109} INFO - [2021-12-15 08:51:22,819] {dag.py:2928} INFO - Setting next_dagrun for scraping_daft_wexford to 2021-12-14T06:15:00+00:00
[2021-12-15 08:51:22,846] {processor.py:171} INFO - Processing /opt/airflow/dags/scraping_daft_wexford.py took 0.513 seconds
[2021-12-15 08:51:53,301] {processor.py:163} INFO - Started process (PID=139) to work on /opt/airflow/dags/scraping_daft_wexford.py
[2021-12-15 08:51:53,308] {processor.py:625} INFO - Processing file /opt/airflow/dags/scraping_daft_wexford.py for tasks to queue
[2021-12-15 08:51:53,319] {logging_mixin.py:109} INFO - [2021-12-15 08:51:53,318] {dagbag.py:500} INFO - Filling up the DagBag from /opt/airflow/dags/scraping_daft_wexford.py
[2021-12-15 08:51:53,562] {processor.py:637} INFO - DAG(s) dict_keys(['scraping_daft_wexford']) retrieved from /opt/airflow/dags/scraping_daft_wexford.py
[2021-12-15 08:51:53,613] {logging_mixin.py:109} INFO - [2021-12-15 08:51:53,612] {dag.py:2396} INFO - Sync 1 DAGs
[2021-12-15 08:51:53,708] {logging_mixin.py:109} INFO - [2021-12-15 08:51:53,708] {dag.py:2928} INFO - Setting next_dagrun for scraping_daft_wexford to 2021-12-14T11:25:00+00:00
[2021-12-15 08:51:53,738] {processor.py:171} INFO - Processing /opt/airflow/dags/scraping_daft_wexford.py took 0.444 seconds
[2021-12-15 08:52:24,216] {processor.py:163} INFO - Started process (PID=185) to work on /opt/airflow/dags/scraping_daft_wexford.py
[2021-12-15 08:52:24,225] {processor.py:625} INFO - Processing file /opt/airflow/dags/scraping_daft_wexford.py for tasks to queue
[2021-12-15 08:52:24,236] {logging_mixin.py:109} INFO - [2021-12-15 08:52:24,236] {dagbag.py:500} INFO - Filling up the DagBag from /opt/airflow/dags/scraping_daft_wexford.py
[2021-12-15 08:52:24,452] {processor.py:637} INFO - DAG(s) dict_keys(['scraping_daft_wexford']) retrieved from /opt/airflow/dags/scraping_daft_wexford.py
[2021-12-15 08:52:24,504] {logging_mixin.py:109} INFO - [2021-12-15 08:52:24,504] {dag.py:2396} INFO - Sync 1 DAGs
[2021-12-15 08:52:24,622] {logging_mixin.py:109} INFO - [2021-12-15 08:52:24,622] {dag.py:2928} INFO - Setting next_dagrun for scraping_daft_wexford to 2021-12-14T11:25:00+00:00
[2021-12-15 08:52:24,669] {processor.py:171} INFO - Processing /opt/airflow/dags/scraping_daft_wexford.py took 0.471 seconds
[2021-12-15 08:52:54,895] {processor.py:163} INFO - Started process (PID=224) to work on /opt/airflow/dags/scraping_daft_wexford.py
[2021-12-15 08:52:54,899] {processor.py:625} INFO - Processing file /opt/airflow/dags/scraping_daft_wexford.py for tasks to queue
[2021-12-15 08:52:54,903] {logging_mixin.py:109} INFO - [2021-12-15 08:52:54,903] {dagbag.py:500} INFO - Filling up the DagBag from /opt/airflow/dags/scraping_daft_wexford.py
[2021-12-15 08:52:55,435] {processor.py:637} INFO - DAG(s) dict_keys(['scraping_daft_wexford']) retrieved from /opt/airflow/dags/scraping_daft_wexford.py
[2021-12-15 08:52:55,497] {logging_mixin.py:109} INFO - [2021-12-15 08:52:55,497] {dag.py:2396} INFO - Sync 1 DAGs
[2021-12-15 08:52:55,636] {logging_mixin.py:109} INFO - [2021-12-15 08:52:55,636] {dag.py:2928} INFO - Setting next_dagrun for scraping_daft_wexford to 2021-12-14T11:25:00+00:00
[2021-12-15 08:52:55,704] {processor.py:171} INFO - Processing /opt/airflow/dags/scraping_daft_wexford.py took 0.822 seconds
[2021-12-15 08:54:14,296] {processor.py:163} INFO - Started process (PID=283) to work on /opt/airflow/dags/scraping_daft_wexford.py
[2021-12-15 08:54:14,313] {processor.py:625} INFO - Processing file /opt/airflow/dags/scraping_daft_wexford.py for tasks to queue
[2021-12-15 08:54:14,324] {logging_mixin.py:109} INFO - [2021-12-15 08:54:14,323] {dagbag.py:500} INFO - Filling up the DagBag from /opt/airflow/dags/scraping_daft_wexford.py
[2021-12-15 08:54:14,851] {processor.py:637} INFO - DAG(s) dict_keys(['scraping_daft_wexford']) retrieved from /opt/airflow/dags/scraping_daft_wexford.py
[2021-12-15 08:54:14,977] {logging_mixin.py:109} INFO - [2021-12-15 08:54:14,977] {dag.py:2396} INFO - Sync 1 DAGs
[2021-12-15 08:54:15,129] {logging_mixin.py:109} INFO - [2021-12-15 08:54:15,129] {dag.py:2928} INFO - Setting next_dagrun for scraping_daft_wexford to 2021-12-14T11:25:00+00:00
[2021-12-15 08:54:15,201] {processor.py:171} INFO - Processing /opt/airflow/dags/scraping_daft_wexford.py took 0.911 seconds
[2021-12-15 08:54:57,616] {processor.py:163} INFO - Started process (PID=329) to work on /opt/airflow/dags/scraping_daft_wexford.py
[2021-12-15 08:54:57,632] {processor.py:625} INFO - Processing file /opt/airflow/dags/scraping_daft_wexford.py for tasks to queue
[2021-12-15 08:54:57,645] {logging_mixin.py:109} INFO - [2021-12-15 08:54:57,644] {dagbag.py:500} INFO - Filling up the DagBag from /opt/airflow/dags/scraping_daft_wexford.py
[2021-12-15 08:54:58,349] {processor.py:637} INFO - DAG(s) dict_keys(['scraping_daft_wexford']) retrieved from /opt/airflow/dags/scraping_daft_wexford.py
[2021-12-15 08:54:58,451] {logging_mixin.py:109} INFO - [2021-12-15 08:54:58,451] {dag.py:2396} INFO - Sync 1 DAGs
[2021-12-15 08:54:58,562] {logging_mixin.py:109} INFO - [2021-12-15 08:54:58,562] {dag.py:2928} INFO - Setting next_dagrun for scraping_daft_wexford to 2021-12-14T11:25:00+00:00
[2021-12-15 08:54:58,608] {processor.py:171} INFO - Processing /opt/airflow/dags/scraping_daft_wexford.py took 1.005 seconds
[2021-12-15 08:55:33,146] {processor.py:163} INFO - Started process (PID=355) to work on /opt/airflow/dags/scraping_daft_wexford.py
[2021-12-15 08:55:33,161] {processor.py:625} INFO - Processing file /opt/airflow/dags/scraping_daft_wexford.py for tasks to queue
[2021-12-15 08:55:33,166] {logging_mixin.py:109} INFO - [2021-12-15 08:55:33,166] {dagbag.py:500} INFO - Filling up the DagBag from /opt/airflow/dags/scraping_daft_wexford.py
[2021-12-15 08:55:33,806] {processor.py:637} INFO - DAG(s) dict_keys(['scraping_daft_wexford']) retrieved from /opt/airflow/dags/scraping_daft_wexford.py
[2021-12-15 08:55:33,972] {logging_mixin.py:109} INFO - [2021-12-15 08:55:33,971] {dag.py:2396} INFO - Sync 1 DAGs
[2021-12-15 08:55:34,168] {logging_mixin.py:109} INFO - [2021-12-15 08:55:34,167] {dag.py:2928} INFO - Setting next_dagrun for scraping_daft_wexford to 2021-12-14T11:25:00+00:00
[2021-12-15 08:55:34,230] {processor.py:171} INFO - Processing /opt/airflow/dags/scraping_daft_wexford.py took 1.121 seconds
[2021-12-15 08:56:05,482] {processor.py:163} INFO - Started process (PID=403) to work on /opt/airflow/dags/scraping_daft_wexford.py
[2021-12-15 08:56:05,487] {processor.py:625} INFO - Processing file /opt/airflow/dags/scraping_daft_wexford.py for tasks to queue
[2021-12-15 08:56:05,491] {logging_mixin.py:109} INFO - [2021-12-15 08:56:05,491] {dagbag.py:500} INFO - Filling up the DagBag from /opt/airflow/dags/scraping_daft_wexford.py
[2021-12-15 08:56:05,747] {processor.py:637} INFO - DAG(s) dict_keys(['scraping_daft_wexford']) retrieved from /opt/airflow/dags/scraping_daft_wexford.py
[2021-12-15 08:56:05,799] {logging_mixin.py:109} INFO - [2021-12-15 08:56:05,799] {dag.py:2396} INFO - Sync 1 DAGs
[2021-12-15 08:56:05,904] {logging_mixin.py:109} INFO - [2021-12-15 08:56:05,898] {dag.py:2928} INFO - Setting next_dagrun for scraping_daft_wexford to 2021-12-14T11:25:00+00:00
[2021-12-15 08:56:05,944] {processor.py:171} INFO - Processing /opt/airflow/dags/scraping_daft_wexford.py took 0.473 seconds
[2021-12-15 08:56:45,144] {processor.py:163} INFO - Started process (PID=468) to work on /opt/airflow/dags/scraping_daft_wexford.py
[2021-12-15 08:56:45,180] {processor.py:625} INFO - Processing file /opt/airflow/dags/scraping_daft_wexford.py for tasks to queue
[2021-12-15 08:56:45,189] {logging_mixin.py:109} INFO - [2021-12-15 08:56:45,189] {dagbag.py:500} INFO - Filling up the DagBag from /opt/airflow/dags/scraping_daft_wexford.py
[2021-12-15 08:56:45,774] {processor.py:637} INFO - DAG(s) dict_keys(['scraping_daft_wexford']) retrieved from /opt/airflow/dags/scraping_daft_wexford.py
[2021-12-15 08:56:46,003] {logging_mixin.py:109} INFO - [2021-12-15 08:56:45,997] {dag.py:2396} INFO - Sync 1 DAGs
[2021-12-15 08:56:46,332] {logging_mixin.py:109} INFO - [2021-12-15 08:56:46,331] {dag.py:2928} INFO - Setting next_dagrun for scraping_daft_wexford to 2021-12-14T11:25:00+00:00
[2021-12-15 08:56:46,443] {processor.py:171} INFO - Processing /opt/airflow/dags/scraping_daft_wexford.py took 1.347 seconds
[2021-12-15 08:57:16,760] {processor.py:163} INFO - Started process (PID=510) to work on /opt/airflow/dags/scraping_daft_wexford.py
[2021-12-15 08:57:16,771] {processor.py:625} INFO - Processing file /opt/airflow/dags/scraping_daft_wexford.py for tasks to queue
[2021-12-15 08:57:16,790] {logging_mixin.py:109} INFO - [2021-12-15 08:57:16,778] {dagbag.py:500} INFO - Filling up the DagBag from /opt/airflow/dags/scraping_daft_wexford.py
[2021-12-15 08:57:17,204] {processor.py:637} INFO - DAG(s) dict_keys(['scraping_daft_wexford']) retrieved from /opt/airflow/dags/scraping_daft_wexford.py
[2021-12-15 08:57:17,273] {logging_mixin.py:109} INFO - [2021-12-15 08:57:17,273] {dag.py:2396} INFO - Sync 1 DAGs
[2021-12-15 08:57:17,387] {logging_mixin.py:109} INFO - [2021-12-15 08:57:17,386] {dag.py:2928} INFO - Setting next_dagrun for scraping_daft_wexford to 2021-12-14T11:25:00+00:00
[2021-12-15 08:57:17,418] {processor.py:171} INFO - Processing /opt/airflow/dags/scraping_daft_wexford.py took 0.666 seconds
[2021-12-15 08:57:52,814] {processor.py:163} INFO - Started process (PID=558) to work on /opt/airflow/dags/scraping_daft_wexford.py
[2021-12-15 08:57:52,823] {processor.py:625} INFO - Processing file /opt/airflow/dags/scraping_daft_wexford.py for tasks to queue
[2021-12-15 08:57:52,840] {logging_mixin.py:109} INFO - [2021-12-15 08:57:52,840] {dagbag.py:500} INFO - Filling up the DagBag from /opt/airflow/dags/scraping_daft_wexford.py
[2021-12-15 08:57:53,276] {processor.py:637} INFO - DAG(s) dict_keys(['scraping_daft_wexford']) retrieved from /opt/airflow/dags/scraping_daft_wexford.py
[2021-12-15 08:57:53,362] {logging_mixin.py:109} INFO - [2021-12-15 08:57:53,362] {dag.py:2396} INFO - Sync 1 DAGs
[2021-12-15 08:57:53,554] {logging_mixin.py:109} INFO - [2021-12-15 08:57:53,545] {dag.py:2928} INFO - Setting next_dagrun for scraping_daft_wexford to 2021-12-14T11:25:00+00:00
[2021-12-15 08:57:53,637] {processor.py:171} INFO - Processing /opt/airflow/dags/scraping_daft_wexford.py took 0.849 seconds
[2021-12-15 08:58:24,251] {processor.py:163} INFO - Started process (PID=609) to work on /opt/airflow/dags/scraping_daft_wexford.py
[2021-12-15 08:58:24,260] {processor.py:625} INFO - Processing file /opt/airflow/dags/scraping_daft_wexford.py for tasks to queue
[2021-12-15 08:58:24,266] {logging_mixin.py:109} INFO - [2021-12-15 08:58:24,264] {dagbag.py:500} INFO - Filling up the DagBag from /opt/airflow/dags/scraping_daft_wexford.py
[2021-12-15 08:58:24,480] {processor.py:637} INFO - DAG(s) dict_keys(['scraping_daft_wexford']) retrieved from /opt/airflow/dags/scraping_daft_wexford.py
[2021-12-15 08:58:24,554] {logging_mixin.py:109} INFO - [2021-12-15 08:58:24,554] {dag.py:2396} INFO - Sync 1 DAGs
[2021-12-15 08:58:24,615] {logging_mixin.py:109} INFO - [2021-12-15 08:58:24,615] {dag.py:2928} INFO - Setting next_dagrun for scraping_daft_wexford to 2021-12-14T11:25:00+00:00
[2021-12-15 08:58:24,653] {processor.py:171} INFO - Processing /opt/airflow/dags/scraping_daft_wexford.py took 0.448 seconds
[2021-12-15 08:58:55,224] {processor.py:163} INFO - Started process (PID=661) to work on /opt/airflow/dags/scraping_daft_wexford.py
[2021-12-15 08:58:55,235] {processor.py:625} INFO - Processing file /opt/airflow/dags/scraping_daft_wexford.py for tasks to queue
[2021-12-15 08:58:55,241] {logging_mixin.py:109} INFO - [2021-12-15 08:58:55,240] {dagbag.py:500} INFO - Filling up the DagBag from /opt/airflow/dags/scraping_daft_wexford.py
[2021-12-15 08:58:55,571] {processor.py:637} INFO - DAG(s) dict_keys(['scraping_daft_wexford']) retrieved from /opt/airflow/dags/scraping_daft_wexford.py
[2021-12-15 08:58:55,633] {logging_mixin.py:109} INFO - [2021-12-15 08:58:55,632] {dag.py:2396} INFO - Sync 1 DAGs
[2021-12-15 08:58:55,735] {logging_mixin.py:109} INFO - [2021-12-15 08:58:55,734] {dag.py:2928} INFO - Setting next_dagrun for scraping_daft_wexford to 2021-12-14T11:25:00+00:00
[2021-12-15 08:58:55,788] {processor.py:171} INFO - Processing /opt/airflow/dags/scraping_daft_wexford.py took 0.572 seconds
[2021-12-15 08:59:26,143] {processor.py:163} INFO - Started process (PID=729) to work on /opt/airflow/dags/scraping_daft_wexford.py
[2021-12-15 08:59:26,148] {processor.py:625} INFO - Processing file /opt/airflow/dags/scraping_daft_wexford.py for tasks to queue
[2021-12-15 08:59:26,151] {logging_mixin.py:109} INFO - [2021-12-15 08:59:26,151] {dagbag.py:500} INFO - Filling up the DagBag from /opt/airflow/dags/scraping_daft_wexford.py
[2021-12-15 08:59:26,607] {processor.py:637} INFO - DAG(s) dict_keys(['scraping_daft_wexford']) retrieved from /opt/airflow/dags/scraping_daft_wexford.py
[2021-12-15 08:59:26,703] {logging_mixin.py:109} INFO - [2021-12-15 08:59:26,702] {dag.py:2396} INFO - Sync 1 DAGs
[2021-12-15 08:59:26,846] {logging_mixin.py:109} INFO - [2021-12-15 08:59:26,846] {dag.py:2928} INFO - Setting next_dagrun for scraping_daft_wexford to 2021-12-14T11:25:00+00:00
[2021-12-15 08:59:26,887] {processor.py:171} INFO - Processing /opt/airflow/dags/scraping_daft_wexford.py took 0.753 seconds
[2021-12-15 08:59:57,255] {processor.py:163} INFO - Started process (PID=790) to work on /opt/airflow/dags/scraping_daft_wexford.py
[2021-12-15 08:59:57,266] {processor.py:625} INFO - Processing file /opt/airflow/dags/scraping_daft_wexford.py for tasks to queue
[2021-12-15 08:59:57,274] {logging_mixin.py:109} INFO - [2021-12-15 08:59:57,273] {dagbag.py:500} INFO - Filling up the DagBag from /opt/airflow/dags/scraping_daft_wexford.py
[2021-12-15 08:59:57,561] {processor.py:637} INFO - DAG(s) dict_keys(['scraping_daft_wexford']) retrieved from /opt/airflow/dags/scraping_daft_wexford.py
[2021-12-15 08:59:57,625] {logging_mixin.py:109} INFO - [2021-12-15 08:59:57,624] {dag.py:2396} INFO - Sync 1 DAGs
[2021-12-15 08:59:57,807] {logging_mixin.py:109} INFO - [2021-12-15 08:59:57,806] {dag.py:2928} INFO - Setting next_dagrun for scraping_daft_wexford to 2021-12-14T11:25:00+00:00
[2021-12-15 08:59:57,889] {processor.py:171} INFO - Processing /opt/airflow/dags/scraping_daft_wexford.py took 0.648 seconds
[2021-12-15 09:00:28,302] {processor.py:163} INFO - Started process (PID=837) to work on /opt/airflow/dags/scraping_daft_wexford.py
[2021-12-15 09:00:28,305] {processor.py:625} INFO - Processing file /opt/airflow/dags/scraping_daft_wexford.py for tasks to queue
[2021-12-15 09:00:28,308] {logging_mixin.py:109} INFO - [2021-12-15 09:00:28,308] {dagbag.py:500} INFO - Filling up the DagBag from /opt/airflow/dags/scraping_daft_wexford.py
[2021-12-15 09:00:28,605] {processor.py:637} INFO - DAG(s) dict_keys(['scraping_daft_wexford']) retrieved from /opt/airflow/dags/scraping_daft_wexford.py
[2021-12-15 09:00:28,668] {logging_mixin.py:109} INFO - [2021-12-15 09:00:28,667] {dag.py:2396} INFO - Sync 1 DAGs
[2021-12-15 09:00:28,784] {logging_mixin.py:109} INFO - [2021-12-15 09:00:28,784] {dag.py:2928} INFO - Setting next_dagrun for scraping_daft_wexford to 2021-12-14T11:25:00+00:00
[2021-12-15 09:00:28,841] {processor.py:171} INFO - Processing /opt/airflow/dags/scraping_daft_wexford.py took 0.564 seconds
[2021-12-15 09:00:58,985] {processor.py:163} INFO - Started process (PID=874) to work on /opt/airflow/dags/scraping_daft_wexford.py
[2021-12-15 09:00:58,994] {processor.py:625} INFO - Processing file /opt/airflow/dags/scraping_daft_wexford.py for tasks to queue
[2021-12-15 09:00:59,001] {logging_mixin.py:109} INFO - [2021-12-15 09:00:59,001] {dagbag.py:500} INFO - Filling up the DagBag from /opt/airflow/dags/scraping_daft_wexford.py
[2021-12-15 09:00:59,274] {processor.py:637} INFO - DAG(s) dict_keys(['scraping_daft_wexford']) retrieved from /opt/airflow/dags/scraping_daft_wexford.py
[2021-12-15 09:00:59,334] {logging_mixin.py:109} INFO - [2021-12-15 09:00:59,334] {dag.py:2396} INFO - Sync 1 DAGs
[2021-12-15 09:00:59,509] {logging_mixin.py:109} INFO - [2021-12-15 09:00:59,509] {dag.py:2928} INFO - Setting next_dagrun for scraping_daft_wexford to 2021-12-14T11:25:00+00:00
[2021-12-15 09:00:59,568] {processor.py:171} INFO - Processing /opt/airflow/dags/scraping_daft_wexford.py took 0.588 seconds
[2021-12-15 09:01:29,802] {processor.py:163} INFO - Started process (PID=921) to work on /opt/airflow/dags/scraping_daft_wexford.py
[2021-12-15 09:01:29,807] {processor.py:625} INFO - Processing file /opt/airflow/dags/scraping_daft_wexford.py for tasks to queue
[2021-12-15 09:01:29,811] {logging_mixin.py:109} INFO - [2021-12-15 09:01:29,811] {dagbag.py:500} INFO - Filling up the DagBag from /opt/airflow/dags/scraping_daft_wexford.py
[2021-12-15 09:01:29,989] {processor.py:637} INFO - DAG(s) dict_keys(['scraping_daft_wexford']) retrieved from /opt/airflow/dags/scraping_daft_wexford.py
[2021-12-15 09:01:30,047] {logging_mixin.py:109} INFO - [2021-12-15 09:01:30,046] {dag.py:2396} INFO - Sync 1 DAGs
[2021-12-15 09:01:30,163] {logging_mixin.py:109} INFO - [2021-12-15 09:01:30,163] {dag.py:2928} INFO - Setting next_dagrun for scraping_daft_wexford to 2021-12-14T11:25:00+00:00
[2021-12-15 09:01:30,194] {processor.py:171} INFO - Processing /opt/airflow/dags/scraping_daft_wexford.py took 0.405 seconds
[2021-12-15 09:02:00,824] {processor.py:163} INFO - Started process (PID=969) to work on /opt/airflow/dags/scraping_daft_wexford.py
[2021-12-15 09:02:00,836] {processor.py:625} INFO - Processing file /opt/airflow/dags/scraping_daft_wexford.py for tasks to queue
[2021-12-15 09:02:00,848] {logging_mixin.py:109} INFO - [2021-12-15 09:02:00,847] {dagbag.py:500} INFO - Filling up the DagBag from /opt/airflow/dags/scraping_daft_wexford.py
[2021-12-15 09:02:01,136] {processor.py:637} INFO - DAG(s) dict_keys(['scraping_daft_wexford']) retrieved from /opt/airflow/dags/scraping_daft_wexford.py
[2021-12-15 09:02:01,209] {logging_mixin.py:109} INFO - [2021-12-15 09:02:01,209] {dag.py:2396} INFO - Sync 1 DAGs
[2021-12-15 09:02:01,545] {logging_mixin.py:109} INFO - [2021-12-15 09:02:01,545] {dag.py:2928} INFO - Setting next_dagrun for scraping_daft_wexford to 2021-12-14T11:25:00+00:00
[2021-12-15 09:02:01,634] {processor.py:171} INFO - Processing /opt/airflow/dags/scraping_daft_wexford.py took 0.844 seconds
[2021-12-15 09:02:33,789] {processor.py:163} INFO - Started process (PID=1005) to work on /opt/airflow/dags/scraping_daft_wexford.py
[2021-12-15 09:02:33,805] {processor.py:625} INFO - Processing file /opt/airflow/dags/scraping_daft_wexford.py for tasks to queue
[2021-12-15 09:02:33,814] {logging_mixin.py:109} INFO - [2021-12-15 09:02:33,814] {dagbag.py:500} INFO - Filling up the DagBag from /opt/airflow/dags/scraping_daft_wexford.py
[2021-12-15 09:02:34,463] {processor.py:637} INFO - DAG(s) dict_keys(['scraping_daft_wexford']) retrieved from /opt/airflow/dags/scraping_daft_wexford.py
[2021-12-15 09:02:34,528] {logging_mixin.py:109} INFO - [2021-12-15 09:02:34,527] {dag.py:2396} INFO - Sync 1 DAGs
[2021-12-15 09:02:34,902] {logging_mixin.py:109} INFO - [2021-12-15 09:02:34,902] {dag.py:2928} INFO - Setting next_dagrun for scraping_daft_wexford to 2021-12-14T11:25:00+00:00
[2021-12-15 09:02:35,060] {processor.py:171} INFO - Processing /opt/airflow/dags/scraping_daft_wexford.py took 1.306 seconds
[2021-12-15 09:03:05,258] {processor.py:163} INFO - Started process (PID=1057) to work on /opt/airflow/dags/scraping_daft_wexford.py
[2021-12-15 09:03:05,263] {processor.py:625} INFO - Processing file /opt/airflow/dags/scraping_daft_wexford.py for tasks to queue
[2021-12-15 09:03:05,266] {logging_mixin.py:109} INFO - [2021-12-15 09:03:05,266] {dagbag.py:500} INFO - Filling up the DagBag from /opt/airflow/dags/scraping_daft_wexford.py
[2021-12-15 09:03:05,481] {processor.py:637} INFO - DAG(s) dict_keys(['scraping_daft_wexford']) retrieved from /opt/airflow/dags/scraping_daft_wexford.py
[2021-12-15 09:03:05,539] {logging_mixin.py:109} INFO - [2021-12-15 09:03:05,539] {dag.py:2396} INFO - Sync 1 DAGs
[2021-12-15 09:03:05,620] {logging_mixin.py:109} INFO - [2021-12-15 09:03:05,620] {dag.py:2928} INFO - Setting next_dagrun for scraping_daft_wexford to 2021-12-14T11:25:00+00:00
[2021-12-15 09:03:05,662] {processor.py:171} INFO - Processing /opt/airflow/dags/scraping_daft_wexford.py took 0.412 seconds
[2021-12-15 09:03:36,161] {processor.py:163} INFO - Started process (PID=1105) to work on /opt/airflow/dags/scraping_daft_wexford.py
[2021-12-15 09:03:36,190] {processor.py:625} INFO - Processing file /opt/airflow/dags/scraping_daft_wexford.py for tasks to queue
[2021-12-15 09:03:36,201] {logging_mixin.py:109} INFO - [2021-12-15 09:03:36,200] {dagbag.py:500} INFO - Filling up the DagBag from /opt/airflow/dags/scraping_daft_wexford.py
[2021-12-15 09:03:36,816] {processor.py:637} INFO - DAG(s) dict_keys(['scraping_daft_wexford']) retrieved from /opt/airflow/dags/scraping_daft_wexford.py
[2021-12-15 09:03:36,886] {logging_mixin.py:109} INFO - [2021-12-15 09:03:36,886] {dag.py:2396} INFO - Sync 1 DAGs
[2021-12-15 09:03:37,064] {logging_mixin.py:109} INFO - [2021-12-15 09:03:37,063] {dag.py:2928} INFO - Setting next_dagrun for scraping_daft_wexford to 2021-12-14T11:25:00+00:00
[2021-12-15 09:03:37,154] {processor.py:171} INFO - Processing /opt/airflow/dags/scraping_daft_wexford.py took 1.007 seconds
[2021-12-15 09:04:07,398] {processor.py:163} INFO - Started process (PID=1154) to work on /opt/airflow/dags/scraping_daft_wexford.py
[2021-12-15 09:04:07,402] {processor.py:625} INFO - Processing file /opt/airflow/dags/scraping_daft_wexford.py for tasks to queue
[2021-12-15 09:04:07,405] {logging_mixin.py:109} INFO - [2021-12-15 09:04:07,405] {dagbag.py:500} INFO - Filling up the DagBag from /opt/airflow/dags/scraping_daft_wexford.py
[2021-12-15 09:04:07,661] {processor.py:637} INFO - DAG(s) dict_keys(['scraping_daft_wexford']) retrieved from /opt/airflow/dags/scraping_daft_wexford.py
[2021-12-15 09:04:07,752] {logging_mixin.py:109} INFO - [2021-12-15 09:04:07,751] {dag.py:2396} INFO - Sync 1 DAGs
[2021-12-15 09:04:07,973] {logging_mixin.py:109} INFO - [2021-12-15 09:04:07,973] {dag.py:2928} INFO - Setting next_dagrun for scraping_daft_wexford to 2021-12-14T11:25:00+00:00
[2021-12-15 09:04:08,060] {processor.py:171} INFO - Processing /opt/airflow/dags/scraping_daft_wexford.py took 0.685 seconds
[2021-12-15 09:04:38,240] {processor.py:163} INFO - Started process (PID=1203) to work on /opt/airflow/dags/scraping_daft_wexford.py
[2021-12-15 09:04:38,242] {processor.py:625} INFO - Processing file /opt/airflow/dags/scraping_daft_wexford.py for tasks to queue
[2021-12-15 09:04:38,244] {logging_mixin.py:109} INFO - [2021-12-15 09:04:38,244] {dagbag.py:500} INFO - Filling up the DagBag from /opt/airflow/dags/scraping_daft_wexford.py
[2021-12-15 09:04:38,322] {processor.py:637} INFO - DAG(s) dict_keys(['scraping_daft_wexford']) retrieved from /opt/airflow/dags/scraping_daft_wexford.py
[2021-12-15 09:04:38,341] {logging_mixin.py:109} INFO - [2021-12-15 09:04:38,340] {dag.py:2396} INFO - Sync 1 DAGs
[2021-12-15 09:04:38,377] {logging_mixin.py:109} INFO - [2021-12-15 09:04:38,377] {dag.py:2928} INFO - Setting next_dagrun for scraping_daft_wexford to 2021-12-14T11:25:00+00:00
[2021-12-15 09:04:38,394] {processor.py:171} INFO - Processing /opt/airflow/dags/scraping_daft_wexford.py took 0.159 seconds
[2021-12-15 09:05:08,527] {processor.py:163} INFO - Started process (PID=1249) to work on /opt/airflow/dags/scraping_daft_wexford.py
[2021-12-15 09:05:08,533] {processor.py:625} INFO - Processing file /opt/airflow/dags/scraping_daft_wexford.py for tasks to queue
[2021-12-15 09:05:08,535] {logging_mixin.py:109} INFO - [2021-12-15 09:05:08,535] {dagbag.py:500} INFO - Filling up the DagBag from /opt/airflow/dags/scraping_daft_wexford.py
[2021-12-15 09:05:08,678] {processor.py:637} INFO - DAG(s) dict_keys(['scraping_daft_wexford']) retrieved from /opt/airflow/dags/scraping_daft_wexford.py
[2021-12-15 09:05:08,724] {logging_mixin.py:109} INFO - [2021-12-15 09:05:08,723] {dag.py:2396} INFO - Sync 1 DAGs
[2021-12-15 09:05:08,782] {logging_mixin.py:109} INFO - [2021-12-15 09:05:08,782] {dag.py:2928} INFO - Setting next_dagrun for scraping_daft_wexford to 2021-12-14T11:25:00+00:00
[2021-12-15 09:05:08,824] {processor.py:171} INFO - Processing /opt/airflow/dags/scraping_daft_wexford.py took 0.303 seconds
[2021-12-15 09:05:39,135] {processor.py:163} INFO - Started process (PID=1306) to work on /opt/airflow/dags/scraping_daft_wexford.py
[2021-12-15 09:05:39,137] {processor.py:625} INFO - Processing file /opt/airflow/dags/scraping_daft_wexford.py for tasks to queue
[2021-12-15 09:05:39,140] {logging_mixin.py:109} INFO - [2021-12-15 09:05:39,139] {dagbag.py:500} INFO - Filling up the DagBag from /opt/airflow/dags/scraping_daft_wexford.py
[2021-12-15 09:05:39,221] {processor.py:637} INFO - DAG(s) dict_keys(['scraping_daft_wexford']) retrieved from /opt/airflow/dags/scraping_daft_wexford.py
[2021-12-15 09:05:39,239] {logging_mixin.py:109} INFO - [2021-12-15 09:05:39,239] {dag.py:2396} INFO - Sync 1 DAGs
[2021-12-15 09:05:39,281] {logging_mixin.py:109} INFO - [2021-12-15 09:05:39,280] {dag.py:2928} INFO - Setting next_dagrun for scraping_daft_wexford to 2021-12-14T11:25:00+00:00
[2021-12-15 09:05:39,300] {processor.py:171} INFO - Processing /opt/airflow/dags/scraping_daft_wexford.py took 0.169 seconds
[2021-12-15 09:06:09,761] {processor.py:163} INFO - Started process (PID=1356) to work on /opt/airflow/dags/scraping_daft_wexford.py
[2021-12-15 09:06:09,765] {processor.py:625} INFO - Processing file /opt/airflow/dags/scraping_daft_wexford.py for tasks to queue
[2021-12-15 09:06:09,767] {logging_mixin.py:109} INFO - [2021-12-15 09:06:09,767] {dagbag.py:500} INFO - Filling up the DagBag from /opt/airflow/dags/scraping_daft_wexford.py
[2021-12-15 09:06:09,849] {processor.py:637} INFO - DAG(s) dict_keys(['scraping_daft_wexford']) retrieved from /opt/airflow/dags/scraping_daft_wexford.py
[2021-12-15 09:06:09,864] {logging_mixin.py:109} INFO - [2021-12-15 09:06:09,864] {dag.py:2396} INFO - Sync 1 DAGs
[2021-12-15 09:06:09,899] {logging_mixin.py:109} INFO - [2021-12-15 09:06:09,899] {dag.py:2928} INFO - Setting next_dagrun for scraping_daft_wexford to 2021-12-14T11:25:00+00:00
[2021-12-15 09:06:09,913] {processor.py:171} INFO - Processing /opt/airflow/dags/scraping_daft_wexford.py took 0.156 seconds
[2021-12-15 09:06:40,215] {processor.py:163} INFO - Started process (PID=1402) to work on /opt/airflow/dags/scraping_daft_wexford.py
[2021-12-15 09:06:40,218] {processor.py:625} INFO - Processing file /opt/airflow/dags/scraping_daft_wexford.py for tasks to queue
[2021-12-15 09:06:40,220] {logging_mixin.py:109} INFO - [2021-12-15 09:06:40,220] {dagbag.py:500} INFO - Filling up the DagBag from /opt/airflow/dags/scraping_daft_wexford.py
[2021-12-15 09:06:40,326] {processor.py:637} INFO - DAG(s) dict_keys(['scraping_daft_wexford']) retrieved from /opt/airflow/dags/scraping_daft_wexford.py
[2021-12-15 09:06:40,348] {logging_mixin.py:109} INFO - [2021-12-15 09:06:40,348] {dag.py:2396} INFO - Sync 1 DAGs
[2021-12-15 09:06:40,397] {logging_mixin.py:109} INFO - [2021-12-15 09:06:40,397] {dag.py:2928} INFO - Setting next_dagrun for scraping_daft_wexford to 2021-12-14T11:25:00+00:00
[2021-12-15 09:06:40,424] {processor.py:171} INFO - Processing /opt/airflow/dags/scraping_daft_wexford.py took 0.214 seconds
[2021-12-15 09:07:10,608] {processor.py:163} INFO - Started process (PID=1461) to work on /opt/airflow/dags/scraping_daft_wexford.py
[2021-12-15 09:07:10,610] {processor.py:625} INFO - Processing file /opt/airflow/dags/scraping_daft_wexford.py for tasks to queue
[2021-12-15 09:07:10,612] {logging_mixin.py:109} INFO - [2021-12-15 09:07:10,612] {dagbag.py:500} INFO - Filling up the DagBag from /opt/airflow/dags/scraping_daft_wexford.py
[2021-12-15 09:07:10,696] {processor.py:637} INFO - DAG(s) dict_keys(['scraping_daft_wexford']) retrieved from /opt/airflow/dags/scraping_daft_wexford.py
[2021-12-15 09:07:10,716] {logging_mixin.py:109} INFO - [2021-12-15 09:07:10,716] {dag.py:2396} INFO - Sync 1 DAGs
[2021-12-15 09:07:10,760] {logging_mixin.py:109} INFO - [2021-12-15 09:07:10,759] {dag.py:2928} INFO - Setting next_dagrun for scraping_daft_wexford to 2021-12-14T11:25:00+00:00
[2021-12-15 09:07:10,774] {processor.py:171} INFO - Processing /opt/airflow/dags/scraping_daft_wexford.py took 0.170 seconds
[2021-12-15 09:07:40,850] {processor.py:163} INFO - Started process (PID=1508) to work on /opt/airflow/dags/scraping_daft_wexford.py
[2021-12-15 09:07:40,853] {processor.py:625} INFO - Processing file /opt/airflow/dags/scraping_daft_wexford.py for tasks to queue
[2021-12-15 09:07:40,855] {logging_mixin.py:109} INFO - [2021-12-15 09:07:40,855] {dagbag.py:500} INFO - Filling up the DagBag from /opt/airflow/dags/scraping_daft_wexford.py
[2021-12-15 09:07:41,180] {processor.py:637} INFO - DAG(s) dict_keys(['scraping_daft_wexford']) retrieved from /opt/airflow/dags/scraping_daft_wexford.py
[2021-12-15 09:07:41,198] {logging_mixin.py:109} INFO - [2021-12-15 09:07:41,198] {dag.py:2396} INFO - Sync 1 DAGs
[2021-12-15 09:07:41,234] {logging_mixin.py:109} INFO - [2021-12-15 09:07:41,234] {dag.py:2928} INFO - Setting next_dagrun for scraping_daft_wexford to 2021-12-14T11:25:00+00:00
[2021-12-15 09:07:41,248] {processor.py:171} INFO - Processing /opt/airflow/dags/scraping_daft_wexford.py took 0.403 seconds
[2021-12-15 09:08:11,388] {processor.py:163} INFO - Started process (PID=1567) to work on /opt/airflow/dags/scraping_daft_wexford.py
[2021-12-15 09:08:11,390] {processor.py:625} INFO - Processing file /opt/airflow/dags/scraping_daft_wexford.py for tasks to queue
[2021-12-15 09:08:11,391] {logging_mixin.py:109} INFO - [2021-12-15 09:08:11,391] {dagbag.py:500} INFO - Filling up the DagBag from /opt/airflow/dags/scraping_daft_wexford.py
[2021-12-15 09:08:11,462] {processor.py:637} INFO - DAG(s) dict_keys(['scraping_daft_wexford']) retrieved from /opt/airflow/dags/scraping_daft_wexford.py
[2021-12-15 09:08:11,477] {logging_mixin.py:109} INFO - [2021-12-15 09:08:11,477] {dag.py:2396} INFO - Sync 1 DAGs
[2021-12-15 09:08:11,512] {logging_mixin.py:109} INFO - [2021-12-15 09:08:11,511] {dag.py:2928} INFO - Setting next_dagrun for scraping_daft_wexford to 2021-12-14T11:25:00+00:00
[2021-12-15 09:08:11,526] {processor.py:171} INFO - Processing /opt/airflow/dags/scraping_daft_wexford.py took 0.142 seconds
[2021-12-15 09:08:41,642] {processor.py:163} INFO - Started process (PID=1615) to work on /opt/airflow/dags/scraping_daft_wexford.py
[2021-12-15 09:08:41,645] {processor.py:625} INFO - Processing file /opt/airflow/dags/scraping_daft_wexford.py for tasks to queue
[2021-12-15 09:08:41,646] {logging_mixin.py:109} INFO - [2021-12-15 09:08:41,646] {dagbag.py:500} INFO - Filling up the DagBag from /opt/airflow/dags/scraping_daft_wexford.py
[2021-12-15 09:08:41,724] {processor.py:637} INFO - DAG(s) dict_keys(['scraping_daft_wexford']) retrieved from /opt/airflow/dags/scraping_daft_wexford.py
[2021-12-15 09:08:41,739] {logging_mixin.py:109} INFO - [2021-12-15 09:08:41,739] {dag.py:2396} INFO - Sync 1 DAGs
[2021-12-15 09:08:41,771] {logging_mixin.py:109} INFO - [2021-12-15 09:08:41,770] {dag.py:2928} INFO - Setting next_dagrun for scraping_daft_wexford to 2021-12-14T11:25:00+00:00
[2021-12-15 09:08:41,786] {processor.py:171} INFO - Processing /opt/airflow/dags/scraping_daft_wexford.py took 0.148 seconds
[2021-12-15 09:09:11,927] {processor.py:163} INFO - Started process (PID=1673) to work on /opt/airflow/dags/scraping_daft_wexford.py
[2021-12-15 09:09:11,930] {processor.py:625} INFO - Processing file /opt/airflow/dags/scraping_daft_wexford.py for tasks to queue
[2021-12-15 09:09:11,931] {logging_mixin.py:109} INFO - [2021-12-15 09:09:11,931] {dagbag.py:500} INFO - Filling up the DagBag from /opt/airflow/dags/scraping_daft_wexford.py
[2021-12-15 09:09:12,015] {processor.py:637} INFO - DAG(s) dict_keys(['scraping_daft_wexford']) retrieved from /opt/airflow/dags/scraping_daft_wexford.py
[2021-12-15 09:09:12,031] {logging_mixin.py:109} INFO - [2021-12-15 09:09:12,031] {dag.py:2396} INFO - Sync 1 DAGs
[2021-12-15 09:09:12,062] {logging_mixin.py:109} INFO - [2021-12-15 09:09:12,062] {dag.py:2928} INFO - Setting next_dagrun for scraping_daft_wexford to 2021-12-14T11:25:00+00:00
[2021-12-15 09:09:12,078] {processor.py:171} INFO - Processing /opt/airflow/dags/scraping_daft_wexford.py took 0.154 seconds
[2021-12-15 09:09:42,206] {processor.py:163} INFO - Started process (PID=1722) to work on /opt/airflow/dags/scraping_daft_wexford.py
[2021-12-15 09:09:42,208] {processor.py:625} INFO - Processing file /opt/airflow/dags/scraping_daft_wexford.py for tasks to queue
[2021-12-15 09:09:42,209] {logging_mixin.py:109} INFO - [2021-12-15 09:09:42,209] {dagbag.py:500} INFO - Filling up the DagBag from /opt/airflow/dags/scraping_daft_wexford.py
[2021-12-15 09:09:42,325] {processor.py:637} INFO - DAG(s) dict_keys(['scraping_daft_wexford']) retrieved from /opt/airflow/dags/scraping_daft_wexford.py
[2021-12-15 09:09:42,344] {logging_mixin.py:109} INFO - [2021-12-15 09:09:42,344] {dag.py:2396} INFO - Sync 1 DAGs
[2021-12-15 09:09:42,385] {logging_mixin.py:109} INFO - [2021-12-15 09:09:42,385] {dag.py:2928} INFO - Setting next_dagrun for scraping_daft_wexford to 2021-12-14T11:25:00+00:00
[2021-12-15 09:09:42,407] {processor.py:171} INFO - Processing /opt/airflow/dags/scraping_daft_wexford.py took 0.206 seconds
[2021-12-15 09:10:12,644] {processor.py:163} INFO - Started process (PID=1781) to work on /opt/airflow/dags/scraping_daft_wexford.py
[2021-12-15 09:10:12,646] {processor.py:625} INFO - Processing file /opt/airflow/dags/scraping_daft_wexford.py for tasks to queue
[2021-12-15 09:10:12,647] {logging_mixin.py:109} INFO - [2021-12-15 09:10:12,647] {dagbag.py:500} INFO - Filling up the DagBag from /opt/airflow/dags/scraping_daft_wexford.py
[2021-12-15 09:10:12,731] {processor.py:637} INFO - DAG(s) dict_keys(['scraping_daft_wexford']) retrieved from /opt/airflow/dags/scraping_daft_wexford.py
[2021-12-15 09:10:12,746] {logging_mixin.py:109} INFO - [2021-12-15 09:10:12,746] {dag.py:2396} INFO - Sync 1 DAGs
[2021-12-15 09:10:12,781] {logging_mixin.py:109} INFO - [2021-12-15 09:10:12,781] {dag.py:2928} INFO - Setting next_dagrun for scraping_daft_wexford to 2021-12-14T11:25:00+00:00
[2021-12-15 09:10:12,807] {processor.py:171} INFO - Processing /opt/airflow/dags/scraping_daft_wexford.py took 0.167 seconds
[2021-12-15 09:10:43,303] {processor.py:163} INFO - Started process (PID=1828) to work on /opt/airflow/dags/scraping_daft_wexford.py
[2021-12-15 09:10:43,307] {processor.py:625} INFO - Processing file /opt/airflow/dags/scraping_daft_wexford.py for tasks to queue
[2021-12-15 09:10:43,309] {logging_mixin.py:109} INFO - [2021-12-15 09:10:43,309] {dagbag.py:500} INFO - Filling up the DagBag from /opt/airflow/dags/scraping_daft_wexford.py
[2021-12-15 09:10:43,425] {processor.py:637} INFO - DAG(s) dict_keys(['scraping_daft_wexford']) retrieved from /opt/airflow/dags/scraping_daft_wexford.py
[2021-12-15 09:10:43,450] {logging_mixin.py:109} INFO - [2021-12-15 09:10:43,450] {dag.py:2396} INFO - Sync 1 DAGs
[2021-12-15 09:10:43,505] {logging_mixin.py:109} INFO - [2021-12-15 09:10:43,504] {dag.py:2928} INFO - Setting next_dagrun for scraping_daft_wexford to 2021-12-14T11:25:00+00:00
[2021-12-15 09:10:43,559] {processor.py:171} INFO - Processing /opt/airflow/dags/scraping_daft_wexford.py took 0.266 seconds
[2021-12-15 09:11:13,618] {processor.py:163} INFO - Started process (PID=1885) to work on /opt/airflow/dags/scraping_daft_wexford.py
[2021-12-15 09:11:13,620] {processor.py:625} INFO - Processing file /opt/airflow/dags/scraping_daft_wexford.py for tasks to queue
[2021-12-15 09:11:13,622] {logging_mixin.py:109} INFO - [2021-12-15 09:11:13,622] {dagbag.py:500} INFO - Filling up the DagBag from /opt/airflow/dags/scraping_daft_wexford.py
[2021-12-15 09:11:13,700] {processor.py:637} INFO - DAG(s) dict_keys(['scraping_daft_wexford']) retrieved from /opt/airflow/dags/scraping_daft_wexford.py
[2021-12-15 09:11:13,722] {logging_mixin.py:109} INFO - [2021-12-15 09:11:13,722] {dag.py:2396} INFO - Sync 1 DAGs
[2021-12-15 09:11:13,759] {logging_mixin.py:109} INFO - [2021-12-15 09:11:13,758] {dag.py:2928} INFO - Setting next_dagrun for scraping_daft_wexford to 2021-12-14T11:25:00+00:00
[2021-12-15 09:11:13,777] {processor.py:171} INFO - Processing /opt/airflow/dags/scraping_daft_wexford.py took 0.163 seconds
[2021-12-15 09:11:43,895] {processor.py:163} INFO - Started process (PID=1935) to work on /opt/airflow/dags/scraping_daft_wexford.py
[2021-12-15 09:11:43,898] {processor.py:625} INFO - Processing file /opt/airflow/dags/scraping_daft_wexford.py for tasks to queue
[2021-12-15 09:11:43,900] {logging_mixin.py:109} INFO - [2021-12-15 09:11:43,900] {dagbag.py:500} INFO - Filling up the DagBag from /opt/airflow/dags/scraping_daft_wexford.py
[2021-12-15 09:11:43,987] {processor.py:637} INFO - DAG(s) dict_keys(['scraping_daft_wexford']) retrieved from /opt/airflow/dags/scraping_daft_wexford.py
[2021-12-15 09:11:44,004] {logging_mixin.py:109} INFO - [2021-12-15 09:11:44,004] {dag.py:2396} INFO - Sync 1 DAGs
[2021-12-15 09:11:44,037] {logging_mixin.py:109} INFO - [2021-12-15 09:11:44,036] {dag.py:2928} INFO - Setting next_dagrun for scraping_daft_wexford to 2021-12-14T11:25:00+00:00
[2021-12-15 09:11:44,054] {processor.py:171} INFO - Processing /opt/airflow/dags/scraping_daft_wexford.py took 0.164 seconds
[2021-12-15 09:12:14,204] {processor.py:163} INFO - Started process (PID=1983) to work on /opt/airflow/dags/scraping_daft_wexford.py
[2021-12-15 09:12:14,207] {processor.py:625} INFO - Processing file /opt/airflow/dags/scraping_daft_wexford.py for tasks to queue
[2021-12-15 09:12:14,208] {logging_mixin.py:109} INFO - [2021-12-15 09:12:14,208] {dagbag.py:500} INFO - Filling up the DagBag from /opt/airflow/dags/scraping_daft_wexford.py
[2021-12-15 09:12:14,288] {processor.py:637} INFO - DAG(s) dict_keys(['scraping_daft_wexford']) retrieved from /opt/airflow/dags/scraping_daft_wexford.py
[2021-12-15 09:12:14,304] {logging_mixin.py:109} INFO - [2021-12-15 09:12:14,303] {dag.py:2396} INFO - Sync 1 DAGs
[2021-12-15 09:12:14,339] {logging_mixin.py:109} INFO - [2021-12-15 09:12:14,338] {dag.py:2928} INFO - Setting next_dagrun for scraping_daft_wexford to 2021-12-14T11:25:00+00:00
[2021-12-15 09:12:14,356] {processor.py:171} INFO - Processing /opt/airflow/dags/scraping_daft_wexford.py took 0.157 seconds
[2021-12-15 09:12:44,530] {processor.py:163} INFO - Started process (PID=2039) to work on /opt/airflow/dags/scraping_daft_wexford.py
[2021-12-15 09:12:44,533] {processor.py:625} INFO - Processing file /opt/airflow/dags/scraping_daft_wexford.py for tasks to queue
[2021-12-15 09:12:44,536] {logging_mixin.py:109} INFO - [2021-12-15 09:12:44,536] {dagbag.py:500} INFO - Filling up the DagBag from /opt/airflow/dags/scraping_daft_wexford.py
[2021-12-15 09:12:44,648] {processor.py:637} INFO - DAG(s) dict_keys(['scraping_daft_wexford']) retrieved from /opt/airflow/dags/scraping_daft_wexford.py
[2021-12-15 09:12:44,673] {logging_mixin.py:109} INFO - [2021-12-15 09:12:44,672] {dag.py:2396} INFO - Sync 1 DAGs
[2021-12-15 09:12:44,736] {logging_mixin.py:109} INFO - [2021-12-15 09:12:44,736] {dag.py:2928} INFO - Setting next_dagrun for scraping_daft_wexford to 2021-12-14T11:25:00+00:00
[2021-12-15 09:12:44,760] {processor.py:171} INFO - Processing /opt/airflow/dags/scraping_daft_wexford.py took 0.237 seconds
[2021-12-15 09:13:14,844] {processor.py:163} INFO - Started process (PID=2086) to work on /opt/airflow/dags/scraping_daft_wexford.py
[2021-12-15 09:13:14,847] {processor.py:625} INFO - Processing file /opt/airflow/dags/scraping_daft_wexford.py for tasks to queue
[2021-12-15 09:13:14,848] {logging_mixin.py:109} INFO - [2021-12-15 09:13:14,848] {dagbag.py:500} INFO - Filling up the DagBag from /opt/airflow/dags/scraping_daft_wexford.py
[2021-12-15 09:13:14,945] {processor.py:637} INFO - DAG(s) dict_keys(['scraping_daft_wexford']) retrieved from /opt/airflow/dags/scraping_daft_wexford.py
[2021-12-15 09:13:14,964] {logging_mixin.py:109} INFO - [2021-12-15 09:13:14,963] {dag.py:2396} INFO - Sync 1 DAGs
[2021-12-15 09:13:14,997] {logging_mixin.py:109} INFO - [2021-12-15 09:13:14,997] {dag.py:2928} INFO - Setting next_dagrun for scraping_daft_wexford to 2021-12-14T11:25:00+00:00
[2021-12-15 09:13:15,014] {processor.py:171} INFO - Processing /opt/airflow/dags/scraping_daft_wexford.py took 0.175 seconds
[2021-12-15 09:13:45,125] {processor.py:163} INFO - Started process (PID=2145) to work on /opt/airflow/dags/scraping_daft_wexford.py
[2021-12-15 09:13:45,129] {processor.py:625} INFO - Processing file /opt/airflow/dags/scraping_daft_wexford.py for tasks to queue
[2021-12-15 09:13:45,161] {logging_mixin.py:109} INFO - [2021-12-15 09:13:45,160] {dagbag.py:500} INFO - Filling up the DagBag from /opt/airflow/dags/scraping_daft_wexford.py
[2021-12-15 09:13:45,271] {processor.py:637} INFO - DAG(s) dict_keys(['scraping_daft_wexford']) retrieved from /opt/airflow/dags/scraping_daft_wexford.py
[2021-12-15 09:13:45,288] {logging_mixin.py:109} INFO - [2021-12-15 09:13:45,288] {dag.py:2396} INFO - Sync 1 DAGs
[2021-12-15 09:13:45,326] {logging_mixin.py:109} INFO - [2021-12-15 09:13:45,326] {dag.py:2928} INFO - Setting next_dagrun for scraping_daft_wexford to 2021-12-14T11:25:00+00:00
[2021-12-15 09:13:45,345] {processor.py:171} INFO - Processing /opt/airflow/dags/scraping_daft_wexford.py took 0.226 seconds
[2021-12-15 09:14:15,448] {processor.py:163} INFO - Started process (PID=2192) to work on /opt/airflow/dags/scraping_daft_wexford.py
[2021-12-15 09:14:15,451] {processor.py:625} INFO - Processing file /opt/airflow/dags/scraping_daft_wexford.py for tasks to queue
[2021-12-15 09:14:15,453] {logging_mixin.py:109} INFO - [2021-12-15 09:14:15,453] {dagbag.py:500} INFO - Filling up the DagBag from /opt/airflow/dags/scraping_daft_wexford.py
[2021-12-15 09:14:15,535] {processor.py:637} INFO - DAG(s) dict_keys(['scraping_daft_wexford']) retrieved from /opt/airflow/dags/scraping_daft_wexford.py
[2021-12-15 09:14:15,552] {logging_mixin.py:109} INFO - [2021-12-15 09:14:15,552] {dag.py:2396} INFO - Sync 1 DAGs
[2021-12-15 09:14:15,587] {logging_mixin.py:109} INFO - [2021-12-15 09:14:15,587] {dag.py:2928} INFO - Setting next_dagrun for scraping_daft_wexford to 2021-12-14T11:25:00+00:00
[2021-12-15 09:14:15,608] {processor.py:171} INFO - Processing /opt/airflow/dags/scraping_daft_wexford.py took 0.164 seconds
[2021-12-15 09:14:45,793] {processor.py:163} INFO - Started process (PID=2251) to work on /opt/airflow/dags/scraping_daft_wexford.py
[2021-12-15 09:14:45,795] {processor.py:625} INFO - Processing file /opt/airflow/dags/scraping_daft_wexford.py for tasks to queue
[2021-12-15 09:14:45,797] {logging_mixin.py:109} INFO - [2021-12-15 09:14:45,797] {dagbag.py:500} INFO - Filling up the DagBag from /opt/airflow/dags/scraping_daft_wexford.py
[2021-12-15 09:14:45,871] {processor.py:637} INFO - DAG(s) dict_keys(['scraping_daft_wexford']) retrieved from /opt/airflow/dags/scraping_daft_wexford.py
[2021-12-15 09:14:45,886] {logging_mixin.py:109} INFO - [2021-12-15 09:14:45,886] {dag.py:2396} INFO - Sync 1 DAGs
[2021-12-15 09:14:45,916] {logging_mixin.py:109} INFO - [2021-12-15 09:14:45,916] {dag.py:2928} INFO - Setting next_dagrun for scraping_daft_wexford to 2021-12-14T11:25:00+00:00
[2021-12-15 09:14:45,930] {processor.py:171} INFO - Processing /opt/airflow/dags/scraping_daft_wexford.py took 0.142 seconds
[2021-12-15 09:15:16,264] {processor.py:163} INFO - Started process (PID=2298) to work on /opt/airflow/dags/scraping_daft_wexford.py
[2021-12-15 09:15:16,267] {processor.py:625} INFO - Processing file /opt/airflow/dags/scraping_daft_wexford.py for tasks to queue
[2021-12-15 09:15:16,268] {logging_mixin.py:109} INFO - [2021-12-15 09:15:16,268] {dagbag.py:500} INFO - Filling up the DagBag from /opt/airflow/dags/scraping_daft_wexford.py
[2021-12-15 09:15:16,369] {processor.py:637} INFO - DAG(s) dict_keys(['scraping_daft_wexford']) retrieved from /opt/airflow/dags/scraping_daft_wexford.py
[2021-12-15 09:15:16,389] {logging_mixin.py:109} INFO - [2021-12-15 09:15:16,389] {dag.py:2396} INFO - Sync 1 DAGs
[2021-12-15 09:15:16,450] {logging_mixin.py:109} INFO - [2021-12-15 09:15:16,449] {dag.py:2928} INFO - Setting next_dagrun for scraping_daft_wexford to 2021-12-14T11:25:00+00:00
[2021-12-15 09:15:16,481] {processor.py:171} INFO - Processing /opt/airflow/dags/scraping_daft_wexford.py took 0.222 seconds
[2021-12-15 09:15:46,844] {processor.py:163} INFO - Started process (PID=2356) to work on /opt/airflow/dags/scraping_daft_wexford.py
[2021-12-15 09:15:46,848] {processor.py:625} INFO - Processing file /opt/airflow/dags/scraping_daft_wexford.py for tasks to queue
[2021-12-15 09:15:46,850] {logging_mixin.py:109} INFO - [2021-12-15 09:15:46,850] {dagbag.py:500} INFO - Filling up the DagBag from /opt/airflow/dags/scraping_daft_wexford.py
[2021-12-15 09:15:46,958] {processor.py:637} INFO - DAG(s) dict_keys(['scraping_daft_wexford']) retrieved from /opt/airflow/dags/scraping_daft_wexford.py
[2021-12-15 09:15:46,991] {logging_mixin.py:109} INFO - [2021-12-15 09:15:46,990] {dag.py:2396} INFO - Sync 1 DAGs
[2021-12-15 09:15:47,059] {logging_mixin.py:109} INFO - [2021-12-15 09:15:47,059] {dag.py:2928} INFO - Setting next_dagrun for scraping_daft_wexford to 2021-12-14T11:25:00+00:00
[2021-12-15 09:15:47,077] {processor.py:171} INFO - Processing /opt/airflow/dags/scraping_daft_wexford.py took 0.253 seconds
[2021-12-15 09:16:17,633] {processor.py:163} INFO - Started process (PID=2404) to work on /opt/airflow/dags/scraping_daft_wexford.py
[2021-12-15 09:16:17,643] {processor.py:625} INFO - Processing file /opt/airflow/dags/scraping_daft_wexford.py for tasks to queue
[2021-12-15 09:16:17,653] {logging_mixin.py:109} INFO - [2021-12-15 09:16:17,652] {dagbag.py:500} INFO - Filling up the DagBag from /opt/airflow/dags/scraping_daft_wexford.py
[2021-12-15 09:16:18,145] {processor.py:637} INFO - DAG(s) dict_keys(['scraping_daft_wexford']) retrieved from /opt/airflow/dags/scraping_daft_wexford.py
[2021-12-15 09:16:18,297] {logging_mixin.py:109} INFO - [2021-12-15 09:16:18,296] {dag.py:2396} INFO - Sync 1 DAGs
[2021-12-15 09:16:18,525] {logging_mixin.py:109} INFO - [2021-12-15 09:16:18,524] {dag.py:2928} INFO - Setting next_dagrun for scraping_daft_wexford to 2021-12-14T11:25:00+00:00
[2021-12-15 09:16:18,639] {processor.py:171} INFO - Processing /opt/airflow/dags/scraping_daft_wexford.py took 1.027 seconds
[2021-12-15 09:16:57,692] {processor.py:163} INFO - Started process (PID=2433) to work on /opt/airflow/dags/scraping_daft_wexford.py
[2021-12-15 09:16:57,703] {processor.py:625} INFO - Processing file /opt/airflow/dags/scraping_daft_wexford.py for tasks to queue
[2021-12-15 09:16:57,711] {logging_mixin.py:109} INFO - [2021-12-15 09:16:57,710] {dagbag.py:500} INFO - Filling up the DagBag from /opt/airflow/dags/scraping_daft_wexford.py
[2021-12-15 09:16:58,414] {processor.py:637} INFO - DAG(s) dict_keys(['scraping_daft_wexford']) retrieved from /opt/airflow/dags/scraping_daft_wexford.py
[2021-12-15 09:16:58,596] {logging_mixin.py:109} INFO - [2021-12-15 09:16:58,595] {dag.py:2396} INFO - Sync 1 DAGs
[2021-12-15 09:16:58,949] {logging_mixin.py:109} INFO - [2021-12-15 09:16:58,948] {dag.py:2928} INFO - Setting next_dagrun for scraping_daft_wexford to 2021-12-14T11:25:00+00:00
[2021-12-15 09:16:59,079] {processor.py:171} INFO - Processing /opt/airflow/dags/scraping_daft_wexford.py took 1.414 seconds
[2021-12-15 09:17:30,227] {processor.py:163} INFO - Started process (PID=2479) to work on /opt/airflow/dags/scraping_daft_wexford.py
[2021-12-15 09:17:30,231] {processor.py:625} INFO - Processing file /opt/airflow/dags/scraping_daft_wexford.py for tasks to queue
[2021-12-15 09:17:30,234] {logging_mixin.py:109} INFO - [2021-12-15 09:17:30,233] {dagbag.py:500} INFO - Filling up the DagBag from /opt/airflow/dags/scraping_daft_wexford.py
[2021-12-15 09:17:30,379] {processor.py:637} INFO - DAG(s) dict_keys(['scraping_daft_wexford']) retrieved from /opt/airflow/dags/scraping_daft_wexford.py
[2021-12-15 09:17:30,417] {logging_mixin.py:109} INFO - [2021-12-15 09:17:30,417] {dag.py:2396} INFO - Sync 1 DAGs
[2021-12-15 09:17:30,513] {logging_mixin.py:109} INFO - [2021-12-15 09:17:30,513] {dag.py:2928} INFO - Setting next_dagrun for scraping_daft_wexford to 2021-12-14T11:25:00+00:00
[2021-12-15 09:17:30,573] {processor.py:171} INFO - Processing /opt/airflow/dags/scraping_daft_wexford.py took 0.353 seconds
[2021-12-15 09:23:05,416] {processor.py:163} INFO - Started process (PID=2514) to work on /opt/airflow/dags/scraping_daft_wexford.py
[2021-12-15 09:23:05,421] {processor.py:625} INFO - Processing file /opt/airflow/dags/scraping_daft_wexford.py for tasks to queue
[2021-12-15 09:23:05,426] {logging_mixin.py:109} INFO - [2021-12-15 09:23:05,425] {dagbag.py:500} INFO - Filling up the DagBag from /opt/airflow/dags/scraping_daft_wexford.py
[2021-12-15 09:23:05,601] {processor.py:637} INFO - DAG(s) dict_keys(['scraping_daft_wexford']) retrieved from /opt/airflow/dags/scraping_daft_wexford.py
[2021-12-15 09:23:05,657] {logging_mixin.py:109} INFO - [2021-12-15 09:23:05,656] {dag.py:2396} INFO - Sync 1 DAGs
[2021-12-15 09:23:05,769] {logging_mixin.py:109} INFO - [2021-12-15 09:23:05,769] {dag.py:2928} INFO - Setting next_dagrun for scraping_daft_wexford to 2021-12-14T11:25:00+00:00
[2021-12-15 09:23:05,834] {processor.py:171} INFO - Processing /opt/airflow/dags/scraping_daft_wexford.py took 0.430 seconds
[2021-12-15 09:23:36,871] {processor.py:163} INFO - Started process (PID=2562) to work on /opt/airflow/dags/scraping_daft_wexford.py
[2021-12-15 09:23:36,874] {processor.py:625} INFO - Processing file /opt/airflow/dags/scraping_daft_wexford.py for tasks to queue
[2021-12-15 09:23:36,898] {logging_mixin.py:109} INFO - [2021-12-15 09:23:36,897] {dagbag.py:500} INFO - Filling up the DagBag from /opt/airflow/dags/scraping_daft_wexford.py
[2021-12-15 09:23:37,093] {processor.py:637} INFO - DAG(s) dict_keys(['scraping_daft_wexford']) retrieved from /opt/airflow/dags/scraping_daft_wexford.py
[2021-12-15 09:23:37,135] {logging_mixin.py:109} INFO - [2021-12-15 09:23:37,135] {dag.py:2396} INFO - Sync 1 DAGs
[2021-12-15 09:23:37,238] {logging_mixin.py:109} INFO - [2021-12-15 09:23:37,238] {dag.py:2928} INFO - Setting next_dagrun for scraping_daft_wexford to 2021-12-14T11:25:00+00:00
[2021-12-15 09:23:37,278] {processor.py:171} INFO - Processing /opt/airflow/dags/scraping_daft_wexford.py took 0.412 seconds
[2021-12-15 09:24:07,490] {processor.py:163} INFO - Started process (PID=2621) to work on /opt/airflow/dags/scraping_daft_wexford.py
[2021-12-15 09:24:07,493] {processor.py:625} INFO - Processing file /opt/airflow/dags/scraping_daft_wexford.py for tasks to queue
[2021-12-15 09:24:07,495] {logging_mixin.py:109} INFO - [2021-12-15 09:24:07,495] {dagbag.py:500} INFO - Filling up the DagBag from /opt/airflow/dags/scraping_daft_wexford.py
[2021-12-15 09:24:07,597] {processor.py:637} INFO - DAG(s) dict_keys(['scraping_daft_wexford']) retrieved from /opt/airflow/dags/scraping_daft_wexford.py
[2021-12-15 09:24:07,619] {logging_mixin.py:109} INFO - [2021-12-15 09:24:07,619] {dag.py:2396} INFO - Sync 1 DAGs
[2021-12-15 09:24:07,656] {logging_mixin.py:109} INFO - [2021-12-15 09:24:07,656] {dag.py:2928} INFO - Setting next_dagrun for scraping_daft_wexford to 2021-12-14T11:25:00+00:00
[2021-12-15 09:24:07,672] {processor.py:171} INFO - Processing /opt/airflow/dags/scraping_daft_wexford.py took 0.186 seconds
[2021-12-15 09:24:38,240] {processor.py:163} INFO - Started process (PID=2669) to work on /opt/airflow/dags/scraping_daft_wexford.py
[2021-12-15 09:24:38,247] {processor.py:625} INFO - Processing file /opt/airflow/dags/scraping_daft_wexford.py for tasks to queue
[2021-12-15 09:24:38,250] {logging_mixin.py:109} INFO - [2021-12-15 09:24:38,249] {dagbag.py:500} INFO - Filling up the DagBag from /opt/airflow/dags/scraping_daft_wexford.py
[2021-12-15 09:24:38,349] {processor.py:637} INFO - DAG(s) dict_keys(['scraping_daft_wexford']) retrieved from /opt/airflow/dags/scraping_daft_wexford.py
[2021-12-15 09:24:38,374] {logging_mixin.py:109} INFO - [2021-12-15 09:24:38,374] {dag.py:2396} INFO - Sync 1 DAGs
[2021-12-15 09:24:38,426] {logging_mixin.py:109} INFO - [2021-12-15 09:24:38,426] {dag.py:2928} INFO - Setting next_dagrun for scraping_daft_wexford to 2021-12-14T11:25:00+00:00
[2021-12-15 09:24:38,444] {processor.py:171} INFO - Processing /opt/airflow/dags/scraping_daft_wexford.py took 0.211 seconds
[2021-12-15 09:25:09,157] {processor.py:163} INFO - Started process (PID=2728) to work on /opt/airflow/dags/scraping_daft_wexford.py
[2021-12-15 09:25:09,161] {processor.py:625} INFO - Processing file /opt/airflow/dags/scraping_daft_wexford.py for tasks to queue
[2021-12-15 09:25:09,163] {logging_mixin.py:109} INFO - [2021-12-15 09:25:09,163] {dagbag.py:500} INFO - Filling up the DagBag from /opt/airflow/dags/scraping_daft_wexford.py
[2021-12-15 09:25:09,270] {processor.py:637} INFO - DAG(s) dict_keys(['scraping_daft_wexford']) retrieved from /opt/airflow/dags/scraping_daft_wexford.py
[2021-12-15 09:25:09,288] {logging_mixin.py:109} INFO - [2021-12-15 09:25:09,288] {dag.py:2396} INFO - Sync 1 DAGs
[2021-12-15 09:25:09,364] {logging_mixin.py:109} INFO - [2021-12-15 09:25:09,363] {dag.py:2928} INFO - Setting next_dagrun for scraping_daft_wexford to 2021-12-14T11:25:00+00:00
[2021-12-15 09:25:09,391] {processor.py:171} INFO - Processing /opt/airflow/dags/scraping_daft_wexford.py took 0.241 seconds
[2021-12-15 09:25:39,569] {processor.py:163} INFO - Started process (PID=2776) to work on /opt/airflow/dags/scraping_daft_wexford.py
[2021-12-15 09:25:39,574] {processor.py:625} INFO - Processing file /opt/airflow/dags/scraping_daft_wexford.py for tasks to queue
[2021-12-15 09:25:39,577] {logging_mixin.py:109} INFO - [2021-12-15 09:25:39,577] {dagbag.py:500} INFO - Filling up the DagBag from /opt/airflow/dags/scraping_daft_wexford.py
[2021-12-15 09:25:39,732] {processor.py:637} INFO - DAG(s) dict_keys(['scraping_daft_wexford']) retrieved from /opt/airflow/dags/scraping_daft_wexford.py
[2021-12-15 09:25:39,764] {logging_mixin.py:109} INFO - [2021-12-15 09:25:39,764] {dag.py:2396} INFO - Sync 1 DAGs
[2021-12-15 09:25:39,835] {logging_mixin.py:109} INFO - [2021-12-15 09:25:39,834] {dag.py:2928} INFO - Setting next_dagrun for scraping_daft_wexford to 2021-12-14T11:25:00+00:00
[2021-12-15 09:25:39,863] {processor.py:171} INFO - Processing /opt/airflow/dags/scraping_daft_wexford.py took 0.304 seconds
[2021-12-15 09:26:10,874] {processor.py:163} INFO - Started process (PID=2834) to work on /opt/airflow/dags/scraping_daft_wexford.py
[2021-12-15 09:26:10,877] {processor.py:625} INFO - Processing file /opt/airflow/dags/scraping_daft_wexford.py for tasks to queue
[2021-12-15 09:26:10,882] {logging_mixin.py:109} INFO - [2021-12-15 09:26:10,882] {dagbag.py:500} INFO - Filling up the DagBag from /opt/airflow/dags/scraping_daft_wexford.py
[2021-12-15 09:26:11,088] {processor.py:637} INFO - DAG(s) dict_keys(['scraping_daft_wexford']) retrieved from /opt/airflow/dags/scraping_daft_wexford.py
[2021-12-15 09:26:11,115] {logging_mixin.py:109} INFO - [2021-12-15 09:26:11,114] {dag.py:2396} INFO - Sync 1 DAGs
[2021-12-15 09:26:11,182] {logging_mixin.py:109} INFO - [2021-12-15 09:26:11,182] {dag.py:2928} INFO - Setting next_dagrun for scraping_daft_wexford to 2021-12-14T11:25:00+00:00
[2021-12-15 09:26:11,204] {processor.py:171} INFO - Processing /opt/airflow/dags/scraping_daft_wexford.py took 0.361 seconds
[2021-12-15 09:26:41,725] {processor.py:163} INFO - Started process (PID=2881) to work on /opt/airflow/dags/scraping_daft_wexford.py
[2021-12-15 09:26:41,727] {processor.py:625} INFO - Processing file /opt/airflow/dags/scraping_daft_wexford.py for tasks to queue
[2021-12-15 09:26:41,729] {logging_mixin.py:109} INFO - [2021-12-15 09:26:41,728] {dagbag.py:500} INFO - Filling up the DagBag from /opt/airflow/dags/scraping_daft_wexford.py
[2021-12-15 09:26:41,796] {processor.py:637} INFO - DAG(s) dict_keys(['scraping_daft_wexford']) retrieved from /opt/airflow/dags/scraping_daft_wexford.py
[2021-12-15 09:26:41,811] {logging_mixin.py:109} INFO - [2021-12-15 09:26:41,810] {dag.py:2396} INFO - Sync 1 DAGs
[2021-12-15 09:26:41,846] {logging_mixin.py:109} INFO - [2021-12-15 09:26:41,846] {dag.py:2928} INFO - Setting next_dagrun for scraping_daft_wexford to 2021-12-14T11:25:00+00:00
[2021-12-15 09:26:41,862] {processor.py:171} INFO - Processing /opt/airflow/dags/scraping_daft_wexford.py took 0.141 seconds
[2021-12-15 09:27:11,975] {processor.py:163} INFO - Started process (PID=2936) to work on /opt/airflow/dags/scraping_daft_wexford.py
[2021-12-15 09:27:11,980] {processor.py:625} INFO - Processing file /opt/airflow/dags/scraping_daft_wexford.py for tasks to queue
[2021-12-15 09:27:11,981] {logging_mixin.py:109} INFO - [2021-12-15 09:27:11,981] {dagbag.py:500} INFO - Filling up the DagBag from /opt/airflow/dags/scraping_daft_wexford.py
[2021-12-15 09:27:12,069] {processor.py:637} INFO - DAG(s) dict_keys(['scraping_daft_wexford']) retrieved from /opt/airflow/dags/scraping_daft_wexford.py
[2021-12-15 09:27:12,088] {logging_mixin.py:109} INFO - [2021-12-15 09:27:12,088] {dag.py:2396} INFO - Sync 1 DAGs
[2021-12-15 09:27:12,133] {logging_mixin.py:109} INFO - [2021-12-15 09:27:12,133] {dag.py:2928} INFO - Setting next_dagrun for scraping_daft_wexford to 2021-12-14T11:25:00+00:00
[2021-12-15 09:27:12,158] {processor.py:171} INFO - Processing /opt/airflow/dags/scraping_daft_wexford.py took 0.187 seconds
[2021-12-15 09:27:42,670] {processor.py:163} INFO - Started process (PID=2986) to work on /opt/airflow/dags/scraping_daft_wexford.py
[2021-12-15 09:27:42,673] {processor.py:625} INFO - Processing file /opt/airflow/dags/scraping_daft_wexford.py for tasks to queue
[2021-12-15 09:27:42,675] {logging_mixin.py:109} INFO - [2021-12-15 09:27:42,675] {dagbag.py:500} INFO - Filling up the DagBag from /opt/airflow/dags/scraping_daft_wexford.py
[2021-12-15 09:27:42,744] {processor.py:637} INFO - DAG(s) dict_keys(['scraping_daft_wexford']) retrieved from /opt/airflow/dags/scraping_daft_wexford.py
[2021-12-15 09:27:42,758] {logging_mixin.py:109} INFO - [2021-12-15 09:27:42,758] {dag.py:2396} INFO - Sync 1 DAGs
[2021-12-15 09:27:42,789] {logging_mixin.py:109} INFO - [2021-12-15 09:27:42,788] {dag.py:2928} INFO - Setting next_dagrun for scraping_daft_wexford to 2021-12-14T11:25:00+00:00
[2021-12-15 09:27:42,802] {processor.py:171} INFO - Processing /opt/airflow/dags/scraping_daft_wexford.py took 0.137 seconds
[2021-12-15 09:28:13,451] {processor.py:163} INFO - Started process (PID=3035) to work on /opt/airflow/dags/scraping_daft_wexford.py
[2021-12-15 09:28:13,454] {processor.py:625} INFO - Processing file /opt/airflow/dags/scraping_daft_wexford.py for tasks to queue
[2021-12-15 09:28:13,455] {logging_mixin.py:109} INFO - [2021-12-15 09:28:13,455] {dagbag.py:500} INFO - Filling up the DagBag from /opt/airflow/dags/scraping_daft_wexford.py
[2021-12-15 09:28:13,524] {processor.py:637} INFO - DAG(s) dict_keys(['scraping_daft_wexford']) retrieved from /opt/airflow/dags/scraping_daft_wexford.py
[2021-12-15 09:28:13,540] {logging_mixin.py:109} INFO - [2021-12-15 09:28:13,540] {dag.py:2396} INFO - Sync 1 DAGs
[2021-12-15 09:28:13,573] {logging_mixin.py:109} INFO - [2021-12-15 09:28:13,573] {dag.py:2928} INFO - Setting next_dagrun for scraping_daft_wexford to 2021-12-14T11:25:00+00:00
[2021-12-15 09:28:13,588] {processor.py:171} INFO - Processing /opt/airflow/dags/scraping_daft_wexford.py took 0.140 seconds
[2021-12-15 09:28:44,365] {processor.py:163} INFO - Started process (PID=3093) to work on /opt/airflow/dags/scraping_daft_wexford.py
[2021-12-15 09:28:44,368] {processor.py:625} INFO - Processing file /opt/airflow/dags/scraping_daft_wexford.py for tasks to queue
[2021-12-15 09:28:44,369] {logging_mixin.py:109} INFO - [2021-12-15 09:28:44,369] {dagbag.py:500} INFO - Filling up the DagBag from /opt/airflow/dags/scraping_daft_wexford.py
[2021-12-15 09:28:44,443] {processor.py:637} INFO - DAG(s) dict_keys(['scraping_daft_wexford']) retrieved from /opt/airflow/dags/scraping_daft_wexford.py
[2021-12-15 09:28:44,459] {logging_mixin.py:109} INFO - [2021-12-15 09:28:44,459] {dag.py:2396} INFO - Sync 1 DAGs
[2021-12-15 09:28:44,492] {logging_mixin.py:109} INFO - [2021-12-15 09:28:44,492] {dag.py:2928} INFO - Setting next_dagrun for scraping_daft_wexford to 2021-12-14T11:25:00+00:00
[2021-12-15 09:28:44,507] {processor.py:171} INFO - Processing /opt/airflow/dags/scraping_daft_wexford.py took 0.146 seconds
[2021-12-15 09:29:14,976] {processor.py:163} INFO - Started process (PID=3141) to work on /opt/airflow/dags/scraping_daft_wexford.py
[2021-12-15 09:29:14,978] {processor.py:625} INFO - Processing file /opt/airflow/dags/scraping_daft_wexford.py for tasks to queue
[2021-12-15 09:29:14,979] {logging_mixin.py:109} INFO - [2021-12-15 09:29:14,979] {dagbag.py:500} INFO - Filling up the DagBag from /opt/airflow/dags/scraping_daft_wexford.py
[2021-12-15 09:29:15,047] {processor.py:637} INFO - DAG(s) dict_keys(['scraping_daft_wexford']) retrieved from /opt/airflow/dags/scraping_daft_wexford.py
[2021-12-15 09:29:15,062] {logging_mixin.py:109} INFO - [2021-12-15 09:29:15,062] {dag.py:2396} INFO - Sync 1 DAGs
[2021-12-15 09:29:15,102] {logging_mixin.py:109} INFO - [2021-12-15 09:29:15,102] {dag.py:2928} INFO - Setting next_dagrun for scraping_daft_wexford to 2021-12-14T11:25:00+00:00
[2021-12-15 09:29:15,116] {processor.py:171} INFO - Processing /opt/airflow/dags/scraping_daft_wexford.py took 0.144 seconds
[2021-12-15 09:29:45,618] {processor.py:163} INFO - Started process (PID=3199) to work on /opt/airflow/dags/scraping_daft_wexford.py
[2021-12-15 09:29:45,620] {processor.py:625} INFO - Processing file /opt/airflow/dags/scraping_daft_wexford.py for tasks to queue
[2021-12-15 09:29:45,622] {logging_mixin.py:109} INFO - [2021-12-15 09:29:45,622] {dagbag.py:500} INFO - Filling up the DagBag from /opt/airflow/dags/scraping_daft_wexford.py
[2021-12-15 09:29:45,719] {processor.py:637} INFO - DAG(s) dict_keys(['scraping_daft_wexford']) retrieved from /opt/airflow/dags/scraping_daft_wexford.py
[2021-12-15 09:29:45,742] {logging_mixin.py:109} INFO - [2021-12-15 09:29:45,742] {dag.py:2396} INFO - Sync 1 DAGs
[2021-12-15 09:29:45,793] {logging_mixin.py:109} INFO - [2021-12-15 09:29:45,793] {dag.py:2928} INFO - Setting next_dagrun for scraping_daft_wexford to 2021-12-14T11:25:00+00:00
[2021-12-15 09:29:45,818] {processor.py:171} INFO - Processing /opt/airflow/dags/scraping_daft_wexford.py took 0.204 seconds
[2021-12-15 09:30:16,442] {processor.py:163} INFO - Started process (PID=3247) to work on /opt/airflow/dags/scraping_daft_wexford.py
[2021-12-15 09:30:16,444] {processor.py:625} INFO - Processing file /opt/airflow/dags/scraping_daft_wexford.py for tasks to queue
[2021-12-15 09:30:16,445] {logging_mixin.py:109} INFO - [2021-12-15 09:30:16,445] {dagbag.py:500} INFO - Filling up the DagBag from /opt/airflow/dags/scraping_daft_wexford.py
[2021-12-15 09:30:16,548] {processor.py:637} INFO - DAG(s) dict_keys(['scraping_daft_wexford']) retrieved from /opt/airflow/dags/scraping_daft_wexford.py
[2021-12-15 09:30:16,575] {logging_mixin.py:109} INFO - [2021-12-15 09:30:16,575] {dag.py:2396} INFO - Sync 1 DAGs
[2021-12-15 09:30:16,624] {logging_mixin.py:109} INFO - [2021-12-15 09:30:16,624] {dag.py:2928} INFO - Setting next_dagrun for scraping_daft_wexford to 2021-12-14T11:25:00+00:00
[2021-12-15 09:30:16,647] {processor.py:171} INFO - Processing /opt/airflow/dags/scraping_daft_wexford.py took 0.209 seconds
[2021-12-15 09:30:47,203] {processor.py:163} INFO - Started process (PID=3304) to work on /opt/airflow/dags/scraping_daft_wexford.py
[2021-12-15 09:30:47,206] {processor.py:625} INFO - Processing file /opt/airflow/dags/scraping_daft_wexford.py for tasks to queue
[2021-12-15 09:30:47,207] {logging_mixin.py:109} INFO - [2021-12-15 09:30:47,207] {dagbag.py:500} INFO - Filling up the DagBag from /opt/airflow/dags/scraping_daft_wexford.py
[2021-12-15 09:30:47,283] {processor.py:637} INFO - DAG(s) dict_keys(['scraping_daft_wexford']) retrieved from /opt/airflow/dags/scraping_daft_wexford.py
[2021-12-15 09:30:47,299] {logging_mixin.py:109} INFO - [2021-12-15 09:30:47,299] {dag.py:2396} INFO - Sync 1 DAGs
[2021-12-15 09:30:47,333] {logging_mixin.py:109} INFO - [2021-12-15 09:30:47,333] {dag.py:2928} INFO - Setting next_dagrun for scraping_daft_wexford to 2021-12-14T11:25:00+00:00
[2021-12-15 09:30:47,347] {processor.py:171} INFO - Processing /opt/airflow/dags/scraping_daft_wexford.py took 0.149 seconds
[2021-12-15 09:31:18,130] {processor.py:163} INFO - Started process (PID=3361) to work on /opt/airflow/dags/scraping_daft_wexford.py
[2021-12-15 09:31:18,134] {processor.py:625} INFO - Processing file /opt/airflow/dags/scraping_daft_wexford.py for tasks to queue
[2021-12-15 09:31:18,136] {logging_mixin.py:109} INFO - [2021-12-15 09:31:18,136] {dagbag.py:500} INFO - Filling up the DagBag from /opt/airflow/dags/scraping_daft_wexford.py
[2021-12-15 09:31:18,218] {processor.py:637} INFO - DAG(s) dict_keys(['scraping_daft_wexford']) retrieved from /opt/airflow/dags/scraping_daft_wexford.py
[2021-12-15 09:31:18,240] {logging_mixin.py:109} INFO - [2021-12-15 09:31:18,240] {dag.py:2396} INFO - Sync 1 DAGs
[2021-12-15 09:31:18,282] {logging_mixin.py:109} INFO - [2021-12-15 09:31:18,282] {dag.py:2928} INFO - Setting next_dagrun for scraping_daft_wexford to 2021-12-14T11:25:00+00:00
[2021-12-15 09:31:18,317] {processor.py:171} INFO - Processing /opt/airflow/dags/scraping_daft_wexford.py took 0.192 seconds
[2021-12-15 09:31:48,633] {processor.py:163} INFO - Started process (PID=3409) to work on /opt/airflow/dags/scraping_daft_wexford.py
[2021-12-15 09:31:48,635] {processor.py:625} INFO - Processing file /opt/airflow/dags/scraping_daft_wexford.py for tasks to queue
[2021-12-15 09:31:48,636] {logging_mixin.py:109} INFO - [2021-12-15 09:31:48,636] {dagbag.py:500} INFO - Filling up the DagBag from /opt/airflow/dags/scraping_daft_wexford.py
[2021-12-15 09:31:48,715] {processor.py:637} INFO - DAG(s) dict_keys(['scraping_daft_wexford']) retrieved from /opt/airflow/dags/scraping_daft_wexford.py
[2021-12-15 09:31:48,731] {logging_mixin.py:109} INFO - [2021-12-15 09:31:48,731] {dag.py:2396} INFO - Sync 1 DAGs
[2021-12-15 09:31:48,781] {logging_mixin.py:109} INFO - [2021-12-15 09:31:48,781] {dag.py:2928} INFO - Setting next_dagrun for scraping_daft_wexford to 2021-12-14T11:25:00+00:00
[2021-12-15 09:31:48,801] {processor.py:171} INFO - Processing /opt/airflow/dags/scraping_daft_wexford.py took 0.176 seconds
[2021-12-15 09:32:19,434] {processor.py:163} INFO - Started process (PID=3457) to work on /opt/airflow/dags/scraping_daft_wexford.py
[2021-12-15 09:32:19,437] {processor.py:625} INFO - Processing file /opt/airflow/dags/scraping_daft_wexford.py for tasks to queue
[2021-12-15 09:32:19,438] {logging_mixin.py:109} INFO - [2021-12-15 09:32:19,438] {dagbag.py:500} INFO - Filling up the DagBag from /opt/airflow/dags/scraping_daft_wexford.py
[2021-12-15 09:32:19,543] {processor.py:637} INFO - DAG(s) dict_keys(['scraping_daft_wexford']) retrieved from /opt/airflow/dags/scraping_daft_wexford.py
[2021-12-15 09:32:19,568] {logging_mixin.py:109} INFO - [2021-12-15 09:32:19,568] {dag.py:2396} INFO - Sync 1 DAGs
[2021-12-15 09:32:19,624] {logging_mixin.py:109} INFO - [2021-12-15 09:32:19,623] {dag.py:2928} INFO - Setting next_dagrun for scraping_daft_wexford to 2021-12-14T11:25:00+00:00
[2021-12-15 09:32:19,647] {processor.py:171} INFO - Processing /opt/airflow/dags/scraping_daft_wexford.py took 0.217 seconds
[2021-12-15 09:32:50,322] {processor.py:163} INFO - Started process (PID=3516) to work on /opt/airflow/dags/scraping_daft_wexford.py
[2021-12-15 09:32:50,324] {processor.py:625} INFO - Processing file /opt/airflow/dags/scraping_daft_wexford.py for tasks to queue
[2021-12-15 09:32:50,325] {logging_mixin.py:109} INFO - [2021-12-15 09:32:50,325] {dagbag.py:500} INFO - Filling up the DagBag from /opt/airflow/dags/scraping_daft_wexford.py
[2021-12-15 09:32:50,401] {processor.py:637} INFO - DAG(s) dict_keys(['scraping_daft_wexford']) retrieved from /opt/airflow/dags/scraping_daft_wexford.py
[2021-12-15 09:32:50,416] {logging_mixin.py:109} INFO - [2021-12-15 09:32:50,416] {dag.py:2396} INFO - Sync 1 DAGs
[2021-12-15 09:32:50,448] {logging_mixin.py:109} INFO - [2021-12-15 09:32:50,447] {dag.py:2928} INFO - Setting next_dagrun for scraping_daft_wexford to 2021-12-14T11:25:00+00:00
[2021-12-15 09:32:50,466] {processor.py:171} INFO - Processing /opt/airflow/dags/scraping_daft_wexford.py took 0.149 seconds
[2021-12-15 09:33:20,858] {processor.py:163} INFO - Started process (PID=3563) to work on /opt/airflow/dags/scraping_daft_wexford.py
[2021-12-15 09:33:20,861] {processor.py:625} INFO - Processing file /opt/airflow/dags/scraping_daft_wexford.py for tasks to queue
[2021-12-15 09:33:20,863] {logging_mixin.py:109} INFO - [2021-12-15 09:33:20,863] {dagbag.py:500} INFO - Filling up the DagBag from /opt/airflow/dags/scraping_daft_wexford.py
[2021-12-15 09:33:20,946] {processor.py:637} INFO - DAG(s) dict_keys(['scraping_daft_wexford']) retrieved from /opt/airflow/dags/scraping_daft_wexford.py
[2021-12-15 09:33:20,969] {logging_mixin.py:109} INFO - [2021-12-15 09:33:20,969] {dag.py:2396} INFO - Sync 1 DAGs
[2021-12-15 09:33:21,020] {logging_mixin.py:109} INFO - [2021-12-15 09:33:21,020] {dag.py:2928} INFO - Setting next_dagrun for scraping_daft_wexford to 2021-12-14T11:25:00+00:00
[2021-12-15 09:33:21,045] {processor.py:171} INFO - Processing /opt/airflow/dags/scraping_daft_wexford.py took 0.192 seconds
[2021-12-15 09:33:52,097] {processor.py:163} INFO - Started process (PID=3620) to work on /opt/airflow/dags/scraping_daft_wexford.py
[2021-12-15 09:33:52,100] {processor.py:625} INFO - Processing file /opt/airflow/dags/scraping_daft_wexford.py for tasks to queue
[2021-12-15 09:33:52,101] {logging_mixin.py:109} INFO - [2021-12-15 09:33:52,101] {dagbag.py:500} INFO - Filling up the DagBag from /opt/airflow/dags/scraping_daft_wexford.py
[2021-12-15 09:33:52,173] {processor.py:637} INFO - DAG(s) dict_keys(['scraping_daft_wexford']) retrieved from /opt/airflow/dags/scraping_daft_wexford.py
[2021-12-15 09:33:52,191] {logging_mixin.py:109} INFO - [2021-12-15 09:33:52,190] {dag.py:2396} INFO - Sync 1 DAGs
[2021-12-15 09:33:52,233] {logging_mixin.py:109} INFO - [2021-12-15 09:33:52,233] {dag.py:2928} INFO - Setting next_dagrun for scraping_daft_wexford to 2021-12-14T11:25:00+00:00
[2021-12-15 09:33:52,252] {processor.py:171} INFO - Processing /opt/airflow/dags/scraping_daft_wexford.py took 0.159 seconds
[2021-12-15 09:34:22,852] {processor.py:163} INFO - Started process (PID=3668) to work on /opt/airflow/dags/scraping_daft_wexford.py
[2021-12-15 09:34:22,854] {processor.py:625} INFO - Processing file /opt/airflow/dags/scraping_daft_wexford.py for tasks to queue
[2021-12-15 09:34:22,856] {logging_mixin.py:109} INFO - [2021-12-15 09:34:22,856] {dagbag.py:500} INFO - Filling up the DagBag from /opt/airflow/dags/scraping_daft_wexford.py
[2021-12-15 09:34:22,945] {processor.py:637} INFO - DAG(s) dict_keys(['scraping_daft_wexford']) retrieved from /opt/airflow/dags/scraping_daft_wexford.py
[2021-12-15 09:34:22,963] {logging_mixin.py:109} INFO - [2021-12-15 09:34:22,963] {dag.py:2396} INFO - Sync 1 DAGs
[2021-12-15 09:34:23,005] {logging_mixin.py:109} INFO - [2021-12-15 09:34:23,005] {dag.py:2928} INFO - Setting next_dagrun for scraping_daft_wexford to 2021-12-14T11:25:00+00:00
[2021-12-15 09:34:23,022] {processor.py:171} INFO - Processing /opt/airflow/dags/scraping_daft_wexford.py took 0.175 seconds
[2021-12-15 09:34:53,702] {processor.py:163} INFO - Started process (PID=3726) to work on /opt/airflow/dags/scraping_daft_wexford.py
[2021-12-15 09:34:53,704] {processor.py:625} INFO - Processing file /opt/airflow/dags/scraping_daft_wexford.py for tasks to queue
[2021-12-15 09:34:53,706] {logging_mixin.py:109} INFO - [2021-12-15 09:34:53,706] {dagbag.py:500} INFO - Filling up the DagBag from /opt/airflow/dags/scraping_daft_wexford.py
[2021-12-15 09:34:53,789] {processor.py:637} INFO - DAG(s) dict_keys(['scraping_daft_wexford']) retrieved from /opt/airflow/dags/scraping_daft_wexford.py
[2021-12-15 09:34:53,805] {logging_mixin.py:109} INFO - [2021-12-15 09:34:53,805] {dag.py:2396} INFO - Sync 1 DAGs
[2021-12-15 09:34:53,841] {logging_mixin.py:109} INFO - [2021-12-15 09:34:53,841] {dag.py:2928} INFO - Setting next_dagrun for scraping_daft_wexford to 2021-12-14T11:25:00+00:00
[2021-12-15 09:34:53,859] {processor.py:171} INFO - Processing /opt/airflow/dags/scraping_daft_wexford.py took 0.162 seconds
[2021-12-15 09:35:24,551] {processor.py:163} INFO - Started process (PID=3775) to work on /opt/airflow/dags/scraping_daft_wexford.py
[2021-12-15 09:35:24,554] {processor.py:625} INFO - Processing file /opt/airflow/dags/scraping_daft_wexford.py for tasks to queue
[2021-12-15 09:35:24,556] {logging_mixin.py:109} INFO - [2021-12-15 09:35:24,556] {dagbag.py:500} INFO - Filling up the DagBag from /opt/airflow/dags/scraping_daft_wexford.py
[2021-12-15 09:35:24,633] {processor.py:637} INFO - DAG(s) dict_keys(['scraping_daft_wexford']) retrieved from /opt/airflow/dags/scraping_daft_wexford.py
[2021-12-15 09:35:24,648] {logging_mixin.py:109} INFO - [2021-12-15 09:35:24,648] {dag.py:2396} INFO - Sync 1 DAGs
[2021-12-15 09:35:24,681] {logging_mixin.py:109} INFO - [2021-12-15 09:35:24,681] {dag.py:2928} INFO - Setting next_dagrun for scraping_daft_wexford to 2021-12-14T11:25:00+00:00
[2021-12-15 09:35:24,697] {processor.py:171} INFO - Processing /opt/airflow/dags/scraping_daft_wexford.py took 0.149 seconds
[2021-12-15 09:35:55,275] {processor.py:163} INFO - Started process (PID=3831) to work on /opt/airflow/dags/scraping_daft_wexford.py
[2021-12-15 09:35:55,277] {processor.py:625} INFO - Processing file /opt/airflow/dags/scraping_daft_wexford.py for tasks to queue
[2021-12-15 09:35:55,278] {logging_mixin.py:109} INFO - [2021-12-15 09:35:55,278] {dagbag.py:500} INFO - Filling up the DagBag from /opt/airflow/dags/scraping_daft_wexford.py
[2021-12-15 09:35:55,352] {processor.py:637} INFO - DAG(s) dict_keys(['scraping_daft_wexford']) retrieved from /opt/airflow/dags/scraping_daft_wexford.py
[2021-12-15 09:35:55,368] {logging_mixin.py:109} INFO - [2021-12-15 09:35:55,367] {dag.py:2396} INFO - Sync 1 DAGs
[2021-12-15 09:35:55,405] {logging_mixin.py:109} INFO - [2021-12-15 09:35:55,405] {dag.py:2928} INFO - Setting next_dagrun for scraping_daft_wexford to 2021-12-14T11:25:00+00:00
[2021-12-15 09:35:55,421] {processor.py:171} INFO - Processing /opt/airflow/dags/scraping_daft_wexford.py took 0.150 seconds
[2021-12-15 09:36:25,946] {processor.py:163} INFO - Started process (PID=3878) to work on /opt/airflow/dags/scraping_daft_wexford.py
[2021-12-15 09:36:25,948] {processor.py:625} INFO - Processing file /opt/airflow/dags/scraping_daft_wexford.py for tasks to queue
[2021-12-15 09:36:25,950] {logging_mixin.py:109} INFO - [2021-12-15 09:36:25,950] {dagbag.py:500} INFO - Filling up the DagBag from /opt/airflow/dags/scraping_daft_wexford.py
[2021-12-15 09:36:26,029] {processor.py:637} INFO - DAG(s) dict_keys(['scraping_daft_wexford']) retrieved from /opt/airflow/dags/scraping_daft_wexford.py
[2021-12-15 09:36:26,045] {logging_mixin.py:109} INFO - [2021-12-15 09:36:26,045] {dag.py:2396} INFO - Sync 1 DAGs
[2021-12-15 09:36:26,081] {logging_mixin.py:109} INFO - [2021-12-15 09:36:26,081] {dag.py:2928} INFO - Setting next_dagrun for scraping_daft_wexford to 2021-12-14T11:25:00+00:00
[2021-12-15 09:36:26,102] {processor.py:171} INFO - Processing /opt/airflow/dags/scraping_daft_wexford.py took 0.164 seconds
[2021-12-15 09:36:57,006] {processor.py:163} INFO - Started process (PID=3935) to work on /opt/airflow/dags/scraping_daft_wexford.py
[2021-12-15 09:36:57,009] {processor.py:625} INFO - Processing file /opt/airflow/dags/scraping_daft_wexford.py for tasks to queue
[2021-12-15 09:36:57,011] {logging_mixin.py:109} INFO - [2021-12-15 09:36:57,011] {dagbag.py:500} INFO - Filling up the DagBag from /opt/airflow/dags/scraping_daft_wexford.py
[2021-12-15 09:36:57,104] {processor.py:637} INFO - DAG(s) dict_keys(['scraping_daft_wexford']) retrieved from /opt/airflow/dags/scraping_daft_wexford.py
[2021-12-15 09:36:57,127] {logging_mixin.py:109} INFO - [2021-12-15 09:36:57,127] {dag.py:2396} INFO - Sync 1 DAGs
[2021-12-15 09:36:57,175] {logging_mixin.py:109} INFO - [2021-12-15 09:36:57,175] {dag.py:2928} INFO - Setting next_dagrun for scraping_daft_wexford to 2021-12-14T11:25:00+00:00
[2021-12-15 09:36:57,204] {processor.py:171} INFO - Processing /opt/airflow/dags/scraping_daft_wexford.py took 0.203 seconds
[2021-12-15 09:37:27,998] {processor.py:163} INFO - Started process (PID=3981) to work on /opt/airflow/dags/scraping_daft_wexford.py
[2021-12-15 09:37:28,001] {processor.py:625} INFO - Processing file /opt/airflow/dags/scraping_daft_wexford.py for tasks to queue
[2021-12-15 09:37:28,002] {logging_mixin.py:109} INFO - [2021-12-15 09:37:28,002] {dagbag.py:500} INFO - Filling up the DagBag from /opt/airflow/dags/scraping_daft_wexford.py
[2021-12-15 09:37:28,083] {processor.py:637} INFO - DAG(s) dict_keys(['scraping_daft_wexford']) retrieved from /opt/airflow/dags/scraping_daft_wexford.py
[2021-12-15 09:37:28,103] {logging_mixin.py:109} INFO - [2021-12-15 09:37:28,102] {dag.py:2396} INFO - Sync 1 DAGs
[2021-12-15 09:37:28,140] {logging_mixin.py:109} INFO - [2021-12-15 09:37:28,140] {dag.py:2928} INFO - Setting next_dagrun for scraping_daft_wexford to 2021-12-14T11:25:00+00:00
[2021-12-15 09:37:28,158] {processor.py:171} INFO - Processing /opt/airflow/dags/scraping_daft_wexford.py took 0.164 seconds
[2021-12-15 09:37:58,951] {processor.py:163} INFO - Started process (PID=4039) to work on /opt/airflow/dags/scraping_daft_wexford.py
[2021-12-15 09:37:58,953] {processor.py:625} INFO - Processing file /opt/airflow/dags/scraping_daft_wexford.py for tasks to queue
[2021-12-15 09:37:58,955] {logging_mixin.py:109} INFO - [2021-12-15 09:37:58,955] {dagbag.py:500} INFO - Filling up the DagBag from /opt/airflow/dags/scraping_daft_wexford.py
[2021-12-15 09:37:59,030] {processor.py:637} INFO - DAG(s) dict_keys(['scraping_daft_wexford']) retrieved from /opt/airflow/dags/scraping_daft_wexford.py
[2021-12-15 09:37:59,048] {logging_mixin.py:109} INFO - [2021-12-15 09:37:59,048] {dag.py:2396} INFO - Sync 1 DAGs
[2021-12-15 09:37:59,091] {logging_mixin.py:109} INFO - [2021-12-15 09:37:59,091] {dag.py:2928} INFO - Setting next_dagrun for scraping_daft_wexford to 2021-12-14T11:25:00+00:00
[2021-12-15 09:37:59,107] {processor.py:171} INFO - Processing /opt/airflow/dags/scraping_daft_wexford.py took 0.159 seconds
[2021-12-15 09:38:29,177] {processor.py:163} INFO - Started process (PID=4087) to work on /opt/airflow/dags/scraping_daft_wexford.py
[2021-12-15 09:38:29,179] {processor.py:625} INFO - Processing file /opt/airflow/dags/scraping_daft_wexford.py for tasks to queue
[2021-12-15 09:38:29,181] {logging_mixin.py:109} INFO - [2021-12-15 09:38:29,181] {dagbag.py:500} INFO - Filling up the DagBag from /opt/airflow/dags/scraping_daft_wexford.py
[2021-12-15 09:38:29,258] {processor.py:637} INFO - DAG(s) dict_keys(['scraping_daft_wexford']) retrieved from /opt/airflow/dags/scraping_daft_wexford.py
[2021-12-15 09:38:29,273] {logging_mixin.py:109} INFO - [2021-12-15 09:38:29,273] {dag.py:2396} INFO - Sync 1 DAGs
[2021-12-15 09:38:29,310] {logging_mixin.py:109} INFO - [2021-12-15 09:38:29,310] {dag.py:2928} INFO - Setting next_dagrun for scraping_daft_wexford to 2021-12-14T11:25:00+00:00
[2021-12-15 09:38:29,330] {processor.py:171} INFO - Processing /opt/airflow/dags/scraping_daft_wexford.py took 0.157 seconds
[2021-12-15 09:40:41,756] {processor.py:163} INFO - Started process (PID=4165) to work on /opt/airflow/dags/scraping_daft_wexford.py
[2021-12-15 09:40:41,770] {processor.py:625} INFO - Processing file /opt/airflow/dags/scraping_daft_wexford.py for tasks to queue
[2021-12-15 09:40:41,804] {logging_mixin.py:109} INFO - [2021-12-15 09:40:41,804] {dagbag.py:500} INFO - Filling up the DagBag from /opt/airflow/dags/scraping_daft_wexford.py
[2021-12-15 09:40:42,929] {processor.py:637} INFO - DAG(s) dict_keys(['scraping_daft_wexford']) retrieved from /opt/airflow/dags/scraping_daft_wexford.py
[2021-12-15 09:40:43,109] {logging_mixin.py:109} INFO - [2021-12-15 09:40:43,108] {dag.py:2396} INFO - Sync 1 DAGs
[2021-12-15 09:40:43,562] {logging_mixin.py:109} INFO - [2021-12-15 09:40:43,561] {dag.py:2928} INFO - Setting next_dagrun for scraping_daft_wexford to 2021-12-14T11:25:00+00:00
[2021-12-15 09:40:43,828] {processor.py:171} INFO - Processing /opt/airflow/dags/scraping_daft_wexford.py took 2.103 seconds
[2021-12-15 09:41:14,110] {processor.py:163} INFO - Started process (PID=4207) to work on /opt/airflow/dags/scraping_daft_wexford.py
[2021-12-15 09:41:14,115] {processor.py:625} INFO - Processing file /opt/airflow/dags/scraping_daft_wexford.py for tasks to queue
[2021-12-15 09:41:14,116] {logging_mixin.py:109} INFO - [2021-12-15 09:41:14,116] {dagbag.py:500} INFO - Filling up the DagBag from /opt/airflow/dags/scraping_daft_wexford.py
[2021-12-15 09:41:14,187] {processor.py:637} INFO - DAG(s) dict_keys(['scraping_daft_wexford']) retrieved from /opt/airflow/dags/scraping_daft_wexford.py
[2021-12-15 09:41:14,204] {logging_mixin.py:109} INFO - [2021-12-15 09:41:14,204] {dag.py:2396} INFO - Sync 1 DAGs
[2021-12-15 09:41:14,228] {logging_mixin.py:109} INFO - [2021-12-15 09:41:14,228] {dag.py:2928} INFO - Setting next_dagrun for scraping_daft_wexford to 2021-12-14T11:25:00+00:00
[2021-12-15 09:41:14,242] {processor.py:171} INFO - Processing /opt/airflow/dags/scraping_daft_wexford.py took 0.136 seconds
[2021-12-15 09:47:00,376] {processor.py:163} INFO - Started process (PID=4238) to work on /opt/airflow/dags/scraping_daft_wexford.py
[2021-12-15 09:47:00,381] {processor.py:625} INFO - Processing file /opt/airflow/dags/scraping_daft_wexford.py for tasks to queue
[2021-12-15 09:47:00,384] {logging_mixin.py:109} INFO - [2021-12-15 09:47:00,384] {dagbag.py:500} INFO - Filling up the DagBag from /opt/airflow/dags/scraping_daft_wexford.py
[2021-12-15 09:47:00,539] {processor.py:637} INFO - DAG(s) dict_keys(['scraping_daft_wexford']) retrieved from /opt/airflow/dags/scraping_daft_wexford.py
[2021-12-15 09:47:00,581] {logging_mixin.py:109} INFO - [2021-12-15 09:47:00,581] {dag.py:2396} INFO - Sync 1 DAGs
[2021-12-15 09:47:00,630] {logging_mixin.py:109} INFO - [2021-12-15 09:47:00,630] {dag.py:2928} INFO - Setting next_dagrun for scraping_daft_wexford to 2021-12-14T11:25:00+00:00
[2021-12-15 09:47:00,652] {processor.py:171} INFO - Processing /opt/airflow/dags/scraping_daft_wexford.py took 0.289 seconds
[2021-12-15 09:47:30,764] {processor.py:163} INFO - Started process (PID=4296) to work on /opt/airflow/dags/scraping_daft_wexford.py
[2021-12-15 09:47:30,767] {processor.py:625} INFO - Processing file /opt/airflow/dags/scraping_daft_wexford.py for tasks to queue
[2021-12-15 09:47:30,769] {logging_mixin.py:109} INFO - [2021-12-15 09:47:30,769] {dagbag.py:500} INFO - Filling up the DagBag from /opt/airflow/dags/scraping_daft_wexford.py
[2021-12-15 09:47:30,854] {processor.py:637} INFO - DAG(s) dict_keys(['scraping_daft_wexford']) retrieved from /opt/airflow/dags/scraping_daft_wexford.py
[2021-12-15 09:47:30,874] {logging_mixin.py:109} INFO - [2021-12-15 09:47:30,874] {dag.py:2396} INFO - Sync 1 DAGs
[2021-12-15 09:47:30,916] {logging_mixin.py:109} INFO - [2021-12-15 09:47:30,916] {dag.py:2928} INFO - Setting next_dagrun for scraping_daft_wexford to 2021-12-14T11:25:00+00:00
[2021-12-15 09:47:30,937] {processor.py:171} INFO - Processing /opt/airflow/dags/scraping_daft_wexford.py took 0.178 seconds
[2021-12-15 09:47:50,506] {processor.py:163} INFO - Started process (PID=4331) to work on /opt/airflow/dags/scraping_daft_wexford.py
[2021-12-15 09:47:50,508] {processor.py:625} INFO - Processing file /opt/airflow/dags/scraping_daft_wexford.py for tasks to queue
[2021-12-15 09:47:50,510] {logging_mixin.py:109} INFO - [2021-12-15 09:47:50,510] {dagbag.py:500} INFO - Filling up the DagBag from /opt/airflow/dags/scraping_daft_wexford.py
[2021-12-15 09:47:50,609] {processor.py:637} INFO - DAG(s) dict_keys(['scraping_daft_wexford']) retrieved from /opt/airflow/dags/scraping_daft_wexford.py
[2021-12-15 09:47:50,819] {logging_mixin.py:109} INFO - [2021-12-15 09:47:50,819] {dag.py:2396} INFO - Sync 1 DAGs
[2021-12-15 09:47:50,852] {logging_mixin.py:109} INFO - [2021-12-15 09:47:50,852] {dag.py:2928} INFO - Setting next_dagrun for scraping_daft_wexford to 2021-12-14T11:25:00+00:00
[2021-12-15 09:47:50,884] {processor.py:171} INFO - Processing /opt/airflow/dags/scraping_daft_wexford.py took 0.383 seconds
