[2022-01-01 12:50:47,465] {taskinstance.py:1035} INFO - Dependencies all met for <TaskInstance: scraping_daft_waterford.notify_slack scheduled__2021-12-31T10:55:00+00:00 [queued]>
[2022-01-01 12:50:47,709] {taskinstance.py:1035} INFO - Dependencies all met for <TaskInstance: scraping_daft_waterford.notify_slack scheduled__2021-12-31T10:55:00+00:00 [queued]>
[2022-01-01 12:50:47,751] {taskinstance.py:1241} INFO - 
--------------------------------------------------------------------------------
[2022-01-01 12:50:47,755] {taskinstance.py:1242} INFO - Starting attempt 1 of 4
[2022-01-01 12:50:47,756] {taskinstance.py:1243} INFO - 
--------------------------------------------------------------------------------
[2022-01-01 12:50:47,995] {taskinstance.py:1262} INFO - Executing <Task(SlackWebhookOperator): notify_slack> on 2021-12-31 10:55:00+00:00
[2022-01-01 12:50:48,227] {standard_task_runner.py:76} INFO - Running: ['***', 'tasks', 'run', 'scraping_daft_waterford', 'notify_slack', 'scheduled__2021-12-31T10:55:00+00:00', '--job-id', '6009', '--raw', '--subdir', 'DAGS_FOLDER/scraping_daft_waterford.py', '--cfg-path', '/tmp/tmpi1pogr0j', '--error-file', '/tmp/tmpc04ik85e']
[2022-01-01 12:50:48,285] {standard_task_runner.py:77} INFO - Job 6009: Subtask notify_slack
[2022-01-01 12:50:48,080] {standard_task_runner.py:52} INFO - Started process 9850 to run task
[2022-01-01 12:50:49,187] {logging_mixin.py:109} INFO - Running <TaskInstance: scraping_daft_waterford.notify_slack scheduled__2021-12-31T10:55:00+00:00 [running]> on host 33b99c52f92c
[2022-01-01 12:50:53,452] {taskinstance.py:1429} INFO - Exporting the following env vars:
AIRFLOW_CTX_DAG_EMAIL=clement.liscoet@gmail.com
AIRFLOW_CTX_DAG_OWNER=clemoni
AIRFLOW_CTX_DAG_ID=scraping_daft_waterford
AIRFLOW_CTX_TASK_ID=notify_slack
AIRFLOW_CTX_EXECUTION_DATE=2021-12-31T10:55:00+00:00
AIRFLOW_CTX_DAG_RUN_ID=scheduled__2021-12-31T10:55:00+00:00
[2022-01-01 12:50:53,654] {base.py:79} INFO - Using connection to: id: slack_connect. Host: https://hooks.slack.com/services/, Port: None, Schema: , Login: , Password: ***, extra: {}
[2022-01-01 12:50:53,839] {base.py:79} INFO - Using connection to: id: slack_connect. Host: https://hooks.slack.com/services/, Port: None, Schema: , Login: , Password: ***, extra: {}
[2022-01-01 12:50:53,935] {http.py:140} INFO - Sending 'POST' to url: https://hooks.slack.com/services/***
[2022-01-01 12:50:55,675] {taskinstance.py:1280} INFO - Marking task as SUCCESS. dag_id=scraping_daft_waterford, task_id=notify_slack, execution_date=20211231T105500, start_date=20220101T125047, end_date=20220101T125055
[2022-01-01 12:50:56,074] {local_task_job.py:154} INFO - Task exited with return code 0
[2022-01-01 12:50:56,292] {local_task_job.py:264} INFO - 1 downstream tasks scheduled from follow-on schedule check
