[2021-12-17 09:10:50,609] {taskinstance.py:1035} INFO - Dependencies all met for <TaskInstance: scraping_daft_cavan.persist_data scheduled__2021-12-16T09:10:00+00:00 [queued]>
[2021-12-17 09:10:50,628] {taskinstance.py:1035} INFO - Dependencies all met for <TaskInstance: scraping_daft_cavan.persist_data scheduled__2021-12-16T09:10:00+00:00 [queued]>
[2021-12-17 09:10:50,629] {taskinstance.py:1241} INFO - 
--------------------------------------------------------------------------------
[2021-12-17 09:10:50,630] {taskinstance.py:1242} INFO - Starting attempt 1 of 4
[2021-12-17 09:10:50,631] {taskinstance.py:1243} INFO - 
--------------------------------------------------------------------------------
[2021-12-17 09:10:50,648] {taskinstance.py:1262} INFO - Executing <Task(SparkSubmitOperator): persist_data> on 2021-12-16 09:10:00+00:00
[2021-12-17 09:10:50,660] {standard_task_runner.py:76} INFO - Running: ['***', 'tasks', 'run', 'scraping_daft_cavan', 'persist_data', 'scheduled__2021-12-16T09:10:00+00:00', '--job-id', '2788', '--raw', '--subdir', 'DAGS_FOLDER/scraping_daft_cavan.py', '--cfg-path', '/tmp/tmpna00l64d', '--error-file', '/tmp/tmp3gk1tt1q']
[2021-12-17 09:10:50,662] {standard_task_runner.py:77} INFO - Job 2788: Subtask persist_data
[2021-12-17 09:10:50,656] {standard_task_runner.py:52} INFO - Started process 973 to run task
[2021-12-17 09:10:50,784] {logging_mixin.py:109} INFO - Running <TaskInstance: scraping_daft_cavan.persist_data scheduled__2021-12-16T09:10:00+00:00 [running]> on host ce860fbe488d
[2021-12-17 09:10:50,968] {taskinstance.py:1429} INFO - Exporting the following env vars:
AIRFLOW_CTX_DAG_EMAIL=clement.liscoet@gmail.com
AIRFLOW_CTX_DAG_OWNER=clemoni
AIRFLOW_CTX_DAG_ID=scraping_daft_cavan
AIRFLOW_CTX_TASK_ID=persist_data
AIRFLOW_CTX_EXECUTION_DATE=2021-12-16T09:10:00+00:00
AIRFLOW_CTX_DAG_RUN_ID=scheduled__2021-12-16T09:10:00+00:00
[2021-12-17 09:10:50,995] {base.py:79} INFO - Using connection to: id: spark_default. Host: spark://spark:7077, Port: None, Schema: , Login: ***, Password: ***, extra: {}
[2021-12-17 09:10:50,999] {spark_submit.py:360} INFO - Spark-Submit cmd: spark-submit --master spark://spark:7077 --conf spark.master=spark://spark:7077 --name persist data --verbose /opt/***/jobs/persist_db.py cavan
[2021-12-17 09:10:52,699] {spark_submit.py:514} INFO - Using properties file: null
[2021-12-17 09:10:52,813] {spark_submit.py:514} INFO - WARNING: An illegal reflective access operation has occurred
[2021-12-17 09:10:52,814] {spark_submit.py:514} INFO - WARNING: Illegal reflective access by org.apache.spark.unsafe.Platform (file:/home/***/.local/lib/python3.6/site-packages/pyspark/jars/spark-unsafe_2.12-3.2.0.jar) to constructor java.nio.DirectByteBuffer(long,int)
[2021-12-17 09:10:52,815] {spark_submit.py:514} INFO - WARNING: Please consider reporting this to the maintainers of org.apache.spark.unsafe.Platform
[2021-12-17 09:10:52,816] {spark_submit.py:514} INFO - WARNING: Use --illegal-access=warn to enable warnings of further illegal reflective access operations
[2021-12-17 09:10:52,817] {spark_submit.py:514} INFO - WARNING: All illegal access operations will be denied in a future release
[2021-12-17 09:10:52,872] {spark_submit.py:514} INFO - Parsed arguments:
[2021-12-17 09:10:52,873] {spark_submit.py:514} INFO - master                  spark://spark:7077
[2021-12-17 09:10:52,874] {spark_submit.py:514} INFO - deployMode              null
[2021-12-17 09:10:52,875] {spark_submit.py:514} INFO - executorMemory          null
[2021-12-17 09:10:52,876] {spark_submit.py:514} INFO - executorCores           null
[2021-12-17 09:10:52,877] {spark_submit.py:514} INFO - totalExecutorCores      null
[2021-12-17 09:10:52,879] {spark_submit.py:514} INFO - propertiesFile          null
[2021-12-17 09:10:52,879] {spark_submit.py:514} INFO - driverMemory            null
[2021-12-17 09:10:52,880] {spark_submit.py:514} INFO - driverCores             null
[2021-12-17 09:10:52,881] {spark_submit.py:514} INFO - driverExtraClassPath    null
[2021-12-17 09:10:52,882] {spark_submit.py:514} INFO - driverExtraLibraryPath  null
[2021-12-17 09:10:52,884] {spark_submit.py:514} INFO - driverExtraJavaOptions  null
[2021-12-17 09:10:52,885] {spark_submit.py:514} INFO - supervise               false
[2021-12-17 09:10:52,885] {spark_submit.py:514} INFO - queue                   null
[2021-12-17 09:10:52,886] {spark_submit.py:514} INFO - numExecutors            null
[2021-12-17 09:10:52,887] {spark_submit.py:514} INFO - files                   null
[2021-12-17 09:10:52,888] {spark_submit.py:514} INFO - pyFiles                 null
[2021-12-17 09:10:52,889] {spark_submit.py:514} INFO - archives                null
[2021-12-17 09:10:52,890] {spark_submit.py:514} INFO - mainClass               null
[2021-12-17 09:10:52,891] {spark_submit.py:514} INFO - primaryResource         file:/opt/***/jobs/persist_db.py
[2021-12-17 09:10:52,891] {spark_submit.py:514} INFO - name                    persist data
[2021-12-17 09:10:52,892] {spark_submit.py:514} INFO - childArgs               [cavan]
[2021-12-17 09:10:52,893] {spark_submit.py:514} INFO - jars                    null
[2021-12-17 09:10:52,894] {spark_submit.py:514} INFO - packages                null
[2021-12-17 09:10:52,895] {spark_submit.py:514} INFO - packagesExclusions      null
[2021-12-17 09:10:52,896] {spark_submit.py:514} INFO - repositories            null
[2021-12-17 09:10:52,897] {spark_submit.py:514} INFO - verbose                 true
[2021-12-17 09:10:52,898] {spark_submit.py:514} INFO - 
[2021-12-17 09:10:52,898] {spark_submit.py:514} INFO - Spark properties used, including those specified through
[2021-12-17 09:10:52,900] {spark_submit.py:514} INFO - --conf and those from the properties file null:
[2021-12-17 09:10:52,901] {spark_submit.py:514} INFO - (spark.master,spark://spark:7077)
[2021-12-17 09:10:52,901] {spark_submit.py:514} INFO - 
[2021-12-17 09:10:52,902] {spark_submit.py:514} INFO - 
[2021-12-17 09:10:53,239] {spark_submit.py:514} INFO - Main class:
[2021-12-17 09:10:53,240] {spark_submit.py:514} INFO - org.apache.spark.deploy.PythonRunner
[2021-12-17 09:10:53,242] {spark_submit.py:514} INFO - Arguments:
[2021-12-17 09:10:53,243] {spark_submit.py:514} INFO - file:/opt/***/jobs/persist_db.py
[2021-12-17 09:10:53,244] {spark_submit.py:514} INFO - null
[2021-12-17 09:10:53,245] {spark_submit.py:514} INFO - cavan
[2021-12-17 09:10:53,247] {spark_submit.py:514} INFO - --verbose
[2021-12-17 09:10:53,248] {spark_submit.py:514} INFO - Spark config:
[2021-12-17 09:10:53,249] {spark_submit.py:514} INFO - (spark.master,spark://spark:7077)
[2021-12-17 09:10:53,250] {spark_submit.py:514} INFO - (spark.app.name,persist data)
[2021-12-17 09:10:53,251] {spark_submit.py:514} INFO - (spark.submit.pyFiles,)
[2021-12-17 09:10:53,252] {spark_submit.py:514} INFO - (spark.submit.deployMode,client)
[2021-12-17 09:10:53,253] {spark_submit.py:514} INFO - Classpath elements:
[2021-12-17 09:10:53,254] {spark_submit.py:514} INFO - 
[2021-12-17 09:10:53,256] {spark_submit.py:514} INFO - 
[2021-12-17 09:10:53,257] {spark_submit.py:514} INFO - 
[2021-12-17 09:10:54,416] {spark_submit.py:514} INFO - Using Spark's default log4j profile: org/apache/spark/log4j-defaults.properties
[2021-12-17 09:10:54,433] {spark_submit.py:514} INFO - 21/12/17 09:10:54 INFO SparkContext: Running Spark version 3.2.0
[2021-12-17 09:10:54,559] {spark_submit.py:514} INFO - 21/12/17 09:10:54 WARN NativeCodeLoader: Unable to load native-hadoop library for your platform... using builtin-java classes where applicable
[2021-12-17 09:10:54,794] {spark_submit.py:514} INFO - 21/12/17 09:10:54 INFO ResourceUtils: ==============================================================
[2021-12-17 09:10:54,796] {spark_submit.py:514} INFO - 21/12/17 09:10:54 INFO ResourceUtils: No custom resources configured for spark.driver.
[2021-12-17 09:10:54,796] {spark_submit.py:514} INFO - 21/12/17 09:10:54 INFO ResourceUtils: ==============================================================
[2021-12-17 09:10:54,798] {spark_submit.py:514} INFO - 21/12/17 09:10:54 INFO SparkContext: Submitted application: Persist DB
[2021-12-17 09:10:54,835] {spark_submit.py:514} INFO - 21/12/17 09:10:54 INFO ResourceProfile: Default ResourceProfile created, executor resources: Map(cores -> name: cores, amount: 1, script: , vendor: , memory -> name: memory, amount: 1024, script: , vendor: , offHeap -> name: offHeap, amount: 0, script: , vendor: ), task resources: Map(cpus -> name: cpus, amount: 1.0)
[2021-12-17 09:10:54,850] {spark_submit.py:514} INFO - 21/12/17 09:10:54 INFO ResourceProfile: Limiting resource is cpu
[2021-12-17 09:10:54,851] {spark_submit.py:514} INFO - 21/12/17 09:10:54 INFO ResourceProfileManager: Added ResourceProfile id: 0
[2021-12-17 09:10:54,960] {spark_submit.py:514} INFO - 21/12/17 09:10:54 INFO SecurityManager: Changing view acls to: ***
[2021-12-17 09:10:54,981] {spark_submit.py:514} INFO - 21/12/17 09:10:54 INFO SecurityManager: Changing modify acls to: ***
[2021-12-17 09:10:54,982] {spark_submit.py:514} INFO - 21/12/17 09:10:54 INFO SecurityManager: Changing view acls groups to:
[2021-12-17 09:10:54,984] {spark_submit.py:514} INFO - 21/12/17 09:10:54 INFO SecurityManager: Changing modify acls groups to:
[2021-12-17 09:10:54,985] {spark_submit.py:514} INFO - 21/12/17 09:10:54 INFO SecurityManager: SecurityManager: authentication disabled; ui acls disabled; users  with view permissions: Set(***); groups with view permissions: Set(); users  with modify permissions: Set(***); groups with modify permissions: Set()
[2021-12-17 09:10:55,498] {spark_submit.py:514} INFO - 21/12/17 09:10:55 INFO Utils: Successfully started service 'sparkDriver' on port 34621.
[2021-12-17 09:10:55,548] {spark_submit.py:514} INFO - 21/12/17 09:10:55 INFO SparkEnv: Registering MapOutputTracker
[2021-12-17 09:10:55,624] {spark_submit.py:514} INFO - 21/12/17 09:10:55 INFO SparkEnv: Registering BlockManagerMaster
[2021-12-17 09:10:55,668] {spark_submit.py:514} INFO - 21/12/17 09:10:55 INFO BlockManagerMasterEndpoint: Using org.apache.spark.storage.DefaultTopologyMapper for getting topology information
[2021-12-17 09:10:55,670] {spark_submit.py:514} INFO - 21/12/17 09:10:55 INFO BlockManagerMasterEndpoint: BlockManagerMasterEndpoint up
[2021-12-17 09:10:55,683] {spark_submit.py:514} INFO - 21/12/17 09:10:55 INFO SparkEnv: Registering BlockManagerMasterHeartbeat
[2021-12-17 09:10:55,737] {spark_submit.py:514} INFO - 21/12/17 09:10:55 INFO DiskBlockManager: Created local directory at /tmp/blockmgr-5971abab-11b3-4acf-b9d1-07b3d6336371
[2021-12-17 09:10:55,784] {spark_submit.py:514} INFO - 21/12/17 09:10:55 INFO MemoryStore: MemoryStore started with capacity 434.4 MiB
[2021-12-17 09:10:55,823] {spark_submit.py:514} INFO - 21/12/17 09:10:55 INFO SparkEnv: Registering OutputCommitCoordinator
[2021-12-17 09:10:56,123] {spark_submit.py:514} INFO - 21/12/17 09:10:56 INFO Utils: Successfully started service 'SparkUI' on port 4040.
[2021-12-17 09:10:56,218] {spark_submit.py:514} INFO - 21/12/17 09:10:56 INFO SparkUI: Bound SparkUI to 0.0.0.0, and started at http://ce860fbe488d:4040
[2021-12-17 09:10:56,551] {spark_submit.py:514} INFO - 21/12/17 09:10:56 INFO StandaloneAppClient$ClientEndpoint: Connecting to master spark://spark:7077...
[2021-12-17 09:10:56,655] {spark_submit.py:514} INFO - 21/12/17 09:10:56 INFO TransportClientFactory: Successfully created connection to spark/172.18.0.4:7077 after 57 ms (0 ms spent in bootstraps)
[2021-12-17 09:10:56,868] {spark_submit.py:514} INFO - 21/12/17 09:10:56 INFO StandaloneSchedulerBackend: Connected to Spark cluster with app ID app-20211217091056-0004
[2021-12-17 09:10:56,883] {spark_submit.py:514} INFO - 21/12/17 09:10:56 INFO StandaloneAppClient$ClientEndpoint: Executor added: app-20211217091056-0004/0 on worker-20211217090523-172.18.0.5-46289 (172.18.0.5:46289) with 6 core(s)
[2021-12-17 09:10:56,886] {spark_submit.py:514} INFO - 21/12/17 09:10:56 INFO StandaloneSchedulerBackend: Granted executor ID app-20211217091056-0004/0 on hostPort 172.18.0.5:46289 with 6 core(s), 1024.0 MiB RAM
[2021-12-17 09:10:56,888] {spark_submit.py:514} INFO - 21/12/17 09:10:56 INFO StandaloneAppClient$ClientEndpoint: Executor added: app-20211217091056-0004/1 on worker-20211217090523-172.18.0.6-35853 (172.18.0.6:35853) with 6 core(s)
[2021-12-17 09:10:56,891] {spark_submit.py:514} INFO - 21/12/17 09:10:56 INFO StandaloneSchedulerBackend: Granted executor ID app-20211217091056-0004/1 on hostPort 172.18.0.6:35853 with 6 core(s), 1024.0 MiB RAM
[2021-12-17 09:10:56,916] {spark_submit.py:514} INFO - 21/12/17 09:10:56 INFO Utils: Successfully started service 'org.apache.spark.network.netty.NettyBlockTransferService' on port 46487.
[2021-12-17 09:10:56,917] {spark_submit.py:514} INFO - 21/12/17 09:10:56 INFO NettyBlockTransferService: Server created on ce860fbe488d:46487
[2021-12-17 09:10:56,923] {spark_submit.py:514} INFO - 21/12/17 09:10:56 INFO BlockManager: Using org.apache.spark.storage.RandomBlockReplicationPolicy for block replication policy
[2021-12-17 09:10:56,932] {spark_submit.py:514} INFO - 21/12/17 09:10:56 INFO StandaloneAppClient$ClientEndpoint: Executor updated: app-20211217091056-0004/0 is now RUNNING
[2021-12-17 09:10:56,934] {spark_submit.py:514} INFO - 21/12/17 09:10:56 INFO StandaloneAppClient$ClientEndpoint: Executor updated: app-20211217091056-0004/1 is now RUNNING
[2021-12-17 09:10:56,940] {spark_submit.py:514} INFO - 21/12/17 09:10:56 INFO BlockManagerMaster: Registering BlockManager BlockManagerId(driver, ce860fbe488d, 46487, None)
[2021-12-17 09:10:56,947] {spark_submit.py:514} INFO - 21/12/17 09:10:56 INFO BlockManagerMasterEndpoint: Registering block manager ce860fbe488d:46487 with 434.4 MiB RAM, BlockManagerId(driver, ce860fbe488d, 46487, None)
[2021-12-17 09:10:56,951] {spark_submit.py:514} INFO - 21/12/17 09:10:56 INFO BlockManagerMaster: Registered BlockManager BlockManagerId(driver, ce860fbe488d, 46487, None)
[2021-12-17 09:10:56,954] {spark_submit.py:514} INFO - 21/12/17 09:10:56 INFO BlockManager: Initialized BlockManager: BlockManagerId(driver, ce860fbe488d, 46487, None)
[2021-12-17 09:10:57,258] {spark_submit.py:514} INFO - 21/12/17 09:10:57 INFO StandaloneSchedulerBackend: SchedulerBackend is ready for scheduling beginning after reached minRegisteredResourcesRatio: 0.0
[2021-12-17 09:10:57,327] {spark_submit.py:514} INFO - /home/***/.local/lib/python3.6/site-packages/pyspark/python/lib/pyspark.zip/pyspark/context.py:238: FutureWarning: Python 3.6 support is deprecated in Spark 3.2.
[2021-12-17 09:10:57,328] {spark_submit.py:514} INFO - FutureWarning
[2021-12-17 09:10:57,644] {spark_submit.py:514} INFO - 21/12/17 09:10:57 INFO SharedState: Setting hive.metastore.warehouse.dir ('null') to the value of spark.sql.warehouse.dir.
[2021-12-17 09:10:57,685] {spark_submit.py:514} INFO - 21/12/17 09:10:57 INFO SharedState: Warehouse path is 'file:/opt/***/spark-warehouse'.
[2021-12-17 09:10:59,033] {spark_submit.py:514} INFO - 21/12/17 09:10:59 INFO SparkContext: Invoking stop() from shutdown hook
[2021-12-17 09:10:59,063] {spark_submit.py:514} INFO - 21/12/17 09:10:59 INFO SparkUI: Stopped Spark web UI at http://ce860fbe488d:4040
[2021-12-17 09:10:59,074] {spark_submit.py:514} INFO - 21/12/17 09:10:59 INFO StandaloneSchedulerBackend: Shutting down all executors
[2021-12-17 09:10:59,080] {spark_submit.py:514} INFO - 21/12/17 09:10:59 INFO CoarseGrainedSchedulerBackend$DriverEndpoint: Asking each executor to shut down
[2021-12-17 09:10:59,135] {spark_submit.py:514} INFO - 21/12/17 09:10:59 INFO MapOutputTrackerMasterEndpoint: MapOutputTrackerMasterEndpoint stopped!
[2021-12-17 09:10:59,162] {spark_submit.py:514} INFO - 21/12/17 09:10:59 INFO MemoryStore: MemoryStore cleared
[2021-12-17 09:10:59,165] {spark_submit.py:514} INFO - 21/12/17 09:10:59 INFO BlockManager: BlockManager stopped
[2021-12-17 09:10:59,187] {spark_submit.py:514} INFO - 21/12/17 09:10:59 INFO BlockManagerMaster: BlockManagerMaster stopped
[2021-12-17 09:10:59,192] {spark_submit.py:514} INFO - 21/12/17 09:10:59 INFO OutputCommitCoordinator$OutputCommitCoordinatorEndpoint: OutputCommitCoordinator stopped!
[2021-12-17 09:10:59,207] {spark_submit.py:514} INFO - 21/12/17 09:10:59 INFO SparkContext: Successfully stopped SparkContext
[2021-12-17 09:10:59,208] {spark_submit.py:514} INFO - 21/12/17 09:10:59 INFO ShutdownHookManager: Shutdown hook called
[2021-12-17 09:10:59,210] {spark_submit.py:514} INFO - 21/12/17 09:10:59 INFO ShutdownHookManager: Deleting directory /tmp/spark-d596c018-37bb-465a-accb-5aef264ee35e
[2021-12-17 09:10:59,218] {spark_submit.py:514} INFO - 21/12/17 09:10:59 INFO ShutdownHookManager: Deleting directory /tmp/spark-d596c018-37bb-465a-accb-5aef264ee35e/pyspark-d35dcc6a-aade-4352-8277-a63817b64cdd
[2021-12-17 09:10:59,223] {spark_submit.py:514} INFO - 21/12/17 09:10:59 INFO ShutdownHookManager: Deleting directory /tmp/spark-004c606b-9c5f-4c41-8073-2c9511b04846
[2021-12-17 09:10:59,330] {taskinstance.py:1280} INFO - Marking task as SUCCESS. dag_id=scraping_daft_cavan, task_id=persist_data, execution_date=20211216T091000, start_date=20211217T091050, end_date=20211217T091059
[2021-12-17 09:10:59,391] {local_task_job.py:154} INFO - Task exited with return code 0
[2021-12-17 09:10:59,491] {local_task_job.py:264} INFO - 1 downstream tasks scheduled from follow-on schedule check
