[2021-12-15 09:48:22,613] {taskinstance.py:1035} INFO - Dependencies all met for <TaskInstance: scraping_daft_kildare.persist_data scheduled__2021-12-14T09:45:00+00:00 [queued]>
[2021-12-15 09:48:22,634] {taskinstance.py:1035} INFO - Dependencies all met for <TaskInstance: scraping_daft_kildare.persist_data scheduled__2021-12-14T09:45:00+00:00 [queued]>
[2021-12-15 09:48:22,635] {taskinstance.py:1241} INFO - 
--------------------------------------------------------------------------------
[2021-12-15 09:48:22,636] {taskinstance.py:1242} INFO - Starting attempt 1 of 4
[2021-12-15 09:48:22,637] {taskinstance.py:1243} INFO - 
--------------------------------------------------------------------------------
[2021-12-15 09:48:22,656] {taskinstance.py:1262} INFO - Executing <Task(SparkSubmitOperator): persist_data> on 2021-12-14 09:45:00+00:00
[2021-12-15 09:48:22,667] {standard_task_runner.py:76} INFO - Running: ['***', 'tasks', 'run', 'scraping_daft_kildare', 'persist_data', 'scheduled__2021-12-14T09:45:00+00:00', '--job-id', '2453', '--raw', '--subdir', 'DAGS_FOLDER/scraping_daft_kildare.py', '--cfg-path', '/tmp/tmp6b_2bdtb', '--error-file', '/tmp/tmpcz_slsrw']
[2021-12-15 09:48:22,669] {standard_task_runner.py:77} INFO - Job 2453: Subtask persist_data
[2021-12-15 09:48:22,663] {standard_task_runner.py:52} INFO - Started process 14972 to run task
[2021-12-15 09:48:22,787] {logging_mixin.py:109} INFO - Running <TaskInstance: scraping_daft_kildare.persist_data scheduled__2021-12-14T09:45:00+00:00 [running]> on host e2904d252e94
[2021-12-15 09:48:22,932] {taskinstance.py:1429} INFO - Exporting the following env vars:
AIRFLOW_CTX_DAG_EMAIL=clement.liscoet@gmail.com
AIRFLOW_CTX_DAG_OWNER=clemoni
AIRFLOW_CTX_DAG_ID=scraping_daft_kildare
AIRFLOW_CTX_TASK_ID=persist_data
AIRFLOW_CTX_EXECUTION_DATE=2021-12-14T09:45:00+00:00
AIRFLOW_CTX_DAG_RUN_ID=scheduled__2021-12-14T09:45:00+00:00
[2021-12-15 09:48:22,968] {base.py:79} INFO - Using connection to: id: spark_default. Host: spark://spark:7077, Port: None, Schema: , Login: ***, Password: ***, extra: {}
[2021-12-15 09:48:22,972] {spark_submit.py:360} INFO - Spark-Submit cmd: spark-submit --master spark://spark:7077 --conf spark.master=spark://spark:7077 --name persist data --verbose /opt/***/jobs/persist_db.py kildare
[2021-12-15 09:48:25,116] {spark_submit.py:514} INFO - Using properties file: null
[2021-12-15 09:48:25,236] {spark_submit.py:514} INFO - WARNING: An illegal reflective access operation has occurred
[2021-12-15 09:48:25,237] {spark_submit.py:514} INFO - WARNING: Illegal reflective access by org.apache.spark.unsafe.Platform (file:/home/***/.local/lib/python3.6/site-packages/pyspark/jars/spark-unsafe_2.12-3.2.0.jar) to constructor java.nio.DirectByteBuffer(long,int)
[2021-12-15 09:48:25,238] {spark_submit.py:514} INFO - WARNING: Please consider reporting this to the maintainers of org.apache.spark.unsafe.Platform
[2021-12-15 09:48:25,240] {spark_submit.py:514} INFO - WARNING: Use --illegal-access=warn to enable warnings of further illegal reflective access operations
[2021-12-15 09:48:25,241] {spark_submit.py:514} INFO - WARNING: All illegal access operations will be denied in a future release
[2021-12-15 09:48:25,301] {spark_submit.py:514} INFO - Parsed arguments:
[2021-12-15 09:48:25,301] {spark_submit.py:514} INFO - master                  spark://spark:7077
[2021-12-15 09:48:25,302] {spark_submit.py:514} INFO - deployMode              null
[2021-12-15 09:48:25,303] {spark_submit.py:514} INFO - executorMemory          null
[2021-12-15 09:48:25,304] {spark_submit.py:514} INFO - executorCores           null
[2021-12-15 09:48:25,304] {spark_submit.py:514} INFO - totalExecutorCores      null
[2021-12-15 09:48:25,305] {spark_submit.py:514} INFO - propertiesFile          null
[2021-12-15 09:48:25,306] {spark_submit.py:514} INFO - driverMemory            null
[2021-12-15 09:48:25,307] {spark_submit.py:514} INFO - driverCores             null
[2021-12-15 09:48:25,308] {spark_submit.py:514} INFO - driverExtraClassPath    null
[2021-12-15 09:48:25,308] {spark_submit.py:514} INFO - driverExtraLibraryPath  null
[2021-12-15 09:48:25,310] {spark_submit.py:514} INFO - driverExtraJavaOptions  null
[2021-12-15 09:48:25,311] {spark_submit.py:514} INFO - supervise               false
[2021-12-15 09:48:25,311] {spark_submit.py:514} INFO - queue                   null
[2021-12-15 09:48:25,312] {spark_submit.py:514} INFO - numExecutors            null
[2021-12-15 09:48:25,313] {spark_submit.py:514} INFO - files                   null
[2021-12-15 09:48:25,314] {spark_submit.py:514} INFO - pyFiles                 null
[2021-12-15 09:48:25,314] {spark_submit.py:514} INFO - archives                null
[2021-12-15 09:48:25,315] {spark_submit.py:514} INFO - mainClass               null
[2021-12-15 09:48:25,316] {spark_submit.py:514} INFO - primaryResource         file:/opt/***/jobs/persist_db.py
[2021-12-15 09:48:25,317] {spark_submit.py:514} INFO - name                    persist data
[2021-12-15 09:48:25,317] {spark_submit.py:514} INFO - childArgs               [kildare]
[2021-12-15 09:48:25,318] {spark_submit.py:514} INFO - jars                    null
[2021-12-15 09:48:25,319] {spark_submit.py:514} INFO - packages                null
[2021-12-15 09:48:25,320] {spark_submit.py:514} INFO - packagesExclusions      null
[2021-12-15 09:48:25,320] {spark_submit.py:514} INFO - repositories            null
[2021-12-15 09:48:25,321] {spark_submit.py:514} INFO - verbose                 true
[2021-12-15 09:48:25,322] {spark_submit.py:514} INFO - 
[2021-12-15 09:48:25,323] {spark_submit.py:514} INFO - Spark properties used, including those specified through
[2021-12-15 09:48:25,324] {spark_submit.py:514} INFO - --conf and those from the properties file null:
[2021-12-15 09:48:25,325] {spark_submit.py:514} INFO - (spark.master,spark://spark:7077)
[2021-12-15 09:48:25,325] {spark_submit.py:514} INFO - 
[2021-12-15 09:48:25,326] {spark_submit.py:514} INFO - 
[2021-12-15 09:48:25,699] {spark_submit.py:514} INFO - Main class:
[2021-12-15 09:48:25,700] {spark_submit.py:514} INFO - org.apache.spark.deploy.PythonRunner
[2021-12-15 09:48:25,702] {spark_submit.py:514} INFO - Arguments:
[2021-12-15 09:48:25,703] {spark_submit.py:514} INFO - file:/opt/***/jobs/persist_db.py
[2021-12-15 09:48:25,703] {spark_submit.py:514} INFO - null
[2021-12-15 09:48:25,704] {spark_submit.py:514} INFO - kildare
[2021-12-15 09:48:25,705] {spark_submit.py:514} INFO - --verbose
[2021-12-15 09:48:25,706] {spark_submit.py:514} INFO - Spark config:
[2021-12-15 09:48:25,707] {spark_submit.py:514} INFO - (spark.master,spark://spark:7077)
[2021-12-15 09:48:25,708] {spark_submit.py:514} INFO - (spark.app.name,persist data)
[2021-12-15 09:48:25,708] {spark_submit.py:514} INFO - (spark.submit.pyFiles,)
[2021-12-15 09:48:25,709] {spark_submit.py:514} INFO - (spark.submit.deployMode,client)
[2021-12-15 09:48:25,710] {spark_submit.py:514} INFO - Classpath elements:
[2021-12-15 09:48:25,711] {spark_submit.py:514} INFO - 
[2021-12-15 09:48:25,711] {spark_submit.py:514} INFO - 
[2021-12-15 09:48:25,712] {spark_submit.py:514} INFO - 
[2021-12-15 09:48:26,845] {spark_submit.py:514} INFO - Using Spark's default log4j profile: org/apache/spark/log4j-defaults.properties
[2021-12-15 09:48:26,864] {spark_submit.py:514} INFO - 21/12/15 09:48:26 INFO SparkContext: Running Spark version 3.2.0
[2021-12-15 09:48:26,967] {spark_submit.py:514} INFO - 21/12/15 09:48:26 WARN NativeCodeLoader: Unable to load native-hadoop library for your platform... using builtin-java classes where applicable
[2021-12-15 09:48:27,160] {spark_submit.py:514} INFO - 21/12/15 09:48:27 INFO ResourceUtils: ==============================================================
[2021-12-15 09:48:27,161] {spark_submit.py:514} INFO - 21/12/15 09:48:27 INFO ResourceUtils: No custom resources configured for spark.driver.
[2021-12-15 09:48:27,161] {spark_submit.py:514} INFO - 21/12/15 09:48:27 INFO ResourceUtils: ==============================================================
[2021-12-15 09:48:27,162] {spark_submit.py:514} INFO - 21/12/15 09:48:27 INFO SparkContext: Submitted application: Persist DB
[2021-12-15 09:48:27,199] {spark_submit.py:514} INFO - 21/12/15 09:48:27 INFO ResourceProfile: Default ResourceProfile created, executor resources: Map(cores -> name: cores, amount: 1, script: , vendor: , memory -> name: memory, amount: 1024, script: , vendor: , offHeap -> name: offHeap, amount: 0, script: , vendor: ), task resources: Map(cpus -> name: cpus, amount: 1.0)
[2021-12-15 09:48:27,217] {spark_submit.py:514} INFO - 21/12/15 09:48:27 INFO ResourceProfile: Limiting resource is cpu
[2021-12-15 09:48:27,218] {spark_submit.py:514} INFO - 21/12/15 09:48:27 INFO ResourceProfileManager: Added ResourceProfile id: 0
[2021-12-15 09:48:27,315] {spark_submit.py:514} INFO - 21/12/15 09:48:27 INFO SecurityManager: Changing view acls to: ***
[2021-12-15 09:48:27,317] {spark_submit.py:514} INFO - 21/12/15 09:48:27 INFO SecurityManager: Changing modify acls to: ***
[2021-12-15 09:48:27,318] {spark_submit.py:514} INFO - 21/12/15 09:48:27 INFO SecurityManager: Changing view acls groups to:
[2021-12-15 09:48:27,319] {spark_submit.py:514} INFO - 21/12/15 09:48:27 INFO SecurityManager: Changing modify acls groups to:
[2021-12-15 09:48:27,320] {spark_submit.py:514} INFO - 21/12/15 09:48:27 INFO SecurityManager: SecurityManager: authentication disabled; ui acls disabled; users  with view permissions: Set(***); groups with view permissions: Set(); users  with modify permissions: Set(***); groups with modify permissions: Set()
[2021-12-15 09:48:27,788] {spark_submit.py:514} INFO - 21/12/15 09:48:27 INFO Utils: Successfully started service 'sparkDriver' on port 42227.
[2021-12-15 09:48:27,843] {spark_submit.py:514} INFO - 21/12/15 09:48:27 INFO SparkEnv: Registering MapOutputTracker
[2021-12-15 09:48:27,907] {spark_submit.py:514} INFO - 21/12/15 09:48:27 INFO SparkEnv: Registering BlockManagerMaster
[2021-12-15 09:48:27,947] {spark_submit.py:514} INFO - 21/12/15 09:48:27 INFO BlockManagerMasterEndpoint: Using org.apache.spark.storage.DefaultTopologyMapper for getting topology information
[2021-12-15 09:48:27,949] {spark_submit.py:514} INFO - 21/12/15 09:48:27 INFO BlockManagerMasterEndpoint: BlockManagerMasterEndpoint up
[2021-12-15 09:48:27,958] {spark_submit.py:514} INFO - 21/12/15 09:48:27 INFO SparkEnv: Registering BlockManagerMasterHeartbeat
[2021-12-15 09:48:28,014] {spark_submit.py:514} INFO - 21/12/15 09:48:28 INFO DiskBlockManager: Created local directory at /tmp/blockmgr-ec09356b-f856-44e3-bcee-307df1a70165
[2021-12-15 09:48:28,058] {spark_submit.py:514} INFO - 21/12/15 09:48:28 INFO MemoryStore: MemoryStore started with capacity 434.4 MiB
[2021-12-15 09:48:28,088] {spark_submit.py:514} INFO - 21/12/15 09:48:28 INFO SparkEnv: Registering OutputCommitCoordinator
[2021-12-15 09:48:28,445] {spark_submit.py:514} INFO - 21/12/15 09:48:28 INFO Utils: Successfully started service 'SparkUI' on port 4040.
[2021-12-15 09:48:28,541] {spark_submit.py:514} INFO - 21/12/15 09:48:28 INFO SparkUI: Bound SparkUI to 0.0.0.0, and started at http://e2904d252e94:4040
[2021-12-15 09:48:28,871] {spark_submit.py:514} INFO - 21/12/15 09:48:28 INFO StandaloneAppClient$ClientEndpoint: Connecting to master spark://spark:7077...
[2021-12-15 09:48:28,960] {spark_submit.py:514} INFO - 21/12/15 09:48:28 INFO TransportClientFactory: Successfully created connection to spark/172.19.0.4:7077 after 50 ms (0 ms spent in bootstraps)
[2021-12-15 09:48:29,075] {spark_submit.py:514} INFO - 21/12/15 09:48:29 INFO StandaloneSchedulerBackend: Connected to Spark cluster with app ID app-20211215094829-0078
[2021-12-15 09:48:29,077] {spark_submit.py:514} INFO - 21/12/15 09:48:29 INFO StandaloneAppClient$ClientEndpoint: Executor added: app-20211215094829-0078/0 on worker-20211215085029-172.19.0.6-38383 (172.19.0.6:38383) with 6 core(s)
[2021-12-15 09:48:29,080] {spark_submit.py:514} INFO - 21/12/15 09:48:29 INFO StandaloneSchedulerBackend: Granted executor ID app-20211215094829-0078/0 on hostPort 172.19.0.6:38383 with 6 core(s), 1024.0 MiB RAM
[2021-12-15 09:48:29,081] {spark_submit.py:514} INFO - 21/12/15 09:48:29 INFO StandaloneAppClient$ClientEndpoint: Executor added: app-20211215094829-0078/1 on worker-20211215085029-172.19.0.5-33915 (172.19.0.5:33915) with 6 core(s)
[2021-12-15 09:48:29,083] {spark_submit.py:514} INFO - 21/12/15 09:48:29 INFO StandaloneSchedulerBackend: Granted executor ID app-20211215094829-0078/1 on hostPort 172.19.0.5:33915 with 6 core(s), 1024.0 MiB RAM
[2021-12-15 09:48:29,091] {spark_submit.py:514} INFO - 21/12/15 09:48:29 INFO Utils: Successfully started service 'org.apache.spark.network.netty.NettyBlockTransferService' on port 32927.
[2021-12-15 09:48:29,092] {spark_submit.py:514} INFO - 21/12/15 09:48:29 INFO NettyBlockTransferService: Server created on e2904d252e94:32927
[2021-12-15 09:48:29,096] {spark_submit.py:514} INFO - 21/12/15 09:48:29 INFO BlockManager: Using org.apache.spark.storage.RandomBlockReplicationPolicy for block replication policy
[2021-12-15 09:48:29,115] {spark_submit.py:514} INFO - 21/12/15 09:48:29 INFO BlockManagerMaster: Registering BlockManager BlockManagerId(driver, e2904d252e94, 32927, None)
[2021-12-15 09:48:29,134] {spark_submit.py:514} INFO - 21/12/15 09:48:29 INFO BlockManagerMasterEndpoint: Registering block manager e2904d252e94:32927 with 434.4 MiB RAM, BlockManagerId(driver, e2904d252e94, 32927, None)
[2021-12-15 09:48:29,141] {spark_submit.py:514} INFO - 21/12/15 09:48:29 INFO BlockManagerMaster: Registered BlockManager BlockManagerId(driver, e2904d252e94, 32927, None)
[2021-12-15 09:48:29,146] {spark_submit.py:514} INFO - 21/12/15 09:48:29 INFO BlockManager: Initialized BlockManager: BlockManagerId(driver, e2904d252e94, 32927, None)
[2021-12-15 09:48:29,179] {spark_submit.py:514} INFO - 21/12/15 09:48:29 INFO StandaloneAppClient$ClientEndpoint: Executor updated: app-20211215094829-0078/1 is now RUNNING
[2021-12-15 09:48:29,189] {spark_submit.py:514} INFO - 21/12/15 09:48:29 INFO StandaloneAppClient$ClientEndpoint: Executor updated: app-20211215094829-0078/0 is now RUNNING
[2021-12-15 09:48:29,537] {spark_submit.py:514} INFO - 21/12/15 09:48:29 INFO StandaloneSchedulerBackend: SchedulerBackend is ready for scheduling beginning after reached minRegisteredResourcesRatio: 0.0
[2021-12-15 09:48:29,621] {spark_submit.py:514} INFO - /home/***/.local/lib/python3.6/site-packages/pyspark/python/lib/pyspark.zip/pyspark/context.py:238: FutureWarning: Python 3.6 support is deprecated in Spark 3.2.
[2021-12-15 09:48:29,622] {spark_submit.py:514} INFO - FutureWarning
[2021-12-15 09:48:29,945] {spark_submit.py:514} INFO - 21/12/15 09:48:29 INFO SharedState: Setting hive.metastore.warehouse.dir ('null') to the value of spark.sql.warehouse.dir.
[2021-12-15 09:48:29,983] {spark_submit.py:514} INFO - 21/12/15 09:48:29 INFO SharedState: Warehouse path is 'file:/opt/***/spark-warehouse'.
[2021-12-15 09:48:31,357] {spark_submit.py:514} INFO - 21/12/15 09:48:31 INFO SparkContext: Invoking stop() from shutdown hook
[2021-12-15 09:48:31,391] {spark_submit.py:514} INFO - 21/12/15 09:48:31 INFO SparkUI: Stopped Spark web UI at http://e2904d252e94:4040
[2021-12-15 09:48:31,405] {spark_submit.py:514} INFO - 21/12/15 09:48:31 INFO StandaloneSchedulerBackend: Shutting down all executors
[2021-12-15 09:48:31,414] {spark_submit.py:514} INFO - 21/12/15 09:48:31 INFO CoarseGrainedSchedulerBackend$DriverEndpoint: Asking each executor to shut down
[2021-12-15 09:48:31,460] {spark_submit.py:514} INFO - 21/12/15 09:48:31 INFO MapOutputTrackerMasterEndpoint: MapOutputTrackerMasterEndpoint stopped!
[2021-12-15 09:48:31,504] {spark_submit.py:514} INFO - 21/12/15 09:48:31 INFO MemoryStore: MemoryStore cleared
[2021-12-15 09:48:31,507] {spark_submit.py:514} INFO - 21/12/15 09:48:31 INFO BlockManager: BlockManager stopped
[2021-12-15 09:48:31,522] {spark_submit.py:514} INFO - 21/12/15 09:48:31 INFO BlockManagerMaster: BlockManagerMaster stopped
[2021-12-15 09:48:31,526] {spark_submit.py:514} INFO - 21/12/15 09:48:31 INFO OutputCommitCoordinator$OutputCommitCoordinatorEndpoint: OutputCommitCoordinator stopped!
[2021-12-15 09:48:31,542] {spark_submit.py:514} INFO - 21/12/15 09:48:31 INFO SparkContext: Successfully stopped SparkContext
[2021-12-15 09:48:31,544] {spark_submit.py:514} INFO - 21/12/15 09:48:31 INFO ShutdownHookManager: Shutdown hook called
[2021-12-15 09:48:31,545] {spark_submit.py:514} INFO - 21/12/15 09:48:31 INFO ShutdownHookManager: Deleting directory /tmp/spark-2fb29761-e6a2-414b-a59c-03e5822a5a5e
[2021-12-15 09:48:31,551] {spark_submit.py:514} INFO - 21/12/15 09:48:31 INFO ShutdownHookManager: Deleting directory /tmp/spark-ec9c1cd1-3ad2-4bbe-8ad9-5259906e95b8
[2021-12-15 09:48:31,557] {spark_submit.py:514} INFO - 21/12/15 09:48:31 INFO ShutdownHookManager: Deleting directory /tmp/spark-2fb29761-e6a2-414b-a59c-03e5822a5a5e/pyspark-2989e9db-1ef3-44b6-8732-94e2dc3f6251
[2021-12-15 09:48:31,683] {taskinstance.py:1280} INFO - Marking task as SUCCESS. dag_id=scraping_daft_kildare, task_id=persist_data, execution_date=20211214T094500, start_date=20211215T094822, end_date=20211215T094831
[2021-12-15 09:48:31,724] {local_task_job.py:154} INFO - Task exited with return code 0
[2021-12-15 09:48:31,809] {local_task_job.py:264} INFO - 1 downstream tasks scheduled from follow-on schedule check
