[2021-12-26 10:00:19,600] {taskinstance.py:1035} INFO - Dependencies all met for <TaskInstance: scraping_daft_leitrim.waiting_for_file scheduled__2021-12-25T10:00:00+00:00 [queued]>
[2021-12-26 10:00:19,617] {taskinstance.py:1035} INFO - Dependencies all met for <TaskInstance: scraping_daft_leitrim.waiting_for_file scheduled__2021-12-25T10:00:00+00:00 [queued]>
[2021-12-26 10:00:19,618] {taskinstance.py:1241} INFO - 
--------------------------------------------------------------------------------
[2021-12-26 10:00:19,619] {taskinstance.py:1242} INFO - Starting attempt 1 of 4
[2021-12-26 10:00:19,620] {taskinstance.py:1243} INFO - 
--------------------------------------------------------------------------------
[2021-12-26 10:00:19,639] {taskinstance.py:1262} INFO - Executing <Task(FileSensor): waiting_for_file> on 2021-12-25 10:00:00+00:00
[2021-12-26 10:00:19,649] {standard_task_runner.py:76} INFO - Running: ['***', 'tasks', 'run', 'scraping_daft_leitrim', 'waiting_for_file', 'scheduled__2021-12-25T10:00:00+00:00', '--job-id', '4650', '--raw', '--subdir', 'DAGS_FOLDER/scraping_daft_leitrim.py', '--cfg-path', '/tmp/tmpms7d8ym9', '--error-file', '/tmp/tmpz512im6y']
[2021-12-26 10:00:19,651] {standard_task_runner.py:77} INFO - Job 4650: Subtask waiting_for_file
[2021-12-26 10:00:19,645] {standard_task_runner.py:52} INFO - Started process 72211 to run task
[2021-12-26 10:00:19,762] {logging_mixin.py:109} INFO - Running <TaskInstance: scraping_daft_leitrim.waiting_for_file scheduled__2021-12-25T10:00:00+00:00 [running]> on host dd6c6a1cba03
[2021-12-26 10:00:19,883] {taskinstance.py:1429} INFO - Exporting the following env vars:
AIRFLOW_CTX_DAG_EMAIL=clement.liscoet@gmail.com
AIRFLOW_CTX_DAG_OWNER=clemoni
AIRFLOW_CTX_DAG_ID=scraping_daft_leitrim
AIRFLOW_CTX_TASK_ID=waiting_for_file
AIRFLOW_CTX_EXECUTION_DATE=2021-12-25T10:00:00+00:00
AIRFLOW_CTX_DAG_RUN_ID=scheduled__2021-12-25T10:00:00+00:00
[2021-12-26 10:00:19,919] {filesystem.py:59} INFO - Poking for file data/leitrim_rent.json
[2021-12-26 10:00:19,920] {filesystem.py:65} INFO - Found File data/leitrim_rent.json last modified: 20211226100017
[2021-12-26 10:00:19,921] {base.py:249} INFO - Success criteria met. Exiting.
[2021-12-26 10:00:19,956] {taskinstance.py:1280} INFO - Marking task as SUCCESS. dag_id=scraping_daft_leitrim, task_id=waiting_for_file, execution_date=20211225T100000, start_date=20211226T100019, end_date=20211226T100019
[2021-12-26 10:00:19,990] {local_task_job.py:154} INFO - Task exited with return code 0
[2021-12-26 10:00:20,101] {local_task_job.py:264} INFO - 1 downstream tasks scheduled from follow-on schedule check
