[2021-12-21 10:27:50,809] {taskinstance.py:1035} INFO - Dependencies all met for <TaskInstance: scraping_daft_meath.waiting_for_file scheduled__2021-12-20T10:25:00+00:00 [queued]>
[2021-12-21 10:27:50,824] {taskinstance.py:1035} INFO - Dependencies all met for <TaskInstance: scraping_daft_meath.waiting_for_file scheduled__2021-12-20T10:25:00+00:00 [queued]>
[2021-12-21 10:27:50,825] {taskinstance.py:1241} INFO - 
--------------------------------------------------------------------------------
[2021-12-21 10:27:50,826] {taskinstance.py:1242} INFO - Starting attempt 1 of 4
[2021-12-21 10:27:50,826] {taskinstance.py:1243} INFO - 
--------------------------------------------------------------------------------
[2021-12-21 10:27:50,845] {taskinstance.py:1262} INFO - Executing <Task(FileSensor): waiting_for_file> on 2021-12-20 10:25:00+00:00
[2021-12-21 10:27:50,854] {standard_task_runner.py:76} INFO - Running: ['***', 'tasks', 'run', 'scraping_daft_meath', 'waiting_for_file', 'scheduled__2021-12-20T10:25:00+00:00', '--job-id', '3710', '--raw', '--subdir', 'DAGS_FOLDER/scraping_daft_meath.py', '--cfg-path', '/tmp/tmpufmt9bmp', '--error-file', '/tmp/tmp7cg10sj2']
[2021-12-21 10:27:50,856] {standard_task_runner.py:77} INFO - Job 3710: Subtask waiting_for_file
[2021-12-21 10:27:50,851] {standard_task_runner.py:52} INFO - Started process 11286 to run task
[2021-12-21 10:27:50,947] {logging_mixin.py:109} INFO - Running <TaskInstance: scraping_daft_meath.waiting_for_file scheduled__2021-12-20T10:25:00+00:00 [running]> on host 99ae224ffe2d
[2021-12-21 10:27:51,126] {taskinstance.py:1429} INFO - Exporting the following env vars:
AIRFLOW_CTX_DAG_EMAIL=clement.liscoet@gmail.com
AIRFLOW_CTX_DAG_OWNER=clemoni
AIRFLOW_CTX_DAG_ID=scraping_daft_meath
AIRFLOW_CTX_TASK_ID=waiting_for_file
AIRFLOW_CTX_EXECUTION_DATE=2021-12-20T10:25:00+00:00
AIRFLOW_CTX_DAG_RUN_ID=scheduled__2021-12-20T10:25:00+00:00
[2021-12-21 10:27:51,191] {filesystem.py:59} INFO - Poking for file data/meath_rent.json
[2021-12-21 10:27:51,194] {filesystem.py:65} INFO - Found File data/meath_rent.json last modified: 20211221102748
[2021-12-21 10:27:51,195] {base.py:249} INFO - Success criteria met. Exiting.
[2021-12-21 10:27:51,236] {taskinstance.py:1280} INFO - Marking task as SUCCESS. dag_id=scraping_daft_meath, task_id=waiting_for_file, execution_date=20211220T102500, start_date=20211221T102750, end_date=20211221T102751
[2021-12-21 10:27:51,278] {local_task_job.py:154} INFO - Task exited with return code 0
[2021-12-21 10:27:51,399] {local_task_job.py:264} INFO - 1 downstream tasks scheduled from follow-on schedule check
