[2021-12-17 09:07:36,178] {taskinstance.py:1035} INFO - Dependencies all met for <TaskInstance: scraping_daft_carlow.remove_file scheduled__2021-12-16T09:05:00+00:00 [queued]>
[2021-12-17 09:07:36,202] {taskinstance.py:1035} INFO - Dependencies all met for <TaskInstance: scraping_daft_carlow.remove_file scheduled__2021-12-16T09:05:00+00:00 [queued]>
[2021-12-17 09:07:36,203] {taskinstance.py:1241} INFO - 
--------------------------------------------------------------------------------
[2021-12-17 09:07:36,205] {taskinstance.py:1242} INFO - Starting attempt 1 of 4
[2021-12-17 09:07:36,206] {taskinstance.py:1243} INFO - 
--------------------------------------------------------------------------------
[2021-12-17 09:07:36,232] {taskinstance.py:1262} INFO - Executing <Task(SparkSubmitOperator): remove_file> on 2021-12-16 09:05:00+00:00
[2021-12-17 09:07:36,244] {standard_task_runner.py:76} INFO - Running: ['***', 'tasks', 'run', 'scraping_daft_carlow', 'remove_file', 'scheduled__2021-12-16T09:05:00+00:00', '--job-id', '2784', '--raw', '--subdir', 'DAGS_FOLDER/scraping_daft_carlow.py', '--cfg-path', '/tmp/tmpmevdwm3t', '--error-file', '/tmp/tmpt3s2vlj1']
[2021-12-17 09:07:36,245] {standard_task_runner.py:77} INFO - Job 2784: Subtask remove_file
[2021-12-17 09:07:36,240] {standard_task_runner.py:52} INFO - Started process 477 to run task
[2021-12-17 09:07:36,379] {logging_mixin.py:109} INFO - Running <TaskInstance: scraping_daft_carlow.remove_file scheduled__2021-12-16T09:05:00+00:00 [running]> on host ce860fbe488d
[2021-12-17 09:07:36,546] {taskinstance.py:1429} INFO - Exporting the following env vars:
AIRFLOW_CTX_DAG_EMAIL=clement.liscoet@gmail.com
AIRFLOW_CTX_DAG_OWNER=clemoni
AIRFLOW_CTX_DAG_ID=scraping_daft_carlow
AIRFLOW_CTX_TASK_ID=remove_file
AIRFLOW_CTX_EXECUTION_DATE=2021-12-16T09:05:00+00:00
AIRFLOW_CTX_DAG_RUN_ID=scheduled__2021-12-16T09:05:00+00:00
[2021-12-17 09:07:36,569] {base.py:79} INFO - Using connection to: id: spark_default. Host: spark://spark:7077, Port: None, Schema: , Login: ***, Password: ***, extra: {}
[2021-12-17 09:07:36,571] {spark_submit.py:360} INFO - Spark-Submit cmd: spark-submit --master spark://spark:7077 --conf spark.master=spark://spark:7077 --name remove file --verbose /opt/***/jobs/remove_file.py carlow
[2021-12-17 09:07:38,204] {spark_submit.py:514} INFO - Using properties file: null
[2021-12-17 09:07:38,318] {spark_submit.py:514} INFO - WARNING: An illegal reflective access operation has occurred
[2021-12-17 09:07:38,319] {spark_submit.py:514} INFO - WARNING: Illegal reflective access by org.apache.spark.unsafe.Platform (file:/home/***/.local/lib/python3.6/site-packages/pyspark/jars/spark-unsafe_2.12-3.2.0.jar) to constructor java.nio.DirectByteBuffer(long,int)
[2021-12-17 09:07:38,320] {spark_submit.py:514} INFO - WARNING: Please consider reporting this to the maintainers of org.apache.spark.unsafe.Platform
[2021-12-17 09:07:38,321] {spark_submit.py:514} INFO - WARNING: Use --illegal-access=warn to enable warnings of further illegal reflective access operations
[2021-12-17 09:07:38,322] {spark_submit.py:514} INFO - WARNING: All illegal access operations will be denied in a future release
[2021-12-17 09:07:38,376] {spark_submit.py:514} INFO - Parsed arguments:
[2021-12-17 09:07:38,377] {spark_submit.py:514} INFO - master                  spark://spark:7077
[2021-12-17 09:07:38,378] {spark_submit.py:514} INFO - deployMode              null
[2021-12-17 09:07:38,379] {spark_submit.py:514} INFO - executorMemory          null
[2021-12-17 09:07:38,380] {spark_submit.py:514} INFO - executorCores           null
[2021-12-17 09:07:38,380] {spark_submit.py:514} INFO - totalExecutorCores      null
[2021-12-17 09:07:38,381] {spark_submit.py:514} INFO - propertiesFile          null
[2021-12-17 09:07:38,382] {spark_submit.py:514} INFO - driverMemory            null
[2021-12-17 09:07:38,383] {spark_submit.py:514} INFO - driverCores             null
[2021-12-17 09:07:38,383] {spark_submit.py:514} INFO - driverExtraClassPath    null
[2021-12-17 09:07:38,384] {spark_submit.py:514} INFO - driverExtraLibraryPath  null
[2021-12-17 09:07:38,386] {spark_submit.py:514} INFO - driverExtraJavaOptions  null
[2021-12-17 09:07:38,387] {spark_submit.py:514} INFO - supervise               false
[2021-12-17 09:07:38,388] {spark_submit.py:514} INFO - queue                   null
[2021-12-17 09:07:38,389] {spark_submit.py:514} INFO - numExecutors            null
[2021-12-17 09:07:38,389] {spark_submit.py:514} INFO - files                   null
[2021-12-17 09:07:38,390] {spark_submit.py:514} INFO - pyFiles                 null
[2021-12-17 09:07:38,391] {spark_submit.py:514} INFO - archives                null
[2021-12-17 09:07:38,392] {spark_submit.py:514} INFO - mainClass               null
[2021-12-17 09:07:38,393] {spark_submit.py:514} INFO - primaryResource         file:/opt/***/jobs/remove_file.py
[2021-12-17 09:07:38,394] {spark_submit.py:514} INFO - name                    remove file
[2021-12-17 09:07:38,395] {spark_submit.py:514} INFO - childArgs               [carlow]
[2021-12-17 09:07:38,396] {spark_submit.py:514} INFO - jars                    null
[2021-12-17 09:07:38,396] {spark_submit.py:514} INFO - packages                null
[2021-12-17 09:07:38,397] {spark_submit.py:514} INFO - packagesExclusions      null
[2021-12-17 09:07:38,398] {spark_submit.py:514} INFO - repositories            null
[2021-12-17 09:07:38,398] {spark_submit.py:514} INFO - verbose                 true
[2021-12-17 09:07:38,399] {spark_submit.py:514} INFO - 
[2021-12-17 09:07:38,400] {spark_submit.py:514} INFO - Spark properties used, including those specified through
[2021-12-17 09:07:38,401] {spark_submit.py:514} INFO - --conf and those from the properties file null:
[2021-12-17 09:07:38,401] {spark_submit.py:514} INFO - (spark.master,spark://spark:7077)
[2021-12-17 09:07:38,402] {spark_submit.py:514} INFO - 
[2021-12-17 09:07:38,403] {spark_submit.py:514} INFO - 
[2021-12-17 09:07:38,719] {spark_submit.py:514} INFO - Main class:
[2021-12-17 09:07:38,720] {spark_submit.py:514} INFO - org.apache.spark.deploy.PythonRunner
[2021-12-17 09:07:38,721] {spark_submit.py:514} INFO - Arguments:
[2021-12-17 09:07:38,722] {spark_submit.py:514} INFO - file:/opt/***/jobs/remove_file.py
[2021-12-17 09:07:38,723] {spark_submit.py:514} INFO - null
[2021-12-17 09:07:38,724] {spark_submit.py:514} INFO - carlow
[2021-12-17 09:07:38,725] {spark_submit.py:514} INFO - --verbose
[2021-12-17 09:07:38,726] {spark_submit.py:514} INFO - Spark config:
[2021-12-17 09:07:38,727] {spark_submit.py:514} INFO - (spark.app.name,remove file)
[2021-12-17 09:07:38,728] {spark_submit.py:514} INFO - (spark.master,spark://spark:7077)
[2021-12-17 09:07:38,729] {spark_submit.py:514} INFO - (spark.submit.pyFiles,)
[2021-12-17 09:07:38,730] {spark_submit.py:514} INFO - (spark.submit.deployMode,client)
[2021-12-17 09:07:38,731] {spark_submit.py:514} INFO - Classpath elements:
[2021-12-17 09:07:38,732] {spark_submit.py:514} INFO - 
[2021-12-17 09:07:38,733] {spark_submit.py:514} INFO - 
[2021-12-17 09:07:38,734] {spark_submit.py:514} INFO - 
[2021-12-17 09:07:39,873] {spark_submit.py:514} INFO - Using Spark's default log4j profile: org/apache/spark/log4j-defaults.properties
[2021-12-17 09:07:39,886] {spark_submit.py:514} INFO - 21/12/17 09:07:39 INFO SparkContext: Running Spark version 3.2.0
[2021-12-17 09:07:40,019] {spark_submit.py:514} INFO - 21/12/17 09:07:40 WARN NativeCodeLoader: Unable to load native-hadoop library for your platform... using builtin-java classes where applicable
[2021-12-17 09:07:40,227] {spark_submit.py:514} INFO - 21/12/17 09:07:40 INFO ResourceUtils: ==============================================================
[2021-12-17 09:07:40,228] {spark_submit.py:514} INFO - 21/12/17 09:07:40 INFO ResourceUtils: No custom resources configured for spark.driver.
[2021-12-17 09:07:40,230] {spark_submit.py:514} INFO - 21/12/17 09:07:40 INFO ResourceUtils: ==============================================================
[2021-12-17 09:07:40,236] {spark_submit.py:514} INFO - 21/12/17 09:07:40 INFO SparkContext: Submitted application: Remove file
[2021-12-17 09:07:40,306] {spark_submit.py:514} INFO - 21/12/17 09:07:40 INFO ResourceProfile: Default ResourceProfile created, executor resources: Map(cores -> name: cores, amount: 1, script: , vendor: , memory -> name: memory, amount: 1024, script: , vendor: , offHeap -> name: offHeap, amount: 0, script: , vendor: ), task resources: Map(cpus -> name: cpus, amount: 1.0)
[2021-12-17 09:07:40,325] {spark_submit.py:514} INFO - 21/12/17 09:07:40 INFO ResourceProfile: Limiting resource is cpu
[2021-12-17 09:07:40,327] {spark_submit.py:514} INFO - 21/12/17 09:07:40 INFO ResourceProfileManager: Added ResourceProfile id: 0
[2021-12-17 09:07:40,405] {spark_submit.py:514} INFO - 21/12/17 09:07:40 INFO SecurityManager: Changing view acls to: ***
[2021-12-17 09:07:40,407] {spark_submit.py:514} INFO - 21/12/17 09:07:40 INFO SecurityManager: Changing modify acls to: ***
[2021-12-17 09:07:40,408] {spark_submit.py:514} INFO - 21/12/17 09:07:40 INFO SecurityManager: Changing view acls groups to:
[2021-12-17 09:07:40,409] {spark_submit.py:514} INFO - 21/12/17 09:07:40 INFO SecurityManager: Changing modify acls groups to:
[2021-12-17 09:07:40,410] {spark_submit.py:514} INFO - 21/12/17 09:07:40 INFO SecurityManager: SecurityManager: authentication disabled; ui acls disabled; users  with view permissions: Set(***); groups with view permissions: Set(); users  with modify permissions: Set(***); groups with modify permissions: Set()
[2021-12-17 09:07:40,853] {spark_submit.py:514} INFO - 21/12/17 09:07:40 INFO Utils: Successfully started service 'sparkDriver' on port 42593.
[2021-12-17 09:07:40,909] {spark_submit.py:514} INFO - 21/12/17 09:07:40 INFO SparkEnv: Registering MapOutputTracker
[2021-12-17 09:07:40,966] {spark_submit.py:514} INFO - 21/12/17 09:07:40 INFO SparkEnv: Registering BlockManagerMaster
[2021-12-17 09:07:40,997] {spark_submit.py:514} INFO - 21/12/17 09:07:40 INFO BlockManagerMasterEndpoint: Using org.apache.spark.storage.DefaultTopologyMapper for getting topology information
[2021-12-17 09:07:41,000] {spark_submit.py:514} INFO - 21/12/17 09:07:40 INFO BlockManagerMasterEndpoint: BlockManagerMasterEndpoint up
[2021-12-17 09:07:41,009] {spark_submit.py:514} INFO - 21/12/17 09:07:41 INFO SparkEnv: Registering BlockManagerMasterHeartbeat
[2021-12-17 09:07:41,043] {spark_submit.py:514} INFO - 21/12/17 09:07:41 INFO DiskBlockManager: Created local directory at /tmp/blockmgr-7ef108cb-8d65-4f26-ab61-93fc91f54f6e
[2021-12-17 09:07:41,069] {spark_submit.py:514} INFO - 21/12/17 09:07:41 INFO MemoryStore: MemoryStore started with capacity 434.4 MiB
[2021-12-17 09:07:41,089] {spark_submit.py:514} INFO - 21/12/17 09:07:41 INFO SparkEnv: Registering OutputCommitCoordinator
[2021-12-17 09:07:41,398] {spark_submit.py:514} INFO - 21/12/17 09:07:41 INFO Utils: Successfully started service 'SparkUI' on port 4040.
[2021-12-17 09:07:41,481] {spark_submit.py:514} INFO - 21/12/17 09:07:41 INFO SparkUI: Bound SparkUI to 0.0.0.0, and started at http://ce860fbe488d:4040
[2021-12-17 09:07:41,732] {spark_submit.py:514} INFO - 21/12/17 09:07:41 INFO StandaloneAppClient$ClientEndpoint: Connecting to master spark://spark:7077...
[2021-12-17 09:07:41,815] {spark_submit.py:514} INFO - 21/12/17 09:07:41 INFO TransportClientFactory: Successfully created connection to spark/172.18.0.4:7077 after 38 ms (0 ms spent in bootstraps)
[2021-12-17 09:07:41,917] {spark_submit.py:514} INFO - 21/12/17 09:07:41 INFO StandaloneSchedulerBackend: Connected to Spark cluster with app ID app-20211217090741-0002
[2021-12-17 09:07:41,933] {spark_submit.py:514} INFO - 21/12/17 09:07:41 INFO StandaloneAppClient$ClientEndpoint: Executor added: app-20211217090741-0002/0 on worker-20211217090523-172.18.0.5-46289 (172.18.0.5:46289) with 6 core(s)
[2021-12-17 09:07:41,939] {spark_submit.py:514} INFO - 21/12/17 09:07:41 INFO StandaloneSchedulerBackend: Granted executor ID app-20211217090741-0002/0 on hostPort 172.18.0.5:46289 with 6 core(s), 1024.0 MiB RAM
[2021-12-17 09:07:41,940] {spark_submit.py:514} INFO - 21/12/17 09:07:41 INFO StandaloneAppClient$ClientEndpoint: Executor added: app-20211217090741-0002/1 on worker-20211217090523-172.18.0.6-35853 (172.18.0.6:35853) with 6 core(s)
[2021-12-17 09:07:41,943] {spark_submit.py:514} INFO - 21/12/17 09:07:41 INFO Utils: Successfully started service 'org.apache.spark.network.netty.NettyBlockTransferService' on port 44495.
[2021-12-17 09:07:41,944] {spark_submit.py:514} INFO - 21/12/17 09:07:41 INFO NettyBlockTransferService: Server created on ce860fbe488d:44495
[2021-12-17 09:07:41,945] {spark_submit.py:514} INFO - 21/12/17 09:07:41 INFO StandaloneSchedulerBackend: Granted executor ID app-20211217090741-0002/1 on hostPort 172.18.0.6:35853 with 6 core(s), 1024.0 MiB RAM
[2021-12-17 09:07:41,949] {spark_submit.py:514} INFO - 21/12/17 09:07:41 INFO BlockManager: Using org.apache.spark.storage.RandomBlockReplicationPolicy for block replication policy
[2021-12-17 09:07:41,965] {spark_submit.py:514} INFO - 21/12/17 09:07:41 INFO StandaloneAppClient$ClientEndpoint: Executor updated: app-20211217090741-0002/1 is now RUNNING
[2021-12-17 09:07:41,967] {spark_submit.py:514} INFO - 21/12/17 09:07:41 INFO BlockManagerMaster: Registering BlockManager BlockManagerId(driver, ce860fbe488d, 44495, None)
[2021-12-17 09:07:41,973] {spark_submit.py:514} INFO - 21/12/17 09:07:41 INFO BlockManagerMasterEndpoint: Registering block manager ce860fbe488d:44495 with 434.4 MiB RAM, BlockManagerId(driver, ce860fbe488d, 44495, None)
[2021-12-17 09:07:41,975] {spark_submit.py:514} INFO - 21/12/17 09:07:41 INFO StandaloneAppClient$ClientEndpoint: Executor updated: app-20211217090741-0002/0 is now RUNNING
[2021-12-17 09:07:41,982] {spark_submit.py:514} INFO - 21/12/17 09:07:41 INFO BlockManagerMaster: Registered BlockManager BlockManagerId(driver, ce860fbe488d, 44495, None)
[2021-12-17 09:07:41,984] {spark_submit.py:514} INFO - 21/12/17 09:07:41 INFO BlockManager: Initialized BlockManager: BlockManagerId(driver, ce860fbe488d, 44495, None)
[2021-12-17 09:07:42,227] {spark_submit.py:514} INFO - 21/12/17 09:07:42 INFO StandaloneSchedulerBackend: SchedulerBackend is ready for scheduling beginning after reached minRegisteredResourcesRatio: 0.0
[2021-12-17 09:07:42,281] {spark_submit.py:514} INFO - /home/***/.local/lib/python3.6/site-packages/pyspark/python/lib/pyspark.zip/pyspark/context.py:238: FutureWarning: Python 3.6 support is deprecated in Spark 3.2.
[2021-12-17 09:07:42,283] {spark_submit.py:514} INFO - FutureWarning
[2021-12-17 09:07:42,566] {spark_submit.py:514} INFO - 21/12/17 09:07:42 INFO SharedState: Setting hive.metastore.warehouse.dir ('null') to the value of spark.sql.warehouse.dir.
[2021-12-17 09:07:42,602] {spark_submit.py:514} INFO - 21/12/17 09:07:42 INFO SharedState: Warehouse path is 'file:/opt/***/spark-warehouse'.
[2021-12-17 09:07:43,526] {spark_submit.py:514} INFO - file: carlow_rent.json deleted
[2021-12-17 09:07:43,636] {spark_submit.py:514} INFO - 21/12/17 09:07:43 INFO SparkContext: Invoking stop() from shutdown hook
[2021-12-17 09:07:43,663] {spark_submit.py:514} INFO - 21/12/17 09:07:43 INFO SparkUI: Stopped Spark web UI at http://ce860fbe488d:4040
[2021-12-17 09:07:43,677] {spark_submit.py:514} INFO - 21/12/17 09:07:43 INFO StandaloneSchedulerBackend: Shutting down all executors
[2021-12-17 09:07:43,686] {spark_submit.py:514} INFO - 21/12/17 09:07:43 INFO CoarseGrainedSchedulerBackend$DriverEndpoint: Asking each executor to shut down
[2021-12-17 09:07:43,745] {spark_submit.py:514} INFO - 21/12/17 09:07:43 INFO MapOutputTrackerMasterEndpoint: MapOutputTrackerMasterEndpoint stopped!
[2021-12-17 09:07:43,775] {spark_submit.py:514} INFO - 21/12/17 09:07:43 INFO MemoryStore: MemoryStore cleared
[2021-12-17 09:07:43,777] {spark_submit.py:514} INFO - 21/12/17 09:07:43 INFO BlockManager: BlockManager stopped
[2021-12-17 09:07:43,789] {spark_submit.py:514} INFO - 21/12/17 09:07:43 INFO BlockManagerMaster: BlockManagerMaster stopped
[2021-12-17 09:07:43,795] {spark_submit.py:514} INFO - 21/12/17 09:07:43 INFO OutputCommitCoordinator$OutputCommitCoordinatorEndpoint: OutputCommitCoordinator stopped!
[2021-12-17 09:07:43,811] {spark_submit.py:514} INFO - 21/12/17 09:07:43 INFO SparkContext: Successfully stopped SparkContext
[2021-12-17 09:07:43,814] {spark_submit.py:514} INFO - 21/12/17 09:07:43 INFO ShutdownHookManager: Shutdown hook called
[2021-12-17 09:07:43,815] {spark_submit.py:514} INFO - 21/12/17 09:07:43 INFO ShutdownHookManager: Deleting directory /tmp/spark-c4f51ccf-d53c-4898-97d2-f6448448fd17/pyspark-23f9542c-1695-426e-a758-9173be9741c0
[2021-12-17 09:07:43,819] {spark_submit.py:514} INFO - 21/12/17 09:07:43 INFO ShutdownHookManager: Deleting directory /tmp/spark-c4f51ccf-d53c-4898-97d2-f6448448fd17
[2021-12-17 09:07:43,823] {spark_submit.py:514} INFO - 21/12/17 09:07:43 INFO ShutdownHookManager: Deleting directory /tmp/spark-36fc54b6-c852-49f0-9359-774db80f5ec3
[2021-12-17 09:07:43,941] {taskinstance.py:1280} INFO - Marking task as SUCCESS. dag_id=scraping_daft_carlow, task_id=remove_file, execution_date=20211216T090500, start_date=20211217T090736, end_date=20211217T090743
[2021-12-17 09:07:44,018] {local_task_job.py:154} INFO - Task exited with return code 0
[2021-12-17 09:07:44,115] {local_task_job.py:264} INFO - 0 downstream tasks scheduled from follow-on schedule check
