[2021-12-24 11:05:37,348] {taskinstance.py:1035} INFO - Dependencies all met for <TaskInstance: scraping_daft_wexford.persist_data scheduled__2021-12-23T11:05:00+00:00 [queued]>
[2021-12-24 11:05:37,408] {taskinstance.py:1035} INFO - Dependencies all met for <TaskInstance: scraping_daft_wexford.persist_data scheduled__2021-12-23T11:05:00+00:00 [queued]>
[2021-12-24 11:05:37,410] {taskinstance.py:1241} INFO - 
--------------------------------------------------------------------------------
[2021-12-24 11:05:37,411] {taskinstance.py:1242} INFO - Starting attempt 1 of 4
[2021-12-24 11:05:37,413] {taskinstance.py:1243} INFO - 
--------------------------------------------------------------------------------
[2021-12-24 11:05:37,446] {taskinstance.py:1262} INFO - Executing <Task(SparkSubmitOperator): persist_data> on 2021-12-23 11:05:00+00:00
[2021-12-24 11:05:37,459] {standard_task_runner.py:76} INFO - Running: ['***', 'tasks', 'run', 'scraping_daft_wexford', 'persist_data', 'scheduled__2021-12-23T11:05:00+00:00', '--job-id', '4352', '--raw', '--subdir', 'DAGS_FOLDER/scraping_daft_wexford.py', '--cfg-path', '/tmp/tmpc1vr0k1_', '--error-file', '/tmp/tmp7ug8kgdl']
[2021-12-24 11:05:37,461] {standard_task_runner.py:77} INFO - Job 4352: Subtask persist_data
[2021-12-24 11:05:37,454] {standard_task_runner.py:52} INFO - Started process 15645 to run task
[2021-12-24 11:05:37,605] {logging_mixin.py:109} INFO - Running <TaskInstance: scraping_daft_wexford.persist_data scheduled__2021-12-23T11:05:00+00:00 [running]> on host dd6c6a1cba03
[2021-12-24 11:05:37,775] {taskinstance.py:1429} INFO - Exporting the following env vars:
AIRFLOW_CTX_DAG_EMAIL=clement.liscoet@gmail.com
AIRFLOW_CTX_DAG_OWNER=clemoni
AIRFLOW_CTX_DAG_ID=scraping_daft_wexford
AIRFLOW_CTX_TASK_ID=persist_data
AIRFLOW_CTX_EXECUTION_DATE=2021-12-23T11:05:00+00:00
AIRFLOW_CTX_DAG_RUN_ID=scheduled__2021-12-23T11:05:00+00:00
[2021-12-24 11:05:37,802] {base.py:79} INFO - Using connection to: id: spark_default. Host: spark://spark:7077, Port: None, Schema: , Login: ***, Password: ***, extra: {}
[2021-12-24 11:05:37,806] {spark_submit.py:360} INFO - Spark-Submit cmd: spark-submit --master spark://spark:7077 --conf spark.master=spark://spark:7077 --name persist data --verbose /opt/***/jobs/persist_db.py wexford
[2021-12-24 11:05:39,570] {spark_submit.py:514} INFO - Using properties file: null
[2021-12-24 11:05:39,728] {spark_submit.py:514} INFO - WARNING: An illegal reflective access operation has occurred
[2021-12-24 11:05:39,729] {spark_submit.py:514} INFO - WARNING: Illegal reflective access by org.apache.spark.unsafe.Platform (file:/home/***/.local/lib/python3.6/site-packages/pyspark/jars/spark-unsafe_2.12-3.2.0.jar) to constructor java.nio.DirectByteBuffer(long,int)
[2021-12-24 11:05:39,730] {spark_submit.py:514} INFO - WARNING: Please consider reporting this to the maintainers of org.apache.spark.unsafe.Platform
[2021-12-24 11:05:39,731] {spark_submit.py:514} INFO - WARNING: Use --illegal-access=warn to enable warnings of further illegal reflective access operations
[2021-12-24 11:05:39,732] {spark_submit.py:514} INFO - WARNING: All illegal access operations will be denied in a future release
[2021-12-24 11:05:39,815] {spark_submit.py:514} INFO - Parsed arguments:
[2021-12-24 11:05:39,816] {spark_submit.py:514} INFO - master                  spark://spark:7077
[2021-12-24 11:05:39,817] {spark_submit.py:514} INFO - deployMode              null
[2021-12-24 11:05:39,818] {spark_submit.py:514} INFO - executorMemory          null
[2021-12-24 11:05:39,819] {spark_submit.py:514} INFO - executorCores           null
[2021-12-24 11:05:39,819] {spark_submit.py:514} INFO - totalExecutorCores      null
[2021-12-24 11:05:39,820] {spark_submit.py:514} INFO - propertiesFile          null
[2021-12-24 11:05:39,821] {spark_submit.py:514} INFO - driverMemory            null
[2021-12-24 11:05:39,822] {spark_submit.py:514} INFO - driverCores             null
[2021-12-24 11:05:39,823] {spark_submit.py:514} INFO - driverExtraClassPath    null
[2021-12-24 11:05:39,824] {spark_submit.py:514} INFO - driverExtraLibraryPath  null
[2021-12-24 11:05:39,826] {spark_submit.py:514} INFO - driverExtraJavaOptions  null
[2021-12-24 11:05:39,826] {spark_submit.py:514} INFO - supervise               false
[2021-12-24 11:05:39,827] {spark_submit.py:514} INFO - queue                   null
[2021-12-24 11:05:39,829] {spark_submit.py:514} INFO - numExecutors            null
[2021-12-24 11:05:39,832] {spark_submit.py:514} INFO - files                   null
[2021-12-24 11:05:39,835] {spark_submit.py:514} INFO - pyFiles                 null
[2021-12-24 11:05:39,837] {spark_submit.py:514} INFO - archives                null
[2021-12-24 11:05:39,838] {spark_submit.py:514} INFO - mainClass               null
[2021-12-24 11:05:39,839] {spark_submit.py:514} INFO - primaryResource         file:/opt/***/jobs/persist_db.py
[2021-12-24 11:05:39,839] {spark_submit.py:514} INFO - name                    persist data
[2021-12-24 11:05:39,840] {spark_submit.py:514} INFO - childArgs               [wexford]
[2021-12-24 11:05:39,841] {spark_submit.py:514} INFO - jars                    null
[2021-12-24 11:05:39,842] {spark_submit.py:514} INFO - packages                null
[2021-12-24 11:05:39,843] {spark_submit.py:514} INFO - packagesExclusions      null
[2021-12-24 11:05:39,844] {spark_submit.py:514} INFO - repositories            null
[2021-12-24 11:05:39,845] {spark_submit.py:514} INFO - verbose                 true
[2021-12-24 11:05:39,846] {spark_submit.py:514} INFO - 
[2021-12-24 11:05:39,847] {spark_submit.py:514} INFO - Spark properties used, including those specified through
[2021-12-24 11:05:39,847] {spark_submit.py:514} INFO - --conf and those from the properties file null:
[2021-12-24 11:05:39,848] {spark_submit.py:514} INFO - (spark.master,spark://spark:7077)
[2021-12-24 11:05:39,849] {spark_submit.py:514} INFO - 
[2021-12-24 11:05:39,849] {spark_submit.py:514} INFO - 
[2021-12-24 11:05:40,175] {spark_submit.py:514} INFO - Main class:
[2021-12-24 11:05:40,177] {spark_submit.py:514} INFO - org.apache.spark.deploy.PythonRunner
[2021-12-24 11:05:40,179] {spark_submit.py:514} INFO - Arguments:
[2021-12-24 11:05:40,180] {spark_submit.py:514} INFO - file:/opt/***/jobs/persist_db.py
[2021-12-24 11:05:40,181] {spark_submit.py:514} INFO - null
[2021-12-24 11:05:40,182] {spark_submit.py:514} INFO - wexford
[2021-12-24 11:05:40,183] {spark_submit.py:514} INFO - --verbose
[2021-12-24 11:05:40,183] {spark_submit.py:514} INFO - Spark config:
[2021-12-24 11:05:40,184] {spark_submit.py:514} INFO - (spark.master,spark://spark:7077)
[2021-12-24 11:05:40,185] {spark_submit.py:514} INFO - (spark.app.name,persist data)
[2021-12-24 11:05:40,186] {spark_submit.py:514} INFO - (spark.submit.pyFiles,)
[2021-12-24 11:05:40,186] {spark_submit.py:514} INFO - (spark.submit.deployMode,client)
[2021-12-24 11:05:40,187] {spark_submit.py:514} INFO - Classpath elements:
[2021-12-24 11:05:40,188] {spark_submit.py:514} INFO - 
[2021-12-24 11:05:40,189] {spark_submit.py:514} INFO - 
[2021-12-24 11:05:40,189] {spark_submit.py:514} INFO - 
[2021-12-24 11:05:41,527] {spark_submit.py:514} INFO - Using Spark's default log4j profile: org/apache/spark/log4j-defaults.properties
[2021-12-24 11:05:41,555] {spark_submit.py:514} INFO - 21/12/24 11:05:41 INFO SparkContext: Running Spark version 3.2.0
[2021-12-24 11:05:41,697] {spark_submit.py:514} INFO - 21/12/24 11:05:41 WARN NativeCodeLoader: Unable to load native-hadoop library for your platform... using builtin-java classes where applicable
[2021-12-24 11:05:41,969] {spark_submit.py:514} INFO - 21/12/24 11:05:41 INFO ResourceUtils: ==============================================================
[2021-12-24 11:05:41,973] {spark_submit.py:514} INFO - 21/12/24 11:05:41 INFO ResourceUtils: No custom resources configured for spark.driver.
[2021-12-24 11:05:41,975] {spark_submit.py:514} INFO - 21/12/24 11:05:41 INFO ResourceUtils: ==============================================================
[2021-12-24 11:05:41,980] {spark_submit.py:514} INFO - 21/12/24 11:05:41 INFO SparkContext: Submitted application: Persist DB
[2021-12-24 11:05:42,019] {spark_submit.py:514} INFO - 21/12/24 11:05:42 INFO ResourceProfile: Default ResourceProfile created, executor resources: Map(cores -> name: cores, amount: 1, script: , vendor: , memory -> name: memory, amount: 1024, script: , vendor: , offHeap -> name: offHeap, amount: 0, script: , vendor: ), task resources: Map(cpus -> name: cpus, amount: 1.0)
[2021-12-24 11:05:42,054] {spark_submit.py:514} INFO - 21/12/24 11:05:42 INFO ResourceProfile: Limiting resource is cpu
[2021-12-24 11:05:42,056] {spark_submit.py:514} INFO - 21/12/24 11:05:42 INFO ResourceProfileManager: Added ResourceProfile id: 0
[2021-12-24 11:05:42,215] {spark_submit.py:514} INFO - 21/12/24 11:05:42 INFO SecurityManager: Changing view acls to: ***
[2021-12-24 11:05:42,218] {spark_submit.py:514} INFO - 21/12/24 11:05:42 INFO SecurityManager: Changing modify acls to: ***
[2021-12-24 11:05:42,220] {spark_submit.py:514} INFO - 21/12/24 11:05:42 INFO SecurityManager: Changing view acls groups to:
[2021-12-24 11:05:42,222] {spark_submit.py:514} INFO - 21/12/24 11:05:42 INFO SecurityManager: Changing modify acls groups to:
[2021-12-24 11:05:42,224] {spark_submit.py:514} INFO - 21/12/24 11:05:42 INFO SecurityManager: SecurityManager: authentication disabled; ui acls disabled; users  with view permissions: Set(***); groups with view permissions: Set(); users  with modify permissions: Set(***); groups with modify permissions: Set()
[2021-12-24 11:05:42,837] {spark_submit.py:514} INFO - 21/12/24 11:05:42 INFO Utils: Successfully started service 'sparkDriver' on port 45067.
[2021-12-24 11:05:42,890] {spark_submit.py:514} INFO - 21/12/24 11:05:42 INFO SparkEnv: Registering MapOutputTracker
[2021-12-24 11:05:42,943] {spark_submit.py:514} INFO - 21/12/24 11:05:42 INFO SparkEnv: Registering BlockManagerMaster
[2021-12-24 11:05:42,977] {spark_submit.py:514} INFO - 21/12/24 11:05:42 INFO BlockManagerMasterEndpoint: Using org.apache.spark.storage.DefaultTopologyMapper for getting topology information
[2021-12-24 11:05:42,978] {spark_submit.py:514} INFO - 21/12/24 11:05:42 INFO BlockManagerMasterEndpoint: BlockManagerMasterEndpoint up
[2021-12-24 11:05:42,987] {spark_submit.py:514} INFO - 21/12/24 11:05:42 INFO SparkEnv: Registering BlockManagerMasterHeartbeat
[2021-12-24 11:05:43,043] {spark_submit.py:514} INFO - 21/12/24 11:05:43 INFO DiskBlockManager: Created local directory at /tmp/blockmgr-b96669f6-7705-42a3-a8d5-a677471cb4f3
[2021-12-24 11:05:43,077] {spark_submit.py:514} INFO - 21/12/24 11:05:43 INFO MemoryStore: MemoryStore started with capacity 434.4 MiB
[2021-12-24 11:05:43,109] {spark_submit.py:514} INFO - 21/12/24 11:05:43 INFO SparkEnv: Registering OutputCommitCoordinator
[2021-12-24 11:05:43,492] {spark_submit.py:514} INFO - 21/12/24 11:05:43 INFO Utils: Successfully started service 'SparkUI' on port 4040.
[2021-12-24 11:05:43,628] {spark_submit.py:514} INFO - 21/12/24 11:05:43 INFO SparkUI: Bound SparkUI to 0.0.0.0, and started at http://dd6c6a1cba03:4040
[2021-12-24 11:05:44,136] {spark_submit.py:514} INFO - 21/12/24 11:05:44 INFO StandaloneAppClient$ClientEndpoint: Connecting to master spark://spark:7077...
[2021-12-24 11:05:44,422] {spark_submit.py:514} INFO - 21/12/24 11:05:44 INFO TransportClientFactory: Successfully created connection to spark/172.21.0.4:7077 after 183 ms (0 ms spent in bootstraps)
[2021-12-24 11:05:45,293] {spark_submit.py:514} INFO - 21/12/24 11:05:45 INFO StandaloneSchedulerBackend: Connected to Spark cluster with app ID app-20211224110545-0084
[2021-12-24 11:05:45,310] {spark_submit.py:514} INFO - 21/12/24 11:05:45 INFO StandaloneAppClient$ClientEndpoint: Executor added: app-20211224110545-0084/0 on worker-20211224102243-172.21.0.6-46073 (172.21.0.6:46073) with 6 core(s)
[2021-12-24 11:05:45,315] {spark_submit.py:514} INFO - 21/12/24 11:05:45 INFO StandaloneSchedulerBackend: Granted executor ID app-20211224110545-0084/0 on hostPort 172.21.0.6:46073 with 6 core(s), 1024.0 MiB RAM
[2021-12-24 11:05:45,319] {spark_submit.py:514} INFO - 21/12/24 11:05:45 INFO StandaloneAppClient$ClientEndpoint: Executor added: app-20211224110545-0084/1 on worker-20211224102243-172.21.0.5-40097 (172.21.0.5:40097) with 6 core(s)
[2021-12-24 11:05:45,323] {spark_submit.py:514} INFO - 21/12/24 11:05:45 INFO StandaloneSchedulerBackend: Granted executor ID app-20211224110545-0084/1 on hostPort 172.21.0.5:40097 with 6 core(s), 1024.0 MiB RAM
[2021-12-24 11:05:45,355] {spark_submit.py:514} INFO - 21/12/24 11:05:45 INFO Utils: Successfully started service 'org.apache.spark.network.netty.NettyBlockTransferService' on port 40237.
[2021-12-24 11:05:45,366] {spark_submit.py:514} INFO - 21/12/24 11:05:45 INFO NettyBlockTransferService: Server created on dd6c6a1cba03:40237
[2021-12-24 11:05:45,368] {spark_submit.py:514} INFO - 21/12/24 11:05:45 INFO BlockManager: Using org.apache.spark.storage.RandomBlockReplicationPolicy for block replication policy
[2021-12-24 11:05:45,418] {spark_submit.py:514} INFO - 21/12/24 11:05:45 INFO StandaloneAppClient$ClientEndpoint: Executor updated: app-20211224110545-0084/0 is now RUNNING
[2021-12-24 11:05:45,420] {spark_submit.py:514} INFO - 21/12/24 11:05:45 INFO StandaloneAppClient$ClientEndpoint: Executor updated: app-20211224110545-0084/1 is now RUNNING
[2021-12-24 11:05:45,434] {spark_submit.py:514} INFO - 21/12/24 11:05:45 INFO BlockManagerMaster: Registering BlockManager BlockManagerId(driver, dd6c6a1cba03, 40237, None)
[2021-12-24 11:05:45,460] {spark_submit.py:514} INFO - 21/12/24 11:05:45 INFO BlockManagerMasterEndpoint: Registering block manager dd6c6a1cba03:40237 with 434.4 MiB RAM, BlockManagerId(driver, dd6c6a1cba03, 40237, None)
[2021-12-24 11:05:45,468] {spark_submit.py:514} INFO - 21/12/24 11:05:45 INFO BlockManagerMaster: Registered BlockManager BlockManagerId(driver, dd6c6a1cba03, 40237, None)
[2021-12-24 11:05:45,472] {spark_submit.py:514} INFO - 21/12/24 11:05:45 INFO BlockManager: Initialized BlockManager: BlockManagerId(driver, dd6c6a1cba03, 40237, None)
[2021-12-24 11:05:45,918] {spark_submit.py:514} INFO - 21/12/24 11:05:45 INFO StandaloneSchedulerBackend: SchedulerBackend is ready for scheduling beginning after reached minRegisteredResourcesRatio: 0.0
[2021-12-24 11:05:46,035] {spark_submit.py:514} INFO - /home/***/.local/lib/python3.6/site-packages/pyspark/python/lib/pyspark.zip/pyspark/context.py:238: FutureWarning: Python 3.6 support is deprecated in Spark 3.2.
[2021-12-24 11:05:46,036] {spark_submit.py:514} INFO - FutureWarning
[2021-12-24 11:05:46,601] {spark_submit.py:514} INFO - 21/12/24 11:05:46 INFO SharedState: Setting hive.metastore.warehouse.dir ('null') to the value of spark.sql.warehouse.dir.
[2021-12-24 11:05:46,770] {spark_submit.py:514} INFO - 21/12/24 11:05:46 INFO SharedState: Warehouse path is 'file:/opt/***/spark-warehouse'.
[2021-12-24 11:05:49,024] {spark_submit.py:514} INFO - 21/12/24 11:05:49 INFO SparkContext: Invoking stop() from shutdown hook
[2021-12-24 11:05:49,090] {spark_submit.py:514} INFO - 21/12/24 11:05:49 INFO SparkUI: Stopped Spark web UI at http://dd6c6a1cba03:4040
[2021-12-24 11:05:49,101] {spark_submit.py:514} INFO - 21/12/24 11:05:49 INFO StandaloneSchedulerBackend: Shutting down all executors
[2021-12-24 11:05:49,115] {spark_submit.py:514} INFO - 21/12/24 11:05:49 INFO CoarseGrainedSchedulerBackend$DriverEndpoint: Asking each executor to shut down
[2021-12-24 11:05:49,172] {spark_submit.py:514} INFO - 21/12/24 11:05:49 INFO MapOutputTrackerMasterEndpoint: MapOutputTrackerMasterEndpoint stopped!
[2021-12-24 11:05:49,208] {spark_submit.py:514} INFO - 21/12/24 11:05:49 INFO MemoryStore: MemoryStore cleared
[2021-12-24 11:05:49,217] {spark_submit.py:514} INFO - 21/12/24 11:05:49 INFO BlockManager: BlockManager stopped
[2021-12-24 11:05:49,235] {spark_submit.py:514} INFO - 21/12/24 11:05:49 INFO BlockManagerMaster: BlockManagerMaster stopped
[2021-12-24 11:05:49,240] {spark_submit.py:514} INFO - 21/12/24 11:05:49 INFO OutputCommitCoordinator$OutputCommitCoordinatorEndpoint: OutputCommitCoordinator stopped!
[2021-12-24 11:05:49,263] {spark_submit.py:514} INFO - 21/12/24 11:05:49 INFO SparkContext: Successfully stopped SparkContext
[2021-12-24 11:05:49,265] {spark_submit.py:514} INFO - 21/12/24 11:05:49 INFO ShutdownHookManager: Shutdown hook called
[2021-12-24 11:05:49,267] {spark_submit.py:514} INFO - 21/12/24 11:05:49 INFO ShutdownHookManager: Deleting directory /tmp/spark-3ebf7fb7-a6fb-4eae-9d23-62414b9fd2f7
[2021-12-24 11:05:49,273] {spark_submit.py:514} INFO - 21/12/24 11:05:49 INFO ShutdownHookManager: Deleting directory /tmp/spark-7687d18f-703d-4a51-9f85-9da9b4f779c0/pyspark-5a2dd376-76df-47fa-9d80-d5bb578821d5
[2021-12-24 11:05:49,278] {spark_submit.py:514} INFO - 21/12/24 11:05:49 INFO ShutdownHookManager: Deleting directory /tmp/spark-7687d18f-703d-4a51-9f85-9da9b4f779c0
[2021-12-24 11:05:49,452] {taskinstance.py:1280} INFO - Marking task as SUCCESS. dag_id=scraping_daft_wexford, task_id=persist_data, execution_date=20211223T110500, start_date=20211224T110537, end_date=20211224T110549
[2021-12-24 11:05:49,511] {local_task_job.py:154} INFO - Task exited with return code 0
[2021-12-24 11:05:49,599] {local_task_job.py:264} INFO - 1 downstream tasks scheduled from follow-on schedule check
