[2021-12-28 16:02:32,898] {taskinstance.py:1035} INFO - Dependencies all met for <TaskInstance: scraping_daft_monaghan.scrap_data manual__2021-12-28T16:02:25.402828+00:00 [queued]>
[2021-12-28 16:02:32,947] {taskinstance.py:1035} INFO - Dependencies all met for <TaskInstance: scraping_daft_monaghan.scrap_data manual__2021-12-28T16:02:25.402828+00:00 [queued]>
[2021-12-28 16:02:32,948] {taskinstance.py:1241} INFO - 
--------------------------------------------------------------------------------
[2021-12-28 16:02:32,950] {taskinstance.py:1242} INFO - Starting attempt 1 of 4
[2021-12-28 16:02:32,952] {taskinstance.py:1243} INFO - 
--------------------------------------------------------------------------------
[2021-12-28 16:02:32,997] {taskinstance.py:1262} INFO - Executing <Task(SparkSubmitOperator): scrap_data> on 2021-12-28 16:02:25.402828+00:00
[2021-12-28 16:02:33,037] {standard_task_runner.py:76} INFO - Running: ['***', 'tasks', 'run', 'scraping_daft_monaghan', 'scrap_data', 'manual__2021-12-28T16:02:25.402828+00:00', '--job-id', '5273', '--raw', '--subdir', 'DAGS_FOLDER/scraping_daft_monaghan.py', '--cfg-path', '/tmp/tmpno7ob1a3', '--error-file', '/tmp/tmpva5bz399']
[2021-12-28 16:02:33,041] {standard_task_runner.py:77} INFO - Job 5273: Subtask scrap_data
[2021-12-28 16:02:33,019] {standard_task_runner.py:52} INFO - Started process 12293 to run task
[2021-12-28 16:02:33,357] {logging_mixin.py:109} INFO - Running <TaskInstance: scraping_daft_monaghan.scrap_data manual__2021-12-28T16:02:25.402828+00:00 [running]> on host 6bdda4c19a85
[2021-12-28 16:02:33,779] {taskinstance.py:1429} INFO - Exporting the following env vars:
AIRFLOW_CTX_DAG_EMAIL=clement.liscoet@gmail.com
AIRFLOW_CTX_DAG_OWNER=clemoni
AIRFLOW_CTX_DAG_ID=scraping_daft_monaghan
AIRFLOW_CTX_TASK_ID=scrap_data
AIRFLOW_CTX_EXECUTION_DATE=2021-12-28T16:02:25.402828+00:00
AIRFLOW_CTX_DAG_RUN_ID=manual__2021-12-28T16:02:25.402828+00:00
[2021-12-28 16:02:33,851] {base.py:79} INFO - Using connection to: id: spark_default. Host: spark://spark:7077, Port: None, Schema: , Login: ***, Password: ***, extra: {}
[2021-12-28 16:02:33,857] {spark_submit.py:360} INFO - Spark-Submit cmd: spark-submit --master spark://spark:7077 --conf spark.master=spark://spark:7077 --name scrap data --verbose /opt/***/jobs/get_ads_per_county.py monaghan
[2021-12-28 16:02:38,302] {spark_submit.py:514} INFO - Using properties file: null
[2021-12-28 16:02:38,510] {spark_submit.py:514} INFO - WARNING: An illegal reflective access operation has occurred
[2021-12-28 16:02:38,512] {spark_submit.py:514} INFO - WARNING: Illegal reflective access by org.apache.spark.unsafe.Platform (file:/home/***/.local/lib/python3.6/site-packages/pyspark/jars/spark-unsafe_2.12-3.2.0.jar) to constructor java.nio.DirectByteBuffer(long,int)
[2021-12-28 16:02:38,514] {spark_submit.py:514} INFO - WARNING: Please consider reporting this to the maintainers of org.apache.spark.unsafe.Platform
[2021-12-28 16:02:38,516] {spark_submit.py:514} INFO - WARNING: Use --illegal-access=warn to enable warnings of further illegal reflective access operations
[2021-12-28 16:02:38,519] {spark_submit.py:514} INFO - WARNING: All illegal access operations will be denied in a future release
[2021-12-28 16:02:38,647] {spark_submit.py:514} INFO - Parsed arguments:
[2021-12-28 16:02:38,648] {spark_submit.py:514} INFO - master                  spark://spark:7077
[2021-12-28 16:02:38,650] {spark_submit.py:514} INFO - deployMode              null
[2021-12-28 16:02:38,651] {spark_submit.py:514} INFO - executorMemory          null
[2021-12-28 16:02:38,652] {spark_submit.py:514} INFO - executorCores           null
[2021-12-28 16:02:38,654] {spark_submit.py:514} INFO - totalExecutorCores      null
[2021-12-28 16:02:38,655] {spark_submit.py:514} INFO - propertiesFile          null
[2021-12-28 16:02:38,656] {spark_submit.py:514} INFO - driverMemory            null
[2021-12-28 16:02:38,657] {spark_submit.py:514} INFO - driverCores             null
[2021-12-28 16:02:38,659] {spark_submit.py:514} INFO - driverExtraClassPath    null
[2021-12-28 16:02:38,660] {spark_submit.py:514} INFO - driverExtraLibraryPath  null
[2021-12-28 16:02:38,663] {spark_submit.py:514} INFO - driverExtraJavaOptions  null
[2021-12-28 16:02:38,666] {spark_submit.py:514} INFO - supervise               false
[2021-12-28 16:02:38,667] {spark_submit.py:514} INFO - queue                   null
[2021-12-28 16:02:38,669] {spark_submit.py:514} INFO - numExecutors            null
[2021-12-28 16:02:38,671] {spark_submit.py:514} INFO - files                   null
[2021-12-28 16:02:38,673] {spark_submit.py:514} INFO - pyFiles                 null
[2021-12-28 16:02:38,674] {spark_submit.py:514} INFO - archives                null
[2021-12-28 16:02:38,675] {spark_submit.py:514} INFO - mainClass               null
[2021-12-28 16:02:38,676] {spark_submit.py:514} INFO - primaryResource         file:/opt/***/jobs/get_ads_per_county.py
[2021-12-28 16:02:38,678] {spark_submit.py:514} INFO - name                    scrap data
[2021-12-28 16:02:38,679] {spark_submit.py:514} INFO - childArgs               [monaghan]
[2021-12-28 16:02:38,682] {spark_submit.py:514} INFO - jars                    null
[2021-12-28 16:02:38,685] {spark_submit.py:514} INFO - packages                null
[2021-12-28 16:02:38,688] {spark_submit.py:514} INFO - packagesExclusions      null
[2021-12-28 16:02:38,691] {spark_submit.py:514} INFO - repositories            null
[2021-12-28 16:02:38,692] {spark_submit.py:514} INFO - verbose                 true
[2021-12-28 16:02:38,694] {spark_submit.py:514} INFO - 
[2021-12-28 16:02:38,697] {spark_submit.py:514} INFO - Spark properties used, including those specified through
[2021-12-28 16:02:38,699] {spark_submit.py:514} INFO - --conf and those from the properties file null:
[2021-12-28 16:02:38,699] {spark_submit.py:514} INFO - (spark.master,spark://spark:7077)
[2021-12-28 16:02:38,702] {spark_submit.py:514} INFO - 
[2021-12-28 16:02:38,703] {spark_submit.py:514} INFO - 
[2021-12-28 16:02:39,234] {spark_submit.py:514} INFO - Main class:
[2021-12-28 16:02:39,235] {spark_submit.py:514} INFO - org.apache.spark.deploy.PythonRunner
[2021-12-28 16:02:39,237] {spark_submit.py:514} INFO - Arguments:
[2021-12-28 16:02:39,238] {spark_submit.py:514} INFO - file:/opt/***/jobs/get_ads_per_county.py
[2021-12-28 16:02:39,239] {spark_submit.py:514} INFO - null
[2021-12-28 16:02:39,241] {spark_submit.py:514} INFO - monaghan
[2021-12-28 16:02:39,243] {spark_submit.py:514} INFO - --verbose
[2021-12-28 16:02:39,245] {spark_submit.py:514} INFO - Spark config:
[2021-12-28 16:02:39,247] {spark_submit.py:514} INFO - (spark.app.name,scrap data)
[2021-12-28 16:02:39,248] {spark_submit.py:514} INFO - (spark.master,spark://spark:7077)
[2021-12-28 16:02:39,249] {spark_submit.py:514} INFO - (spark.submit.pyFiles,)
[2021-12-28 16:02:39,251] {spark_submit.py:514} INFO - (spark.submit.deployMode,client)
[2021-12-28 16:02:39,252] {spark_submit.py:514} INFO - Classpath elements:
[2021-12-28 16:02:39,254] {spark_submit.py:514} INFO - 
[2021-12-28 16:02:39,255] {spark_submit.py:514} INFO - 
[2021-12-28 16:02:39,256] {spark_submit.py:514} INFO - 
[2021-12-28 16:02:41,041] {spark_submit.py:514} INFO - Using Spark's default log4j profile: org/apache/spark/log4j-defaults.properties
[2021-12-28 16:02:41,071] {spark_submit.py:514} INFO - 21/12/28 16:02:41 INFO SparkContext: Running Spark version 3.2.0
[2021-12-28 16:02:41,343] {spark_submit.py:514} INFO - 21/12/28 16:02:41 WARN NativeCodeLoader: Unable to load native-hadoop library for your platform... using builtin-java classes where applicable
[2021-12-28 16:02:41,619] {spark_submit.py:514} INFO - 21/12/28 16:02:41 INFO ResourceUtils: ==============================================================
[2021-12-28 16:02:41,620] {spark_submit.py:514} INFO - 21/12/28 16:02:41 INFO ResourceUtils: No custom resources configured for spark.driver.
[2021-12-28 16:02:41,621] {spark_submit.py:514} INFO - 21/12/28 16:02:41 INFO ResourceUtils: ==============================================================
[2021-12-28 16:02:41,622] {spark_submit.py:514} INFO - 21/12/28 16:02:41 INFO SparkContext: Submitted application: Get Ads per county
[2021-12-28 16:02:41,670] {spark_submit.py:514} INFO - 21/12/28 16:02:41 INFO ResourceProfile: Default ResourceProfile created, executor resources: Map(cores -> name: cores, amount: 1, script: , vendor: , memory -> name: memory, amount: 1024, script: , vendor: , offHeap -> name: offHeap, amount: 0, script: , vendor: ), task resources: Map(cpus -> name: cpus, amount: 1.0)
[2021-12-28 16:02:41,691] {spark_submit.py:514} INFO - 21/12/28 16:02:41 INFO ResourceProfile: Limiting resource is cpu
[2021-12-28 16:02:41,694] {spark_submit.py:514} INFO - 21/12/28 16:02:41 INFO ResourceProfileManager: Added ResourceProfile id: 0
[2021-12-28 16:02:41,805] {spark_submit.py:514} INFO - 21/12/28 16:02:41 INFO SecurityManager: Changing view acls to: ***
[2021-12-28 16:02:41,807] {spark_submit.py:514} INFO - 21/12/28 16:02:41 INFO SecurityManager: Changing modify acls to: ***
[2021-12-28 16:02:41,808] {spark_submit.py:514} INFO - 21/12/28 16:02:41 INFO SecurityManager: Changing view acls groups to:
[2021-12-28 16:02:41,809] {spark_submit.py:514} INFO - 21/12/28 16:02:41 INFO SecurityManager: Changing modify acls groups to:
[2021-12-28 16:02:41,810] {spark_submit.py:514} INFO - 21/12/28 16:02:41 INFO SecurityManager: SecurityManager: authentication disabled; ui acls disabled; users  with view permissions: Set(***); groups with view permissions: Set(); users  with modify permissions: Set(***); groups with modify permissions: Set()
[2021-12-28 16:02:42,495] {spark_submit.py:514} INFO - 21/12/28 16:02:42 INFO Utils: Successfully started service 'sparkDriver' on port 39299.
[2021-12-28 16:02:42,570] {spark_submit.py:514} INFO - 21/12/28 16:02:42 INFO SparkEnv: Registering MapOutputTracker
[2021-12-28 16:02:42,639] {spark_submit.py:514} INFO - 21/12/28 16:02:42 INFO SparkEnv: Registering BlockManagerMaster
[2021-12-28 16:02:42,683] {spark_submit.py:514} INFO - 21/12/28 16:02:42 INFO BlockManagerMasterEndpoint: Using org.apache.spark.storage.DefaultTopologyMapper for getting topology information
[2021-12-28 16:02:42,684] {spark_submit.py:514} INFO - 21/12/28 16:02:42 INFO BlockManagerMasterEndpoint: BlockManagerMasterEndpoint up
[2021-12-28 16:02:42,695] {spark_submit.py:514} INFO - 21/12/28 16:02:42 INFO SparkEnv: Registering BlockManagerMasterHeartbeat
[2021-12-28 16:02:42,735] {spark_submit.py:514} INFO - 21/12/28 16:02:42 INFO DiskBlockManager: Created local directory at /tmp/blockmgr-67df2b98-6912-4474-967c-4dd144879ee9
[2021-12-28 16:02:42,786] {spark_submit.py:514} INFO - 21/12/28 16:02:42 INFO MemoryStore: MemoryStore started with capacity 434.4 MiB
[2021-12-28 16:02:42,827] {spark_submit.py:514} INFO - 21/12/28 16:02:42 INFO SparkEnv: Registering OutputCommitCoordinator
[2021-12-28 16:02:43,516] {spark_submit.py:514} INFO - 21/12/28 16:02:43 WARN Utils: Service 'SparkUI' could not bind on port 4040. Attempting port 4041.
[2021-12-28 16:02:43,540] {spark_submit.py:514} INFO - 21/12/28 16:02:43 INFO Utils: Successfully started service 'SparkUI' on port 4041.
[2021-12-28 16:02:43,733] {spark_submit.py:514} INFO - 21/12/28 16:02:43 INFO SparkUI: Bound SparkUI to 0.0.0.0, and started at http://6bdda4c19a85:4041
[2021-12-28 16:02:44,309] {spark_submit.py:514} INFO - 21/12/28 16:02:44 INFO StandaloneAppClient$ClientEndpoint: Connecting to master spark://spark:7077...
[2021-12-28 16:02:44,494] {spark_submit.py:514} INFO - 21/12/28 16:02:44 INFO TransportClientFactory: Successfully created connection to spark/172.18.0.4:7077 after 83 ms (0 ms spent in bootstraps)
[2021-12-28 16:02:44,799] {spark_submit.py:514} INFO - 21/12/28 16:02:44 INFO StandaloneSchedulerBackend: Connected to Spark cluster with app ID app-20211228160244-0060
[2021-12-28 16:02:44,828] {spark_submit.py:514} INFO - 21/12/28 16:02:44 INFO Utils: Successfully started service 'org.apache.spark.network.netty.NettyBlockTransferService' on port 43349.
[2021-12-28 16:02:44,830] {spark_submit.py:514} INFO - 21/12/28 16:02:44 INFO NettyBlockTransferService: Server created on 6bdda4c19a85:43349
[2021-12-28 16:02:44,834] {spark_submit.py:514} INFO - 21/12/28 16:02:44 INFO BlockManager: Using org.apache.spark.storage.RandomBlockReplicationPolicy for block replication policy
[2021-12-28 16:02:44,859] {spark_submit.py:514} INFO - 21/12/28 16:02:44 INFO BlockManagerMaster: Registering BlockManager BlockManagerId(driver, 6bdda4c19a85, 43349, None)
[2021-12-28 16:02:44,870] {spark_submit.py:514} INFO - 21/12/28 16:02:44 INFO BlockManagerMasterEndpoint: Registering block manager 6bdda4c19a85:43349 with 434.4 MiB RAM, BlockManagerId(driver, 6bdda4c19a85, 43349, None)
[2021-12-28 16:02:44,878] {spark_submit.py:514} INFO - 21/12/28 16:02:44 INFO BlockManagerMaster: Registered BlockManager BlockManagerId(driver, 6bdda4c19a85, 43349, None)
[2021-12-28 16:02:44,883] {spark_submit.py:514} INFO - 21/12/28 16:02:44 INFO BlockManager: Initialized BlockManager: BlockManagerId(driver, 6bdda4c19a85, 43349, None)
[2021-12-28 16:02:45,667] {spark_submit.py:514} INFO - 21/12/28 16:02:45 INFO StandaloneSchedulerBackend: SchedulerBackend is ready for scheduling beginning after reached minRegisteredResourcesRatio: 0.0
[2021-12-28 16:02:45,745] {spark_submit.py:514} INFO - /home/***/.local/lib/python3.6/site-packages/pyspark/python/lib/pyspark.zip/pyspark/context.py:238: FutureWarning: Python 3.6 support is deprecated in Spark 3.2.
[2021-12-28 16:02:45,746] {spark_submit.py:514} INFO - FutureWarning
[2021-12-28 16:02:46,323] {spark_submit.py:514} INFO - 21/12/28 16:02:46 INFO SharedState: Setting hive.metastore.warehouse.dir ('null') to the value of spark.sql.warehouse.dir.
[2021-12-28 16:02:46,374] {spark_submit.py:514} INFO - 21/12/28 16:02:46 INFO SharedState: Warehouse path is 'file:/opt/***/spark-warehouse'.
[2021-12-28 16:02:50,931] {spark_submit.py:514} INFO - running...
[2021-12-28 16:02:51,460] {spark_submit.py:514} INFO - running...
[2021-12-28 16:02:51,913] {spark_submit.py:514} INFO - running...
[2021-12-28 16:02:52,512] {spark_submit.py:514} INFO - running...
[2021-12-28 16:02:53,628] {spark_submit.py:514} INFO - running...
[2021-12-28 16:02:56,602] {spark_submit.py:514} INFO - 21/12/28 16:02:56 INFO SparkContext: Invoking stop() from shutdown hook
[2021-12-28 16:02:56,625] {spark_submit.py:514} INFO - 21/12/28 16:02:56 INFO SparkUI: Stopped Spark web UI at http://6bdda4c19a85:4041
[2021-12-28 16:02:56,632] {spark_submit.py:514} INFO - 21/12/28 16:02:56 INFO StandaloneSchedulerBackend: Shutting down all executors
[2021-12-28 16:02:56,638] {spark_submit.py:514} INFO - 21/12/28 16:02:56 INFO CoarseGrainedSchedulerBackend$DriverEndpoint: Asking each executor to shut down
[2021-12-28 16:02:56,667] {spark_submit.py:514} INFO - 21/12/28 16:02:56 INFO MapOutputTrackerMasterEndpoint: MapOutputTrackerMasterEndpoint stopped!
[2021-12-28 16:02:56,691] {spark_submit.py:514} INFO - 21/12/28 16:02:56 INFO MemoryStore: MemoryStore cleared
[2021-12-28 16:02:56,693] {spark_submit.py:514} INFO - 21/12/28 16:02:56 INFO BlockManager: BlockManager stopped
[2021-12-28 16:02:56,710] {spark_submit.py:514} INFO - 21/12/28 16:02:56 INFO BlockManagerMaster: BlockManagerMaster stopped
[2021-12-28 16:02:56,715] {spark_submit.py:514} INFO - 21/12/28 16:02:56 INFO OutputCommitCoordinator$OutputCommitCoordinatorEndpoint: OutputCommitCoordinator stopped!
[2021-12-28 16:02:56,728] {spark_submit.py:514} INFO - 21/12/28 16:02:56 INFO SparkContext: Successfully stopped SparkContext
[2021-12-28 16:02:56,730] {spark_submit.py:514} INFO - 21/12/28 16:02:56 INFO ShutdownHookManager: Shutdown hook called
[2021-12-28 16:02:56,731] {spark_submit.py:514} INFO - 21/12/28 16:02:56 INFO ShutdownHookManager: Deleting directory /tmp/spark-0f871d83-15ca-464e-8ece-4b86a6538003/pyspark-dbc4ce7b-6707-4a23-88ff-32f13fb2cb3d
[2021-12-28 16:02:56,736] {spark_submit.py:514} INFO - 21/12/28 16:02:56 INFO ShutdownHookManager: Deleting directory /tmp/spark-1cabe56c-81ba-4871-be3c-11fbbfcae27f
[2021-12-28 16:02:56,742] {spark_submit.py:514} INFO - 21/12/28 16:02:56 INFO ShutdownHookManager: Deleting directory /tmp/spark-0f871d83-15ca-464e-8ece-4b86a6538003
[2021-12-28 16:02:56,892] {taskinstance.py:1280} INFO - Marking task as SUCCESS. dag_id=scraping_daft_monaghan, task_id=scrap_data, execution_date=20211228T160225, start_date=20211228T160232, end_date=20211228T160256
[2021-12-28 16:02:56,955] {local_task_job.py:154} INFO - Task exited with return code 0
[2021-12-28 16:02:57,097] {local_task_job.py:264} INFO - 1 downstream tasks scheduled from follow-on schedule check
