[2021-12-28 16:02:28,340] {taskinstance.py:1035} INFO - Dependencies all met for <TaskInstance: scraping_daft_monaghan.run_init_county manual__2021-12-28T16:02:25.402828+00:00 [queued]>
[2021-12-28 16:02:28,400] {taskinstance.py:1035} INFO - Dependencies all met for <TaskInstance: scraping_daft_monaghan.run_init_county manual__2021-12-28T16:02:25.402828+00:00 [queued]>
[2021-12-28 16:02:28,407] {taskinstance.py:1241} INFO - 
--------------------------------------------------------------------------------
[2021-12-28 16:02:28,464] {taskinstance.py:1242} INFO - Starting attempt 1 of 4
[2021-12-28 16:02:28,471] {taskinstance.py:1243} INFO - 
--------------------------------------------------------------------------------
[2021-12-28 16:02:28,519] {taskinstance.py:1262} INFO - Executing <Task(_PythonDecoratedOperator): run_init_county> on 2021-12-28 16:02:25.402828+00:00
[2021-12-28 16:02:28,534] {standard_task_runner.py:52} INFO - Started process 12290 to run task
[2021-12-28 16:02:28,556] {standard_task_runner.py:76} INFO - Running: ['***', 'tasks', 'run', 'scraping_daft_monaghan', 'run_init_county', 'manual__2021-12-28T16:02:25.402828+00:00', '--job-id', '5272', '--raw', '--subdir', 'DAGS_FOLDER/scraping_daft_monaghan.py', '--cfg-path', '/tmp/tmpd2yd4cja', '--error-file', '/tmp/tmp_rcqu7rl']
[2021-12-28 16:02:28,591] {standard_task_runner.py:77} INFO - Job 5272: Subtask run_init_county
[2021-12-28 16:02:29,197] {logging_mixin.py:109} INFO - Running <TaskInstance: scraping_daft_monaghan.run_init_county manual__2021-12-28T16:02:25.402828+00:00 [running]> on host 6bdda4c19a85
[2021-12-28 16:02:29,760] {taskinstance.py:1429} INFO - Exporting the following env vars:
AIRFLOW_CTX_DAG_EMAIL=clement.liscoet@gmail.com
AIRFLOW_CTX_DAG_OWNER=clemoni
AIRFLOW_CTX_DAG_ID=scraping_daft_monaghan
AIRFLOW_CTX_TASK_ID=run_init_county
AIRFLOW_CTX_EXECUTION_DATE=2021-12-28T16:02:25.402828+00:00
AIRFLOW_CTX_DAG_RUN_ID=manual__2021-12-28T16:02:25.402828+00:00
[2021-12-28 16:02:29,941] {python.py:152} INFO - Done. Returned value was: None
[2021-12-28 16:02:30,106] {taskinstance.py:1280} INFO - Marking task as SUCCESS. dag_id=scraping_daft_monaghan, task_id=run_init_county, execution_date=20211228T160225, start_date=20211228T160228, end_date=20211228T160230
[2021-12-28 16:02:30,329] {local_task_job.py:154} INFO - Task exited with return code 0
[2021-12-28 16:02:30,995] {local_task_job.py:264} INFO - 1 downstream tasks scheduled from follow-on schedule check
