[2021-12-10 09:51:45,044] {taskinstance.py:1035} INFO - Dependencies all met for <TaskInstance: scraping_daft_sligo.run_init_county manual__2021-12-10T09:51:43.777349+00:00 [queued]>
[2021-12-10 09:51:45,067] {taskinstance.py:1035} INFO - Dependencies all met for <TaskInstance: scraping_daft_sligo.run_init_county manual__2021-12-10T09:51:43.777349+00:00 [queued]>
[2021-12-10 09:51:45,068] {taskinstance.py:1241} INFO - 
--------------------------------------------------------------------------------
[2021-12-10 09:51:45,069] {taskinstance.py:1242} INFO - Starting attempt 1 of 3
[2021-12-10 09:51:45,070] {taskinstance.py:1243} INFO - 
--------------------------------------------------------------------------------
[2021-12-10 09:51:45,090] {taskinstance.py:1262} INFO - Executing <Task(_PythonDecoratedOperator): run_init_county> on 2021-12-10 09:51:43.777349+00:00
[2021-12-10 09:51:45,102] {standard_task_runner.py:76} INFO - Running: ['***', 'tasks', 'run', 'scraping_daft_sligo', 'run_init_county', 'manual__2021-12-10T09:51:43.777349+00:00', '--job-id', '1146', '--raw', '--subdir', 'DAGS_FOLDER/scraping_daft_sligo.py', '--cfg-path', '/tmp/tmp4tzf070y', '--error-file', '/tmp/tmpdwx_jupo']
[2021-12-10 09:51:45,104] {standard_task_runner.py:77} INFO - Job 1146: Subtask run_init_county
[2021-12-10 09:51:45,097] {standard_task_runner.py:52} INFO - Started process 12737 to run task
[2021-12-10 09:51:45,221] {logging_mixin.py:109} INFO - Running <TaskInstance: scraping_daft_sligo.run_init_county manual__2021-12-10T09:51:43.777349+00:00 [running]> on host b7c04404c5f3
[2021-12-10 09:51:45,339] {taskinstance.py:1429} INFO - Exporting the following env vars:
AIRFLOW_CTX_DAG_EMAIL=***@example.com
AIRFLOW_CTX_DAG_OWNER=clemoni
AIRFLOW_CTX_DAG_ID=scraping_daft_sligo
AIRFLOW_CTX_TASK_ID=run_init_county
AIRFLOW_CTX_EXECUTION_DATE=2021-12-10T09:51:43.777349+00:00
AIRFLOW_CTX_DAG_RUN_ID=manual__2021-12-10T09:51:43.777349+00:00
[2021-12-10 09:51:45,370] {python.py:152} INFO - Done. Returned value was: None
[2021-12-10 09:51:45,419] {taskinstance.py:1280} INFO - Marking task as SUCCESS. dag_id=scraping_daft_sligo, task_id=run_init_county, execution_date=20211210T095143, start_date=20211210T095145, end_date=20211210T095145
[2021-12-10 09:51:45,446] {local_task_job.py:154} INFO - Task exited with return code 0
[2021-12-10 09:51:45,553] {local_task_job.py:264} INFO - 1 downstream tasks scheduled from follow-on schedule check
