[2021-12-15 08:56:43,558] {taskinstance.py:1035} INFO - Dependencies all met for <TaskInstance: scraping_daft_roscommon.persist_data scheduled__2021-12-14T05:00:00+00:00 [queued]>
[2021-12-15 08:56:44,816] {taskinstance.py:1035} INFO - Dependencies all met for <TaskInstance: scraping_daft_roscommon.persist_data scheduled__2021-12-14T05:00:00+00:00 [queued]>
[2021-12-15 08:56:44,833] {taskinstance.py:1241} INFO - 
--------------------------------------------------------------------------------
[2021-12-15 08:56:44,850] {taskinstance.py:1242} INFO - Starting attempt 1 of 4
[2021-12-15 08:56:44,866] {taskinstance.py:1243} INFO - 
--------------------------------------------------------------------------------
[2021-12-15 08:56:45,244] {taskinstance.py:1262} INFO - Executing <Task(SparkSubmitOperator): persist_data> on 2021-12-14 05:00:00+00:00
[2021-12-15 08:56:45,288] {standard_task_runner.py:52} INFO - Started process 2749 to run task
[2021-12-15 08:56:45,516] {standard_task_runner.py:76} INFO - Running: ['***', 'tasks', 'run', 'scraping_daft_roscommon', 'persist_data', 'scheduled__2021-12-14T05:00:00+00:00', '--job-id', '2324', '--raw', '--subdir', 'DAGS_FOLDER/scraping_daft_roscommon.py', '--cfg-path', '/tmp/tmpsmg2j_i4', '--error-file', '/tmp/tmp19w_qvir']
[2021-12-15 08:56:45,555] {standard_task_runner.py:77} INFO - Job 2324: Subtask persist_data
[2021-12-15 08:56:46,523] {logging_mixin.py:109} INFO - Running <TaskInstance: scraping_daft_roscommon.persist_data scheduled__2021-12-14T05:00:00+00:00 [running]> on host e2904d252e94
[2021-12-15 08:56:48,616] {taskinstance.py:1429} INFO - Exporting the following env vars:
AIRFLOW_CTX_DAG_EMAIL=clement.liscoet@gmail.com
AIRFLOW_CTX_DAG_OWNER=clemoni
AIRFLOW_CTX_DAG_ID=scraping_daft_roscommon
AIRFLOW_CTX_TASK_ID=persist_data
AIRFLOW_CTX_EXECUTION_DATE=2021-12-14T05:00:00+00:00
AIRFLOW_CTX_DAG_RUN_ID=scheduled__2021-12-14T05:00:00+00:00
[2021-12-15 08:56:48,813] {base.py:79} INFO - Using connection to: id: spark_default. Host: spark://spark:7077, Port: None, Schema: , Login: ***, Password: ***, extra: {}
[2021-12-15 08:56:48,834] {spark_submit.py:360} INFO - Spark-Submit cmd: spark-submit --master spark://spark:7077 --conf spark.master=spark://spark:7077 --name persist data --verbose /opt/***/jobs/persist_db.py roscommon
[2021-12-15 08:57:20,654] {spark_submit.py:514} INFO - Using properties file: null
[2021-12-15 08:57:23,810] {spark_submit.py:514} INFO - WARNING: An illegal reflective access operation has occurred
[2021-12-15 08:57:23,815] {spark_submit.py:514} INFO - WARNING: Illegal reflective access by org.apache.spark.unsafe.Platform (file:/home/***/.local/lib/python3.6/site-packages/pyspark/jars/spark-unsafe_2.12-3.2.0.jar) to constructor java.nio.DirectByteBuffer(long,int)
[2021-12-15 08:57:23,819] {spark_submit.py:514} INFO - WARNING: Please consider reporting this to the maintainers of org.apache.spark.unsafe.Platform
[2021-12-15 08:57:23,825] {spark_submit.py:514} INFO - WARNING: Use --illegal-access=warn to enable warnings of further illegal reflective access operations
[2021-12-15 08:57:23,849] {spark_submit.py:514} INFO - WARNING: All illegal access operations will be denied in a future release
[2021-12-15 08:57:25,027] {spark_submit.py:514} INFO - Parsed arguments:
[2021-12-15 08:57:25,071] {spark_submit.py:514} INFO - master                  spark://spark:7077
[2021-12-15 08:57:25,078] {spark_submit.py:514} INFO - deployMode              null
[2021-12-15 08:57:25,084] {spark_submit.py:514} INFO - executorMemory          null
[2021-12-15 08:57:25,086] {spark_submit.py:514} INFO - executorCores           null
[2021-12-15 08:57:25,089] {spark_submit.py:514} INFO - totalExecutorCores      null
[2021-12-15 08:57:25,096] {spark_submit.py:514} INFO - propertiesFile          null
[2021-12-15 08:57:25,102] {spark_submit.py:514} INFO - driverMemory            null
[2021-12-15 08:57:25,110] {spark_submit.py:514} INFO - driverCores             null
[2021-12-15 08:57:25,113] {spark_submit.py:514} INFO - driverExtraClassPath    null
[2021-12-15 08:57:25,116] {spark_submit.py:514} INFO - driverExtraLibraryPath  null
[2021-12-15 08:57:25,121] {spark_submit.py:514} INFO - driverExtraJavaOptions  null
[2021-12-15 08:57:25,124] {spark_submit.py:514} INFO - supervise               false
[2021-12-15 08:57:25,126] {spark_submit.py:514} INFO - queue                   null
[2021-12-15 08:57:25,128] {spark_submit.py:514} INFO - numExecutors            null
[2021-12-15 08:57:25,130] {spark_submit.py:514} INFO - files                   null
[2021-12-15 08:57:25,132] {spark_submit.py:514} INFO - pyFiles                 null
[2021-12-15 08:57:25,134] {spark_submit.py:514} INFO - archives                null
[2021-12-15 08:57:25,136] {spark_submit.py:514} INFO - mainClass               null
[2021-12-15 08:57:25,139] {spark_submit.py:514} INFO - primaryResource         file:/opt/***/jobs/persist_db.py
[2021-12-15 08:57:25,142] {spark_submit.py:514} INFO - name                    persist data
[2021-12-15 08:57:25,145] {spark_submit.py:514} INFO - childArgs               [roscommon]
[2021-12-15 08:57:25,151] {spark_submit.py:514} INFO - jars                    null
[2021-12-15 08:57:25,152] {spark_submit.py:514} INFO - packages                null
[2021-12-15 08:57:25,154] {spark_submit.py:514} INFO - packagesExclusions      null
[2021-12-15 08:57:25,155] {spark_submit.py:514} INFO - repositories            null
[2021-12-15 08:57:25,156] {spark_submit.py:514} INFO - verbose                 true
[2021-12-15 08:57:25,159] {spark_submit.py:514} INFO - 
[2021-12-15 08:57:25,161] {spark_submit.py:514} INFO - Spark properties used, including those specified through
[2021-12-15 08:57:25,163] {spark_submit.py:514} INFO - --conf and those from the properties file null:
[2021-12-15 08:57:25,166] {spark_submit.py:514} INFO - (spark.master,spark://spark:7077)
[2021-12-15 08:57:25,168] {spark_submit.py:514} INFO - 
[2021-12-15 08:57:25,170] {spark_submit.py:514} INFO - 
[2021-12-15 08:57:40,201] {spark_submit.py:514} INFO - Main class:
[2021-12-15 08:57:40,220] {spark_submit.py:514} INFO - org.apache.spark.deploy.PythonRunner
[2021-12-15 08:57:40,221] {spark_submit.py:514} INFO - Arguments:
[2021-12-15 08:57:40,227] {spark_submit.py:514} INFO - file:/opt/***/jobs/persist_db.py
[2021-12-15 08:57:40,233] {spark_submit.py:514} INFO - null
[2021-12-15 08:57:40,237] {spark_submit.py:514} INFO - roscommon
[2021-12-15 08:57:40,241] {spark_submit.py:514} INFO - --verbose
[2021-12-15 08:57:40,242] {spark_submit.py:514} INFO - Spark config:
[2021-12-15 08:57:40,243] {spark_submit.py:514} INFO - (spark.master,spark://spark:7077)
[2021-12-15 08:57:40,244] {spark_submit.py:514} INFO - (spark.app.name,persist data)
[2021-12-15 08:57:40,249] {spark_submit.py:514} INFO - (spark.submit.pyFiles,)
[2021-12-15 08:57:40,257] {spark_submit.py:514} INFO - (spark.submit.deployMode,client)
[2021-12-15 08:57:40,258] {spark_submit.py:514} INFO - Classpath elements:
[2021-12-15 08:57:40,260] {spark_submit.py:514} INFO - 
[2021-12-15 08:57:40,264] {spark_submit.py:514} INFO - 
[2021-12-15 08:57:40,266] {spark_submit.py:514} INFO - 
[2021-12-15 08:58:09,491] {spark_submit.py:514} INFO - Using Spark's default log4j profile: org/apache/spark/log4j-defaults.properties
[2021-12-15 08:58:09,596] {spark_submit.py:514} INFO - 21/12/15 08:58:09 INFO SparkContext: Running Spark version 3.2.0
[2021-12-15 08:58:10,696] {spark_submit.py:514} INFO - 21/12/15 08:58:10 WARN NativeCodeLoader: Unable to load native-hadoop library for your platform... using builtin-java classes where applicable
[2021-12-15 08:58:13,582] {spark_submit.py:514} INFO - 21/12/15 08:58:13 INFO ResourceUtils: ==============================================================
[2021-12-15 08:58:13,592] {spark_submit.py:514} INFO - 21/12/15 08:58:13 INFO ResourceUtils: No custom resources configured for spark.driver.
[2021-12-15 08:58:13,594] {spark_submit.py:514} INFO - 21/12/15 08:58:13 INFO ResourceUtils: ==============================================================
[2021-12-15 08:58:13,649] {spark_submit.py:514} INFO - 21/12/15 08:58:13 INFO SparkContext: Submitted application: Persist DB
[2021-12-15 08:58:14,219] {spark_submit.py:514} INFO - 21/12/15 08:58:14 INFO ResourceProfile: Default ResourceProfile created, executor resources: Map(cores -> name: cores, amount: 1, script: , vendor: , memory -> name: memory, amount: 1024, script: , vendor: , offHeap -> name: offHeap, amount: 0, script: , vendor: ), task resources: Map(cpus -> name: cpus, amount: 1.0)
[2021-12-15 08:58:14,582] {spark_submit.py:514} INFO - 21/12/15 08:58:14 INFO ResourceProfile: Limiting resource is cpu
[2021-12-15 08:58:14,624] {spark_submit.py:514} INFO - 21/12/15 08:58:14 INFO ResourceProfileManager: Added ResourceProfile id: 0
[2021-12-15 08:58:16,970] {spark_submit.py:514} INFO - 21/12/15 08:58:16 INFO SecurityManager: Changing view acls to: ***
[2021-12-15 08:58:17,021] {spark_submit.py:514} INFO - 21/12/15 08:58:17 INFO SecurityManager: Changing modify acls to: ***
[2021-12-15 08:58:17,023] {spark_submit.py:514} INFO - 21/12/15 08:58:17 INFO SecurityManager: Changing view acls groups to:
[2021-12-15 08:58:17,062] {spark_submit.py:514} INFO - 21/12/15 08:58:17 INFO SecurityManager: Changing modify acls groups to:
[2021-12-15 08:58:17,065] {spark_submit.py:514} INFO - 21/12/15 08:58:17 INFO SecurityManager: SecurityManager: authentication disabled; ui acls disabled; users  with view permissions: Set(***); groups with view permissions: Set(); users  with modify permissions: Set(***); groups with modify permissions: Set()
[2021-12-15 08:58:20,233] {spark_submit.py:514} INFO - 21/12/15 08:58:20 INFO Utils: Successfully started service 'sparkDriver' on port 40255.
[2021-12-15 08:58:20,515] {spark_submit.py:514} INFO - 21/12/15 08:58:20 INFO SparkEnv: Registering MapOutputTracker
[2021-12-15 08:58:20,968] {spark_submit.py:514} INFO - 21/12/15 08:58:20 INFO SparkEnv: Registering BlockManagerMaster
[2021-12-15 08:58:21,053] {spark_submit.py:514} INFO - 21/12/15 08:58:21 INFO BlockManagerMasterEndpoint: Using org.apache.spark.storage.DefaultTopologyMapper for getting topology information
[2021-12-15 08:58:21,055] {spark_submit.py:514} INFO - 21/12/15 08:58:21 INFO BlockManagerMasterEndpoint: BlockManagerMasterEndpoint up
[2021-12-15 08:58:21,113] {spark_submit.py:514} INFO - 21/12/15 08:58:21 INFO SparkEnv: Registering BlockManagerMasterHeartbeat
[2021-12-15 08:58:21,534] {spark_submit.py:514} INFO - 21/12/15 08:58:21 INFO DiskBlockManager: Created local directory at /tmp/blockmgr-5730debd-be98-4847-aede-9f0fbe823981
[2021-12-15 08:58:21,969] {spark_submit.py:514} INFO - 21/12/15 08:58:21 INFO MemoryStore: MemoryStore started with capacity 434.4 MiB
[2021-12-15 08:58:22,285] {spark_submit.py:514} INFO - 21/12/15 08:58:22 INFO SparkEnv: Registering OutputCommitCoordinator
[2021-12-15 08:58:26,020] {spark_submit.py:514} INFO - 21/12/15 08:58:26 WARN Utils: Service 'SparkUI' could not bind on port 4040. Attempting port 4041.
[2021-12-15 08:58:26,029] {spark_submit.py:514} INFO - 21/12/15 08:58:26 WARN Utils: Service 'SparkUI' could not bind on port 4041. Attempting port 4042.
[2021-12-15 08:58:26,031] {spark_submit.py:514} INFO - 21/12/15 08:58:26 WARN Utils: Service 'SparkUI' could not bind on port 4042. Attempting port 4043.
[2021-12-15 08:58:26,121] {spark_submit.py:514} INFO - 21/12/15 08:58:26 INFO Utils: Successfully started service 'SparkUI' on port 4043.
[2021-12-15 08:58:27,548] {spark_submit.py:514} INFO - 21/12/15 08:58:27 INFO SparkUI: Bound SparkUI to 0.0.0.0, and started at http://e2904d252e94:4043
[2021-12-15 08:58:30,882] {spark_submit.py:514} INFO - 21/12/15 08:58:30 INFO StandaloneAppClient$ClientEndpoint: Connecting to master spark://spark:7077...
[2021-12-15 08:58:31,483] {spark_submit.py:514} INFO - 21/12/15 08:58:31 INFO TransportClientFactory: Successfully created connection to spark/172.19.0.4:7077 after 419 ms (0 ms spent in bootstraps)
[2021-12-15 08:58:32,868] {spark_submit.py:514} INFO - 21/12/15 08:58:32 INFO StandaloneSchedulerBackend: Connected to Spark cluster with app ID app-20211215085832-0021
[2021-12-15 08:58:32,920] {spark_submit.py:514} INFO - 21/12/15 08:58:32 INFO Utils: Successfully started service 'org.apache.spark.network.netty.NettyBlockTransferService' on port 39169.
[2021-12-15 08:58:32,924] {spark_submit.py:514} INFO - 21/12/15 08:58:32 INFO NettyBlockTransferService: Server created on e2904d252e94:39169
[2021-12-15 08:58:32,942] {spark_submit.py:514} INFO - 21/12/15 08:58:32 INFO BlockManager: Using org.apache.spark.storage.RandomBlockReplicationPolicy for block replication policy
[2021-12-15 08:58:33,049] {spark_submit.py:514} INFO - 21/12/15 08:58:33 INFO BlockManagerMaster: Registering BlockManager BlockManagerId(driver, e2904d252e94, 39169, None)
[2021-12-15 08:58:33,084] {spark_submit.py:514} INFO - 21/12/15 08:58:33 INFO BlockManagerMasterEndpoint: Registering block manager e2904d252e94:39169 with 434.4 MiB RAM, BlockManagerId(driver, e2904d252e94, 39169, None)
[2021-12-15 08:58:33,090] {spark_submit.py:514} INFO - 21/12/15 08:58:33 INFO BlockManagerMaster: Registered BlockManager BlockManagerId(driver, e2904d252e94, 39169, None)
[2021-12-15 08:58:33,100] {spark_submit.py:514} INFO - 21/12/15 08:58:33 INFO BlockManager: Initialized BlockManager: BlockManagerId(driver, e2904d252e94, 39169, None)
[2021-12-15 08:58:35,666] {spark_submit.py:514} INFO - 21/12/15 08:58:35 INFO StandaloneSchedulerBackend: SchedulerBackend is ready for scheduling beginning after reached minRegisteredResourcesRatio: 0.0
[2021-12-15 08:58:35,927] {spark_submit.py:514} INFO - /home/***/.local/lib/python3.6/site-packages/pyspark/python/lib/pyspark.zip/pyspark/context.py:238: FutureWarning: Python 3.6 support is deprecated in Spark 3.2.
[2021-12-15 08:58:35,930] {spark_submit.py:514} INFO - FutureWarning
[2021-12-15 08:58:38,266] {spark_submit.py:514} INFO - 21/12/15 08:58:38 INFO SharedState: Setting hive.metastore.warehouse.dir ('null') to the value of spark.sql.warehouse.dir.
[2021-12-15 08:58:38,394] {spark_submit.py:514} INFO - 21/12/15 08:58:38 INFO SharedState: Warehouse path is 'file:/opt/***/spark-warehouse'.
[2021-12-15 08:58:47,559] {spark_submit.py:514} INFO - 21/12/15 08:58:47 INFO SparkContext: Invoking stop() from shutdown hook
[2021-12-15 08:58:47,647] {spark_submit.py:514} INFO - 21/12/15 08:58:47 INFO SparkUI: Stopped Spark web UI at http://e2904d252e94:4043
[2021-12-15 08:58:47,692] {spark_submit.py:514} INFO - 21/12/15 08:58:47 INFO StandaloneSchedulerBackend: Shutting down all executors
[2021-12-15 08:58:47,709] {spark_submit.py:514} INFO - 21/12/15 08:58:47 INFO CoarseGrainedSchedulerBackend$DriverEndpoint: Asking each executor to shut down
[2021-12-15 08:58:47,806] {spark_submit.py:514} INFO - 21/12/15 08:58:47 INFO MapOutputTrackerMasterEndpoint: MapOutputTrackerMasterEndpoint stopped!
[2021-12-15 08:58:48,021] {spark_submit.py:514} INFO - 21/12/15 08:58:48 INFO MemoryStore: MemoryStore cleared
[2021-12-15 08:58:48,022] {spark_submit.py:514} INFO - 21/12/15 08:58:48 INFO BlockManager: BlockManager stopped
[2021-12-15 08:58:48,064] {spark_submit.py:514} INFO - 21/12/15 08:58:48 INFO BlockManagerMaster: BlockManagerMaster stopped
[2021-12-15 08:58:48,072] {spark_submit.py:514} INFO - 21/12/15 08:58:48 INFO OutputCommitCoordinator$OutputCommitCoordinatorEndpoint: OutputCommitCoordinator stopped!
[2021-12-15 08:58:48,315] {spark_submit.py:514} INFO - 21/12/15 08:58:48 INFO SparkContext: Successfully stopped SparkContext
[2021-12-15 08:58:48,317] {spark_submit.py:514} INFO - 21/12/15 08:58:48 INFO ShutdownHookManager: Shutdown hook called
[2021-12-15 08:58:48,320] {spark_submit.py:514} INFO - 21/12/15 08:58:48 INFO ShutdownHookManager: Deleting directory /tmp/spark-f642202d-cb61-49d8-a2ef-2d0ed4b414e1
[2021-12-15 08:58:48,338] {spark_submit.py:514} INFO - 21/12/15 08:58:48 INFO ShutdownHookManager: Deleting directory /tmp/spark-17ee8f2d-eb8d-46ea-9b1b-453c1ca790fc
[2021-12-15 08:58:48,347] {spark_submit.py:514} INFO - 21/12/15 08:58:48 INFO ShutdownHookManager: Deleting directory /tmp/spark-f642202d-cb61-49d8-a2ef-2d0ed4b414e1/pyspark-86d0590b-8a34-41cc-9207-26a7a29b0077
[2021-12-15 08:58:49,494] {taskinstance.py:1280} INFO - Marking task as SUCCESS. dag_id=scraping_daft_roscommon, task_id=persist_data, execution_date=20211214T050000, start_date=20211215T085643, end_date=20211215T085849
[2021-12-15 08:58:50,067] {local_task_job.py:154} INFO - Task exited with return code 0
[2021-12-15 08:58:50,640] {local_task_job.py:264} INFO - 1 downstream tasks scheduled from follow-on schedule check
