[2021-12-16 11:03:25,054] {taskinstance.py:1035} INFO - Dependencies all met for <TaskInstance: scraping_daft_sligo.persist_data scheduled__2021-12-15T10:45:00+00:00 [queued]>
[2021-12-16 11:03:25,083] {taskinstance.py:1035} INFO - Dependencies all met for <TaskInstance: scraping_daft_sligo.persist_data scheduled__2021-12-15T10:45:00+00:00 [queued]>
[2021-12-16 11:03:25,085] {taskinstance.py:1241} INFO - 
--------------------------------------------------------------------------------
[2021-12-16 11:03:25,085] {taskinstance.py:1242} INFO - Starting attempt 1 of 4
[2021-12-16 11:03:25,086] {taskinstance.py:1243} INFO - 
--------------------------------------------------------------------------------
[2021-12-16 11:03:25,123] {taskinstance.py:1262} INFO - Executing <Task(SparkSubmitOperator): persist_data> on 2021-12-15 10:45:00+00:00
[2021-12-16 11:03:25,142] {standard_task_runner.py:76} INFO - Running: ['***', 'tasks', 'run', 'scraping_daft_sligo', 'persist_data', 'scheduled__2021-12-15T10:45:00+00:00', '--job-id', '2712', '--raw', '--subdir', 'DAGS_FOLDER/scraping_daft_sligo.py', '--cfg-path', '/tmp/tmpovcvin_7', '--error-file', '/tmp/tmp6w_kfrmt']
[2021-12-16 11:03:25,133] {standard_task_runner.py:52} INFO - Started process 11623 to run task
[2021-12-16 11:03:25,145] {standard_task_runner.py:77} INFO - Job 2712: Subtask persist_data
[2021-12-16 11:03:25,409] {logging_mixin.py:109} INFO - Running <TaskInstance: scraping_daft_sligo.persist_data scheduled__2021-12-15T10:45:00+00:00 [running]> on host 10035bfec3db
[2021-12-16 11:03:25,766] {taskinstance.py:1429} INFO - Exporting the following env vars:
AIRFLOW_CTX_DAG_EMAIL=clement.liscoet@gmail.com
AIRFLOW_CTX_DAG_OWNER=clemoni
AIRFLOW_CTX_DAG_ID=scraping_daft_sligo
AIRFLOW_CTX_TASK_ID=persist_data
AIRFLOW_CTX_EXECUTION_DATE=2021-12-15T10:45:00+00:00
AIRFLOW_CTX_DAG_RUN_ID=scheduled__2021-12-15T10:45:00+00:00
[2021-12-16 11:03:25,826] {base.py:79} INFO - Using connection to: id: spark_default. Host: spark://spark:7077, Port: None, Schema: , Login: ***, Password: ***, extra: {}
[2021-12-16 11:03:25,835] {spark_submit.py:360} INFO - Spark-Submit cmd: spark-submit --master spark://spark:7077 --conf spark.master=spark://spark:7077 --name persist data --verbose /opt/***/jobs/persist_db.py sligo
[2021-12-16 11:03:35,194] {spark_submit.py:514} INFO - Using properties file: null
[2021-12-16 11:03:35,692] {spark_submit.py:514} INFO - WARNING: An illegal reflective access operation has occurred
[2021-12-16 11:03:35,699] {spark_submit.py:514} INFO - WARNING: Illegal reflective access by org.apache.spark.unsafe.Platform (file:/home/***/.local/lib/python3.6/site-packages/pyspark/jars/spark-unsafe_2.12-3.2.0.jar) to constructor java.nio.DirectByteBuffer(long,int)
[2021-12-16 11:03:35,702] {spark_submit.py:514} INFO - WARNING: Please consider reporting this to the maintainers of org.apache.spark.unsafe.Platform
[2021-12-16 11:03:35,706] {spark_submit.py:514} INFO - WARNING: Use --illegal-access=warn to enable warnings of further illegal reflective access operations
[2021-12-16 11:03:35,710] {spark_submit.py:514} INFO - WARNING: All illegal access operations will be denied in a future release
[2021-12-16 11:03:36,042] {spark_submit.py:514} INFO - Parsed arguments:
[2021-12-16 11:03:36,065] {spark_submit.py:514} INFO - master                  spark://spark:7077
[2021-12-16 11:03:36,078] {spark_submit.py:514} INFO - deployMode              null
[2021-12-16 11:03:36,080] {spark_submit.py:514} INFO - executorMemory          null
[2021-12-16 11:03:36,095] {spark_submit.py:514} INFO - executorCores           null
[2021-12-16 11:03:36,103] {spark_submit.py:514} INFO - totalExecutorCores      null
[2021-12-16 11:03:36,110] {spark_submit.py:514} INFO - propertiesFile          null
[2021-12-16 11:03:36,113] {spark_submit.py:514} INFO - driverMemory            null
[2021-12-16 11:03:36,121] {spark_submit.py:514} INFO - driverCores             null
[2021-12-16 11:03:36,122] {spark_submit.py:514} INFO - driverExtraClassPath    null
[2021-12-16 11:03:36,126] {spark_submit.py:514} INFO - driverExtraLibraryPath  null
[2021-12-16 11:03:36,129] {spark_submit.py:514} INFO - driverExtraJavaOptions  null
[2021-12-16 11:03:36,131] {spark_submit.py:514} INFO - supervise               false
[2021-12-16 11:03:36,139] {spark_submit.py:514} INFO - queue                   null
[2021-12-16 11:03:36,144] {spark_submit.py:514} INFO - numExecutors            null
[2021-12-16 11:03:36,146] {spark_submit.py:514} INFO - files                   null
[2021-12-16 11:03:36,152] {spark_submit.py:514} INFO - pyFiles                 null
[2021-12-16 11:03:36,154] {spark_submit.py:514} INFO - archives                null
[2021-12-16 11:03:36,159] {spark_submit.py:514} INFO - mainClass               null
[2021-12-16 11:03:36,161] {spark_submit.py:514} INFO - primaryResource         file:/opt/***/jobs/persist_db.py
[2021-12-16 11:03:36,166] {spark_submit.py:514} INFO - name                    persist data
[2021-12-16 11:03:36,171] {spark_submit.py:514} INFO - childArgs               [sligo]
[2021-12-16 11:03:36,175] {spark_submit.py:514} INFO - jars                    null
[2021-12-16 11:03:36,179] {spark_submit.py:514} INFO - packages                null
[2021-12-16 11:03:36,183] {spark_submit.py:514} INFO - packagesExclusions      null
[2021-12-16 11:03:36,185] {spark_submit.py:514} INFO - repositories            null
[2021-12-16 11:03:36,186] {spark_submit.py:514} INFO - verbose                 true
[2021-12-16 11:03:36,189] {spark_submit.py:514} INFO - 
[2021-12-16 11:03:36,191] {spark_submit.py:514} INFO - Spark properties used, including those specified through
[2021-12-16 11:03:36,194] {spark_submit.py:514} INFO - --conf and those from the properties file null:
[2021-12-16 11:03:36,195] {spark_submit.py:514} INFO - (spark.master,spark://spark:7077)
[2021-12-16 11:03:36,201] {spark_submit.py:514} INFO - 
[2021-12-16 11:03:36,204] {spark_submit.py:514} INFO - 
[2021-12-16 11:03:37,512] {spark_submit.py:514} INFO - Main class:
[2021-12-16 11:03:37,516] {spark_submit.py:514} INFO - org.apache.spark.deploy.PythonRunner
[2021-12-16 11:03:37,522] {spark_submit.py:514} INFO - Arguments:
[2021-12-16 11:03:37,527] {spark_submit.py:514} INFO - file:/opt/***/jobs/persist_db.py
[2021-12-16 11:03:37,531] {spark_submit.py:514} INFO - null
[2021-12-16 11:03:37,534] {spark_submit.py:514} INFO - sligo
[2021-12-16 11:03:37,536] {spark_submit.py:514} INFO - --verbose
[2021-12-16 11:03:37,549] {spark_submit.py:514} INFO - Spark config:
[2021-12-16 11:03:37,551] {spark_submit.py:514} INFO - (spark.master,spark://spark:7077)
[2021-12-16 11:03:37,563] {spark_submit.py:514} INFO - (spark.app.name,persist data)
[2021-12-16 11:03:37,568] {spark_submit.py:514} INFO - (spark.submit.pyFiles,)
[2021-12-16 11:03:37,579] {spark_submit.py:514} INFO - (spark.submit.deployMode,client)
[2021-12-16 11:03:37,587] {spark_submit.py:514} INFO - Classpath elements:
[2021-12-16 11:03:37,592] {spark_submit.py:514} INFO - 
[2021-12-16 11:03:37,599] {spark_submit.py:514} INFO - 
[2021-12-16 11:03:37,608] {spark_submit.py:514} INFO - 
[2021-12-16 11:03:45,085] {spark_submit.py:514} INFO - Using Spark's default log4j profile: org/apache/spark/log4j-defaults.properties
[2021-12-16 11:03:45,132] {spark_submit.py:514} INFO - 21/12/16 11:03:45 INFO SparkContext: Running Spark version 3.2.0
[2021-12-16 11:03:45,733] {spark_submit.py:514} INFO - 21/12/16 11:03:45 WARN NativeCodeLoader: Unable to load native-hadoop library for your platform... using builtin-java classes where applicable
[2021-12-16 11:03:47,077] {spark_submit.py:514} INFO - 21/12/16 11:03:47 INFO ResourceUtils: ==============================================================
[2021-12-16 11:03:47,086] {spark_submit.py:514} INFO - 21/12/16 11:03:47 INFO ResourceUtils: No custom resources configured for spark.driver.
[2021-12-16 11:03:47,101] {spark_submit.py:514} INFO - 21/12/16 11:03:47 INFO ResourceUtils: ==============================================================
[2021-12-16 11:03:47,105] {spark_submit.py:514} INFO - 21/12/16 11:03:47 INFO SparkContext: Submitted application: Persist DB
[2021-12-16 11:03:47,407] {spark_submit.py:514} INFO - 21/12/16 11:03:47 INFO ResourceProfile: Default ResourceProfile created, executor resources: Map(cores -> name: cores, amount: 1, script: , vendor: , memory -> name: memory, amount: 1024, script: , vendor: , offHeap -> name: offHeap, amount: 0, script: , vendor: ), task resources: Map(cpus -> name: cpus, amount: 1.0)
[2021-12-16 11:03:47,514] {spark_submit.py:514} INFO - 21/12/16 11:03:47 INFO ResourceProfile: Limiting resource is cpu
[2021-12-16 11:03:47,516] {spark_submit.py:514} INFO - 21/12/16 11:03:47 INFO ResourceProfileManager: Added ResourceProfile id: 0
[2021-12-16 11:03:48,316] {spark_submit.py:514} INFO - 21/12/16 11:03:48 INFO SecurityManager: Changing view acls to: ***
[2021-12-16 11:03:48,320] {spark_submit.py:514} INFO - 21/12/16 11:03:48 INFO SecurityManager: Changing modify acls to: ***
[2021-12-16 11:03:48,322] {spark_submit.py:514} INFO - 21/12/16 11:03:48 INFO SecurityManager: Changing view acls groups to:
[2021-12-16 11:03:48,326] {spark_submit.py:514} INFO - 21/12/16 11:03:48 INFO SecurityManager: Changing modify acls groups to:
[2021-12-16 11:03:48,329] {spark_submit.py:514} INFO - 21/12/16 11:03:48 INFO SecurityManager: SecurityManager: authentication disabled; ui acls disabled; users  with view permissions: Set(***); groups with view permissions: Set(); users  with modify permissions: Set(***); groups with modify permissions: Set()
[2021-12-16 11:03:50,842] {spark_submit.py:514} INFO - 21/12/16 11:03:50 INFO Utils: Successfully started service 'sparkDriver' on port 43997.
[2021-12-16 11:03:51,123] {spark_submit.py:514} INFO - 21/12/16 11:03:51 INFO SparkEnv: Registering MapOutputTracker
[2021-12-16 11:03:51,390] {spark_submit.py:514} INFO - 21/12/16 11:03:51 INFO SparkEnv: Registering BlockManagerMaster
[2021-12-16 11:03:51,533] {spark_submit.py:514} INFO - 21/12/16 11:03:51 INFO BlockManagerMasterEndpoint: Using org.apache.spark.storage.DefaultTopologyMapper for getting topology information
[2021-12-16 11:03:51,536] {spark_submit.py:514} INFO - 21/12/16 11:03:51 INFO BlockManagerMasterEndpoint: BlockManagerMasterEndpoint up
[2021-12-16 11:03:51,582] {spark_submit.py:514} INFO - 21/12/16 11:03:51 INFO SparkEnv: Registering BlockManagerMasterHeartbeat
[2021-12-16 11:03:51,863] {spark_submit.py:514} INFO - 21/12/16 11:03:51 INFO DiskBlockManager: Created local directory at /tmp/blockmgr-4cd00902-f650-47a1-a855-1cc9a07f41b9
[2021-12-16 11:03:52,000] {spark_submit.py:514} INFO - 21/12/16 11:03:52 INFO MemoryStore: MemoryStore started with capacity 434.4 MiB
[2021-12-16 11:03:52,098] {spark_submit.py:514} INFO - 21/12/16 11:03:52 INFO SparkEnv: Registering OutputCommitCoordinator
[2021-12-16 11:03:56,417] {spark_submit.py:514} INFO - 21/12/16 11:03:56 WARN Utils: Service 'SparkUI' could not bind on port 4040. Attempting port 4041.
[2021-12-16 11:03:56,611] {spark_submit.py:514} INFO - 21/12/16 11:03:56 INFO Utils: Successfully started service 'SparkUI' on port 4041.
[2021-12-16 11:03:56,978] {spark_submit.py:514} INFO - 21/12/16 11:03:56 INFO SparkUI: Bound SparkUI to 0.0.0.0, and started at http://10035bfec3db:4041
[2021-12-16 11:04:00,075] {spark_submit.py:514} INFO - 21/12/16 11:04:00 INFO StandaloneAppClient$ClientEndpoint: Connecting to master spark://spark:7077...
[2021-12-16 11:04:00,968] {spark_submit.py:514} INFO - 21/12/16 11:04:00 INFO TransportClientFactory: Successfully created connection to spark/172.21.0.4:7077 after 440 ms (0 ms spent in bootstraps)
[2021-12-16 11:04:02,074] {spark_submit.py:514} INFO - 21/12/16 11:04:02 INFO StandaloneSchedulerBackend: Connected to Spark cluster with app ID app-20211216110402-0053
[2021-12-16 11:04:02,149] {spark_submit.py:514} INFO - 21/12/16 11:04:02 INFO Utils: Successfully started service 'org.apache.spark.network.netty.NettyBlockTransferService' on port 34527.
[2021-12-16 11:04:02,150] {spark_submit.py:514} INFO - 21/12/16 11:04:02 INFO NettyBlockTransferService: Server created on 10035bfec3db:34527
[2021-12-16 11:04:02,175] {spark_submit.py:514} INFO - 21/12/16 11:04:02 INFO BlockManager: Using org.apache.spark.storage.RandomBlockReplicationPolicy for block replication policy
[2021-12-16 11:04:02,448] {spark_submit.py:514} INFO - 21/12/16 11:04:02 INFO BlockManagerMaster: Registering BlockManager BlockManagerId(driver, 10035bfec3db, 34527, None)
[2021-12-16 11:04:02,458] {spark_submit.py:514} INFO - 21/12/16 11:04:02 INFO BlockManagerMasterEndpoint: Registering block manager 10035bfec3db:34527 with 434.4 MiB RAM, BlockManagerId(driver, 10035bfec3db, 34527, None)
[2021-12-16 11:04:02,473] {spark_submit.py:514} INFO - 21/12/16 11:04:02 INFO BlockManagerMaster: Registered BlockManager BlockManagerId(driver, 10035bfec3db, 34527, None)
[2021-12-16 11:04:02,478] {spark_submit.py:514} INFO - 21/12/16 11:04:02 INFO BlockManager: Initialized BlockManager: BlockManagerId(driver, 10035bfec3db, 34527, None)
[2021-12-16 11:04:05,265] {spark_submit.py:514} INFO - 21/12/16 11:04:05 INFO StandaloneSchedulerBackend: SchedulerBackend is ready for scheduling beginning after reached minRegisteredResourcesRatio: 0.0
[2021-12-16 11:04:06,081] {spark_submit.py:514} INFO - /home/***/.local/lib/python3.6/site-packages/pyspark/python/lib/pyspark.zip/pyspark/context.py:238: FutureWarning: Python 3.6 support is deprecated in Spark 3.2.
[2021-12-16 11:04:06,084] {spark_submit.py:514} INFO - FutureWarning
[2021-12-16 11:04:06,549] {spark_submit.py:514} INFO - 21/12/16 11:04:06 INFO StandaloneAppClient$ClientEndpoint: Executor added: app-20211216110402-0053/0 on worker-20211216085708-172.21.0.6-38805 (172.21.0.6:38805) with 6 core(s)
[2021-12-16 11:04:06,553] {spark_submit.py:514} INFO - 21/12/16 11:04:06 INFO StandaloneSchedulerBackend: Granted executor ID app-20211216110402-0053/0 on hostPort 172.21.0.6:38805 with 6 core(s), 1024.0 MiB RAM
[2021-12-16 11:04:06,554] {spark_submit.py:514} INFO - 21/12/16 11:04:06 INFO StandaloneAppClient$ClientEndpoint: Executor added: app-20211216110402-0053/1 on worker-20211216085708-172.21.0.5-39805 (172.21.0.5:39805) with 6 core(s)
[2021-12-16 11:04:06,585] {spark_submit.py:514} INFO - 21/12/16 11:04:06 INFO StandaloneSchedulerBackend: Granted executor ID app-20211216110402-0053/1 on hostPort 172.21.0.5:39805 with 6 core(s), 1024.0 MiB RAM
[2021-12-16 11:04:06,608] {spark_submit.py:514} INFO - 21/12/16 11:04:06 INFO StandaloneAppClient$ClientEndpoint: Executor updated: app-20211216110402-0053/1 is now RUNNING
[2021-12-16 11:04:06,629] {spark_submit.py:514} INFO - 21/12/16 11:04:06 INFO StandaloneAppClient$ClientEndpoint: Executor updated: app-20211216110402-0053/0 is now RUNNING
[2021-12-16 11:04:09,100] {spark_submit.py:514} INFO - 21/12/16 11:04:09 INFO SharedState: Setting hive.metastore.warehouse.dir ('null') to the value of spark.sql.warehouse.dir.
[2021-12-16 11:04:09,431] {spark_submit.py:514} INFO - 21/12/16 11:04:09 INFO SharedState: Warehouse path is 'file:/opt/***/spark-warehouse'.
[2021-12-16 11:04:13,314] {spark_submit.py:514} INFO - 21/12/16 11:04:13 INFO StandaloneAppClient$ClientEndpoint: Executor updated: app-20211216110402-0053/1 is now EXITED (Command exited with code 1)
[2021-12-16 11:04:13,320] {spark_submit.py:514} INFO - 21/12/16 11:04:13 INFO StandaloneSchedulerBackend: Executor app-20211216110402-0053/1 removed: Command exited with code 1
[2021-12-16 11:04:13,327] {spark_submit.py:514} INFO - 21/12/16 11:04:13 INFO StandaloneAppClient$ClientEndpoint: Executor added: app-20211216110402-0053/2 on worker-20211216085708-172.21.0.5-39805 (172.21.0.5:39805) with 6 core(s)
[2021-12-16 11:04:13,333] {spark_submit.py:514} INFO - 21/12/16 11:04:13 INFO StandaloneSchedulerBackend: Granted executor ID app-20211216110402-0053/2 on hostPort 172.21.0.5:39805 with 6 core(s), 1024.0 MiB RAM
[2021-12-16 11:04:13,348] {spark_submit.py:514} INFO - 21/12/16 11:04:13 INFO BlockManagerMaster: Removal of executor 1 requested
[2021-12-16 11:04:13,354] {spark_submit.py:514} INFO - 21/12/16 11:04:13 INFO CoarseGrainedSchedulerBackend$DriverEndpoint: Asked to remove non-existent executor 1
[2021-12-16 11:04:13,367] {spark_submit.py:514} INFO - 21/12/16 11:04:13 INFO StandaloneAppClient$ClientEndpoint: Executor updated: app-20211216110402-0053/2 is now RUNNING
[2021-12-16 11:04:13,390] {spark_submit.py:514} INFO - 21/12/16 11:04:13 INFO BlockManagerMasterEndpoint: Trying to remove executor 1 from BlockManagerMaster.
[2021-12-16 11:04:13,438] {spark_submit.py:514} INFO - 21/12/16 11:04:13 INFO StandaloneAppClient$ClientEndpoint: Executor updated: app-20211216110402-0053/0 is now EXITED (Command exited with code 1)
[2021-12-16 11:04:13,442] {spark_submit.py:514} INFO - 21/12/16 11:04:13 INFO StandaloneSchedulerBackend: Executor app-20211216110402-0053/0 removed: Command exited with code 1
[2021-12-16 11:04:13,444] {spark_submit.py:514} INFO - 21/12/16 11:04:13 INFO StandaloneAppClient$ClientEndpoint: Executor added: app-20211216110402-0053/3 on worker-20211216085708-172.21.0.6-38805 (172.21.0.6:38805) with 6 core(s)
[2021-12-16 11:04:13,446] {spark_submit.py:514} INFO - 21/12/16 11:04:13 INFO BlockManagerMaster: Removal of executor 0 requested
[2021-12-16 11:04:13,451] {spark_submit.py:514} INFO - 21/12/16 11:04:13 INFO BlockManagerMasterEndpoint: Trying to remove executor 0 from BlockManagerMaster.
[2021-12-16 11:04:13,453] {spark_submit.py:514} INFO - 21/12/16 11:04:13 INFO CoarseGrainedSchedulerBackend$DriverEndpoint: Asked to remove non-existent executor 0
[2021-12-16 11:04:13,454] {spark_submit.py:514} INFO - 21/12/16 11:04:13 INFO StandaloneSchedulerBackend: Granted executor ID app-20211216110402-0053/3 on hostPort 172.21.0.6:38805 with 6 core(s), 1024.0 MiB RAM
[2021-12-16 11:04:13,516] {spark_submit.py:514} INFO - 21/12/16 11:04:13 INFO StandaloneAppClient$ClientEndpoint: Executor updated: app-20211216110402-0053/3 is now RUNNING
[2021-12-16 11:04:20,625] {spark_submit.py:514} INFO - 21/12/16 11:04:20 INFO StandaloneAppClient$ClientEndpoint: Executor updated: app-20211216110402-0053/3 is now EXITED (Command exited with code 1)
[2021-12-16 11:04:20,627] {spark_submit.py:514} INFO - 21/12/16 11:04:20 INFO StandaloneSchedulerBackend: Executor app-20211216110402-0053/3 removed: Command exited with code 1
[2021-12-16 11:04:20,630] {spark_submit.py:514} INFO - 21/12/16 11:04:20 INFO BlockManagerMaster: Removal of executor 3 requested
[2021-12-16 11:04:20,634] {spark_submit.py:514} INFO - 21/12/16 11:04:20 INFO BlockManagerMasterEndpoint: Trying to remove executor 3 from BlockManagerMaster.
[2021-12-16 11:04:20,642] {spark_submit.py:514} INFO - 21/12/16 11:04:20 INFO StandaloneAppClient$ClientEndpoint: Executor added: app-20211216110402-0053/4 on worker-20211216085708-172.21.0.6-38805 (172.21.0.6:38805) with 6 core(s)
[2021-12-16 11:04:20,646] {spark_submit.py:514} INFO - 21/12/16 11:04:20 INFO StandaloneSchedulerBackend: Granted executor ID app-20211216110402-0053/4 on hostPort 172.21.0.6:38805 with 6 core(s), 1024.0 MiB RAM
[2021-12-16 11:04:20,652] {spark_submit.py:514} INFO - 21/12/16 11:04:20 INFO CoarseGrainedSchedulerBackend$DriverEndpoint: Asked to remove non-existent executor 3
[2021-12-16 11:04:20,708] {spark_submit.py:514} INFO - 21/12/16 11:04:20 INFO StandaloneAppClient$ClientEndpoint: Executor updated: app-20211216110402-0053/4 is now RUNNING
[2021-12-16 11:04:20,881] {spark_submit.py:514} INFO - 21/12/16 11:04:20 INFO StandaloneAppClient$ClientEndpoint: Executor updated: app-20211216110402-0053/2 is now EXITED (Command exited with code 1)
[2021-12-16 11:04:20,882] {spark_submit.py:514} INFO - 21/12/16 11:04:20 INFO StandaloneSchedulerBackend: Executor app-20211216110402-0053/2 removed: Command exited with code 1
[2021-12-16 11:04:20,884] {spark_submit.py:514} INFO - 21/12/16 11:04:20 INFO StandaloneAppClient$ClientEndpoint: Executor added: app-20211216110402-0053/5 on worker-20211216085708-172.21.0.5-39805 (172.21.0.5:39805) with 6 core(s)
[2021-12-16 11:04:20,885] {spark_submit.py:514} INFO - 21/12/16 11:04:20 INFO StandaloneSchedulerBackend: Granted executor ID app-20211216110402-0053/5 on hostPort 172.21.0.5:39805 with 6 core(s), 1024.0 MiB RAM
[2021-12-16 11:04:20,887] {spark_submit.py:514} INFO - 21/12/16 11:04:20 INFO BlockManagerMaster: Removal of executor 2 requested
[2021-12-16 11:04:20,888] {spark_submit.py:514} INFO - 21/12/16 11:04:20 INFO CoarseGrainedSchedulerBackend$DriverEndpoint: Asked to remove non-existent executor 2
[2021-12-16 11:04:20,890] {spark_submit.py:514} INFO - 21/12/16 11:04:20 INFO BlockManagerMasterEndpoint: Trying to remove executor 2 from BlockManagerMaster.
[2021-12-16 11:04:21,025] {spark_submit.py:514} INFO - 21/12/16 11:04:21 INFO StandaloneAppClient$ClientEndpoint: Executor updated: app-20211216110402-0053/5 is now RUNNING
[2021-12-16 11:04:21,346] {spark_submit.py:514} INFO - 21/12/16 11:04:21 INFO SparkContext: Invoking stop() from shutdown hook
[2021-12-16 11:04:21,754] {spark_submit.py:514} INFO - 21/12/16 11:04:21 INFO SparkUI: Stopped Spark web UI at http://10035bfec3db:4041
[2021-12-16 11:04:21,868] {spark_submit.py:514} INFO - 21/12/16 11:04:21 INFO StandaloneSchedulerBackend: Shutting down all executors
[2021-12-16 11:04:21,905] {spark_submit.py:514} INFO - 21/12/16 11:04:21 INFO CoarseGrainedSchedulerBackend$DriverEndpoint: Asking each executor to shut down
[2021-12-16 11:04:22,138] {spark_submit.py:514} INFO - 21/12/16 11:04:22 INFO MapOutputTrackerMasterEndpoint: MapOutputTrackerMasterEndpoint stopped!
[2021-12-16 11:04:22,484] {spark_submit.py:514} INFO - 21/12/16 11:04:22 INFO MemoryStore: MemoryStore cleared
[2021-12-16 11:04:22,487] {spark_submit.py:514} INFO - 21/12/16 11:04:22 INFO BlockManager: BlockManager stopped
[2021-12-16 11:04:22,539] {spark_submit.py:514} INFO - 21/12/16 11:04:22 INFO BlockManagerMaster: BlockManagerMaster stopped
[2021-12-16 11:04:22,546] {spark_submit.py:514} INFO - 21/12/16 11:04:22 INFO OutputCommitCoordinator$OutputCommitCoordinatorEndpoint: OutputCommitCoordinator stopped!
[2021-12-16 11:04:22,806] {spark_submit.py:514} INFO - 21/12/16 11:04:22 INFO SparkContext: Successfully stopped SparkContext
[2021-12-16 11:04:22,824] {spark_submit.py:514} INFO - 21/12/16 11:04:22 INFO ShutdownHookManager: Shutdown hook called
[2021-12-16 11:04:22,825] {spark_submit.py:514} INFO - 21/12/16 11:04:22 INFO ShutdownHookManager: Deleting directory /tmp/spark-5ef77145-ddaa-4c2b-8e70-00beef649716
[2021-12-16 11:04:22,914] {spark_submit.py:514} INFO - 21/12/16 11:04:22 INFO ShutdownHookManager: Deleting directory /tmp/spark-aca1f18d-0dca-4789-b6ff-ff60300c7f9f
[2021-12-16 11:04:22,952] {spark_submit.py:514} INFO - 21/12/16 11:04:22 INFO ShutdownHookManager: Deleting directory /tmp/spark-5ef77145-ddaa-4c2b-8e70-00beef649716/pyspark-0023c058-a91c-4268-bc3c-46b5a3a56230
[2021-12-16 11:04:24,127] {taskinstance.py:1280} INFO - Marking task as SUCCESS. dag_id=scraping_daft_sligo, task_id=persist_data, execution_date=20211215T104500, start_date=20211216T110325, end_date=20211216T110424
[2021-12-16 11:04:24,360] {local_task_job.py:154} INFO - Task exited with return code 0
[2021-12-16 11:04:24,719] {local_task_job.py:264} INFO - 1 downstream tasks scheduled from follow-on schedule check
