[2021-12-17 10:45:01,297] {taskinstance.py:1035} INFO - Dependencies all met for <TaskInstance: scraping_daft_sligo.run_init_county scheduled__2021-12-16T10:45:00+00:00 [queued]>
[2021-12-17 10:45:01,313] {taskinstance.py:1035} INFO - Dependencies all met for <TaskInstance: scraping_daft_sligo.run_init_county scheduled__2021-12-16T10:45:00+00:00 [queued]>
[2021-12-17 10:45:01,314] {taskinstance.py:1241} INFO - 
--------------------------------------------------------------------------------
[2021-12-17 10:45:01,315] {taskinstance.py:1242} INFO - Starting attempt 1 of 4
[2021-12-17 10:45:01,315] {taskinstance.py:1243} INFO - 
--------------------------------------------------------------------------------
[2021-12-17 10:45:01,328] {taskinstance.py:1262} INFO - Executing <Task(_PythonDecoratedOperator): run_init_county> on 2021-12-16 10:45:00+00:00
[2021-12-17 10:45:01,335] {standard_task_runner.py:76} INFO - Running: ['***', 'tasks', 'run', 'scraping_daft_sligo', 'run_init_county', 'scheduled__2021-12-16T10:45:00+00:00', '--job-id', '2918', '--raw', '--subdir', 'DAGS_FOLDER/scraping_daft_sligo.py', '--cfg-path', '/tmp/tmp_vyc2qg3', '--error-file', '/tmp/tmppaeabtzz']
[2021-12-17 10:45:01,337] {standard_task_runner.py:77} INFO - Job 2918: Subtask run_init_county
[2021-12-17 10:45:01,332] {standard_task_runner.py:52} INFO - Started process 14837 to run task
[2021-12-17 10:45:01,412] {logging_mixin.py:109} INFO - Running <TaskInstance: scraping_daft_sligo.run_init_county scheduled__2021-12-16T10:45:00+00:00 [running]> on host ce860fbe488d
[2021-12-17 10:45:01,505] {taskinstance.py:1429} INFO - Exporting the following env vars:
AIRFLOW_CTX_DAG_EMAIL=clement.liscoet@gmail.com
AIRFLOW_CTX_DAG_OWNER=clemoni
AIRFLOW_CTX_DAG_ID=scraping_daft_sligo
AIRFLOW_CTX_TASK_ID=run_init_county
AIRFLOW_CTX_EXECUTION_DATE=2021-12-16T10:45:00+00:00
AIRFLOW_CTX_DAG_RUN_ID=scheduled__2021-12-16T10:45:00+00:00
[2021-12-17 10:45:01,525] {python.py:152} INFO - Done. Returned value was: None
[2021-12-17 10:45:01,560] {taskinstance.py:1280} INFO - Marking task as SUCCESS. dag_id=scraping_daft_sligo, task_id=run_init_county, execution_date=20211216T104500, start_date=20211217T104501, end_date=20211217T104501
[2021-12-17 10:45:01,594] {local_task_job.py:154} INFO - Task exited with return code 0
[2021-12-17 10:45:01,708] {local_task_job.py:264} INFO - 1 downstream tasks scheduled from follow-on schedule check
