[2021-12-09 00:15:04,502] {taskinstance.py:1035} INFO - Dependencies all met for <TaskInstance: scraping_daft_carlow.scrap_data scheduled__2021-12-08T00:15:00+00:00 [queued]>
[2021-12-09 00:15:04,517] {taskinstance.py:1035} INFO - Dependencies all met for <TaskInstance: scraping_daft_carlow.scrap_data scheduled__2021-12-08T00:15:00+00:00 [queued]>
[2021-12-09 00:15:04,518] {taskinstance.py:1241} INFO - 
--------------------------------------------------------------------------------
[2021-12-09 00:15:04,518] {taskinstance.py:1242} INFO - Starting attempt 1 of 3
[2021-12-09 00:15:04,519] {taskinstance.py:1243} INFO - 
--------------------------------------------------------------------------------
[2021-12-09 00:15:04,537] {taskinstance.py:1262} INFO - Executing <Task(SparkSubmitOperator): scrap_data> on 2021-12-08 00:15:00+00:00
[2021-12-09 00:15:04,547] {standard_task_runner.py:76} INFO - Running: ['***', 'tasks', 'run', 'scraping_daft_carlow', 'scrap_data', 'scheduled__2021-12-08T00:15:00+00:00', '--job-id', '731', '--raw', '--subdir', 'DAGS_FOLDER/scraping_daft_carlow.py', '--cfg-path', '/tmp/tmpsbmdpto8', '--error-file', '/tmp/tmpfvjr64nk']
[2021-12-09 00:15:04,549] {standard_task_runner.py:77} INFO - Job 731: Subtask scrap_data
[2021-12-09 00:15:04,543] {standard_task_runner.py:52} INFO - Started process 40993 to run task
[2021-12-09 00:15:04,645] {logging_mixin.py:109} INFO - Running <TaskInstance: scraping_daft_carlow.scrap_data scheduled__2021-12-08T00:15:00+00:00 [running]> on host 041e6f8654c3
[2021-12-09 00:15:04,793] {taskinstance.py:1429} INFO - Exporting the following env vars:
AIRFLOW_CTX_DAG_EMAIL=***@example.com
AIRFLOW_CTX_DAG_OWNER=clemoni
AIRFLOW_CTX_DAG_ID=scraping_daft_carlow
AIRFLOW_CTX_TASK_ID=scrap_data
AIRFLOW_CTX_EXECUTION_DATE=2021-12-08T00:15:00+00:00
AIRFLOW_CTX_DAG_RUN_ID=scheduled__2021-12-08T00:15:00+00:00
[2021-12-09 00:15:04,823] {base.py:79} INFO - Using connection to: id: spark_default. Host: spark://spark:7077, Port: None, Schema: , Login: ***, Password: ***, extra: {}
[2021-12-09 00:15:04,827] {spark_submit.py:362} INFO - Spark-Submit cmd: spark-submit --master spark://spark:7077 --conf spark.master=spark://spark:7077 --name scrap data --verbose /opt/***/jobs/get_ads_per_county.py carlow
[2021-12-09 00:15:08,274] {spark_submit.py:523} INFO - Using properties file: null
[2021-12-09 00:15:08,455] {spark_submit.py:523} INFO - WARNING: An illegal reflective access operation has occurred
[2021-12-09 00:15:08,457] {spark_submit.py:523} INFO - WARNING: Illegal reflective access by org.apache.spark.unsafe.Platform (file:/home/***/.local/lib/python3.6/site-packages/pyspark/jars/spark-unsafe_2.12-3.2.0.jar) to constructor java.nio.DirectByteBuffer(long,int)
[2021-12-09 00:15:08,458] {spark_submit.py:523} INFO - WARNING: Please consider reporting this to the maintainers of org.apache.spark.unsafe.Platform
[2021-12-09 00:15:08,459] {spark_submit.py:523} INFO - WARNING: Use --illegal-access=warn to enable warnings of further illegal reflective access operations
[2021-12-09 00:15:08,460] {spark_submit.py:523} INFO - WARNING: All illegal access operations will be denied in a future release
[2021-12-09 00:15:08,530] {spark_submit.py:523} INFO - Parsed arguments:
[2021-12-09 00:15:08,531] {spark_submit.py:523} INFO - master                  spark://spark:7077
[2021-12-09 00:15:08,533] {spark_submit.py:523} INFO - deployMode              null
[2021-12-09 00:15:08,534] {spark_submit.py:523} INFO - executorMemory          null
[2021-12-09 00:15:08,535] {spark_submit.py:523} INFO - executorCores           null
[2021-12-09 00:15:08,537] {spark_submit.py:523} INFO - totalExecutorCores      null
[2021-12-09 00:15:08,539] {spark_submit.py:523} INFO - propertiesFile          null
[2021-12-09 00:15:08,540] {spark_submit.py:523} INFO - driverMemory            null
[2021-12-09 00:15:08,541] {spark_submit.py:523} INFO - driverCores             null
[2021-12-09 00:15:08,541] {spark_submit.py:523} INFO - driverExtraClassPath    null
[2021-12-09 00:15:08,542] {spark_submit.py:523} INFO - driverExtraLibraryPath  null
[2021-12-09 00:15:08,544] {spark_submit.py:523} INFO - driverExtraJavaOptions  null
[2021-12-09 00:15:08,545] {spark_submit.py:523} INFO - supervise               false
[2021-12-09 00:15:08,546] {spark_submit.py:523} INFO - queue                   null
[2021-12-09 00:15:08,547] {spark_submit.py:523} INFO - numExecutors            null
[2021-12-09 00:15:08,548] {spark_submit.py:523} INFO - files                   null
[2021-12-09 00:15:08,548] {spark_submit.py:523} INFO - pyFiles                 null
[2021-12-09 00:15:08,549] {spark_submit.py:523} INFO - archives                null
[2021-12-09 00:15:08,551] {spark_submit.py:523} INFO - mainClass               null
[2021-12-09 00:15:08,552] {spark_submit.py:523} INFO - primaryResource         file:/opt/***/jobs/get_ads_per_county.py
[2021-12-09 00:15:08,553] {spark_submit.py:523} INFO - name                    scrap data
[2021-12-09 00:15:08,554] {spark_submit.py:523} INFO - childArgs               [carlow]
[2021-12-09 00:15:08,555] {spark_submit.py:523} INFO - jars                    null
[2021-12-09 00:15:08,556] {spark_submit.py:523} INFO - packages                null
[2021-12-09 00:15:08,558] {spark_submit.py:523} INFO - packagesExclusions      null
[2021-12-09 00:15:08,559] {spark_submit.py:523} INFO - repositories            null
[2021-12-09 00:15:08,560] {spark_submit.py:523} INFO - verbose                 true
[2021-12-09 00:15:08,561] {spark_submit.py:523} INFO - 
[2021-12-09 00:15:08,562] {spark_submit.py:523} INFO - Spark properties used, including those specified through
[2021-12-09 00:15:08,563] {spark_submit.py:523} INFO - --conf and those from the properties file null:
[2021-12-09 00:15:08,564] {spark_submit.py:523} INFO - (spark.master,spark://spark:7077)
[2021-12-09 00:15:08,565] {spark_submit.py:523} INFO - 
[2021-12-09 00:15:08,567] {spark_submit.py:523} INFO - 
[2021-12-09 00:15:09,025] {spark_submit.py:523} INFO - Main class:
[2021-12-09 00:15:09,027] {spark_submit.py:523} INFO - org.apache.spark.deploy.PythonRunner
[2021-12-09 00:15:09,027] {spark_submit.py:523} INFO - Arguments:
[2021-12-09 00:15:09,028] {spark_submit.py:523} INFO - file:/opt/***/jobs/get_ads_per_county.py
[2021-12-09 00:15:09,029] {spark_submit.py:523} INFO - null
[2021-12-09 00:15:09,030] {spark_submit.py:523} INFO - carlow
[2021-12-09 00:15:09,031] {spark_submit.py:523} INFO - --verbose
[2021-12-09 00:15:09,032] {spark_submit.py:523} INFO - Spark config:
[2021-12-09 00:15:09,033] {spark_submit.py:523} INFO - (spark.app.name,scrap data)
[2021-12-09 00:15:09,034] {spark_submit.py:523} INFO - (spark.master,spark://spark:7077)
[2021-12-09 00:15:09,036] {spark_submit.py:523} INFO - (spark.submit.pyFiles,)
[2021-12-09 00:15:09,037] {spark_submit.py:523} INFO - (spark.submit.deployMode,client)
[2021-12-09 00:15:09,038] {spark_submit.py:523} INFO - Classpath elements:
[2021-12-09 00:15:09,039] {spark_submit.py:523} INFO - 
[2021-12-09 00:15:09,040] {spark_submit.py:523} INFO - 
[2021-12-09 00:15:09,041] {spark_submit.py:523} INFO - 
[2021-12-09 00:15:10,762] {spark_submit.py:523} INFO - Using Spark's default log4j profile: org/apache/spark/log4j-defaults.properties
[2021-12-09 00:15:10,845] {spark_submit.py:523} INFO - 21/12/09 00:15:10 INFO SparkContext: Running Spark version 3.2.0
[2021-12-09 00:15:11,097] {spark_submit.py:523} INFO - 21/12/09 00:15:11 WARN NativeCodeLoader: Unable to load native-hadoop library for your platform... using builtin-java classes where applicable
[2021-12-09 00:15:11,392] {spark_submit.py:523} INFO - 21/12/09 00:15:11 INFO ResourceUtils: ==============================================================
[2021-12-09 00:15:11,393] {spark_submit.py:523} INFO - 21/12/09 00:15:11 INFO ResourceUtils: No custom resources configured for spark.driver.
[2021-12-09 00:15:11,394] {spark_submit.py:523} INFO - 21/12/09 00:15:11 INFO ResourceUtils: ==============================================================
[2021-12-09 00:15:11,395] {spark_submit.py:523} INFO - 21/12/09 00:15:11 INFO SparkContext: Submitted application: Get Ads per county
[2021-12-09 00:15:11,437] {spark_submit.py:523} INFO - 21/12/09 00:15:11 INFO ResourceProfile: Default ResourceProfile created, executor resources: Map(cores -> name: cores, amount: 1, script: , vendor: , memory -> name: memory, amount: 1024, script: , vendor: , offHeap -> name: offHeap, amount: 0, script: , vendor: ), task resources: Map(cpus -> name: cpus, amount: 1.0)
[2021-12-09 00:15:11,454] {spark_submit.py:523} INFO - 21/12/09 00:15:11 INFO ResourceProfile: Limiting resource is cpu
[2021-12-09 00:15:11,455] {spark_submit.py:523} INFO - 21/12/09 00:15:11 INFO ResourceProfileManager: Added ResourceProfile id: 0
[2021-12-09 00:15:11,575] {spark_submit.py:523} INFO - 21/12/09 00:15:11 INFO SecurityManager: Changing view acls to: ***
[2021-12-09 00:15:11,576] {spark_submit.py:523} INFO - 21/12/09 00:15:11 INFO SecurityManager: Changing modify acls to: ***
[2021-12-09 00:15:11,577] {spark_submit.py:523} INFO - 21/12/09 00:15:11 INFO SecurityManager: Changing view acls groups to:
[2021-12-09 00:15:11,578] {spark_submit.py:523} INFO - 21/12/09 00:15:11 INFO SecurityManager: Changing modify acls groups to:
[2021-12-09 00:15:11,579] {spark_submit.py:523} INFO - 21/12/09 00:15:11 INFO SecurityManager: SecurityManager: authentication disabled; ui acls disabled; users  with view permissions: Set(***); groups with view permissions: Set(); users  with modify permissions: Set(***); groups with modify permissions: Set()
[2021-12-09 00:15:12,311] {spark_submit.py:523} INFO - 21/12/09 00:15:12 INFO Utils: Successfully started service 'sparkDriver' on port 35433.
[2021-12-09 00:15:12,381] {spark_submit.py:523} INFO - 21/12/09 00:15:12 INFO SparkEnv: Registering MapOutputTracker
[2021-12-09 00:15:12,457] {spark_submit.py:523} INFO - 21/12/09 00:15:12 INFO SparkEnv: Registering BlockManagerMaster
[2021-12-09 00:15:12,507] {spark_submit.py:523} INFO - 21/12/09 00:15:12 INFO BlockManagerMasterEndpoint: Using org.apache.spark.storage.DefaultTopologyMapper for getting topology information
[2021-12-09 00:15:12,510] {spark_submit.py:523} INFO - 21/12/09 00:15:12 INFO BlockManagerMasterEndpoint: BlockManagerMasterEndpoint up
[2021-12-09 00:15:12,523] {spark_submit.py:523} INFO - 21/12/09 00:15:12 INFO SparkEnv: Registering BlockManagerMasterHeartbeat
[2021-12-09 00:15:12,585] {spark_submit.py:523} INFO - 21/12/09 00:15:12 INFO DiskBlockManager: Created local directory at /tmp/blockmgr-caa2e37b-80e3-4f97-94a2-7c10a73739cb
[2021-12-09 00:15:12,628] {spark_submit.py:523} INFO - 21/12/09 00:15:12 INFO MemoryStore: MemoryStore started with capacity 434.4 MiB
[2021-12-09 00:15:12,661] {spark_submit.py:523} INFO - 21/12/09 00:15:12 INFO SparkEnv: Registering OutputCommitCoordinator
[2021-12-09 00:15:13,104] {spark_submit.py:523} INFO - 21/12/09 00:15:13 INFO Utils: Successfully started service 'SparkUI' on port 4040.
[2021-12-09 00:15:13,256] {spark_submit.py:523} INFO - 21/12/09 00:15:13 INFO SparkUI: Bound SparkUI to 0.0.0.0, and started at http://041e6f8654c3:4040
[2021-12-09 00:15:13,655] {spark_submit.py:523} INFO - 21/12/09 00:15:13 INFO StandaloneAppClient$ClientEndpoint: Connecting to master spark://spark:7077...
[2021-12-09 00:15:13,847] {spark_submit.py:523} INFO - 21/12/09 00:15:13 INFO TransportClientFactory: Successfully created connection to spark/172.31.0.9:7077 after 84 ms (0 ms spent in bootstraps)
[2021-12-09 00:15:14,078] {spark_submit.py:523} INFO - 21/12/09 00:15:14 INFO StandaloneSchedulerBackend: Connected to Spark cluster with app ID app-20211209001514-0058
[2021-12-09 00:15:14,095] {spark_submit.py:523} INFO - 21/12/09 00:15:14 INFO StandaloneAppClient$ClientEndpoint: Executor added: app-20211209001514-0058/0 on worker-20211208102114-172.31.0.11-46307 (172.31.0.11:46307) with 6 core(s)
[2021-12-09 00:15:14,097] {spark_submit.py:523} INFO - 21/12/09 00:15:14 INFO StandaloneSchedulerBackend: Granted executor ID app-20211209001514-0058/0 on hostPort 172.31.0.11:46307 with 6 core(s), 1024.0 MiB RAM
[2021-12-09 00:15:14,101] {spark_submit.py:523} INFO - 21/12/09 00:15:14 INFO Utils: Successfully started service 'org.apache.spark.network.netty.NettyBlockTransferService' on port 43009.
[2021-12-09 00:15:14,103] {spark_submit.py:523} INFO - 21/12/09 00:15:14 INFO NettyBlockTransferService: Server created on 041e6f8654c3:43009
[2021-12-09 00:15:14,104] {spark_submit.py:523} INFO - 21/12/09 00:15:14 INFO BlockManager: Using org.apache.spark.storage.RandomBlockReplicationPolicy for block replication policy
[2021-12-09 00:15:14,118] {spark_submit.py:523} INFO - 21/12/09 00:15:14 INFO BlockManagerMaster: Registering BlockManager BlockManagerId(driver, 041e6f8654c3, 43009, None)
[2021-12-09 00:15:14,126] {spark_submit.py:523} INFO - 21/12/09 00:15:14 INFO BlockManagerMasterEndpoint: Registering block manager 041e6f8654c3:43009 with 434.4 MiB RAM, BlockManagerId(driver, 041e6f8654c3, 43009, None)
[2021-12-09 00:15:14,131] {spark_submit.py:523} INFO - 21/12/09 00:15:14 INFO BlockManagerMaster: Registered BlockManager BlockManagerId(driver, 041e6f8654c3, 43009, None)
[2021-12-09 00:15:14,133] {spark_submit.py:523} INFO - 21/12/09 00:15:14 INFO BlockManager: Initialized BlockManager: BlockManagerId(driver, 041e6f8654c3, 43009, None)
[2021-12-09 00:15:14,605] {spark_submit.py:523} INFO - 21/12/09 00:15:14 INFO StandaloneAppClient$ClientEndpoint: Executor updated: app-20211209001514-0058/0 is now RUNNING
[2021-12-09 00:15:14,697] {spark_submit.py:523} INFO - 21/12/09 00:15:14 INFO StandaloneSchedulerBackend: SchedulerBackend is ready for scheduling beginning after reached minRegisteredResourcesRatio: 0.0
[2021-12-09 00:15:14,781] {spark_submit.py:523} INFO - /home/***/.local/lib/python3.6/site-packages/pyspark/python/lib/pyspark.zip/pyspark/context.py:238: FutureWarning: Python 3.6 support is deprecated in Spark 3.2.
[2021-12-09 00:15:14,783] {spark_submit.py:523} INFO - FutureWarning
[2021-12-09 00:15:15,166] {spark_submit.py:523} INFO - 21/12/09 00:15:15 INFO SharedState: Setting hive.metastore.warehouse.dir ('null') to the value of spark.sql.warehouse.dir.
[2021-12-09 00:15:15,208] {spark_submit.py:523} INFO - 21/12/09 00:15:15 INFO SharedState: Warehouse path is 'file:/opt/***/spark-warehouse'.
[2021-12-09 00:15:20,957] {spark_submit.py:523} INFO - 21/12/09 00:15:20 INFO CoarseGrainedSchedulerBackend$DriverEndpoint: Registered executor NettyRpcEndpointRef(spark-client://Executor) (172.31.0.11:46594) with ID 0,  ResourceProfileId 0
[2021-12-09 00:15:21,323] {spark_submit.py:523} INFO - 21/12/09 00:15:21 INFO BlockManagerMasterEndpoint: Registering block manager 172.31.0.11:37445 with 366.3 MiB RAM, BlockManagerId(0, 172.31.0.11, 37445, None)
[2021-12-09 00:15:32,914] {spark_submit.py:523} INFO - running...
[2021-12-09 00:15:35,830] {spark_submit.py:523} INFO - running...
[2021-12-09 00:15:37,962] {spark_submit.py:523} INFO - running...
[2021-12-09 00:15:39,789] {spark_submit.py:523} INFO - running...
[2021-12-09 00:15:43,072] {spark_submit.py:523} INFO - running...
[2021-12-09 00:15:47,509] {spark_submit.py:523} INFO - running...
[2021-12-09 00:15:50,259] {spark_submit.py:523} INFO - running...
[2021-12-09 00:15:53,731] {spark_submit.py:523} INFO - running...
[2021-12-09 00:15:56,014] {spark_submit.py:523} INFO - running...
[2021-12-09 00:15:57,656] {spark_submit.py:523} INFO - running...
[2021-12-09 00:16:01,965] {spark_submit.py:523} INFO - running...
[2021-12-09 00:16:08,640] {spark_submit.py:523} INFO - running...
[2021-12-09 00:16:13,752] {spark_submit.py:523} INFO - running...
[2021-12-09 00:16:30,047] {spark_submit.py:523} INFO - 21/12/09 00:16:30 INFO SparkContext: Invoking stop() from shutdown hook
[2021-12-09 00:16:30,069] {spark_submit.py:523} INFO - 21/12/09 00:16:30 INFO SparkUI: Stopped Spark web UI at http://041e6f8654c3:4040
[2021-12-09 00:16:30,080] {spark_submit.py:523} INFO - 21/12/09 00:16:30 INFO StandaloneSchedulerBackend: Shutting down all executors
[2021-12-09 00:16:30,082] {spark_submit.py:523} INFO - 21/12/09 00:16:30 INFO CoarseGrainedSchedulerBackend$DriverEndpoint: Asking each executor to shut down
[2021-12-09 00:16:30,145] {spark_submit.py:523} INFO - 21/12/09 00:16:30 INFO MapOutputTrackerMasterEndpoint: MapOutputTrackerMasterEndpoint stopped!
[2021-12-09 00:16:30,189] {spark_submit.py:523} INFO - 21/12/09 00:16:30 INFO MemoryStore: MemoryStore cleared
[2021-12-09 00:16:30,191] {spark_submit.py:523} INFO - 21/12/09 00:16:30 INFO BlockManager: BlockManager stopped
[2021-12-09 00:16:30,206] {spark_submit.py:523} INFO - 21/12/09 00:16:30 INFO BlockManagerMaster: BlockManagerMaster stopped
[2021-12-09 00:16:30,243] {spark_submit.py:523} INFO - 21/12/09 00:16:30 INFO OutputCommitCoordinator$OutputCommitCoordinatorEndpoint: OutputCommitCoordinator stopped!
[2021-12-09 00:16:30,284] {spark_submit.py:523} INFO - 21/12/09 00:16:30 INFO SparkContext: Successfully stopped SparkContext
[2021-12-09 00:16:30,286] {spark_submit.py:523} INFO - 21/12/09 00:16:30 INFO ShutdownHookManager: Shutdown hook called
[2021-12-09 00:16:30,287] {spark_submit.py:523} INFO - 21/12/09 00:16:30 INFO ShutdownHookManager: Deleting directory /tmp/spark-092050e8-c574-4c56-a811-cbb5a7c2282f
[2021-12-09 00:16:30,293] {spark_submit.py:523} INFO - 21/12/09 00:16:30 INFO ShutdownHookManager: Deleting directory /tmp/spark-2257825c-c664-42ca-89f6-1be8c1c11dc6
[2021-12-09 00:16:30,308] {spark_submit.py:523} INFO - 21/12/09 00:16:30 INFO ShutdownHookManager: Deleting directory /tmp/spark-2257825c-c664-42ca-89f6-1be8c1c11dc6/pyspark-75426593-badc-4eeb-8f6b-a3f45429e4bc
[2021-12-09 00:16:30,456] {taskinstance.py:1280} INFO - Marking task as SUCCESS. dag_id=scraping_daft_carlow, task_id=scrap_data, execution_date=20211208T001500, start_date=20211209T001504, end_date=20211209T001630
[2021-12-09 00:16:30,522] {local_task_job.py:154} INFO - Task exited with return code 0
[2021-12-09 00:16:30,644] {local_task_job.py:264} INFO - 1 downstream tasks scheduled from follow-on schedule check
