[2021-12-17 09:10:02,090] {taskinstance.py:1035} INFO - Dependencies all met for <TaskInstance: scraping_daft_cavan.scrap_data scheduled__2021-12-16T09:10:00+00:00 [queued]>
[2021-12-17 09:10:02,104] {taskinstance.py:1035} INFO - Dependencies all met for <TaskInstance: scraping_daft_cavan.scrap_data scheduled__2021-12-16T09:10:00+00:00 [queued]>
[2021-12-17 09:10:02,105] {taskinstance.py:1241} INFO - 
--------------------------------------------------------------------------------
[2021-12-17 09:10:02,106] {taskinstance.py:1242} INFO - Starting attempt 1 of 4
[2021-12-17 09:10:02,106] {taskinstance.py:1243} INFO - 
--------------------------------------------------------------------------------
[2021-12-17 09:10:02,120] {taskinstance.py:1262} INFO - Executing <Task(SparkSubmitOperator): scrap_data> on 2021-12-16 09:10:00+00:00
[2021-12-17 09:10:02,127] {standard_task_runner.py:76} INFO - Running: ['***', 'tasks', 'run', 'scraping_daft_cavan', 'scrap_data', 'scheduled__2021-12-16T09:10:00+00:00', '--job-id', '2786', '--raw', '--subdir', 'DAGS_FOLDER/scraping_daft_cavan.py', '--cfg-path', '/tmp/tmp3u8s3sbw', '--error-file', '/tmp/tmp60id76ev']
[2021-12-17 09:10:02,129] {standard_task_runner.py:77} INFO - Job 2786: Subtask scrap_data
[2021-12-17 09:10:02,124] {standard_task_runner.py:52} INFO - Started process 771 to run task
[2021-12-17 09:10:02,209] {logging_mixin.py:109} INFO - Running <TaskInstance: scraping_daft_cavan.scrap_data scheduled__2021-12-16T09:10:00+00:00 [running]> on host ce860fbe488d
[2021-12-17 09:10:02,322] {taskinstance.py:1429} INFO - Exporting the following env vars:
AIRFLOW_CTX_DAG_EMAIL=clement.liscoet@gmail.com
AIRFLOW_CTX_DAG_OWNER=clemoni
AIRFLOW_CTX_DAG_ID=scraping_daft_cavan
AIRFLOW_CTX_TASK_ID=scrap_data
AIRFLOW_CTX_EXECUTION_DATE=2021-12-16T09:10:00+00:00
AIRFLOW_CTX_DAG_RUN_ID=scheduled__2021-12-16T09:10:00+00:00
[2021-12-17 09:10:02,340] {base.py:79} INFO - Using connection to: id: spark_default. Host: spark://spark:7077, Port: None, Schema: , Login: ***, Password: ***, extra: {}
[2021-12-17 09:10:02,343] {spark_submit.py:360} INFO - Spark-Submit cmd: spark-submit --master spark://spark:7077 --conf spark.master=spark://spark:7077 --name scrap data --verbose /opt/***/jobs/get_ads_per_county.py cavan
[2021-12-17 09:10:03,840] {spark_submit.py:514} INFO - Using properties file: null
[2021-12-17 09:10:03,950] {spark_submit.py:514} INFO - WARNING: An illegal reflective access operation has occurred
[2021-12-17 09:10:03,951] {spark_submit.py:514} INFO - WARNING: Illegal reflective access by org.apache.spark.unsafe.Platform (file:/home/***/.local/lib/python3.6/site-packages/pyspark/jars/spark-unsafe_2.12-3.2.0.jar) to constructor java.nio.DirectByteBuffer(long,int)
[2021-12-17 09:10:03,952] {spark_submit.py:514} INFO - WARNING: Please consider reporting this to the maintainers of org.apache.spark.unsafe.Platform
[2021-12-17 09:10:03,953] {spark_submit.py:514} INFO - WARNING: Use --illegal-access=warn to enable warnings of further illegal reflective access operations
[2021-12-17 09:10:03,954] {spark_submit.py:514} INFO - WARNING: All illegal access operations will be denied in a future release
[2021-12-17 09:10:04,014] {spark_submit.py:514} INFO - Parsed arguments:
[2021-12-17 09:10:04,015] {spark_submit.py:514} INFO - master                  spark://spark:7077
[2021-12-17 09:10:04,015] {spark_submit.py:514} INFO - deployMode              null
[2021-12-17 09:10:04,017] {spark_submit.py:514} INFO - executorMemory          null
[2021-12-17 09:10:04,017] {spark_submit.py:514} INFO - executorCores           null
[2021-12-17 09:10:04,018] {spark_submit.py:514} INFO - totalExecutorCores      null
[2021-12-17 09:10:04,019] {spark_submit.py:514} INFO - propertiesFile          null
[2021-12-17 09:10:04,020] {spark_submit.py:514} INFO - driverMemory            null
[2021-12-17 09:10:04,021] {spark_submit.py:514} INFO - driverCores             null
[2021-12-17 09:10:04,021] {spark_submit.py:514} INFO - driverExtraClassPath    null
[2021-12-17 09:10:04,022] {spark_submit.py:514} INFO - driverExtraLibraryPath  null
[2021-12-17 09:10:04,024] {spark_submit.py:514} INFO - driverExtraJavaOptions  null
[2021-12-17 09:10:04,025] {spark_submit.py:514} INFO - supervise               false
[2021-12-17 09:10:04,025] {spark_submit.py:514} INFO - queue                   null
[2021-12-17 09:10:04,026] {spark_submit.py:514} INFO - numExecutors            null
[2021-12-17 09:10:04,027] {spark_submit.py:514} INFO - files                   null
[2021-12-17 09:10:04,028] {spark_submit.py:514} INFO - pyFiles                 null
[2021-12-17 09:10:04,029] {spark_submit.py:514} INFO - archives                null
[2021-12-17 09:10:04,030] {spark_submit.py:514} INFO - mainClass               null
[2021-12-17 09:10:04,031] {spark_submit.py:514} INFO - primaryResource         file:/opt/***/jobs/get_ads_per_county.py
[2021-12-17 09:10:04,031] {spark_submit.py:514} INFO - name                    scrap data
[2021-12-17 09:10:04,032] {spark_submit.py:514} INFO - childArgs               [cavan]
[2021-12-17 09:10:04,033] {spark_submit.py:514} INFO - jars                    null
[2021-12-17 09:10:04,034] {spark_submit.py:514} INFO - packages                null
[2021-12-17 09:10:04,034] {spark_submit.py:514} INFO - packagesExclusions      null
[2021-12-17 09:10:04,035] {spark_submit.py:514} INFO - repositories            null
[2021-12-17 09:10:04,036] {spark_submit.py:514} INFO - verbose                 true
[2021-12-17 09:10:04,036] {spark_submit.py:514} INFO - 
[2021-12-17 09:10:04,037] {spark_submit.py:514} INFO - Spark properties used, including those specified through
[2021-12-17 09:10:04,038] {spark_submit.py:514} INFO - --conf and those from the properties file null:
[2021-12-17 09:10:04,038] {spark_submit.py:514} INFO - (spark.master,spark://spark:7077)
[2021-12-17 09:10:04,039] {spark_submit.py:514} INFO - 
[2021-12-17 09:10:04,039] {spark_submit.py:514} INFO - 
[2021-12-17 09:10:04,374] {spark_submit.py:514} INFO - Main class:
[2021-12-17 09:10:04,375] {spark_submit.py:514} INFO - org.apache.spark.deploy.PythonRunner
[2021-12-17 09:10:04,376] {spark_submit.py:514} INFO - Arguments:
[2021-12-17 09:10:04,377] {spark_submit.py:514} INFO - file:/opt/***/jobs/get_ads_per_county.py
[2021-12-17 09:10:04,378] {spark_submit.py:514} INFO - null
[2021-12-17 09:10:04,379] {spark_submit.py:514} INFO - cavan
[2021-12-17 09:10:04,380] {spark_submit.py:514} INFO - --verbose
[2021-12-17 09:10:04,382] {spark_submit.py:514} INFO - Spark config:
[2021-12-17 09:10:04,383] {spark_submit.py:514} INFO - (spark.app.name,scrap data)
[2021-12-17 09:10:04,385] {spark_submit.py:514} INFO - (spark.master,spark://spark:7077)
[2021-12-17 09:10:04,385] {spark_submit.py:514} INFO - (spark.submit.pyFiles,)
[2021-12-17 09:10:04,387] {spark_submit.py:514} INFO - (spark.submit.deployMode,client)
[2021-12-17 09:10:04,388] {spark_submit.py:514} INFO - Classpath elements:
[2021-12-17 09:10:04,389] {spark_submit.py:514} INFO - 
[2021-12-17 09:10:04,390] {spark_submit.py:514} INFO - 
[2021-12-17 09:10:04,391] {spark_submit.py:514} INFO - 
[2021-12-17 09:10:05,495] {spark_submit.py:514} INFO - Using Spark's default log4j profile: org/apache/spark/log4j-defaults.properties
[2021-12-17 09:10:05,511] {spark_submit.py:514} INFO - 21/12/17 09:10:05 INFO SparkContext: Running Spark version 3.2.0
[2021-12-17 09:10:05,614] {spark_submit.py:514} INFO - 21/12/17 09:10:05 WARN NativeCodeLoader: Unable to load native-hadoop library for your platform... using builtin-java classes where applicable
[2021-12-17 09:10:05,785] {spark_submit.py:514} INFO - 21/12/17 09:10:05 INFO ResourceUtils: ==============================================================
[2021-12-17 09:10:05,786] {spark_submit.py:514} INFO - 21/12/17 09:10:05 INFO ResourceUtils: No custom resources configured for spark.driver.
[2021-12-17 09:10:05,787] {spark_submit.py:514} INFO - 21/12/17 09:10:05 INFO ResourceUtils: ==============================================================
[2021-12-17 09:10:05,788] {spark_submit.py:514} INFO - 21/12/17 09:10:05 INFO SparkContext: Submitted application: Get Ads per county
[2021-12-17 09:10:05,816] {spark_submit.py:514} INFO - 21/12/17 09:10:05 INFO ResourceProfile: Default ResourceProfile created, executor resources: Map(cores -> name: cores, amount: 1, script: , vendor: , memory -> name: memory, amount: 1024, script: , vendor: , offHeap -> name: offHeap, amount: 0, script: , vendor: ), task resources: Map(cpus -> name: cpus, amount: 1.0)
[2021-12-17 09:10:05,828] {spark_submit.py:514} INFO - 21/12/17 09:10:05 INFO ResourceProfile: Limiting resource is cpu
[2021-12-17 09:10:05,829] {spark_submit.py:514} INFO - 21/12/17 09:10:05 INFO ResourceProfileManager: Added ResourceProfile id: 0
[2021-12-17 09:10:05,904] {spark_submit.py:514} INFO - 21/12/17 09:10:05 INFO SecurityManager: Changing view acls to: ***
[2021-12-17 09:10:05,905] {spark_submit.py:514} INFO - 21/12/17 09:10:05 INFO SecurityManager: Changing modify acls to: ***
[2021-12-17 09:10:05,906] {spark_submit.py:514} INFO - 21/12/17 09:10:05 INFO SecurityManager: Changing view acls groups to:
[2021-12-17 09:10:05,906] {spark_submit.py:514} INFO - 21/12/17 09:10:05 INFO SecurityManager: Changing modify acls groups to:
[2021-12-17 09:10:05,909] {spark_submit.py:514} INFO - 21/12/17 09:10:05 INFO SecurityManager: SecurityManager: authentication disabled; ui acls disabled; users  with view permissions: Set(***); groups with view permissions: Set(); users  with modify permissions: Set(***); groups with modify permissions: Set()
[2021-12-17 09:10:06,241] {spark_submit.py:514} INFO - 21/12/17 09:10:06 INFO Utils: Successfully started service 'sparkDriver' on port 37129.
[2021-12-17 09:10:06,280] {spark_submit.py:514} INFO - 21/12/17 09:10:06 INFO SparkEnv: Registering MapOutputTracker
[2021-12-17 09:10:06,327] {spark_submit.py:514} INFO - 21/12/17 09:10:06 INFO SparkEnv: Registering BlockManagerMaster
[2021-12-17 09:10:06,356] {spark_submit.py:514} INFO - 21/12/17 09:10:06 INFO BlockManagerMasterEndpoint: Using org.apache.spark.storage.DefaultTopologyMapper for getting topology information
[2021-12-17 09:10:06,357] {spark_submit.py:514} INFO - 21/12/17 09:10:06 INFO BlockManagerMasterEndpoint: BlockManagerMasterEndpoint up
[2021-12-17 09:10:06,363] {spark_submit.py:514} INFO - 21/12/17 09:10:06 INFO SparkEnv: Registering BlockManagerMasterHeartbeat
[2021-12-17 09:10:06,393] {spark_submit.py:514} INFO - 21/12/17 09:10:06 INFO DiskBlockManager: Created local directory at /tmp/blockmgr-cee8eca5-9d5d-4782-ade0-47c44db4bfaf
[2021-12-17 09:10:06,417] {spark_submit.py:514} INFO - 21/12/17 09:10:06 INFO MemoryStore: MemoryStore started with capacity 434.4 MiB
[2021-12-17 09:10:06,436] {spark_submit.py:514} INFO - 21/12/17 09:10:06 INFO SparkEnv: Registering OutputCommitCoordinator
[2021-12-17 09:10:06,666] {spark_submit.py:514} INFO - 21/12/17 09:10:06 INFO Utils: Successfully started service 'SparkUI' on port 4040.
[2021-12-17 09:10:06,779] {spark_submit.py:514} INFO - 21/12/17 09:10:06 INFO SparkUI: Bound SparkUI to 0.0.0.0, and started at http://ce860fbe488d:4040
[2021-12-17 09:10:07,014] {spark_submit.py:514} INFO - 21/12/17 09:10:07 INFO StandaloneAppClient$ClientEndpoint: Connecting to master spark://spark:7077...
[2021-12-17 09:10:07,097] {spark_submit.py:514} INFO - 21/12/17 09:10:07 INFO TransportClientFactory: Successfully created connection to spark/172.18.0.4:7077 after 48 ms (0 ms spent in bootstraps)
[2021-12-17 09:10:07,241] {spark_submit.py:514} INFO - 21/12/17 09:10:07 INFO StandaloneSchedulerBackend: Connected to Spark cluster with app ID app-20211217091007-0003
[2021-12-17 09:10:07,246] {spark_submit.py:514} INFO - 21/12/17 09:10:07 INFO StandaloneAppClient$ClientEndpoint: Executor added: app-20211217091007-0003/0 on worker-20211217090523-172.18.0.5-46289 (172.18.0.5:46289) with 6 core(s)
[2021-12-17 09:10:07,248] {spark_submit.py:514} INFO - 21/12/17 09:10:07 INFO StandaloneSchedulerBackend: Granted executor ID app-20211217091007-0003/0 on hostPort 172.18.0.5:46289 with 6 core(s), 1024.0 MiB RAM
[2021-12-17 09:10:07,249] {spark_submit.py:514} INFO - 21/12/17 09:10:07 INFO StandaloneAppClient$ClientEndpoint: Executor added: app-20211217091007-0003/1 on worker-20211217090523-172.18.0.6-35853 (172.18.0.6:35853) with 6 core(s)
[2021-12-17 09:10:07,251] {spark_submit.py:514} INFO - 21/12/17 09:10:07 INFO StandaloneSchedulerBackend: Granted executor ID app-20211217091007-0003/1 on hostPort 172.18.0.6:35853 with 6 core(s), 1024.0 MiB RAM
[2021-12-17 09:10:07,269] {spark_submit.py:514} INFO - 21/12/17 09:10:07 INFO Utils: Successfully started service 'org.apache.spark.network.netty.NettyBlockTransferService' on port 34393.
[2021-12-17 09:10:07,270] {spark_submit.py:514} INFO - 21/12/17 09:10:07 INFO NettyBlockTransferService: Server created on ce860fbe488d:34393
[2021-12-17 09:10:07,275] {spark_submit.py:514} INFO - 21/12/17 09:10:07 INFO BlockManager: Using org.apache.spark.storage.RandomBlockReplicationPolicy for block replication policy
[2021-12-17 09:10:07,284] {spark_submit.py:514} INFO - 21/12/17 09:10:07 INFO StandaloneAppClient$ClientEndpoint: Executor updated: app-20211217091007-0003/0 is now RUNNING
[2021-12-17 09:10:07,287] {spark_submit.py:514} INFO - 21/12/17 09:10:07 INFO StandaloneAppClient$ClientEndpoint: Executor updated: app-20211217091007-0003/1 is now RUNNING
[2021-12-17 09:10:07,296] {spark_submit.py:514} INFO - 21/12/17 09:10:07 INFO BlockManagerMaster: Registering BlockManager BlockManagerId(driver, ce860fbe488d, 34393, None)
[2021-12-17 09:10:07,304] {spark_submit.py:514} INFO - 21/12/17 09:10:07 INFO BlockManagerMasterEndpoint: Registering block manager ce860fbe488d:34393 with 434.4 MiB RAM, BlockManagerId(driver, ce860fbe488d, 34393, None)
[2021-12-17 09:10:07,309] {spark_submit.py:514} INFO - 21/12/17 09:10:07 INFO BlockManagerMaster: Registered BlockManager BlockManagerId(driver, ce860fbe488d, 34393, None)
[2021-12-17 09:10:07,312] {spark_submit.py:514} INFO - 21/12/17 09:10:07 INFO BlockManager: Initialized BlockManager: BlockManagerId(driver, ce860fbe488d, 34393, None)
[2021-12-17 09:10:07,581] {spark_submit.py:514} INFO - 21/12/17 09:10:07 INFO StandaloneSchedulerBackend: SchedulerBackend is ready for scheduling beginning after reached minRegisteredResourcesRatio: 0.0
[2021-12-17 09:10:07,645] {spark_submit.py:514} INFO - /home/***/.local/lib/python3.6/site-packages/pyspark/python/lib/pyspark.zip/pyspark/context.py:238: FutureWarning: Python 3.6 support is deprecated in Spark 3.2.
[2021-12-17 09:10:07,646] {spark_submit.py:514} INFO - FutureWarning
[2021-12-17 09:10:07,986] {spark_submit.py:514} INFO - 21/12/17 09:10:07 INFO SharedState: Setting hive.metastore.warehouse.dir ('null') to the value of spark.sql.warehouse.dir.
[2021-12-17 09:10:08,017] {spark_submit.py:514} INFO - 21/12/17 09:10:08 INFO SharedState: Warehouse path is 'file:/opt/***/spark-warehouse'.
[2021-12-17 09:10:10,565] {spark_submit.py:514} INFO - 21/12/17 09:10:10 INFO CoarseGrainedSchedulerBackend$DriverEndpoint: Registered executor NettyRpcEndpointRef(spark-client://Executor) (172.18.0.5:60736) with ID 0,  ResourceProfileId 0
[2021-12-17 09:10:10,619] {spark_submit.py:514} INFO - 21/12/17 09:10:10 INFO CoarseGrainedSchedulerBackend$DriverEndpoint: Registered executor NettyRpcEndpointRef(spark-client://Executor) (172.18.0.6:58552) with ID 1,  ResourceProfileId 0
[2021-12-17 09:10:10,793] {spark_submit.py:514} INFO - 21/12/17 09:10:10 INFO BlockManagerMasterEndpoint: Registering block manager 172.18.0.5:45187 with 366.3 MiB RAM, BlockManagerId(0, 172.18.0.5, 45187, None)
[2021-12-17 09:10:10,859] {spark_submit.py:514} INFO - 21/12/17 09:10:10 INFO BlockManagerMasterEndpoint: Registering block manager 172.18.0.6:41755 with 366.3 MiB RAM, BlockManagerId(1, 172.18.0.6, 41755, None)
[2021-12-17 09:10:20,631] {spark_submit.py:514} INFO - running...
[2021-12-17 09:10:25,249] {spark_submit.py:514} INFO - running...
[2021-12-17 09:10:26,801] {spark_submit.py:514} INFO - running...
[2021-12-17 09:10:28,523] {spark_submit.py:514} INFO - running...
[2021-12-17 09:10:31,065] {spark_submit.py:514} INFO - running...
[2021-12-17 09:10:35,069] {spark_submit.py:514} INFO - running...
[2021-12-17 09:10:36,668] {spark_submit.py:514} INFO - running...
[2021-12-17 09:10:38,168] {spark_submit.py:514} INFO - running...
[2021-12-17 09:10:41,133] {spark_submit.py:514} INFO - running...
[2021-12-17 09:10:47,569] {spark_submit.py:514} INFO - 21/12/17 09:10:47 INFO SparkContext: Invoking stop() from shutdown hook
[2021-12-17 09:10:47,588] {spark_submit.py:514} INFO - 21/12/17 09:10:47 INFO SparkUI: Stopped Spark web UI at http://ce860fbe488d:4040
[2021-12-17 09:10:47,600] {spark_submit.py:514} INFO - 21/12/17 09:10:47 INFO StandaloneSchedulerBackend: Shutting down all executors
[2021-12-17 09:10:47,601] {spark_submit.py:514} INFO - 21/12/17 09:10:47 INFO CoarseGrainedSchedulerBackend$DriverEndpoint: Asking each executor to shut down
[2021-12-17 09:10:47,654] {spark_submit.py:514} INFO - 21/12/17 09:10:47 INFO MapOutputTrackerMasterEndpoint: MapOutputTrackerMasterEndpoint stopped!
[2021-12-17 09:10:47,690] {spark_submit.py:514} INFO - 21/12/17 09:10:47 INFO MemoryStore: MemoryStore cleared
[2021-12-17 09:10:47,694] {spark_submit.py:514} INFO - 21/12/17 09:10:47 INFO BlockManager: BlockManager stopped
[2021-12-17 09:10:47,735] {spark_submit.py:514} INFO - 21/12/17 09:10:47 INFO BlockManagerMaster: BlockManagerMaster stopped
[2021-12-17 09:10:47,745] {spark_submit.py:514} INFO - 21/12/17 09:10:47 INFO OutputCommitCoordinator$OutputCommitCoordinatorEndpoint: OutputCommitCoordinator stopped!
[2021-12-17 09:10:47,783] {spark_submit.py:514} INFO - 21/12/17 09:10:47 INFO SparkContext: Successfully stopped SparkContext
[2021-12-17 09:10:47,785] {spark_submit.py:514} INFO - 21/12/17 09:10:47 INFO ShutdownHookManager: Shutdown hook called
[2021-12-17 09:10:47,787] {spark_submit.py:514} INFO - 21/12/17 09:10:47 INFO ShutdownHookManager: Deleting directory /tmp/spark-f6d18a88-d48d-42d0-a85c-6720414dc5b2
[2021-12-17 09:10:47,789] {spark_submit.py:514} INFO - 21/12/17 09:10:47 INFO ShutdownHookManager: Deleting directory /tmp/spark-8565350b-6145-4a18-925a-6b1e2788f86e
[2021-12-17 09:10:47,795] {spark_submit.py:514} INFO - 21/12/17 09:10:47 INFO ShutdownHookManager: Deleting directory /tmp/spark-f6d18a88-d48d-42d0-a85c-6720414dc5b2/pyspark-53584775-20bd-47b8-a16f-55bf226109e2
[2021-12-17 09:10:47,904] {taskinstance.py:1280} INFO - Marking task as SUCCESS. dag_id=scraping_daft_cavan, task_id=scrap_data, execution_date=20211216T091000, start_date=20211217T091002, end_date=20211217T091047
[2021-12-17 09:10:47,931] {local_task_job.py:154} INFO - Task exited with return code 0
[2021-12-17 09:10:48,041] {local_task_job.py:264} INFO - 1 downstream tasks scheduled from follow-on schedule check
