[2021-12-10 09:34:26,988] {taskinstance.py:1035} INFO - Dependencies all met for <TaskInstance: scraping_daft_longford.remove_file scheduled__2021-12-09T03:30:00+00:00 [queued]>
[2021-12-10 09:34:27,045] {taskinstance.py:1035} INFO - Dependencies all met for <TaskInstance: scraping_daft_longford.remove_file scheduled__2021-12-09T03:30:00+00:00 [queued]>
[2021-12-10 09:34:27,047] {taskinstance.py:1241} INFO - 
--------------------------------------------------------------------------------
[2021-12-10 09:34:27,050] {taskinstance.py:1242} INFO - Starting attempt 1 of 3
[2021-12-10 09:34:27,051] {taskinstance.py:1243} INFO - 
--------------------------------------------------------------------------------
[2021-12-10 09:34:27,109] {taskinstance.py:1262} INFO - Executing <Task(SparkSubmitOperator): remove_file> on 2021-12-09 03:30:00+00:00
[2021-12-10 09:34:27,133] {standard_task_runner.py:76} INFO - Running: ['***', 'tasks', 'run', 'scraping_daft_longford', 'remove_file', 'scheduled__2021-12-09T03:30:00+00:00', '--job-id', '1092', '--raw', '--subdir', 'DAGS_FOLDER/scraping_daft_longford.py', '--cfg-path', '/tmp/tmp__fsgsja', '--error-file', '/tmp/tmpax_gvxfc']
[2021-12-10 09:34:27,136] {standard_task_runner.py:77} INFO - Job 1092: Subtask remove_file
[2021-12-10 09:34:27,126] {standard_task_runner.py:52} INFO - Started process 7553 to run task
[2021-12-10 09:34:27,299] {logging_mixin.py:109} INFO - Running <TaskInstance: scraping_daft_longford.remove_file scheduled__2021-12-09T03:30:00+00:00 [running]> on host b7c04404c5f3
[2021-12-10 09:34:27,641] {taskinstance.py:1429} INFO - Exporting the following env vars:
AIRFLOW_CTX_DAG_EMAIL=***@example.com
AIRFLOW_CTX_DAG_OWNER=clemoni
AIRFLOW_CTX_DAG_ID=scraping_daft_longford
AIRFLOW_CTX_TASK_ID=remove_file
AIRFLOW_CTX_EXECUTION_DATE=2021-12-09T03:30:00+00:00
AIRFLOW_CTX_DAG_RUN_ID=scheduled__2021-12-09T03:30:00+00:00
[2021-12-10 09:34:27,703] {base.py:79} INFO - Using connection to: id: spark_default. Host: spark://spark:7077, Port: None, Schema: , Login: ***, Password: ***, extra: {}
[2021-12-10 09:34:27,714] {spark_submit.py:362} INFO - Spark-Submit cmd: spark-submit --master spark://spark:7077 --conf spark.master=spark://spark:7077 --name remove file --verbose /opt/***/jobs/remove_file.py longford
[2021-12-10 09:34:30,244] {spark_submit.py:523} INFO - Using properties file: null
[2021-12-10 09:34:30,397] {spark_submit.py:523} INFO - WARNING: An illegal reflective access operation has occurred
[2021-12-10 09:34:30,398] {spark_submit.py:523} INFO - WARNING: Illegal reflective access by org.apache.spark.unsafe.Platform (file:/home/***/.local/lib/python3.6/site-packages/pyspark/jars/spark-unsafe_2.12-3.2.0.jar) to constructor java.nio.DirectByteBuffer(long,int)
[2021-12-10 09:34:30,400] {spark_submit.py:523} INFO - WARNING: Please consider reporting this to the maintainers of org.apache.spark.unsafe.Platform
[2021-12-10 09:34:30,401] {spark_submit.py:523} INFO - WARNING: Use --illegal-access=warn to enable warnings of further illegal reflective access operations
[2021-12-10 09:34:30,402] {spark_submit.py:523} INFO - WARNING: All illegal access operations will be denied in a future release
[2021-12-10 09:34:30,486] {spark_submit.py:523} INFO - Parsed arguments:
[2021-12-10 09:34:30,487] {spark_submit.py:523} INFO - master                  spark://spark:7077
[2021-12-10 09:34:30,488] {spark_submit.py:523} INFO - deployMode              null
[2021-12-10 09:34:30,489] {spark_submit.py:523} INFO - executorMemory          null
[2021-12-10 09:34:30,490] {spark_submit.py:523} INFO - executorCores           null
[2021-12-10 09:34:30,491] {spark_submit.py:523} INFO - totalExecutorCores      null
[2021-12-10 09:34:30,493] {spark_submit.py:523} INFO - propertiesFile          null
[2021-12-10 09:34:30,494] {spark_submit.py:523} INFO - driverMemory            null
[2021-12-10 09:34:30,495] {spark_submit.py:523} INFO - driverCores             null
[2021-12-10 09:34:30,496] {spark_submit.py:523} INFO - driverExtraClassPath    null
[2021-12-10 09:34:30,496] {spark_submit.py:523} INFO - driverExtraLibraryPath  null
[2021-12-10 09:34:30,499] {spark_submit.py:523} INFO - driverExtraJavaOptions  null
[2021-12-10 09:34:30,501] {spark_submit.py:523} INFO - supervise               false
[2021-12-10 09:34:30,502] {spark_submit.py:523} INFO - queue                   null
[2021-12-10 09:34:30,503] {spark_submit.py:523} INFO - numExecutors            null
[2021-12-10 09:34:30,504] {spark_submit.py:523} INFO - files                   null
[2021-12-10 09:34:30,505] {spark_submit.py:523} INFO - pyFiles                 null
[2021-12-10 09:34:30,506] {spark_submit.py:523} INFO - archives                null
[2021-12-10 09:34:30,507] {spark_submit.py:523} INFO - mainClass               null
[2021-12-10 09:34:30,508] {spark_submit.py:523} INFO - primaryResource         file:/opt/***/jobs/remove_file.py
[2021-12-10 09:34:30,509] {spark_submit.py:523} INFO - name                    remove file
[2021-12-10 09:34:30,510] {spark_submit.py:523} INFO - childArgs               [longford]
[2021-12-10 09:34:30,511] {spark_submit.py:523} INFO - jars                    null
[2021-12-10 09:34:30,513] {spark_submit.py:523} INFO - packages                null
[2021-12-10 09:34:30,514] {spark_submit.py:523} INFO - packagesExclusions      null
[2021-12-10 09:34:30,515] {spark_submit.py:523} INFO - repositories            null
[2021-12-10 09:34:30,516] {spark_submit.py:523} INFO - verbose                 true
[2021-12-10 09:34:30,517] {spark_submit.py:523} INFO - 
[2021-12-10 09:34:30,518] {spark_submit.py:523} INFO - Spark properties used, including those specified through
[2021-12-10 09:34:30,519] {spark_submit.py:523} INFO - --conf and those from the properties file null:
[2021-12-10 09:34:30,520] {spark_submit.py:523} INFO - (spark.master,spark://spark:7077)
[2021-12-10 09:34:30,521] {spark_submit.py:523} INFO - 
[2021-12-10 09:34:30,523] {spark_submit.py:523} INFO - 
[2021-12-10 09:34:30,968] {spark_submit.py:523} INFO - Main class:
[2021-12-10 09:34:30,970] {spark_submit.py:523} INFO - org.apache.spark.deploy.PythonRunner
[2021-12-10 09:34:30,972] {spark_submit.py:523} INFO - Arguments:
[2021-12-10 09:34:30,973] {spark_submit.py:523} INFO - file:/opt/***/jobs/remove_file.py
[2021-12-10 09:34:30,975] {spark_submit.py:523} INFO - null
[2021-12-10 09:34:30,976] {spark_submit.py:523} INFO - longford
[2021-12-10 09:34:30,977] {spark_submit.py:523} INFO - --verbose
[2021-12-10 09:34:30,978] {spark_submit.py:523} INFO - Spark config:
[2021-12-10 09:34:30,980] {spark_submit.py:523} INFO - (spark.app.name,remove file)
[2021-12-10 09:34:30,982] {spark_submit.py:523} INFO - (spark.master,spark://spark:7077)
[2021-12-10 09:34:30,984] {spark_submit.py:523} INFO - (spark.submit.pyFiles,)
[2021-12-10 09:34:30,985] {spark_submit.py:523} INFO - (spark.submit.deployMode,client)
[2021-12-10 09:34:30,986] {spark_submit.py:523} INFO - Classpath elements:
[2021-12-10 09:34:30,987] {spark_submit.py:523} INFO - 
[2021-12-10 09:34:30,988] {spark_submit.py:523} INFO - 
[2021-12-10 09:34:30,989] {spark_submit.py:523} INFO - 
[2021-12-10 09:34:33,923] {spark_submit.py:523} INFO - Using Spark's default log4j profile: org/apache/spark/log4j-defaults.properties
[2021-12-10 09:34:34,006] {spark_submit.py:523} INFO - 21/12/10 09:34:33 INFO SparkContext: Running Spark version 3.2.0
[2021-12-10 09:34:36,402] {spark_submit.py:523} INFO - 21/12/10 09:34:36 WARN NativeCodeLoader: Unable to load native-hadoop library for your platform... using builtin-java classes where applicable
[2021-12-10 09:34:37,731] {spark_submit.py:523} INFO - 21/12/10 09:34:37 INFO ResourceUtils: ==============================================================
[2021-12-10 09:34:37,734] {spark_submit.py:523} INFO - 21/12/10 09:34:37 INFO ResourceUtils: No custom resources configured for spark.driver.
[2021-12-10 09:34:37,736] {spark_submit.py:523} INFO - 21/12/10 09:34:37 INFO ResourceUtils: ==============================================================
[2021-12-10 09:34:37,739] {spark_submit.py:523} INFO - 21/12/10 09:34:37 INFO SparkContext: Submitted application: Remove file
[2021-12-10 09:34:37,827] {spark_submit.py:523} INFO - 21/12/10 09:34:37 INFO ResourceProfile: Default ResourceProfile created, executor resources: Map(cores -> name: cores, amount: 1, script: , vendor: , memory -> name: memory, amount: 1024, script: , vendor: , offHeap -> name: offHeap, amount: 0, script: , vendor: ), task resources: Map(cpus -> name: cpus, amount: 1.0)
[2021-12-10 09:34:37,875] {spark_submit.py:523} INFO - 21/12/10 09:34:37 INFO ResourceProfile: Limiting resource is cpu
[2021-12-10 09:34:37,878] {spark_submit.py:523} INFO - 21/12/10 09:34:37 INFO ResourceProfileManager: Added ResourceProfile id: 0
[2021-12-10 09:34:38,306] {spark_submit.py:523} INFO - 21/12/10 09:34:38 INFO SecurityManager: Changing view acls to: ***
[2021-12-10 09:34:38,311] {spark_submit.py:523} INFO - 21/12/10 09:34:38 INFO SecurityManager: Changing modify acls to: ***
[2021-12-10 09:34:38,313] {spark_submit.py:523} INFO - 21/12/10 09:34:38 INFO SecurityManager: Changing view acls groups to:
[2021-12-10 09:34:38,322] {spark_submit.py:523} INFO - 21/12/10 09:34:38 INFO SecurityManager: Changing modify acls groups to:
[2021-12-10 09:34:38,365] {spark_submit.py:523} INFO - 21/12/10 09:34:38 INFO SecurityManager: SecurityManager: authentication disabled; ui acls disabled; users  with view permissions: Set(***); groups with view permissions: Set(); users  with modify permissions: Set(***); groups with modify permissions: Set()
[2021-12-10 09:34:41,876] {spark_submit.py:523} INFO - 21/12/10 09:34:41 INFO Utils: Successfully started service 'sparkDriver' on port 43303.
[2021-12-10 09:34:42,513] {spark_submit.py:523} INFO - 21/12/10 09:34:42 INFO SparkEnv: Registering MapOutputTracker
[2021-12-10 09:34:43,219] {spark_submit.py:523} INFO - 21/12/10 09:34:43 INFO SparkEnv: Registering BlockManagerMaster
[2021-12-10 09:34:43,469] {spark_submit.py:523} INFO - 21/12/10 09:34:43 INFO BlockManagerMasterEndpoint: Using org.apache.spark.storage.DefaultTopologyMapper for getting topology information
[2021-12-10 09:34:43,485] {spark_submit.py:523} INFO - 21/12/10 09:34:43 INFO BlockManagerMasterEndpoint: BlockManagerMasterEndpoint up
[2021-12-10 09:34:43,575] {spark_submit.py:523} INFO - 21/12/10 09:34:43 INFO SparkEnv: Registering BlockManagerMasterHeartbeat
[2021-12-10 09:34:44,171] {spark_submit.py:523} INFO - 21/12/10 09:34:44 INFO DiskBlockManager: Created local directory at /tmp/blockmgr-0cac393b-ed8a-4dd2-9e1a-13475ddf0e8f
[2021-12-10 09:34:44,888] {spark_submit.py:523} INFO - 21/12/10 09:34:44 INFO MemoryStore: MemoryStore started with capacity 434.4 MiB
[2021-12-10 09:34:45,349] {spark_submit.py:523} INFO - 21/12/10 09:34:45 INFO SparkEnv: Registering OutputCommitCoordinator
[2021-12-10 09:34:47,146] {spark_submit.py:523} INFO - 21/12/10 09:34:47 WARN Utils: Service 'SparkUI' could not bind on port 4040. Attempting port 4041.
[2021-12-10 09:34:47,187] {spark_submit.py:523} INFO - 21/12/10 09:34:47 INFO Utils: Successfully started service 'SparkUI' on port 4041.
[2021-12-10 09:34:47,556] {spark_submit.py:523} INFO - 21/12/10 09:34:47 INFO SparkUI: Bound SparkUI to 0.0.0.0, and started at http://b7c04404c5f3:4041
[2021-12-10 09:34:49,223] {spark_submit.py:523} INFO - 21/12/10 09:34:49 INFO StandaloneAppClient$ClientEndpoint: Connecting to master spark://spark:7077...
[2021-12-10 09:34:49,518] {spark_submit.py:523} INFO - 21/12/10 09:34:49 INFO TransportClientFactory: Successfully created connection to spark/172.18.0.4:7077 after 148 ms (0 ms spent in bootstraps)
[2021-12-10 09:34:50,130] {spark_submit.py:523} INFO - 21/12/10 09:34:50 INFO StandaloneSchedulerBackend: Connected to Spark cluster with app ID app-20211210093450-0040
[2021-12-10 09:34:50,186] {spark_submit.py:523} INFO - 21/12/10 09:34:50 INFO Utils: Successfully started service 'org.apache.spark.network.netty.NettyBlockTransferService' on port 35681.
[2021-12-10 09:34:50,190] {spark_submit.py:523} INFO - 21/12/10 09:34:50 INFO NettyBlockTransferService: Server created on b7c04404c5f3:35681
[2021-12-10 09:34:50,195] {spark_submit.py:523} INFO - 21/12/10 09:34:50 INFO BlockManager: Using org.apache.spark.storage.RandomBlockReplicationPolicy for block replication policy
[2021-12-10 09:34:50,235] {spark_submit.py:523} INFO - 21/12/10 09:34:50 INFO BlockManagerMaster: Registering BlockManager BlockManagerId(driver, b7c04404c5f3, 35681, None)
[2021-12-10 09:34:50,262] {spark_submit.py:523} INFO - 21/12/10 09:34:50 INFO BlockManagerMasterEndpoint: Registering block manager b7c04404c5f3:35681 with 434.4 MiB RAM, BlockManagerId(driver, b7c04404c5f3, 35681, None)
[2021-12-10 09:34:50,276] {spark_submit.py:523} INFO - 21/12/10 09:34:50 INFO BlockManagerMaster: Registered BlockManager BlockManagerId(driver, b7c04404c5f3, 35681, None)
[2021-12-10 09:34:50,311] {spark_submit.py:523} INFO - 21/12/10 09:34:50 INFO BlockManager: Initialized BlockManager: BlockManagerId(driver, b7c04404c5f3, 35681, None)
[2021-12-10 09:34:50,936] {spark_submit.py:523} INFO - 21/12/10 09:34:50 INFO StandaloneSchedulerBackend: SchedulerBackend is ready for scheduling beginning after reached minRegisteredResourcesRatio: 0.0
[2021-12-10 09:34:50,984] {spark_submit.py:523} INFO - 21/12/10 09:34:50 INFO StandaloneAppClient$ClientEndpoint: Executor added: app-20211210093450-0040/0 on worker-20211210091509-172.18.0.6-33397 (172.18.0.6:33397) with 6 core(s)
[2021-12-10 09:34:50,989] {spark_submit.py:523} INFO - 21/12/10 09:34:50 INFO StandaloneSchedulerBackend: Granted executor ID app-20211210093450-0040/0 on hostPort 172.18.0.6:33397 with 6 core(s), 1024.0 MiB RAM
[2021-12-10 09:34:50,991] {spark_submit.py:523} INFO - 21/12/10 09:34:50 INFO StandaloneAppClient$ClientEndpoint: Executor added: app-20211210093450-0040/1 on worker-20211210091509-172.18.0.5-41215 (172.18.0.5:41215) with 6 core(s)
[2021-12-10 09:34:50,998] {spark_submit.py:523} INFO - 21/12/10 09:34:50 INFO StandaloneSchedulerBackend: Granted executor ID app-20211210093450-0040/1 on hostPort 172.18.0.5:41215 with 6 core(s), 1024.0 MiB RAM
[2021-12-10 09:34:51,097] {spark_submit.py:523} INFO - /home/***/.local/lib/python3.6/site-packages/pyspark/python/lib/pyspark.zip/pyspark/context.py:238: FutureWarning: Python 3.6 support is deprecated in Spark 3.2.
[2021-12-10 09:34:51,102] {spark_submit.py:523} INFO - FutureWarning
[2021-12-10 09:34:51,219] {spark_submit.py:523} INFO - 21/12/10 09:34:51 INFO StandaloneAppClient$ClientEndpoint: Executor updated: app-20211210093450-0040/1 is now RUNNING
[2021-12-10 09:34:51,241] {spark_submit.py:523} INFO - 21/12/10 09:34:51 INFO StandaloneAppClient$ClientEndpoint: Executor updated: app-20211210093450-0040/0 is now RUNNING
[2021-12-10 09:34:52,188] {spark_submit.py:523} INFO - 21/12/10 09:34:52 INFO SharedState: Setting hive.metastore.warehouse.dir ('null') to the value of spark.sql.warehouse.dir.
[2021-12-10 09:34:52,309] {spark_submit.py:523} INFO - 21/12/10 09:34:52 INFO SharedState: Warehouse path is 'file:/opt/***/spark-warehouse'.
[2021-12-10 09:34:54,294] {spark_submit.py:523} INFO - file: longford_rent.json deleted
[2021-12-10 09:34:54,548] {spark_submit.py:523} INFO - 21/12/10 09:34:54 INFO SparkContext: Invoking stop() from shutdown hook
[2021-12-10 09:34:54,582] {spark_submit.py:523} INFO - 21/12/10 09:34:54 INFO SparkUI: Stopped Spark web UI at http://b7c04404c5f3:4041
[2021-12-10 09:34:54,594] {spark_submit.py:523} INFO - 21/12/10 09:34:54 INFO StandaloneSchedulerBackend: Shutting down all executors
[2021-12-10 09:34:54,607] {spark_submit.py:523} INFO - 21/12/10 09:34:54 INFO CoarseGrainedSchedulerBackend$DriverEndpoint: Asking each executor to shut down
[2021-12-10 09:34:54,806] {spark_submit.py:523} INFO - 21/12/10 09:34:54 INFO MapOutputTrackerMasterEndpoint: MapOutputTrackerMasterEndpoint stopped!
[2021-12-10 09:34:54,896] {spark_submit.py:523} INFO - 21/12/10 09:34:54 INFO MemoryStore: MemoryStore cleared
[2021-12-10 09:34:54,901] {spark_submit.py:523} INFO - 21/12/10 09:34:54 INFO BlockManager: BlockManager stopped
[2021-12-10 09:34:54,953] {spark_submit.py:523} INFO - 21/12/10 09:34:54 INFO BlockManagerMaster: BlockManagerMaster stopped
[2021-12-10 09:34:54,958] {spark_submit.py:523} INFO - 21/12/10 09:34:54 INFO OutputCommitCoordinator$OutputCommitCoordinatorEndpoint: OutputCommitCoordinator stopped!
[2021-12-10 09:34:55,059] {spark_submit.py:523} INFO - 21/12/10 09:34:55 INFO SparkContext: Successfully stopped SparkContext
[2021-12-10 09:34:55,063] {spark_submit.py:523} INFO - 21/12/10 09:34:55 INFO ShutdownHookManager: Shutdown hook called
[2021-12-10 09:34:55,068] {spark_submit.py:523} INFO - 21/12/10 09:34:55 INFO ShutdownHookManager: Deleting directory /tmp/spark-0d090aad-faf9-445f-bb9b-d5d907f81ed1
[2021-12-10 09:34:55,099] {spark_submit.py:523} INFO - 21/12/10 09:34:55 INFO ShutdownHookManager: Deleting directory /tmp/spark-ffbc8720-9103-4de8-a031-e6d0594804bf/pyspark-cc19b7ef-3c6a-45f4-96a0-4bfb2e896ddb
[2021-12-10 09:34:55,128] {spark_submit.py:523} INFO - 21/12/10 09:34:55 INFO ShutdownHookManager: Deleting directory /tmp/spark-ffbc8720-9103-4de8-a031-e6d0594804bf
[2021-12-10 09:34:55,702] {taskinstance.py:1280} INFO - Marking task as SUCCESS. dag_id=scraping_daft_longford, task_id=remove_file, execution_date=20211209T033000, start_date=20211210T093427, end_date=20211210T093455
[2021-12-10 09:34:55,813] {local_task_job.py:154} INFO - Task exited with return code 0
[2021-12-10 09:34:55,976] {local_task_job.py:264} INFO - 0 downstream tasks scheduled from follow-on schedule check
