[2021-12-28 16:02:18,454] {taskinstance.py:1035} INFO - Dependencies all met for <TaskInstance: scraping_daft_dublin.scrap_data manual__2021-12-28T16:02:14.843786+00:00 [queued]>
[2021-12-28 16:02:18,481] {taskinstance.py:1035} INFO - Dependencies all met for <TaskInstance: scraping_daft_dublin.scrap_data manual__2021-12-28T16:02:14.843786+00:00 [queued]>
[2021-12-28 16:02:18,483] {taskinstance.py:1241} INFO - 
--------------------------------------------------------------------------------
[2021-12-28 16:02:18,485] {taskinstance.py:1242} INFO - Starting attempt 1 of 4
[2021-12-28 16:02:18,486] {taskinstance.py:1243} INFO - 
--------------------------------------------------------------------------------
[2021-12-28 16:02:18,517] {taskinstance.py:1262} INFO - Executing <Task(SparkSubmitOperator): scrap_data> on 2021-12-28 16:02:14.843786+00:00
[2021-12-28 16:02:18,533] {standard_task_runner.py:76} INFO - Running: ['***', 'tasks', 'run', 'scraping_daft_dublin', 'scrap_data', 'manual__2021-12-28T16:02:14.843786+00:00', '--job-id', '5271', '--raw', '--subdir', 'DAGS_FOLDER/scraping_daft_dublin.py', '--cfg-path', '/tmp/tmpwq_0rui4', '--error-file', '/tmp/tmpxrxcin_n']
[2021-12-28 16:02:18,535] {standard_task_runner.py:77} INFO - Job 5271: Subtask scrap_data
[2021-12-28 16:02:18,527] {standard_task_runner.py:52} INFO - Started process 12154 to run task
[2021-12-28 16:02:18,657] {logging_mixin.py:109} INFO - Running <TaskInstance: scraping_daft_dublin.scrap_data manual__2021-12-28T16:02:14.843786+00:00 [running]> on host 6bdda4c19a85
[2021-12-28 16:02:18,836] {taskinstance.py:1429} INFO - Exporting the following env vars:
AIRFLOW_CTX_DAG_EMAIL=clement.liscoet@gmail.com
AIRFLOW_CTX_DAG_OWNER=clemoni
AIRFLOW_CTX_DAG_ID=scraping_daft_dublin
AIRFLOW_CTX_TASK_ID=scrap_data
AIRFLOW_CTX_EXECUTION_DATE=2021-12-28T16:02:14.843786+00:00
AIRFLOW_CTX_DAG_RUN_ID=manual__2021-12-28T16:02:14.843786+00:00
[2021-12-28 16:02:18,870] {base.py:79} INFO - Using connection to: id: spark_default. Host: spark://spark:7077, Port: None, Schema: , Login: ***, Password: ***, extra: {}
[2021-12-28 16:02:18,873] {spark_submit.py:360} INFO - Spark-Submit cmd: spark-submit --master spark://spark:7077 --conf spark.master=spark://spark:7077 --name scrap data --verbose /opt/***/jobs/get_ads_per_county.py dublin
[2021-12-28 16:02:21,211] {spark_submit.py:514} INFO - Using properties file: null
[2021-12-28 16:02:21,338] {spark_submit.py:514} INFO - WARNING: An illegal reflective access operation has occurred
[2021-12-28 16:02:21,340] {spark_submit.py:514} INFO - WARNING: Illegal reflective access by org.apache.spark.unsafe.Platform (file:/home/***/.local/lib/python3.6/site-packages/pyspark/jars/spark-unsafe_2.12-3.2.0.jar) to constructor java.nio.DirectByteBuffer(long,int)
[2021-12-28 16:02:21,341] {spark_submit.py:514} INFO - WARNING: Please consider reporting this to the maintainers of org.apache.spark.unsafe.Platform
[2021-12-28 16:02:21,342] {spark_submit.py:514} INFO - WARNING: Use --illegal-access=warn to enable warnings of further illegal reflective access operations
[2021-12-28 16:02:21,343] {spark_submit.py:514} INFO - WARNING: All illegal access operations will be denied in a future release
[2021-12-28 16:02:21,401] {spark_submit.py:514} INFO - Parsed arguments:
[2021-12-28 16:02:21,402] {spark_submit.py:514} INFO - master                  spark://spark:7077
[2021-12-28 16:02:21,403] {spark_submit.py:514} INFO - deployMode              null
[2021-12-28 16:02:21,404] {spark_submit.py:514} INFO - executorMemory          null
[2021-12-28 16:02:21,405] {spark_submit.py:514} INFO - executorCores           null
[2021-12-28 16:02:21,406] {spark_submit.py:514} INFO - totalExecutorCores      null
[2021-12-28 16:02:21,407] {spark_submit.py:514} INFO - propertiesFile          null
[2021-12-28 16:02:21,408] {spark_submit.py:514} INFO - driverMemory            null
[2021-12-28 16:02:21,409] {spark_submit.py:514} INFO - driverCores             null
[2021-12-28 16:02:21,410] {spark_submit.py:514} INFO - driverExtraClassPath    null
[2021-12-28 16:02:21,411] {spark_submit.py:514} INFO - driverExtraLibraryPath  null
[2021-12-28 16:02:21,413] {spark_submit.py:514} INFO - driverExtraJavaOptions  null
[2021-12-28 16:02:21,414] {spark_submit.py:514} INFO - supervise               false
[2021-12-28 16:02:21,415] {spark_submit.py:514} INFO - queue                   null
[2021-12-28 16:02:21,416] {spark_submit.py:514} INFO - numExecutors            null
[2021-12-28 16:02:21,418] {spark_submit.py:514} INFO - files                   null
[2021-12-28 16:02:21,420] {spark_submit.py:514} INFO - pyFiles                 null
[2021-12-28 16:02:21,421] {spark_submit.py:514} INFO - archives                null
[2021-12-28 16:02:21,422] {spark_submit.py:514} INFO - mainClass               null
[2021-12-28 16:02:21,423] {spark_submit.py:514} INFO - primaryResource         file:/opt/***/jobs/get_ads_per_county.py
[2021-12-28 16:02:21,425] {spark_submit.py:514} INFO - name                    scrap data
[2021-12-28 16:02:21,426] {spark_submit.py:514} INFO - childArgs               [dublin]
[2021-12-28 16:02:21,427] {spark_submit.py:514} INFO - jars                    null
[2021-12-28 16:02:21,428] {spark_submit.py:514} INFO - packages                null
[2021-12-28 16:02:21,430] {spark_submit.py:514} INFO - packagesExclusions      null
[2021-12-28 16:02:21,431] {spark_submit.py:514} INFO - repositories            null
[2021-12-28 16:02:21,432] {spark_submit.py:514} INFO - verbose                 true
[2021-12-28 16:02:21,434] {spark_submit.py:514} INFO - 
[2021-12-28 16:02:21,435] {spark_submit.py:514} INFO - Spark properties used, including those specified through
[2021-12-28 16:02:21,436] {spark_submit.py:514} INFO - --conf and those from the properties file null:
[2021-12-28 16:02:21,437] {spark_submit.py:514} INFO - (spark.master,spark://spark:7077)
[2021-12-28 16:02:21,438] {spark_submit.py:514} INFO - 
[2021-12-28 16:02:21,439] {spark_submit.py:514} INFO - 
[2021-12-28 16:02:21,855] {spark_submit.py:514} INFO - Main class:
[2021-12-28 16:02:21,856] {spark_submit.py:514} INFO - org.apache.spark.deploy.PythonRunner
[2021-12-28 16:02:21,858] {spark_submit.py:514} INFO - Arguments:
[2021-12-28 16:02:21,859] {spark_submit.py:514} INFO - file:/opt/***/jobs/get_ads_per_county.py
[2021-12-28 16:02:21,863] {spark_submit.py:514} INFO - null
[2021-12-28 16:02:21,865] {spark_submit.py:514} INFO - dublin
[2021-12-28 16:02:21,867] {spark_submit.py:514} INFO - --verbose
[2021-12-28 16:02:21,868] {spark_submit.py:514} INFO - Spark config:
[2021-12-28 16:02:21,869] {spark_submit.py:514} INFO - (spark.app.name,scrap data)
[2021-12-28 16:02:21,870] {spark_submit.py:514} INFO - (spark.master,spark://spark:7077)
[2021-12-28 16:02:21,873] {spark_submit.py:514} INFO - (spark.submit.pyFiles,)
[2021-12-28 16:02:21,874] {spark_submit.py:514} INFO - (spark.submit.deployMode,client)
[2021-12-28 16:02:21,877] {spark_submit.py:514} INFO - Classpath elements:
[2021-12-28 16:02:21,879] {spark_submit.py:514} INFO - 
[2021-12-28 16:02:21,881] {spark_submit.py:514} INFO - 
[2021-12-28 16:02:21,882] {spark_submit.py:514} INFO - 
[2021-12-28 16:02:23,121] {spark_submit.py:514} INFO - Using Spark's default log4j profile: org/apache/spark/log4j-defaults.properties
[2021-12-28 16:02:23,137] {spark_submit.py:514} INFO - 21/12/28 16:02:23 INFO SparkContext: Running Spark version 3.2.0
[2021-12-28 16:02:23,256] {spark_submit.py:514} INFO - 21/12/28 16:02:23 WARN NativeCodeLoader: Unable to load native-hadoop library for your platform... using builtin-java classes where applicable
[2021-12-28 16:02:23,435] {spark_submit.py:514} INFO - 21/12/28 16:02:23 INFO ResourceUtils: ==============================================================
[2021-12-28 16:02:23,436] {spark_submit.py:514} INFO - 21/12/28 16:02:23 INFO ResourceUtils: No custom resources configured for spark.driver.
[2021-12-28 16:02:23,437] {spark_submit.py:514} INFO - 21/12/28 16:02:23 INFO ResourceUtils: ==============================================================
[2021-12-28 16:02:23,438] {spark_submit.py:514} INFO - 21/12/28 16:02:23 INFO SparkContext: Submitted application: Get Ads per county
[2021-12-28 16:02:23,470] {spark_submit.py:514} INFO - 21/12/28 16:02:23 INFO ResourceProfile: Default ResourceProfile created, executor resources: Map(cores -> name: cores, amount: 1, script: , vendor: , memory -> name: memory, amount: 1024, script: , vendor: , offHeap -> name: offHeap, amount: 0, script: , vendor: ), task resources: Map(cpus -> name: cpus, amount: 1.0)
[2021-12-28 16:02:23,484] {spark_submit.py:514} INFO - 21/12/28 16:02:23 INFO ResourceProfile: Limiting resource is cpu
[2021-12-28 16:02:23,485] {spark_submit.py:514} INFO - 21/12/28 16:02:23 INFO ResourceProfileManager: Added ResourceProfile id: 0
[2021-12-28 16:02:23,553] {spark_submit.py:514} INFO - 21/12/28 16:02:23 INFO SecurityManager: Changing view acls to: ***
[2021-12-28 16:02:23,554] {spark_submit.py:514} INFO - 21/12/28 16:02:23 INFO SecurityManager: Changing modify acls to: ***
[2021-12-28 16:02:23,555] {spark_submit.py:514} INFO - 21/12/28 16:02:23 INFO SecurityManager: Changing view acls groups to:
[2021-12-28 16:02:23,556] {spark_submit.py:514} INFO - 21/12/28 16:02:23 INFO SecurityManager: Changing modify acls groups to:
[2021-12-28 16:02:23,557] {spark_submit.py:514} INFO - 21/12/28 16:02:23 INFO SecurityManager: SecurityManager: authentication disabled; ui acls disabled; users  with view permissions: Set(***); groups with view permissions: Set(); users  with modify permissions: Set(***); groups with modify permissions: Set()
[2021-12-28 16:02:24,054] {spark_submit.py:514} INFO - 21/12/28 16:02:24 INFO Utils: Successfully started service 'sparkDriver' on port 33633.
[2021-12-28 16:02:24,147] {spark_submit.py:514} INFO - 21/12/28 16:02:24 INFO SparkEnv: Registering MapOutputTracker
[2021-12-28 16:02:24,226] {spark_submit.py:514} INFO - 21/12/28 16:02:24 INFO SparkEnv: Registering BlockManagerMaster
[2021-12-28 16:02:24,260] {spark_submit.py:514} INFO - 21/12/28 16:02:24 INFO BlockManagerMasterEndpoint: Using org.apache.spark.storage.DefaultTopologyMapper for getting topology information
[2021-12-28 16:02:24,276] {spark_submit.py:514} INFO - 21/12/28 16:02:24 INFO BlockManagerMasterEndpoint: BlockManagerMasterEndpoint up
[2021-12-28 16:02:24,277] {spark_submit.py:514} INFO - 21/12/28 16:02:24 INFO SparkEnv: Registering BlockManagerMasterHeartbeat
[2021-12-28 16:02:24,311] {spark_submit.py:514} INFO - 21/12/28 16:02:24 INFO DiskBlockManager: Created local directory at /tmp/blockmgr-f1ca8b54-9c70-4e83-a358-6914f2824d2d
[2021-12-28 16:02:24,343] {spark_submit.py:514} INFO - 21/12/28 16:02:24 INFO MemoryStore: MemoryStore started with capacity 434.4 MiB
[2021-12-28 16:02:24,371] {spark_submit.py:514} INFO - 21/12/28 16:02:24 INFO SparkEnv: Registering OutputCommitCoordinator
[2021-12-28 16:02:24,683] {spark_submit.py:514} INFO - 21/12/28 16:02:24 INFO Utils: Successfully started service 'SparkUI' on port 4040.
[2021-12-28 16:02:24,842] {spark_submit.py:514} INFO - 21/12/28 16:02:24 INFO SparkUI: Bound SparkUI to 0.0.0.0, and started at http://6bdda4c19a85:4040
[2021-12-28 16:02:25,283] {spark_submit.py:514} INFO - 21/12/28 16:02:25 INFO StandaloneAppClient$ClientEndpoint: Connecting to master spark://spark:7077...
[2021-12-28 16:02:25,426] {spark_submit.py:514} INFO - 21/12/28 16:02:25 INFO TransportClientFactory: Successfully created connection to spark/172.18.0.4:7077 after 91 ms (0 ms spent in bootstraps)
[2021-12-28 16:02:25,621] {spark_submit.py:514} INFO - 21/12/28 16:02:25 INFO StandaloneSchedulerBackend: Connected to Spark cluster with app ID app-20211228160225-0059
[2021-12-28 16:02:25,624] {spark_submit.py:514} INFO - 21/12/28 16:02:25 INFO StandaloneAppClient$ClientEndpoint: Executor added: app-20211228160225-0059/0 on worker-20211228151346-172.18.0.5-41853 (172.18.0.5:41853) with 6 core(s)
[2021-12-28 16:02:25,643] {spark_submit.py:514} INFO - 21/12/28 16:02:25 INFO StandaloneSchedulerBackend: Granted executor ID app-20211228160225-0059/0 on hostPort 172.18.0.5:41853 with 6 core(s), 1024.0 MiB RAM
[2021-12-28 16:02:25,645] {spark_submit.py:514} INFO - 21/12/28 16:02:25 INFO StandaloneAppClient$ClientEndpoint: Executor added: app-20211228160225-0059/1 on worker-20211228151346-172.18.0.6-43397 (172.18.0.6:43397) with 6 core(s)
[2021-12-28 16:02:25,647] {spark_submit.py:514} INFO - 21/12/28 16:02:25 INFO StandaloneSchedulerBackend: Granted executor ID app-20211228160225-0059/1 on hostPort 172.18.0.6:43397 with 6 core(s), 1024.0 MiB RAM
[2021-12-28 16:02:25,652] {spark_submit.py:514} INFO - 21/12/28 16:02:25 INFO Utils: Successfully started service 'org.apache.spark.network.netty.NettyBlockTransferService' on port 37759.
[2021-12-28 16:02:25,654] {spark_submit.py:514} INFO - 21/12/28 16:02:25 INFO NettyBlockTransferService: Server created on 6bdda4c19a85:37759
[2021-12-28 16:02:25,656] {spark_submit.py:514} INFO - 21/12/28 16:02:25 INFO BlockManager: Using org.apache.spark.storage.RandomBlockReplicationPolicy for block replication policy
[2021-12-28 16:02:25,673] {spark_submit.py:514} INFO - 21/12/28 16:02:25 INFO BlockManagerMaster: Registering BlockManager BlockManagerId(driver, 6bdda4c19a85, 37759, None)
[2021-12-28 16:02:25,681] {spark_submit.py:514} INFO - 21/12/28 16:02:25 INFO BlockManagerMasterEndpoint: Registering block manager 6bdda4c19a85:37759 with 434.4 MiB RAM, BlockManagerId(driver, 6bdda4c19a85, 37759, None)
[2021-12-28 16:02:25,696] {spark_submit.py:514} INFO - 21/12/28 16:02:25 INFO BlockManagerMaster: Registered BlockManager BlockManagerId(driver, 6bdda4c19a85, 37759, None)
[2021-12-28 16:02:25,699] {spark_submit.py:514} INFO - 21/12/28 16:02:25 INFO BlockManager: Initialized BlockManager: BlockManagerId(driver, 6bdda4c19a85, 37759, None)
[2021-12-28 16:02:25,735] {spark_submit.py:514} INFO - 21/12/28 16:02:25 INFO StandaloneAppClient$ClientEndpoint: Executor updated: app-20211228160225-0059/1 is now RUNNING
[2021-12-28 16:02:25,773] {spark_submit.py:514} INFO - 21/12/28 16:02:25 INFO StandaloneAppClient$ClientEndpoint: Executor updated: app-20211228160225-0059/0 is now RUNNING
[2021-12-28 16:02:26,145] {spark_submit.py:514} INFO - 21/12/28 16:02:26 INFO StandaloneSchedulerBackend: SchedulerBackend is ready for scheduling beginning after reached minRegisteredResourcesRatio: 0.0
[2021-12-28 16:02:26,256] {spark_submit.py:514} INFO - /home/***/.local/lib/python3.6/site-packages/pyspark/python/lib/pyspark.zip/pyspark/context.py:238: FutureWarning: Python 3.6 support is deprecated in Spark 3.2.
[2021-12-28 16:02:26,258] {spark_submit.py:514} INFO - FutureWarning
[2021-12-28 16:02:27,619] {spark_submit.py:514} INFO - 21/12/28 16:02:27 INFO SharedState: Setting hive.metastore.warehouse.dir ('null') to the value of spark.sql.warehouse.dir.
[2021-12-28 16:02:27,703] {spark_submit.py:514} INFO - 21/12/28 16:02:27 INFO SharedState: Warehouse path is 'file:/opt/***/spark-warehouse'.
[2021-12-28 16:02:34,160] {spark_submit.py:514} INFO - running...
[2021-12-28 16:02:35,152] {spark_submit.py:514} INFO - running...
[2021-12-28 16:02:36,579] {spark_submit.py:514} INFO - 21/12/28 16:02:36 INFO CoarseGrainedSchedulerBackend$DriverEndpoint: Registered executor NettyRpcEndpointRef(spark-client://Executor) (172.18.0.5:33708) with ID 0,  ResourceProfileId 0
[2021-12-28 16:02:36,608] {spark_submit.py:514} INFO - 21/12/28 16:02:36 INFO CoarseGrainedSchedulerBackend$DriverEndpoint: Registered executor NettyRpcEndpointRef(spark-client://Executor) (172.18.0.6:36802) with ID 1,  ResourceProfileId 0
[2021-12-28 16:02:37,254] {spark_submit.py:514} INFO - 21/12/28 16:02:37 INFO BlockManagerMasterEndpoint: Registering block manager 172.18.0.6:42671 with 366.3 MiB RAM, BlockManagerId(1, 172.18.0.6, 42671, None)
[2021-12-28 16:02:37,277] {spark_submit.py:514} INFO - 21/12/28 16:02:37 INFO BlockManagerMasterEndpoint: Registering block manager 172.18.0.5:40901 with 366.3 MiB RAM, BlockManagerId(0, 172.18.0.5, 40901, None)
[2021-12-28 16:02:38,285] {spark_submit.py:514} INFO - running...
[2021-12-28 16:02:42,357] {spark_submit.py:514} INFO - running...
[2021-12-28 16:02:44,670] {spark_submit.py:514} INFO - running...
[2021-12-28 16:02:47,247] {spark_submit.py:514} INFO - running...
[2021-12-28 16:02:50,598] {spark_submit.py:514} INFO - running...
[2021-12-28 16:02:52,596] {spark_submit.py:514} INFO - running...
[2021-12-28 16:02:56,776] {spark_submit.py:514} INFO - running...
[2021-12-28 16:02:58,454] {spark_submit.py:514} INFO - running...
[2021-12-28 16:03:01,903] {spark_submit.py:514} INFO - running...
[2021-12-28 16:03:02,953] {spark_submit.py:514} INFO - running...
[2021-12-28 16:03:05,666] {spark_submit.py:514} INFO - running...
[2021-12-28 16:03:07,449] {spark_submit.py:514} INFO - running...
[2021-12-28 16:03:11,092] {spark_submit.py:514} INFO - running...
[2021-12-28 16:03:12,816] {spark_submit.py:514} INFO - running...
[2021-12-28 16:03:13,954] {spark_submit.py:514} INFO - running...
[2021-12-28 16:03:14,643] {spark_submit.py:514} INFO - running...
[2021-12-28 16:03:15,169] {spark_submit.py:514} INFO - running...
[2021-12-28 16:03:17,470] {spark_submit.py:514} INFO - running...
[2021-12-28 16:03:21,316] {spark_submit.py:514} INFO - running...
[2021-12-28 16:03:22,036] {spark_submit.py:514} INFO - running...
[2021-12-28 16:03:23,557] {spark_submit.py:514} INFO - running...
[2021-12-28 16:03:26,188] {spark_submit.py:514} INFO - running...
[2021-12-28 16:03:27,164] {spark_submit.py:514} INFO - running...
[2021-12-28 16:03:27,166] {spark_submit.py:514} INFO - running...
[2021-12-28 16:03:28,251] {spark_submit.py:514} INFO - running...
[2021-12-28 16:03:29,873] {spark_submit.py:514} INFO - running...
[2021-12-28 16:03:31,367] {spark_submit.py:514} INFO - running...
[2021-12-28 16:03:33,259] {spark_submit.py:514} INFO - running...
[2021-12-28 16:03:34,426] {spark_submit.py:514} INFO - running...
[2021-12-28 16:03:36,648] {spark_submit.py:514} INFO - running...
[2021-12-28 16:03:38,175] {spark_submit.py:514} INFO - running...
[2021-12-28 16:03:39,750] {spark_submit.py:514} INFO - running...
[2021-12-28 16:03:40,823] {spark_submit.py:514} INFO - running...
[2021-12-28 16:03:41,697] {spark_submit.py:514} INFO - running...
[2021-12-28 16:03:42,521] {spark_submit.py:514} INFO - running...
[2021-12-28 16:03:43,336] {spark_submit.py:514} INFO - running...
[2021-12-28 16:03:45,024] {spark_submit.py:514} INFO - running...
[2021-12-28 16:03:46,467] {spark_submit.py:514} INFO - running...
[2021-12-28 16:03:49,323] {spark_submit.py:514} INFO - running...
[2021-12-28 16:03:52,388] {spark_submit.py:514} INFO - running...
[2021-12-28 16:03:53,735] {spark_submit.py:514} INFO - running...
[2021-12-28 16:03:54,943] {spark_submit.py:514} INFO - running...
[2021-12-28 16:03:55,788] {spark_submit.py:514} INFO - running...
[2021-12-28 16:03:56,419] {spark_submit.py:514} INFO - running...
[2021-12-28 16:03:56,979] {spark_submit.py:514} INFO - running...
[2021-12-28 16:03:57,869] {spark_submit.py:514} INFO - running...
[2021-12-28 16:03:59,395] {spark_submit.py:514} INFO - running...
[2021-12-28 16:03:59,997] {spark_submit.py:514} INFO - running...
[2021-12-28 16:04:00,741] {spark_submit.py:514} INFO - running...
[2021-12-28 16:04:02,368] {spark_submit.py:514} INFO - running...
[2021-12-28 16:04:03,105] {spark_submit.py:514} INFO - running...
[2021-12-28 16:04:03,801] {spark_submit.py:514} INFO - running...
[2021-12-28 16:04:05,291] {spark_submit.py:514} INFO - running...
[2021-12-28 16:04:06,352] {spark_submit.py:514} INFO - running...
[2021-12-28 16:04:07,786] {spark_submit.py:514} INFO - running...
[2021-12-28 16:04:09,359] {spark_submit.py:514} INFO - running...
[2021-12-28 16:04:11,361] {spark_submit.py:514} INFO - running...
[2021-12-28 16:04:13,328] {spark_submit.py:514} INFO - running...
[2021-12-28 16:04:16,021] {spark_submit.py:514} INFO - running...
[2021-12-28 16:04:16,644] {spark_submit.py:514} INFO - running...
[2021-12-28 16:04:18,844] {spark_submit.py:514} INFO - running...
[2021-12-28 16:04:20,255] {spark_submit.py:514} INFO - running...
[2021-12-28 16:04:22,863] {spark_submit.py:514} INFO - running...
[2021-12-28 16:04:24,404] {spark_submit.py:514} INFO - running...
[2021-12-28 16:04:26,017] {spark_submit.py:514} INFO - running...
[2021-12-28 16:04:26,559] {spark_submit.py:514} INFO - running...
[2021-12-28 16:04:27,325] {spark_submit.py:514} INFO - running...
[2021-12-28 16:04:28,036] {spark_submit.py:514} INFO - running...
[2021-12-28 16:04:28,849] {spark_submit.py:514} INFO - running...
[2021-12-28 16:04:29,433] {spark_submit.py:514} INFO - running...
[2021-12-28 16:04:30,156] {spark_submit.py:514} INFO - running...
[2021-12-28 16:04:30,749] {spark_submit.py:514} INFO - running...
[2021-12-28 16:04:31,653] {spark_submit.py:514} INFO - running...
[2021-12-28 16:04:32,423] {spark_submit.py:514} INFO - running...
[2021-12-28 16:04:33,028] {spark_submit.py:514} INFO - running...
[2021-12-28 16:04:34,493] {spark_submit.py:514} INFO - running...
[2021-12-28 16:04:36,234] {spark_submit.py:514} INFO - running...
[2021-12-28 16:04:37,373] {spark_submit.py:514} INFO - running...
[2021-12-28 16:04:39,206] {spark_submit.py:514} INFO - running...
[2021-12-28 16:04:39,813] {spark_submit.py:514} INFO - running...
[2021-12-28 16:04:40,584] {spark_submit.py:514} INFO - running...
[2021-12-28 16:04:41,612] {spark_submit.py:514} INFO - running...
[2021-12-28 16:04:42,208] {spark_submit.py:514} INFO - running...
[2021-12-28 16:04:42,855] {spark_submit.py:514} INFO - running...
[2021-12-28 16:04:43,894] {spark_submit.py:514} INFO - running...
[2021-12-28 16:04:44,719] {spark_submit.py:514} INFO - running...
[2021-12-28 16:04:45,393] {spark_submit.py:514} INFO - running...
[2021-12-28 16:04:45,992] {spark_submit.py:514} INFO - running...
[2021-12-28 16:04:47,295] {spark_submit.py:514} INFO - running...
[2021-12-28 16:04:47,836] {spark_submit.py:514} INFO - running...
[2021-12-28 16:04:48,852] {spark_submit.py:514} INFO - running...
[2021-12-28 16:04:50,109] {spark_submit.py:514} INFO - running...
[2021-12-28 16:04:51,334] {spark_submit.py:514} INFO - running...
[2021-12-28 16:04:53,257] {spark_submit.py:514} INFO - running...
[2021-12-28 16:04:54,698] {spark_submit.py:514} INFO - running...
[2021-12-28 16:04:55,186] {spark_submit.py:514} INFO - running...
[2021-12-28 16:04:56,031] {spark_submit.py:514} INFO - running...
[2021-12-28 16:04:57,240] {spark_submit.py:514} INFO - running...
[2021-12-28 16:04:59,284] {spark_submit.py:514} INFO - running...
[2021-12-28 16:04:59,839] {spark_submit.py:514} INFO - running...
[2021-12-28 16:05:00,417] {spark_submit.py:514} INFO - running...
[2021-12-28 16:05:01,115] {spark_submit.py:514} INFO - running...
[2021-12-28 16:05:01,687] {spark_submit.py:514} INFO - running...
[2021-12-28 16:05:02,285] {spark_submit.py:514} INFO - running...
[2021-12-28 16:05:02,836] {spark_submit.py:514} INFO - running...
[2021-12-28 16:05:04,455] {spark_submit.py:514} INFO - running...
[2021-12-28 16:05:06,717] {spark_submit.py:514} INFO - running...
[2021-12-28 16:05:07,692] {spark_submit.py:514} INFO - running...
[2021-12-28 16:05:08,431] {spark_submit.py:514} INFO - running...
[2021-12-28 16:05:10,117] {spark_submit.py:514} INFO - running...
[2021-12-28 16:05:11,567] {spark_submit.py:514} INFO - running...
[2021-12-28 16:05:12,142] {spark_submit.py:514} INFO - running...
[2021-12-28 16:05:13,184] {spark_submit.py:514} INFO - running...
[2021-12-28 16:05:13,999] {spark_submit.py:514} INFO - running...
[2021-12-28 16:05:15,049] {spark_submit.py:514} INFO - running...
[2021-12-28 16:05:15,559] {spark_submit.py:514} INFO - running...
[2021-12-28 16:05:16,603] {spark_submit.py:514} INFO - running...
[2021-12-28 16:05:17,153] {spark_submit.py:514} INFO - running...
[2021-12-28 16:05:22,199] {spark_submit.py:514} INFO - running...
[2021-12-28 16:05:22,985] {spark_submit.py:514} INFO - running...
[2021-12-28 16:05:23,797] {spark_submit.py:514} INFO - running...
[2021-12-28 16:05:24,519] {spark_submit.py:514} INFO - running...
[2021-12-28 16:05:25,636] {spark_submit.py:514} INFO - running...
[2021-12-28 16:05:26,141] {spark_submit.py:514} INFO - running...
[2021-12-28 16:05:27,261] {spark_submit.py:514} INFO - running...
[2021-12-28 16:05:27,910] {spark_submit.py:514} INFO - running...
[2021-12-28 16:05:28,482] {spark_submit.py:514} INFO - running...
[2021-12-28 16:05:29,312] {spark_submit.py:514} INFO - running...
[2021-12-28 16:05:30,220] {spark_submit.py:514} INFO - running...
[2021-12-28 16:05:30,705] {spark_submit.py:514} INFO - running...
[2021-12-28 16:05:31,173] {spark_submit.py:514} INFO - running...
[2021-12-28 16:05:32,278] {spark_submit.py:514} INFO - running...
[2021-12-28 16:05:34,056] {spark_submit.py:514} INFO - running...
[2021-12-28 16:05:35,305] {spark_submit.py:514} INFO - running...
[2021-12-28 16:05:36,345] {spark_submit.py:514} INFO - running...
[2021-12-28 16:05:37,303] {spark_submit.py:514} INFO - running...
[2021-12-28 16:05:38,116] {spark_submit.py:514} INFO - running...
[2021-12-28 16:05:38,755] {spark_submit.py:514} INFO - running...
[2021-12-28 16:05:41,595] {spark_submit.py:514} INFO - running...
[2021-12-28 16:05:42,353] {spark_submit.py:514} INFO - running...
[2021-12-28 16:05:42,806] {spark_submit.py:514} INFO - running...
[2021-12-28 16:05:43,283] {spark_submit.py:514} INFO - running...
[2021-12-28 16:05:44,042] {spark_submit.py:514} INFO - running...
[2021-12-28 16:05:44,842] {spark_submit.py:514} INFO - running...
[2021-12-28 16:05:45,604] {spark_submit.py:514} INFO - running...
[2021-12-28 16:05:47,843] {spark_submit.py:514} INFO - running...
[2021-12-28 16:05:49,090] {spark_submit.py:514} INFO - running...
[2021-12-28 16:05:49,670] {spark_submit.py:514} INFO - running...
[2021-12-28 16:05:50,272] {spark_submit.py:514} INFO - running...
[2021-12-28 16:05:50,826] {spark_submit.py:514} INFO - running...
[2021-12-28 16:05:51,336] {spark_submit.py:514} INFO - running...
[2021-12-28 16:05:51,988] {spark_submit.py:514} INFO - running...
[2021-12-28 16:05:52,691] {spark_submit.py:514} INFO - running...
[2021-12-28 16:05:53,588] {spark_submit.py:514} INFO - running...
[2021-12-28 16:05:54,242] {spark_submit.py:514} INFO - running...
[2021-12-28 16:05:54,726] {spark_submit.py:514} INFO - running...
[2021-12-28 16:05:55,709] {spark_submit.py:514} INFO - running...
[2021-12-28 16:05:56,235] {spark_submit.py:514} INFO - running...
[2021-12-28 16:05:57,997] {spark_submit.py:514} INFO - running...
[2021-12-28 16:05:58,826] {spark_submit.py:514} INFO - running...
[2021-12-28 16:05:59,558] {spark_submit.py:514} INFO - running...
[2021-12-28 16:06:00,490] {spark_submit.py:514} INFO - running...
[2021-12-28 16:06:02,109] {spark_submit.py:514} INFO - running...
[2021-12-28 16:06:03,072] {spark_submit.py:514} INFO - running...
[2021-12-28 16:06:03,768] {spark_submit.py:514} INFO - running...
[2021-12-28 16:06:04,627] {spark_submit.py:514} INFO - running...
[2021-12-28 16:06:05,443] {spark_submit.py:514} INFO - running...
[2021-12-28 16:06:05,927] {spark_submit.py:514} INFO - running...
[2021-12-28 16:06:06,800] {spark_submit.py:514} INFO - running...
[2021-12-28 16:06:07,287] {spark_submit.py:514} INFO - running...
[2021-12-28 16:06:07,864] {spark_submit.py:514} INFO - running...
[2021-12-28 16:06:08,363] {spark_submit.py:514} INFO - running...
[2021-12-28 16:06:08,972] {spark_submit.py:514} INFO - running...
[2021-12-28 16:06:09,605] {spark_submit.py:514} INFO - running...
[2021-12-28 16:06:10,218] {spark_submit.py:514} INFO - running...
[2021-12-28 16:06:10,890] {spark_submit.py:514} INFO - running...
[2021-12-28 16:06:11,393] {spark_submit.py:514} INFO - running...
[2021-12-28 16:06:12,153] {spark_submit.py:514} INFO - running...
[2021-12-28 16:06:15,793] {spark_submit.py:514} INFO - running...
[2021-12-28 16:06:17,223] {spark_submit.py:514} INFO - running...
[2021-12-28 16:06:17,686] {spark_submit.py:514} INFO - running...
[2021-12-28 16:06:18,573] {spark_submit.py:514} INFO - running...
[2021-12-28 16:06:19,098] {spark_submit.py:514} INFO - running...
[2021-12-28 16:06:19,605] {spark_submit.py:514} INFO - running...
[2021-12-28 16:06:20,317] {spark_submit.py:514} INFO - running...
[2021-12-28 16:06:20,864] {spark_submit.py:514} INFO - running...
[2021-12-28 16:06:21,626] {spark_submit.py:514} INFO - running...
[2021-12-28 16:06:22,484] {spark_submit.py:514} INFO - running...
[2021-12-28 16:06:23,114] {spark_submit.py:514} INFO - running...
[2021-12-28 16:06:23,691] {spark_submit.py:514} INFO - running...
[2021-12-28 16:06:24,225] {spark_submit.py:514} INFO - running...
[2021-12-28 16:06:24,717] {spark_submit.py:514} INFO - running...
[2021-12-28 16:06:25,362] {spark_submit.py:514} INFO - running...
[2021-12-28 16:06:25,850] {spark_submit.py:514} INFO - running...
[2021-12-28 16:06:26,773] {spark_submit.py:514} INFO - running...
[2021-12-28 16:06:27,761] {spark_submit.py:514} INFO - running...
[2021-12-28 16:06:29,309] {spark_submit.py:514} INFO - running...
[2021-12-28 16:06:31,305] {spark_submit.py:514} INFO - running...
[2021-12-28 16:06:34,422] {spark_submit.py:514} INFO - running...
[2021-12-28 16:06:35,099] {spark_submit.py:514} INFO - running...
[2021-12-28 16:06:36,351] {spark_submit.py:514} INFO - running...
[2021-12-28 16:06:37,023] {spark_submit.py:514} INFO - running...
[2021-12-28 16:06:37,425] {spark_submit.py:514} INFO - running...
[2021-12-28 16:06:38,603] {spark_submit.py:514} INFO - running...
[2021-12-28 16:06:39,184] {spark_submit.py:514} INFO - running...
[2021-12-28 16:06:39,749] {spark_submit.py:514} INFO - running...
[2021-12-28 16:06:40,393] {spark_submit.py:514} INFO - running...
[2021-12-28 16:06:40,992] {spark_submit.py:514} INFO - running...
[2021-12-28 16:06:42,457] {spark_submit.py:514} INFO - running...
[2021-12-28 16:06:44,016] {spark_submit.py:514} INFO - running...
[2021-12-28 16:06:45,077] {spark_submit.py:514} INFO - running...
[2021-12-28 16:06:45,690] {spark_submit.py:514} INFO - running...
[2021-12-28 16:06:46,414] {spark_submit.py:514} INFO - running...
[2021-12-28 16:06:47,155] {spark_submit.py:514} INFO - running...
[2021-12-28 16:06:47,773] {spark_submit.py:514} INFO - running...
[2021-12-28 16:06:48,267] {spark_submit.py:514} INFO - running...
[2021-12-28 16:06:48,806] {spark_submit.py:514} INFO - running...
[2021-12-28 16:06:49,433] {spark_submit.py:514} INFO - running...
[2021-12-28 16:06:50,950] {spark_submit.py:514} INFO - running...
[2021-12-28 16:06:51,555] {spark_submit.py:514} INFO - running...
[2021-12-28 16:06:52,281] {spark_submit.py:514} INFO - running...
[2021-12-28 16:06:53,109] {spark_submit.py:514} INFO - running...
[2021-12-28 16:06:53,662] {spark_submit.py:514} INFO - running...
[2021-12-28 16:06:54,473] {spark_submit.py:514} INFO - running...
[2021-12-28 16:06:54,985] {spark_submit.py:514} INFO - running...
[2021-12-28 16:06:56,312] {spark_submit.py:514} INFO - running...
[2021-12-28 16:06:58,210] {spark_submit.py:514} INFO - running...
[2021-12-28 16:06:59,128] {spark_submit.py:514} INFO - running...
[2021-12-28 16:06:59,749] {spark_submit.py:514} INFO - running...
[2021-12-28 16:07:00,415] {spark_submit.py:514} INFO - running...
[2021-12-28 16:07:01,033] {spark_submit.py:514} INFO - running...
[2021-12-28 16:07:01,486] {spark_submit.py:514} INFO - running...
[2021-12-28 16:07:02,238] {spark_submit.py:514} INFO - running...
[2021-12-28 16:07:02,926] {spark_submit.py:514} INFO - running...
[2021-12-28 16:07:03,842] {spark_submit.py:514} INFO - running...
[2021-12-28 16:07:04,366] {spark_submit.py:514} INFO - running...
[2021-12-28 16:07:05,213] {spark_submit.py:514} INFO - running...
[2021-12-28 16:07:05,687] {spark_submit.py:514} INFO - running...
[2021-12-28 16:07:07,313] {spark_submit.py:514} INFO - running...
[2021-12-28 16:07:08,371] {spark_submit.py:514} INFO - running...
[2021-12-28 16:07:08,971] {spark_submit.py:514} INFO - running...
[2021-12-28 16:07:11,170] {spark_submit.py:514} INFO - running...
[2021-12-28 16:07:12,396] {spark_submit.py:514} INFO - running...
[2021-12-28 16:07:13,200] {spark_submit.py:514} INFO - running...
[2021-12-28 16:07:13,850] {spark_submit.py:514} INFO - running...
[2021-12-28 16:07:14,652] {spark_submit.py:514} INFO - running...
[2021-12-28 16:07:15,170] {spark_submit.py:514} INFO - running...
[2021-12-28 16:07:16,238] {spark_submit.py:514} INFO - running...
[2021-12-28 16:07:16,830] {spark_submit.py:514} INFO - running...
[2021-12-28 16:07:17,800] {spark_submit.py:514} INFO - running...
[2021-12-28 16:07:18,548] {spark_submit.py:514} INFO - running...
[2021-12-28 16:07:19,434] {spark_submit.py:514} INFO - running...
[2021-12-28 16:07:19,999] {spark_submit.py:514} INFO - running...
[2021-12-28 16:07:20,734] {spark_submit.py:514} INFO - running...
[2021-12-28 16:07:21,375] {spark_submit.py:514} INFO - running...
[2021-12-28 16:07:22,185] {spark_submit.py:514} INFO - running...
[2021-12-28 16:07:23,084] {spark_submit.py:514} INFO - running...
[2021-12-28 16:07:24,965] {spark_submit.py:514} INFO - running...
[2021-12-28 16:07:27,313] {spark_submit.py:514} INFO - running...
[2021-12-28 16:07:27,972] {spark_submit.py:514} INFO - running...
[2021-12-28 16:07:28,569] {spark_submit.py:514} INFO - running...
[2021-12-28 16:07:29,041] {spark_submit.py:514} INFO - running...
[2021-12-28 16:07:29,625] {spark_submit.py:514} INFO - running...
[2021-12-28 16:07:30,436] {spark_submit.py:514} INFO - running...
[2021-12-28 16:07:31,074] {spark_submit.py:514} INFO - running...
[2021-12-28 16:07:32,018] {spark_submit.py:514} INFO - running...
[2021-12-28 16:07:32,573] {spark_submit.py:514} INFO - running...
[2021-12-28 16:07:33,267] {spark_submit.py:514} INFO - running...
[2021-12-28 16:07:34,139] {spark_submit.py:514} INFO - running...
[2021-12-28 16:07:35,327] {spark_submit.py:514} INFO - running...
[2021-12-28 16:07:36,068] {spark_submit.py:514} INFO - running...
[2021-12-28 16:07:36,662] {spark_submit.py:514} INFO - running...
[2021-12-28 16:07:37,538] {spark_submit.py:514} INFO - running...
[2021-12-28 16:07:38,657] {spark_submit.py:514} INFO - running...
[2021-12-28 16:07:39,876] {spark_submit.py:514} INFO - running...
[2021-12-28 16:07:41,258] {spark_submit.py:514} INFO - running...
[2021-12-28 16:07:41,904] {spark_submit.py:514} INFO - running...
[2021-12-28 16:07:42,546] {spark_submit.py:514} INFO - running...
[2021-12-28 16:07:44,629] {spark_submit.py:514} INFO - running...
[2021-12-28 16:07:45,314] {spark_submit.py:514} INFO - running...
[2021-12-28 16:07:46,215] {spark_submit.py:514} INFO - running...
[2021-12-28 16:07:46,686] {spark_submit.py:514} INFO - running...
[2021-12-28 16:07:47,496] {spark_submit.py:514} INFO - running...
[2021-12-28 16:07:48,210] {spark_submit.py:514} INFO - running...
[2021-12-28 16:07:48,731] {spark_submit.py:514} INFO - running...
[2021-12-28 16:07:49,326] {spark_submit.py:514} INFO - running...
[2021-12-28 16:07:49,978] {spark_submit.py:514} INFO - running...
[2021-12-28 16:07:50,511] {spark_submit.py:514} INFO - running...
[2021-12-28 16:07:51,066] {spark_submit.py:514} INFO - running...
[2021-12-28 16:07:52,446] {spark_submit.py:514} INFO - running...
[2021-12-28 16:07:54,000] {spark_submit.py:514} INFO - running...
[2021-12-28 16:07:55,174] {spark_submit.py:514} INFO - running...
[2021-12-28 16:07:56,352] {spark_submit.py:514} INFO - running...
[2021-12-28 16:07:57,311] {spark_submit.py:514} INFO - running...
[2021-12-28 16:07:57,903] {spark_submit.py:514} INFO - running...
[2021-12-28 16:07:58,488] {spark_submit.py:514} INFO - running...
[2021-12-28 16:07:59,807] {spark_submit.py:514} INFO - running...
[2021-12-28 16:08:00,393] {spark_submit.py:514} INFO - running...
[2021-12-28 16:08:02,044] {spark_submit.py:514} INFO - running...
[2021-12-28 16:08:03,066] {spark_submit.py:514} INFO - running...
[2021-12-28 16:08:04,406] {spark_submit.py:514} INFO - running...
[2021-12-28 16:08:05,014] {spark_submit.py:514} INFO - running...
[2021-12-28 16:08:06,096] {spark_submit.py:514} INFO - running...
[2021-12-28 16:08:07,493] {spark_submit.py:514} INFO - running...
[2021-12-28 16:08:09,246] {spark_submit.py:514} INFO - running...
[2021-12-28 16:08:10,124] {spark_submit.py:514} INFO - running...
[2021-12-28 16:08:11,026] {spark_submit.py:514} INFO - running...
[2021-12-28 16:08:11,699] {spark_submit.py:514} INFO - running...
[2021-12-28 16:08:12,277] {spark_submit.py:514} INFO - running...
[2021-12-28 16:08:12,837] {spark_submit.py:514} INFO - running...
[2021-12-28 16:08:13,618] {spark_submit.py:514} INFO - running...
[2021-12-28 16:08:14,659] {spark_submit.py:514} INFO - running...
[2021-12-28 16:08:15,264] {spark_submit.py:514} INFO - running...
[2021-12-28 16:08:16,072] {spark_submit.py:514} INFO - running...
[2021-12-28 16:08:16,776] {spark_submit.py:514} INFO - running...
[2021-12-28 16:08:18,296] {spark_submit.py:514} INFO - running...
[2021-12-28 16:08:19,743] {spark_submit.py:514} INFO - running...
[2021-12-28 16:08:21,361] {spark_submit.py:514} INFO - running...
[2021-12-28 16:08:24,351] {spark_submit.py:514} INFO - running...
[2021-12-28 16:08:24,941] {spark_submit.py:514} INFO - running...
[2021-12-28 16:08:25,692] {spark_submit.py:514} INFO - running...
[2021-12-28 16:08:26,670] {spark_submit.py:514} INFO - running...
[2021-12-28 16:08:27,318] {spark_submit.py:514} INFO - running...
[2021-12-28 16:08:27,947] {spark_submit.py:514} INFO - running...
[2021-12-28 16:08:28,440] {spark_submit.py:514} INFO - running...
[2021-12-28 16:08:29,157] {spark_submit.py:514} INFO - running...
[2021-12-28 16:08:29,985] {spark_submit.py:514} INFO - running...
[2021-12-28 16:08:30,461] {spark_submit.py:514} INFO - running...
[2021-12-28 16:08:31,479] {spark_submit.py:514} INFO - running...
[2021-12-28 16:08:32,330] {spark_submit.py:514} INFO - running...
[2021-12-28 16:08:32,754] {spark_submit.py:514} INFO - running...
[2021-12-28 16:08:33,343] {spark_submit.py:514} INFO - running...
[2021-12-28 16:08:34,590] {spark_submit.py:514} INFO - running...
[2021-12-28 16:08:36,473] {spark_submit.py:514} INFO - running...
[2021-12-28 16:08:37,297] {spark_submit.py:514} INFO - running...
[2021-12-28 16:08:37,944] {spark_submit.py:514} INFO - running...
[2021-12-28 16:08:39,386] {spark_submit.py:514} INFO - running...
[2021-12-28 16:08:40,220] {spark_submit.py:514} INFO - running...
[2021-12-28 16:08:42,730] {spark_submit.py:514} INFO - running...
[2021-12-28 16:08:43,925] {spark_submit.py:514} INFO - running...
[2021-12-28 16:08:44,543] {spark_submit.py:514} INFO - running...
[2021-12-28 16:08:45,499] {spark_submit.py:514} INFO - running...
[2021-12-28 16:08:46,151] {spark_submit.py:514} INFO - running...
[2021-12-28 16:08:47,110] {spark_submit.py:514} INFO - running...
[2021-12-28 16:08:48,033] {spark_submit.py:514} INFO - running...
[2021-12-28 16:08:49,664] {spark_submit.py:514} INFO - running...
[2021-12-28 16:08:50,670] {spark_submit.py:514} INFO - running...
[2021-12-28 16:08:51,405] {spark_submit.py:514} INFO - running...
[2021-12-28 16:08:52,191] {spark_submit.py:514} INFO - running...
[2021-12-28 16:08:52,771] {spark_submit.py:514} INFO - running...
[2021-12-28 16:08:53,578] {spark_submit.py:514} INFO - running...
[2021-12-28 16:08:54,090] {spark_submit.py:514} INFO - running...
[2021-12-28 16:08:54,690] {spark_submit.py:514} INFO - running...
[2021-12-28 16:08:55,320] {spark_submit.py:514} INFO - running...
[2021-12-28 16:08:56,102] {spark_submit.py:514} INFO - running...
[2021-12-28 16:08:56,936] {spark_submit.py:514} INFO - running...
[2021-12-28 16:08:57,606] {spark_submit.py:514} INFO - running...
[2021-12-28 16:08:58,220] {spark_submit.py:514} INFO - running...
[2021-12-28 16:08:59,858] {spark_submit.py:514} INFO - running...
[2021-12-28 16:09:00,462] {spark_submit.py:514} INFO - running...
[2021-12-28 16:09:01,228] {spark_submit.py:514} INFO - running...
[2021-12-28 16:09:02,499] {spark_submit.py:514} INFO - running...
[2021-12-28 16:09:04,388] {spark_submit.py:514} INFO - running...
[2021-12-28 16:09:05,954] {spark_submit.py:514} INFO - running...
[2021-12-28 16:09:06,892] {spark_submit.py:514} INFO - running...
[2021-12-28 16:09:07,803] {spark_submit.py:514} INFO - running...
[2021-12-28 16:09:08,704] {spark_submit.py:514} INFO - running...
[2021-12-28 16:09:09,239] {spark_submit.py:514} INFO - running...
[2021-12-28 16:09:10,037] {spark_submit.py:514} INFO - running...
[2021-12-28 16:09:10,855] {spark_submit.py:514} INFO - running...
[2021-12-28 16:09:11,629] {spark_submit.py:514} INFO - running...
[2021-12-28 16:09:12,331] {spark_submit.py:514} INFO - running...
[2021-12-28 16:09:13,356] {spark_submit.py:514} INFO - running...
[2021-12-28 16:09:14,222] {spark_submit.py:514} INFO - running...
[2021-12-28 16:09:15,052] {spark_submit.py:514} INFO - running...
[2021-12-28 16:09:15,561] {spark_submit.py:514} INFO - running...
[2021-12-28 16:09:16,203] {spark_submit.py:514} INFO - running...
[2021-12-28 16:09:17,109] {spark_submit.py:514} INFO - running...
[2021-12-28 16:09:20,367] {spark_submit.py:514} INFO - running...
[2021-12-28 16:09:21,751] {spark_submit.py:514} INFO - running...
[2021-12-28 16:09:23,308] {spark_submit.py:514} INFO - running...
[2021-12-28 16:09:24,023] {spark_submit.py:514} INFO - running...
[2021-12-28 16:09:24,600] {spark_submit.py:514} INFO - running...
[2021-12-28 16:09:25,536] {spark_submit.py:514} INFO - running...
[2021-12-28 16:09:26,425] {spark_submit.py:514} INFO - running...
[2021-12-28 16:09:26,887] {spark_submit.py:514} INFO - running...
[2021-12-28 16:09:27,373] {spark_submit.py:514} INFO - running...
[2021-12-28 16:09:27,911] {spark_submit.py:514} INFO - running...
[2021-12-28 16:09:28,542] {spark_submit.py:514} INFO - running...
[2021-12-28 16:09:29,020] {spark_submit.py:514} INFO - running...
[2021-12-28 16:09:29,702] {spark_submit.py:514} INFO - running...
[2021-12-28 16:09:30,239] {spark_submit.py:514} INFO - running...
[2021-12-28 16:09:30,742] {spark_submit.py:514} INFO - running...
[2021-12-28 16:09:31,369] {spark_submit.py:514} INFO - running...
[2021-12-28 16:09:31,925] {spark_submit.py:514} INFO - running...
[2021-12-28 16:09:33,149] {spark_submit.py:514} INFO - running...
[2021-12-28 16:09:34,635] {spark_submit.py:514} INFO - running...
[2021-12-28 16:09:35,695] {spark_submit.py:514} INFO - running...
[2021-12-28 16:09:37,000] {spark_submit.py:514} INFO - running...
[2021-12-28 16:09:37,453] {spark_submit.py:514} INFO - running...
[2021-12-28 16:09:38,037] {spark_submit.py:514} INFO - running...
[2021-12-28 16:09:38,582] {spark_submit.py:514} INFO - running...
[2021-12-28 16:09:39,127] {spark_submit.py:514} INFO - running...
[2021-12-28 16:09:39,665] {spark_submit.py:514} INFO - running...
[2021-12-28 16:09:40,290] {spark_submit.py:514} INFO - running...
[2021-12-28 16:09:40,853] {spark_submit.py:514} INFO - running...
[2021-12-28 16:09:41,303] {spark_submit.py:514} INFO - running...
[2021-12-28 16:09:41,813] {spark_submit.py:514} INFO - running...
[2021-12-28 16:09:42,228] {spark_submit.py:514} INFO - running...
[2021-12-28 16:09:42,830] {spark_submit.py:514} INFO - running...
[2021-12-28 16:09:43,422] {spark_submit.py:514} INFO - running...
[2021-12-28 16:09:43,993] {spark_submit.py:514} INFO - running...
[2021-12-28 16:09:44,621] {spark_submit.py:514} INFO - running...
[2021-12-28 16:09:45,438] {spark_submit.py:514} INFO - running...
[2021-12-28 16:09:46,193] {spark_submit.py:514} INFO - running...
[2021-12-28 16:09:47,396] {spark_submit.py:514} INFO - running...
[2021-12-28 16:09:48,226] {spark_submit.py:514} INFO - running...
[2021-12-28 16:09:49,987] {spark_submit.py:514} INFO - running...
[2021-12-28 16:09:51,305] {spark_submit.py:514} INFO - running...
[2021-12-28 16:09:51,775] {spark_submit.py:514} INFO - running...
[2021-12-28 16:09:52,223] {spark_submit.py:514} INFO - running...
[2021-12-28 16:09:52,716] {spark_submit.py:514} INFO - running...
[2021-12-28 16:09:53,239] {spark_submit.py:514} INFO - running...
[2021-12-28 16:09:53,826] {spark_submit.py:514} INFO - running...
[2021-12-28 16:09:54,582] {spark_submit.py:514} INFO - running...
[2021-12-28 16:09:55,163] {spark_submit.py:514} INFO - running...
[2021-12-28 16:09:55,692] {spark_submit.py:514} INFO - running...
[2021-12-28 16:09:56,398] {spark_submit.py:514} INFO - running...
[2021-12-28 16:09:56,969] {spark_submit.py:514} INFO - running...
[2021-12-28 16:09:58,003] {spark_submit.py:514} INFO - running...
[2021-12-28 16:09:58,844] {spark_submit.py:514} INFO - running...
[2021-12-28 16:09:59,316] {spark_submit.py:514} INFO - running...
[2021-12-28 16:09:59,920] {spark_submit.py:514} INFO - running...
[2021-12-28 16:10:01,191] {spark_submit.py:514} INFO - running...
[2021-12-28 16:10:03,180] {spark_submit.py:514} INFO - running...
[2021-12-28 16:10:04,046] {spark_submit.py:514} INFO - running...
[2021-12-28 16:10:04,535] {spark_submit.py:514} INFO - running...
[2021-12-28 16:10:06,005] {spark_submit.py:514} INFO - running...
[2021-12-28 16:10:07,538] {spark_submit.py:514} INFO - running...
[2021-12-28 16:10:08,253] {spark_submit.py:514} INFO - running...
[2021-12-28 16:10:08,850] {spark_submit.py:514} INFO - running...
[2021-12-28 16:10:10,037] {spark_submit.py:514} INFO - running...
[2021-12-28 16:10:10,536] {spark_submit.py:514} INFO - running...
[2021-12-28 16:10:11,008] {spark_submit.py:514} INFO - running...
[2021-12-28 16:10:11,735] {spark_submit.py:514} INFO - running...
[2021-12-28 16:10:12,378] {spark_submit.py:514} INFO - running...
[2021-12-28 16:10:13,124] {spark_submit.py:514} INFO - running...
[2021-12-28 16:10:13,683] {spark_submit.py:514} INFO - running...
[2021-12-28 16:10:14,308] {spark_submit.py:514} INFO - running...
[2021-12-28 16:10:15,788] {spark_submit.py:514} INFO - running...
[2021-12-28 16:10:17,394] {spark_submit.py:514} INFO - running...
[2021-12-28 16:10:18,252] {spark_submit.py:514} INFO - running...
[2021-12-28 16:10:18,816] {spark_submit.py:514} INFO - running...
[2021-12-28 16:10:19,355] {spark_submit.py:514} INFO - running...
[2021-12-28 16:10:19,938] {spark_submit.py:514} INFO - running...
[2021-12-28 16:10:20,609] {spark_submit.py:514} INFO - running...
[2021-12-28 16:10:20,994] {spark_submit.py:514} INFO - running...
[2021-12-28 16:10:21,458] {spark_submit.py:514} INFO - running...
[2021-12-28 16:10:23,461] {spark_submit.py:514} INFO - running...
[2021-12-28 16:10:24,025] {spark_submit.py:514} INFO - running...
[2021-12-28 16:10:24,790] {spark_submit.py:514} INFO - running...
[2021-12-28 16:10:25,462] {spark_submit.py:514} INFO - running...
[2021-12-28 16:10:26,262] {spark_submit.py:514} INFO - running...
[2021-12-28 16:10:26,896] {spark_submit.py:514} INFO - running...
[2021-12-28 16:10:27,655] {spark_submit.py:514} INFO - running...
[2021-12-28 16:10:28,478] {spark_submit.py:514} INFO - running...
[2021-12-28 16:10:29,786] {spark_submit.py:514} INFO - running...
[2021-12-28 16:10:31,887] {spark_submit.py:514} INFO - running...
[2021-12-28 16:10:32,813] {spark_submit.py:514} INFO - running...
[2021-12-28 16:10:33,427] {spark_submit.py:514} INFO - running...
[2021-12-28 16:10:33,942] {spark_submit.py:514} INFO - running...
[2021-12-28 16:10:34,412] {spark_submit.py:514} INFO - running...
[2021-12-28 16:10:35,221] {spark_submit.py:514} INFO - running...
[2021-12-28 16:10:35,690] {spark_submit.py:514} INFO - running...
[2021-12-28 16:10:36,373] {spark_submit.py:514} INFO - running...
[2021-12-28 16:10:36,999] {spark_submit.py:514} INFO - running...
[2021-12-28 16:10:37,608] {spark_submit.py:514} INFO - running...
[2021-12-28 16:10:38,370] {spark_submit.py:514} INFO - running...
[2021-12-28 16:10:40,470] {spark_submit.py:514} INFO - running...
[2021-12-28 16:10:41,409] {spark_submit.py:514} INFO - running...
[2021-12-28 16:10:42,320] {spark_submit.py:514} INFO - running...
[2021-12-28 16:10:44,217] {spark_submit.py:514} INFO - running...
[2021-12-28 16:10:45,763] {spark_submit.py:514} INFO - running...
[2021-12-28 16:10:46,569] {spark_submit.py:514} INFO - running...
[2021-12-28 16:10:48,110] {spark_submit.py:514} INFO - running...
[2021-12-28 16:10:49,013] {spark_submit.py:514} INFO - running...
[2021-12-28 16:10:50,350] {spark_submit.py:514} INFO - running...
[2021-12-28 16:10:51,140] {spark_submit.py:514} INFO - running...
[2021-12-28 16:10:51,886] {spark_submit.py:514} INFO - running...
[2021-12-28 16:10:52,799] {spark_submit.py:514} INFO - running...
[2021-12-28 16:10:53,455] {spark_submit.py:514} INFO - running...
[2021-12-28 16:10:54,307] {spark_submit.py:514} INFO - running...
[2021-12-28 16:10:55,146] {spark_submit.py:514} INFO - running...
[2021-12-28 16:10:55,998] {spark_submit.py:514} INFO - running...
[2021-12-28 16:10:57,438] {spark_submit.py:514} INFO - running...
[2021-12-28 16:10:59,717] {spark_submit.py:514} INFO - running...
[2021-12-28 16:11:00,577] {spark_submit.py:514} INFO - running...
[2021-12-28 16:11:02,347] {spark_submit.py:514} INFO - running...
[2021-12-28 16:11:04,768] {spark_submit.py:514} INFO - running...
[2021-12-28 16:11:05,591] {spark_submit.py:514} INFO - running...
[2021-12-28 16:11:06,376] {spark_submit.py:514} INFO - running...
[2021-12-28 16:11:07,008] {spark_submit.py:514} INFO - running...
[2021-12-28 16:11:07,781] {spark_submit.py:514} INFO - running...
[2021-12-28 16:11:08,351] {spark_submit.py:514} INFO - running...
[2021-12-28 16:11:09,125] {spark_submit.py:514} INFO - running...
[2021-12-28 16:11:09,856] {spark_submit.py:514} INFO - running...
[2021-12-28 16:11:11,059] {spark_submit.py:514} INFO - running...
[2021-12-28 16:11:13,023] {spark_submit.py:514} INFO - running...
[2021-12-28 16:11:14,075] {spark_submit.py:514} INFO - running...
[2021-12-28 16:11:14,867] {spark_submit.py:514} INFO - running...
[2021-12-28 16:11:15,655] {spark_submit.py:514} INFO - running...
[2021-12-28 16:11:16,419] {spark_submit.py:514} INFO - running...
[2021-12-28 16:11:17,395] {spark_submit.py:514} INFO - running...
[2021-12-28 16:11:18,244] {spark_submit.py:514} INFO - running...
[2021-12-28 16:11:18,796] {spark_submit.py:514} INFO - running...
[2021-12-28 16:11:19,343] {spark_submit.py:514} INFO - running...
[2021-12-28 16:11:20,053] {spark_submit.py:514} INFO - running...
[2021-12-28 16:11:20,630] {spark_submit.py:514} INFO - running...
[2021-12-28 16:11:22,059] {spark_submit.py:514} INFO - running...
[2021-12-28 16:11:22,731] {spark_submit.py:514} INFO - running...
[2021-12-28 16:11:23,535] {spark_submit.py:514} INFO - running...
[2021-12-28 16:11:24,082] {spark_submit.py:514} INFO - running...
[2021-12-28 16:11:25,186] {spark_submit.py:514} INFO - running...
[2021-12-28 16:11:26,680] {spark_submit.py:514} INFO - running...
[2021-12-28 16:11:27,914] {spark_submit.py:514} INFO - running...
[2021-12-28 16:11:28,667] {spark_submit.py:514} INFO - running...
[2021-12-28 16:11:29,413] {spark_submit.py:514} INFO - running...
[2021-12-28 16:11:30,238] {spark_submit.py:514} INFO - running...
[2021-12-28 16:11:30,812] {spark_submit.py:514} INFO - running...
[2021-12-28 16:11:31,745] {spark_submit.py:514} INFO - running...
[2021-12-28 16:11:32,329] {spark_submit.py:514} INFO - running...
[2021-12-28 16:11:33,266] {spark_submit.py:514} INFO - running...
[2021-12-28 16:11:33,737] {spark_submit.py:514} INFO - running...
[2021-12-28 16:11:34,320] {spark_submit.py:514} INFO - running...
[2021-12-28 16:11:34,969] {spark_submit.py:514} INFO - running...
[2021-12-28 16:11:35,553] {spark_submit.py:514} INFO - running...
[2021-12-28 16:11:36,005] {spark_submit.py:514} INFO - running...
[2021-12-28 16:11:36,486] {spark_submit.py:514} INFO - running...
[2021-12-28 16:11:37,778] {spark_submit.py:514} INFO - running...
[2021-12-28 16:11:38,554] {spark_submit.py:514} INFO - running...
[2021-12-28 16:11:39,177] {spark_submit.py:514} INFO - running...
[2021-12-28 16:11:40,104] {spark_submit.py:514} INFO - running...
[2021-12-28 16:11:40,791] {spark_submit.py:514} INFO - running...
[2021-12-28 16:11:41,488] {spark_submit.py:514} INFO - running...
[2021-12-28 16:11:41,974] {spark_submit.py:514} INFO - running...
[2021-12-28 16:11:42,475] {spark_submit.py:514} INFO - running...
[2021-12-28 16:11:43,011] {spark_submit.py:514} INFO - running...
[2021-12-28 16:11:44,291] {spark_submit.py:514} INFO - running...
[2021-12-28 16:11:46,051] {spark_submit.py:514} INFO - running...
[2021-12-28 16:11:47,288] {spark_submit.py:514} INFO - running...
[2021-12-28 16:11:48,003] {spark_submit.py:514} INFO - running...
[2021-12-28 16:11:48,814] {spark_submit.py:514} INFO - running...
[2021-12-28 16:11:49,378] {spark_submit.py:514} INFO - running...
[2021-12-28 16:11:50,100] {spark_submit.py:514} INFO - running...
[2021-12-28 16:11:50,715] {spark_submit.py:514} INFO - running...
[2021-12-28 16:11:51,181] {spark_submit.py:514} INFO - running...
[2021-12-28 16:11:51,872] {spark_submit.py:514} INFO - running...
[2021-12-28 16:11:52,410] {spark_submit.py:514} INFO - running...
[2021-12-28 16:11:54,085] {spark_submit.py:514} INFO - running...
[2021-12-28 16:11:54,597] {spark_submit.py:514} INFO - running...
[2021-12-28 16:11:55,181] {spark_submit.py:514} INFO - running...
[2021-12-28 16:11:55,990] {spark_submit.py:514} INFO - running...
[2021-12-28 16:11:56,688] {spark_submit.py:514} INFO - running...
[2021-12-28 16:11:57,184] {spark_submit.py:514} INFO - running...
[2021-12-28 16:11:58,124] {spark_submit.py:514} INFO - running...
[2021-12-28 16:11:59,484] {spark_submit.py:514} INFO - running...
[2021-12-28 16:12:00,521] {spark_submit.py:514} INFO - running...
[2021-12-28 16:12:01,682] {spark_submit.py:514} INFO - running...
[2021-12-28 16:12:02,237] {spark_submit.py:514} INFO - running...
[2021-12-28 16:12:03,224] {spark_submit.py:514} INFO - running...
[2021-12-28 16:12:03,777] {spark_submit.py:514} INFO - running...
[2021-12-28 16:12:04,363] {spark_submit.py:514} INFO - running...
[2021-12-28 16:12:04,893] {spark_submit.py:514} INFO - running...
[2021-12-28 16:12:05,672] {spark_submit.py:514} INFO - running...
[2021-12-28 16:12:06,467] {spark_submit.py:514} INFO - running...
[2021-12-28 16:12:07,246] {spark_submit.py:514} INFO - running...
[2021-12-28 16:12:07,834] {spark_submit.py:514} INFO - running...
[2021-12-28 16:12:08,430] {spark_submit.py:514} INFO - running...
[2021-12-28 16:12:11,103] {spark_submit.py:514} INFO - running...
[2021-12-28 16:12:12,092] {spark_submit.py:514} INFO - running...
[2021-12-28 16:12:13,280] {spark_submit.py:514} INFO - running...
[2021-12-28 16:12:14,834] {spark_submit.py:514} INFO - running...
[2021-12-28 16:12:15,852] {spark_submit.py:514} INFO - running...
[2021-12-28 16:12:16,875] {spark_submit.py:514} INFO - running...
[2021-12-28 16:12:17,824] {spark_submit.py:514} INFO - running...
[2021-12-28 16:12:18,366] {spark_submit.py:514} INFO - running...
[2021-12-28 16:12:18,839] {spark_submit.py:514} INFO - running...
[2021-12-28 16:12:19,570] {spark_submit.py:514} INFO - running...
[2021-12-28 16:12:20,193] {spark_submit.py:514} INFO - running...
[2021-12-28 16:12:20,964] {spark_submit.py:514} INFO - running...
[2021-12-28 16:12:21,529] {spark_submit.py:514} INFO - running...
[2021-12-28 16:12:22,431] {spark_submit.py:514} INFO - running...
[2021-12-28 16:12:23,111] {spark_submit.py:514} INFO - running...
[2021-12-28 16:12:23,652] {spark_submit.py:514} INFO - running...
[2021-12-28 16:12:24,365] {spark_submit.py:514} INFO - running...
[2021-12-28 16:12:24,866] {spark_submit.py:514} INFO - running...
[2021-12-28 16:12:26,036] {spark_submit.py:514} INFO - running...
[2021-12-28 16:12:27,492] {spark_submit.py:514} INFO - running...
[2021-12-28 16:12:29,835] {spark_submit.py:514} INFO - running...
[2021-12-28 16:12:30,718] {spark_submit.py:514} INFO - running...
[2021-12-28 16:12:31,408] {spark_submit.py:514} INFO - running...
[2021-12-28 16:12:32,485] {spark_submit.py:514} INFO - running...
[2021-12-28 16:12:33,380] {spark_submit.py:514} INFO - running...
[2021-12-28 16:12:34,340] {spark_submit.py:514} INFO - running...
[2021-12-28 16:12:34,871] {spark_submit.py:514} INFO - running...
[2021-12-28 16:12:35,656] {spark_submit.py:514} INFO - running...
[2021-12-28 16:12:36,114] {spark_submit.py:514} INFO - running...
[2021-12-28 16:12:36,875] {spark_submit.py:514} INFO - running...
[2021-12-28 16:12:37,488] {spark_submit.py:514} INFO - running...
[2021-12-28 16:12:38,216] {spark_submit.py:514} INFO - running...
[2021-12-28 16:12:39,185] {spark_submit.py:514} INFO - running...
[2021-12-28 16:12:41,797] {spark_submit.py:514} INFO - running...
[2021-12-28 16:12:43,308] {spark_submit.py:514} INFO - running...
[2021-12-28 16:12:43,982] {spark_submit.py:514} INFO - running...
[2021-12-28 16:12:45,038] {spark_submit.py:514} INFO - running...
[2021-12-28 16:12:45,666] {spark_submit.py:514} INFO - running...
[2021-12-28 16:12:46,203] {spark_submit.py:514} INFO - running...
[2021-12-28 16:12:46,700] {spark_submit.py:514} INFO - running...
[2021-12-28 16:12:48,073] {spark_submit.py:514} INFO - running...
[2021-12-28 16:12:49,048] {spark_submit.py:514} INFO - running...
[2021-12-28 16:12:49,666] {spark_submit.py:514} INFO - running...
[2021-12-28 16:12:50,586] {spark_submit.py:514} INFO - running...
[2021-12-28 16:12:51,378] {spark_submit.py:514} INFO - running...
[2021-12-28 16:12:51,979] {spark_submit.py:514} INFO - running...
[2021-12-28 16:12:52,760] {spark_submit.py:514} INFO - running...
[2021-12-28 16:12:53,483] {spark_submit.py:514} INFO - running...
[2021-12-28 16:12:55,136] {spark_submit.py:514} INFO - running...
[2021-12-28 16:12:56,349] {spark_submit.py:514} INFO - running...
[2021-12-28 16:12:57,113] {spark_submit.py:514} INFO - running...
[2021-12-28 16:12:57,705] {spark_submit.py:514} INFO - running...
[2021-12-28 16:12:58,471] {spark_submit.py:514} INFO - running...
[2021-12-28 16:12:59,796] {spark_submit.py:514} INFO - running...
[2021-12-28 16:13:00,371] {spark_submit.py:514} INFO - running...
[2021-12-28 16:13:00,973] {spark_submit.py:514} INFO - running...
[2021-12-28 16:13:01,474] {spark_submit.py:514} INFO - running...
[2021-12-28 16:13:01,964] {spark_submit.py:514} INFO - running...
[2021-12-28 16:13:02,708] {spark_submit.py:514} INFO - running...
[2021-12-28 16:13:03,261] {spark_submit.py:514} INFO - running...
[2021-12-28 16:13:04,733] {spark_submit.py:514} INFO - running...
[2021-12-28 16:13:05,246] {spark_submit.py:514} INFO - running...
[2021-12-28 16:13:05,778] {spark_submit.py:514} INFO - running...
[2021-12-28 16:13:06,681] {spark_submit.py:514} INFO - running...
[2021-12-28 16:13:08,055] {spark_submit.py:514} INFO - running...
[2021-12-28 16:13:09,805] {spark_submit.py:514} INFO - running...
[2021-12-28 16:13:11,127] {spark_submit.py:514} INFO - running...
[2021-12-28 16:13:11,777] {spark_submit.py:514} INFO - running...
[2021-12-28 16:13:12,900] {spark_submit.py:514} INFO - running...
[2021-12-28 16:13:13,573] {spark_submit.py:514} INFO - running...
[2021-12-28 16:13:14,915] {spark_submit.py:514} INFO - running...
[2021-12-28 16:13:15,720] {spark_submit.py:514} INFO - running...
[2021-12-28 16:13:16,745] {spark_submit.py:514} INFO - running...
[2021-12-28 16:13:17,645] {spark_submit.py:514} INFO - running...
[2021-12-28 16:13:18,417] {spark_submit.py:514} INFO - running...
[2021-12-28 16:13:19,194] {spark_submit.py:514} INFO - running...
[2021-12-28 16:13:19,962] {spark_submit.py:514} INFO - running...
[2021-12-28 16:13:20,821] {spark_submit.py:514} INFO - running...
[2021-12-28 16:13:21,308] {spark_submit.py:514} INFO - running...
[2021-12-28 16:13:22,945] {spark_submit.py:514} INFO - running...
[2021-12-28 16:13:26,426] {spark_submit.py:514} INFO - running...
[2021-12-28 16:13:27,570] {spark_submit.py:514} INFO - running...
[2021-12-28 16:13:28,844] {spark_submit.py:514} INFO - running...
[2021-12-28 16:13:29,676] {spark_submit.py:514} INFO - running...
[2021-12-28 16:13:30,277] {spark_submit.py:514} INFO - running...
[2021-12-28 16:13:30,885] {spark_submit.py:514} INFO - running...
[2021-12-28 16:13:31,847] {spark_submit.py:514} INFO - running...
[2021-12-28 16:13:32,346] {spark_submit.py:514} INFO - running...
[2021-12-28 16:13:33,110] {spark_submit.py:514} INFO - running...
[2021-12-28 16:13:33,608] {spark_submit.py:514} INFO - running...
[2021-12-28 16:13:34,232] {spark_submit.py:514} INFO - running...
[2021-12-28 16:13:35,189] {spark_submit.py:514} INFO - running...
[2021-12-28 16:13:37,289] {spark_submit.py:514} INFO - running...
[2021-12-28 16:13:38,694] {spark_submit.py:514} INFO - running...
[2021-12-28 16:13:39,520] {spark_submit.py:514} INFO - running...
[2021-12-28 16:13:40,512] {spark_submit.py:514} INFO - running...
[2021-12-28 16:13:41,190] {spark_submit.py:514} INFO - running...
[2021-12-28 16:13:42,221] {spark_submit.py:514} INFO - running...
[2021-12-28 16:13:42,742] {spark_submit.py:514} INFO - running...
[2021-12-28 16:13:43,402] {spark_submit.py:514} INFO - running...
[2021-12-28 16:13:45,091] {spark_submit.py:514} INFO - running...
[2021-12-28 16:13:46,001] {spark_submit.py:514} INFO - running...
[2021-12-28 16:13:46,705] {spark_submit.py:514} INFO - running...
[2021-12-28 16:13:47,508] {spark_submit.py:514} INFO - running...
[2021-12-28 16:13:47,991] {spark_submit.py:514} INFO - running...
[2021-12-28 16:13:48,870] {spark_submit.py:514} INFO - running...
[2021-12-28 16:13:49,839] {spark_submit.py:514} INFO - running...
[2021-12-28 16:13:51,458] {spark_submit.py:514} INFO - running...
[2021-12-28 16:13:53,053] {spark_submit.py:514} INFO - running...
[2021-12-28 16:13:53,935] {spark_submit.py:514} INFO - running...
[2021-12-28 16:13:54,638] {spark_submit.py:514} INFO - running...
[2021-12-28 16:13:55,151] {spark_submit.py:514} INFO - running...
[2021-12-28 16:13:55,721] {spark_submit.py:514} INFO - running...
[2021-12-28 16:13:56,289] {spark_submit.py:514} INFO - running...
[2021-12-28 16:13:57,380] {spark_submit.py:514} INFO - running...
[2021-12-28 16:13:58,033] {spark_submit.py:514} INFO - running...
[2021-12-28 16:13:58,891] {spark_submit.py:514} INFO - running...
[2021-12-28 16:13:59,766] {spark_submit.py:514} INFO - running...
[2021-12-28 16:14:00,610] {spark_submit.py:514} INFO - running...
[2021-12-28 16:14:01,959] {spark_submit.py:514} INFO - running...
[2021-12-28 16:14:03,301] {spark_submit.py:514} INFO - running...
[2021-12-28 16:14:04,230] {spark_submit.py:514} INFO - running...
[2021-12-28 16:14:05,766] {spark_submit.py:514} INFO - running...
[2021-12-28 16:14:06,945] {spark_submit.py:514} INFO - running...
[2021-12-28 16:14:07,409] {spark_submit.py:514} INFO - running...
[2021-12-28 16:14:08,281] {spark_submit.py:514} INFO - running...
[2021-12-28 16:14:08,780] {spark_submit.py:514} INFO - running...
[2021-12-28 16:14:09,385] {spark_submit.py:514} INFO - running...
[2021-12-28 16:14:09,952] {spark_submit.py:514} INFO - running...
[2021-12-28 16:14:10,481] {spark_submit.py:514} INFO - running...
[2021-12-28 16:14:11,086] {spark_submit.py:514} INFO - running...
[2021-12-28 16:14:11,581] {spark_submit.py:514} INFO - running...
[2021-12-28 16:14:12,298] {spark_submit.py:514} INFO - running...
[2021-12-28 16:14:13,181] {spark_submit.py:514} INFO - running...
[2021-12-28 16:14:13,754] {spark_submit.py:514} INFO - running...
[2021-12-28 16:14:14,757] {spark_submit.py:514} INFO - running...
[2021-12-28 16:14:15,924] {spark_submit.py:514} INFO - running...
[2021-12-28 16:14:16,669] {spark_submit.py:514} INFO - running...
[2021-12-28 16:14:17,602] {spark_submit.py:514} INFO - running...
[2021-12-28 16:14:19,194] {spark_submit.py:514} INFO - running...
[2021-12-28 16:14:23,021] {spark_submit.py:514} INFO - running...
[2021-12-28 16:14:23,516] {spark_submit.py:514} INFO - running...
[2021-12-28 16:14:24,248] {spark_submit.py:514} INFO - running...
[2021-12-28 16:14:24,735] {spark_submit.py:514} INFO - running...
[2021-12-28 16:14:25,376] {spark_submit.py:514} INFO - running...
[2021-12-28 16:14:26,245] {spark_submit.py:514} INFO - running...
[2021-12-28 16:14:27,008] {spark_submit.py:514} INFO - running...
[2021-12-28 16:14:27,489] {spark_submit.py:514} INFO - running...
[2021-12-28 16:14:28,045] {spark_submit.py:514} INFO - running...
[2021-12-28 16:14:29,039] {spark_submit.py:514} INFO - running...
[2021-12-28 16:14:29,644] {spark_submit.py:514} INFO - running...
[2021-12-28 16:14:30,153] {spark_submit.py:514} INFO - running...
[2021-12-28 16:14:30,617] {spark_submit.py:514} INFO - running...
[2021-12-28 16:14:31,280] {spark_submit.py:514} INFO - running...
[2021-12-28 16:14:32,187] {spark_submit.py:514} INFO - running...
[2021-12-28 16:14:32,881] {spark_submit.py:514} INFO - running...
[2021-12-28 16:14:33,906] {spark_submit.py:514} INFO - running...
[2021-12-28 16:14:35,464] {spark_submit.py:514} INFO - running...
[2021-12-28 16:14:36,421] {spark_submit.py:514} INFO - running...
[2021-12-28 16:14:37,676] {spark_submit.py:514} INFO - running...
[2021-12-28 16:14:39,522] {spark_submit.py:514} INFO - running...
[2021-12-28 16:14:40,139] {spark_submit.py:514} INFO - running...
[2021-12-28 16:14:40,594] {spark_submit.py:514} INFO - running...
[2021-12-28 16:14:41,347] {spark_submit.py:514} INFO - running...
[2021-12-28 16:14:41,984] {spark_submit.py:514} INFO - running...
[2021-12-28 16:14:42,785] {spark_submit.py:514} INFO - running...
[2021-12-28 16:14:43,244] {spark_submit.py:514} INFO - running...
[2021-12-28 16:14:43,989] {spark_submit.py:514} INFO - running...
[2021-12-28 16:14:44,934] {spark_submit.py:514} INFO - running...
[2021-12-28 16:14:45,538] {spark_submit.py:514} INFO - running...
[2021-12-28 16:14:46,149] {spark_submit.py:514} INFO - running...
[2021-12-28 16:14:47,232] {spark_submit.py:514} INFO - running...
[2021-12-28 16:14:48,946] {spark_submit.py:514} INFO - running...
[2021-12-28 16:14:50,055] {spark_submit.py:514} INFO - running...
[2021-12-28 16:14:50,764] {spark_submit.py:514} INFO - running...
[2021-12-28 16:14:51,302] {spark_submit.py:514} INFO - running...
[2021-12-28 16:14:52,041] {spark_submit.py:514} INFO - running...
[2021-12-28 16:14:52,585] {spark_submit.py:514} INFO - running...
[2021-12-28 16:14:53,188] {spark_submit.py:514} INFO - running...
[2021-12-28 16:14:53,952] {spark_submit.py:514} INFO - running...
[2021-12-28 16:14:55,459] {spark_submit.py:514} INFO - running...
[2021-12-28 16:14:55,977] {spark_submit.py:514} INFO - running...
[2021-12-28 16:14:56,638] {spark_submit.py:514} INFO - running...
[2021-12-28 16:14:57,198] {spark_submit.py:514} INFO - running...
[2021-12-28 16:14:58,144] {spark_submit.py:514} INFO - running...
[2021-12-28 16:14:58,812] {spark_submit.py:514} INFO - running...
[2021-12-28 16:14:59,360] {spark_submit.py:514} INFO - running...
[2021-12-28 16:15:00,027] {spark_submit.py:514} INFO - running...
[2021-12-28 16:15:00,851] {spark_submit.py:514} INFO - running...
[2021-12-28 16:15:02,110] {spark_submit.py:514} INFO - running...
[2021-12-28 16:15:03,789] {spark_submit.py:514} INFO - running...
[2021-12-28 16:15:04,618] {spark_submit.py:514} INFO - running...
[2021-12-28 16:15:05,921] {spark_submit.py:514} INFO - running...
[2021-12-28 16:15:06,440] {spark_submit.py:514} INFO - running...
[2021-12-28 16:15:07,262] {spark_submit.py:514} INFO - running...
[2021-12-28 16:15:07,786] {spark_submit.py:514} INFO - running...
[2021-12-28 16:15:08,431] {spark_submit.py:514} INFO - running...
[2021-12-28 16:15:08,990] {spark_submit.py:514} INFO - running...
[2021-12-28 16:15:09,683] {spark_submit.py:514} INFO - running...
[2021-12-28 16:15:10,409] {spark_submit.py:514} INFO - running...
[2021-12-28 16:15:12,227] {spark_submit.py:514} INFO - running...
[2021-12-28 16:15:12,924] {spark_submit.py:514} INFO - running...
[2021-12-28 16:15:13,673] {spark_submit.py:514} INFO - running...
[2021-12-28 16:15:14,742] {spark_submit.py:514} INFO - running...
[2021-12-28 16:15:16,475] {spark_submit.py:514} INFO - running...
[2021-12-28 16:15:18,072] {spark_submit.py:514} INFO - running...
[2021-12-28 16:15:18,845] {spark_submit.py:514} INFO - running...
[2021-12-28 16:15:19,489] {spark_submit.py:514} INFO - running...
[2021-12-28 16:15:20,138] {spark_submit.py:514} INFO - running...
[2021-12-28 16:15:20,718] {spark_submit.py:514} INFO - running...
[2021-12-28 16:15:21,407] {spark_submit.py:514} INFO - running...
[2021-12-28 16:15:21,997] {spark_submit.py:514} INFO - running...
[2021-12-28 16:15:22,552] {spark_submit.py:514} INFO - running...
[2021-12-28 16:15:23,221] {spark_submit.py:514} INFO - running...
[2021-12-28 16:15:23,773] {spark_submit.py:514} INFO - running...
[2021-12-28 16:15:24,482] {spark_submit.py:514} INFO - running...
[2021-12-28 16:15:25,403] {spark_submit.py:514} INFO - running...
[2021-12-28 16:15:26,318] {spark_submit.py:514} INFO - running...
[2021-12-28 16:15:26,905] {spark_submit.py:514} INFO - running...
[2021-12-28 16:15:27,410] {spark_submit.py:514} INFO - running...
[2021-12-28 16:15:31,337] {spark_submit.py:514} INFO - running...
[2021-12-28 16:15:32,496] {spark_submit.py:514} INFO - running...
[2021-12-28 16:15:33,168] {spark_submit.py:514} INFO - running...
[2021-12-28 16:15:33,895] {spark_submit.py:514} INFO - running...
[2021-12-28 16:15:34,573] {spark_submit.py:514} INFO - running...
[2021-12-28 16:15:35,638] {spark_submit.py:514} INFO - running...
[2021-12-28 16:15:36,425] {spark_submit.py:514} INFO - running...
[2021-12-28 16:15:37,132] {spark_submit.py:514} INFO - running...
[2021-12-28 16:15:38,143] {spark_submit.py:514} INFO - running...
[2021-12-28 16:15:38,930] {spark_submit.py:514} INFO - running...
[2021-12-28 16:15:39,541] {spark_submit.py:514} INFO - running...
[2021-12-28 16:15:40,205] {spark_submit.py:514} INFO - running...
[2021-12-28 16:15:41,061] {spark_submit.py:514} INFO - running...
[2021-12-28 16:15:42,395] {spark_submit.py:514} INFO - running...
[2021-12-28 16:15:43,607] {spark_submit.py:514} INFO - running...
[2021-12-28 16:15:45,537] {spark_submit.py:514} INFO - running...
[2021-12-28 16:15:46,438] {spark_submit.py:514} INFO - running...
[2021-12-28 16:15:47,187] {spark_submit.py:514} INFO - running...
[2021-12-28 16:15:47,922] {spark_submit.py:514} INFO - running...
[2021-12-28 16:15:48,525] {spark_submit.py:514} INFO - running...
[2021-12-28 16:15:49,743] {spark_submit.py:514} INFO - running...
[2021-12-28 16:15:50,457] {spark_submit.py:514} INFO - running...
[2021-12-28 16:15:51,278] {spark_submit.py:514} INFO - running...
[2021-12-28 16:15:51,722] {spark_submit.py:514} INFO - running...
[2021-12-28 16:15:53,080] {spark_submit.py:514} INFO - running...
[2021-12-28 16:15:53,527] {spark_submit.py:514} INFO - running...
[2021-12-28 16:15:54,406] {spark_submit.py:514} INFO - running...
[2021-12-28 16:15:55,181] {spark_submit.py:514} INFO - running...
[2021-12-28 16:15:55,895] {spark_submit.py:514} INFO - running...
[2021-12-28 16:15:57,604] {spark_submit.py:514} INFO - running...
[2021-12-28 16:15:59,328] {spark_submit.py:514} INFO - running...
[2021-12-28 16:16:00,235] {spark_submit.py:514} INFO - running...
[2021-12-28 16:16:00,837] {spark_submit.py:514} INFO - running...
[2021-12-28 16:16:02,899] {spark_submit.py:514} INFO - 21/12/28 16:16:02 INFO SparkContext: Invoking stop() from shutdown hook
[2021-12-28 16:16:02,941] {spark_submit.py:514} INFO - 21/12/28 16:16:02 INFO SparkUI: Stopped Spark web UI at http://6bdda4c19a85:4040
[2021-12-28 16:16:02,955] {spark_submit.py:514} INFO - 21/12/28 16:16:02 INFO StandaloneSchedulerBackend: Shutting down all executors
[2021-12-28 16:16:02,957] {spark_submit.py:514} INFO - 21/12/28 16:16:02 INFO CoarseGrainedSchedulerBackend$DriverEndpoint: Asking each executor to shut down
[2021-12-28 16:16:03,018] {spark_submit.py:514} INFO - 21/12/28 16:16:03 INFO MapOutputTrackerMasterEndpoint: MapOutputTrackerMasterEndpoint stopped!
[2021-12-28 16:16:03,067] {spark_submit.py:514} INFO - 21/12/28 16:16:03 INFO MemoryStore: MemoryStore cleared
[2021-12-28 16:16:03,069] {spark_submit.py:514} INFO - 21/12/28 16:16:03 INFO BlockManager: BlockManager stopped
[2021-12-28 16:16:03,086] {spark_submit.py:514} INFO - 21/12/28 16:16:03 INFO BlockManagerMaster: BlockManagerMaster stopped
[2021-12-28 16:16:03,094] {spark_submit.py:514} INFO - 21/12/28 16:16:03 INFO OutputCommitCoordinator$OutputCommitCoordinatorEndpoint: OutputCommitCoordinator stopped!
[2021-12-28 16:16:03,150] {spark_submit.py:514} INFO - 21/12/28 16:16:03 INFO SparkContext: Successfully stopped SparkContext
[2021-12-28 16:16:03,151] {spark_submit.py:514} INFO - 21/12/28 16:16:03 INFO ShutdownHookManager: Shutdown hook called
[2021-12-28 16:16:03,154] {spark_submit.py:514} INFO - 21/12/28 16:16:03 INFO ShutdownHookManager: Deleting directory /tmp/spark-6e6f413f-7344-4442-b7d0-2c0ed97e438b
[2021-12-28 16:16:03,158] {spark_submit.py:514} INFO - 21/12/28 16:16:03 INFO ShutdownHookManager: Deleting directory /tmp/spark-6e6f413f-7344-4442-b7d0-2c0ed97e438b/pyspark-a21369d7-bcb1-4b21-a4ed-223d0e8d51f9
[2021-12-28 16:16:03,163] {spark_submit.py:514} INFO - 21/12/28 16:16:03 INFO ShutdownHookManager: Deleting directory /tmp/spark-67ced1bd-ee25-4a5b-ba14-084f32e00147
[2021-12-28 16:16:04,002] {taskinstance.py:1280} INFO - Marking task as SUCCESS. dag_id=scraping_daft_dublin, task_id=scrap_data, execution_date=20211228T160214, start_date=20211228T160218, end_date=20211228T161604
[2021-12-28 16:16:04,136] {local_task_job.py:154} INFO - Task exited with return code 0
[2021-12-28 16:16:04,264] {local_task_job.py:264} INFO - 1 downstream tasks scheduled from follow-on schedule check
