[2021-12-23 13:22:22,801] {taskinstance.py:1035} INFO - Dependencies all met for <TaskInstance: scraping_daft_dublin.remove_file scheduled__2021-12-22T09:30:00+00:00 [queued]>
[2021-12-23 13:22:22,828] {taskinstance.py:1035} INFO - Dependencies all met for <TaskInstance: scraping_daft_dublin.remove_file scheduled__2021-12-22T09:30:00+00:00 [queued]>
[2021-12-23 13:22:22,829] {taskinstance.py:1241} INFO - 
--------------------------------------------------------------------------------
[2021-12-23 13:22:22,831] {taskinstance.py:1242} INFO - Starting attempt 1 of 4
[2021-12-23 13:22:22,832] {taskinstance.py:1243} INFO - 
--------------------------------------------------------------------------------
[2021-12-23 13:22:22,861] {taskinstance.py:1262} INFO - Executing <Task(SparkSubmitOperator): remove_file> on 2021-12-22 09:30:00+00:00
[2021-12-23 13:22:22,872] {standard_task_runner.py:76} INFO - Running: ['***', 'tasks', 'run', 'scraping_daft_dublin', 'remove_file', 'scheduled__2021-12-22T09:30:00+00:00', '--job-id', '4171', '--raw', '--subdir', 'DAGS_FOLDER/scraping_daft_dublin.py', '--cfg-path', '/tmp/tmpur5vr91t', '--error-file', '/tmp/tmpoka_e97b']
[2021-12-23 13:22:22,874] {standard_task_runner.py:77} INFO - Job 4171: Subtask remove_file
[2021-12-23 13:22:22,868] {standard_task_runner.py:52} INFO - Started process 16476 to run task
[2021-12-23 13:22:22,975] {logging_mixin.py:109} INFO - Running <TaskInstance: scraping_daft_dublin.remove_file scheduled__2021-12-22T09:30:00+00:00 [running]> on host eecc602ed8f2
[2021-12-23 13:22:23,116] {taskinstance.py:1429} INFO - Exporting the following env vars:
AIRFLOW_CTX_DAG_EMAIL=clement.liscoet@gmail.com
AIRFLOW_CTX_DAG_OWNER=clemoni
AIRFLOW_CTX_DAG_ID=scraping_daft_dublin
AIRFLOW_CTX_TASK_ID=remove_file
AIRFLOW_CTX_EXECUTION_DATE=2021-12-22T09:30:00+00:00
AIRFLOW_CTX_DAG_RUN_ID=scheduled__2021-12-22T09:30:00+00:00
[2021-12-23 13:22:23,137] {base.py:79} INFO - Using connection to: id: spark_default. Host: spark://spark:7077, Port: None, Schema: , Login: ***, Password: ***, extra: {}
[2021-12-23 13:22:23,139] {spark_submit.py:360} INFO - Spark-Submit cmd: spark-submit --master spark://spark:7077 --conf spark.master=spark://spark:7077 --name remove file --verbose /opt/***/jobs/remove_file.py dublin
[2021-12-23 13:22:24,939] {spark_submit.py:514} INFO - Using properties file: null
[2021-12-23 13:22:25,053] {spark_submit.py:514} INFO - WARNING: An illegal reflective access operation has occurred
[2021-12-23 13:22:25,054] {spark_submit.py:514} INFO - WARNING: Illegal reflective access by org.apache.spark.unsafe.Platform (file:/home/***/.local/lib/python3.6/site-packages/pyspark/jars/spark-unsafe_2.12-3.2.0.jar) to constructor java.nio.DirectByteBuffer(long,int)
[2021-12-23 13:22:25,055] {spark_submit.py:514} INFO - WARNING: Please consider reporting this to the maintainers of org.apache.spark.unsafe.Platform
[2021-12-23 13:22:25,055] {spark_submit.py:514} INFO - WARNING: Use --illegal-access=warn to enable warnings of further illegal reflective access operations
[2021-12-23 13:22:25,056] {spark_submit.py:514} INFO - WARNING: All illegal access operations will be denied in a future release
[2021-12-23 13:22:25,121] {spark_submit.py:514} INFO - Parsed arguments:
[2021-12-23 13:22:25,122] {spark_submit.py:514} INFO - master                  spark://spark:7077
[2021-12-23 13:22:25,123] {spark_submit.py:514} INFO - deployMode              null
[2021-12-23 13:22:25,124] {spark_submit.py:514} INFO - executorMemory          null
[2021-12-23 13:22:25,125] {spark_submit.py:514} INFO - executorCores           null
[2021-12-23 13:22:25,126] {spark_submit.py:514} INFO - totalExecutorCores      null
[2021-12-23 13:22:25,127] {spark_submit.py:514} INFO - propertiesFile          null
[2021-12-23 13:22:25,129] {spark_submit.py:514} INFO - driverMemory            null
[2021-12-23 13:22:25,130] {spark_submit.py:514} INFO - driverCores             null
[2021-12-23 13:22:25,130] {spark_submit.py:514} INFO - driverExtraClassPath    null
[2021-12-23 13:22:25,131] {spark_submit.py:514} INFO - driverExtraLibraryPath  null
[2021-12-23 13:22:25,133] {spark_submit.py:514} INFO - driverExtraJavaOptions  null
[2021-12-23 13:22:25,134] {spark_submit.py:514} INFO - supervise               false
[2021-12-23 13:22:25,134] {spark_submit.py:514} INFO - queue                   null
[2021-12-23 13:22:25,135] {spark_submit.py:514} INFO - numExecutors            null
[2021-12-23 13:22:25,136] {spark_submit.py:514} INFO - files                   null
[2021-12-23 13:22:25,137] {spark_submit.py:514} INFO - pyFiles                 null
[2021-12-23 13:22:25,137] {spark_submit.py:514} INFO - archives                null
[2021-12-23 13:22:25,138] {spark_submit.py:514} INFO - mainClass               null
[2021-12-23 13:22:25,139] {spark_submit.py:514} INFO - primaryResource         file:/opt/***/jobs/remove_file.py
[2021-12-23 13:22:25,140] {spark_submit.py:514} INFO - name                    remove file
[2021-12-23 13:22:25,141] {spark_submit.py:514} INFO - childArgs               [dublin]
[2021-12-23 13:22:25,141] {spark_submit.py:514} INFO - jars                    null
[2021-12-23 13:22:25,142] {spark_submit.py:514} INFO - packages                null
[2021-12-23 13:22:25,144] {spark_submit.py:514} INFO - packagesExclusions      null
[2021-12-23 13:22:25,145] {spark_submit.py:514} INFO - repositories            null
[2021-12-23 13:22:25,146] {spark_submit.py:514} INFO - verbose                 true
[2021-12-23 13:22:25,147] {spark_submit.py:514} INFO - 
[2021-12-23 13:22:25,147] {spark_submit.py:514} INFO - Spark properties used, including those specified through
[2021-12-23 13:22:25,148] {spark_submit.py:514} INFO - --conf and those from the properties file null:
[2021-12-23 13:22:25,149] {spark_submit.py:514} INFO - (spark.master,spark://spark:7077)
[2021-12-23 13:22:25,149] {spark_submit.py:514} INFO - 
[2021-12-23 13:22:25,150] {spark_submit.py:514} INFO - 
[2021-12-23 13:22:25,522] {spark_submit.py:514} INFO - Main class:
[2021-12-23 13:22:25,523] {spark_submit.py:514} INFO - org.apache.spark.deploy.PythonRunner
[2021-12-23 13:22:25,525] {spark_submit.py:514} INFO - Arguments:
[2021-12-23 13:22:25,526] {spark_submit.py:514} INFO - file:/opt/***/jobs/remove_file.py
[2021-12-23 13:22:25,527] {spark_submit.py:514} INFO - null
[2021-12-23 13:22:25,528] {spark_submit.py:514} INFO - dublin
[2021-12-23 13:22:25,529] {spark_submit.py:514} INFO - --verbose
[2021-12-23 13:22:25,530] {spark_submit.py:514} INFO - Spark config:
[2021-12-23 13:22:25,531] {spark_submit.py:514} INFO - (spark.app.name,remove file)
[2021-12-23 13:22:25,532] {spark_submit.py:514} INFO - (spark.master,spark://spark:7077)
[2021-12-23 13:22:25,533] {spark_submit.py:514} INFO - (spark.submit.pyFiles,)
[2021-12-23 13:22:25,534] {spark_submit.py:514} INFO - (spark.submit.deployMode,client)
[2021-12-23 13:22:25,535] {spark_submit.py:514} INFO - Classpath elements:
[2021-12-23 13:22:25,536] {spark_submit.py:514} INFO - 
[2021-12-23 13:22:25,537] {spark_submit.py:514} INFO - 
[2021-12-23 13:22:25,538] {spark_submit.py:514} INFO - 
[2021-12-23 13:22:26,622] {spark_submit.py:514} INFO - Using Spark's default log4j profile: org/apache/spark/log4j-defaults.properties
[2021-12-23 13:22:26,641] {spark_submit.py:514} INFO - 21/12/23 13:22:26 INFO SparkContext: Running Spark version 3.2.0
[2021-12-23 13:22:26,766] {spark_submit.py:514} INFO - 21/12/23 13:22:26 WARN NativeCodeLoader: Unable to load native-hadoop library for your platform... using builtin-java classes where applicable
[2021-12-23 13:22:26,995] {spark_submit.py:514} INFO - 21/12/23 13:22:26 INFO ResourceUtils: ==============================================================
[2021-12-23 13:22:26,997] {spark_submit.py:514} INFO - 21/12/23 13:22:26 INFO ResourceUtils: No custom resources configured for spark.driver.
[2021-12-23 13:22:26,998] {spark_submit.py:514} INFO - 21/12/23 13:22:26 INFO ResourceUtils: ==============================================================
[2021-12-23 13:22:26,999] {spark_submit.py:514} INFO - 21/12/23 13:22:26 INFO SparkContext: Submitted application: Remove file
[2021-12-23 13:22:27,037] {spark_submit.py:514} INFO - 21/12/23 13:22:27 INFO ResourceProfile: Default ResourceProfile created, executor resources: Map(cores -> name: cores, amount: 1, script: , vendor: , memory -> name: memory, amount: 1024, script: , vendor: , offHeap -> name: offHeap, amount: 0, script: , vendor: ), task resources: Map(cpus -> name: cpus, amount: 1.0)
[2021-12-23 13:22:27,055] {spark_submit.py:514} INFO - 21/12/23 13:22:27 INFO ResourceProfile: Limiting resource is cpu
[2021-12-23 13:22:27,056] {spark_submit.py:514} INFO - 21/12/23 13:22:27 INFO ResourceProfileManager: Added ResourceProfile id: 0
[2021-12-23 13:22:27,135] {spark_submit.py:514} INFO - 21/12/23 13:22:27 INFO SecurityManager: Changing view acls to: ***
[2021-12-23 13:22:27,136] {spark_submit.py:514} INFO - 21/12/23 13:22:27 INFO SecurityManager: Changing modify acls to: ***
[2021-12-23 13:22:27,136] {spark_submit.py:514} INFO - 21/12/23 13:22:27 INFO SecurityManager: Changing view acls groups to:
[2021-12-23 13:22:27,137] {spark_submit.py:514} INFO - 21/12/23 13:22:27 INFO SecurityManager: Changing modify acls groups to:
[2021-12-23 13:22:27,139] {spark_submit.py:514} INFO - 21/12/23 13:22:27 INFO SecurityManager: SecurityManager: authentication disabled; ui acls disabled; users  with view permissions: Set(***); groups with view permissions: Set(); users  with modify permissions: Set(***); groups with modify permissions: Set()
[2021-12-23 13:22:27,640] {spark_submit.py:514} INFO - 21/12/23 13:22:27 INFO Utils: Successfully started service 'sparkDriver' on port 45569.
[2021-12-23 13:22:27,687] {spark_submit.py:514} INFO - 21/12/23 13:22:27 INFO SparkEnv: Registering MapOutputTracker
[2021-12-23 13:22:27,741] {spark_submit.py:514} INFO - 21/12/23 13:22:27 INFO SparkEnv: Registering BlockManagerMaster
[2021-12-23 13:22:27,780] {spark_submit.py:514} INFO - 21/12/23 13:22:27 INFO BlockManagerMasterEndpoint: Using org.apache.spark.storage.DefaultTopologyMapper for getting topology information
[2021-12-23 13:22:27,782] {spark_submit.py:514} INFO - 21/12/23 13:22:27 INFO BlockManagerMasterEndpoint: BlockManagerMasterEndpoint up
[2021-12-23 13:22:27,791] {spark_submit.py:514} INFO - 21/12/23 13:22:27 INFO SparkEnv: Registering BlockManagerMasterHeartbeat
[2021-12-23 13:22:27,832] {spark_submit.py:514} INFO - 21/12/23 13:22:27 INFO DiskBlockManager: Created local directory at /tmp/blockmgr-d95df935-3c89-4f54-a109-c76a2b56146e
[2021-12-23 13:22:27,867] {spark_submit.py:514} INFO - 21/12/23 13:22:27 INFO MemoryStore: MemoryStore started with capacity 434.4 MiB
[2021-12-23 13:22:27,891] {spark_submit.py:514} INFO - 21/12/23 13:22:27 INFO SparkEnv: Registering OutputCommitCoordinator
[2021-12-23 13:22:28,232] {spark_submit.py:514} INFO - 21/12/23 13:22:28 INFO Utils: Successfully started service 'SparkUI' on port 4040.
[2021-12-23 13:22:28,326] {spark_submit.py:514} INFO - 21/12/23 13:22:28 INFO SparkUI: Bound SparkUI to 0.0.0.0, and started at http://eecc602ed8f2:4040
[2021-12-23 13:22:28,677] {spark_submit.py:514} INFO - 21/12/23 13:22:28 INFO StandaloneAppClient$ClientEndpoint: Connecting to master spark://spark:7077...
[2021-12-23 13:22:28,785] {spark_submit.py:514} INFO - 21/12/23 13:22:28 INFO TransportClientFactory: Successfully created connection to spark/172.20.0.4:7077 after 62 ms (0 ms spent in bootstraps)
[2021-12-23 13:22:28,940] {spark_submit.py:514} INFO - 21/12/23 13:22:28 INFO StandaloneSchedulerBackend: Connected to Spark cluster with app ID app-20211223132228-0064
[2021-12-23 13:22:28,946] {spark_submit.py:514} INFO - 21/12/23 13:22:28 INFO StandaloneAppClient$ClientEndpoint: Executor added: app-20211223132228-0064/0 on worker-20211223113019-172.20.0.5-36001 (172.20.0.5:36001) with 6 core(s)
[2021-12-23 13:22:28,957] {spark_submit.py:514} INFO - 21/12/23 13:22:28 INFO StandaloneSchedulerBackend: Granted executor ID app-20211223132228-0064/0 on hostPort 172.20.0.5:36001 with 6 core(s), 1024.0 MiB RAM
[2021-12-23 13:22:28,959] {spark_submit.py:514} INFO - 21/12/23 13:22:28 INFO StandaloneAppClient$ClientEndpoint: Executor added: app-20211223132228-0064/1 on worker-20211223113019-172.20.0.6-43895 (172.20.0.6:43895) with 6 core(s)
[2021-12-23 13:22:28,962] {spark_submit.py:514} INFO - 21/12/23 13:22:28 INFO StandaloneSchedulerBackend: Granted executor ID app-20211223132228-0064/1 on hostPort 172.20.0.6:43895 with 6 core(s), 1024.0 MiB RAM
[2021-12-23 13:22:28,963] {spark_submit.py:514} INFO - 21/12/23 13:22:28 INFO Utils: Successfully started service 'org.apache.spark.network.netty.NettyBlockTransferService' on port 44623.
[2021-12-23 13:22:28,964] {spark_submit.py:514} INFO - 21/12/23 13:22:28 INFO NettyBlockTransferService: Server created on eecc602ed8f2:44623
[2021-12-23 13:22:28,966] {spark_submit.py:514} INFO - 21/12/23 13:22:28 INFO BlockManager: Using org.apache.spark.storage.RandomBlockReplicationPolicy for block replication policy
[2021-12-23 13:22:28,979] {spark_submit.py:514} INFO - 21/12/23 13:22:28 INFO BlockManagerMaster: Registering BlockManager BlockManagerId(driver, eecc602ed8f2, 44623, None)
[2021-12-23 13:22:28,991] {spark_submit.py:514} INFO - 21/12/23 13:22:28 INFO BlockManagerMasterEndpoint: Registering block manager eecc602ed8f2:44623 with 434.4 MiB RAM, BlockManagerId(driver, eecc602ed8f2, 44623, None)
[2021-12-23 13:22:28,999] {spark_submit.py:514} INFO - 21/12/23 13:22:28 INFO BlockManagerMaster: Registered BlockManager BlockManagerId(driver, eecc602ed8f2, 44623, None)
[2021-12-23 13:22:29,003] {spark_submit.py:514} INFO - 21/12/23 13:22:29 INFO BlockManager: Initialized BlockManager: BlockManagerId(driver, eecc602ed8f2, 44623, None)
[2021-12-23 13:22:29,055] {spark_submit.py:514} INFO - 21/12/23 13:22:29 INFO StandaloneAppClient$ClientEndpoint: Executor updated: app-20211223132228-0064/0 is now RUNNING
[2021-12-23 13:22:29,063] {spark_submit.py:514} INFO - 21/12/23 13:22:29 INFO StandaloneAppClient$ClientEndpoint: Executor updated: app-20211223132228-0064/1 is now RUNNING
[2021-12-23 13:22:29,392] {spark_submit.py:514} INFO - 21/12/23 13:22:29 INFO StandaloneSchedulerBackend: SchedulerBackend is ready for scheduling beginning after reached minRegisteredResourcesRatio: 0.0
[2021-12-23 13:22:29,469] {spark_submit.py:514} INFO - /home/***/.local/lib/python3.6/site-packages/pyspark/python/lib/pyspark.zip/pyspark/context.py:238: FutureWarning: Python 3.6 support is deprecated in Spark 3.2.
[2021-12-23 13:22:29,470] {spark_submit.py:514} INFO - FutureWarning
[2021-12-23 13:22:29,926] {spark_submit.py:514} INFO - 21/12/23 13:22:29 INFO SharedState: Setting hive.metastore.warehouse.dir ('null') to the value of spark.sql.warehouse.dir.
[2021-12-23 13:22:29,970] {spark_submit.py:514} INFO - 21/12/23 13:22:29 INFO SharedState: Warehouse path is 'file:/opt/***/spark-warehouse'.
[2021-12-23 13:22:31,289] {spark_submit.py:514} INFO - file: dublin_rent.json deleted
[2021-12-23 13:22:31,477] {spark_submit.py:514} INFO - 21/12/23 13:22:31 INFO SparkContext: Invoking stop() from shutdown hook
[2021-12-23 13:22:31,540] {spark_submit.py:514} INFO - 21/12/23 13:22:31 INFO SparkUI: Stopped Spark web UI at http://eecc602ed8f2:4040
[2021-12-23 13:22:31,564] {spark_submit.py:514} INFO - 21/12/23 13:22:31 INFO StandaloneSchedulerBackend: Shutting down all executors
[2021-12-23 13:22:31,574] {spark_submit.py:514} INFO - 21/12/23 13:22:31 INFO CoarseGrainedSchedulerBackend$DriverEndpoint: Asking each executor to shut down
[2021-12-23 13:22:31,666] {spark_submit.py:514} INFO - 21/12/23 13:22:31 INFO MapOutputTrackerMasterEndpoint: MapOutputTrackerMasterEndpoint stopped!
[2021-12-23 13:22:31,724] {spark_submit.py:514} INFO - 21/12/23 13:22:31 INFO MemoryStore: MemoryStore cleared
[2021-12-23 13:22:31,726] {spark_submit.py:514} INFO - 21/12/23 13:22:31 INFO BlockManager: BlockManager stopped
[2021-12-23 13:22:31,748] {spark_submit.py:514} INFO - 21/12/23 13:22:31 INFO BlockManagerMaster: BlockManagerMaster stopped
[2021-12-23 13:22:31,765] {spark_submit.py:514} INFO - 21/12/23 13:22:31 INFO OutputCommitCoordinator$OutputCommitCoordinatorEndpoint: OutputCommitCoordinator stopped!
[2021-12-23 13:22:31,809] {spark_submit.py:514} INFO - 21/12/23 13:22:31 INFO SparkContext: Successfully stopped SparkContext
[2021-12-23 13:22:31,817] {spark_submit.py:514} INFO - 21/12/23 13:22:31 INFO ShutdownHookManager: Shutdown hook called
[2021-12-23 13:22:31,823] {spark_submit.py:514} INFO - 21/12/23 13:22:31 INFO ShutdownHookManager: Deleting directory /tmp/spark-4b242098-c21c-4967-89e0-49a8181426eb
[2021-12-23 13:22:31,837] {spark_submit.py:514} INFO - 21/12/23 13:22:31 INFO ShutdownHookManager: Deleting directory /tmp/spark-952944ea-8dfb-4cca-8974-bcbff9ce673f
[2021-12-23 13:22:31,848] {spark_submit.py:514} INFO - 21/12/23 13:22:31 INFO ShutdownHookManager: Deleting directory /tmp/spark-4b242098-c21c-4967-89e0-49a8181426eb/pyspark-b957e5f0-b138-408c-b3ce-bf3e313f854b
[2021-12-23 13:22:32,089] {taskinstance.py:1280} INFO - Marking task as SUCCESS. dag_id=scraping_daft_dublin, task_id=remove_file, execution_date=20211222T093000, start_date=20211223T132222, end_date=20211223T132232
[2021-12-23 13:22:32,151] {local_task_job.py:154} INFO - Task exited with return code 0
[2021-12-23 13:22:32,361] {local_task_job.py:264} INFO - 0 downstream tasks scheduled from follow-on schedule check
