[2021-12-14 09:25:27,628] {taskinstance.py:1035} INFO - Dependencies all met for <TaskInstance: scraping_daft_wexford.persist_data scheduled__2021-12-13T06:15:00+00:00 [queued]>
[2021-12-14 09:25:27,727] {taskinstance.py:1035} INFO - Dependencies all met for <TaskInstance: scraping_daft_wexford.persist_data scheduled__2021-12-13T06:15:00+00:00 [queued]>
[2021-12-14 09:25:27,728] {taskinstance.py:1241} INFO - 
--------------------------------------------------------------------------------
[2021-12-14 09:25:27,729] {taskinstance.py:1242} INFO - Starting attempt 1 of 4
[2021-12-14 09:25:27,731] {taskinstance.py:1243} INFO - 
--------------------------------------------------------------------------------
[2021-12-14 09:25:27,865] {taskinstance.py:1262} INFO - Executing <Task(SparkSubmitOperator): persist_data> on 2021-12-13 06:15:00+00:00
[2021-12-14 09:25:27,899] {standard_task_runner.py:76} INFO - Running: ['***', 'tasks', 'run', 'scraping_daft_wexford', 'persist_data', 'scheduled__2021-12-13T06:15:00+00:00', '--job-id', '2227', '--raw', '--subdir', 'DAGS_FOLDER/scraping_daft_wexford.py', '--cfg-path', '/tmp/tmpv3dlue4d', '--error-file', '/tmp/tmpfg4rja_6']
[2021-12-14 09:25:27,881] {standard_task_runner.py:52} INFO - Started process 10039 to run task
[2021-12-14 09:25:27,924] {standard_task_runner.py:77} INFO - Job 2227: Subtask persist_data
[2021-12-14 09:25:28,239] {logging_mixin.py:109} INFO - Running <TaskInstance: scraping_daft_wexford.persist_data scheduled__2021-12-13T06:15:00+00:00 [running]> on host 71d5aed90fce
[2021-12-14 09:25:28,791] {taskinstance.py:1429} INFO - Exporting the following env vars:
AIRFLOW_CTX_DAG_EMAIL=clement.liscoet@gmail.com
AIRFLOW_CTX_DAG_OWNER=clemoni
AIRFLOW_CTX_DAG_ID=scraping_daft_wexford
AIRFLOW_CTX_TASK_ID=persist_data
AIRFLOW_CTX_EXECUTION_DATE=2021-12-13T06:15:00+00:00
AIRFLOW_CTX_DAG_RUN_ID=scheduled__2021-12-13T06:15:00+00:00
[2021-12-14 09:25:28,872] {base.py:79} INFO - Using connection to: id: spark_default. Host: spark://spark:7077, Port: None, Schema: , Login: ***, Password: ***, extra: {}
[2021-12-14 09:25:28,877] {spark_submit.py:360} INFO - Spark-Submit cmd: spark-submit --master spark://spark:7077 --conf spark.master=spark://spark:7077 --name persist data --verbose /opt/***/jobs/persist_db.py wexford
[2021-12-14 09:25:43,841] {spark_submit.py:514} INFO - Using properties file: null
[2021-12-14 09:25:44,481] {spark_submit.py:514} INFO - WARNING: An illegal reflective access operation has occurred
[2021-12-14 09:25:44,487] {spark_submit.py:514} INFO - WARNING: Illegal reflective access by org.apache.spark.unsafe.Platform (file:/home/***/.local/lib/python3.6/site-packages/pyspark/jars/spark-unsafe_2.12-3.2.0.jar) to constructor java.nio.DirectByteBuffer(long,int)
[2021-12-14 09:25:44,497] {spark_submit.py:514} INFO - WARNING: Please consider reporting this to the maintainers of org.apache.spark.unsafe.Platform
[2021-12-14 09:25:44,507] {spark_submit.py:514} INFO - WARNING: Use --illegal-access=warn to enable warnings of further illegal reflective access operations
[2021-12-14 09:25:44,511] {spark_submit.py:514} INFO - WARNING: All illegal access operations will be denied in a future release
[2021-12-14 09:25:44,593] {spark_submit.py:514} INFO - Parsed arguments:
[2021-12-14 09:25:44,597] {spark_submit.py:514} INFO - master                  spark://spark:7077
[2021-12-14 09:25:44,600] {spark_submit.py:514} INFO - deployMode              null
[2021-12-14 09:25:44,602] {spark_submit.py:514} INFO - executorMemory          null
[2021-12-14 09:25:44,603] {spark_submit.py:514} INFO - executorCores           null
[2021-12-14 09:25:44,604] {spark_submit.py:514} INFO - totalExecutorCores      null
[2021-12-14 09:25:44,605] {spark_submit.py:514} INFO - propertiesFile          null
[2021-12-14 09:25:44,606] {spark_submit.py:514} INFO - driverMemory            null
[2021-12-14 09:25:44,607] {spark_submit.py:514} INFO - driverCores             null
[2021-12-14 09:25:44,610] {spark_submit.py:514} INFO - driverExtraClassPath    null
[2021-12-14 09:25:44,611] {spark_submit.py:514} INFO - driverExtraLibraryPath  null
[2021-12-14 09:25:44,612] {spark_submit.py:514} INFO - driverExtraJavaOptions  null
[2021-12-14 09:25:44,613] {spark_submit.py:514} INFO - supervise               false
[2021-12-14 09:25:44,614] {spark_submit.py:514} INFO - queue                   null
[2021-12-14 09:25:44,615] {spark_submit.py:514} INFO - numExecutors            null
[2021-12-14 09:25:44,616] {spark_submit.py:514} INFO - files                   null
[2021-12-14 09:25:44,617] {spark_submit.py:514} INFO - pyFiles                 null
[2021-12-14 09:25:44,617] {spark_submit.py:514} INFO - archives                null
[2021-12-14 09:25:44,618] {spark_submit.py:514} INFO - mainClass               null
[2021-12-14 09:25:44,619] {spark_submit.py:514} INFO - primaryResource         file:/opt/***/jobs/persist_db.py
[2021-12-14 09:25:44,620] {spark_submit.py:514} INFO - name                    persist data
[2021-12-14 09:25:44,621] {spark_submit.py:514} INFO - childArgs               [wexford]
[2021-12-14 09:25:44,622] {spark_submit.py:514} INFO - jars                    null
[2021-12-14 09:25:44,623] {spark_submit.py:514} INFO - packages                null
[2021-12-14 09:25:44,624] {spark_submit.py:514} INFO - packagesExclusions      null
[2021-12-14 09:25:44,625] {spark_submit.py:514} INFO - repositories            null
[2021-12-14 09:25:44,627] {spark_submit.py:514} INFO - verbose                 true
[2021-12-14 09:25:44,628] {spark_submit.py:514} INFO - 
[2021-12-14 09:25:44,630] {spark_submit.py:514} INFO - Spark properties used, including those specified through
[2021-12-14 09:25:44,632] {spark_submit.py:514} INFO - --conf and those from the properties file null:
[2021-12-14 09:25:44,634] {spark_submit.py:514} INFO - (spark.master,spark://spark:7077)
[2021-12-14 09:25:44,636] {spark_submit.py:514} INFO - 
[2021-12-14 09:25:44,638] {spark_submit.py:514} INFO - 
[2021-12-14 09:25:46,149] {spark_submit.py:514} INFO - Main class:
[2021-12-14 09:25:46,167] {spark_submit.py:514} INFO - org.apache.spark.deploy.PythonRunner
[2021-12-14 09:25:46,170] {spark_submit.py:514} INFO - Arguments:
[2021-12-14 09:25:46,172] {spark_submit.py:514} INFO - file:/opt/***/jobs/persist_db.py
[2021-12-14 09:25:46,173] {spark_submit.py:514} INFO - null
[2021-12-14 09:25:46,174] {spark_submit.py:514} INFO - wexford
[2021-12-14 09:25:46,175] {spark_submit.py:514} INFO - --verbose
[2021-12-14 09:25:46,197] {spark_submit.py:514} INFO - Spark config:
[2021-12-14 09:25:46,198] {spark_submit.py:514} INFO - (spark.master,spark://spark:7077)
[2021-12-14 09:25:46,199] {spark_submit.py:514} INFO - (spark.app.name,persist data)
[2021-12-14 09:25:46,201] {spark_submit.py:514} INFO - (spark.submit.pyFiles,)
[2021-12-14 09:25:46,203] {spark_submit.py:514} INFO - (spark.submit.deployMode,client)
[2021-12-14 09:25:46,204] {spark_submit.py:514} INFO - Classpath elements:
[2021-12-14 09:25:46,211] {spark_submit.py:514} INFO - 
[2021-12-14 09:25:46,215] {spark_submit.py:514} INFO - 
[2021-12-14 09:25:46,216] {spark_submit.py:514} INFO - 
[2021-12-14 09:25:58,697] {spark_submit.py:514} INFO - Using Spark's default log4j profile: org/apache/spark/log4j-defaults.properties
[2021-12-14 09:25:58,724] {spark_submit.py:514} INFO - 21/12/14 09:25:58 INFO SparkContext: Running Spark version 3.2.0
[2021-12-14 09:25:59,539] {spark_submit.py:514} INFO - 21/12/14 09:25:59 WARN NativeCodeLoader: Unable to load native-hadoop library for your platform... using builtin-java classes where applicable
[2021-12-14 09:26:00,086] {spark_submit.py:514} INFO - 21/12/14 09:26:00 INFO ResourceUtils: ==============================================================
[2021-12-14 09:26:00,087] {spark_submit.py:514} INFO - 21/12/14 09:26:00 INFO ResourceUtils: No custom resources configured for spark.driver.
[2021-12-14 09:26:00,088] {spark_submit.py:514} INFO - 21/12/14 09:26:00 INFO ResourceUtils: ==============================================================
[2021-12-14 09:26:00,090] {spark_submit.py:514} INFO - 21/12/14 09:26:00 INFO SparkContext: Submitted application: Persist DB
[2021-12-14 09:26:00,254] {spark_submit.py:514} INFO - 21/12/14 09:26:00 INFO ResourceProfile: Default ResourceProfile created, executor resources: Map(cores -> name: cores, amount: 1, script: , vendor: , memory -> name: memory, amount: 1024, script: , vendor: , offHeap -> name: offHeap, amount: 0, script: , vendor: ), task resources: Map(cpus -> name: cpus, amount: 1.0)
[2021-12-14 09:26:00,413] {spark_submit.py:514} INFO - 21/12/14 09:26:00 INFO ResourceProfile: Limiting resource is cpu
[2021-12-14 09:26:00,440] {spark_submit.py:514} INFO - 21/12/14 09:26:00 INFO ResourceProfileManager: Added ResourceProfile id: 0
[2021-12-14 09:26:01,080] {spark_submit.py:514} INFO - 21/12/14 09:26:01 INFO SecurityManager: Changing view acls to: ***
[2021-12-14 09:26:01,082] {spark_submit.py:514} INFO - 21/12/14 09:26:01 INFO SecurityManager: Changing modify acls to: ***
[2021-12-14 09:26:01,084] {spark_submit.py:514} INFO - 21/12/14 09:26:01 INFO SecurityManager: Changing view acls groups to:
[2021-12-14 09:26:01,086] {spark_submit.py:514} INFO - 21/12/14 09:26:01 INFO SecurityManager: Changing modify acls groups to:
[2021-12-14 09:26:01,088] {spark_submit.py:514} INFO - 21/12/14 09:26:01 INFO SecurityManager: SecurityManager: authentication disabled; ui acls disabled; users  with view permissions: Set(***); groups with view permissions: Set(); users  with modify permissions: Set(***); groups with modify permissions: Set()
[2021-12-14 09:26:02,859] {spark_submit.py:514} INFO - 21/12/14 09:26:02 INFO Utils: Successfully started service 'sparkDriver' on port 38923.
[2021-12-14 09:26:03,052] {spark_submit.py:514} INFO - 21/12/14 09:26:03 INFO SparkEnv: Registering MapOutputTracker
[2021-12-14 09:26:03,253] {spark_submit.py:514} INFO - 21/12/14 09:26:03 INFO SparkEnv: Registering BlockManagerMaster
[2021-12-14 09:26:03,322] {spark_submit.py:514} INFO - 21/12/14 09:26:03 INFO BlockManagerMasterEndpoint: Using org.apache.spark.storage.DefaultTopologyMapper for getting topology information
[2021-12-14 09:26:03,323] {spark_submit.py:514} INFO - 21/12/14 09:26:03 INFO BlockManagerMasterEndpoint: BlockManagerMasterEndpoint up
[2021-12-14 09:26:03,370] {spark_submit.py:514} INFO - 21/12/14 09:26:03 INFO SparkEnv: Registering BlockManagerMasterHeartbeat
[2021-12-14 09:26:03,608] {spark_submit.py:514} INFO - 21/12/14 09:26:03 INFO DiskBlockManager: Created local directory at /tmp/blockmgr-bbe68681-e772-43c6-a434-72dd95a958d8
[2021-12-14 09:26:03,941] {spark_submit.py:514} INFO - 21/12/14 09:26:03 INFO MemoryStore: MemoryStore started with capacity 434.4 MiB
[2021-12-14 09:26:04,211] {spark_submit.py:514} INFO - 21/12/14 09:26:04 INFO SparkEnv: Registering OutputCommitCoordinator
[2021-12-14 09:26:06,054] {spark_submit.py:514} INFO - 21/12/14 09:26:06 WARN Utils: Service 'SparkUI' could not bind on port 4040. Attempting port 4041.
[2021-12-14 09:26:06,078] {spark_submit.py:514} INFO - 21/12/14 09:26:06 WARN Utils: Service 'SparkUI' could not bind on port 4041. Attempting port 4042.
[2021-12-14 09:26:06,084] {spark_submit.py:514} INFO - 21/12/14 09:26:06 WARN Utils: Service 'SparkUI' could not bind on port 4042. Attempting port 4043.
[2021-12-14 09:26:06,094] {spark_submit.py:514} INFO - 21/12/14 09:26:06 WARN Utils: Service 'SparkUI' could not bind on port 4043. Attempting port 4044.
[2021-12-14 09:26:06,190] {spark_submit.py:514} INFO - 21/12/14 09:26:06 INFO Utils: Successfully started service 'SparkUI' on port 4044.
[2021-12-14 09:26:07,052] {spark_submit.py:514} INFO - 21/12/14 09:26:07 INFO SparkUI: Bound SparkUI to 0.0.0.0, and started at http://71d5aed90fce:4044
[2021-12-14 09:26:08,040] {spark_submit.py:514} INFO - 21/12/14 09:26:08 INFO StandaloneAppClient$ClientEndpoint: Connecting to master spark://spark:7077...
[2021-12-14 09:26:08,333] {spark_submit.py:514} INFO - 21/12/14 09:26:08 INFO TransportClientFactory: Successfully created connection to spark/172.18.0.4:7077 after 146 ms (0 ms spent in bootstraps)
[2021-12-14 09:26:08,841] {spark_submit.py:514} INFO - 21/12/14 09:26:08 INFO StandaloneSchedulerBackend: Connected to Spark cluster with app ID app-20211214092608-0060
[2021-12-14 09:26:09,015] {spark_submit.py:514} INFO - 21/12/14 09:26:09 INFO Utils: Successfully started service 'org.apache.spark.network.netty.NettyBlockTransferService' on port 36175.
[2021-12-14 09:26:09,018] {spark_submit.py:514} INFO - 21/12/14 09:26:09 INFO NettyBlockTransferService: Server created on 71d5aed90fce:36175
[2021-12-14 09:26:09,024] {spark_submit.py:514} INFO - 21/12/14 09:26:09 INFO BlockManager: Using org.apache.spark.storage.RandomBlockReplicationPolicy for block replication policy
[2021-12-14 09:26:09,107] {spark_submit.py:514} INFO - 21/12/14 09:26:09 INFO BlockManagerMaster: Registering BlockManager BlockManagerId(driver, 71d5aed90fce, 36175, None)
[2021-12-14 09:26:09,133] {spark_submit.py:514} INFO - 21/12/14 09:26:09 INFO BlockManagerMasterEndpoint: Registering block manager 71d5aed90fce:36175 with 434.4 MiB RAM, BlockManagerId(driver, 71d5aed90fce, 36175, None)
[2021-12-14 09:26:09,159] {spark_submit.py:514} INFO - 21/12/14 09:26:09 INFO BlockManagerMaster: Registered BlockManager BlockManagerId(driver, 71d5aed90fce, 36175, None)
[2021-12-14 09:26:09,162] {spark_submit.py:514} INFO - 21/12/14 09:26:09 INFO BlockManager: Initialized BlockManager: BlockManagerId(driver, 71d5aed90fce, 36175, None)
[2021-12-14 09:26:10,392] {spark_submit.py:514} INFO - 21/12/14 09:26:10 INFO StandaloneSchedulerBackend: SchedulerBackend is ready for scheduling beginning after reached minRegisteredResourcesRatio: 0.0
[2021-12-14 09:26:10,716] {spark_submit.py:514} INFO - /home/***/.local/lib/python3.6/site-packages/pyspark/python/lib/pyspark.zip/pyspark/context.py:238: FutureWarning: Python 3.6 support is deprecated in Spark 3.2.
[2021-12-14 09:26:10,723] {spark_submit.py:514} INFO - FutureWarning
[2021-12-14 09:26:11,875] {spark_submit.py:514} INFO - 21/12/14 09:26:11 INFO SharedState: Setting hive.metastore.warehouse.dir ('null') to the value of spark.sql.warehouse.dir.
[2021-12-14 09:26:11,919] {spark_submit.py:514} INFO - 21/12/14 09:26:11 INFO SharedState: Warehouse path is 'file:/opt/***/spark-warehouse'.
[2021-12-14 09:26:18,016] {spark_submit.py:514} INFO - 21/12/14 09:26:18 INFO SparkContext: Invoking stop() from shutdown hook
[2021-12-14 09:26:18,118] {spark_submit.py:514} INFO - 21/12/14 09:26:18 INFO SparkUI: Stopped Spark web UI at http://71d5aed90fce:4044
[2021-12-14 09:26:18,144] {spark_submit.py:514} INFO - 21/12/14 09:26:18 INFO StandaloneSchedulerBackend: Shutting down all executors
[2021-12-14 09:26:18,163] {spark_submit.py:514} INFO - 21/12/14 09:26:18 INFO CoarseGrainedSchedulerBackend$DriverEndpoint: Asking each executor to shut down
[2021-12-14 09:26:18,265] {spark_submit.py:514} INFO - 21/12/14 09:26:18 INFO MapOutputTrackerMasterEndpoint: MapOutputTrackerMasterEndpoint stopped!
[2021-12-14 09:26:18,443] {spark_submit.py:514} INFO - 21/12/14 09:26:18 INFO MemoryStore: MemoryStore cleared
[2021-12-14 09:26:18,444] {spark_submit.py:514} INFO - 21/12/14 09:26:18 INFO BlockManager: BlockManager stopped
[2021-12-14 09:26:18,460] {spark_submit.py:514} INFO - 21/12/14 09:26:18 INFO BlockManagerMaster: BlockManagerMaster stopped
[2021-12-14 09:26:18,467] {spark_submit.py:514} INFO - 21/12/14 09:26:18 INFO OutputCommitCoordinator$OutputCommitCoordinatorEndpoint: OutputCommitCoordinator stopped!
[2021-12-14 09:26:18,578] {spark_submit.py:514} INFO - 21/12/14 09:26:18 INFO SparkContext: Successfully stopped SparkContext
[2021-12-14 09:26:18,579] {spark_submit.py:514} INFO - 21/12/14 09:26:18 INFO ShutdownHookManager: Shutdown hook called
[2021-12-14 09:26:18,581] {spark_submit.py:514} INFO - 21/12/14 09:26:18 INFO ShutdownHookManager: Deleting directory /tmp/spark-184c125d-f0f9-4594-a44e-cefb05858996/pyspark-1c61d86b-97b7-4fdd-bfaa-569b4900a0e1
[2021-12-14 09:26:18,594] {spark_submit.py:514} INFO - 21/12/14 09:26:18 INFO ShutdownHookManager: Deleting directory /tmp/spark-36bb2cd7-b290-4ce2-ab5f-216cb390bb71
[2021-12-14 09:26:18,627] {spark_submit.py:514} INFO - 21/12/14 09:26:18 INFO ShutdownHookManager: Deleting directory /tmp/spark-184c125d-f0f9-4594-a44e-cefb05858996
[2021-12-14 09:26:19,066] {taskinstance.py:1280} INFO - Marking task as SUCCESS. dag_id=scraping_daft_wexford, task_id=persist_data, execution_date=20211213T061500, start_date=20211214T092527, end_date=20211214T092619
[2021-12-14 09:26:19,149] {local_task_job.py:154} INFO - Task exited with return code 0
[2021-12-14 09:26:19,398] {local_task_job.py:264} INFO - 1 downstream tasks scheduled from follow-on schedule check
