[2021-12-24 10:45:19,698] {taskinstance.py:1035} INFO - Dependencies all met for <TaskInstance: scraping_daft_sligo.persist_data scheduled__2021-12-23T10:45:00+00:00 [queued]>
[2021-12-24 10:45:19,724] {taskinstance.py:1035} INFO - Dependencies all met for <TaskInstance: scraping_daft_sligo.persist_data scheduled__2021-12-23T10:45:00+00:00 [queued]>
[2021-12-24 10:45:19,726] {taskinstance.py:1241} INFO - 
--------------------------------------------------------------------------------
[2021-12-24 10:45:19,727] {taskinstance.py:1242} INFO - Starting attempt 1 of 4
[2021-12-24 10:45:19,729] {taskinstance.py:1243} INFO - 
--------------------------------------------------------------------------------
[2021-12-24 10:45:19,750] {taskinstance.py:1262} INFO - Executing <Task(SparkSubmitOperator): persist_data> on 2021-12-23 10:45:00+00:00
[2021-12-24 10:45:19,764] {standard_task_runner.py:76} INFO - Running: ['***', 'tasks', 'run', 'scraping_daft_sligo', 'persist_data', 'scheduled__2021-12-23T10:45:00+00:00', '--job-id', '4324', '--raw', '--subdir', 'DAGS_FOLDER/scraping_daft_sligo.py', '--cfg-path', '/tmp/tmphpm34kyu', '--error-file', '/tmp/tmp6u9ykq3t']
[2021-12-24 10:45:19,766] {standard_task_runner.py:77} INFO - Job 4324: Subtask persist_data
[2021-12-24 10:45:19,758] {standard_task_runner.py:52} INFO - Started process 12649 to run task
[2021-12-24 10:45:19,898] {logging_mixin.py:109} INFO - Running <TaskInstance: scraping_daft_sligo.persist_data scheduled__2021-12-23T10:45:00+00:00 [running]> on host dd6c6a1cba03
[2021-12-24 10:45:20,051] {taskinstance.py:1429} INFO - Exporting the following env vars:
AIRFLOW_CTX_DAG_EMAIL=clement.liscoet@gmail.com
AIRFLOW_CTX_DAG_OWNER=clemoni
AIRFLOW_CTX_DAG_ID=scraping_daft_sligo
AIRFLOW_CTX_TASK_ID=persist_data
AIRFLOW_CTX_EXECUTION_DATE=2021-12-23T10:45:00+00:00
AIRFLOW_CTX_DAG_RUN_ID=scheduled__2021-12-23T10:45:00+00:00
[2021-12-24 10:45:20,075] {base.py:79} INFO - Using connection to: id: spark_default. Host: spark://spark:7077, Port: None, Schema: , Login: ***, Password: ***, extra: {}
[2021-12-24 10:45:20,078] {spark_submit.py:360} INFO - Spark-Submit cmd: spark-submit --master spark://spark:7077 --conf spark.master=spark://spark:7077 --name persist data --verbose /opt/***/jobs/persist_db.py sligo
[2021-12-24 10:45:21,955] {spark_submit.py:514} INFO - Using properties file: null
[2021-12-24 10:45:22,109] {spark_submit.py:514} INFO - WARNING: An illegal reflective access operation has occurred
[2021-12-24 10:45:22,111] {spark_submit.py:514} INFO - WARNING: Illegal reflective access by org.apache.spark.unsafe.Platform (file:/home/***/.local/lib/python3.6/site-packages/pyspark/jars/spark-unsafe_2.12-3.2.0.jar) to constructor java.nio.DirectByteBuffer(long,int)
[2021-12-24 10:45:22,113] {spark_submit.py:514} INFO - WARNING: Please consider reporting this to the maintainers of org.apache.spark.unsafe.Platform
[2021-12-24 10:45:22,114] {spark_submit.py:514} INFO - WARNING: Use --illegal-access=warn to enable warnings of further illegal reflective access operations
[2021-12-24 10:45:22,115] {spark_submit.py:514} INFO - WARNING: All illegal access operations will be denied in a future release
[2021-12-24 10:45:22,197] {spark_submit.py:514} INFO - Parsed arguments:
[2021-12-24 10:45:22,198] {spark_submit.py:514} INFO - master                  spark://spark:7077
[2021-12-24 10:45:22,199] {spark_submit.py:514} INFO - deployMode              null
[2021-12-24 10:45:22,200] {spark_submit.py:514} INFO - executorMemory          null
[2021-12-24 10:45:22,202] {spark_submit.py:514} INFO - executorCores           null
[2021-12-24 10:45:22,203] {spark_submit.py:514} INFO - totalExecutorCores      null
[2021-12-24 10:45:22,204] {spark_submit.py:514} INFO - propertiesFile          null
[2021-12-24 10:45:22,205] {spark_submit.py:514} INFO - driverMemory            null
[2021-12-24 10:45:22,206] {spark_submit.py:514} INFO - driverCores             null
[2021-12-24 10:45:22,207] {spark_submit.py:514} INFO - driverExtraClassPath    null
[2021-12-24 10:45:22,208] {spark_submit.py:514} INFO - driverExtraLibraryPath  null
[2021-12-24 10:45:22,211] {spark_submit.py:514} INFO - driverExtraJavaOptions  null
[2021-12-24 10:45:22,212] {spark_submit.py:514} INFO - supervise               false
[2021-12-24 10:45:22,213] {spark_submit.py:514} INFO - queue                   null
[2021-12-24 10:45:22,215] {spark_submit.py:514} INFO - numExecutors            null
[2021-12-24 10:45:22,216] {spark_submit.py:514} INFO - files                   null
[2021-12-24 10:45:22,217] {spark_submit.py:514} INFO - pyFiles                 null
[2021-12-24 10:45:22,224] {spark_submit.py:514} INFO - archives                null
[2021-12-24 10:45:22,225] {spark_submit.py:514} INFO - mainClass               null
[2021-12-24 10:45:22,226] {spark_submit.py:514} INFO - primaryResource         file:/opt/***/jobs/persist_db.py
[2021-12-24 10:45:22,228] {spark_submit.py:514} INFO - name                    persist data
[2021-12-24 10:45:22,229] {spark_submit.py:514} INFO - childArgs               [sligo]
[2021-12-24 10:45:22,230] {spark_submit.py:514} INFO - jars                    null
[2021-12-24 10:45:22,232] {spark_submit.py:514} INFO - packages                null
[2021-12-24 10:45:22,233] {spark_submit.py:514} INFO - packagesExclusions      null
[2021-12-24 10:45:22,235] {spark_submit.py:514} INFO - repositories            null
[2021-12-24 10:45:22,236] {spark_submit.py:514} INFO - verbose                 true
[2021-12-24 10:45:22,237] {spark_submit.py:514} INFO - 
[2021-12-24 10:45:22,238] {spark_submit.py:514} INFO - Spark properties used, including those specified through
[2021-12-24 10:45:22,239] {spark_submit.py:514} INFO - --conf and those from the properties file null:
[2021-12-24 10:45:22,240] {spark_submit.py:514} INFO - (spark.master,spark://spark:7077)
[2021-12-24 10:45:22,241] {spark_submit.py:514} INFO - 
[2021-12-24 10:45:22,243] {spark_submit.py:514} INFO - 
[2021-12-24 10:45:22,578] {spark_submit.py:514} INFO - Main class:
[2021-12-24 10:45:22,579] {spark_submit.py:514} INFO - org.apache.spark.deploy.PythonRunner
[2021-12-24 10:45:22,581] {spark_submit.py:514} INFO - Arguments:
[2021-12-24 10:45:22,582] {spark_submit.py:514} INFO - file:/opt/***/jobs/persist_db.py
[2021-12-24 10:45:22,583] {spark_submit.py:514} INFO - null
[2021-12-24 10:45:22,584] {spark_submit.py:514} INFO - sligo
[2021-12-24 10:45:22,585] {spark_submit.py:514} INFO - --verbose
[2021-12-24 10:45:22,586] {spark_submit.py:514} INFO - Spark config:
[2021-12-24 10:45:22,588] {spark_submit.py:514} INFO - (spark.master,spark://spark:7077)
[2021-12-24 10:45:22,589] {spark_submit.py:514} INFO - (spark.app.name,persist data)
[2021-12-24 10:45:22,590] {spark_submit.py:514} INFO - (spark.submit.pyFiles,)
[2021-12-24 10:45:22,591] {spark_submit.py:514} INFO - (spark.submit.deployMode,client)
[2021-12-24 10:45:22,593] {spark_submit.py:514} INFO - Classpath elements:
[2021-12-24 10:45:22,594] {spark_submit.py:514} INFO - 
[2021-12-24 10:45:22,595] {spark_submit.py:514} INFO - 
[2021-12-24 10:45:22,596] {spark_submit.py:514} INFO - 
[2021-12-24 10:45:23,838] {spark_submit.py:514} INFO - Using Spark's default log4j profile: org/apache/spark/log4j-defaults.properties
[2021-12-24 10:45:23,855] {spark_submit.py:514} INFO - 21/12/24 10:45:23 INFO SparkContext: Running Spark version 3.2.0
[2021-12-24 10:45:23,983] {spark_submit.py:514} INFO - 21/12/24 10:45:23 WARN NativeCodeLoader: Unable to load native-hadoop library for your platform... using builtin-java classes where applicable
[2021-12-24 10:45:24,211] {spark_submit.py:514} INFO - 21/12/24 10:45:24 INFO ResourceUtils: ==============================================================
[2021-12-24 10:45:24,212] {spark_submit.py:514} INFO - 21/12/24 10:45:24 INFO ResourceUtils: No custom resources configured for spark.driver.
[2021-12-24 10:45:24,214] {spark_submit.py:514} INFO - 21/12/24 10:45:24 INFO ResourceUtils: ==============================================================
[2021-12-24 10:45:24,215] {spark_submit.py:514} INFO - 21/12/24 10:45:24 INFO SparkContext: Submitted application: Persist DB
[2021-12-24 10:45:24,262] {spark_submit.py:514} INFO - 21/12/24 10:45:24 INFO ResourceProfile: Default ResourceProfile created, executor resources: Map(cores -> name: cores, amount: 1, script: , vendor: , memory -> name: memory, amount: 1024, script: , vendor: , offHeap -> name: offHeap, amount: 0, script: , vendor: ), task resources: Map(cpus -> name: cpus, amount: 1.0)
[2021-12-24 10:45:24,282] {spark_submit.py:514} INFO - 21/12/24 10:45:24 INFO ResourceProfile: Limiting resource is cpu
[2021-12-24 10:45:24,284] {spark_submit.py:514} INFO - 21/12/24 10:45:24 INFO ResourceProfileManager: Added ResourceProfile id: 0
[2021-12-24 10:45:24,386] {spark_submit.py:514} INFO - 21/12/24 10:45:24 INFO SecurityManager: Changing view acls to: ***
[2021-12-24 10:45:24,388] {spark_submit.py:514} INFO - 21/12/24 10:45:24 INFO SecurityManager: Changing modify acls to: ***
[2021-12-24 10:45:24,389] {spark_submit.py:514} INFO - 21/12/24 10:45:24 INFO SecurityManager: Changing view acls groups to:
[2021-12-24 10:45:24,389] {spark_submit.py:514} INFO - 21/12/24 10:45:24 INFO SecurityManager: Changing modify acls groups to:
[2021-12-24 10:45:24,390] {spark_submit.py:514} INFO - 21/12/24 10:45:24 INFO SecurityManager: SecurityManager: authentication disabled; ui acls disabled; users  with view permissions: Set(***); groups with view permissions: Set(); users  with modify permissions: Set(***); groups with modify permissions: Set()
[2021-12-24 10:45:24,825] {spark_submit.py:514} INFO - 21/12/24 10:45:24 INFO Utils: Successfully started service 'sparkDriver' on port 37445.
[2021-12-24 10:45:24,885] {spark_submit.py:514} INFO - 21/12/24 10:45:24 INFO SparkEnv: Registering MapOutputTracker
[2021-12-24 10:45:24,950] {spark_submit.py:514} INFO - 21/12/24 10:45:24 INFO SparkEnv: Registering BlockManagerMaster
[2021-12-24 10:45:24,988] {spark_submit.py:514} INFO - 21/12/24 10:45:24 INFO BlockManagerMasterEndpoint: Using org.apache.spark.storage.DefaultTopologyMapper for getting topology information
[2021-12-24 10:45:24,990] {spark_submit.py:514} INFO - 21/12/24 10:45:24 INFO BlockManagerMasterEndpoint: BlockManagerMasterEndpoint up
[2021-12-24 10:45:24,997] {spark_submit.py:514} INFO - 21/12/24 10:45:24 INFO SparkEnv: Registering BlockManagerMasterHeartbeat
[2021-12-24 10:45:25,038] {spark_submit.py:514} INFO - 21/12/24 10:45:25 INFO DiskBlockManager: Created local directory at /tmp/blockmgr-03e06451-2347-4455-9a64-c0ff03cc2688
[2021-12-24 10:45:25,069] {spark_submit.py:514} INFO - 21/12/24 10:45:25 INFO MemoryStore: MemoryStore started with capacity 434.4 MiB
[2021-12-24 10:45:25,094] {spark_submit.py:514} INFO - 21/12/24 10:45:25 INFO SparkEnv: Registering OutputCommitCoordinator
[2021-12-24 10:45:25,402] {spark_submit.py:514} INFO - 21/12/24 10:45:25 INFO Utils: Successfully started service 'SparkUI' on port 4040.
[2021-12-24 10:45:25,499] {spark_submit.py:514} INFO - 21/12/24 10:45:25 INFO SparkUI: Bound SparkUI to 0.0.0.0, and started at http://dd6c6a1cba03:4040
[2021-12-24 10:45:25,852] {spark_submit.py:514} INFO - 21/12/24 10:45:25 INFO StandaloneAppClient$ClientEndpoint: Connecting to master spark://spark:7077...
[2021-12-24 10:45:25,966] {spark_submit.py:514} INFO - 21/12/24 10:45:25 INFO TransportClientFactory: Successfully created connection to spark/172.21.0.4:7077 after 52 ms (0 ms spent in bootstraps)
[2021-12-24 10:45:26,100] {spark_submit.py:514} INFO - 21/12/24 10:45:26 INFO StandaloneSchedulerBackend: Connected to Spark cluster with app ID app-20211224104526-0072
[2021-12-24 10:45:26,104] {spark_submit.py:514} INFO - 21/12/24 10:45:26 INFO StandaloneAppClient$ClientEndpoint: Executor added: app-20211224104526-0072/0 on worker-20211224102243-172.21.0.6-46073 (172.21.0.6:46073) with 6 core(s)
[2021-12-24 10:45:26,107] {spark_submit.py:514} INFO - 21/12/24 10:45:26 INFO StandaloneSchedulerBackend: Granted executor ID app-20211224104526-0072/0 on hostPort 172.21.0.6:46073 with 6 core(s), 1024.0 MiB RAM
[2021-12-24 10:45:26,109] {spark_submit.py:514} INFO - 21/12/24 10:45:26 INFO StandaloneAppClient$ClientEndpoint: Executor added: app-20211224104526-0072/1 on worker-20211224102243-172.21.0.5-40097 (172.21.0.5:40097) with 6 core(s)
[2021-12-24 10:45:26,111] {spark_submit.py:514} INFO - 21/12/24 10:45:26 INFO StandaloneSchedulerBackend: Granted executor ID app-20211224104526-0072/1 on hostPort 172.21.0.5:40097 with 6 core(s), 1024.0 MiB RAM
[2021-12-24 10:45:26,124] {spark_submit.py:514} INFO - 21/12/24 10:45:26 INFO Utils: Successfully started service 'org.apache.spark.network.netty.NettyBlockTransferService' on port 39435.
[2021-12-24 10:45:26,125] {spark_submit.py:514} INFO - 21/12/24 10:45:26 INFO NettyBlockTransferService: Server created on dd6c6a1cba03:39435
[2021-12-24 10:45:26,127] {spark_submit.py:514} INFO - 21/12/24 10:45:26 INFO BlockManager: Using org.apache.spark.storage.RandomBlockReplicationPolicy for block replication policy
[2021-12-24 10:45:26,145] {spark_submit.py:514} INFO - 21/12/24 10:45:26 INFO BlockManagerMaster: Registering BlockManager BlockManagerId(driver, dd6c6a1cba03, 39435, None)
[2021-12-24 10:45:26,159] {spark_submit.py:514} INFO - 21/12/24 10:45:26 INFO BlockManagerMasterEndpoint: Registering block manager dd6c6a1cba03:39435 with 434.4 MiB RAM, BlockManagerId(driver, dd6c6a1cba03, 39435, None)
[2021-12-24 10:45:26,163] {spark_submit.py:514} INFO - 21/12/24 10:45:26 INFO BlockManagerMaster: Registered BlockManager BlockManagerId(driver, dd6c6a1cba03, 39435, None)
[2021-12-24 10:45:26,167] {spark_submit.py:514} INFO - 21/12/24 10:45:26 INFO BlockManager: Initialized BlockManager: BlockManagerId(driver, dd6c6a1cba03, 39435, None)
[2021-12-24 10:45:26,182] {spark_submit.py:514} INFO - 21/12/24 10:45:26 INFO StandaloneAppClient$ClientEndpoint: Executor updated: app-20211224104526-0072/1 is now RUNNING
[2021-12-24 10:45:26,184] {spark_submit.py:514} INFO - 21/12/24 10:45:26 INFO StandaloneAppClient$ClientEndpoint: Executor updated: app-20211224104526-0072/0 is now RUNNING
[2021-12-24 10:45:26,497] {spark_submit.py:514} INFO - 21/12/24 10:45:26 INFO StandaloneSchedulerBackend: SchedulerBackend is ready for scheduling beginning after reached minRegisteredResourcesRatio: 0.0
[2021-12-24 10:45:26,634] {spark_submit.py:514} INFO - /home/***/.local/lib/python3.6/site-packages/pyspark/python/lib/pyspark.zip/pyspark/context.py:238: FutureWarning: Python 3.6 support is deprecated in Spark 3.2.
[2021-12-24 10:45:26,636] {spark_submit.py:514} INFO - FutureWarning
[2021-12-24 10:45:27,053] {spark_submit.py:514} INFO - 21/12/24 10:45:27 INFO SharedState: Setting hive.metastore.warehouse.dir ('null') to the value of spark.sql.warehouse.dir.
[2021-12-24 10:45:27,094] {spark_submit.py:514} INFO - 21/12/24 10:45:27 INFO SharedState: Warehouse path is 'file:/opt/***/spark-warehouse'.
[2021-12-24 10:45:28,524] {spark_submit.py:514} INFO - 21/12/24 10:45:28 INFO SparkContext: Invoking stop() from shutdown hook
[2021-12-24 10:45:28,599] {spark_submit.py:514} INFO - 21/12/24 10:45:28 INFO SparkUI: Stopped Spark web UI at http://dd6c6a1cba03:4040
[2021-12-24 10:45:28,621] {spark_submit.py:514} INFO - 21/12/24 10:45:28 INFO StandaloneSchedulerBackend: Shutting down all executors
[2021-12-24 10:45:28,635] {spark_submit.py:514} INFO - 21/12/24 10:45:28 INFO CoarseGrainedSchedulerBackend$DriverEndpoint: Asking each executor to shut down
[2021-12-24 10:45:28,700] {spark_submit.py:514} INFO - 21/12/24 10:45:28 INFO MapOutputTrackerMasterEndpoint: MapOutputTrackerMasterEndpoint stopped!
[2021-12-24 10:45:28,741] {spark_submit.py:514} INFO - 21/12/24 10:45:28 INFO MemoryStore: MemoryStore cleared
[2021-12-24 10:45:28,743] {spark_submit.py:514} INFO - 21/12/24 10:45:28 INFO BlockManager: BlockManager stopped
[2021-12-24 10:45:28,761] {spark_submit.py:514} INFO - 21/12/24 10:45:28 INFO BlockManagerMaster: BlockManagerMaster stopped
[2021-12-24 10:45:28,767] {spark_submit.py:514} INFO - 21/12/24 10:45:28 INFO OutputCommitCoordinator$OutputCommitCoordinatorEndpoint: OutputCommitCoordinator stopped!
[2021-12-24 10:45:28,798] {spark_submit.py:514} INFO - 21/12/24 10:45:28 INFO SparkContext: Successfully stopped SparkContext
[2021-12-24 10:45:28,799] {spark_submit.py:514} INFO - 21/12/24 10:45:28 INFO ShutdownHookManager: Shutdown hook called
[2021-12-24 10:45:28,801] {spark_submit.py:514} INFO - 21/12/24 10:45:28 INFO ShutdownHookManager: Deleting directory /tmp/spark-250589b2-1da4-4293-bd2c-3c86ce89c721/pyspark-ed99fd66-35f8-45b9-8747-9889db0f5c39
[2021-12-24 10:45:28,805] {spark_submit.py:514} INFO - 21/12/24 10:45:28 INFO ShutdownHookManager: Deleting directory /tmp/spark-2ecb1e2a-f700-4d1d-9658-8f60f237f36c
[2021-12-24 10:45:28,810] {spark_submit.py:514} INFO - 21/12/24 10:45:28 INFO ShutdownHookManager: Deleting directory /tmp/spark-250589b2-1da4-4293-bd2c-3c86ce89c721
[2021-12-24 10:45:28,941] {taskinstance.py:1280} INFO - Marking task as SUCCESS. dag_id=scraping_daft_sligo, task_id=persist_data, execution_date=20211223T104500, start_date=20211224T104519, end_date=20211224T104528
[2021-12-24 10:45:29,003] {local_task_job.py:154} INFO - Task exited with return code 0
[2021-12-24 10:45:29,217] {local_task_job.py:264} INFO - 1 downstream tasks scheduled from follow-on schedule check
