[2021-12-13 16:13:02,171] {taskinstance.py:1035} INFO - Dependencies all met for <TaskInstance: scraping_daft_tipperary.remove_file scheduled__2021-12-12T05:30:00+00:00 [queued]>
[2021-12-13 16:13:02,204] {taskinstance.py:1035} INFO - Dependencies all met for <TaskInstance: scraping_daft_tipperary.remove_file scheduled__2021-12-12T05:30:00+00:00 [queued]>
[2021-12-13 16:13:02,206] {taskinstance.py:1241} INFO - 
--------------------------------------------------------------------------------
[2021-12-13 16:13:02,210] {taskinstance.py:1242} INFO - Starting attempt 1 of 4
[2021-12-13 16:13:02,211] {taskinstance.py:1243} INFO - 
--------------------------------------------------------------------------------
[2021-12-13 16:13:02,259] {taskinstance.py:1262} INFO - Executing <Task(SparkSubmitOperator): remove_file> on 2021-12-12 05:30:00+00:00
[2021-12-13 16:13:02,281] {standard_task_runner.py:76} INFO - Running: ['***', 'tasks', 'run', 'scraping_daft_tipperary', 'remove_file', 'scheduled__2021-12-12T05:30:00+00:00', '--job-id', '1777', '--raw', '--subdir', 'DAGS_FOLDER/scraping_daft_tipperary.py', '--cfg-path', '/tmp/tmp3t6qs13t', '--error-file', '/tmp/tmppizajbj8']
[2021-12-13 16:13:02,286] {standard_task_runner.py:77} INFO - Job 1777: Subtask remove_file
[2021-12-13 16:13:02,270] {standard_task_runner.py:52} INFO - Started process 3904 to run task
[2021-12-13 16:13:02,486] {logging_mixin.py:109} INFO - Running <TaskInstance: scraping_daft_tipperary.remove_file scheduled__2021-12-12T05:30:00+00:00 [running]> on host c81f81825bc0
[2021-12-13 16:13:02,731] {taskinstance.py:1429} INFO - Exporting the following env vars:
AIRFLOW_CTX_DAG_EMAIL=clement.liscoet@gmail.com
AIRFLOW_CTX_DAG_OWNER=clemoni
AIRFLOW_CTX_DAG_ID=scraping_daft_tipperary
AIRFLOW_CTX_TASK_ID=remove_file
AIRFLOW_CTX_EXECUTION_DATE=2021-12-12T05:30:00+00:00
AIRFLOW_CTX_DAG_RUN_ID=scheduled__2021-12-12T05:30:00+00:00
[2021-12-13 16:13:02,760] {base.py:79} INFO - Using connection to: id: spark_default. Host: spark://spark:7077, Port: None, Schema: , Login: ***, Password: ***, extra: {}
[2021-12-13 16:13:02,763] {spark_submit.py:360} INFO - Spark-Submit cmd: spark-submit --master spark://spark:7077 --conf spark.master=spark://spark:7077 --name remove file --verbose /opt/***/jobs/remove_file.py tipperary
[2021-12-13 16:13:04,941] {spark_submit.py:514} INFO - Using properties file: null
[2021-12-13 16:13:05,124] {spark_submit.py:514} INFO - WARNING: An illegal reflective access operation has occurred
[2021-12-13 16:13:05,126] {spark_submit.py:514} INFO - WARNING: Illegal reflective access by org.apache.spark.unsafe.Platform (file:/home/***/.local/lib/python3.6/site-packages/pyspark/jars/spark-unsafe_2.12-3.2.0.jar) to constructor java.nio.DirectByteBuffer(long,int)
[2021-12-13 16:13:05,128] {spark_submit.py:514} INFO - WARNING: Please consider reporting this to the maintainers of org.apache.spark.unsafe.Platform
[2021-12-13 16:13:05,130] {spark_submit.py:514} INFO - WARNING: Use --illegal-access=warn to enable warnings of further illegal reflective access operations
[2021-12-13 16:13:05,131] {spark_submit.py:514} INFO - WARNING: All illegal access operations will be denied in a future release
[2021-12-13 16:13:05,202] {spark_submit.py:514} INFO - Parsed arguments:
[2021-12-13 16:13:05,203] {spark_submit.py:514} INFO - master                  spark://spark:7077
[2021-12-13 16:13:05,204] {spark_submit.py:514} INFO - deployMode              null
[2021-12-13 16:13:05,205] {spark_submit.py:514} INFO - executorMemory          null
[2021-12-13 16:13:05,206] {spark_submit.py:514} INFO - executorCores           null
[2021-12-13 16:13:05,207] {spark_submit.py:514} INFO - totalExecutorCores      null
[2021-12-13 16:13:05,208] {spark_submit.py:514} INFO - propertiesFile          null
[2021-12-13 16:13:05,209] {spark_submit.py:514} INFO - driverMemory            null
[2021-12-13 16:13:05,211] {spark_submit.py:514} INFO - driverCores             null
[2021-12-13 16:13:05,211] {spark_submit.py:514} INFO - driverExtraClassPath    null
[2021-12-13 16:13:05,212] {spark_submit.py:514} INFO - driverExtraLibraryPath  null
[2021-12-13 16:13:05,214] {spark_submit.py:514} INFO - driverExtraJavaOptions  null
[2021-12-13 16:13:05,215] {spark_submit.py:514} INFO - supervise               false
[2021-12-13 16:13:05,216] {spark_submit.py:514} INFO - queue                   null
[2021-12-13 16:13:05,217] {spark_submit.py:514} INFO - numExecutors            null
[2021-12-13 16:13:05,219] {spark_submit.py:514} INFO - files                   null
[2021-12-13 16:13:05,220] {spark_submit.py:514} INFO - pyFiles                 null
[2021-12-13 16:13:05,220] {spark_submit.py:514} INFO - archives                null
[2021-12-13 16:13:05,221] {spark_submit.py:514} INFO - mainClass               null
[2021-12-13 16:13:05,222] {spark_submit.py:514} INFO - primaryResource         file:/opt/***/jobs/remove_file.py
[2021-12-13 16:13:05,223] {spark_submit.py:514} INFO - name                    remove file
[2021-12-13 16:13:05,224] {spark_submit.py:514} INFO - childArgs               [tipperary]
[2021-12-13 16:13:05,225] {spark_submit.py:514} INFO - jars                    null
[2021-12-13 16:13:05,226] {spark_submit.py:514} INFO - packages                null
[2021-12-13 16:13:05,227] {spark_submit.py:514} INFO - packagesExclusions      null
[2021-12-13 16:13:05,228] {spark_submit.py:514} INFO - repositories            null
[2021-12-13 16:13:05,229] {spark_submit.py:514} INFO - verbose                 true
[2021-12-13 16:13:05,231] {spark_submit.py:514} INFO - 
[2021-12-13 16:13:05,232] {spark_submit.py:514} INFO - Spark properties used, including those specified through
[2021-12-13 16:13:05,233] {spark_submit.py:514} INFO - --conf and those from the properties file null:
[2021-12-13 16:13:05,234] {spark_submit.py:514} INFO - (spark.master,spark://spark:7077)
[2021-12-13 16:13:05,235] {spark_submit.py:514} INFO - 
[2021-12-13 16:13:05,236] {spark_submit.py:514} INFO - 
[2021-12-13 16:13:05,593] {spark_submit.py:514} INFO - Main class:
[2021-12-13 16:13:05,599] {spark_submit.py:514} INFO - org.apache.spark.deploy.PythonRunner
[2021-12-13 16:13:05,603] {spark_submit.py:514} INFO - Arguments:
[2021-12-13 16:13:05,605] {spark_submit.py:514} INFO - file:/opt/***/jobs/remove_file.py
[2021-12-13 16:13:05,606] {spark_submit.py:514} INFO - null
[2021-12-13 16:13:05,609] {spark_submit.py:514} INFO - tipperary
[2021-12-13 16:13:05,610] {spark_submit.py:514} INFO - --verbose
[2021-12-13 16:13:05,611] {spark_submit.py:514} INFO - Spark config:
[2021-12-13 16:13:05,614] {spark_submit.py:514} INFO - (spark.app.name,remove file)
[2021-12-13 16:13:05,616] {spark_submit.py:514} INFO - (spark.master,spark://spark:7077)
[2021-12-13 16:13:05,617] {spark_submit.py:514} INFO - (spark.submit.pyFiles,)
[2021-12-13 16:13:05,619] {spark_submit.py:514} INFO - (spark.submit.deployMode,client)
[2021-12-13 16:13:05,624] {spark_submit.py:514} INFO - Classpath elements:
[2021-12-13 16:13:05,625] {spark_submit.py:514} INFO - 
[2021-12-13 16:13:05,626] {spark_submit.py:514} INFO - 
[2021-12-13 16:13:05,630] {spark_submit.py:514} INFO - 
[2021-12-13 16:13:07,258] {spark_submit.py:514} INFO - Using Spark's default log4j profile: org/apache/spark/log4j-defaults.properties
[2021-12-13 16:13:07,278] {spark_submit.py:514} INFO - 21/12/13 16:13:07 INFO SparkContext: Running Spark version 3.2.0
[2021-12-13 16:13:07,454] {spark_submit.py:514} INFO - 21/12/13 16:13:07 WARN NativeCodeLoader: Unable to load native-hadoop library for your platform... using builtin-java classes where applicable
[2021-12-13 16:13:07,788] {spark_submit.py:514} INFO - 21/12/13 16:13:07 INFO ResourceUtils: ==============================================================
[2021-12-13 16:13:07,789] {spark_submit.py:514} INFO - 21/12/13 16:13:07 INFO ResourceUtils: No custom resources configured for spark.driver.
[2021-12-13 16:13:07,790] {spark_submit.py:514} INFO - 21/12/13 16:13:07 INFO ResourceUtils: ==============================================================
[2021-12-13 16:13:07,791] {spark_submit.py:514} INFO - 21/12/13 16:13:07 INFO SparkContext: Submitted application: Remove file
[2021-12-13 16:13:07,828] {spark_submit.py:514} INFO - 21/12/13 16:13:07 INFO ResourceProfile: Default ResourceProfile created, executor resources: Map(cores -> name: cores, amount: 1, script: , vendor: , memory -> name: memory, amount: 1024, script: , vendor: , offHeap -> name: offHeap, amount: 0, script: , vendor: ), task resources: Map(cpus -> name: cpus, amount: 1.0)
[2021-12-13 16:13:07,854] {spark_submit.py:514} INFO - 21/12/13 16:13:07 INFO ResourceProfile: Limiting resource is cpu
[2021-12-13 16:13:07,857] {spark_submit.py:514} INFO - 21/12/13 16:13:07 INFO ResourceProfileManager: Added ResourceProfile id: 0
[2021-12-13 16:13:07,929] {spark_submit.py:514} INFO - 21/12/13 16:13:07 INFO SecurityManager: Changing view acls to: ***
[2021-12-13 16:13:07,930] {spark_submit.py:514} INFO - 21/12/13 16:13:07 INFO SecurityManager: Changing modify acls to: ***
[2021-12-13 16:13:07,986] {spark_submit.py:514} INFO - 21/12/13 16:13:07 INFO SecurityManager: Changing view acls groups to:
[2021-12-13 16:13:07,988] {spark_submit.py:514} INFO - 21/12/13 16:13:07 INFO SecurityManager: Changing modify acls groups to:
[2021-12-13 16:13:07,990] {spark_submit.py:514} INFO - 21/12/13 16:13:07 INFO SecurityManager: SecurityManager: authentication disabled; ui acls disabled; users  with view permissions: Set(***); groups with view permissions: Set(); users  with modify permissions: Set(***); groups with modify permissions: Set()
[2021-12-13 16:13:08,562] {spark_submit.py:514} INFO - 21/12/13 16:13:08 INFO Utils: Successfully started service 'sparkDriver' on port 42071.
[2021-12-13 16:13:08,635] {spark_submit.py:514} INFO - 21/12/13 16:13:08 INFO SparkEnv: Registering MapOutputTracker
[2021-12-13 16:13:08,696] {spark_submit.py:514} INFO - 21/12/13 16:13:08 INFO SparkEnv: Registering BlockManagerMaster
[2021-12-13 16:13:08,727] {spark_submit.py:514} INFO - 21/12/13 16:13:08 INFO BlockManagerMasterEndpoint: Using org.apache.spark.storage.DefaultTopologyMapper for getting topology information
[2021-12-13 16:13:08,737] {spark_submit.py:514} INFO - 21/12/13 16:13:08 INFO BlockManagerMasterEndpoint: BlockManagerMasterEndpoint up
[2021-12-13 16:13:08,738] {spark_submit.py:514} INFO - 21/12/13 16:13:08 INFO SparkEnv: Registering BlockManagerMasterHeartbeat
[2021-12-13 16:13:08,844] {spark_submit.py:514} INFO - 21/12/13 16:13:08 INFO DiskBlockManager: Created local directory at /tmp/blockmgr-314222b9-00c0-4103-b312-943cd911be13
[2021-12-13 16:13:08,956] {spark_submit.py:514} INFO - 21/12/13 16:13:08 INFO MemoryStore: MemoryStore started with capacity 434.4 MiB
[2021-12-13 16:13:09,005] {spark_submit.py:514} INFO - 21/12/13 16:13:09 INFO SparkEnv: Registering OutputCommitCoordinator
[2021-12-13 16:13:12,930] {spark_submit.py:514} INFO - 21/12/13 16:13:12 WARN Utils: Service 'SparkUI' could not bind on port 4040. Attempting port 4041.
[2021-12-13 16:13:13,000] {spark_submit.py:514} INFO - 21/12/13 16:13:12 INFO Utils: Successfully started service 'SparkUI' on port 4041.
[2021-12-13 16:13:13,681] {spark_submit.py:514} INFO - 21/12/13 16:13:13 INFO SparkUI: Bound SparkUI to 0.0.0.0, and started at http://c81f81825bc0:4041
[2021-12-13 16:13:14,480] {spark_submit.py:514} INFO - 21/12/13 16:13:14 INFO StandaloneAppClient$ClientEndpoint: Connecting to master spark://spark:7077...
[2021-12-13 16:13:14,644] {spark_submit.py:514} INFO - 21/12/13 16:13:14 INFO TransportClientFactory: Successfully created connection to spark/172.20.0.4:7077 after 75 ms (0 ms spent in bootstraps)
[2021-12-13 16:13:14,821] {spark_submit.py:514} INFO - 21/12/13 16:13:14 INFO StandaloneSchedulerBackend: Connected to Spark cluster with app ID app-20211213161314-0019
[2021-12-13 16:13:14,836] {spark_submit.py:514} INFO - 21/12/13 16:13:14 INFO Utils: Successfully started service 'org.apache.spark.network.netty.NettyBlockTransferService' on port 43313.
[2021-12-13 16:13:14,837] {spark_submit.py:514} INFO - 21/12/13 16:13:14 INFO NettyBlockTransferService: Server created on c81f81825bc0:43313
[2021-12-13 16:13:14,839] {spark_submit.py:514} INFO - 21/12/13 16:13:14 INFO BlockManager: Using org.apache.spark.storage.RandomBlockReplicationPolicy for block replication policy
[2021-12-13 16:13:14,851] {spark_submit.py:514} INFO - 21/12/13 16:13:14 INFO BlockManagerMaster: Registering BlockManager BlockManagerId(driver, c81f81825bc0, 43313, None)
[2021-12-13 16:13:14,861] {spark_submit.py:514} INFO - 21/12/13 16:13:14 INFO BlockManagerMasterEndpoint: Registering block manager c81f81825bc0:43313 with 434.4 MiB RAM, BlockManagerId(driver, c81f81825bc0, 43313, None)
[2021-12-13 16:13:14,869] {spark_submit.py:514} INFO - 21/12/13 16:13:14 INFO BlockManagerMaster: Registered BlockManager BlockManagerId(driver, c81f81825bc0, 43313, None)
[2021-12-13 16:13:14,872] {spark_submit.py:514} INFO - 21/12/13 16:13:14 INFO BlockManager: Initialized BlockManager: BlockManagerId(driver, c81f81825bc0, 43313, None)
[2021-12-13 16:13:15,304] {spark_submit.py:514} INFO - 21/12/13 16:13:15 INFO StandaloneSchedulerBackend: SchedulerBackend is ready for scheduling beginning after reached minRegisteredResourcesRatio: 0.0
[2021-12-13 16:13:15,398] {spark_submit.py:514} INFO - /home/***/.local/lib/python3.6/site-packages/pyspark/python/lib/pyspark.zip/pyspark/context.py:238: FutureWarning: Python 3.6 support is deprecated in Spark 3.2.
[2021-12-13 16:13:15,399] {spark_submit.py:514} INFO - FutureWarning
[2021-12-13 16:13:15,751] {spark_submit.py:514} INFO - 21/12/13 16:13:15 INFO SharedState: Setting hive.metastore.warehouse.dir ('null') to the value of spark.sql.warehouse.dir.
[2021-12-13 16:13:15,795] {spark_submit.py:514} INFO - 21/12/13 16:13:15 INFO SharedState: Warehouse path is 'file:/opt/***/spark-warehouse'.
[2021-12-13 16:13:17,330] {spark_submit.py:514} INFO - file: tipperary_rent.json deleted
[2021-12-13 16:13:18,061] {spark_submit.py:514} INFO - 21/12/13 16:13:18 INFO SparkContext: Invoking stop() from shutdown hook
[2021-12-13 16:13:18,135] {spark_submit.py:514} INFO - 21/12/13 16:13:18 INFO SparkUI: Stopped Spark web UI at http://c81f81825bc0:4041
[2021-12-13 16:13:18,167] {spark_submit.py:514} INFO - 21/12/13 16:13:18 INFO StandaloneSchedulerBackend: Shutting down all executors
[2021-12-13 16:13:18,193] {spark_submit.py:514} INFO - 21/12/13 16:13:18 INFO CoarseGrainedSchedulerBackend$DriverEndpoint: Asking each executor to shut down
[2021-12-13 16:13:18,380] {spark_submit.py:514} INFO - 21/12/13 16:13:18 INFO MapOutputTrackerMasterEndpoint: MapOutputTrackerMasterEndpoint stopped!
[2021-12-13 16:13:18,442] {spark_submit.py:514} INFO - 21/12/13 16:13:18 INFO MemoryStore: MemoryStore cleared
[2021-12-13 16:13:18,443] {spark_submit.py:514} INFO - 21/12/13 16:13:18 INFO BlockManager: BlockManager stopped
[2021-12-13 16:13:18,467] {spark_submit.py:514} INFO - 21/12/13 16:13:18 INFO BlockManagerMaster: BlockManagerMaster stopped
[2021-12-13 16:13:18,475] {spark_submit.py:514} INFO - 21/12/13 16:13:18 INFO OutputCommitCoordinator$OutputCommitCoordinatorEndpoint: OutputCommitCoordinator stopped!
[2021-12-13 16:13:18,565] {spark_submit.py:514} INFO - 21/12/13 16:13:18 INFO SparkContext: Successfully stopped SparkContext
[2021-12-13 16:13:18,572] {spark_submit.py:514} INFO - 21/12/13 16:13:18 INFO ShutdownHookManager: Shutdown hook called
[2021-12-13 16:13:18,575] {spark_submit.py:514} INFO - 21/12/13 16:13:18 INFO ShutdownHookManager: Deleting directory /tmp/spark-8c061431-144d-414e-b32d-7ee18fb3894d
[2021-12-13 16:13:18,587] {spark_submit.py:514} INFO - 21/12/13 16:13:18 INFO ShutdownHookManager: Deleting directory /tmp/spark-6e3407c6-ae1d-4f8a-a9e3-f842923e04cc
[2021-12-13 16:13:18,596] {spark_submit.py:514} INFO - 21/12/13 16:13:18 INFO ShutdownHookManager: Deleting directory /tmp/spark-6e3407c6-ae1d-4f8a-a9e3-f842923e04cc/pyspark-f39eaed9-38d7-45e4-8a2c-c6350aa95d9f
[2021-12-13 16:13:18,926] {taskinstance.py:1280} INFO - Marking task as SUCCESS. dag_id=scraping_daft_tipperary, task_id=remove_file, execution_date=20211212T053000, start_date=20211213T161302, end_date=20211213T161318
[2021-12-13 16:13:19,020] {local_task_job.py:154} INFO - Task exited with return code 0
[2021-12-13 16:13:19,182] {local_task_job.py:264} INFO - 0 downstream tasks scheduled from follow-on schedule check
