[2021-12-08 10:32:09,105] {taskinstance.py:1035} INFO - Dependencies all met for <TaskInstance: scraping_daft_waterford.remove_file scheduled__2021-12-07T05:45:00+00:00 [queued]>
[2021-12-08 10:32:09,136] {taskinstance.py:1035} INFO - Dependencies all met for <TaskInstance: scraping_daft_waterford.remove_file scheduled__2021-12-07T05:45:00+00:00 [queued]>
[2021-12-08 10:32:09,137] {taskinstance.py:1241} INFO - 
--------------------------------------------------------------------------------
[2021-12-08 10:32:09,138] {taskinstance.py:1242} INFO - Starting attempt 1 of 3
[2021-12-08 10:32:09,139] {taskinstance.py:1243} INFO - 
--------------------------------------------------------------------------------
[2021-12-08 10:32:09,166] {taskinstance.py:1262} INFO - Executing <Task(SparkSubmitOperator): remove_file> on 2021-12-07 05:45:00+00:00
[2021-12-08 10:32:09,184] {standard_task_runner.py:76} INFO - Running: ['***', 'tasks', 'run', 'scraping_daft_waterford', 'remove_file', 'scheduled__2021-12-07T05:45:00+00:00', '--job-id', '702', '--raw', '--subdir', 'DAGS_FOLDER/scraping_daft_waterford.py', '--cfg-path', '/tmp/tmp5mffm3cz', '--error-file', '/tmp/tmpw1ytpkgg']
[2021-12-08 10:32:09,176] {standard_task_runner.py:52} INFO - Started process 8116 to run task
[2021-12-08 10:32:09,187] {standard_task_runner.py:77} INFO - Job 702: Subtask remove_file
[2021-12-08 10:32:09,282] {logging_mixin.py:109} INFO - Running <TaskInstance: scraping_daft_waterford.remove_file scheduled__2021-12-07T05:45:00+00:00 [running]> on host 041e6f8654c3
[2021-12-08 10:32:09,410] {taskinstance.py:1429} INFO - Exporting the following env vars:
AIRFLOW_CTX_DAG_EMAIL=***@example.com
AIRFLOW_CTX_DAG_OWNER=clemoni
AIRFLOW_CTX_DAG_ID=scraping_daft_waterford
AIRFLOW_CTX_TASK_ID=remove_file
AIRFLOW_CTX_EXECUTION_DATE=2021-12-07T05:45:00+00:00
AIRFLOW_CTX_DAG_RUN_ID=scheduled__2021-12-07T05:45:00+00:00
[2021-12-08 10:32:09,430] {base.py:79} INFO - Using connection to: id: spark_default. Host: spark://spark:7077, Port: None, Schema: , Login: ***, Password: ***, extra: {}
[2021-12-08 10:32:09,433] {spark_submit.py:362} INFO - Spark-Submit cmd: spark-submit --master spark://spark:7077 --conf spark.master=spark://spark:7077 --name remove file --verbose /opt/***/jobs/remove_file.py waterford
[2021-12-08 10:32:11,075] {spark_submit.py:523} INFO - Using properties file: null
[2021-12-08 10:32:11,166] {spark_submit.py:523} INFO - WARNING: An illegal reflective access operation has occurred
[2021-12-08 10:32:11,167] {spark_submit.py:523} INFO - WARNING: Illegal reflective access by org.apache.spark.unsafe.Platform (file:/home/***/.local/lib/python3.6/site-packages/pyspark/jars/spark-unsafe_2.12-3.2.0.jar) to constructor java.nio.DirectByteBuffer(long,int)
[2021-12-08 10:32:11,168] {spark_submit.py:523} INFO - WARNING: Please consider reporting this to the maintainers of org.apache.spark.unsafe.Platform
[2021-12-08 10:32:11,169] {spark_submit.py:523} INFO - WARNING: Use --illegal-access=warn to enable warnings of further illegal reflective access operations
[2021-12-08 10:32:11,170] {spark_submit.py:523} INFO - WARNING: All illegal access operations will be denied in a future release
[2021-12-08 10:32:11,224] {spark_submit.py:523} INFO - Parsed arguments:
[2021-12-08 10:32:11,224] {spark_submit.py:523} INFO - master                  spark://spark:7077
[2021-12-08 10:32:11,225] {spark_submit.py:523} INFO - deployMode              null
[2021-12-08 10:32:11,226] {spark_submit.py:523} INFO - executorMemory          null
[2021-12-08 10:32:11,227] {spark_submit.py:523} INFO - executorCores           null
[2021-12-08 10:32:11,227] {spark_submit.py:523} INFO - totalExecutorCores      null
[2021-12-08 10:32:11,228] {spark_submit.py:523} INFO - propertiesFile          null
[2021-12-08 10:32:11,229] {spark_submit.py:523} INFO - driverMemory            null
[2021-12-08 10:32:11,229] {spark_submit.py:523} INFO - driverCores             null
[2021-12-08 10:32:11,230] {spark_submit.py:523} INFO - driverExtraClassPath    null
[2021-12-08 10:32:11,230] {spark_submit.py:523} INFO - driverExtraLibraryPath  null
[2021-12-08 10:32:11,232] {spark_submit.py:523} INFO - driverExtraJavaOptions  null
[2021-12-08 10:32:11,232] {spark_submit.py:523} INFO - supervise               false
[2021-12-08 10:32:11,233] {spark_submit.py:523} INFO - queue                   null
[2021-12-08 10:32:11,233] {spark_submit.py:523} INFO - numExecutors            null
[2021-12-08 10:32:11,234] {spark_submit.py:523} INFO - files                   null
[2021-12-08 10:32:11,235] {spark_submit.py:523} INFO - pyFiles                 null
[2021-12-08 10:32:11,235] {spark_submit.py:523} INFO - archives                null
[2021-12-08 10:32:11,236] {spark_submit.py:523} INFO - mainClass               null
[2021-12-08 10:32:11,237] {spark_submit.py:523} INFO - primaryResource         file:/opt/***/jobs/remove_file.py
[2021-12-08 10:32:11,237] {spark_submit.py:523} INFO - name                    remove file
[2021-12-08 10:32:11,238] {spark_submit.py:523} INFO - childArgs               [waterford]
[2021-12-08 10:32:11,239] {spark_submit.py:523} INFO - jars                    null
[2021-12-08 10:32:11,240] {spark_submit.py:523} INFO - packages                null
[2021-12-08 10:32:11,240] {spark_submit.py:523} INFO - packagesExclusions      null
[2021-12-08 10:32:11,241] {spark_submit.py:523} INFO - repositories            null
[2021-12-08 10:32:11,242] {spark_submit.py:523} INFO - verbose                 true
[2021-12-08 10:32:11,242] {spark_submit.py:523} INFO - 
[2021-12-08 10:32:11,243] {spark_submit.py:523} INFO - Spark properties used, including those specified through
[2021-12-08 10:32:11,244] {spark_submit.py:523} INFO - --conf and those from the properties file null:
[2021-12-08 10:32:11,245] {spark_submit.py:523} INFO - (spark.master,spark://spark:7077)
[2021-12-08 10:32:11,245] {spark_submit.py:523} INFO - 
[2021-12-08 10:32:11,246] {spark_submit.py:523} INFO - 
[2021-12-08 10:32:11,590] {spark_submit.py:523} INFO - Main class:
[2021-12-08 10:32:11,591] {spark_submit.py:523} INFO - org.apache.spark.deploy.PythonRunner
[2021-12-08 10:32:11,592] {spark_submit.py:523} INFO - Arguments:
[2021-12-08 10:32:11,593] {spark_submit.py:523} INFO - file:/opt/***/jobs/remove_file.py
[2021-12-08 10:32:11,595] {spark_submit.py:523} INFO - null
[2021-12-08 10:32:11,596] {spark_submit.py:523} INFO - waterford
[2021-12-08 10:32:11,597] {spark_submit.py:523} INFO - --verbose
[2021-12-08 10:32:11,598] {spark_submit.py:523} INFO - Spark config:
[2021-12-08 10:32:11,599] {spark_submit.py:523} INFO - (spark.app.name,remove file)
[2021-12-08 10:32:11,600] {spark_submit.py:523} INFO - (spark.master,spark://spark:7077)
[2021-12-08 10:32:11,601] {spark_submit.py:523} INFO - (spark.submit.pyFiles,)
[2021-12-08 10:32:11,601] {spark_submit.py:523} INFO - (spark.submit.deployMode,client)
[2021-12-08 10:32:11,602] {spark_submit.py:523} INFO - Classpath elements:
[2021-12-08 10:32:11,603] {spark_submit.py:523} INFO - 
[2021-12-08 10:32:11,604] {spark_submit.py:523} INFO - 
[2021-12-08 10:32:11,605] {spark_submit.py:523} INFO - 
[2021-12-08 10:32:13,257] {spark_submit.py:523} INFO - Using Spark's default log4j profile: org/apache/spark/log4j-defaults.properties
[2021-12-08 10:32:13,274] {spark_submit.py:523} INFO - 21/12/08 10:32:13 INFO SparkContext: Running Spark version 3.2.0
[2021-12-08 10:32:13,460] {spark_submit.py:523} INFO - 21/12/08 10:32:13 WARN NativeCodeLoader: Unable to load native-hadoop library for your platform... using builtin-java classes where applicable
[2021-12-08 10:32:13,788] {spark_submit.py:523} INFO - 21/12/08 10:32:13 INFO ResourceUtils: ==============================================================
[2021-12-08 10:32:13,789] {spark_submit.py:523} INFO - 21/12/08 10:32:13 INFO ResourceUtils: No custom resources configured for spark.driver.
[2021-12-08 10:32:13,790] {spark_submit.py:523} INFO - 21/12/08 10:32:13 INFO ResourceUtils: ==============================================================
[2021-12-08 10:32:13,792] {spark_submit.py:523} INFO - 21/12/08 10:32:13 INFO SparkContext: Submitted application: Remove file
[2021-12-08 10:32:13,849] {spark_submit.py:523} INFO - 21/12/08 10:32:13 INFO ResourceProfile: Default ResourceProfile created, executor resources: Map(cores -> name: cores, amount: 1, script: , vendor: , memory -> name: memory, amount: 1024, script: , vendor: , offHeap -> name: offHeap, amount: 0, script: , vendor: ), task resources: Map(cpus -> name: cpus, amount: 1.0)
[2021-12-08 10:32:13,868] {spark_submit.py:523} INFO - 21/12/08 10:32:13 INFO ResourceProfile: Limiting resource is cpu
[2021-12-08 10:32:13,869] {spark_submit.py:523} INFO - 21/12/08 10:32:13 INFO ResourceProfileManager: Added ResourceProfile id: 0
[2021-12-08 10:32:13,995] {spark_submit.py:523} INFO - 21/12/08 10:32:13 INFO SecurityManager: Changing view acls to: ***
[2021-12-08 10:32:13,997] {spark_submit.py:523} INFO - 21/12/08 10:32:13 INFO SecurityManager: Changing modify acls to: ***
[2021-12-08 10:32:13,998] {spark_submit.py:523} INFO - 21/12/08 10:32:13 INFO SecurityManager: Changing view acls groups to:
[2021-12-08 10:32:13,998] {spark_submit.py:523} INFO - 21/12/08 10:32:13 INFO SecurityManager: Changing modify acls groups to:
[2021-12-08 10:32:13,999] {spark_submit.py:523} INFO - 21/12/08 10:32:13 INFO SecurityManager: SecurityManager: authentication disabled; ui acls disabled; users  with view permissions: Set(***); groups with view permissions: Set(); users  with modify permissions: Set(***); groups with modify permissions: Set()
[2021-12-08 10:32:14,597] {spark_submit.py:523} INFO - 21/12/08 10:32:14 INFO Utils: Successfully started service 'sparkDriver' on port 38863.
[2021-12-08 10:32:14,674] {spark_submit.py:523} INFO - 21/12/08 10:32:14 INFO SparkEnv: Registering MapOutputTracker
[2021-12-08 10:32:14,733] {spark_submit.py:523} INFO - 21/12/08 10:32:14 INFO SparkEnv: Registering BlockManagerMaster
[2021-12-08 10:32:14,751] {spark_submit.py:523} INFO - 21/12/08 10:32:14 INFO BlockManagerMasterEndpoint: Using org.apache.spark.storage.DefaultTopologyMapper for getting topology information
[2021-12-08 10:32:14,753] {spark_submit.py:523} INFO - 21/12/08 10:32:14 INFO BlockManagerMasterEndpoint: BlockManagerMasterEndpoint up
[2021-12-08 10:32:14,760] {spark_submit.py:523} INFO - 21/12/08 10:32:14 INFO SparkEnv: Registering BlockManagerMasterHeartbeat
[2021-12-08 10:32:14,818] {spark_submit.py:523} INFO - 21/12/08 10:32:14 INFO DiskBlockManager: Created local directory at /tmp/blockmgr-1dee1dcb-6954-4a82-abfb-a3b922455f85
[2021-12-08 10:32:14,844] {spark_submit.py:523} INFO - 21/12/08 10:32:14 INFO MemoryStore: MemoryStore started with capacity 434.4 MiB
[2021-12-08 10:32:14,874] {spark_submit.py:523} INFO - 21/12/08 10:32:14 INFO SparkEnv: Registering OutputCommitCoordinator
[2021-12-08 10:32:15,228] {spark_submit.py:523} INFO - 21/12/08 10:32:15 WARN Utils: Service 'SparkUI' could not bind on port 4040. Attempting port 4041.
[2021-12-08 10:32:15,230] {spark_submit.py:523} INFO - 21/12/08 10:32:15 WARN Utils: Service 'SparkUI' could not bind on port 4041. Attempting port 4042.
[2021-12-08 10:32:15,256] {spark_submit.py:523} INFO - 21/12/08 10:32:15 INFO Utils: Successfully started service 'SparkUI' on port 4042.
[2021-12-08 10:32:15,390] {spark_submit.py:523} INFO - 21/12/08 10:32:15 INFO SparkUI: Bound SparkUI to 0.0.0.0, and started at http://041e6f8654c3:4042
[2021-12-08 10:32:15,845] {spark_submit.py:523} INFO - 21/12/08 10:32:15 INFO StandaloneAppClient$ClientEndpoint: Connecting to master spark://spark:7077...
[2021-12-08 10:32:16,053] {spark_submit.py:523} INFO - 21/12/08 10:32:16 INFO TransportClientFactory: Successfully created connection to spark/172.31.0.9:7077 after 68 ms (0 ms spent in bootstraps)
[2021-12-08 10:32:16,244] {spark_submit.py:523} INFO - 21/12/08 10:32:16 INFO StandaloneSchedulerBackend: Connected to Spark cluster with app ID app-20211208103216-0044
[2021-12-08 10:32:16,274] {spark_submit.py:523} INFO - 21/12/08 10:32:16 INFO Utils: Successfully started service 'org.apache.spark.network.netty.NettyBlockTransferService' on port 35935.
[2021-12-08 10:32:16,276] {spark_submit.py:523} INFO - 21/12/08 10:32:16 INFO NettyBlockTransferService: Server created on 041e6f8654c3:35935
[2021-12-08 10:32:16,281] {spark_submit.py:523} INFO - 21/12/08 10:32:16 INFO BlockManager: Using org.apache.spark.storage.RandomBlockReplicationPolicy for block replication policy
[2021-12-08 10:32:16,290] {spark_submit.py:523} INFO - 21/12/08 10:32:16 INFO BlockManagerMaster: Registering BlockManager BlockManagerId(driver, 041e6f8654c3, 35935, None)
[2021-12-08 10:32:16,308] {spark_submit.py:523} INFO - 21/12/08 10:32:16 INFO BlockManagerMasterEndpoint: Registering block manager 041e6f8654c3:35935 with 434.4 MiB RAM, BlockManagerId(driver, 041e6f8654c3, 35935, None)
[2021-12-08 10:32:16,326] {spark_submit.py:523} INFO - 21/12/08 10:32:16 INFO BlockManagerMaster: Registered BlockManager BlockManagerId(driver, 041e6f8654c3, 35935, None)
[2021-12-08 10:32:16,329] {spark_submit.py:523} INFO - 21/12/08 10:32:16 INFO BlockManager: Initialized BlockManager: BlockManagerId(driver, 041e6f8654c3, 35935, None)
[2021-12-08 10:32:16,625] {spark_submit.py:523} INFO - 21/12/08 10:32:16 INFO StandaloneSchedulerBackend: SchedulerBackend is ready for scheduling beginning after reached minRegisteredResourcesRatio: 0.0
[2021-12-08 10:32:16,689] {spark_submit.py:523} INFO - /home/***/.local/lib/python3.6/site-packages/pyspark/python/lib/pyspark.zip/pyspark/context.py:238: FutureWarning: Python 3.6 support is deprecated in Spark 3.2.
[2021-12-08 10:32:16,690] {spark_submit.py:523} INFO - FutureWarning
[2021-12-08 10:32:16,932] {spark_submit.py:523} INFO - 21/12/08 10:32:16 INFO SharedState: Setting hive.metastore.warehouse.dir ('null') to the value of spark.sql.warehouse.dir.
[2021-12-08 10:32:17,012] {spark_submit.py:523} INFO - 21/12/08 10:32:17 INFO SharedState: Warehouse path is 'file:/opt/***/spark-warehouse'.
[2021-12-08 10:32:18,510] {spark_submit.py:523} INFO - 21/12/08 10:32:18 INFO StandaloneAppClient$ClientEndpoint: Executor added: app-20211208103216-0044/0 on worker-20211208102114-172.31.0.11-46307 (172.31.0.11:46307) with 6 core(s)
[2021-12-08 10:32:18,512] {spark_submit.py:523} INFO - 21/12/08 10:32:18 INFO StandaloneSchedulerBackend: Granted executor ID app-20211208103216-0044/0 on hostPort 172.31.0.11:46307 with 6 core(s), 1024.0 MiB RAM
[2021-12-08 10:32:18,615] {spark_submit.py:523} INFO - 21/12/08 10:32:18 INFO StandaloneAppClient$ClientEndpoint: Executor updated: app-20211208103216-0044/0 is now RUNNING
[2021-12-08 10:32:18,630] {spark_submit.py:523} INFO - file: waterford_rent.json deleted
[2021-12-08 10:32:18,805] {spark_submit.py:523} INFO - 21/12/08 10:32:18 INFO SparkContext: Invoking stop() from shutdown hook
[2021-12-08 10:32:18,837] {spark_submit.py:523} INFO - 21/12/08 10:32:18 INFO SparkUI: Stopped Spark web UI at http://041e6f8654c3:4042
[2021-12-08 10:32:18,866] {spark_submit.py:523} INFO - 21/12/08 10:32:18 INFO StandaloneSchedulerBackend: Shutting down all executors
[2021-12-08 10:32:18,894] {spark_submit.py:523} INFO - 21/12/08 10:32:18 INFO CoarseGrainedSchedulerBackend$DriverEndpoint: Asking each executor to shut down
[2021-12-08 10:32:18,963] {spark_submit.py:523} INFO - 21/12/08 10:32:18 INFO MapOutputTrackerMasterEndpoint: MapOutputTrackerMasterEndpoint stopped!
[2021-12-08 10:32:19,027] {spark_submit.py:523} INFO - 21/12/08 10:32:19 INFO MemoryStore: MemoryStore cleared
[2021-12-08 10:32:19,029] {spark_submit.py:523} INFO - 21/12/08 10:32:19 INFO BlockManager: BlockManager stopped
[2021-12-08 10:32:19,038] {spark_submit.py:523} INFO - 21/12/08 10:32:19 INFO BlockManagerMaster: BlockManagerMaster stopped
[2021-12-08 10:32:19,046] {spark_submit.py:523} INFO - 21/12/08 10:32:19 INFO OutputCommitCoordinator$OutputCommitCoordinatorEndpoint: OutputCommitCoordinator stopped!
[2021-12-08 10:32:19,061] {spark_submit.py:523} INFO - 21/12/08 10:32:19 INFO SparkContext: Successfully stopped SparkContext
[2021-12-08 10:32:19,062] {spark_submit.py:523} INFO - 21/12/08 10:32:19 INFO ShutdownHookManager: Shutdown hook called
[2021-12-08 10:32:19,063] {spark_submit.py:523} INFO - 21/12/08 10:32:19 INFO ShutdownHookManager: Deleting directory /tmp/spark-40fac159-4111-4e0e-a7ee-bfc7a9844a0a
[2021-12-08 10:32:19,074] {spark_submit.py:523} INFO - 21/12/08 10:32:19 INFO ShutdownHookManager: Deleting directory /tmp/spark-5b95b558-a8c8-4366-95e0-53bb72dacab9/pyspark-317cf228-61e4-43b0-9244-2efb2c301b7b
[2021-12-08 10:32:19,080] {spark_submit.py:523} INFO - 21/12/08 10:32:19 INFO ShutdownHookManager: Deleting directory /tmp/spark-5b95b558-a8c8-4366-95e0-53bb72dacab9
[2021-12-08 10:32:19,249] {taskinstance.py:1280} INFO - Marking task as SUCCESS. dag_id=scraping_daft_waterford, task_id=remove_file, execution_date=20211207T054500, start_date=20211208T103209, end_date=20211208T103219
[2021-12-08 10:32:19,300] {local_task_job.py:154} INFO - Task exited with return code 0
[2021-12-08 10:32:19,450] {local_task_job.py:264} INFO - 0 downstream tasks scheduled from follow-on schedule check
