[2021-12-13 16:17:16,163] {taskinstance.py:1035} INFO - Dependencies all met for <TaskInstance: scraping_daft_monaghan.persist_data scheduled__2021-12-12T04:30:00+00:00 [queued]>
[2021-12-13 16:17:16,255] {taskinstance.py:1035} INFO - Dependencies all met for <TaskInstance: scraping_daft_monaghan.persist_data scheduled__2021-12-12T04:30:00+00:00 [queued]>
[2021-12-13 16:17:16,257] {taskinstance.py:1241} INFO - 
--------------------------------------------------------------------------------
[2021-12-13 16:17:16,263] {taskinstance.py:1242} INFO - Starting attempt 3 of 4
[2021-12-13 16:17:16,269] {taskinstance.py:1243} INFO - 
--------------------------------------------------------------------------------
[2021-12-13 16:17:16,350] {taskinstance.py:1262} INFO - Executing <Task(SparkSubmitOperator): persist_data> on 2021-12-12 04:30:00+00:00
[2021-12-13 16:17:16,393] {standard_task_runner.py:76} INFO - Running: ['***', 'tasks', 'run', 'scraping_daft_monaghan', 'persist_data', 'scheduled__2021-12-12T04:30:00+00:00', '--job-id', '1812', '--raw', '--subdir', 'DAGS_FOLDER/scraping_daft_monaghan.py', '--cfg-path', '/tmp/tmpkk8qcvaq', '--error-file', '/tmp/tmppnu1sji8']
[2021-12-13 16:17:16,379] {standard_task_runner.py:52} INFO - Started process 6759 to run task
[2021-12-13 16:17:16,415] {standard_task_runner.py:77} INFO - Job 1812: Subtask persist_data
[2021-12-13 16:17:16,839] {logging_mixin.py:109} INFO - Running <TaskInstance: scraping_daft_monaghan.persist_data scheduled__2021-12-12T04:30:00+00:00 [running]> on host c81f81825bc0
[2021-12-13 16:17:17,410] {taskinstance.py:1429} INFO - Exporting the following env vars:
AIRFLOW_CTX_DAG_EMAIL=clement.liscoet@gmail.com
AIRFLOW_CTX_DAG_OWNER=clemoni
AIRFLOW_CTX_DAG_ID=scraping_daft_monaghan
AIRFLOW_CTX_TASK_ID=persist_data
AIRFLOW_CTX_EXECUTION_DATE=2021-12-12T04:30:00+00:00
AIRFLOW_CTX_DAG_RUN_ID=scheduled__2021-12-12T04:30:00+00:00
[2021-12-13 16:17:17,517] {base.py:79} INFO - Using connection to: id: spark_default. Host: spark://spark:7077, Port: None, Schema: , Login: ***, Password: ***, extra: {}
[2021-12-13 16:17:17,524] {spark_submit.py:360} INFO - Spark-Submit cmd: spark-submit --master spark://spark:7077 --conf spark.master=spark://spark:7077 --name persist data --verbose /opt/***/jobs/persist_db.py monaghan
[2021-12-13 16:17:26,433] {spark_submit.py:514} INFO - Using properties file: null
[2021-12-13 16:17:26,682] {spark_submit.py:514} INFO - WARNING: An illegal reflective access operation has occurred
[2021-12-13 16:17:26,684] {spark_submit.py:514} INFO - WARNING: Illegal reflective access by org.apache.spark.unsafe.Platform (file:/home/***/.local/lib/python3.6/site-packages/pyspark/jars/spark-unsafe_2.12-3.2.0.jar) to constructor java.nio.DirectByteBuffer(long,int)
[2021-12-13 16:17:26,685] {spark_submit.py:514} INFO - WARNING: Please consider reporting this to the maintainers of org.apache.spark.unsafe.Platform
[2021-12-13 16:17:26,686] {spark_submit.py:514} INFO - WARNING: Use --illegal-access=warn to enable warnings of further illegal reflective access operations
[2021-12-13 16:17:26,686] {spark_submit.py:514} INFO - WARNING: All illegal access operations will be denied in a future release
[2021-12-13 16:17:26,864] {spark_submit.py:514} INFO - Parsed arguments:
[2021-12-13 16:17:26,865] {spark_submit.py:514} INFO - master                  spark://spark:7077
[2021-12-13 16:17:26,866] {spark_submit.py:514} INFO - deployMode              null
[2021-12-13 16:17:26,867] {spark_submit.py:514} INFO - executorMemory          null
[2021-12-13 16:17:26,867] {spark_submit.py:514} INFO - executorCores           null
[2021-12-13 16:17:26,868] {spark_submit.py:514} INFO - totalExecutorCores      null
[2021-12-13 16:17:26,869] {spark_submit.py:514} INFO - propertiesFile          null
[2021-12-13 16:17:26,870] {spark_submit.py:514} INFO - driverMemory            null
[2021-12-13 16:17:26,871] {spark_submit.py:514} INFO - driverCores             null
[2021-12-13 16:17:26,872] {spark_submit.py:514} INFO - driverExtraClassPath    null
[2021-12-13 16:17:26,873] {spark_submit.py:514} INFO - driverExtraLibraryPath  null
[2021-12-13 16:17:26,875] {spark_submit.py:514} INFO - driverExtraJavaOptions  null
[2021-12-13 16:17:26,876] {spark_submit.py:514} INFO - supervise               false
[2021-12-13 16:17:26,877] {spark_submit.py:514} INFO - queue                   null
[2021-12-13 16:17:26,878] {spark_submit.py:514} INFO - numExecutors            null
[2021-12-13 16:17:26,879] {spark_submit.py:514} INFO - files                   null
[2021-12-13 16:17:26,880] {spark_submit.py:514} INFO - pyFiles                 null
[2021-12-13 16:17:26,881] {spark_submit.py:514} INFO - archives                null
[2021-12-13 16:17:26,882] {spark_submit.py:514} INFO - mainClass               null
[2021-12-13 16:17:26,882] {spark_submit.py:514} INFO - primaryResource         file:/opt/***/jobs/persist_db.py
[2021-12-13 16:17:26,883] {spark_submit.py:514} INFO - name                    persist data
[2021-12-13 16:17:26,884] {spark_submit.py:514} INFO - childArgs               [monaghan]
[2021-12-13 16:17:26,885] {spark_submit.py:514} INFO - jars                    null
[2021-12-13 16:17:26,886] {spark_submit.py:514} INFO - packages                null
[2021-12-13 16:17:26,887] {spark_submit.py:514} INFO - packagesExclusions      null
[2021-12-13 16:17:26,887] {spark_submit.py:514} INFO - repositories            null
[2021-12-13 16:17:26,888] {spark_submit.py:514} INFO - verbose                 true
[2021-12-13 16:17:26,889] {spark_submit.py:514} INFO - 
[2021-12-13 16:17:26,889] {spark_submit.py:514} INFO - Spark properties used, including those specified through
[2021-12-13 16:17:26,890] {spark_submit.py:514} INFO - --conf and those from the properties file null:
[2021-12-13 16:17:26,891] {spark_submit.py:514} INFO - (spark.master,spark://spark:7077)
[2021-12-13 16:17:26,892] {spark_submit.py:514} INFO - 
[2021-12-13 16:17:26,893] {spark_submit.py:514} INFO - 
[2021-12-13 16:17:27,640] {spark_submit.py:514} INFO - Main class:
[2021-12-13 16:17:27,642] {spark_submit.py:514} INFO - org.apache.spark.deploy.PythonRunner
[2021-12-13 16:17:27,643] {spark_submit.py:514} INFO - Arguments:
[2021-12-13 16:17:27,646] {spark_submit.py:514} INFO - file:/opt/***/jobs/persist_db.py
[2021-12-13 16:17:27,649] {spark_submit.py:514} INFO - null
[2021-12-13 16:17:27,654] {spark_submit.py:514} INFO - monaghan
[2021-12-13 16:17:27,656] {spark_submit.py:514} INFO - --verbose
[2021-12-13 16:17:27,657] {spark_submit.py:514} INFO - Spark config:
[2021-12-13 16:17:27,658] {spark_submit.py:514} INFO - (spark.master,spark://spark:7077)
[2021-12-13 16:17:27,658] {spark_submit.py:514} INFO - (spark.app.name,persist data)
[2021-12-13 16:17:27,659] {spark_submit.py:514} INFO - (spark.submit.pyFiles,)
[2021-12-13 16:17:27,660] {spark_submit.py:514} INFO - (spark.submit.deployMode,client)
[2021-12-13 16:17:27,661] {spark_submit.py:514} INFO - Classpath elements:
[2021-12-13 16:17:27,662] {spark_submit.py:514} INFO - 
[2021-12-13 16:17:27,663] {spark_submit.py:514} INFO - 
[2021-12-13 16:17:27,664] {spark_submit.py:514} INFO - 
[2021-12-13 16:17:33,072] {spark_submit.py:514} INFO - Using Spark's default log4j profile: org/apache/spark/log4j-defaults.properties
[2021-12-13 16:17:33,108] {spark_submit.py:514} INFO - 21/12/13 16:17:33 INFO SparkContext: Running Spark version 3.2.0
[2021-12-13 16:17:33,595] {spark_submit.py:514} INFO - 21/12/13 16:17:33 WARN NativeCodeLoader: Unable to load native-hadoop library for your platform... using builtin-java classes where applicable
[2021-12-13 16:17:34,497] {spark_submit.py:514} INFO - 21/12/13 16:17:34 INFO ResourceUtils: ==============================================================
[2021-12-13 16:17:34,500] {spark_submit.py:514} INFO - 21/12/13 16:17:34 INFO ResourceUtils: No custom resources configured for spark.driver.
[2021-12-13 16:17:34,507] {spark_submit.py:514} INFO - 21/12/13 16:17:34 INFO ResourceUtils: ==============================================================
[2021-12-13 16:17:34,511] {spark_submit.py:514} INFO - 21/12/13 16:17:34 INFO SparkContext: Submitted application: Persist DB
[2021-12-13 16:17:34,762] {spark_submit.py:514} INFO - 21/12/13 16:17:34 INFO ResourceProfile: Default ResourceProfile created, executor resources: Map(cores -> name: cores, amount: 1, script: , vendor: , memory -> name: memory, amount: 1024, script: , vendor: , offHeap -> name: offHeap, amount: 0, script: , vendor: ), task resources: Map(cpus -> name: cpus, amount: 1.0)
[2021-12-13 16:17:34,786] {spark_submit.py:514} INFO - 21/12/13 16:17:34 INFO ResourceProfile: Limiting resource is cpu
[2021-12-13 16:17:34,790] {spark_submit.py:514} INFO - 21/12/13 16:17:34 INFO ResourceProfileManager: Added ResourceProfile id: 0
[2021-12-13 16:17:35,059] {spark_submit.py:514} INFO - 21/12/13 16:17:35 INFO SecurityManager: Changing view acls to: ***
[2021-12-13 16:17:35,066] {spark_submit.py:514} INFO - 21/12/13 16:17:35 INFO SecurityManager: Changing modify acls to: ***
[2021-12-13 16:17:35,067] {spark_submit.py:514} INFO - 21/12/13 16:17:35 INFO SecurityManager: Changing view acls groups to:
[2021-12-13 16:17:35,069] {spark_submit.py:514} INFO - 21/12/13 16:17:35 INFO SecurityManager: Changing modify acls groups to:
[2021-12-13 16:17:35,074] {spark_submit.py:514} INFO - 21/12/13 16:17:35 INFO SecurityManager: SecurityManager: authentication disabled; ui acls disabled; users  with view permissions: Set(***); groups with view permissions: Set(); users  with modify permissions: Set(***); groups with modify permissions: Set()
[2021-12-13 16:17:37,658] {spark_submit.py:514} INFO - 21/12/13 16:17:37 INFO Utils: Successfully started service 'sparkDriver' on port 44153.
[2021-12-13 16:17:37,891] {spark_submit.py:514} INFO - 21/12/13 16:17:37 INFO SparkEnv: Registering MapOutputTracker
[2021-12-13 16:17:38,010] {spark_submit.py:514} INFO - 21/12/13 16:17:38 INFO SparkEnv: Registering BlockManagerMaster
[2021-12-13 16:17:38,167] {spark_submit.py:514} INFO - 21/12/13 16:17:38 INFO BlockManagerMasterEndpoint: Using org.apache.spark.storage.DefaultTopologyMapper for getting topology information
[2021-12-13 16:17:38,169] {spark_submit.py:514} INFO - 21/12/13 16:17:38 INFO BlockManagerMasterEndpoint: BlockManagerMasterEndpoint up
[2021-12-13 16:17:38,214] {spark_submit.py:514} INFO - 21/12/13 16:17:38 INFO SparkEnv: Registering BlockManagerMasterHeartbeat
[2021-12-13 16:17:38,478] {spark_submit.py:514} INFO - 21/12/13 16:17:38 INFO DiskBlockManager: Created local directory at /tmp/blockmgr-946e1c7a-ffa4-4f78-987e-ea7296d61fdb
[2021-12-13 16:17:38,762] {spark_submit.py:514} INFO - 21/12/13 16:17:38 INFO MemoryStore: MemoryStore started with capacity 434.4 MiB
[2021-12-13 16:17:39,092] {spark_submit.py:514} INFO - 21/12/13 16:17:39 INFO SparkEnv: Registering OutputCommitCoordinator
[2021-12-13 16:17:40,302] {spark_submit.py:514} INFO - 21/12/13 16:17:40 WARN Utils: Service 'SparkUI' could not bind on port 4040. Attempting port 4041.
[2021-12-13 16:17:40,303] {spark_submit.py:514} INFO - 21/12/13 16:17:40 WARN Utils: Service 'SparkUI' could not bind on port 4041. Attempting port 4042.
[2021-12-13 16:17:40,304] {spark_submit.py:514} INFO - 21/12/13 16:17:40 WARN Utils: Service 'SparkUI' could not bind on port 4042. Attempting port 4043.
[2021-12-13 16:17:40,318] {spark_submit.py:514} INFO - 21/12/13 16:17:40 WARN Utils: Service 'SparkUI' could not bind on port 4043. Attempting port 4044.
[2021-12-13 16:17:40,328] {spark_submit.py:514} INFO - 21/12/13 16:17:40 WARN Utils: Service 'SparkUI' could not bind on port 4044. Attempting port 4045.
[2021-12-13 16:17:40,405] {spark_submit.py:514} INFO - 21/12/13 16:17:40 INFO Utils: Successfully started service 'SparkUI' on port 4045.
[2021-12-13 16:17:40,815] {spark_submit.py:514} INFO - 21/12/13 16:17:40 INFO SparkUI: Bound SparkUI to 0.0.0.0, and started at http://c81f81825bc0:4045
[2021-12-13 16:17:41,832] {spark_submit.py:514} INFO - 21/12/13 16:17:41 INFO StandaloneAppClient$ClientEndpoint: Connecting to master spark://spark:7077...
[2021-12-13 16:17:42,078] {spark_submit.py:514} INFO - 21/12/13 16:17:42 INFO TransportClientFactory: Successfully created connection to spark/172.20.0.4:7077 after 118 ms (0 ms spent in bootstraps)
[2021-12-13 16:17:42,743] {spark_submit.py:514} INFO - 21/12/13 16:17:42 INFO StandaloneSchedulerBackend: Connected to Spark cluster with app ID app-20211213161742-0039
[2021-12-13 16:17:42,791] {spark_submit.py:514} INFO - 21/12/13 16:17:42 INFO Utils: Successfully started service 'org.apache.spark.network.netty.NettyBlockTransferService' on port 44833.
[2021-12-13 16:17:42,812] {spark_submit.py:514} INFO - 21/12/13 16:17:42 INFO NettyBlockTransferService: Server created on c81f81825bc0:44833
[2021-12-13 16:17:42,821] {spark_submit.py:514} INFO - 21/12/13 16:17:42 INFO BlockManager: Using org.apache.spark.storage.RandomBlockReplicationPolicy for block replication policy
[2021-12-13 16:17:42,825] {spark_submit.py:514} INFO - 21/12/13 16:17:42 INFO BlockManagerMaster: Registering BlockManager BlockManagerId(driver, c81f81825bc0, 44833, None)
[2021-12-13 16:17:42,838] {spark_submit.py:514} INFO - 21/12/13 16:17:42 INFO BlockManagerMasterEndpoint: Registering block manager c81f81825bc0:44833 with 434.4 MiB RAM, BlockManagerId(driver, c81f81825bc0, 44833, None)
[2021-12-13 16:17:42,841] {spark_submit.py:514} INFO - 21/12/13 16:17:42 INFO BlockManagerMaster: Registered BlockManager BlockManagerId(driver, c81f81825bc0, 44833, None)
[2021-12-13 16:17:42,858] {spark_submit.py:514} INFO - 21/12/13 16:17:42 INFO BlockManager: Initialized BlockManager: BlockManagerId(driver, c81f81825bc0, 44833, None)
[2021-12-13 16:17:43,478] {spark_submit.py:514} INFO - 21/12/13 16:17:43 INFO StandaloneSchedulerBackend: SchedulerBackend is ready for scheduling beginning after reached minRegisteredResourcesRatio: 0.0
[2021-12-13 16:17:43,624] {spark_submit.py:514} INFO - /home/***/.local/lib/python3.6/site-packages/pyspark/python/lib/pyspark.zip/pyspark/context.py:238: FutureWarning: Python 3.6 support is deprecated in Spark 3.2.
[2021-12-13 16:17:43,626] {spark_submit.py:514} INFO - FutureWarning
[2021-12-13 16:17:44,514] {spark_submit.py:514} INFO - 21/12/13 16:17:44 INFO SharedState: Setting hive.metastore.warehouse.dir ('null') to the value of spark.sql.warehouse.dir.
[2021-12-13 16:17:44,603] {spark_submit.py:514} INFO - 21/12/13 16:17:44 INFO SharedState: Warehouse path is 'file:/opt/***/spark-warehouse'.
[2021-12-13 16:17:46,733] {spark_submit.py:514} INFO - Traceback (most recent call last):
[2021-12-13 16:17:46,735] {spark_submit.py:514} INFO - File "/opt/***/jobs/persist_db.py", line 65, in <module>
[2021-12-13 16:17:46,736] {spark_submit.py:514} INFO - new_ads_ids = set([ad['advert_id']for ad in new_ads])
[2021-12-13 16:17:46,737] {spark_submit.py:514} INFO - File "/opt/***/jobs/persist_db.py", line 65, in <listcomp>
[2021-12-13 16:17:46,738] {spark_submit.py:514} INFO - new_ads_ids = set([ad['advert_id']for ad in new_ads])
[2021-12-13 16:17:46,739] {spark_submit.py:514} INFO - TypeError: string indices must be integers
[2021-12-13 16:17:47,127] {spark_submit.py:514} INFO - 21/12/13 16:17:47 INFO SparkContext: Invoking stop() from shutdown hook
[2021-12-13 16:17:47,172] {spark_submit.py:514} INFO - 21/12/13 16:17:47 INFO SparkUI: Stopped Spark web UI at http://c81f81825bc0:4045
[2021-12-13 16:17:47,186] {spark_submit.py:514} INFO - 21/12/13 16:17:47 INFO StandaloneSchedulerBackend: Shutting down all executors
[2021-12-13 16:17:47,200] {spark_submit.py:514} INFO - 21/12/13 16:17:47 INFO CoarseGrainedSchedulerBackend$DriverEndpoint: Asking each executor to shut down
[2021-12-13 16:17:47,246] {spark_submit.py:514} INFO - 21/12/13 16:17:47 INFO MapOutputTrackerMasterEndpoint: MapOutputTrackerMasterEndpoint stopped!
[2021-12-13 16:17:47,330] {spark_submit.py:514} INFO - 21/12/13 16:17:47 INFO MemoryStore: MemoryStore cleared
[2021-12-13 16:17:47,336] {spark_submit.py:514} INFO - 21/12/13 16:17:47 INFO BlockManager: BlockManager stopped
[2021-12-13 16:17:47,358] {spark_submit.py:514} INFO - 21/12/13 16:17:47 INFO BlockManagerMaster: BlockManagerMaster stopped
[2021-12-13 16:17:47,365] {spark_submit.py:514} INFO - 21/12/13 16:17:47 INFO OutputCommitCoordinator$OutputCommitCoordinatorEndpoint: OutputCommitCoordinator stopped!
[2021-12-13 16:17:47,473] {spark_submit.py:514} INFO - 21/12/13 16:17:47 INFO SparkContext: Successfully stopped SparkContext
[2021-12-13 16:17:47,475] {spark_submit.py:514} INFO - 21/12/13 16:17:47 INFO ShutdownHookManager: Shutdown hook called
[2021-12-13 16:17:47,478] {spark_submit.py:514} INFO - 21/12/13 16:17:47 INFO ShutdownHookManager: Deleting directory /tmp/spark-07e838ce-941e-4f7c-b9e1-6313652dd21a
[2021-12-13 16:17:47,504] {spark_submit.py:514} INFO - 21/12/13 16:17:47 INFO ShutdownHookManager: Deleting directory /tmp/spark-854e5f06-53e3-43bc-9295-bd117bdadf54/pyspark-d887eb9e-7278-4234-b5bb-92e66ff34c9f
[2021-12-13 16:17:47,533] {spark_submit.py:514} INFO - 21/12/13 16:17:47 INFO ShutdownHookManager: Deleting directory /tmp/spark-854e5f06-53e3-43bc-9295-bd117bdadf54
[2021-12-13 16:17:47,887] {taskinstance.py:1703} ERROR - Task failed with exception
Traceback (most recent call last):
  File "/home/airflow/.local/lib/python3.6/site-packages/airflow/models/taskinstance.py", line 1332, in _run_raw_task
    self._execute_task_with_callbacks(context)
  File "/home/airflow/.local/lib/python3.6/site-packages/airflow/models/taskinstance.py", line 1458, in _execute_task_with_callbacks
    result = self._execute_task(context, self.task)
  File "/home/airflow/.local/lib/python3.6/site-packages/airflow/models/taskinstance.py", line 1514, in _execute_task
    result = execute_callable(context=context)
  File "/home/airflow/.local/lib/python3.6/site-packages/airflow/providers/apache/spark/operators/spark_submit.py", line 179, in execute
    self._hook.submit(self._application)
  File "/home/airflow/.local/lib/python3.6/site-packages/airflow/providers/apache/spark/hooks/spark_submit.py", line 446, in submit
    f"Cannot execute: {self._mask_cmd(spark_submit_cmd)}. Error code is: {returncode}."
airflow.exceptions.AirflowException: Cannot execute: spark-submit --master spark://spark:7077 --conf spark.master=spark://spark:7077 --name persist data --verbose /opt/***/jobs/persist_db.py monaghan. Error code is: 1.
[2021-12-13 16:17:47,904] {taskinstance.py:1280} INFO - Marking task as UP_FOR_RETRY. dag_id=scraping_daft_monaghan, task_id=persist_data, execution_date=20211212T043000, start_date=20211213T161716, end_date=20211213T161747
[2021-12-13 16:17:47,961] {standard_task_runner.py:91} ERROR - Failed to execute job 1812 for task persist_data
Traceback (most recent call last):
  File "/home/airflow/.local/lib/python3.6/site-packages/airflow/task/task_runner/standard_task_runner.py", line 85, in _start_by_fork
    args.func(args, dag=self.dag)
  File "/home/airflow/.local/lib/python3.6/site-packages/airflow/cli/cli_parser.py", line 48, in command
    return func(*args, **kwargs)
  File "/home/airflow/.local/lib/python3.6/site-packages/airflow/utils/cli.py", line 92, in wrapper
    return f(*args, **kwargs)
  File "/home/airflow/.local/lib/python3.6/site-packages/airflow/cli/commands/task_command.py", line 292, in task_run
    _run_task_by_selected_method(args, dag, ti)
  File "/home/airflow/.local/lib/python3.6/site-packages/airflow/cli/commands/task_command.py", line 107, in _run_task_by_selected_method
    _run_raw_task(args, ti)
  File "/home/airflow/.local/lib/python3.6/site-packages/airflow/cli/commands/task_command.py", line 184, in _run_raw_task
    error_file=args.error_file,
  File "/home/airflow/.local/lib/python3.6/site-packages/airflow/utils/session.py", line 70, in wrapper
    return func(*args, session=session, **kwargs)
  File "/home/airflow/.local/lib/python3.6/site-packages/airflow/models/taskinstance.py", line 1332, in _run_raw_task
    self._execute_task_with_callbacks(context)
  File "/home/airflow/.local/lib/python3.6/site-packages/airflow/models/taskinstance.py", line 1458, in _execute_task_with_callbacks
    result = self._execute_task(context, self.task)
  File "/home/airflow/.local/lib/python3.6/site-packages/airflow/models/taskinstance.py", line 1514, in _execute_task
    result = execute_callable(context=context)
  File "/home/airflow/.local/lib/python3.6/site-packages/airflow/providers/apache/spark/operators/spark_submit.py", line 179, in execute
    self._hook.submit(self._application)
  File "/home/airflow/.local/lib/python3.6/site-packages/airflow/providers/apache/spark/hooks/spark_submit.py", line 446, in submit
    f"Cannot execute: {self._mask_cmd(spark_submit_cmd)}. Error code is: {returncode}."
airflow.exceptions.AirflowException: Cannot execute: spark-submit --master spark://spark:7077 --conf spark.master=spark://spark:7077 --name persist data --verbose /opt/***/jobs/persist_db.py monaghan. Error code is: 1.
[2021-12-13 16:17:48,028] {local_task_job.py:154} INFO - Task exited with return code 1
[2021-12-13 16:17:48,211] {local_task_job.py:264} INFO - 0 downstream tasks scheduled from follow-on schedule check
