[2021-12-07 20:01:59,833] {taskinstance.py:1035} INFO - Dependencies all met for <TaskInstance: scraping_daft_longford.notify_slack manual__2021-12-07T20:00:12.745107+00:00 [queued]>
[2021-12-07 20:01:59,857] {taskinstance.py:1035} INFO - Dependencies all met for <TaskInstance: scraping_daft_longford.notify_slack manual__2021-12-07T20:00:12.745107+00:00 [queued]>
[2021-12-07 20:01:59,859] {taskinstance.py:1241} INFO - 
--------------------------------------------------------------------------------
[2021-12-07 20:01:59,860] {taskinstance.py:1242} INFO - Starting attempt 1 of 3
[2021-12-07 20:01:59,861] {taskinstance.py:1243} INFO - 
--------------------------------------------------------------------------------
[2021-12-07 20:01:59,901] {taskinstance.py:1262} INFO - Executing <Task(SlackWebhookOperator): notify_slack> on 2021-12-07 20:00:12.745107+00:00
[2021-12-07 20:01:59,916] {standard_task_runner.py:76} INFO - Running: ['***', 'tasks', 'run', 'scraping_daft_longford', 'notify_slack', 'manual__2021-12-07T20:00:12.745107+00:00', '--job-id', '494', '--raw', '--subdir', 'DAGS_FOLDER/scraping_daft_longford.py', '--cfg-path', '/tmp/tmp3e3vd9kf', '--error-file', '/tmp/tmpncj3vwrd']
[2021-12-07 20:01:59,919] {standard_task_runner.py:77} INFO - Job 494: Subtask notify_slack
[2021-12-07 20:01:59,911] {standard_task_runner.py:52} INFO - Started process 6545 to run task
[2021-12-07 20:02:00,103] {logging_mixin.py:109} INFO - Running <TaskInstance: scraping_daft_longford.notify_slack manual__2021-12-07T20:00:12.745107+00:00 [running]> on host 041e6f8654c3
[2021-12-07 20:02:00,531] {taskinstance.py:1429} INFO - Exporting the following env vars:
AIRFLOW_CTX_DAG_EMAIL=***@example.com
AIRFLOW_CTX_DAG_OWNER=clemoni
AIRFLOW_CTX_DAG_ID=scraping_daft_longford
AIRFLOW_CTX_TASK_ID=notify_slack
AIRFLOW_CTX_EXECUTION_DATE=2021-12-07T20:00:12.745107+00:00
AIRFLOW_CTX_DAG_RUN_ID=manual__2021-12-07T20:00:12.745107+00:00
[2021-12-07 20:02:00,618] {base.py:79} INFO - Using connection to: id: slack_connect. Host: https://hooks.slack.com/services/, Port: None, Schema: , Login: , Password: ***, extra: {}
[2021-12-07 20:02:00,706] {base.py:79} INFO - Using connection to: id: slack_connect. Host: https://hooks.slack.com/services/, Port: None, Schema: , Login: , Password: ***, extra: {}
[2021-12-07 20:02:00,934] {http.py:140} INFO - Sending 'POST' to url: https://hooks.slack.com/services/***
[2021-12-07 20:02:01,869] {taskinstance.py:1280} INFO - Marking task as SUCCESS. dag_id=scraping_daft_longford, task_id=notify_slack, execution_date=20211207T200012, start_date=20211207T200159, end_date=20211207T200201
[2021-12-07 20:02:01,962] {local_task_job.py:154} INFO - Task exited with return code 0
[2021-12-07 20:02:02,267] {local_task_job.py:264} INFO - 1 downstream tasks scheduled from follow-on schedule check
