[2021-12-26 10:10:00,528] {taskinstance.py:1035} INFO - Dependencies all met for <TaskInstance: scraping_daft_longford.run_init_county scheduled__2021-12-25T10:10:00+00:00 [queued]>
[2021-12-26 10:10:00,546] {taskinstance.py:1035} INFO - Dependencies all met for <TaskInstance: scraping_daft_longford.run_init_county scheduled__2021-12-25T10:10:00+00:00 [queued]>
[2021-12-26 10:10:00,548] {taskinstance.py:1241} INFO - 
--------------------------------------------------------------------------------
[2021-12-26 10:10:00,549] {taskinstance.py:1242} INFO - Starting attempt 1 of 4
[2021-12-26 10:10:00,550] {taskinstance.py:1243} INFO - 
--------------------------------------------------------------------------------
[2021-12-26 10:10:00,567] {taskinstance.py:1262} INFO - Executing <Task(_PythonDecoratedOperator): run_init_county> on 2021-12-25 10:10:00+00:00
[2021-12-26 10:10:00,576] {standard_task_runner.py:76} INFO - Running: ['***', 'tasks', 'run', 'scraping_daft_longford', 'run_init_county', 'scheduled__2021-12-25T10:10:00+00:00', '--job-id', '4662', '--raw', '--subdir', 'DAGS_FOLDER/scraping_daft_longford.py', '--cfg-path', '/tmp/tmpfrn4ps9e', '--error-file', '/tmp/tmp_m7o4vrm']
[2021-12-26 10:10:00,578] {standard_task_runner.py:77} INFO - Job 4662: Subtask run_init_county
[2021-12-26 10:10:00,571] {standard_task_runner.py:52} INFO - Started process 73524 to run task
[2021-12-26 10:10:00,697] {logging_mixin.py:109} INFO - Running <TaskInstance: scraping_daft_longford.run_init_county scheduled__2021-12-25T10:10:00+00:00 [running]> on host dd6c6a1cba03
[2021-12-26 10:10:00,904] {taskinstance.py:1429} INFO - Exporting the following env vars:
AIRFLOW_CTX_DAG_EMAIL=clement.liscoet@gmail.com
AIRFLOW_CTX_DAG_OWNER=clemoni
AIRFLOW_CTX_DAG_ID=scraping_daft_longford
AIRFLOW_CTX_TASK_ID=run_init_county
AIRFLOW_CTX_EXECUTION_DATE=2021-12-25T10:10:00+00:00
AIRFLOW_CTX_DAG_RUN_ID=scheduled__2021-12-25T10:10:00+00:00
[2021-12-26 10:10:00,956] {python.py:152} INFO - Done. Returned value was: None
[2021-12-26 10:10:01,021] {taskinstance.py:1280} INFO - Marking task as SUCCESS. dag_id=scraping_daft_longford, task_id=run_init_county, execution_date=20211225T101000, start_date=20211226T101000, end_date=20211226T101001
[2021-12-26 10:10:01,077] {local_task_job.py:154} INFO - Task exited with return code 0
[2021-12-26 10:10:01,203] {local_task_job.py:264} INFO - 1 downstream tasks scheduled from follow-on schedule check
