[2021-12-20 10:26:23,671] {taskinstance.py:1035} INFO - Dependencies all met for <TaskInstance: scraping_daft_meath.scrap_data scheduled__2021-12-19T10:25:00+00:00 [queued]>
[2021-12-20 10:26:23,786] {taskinstance.py:1035} INFO - Dependencies all met for <TaskInstance: scraping_daft_meath.scrap_data scheduled__2021-12-19T10:25:00+00:00 [queued]>
[2021-12-20 10:26:23,790] {taskinstance.py:1241} INFO - 
--------------------------------------------------------------------------------
[2021-12-20 10:26:23,792] {taskinstance.py:1242} INFO - Starting attempt 1 of 4
[2021-12-20 10:26:23,794] {taskinstance.py:1243} INFO - 
--------------------------------------------------------------------------------
[2021-12-20 10:26:23,903] {taskinstance.py:1262} INFO - Executing <Task(SparkSubmitOperator): scrap_data> on 2021-12-19 10:25:00+00:00
[2021-12-20 10:26:23,945] {standard_task_runner.py:76} INFO - Running: ['***', 'tasks', 'run', 'scraping_daft_meath', 'scrap_data', 'scheduled__2021-12-19T10:25:00+00:00', '--job-id', '3393', '--raw', '--subdir', 'DAGS_FOLDER/scraping_daft_meath.py', '--cfg-path', '/tmp/tmp1ja3izaz', '--error-file', '/tmp/tmpmvbml3sd']
[2021-12-20 10:26:23,954] {standard_task_runner.py:77} INFO - Job 3393: Subtask scrap_data
[2021-12-20 10:26:23,919] {standard_task_runner.py:52} INFO - Started process 235 to run task
[2021-12-20 10:26:24,524] {logging_mixin.py:109} INFO - Running <TaskInstance: scraping_daft_meath.scrap_data scheduled__2021-12-19T10:25:00+00:00 [running]> on host a35fe600e898
[2021-12-20 10:26:25,199] {taskinstance.py:1429} INFO - Exporting the following env vars:
AIRFLOW_CTX_DAG_EMAIL=clement.liscoet@gmail.com
AIRFLOW_CTX_DAG_OWNER=clemoni
AIRFLOW_CTX_DAG_ID=scraping_daft_meath
AIRFLOW_CTX_TASK_ID=scrap_data
AIRFLOW_CTX_EXECUTION_DATE=2021-12-19T10:25:00+00:00
AIRFLOW_CTX_DAG_RUN_ID=scheduled__2021-12-19T10:25:00+00:00
[2021-12-20 10:26:25,250] {base.py:79} INFO - Using connection to: id: spark_default. Host: spark://spark:7077, Port: None, Schema: , Login: ***, Password: ***, extra: {}
[2021-12-20 10:26:25,263] {spark_submit.py:360} INFO - Spark-Submit cmd: spark-submit --master spark://spark:7077 --conf spark.master=spark://spark:7077 --name scrap data --verbose /opt/***/jobs/get_ads_per_county.py meath
[2021-12-20 10:26:37,467] {spark_submit.py:514} INFO - Using properties file: null
[2021-12-20 10:26:38,496] {spark_submit.py:514} INFO - WARNING: An illegal reflective access operation has occurred
[2021-12-20 10:26:38,498] {spark_submit.py:514} INFO - WARNING: Illegal reflective access by org.apache.spark.unsafe.Platform (file:/home/***/.local/lib/python3.6/site-packages/pyspark/jars/spark-unsafe_2.12-3.2.0.jar) to constructor java.nio.DirectByteBuffer(long,int)
[2021-12-20 10:26:38,499] {spark_submit.py:514} INFO - WARNING: Please consider reporting this to the maintainers of org.apache.spark.unsafe.Platform
[2021-12-20 10:26:38,501] {spark_submit.py:514} INFO - WARNING: Use --illegal-access=warn to enable warnings of further illegal reflective access operations
[2021-12-20 10:26:38,502] {spark_submit.py:514} INFO - WARNING: All illegal access operations will be denied in a future release
[2021-12-20 10:26:39,142] {spark_submit.py:514} INFO - Parsed arguments:
[2021-12-20 10:26:39,145] {spark_submit.py:514} INFO - master                  spark://spark:7077
[2021-12-20 10:26:39,148] {spark_submit.py:514} INFO - deployMode              null
[2021-12-20 10:26:39,150] {spark_submit.py:514} INFO - executorMemory          null
[2021-12-20 10:26:39,152] {spark_submit.py:514} INFO - executorCores           null
[2021-12-20 10:26:39,154] {spark_submit.py:514} INFO - totalExecutorCores      null
[2021-12-20 10:26:39,157] {spark_submit.py:514} INFO - propertiesFile          null
[2021-12-20 10:26:39,161] {spark_submit.py:514} INFO - driverMemory            null
[2021-12-20 10:26:39,165] {spark_submit.py:514} INFO - driverCores             null
[2021-12-20 10:26:39,169] {spark_submit.py:514} INFO - driverExtraClassPath    null
[2021-12-20 10:26:39,170] {spark_submit.py:514} INFO - driverExtraLibraryPath  null
[2021-12-20 10:26:39,176] {spark_submit.py:514} INFO - driverExtraJavaOptions  null
[2021-12-20 10:26:39,178] {spark_submit.py:514} INFO - supervise               false
[2021-12-20 10:26:39,181] {spark_submit.py:514} INFO - queue                   null
[2021-12-20 10:26:39,182] {spark_submit.py:514} INFO - numExecutors            null
[2021-12-20 10:26:39,185] {spark_submit.py:514} INFO - files                   null
[2021-12-20 10:26:39,187] {spark_submit.py:514} INFO - pyFiles                 null
[2021-12-20 10:26:39,191] {spark_submit.py:514} INFO - archives                null
[2021-12-20 10:26:39,192] {spark_submit.py:514} INFO - mainClass               null
[2021-12-20 10:26:39,194] {spark_submit.py:514} INFO - primaryResource         file:/opt/***/jobs/get_ads_per_county.py
[2021-12-20 10:26:39,196] {spark_submit.py:514} INFO - name                    scrap data
[2021-12-20 10:26:39,199] {spark_submit.py:514} INFO - childArgs               [meath]
[2021-12-20 10:26:39,201] {spark_submit.py:514} INFO - jars                    null
[2021-12-20 10:26:39,206] {spark_submit.py:514} INFO - packages                null
[2021-12-20 10:26:39,208] {spark_submit.py:514} INFO - packagesExclusions      null
[2021-12-20 10:26:39,211] {spark_submit.py:514} INFO - repositories            null
[2021-12-20 10:26:39,212] {spark_submit.py:514} INFO - verbose                 true
[2021-12-20 10:26:39,214] {spark_submit.py:514} INFO - 
[2021-12-20 10:26:39,215] {spark_submit.py:514} INFO - Spark properties used, including those specified through
[2021-12-20 10:26:39,218] {spark_submit.py:514} INFO - --conf and those from the properties file null:
[2021-12-20 10:26:39,220] {spark_submit.py:514} INFO - (spark.master,spark://spark:7077)
[2021-12-20 10:26:39,223] {spark_submit.py:514} INFO - 
[2021-12-20 10:26:39,226] {spark_submit.py:514} INFO - 
[2021-12-20 10:26:40,127] {spark_submit.py:514} INFO - Main class:
[2021-12-20 10:26:40,130] {spark_submit.py:514} INFO - org.apache.spark.deploy.PythonRunner
[2021-12-20 10:26:40,131] {spark_submit.py:514} INFO - Arguments:
[2021-12-20 10:26:40,133] {spark_submit.py:514} INFO - file:/opt/***/jobs/get_ads_per_county.py
[2021-12-20 10:26:40,134] {spark_submit.py:514} INFO - null
[2021-12-20 10:26:40,135] {spark_submit.py:514} INFO - meath
[2021-12-20 10:26:40,136] {spark_submit.py:514} INFO - --verbose
[2021-12-20 10:26:40,140] {spark_submit.py:514} INFO - Spark config:
[2021-12-20 10:26:40,142] {spark_submit.py:514} INFO - (spark.app.name,scrap data)
[2021-12-20 10:26:40,143] {spark_submit.py:514} INFO - (spark.master,spark://spark:7077)
[2021-12-20 10:26:40,144] {spark_submit.py:514} INFO - (spark.submit.pyFiles,)
[2021-12-20 10:26:40,145] {spark_submit.py:514} INFO - (spark.submit.deployMode,client)
[2021-12-20 10:26:40,146] {spark_submit.py:514} INFO - Classpath elements:
[2021-12-20 10:26:40,147] {spark_submit.py:514} INFO - 
[2021-12-20 10:26:40,148] {spark_submit.py:514} INFO - 
[2021-12-20 10:26:40,149] {spark_submit.py:514} INFO - 
[2021-12-20 10:26:43,275] {spark_submit.py:514} INFO - Using Spark's default log4j profile: org/apache/spark/log4j-defaults.properties
[2021-12-20 10:26:43,312] {spark_submit.py:514} INFO - 21/12/20 10:26:43 INFO SparkContext: Running Spark version 3.2.0
[2021-12-20 10:26:43,795] {spark_submit.py:514} INFO - 21/12/20 10:26:43 WARN NativeCodeLoader: Unable to load native-hadoop library for your platform... using builtin-java classes where applicable
[2021-12-20 10:26:44,470] {spark_submit.py:514} INFO - 21/12/20 10:26:44 INFO ResourceUtils: ==============================================================
[2021-12-20 10:26:44,480] {spark_submit.py:514} INFO - 21/12/20 10:26:44 INFO ResourceUtils: No custom resources configured for spark.driver.
[2021-12-20 10:26:44,483] {spark_submit.py:514} INFO - 21/12/20 10:26:44 INFO ResourceUtils: ==============================================================
[2021-12-20 10:26:44,489] {spark_submit.py:514} INFO - 21/12/20 10:26:44 INFO SparkContext: Submitted application: Get Ads per county
[2021-12-20 10:26:44,689] {spark_submit.py:514} INFO - 21/12/20 10:26:44 INFO ResourceProfile: Default ResourceProfile created, executor resources: Map(cores -> name: cores, amount: 1, script: , vendor: , memory -> name: memory, amount: 1024, script: , vendor: , offHeap -> name: offHeap, amount: 0, script: , vendor: ), task resources: Map(cpus -> name: cpus, amount: 1.0)
[2021-12-20 10:26:44,737] {spark_submit.py:514} INFO - 21/12/20 10:26:44 INFO ResourceProfile: Limiting resource is cpu
[2021-12-20 10:26:44,739] {spark_submit.py:514} INFO - 21/12/20 10:26:44 INFO ResourceProfileManager: Added ResourceProfile id: 0
[2021-12-20 10:26:45,232] {spark_submit.py:514} INFO - 21/12/20 10:26:45 INFO SecurityManager: Changing view acls to: ***
[2021-12-20 10:26:45,233] {spark_submit.py:514} INFO - 21/12/20 10:26:45 INFO SecurityManager: Changing modify acls to: ***
[2021-12-20 10:26:45,235] {spark_submit.py:514} INFO - 21/12/20 10:26:45 INFO SecurityManager: Changing view acls groups to:
[2021-12-20 10:26:45,236] {spark_submit.py:514} INFO - 21/12/20 10:26:45 INFO SecurityManager: Changing modify acls groups to:
[2021-12-20 10:26:45,240] {spark_submit.py:514} INFO - 21/12/20 10:26:45 INFO SecurityManager: SecurityManager: authentication disabled; ui acls disabled; users  with view permissions: Set(***); groups with view permissions: Set(); users  with modify permissions: Set(***); groups with modify permissions: Set()
[2021-12-20 10:26:46,850] {spark_submit.py:514} INFO - 21/12/20 10:26:46 INFO Utils: Successfully started service 'sparkDriver' on port 40323.
[2021-12-20 10:26:47,024] {spark_submit.py:514} INFO - 21/12/20 10:26:47 INFO SparkEnv: Registering MapOutputTracker
[2021-12-20 10:26:47,207] {spark_submit.py:514} INFO - 21/12/20 10:26:47 INFO SparkEnv: Registering BlockManagerMaster
[2021-12-20 10:26:47,294] {spark_submit.py:514} INFO - 21/12/20 10:26:47 INFO BlockManagerMasterEndpoint: Using org.apache.spark.storage.DefaultTopologyMapper for getting topology information
[2021-12-20 10:26:47,295] {spark_submit.py:514} INFO - 21/12/20 10:26:47 INFO BlockManagerMasterEndpoint: BlockManagerMasterEndpoint up
[2021-12-20 10:26:47,315] {spark_submit.py:514} INFO - 21/12/20 10:26:47 INFO SparkEnv: Registering BlockManagerMasterHeartbeat
[2021-12-20 10:26:47,445] {spark_submit.py:514} INFO - 21/12/20 10:26:47 INFO DiskBlockManager: Created local directory at /tmp/blockmgr-190c69de-e377-444c-92de-ac1055b94e1f
[2021-12-20 10:26:47,594] {spark_submit.py:514} INFO - 21/12/20 10:26:47 INFO MemoryStore: MemoryStore started with capacity 434.4 MiB
[2021-12-20 10:26:47,719] {spark_submit.py:514} INFO - 21/12/20 10:26:47 INFO SparkEnv: Registering OutputCommitCoordinator
[2021-12-20 10:26:48,940] {spark_submit.py:514} INFO - 21/12/20 10:26:48 WARN Utils: Service 'SparkUI' could not bind on port 4040. Attempting port 4041.
[2021-12-20 10:26:48,945] {spark_submit.py:514} INFO - 21/12/20 10:26:48 WARN Utils: Service 'SparkUI' could not bind on port 4041. Attempting port 4042.
[2021-12-20 10:26:48,948] {spark_submit.py:514} INFO - 21/12/20 10:26:48 WARN Utils: Service 'SparkUI' could not bind on port 4042. Attempting port 4043.
[2021-12-20 10:26:49,015] {spark_submit.py:514} INFO - 21/12/20 10:26:49 INFO Utils: Successfully started service 'SparkUI' on port 4043.
[2021-12-20 10:26:49,231] {spark_submit.py:514} INFO - 21/12/20 10:26:49 INFO SparkUI: Bound SparkUI to 0.0.0.0, and started at http://a35fe600e898:4043
[2021-12-20 10:26:49,868] {spark_submit.py:514} INFO - 21/12/20 10:26:49 INFO StandaloneAppClient$ClientEndpoint: Connecting to master spark://spark:7077...
[2021-12-20 10:26:50,143] {spark_submit.py:514} INFO - 21/12/20 10:26:50 WARN StandaloneAppClient$ClientEndpoint: Failed to connect to master spark:7077
[2021-12-20 10:26:50,145] {spark_submit.py:514} INFO - org.apache.spark.SparkException: Exception thrown in awaitResult:
[2021-12-20 10:26:50,146] {spark_submit.py:514} INFO - at org.apache.spark.util.ThreadUtils$.awaitResult(ThreadUtils.scala:301)
[2021-12-20 10:26:50,148] {spark_submit.py:514} INFO - at org.apache.spark.rpc.RpcTimeout.awaitResult(RpcTimeout.scala:75)
[2021-12-20 10:26:50,150] {spark_submit.py:514} INFO - at org.apache.spark.rpc.RpcEnv.setupEndpointRefByURI(RpcEnv.scala:101)
[2021-12-20 10:26:50,151] {spark_submit.py:514} INFO - at org.apache.spark.rpc.RpcEnv.setupEndpointRef(RpcEnv.scala:109)
[2021-12-20 10:26:50,151] {spark_submit.py:514} INFO - at org.apache.spark.deploy.client.StandaloneAppClient$ClientEndpoint$$anon$1.run(StandaloneAppClient.scala:107)
[2021-12-20 10:26:50,152] {spark_submit.py:514} INFO - at java.base/java.util.concurrent.Executors$RunnableAdapter.call(Executors.java:515)
[2021-12-20 10:26:50,153] {spark_submit.py:514} INFO - at java.base/java.util.concurrent.FutureTask.run(FutureTask.java:264)
[2021-12-20 10:26:50,154] {spark_submit.py:514} INFO - at java.base/java.util.concurrent.ThreadPoolExecutor.runWorker(ThreadPoolExecutor.java:1128)
[2021-12-20 10:26:50,156] {spark_submit.py:514} INFO - at java.base/java.util.concurrent.ThreadPoolExecutor$Worker.run(ThreadPoolExecutor.java:628)
[2021-12-20 10:26:50,157] {spark_submit.py:514} INFO - at java.base/java.lang.Thread.run(Thread.java:829)
[2021-12-20 10:26:50,158] {spark_submit.py:514} INFO - Caused by: java.io.IOException: Failed to connect to spark:7077
[2021-12-20 10:26:50,159] {spark_submit.py:514} INFO - at org.apache.spark.network.client.TransportClientFactory.createClient(TransportClientFactory.java:288)
[2021-12-20 10:26:50,160] {spark_submit.py:514} INFO - at org.apache.spark.network.client.TransportClientFactory.createClient(TransportClientFactory.java:218)
[2021-12-20 10:26:50,161] {spark_submit.py:514} INFO - at org.apache.spark.network.client.TransportClientFactory.createClient(TransportClientFactory.java:230)
[2021-12-20 10:26:50,162] {spark_submit.py:514} INFO - at org.apache.spark.rpc.netty.NettyRpcEnv.createClient(NettyRpcEnv.scala:204)
[2021-12-20 10:26:50,163] {spark_submit.py:514} INFO - at org.apache.spark.rpc.netty.Outbox$$anon$1.call(Outbox.scala:202)
[2021-12-20 10:26:50,164] {spark_submit.py:514} INFO - at org.apache.spark.rpc.netty.Outbox$$anon$1.call(Outbox.scala:198)
[2021-12-20 10:26:50,165] {spark_submit.py:514} INFO - ... 4 more
[2021-12-20 10:26:50,166] {spark_submit.py:514} INFO - Caused by: java.net.UnknownHostException: spark
[2021-12-20 10:26:50,167] {spark_submit.py:514} INFO - at java.base/java.net.InetAddress$CachedAddresses.get(InetAddress.java:797)
[2021-12-20 10:26:50,168] {spark_submit.py:514} INFO - at java.base/java.net.InetAddress.getAllByName0(InetAddress.java:1509)
[2021-12-20 10:26:50,169] {spark_submit.py:514} INFO - at java.base/java.net.InetAddress.getAllByName(InetAddress.java:1368)
[2021-12-20 10:26:50,171] {spark_submit.py:514} INFO - at java.base/java.net.InetAddress.getAllByName(InetAddress.java:1302)
[2021-12-20 10:26:50,172] {spark_submit.py:514} INFO - at java.base/java.net.InetAddress.getByName(InetAddress.java:1252)
[2021-12-20 10:26:50,173] {spark_submit.py:514} INFO - at io.netty.util.internal.SocketUtils$8.run(SocketUtils.java:156)
[2021-12-20 10:26:50,174] {spark_submit.py:514} INFO - at io.netty.util.internal.SocketUtils$8.run(SocketUtils.java:153)
[2021-12-20 10:26:50,175] {spark_submit.py:514} INFO - at java.base/java.security.AccessController.doPrivileged(Native Method)
[2021-12-20 10:26:50,176] {spark_submit.py:514} INFO - at io.netty.util.internal.SocketUtils.addressByName(SocketUtils.java:153)
[2021-12-20 10:26:50,177] {spark_submit.py:514} INFO - at io.netty.resolver.DefaultNameResolver.doResolve(DefaultNameResolver.java:41)
[2021-12-20 10:26:50,180] {spark_submit.py:514} INFO - at io.netty.resolver.SimpleNameResolver.resolve(SimpleNameResolver.java:61)
[2021-12-20 10:26:50,181] {spark_submit.py:514} INFO - at io.netty.resolver.SimpleNameResolver.resolve(SimpleNameResolver.java:53)
[2021-12-20 10:26:50,182] {spark_submit.py:514} INFO - at io.netty.resolver.InetSocketAddressResolver.doResolve(InetSocketAddressResolver.java:55)
[2021-12-20 10:26:50,183] {spark_submit.py:514} INFO - at io.netty.resolver.InetSocketAddressResolver.doResolve(InetSocketAddressResolver.java:31)
[2021-12-20 10:26:50,184] {spark_submit.py:514} INFO - at io.netty.resolver.AbstractAddressResolver.resolve(AbstractAddressResolver.java:106)
[2021-12-20 10:26:50,186] {spark_submit.py:514} INFO - at io.netty.bootstrap.Bootstrap.doResolveAndConnect0(Bootstrap.java:206)
[2021-12-20 10:26:50,187] {spark_submit.py:514} INFO - at io.netty.bootstrap.Bootstrap.access$000(Bootstrap.java:46)
[2021-12-20 10:26:50,188] {spark_submit.py:514} INFO - at io.netty.bootstrap.Bootstrap$1.operationComplete(Bootstrap.java:180)
[2021-12-20 10:26:50,189] {spark_submit.py:514} INFO - at io.netty.bootstrap.Bootstrap$1.operationComplete(Bootstrap.java:166)
[2021-12-20 10:26:50,190] {spark_submit.py:514} INFO - at io.netty.util.concurrent.DefaultPromise.notifyListener0(DefaultPromise.java:578)
[2021-12-20 10:26:50,191] {spark_submit.py:514} INFO - at io.netty.util.concurrent.DefaultPromise.notifyListenersNow(DefaultPromise.java:552)
[2021-12-20 10:26:50,192] {spark_submit.py:514} INFO - at io.netty.util.concurrent.DefaultPromise.notifyListeners(DefaultPromise.java:491)
[2021-12-20 10:26:50,193] {spark_submit.py:514} INFO - at io.netty.util.concurrent.DefaultPromise.setValue0(DefaultPromise.java:616)
[2021-12-20 10:26:50,195] {spark_submit.py:514} INFO - at io.netty.util.concurrent.DefaultPromise.setSuccess0(DefaultPromise.java:605)
[2021-12-20 10:26:50,196] {spark_submit.py:514} INFO - at io.netty.util.concurrent.DefaultPromise.trySuccess(DefaultPromise.java:104)
[2021-12-20 10:26:50,196] {spark_submit.py:514} INFO - at io.netty.channel.DefaultChannelPromise.trySuccess(DefaultChannelPromise.java:84)
[2021-12-20 10:26:50,197] {spark_submit.py:514} INFO - at io.netty.channel.AbstractChannel$AbstractUnsafe.safeSetSuccess(AbstractChannel.java:1008)
[2021-12-20 10:26:50,198] {spark_submit.py:514} INFO - at io.netty.channel.AbstractChannel$AbstractUnsafe.register0(AbstractChannel.java:516)
[2021-12-20 10:26:50,199] {spark_submit.py:514} INFO - at io.netty.channel.AbstractChannel$AbstractUnsafe.access$200(AbstractChannel.java:429)
[2021-12-20 10:26:50,200] {spark_submit.py:514} INFO - at io.netty.channel.AbstractChannel$AbstractUnsafe$1.run(AbstractChannel.java:486)
[2021-12-20 10:26:50,201] {spark_submit.py:514} INFO - at io.netty.util.concurrent.AbstractEventExecutor.safeExecute(AbstractEventExecutor.java:164)
[2021-12-20 10:26:50,202] {spark_submit.py:514} INFO - at io.netty.util.concurrent.SingleThreadEventExecutor.runAllTasks(SingleThreadEventExecutor.java:469)
[2021-12-20 10:26:50,203] {spark_submit.py:514} INFO - at io.netty.channel.nio.NioEventLoop.run(NioEventLoop.java:500)
[2021-12-20 10:26:50,204] {spark_submit.py:514} INFO - at io.netty.util.concurrent.SingleThreadEventExecutor$4.run(SingleThreadEventExecutor.java:986)
[2021-12-20 10:26:50,205] {spark_submit.py:514} INFO - at io.netty.util.internal.ThreadExecutorMap$2.run(ThreadExecutorMap.java:74)
[2021-12-20 10:26:50,206] {spark_submit.py:514} INFO - at io.netty.util.concurrent.FastThreadLocalRunnable.run(FastThreadLocalRunnable.java:30)
[2021-12-20 10:26:50,207] {spark_submit.py:514} INFO - ... 1 more
[2021-12-20 10:27:09,815] {spark_submit.py:514} INFO - 21/12/20 10:27:09 INFO StandaloneAppClient$ClientEndpoint: Connecting to master spark://spark:7077...
[2021-12-20 10:27:09,847] {spark_submit.py:514} INFO - 21/12/20 10:27:09 WARN StandaloneAppClient$ClientEndpoint: Failed to connect to master spark:7077
[2021-12-20 10:27:09,849] {spark_submit.py:514} INFO - org.apache.spark.SparkException: Exception thrown in awaitResult:
[2021-12-20 10:27:09,850] {spark_submit.py:514} INFO - at org.apache.spark.util.ThreadUtils$.awaitResult(ThreadUtils.scala:301)
[2021-12-20 10:27:09,852] {spark_submit.py:514} INFO - at org.apache.spark.rpc.RpcTimeout.awaitResult(RpcTimeout.scala:75)
[2021-12-20 10:27:09,853] {spark_submit.py:514} INFO - at org.apache.spark.rpc.RpcEnv.setupEndpointRefByURI(RpcEnv.scala:101)
[2021-12-20 10:27:09,855] {spark_submit.py:514} INFO - at org.apache.spark.rpc.RpcEnv.setupEndpointRef(RpcEnv.scala:109)
[2021-12-20 10:27:09,856] {spark_submit.py:514} INFO - at org.apache.spark.deploy.client.StandaloneAppClient$ClientEndpoint$$anon$1.run(StandaloneAppClient.scala:107)
[2021-12-20 10:27:09,858] {spark_submit.py:514} INFO - at java.base/java.util.concurrent.Executors$RunnableAdapter.call(Executors.java:515)
[2021-12-20 10:27:09,860] {spark_submit.py:514} INFO - at java.base/java.util.concurrent.FutureTask.run(FutureTask.java:264)
[2021-12-20 10:27:09,861] {spark_submit.py:514} INFO - at java.base/java.util.concurrent.ThreadPoolExecutor.runWorker(ThreadPoolExecutor.java:1128)
[2021-12-20 10:27:09,862] {spark_submit.py:514} INFO - at java.base/java.util.concurrent.ThreadPoolExecutor$Worker.run(ThreadPoolExecutor.java:628)
[2021-12-20 10:27:09,864] {spark_submit.py:514} INFO - at java.base/java.lang.Thread.run(Thread.java:829)
[2021-12-20 10:27:09,865] {spark_submit.py:514} INFO - Caused by: java.io.IOException: Failed to connect to spark:7077
[2021-12-20 10:27:09,866] {spark_submit.py:514} INFO - at org.apache.spark.network.client.TransportClientFactory.createClient(TransportClientFactory.java:288)
[2021-12-20 10:27:09,867] {spark_submit.py:514} INFO - at org.apache.spark.network.client.TransportClientFactory.createClient(TransportClientFactory.java:218)
[2021-12-20 10:27:09,869] {spark_submit.py:514} INFO - at org.apache.spark.network.client.TransportClientFactory.createClient(TransportClientFactory.java:230)
[2021-12-20 10:27:09,870] {spark_submit.py:514} INFO - at org.apache.spark.rpc.netty.NettyRpcEnv.createClient(NettyRpcEnv.scala:204)
[2021-12-20 10:27:09,871] {spark_submit.py:514} INFO - at org.apache.spark.rpc.netty.Outbox$$anon$1.call(Outbox.scala:202)
[2021-12-20 10:27:09,873] {spark_submit.py:514} INFO - at org.apache.spark.rpc.netty.Outbox$$anon$1.call(Outbox.scala:198)
[2021-12-20 10:27:09,884] {spark_submit.py:514} INFO - ... 4 more
[2021-12-20 10:27:09,894] {spark_submit.py:514} INFO - Caused by: java.net.UnknownHostException: spark
[2021-12-20 10:27:09,906] {spark_submit.py:514} INFO - at java.base/java.net.InetAddress$CachedAddresses.get(InetAddress.java:797)
[2021-12-20 10:27:09,909] {spark_submit.py:514} INFO - at java.base/java.net.InetAddress.getAllByName0(InetAddress.java:1509)
[2021-12-20 10:27:09,911] {spark_submit.py:514} INFO - at java.base/java.net.InetAddress.getAllByName(InetAddress.java:1368)
[2021-12-20 10:27:09,933] {spark_submit.py:514} INFO - at java.base/java.net.InetAddress.getAllByName(InetAddress.java:1302)
[2021-12-20 10:27:09,943] {spark_submit.py:514} INFO - at java.base/java.net.InetAddress.getByName(InetAddress.java:1252)
[2021-12-20 10:27:09,952] {spark_submit.py:514} INFO - at io.netty.util.internal.SocketUtils$8.run(SocketUtils.java:156)
[2021-12-20 10:27:09,955] {spark_submit.py:514} INFO - at io.netty.util.internal.SocketUtils$8.run(SocketUtils.java:153)
[2021-12-20 10:27:09,960] {spark_submit.py:514} INFO - at java.base/java.security.AccessController.doPrivileged(Native Method)
[2021-12-20 10:27:09,964] {spark_submit.py:514} INFO - at io.netty.util.internal.SocketUtils.addressByName(SocketUtils.java:153)
[2021-12-20 10:27:09,965] {spark_submit.py:514} INFO - at io.netty.resolver.DefaultNameResolver.doResolve(DefaultNameResolver.java:41)
[2021-12-20 10:27:09,967] {spark_submit.py:514} INFO - at io.netty.resolver.SimpleNameResolver.resolve(SimpleNameResolver.java:61)
[2021-12-20 10:27:09,969] {spark_submit.py:514} INFO - at io.netty.resolver.SimpleNameResolver.resolve(SimpleNameResolver.java:53)
[2021-12-20 10:27:09,971] {spark_submit.py:514} INFO - at io.netty.resolver.InetSocketAddressResolver.doResolve(InetSocketAddressResolver.java:55)
[2021-12-20 10:27:09,975] {spark_submit.py:514} INFO - at io.netty.resolver.InetSocketAddressResolver.doResolve(InetSocketAddressResolver.java:31)
[2021-12-20 10:27:09,976] {spark_submit.py:514} INFO - at io.netty.resolver.AbstractAddressResolver.resolve(AbstractAddressResolver.java:106)
[2021-12-20 10:27:09,977] {spark_submit.py:514} INFO - at io.netty.bootstrap.Bootstrap.doResolveAndConnect0(Bootstrap.java:206)
[2021-12-20 10:27:09,979] {spark_submit.py:514} INFO - at io.netty.bootstrap.Bootstrap.access$000(Bootstrap.java:46)
[2021-12-20 10:27:09,980] {spark_submit.py:514} INFO - at io.netty.bootstrap.Bootstrap$1.operationComplete(Bootstrap.java:180)
[2021-12-20 10:27:09,982] {spark_submit.py:514} INFO - at io.netty.bootstrap.Bootstrap$1.operationComplete(Bootstrap.java:166)
[2021-12-20 10:27:09,983] {spark_submit.py:514} INFO - at io.netty.util.concurrent.DefaultPromise.notifyListener0(DefaultPromise.java:578)
[2021-12-20 10:27:09,984] {spark_submit.py:514} INFO - at io.netty.util.concurrent.DefaultPromise.notifyListenersNow(DefaultPromise.java:552)
[2021-12-20 10:27:09,985] {spark_submit.py:514} INFO - at io.netty.util.concurrent.DefaultPromise.notifyListeners(DefaultPromise.java:491)
[2021-12-20 10:27:09,987] {spark_submit.py:514} INFO - at io.netty.util.concurrent.DefaultPromise.setValue0(DefaultPromise.java:616)
[2021-12-20 10:27:09,989] {spark_submit.py:514} INFO - at io.netty.util.concurrent.DefaultPromise.setSuccess0(DefaultPromise.java:605)
[2021-12-20 10:27:09,991] {spark_submit.py:514} INFO - at io.netty.util.concurrent.DefaultPromise.trySuccess(DefaultPromise.java:104)
[2021-12-20 10:27:09,993] {spark_submit.py:514} INFO - at io.netty.channel.DefaultChannelPromise.trySuccess(DefaultChannelPromise.java:84)
[2021-12-20 10:27:09,994] {spark_submit.py:514} INFO - at io.netty.channel.AbstractChannel$AbstractUnsafe.safeSetSuccess(AbstractChannel.java:1008)
[2021-12-20 10:27:09,995] {spark_submit.py:514} INFO - at io.netty.channel.AbstractChannel$AbstractUnsafe.register0(AbstractChannel.java:516)
[2021-12-20 10:27:09,997] {spark_submit.py:514} INFO - at io.netty.channel.AbstractChannel$AbstractUnsafe.access$200(AbstractChannel.java:429)
[2021-12-20 10:27:09,998] {spark_submit.py:514} INFO - at io.netty.channel.AbstractChannel$AbstractUnsafe$1.run(AbstractChannel.java:486)
[2021-12-20 10:27:09,999] {spark_submit.py:514} INFO - at io.netty.util.concurrent.AbstractEventExecutor.safeExecute(AbstractEventExecutor.java:164)
[2021-12-20 10:27:10,000] {spark_submit.py:514} INFO - at io.netty.util.concurrent.SingleThreadEventExecutor.runAllTasks(SingleThreadEventExecutor.java:469)
[2021-12-20 10:27:10,001] {spark_submit.py:514} INFO - at io.netty.channel.nio.NioEventLoop.run(NioEventLoop.java:500)
[2021-12-20 10:27:10,002] {spark_submit.py:514} INFO - at io.netty.util.concurrent.SingleThreadEventExecutor$4.run(SingleThreadEventExecutor.java:986)
[2021-12-20 10:27:10,003] {spark_submit.py:514} INFO - at io.netty.util.internal.ThreadExecutorMap$2.run(ThreadExecutorMap.java:74)
[2021-12-20 10:27:10,004] {spark_submit.py:514} INFO - at io.netty.util.concurrent.FastThreadLocalRunnable.run(FastThreadLocalRunnable.java:30)
[2021-12-20 10:27:10,006] {spark_submit.py:514} INFO - ... 1 more
[2021-12-20 10:27:29,814] {spark_submit.py:514} INFO - 21/12/20 10:27:29 INFO StandaloneAppClient$ClientEndpoint: Connecting to master spark://spark:7077...
[2021-12-20 10:27:29,827] {spark_submit.py:514} INFO - 21/12/20 10:27:29 WARN StandaloneAppClient$ClientEndpoint: Failed to connect to master spark:7077
[2021-12-20 10:27:29,828] {spark_submit.py:514} INFO - org.apache.spark.SparkException: Exception thrown in awaitResult:
[2021-12-20 10:27:29,829] {spark_submit.py:514} INFO - at org.apache.spark.util.ThreadUtils$.awaitResult(ThreadUtils.scala:301)
[2021-12-20 10:27:29,830] {spark_submit.py:514} INFO - at org.apache.spark.rpc.RpcTimeout.awaitResult(RpcTimeout.scala:75)
[2021-12-20 10:27:29,831] {spark_submit.py:514} INFO - at org.apache.spark.rpc.RpcEnv.setupEndpointRefByURI(RpcEnv.scala:101)
[2021-12-20 10:27:29,832] {spark_submit.py:514} INFO - at org.apache.spark.rpc.RpcEnv.setupEndpointRef(RpcEnv.scala:109)
[2021-12-20 10:27:29,833] {spark_submit.py:514} INFO - at org.apache.spark.deploy.client.StandaloneAppClient$ClientEndpoint$$anon$1.run(StandaloneAppClient.scala:107)
[2021-12-20 10:27:29,833] {spark_submit.py:514} INFO - at java.base/java.util.concurrent.Executors$RunnableAdapter.call(Executors.java:515)
[2021-12-20 10:27:29,834] {spark_submit.py:514} INFO - at java.base/java.util.concurrent.FutureTask.run(FutureTask.java:264)
[2021-12-20 10:27:29,835] {spark_submit.py:514} INFO - at java.base/java.util.concurrent.ThreadPoolExecutor.runWorker(ThreadPoolExecutor.java:1128)
[2021-12-20 10:27:29,836] {spark_submit.py:514} INFO - at java.base/java.util.concurrent.ThreadPoolExecutor$Worker.run(ThreadPoolExecutor.java:628)
[2021-12-20 10:27:29,837] {spark_submit.py:514} INFO - at java.base/java.lang.Thread.run(Thread.java:829)
[2021-12-20 10:27:29,838] {spark_submit.py:514} INFO - Caused by: java.io.IOException: Failed to connect to spark:7077
[2021-12-20 10:27:29,838] {spark_submit.py:514} INFO - at org.apache.spark.network.client.TransportClientFactory.createClient(TransportClientFactory.java:288)
[2021-12-20 10:27:29,839] {spark_submit.py:514} INFO - at org.apache.spark.network.client.TransportClientFactory.createClient(TransportClientFactory.java:218)
[2021-12-20 10:27:29,840] {spark_submit.py:514} INFO - at org.apache.spark.network.client.TransportClientFactory.createClient(TransportClientFactory.java:230)
[2021-12-20 10:27:29,841] {spark_submit.py:514} INFO - at org.apache.spark.rpc.netty.NettyRpcEnv.createClient(NettyRpcEnv.scala:204)
[2021-12-20 10:27:29,841] {spark_submit.py:514} INFO - at org.apache.spark.rpc.netty.Outbox$$anon$1.call(Outbox.scala:202)
[2021-12-20 10:27:29,842] {spark_submit.py:514} INFO - at org.apache.spark.rpc.netty.Outbox$$anon$1.call(Outbox.scala:198)
[2021-12-20 10:27:29,843] {spark_submit.py:514} INFO - ... 4 more
[2021-12-20 10:27:29,843] {spark_submit.py:514} INFO - Caused by: java.net.UnknownHostException: spark
[2021-12-20 10:27:29,844] {spark_submit.py:514} INFO - at java.base/java.net.InetAddress$CachedAddresses.get(InetAddress.java:797)
[2021-12-20 10:27:29,845] {spark_submit.py:514} INFO - at java.base/java.net.InetAddress.getAllByName0(InetAddress.java:1509)
[2021-12-20 10:27:29,846] {spark_submit.py:514} INFO - at java.base/java.net.InetAddress.getAllByName(InetAddress.java:1368)
[2021-12-20 10:27:29,846] {spark_submit.py:514} INFO - at java.base/java.net.InetAddress.getAllByName(InetAddress.java:1302)
[2021-12-20 10:27:29,847] {spark_submit.py:514} INFO - at java.base/java.net.InetAddress.getByName(InetAddress.java:1252)
[2021-12-20 10:27:29,848] {spark_submit.py:514} INFO - at io.netty.util.internal.SocketUtils$8.run(SocketUtils.java:156)
[2021-12-20 10:27:29,848] {spark_submit.py:514} INFO - at io.netty.util.internal.SocketUtils$8.run(SocketUtils.java:153)
[2021-12-20 10:27:29,849] {spark_submit.py:514} INFO - at java.base/java.security.AccessController.doPrivileged(Native Method)
[2021-12-20 10:27:29,849] {spark_submit.py:514} INFO - at io.netty.util.internal.SocketUtils.addressByName(SocketUtils.java:153)
[2021-12-20 10:27:29,850] {spark_submit.py:514} INFO - at io.netty.resolver.DefaultNameResolver.doResolve(DefaultNameResolver.java:41)
[2021-12-20 10:27:29,851] {spark_submit.py:514} INFO - at io.netty.resolver.SimpleNameResolver.resolve(SimpleNameResolver.java:61)
[2021-12-20 10:27:29,851] {spark_submit.py:514} INFO - at io.netty.resolver.SimpleNameResolver.resolve(SimpleNameResolver.java:53)
[2021-12-20 10:27:29,852] {spark_submit.py:514} INFO - at io.netty.resolver.InetSocketAddressResolver.doResolve(InetSocketAddressResolver.java:55)
[2021-12-20 10:27:29,853] {spark_submit.py:514} INFO - at io.netty.resolver.InetSocketAddressResolver.doResolve(InetSocketAddressResolver.java:31)
[2021-12-20 10:27:29,853] {spark_submit.py:514} INFO - at io.netty.resolver.AbstractAddressResolver.resolve(AbstractAddressResolver.java:106)
[2021-12-20 10:27:29,854] {spark_submit.py:514} INFO - at io.netty.bootstrap.Bootstrap.doResolveAndConnect0(Bootstrap.java:206)
[2021-12-20 10:27:29,855] {spark_submit.py:514} INFO - at io.netty.bootstrap.Bootstrap.access$000(Bootstrap.java:46)
[2021-12-20 10:27:29,855] {spark_submit.py:514} INFO - at io.netty.bootstrap.Bootstrap$1.operationComplete(Bootstrap.java:180)
[2021-12-20 10:27:29,856] {spark_submit.py:514} INFO - at io.netty.bootstrap.Bootstrap$1.operationComplete(Bootstrap.java:166)
[2021-12-20 10:27:29,856] {spark_submit.py:514} INFO - at io.netty.util.concurrent.DefaultPromise.notifyListener0(DefaultPromise.java:578)
[2021-12-20 10:27:29,857] {spark_submit.py:514} INFO - at io.netty.util.concurrent.DefaultPromise.notifyListenersNow(DefaultPromise.java:552)
[2021-12-20 10:27:29,858] {spark_submit.py:514} INFO - at io.netty.util.concurrent.DefaultPromise.notifyListeners(DefaultPromise.java:491)
[2021-12-20 10:27:29,859] {spark_submit.py:514} INFO - at io.netty.util.concurrent.DefaultPromise.setValue0(DefaultPromise.java:616)
[2021-12-20 10:27:29,860] {spark_submit.py:514} INFO - at io.netty.util.concurrent.DefaultPromise.setSuccess0(DefaultPromise.java:605)
[2021-12-20 10:27:29,860] {spark_submit.py:514} INFO - at io.netty.util.concurrent.DefaultPromise.trySuccess(DefaultPromise.java:104)
[2021-12-20 10:27:29,861] {spark_submit.py:514} INFO - at io.netty.channel.DefaultChannelPromise.trySuccess(DefaultChannelPromise.java:84)
[2021-12-20 10:27:29,862] {spark_submit.py:514} INFO - at io.netty.channel.AbstractChannel$AbstractUnsafe.safeSetSuccess(AbstractChannel.java:1008)
[2021-12-20 10:27:29,862] {spark_submit.py:514} INFO - at io.netty.channel.AbstractChannel$AbstractUnsafe.register0(AbstractChannel.java:516)
[2021-12-20 10:27:29,863] {spark_submit.py:514} INFO - at io.netty.channel.AbstractChannel$AbstractUnsafe.access$200(AbstractChannel.java:429)
[2021-12-20 10:27:29,864] {spark_submit.py:514} INFO - at io.netty.channel.AbstractChannel$AbstractUnsafe$1.run(AbstractChannel.java:486)
[2021-12-20 10:27:29,864] {spark_submit.py:514} INFO - at io.netty.util.concurrent.AbstractEventExecutor.safeExecute(AbstractEventExecutor.java:164)
[2021-12-20 10:27:29,865] {spark_submit.py:514} INFO - at io.netty.util.concurrent.SingleThreadEventExecutor.runAllTasks(SingleThreadEventExecutor.java:469)
[2021-12-20 10:27:29,866] {spark_submit.py:514} INFO - at io.netty.channel.nio.NioEventLoop.run(NioEventLoop.java:500)
[2021-12-20 10:27:29,866] {spark_submit.py:514} INFO - at io.netty.util.concurrent.SingleThreadEventExecutor$4.run(SingleThreadEventExecutor.java:986)
[2021-12-20 10:27:29,867] {spark_submit.py:514} INFO - at io.netty.util.internal.ThreadExecutorMap$2.run(ThreadExecutorMap.java:74)
[2021-12-20 10:27:29,868] {spark_submit.py:514} INFO - at io.netty.util.concurrent.FastThreadLocalRunnable.run(FastThreadLocalRunnable.java:30)
[2021-12-20 10:27:29,869] {spark_submit.py:514} INFO - ... 1 more
[2021-12-20 10:27:49,782] {spark_submit.py:514} INFO - 21/12/20 10:27:49 ERROR StandaloneSchedulerBackend: Application has been killed. Reason: All masters are unresponsive! Giving up.
[2021-12-20 10:27:49,783] {spark_submit.py:514} INFO - 21/12/20 10:27:49 WARN StandaloneSchedulerBackend: Application ID is not initialized yet.
[2021-12-20 10:27:49,797] {spark_submit.py:514} INFO - 21/12/20 10:27:49 INFO Utils: Successfully started service 'org.apache.spark.network.netty.NettyBlockTransferService' on port 34747.
[2021-12-20 10:27:49,798] {spark_submit.py:514} INFO - 21/12/20 10:27:49 INFO NettyBlockTransferService: Server created on a35fe600e898:34747
[2021-12-20 10:27:49,801] {spark_submit.py:514} INFO - 21/12/20 10:27:49 INFO BlockManager: Using org.apache.spark.storage.RandomBlockReplicationPolicy for block replication policy
[2021-12-20 10:27:49,817] {spark_submit.py:514} INFO - 21/12/20 10:27:49 INFO SparkUI: Stopped Spark web UI at http://a35fe600e898:4043
[2021-12-20 10:27:49,823] {spark_submit.py:514} INFO - 21/12/20 10:27:49 INFO BlockManagerMaster: Registering BlockManager BlockManagerId(driver, a35fe600e898, 34747, None)
[2021-12-20 10:27:49,830] {spark_submit.py:514} INFO - 21/12/20 10:27:49 INFO BlockManagerMasterEndpoint: Registering block manager a35fe600e898:34747 with 434.4 MiB RAM, BlockManagerId(driver, a35fe600e898, 34747, None)
[2021-12-20 10:27:49,831] {spark_submit.py:514} INFO - 21/12/20 10:27:49 INFO StandaloneSchedulerBackend: Shutting down all executors
[2021-12-20 10:27:49,837] {spark_submit.py:514} INFO - 21/12/20 10:27:49 INFO BlockManagerMaster: Registered BlockManager BlockManagerId(driver, a35fe600e898, 34747, None)
[2021-12-20 10:27:49,842] {spark_submit.py:514} INFO - 21/12/20 10:27:49 INFO CoarseGrainedSchedulerBackend$DriverEndpoint: Asking each executor to shut down
[2021-12-20 10:27:49,844] {spark_submit.py:514} INFO - 21/12/20 10:27:49 INFO BlockManager: Initialized BlockManager: BlockManagerId(driver, a35fe600e898, 34747, None)
[2021-12-20 10:27:49,868] {spark_submit.py:514} INFO - 21/12/20 10:27:49 WARN StandaloneAppClient$ClientEndpoint: Drop UnregisterApplication(null) because has not yet connected to master
[2021-12-20 10:27:49,919] {spark_submit.py:514} INFO - 21/12/20 10:27:49 INFO MapOutputTrackerMasterEndpoint: MapOutputTrackerMasterEndpoint stopped!
[2021-12-20 10:27:49,981] {spark_submit.py:514} INFO - 21/12/20 10:27:49 INFO MemoryStore: MemoryStore cleared
[2021-12-20 10:27:49,983] {spark_submit.py:514} INFO - 21/12/20 10:27:49 INFO BlockManager: BlockManager stopped
[2021-12-20 10:27:50,026] {spark_submit.py:514} INFO - 21/12/20 10:27:50 INFO BlockManagerMaster: BlockManagerMaster stopped
[2021-12-20 10:27:50,052] {spark_submit.py:514} INFO - 21/12/20 10:27:50 INFO OutputCommitCoordinator$OutputCommitCoordinatorEndpoint: OutputCommitCoordinator stopped!
[2021-12-20 10:27:50,124] {spark_submit.py:514} INFO - 21/12/20 10:27:50 INFO SparkContext: Successfully stopped SparkContext
[2021-12-20 10:27:50,355] {spark_submit.py:514} INFO - 21/12/20 10:27:50 ERROR SparkContext: Error initializing SparkContext.
[2021-12-20 10:27:50,356] {spark_submit.py:514} INFO - java.lang.IllegalArgumentException: requirement failed: Can only call getServletHandlers on a running MetricsSystem
[2021-12-20 10:27:50,359] {spark_submit.py:514} INFO - at scala.Predef$.require(Predef.scala:281)
[2021-12-20 10:27:50,361] {spark_submit.py:514} INFO - at org.apache.spark.metrics.MetricsSystem.getServletHandlers(MetricsSystem.scala:89)
[2021-12-20 10:27:50,362] {spark_submit.py:514} INFO - at org.apache.spark.SparkContext.<init>(SparkContext.scala:603)
[2021-12-20 10:27:50,363] {spark_submit.py:514} INFO - at org.apache.spark.api.java.JavaSparkContext.<init>(JavaSparkContext.scala:58)
[2021-12-20 10:27:50,365] {spark_submit.py:514} INFO - at java.base/jdk.internal.reflect.NativeConstructorAccessorImpl.newInstance0(Native Method)
[2021-12-20 10:27:50,366] {spark_submit.py:514} INFO - at java.base/jdk.internal.reflect.NativeConstructorAccessorImpl.newInstance(NativeConstructorAccessorImpl.java:62)
[2021-12-20 10:27:50,368] {spark_submit.py:514} INFO - at java.base/jdk.internal.reflect.DelegatingConstructorAccessorImpl.newInstance(DelegatingConstructorAccessorImpl.java:45)
[2021-12-20 10:27:50,369] {spark_submit.py:514} INFO - at java.base/java.lang.reflect.Constructor.newInstance(Constructor.java:490)
[2021-12-20 10:27:50,370] {spark_submit.py:514} INFO - at py4j.reflection.MethodInvoker.invoke(MethodInvoker.java:247)
[2021-12-20 10:27:50,371] {spark_submit.py:514} INFO - at py4j.reflection.ReflectionEngine.invoke(ReflectionEngine.java:357)
[2021-12-20 10:27:50,372] {spark_submit.py:514} INFO - at py4j.Gateway.invoke(Gateway.java:238)
[2021-12-20 10:27:50,374] {spark_submit.py:514} INFO - at py4j.commands.ConstructorCommand.invokeConstructor(ConstructorCommand.java:80)
[2021-12-20 10:27:50,375] {spark_submit.py:514} INFO - at py4j.commands.ConstructorCommand.execute(ConstructorCommand.java:69)
[2021-12-20 10:27:50,376] {spark_submit.py:514} INFO - at py4j.ClientServerConnection.waitForCommands(ClientServerConnection.java:182)
[2021-12-20 10:27:50,377] {spark_submit.py:514} INFO - at py4j.ClientServerConnection.run(ClientServerConnection.java:106)
[2021-12-20 10:27:50,378] {spark_submit.py:514} INFO - at java.base/java.lang.Thread.run(Thread.java:829)
[2021-12-20 10:27:50,379] {spark_submit.py:514} INFO - 21/12/20 10:27:50 INFO SparkContext: SparkContext already stopped.
[2021-12-20 10:27:50,380] {spark_submit.py:514} INFO - Traceback (most recent call last):
[2021-12-20 10:27:50,381] {spark_submit.py:514} INFO - File "/opt/***/jobs/get_ads_per_county.py", line 13, in <module>
[2021-12-20 10:27:50,382] {spark_submit.py:514} INFO - .appName("Get Ads per county") \
[2021-12-20 10:27:50,382] {spark_submit.py:514} INFO - File "/home/***/.local/lib/python3.6/site-packages/pyspark/python/lib/pyspark.zip/pyspark/sql/session.py", line 228, in getOrCreate
[2021-12-20 10:27:50,384] {spark_submit.py:514} INFO - File "/home/***/.local/lib/python3.6/site-packages/pyspark/python/lib/pyspark.zip/pyspark/context.py", line 392, in getOrCreate
[2021-12-20 10:27:50,385] {spark_submit.py:514} INFO - File "/home/***/.local/lib/python3.6/site-packages/pyspark/python/lib/pyspark.zip/pyspark/context.py", line 147, in __init__
[2021-12-20 10:27:50,387] {spark_submit.py:514} INFO - File "/home/***/.local/lib/python3.6/site-packages/pyspark/python/lib/pyspark.zip/pyspark/context.py", line 209, in _do_init
[2021-12-20 10:27:50,387] {spark_submit.py:514} INFO - File "/home/***/.local/lib/python3.6/site-packages/pyspark/python/lib/pyspark.zip/pyspark/context.py", line 329, in _initialize_context
[2021-12-20 10:27:50,388] {spark_submit.py:514} INFO - File "/home/***/.local/lib/python3.6/site-packages/pyspark/python/lib/py4j-0.10.9.2-src.zip/py4j/java_gateway.py", line 1574, in __call__
[2021-12-20 10:27:50,389] {spark_submit.py:514} INFO - File "/home/***/.local/lib/python3.6/site-packages/pyspark/python/lib/py4j-0.10.9.2-src.zip/py4j/protocol.py", line 328, in get_return_value
[2021-12-20 10:27:50,390] {spark_submit.py:514} INFO - py4j.protocol.Py4JJavaError: An error occurred while calling None.org.apache.spark.api.java.JavaSparkContext.
[2021-12-20 10:27:50,391] {spark_submit.py:514} INFO - : java.lang.IllegalArgumentException: requirement failed: Can only call getServletHandlers on a running MetricsSystem
[2021-12-20 10:27:50,393] {spark_submit.py:514} INFO - at scala.Predef$.require(Predef.scala:281)
[2021-12-20 10:27:50,394] {spark_submit.py:514} INFO - at org.apache.spark.metrics.MetricsSystem.getServletHandlers(MetricsSystem.scala:89)
[2021-12-20 10:27:50,395] {spark_submit.py:514} INFO - at org.apache.spark.SparkContext.<init>(SparkContext.scala:603)
[2021-12-20 10:27:50,396] {spark_submit.py:514} INFO - at org.apache.spark.api.java.JavaSparkContext.<init>(JavaSparkContext.scala:58)
[2021-12-20 10:27:50,397] {spark_submit.py:514} INFO - at java.base/jdk.internal.reflect.NativeConstructorAccessorImpl.newInstance0(Native Method)
[2021-12-20 10:27:50,398] {spark_submit.py:514} INFO - at java.base/jdk.internal.reflect.NativeConstructorAccessorImpl.newInstance(NativeConstructorAccessorImpl.java:62)
[2021-12-20 10:27:50,399] {spark_submit.py:514} INFO - at java.base/jdk.internal.reflect.DelegatingConstructorAccessorImpl.newInstance(DelegatingConstructorAccessorImpl.java:45)
[2021-12-20 10:27:50,400] {spark_submit.py:514} INFO - at java.base/java.lang.reflect.Constructor.newInstance(Constructor.java:490)
[2021-12-20 10:27:50,401] {spark_submit.py:514} INFO - at py4j.reflection.MethodInvoker.invoke(MethodInvoker.java:247)
[2021-12-20 10:27:50,402] {spark_submit.py:514} INFO - at py4j.reflection.ReflectionEngine.invoke(ReflectionEngine.java:357)
[2021-12-20 10:27:50,403] {spark_submit.py:514} INFO - at py4j.Gateway.invoke(Gateway.java:238)
[2021-12-20 10:27:50,403] {spark_submit.py:514} INFO - at py4j.commands.ConstructorCommand.invokeConstructor(ConstructorCommand.java:80)
[2021-12-20 10:27:50,404] {spark_submit.py:514} INFO - at py4j.commands.ConstructorCommand.execute(ConstructorCommand.java:69)
[2021-12-20 10:27:50,405] {spark_submit.py:514} INFO - at py4j.ClientServerConnection.waitForCommands(ClientServerConnection.java:182)
[2021-12-20 10:27:50,406] {spark_submit.py:514} INFO - at py4j.ClientServerConnection.run(ClientServerConnection.java:106)
[2021-12-20 10:27:50,407] {spark_submit.py:514} INFO - at java.base/java.lang.Thread.run(Thread.java:829)
[2021-12-20 10:27:50,409] {spark_submit.py:514} INFO - 
[2021-12-20 10:27:50,559] {spark_submit.py:514} INFO - 21/12/20 10:27:50 INFO ShutdownHookManager: Shutdown hook called
[2021-12-20 10:27:50,564] {spark_submit.py:514} INFO - 21/12/20 10:27:50 INFO ShutdownHookManager: Deleting directory /tmp/spark-cf609bd0-3592-4d03-984f-8e82d796f781
[2021-12-20 10:27:50,571] {spark_submit.py:514} INFO - 21/12/20 10:27:50 INFO ShutdownHookManager: Deleting directory /tmp/spark-502e2889-bc03-46ce-a276-f62294ef8d03
[2021-12-20 10:27:50,958] {taskinstance.py:1703} ERROR - Task failed with exception
Traceback (most recent call last):
  File "/home/airflow/.local/lib/python3.6/site-packages/airflow/models/taskinstance.py", line 1332, in _run_raw_task
    self._execute_task_with_callbacks(context)
  File "/home/airflow/.local/lib/python3.6/site-packages/airflow/models/taskinstance.py", line 1458, in _execute_task_with_callbacks
    result = self._execute_task(context, self.task)
  File "/home/airflow/.local/lib/python3.6/site-packages/airflow/models/taskinstance.py", line 1514, in _execute_task
    result = execute_callable(context=context)
  File "/home/airflow/.local/lib/python3.6/site-packages/airflow/providers/apache/spark/operators/spark_submit.py", line 179, in execute
    self._hook.submit(self._application)
  File "/home/airflow/.local/lib/python3.6/site-packages/airflow/providers/apache/spark/hooks/spark_submit.py", line 446, in submit
    f"Cannot execute: {self._mask_cmd(spark_submit_cmd)}. Error code is: {returncode}."
airflow.exceptions.AirflowException: Cannot execute: spark-submit --master spark://spark:7077 --conf spark.master=spark://spark:7077 --name scrap data --verbose /opt/***/jobs/get_ads_per_county.py meath. Error code is: 1.
[2021-12-20 10:27:50,992] {taskinstance.py:1280} INFO - Marking task as UP_FOR_RETRY. dag_id=scraping_daft_meath, task_id=scrap_data, execution_date=20211219T102500, start_date=20211220T102623, end_date=20211220T102750
[2021-12-20 10:27:51,079] {standard_task_runner.py:91} ERROR - Failed to execute job 3393 for task scrap_data
Traceback (most recent call last):
  File "/home/airflow/.local/lib/python3.6/site-packages/airflow/task/task_runner/standard_task_runner.py", line 85, in _start_by_fork
    args.func(args, dag=self.dag)
  File "/home/airflow/.local/lib/python3.6/site-packages/airflow/cli/cli_parser.py", line 48, in command
    return func(*args, **kwargs)
  File "/home/airflow/.local/lib/python3.6/site-packages/airflow/utils/cli.py", line 92, in wrapper
    return f(*args, **kwargs)
  File "/home/airflow/.local/lib/python3.6/site-packages/airflow/cli/commands/task_command.py", line 292, in task_run
    _run_task_by_selected_method(args, dag, ti)
  File "/home/airflow/.local/lib/python3.6/site-packages/airflow/cli/commands/task_command.py", line 107, in _run_task_by_selected_method
    _run_raw_task(args, ti)
  File "/home/airflow/.local/lib/python3.6/site-packages/airflow/cli/commands/task_command.py", line 184, in _run_raw_task
    error_file=args.error_file,
  File "/home/airflow/.local/lib/python3.6/site-packages/airflow/utils/session.py", line 70, in wrapper
    return func(*args, session=session, **kwargs)
  File "/home/airflow/.local/lib/python3.6/site-packages/airflow/models/taskinstance.py", line 1332, in _run_raw_task
    self._execute_task_with_callbacks(context)
  File "/home/airflow/.local/lib/python3.6/site-packages/airflow/models/taskinstance.py", line 1458, in _execute_task_with_callbacks
    result = self._execute_task(context, self.task)
  File "/home/airflow/.local/lib/python3.6/site-packages/airflow/models/taskinstance.py", line 1514, in _execute_task
    result = execute_callable(context=context)
  File "/home/airflow/.local/lib/python3.6/site-packages/airflow/providers/apache/spark/operators/spark_submit.py", line 179, in execute
    self._hook.submit(self._application)
  File "/home/airflow/.local/lib/python3.6/site-packages/airflow/providers/apache/spark/hooks/spark_submit.py", line 446, in submit
    f"Cannot execute: {self._mask_cmd(spark_submit_cmd)}. Error code is: {returncode}."
airflow.exceptions.AirflowException: Cannot execute: spark-submit --master spark://spark:7077 --conf spark.master=spark://spark:7077 --name scrap data --verbose /opt/***/jobs/get_ads_per_county.py meath. Error code is: 1.
[2021-12-20 10:27:51,139] {local_task_job.py:154} INFO - Task exited with return code 1
[2021-12-20 10:27:51,377] {local_task_job.py:264} INFO - 0 downstream tasks scheduled from follow-on schedule check
