[2021-12-31 13:37:32,986] {taskinstance.py:1035} INFO - Dependencies all met for <TaskInstance: scraping_daft_wexford.remove_file scheduled__2021-12-30T11:05:00+00:00 [queued]>
[2021-12-31 13:37:33,079] {taskinstance.py:1035} INFO - Dependencies all met for <TaskInstance: scraping_daft_wexford.remove_file scheduled__2021-12-30T11:05:00+00:00 [queued]>
[2021-12-31 13:37:33,088] {taskinstance.py:1241} INFO - 
--------------------------------------------------------------------------------
[2021-12-31 13:37:33,109] {taskinstance.py:1242} INFO - Starting attempt 1 of 4
[2021-12-31 13:37:33,113] {taskinstance.py:1243} INFO - 
--------------------------------------------------------------------------------
[2021-12-31 13:37:33,199] {taskinstance.py:1262} INFO - Executing <Task(SparkSubmitOperator): remove_file> on 2021-12-30 11:05:00+00:00
[2021-12-31 13:37:33,230] {standard_task_runner.py:52} INFO - Started process 11169 to run task
[2021-12-31 13:37:33,433] {standard_task_runner.py:76} INFO - Running: ['***', 'tasks', 'run', 'scraping_daft_wexford', 'remove_file', 'scheduled__2021-12-30T11:05:00+00:00', '--job-id', '5841', '--raw', '--subdir', 'DAGS_FOLDER/scraping_daft_wexford.py', '--cfg-path', '/tmp/tmp7zu0to5y', '--error-file', '/tmp/tmplwg_72vp']
[2021-12-31 13:37:33,448] {standard_task_runner.py:77} INFO - Job 5841: Subtask remove_file
[2021-12-31 13:37:34,795] {logging_mixin.py:109} INFO - Running <TaskInstance: scraping_daft_wexford.remove_file scheduled__2021-12-30T11:05:00+00:00 [running]> on host ee68d8f591c8
[2021-12-31 13:37:35,809] {taskinstance.py:1429} INFO - Exporting the following env vars:
AIRFLOW_CTX_DAG_EMAIL=clement.liscoet@gmail.com
AIRFLOW_CTX_DAG_OWNER=clemoni
AIRFLOW_CTX_DAG_ID=scraping_daft_wexford
AIRFLOW_CTX_TASK_ID=remove_file
AIRFLOW_CTX_EXECUTION_DATE=2021-12-30T11:05:00+00:00
AIRFLOW_CTX_DAG_RUN_ID=scheduled__2021-12-30T11:05:00+00:00
[2021-12-31 13:37:36,071] {base.py:79} INFO - Using connection to: id: spark_default. Host: spark://spark:7077, Port: None, Schema: , Login: ***, Password: ***, extra: {}
[2021-12-31 13:37:36,140] {spark_submit.py:360} INFO - Spark-Submit cmd: spark-submit --master spark://spark:7077 --conf spark.master=spark://spark:7077 --name remove file --verbose /opt/***/jobs/remove_file.py wexford
[2021-12-31 13:38:14,952] {spark_submit.py:514} INFO - Using properties file: null
[2021-12-31 13:38:18,169] {spark_submit.py:514} INFO - WARNING: An illegal reflective access operation has occurred
[2021-12-31 13:38:18,173] {spark_submit.py:514} INFO - WARNING: Illegal reflective access by org.apache.spark.unsafe.Platform (file:/home/***/.local/lib/python3.6/site-packages/pyspark/jars/spark-unsafe_2.12-3.2.0.jar) to constructor java.nio.DirectByteBuffer(long,int)
[2021-12-31 13:38:18,174] {spark_submit.py:514} INFO - WARNING: Please consider reporting this to the maintainers of org.apache.spark.unsafe.Platform
[2021-12-31 13:38:18,179] {spark_submit.py:514} INFO - WARNING: Use --illegal-access=warn to enable warnings of further illegal reflective access operations
[2021-12-31 13:38:18,182] {spark_submit.py:514} INFO - WARNING: All illegal access operations will be denied in a future release
[2021-12-31 13:38:20,596] {spark_submit.py:514} INFO - Parsed arguments:
[2021-12-31 13:38:20,604] {spark_submit.py:514} INFO - master                  spark://spark:7077
[2021-12-31 13:38:20,609] {spark_submit.py:514} INFO - deployMode              null
[2021-12-31 13:38:20,616] {spark_submit.py:514} INFO - executorMemory          null
[2021-12-31 13:38:20,623] {spark_submit.py:514} INFO - executorCores           null
[2021-12-31 13:38:20,629] {spark_submit.py:514} INFO - totalExecutorCores      null
[2021-12-31 13:38:20,645] {spark_submit.py:514} INFO - propertiesFile          null
[2021-12-31 13:38:20,649] {spark_submit.py:514} INFO - driverMemory            null
[2021-12-31 13:38:20,666] {spark_submit.py:514} INFO - driverCores             null
[2021-12-31 13:38:20,687] {spark_submit.py:514} INFO - driverExtraClassPath    null
[2021-12-31 13:38:20,693] {spark_submit.py:514} INFO - driverExtraLibraryPath  null
[2021-12-31 13:38:20,714] {spark_submit.py:514} INFO - driverExtraJavaOptions  null
[2021-12-31 13:38:20,720] {spark_submit.py:514} INFO - supervise               false
[2021-12-31 13:38:20,724] {spark_submit.py:514} INFO - queue                   null
[2021-12-31 13:38:20,750] {spark_submit.py:514} INFO - numExecutors            null
[2021-12-31 13:38:20,752] {spark_submit.py:514} INFO - files                   null
[2021-12-31 13:38:20,761] {spark_submit.py:514} INFO - pyFiles                 null
[2021-12-31 13:38:20,767] {spark_submit.py:514} INFO - archives                null
[2021-12-31 13:38:20,787] {spark_submit.py:514} INFO - mainClass               null
[2021-12-31 13:38:20,807] {spark_submit.py:514} INFO - primaryResource         file:/opt/***/jobs/remove_file.py
[2021-12-31 13:38:20,809] {spark_submit.py:514} INFO - name                    remove file
[2021-12-31 13:38:20,812] {spark_submit.py:514} INFO - childArgs               [wexford]
[2021-12-31 13:38:20,820] {spark_submit.py:514} INFO - jars                    null
[2021-12-31 13:38:20,829] {spark_submit.py:514} INFO - packages                null
[2021-12-31 13:38:20,842] {spark_submit.py:514} INFO - packagesExclusions      null
[2021-12-31 13:38:20,844] {spark_submit.py:514} INFO - repositories            null
[2021-12-31 13:38:20,852] {spark_submit.py:514} INFO - verbose                 true
[2021-12-31 13:38:20,854] {spark_submit.py:514} INFO - 
[2021-12-31 13:38:20,857] {spark_submit.py:514} INFO - Spark properties used, including those specified through
[2021-12-31 13:38:20,861] {spark_submit.py:514} INFO - --conf and those from the properties file null:
[2021-12-31 13:38:20,865] {spark_submit.py:514} INFO - (spark.master,spark://spark:7077)
[2021-12-31 13:38:20,868] {spark_submit.py:514} INFO - 
[2021-12-31 13:38:20,872] {spark_submit.py:514} INFO - 
[2021-12-31 13:38:27,873] {spark_submit.py:514} INFO - Main class:
[2021-12-31 13:38:27,876] {spark_submit.py:514} INFO - org.apache.spark.deploy.PythonRunner
[2021-12-31 13:38:27,878] {spark_submit.py:514} INFO - Arguments:
[2021-12-31 13:38:27,880] {spark_submit.py:514} INFO - file:/opt/***/jobs/remove_file.py
[2021-12-31 13:38:27,882] {spark_submit.py:514} INFO - null
[2021-12-31 13:38:27,885] {spark_submit.py:514} INFO - wexford
[2021-12-31 13:38:27,887] {spark_submit.py:514} INFO - --verbose
[2021-12-31 13:38:27,944] {spark_submit.py:514} INFO - Spark config:
[2021-12-31 13:38:27,949] {spark_submit.py:514} INFO - (spark.app.name,remove file)
[2021-12-31 13:38:27,950] {spark_submit.py:514} INFO - (spark.master,spark://spark:7077)
[2021-12-31 13:38:27,954] {spark_submit.py:514} INFO - (spark.submit.pyFiles,)
[2021-12-31 13:38:27,956] {spark_submit.py:514} INFO - (spark.submit.deployMode,client)
[2021-12-31 13:38:28,031] {spark_submit.py:514} INFO - Classpath elements:
[2021-12-31 13:38:28,037] {spark_submit.py:514} INFO - 
[2021-12-31 13:38:28,051] {spark_submit.py:514} INFO - 
[2021-12-31 13:38:28,055] {spark_submit.py:514} INFO - 
[2021-12-31 13:38:37,280] {spark_submit.py:514} INFO - Using Spark's default log4j profile: org/apache/spark/log4j-defaults.properties
[2021-12-31 13:38:37,494] {spark_submit.py:514} INFO - 21/12/31 13:38:37 INFO SparkContext: Running Spark version 3.2.0
[2021-12-31 13:38:39,137] {spark_submit.py:514} INFO - 21/12/31 13:38:39 WARN NativeCodeLoader: Unable to load native-hadoop library for your platform... using builtin-java classes where applicable
[2021-12-31 13:38:43,402] {spark_submit.py:514} INFO - 21/12/31 13:38:43 INFO ResourceUtils: ==============================================================
[2021-12-31 13:38:43,403] {spark_submit.py:514} INFO - 21/12/31 13:38:43 INFO ResourceUtils: No custom resources configured for spark.driver.
[2021-12-31 13:38:43,406] {spark_submit.py:514} INFO - 21/12/31 13:38:43 INFO ResourceUtils: ==============================================================
[2021-12-31 13:38:43,409] {spark_submit.py:514} INFO - 21/12/31 13:38:43 INFO SparkContext: Submitted application: Remove file
[2021-12-31 13:38:43,828] {spark_submit.py:514} INFO - 21/12/31 13:38:43 INFO ResourceProfile: Default ResourceProfile created, executor resources: Map(cores -> name: cores, amount: 1, script: , vendor: , memory -> name: memory, amount: 1024, script: , vendor: , offHeap -> name: offHeap, amount: 0, script: , vendor: ), task resources: Map(cpus -> name: cpus, amount: 1.0)
[2021-12-31 13:38:44,451] {spark_submit.py:514} INFO - 21/12/31 13:38:44 INFO ResourceProfile: Limiting resource is cpu
[2021-12-31 13:38:44,452] {spark_submit.py:514} INFO - 21/12/31 13:38:44 INFO ResourceProfileManager: Added ResourceProfile id: 0
[2021-12-31 13:38:46,318] {spark_submit.py:514} INFO - 21/12/31 13:38:46 INFO SecurityManager: Changing view acls to: ***
[2021-12-31 13:38:46,321] {spark_submit.py:514} INFO - 21/12/31 13:38:46 INFO SecurityManager: Changing modify acls to: ***
[2021-12-31 13:38:46,324] {spark_submit.py:514} INFO - 21/12/31 13:38:46 INFO SecurityManager: Changing view acls groups to:
[2021-12-31 13:38:46,339] {spark_submit.py:514} INFO - 21/12/31 13:38:46 INFO SecurityManager: Changing modify acls groups to:
[2021-12-31 13:38:46,341] {spark_submit.py:514} INFO - 21/12/31 13:38:46 INFO SecurityManager: SecurityManager: authentication disabled; ui acls disabled; users  with view permissions: Set(***); groups with view permissions: Set(); users  with modify permissions: Set(***); groups with modify permissions: Set()
[2021-12-31 13:38:48,371] {spark_submit.py:514} INFO - 21/12/31 13:38:48 INFO Utils: Successfully started service 'sparkDriver' on port 44029.
[2021-12-31 13:38:48,679] {spark_submit.py:514} INFO - 21/12/31 13:38:48 INFO SparkEnv: Registering MapOutputTracker
[2021-12-31 13:38:49,056] {spark_submit.py:514} INFO - 21/12/31 13:38:49 INFO SparkEnv: Registering BlockManagerMaster
[2021-12-31 13:38:49,305] {spark_submit.py:514} INFO - 21/12/31 13:38:49 INFO BlockManagerMasterEndpoint: Using org.apache.spark.storage.DefaultTopologyMapper for getting topology information
[2021-12-31 13:38:49,308] {spark_submit.py:514} INFO - 21/12/31 13:38:49 INFO BlockManagerMasterEndpoint: BlockManagerMasterEndpoint up
[2021-12-31 13:38:49,340] {spark_submit.py:514} INFO - 21/12/31 13:38:49 INFO SparkEnv: Registering BlockManagerMasterHeartbeat
[2021-12-31 13:38:50,103] {spark_submit.py:514} INFO - 21/12/31 13:38:50 INFO DiskBlockManager: Created local directory at /tmp/blockmgr-7a3789b3-c128-45dd-a172-be57ebb053cf
[2021-12-31 13:38:51,042] {spark_submit.py:514} INFO - 21/12/31 13:38:51 INFO MemoryStore: MemoryStore started with capacity 434.4 MiB
[2021-12-31 13:38:52,128] {spark_submit.py:514} INFO - 21/12/31 13:38:52 INFO SparkEnv: Registering OutputCommitCoordinator
[2021-12-31 13:38:57,511] {spark_submit.py:514} INFO - 21/12/31 13:38:57 INFO Utils: Successfully started service 'SparkUI' on port 4040.
[2021-12-31 13:38:59,986] {spark_submit.py:514} INFO - 21/12/31 13:38:59 INFO SparkUI: Bound SparkUI to 0.0.0.0, and started at http://ee68d8f591c8:4040
[2021-12-31 13:39:01,737] {spark_submit.py:514} INFO - 21/12/31 13:39:01 INFO StandaloneAppClient$ClientEndpoint: Connecting to master spark://spark:7077...
[2021-12-31 13:39:02,480] {spark_submit.py:514} INFO - 21/12/31 13:39:02 INFO TransportClientFactory: Successfully created connection to spark/172.20.0.4:7077 after 321 ms (0 ms spent in bootstraps)
[2021-12-31 13:39:03,228] {spark_submit.py:514} INFO - 21/12/31 13:39:03 INFO StandaloneSchedulerBackend: Connected to Spark cluster with app ID app-20211231133903-0067
[2021-12-31 13:39:03,330] {spark_submit.py:514} INFO - 21/12/31 13:39:03 INFO Utils: Successfully started service 'org.apache.spark.network.netty.NettyBlockTransferService' on port 45651.
[2021-12-31 13:39:03,333] {spark_submit.py:514} INFO - 21/12/31 13:39:03 INFO NettyBlockTransferService: Server created on ee68d8f591c8:45651
[2021-12-31 13:39:03,344] {spark_submit.py:514} INFO - 21/12/31 13:39:03 INFO BlockManager: Using org.apache.spark.storage.RandomBlockReplicationPolicy for block replication policy
[2021-12-31 13:39:03,436] {spark_submit.py:514} INFO - 21/12/31 13:39:03 INFO BlockManagerMaster: Registering BlockManager BlockManagerId(driver, ee68d8f591c8, 45651, None)
[2021-12-31 13:39:03,478] {spark_submit.py:514} INFO - 21/12/31 13:39:03 INFO BlockManagerMasterEndpoint: Registering block manager ee68d8f591c8:45651 with 434.4 MiB RAM, BlockManagerId(driver, ee68d8f591c8, 45651, None)
[2021-12-31 13:39:03,496] {spark_submit.py:514} INFO - 21/12/31 13:39:03 INFO BlockManagerMaster: Registered BlockManager BlockManagerId(driver, ee68d8f591c8, 45651, None)
[2021-12-31 13:39:03,501] {spark_submit.py:514} INFO - 21/12/31 13:39:03 INFO BlockManager: Initialized BlockManager: BlockManagerId(driver, ee68d8f591c8, 45651, None)
[2021-12-31 13:39:06,691] {spark_submit.py:514} INFO - 21/12/31 13:39:06 INFO StandaloneSchedulerBackend: SchedulerBackend is ready for scheduling beginning after reached minRegisteredResourcesRatio: 0.0
[2021-12-31 13:39:07,446] {spark_submit.py:514} INFO - /home/***/.local/lib/python3.6/site-packages/pyspark/python/lib/pyspark.zip/pyspark/context.py:238: FutureWarning: Python 3.6 support is deprecated in Spark 3.2.
[2021-12-31 13:39:07,449] {spark_submit.py:514} INFO - FutureWarning
[2021-12-31 13:39:16,840] {spark_submit.py:514} INFO - 21/12/31 13:39:16 INFO SharedState: Setting hive.metastore.warehouse.dir ('null') to the value of spark.sql.warehouse.dir.
[2021-12-31 13:39:17,358] {spark_submit.py:514} INFO - 21/12/31 13:39:17 INFO SharedState: Warehouse path is 'file:/opt/***/spark-warehouse'.
[2021-12-31 13:39:35,137] {spark_submit.py:514} INFO - file: wexford_rent.json deleted
[2021-12-31 13:39:36,530] {spark_submit.py:514} INFO - 21/12/31 13:39:36 INFO SparkContext: Invoking stop() from shutdown hook
[2021-12-31 13:39:36,975] {spark_submit.py:514} INFO - 21/12/31 13:39:36 INFO SparkUI: Stopped Spark web UI at http://ee68d8f591c8:4040
[2021-12-31 13:39:37,084] {spark_submit.py:514} INFO - 21/12/31 13:39:37 INFO StandaloneSchedulerBackend: Shutting down all executors
[2021-12-31 13:39:37,334] {spark_submit.py:514} INFO - 21/12/31 13:39:37 INFO CoarseGrainedSchedulerBackend$DriverEndpoint: Asking each executor to shut down
[2021-12-31 13:39:37,567] {spark_submit.py:514} INFO - 21/12/31 13:39:37 INFO MapOutputTrackerMasterEndpoint: MapOutputTrackerMasterEndpoint stopped!
[2021-12-31 13:39:38,105] {spark_submit.py:514} INFO - 21/12/31 13:39:38 INFO MemoryStore: MemoryStore cleared
[2021-12-31 13:39:38,134] {spark_submit.py:514} INFO - 21/12/31 13:39:38 INFO BlockManager: BlockManager stopped
[2021-12-31 13:39:38,254] {spark_submit.py:514} INFO - 21/12/31 13:39:38 INFO BlockManagerMaster: BlockManagerMaster stopped
[2021-12-31 13:39:38,273] {spark_submit.py:514} INFO - 21/12/31 13:39:38 INFO OutputCommitCoordinator$OutputCommitCoordinatorEndpoint: OutputCommitCoordinator stopped!
[2021-12-31 13:39:38,596] {spark_submit.py:514} INFO - 21/12/31 13:39:38 INFO SparkContext: Successfully stopped SparkContext
[2021-12-31 13:39:38,607] {spark_submit.py:514} INFO - 21/12/31 13:39:38 INFO ShutdownHookManager: Shutdown hook called
[2021-12-31 13:39:38,612] {spark_submit.py:514} INFO - 21/12/31 13:39:38 INFO ShutdownHookManager: Deleting directory /tmp/spark-449c2863-f69a-4df1-893f-158d3c6a010b
[2021-12-31 13:39:38,687] {spark_submit.py:514} INFO - 21/12/31 13:39:38 INFO ShutdownHookManager: Deleting directory /tmp/spark-0afae3e0-71c8-4a2d-9cb6-9f25507905fe
[2021-12-31 13:39:38,712] {spark_submit.py:514} INFO - 21/12/31 13:39:38 INFO ShutdownHookManager: Deleting directory /tmp/spark-449c2863-f69a-4df1-893f-158d3c6a010b/pyspark-8249bda3-181c-4414-906e-f3f27ff48a56
[2021-12-31 13:39:41,767] {taskinstance.py:1280} INFO - Marking task as SUCCESS. dag_id=scraping_daft_wexford, task_id=remove_file, execution_date=20211230T110500, start_date=20211231T133733, end_date=20211231T133941
[2021-12-31 13:39:43,024] {local_task_job.py:154} INFO - Task exited with return code 0
[2021-12-31 13:39:43,625] {local_task_job.py:264} INFO - 0 downstream tasks scheduled from follow-on schedule check
