[2021-12-22 10:25:02,454] {taskinstance.py:1035} INFO - Dependencies all met for <TaskInstance: scraping_daft_meath.scrap_data scheduled__2021-12-21T10:25:00+00:00 [queued]>
[2021-12-22 10:25:02,477] {taskinstance.py:1035} INFO - Dependencies all met for <TaskInstance: scraping_daft_meath.scrap_data scheduled__2021-12-21T10:25:00+00:00 [queued]>
[2021-12-22 10:25:02,478] {taskinstance.py:1241} INFO - 
--------------------------------------------------------------------------------
[2021-12-22 10:25:02,479] {taskinstance.py:1242} INFO - Starting attempt 1 of 4
[2021-12-22 10:25:02,480] {taskinstance.py:1243} INFO - 
--------------------------------------------------------------------------------
[2021-12-22 10:25:02,499] {taskinstance.py:1262} INFO - Executing <Task(SparkSubmitOperator): scrap_data> on 2021-12-21 10:25:00+00:00
[2021-12-22 10:25:02,509] {standard_task_runner.py:76} INFO - Running: ['***', 'tasks', 'run', 'scraping_daft_meath', 'scrap_data', 'scheduled__2021-12-21T10:25:00+00:00', '--job-id', '3902', '--raw', '--subdir', 'DAGS_FOLDER/scraping_daft_meath.py', '--cfg-path', '/tmp/tmpyzfa93d5', '--error-file', '/tmp/tmpy19abcpf']
[2021-12-22 10:25:02,511] {standard_task_runner.py:77} INFO - Job 3902: Subtask scrap_data
[2021-12-22 10:25:02,505] {standard_task_runner.py:52} INFO - Started process 11122 to run task
[2021-12-22 10:25:02,608] {logging_mixin.py:109} INFO - Running <TaskInstance: scraping_daft_meath.scrap_data scheduled__2021-12-21T10:25:00+00:00 [running]> on host bb1be648e8f2
[2021-12-22 10:25:02,762] {taskinstance.py:1429} INFO - Exporting the following env vars:
AIRFLOW_CTX_DAG_EMAIL=clement.liscoet@gmail.com
AIRFLOW_CTX_DAG_OWNER=clemoni
AIRFLOW_CTX_DAG_ID=scraping_daft_meath
AIRFLOW_CTX_TASK_ID=scrap_data
AIRFLOW_CTX_EXECUTION_DATE=2021-12-21T10:25:00+00:00
AIRFLOW_CTX_DAG_RUN_ID=scheduled__2021-12-21T10:25:00+00:00
[2021-12-22 10:25:02,796] {base.py:79} INFO - Using connection to: id: spark_default. Host: spark://spark:7077, Port: None, Schema: , Login: ***, Password: ***, extra: {}
[2021-12-22 10:25:02,800] {spark_submit.py:360} INFO - Spark-Submit cmd: spark-submit --master spark://spark:7077 --conf spark.master=spark://spark:7077 --name scrap data --verbose /opt/***/jobs/get_ads_per_county.py meath
[2021-12-22 10:25:04,528] {spark_submit.py:514} INFO - Using properties file: null
[2021-12-22 10:25:04,641] {spark_submit.py:514} INFO - WARNING: An illegal reflective access operation has occurred
[2021-12-22 10:25:04,643] {spark_submit.py:514} INFO - WARNING: Illegal reflective access by org.apache.spark.unsafe.Platform (file:/home/***/.local/lib/python3.6/site-packages/pyspark/jars/spark-unsafe_2.12-3.2.0.jar) to constructor java.nio.DirectByteBuffer(long,int)
[2021-12-22 10:25:04,644] {spark_submit.py:514} INFO - WARNING: Please consider reporting this to the maintainers of org.apache.spark.unsafe.Platform
[2021-12-22 10:25:04,645] {spark_submit.py:514} INFO - WARNING: Use --illegal-access=warn to enable warnings of further illegal reflective access operations
[2021-12-22 10:25:04,646] {spark_submit.py:514} INFO - WARNING: All illegal access operations will be denied in a future release
[2021-12-22 10:25:04,708] {spark_submit.py:514} INFO - Parsed arguments:
[2021-12-22 10:25:04,709] {spark_submit.py:514} INFO - master                  spark://spark:7077
[2021-12-22 10:25:04,710] {spark_submit.py:514} INFO - deployMode              null
[2021-12-22 10:25:04,711] {spark_submit.py:514} INFO - executorMemory          null
[2021-12-22 10:25:04,712] {spark_submit.py:514} INFO - executorCores           null
[2021-12-22 10:25:04,713] {spark_submit.py:514} INFO - totalExecutorCores      null
[2021-12-22 10:25:04,714] {spark_submit.py:514} INFO - propertiesFile          null
[2021-12-22 10:25:04,715] {spark_submit.py:514} INFO - driverMemory            null
[2021-12-22 10:25:04,716] {spark_submit.py:514} INFO - driverCores             null
[2021-12-22 10:25:04,717] {spark_submit.py:514} INFO - driverExtraClassPath    null
[2021-12-22 10:25:04,718] {spark_submit.py:514} INFO - driverExtraLibraryPath  null
[2021-12-22 10:25:04,720] {spark_submit.py:514} INFO - driverExtraJavaOptions  null
[2021-12-22 10:25:04,721] {spark_submit.py:514} INFO - supervise               false
[2021-12-22 10:25:04,723] {spark_submit.py:514} INFO - queue                   null
[2021-12-22 10:25:04,724] {spark_submit.py:514} INFO - numExecutors            null
[2021-12-22 10:25:04,726] {spark_submit.py:514} INFO - files                   null
[2021-12-22 10:25:04,727] {spark_submit.py:514} INFO - pyFiles                 null
[2021-12-22 10:25:04,728] {spark_submit.py:514} INFO - archives                null
[2021-12-22 10:25:04,729] {spark_submit.py:514} INFO - mainClass               null
[2021-12-22 10:25:04,730] {spark_submit.py:514} INFO - primaryResource         file:/opt/***/jobs/get_ads_per_county.py
[2021-12-22 10:25:04,731] {spark_submit.py:514} INFO - name                    scrap data
[2021-12-22 10:25:04,732] {spark_submit.py:514} INFO - childArgs               [meath]
[2021-12-22 10:25:04,733] {spark_submit.py:514} INFO - jars                    null
[2021-12-22 10:25:04,733] {spark_submit.py:514} INFO - packages                null
[2021-12-22 10:25:04,734] {spark_submit.py:514} INFO - packagesExclusions      null
[2021-12-22 10:25:04,735] {spark_submit.py:514} INFO - repositories            null
[2021-12-22 10:25:04,736] {spark_submit.py:514} INFO - verbose                 true
[2021-12-22 10:25:04,741] {spark_submit.py:514} INFO - 
[2021-12-22 10:25:04,742] {spark_submit.py:514} INFO - Spark properties used, including those specified through
[2021-12-22 10:25:04,743] {spark_submit.py:514} INFO - --conf and those from the properties file null:
[2021-12-22 10:25:04,744] {spark_submit.py:514} INFO - (spark.master,spark://spark:7077)
[2021-12-22 10:25:04,746] {spark_submit.py:514} INFO - 
[2021-12-22 10:25:04,747] {spark_submit.py:514} INFO - 
[2021-12-22 10:25:05,081] {spark_submit.py:514} INFO - Main class:
[2021-12-22 10:25:05,082] {spark_submit.py:514} INFO - org.apache.spark.deploy.PythonRunner
[2021-12-22 10:25:05,083] {spark_submit.py:514} INFO - Arguments:
[2021-12-22 10:25:05,084] {spark_submit.py:514} INFO - file:/opt/***/jobs/get_ads_per_county.py
[2021-12-22 10:25:05,085] {spark_submit.py:514} INFO - null
[2021-12-22 10:25:05,086] {spark_submit.py:514} INFO - meath
[2021-12-22 10:25:05,087] {spark_submit.py:514} INFO - --verbose
[2021-12-22 10:25:05,088] {spark_submit.py:514} INFO - Spark config:
[2021-12-22 10:25:05,089] {spark_submit.py:514} INFO - (spark.app.name,scrap data)
[2021-12-22 10:25:05,090] {spark_submit.py:514} INFO - (spark.master,spark://spark:7077)
[2021-12-22 10:25:05,091] {spark_submit.py:514} INFO - (spark.submit.pyFiles,)
[2021-12-22 10:25:05,092] {spark_submit.py:514} INFO - (spark.submit.deployMode,client)
[2021-12-22 10:25:05,093] {spark_submit.py:514} INFO - Classpath elements:
[2021-12-22 10:25:05,094] {spark_submit.py:514} INFO - 
[2021-12-22 10:25:05,095] {spark_submit.py:514} INFO - 
[2021-12-22 10:25:05,096] {spark_submit.py:514} INFO - 
[2021-12-22 10:25:06,158] {spark_submit.py:514} INFO - Using Spark's default log4j profile: org/apache/spark/log4j-defaults.properties
[2021-12-22 10:25:06,174] {spark_submit.py:514} INFO - 21/12/22 10:25:06 INFO SparkContext: Running Spark version 3.2.0
[2021-12-22 10:25:06,313] {spark_submit.py:514} INFO - 21/12/22 10:25:06 WARN NativeCodeLoader: Unable to load native-hadoop library for your platform... using builtin-java classes where applicable
[2021-12-22 10:25:06,547] {spark_submit.py:514} INFO - 21/12/22 10:25:06 INFO ResourceUtils: ==============================================================
[2021-12-22 10:25:06,548] {spark_submit.py:514} INFO - 21/12/22 10:25:06 INFO ResourceUtils: No custom resources configured for spark.driver.
[2021-12-22 10:25:06,549] {spark_submit.py:514} INFO - 21/12/22 10:25:06 INFO ResourceUtils: ==============================================================
[2021-12-22 10:25:06,550] {spark_submit.py:514} INFO - 21/12/22 10:25:06 INFO SparkContext: Submitted application: Get Ads per county
[2021-12-22 10:25:06,583] {spark_submit.py:514} INFO - 21/12/22 10:25:06 INFO ResourceProfile: Default ResourceProfile created, executor resources: Map(cores -> name: cores, amount: 1, script: , vendor: , memory -> name: memory, amount: 1024, script: , vendor: , offHeap -> name: offHeap, amount: 0, script: , vendor: ), task resources: Map(cpus -> name: cpus, amount: 1.0)
[2021-12-22 10:25:06,597] {spark_submit.py:514} INFO - 21/12/22 10:25:06 INFO ResourceProfile: Limiting resource is cpu
[2021-12-22 10:25:06,598] {spark_submit.py:514} INFO - 21/12/22 10:25:06 INFO ResourceProfileManager: Added ResourceProfile id: 0
[2021-12-22 10:25:06,682] {spark_submit.py:514} INFO - 21/12/22 10:25:06 INFO SecurityManager: Changing view acls to: ***
[2021-12-22 10:25:06,684] {spark_submit.py:514} INFO - 21/12/22 10:25:06 INFO SecurityManager: Changing modify acls to: ***
[2021-12-22 10:25:06,686] {spark_submit.py:514} INFO - 21/12/22 10:25:06 INFO SecurityManager: Changing view acls groups to:
[2021-12-22 10:25:06,687] {spark_submit.py:514} INFO - 21/12/22 10:25:06 INFO SecurityManager: Changing modify acls groups to:
[2021-12-22 10:25:06,694] {spark_submit.py:514} INFO - 21/12/22 10:25:06 INFO SecurityManager: SecurityManager: authentication disabled; ui acls disabled; users  with view permissions: Set(***); groups with view permissions: Set(); users  with modify permissions: Set(***); groups with modify permissions: Set()
[2021-12-22 10:25:07,078] {spark_submit.py:514} INFO - 21/12/22 10:25:07 INFO Utils: Successfully started service 'sparkDriver' on port 38753.
[2021-12-22 10:25:07,131] {spark_submit.py:514} INFO - 21/12/22 10:25:07 INFO SparkEnv: Registering MapOutputTracker
[2021-12-22 10:25:07,195] {spark_submit.py:514} INFO - 21/12/22 10:25:07 INFO SparkEnv: Registering BlockManagerMaster
[2021-12-22 10:25:07,229] {spark_submit.py:514} INFO - 21/12/22 10:25:07 INFO BlockManagerMasterEndpoint: Using org.apache.spark.storage.DefaultTopologyMapper for getting topology information
[2021-12-22 10:25:07,230] {spark_submit.py:514} INFO - 21/12/22 10:25:07 INFO BlockManagerMasterEndpoint: BlockManagerMasterEndpoint up
[2021-12-22 10:25:07,238] {spark_submit.py:514} INFO - 21/12/22 10:25:07 INFO SparkEnv: Registering BlockManagerMasterHeartbeat
[2021-12-22 10:25:07,274] {spark_submit.py:514} INFO - 21/12/22 10:25:07 INFO DiskBlockManager: Created local directory at /tmp/blockmgr-8427bce0-6772-449b-8927-b5f3c6575bf1
[2021-12-22 10:25:07,302] {spark_submit.py:514} INFO - 21/12/22 10:25:07 INFO MemoryStore: MemoryStore started with capacity 434.4 MiB
[2021-12-22 10:25:07,328] {spark_submit.py:514} INFO - 21/12/22 10:25:07 INFO SparkEnv: Registering OutputCommitCoordinator
[2021-12-22 10:25:07,593] {spark_submit.py:514} INFO - 21/12/22 10:25:07 INFO Utils: Successfully started service 'SparkUI' on port 4040.
[2021-12-22 10:25:07,701] {spark_submit.py:514} INFO - 21/12/22 10:25:07 INFO SparkUI: Bound SparkUI to 0.0.0.0, and started at http://bb1be648e8f2:4040
[2021-12-22 10:25:07,986] {spark_submit.py:514} INFO - 21/12/22 10:25:07 INFO StandaloneAppClient$ClientEndpoint: Connecting to master spark://spark:7077...
[2021-12-22 10:25:08,073] {spark_submit.py:514} INFO - 21/12/22 10:25:08 INFO TransportClientFactory: Successfully created connection to spark/172.19.0.4:7077 after 42 ms (0 ms spent in bootstraps)
[2021-12-22 10:25:08,186] {spark_submit.py:514} INFO - 21/12/22 10:25:08 INFO StandaloneSchedulerBackend: Connected to Spark cluster with app ID app-20211222102508-0049
[2021-12-22 10:25:08,198] {spark_submit.py:514} INFO - 21/12/22 10:25:08 INFO Utils: Successfully started service 'org.apache.spark.network.netty.NettyBlockTransferService' on port 32921.
[2021-12-22 10:25:08,200] {spark_submit.py:514} INFO - 21/12/22 10:25:08 INFO NettyBlockTransferService: Server created on bb1be648e8f2:32921
[2021-12-22 10:25:08,201] {spark_submit.py:514} INFO - 21/12/22 10:25:08 INFO BlockManager: Using org.apache.spark.storage.RandomBlockReplicationPolicy for block replication policy
[2021-12-22 10:25:08,212] {spark_submit.py:514} INFO - 21/12/22 10:25:08 INFO BlockManagerMaster: Registering BlockManager BlockManagerId(driver, bb1be648e8f2, 32921, None)
[2021-12-22 10:25:08,218] {spark_submit.py:514} INFO - 21/12/22 10:25:08 INFO BlockManagerMasterEndpoint: Registering block manager bb1be648e8f2:32921 with 434.4 MiB RAM, BlockManagerId(driver, bb1be648e8f2, 32921, None)
[2021-12-22 10:25:08,222] {spark_submit.py:514} INFO - 21/12/22 10:25:08 INFO BlockManagerMaster: Registered BlockManager BlockManagerId(driver, bb1be648e8f2, 32921, None)
[2021-12-22 10:25:08,224] {spark_submit.py:514} INFO - 21/12/22 10:25:08 INFO BlockManager: Initialized BlockManager: BlockManagerId(driver, bb1be648e8f2, 32921, None)
[2021-12-22 10:25:08,465] {spark_submit.py:514} INFO - 21/12/22 10:25:08 INFO StandaloneSchedulerBackend: SchedulerBackend is ready for scheduling beginning after reached minRegisteredResourcesRatio: 0.0
[2021-12-22 10:25:08,506] {spark_submit.py:514} INFO - /home/***/.local/lib/python3.6/site-packages/pyspark/python/lib/pyspark.zip/pyspark/context.py:238: FutureWarning: Python 3.6 support is deprecated in Spark 3.2.
[2021-12-22 10:25:08,507] {spark_submit.py:514} INFO - FutureWarning
[2021-12-22 10:25:08,741] {spark_submit.py:514} INFO - 21/12/22 10:25:08 INFO SharedState: Setting hive.metastore.warehouse.dir ('null') to the value of spark.sql.warehouse.dir.
[2021-12-22 10:25:08,780] {spark_submit.py:514} INFO - 21/12/22 10:25:08 INFO SharedState: Warehouse path is 'file:/opt/***/spark-warehouse'.
[2021-12-22 10:25:10,898] {spark_submit.py:514} INFO - running...
[2021-12-22 10:25:11,731] {spark_submit.py:514} INFO - running...
[2021-12-22 10:25:12,144] {spark_submit.py:514} INFO - running...
[2021-12-22 10:25:12,594] {spark_submit.py:514} INFO - running...
[2021-12-22 10:25:13,095] {spark_submit.py:514} INFO - running...
[2021-12-22 10:25:13,860] {spark_submit.py:514} INFO - running...
[2021-12-22 10:25:14,222] {spark_submit.py:514} INFO - running...
[2021-12-22 10:25:14,771] {spark_submit.py:514} INFO - running...
[2021-12-22 10:25:15,565] {spark_submit.py:514} INFO - running...
[2021-12-22 10:25:15,981] {spark_submit.py:514} INFO - running...
[2021-12-22 10:25:16,718] {spark_submit.py:514} INFO - running...
[2021-12-22 10:25:17,309] {spark_submit.py:514} INFO - running...
[2021-12-22 10:25:17,854] {spark_submit.py:514} INFO - running...
[2021-12-22 10:25:18,240] {spark_submit.py:514} INFO - running...
[2021-12-22 10:25:18,767] {spark_submit.py:514} INFO - running...
[2021-12-22 10:25:19,406] {spark_submit.py:514} INFO - running...
[2021-12-22 10:25:19,822] {spark_submit.py:514} INFO - running...
[2021-12-22 10:25:20,158] {spark_submit.py:514} INFO - running...
[2021-12-22 10:25:20,565] {spark_submit.py:514} INFO - running...
[2021-12-22 10:25:20,954] {spark_submit.py:514} INFO - running...
[2021-12-22 10:25:22,189] {spark_submit.py:514} INFO - running...
[2021-12-22 10:25:22,681] {spark_submit.py:514} INFO - running...
[2021-12-22 10:25:23,143] {spark_submit.py:514} INFO - running...
[2021-12-22 10:25:23,540] {spark_submit.py:514} INFO - running...
[2021-12-22 10:25:24,392] {spark_submit.py:514} INFO - running...
[2021-12-22 10:25:24,901] {spark_submit.py:514} INFO - running...
[2021-12-22 10:25:25,394] {spark_submit.py:514} INFO - running...
[2021-12-22 10:25:25,907] {spark_submit.py:514} INFO - running...
[2021-12-22 10:25:27,478] {spark_submit.py:514} INFO - 21/12/22 10:25:27 INFO SparkContext: Invoking stop() from shutdown hook
[2021-12-22 10:25:27,507] {spark_submit.py:514} INFO - 21/12/22 10:25:27 INFO SparkUI: Stopped Spark web UI at http://bb1be648e8f2:4040
[2021-12-22 10:25:27,535] {spark_submit.py:514} INFO - 21/12/22 10:25:27 INFO StandaloneSchedulerBackend: Shutting down all executors
[2021-12-22 10:25:27,544] {spark_submit.py:514} INFO - 21/12/22 10:25:27 INFO CoarseGrainedSchedulerBackend$DriverEndpoint: Asking each executor to shut down
[2021-12-22 10:25:27,585] {spark_submit.py:514} INFO - 21/12/22 10:25:27 INFO MapOutputTrackerMasterEndpoint: MapOutputTrackerMasterEndpoint stopped!
[2021-12-22 10:25:27,633] {spark_submit.py:514} INFO - 21/12/22 10:25:27 INFO MemoryStore: MemoryStore cleared
[2021-12-22 10:25:27,641] {spark_submit.py:514} INFO - 21/12/22 10:25:27 INFO BlockManager: BlockManager stopped
[2021-12-22 10:25:27,666] {spark_submit.py:514} INFO - 21/12/22 10:25:27 INFO BlockManagerMaster: BlockManagerMaster stopped
[2021-12-22 10:25:27,677] {spark_submit.py:514} INFO - 21/12/22 10:25:27 INFO OutputCommitCoordinator$OutputCommitCoordinatorEndpoint: OutputCommitCoordinator stopped!
[2021-12-22 10:25:27,713] {spark_submit.py:514} INFO - 21/12/22 10:25:27 INFO SparkContext: Successfully stopped SparkContext
[2021-12-22 10:25:27,716] {spark_submit.py:514} INFO - 21/12/22 10:25:27 INFO ShutdownHookManager: Shutdown hook called
[2021-12-22 10:25:27,719] {spark_submit.py:514} INFO - 21/12/22 10:25:27 INFO ShutdownHookManager: Deleting directory /tmp/spark-9402435c-cb4c-4554-bf98-9ab9fc61129d
[2021-12-22 10:25:27,730] {spark_submit.py:514} INFO - 21/12/22 10:25:27 INFO ShutdownHookManager: Deleting directory /tmp/spark-75e6d507-6ee8-4c4e-aedf-dd9c481d8d60
[2021-12-22 10:25:27,741] {spark_submit.py:514} INFO - 21/12/22 10:25:27 INFO ShutdownHookManager: Deleting directory /tmp/spark-75e6d507-6ee8-4c4e-aedf-dd9c481d8d60/pyspark-023dc905-6a61-4a33-8771-bc715a92a3d5
[2021-12-22 10:25:27,978] {taskinstance.py:1280} INFO - Marking task as SUCCESS. dag_id=scraping_daft_meath, task_id=scrap_data, execution_date=20211221T102500, start_date=20211222T102502, end_date=20211222T102527
[2021-12-22 10:25:28,049] {local_task_job.py:154} INFO - Task exited with return code 0
[2021-12-22 10:25:28,178] {local_task_job.py:264} INFO - 1 downstream tasks scheduled from follow-on schedule check
