[2021-12-22 11:05:39,819] {taskinstance.py:1035} INFO - Dependencies all met for <TaskInstance: scraping_daft_wexford.notify_slack scheduled__2021-12-21T11:05:00+00:00 [queued]>
[2021-12-22 11:05:39,840] {taskinstance.py:1035} INFO - Dependencies all met for <TaskInstance: scraping_daft_wexford.notify_slack scheduled__2021-12-21T11:05:00+00:00 [queued]>
[2021-12-22 11:05:39,841] {taskinstance.py:1241} INFO - 
--------------------------------------------------------------------------------
[2021-12-22 11:05:39,842] {taskinstance.py:1242} INFO - Starting attempt 1 of 4
[2021-12-22 11:05:39,842] {taskinstance.py:1243} INFO - 
--------------------------------------------------------------------------------
[2021-12-22 11:05:39,861] {taskinstance.py:1262} INFO - Executing <Task(SlackWebhookOperator): notify_slack> on 2021-12-21 11:05:00+00:00
[2021-12-22 11:05:39,874] {standard_task_runner.py:76} INFO - Running: ['***', 'tasks', 'run', 'scraping_daft_wexford', 'notify_slack', 'scheduled__2021-12-21T11:05:00+00:00', '--job-id', '3967', '--raw', '--subdir', 'DAGS_FOLDER/scraping_daft_wexford.py', '--cfg-path', '/tmp/tmpjl6mb7qm', '--error-file', '/tmp/tmprgfug_1i']
[2021-12-22 11:05:39,876] {standard_task_runner.py:77} INFO - Job 3967: Subtask notify_slack
[2021-12-22 11:05:39,869] {standard_task_runner.py:52} INFO - Started process 17846 to run task
[2021-12-22 11:05:39,985] {logging_mixin.py:109} INFO - Running <TaskInstance: scraping_daft_wexford.notify_slack scheduled__2021-12-21T11:05:00+00:00 [running]> on host bb1be648e8f2
[2021-12-22 11:05:40,162] {taskinstance.py:1429} INFO - Exporting the following env vars:
AIRFLOW_CTX_DAG_EMAIL=clement.liscoet@gmail.com
AIRFLOW_CTX_DAG_OWNER=clemoni
AIRFLOW_CTX_DAG_ID=scraping_daft_wexford
AIRFLOW_CTX_TASK_ID=notify_slack
AIRFLOW_CTX_EXECUTION_DATE=2021-12-21T11:05:00+00:00
AIRFLOW_CTX_DAG_RUN_ID=scheduled__2021-12-21T11:05:00+00:00
[2021-12-22 11:05:40,183] {base.py:79} INFO - Using connection to: id: slack_connect. Host: https://hooks.slack.com/services/, Port: None, Schema: , Login: , Password: ***, extra: {}
[2021-12-22 11:05:40,202] {base.py:79} INFO - Using connection to: id: slack_connect. Host: https://hooks.slack.com/services/, Port: None, Schema: , Login: , Password: ***, extra: {}
[2021-12-22 11:05:40,207] {http.py:140} INFO - Sending 'POST' to url: https://hooks.slack.com/services/***
[2021-12-22 11:05:40,587] {taskinstance.py:1280} INFO - Marking task as SUCCESS. dag_id=scraping_daft_wexford, task_id=notify_slack, execution_date=20211221T110500, start_date=20211222T110539, end_date=20211222T110540
[2021-12-22 11:05:40,663] {local_task_job.py:154} INFO - Task exited with return code 0
[2021-12-22 11:05:40,800] {local_task_job.py:264} INFO - 1 downstream tasks scheduled from follow-on schedule check
