[2022-01-04 12:24:02,559] {taskinstance.py:1035} INFO - Dependencies all met for <TaskInstance: scraping_daft_limerick.persist_data scheduled__2022-01-03T10:05:00+00:00 [queued]>
[2022-01-04 12:24:03,244] {taskinstance.py:1035} INFO - Dependencies all met for <TaskInstance: scraping_daft_limerick.persist_data scheduled__2022-01-03T10:05:00+00:00 [queued]>
[2022-01-04 12:24:03,257] {taskinstance.py:1241} INFO - 
--------------------------------------------------------------------------------
[2022-01-04 12:24:03,359] {taskinstance.py:1242} INFO - Starting attempt 1 of 4
[2022-01-04 12:24:03,361] {taskinstance.py:1243} INFO - 
--------------------------------------------------------------------------------
[2022-01-04 12:24:03,583] {taskinstance.py:1262} INFO - Executing <Task(SparkSubmitOperator): persist_data> on 2022-01-03 10:05:00+00:00
[2022-01-04 12:24:03,596] {standard_task_runner.py:52} INFO - Started process 6808 to run task
[2022-01-04 12:24:03,616] {standard_task_runner.py:76} INFO - Running: ['***', 'tasks', 'run', 'scraping_daft_limerick', 'persist_data', 'scheduled__2022-01-03T10:05:00+00:00', '--job-id', '6554', '--raw', '--subdir', 'DAGS_FOLDER/scraping_daft_limerick.py', '--cfg-path', '/tmp/tmpq0ks78ry', '--error-file', '/tmp/tmpa6bopqui']
[2022-01-04 12:24:03,690] {standard_task_runner.py:77} INFO - Job 6554: Subtask persist_data
[2022-01-04 12:24:04,601] {logging_mixin.py:109} INFO - Running <TaskInstance: scraping_daft_limerick.persist_data scheduled__2022-01-03T10:05:00+00:00 [running]> on host 60c978034afe
[2022-01-04 12:24:05,315] {taskinstance.py:1429} INFO - Exporting the following env vars:
AIRFLOW_CTX_DAG_EMAIL=clement.liscoet@gmail.com
AIRFLOW_CTX_DAG_OWNER=clemoni
AIRFLOW_CTX_DAG_ID=scraping_daft_limerick
AIRFLOW_CTX_TASK_ID=persist_data
AIRFLOW_CTX_EXECUTION_DATE=2022-01-03T10:05:00+00:00
AIRFLOW_CTX_DAG_RUN_ID=scheduled__2022-01-03T10:05:00+00:00
[2022-01-04 12:24:05,411] {base.py:79} INFO - Using connection to: id: spark_default. Host: spark://spark:7077, Port: None, Schema: , Login: ***, Password: ***, extra: {}
[2022-01-04 12:24:05,448] {spark_submit.py:360} INFO - Spark-Submit cmd: spark-submit --master spark://spark:7077 --conf spark.master=spark://spark:7077 --name persist data --verbose /opt/***/jobs/persist_db.py limerick
[2022-01-04 12:25:32,316] {spark_submit.py:514} INFO - Using properties file: null
[2022-01-04 12:25:34,154] {spark_submit.py:514} INFO - WARNING: An illegal reflective access operation has occurred
[2022-01-04 12:25:34,156] {spark_submit.py:514} INFO - WARNING: Illegal reflective access by org.apache.spark.unsafe.Platform (file:/home/***/.local/lib/python3.6/site-packages/pyspark/jars/spark-unsafe_2.12-3.2.0.jar) to constructor java.nio.DirectByteBuffer(long,int)
[2022-01-04 12:25:34,158] {spark_submit.py:514} INFO - WARNING: Please consider reporting this to the maintainers of org.apache.spark.unsafe.Platform
[2022-01-04 12:25:34,159] {spark_submit.py:514} INFO - WARNING: Use --illegal-access=warn to enable warnings of further illegal reflective access operations
[2022-01-04 12:25:34,161] {spark_submit.py:514} INFO - WARNING: All illegal access operations will be denied in a future release
[2022-01-04 12:25:35,058] {spark_submit.py:514} INFO - Parsed arguments:
[2022-01-04 12:25:35,074] {spark_submit.py:514} INFO - master                  spark://spark:7077
[2022-01-04 12:25:35,075] {spark_submit.py:514} INFO - deployMode              null
[2022-01-04 12:25:35,077] {spark_submit.py:514} INFO - executorMemory          null
[2022-01-04 12:25:35,079] {spark_submit.py:514} INFO - executorCores           null
[2022-01-04 12:25:35,080] {spark_submit.py:514} INFO - totalExecutorCores      null
[2022-01-04 12:25:35,083] {spark_submit.py:514} INFO - propertiesFile          null
[2022-01-04 12:25:35,085] {spark_submit.py:514} INFO - driverMemory            null
[2022-01-04 12:25:35,088] {spark_submit.py:514} INFO - driverCores             null
[2022-01-04 12:25:35,091] {spark_submit.py:514} INFO - driverExtraClassPath    null
[2022-01-04 12:25:35,093] {spark_submit.py:514} INFO - driverExtraLibraryPath  null
[2022-01-04 12:25:35,097] {spark_submit.py:514} INFO - driverExtraJavaOptions  null
[2022-01-04 12:25:35,099] {spark_submit.py:514} INFO - supervise               false
[2022-01-04 12:25:35,100] {spark_submit.py:514} INFO - queue                   null
[2022-01-04 12:25:35,103] {spark_submit.py:514} INFO - numExecutors            null
[2022-01-04 12:25:35,105] {spark_submit.py:514} INFO - files                   null
[2022-01-04 12:25:35,107] {spark_submit.py:514} INFO - pyFiles                 null
[2022-01-04 12:25:35,109] {spark_submit.py:514} INFO - archives                null
[2022-01-04 12:25:35,110] {spark_submit.py:514} INFO - mainClass               null
[2022-01-04 12:25:35,111] {spark_submit.py:514} INFO - primaryResource         file:/opt/***/jobs/persist_db.py
[2022-01-04 12:25:35,112] {spark_submit.py:514} INFO - name                    persist data
[2022-01-04 12:25:35,114] {spark_submit.py:514} INFO - childArgs               [limerick]
[2022-01-04 12:25:35,115] {spark_submit.py:514} INFO - jars                    null
[2022-01-04 12:25:35,117] {spark_submit.py:514} INFO - packages                null
[2022-01-04 12:25:35,118] {spark_submit.py:514} INFO - packagesExclusions      null
[2022-01-04 12:25:35,120] {spark_submit.py:514} INFO - repositories            null
[2022-01-04 12:25:35,121] {spark_submit.py:514} INFO - verbose                 true
[2022-01-04 12:25:35,123] {spark_submit.py:514} INFO - 
[2022-01-04 12:25:35,124] {spark_submit.py:514} INFO - Spark properties used, including those specified through
[2022-01-04 12:25:35,125] {spark_submit.py:514} INFO - --conf and those from the properties file null:
[2022-01-04 12:25:35,127] {spark_submit.py:514} INFO - (spark.master,spark://spark:7077)
[2022-01-04 12:25:35,132] {spark_submit.py:514} INFO - 
[2022-01-04 12:25:35,133] {spark_submit.py:514} INFO - 
[2022-01-04 12:25:55,936] {spark_submit.py:514} INFO - Main class:
[2022-01-04 12:25:55,944] {spark_submit.py:514} INFO - org.apache.spark.deploy.PythonRunner
[2022-01-04 12:25:55,971] {spark_submit.py:514} INFO - Arguments:
[2022-01-04 12:25:56,006] {spark_submit.py:514} INFO - file:/opt/***/jobs/persist_db.py
[2022-01-04 12:25:56,023] {spark_submit.py:514} INFO - null
[2022-01-04 12:25:56,030] {spark_submit.py:514} INFO - limerick
[2022-01-04 12:25:56,054] {spark_submit.py:514} INFO - --verbose
[2022-01-04 12:25:56,068] {spark_submit.py:514} INFO - Spark config:
[2022-01-04 12:25:56,073] {spark_submit.py:514} INFO - (spark.master,spark://spark:7077)
[2022-01-04 12:25:56,096] {spark_submit.py:514} INFO - (spark.app.name,persist data)
[2022-01-04 12:25:56,132] {spark_submit.py:514} INFO - (spark.submit.pyFiles,)
[2022-01-04 12:25:56,176] {spark_submit.py:514} INFO - (spark.submit.deployMode,client)
[2022-01-04 12:25:56,186] {spark_submit.py:514} INFO - Classpath elements:
[2022-01-04 12:25:56,208] {spark_submit.py:514} INFO - 
[2022-01-04 12:25:56,228] {spark_submit.py:514} INFO - 
[2022-01-04 12:25:56,236] {spark_submit.py:514} INFO - 
[2022-01-04 12:26:19,919] {spark_submit.py:514} INFO - Using Spark's default log4j profile: org/apache/spark/log4j-defaults.properties
[2022-01-04 12:26:20,179] {spark_submit.py:514} INFO - 22/01/04 12:26:20 INFO SparkContext: Running Spark version 3.2.0
[2022-01-04 12:26:22,391] {spark_submit.py:514} INFO - 22/01/04 12:26:22 WARN NativeCodeLoader: Unable to load native-hadoop library for your platform... using builtin-java classes where applicable
[2022-01-04 12:26:26,990] {spark_submit.py:514} INFO - 22/01/04 12:26:26 INFO ResourceUtils: ==============================================================
[2022-01-04 12:26:27,049] {spark_submit.py:514} INFO - 22/01/04 12:26:27 INFO ResourceUtils: No custom resources configured for spark.driver.
[2022-01-04 12:26:27,053] {spark_submit.py:514} INFO - 22/01/04 12:26:27 INFO ResourceUtils: ==============================================================
[2022-01-04 12:26:27,149] {spark_submit.py:514} INFO - 22/01/04 12:26:27 INFO SparkContext: Submitted application: Persist DB
[2022-01-04 12:26:29,063] {spark_submit.py:514} INFO - 22/01/04 12:26:29 INFO ResourceProfile: Default ResourceProfile created, executor resources: Map(cores -> name: cores, amount: 1, script: , vendor: , memory -> name: memory, amount: 1024, script: , vendor: , offHeap -> name: offHeap, amount: 0, script: , vendor: ), task resources: Map(cpus -> name: cpus, amount: 1.0)
[2022-01-04 12:26:29,435] {spark_submit.py:514} INFO - 22/01/04 12:26:29 INFO ResourceProfile: Limiting resource is cpu
[2022-01-04 12:26:29,517] {spark_submit.py:514} INFO - 22/01/04 12:26:29 INFO ResourceProfileManager: Added ResourceProfile id: 0
[2022-01-04 12:26:30,452] {spark_submit.py:514} INFO - 22/01/04 12:26:30 INFO SecurityManager: Changing view acls to: ***
[2022-01-04 12:26:30,457] {spark_submit.py:514} INFO - 22/01/04 12:26:30 INFO SecurityManager: Changing modify acls to: ***
[2022-01-04 12:26:30,460] {spark_submit.py:514} INFO - 22/01/04 12:26:30 INFO SecurityManager: Changing view acls groups to:
[2022-01-04 12:26:30,462] {spark_submit.py:514} INFO - 22/01/04 12:26:30 INFO SecurityManager: Changing modify acls groups to:
[2022-01-04 12:26:30,464] {spark_submit.py:514} INFO - 22/01/04 12:26:30 INFO SecurityManager: SecurityManager: authentication disabled; ui acls disabled; users  with view permissions: Set(***); groups with view permissions: Set(); users  with modify permissions: Set(***); groups with modify permissions: Set()
[2022-01-04 12:26:36,494] {spark_submit.py:514} INFO - 22/01/04 12:26:36 INFO Utils: Successfully started service 'sparkDriver' on port 36797.
[2022-01-04 12:26:36,810] {spark_submit.py:514} INFO - 22/01/04 12:26:36 INFO SparkEnv: Registering MapOutputTracker
[2022-01-04 12:26:37,234] {spark_submit.py:514} INFO - 22/01/04 12:26:37 INFO SparkEnv: Registering BlockManagerMaster
[2022-01-04 12:26:37,580] {spark_submit.py:514} INFO - 22/01/04 12:26:37 INFO BlockManagerMasterEndpoint: Using org.apache.spark.storage.DefaultTopologyMapper for getting topology information
[2022-01-04 12:26:37,587] {spark_submit.py:514} INFO - 22/01/04 12:26:37 INFO BlockManagerMasterEndpoint: BlockManagerMasterEndpoint up
[2022-01-04 12:26:37,647] {spark_submit.py:514} INFO - 22/01/04 12:26:37 INFO SparkEnv: Registering BlockManagerMasterHeartbeat
[2022-01-04 12:26:38,121] {spark_submit.py:514} INFO - 22/01/04 12:26:38 INFO DiskBlockManager: Created local directory at /tmp/blockmgr-34f6277b-d0f3-4bea-a38b-c7f5a571c882
[2022-01-04 12:26:38,329] {spark_submit.py:514} INFO - 22/01/04 12:26:38 INFO MemoryStore: MemoryStore started with capacity 434.4 MiB
[2022-01-04 12:26:38,683] {spark_submit.py:514} INFO - 22/01/04 12:26:38 INFO SparkEnv: Registering OutputCommitCoordinator
[2022-01-04 12:26:42,849] {spark_submit.py:514} INFO - 22/01/04 12:26:42 WARN Utils: Service 'SparkUI' could not bind on port 4040. Attempting port 4041.
[2022-01-04 12:26:42,874] {spark_submit.py:514} INFO - 22/01/04 12:26:42 WARN Utils: Service 'SparkUI' could not bind on port 4041. Attempting port 4042.
[2022-01-04 12:26:42,885] {spark_submit.py:514} INFO - 22/01/04 12:26:42 WARN Utils: Service 'SparkUI' could not bind on port 4042. Attempting port 4043.
[2022-01-04 12:26:42,896] {spark_submit.py:514} INFO - 22/01/04 12:26:42 WARN Utils: Service 'SparkUI' could not bind on port 4043. Attempting port 4044.
[2022-01-04 12:26:42,900] {spark_submit.py:514} INFO - 22/01/04 12:26:42 WARN Utils: Service 'SparkUI' could not bind on port 4044. Attempting port 4045.
[2022-01-04 12:26:42,914] {spark_submit.py:514} INFO - 22/01/04 12:26:42 WARN Utils: Service 'SparkUI' could not bind on port 4045. Attempting port 4046.
[2022-01-04 12:26:42,931] {spark_submit.py:514} INFO - 22/01/04 12:26:42 WARN Utils: Service 'SparkUI' could not bind on port 4046. Attempting port 4047.
[2022-01-04 12:26:42,944] {spark_submit.py:514} INFO - 22/01/04 12:26:42 WARN Utils: Service 'SparkUI' could not bind on port 4047. Attempting port 4048.
[2022-01-04 12:26:42,946] {spark_submit.py:514} INFO - 22/01/04 12:26:42 WARN Utils: Service 'SparkUI' could not bind on port 4048. Attempting port 4049.
[2022-01-04 12:26:42,948] {spark_submit.py:514} INFO - 22/01/04 12:26:42 WARN Utils: Service 'SparkUI' could not bind on port 4049. Attempting port 4050.
[2022-01-04 12:26:43,447] {spark_submit.py:514} INFO - 22/01/04 12:26:43 INFO Utils: Successfully started service 'SparkUI' on port 4050.
[2022-01-04 12:26:44,807] {spark_submit.py:514} INFO - 22/01/04 12:26:44 INFO SparkUI: Bound SparkUI to 0.0.0.0, and started at http://60c978034afe:4050
[2022-01-04 12:27:00,224] {spark_submit.py:514} INFO - 22/01/04 12:27:00 INFO StandaloneAppClient$ClientEndpoint: Connecting to master spark://spark:7077...
[2022-01-04 12:27:02,899] {spark_submit.py:514} INFO - 22/01/04 12:27:02 INFO TransportClientFactory: Successfully created connection to spark/172.23.0.4:7077 after 1540 ms (1 ms spent in bootstraps)
[2022-01-04 12:27:03,705] {spark_submit.py:514} INFO - 22/01/04 12:27:03 INFO StandaloneSchedulerBackend: Connected to Spark cluster with app ID app-20220104122703-0048
[2022-01-04 12:27:03,800] {spark_submit.py:514} INFO - 22/01/04 12:27:03 INFO Utils: Successfully started service 'org.apache.spark.network.netty.NettyBlockTransferService' on port 45619.
[2022-01-04 12:27:03,802] {spark_submit.py:514} INFO - 22/01/04 12:27:03 INFO NettyBlockTransferService: Server created on 60c978034afe:45619
[2022-01-04 12:27:03,806] {spark_submit.py:514} INFO - 22/01/04 12:27:03 INFO BlockManager: Using org.apache.spark.storage.RandomBlockReplicationPolicy for block replication policy
[2022-01-04 12:27:03,867] {spark_submit.py:514} INFO - 22/01/04 12:27:03 INFO BlockManagerMaster: Registering BlockManager BlockManagerId(driver, 60c978034afe, 45619, None)
[2022-01-04 12:27:03,962] {spark_submit.py:514} INFO - 22/01/04 12:27:03 INFO BlockManagerMasterEndpoint: Registering block manager 60c978034afe:45619 with 434.4 MiB RAM, BlockManagerId(driver, 60c978034afe, 45619, None)
[2022-01-04 12:27:04,004] {spark_submit.py:514} INFO - 22/01/04 12:27:04 INFO BlockManagerMaster: Registered BlockManager BlockManagerId(driver, 60c978034afe, 45619, None)
[2022-01-04 12:27:04,018] {spark_submit.py:514} INFO - 22/01/04 12:27:04 INFO BlockManager: Initialized BlockManager: BlockManagerId(driver, 60c978034afe, 45619, None)
[2022-01-04 12:27:11,291] {spark_submit.py:514} INFO - 22/01/04 12:27:11 INFO StandaloneSchedulerBackend: SchedulerBackend is ready for scheduling beginning after reached minRegisteredResourcesRatio: 0.0
[2022-01-04 12:27:12,180] {spark_submit.py:514} INFO - /home/***/.local/lib/python3.6/site-packages/pyspark/python/lib/pyspark.zip/pyspark/context.py:238: FutureWarning: Python 3.6 support is deprecated in Spark 3.2.
[2022-01-04 12:27:12,183] {spark_submit.py:514} INFO - FutureWarning
[2022-01-04 12:27:16,295] {spark_submit.py:514} INFO - 22/01/04 12:27:16 INFO SharedState: Setting hive.metastore.warehouse.dir ('null') to the value of spark.sql.warehouse.dir.
[2022-01-04 12:27:16,900] {spark_submit.py:514} INFO - 22/01/04 12:27:16 INFO SharedState: Warehouse path is 'file:/opt/***/spark-warehouse'.
[2022-01-04 12:27:46,817] {spark_submit.py:514} INFO - 22/01/04 12:27:46 INFO SparkContext: Invoking stop() from shutdown hook
[2022-01-04 12:27:47,140] {spark_submit.py:514} INFO - 22/01/04 12:27:47 INFO SparkUI: Stopped Spark web UI at http://60c978034afe:4050
[2022-01-04 12:27:47,527] {spark_submit.py:514} INFO - 22/01/04 12:27:47 INFO StandaloneSchedulerBackend: Shutting down all executors
[2022-01-04 12:27:47,557] {spark_submit.py:514} INFO - 22/01/04 12:27:47 INFO CoarseGrainedSchedulerBackend$DriverEndpoint: Asking each executor to shut down
[2022-01-04 12:27:47,967] {spark_submit.py:514} INFO - 22/01/04 12:27:47 INFO MapOutputTrackerMasterEndpoint: MapOutputTrackerMasterEndpoint stopped!
[2022-01-04 12:27:48,879] {spark_submit.py:514} INFO - 22/01/04 12:27:48 INFO MemoryStore: MemoryStore cleared
[2022-01-04 12:27:48,892] {spark_submit.py:514} INFO - 22/01/04 12:27:48 INFO BlockManager: BlockManager stopped
[2022-01-04 12:27:49,225] {spark_submit.py:514} INFO - 22/01/04 12:27:49 INFO BlockManagerMaster: BlockManagerMaster stopped
[2022-01-04 12:27:49,238] {spark_submit.py:514} INFO - 22/01/04 12:27:49 INFO OutputCommitCoordinator$OutputCommitCoordinatorEndpoint: OutputCommitCoordinator stopped!
[2022-01-04 12:27:49,750] {spark_submit.py:514} INFO - 22/01/04 12:27:49 INFO SparkContext: Successfully stopped SparkContext
[2022-01-04 12:27:49,755] {spark_submit.py:514} INFO - 22/01/04 12:27:49 INFO ShutdownHookManager: Shutdown hook called
[2022-01-04 12:27:49,760] {spark_submit.py:514} INFO - 22/01/04 12:27:49 INFO ShutdownHookManager: Deleting directory /tmp/spark-22728ebd-71e2-4d0c-9872-f876ffd2a983/pyspark-b42d94ba-65ce-4665-8804-b484917fbe0c
[2022-01-04 12:27:49,790] {spark_submit.py:514} INFO - 22/01/04 12:27:49 INFO ShutdownHookManager: Deleting directory /tmp/spark-22728ebd-71e2-4d0c-9872-f876ffd2a983
[2022-01-04 12:27:49,893] {spark_submit.py:514} INFO - 22/01/04 12:27:49 INFO ShutdownHookManager: Deleting directory /tmp/spark-600b64c5-5d66-4de7-b71a-03fb15627e5f
[2022-01-04 12:27:53,113] {taskinstance.py:1280} INFO - Marking task as SUCCESS. dag_id=scraping_daft_limerick, task_id=persist_data, execution_date=20220103T100500, start_date=20220104T122402, end_date=20220104T122753
[2022-01-04 12:27:53,505] {local_task_job.py:154} INFO - Task exited with return code 0
[2022-01-04 12:27:54,053] {local_task_job.py:264} INFO - 1 downstream tasks scheduled from follow-on schedule check
