[2021-12-21 09:51:13,927] {taskinstance.py:1035} INFO - Dependencies all met for <TaskInstance: scraping_daft_kilkenny.waiting_for_file scheduled__2021-12-20T09:50:00+00:00 [queued]>
[2021-12-21 09:51:13,962] {taskinstance.py:1035} INFO - Dependencies all met for <TaskInstance: scraping_daft_kilkenny.waiting_for_file scheduled__2021-12-20T09:50:00+00:00 [queued]>
[2021-12-21 09:51:13,964] {taskinstance.py:1241} INFO - 
--------------------------------------------------------------------------------
[2021-12-21 09:51:13,966] {taskinstance.py:1242} INFO - Starting attempt 1 of 4
[2021-12-21 09:51:13,968] {taskinstance.py:1243} INFO - 
--------------------------------------------------------------------------------
[2021-12-21 09:51:14,001] {taskinstance.py:1262} INFO - Executing <Task(FileSensor): waiting_for_file> on 2021-12-20 09:50:00+00:00
[2021-12-21 09:51:14,020] {standard_task_runner.py:76} INFO - Running: ['***', 'tasks', 'run', 'scraping_daft_kilkenny', 'waiting_for_file', 'scheduled__2021-12-20T09:50:00+00:00', '--job-id', '3660', '--raw', '--subdir', 'DAGS_FOLDER/scraping_daft_kilkenny.py', '--cfg-path', '/tmp/tmpyspl4hus', '--error-file', '/tmp/tmpxc1ofe6y']
[2021-12-21 09:51:14,024] {standard_task_runner.py:77} INFO - Job 3660: Subtask waiting_for_file
[2021-12-21 09:51:14,016] {standard_task_runner.py:52} INFO - Started process 5860 to run task
[2021-12-21 09:51:14,208] {logging_mixin.py:109} INFO - Running <TaskInstance: scraping_daft_kilkenny.waiting_for_file scheduled__2021-12-20T09:50:00+00:00 [running]> on host 99ae224ffe2d
[2021-12-21 09:51:14,433] {taskinstance.py:1429} INFO - Exporting the following env vars:
AIRFLOW_CTX_DAG_EMAIL=clement.liscoet@gmail.com
AIRFLOW_CTX_DAG_OWNER=clemoni
AIRFLOW_CTX_DAG_ID=scraping_daft_kilkenny
AIRFLOW_CTX_TASK_ID=waiting_for_file
AIRFLOW_CTX_EXECUTION_DATE=2021-12-20T09:50:00+00:00
AIRFLOW_CTX_DAG_RUN_ID=scheduled__2021-12-20T09:50:00+00:00
[2021-12-21 09:51:14,497] {filesystem.py:59} INFO - Poking for file data/kilkenny_rent.json
[2021-12-21 09:51:14,499] {filesystem.py:65} INFO - Found File data/kilkenny_rent.json last modified: 20211221095111
[2021-12-21 09:51:14,500] {base.py:249} INFO - Success criteria met. Exiting.
[2021-12-21 09:51:14,554] {taskinstance.py:1280} INFO - Marking task as SUCCESS. dag_id=scraping_daft_kilkenny, task_id=waiting_for_file, execution_date=20211220T095000, start_date=20211221T095113, end_date=20211221T095114
[2021-12-21 09:51:14,619] {local_task_job.py:154} INFO - Task exited with return code 0
[2021-12-21 09:51:14,794] {local_task_job.py:264} INFO - 1 downstream tasks scheduled from follow-on schedule check
