[2021-12-22 10:09:40,429] {taskinstance.py:1035} INFO - Dependencies all met for <TaskInstance: scraping_daft_leitrim.run_init_county scheduled__2021-12-21T10:00:00+00:00 [queued]>
[2021-12-22 10:09:44,169] {taskinstance.py:1035} INFO - Dependencies all met for <TaskInstance: scraping_daft_leitrim.run_init_county scheduled__2021-12-21T10:00:00+00:00 [queued]>
[2021-12-22 10:09:44,186] {taskinstance.py:1241} INFO - 
--------------------------------------------------------------------------------
[2021-12-22 10:09:44,200] {taskinstance.py:1242} INFO - Starting attempt 1 of 4
[2021-12-22 10:09:44,302] {taskinstance.py:1243} INFO - 
--------------------------------------------------------------------------------
[2021-12-22 10:09:52,011] {taskinstance.py:1262} INFO - Executing <Task(_PythonDecoratedOperator): run_init_county> on 2021-12-21 10:00:00+00:00
[2021-12-22 10:09:53,550] {standard_task_runner.py:76} INFO - Running: ['***', 'tasks', 'run', 'scraping_daft_leitrim', 'run_init_county', 'scheduled__2021-12-21T10:00:00+00:00', '--job-id', '3808', '--raw', '--subdir', 'DAGS_FOLDER/scraping_daft_leitrim.py', '--cfg-path', '/tmp/tmp9g0t0tvy', '--error-file', '/tmp/tmpfc5q13_o']
[2021-12-22 10:09:53,571] {standard_task_runner.py:77} INFO - Job 3808: Subtask run_init_county
[2021-12-22 10:09:53,646] {standard_task_runner.py:52} INFO - Started process 2817 to run task
[2021-12-22 10:09:58,723] {logging_mixin.py:109} INFO - Running <TaskInstance: scraping_daft_leitrim.run_init_county scheduled__2021-12-21T10:00:00+00:00 [running]> on host bb1be648e8f2
[2021-12-22 10:10:10,472] {taskinstance.py:1429} INFO - Exporting the following env vars:
AIRFLOW_CTX_DAG_EMAIL=clement.liscoet@gmail.com
AIRFLOW_CTX_DAG_OWNER=clemoni
AIRFLOW_CTX_DAG_ID=scraping_daft_leitrim
AIRFLOW_CTX_TASK_ID=run_init_county
AIRFLOW_CTX_EXECUTION_DATE=2021-12-21T10:00:00+00:00
AIRFLOW_CTX_DAG_RUN_ID=scheduled__2021-12-21T10:00:00+00:00
[2021-12-22 10:10:12,600] {python.py:152} INFO - Done. Returned value was: None
[2021-12-22 10:10:16,752] {taskinstance.py:1280} INFO - Marking task as SUCCESS. dag_id=scraping_daft_leitrim, task_id=run_init_county, execution_date=20211221T100000, start_date=20211222T100943, end_date=20211222T101016
[2021-12-22 10:10:23,004] {local_task_job.py:154} INFO - Task exited with return code 0
[2021-12-22 10:10:24,604] {local_task_job.py:264} INFO - 1 downstream tasks scheduled from follow-on schedule check
