[2021-12-31 13:35:39,796] {taskinstance.py:1035} INFO - Dependencies all met for <TaskInstance: scraping_daft_donegal.notify_slack scheduled__2021-12-30T09:25:00+00:00 [queued]>
[2021-12-31 13:35:39,935] {taskinstance.py:1035} INFO - Dependencies all met for <TaskInstance: scraping_daft_donegal.notify_slack scheduled__2021-12-30T09:25:00+00:00 [queued]>
[2021-12-31 13:35:39,939] {taskinstance.py:1241} INFO - 
--------------------------------------------------------------------------------
[2021-12-31 13:35:39,941] {taskinstance.py:1242} INFO - Starting attempt 1 of 4
[2021-12-31 13:35:39,943] {taskinstance.py:1243} INFO - 
--------------------------------------------------------------------------------
[2021-12-31 13:35:40,024] {taskinstance.py:1262} INFO - Executing <Task(SlackWebhookOperator): notify_slack> on 2021-12-30 09:25:00+00:00
[2021-12-31 13:35:40,060] {standard_task_runner.py:52} INFO - Started process 9097 to run task
[2021-12-31 13:35:40,095] {standard_task_runner.py:76} INFO - Running: ['***', 'tasks', 'run', 'scraping_daft_donegal', 'notify_slack', 'scheduled__2021-12-30T09:25:00+00:00', '--job-id', '5813', '--raw', '--subdir', 'DAGS_FOLDER/scraping_daft_donegal.py', '--cfg-path', '/tmp/tmppqkos30h', '--error-file', '/tmp/tmp_37x48y5']
[2021-12-31 13:35:40,098] {standard_task_runner.py:77} INFO - Job 5813: Subtask notify_slack
[2021-12-31 13:35:40,579] {logging_mixin.py:109} INFO - Running <TaskInstance: scraping_daft_donegal.notify_slack scheduled__2021-12-30T09:25:00+00:00 [running]> on host ee68d8f591c8
[2021-12-31 13:35:41,142] {taskinstance.py:1429} INFO - Exporting the following env vars:
AIRFLOW_CTX_DAG_EMAIL=clement.liscoet@gmail.com
AIRFLOW_CTX_DAG_OWNER=clemoni
AIRFLOW_CTX_DAG_ID=scraping_daft_donegal
AIRFLOW_CTX_TASK_ID=notify_slack
AIRFLOW_CTX_EXECUTION_DATE=2021-12-30T09:25:00+00:00
AIRFLOW_CTX_DAG_RUN_ID=scheduled__2021-12-30T09:25:00+00:00
[2021-12-31 13:35:41,238] {base.py:79} INFO - Using connection to: id: slack_connect. Host: https://hooks.slack.com/services/, Port: None, Schema: , Login: , Password: ***, extra: {}
[2021-12-31 13:35:41,356] {base.py:79} INFO - Using connection to: id: slack_connect. Host: https://hooks.slack.com/services/, Port: None, Schema: , Login: , Password: ***, extra: {}
[2021-12-31 13:35:41,597] {http.py:140} INFO - Sending 'POST' to url: https://hooks.slack.com/services/***
[2021-12-31 13:35:43,437] {taskinstance.py:1280} INFO - Marking task as SUCCESS. dag_id=scraping_daft_donegal, task_id=notify_slack, execution_date=20211230T092500, start_date=20211231T133539, end_date=20211231T133543
[2021-12-31 13:35:43,858] {local_task_job.py:154} INFO - Task exited with return code 0
[2021-12-31 13:35:45,725] {local_task_job.py:264} INFO - 0 downstream tasks scheduled from follow-on schedule check
