[2021-12-29 11:54:50,897] {taskinstance.py:1035} INFO - Dependencies all met for <TaskInstance: scraping_daft_sligo.run_init_county scheduled__2021-12-28T10:45:00+00:00 [queued]>
[2021-12-29 11:54:51,999] {taskinstance.py:1035} INFO - Dependencies all met for <TaskInstance: scraping_daft_sligo.run_init_county scheduled__2021-12-28T10:45:00+00:00 [queued]>
[2021-12-29 11:54:52,032] {taskinstance.py:1241} INFO - 
--------------------------------------------------------------------------------
[2021-12-29 11:54:52,051] {taskinstance.py:1242} INFO - Starting attempt 1 of 4
[2021-12-29 11:54:52,111] {taskinstance.py:1243} INFO - 
--------------------------------------------------------------------------------
[2021-12-29 11:54:53,306] {taskinstance.py:1262} INFO - Executing <Task(_PythonDecoratedOperator): run_init_county> on 2021-12-28 10:45:00+00:00
[2021-12-29 11:54:54,824] {standard_task_runner.py:76} INFO - Running: ['***', 'tasks', 'run', 'scraping_daft_sligo', 'run_init_county', 'scheduled__2021-12-28T10:45:00+00:00', '--job-id', '5312', '--raw', '--subdir', 'DAGS_FOLDER/scraping_daft_sligo.py', '--cfg-path', '/tmp/tmp219t4wf5', '--error-file', '/tmp/tmpwqs386tz']
[2021-12-29 11:54:54,942] {standard_task_runner.py:77} INFO - Job 5312: Subtask run_init_county
[2021-12-29 11:54:54,461] {standard_task_runner.py:52} INFO - Started process 24455 to run task
[2021-12-29 11:55:40,645] {logging_mixin.py:109} INFO - Running <TaskInstance: scraping_daft_sligo.run_init_county scheduled__2021-12-28T10:45:00+00:00 [running]> on host 6bdda4c19a85
[2021-12-29 11:55:55,225] {taskinstance.py:1429} INFO - Exporting the following env vars:
AIRFLOW_CTX_DAG_EMAIL=clement.liscoet@gmail.com
AIRFLOW_CTX_DAG_OWNER=clemoni
AIRFLOW_CTX_DAG_ID=scraping_daft_sligo
AIRFLOW_CTX_TASK_ID=run_init_county
AIRFLOW_CTX_EXECUTION_DATE=2021-12-28T10:45:00+00:00
AIRFLOW_CTX_DAG_RUN_ID=scheduled__2021-12-28T10:45:00+00:00
[2021-12-29 11:55:56,695] {python.py:152} INFO - Done. Returned value was: None
[2021-12-29 11:56:09,842] {taskinstance.py:1280} INFO - Marking task as SUCCESS. dag_id=scraping_daft_sligo, task_id=run_init_county, execution_date=20211228T104500, start_date=20211229T115451, end_date=20211229T115608
[2021-12-29 11:56:24,073] {local_task_job.py:212} WARNING - State of this instance has been externally set to success. Terminating instance.
[2021-12-29 11:56:30,391] {process_utils.py:100} INFO - Sending Signals.SIGTERM to GPID 24455
[2021-12-29 11:56:30,815] {process_utils.py:66} INFO - Process psutil.Process(pid=24455, status='terminated', exitcode=0, started='11:54:54') (24455) terminated with exit code 0
