[2021-12-30 11:40:03,068] {taskinstance.py:1035} INFO - Dependencies all met for <TaskInstance: scraping_daft_meath.run_init_county scheduled__2021-12-29T10:25:00+00:00 [queued]>
[2021-12-30 11:40:03,350] {taskinstance.py:1035} INFO - Dependencies all met for <TaskInstance: scraping_daft_meath.run_init_county scheduled__2021-12-29T10:25:00+00:00 [queued]>
[2021-12-30 11:40:03,367] {taskinstance.py:1241} INFO - 
--------------------------------------------------------------------------------
[2021-12-30 11:40:03,379] {taskinstance.py:1242} INFO - Starting attempt 1 of 4
[2021-12-30 11:40:03,382] {taskinstance.py:1243} INFO - 
--------------------------------------------------------------------------------
[2021-12-30 11:40:03,537] {taskinstance.py:1262} INFO - Executing <Task(_PythonDecoratedOperator): run_init_county> on 2021-12-29 10:25:00+00:00
[2021-12-30 11:40:03,855] {standard_task_runner.py:76} INFO - Running: ['***', 'tasks', 'run', 'scraping_daft_meath', 'run_init_county', 'scheduled__2021-12-29T10:25:00+00:00', '--job-id', '5510', '--raw', '--subdir', 'DAGS_FOLDER/scraping_daft_meath.py', '--cfg-path', '/tmp/tmpg9ls4jqo', '--error-file', '/tmp/tmph9ly3vth']
[2021-12-30 11:40:03,867] {standard_task_runner.py:77} INFO - Job 5510: Subtask run_init_county
[2021-12-30 11:40:03,717] {standard_task_runner.py:52} INFO - Started process 98 to run task
[2021-12-30 11:40:05,171] {logging_mixin.py:109} INFO - Running <TaskInstance: scraping_daft_meath.run_init_county scheduled__2021-12-29T10:25:00+00:00 [running]> on host 5ddf2477c0dd
[2021-12-30 11:40:06,913] {taskinstance.py:1429} INFO - Exporting the following env vars:
AIRFLOW_CTX_DAG_EMAIL=clement.liscoet@gmail.com
AIRFLOW_CTX_DAG_OWNER=clemoni
AIRFLOW_CTX_DAG_ID=scraping_daft_meath
AIRFLOW_CTX_TASK_ID=run_init_county
AIRFLOW_CTX_EXECUTION_DATE=2021-12-29T10:25:00+00:00
AIRFLOW_CTX_DAG_RUN_ID=scheduled__2021-12-29T10:25:00+00:00
[2021-12-30 11:40:07,339] {python.py:152} INFO - Done. Returned value was: None
[2021-12-30 11:40:07,641] {taskinstance.py:1280} INFO - Marking task as SUCCESS. dag_id=scraping_daft_meath, task_id=run_init_county, execution_date=20211229T102500, start_date=20211230T114003, end_date=20211230T114007
[2021-12-30 11:40:07,829] {local_task_job.py:154} INFO - Task exited with return code 0
[2021-12-30 11:40:08,891] {local_task_job.py:264} INFO - 1 downstream tasks scheduled from follow-on schedule check
