[2021-12-20 11:40:21,630] {taskinstance.py:1035} INFO - Dependencies all met for <TaskInstance: scraping_daft_offaly.persist_data manual__2021-12-20T11:39:46.153686+00:00 [queued]>
[2021-12-20 11:40:21,647] {taskinstance.py:1035} INFO - Dependencies all met for <TaskInstance: scraping_daft_offaly.persist_data manual__2021-12-20T11:39:46.153686+00:00 [queued]>
[2021-12-20 11:40:21,648] {taskinstance.py:1241} INFO - 
--------------------------------------------------------------------------------
[2021-12-20 11:40:21,648] {taskinstance.py:1242} INFO - Starting attempt 1 of 4
[2021-12-20 11:40:21,649] {taskinstance.py:1243} INFO - 
--------------------------------------------------------------------------------
[2021-12-20 11:40:21,666] {taskinstance.py:1262} INFO - Executing <Task(SparkSubmitOperator): persist_data> on 2021-12-20 11:39:46.153686+00:00
[2021-12-20 11:40:21,675] {standard_task_runner.py:76} INFO - Running: ['***', 'tasks', 'run', 'scraping_daft_offaly', 'persist_data', 'manual__2021-12-20T11:39:46.153686+00:00', '--job-id', '3535', '--raw', '--subdir', 'DAGS_FOLDER/scraping_daft_offaly.py', '--cfg-path', '/tmp/tmp3kv_x9q8', '--error-file', '/tmp/tmpbvfv3gsk']
[2021-12-20 11:40:21,676] {standard_task_runner.py:77} INFO - Job 3535: Subtask persist_data
[2021-12-20 11:40:21,671] {standard_task_runner.py:52} INFO - Started process 6648 to run task
[2021-12-20 11:40:21,759] {logging_mixin.py:109} INFO - Running <TaskInstance: scraping_daft_offaly.persist_data manual__2021-12-20T11:39:46.153686+00:00 [running]> on host 66e45e757599
[2021-12-20 11:40:21,870] {taskinstance.py:1429} INFO - Exporting the following env vars:
AIRFLOW_CTX_DAG_EMAIL=clement.liscoet@gmail.com
AIRFLOW_CTX_DAG_OWNER=clemoni
AIRFLOW_CTX_DAG_ID=scraping_daft_offaly
AIRFLOW_CTX_TASK_ID=persist_data
AIRFLOW_CTX_EXECUTION_DATE=2021-12-20T11:39:46.153686+00:00
AIRFLOW_CTX_DAG_RUN_ID=manual__2021-12-20T11:39:46.153686+00:00
[2021-12-20 11:40:21,891] {base.py:79} INFO - Using connection to: id: spark_default. Host: spark://spark:7077, Port: None, Schema: , Login: ***, Password: ***, extra: {}
[2021-12-20 11:40:21,893] {spark_submit.py:360} INFO - Spark-Submit cmd: spark-submit --master spark://spark:7077 --conf spark.master=spark://spark:7077 --name persist data --verbose /opt/***/jobs/persist_db.py offaly
[2021-12-20 11:40:23,110] {spark_submit.py:514} INFO - Using properties file: null
[2021-12-20 11:40:23,177] {spark_submit.py:514} INFO - WARNING: An illegal reflective access operation has occurred
[2021-12-20 11:40:23,178] {spark_submit.py:514} INFO - WARNING: Illegal reflective access by org.apache.spark.unsafe.Platform (file:/home/***/.local/lib/python3.6/site-packages/pyspark/jars/spark-unsafe_2.12-3.2.0.jar) to constructor java.nio.DirectByteBuffer(long,int)
[2021-12-20 11:40:23,179] {spark_submit.py:514} INFO - WARNING: Please consider reporting this to the maintainers of org.apache.spark.unsafe.Platform
[2021-12-20 11:40:23,180] {spark_submit.py:514} INFO - WARNING: Use --illegal-access=warn to enable warnings of further illegal reflective access operations
[2021-12-20 11:40:23,181] {spark_submit.py:514} INFO - WARNING: All illegal access operations will be denied in a future release
[2021-12-20 11:40:23,217] {spark_submit.py:514} INFO - Parsed arguments:
[2021-12-20 11:40:23,218] {spark_submit.py:514} INFO - master                  spark://spark:7077
[2021-12-20 11:40:23,219] {spark_submit.py:514} INFO - deployMode              null
[2021-12-20 11:40:23,219] {spark_submit.py:514} INFO - executorMemory          null
[2021-12-20 11:40:23,220] {spark_submit.py:514} INFO - executorCores           null
[2021-12-20 11:40:23,220] {spark_submit.py:514} INFO - totalExecutorCores      null
[2021-12-20 11:40:23,221] {spark_submit.py:514} INFO - propertiesFile          null
[2021-12-20 11:40:23,221] {spark_submit.py:514} INFO - driverMemory            null
[2021-12-20 11:40:23,222] {spark_submit.py:514} INFO - driverCores             null
[2021-12-20 11:40:23,222] {spark_submit.py:514} INFO - driverExtraClassPath    null
[2021-12-20 11:40:23,223] {spark_submit.py:514} INFO - driverExtraLibraryPath  null
[2021-12-20 11:40:23,223] {spark_submit.py:514} INFO - driverExtraJavaOptions  null
[2021-12-20 11:40:23,224] {spark_submit.py:514} INFO - supervise               false
[2021-12-20 11:40:23,224] {spark_submit.py:514} INFO - queue                   null
[2021-12-20 11:40:23,225] {spark_submit.py:514} INFO - numExecutors            null
[2021-12-20 11:40:23,225] {spark_submit.py:514} INFO - files                   null
[2021-12-20 11:40:23,226] {spark_submit.py:514} INFO - pyFiles                 null
[2021-12-20 11:40:23,226] {spark_submit.py:514} INFO - archives                null
[2021-12-20 11:40:23,227] {spark_submit.py:514} INFO - mainClass               null
[2021-12-20 11:40:23,227] {spark_submit.py:514} INFO - primaryResource         file:/opt/***/jobs/persist_db.py
[2021-12-20 11:40:23,228] {spark_submit.py:514} INFO - name                    persist data
[2021-12-20 11:40:23,228] {spark_submit.py:514} INFO - childArgs               [offaly]
[2021-12-20 11:40:23,229] {spark_submit.py:514} INFO - jars                    null
[2021-12-20 11:40:23,229] {spark_submit.py:514} INFO - packages                null
[2021-12-20 11:40:23,230] {spark_submit.py:514} INFO - packagesExclusions      null
[2021-12-20 11:40:23,231] {spark_submit.py:514} INFO - repositories            null
[2021-12-20 11:40:23,231] {spark_submit.py:514} INFO - verbose                 true
[2021-12-20 11:40:23,231] {spark_submit.py:514} INFO - 
[2021-12-20 11:40:23,232] {spark_submit.py:514} INFO - Spark properties used, including those specified through
[2021-12-20 11:40:23,232] {spark_submit.py:514} INFO - --conf and those from the properties file null:
[2021-12-20 11:40:23,233] {spark_submit.py:514} INFO - (spark.master,spark://spark:7077)
[2021-12-20 11:40:23,233] {spark_submit.py:514} INFO - 
[2021-12-20 11:40:23,234] {spark_submit.py:514} INFO - 
[2021-12-20 11:40:23,423] {spark_submit.py:514} INFO - Main class:
[2021-12-20 11:40:23,424] {spark_submit.py:514} INFO - org.apache.spark.deploy.PythonRunner
[2021-12-20 11:40:23,425] {spark_submit.py:514} INFO - Arguments:
[2021-12-20 11:40:23,426] {spark_submit.py:514} INFO - file:/opt/***/jobs/persist_db.py
[2021-12-20 11:40:23,429] {spark_submit.py:514} INFO - null
[2021-12-20 11:40:23,430] {spark_submit.py:514} INFO - offaly
[2021-12-20 11:40:23,431] {spark_submit.py:514} INFO - --verbose
[2021-12-20 11:40:23,432] {spark_submit.py:514} INFO - Spark config:
[2021-12-20 11:40:23,433] {spark_submit.py:514} INFO - (spark.master,spark://spark:7077)
[2021-12-20 11:40:23,434] {spark_submit.py:514} INFO - (spark.app.name,persist data)
[2021-12-20 11:40:23,434] {spark_submit.py:514} INFO - (spark.submit.pyFiles,)
[2021-12-20 11:40:23,435] {spark_submit.py:514} INFO - (spark.submit.deployMode,client)
[2021-12-20 11:40:23,436] {spark_submit.py:514} INFO - Classpath elements:
[2021-12-20 11:40:23,437] {spark_submit.py:514} INFO - 
[2021-12-20 11:40:23,438] {spark_submit.py:514} INFO - 
[2021-12-20 11:40:23,438] {spark_submit.py:514} INFO - 
[2021-12-20 11:40:24,436] {spark_submit.py:514} INFO - Using Spark's default log4j profile: org/apache/spark/log4j-defaults.properties
[2021-12-20 11:40:24,447] {spark_submit.py:514} INFO - 21/12/20 11:40:24 INFO SparkContext: Running Spark version 3.2.0
[2021-12-20 11:40:24,519] {spark_submit.py:514} INFO - 21/12/20 11:40:24 WARN NativeCodeLoader: Unable to load native-hadoop library for your platform... using builtin-java classes where applicable
[2021-12-20 11:40:24,677] {spark_submit.py:514} INFO - 21/12/20 11:40:24 INFO ResourceUtils: ==============================================================
[2021-12-20 11:40:24,678] {spark_submit.py:514} INFO - 21/12/20 11:40:24 INFO ResourceUtils: No custom resources configured for spark.driver.
[2021-12-20 11:40:24,679] {spark_submit.py:514} INFO - 21/12/20 11:40:24 INFO ResourceUtils: ==============================================================
[2021-12-20 11:40:24,680] {spark_submit.py:514} INFO - 21/12/20 11:40:24 INFO SparkContext: Submitted application: Persist DB
[2021-12-20 11:40:24,704] {spark_submit.py:514} INFO - 21/12/20 11:40:24 INFO ResourceProfile: Default ResourceProfile created, executor resources: Map(cores -> name: cores, amount: 1, script: , vendor: , memory -> name: memory, amount: 1024, script: , vendor: , offHeap -> name: offHeap, amount: 0, script: , vendor: ), task resources: Map(cpus -> name: cpus, amount: 1.0)
[2021-12-20 11:40:24,716] {spark_submit.py:514} INFO - 21/12/20 11:40:24 INFO ResourceProfile: Limiting resource is cpu
[2021-12-20 11:40:24,717] {spark_submit.py:514} INFO - 21/12/20 11:40:24 INFO ResourceProfileManager: Added ResourceProfile id: 0
[2021-12-20 11:40:24,762] {spark_submit.py:514} INFO - 21/12/20 11:40:24 INFO SecurityManager: Changing view acls to: ***
[2021-12-20 11:40:24,762] {spark_submit.py:514} INFO - 21/12/20 11:40:24 INFO SecurityManager: Changing modify acls to: ***
[2021-12-20 11:40:24,763] {spark_submit.py:514} INFO - 21/12/20 11:40:24 INFO SecurityManager: Changing view acls groups to:
[2021-12-20 11:40:24,764] {spark_submit.py:514} INFO - 21/12/20 11:40:24 INFO SecurityManager: Changing modify acls groups to:
[2021-12-20 11:40:24,764] {spark_submit.py:514} INFO - 21/12/20 11:40:24 INFO SecurityManager: SecurityManager: authentication disabled; ui acls disabled; users  with view permissions: Set(***); groups with view permissions: Set(); users  with modify permissions: Set(***); groups with modify permissions: Set()
[2021-12-20 11:40:25,002] {spark_submit.py:514} INFO - 21/12/20 11:40:25 INFO Utils: Successfully started service 'sparkDriver' on port 34487.
[2021-12-20 11:40:25,030] {spark_submit.py:514} INFO - 21/12/20 11:40:25 INFO SparkEnv: Registering MapOutputTracker
[2021-12-20 11:40:25,060] {spark_submit.py:514} INFO - 21/12/20 11:40:25 INFO SparkEnv: Registering BlockManagerMaster
[2021-12-20 11:40:25,076] {spark_submit.py:514} INFO - 21/12/20 11:40:25 INFO BlockManagerMasterEndpoint: Using org.apache.spark.storage.DefaultTopologyMapper for getting topology information
[2021-12-20 11:40:25,077] {spark_submit.py:514} INFO - 21/12/20 11:40:25 INFO BlockManagerMasterEndpoint: BlockManagerMasterEndpoint up
[2021-12-20 11:40:25,083] {spark_submit.py:514} INFO - 21/12/20 11:40:25 INFO SparkEnv: Registering BlockManagerMasterHeartbeat
[2021-12-20 11:40:25,109] {spark_submit.py:514} INFO - 21/12/20 11:40:25 INFO DiskBlockManager: Created local directory at /tmp/blockmgr-8efd4952-02ec-469a-8f41-2067c8dd15c9
[2021-12-20 11:40:25,139] {spark_submit.py:514} INFO - 21/12/20 11:40:25 INFO MemoryStore: MemoryStore started with capacity 434.4 MiB
[2021-12-20 11:40:25,162] {spark_submit.py:514} INFO - 21/12/20 11:40:25 INFO SparkEnv: Registering OutputCommitCoordinator
[2021-12-20 11:40:25,410] {spark_submit.py:514} INFO - 21/12/20 11:40:25 INFO Utils: Successfully started service 'SparkUI' on port 4040.
[2021-12-20 11:40:25,502] {spark_submit.py:514} INFO - 21/12/20 11:40:25 INFO SparkUI: Bound SparkUI to 0.0.0.0, and started at http://66e45e757599:4040
[2021-12-20 11:40:25,736] {spark_submit.py:514} INFO - 21/12/20 11:40:25 INFO StandaloneAppClient$ClientEndpoint: Connecting to master spark://spark:7077...
[2021-12-20 11:40:25,807] {spark_submit.py:514} INFO - 21/12/20 11:40:25 INFO TransportClientFactory: Successfully created connection to spark/172.18.0.4:7077 after 37 ms (0 ms spent in bootstraps)
[2021-12-20 11:40:25,894] {spark_submit.py:514} INFO - 21/12/20 11:40:25 INFO StandaloneSchedulerBackend: Connected to Spark cluster with app ID app-20211220114025-0037
[2021-12-20 11:40:25,913] {spark_submit.py:514} INFO - 21/12/20 11:40:25 INFO StandaloneAppClient$ClientEndpoint: Executor added: app-20211220114025-0037/0 on worker-20211220113023-172.18.0.6-39299 (172.18.0.6:39299) with 6 core(s)
[2021-12-20 11:40:25,915] {spark_submit.py:514} INFO - 21/12/20 11:40:25 INFO Utils: Successfully started service 'org.apache.spark.network.netty.NettyBlockTransferService' on port 39105.
[2021-12-20 11:40:25,916] {spark_submit.py:514} INFO - 21/12/20 11:40:25 INFO NettyBlockTransferService: Server created on 66e45e757599:39105
[2021-12-20 11:40:25,917] {spark_submit.py:514} INFO - 21/12/20 11:40:25 INFO BlockManager: Using org.apache.spark.storage.RandomBlockReplicationPolicy for block replication policy
[2021-12-20 11:40:25,918] {spark_submit.py:514} INFO - 21/12/20 11:40:25 INFO StandaloneSchedulerBackend: Granted executor ID app-20211220114025-0037/0 on hostPort 172.18.0.6:39299 with 6 core(s), 1024.0 MiB RAM
[2021-12-20 11:40:25,919] {spark_submit.py:514} INFO - 21/12/20 11:40:25 INFO StandaloneAppClient$ClientEndpoint: Executor added: app-20211220114025-0037/1 on worker-20211220113023-172.18.0.5-45779 (172.18.0.5:45779) with 6 core(s)
[2021-12-20 11:40:25,920] {spark_submit.py:514} INFO - 21/12/20 11:40:25 INFO StandaloneSchedulerBackend: Granted executor ID app-20211220114025-0037/1 on hostPort 172.18.0.5:45779 with 6 core(s), 1024.0 MiB RAM
[2021-12-20 11:40:25,924] {spark_submit.py:514} INFO - 21/12/20 11:40:25 INFO BlockManagerMaster: Registering BlockManager BlockManagerId(driver, 66e45e757599, 39105, None)
[2021-12-20 11:40:25,932] {spark_submit.py:514} INFO - 21/12/20 11:40:25 INFO BlockManagerMasterEndpoint: Registering block manager 66e45e757599:39105 with 434.4 MiB RAM, BlockManagerId(driver, 66e45e757599, 39105, None)
[2021-12-20 11:40:25,940] {spark_submit.py:514} INFO - 21/12/20 11:40:25 INFO StandaloneAppClient$ClientEndpoint: Executor updated: app-20211220114025-0037/0 is now RUNNING
[2021-12-20 11:40:25,942] {spark_submit.py:514} INFO - 21/12/20 11:40:25 INFO StandaloneAppClient$ClientEndpoint: Executor updated: app-20211220114025-0037/1 is now RUNNING
[2021-12-20 11:40:25,943] {spark_submit.py:514} INFO - 21/12/20 11:40:25 INFO BlockManagerMaster: Registered BlockManager BlockManagerId(driver, 66e45e757599, 39105, None)
[2021-12-20 11:40:25,944] {spark_submit.py:514} INFO - 21/12/20 11:40:25 INFO BlockManager: Initialized BlockManager: BlockManagerId(driver, 66e45e757599, 39105, None)
[2021-12-20 11:40:26,212] {spark_submit.py:514} INFO - 21/12/20 11:40:26 INFO StandaloneSchedulerBackend: SchedulerBackend is ready for scheduling beginning after reached minRegisteredResourcesRatio: 0.0
[2021-12-20 11:40:26,251] {spark_submit.py:514} INFO - /home/***/.local/lib/python3.6/site-packages/pyspark/python/lib/pyspark.zip/pyspark/context.py:238: FutureWarning: Python 3.6 support is deprecated in Spark 3.2.
[2021-12-20 11:40:26,252] {spark_submit.py:514} INFO - FutureWarning
[2021-12-20 11:40:26,493] {spark_submit.py:514} INFO - 21/12/20 11:40:26 INFO SharedState: Setting hive.metastore.warehouse.dir ('null') to the value of spark.sql.warehouse.dir.
[2021-12-20 11:40:26,521] {spark_submit.py:514} INFO - 21/12/20 11:40:26 INFO SharedState: Warehouse path is 'file:/opt/***/spark-warehouse'.
[2021-12-20 11:40:27,727] {spark_submit.py:514} INFO - 21/12/20 11:40:27 INFO SparkContext: Invoking stop() from shutdown hook
[2021-12-20 11:40:27,763] {spark_submit.py:514} INFO - 21/12/20 11:40:27 INFO SparkUI: Stopped Spark web UI at http://66e45e757599:4040
[2021-12-20 11:40:27,777] {spark_submit.py:514} INFO - 21/12/20 11:40:27 INFO StandaloneSchedulerBackend: Shutting down all executors
[2021-12-20 11:40:27,782] {spark_submit.py:514} INFO - 21/12/20 11:40:27 INFO CoarseGrainedSchedulerBackend$DriverEndpoint: Asking each executor to shut down
[2021-12-20 11:40:27,820] {spark_submit.py:514} INFO - 21/12/20 11:40:27 INFO MapOutputTrackerMasterEndpoint: MapOutputTrackerMasterEndpoint stopped!
[2021-12-20 11:40:27,844] {spark_submit.py:514} INFO - 21/12/20 11:40:27 INFO MemoryStore: MemoryStore cleared
[2021-12-20 11:40:27,845] {spark_submit.py:514} INFO - 21/12/20 11:40:27 INFO BlockManager: BlockManager stopped
[2021-12-20 11:40:27,853] {spark_submit.py:514} INFO - 21/12/20 11:40:27 INFO BlockManagerMaster: BlockManagerMaster stopped
[2021-12-20 11:40:27,858] {spark_submit.py:514} INFO - 21/12/20 11:40:27 INFO OutputCommitCoordinator$OutputCommitCoordinatorEndpoint: OutputCommitCoordinator stopped!
[2021-12-20 11:40:27,873] {spark_submit.py:514} INFO - 21/12/20 11:40:27 INFO SparkContext: Successfully stopped SparkContext
[2021-12-20 11:40:27,874] {spark_submit.py:514} INFO - 21/12/20 11:40:27 INFO ShutdownHookManager: Shutdown hook called
[2021-12-20 11:40:27,876] {spark_submit.py:514} INFO - 21/12/20 11:40:27 INFO ShutdownHookManager: Deleting directory /tmp/spark-3a9a96f0-ed6a-46b8-9227-a38ab1668607
[2021-12-20 11:40:27,880] {spark_submit.py:514} INFO - 21/12/20 11:40:27 INFO ShutdownHookManager: Deleting directory /tmp/spark-c020b0cf-2472-428b-bec1-f3934b8e00b9
[2021-12-20 11:40:27,884] {spark_submit.py:514} INFO - 21/12/20 11:40:27 INFO ShutdownHookManager: Deleting directory /tmp/spark-3a9a96f0-ed6a-46b8-9227-a38ab1668607/pyspark-69e61ce3-20e9-4413-9152-93228035d15a
[2021-12-20 11:40:27,981] {taskinstance.py:1280} INFO - Marking task as SUCCESS. dag_id=scraping_daft_offaly, task_id=persist_data, execution_date=20211220T113946, start_date=20211220T114021, end_date=20211220T114027
[2021-12-20 11:40:28,011] {local_task_job.py:154} INFO - Task exited with return code 0
[2021-12-20 11:40:28,083] {local_task_job.py:264} INFO - 1 downstream tasks scheduled from follow-on schedule check
