[2021-12-13 17:07:00,016] {taskinstance.py:1035} INFO - Dependencies all met for <TaskInstance: scraping_daft_roscommon.waiting_for_file manual__2021-12-13T17:06:29.583226+00:00 [queued]>
[2021-12-13 17:07:00,047] {taskinstance.py:1035} INFO - Dependencies all met for <TaskInstance: scraping_daft_roscommon.waiting_for_file manual__2021-12-13T17:06:29.583226+00:00 [queued]>
[2021-12-13 17:07:00,048] {taskinstance.py:1241} INFO - 
--------------------------------------------------------------------------------
[2021-12-13 17:07:00,050] {taskinstance.py:1242} INFO - Starting attempt 1 of 4
[2021-12-13 17:07:00,051] {taskinstance.py:1243} INFO - 
--------------------------------------------------------------------------------
[2021-12-13 17:07:00,077] {taskinstance.py:1262} INFO - Executing <Task(FileSensor): waiting_for_file> on 2021-12-13 17:06:29.583226+00:00
[2021-12-13 17:07:00,088] {standard_task_runner.py:76} INFO - Running: ['***', 'tasks', 'run', 'scraping_daft_roscommon', 'waiting_for_file', 'manual__2021-12-13T17:06:29.583226+00:00', '--job-id', '1934', '--raw', '--subdir', 'DAGS_FOLDER/scraping_daft_roscommon.py', '--cfg-path', '/tmp/tmp1mj7vpnu', '--error-file', '/tmp/tmpaydya6v6']
[2021-12-13 17:07:00,090] {standard_task_runner.py:77} INFO - Job 1934: Subtask waiting_for_file
[2021-12-13 17:07:00,083] {standard_task_runner.py:52} INFO - Started process 19002 to run task
[2021-12-13 17:07:00,191] {logging_mixin.py:109} INFO - Running <TaskInstance: scraping_daft_roscommon.waiting_for_file manual__2021-12-13T17:06:29.583226+00:00 [running]> on host c81f81825bc0
[2021-12-13 17:07:00,372] {taskinstance.py:1429} INFO - Exporting the following env vars:
AIRFLOW_CTX_DAG_EMAIL=clement.liscoet@gmail.com
AIRFLOW_CTX_DAG_OWNER=clemoni
AIRFLOW_CTX_DAG_ID=scraping_daft_roscommon
AIRFLOW_CTX_TASK_ID=waiting_for_file
AIRFLOW_CTX_EXECUTION_DATE=2021-12-13T17:06:29.583226+00:00
AIRFLOW_CTX_DAG_RUN_ID=manual__2021-12-13T17:06:29.583226+00:00
[2021-12-13 17:07:00,433] {filesystem.py:59} INFO - Poking for file data/roscommon_rent.json
[2021-12-13 17:07:00,436] {filesystem.py:65} INFO - Found File data/roscommon_rent.json last modified: 20211213170657
[2021-12-13 17:07:00,437] {base.py:249} INFO - Success criteria met. Exiting.
[2021-12-13 17:07:00,482] {taskinstance.py:1280} INFO - Marking task as SUCCESS. dag_id=scraping_daft_roscommon, task_id=waiting_for_file, execution_date=20211213T170629, start_date=20211213T170700, end_date=20211213T170700
[2021-12-13 17:07:00,510] {local_task_job.py:154} INFO - Task exited with return code 0
[2021-12-13 17:07:00,637] {local_task_job.py:264} INFO - 1 downstream tasks scheduled from follow-on schedule check
