[2021-12-07 16:05:01,341] {taskinstance.py:1035} INFO - Dependencies all met for <TaskInstance: scraping_daft_laois.waiting_for_file scheduled__2021-12-06T02:45:00+00:00 [queued]>
[2021-12-07 16:05:01,414] {taskinstance.py:1035} INFO - Dependencies all met for <TaskInstance: scraping_daft_laois.waiting_for_file scheduled__2021-12-06T02:45:00+00:00 [queued]>
[2021-12-07 16:05:01,417] {taskinstance.py:1241} INFO - 
--------------------------------------------------------------------------------
[2021-12-07 16:05:01,422] {taskinstance.py:1242} INFO - Starting attempt 1 of 3
[2021-12-07 16:05:01,427] {taskinstance.py:1243} INFO - 
--------------------------------------------------------------------------------
[2021-12-07 16:05:01,505] {taskinstance.py:1262} INFO - Executing <Task(FileSensor): waiting_for_file> on 2021-12-06 02:45:00+00:00
[2021-12-07 16:05:01,529] {standard_task_runner.py:76} INFO - Running: ['***', 'tasks', 'run', 'scraping_daft_laois', 'waiting_for_file', 'scheduled__2021-12-06T02:45:00+00:00', '--job-id', '315', '--raw', '--subdir', 'DAGS_FOLDER/scraping_daft_laois.py', '--cfg-path', '/tmp/tmp_6pb4l2s', '--error-file', '/tmp/tmpz2l3bfej']
[2021-12-07 16:05:01,535] {standard_task_runner.py:77} INFO - Job 315: Subtask waiting_for_file
[2021-12-07 16:05:01,517] {standard_task_runner.py:52} INFO - Started process 44438 to run task
[2021-12-07 16:05:01,920] {logging_mixin.py:109} INFO - Running <TaskInstance: scraping_daft_laois.waiting_for_file scheduled__2021-12-06T02:45:00+00:00 [running]> on host 7a06f7031264
[2021-12-07 16:05:02,353] {taskinstance.py:1429} INFO - Exporting the following env vars:
AIRFLOW_CTX_DAG_EMAIL=***@example.com
AIRFLOW_CTX_DAG_OWNER=clemoni
AIRFLOW_CTX_DAG_ID=scraping_daft_laois
AIRFLOW_CTX_TASK_ID=waiting_for_file
AIRFLOW_CTX_EXECUTION_DATE=2021-12-06T02:45:00+00:00
AIRFLOW_CTX_DAG_RUN_ID=scheduled__2021-12-06T02:45:00+00:00
[2021-12-07 16:05:02,504] {filesystem.py:59} INFO - Poking for file data/laois_rent.json
[2021-12-07 16:05:02,512] {filesystem.py:65} INFO - Found File data/laois_rent.json last modified: 20211207160436
[2021-12-07 16:05:02,516] {base.py:249} INFO - Success criteria met. Exiting.
[2021-12-07 16:05:02,680] {taskinstance.py:1280} INFO - Marking task as SUCCESS. dag_id=scraping_daft_laois, task_id=waiting_for_file, execution_date=20211206T024500, start_date=20211207T160501, end_date=20211207T160502
[2021-12-07 16:05:02,833] {local_task_job.py:154} INFO - Task exited with return code 0
[2021-12-07 16:05:03,062] {local_task_job.py:264} INFO - 0 downstream tasks scheduled from follow-on schedule check
