[2021-12-19 12:38:42,943] {taskinstance.py:1035} INFO - Dependencies all met for <TaskInstance: scraping_daft_leitrim.persist_data scheduled__2021-12-18T10:00:00+00:00 [queued]>
[2021-12-19 12:38:43,427] {taskinstance.py:1035} INFO - Dependencies all met for <TaskInstance: scraping_daft_leitrim.persist_data scheduled__2021-12-18T10:00:00+00:00 [queued]>
[2021-12-19 12:38:43,436] {taskinstance.py:1241} INFO - 
--------------------------------------------------------------------------------
[2021-12-19 12:38:43,451] {taskinstance.py:1242} INFO - Starting attempt 1 of 4
[2021-12-19 12:38:43,461] {taskinstance.py:1243} INFO - 
--------------------------------------------------------------------------------
[2021-12-19 12:38:44,155] {taskinstance.py:1262} INFO - Executing <Task(SparkSubmitOperator): persist_data> on 2021-12-18 10:00:00+00:00
[2021-12-19 12:38:44,209] {standard_task_runner.py:52} INFO - Started process 4408 to run task
[2021-12-19 12:38:44,578] {standard_task_runner.py:76} INFO - Running: ['***', 'tasks', 'run', 'scraping_daft_leitrim', 'persist_data', 'scheduled__2021-12-18T10:00:00+00:00', '--job-id', '3212', '--raw', '--subdir', 'DAGS_FOLDER/scraping_daft_leitrim.py', '--cfg-path', '/tmp/tmp2_uw6ouk', '--error-file', '/tmp/tmppkuv82l7']
[2021-12-19 12:38:44,677] {standard_task_runner.py:77} INFO - Job 3212: Subtask persist_data
[2021-12-19 12:38:47,472] {logging_mixin.py:109} INFO - Running <TaskInstance: scraping_daft_leitrim.persist_data scheduled__2021-12-18T10:00:00+00:00 [running]> on host 358a7891c658
[2021-12-19 12:38:49,488] {taskinstance.py:1429} INFO - Exporting the following env vars:
AIRFLOW_CTX_DAG_EMAIL=clement.liscoet@gmail.com
AIRFLOW_CTX_DAG_OWNER=clemoni
AIRFLOW_CTX_DAG_ID=scraping_daft_leitrim
AIRFLOW_CTX_TASK_ID=persist_data
AIRFLOW_CTX_EXECUTION_DATE=2021-12-18T10:00:00+00:00
AIRFLOW_CTX_DAG_RUN_ID=scheduled__2021-12-18T10:00:00+00:00
[2021-12-19 12:38:49,612] {base.py:79} INFO - Using connection to: id: spark_default. Host: spark://spark:7077, Port: None, Schema: , Login: ***, Password: ***, extra: {}
[2021-12-19 12:38:49,628] {spark_submit.py:360} INFO - Spark-Submit cmd: spark-submit --master spark://spark:7077 --conf spark.master=spark://spark:7077 --name persist data --verbose /opt/***/jobs/persist_db.py leitrim
[2021-12-19 12:39:29,146] {spark_submit.py:514} INFO - Using properties file: null
[2021-12-19 12:39:32,540] {spark_submit.py:514} INFO - WARNING: An illegal reflective access operation has occurred
[2021-12-19 12:39:32,543] {spark_submit.py:514} INFO - WARNING: Illegal reflective access by org.apache.spark.unsafe.Platform (file:/home/***/.local/lib/python3.6/site-packages/pyspark/jars/spark-unsafe_2.12-3.2.0.jar) to constructor java.nio.DirectByteBuffer(long,int)
[2021-12-19 12:39:32,554] {spark_submit.py:514} INFO - WARNING: Please consider reporting this to the maintainers of org.apache.spark.unsafe.Platform
[2021-12-19 12:39:32,570] {spark_submit.py:514} INFO - WARNING: Use --illegal-access=warn to enable warnings of further illegal reflective access operations
[2021-12-19 12:39:32,583] {spark_submit.py:514} INFO - WARNING: All illegal access operations will be denied in a future release
[2021-12-19 12:39:33,165] {spark_submit.py:514} INFO - Parsed arguments:
[2021-12-19 12:39:33,173] {spark_submit.py:514} INFO - master                  spark://spark:7077
[2021-12-19 12:39:33,185] {spark_submit.py:514} INFO - deployMode              null
[2021-12-19 12:39:33,200] {spark_submit.py:514} INFO - executorMemory          null
[2021-12-19 12:39:33,212] {spark_submit.py:514} INFO - executorCores           null
[2021-12-19 12:39:33,226] {spark_submit.py:514} INFO - totalExecutorCores      null
[2021-12-19 12:39:33,229] {spark_submit.py:514} INFO - propertiesFile          null
[2021-12-19 12:39:33,242] {spark_submit.py:514} INFO - driverMemory            null
[2021-12-19 12:39:33,260] {spark_submit.py:514} INFO - driverCores             null
[2021-12-19 12:39:33,266] {spark_submit.py:514} INFO - driverExtraClassPath    null
[2021-12-19 12:39:33,267] {spark_submit.py:514} INFO - driverExtraLibraryPath  null
[2021-12-19 12:39:33,276] {spark_submit.py:514} INFO - driverExtraJavaOptions  null
[2021-12-19 12:39:33,279] {spark_submit.py:514} INFO - supervise               false
[2021-12-19 12:39:33,280] {spark_submit.py:514} INFO - queue                   null
[2021-12-19 12:39:33,282] {spark_submit.py:514} INFO - numExecutors            null
[2021-12-19 12:39:33,284] {spark_submit.py:514} INFO - files                   null
[2021-12-19 12:39:33,285] {spark_submit.py:514} INFO - pyFiles                 null
[2021-12-19 12:39:33,286] {spark_submit.py:514} INFO - archives                null
[2021-12-19 12:39:33,287] {spark_submit.py:514} INFO - mainClass               null
[2021-12-19 12:39:33,294] {spark_submit.py:514} INFO - primaryResource         file:/opt/***/jobs/persist_db.py
[2021-12-19 12:39:33,304] {spark_submit.py:514} INFO - name                    persist data
[2021-12-19 12:39:33,311] {spark_submit.py:514} INFO - childArgs               [leitrim]
[2021-12-19 12:39:33,319] {spark_submit.py:514} INFO - jars                    null
[2021-12-19 12:39:33,332] {spark_submit.py:514} INFO - packages                null
[2021-12-19 12:39:33,335] {spark_submit.py:514} INFO - packagesExclusions      null
[2021-12-19 12:39:33,338] {spark_submit.py:514} INFO - repositories            null
[2021-12-19 12:39:33,351] {spark_submit.py:514} INFO - verbose                 true
[2021-12-19 12:39:33,357] {spark_submit.py:514} INFO - 
[2021-12-19 12:39:33,359] {spark_submit.py:514} INFO - Spark properties used, including those specified through
[2021-12-19 12:39:33,366] {spark_submit.py:514} INFO - --conf and those from the properties file null:
[2021-12-19 12:39:33,368] {spark_submit.py:514} INFO - (spark.master,spark://spark:7077)
[2021-12-19 12:39:33,372] {spark_submit.py:514} INFO - 
[2021-12-19 12:39:33,375] {spark_submit.py:514} INFO - 
[2021-12-19 12:39:39,476] {spark_submit.py:514} INFO - Main class:
[2021-12-19 12:39:39,478] {spark_submit.py:514} INFO - org.apache.spark.deploy.PythonRunner
[2021-12-19 12:39:39,479] {spark_submit.py:514} INFO - Arguments:
[2021-12-19 12:39:39,480] {spark_submit.py:514} INFO - file:/opt/***/jobs/persist_db.py
[2021-12-19 12:39:39,481] {spark_submit.py:514} INFO - null
[2021-12-19 12:39:39,485] {spark_submit.py:514} INFO - leitrim
[2021-12-19 12:39:39,487] {spark_submit.py:514} INFO - --verbose
[2021-12-19 12:39:39,572] {spark_submit.py:514} INFO - Spark config:
[2021-12-19 12:39:39,575] {spark_submit.py:514} INFO - (spark.master,spark://spark:7077)
[2021-12-19 12:39:39,577] {spark_submit.py:514} INFO - (spark.app.name,persist data)
[2021-12-19 12:39:39,578] {spark_submit.py:514} INFO - (spark.submit.pyFiles,)
[2021-12-19 12:39:39,580] {spark_submit.py:514} INFO - (spark.submit.deployMode,client)
[2021-12-19 12:39:39,581] {spark_submit.py:514} INFO - Classpath elements:
[2021-12-19 12:39:39,583] {spark_submit.py:514} INFO - 
[2021-12-19 12:39:39,584] {spark_submit.py:514} INFO - 
[2021-12-19 12:39:39,587] {spark_submit.py:514} INFO - 
[2021-12-19 12:40:03,891] {spark_submit.py:514} INFO - Using Spark's default log4j profile: org/apache/spark/log4j-defaults.properties
[2021-12-19 12:40:03,932] {spark_submit.py:514} INFO - 21/12/19 12:40:03 INFO SparkContext: Running Spark version 3.2.0
[2021-12-19 12:40:05,348] {spark_submit.py:514} INFO - 21/12/19 12:40:05 WARN NativeCodeLoader: Unable to load native-hadoop library for your platform... using builtin-java classes where applicable
[2021-12-19 12:40:24,486] {spark_submit.py:514} INFO - 21/12/19 12:40:24 INFO ResourceUtils: ==============================================================
[2021-12-19 12:40:24,655] {spark_submit.py:514} INFO - 21/12/19 12:40:24 INFO ResourceUtils: No custom resources configured for spark.driver.
[2021-12-19 12:40:25,626] {spark_submit.py:514} INFO - 21/12/19 12:40:24 INFO ResourceUtils: ==============================================================
[2021-12-19 12:40:26,085] {spark_submit.py:514} INFO - 21/12/19 12:40:26 INFO SparkContext: Submitted application: Persist DB
[2021-12-19 12:40:29,219] {spark_submit.py:514} INFO - 21/12/19 12:40:29 INFO ResourceProfile: Default ResourceProfile created, executor resources: Map(cores -> name: cores, amount: 1, script: , vendor: , memory -> name: memory, amount: 1024, script: , vendor: , offHeap -> name: offHeap, amount: 0, script: , vendor: ), task resources: Map(cpus -> name: cpus, amount: 1.0)
[2021-12-19 12:40:30,826] {spark_submit.py:514} INFO - 21/12/19 12:40:30 INFO ResourceProfile: Limiting resource is cpu
[2021-12-19 12:40:30,908] {spark_submit.py:514} INFO - 21/12/19 12:40:30 INFO ResourceProfileManager: Added ResourceProfile id: 0
[2021-12-19 12:40:34,453] {spark_submit.py:514} INFO - 21/12/19 12:40:34 INFO SecurityManager: Changing view acls to: ***
[2021-12-19 12:40:34,479] {spark_submit.py:514} INFO - 21/12/19 12:40:34 INFO SecurityManager: Changing modify acls to: ***
[2021-12-19 12:40:34,518] {spark_submit.py:514} INFO - 21/12/19 12:40:34 INFO SecurityManager: Changing view acls groups to:
[2021-12-19 12:40:34,710] {spark_submit.py:514} INFO - 21/12/19 12:40:34 INFO SecurityManager: Changing modify acls groups to:
[2021-12-19 12:40:34,735] {spark_submit.py:514} INFO - 21/12/19 12:40:34 INFO SecurityManager: SecurityManager: authentication disabled; ui acls disabled; users  with view permissions: Set(***); groups with view permissions: Set(); users  with modify permissions: Set(***); groups with modify permissions: Set()
[2021-12-19 12:40:48,985] {spark_submit.py:514} INFO - 21/12/19 12:40:48 INFO Utils: Successfully started service 'sparkDriver' on port 33959.
[2021-12-19 12:40:56,315] {spark_submit.py:514} INFO - 21/12/19 12:40:56 INFO SparkEnv: Registering MapOutputTracker
[2021-12-19 12:40:58,461] {spark_submit.py:514} INFO - 21/12/19 12:40:58 INFO SparkEnv: Registering BlockManagerMaster
[2021-12-19 12:40:59,785] {spark_submit.py:514} INFO - 21/12/19 12:40:59 INFO BlockManagerMasterEndpoint: Using org.apache.spark.storage.DefaultTopologyMapper for getting topology information
[2021-12-19 12:40:59,807] {spark_submit.py:514} INFO - 21/12/19 12:40:59 INFO BlockManagerMasterEndpoint: BlockManagerMasterEndpoint up
[2021-12-19 12:40:59,838] {spark_submit.py:514} INFO - 21/12/19 12:40:59 INFO SparkEnv: Registering BlockManagerMasterHeartbeat
[2021-12-19 12:41:01,881] {spark_submit.py:514} INFO - 21/12/19 12:41:01 INFO DiskBlockManager: Created local directory at /tmp/blockmgr-e6782310-5d4d-4376-ad4a-f700cdb5cdad
[2021-12-19 12:41:02,632] {spark_submit.py:514} INFO - 21/12/19 12:41:02 INFO MemoryStore: MemoryStore started with capacity 434.4 MiB
[2021-12-19 12:41:03,440] {spark_submit.py:514} INFO - 21/12/19 12:41:03 INFO SparkEnv: Registering OutputCommitCoordinator
[2021-12-19 12:41:13,723] {spark_submit.py:514} INFO - 21/12/19 12:41:13 WARN Utils: Service 'SparkUI' could not bind on port 4040. Attempting port 4041.
[2021-12-19 12:41:14,097] {spark_submit.py:514} INFO - 21/12/19 12:41:14 INFO Utils: Successfully started service 'SparkUI' on port 4041.
[2021-12-19 12:41:17,282] {spark_submit.py:514} INFO - 21/12/19 12:41:17 INFO SparkUI: Bound SparkUI to 0.0.0.0, and started at http://358a7891c658:4041
[2021-12-19 12:41:34,670] {spark_submit.py:514} INFO - 21/12/19 12:41:34 INFO StandaloneAppClient$ClientEndpoint: Connecting to master spark://spark:7077...
[2021-12-19 12:41:37,383] {spark_submit.py:514} INFO - 21/12/19 12:41:37 INFO TransportClientFactory: Successfully created connection to spark/172.20.0.4:7077 after 1988 ms (0 ms spent in bootstraps)
[2021-12-19 12:41:39,845] {spark_submit.py:514} INFO - 21/12/19 12:41:39 INFO StandaloneSchedulerBackend: Connected to Spark cluster with app ID app-20211219124139-0033
[2021-12-19 12:41:39,921] {spark_submit.py:514} INFO - 21/12/19 12:41:39 INFO Utils: Successfully started service 'org.apache.spark.network.netty.NettyBlockTransferService' on port 32929.
[2021-12-19 12:41:39,923] {spark_submit.py:514} INFO - 21/12/19 12:41:39 INFO NettyBlockTransferService: Server created on 358a7891c658:32929
[2021-12-19 12:41:39,926] {spark_submit.py:514} INFO - 21/12/19 12:41:39 INFO BlockManager: Using org.apache.spark.storage.RandomBlockReplicationPolicy for block replication policy
[2021-12-19 12:41:40,332] {spark_submit.py:514} INFO - 21/12/19 12:41:40 INFO BlockManagerMaster: Registering BlockManager BlockManagerId(driver, 358a7891c658, 32929, None)
[2021-12-19 12:41:40,735] {spark_submit.py:514} INFO - 21/12/19 12:41:40 INFO BlockManagerMasterEndpoint: Registering block manager 358a7891c658:32929 with 434.4 MiB RAM, BlockManagerId(driver, 358a7891c658, 32929, None)
[2021-12-19 12:41:40,852] {spark_submit.py:514} INFO - 21/12/19 12:41:40 INFO BlockManagerMaster: Registered BlockManager BlockManagerId(driver, 358a7891c658, 32929, None)
[2021-12-19 12:41:40,857] {spark_submit.py:514} INFO - 21/12/19 12:41:40 INFO BlockManager: Initialized BlockManager: BlockManagerId(driver, 358a7891c658, 32929, None)
[2021-12-19 12:41:48,501] {spark_submit.py:514} INFO - 21/12/19 12:41:48 INFO StandaloneSchedulerBackend: SchedulerBackend is ready for scheduling beginning after reached minRegisteredResourcesRatio: 0.0
[2021-12-19 12:41:50,012] {spark_submit.py:514} INFO - /home/***/.local/lib/python3.6/site-packages/pyspark/python/lib/pyspark.zip/pyspark/context.py:238: FutureWarning: Python 3.6 support is deprecated in Spark 3.2.
[2021-12-19 12:41:50,018] {spark_submit.py:514} INFO - FutureWarning
[2021-12-19 12:41:58,649] {spark_submit.py:514} INFO - 21/12/19 12:41:58 INFO SharedState: Setting hive.metastore.warehouse.dir ('null') to the value of spark.sql.warehouse.dir.
[2021-12-19 12:41:59,827] {spark_submit.py:514} INFO - 21/12/19 12:41:59 INFO SharedState: Warehouse path is 'file:/opt/***/spark-warehouse'.
[2021-12-19 12:42:36,798] {spark_submit.py:514} INFO - 21/12/19 12:42:36 INFO SparkContext: Invoking stop() from shutdown hook
[2021-12-19 12:42:37,672] {spark_submit.py:514} INFO - 21/12/19 12:42:37 INFO SparkUI: Stopped Spark web UI at http://358a7891c658:4041
[2021-12-19 12:42:38,222] {spark_submit.py:514} INFO - 21/12/19 12:42:38 INFO StandaloneSchedulerBackend: Shutting down all executors
[2021-12-19 12:42:38,590] {spark_submit.py:514} INFO - 21/12/19 12:42:38 INFO CoarseGrainedSchedulerBackend$DriverEndpoint: Asking each executor to shut down
[2021-12-19 12:42:46,168] {spark_submit.py:514} INFO - 21/12/19 12:42:45 INFO MapOutputTrackerMasterEndpoint: MapOutputTrackerMasterEndpoint stopped!
[2021-12-19 12:42:46,913] {spark_submit.py:514} INFO - 21/12/19 12:42:46 INFO MemoryStore: MemoryStore cleared
[2021-12-19 12:42:46,917] {spark_submit.py:514} INFO - 21/12/19 12:42:46 INFO BlockManager: BlockManager stopped
[2021-12-19 12:42:46,968] {spark_submit.py:514} INFO - 21/12/19 12:42:46 INFO BlockManagerMaster: BlockManagerMaster stopped
[2021-12-19 12:42:46,979] {spark_submit.py:514} INFO - 21/12/19 12:42:46 INFO OutputCommitCoordinator$OutputCommitCoordinatorEndpoint: OutputCommitCoordinator stopped!
[2021-12-19 12:42:47,648] {spark_submit.py:514} INFO - 21/12/19 12:42:47 INFO SparkContext: Successfully stopped SparkContext
[2021-12-19 12:42:47,748] {spark_submit.py:514} INFO - 21/12/19 12:42:47 INFO ShutdownHookManager: Shutdown hook called
[2021-12-19 12:42:47,848] {spark_submit.py:514} INFO - 21/12/19 12:42:47 INFO ShutdownHookManager: Deleting directory /tmp/spark-4af448f0-113d-47aa-a388-c5115a48ba1d
[2021-12-19 12:42:48,019] {spark_submit.py:514} INFO - 21/12/19 12:42:47 INFO ShutdownHookManager: Deleting directory /tmp/spark-ddfee355-9c42-46a6-98da-3f1da4a4a2f6/pyspark-921d47bf-dec7-40b9-8ed2-63852ada7890
[2021-12-19 12:42:48,153] {spark_submit.py:514} INFO - 21/12/19 12:42:48 INFO ShutdownHookManager: Deleting directory /tmp/spark-ddfee355-9c42-46a6-98da-3f1da4a4a2f6
[2021-12-19 12:42:56,251] {taskinstance.py:1280} INFO - Marking task as SUCCESS. dag_id=scraping_daft_leitrim, task_id=persist_data, execution_date=20211218T100000, start_date=20211219T123842, end_date=20211219T124256
[2021-12-19 12:42:57,586] {local_task_job.py:154} INFO - Task exited with return code 0
[2021-12-19 12:42:58,505] {local_task_job.py:264} INFO - 1 downstream tasks scheduled from follow-on schedule check
