[2021-12-22 10:16:47,370] {taskinstance.py:1035} INFO - Dependencies all met for <TaskInstance: scraping_daft_louth.notify_slack scheduled__2021-12-21T10:15:00+00:00 [queued]>
[2021-12-22 10:16:47,407] {taskinstance.py:1035} INFO - Dependencies all met for <TaskInstance: scraping_daft_louth.notify_slack scheduled__2021-12-21T10:15:00+00:00 [queued]>
[2021-12-22 10:16:47,410] {taskinstance.py:1241} INFO - 
--------------------------------------------------------------------------------
[2021-12-22 10:16:47,411] {taskinstance.py:1242} INFO - Starting attempt 1 of 4
[2021-12-22 10:16:47,413] {taskinstance.py:1243} INFO - 
--------------------------------------------------------------------------------
[2021-12-22 10:16:47,469] {taskinstance.py:1262} INFO - Executing <Task(SlackWebhookOperator): notify_slack> on 2021-12-21 10:15:00+00:00
[2021-12-22 10:16:47,488] {standard_task_runner.py:52} INFO - Started process 9564 to run task
[2021-12-22 10:16:47,506] {standard_task_runner.py:76} INFO - Running: ['***', 'tasks', 'run', 'scraping_daft_louth', 'notify_slack', 'scheduled__2021-12-21T10:15:00+00:00', '--job-id', '3887', '--raw', '--subdir', 'DAGS_FOLDER/scraping_daft_louth.py', '--cfg-path', '/tmp/tmpf8mc005j', '--error-file', '/tmp/tmpjmocarav']
[2021-12-22 10:16:47,509] {standard_task_runner.py:77} INFO - Job 3887: Subtask notify_slack
[2021-12-22 10:16:47,813] {logging_mixin.py:109} INFO - Running <TaskInstance: scraping_daft_louth.notify_slack scheduled__2021-12-21T10:15:00+00:00 [running]> on host bb1be648e8f2
[2021-12-22 10:16:48,145] {taskinstance.py:1429} INFO - Exporting the following env vars:
AIRFLOW_CTX_DAG_EMAIL=clement.liscoet@gmail.com
AIRFLOW_CTX_DAG_OWNER=clemoni
AIRFLOW_CTX_DAG_ID=scraping_daft_louth
AIRFLOW_CTX_TASK_ID=notify_slack
AIRFLOW_CTX_EXECUTION_DATE=2021-12-21T10:15:00+00:00
AIRFLOW_CTX_DAG_RUN_ID=scheduled__2021-12-21T10:15:00+00:00
[2021-12-22 10:16:48,225] {base.py:79} INFO - Using connection to: id: slack_connect. Host: https://hooks.slack.com/services/, Port: None, Schema: , Login: , Password: ***, extra: {}
[2021-12-22 10:16:48,313] {base.py:79} INFO - Using connection to: id: slack_connect. Host: https://hooks.slack.com/services/, Port: None, Schema: , Login: , Password: ***, extra: {}
[2021-12-22 10:16:48,330] {http.py:140} INFO - Sending 'POST' to url: https://hooks.slack.com/services/***
[2021-12-22 10:16:48,912] {taskinstance.py:1280} INFO - Marking task as SUCCESS. dag_id=scraping_daft_louth, task_id=notify_slack, execution_date=20211221T101500, start_date=20211222T101647, end_date=20211222T101648
[2021-12-22 10:16:48,992] {local_task_job.py:154} INFO - Task exited with return code 0
[2021-12-22 10:16:49,249] {local_task_job.py:264} INFO - 0 downstream tasks scheduled from follow-on schedule check
