[2021-12-22 11:05:41,152] {taskinstance.py:1035} INFO - Dependencies all met for <TaskInstance: scraping_daft_wexford.remove_file scheduled__2021-12-21T11:05:00+00:00 [queued]>
[2021-12-22 11:05:41,172] {taskinstance.py:1035} INFO - Dependencies all met for <TaskInstance: scraping_daft_wexford.remove_file scheduled__2021-12-21T11:05:00+00:00 [queued]>
[2021-12-22 11:05:41,173] {taskinstance.py:1241} INFO - 
--------------------------------------------------------------------------------
[2021-12-22 11:05:41,174] {taskinstance.py:1242} INFO - Starting attempt 1 of 4
[2021-12-22 11:05:41,175] {taskinstance.py:1243} INFO - 
--------------------------------------------------------------------------------
[2021-12-22 11:05:41,194] {taskinstance.py:1262} INFO - Executing <Task(SparkSubmitOperator): remove_file> on 2021-12-21 11:05:00+00:00
[2021-12-22 11:05:41,203] {standard_task_runner.py:76} INFO - Running: ['***', 'tasks', 'run', 'scraping_daft_wexford', 'remove_file', 'scheduled__2021-12-21T11:05:00+00:00', '--job-id', '3968', '--raw', '--subdir', 'DAGS_FOLDER/scraping_daft_wexford.py', '--cfg-path', '/tmp/tmp17swa6l2', '--error-file', '/tmp/tmp185681zx']
[2021-12-22 11:05:41,205] {standard_task_runner.py:77} INFO - Job 3968: Subtask remove_file
[2021-12-22 11:05:41,199] {standard_task_runner.py:52} INFO - Started process 17848 to run task
[2021-12-22 11:05:41,326] {logging_mixin.py:109} INFO - Running <TaskInstance: scraping_daft_wexford.remove_file scheduled__2021-12-21T11:05:00+00:00 [running]> on host bb1be648e8f2
[2021-12-22 11:05:41,473] {taskinstance.py:1429} INFO - Exporting the following env vars:
AIRFLOW_CTX_DAG_EMAIL=clement.liscoet@gmail.com
AIRFLOW_CTX_DAG_OWNER=clemoni
AIRFLOW_CTX_DAG_ID=scraping_daft_wexford
AIRFLOW_CTX_TASK_ID=remove_file
AIRFLOW_CTX_EXECUTION_DATE=2021-12-21T11:05:00+00:00
AIRFLOW_CTX_DAG_RUN_ID=scheduled__2021-12-21T11:05:00+00:00
[2021-12-22 11:05:41,496] {base.py:79} INFO - Using connection to: id: spark_default. Host: spark://spark:7077, Port: None, Schema: , Login: ***, Password: ***, extra: {}
[2021-12-22 11:05:41,498] {spark_submit.py:360} INFO - Spark-Submit cmd: spark-submit --master spark://spark:7077 --conf spark.master=spark://spark:7077 --name remove file --verbose /opt/***/jobs/remove_file.py wexford
[2021-12-22 11:05:43,283] {spark_submit.py:514} INFO - Using properties file: null
[2021-12-22 11:05:43,392] {spark_submit.py:514} INFO - WARNING: An illegal reflective access operation has occurred
[2021-12-22 11:05:43,393] {spark_submit.py:514} INFO - WARNING: Illegal reflective access by org.apache.spark.unsafe.Platform (file:/home/***/.local/lib/python3.6/site-packages/pyspark/jars/spark-unsafe_2.12-3.2.0.jar) to constructor java.nio.DirectByteBuffer(long,int)
[2021-12-22 11:05:43,394] {spark_submit.py:514} INFO - WARNING: Please consider reporting this to the maintainers of org.apache.spark.unsafe.Platform
[2021-12-22 11:05:43,394] {spark_submit.py:514} INFO - WARNING: Use --illegal-access=warn to enable warnings of further illegal reflective access operations
[2021-12-22 11:05:43,395] {spark_submit.py:514} INFO - WARNING: All illegal access operations will be denied in a future release
[2021-12-22 11:05:43,448] {spark_submit.py:514} INFO - Parsed arguments:
[2021-12-22 11:05:43,449] {spark_submit.py:514} INFO - master                  spark://spark:7077
[2021-12-22 11:05:43,450] {spark_submit.py:514} INFO - deployMode              null
[2021-12-22 11:05:43,452] {spark_submit.py:514} INFO - executorMemory          null
[2021-12-22 11:05:43,452] {spark_submit.py:514} INFO - executorCores           null
[2021-12-22 11:05:43,453] {spark_submit.py:514} INFO - totalExecutorCores      null
[2021-12-22 11:05:43,455] {spark_submit.py:514} INFO - propertiesFile          null
[2021-12-22 11:05:43,456] {spark_submit.py:514} INFO - driverMemory            null
[2021-12-22 11:05:43,457] {spark_submit.py:514} INFO - driverCores             null
[2021-12-22 11:05:43,458] {spark_submit.py:514} INFO - driverExtraClassPath    null
[2021-12-22 11:05:43,459] {spark_submit.py:514} INFO - driverExtraLibraryPath  null
[2021-12-22 11:05:43,461] {spark_submit.py:514} INFO - driverExtraJavaOptions  null
[2021-12-22 11:05:43,462] {spark_submit.py:514} INFO - supervise               false
[2021-12-22 11:05:43,462] {spark_submit.py:514} INFO - queue                   null
[2021-12-22 11:05:43,463] {spark_submit.py:514} INFO - numExecutors            null
[2021-12-22 11:05:43,464] {spark_submit.py:514} INFO - files                   null
[2021-12-22 11:05:43,465] {spark_submit.py:514} INFO - pyFiles                 null
[2021-12-22 11:05:43,466] {spark_submit.py:514} INFO - archives                null
[2021-12-22 11:05:43,467] {spark_submit.py:514} INFO - mainClass               null
[2021-12-22 11:05:43,468] {spark_submit.py:514} INFO - primaryResource         file:/opt/***/jobs/remove_file.py
[2021-12-22 11:05:43,469] {spark_submit.py:514} INFO - name                    remove file
[2021-12-22 11:05:43,470] {spark_submit.py:514} INFO - childArgs               [wexford]
[2021-12-22 11:05:43,471] {spark_submit.py:514} INFO - jars                    null
[2021-12-22 11:05:43,472] {spark_submit.py:514} INFO - packages                null
[2021-12-22 11:05:43,472] {spark_submit.py:514} INFO - packagesExclusions      null
[2021-12-22 11:05:43,473] {spark_submit.py:514} INFO - repositories            null
[2021-12-22 11:05:43,474] {spark_submit.py:514} INFO - verbose                 true
[2021-12-22 11:05:43,475] {spark_submit.py:514} INFO - 
[2021-12-22 11:05:43,476] {spark_submit.py:514} INFO - Spark properties used, including those specified through
[2021-12-22 11:05:43,477] {spark_submit.py:514} INFO - --conf and those from the properties file null:
[2021-12-22 11:05:43,477] {spark_submit.py:514} INFO - (spark.master,spark://spark:7077)
[2021-12-22 11:05:43,478] {spark_submit.py:514} INFO - 
[2021-12-22 11:05:43,479] {spark_submit.py:514} INFO - 
[2021-12-22 11:05:43,873] {spark_submit.py:514} INFO - Main class:
[2021-12-22 11:05:43,874] {spark_submit.py:514} INFO - org.apache.spark.deploy.PythonRunner
[2021-12-22 11:05:43,875] {spark_submit.py:514} INFO - Arguments:
[2021-12-22 11:05:43,876] {spark_submit.py:514} INFO - file:/opt/***/jobs/remove_file.py
[2021-12-22 11:05:43,876] {spark_submit.py:514} INFO - null
[2021-12-22 11:05:43,877] {spark_submit.py:514} INFO - wexford
[2021-12-22 11:05:43,878] {spark_submit.py:514} INFO - --verbose
[2021-12-22 11:05:43,879] {spark_submit.py:514} INFO - Spark config:
[2021-12-22 11:05:43,881] {spark_submit.py:514} INFO - (spark.app.name,remove file)
[2021-12-22 11:05:43,881] {spark_submit.py:514} INFO - (spark.master,spark://spark:7077)
[2021-12-22 11:05:43,883] {spark_submit.py:514} INFO - (spark.submit.pyFiles,)
[2021-12-22 11:05:43,883] {spark_submit.py:514} INFO - (spark.submit.deployMode,client)
[2021-12-22 11:05:43,884] {spark_submit.py:514} INFO - Classpath elements:
[2021-12-22 11:05:43,885] {spark_submit.py:514} INFO - 
[2021-12-22 11:05:43,886] {spark_submit.py:514} INFO - 
[2021-12-22 11:05:43,887] {spark_submit.py:514} INFO - 
[2021-12-22 11:05:44,873] {spark_submit.py:514} INFO - Using Spark's default log4j profile: org/apache/spark/log4j-defaults.properties
[2021-12-22 11:05:44,889] {spark_submit.py:514} INFO - 21/12/22 11:05:44 INFO SparkContext: Running Spark version 3.2.0
[2021-12-22 11:05:44,994] {spark_submit.py:514} INFO - 21/12/22 11:05:44 WARN NativeCodeLoader: Unable to load native-hadoop library for your platform... using builtin-java classes where applicable
[2021-12-22 11:05:45,166] {spark_submit.py:514} INFO - 21/12/22 11:05:45 INFO ResourceUtils: ==============================================================
[2021-12-22 11:05:45,168] {spark_submit.py:514} INFO - 21/12/22 11:05:45 INFO ResourceUtils: No custom resources configured for spark.driver.
[2021-12-22 11:05:45,169] {spark_submit.py:514} INFO - 21/12/22 11:05:45 INFO ResourceUtils: ==============================================================
[2021-12-22 11:05:45,170] {spark_submit.py:514} INFO - 21/12/22 11:05:45 INFO SparkContext: Submitted application: Remove file
[2021-12-22 11:05:45,199] {spark_submit.py:514} INFO - 21/12/22 11:05:45 INFO ResourceProfile: Default ResourceProfile created, executor resources: Map(cores -> name: cores, amount: 1, script: , vendor: , memory -> name: memory, amount: 1024, script: , vendor: , offHeap -> name: offHeap, amount: 0, script: , vendor: ), task resources: Map(cpus -> name: cpus, amount: 1.0)
[2021-12-22 11:05:45,214] {spark_submit.py:514} INFO - 21/12/22 11:05:45 INFO ResourceProfile: Limiting resource is cpu
[2021-12-22 11:05:45,216] {spark_submit.py:514} INFO - 21/12/22 11:05:45 INFO ResourceProfileManager: Added ResourceProfile id: 0
[2021-12-22 11:05:45,282] {spark_submit.py:514} INFO - 21/12/22 11:05:45 INFO SecurityManager: Changing view acls to: ***
[2021-12-22 11:05:45,283] {spark_submit.py:514} INFO - 21/12/22 11:05:45 INFO SecurityManager: Changing modify acls to: ***
[2021-12-22 11:05:45,284] {spark_submit.py:514} INFO - 21/12/22 11:05:45 INFO SecurityManager: Changing view acls groups to:
[2021-12-22 11:05:45,285] {spark_submit.py:514} INFO - 21/12/22 11:05:45 INFO SecurityManager: Changing modify acls groups to:
[2021-12-22 11:05:45,286] {spark_submit.py:514} INFO - 21/12/22 11:05:45 INFO SecurityManager: SecurityManager: authentication disabled; ui acls disabled; users  with view permissions: Set(***); groups with view permissions: Set(); users  with modify permissions: Set(***); groups with modify permissions: Set()
[2021-12-22 11:05:45,661] {spark_submit.py:514} INFO - 21/12/22 11:05:45 INFO Utils: Successfully started service 'sparkDriver' on port 46145.
[2021-12-22 11:05:45,704] {spark_submit.py:514} INFO - 21/12/22 11:05:45 INFO SparkEnv: Registering MapOutputTracker
[2021-12-22 11:05:45,754] {spark_submit.py:514} INFO - 21/12/22 11:05:45 INFO SparkEnv: Registering BlockManagerMaster
[2021-12-22 11:05:45,788] {spark_submit.py:514} INFO - 21/12/22 11:05:45 INFO BlockManagerMasterEndpoint: Using org.apache.spark.storage.DefaultTopologyMapper for getting topology information
[2021-12-22 11:05:45,790] {spark_submit.py:514} INFO - 21/12/22 11:05:45 INFO BlockManagerMasterEndpoint: BlockManagerMasterEndpoint up
[2021-12-22 11:05:45,796] {spark_submit.py:514} INFO - 21/12/22 11:05:45 INFO SparkEnv: Registering BlockManagerMasterHeartbeat
[2021-12-22 11:05:45,829] {spark_submit.py:514} INFO - 21/12/22 11:05:45 INFO DiskBlockManager: Created local directory at /tmp/blockmgr-5cd459a5-7b61-4d0d-8fd5-727fec467b41
[2021-12-22 11:05:45,854] {spark_submit.py:514} INFO - 21/12/22 11:05:45 INFO MemoryStore: MemoryStore started with capacity 434.4 MiB
[2021-12-22 11:05:45,874] {spark_submit.py:514} INFO - 21/12/22 11:05:45 INFO SparkEnv: Registering OutputCommitCoordinator
[2021-12-22 11:05:46,156] {spark_submit.py:514} INFO - 21/12/22 11:05:46 INFO Utils: Successfully started service 'SparkUI' on port 4040.
[2021-12-22 11:05:46,321] {spark_submit.py:514} INFO - 21/12/22 11:05:46 INFO SparkUI: Bound SparkUI to 0.0.0.0, and started at http://bb1be648e8f2:4040
[2021-12-22 11:05:46,610] {spark_submit.py:514} INFO - 21/12/22 11:05:46 INFO StandaloneAppClient$ClientEndpoint: Connecting to master spark://spark:7077...
[2021-12-22 11:05:46,736] {spark_submit.py:514} INFO - 21/12/22 11:05:46 INFO TransportClientFactory: Successfully created connection to spark/172.19.0.4:7077 after 66 ms (0 ms spent in bootstraps)
[2021-12-22 11:05:46,872] {spark_submit.py:514} INFO - 21/12/22 11:05:46 INFO StandaloneSchedulerBackend: Connected to Spark cluster with app ID app-20211222110546-0077
[2021-12-22 11:05:46,886] {spark_submit.py:514} INFO - 21/12/22 11:05:46 INFO Utils: Successfully started service 'org.apache.spark.network.netty.NettyBlockTransferService' on port 46041.
[2021-12-22 11:05:46,889] {spark_submit.py:514} INFO - 21/12/22 11:05:46 INFO NettyBlockTransferService: Server created on bb1be648e8f2:46041
[2021-12-22 11:05:46,891] {spark_submit.py:514} INFO - 21/12/22 11:05:46 INFO BlockManager: Using org.apache.spark.storage.RandomBlockReplicationPolicy for block replication policy
[2021-12-22 11:05:46,893] {spark_submit.py:514} INFO - 21/12/22 11:05:46 INFO StandaloneAppClient$ClientEndpoint: Executor added: app-20211222110546-0077/0 on worker-20211222083500-172.19.0.5-40169 (172.19.0.5:40169) with 6 core(s)
[2021-12-22 11:05:46,897] {spark_submit.py:514} INFO - 21/12/22 11:05:46 INFO StandaloneSchedulerBackend: Granted executor ID app-20211222110546-0077/0 on hostPort 172.19.0.5:40169 with 6 core(s), 1024.0 MiB RAM
[2021-12-22 11:05:46,899] {spark_submit.py:514} INFO - 21/12/22 11:05:46 INFO StandaloneAppClient$ClientEndpoint: Executor added: app-20211222110546-0077/1 on worker-20211222083500-172.19.0.6-42213 (172.19.0.6:42213) with 6 core(s)
[2021-12-22 11:05:46,901] {spark_submit.py:514} INFO - 21/12/22 11:05:46 INFO StandaloneSchedulerBackend: Granted executor ID app-20211222110546-0077/1 on hostPort 172.19.0.6:42213 with 6 core(s), 1024.0 MiB RAM
[2021-12-22 11:05:46,916] {spark_submit.py:514} INFO - 21/12/22 11:05:46 INFO BlockManagerMaster: Registering BlockManager BlockManagerId(driver, bb1be648e8f2, 46041, None)
[2021-12-22 11:05:46,929] {spark_submit.py:514} INFO - 21/12/22 11:05:46 INFO BlockManagerMasterEndpoint: Registering block manager bb1be648e8f2:46041 with 434.4 MiB RAM, BlockManagerId(driver, bb1be648e8f2, 46041, None)
[2021-12-22 11:05:46,938] {spark_submit.py:514} INFO - 21/12/22 11:05:46 INFO BlockManagerMaster: Registered BlockManager BlockManagerId(driver, bb1be648e8f2, 46041, None)
[2021-12-22 11:05:46,941] {spark_submit.py:514} INFO - 21/12/22 11:05:46 INFO BlockManager: Initialized BlockManager: BlockManagerId(driver, bb1be648e8f2, 46041, None)
[2021-12-22 11:05:46,961] {spark_submit.py:514} INFO - 21/12/22 11:05:46 INFO StandaloneAppClient$ClientEndpoint: Executor updated: app-20211222110546-0077/1 is now RUNNING
[2021-12-22 11:05:46,963] {spark_submit.py:514} INFO - 21/12/22 11:05:46 INFO StandaloneAppClient$ClientEndpoint: Executor updated: app-20211222110546-0077/0 is now RUNNING
[2021-12-22 11:05:47,309] {spark_submit.py:514} INFO - 21/12/22 11:05:47 INFO StandaloneSchedulerBackend: SchedulerBackend is ready for scheduling beginning after reached minRegisteredResourcesRatio: 0.0
[2021-12-22 11:05:47,407] {spark_submit.py:514} INFO - /home/***/.local/lib/python3.6/site-packages/pyspark/python/lib/pyspark.zip/pyspark/context.py:238: FutureWarning: Python 3.6 support is deprecated in Spark 3.2.
[2021-12-22 11:05:47,409] {spark_submit.py:514} INFO - FutureWarning
[2021-12-22 11:05:47,730] {spark_submit.py:514} INFO - 21/12/22 11:05:47 INFO SharedState: Setting hive.metastore.warehouse.dir ('null') to the value of spark.sql.warehouse.dir.
[2021-12-22 11:05:47,795] {spark_submit.py:514} INFO - 21/12/22 11:05:47 INFO SharedState: Warehouse path is 'file:/opt/***/spark-warehouse'.
[2021-12-22 11:05:48,970] {spark_submit.py:514} INFO - file: wexford_rent.json deleted
[2021-12-22 11:05:49,083] {spark_submit.py:514} INFO - 21/12/22 11:05:49 INFO SparkContext: Invoking stop() from shutdown hook
[2021-12-22 11:05:49,130] {spark_submit.py:514} INFO - 21/12/22 11:05:49 INFO SparkUI: Stopped Spark web UI at http://bb1be648e8f2:4040
[2021-12-22 11:05:49,141] {spark_submit.py:514} INFO - 21/12/22 11:05:49 INFO StandaloneSchedulerBackend: Shutting down all executors
[2021-12-22 11:05:49,149] {spark_submit.py:514} INFO - 21/12/22 11:05:49 INFO CoarseGrainedSchedulerBackend$DriverEndpoint: Asking each executor to shut down
[2021-12-22 11:05:49,195] {spark_submit.py:514} INFO - 21/12/22 11:05:49 INFO MapOutputTrackerMasterEndpoint: MapOutputTrackerMasterEndpoint stopped!
[2021-12-22 11:05:49,237] {spark_submit.py:514} INFO - 21/12/22 11:05:49 INFO MemoryStore: MemoryStore cleared
[2021-12-22 11:05:49,239] {spark_submit.py:514} INFO - 21/12/22 11:05:49 INFO BlockManager: BlockManager stopped
[2021-12-22 11:05:49,251] {spark_submit.py:514} INFO - 21/12/22 11:05:49 INFO BlockManagerMaster: BlockManagerMaster stopped
[2021-12-22 11:05:49,256] {spark_submit.py:514} INFO - 21/12/22 11:05:49 INFO OutputCommitCoordinator$OutputCommitCoordinatorEndpoint: OutputCommitCoordinator stopped!
[2021-12-22 11:05:49,271] {spark_submit.py:514} INFO - 21/12/22 11:05:49 INFO SparkContext: Successfully stopped SparkContext
[2021-12-22 11:05:49,273] {spark_submit.py:514} INFO - 21/12/22 11:05:49 INFO ShutdownHookManager: Shutdown hook called
[2021-12-22 11:05:49,273] {spark_submit.py:514} INFO - 21/12/22 11:05:49 INFO ShutdownHookManager: Deleting directory /tmp/spark-c78dfe9c-d4e0-4d2b-86e7-10997dd949a4
[2021-12-22 11:05:49,277] {spark_submit.py:514} INFO - 21/12/22 11:05:49 INFO ShutdownHookManager: Deleting directory /tmp/spark-1b56b9ed-7960-4d4b-93d0-d036348bdbe0
[2021-12-22 11:05:49,281] {spark_submit.py:514} INFO - 21/12/22 11:05:49 INFO ShutdownHookManager: Deleting directory /tmp/spark-c78dfe9c-d4e0-4d2b-86e7-10997dd949a4/pyspark-2282b9a3-338d-4d9c-9a87-98b4450fd9ad
[2021-12-22 11:05:49,394] {taskinstance.py:1280} INFO - Marking task as SUCCESS. dag_id=scraping_daft_wexford, task_id=remove_file, execution_date=20211221T110500, start_date=20211222T110541, end_date=20211222T110549
[2021-12-22 11:05:49,437] {local_task_job.py:154} INFO - Task exited with return code 0
[2021-12-22 11:05:49,514] {local_task_job.py:264} INFO - 0 downstream tasks scheduled from follow-on schedule check
