[2021-12-28 16:03:15,811] {taskinstance.py:1035} INFO - Dependencies all met for <TaskInstance: scraping_daft_monaghan.remove_file manual__2021-12-28T16:02:25.402828+00:00 [queued]>
[2021-12-28 16:03:15,846] {taskinstance.py:1035} INFO - Dependencies all met for <TaskInstance: scraping_daft_monaghan.remove_file manual__2021-12-28T16:02:25.402828+00:00 [queued]>
[2021-12-28 16:03:15,847] {taskinstance.py:1241} INFO - 
--------------------------------------------------------------------------------
[2021-12-28 16:03:15,848] {taskinstance.py:1242} INFO - Starting attempt 1 of 4
[2021-12-28 16:03:15,849] {taskinstance.py:1243} INFO - 
--------------------------------------------------------------------------------
[2021-12-28 16:03:15,880] {taskinstance.py:1262} INFO - Executing <Task(SparkSubmitOperator): remove_file> on 2021-12-28 16:02:25.402828+00:00
[2021-12-28 16:03:15,891] {standard_task_runner.py:76} INFO - Running: ['***', 'tasks', 'run', 'scraping_daft_monaghan', 'remove_file', 'manual__2021-12-28T16:02:25.402828+00:00', '--job-id', '5278', '--raw', '--subdir', 'DAGS_FOLDER/scraping_daft_monaghan.py', '--cfg-path', '/tmp/tmpglwd6kze', '--error-file', '/tmp/tmpmsbfqa7h']
[2021-12-28 16:03:15,894] {standard_task_runner.py:77} INFO - Job 5278: Subtask remove_file
[2021-12-28 16:03:15,887] {standard_task_runner.py:52} INFO - Started process 12670 to run task
[2021-12-28 16:03:15,988] {logging_mixin.py:109} INFO - Running <TaskInstance: scraping_daft_monaghan.remove_file manual__2021-12-28T16:02:25.402828+00:00 [running]> on host 6bdda4c19a85
[2021-12-28 16:03:16,167] {taskinstance.py:1429} INFO - Exporting the following env vars:
AIRFLOW_CTX_DAG_EMAIL=clement.liscoet@gmail.com
AIRFLOW_CTX_DAG_OWNER=clemoni
AIRFLOW_CTX_DAG_ID=scraping_daft_monaghan
AIRFLOW_CTX_TASK_ID=remove_file
AIRFLOW_CTX_EXECUTION_DATE=2021-12-28T16:02:25.402828+00:00
AIRFLOW_CTX_DAG_RUN_ID=manual__2021-12-28T16:02:25.402828+00:00
[2021-12-28 16:03:16,197] {base.py:79} INFO - Using connection to: id: spark_default. Host: spark://spark:7077, Port: None, Schema: , Login: ***, Password: ***, extra: {}
[2021-12-28 16:03:16,201] {spark_submit.py:360} INFO - Spark-Submit cmd: spark-submit --master spark://spark:7077 --conf spark.master=spark://spark:7077 --name remove file --verbose /opt/***/jobs/remove_file.py monaghan
[2021-12-28 16:03:18,621] {spark_submit.py:514} INFO - Using properties file: null
[2021-12-28 16:03:18,789] {spark_submit.py:514} INFO - WARNING: An illegal reflective access operation has occurred
[2021-12-28 16:03:18,791] {spark_submit.py:514} INFO - WARNING: Illegal reflective access by org.apache.spark.unsafe.Platform (file:/home/***/.local/lib/python3.6/site-packages/pyspark/jars/spark-unsafe_2.12-3.2.0.jar) to constructor java.nio.DirectByteBuffer(long,int)
[2021-12-28 16:03:18,793] {spark_submit.py:514} INFO - WARNING: Please consider reporting this to the maintainers of org.apache.spark.unsafe.Platform
[2021-12-28 16:03:18,794] {spark_submit.py:514} INFO - WARNING: Use --illegal-access=warn to enable warnings of further illegal reflective access operations
[2021-12-28 16:03:18,795] {spark_submit.py:514} INFO - WARNING: All illegal access operations will be denied in a future release
[2021-12-28 16:03:18,910] {spark_submit.py:514} INFO - Parsed arguments:
[2021-12-28 16:03:18,912] {spark_submit.py:514} INFO - master                  spark://spark:7077
[2021-12-28 16:03:18,913] {spark_submit.py:514} INFO - deployMode              null
[2021-12-28 16:03:18,915] {spark_submit.py:514} INFO - executorMemory          null
[2021-12-28 16:03:18,916] {spark_submit.py:514} INFO - executorCores           null
[2021-12-28 16:03:18,917] {spark_submit.py:514} INFO - totalExecutorCores      null
[2021-12-28 16:03:18,919] {spark_submit.py:514} INFO - propertiesFile          null
[2021-12-28 16:03:18,920] {spark_submit.py:514} INFO - driverMemory            null
[2021-12-28 16:03:18,921] {spark_submit.py:514} INFO - driverCores             null
[2021-12-28 16:03:18,923] {spark_submit.py:514} INFO - driverExtraClassPath    null
[2021-12-28 16:03:18,925] {spark_submit.py:514} INFO - driverExtraLibraryPath  null
[2021-12-28 16:03:18,927] {spark_submit.py:514} INFO - driverExtraJavaOptions  null
[2021-12-28 16:03:18,928] {spark_submit.py:514} INFO - supervise               false
[2021-12-28 16:03:18,930] {spark_submit.py:514} INFO - queue                   null
[2021-12-28 16:03:18,931] {spark_submit.py:514} INFO - numExecutors            null
[2021-12-28 16:03:18,932] {spark_submit.py:514} INFO - files                   null
[2021-12-28 16:03:18,933] {spark_submit.py:514} INFO - pyFiles                 null
[2021-12-28 16:03:18,935] {spark_submit.py:514} INFO - archives                null
[2021-12-28 16:03:18,936] {spark_submit.py:514} INFO - mainClass               null
[2021-12-28 16:03:18,937] {spark_submit.py:514} INFO - primaryResource         file:/opt/***/jobs/remove_file.py
[2021-12-28 16:03:18,939] {spark_submit.py:514} INFO - name                    remove file
[2021-12-28 16:03:18,940] {spark_submit.py:514} INFO - childArgs               [monaghan]
[2021-12-28 16:03:18,942] {spark_submit.py:514} INFO - jars                    null
[2021-12-28 16:03:18,943] {spark_submit.py:514} INFO - packages                null
[2021-12-28 16:03:18,945] {spark_submit.py:514} INFO - packagesExclusions      null
[2021-12-28 16:03:18,947] {spark_submit.py:514} INFO - repositories            null
[2021-12-28 16:03:18,949] {spark_submit.py:514} INFO - verbose                 true
[2021-12-28 16:03:18,950] {spark_submit.py:514} INFO - 
[2021-12-28 16:03:18,952] {spark_submit.py:514} INFO - Spark properties used, including those specified through
[2021-12-28 16:03:18,953] {spark_submit.py:514} INFO - --conf and those from the properties file null:
[2021-12-28 16:03:18,954] {spark_submit.py:514} INFO - (spark.master,spark://spark:7077)
[2021-12-28 16:03:18,956] {spark_submit.py:514} INFO - 
[2021-12-28 16:03:18,957] {spark_submit.py:514} INFO - 
[2021-12-28 16:03:19,448] {spark_submit.py:514} INFO - Main class:
[2021-12-28 16:03:19,450] {spark_submit.py:514} INFO - org.apache.spark.deploy.PythonRunner
[2021-12-28 16:03:19,453] {spark_submit.py:514} INFO - Arguments:
[2021-12-28 16:03:19,455] {spark_submit.py:514} INFO - file:/opt/***/jobs/remove_file.py
[2021-12-28 16:03:19,458] {spark_submit.py:514} INFO - null
[2021-12-28 16:03:19,467] {spark_submit.py:514} INFO - monaghan
[2021-12-28 16:03:19,470] {spark_submit.py:514} INFO - --verbose
[2021-12-28 16:03:19,474] {spark_submit.py:514} INFO - Spark config:
[2021-12-28 16:03:19,476] {spark_submit.py:514} INFO - (spark.app.name,remove file)
[2021-12-28 16:03:19,480] {spark_submit.py:514} INFO - (spark.master,spark://spark:7077)
[2021-12-28 16:03:19,481] {spark_submit.py:514} INFO - (spark.submit.pyFiles,)
[2021-12-28 16:03:19,484] {spark_submit.py:514} INFO - (spark.submit.deployMode,client)
[2021-12-28 16:03:19,485] {spark_submit.py:514} INFO - Classpath elements:
[2021-12-28 16:03:19,487] {spark_submit.py:514} INFO - 
[2021-12-28 16:03:19,489] {spark_submit.py:514} INFO - 
[2021-12-28 16:03:19,491] {spark_submit.py:514} INFO - 
[2021-12-28 16:03:21,106] {spark_submit.py:514} INFO - Using Spark's default log4j profile: org/apache/spark/log4j-defaults.properties
[2021-12-28 16:03:21,125] {spark_submit.py:514} INFO - 21/12/28 16:03:21 INFO SparkContext: Running Spark version 3.2.0
[2021-12-28 16:03:21,272] {spark_submit.py:514} INFO - 21/12/28 16:03:21 WARN NativeCodeLoader: Unable to load native-hadoop library for your platform... using builtin-java classes where applicable
[2021-12-28 16:03:21,542] {spark_submit.py:514} INFO - 21/12/28 16:03:21 INFO ResourceUtils: ==============================================================
[2021-12-28 16:03:21,543] {spark_submit.py:514} INFO - 21/12/28 16:03:21 INFO ResourceUtils: No custom resources configured for spark.driver.
[2021-12-28 16:03:21,544] {spark_submit.py:514} INFO - 21/12/28 16:03:21 INFO ResourceUtils: ==============================================================
[2021-12-28 16:03:21,545] {spark_submit.py:514} INFO - 21/12/28 16:03:21 INFO SparkContext: Submitted application: Remove file
[2021-12-28 16:03:21,584] {spark_submit.py:514} INFO - 21/12/28 16:03:21 INFO ResourceProfile: Default ResourceProfile created, executor resources: Map(cores -> name: cores, amount: 1, script: , vendor: , memory -> name: memory, amount: 1024, script: , vendor: , offHeap -> name: offHeap, amount: 0, script: , vendor: ), task resources: Map(cpus -> name: cpus, amount: 1.0)
[2021-12-28 16:03:21,602] {spark_submit.py:514} INFO - 21/12/28 16:03:21 INFO ResourceProfile: Limiting resource is cpu
[2021-12-28 16:03:21,603] {spark_submit.py:514} INFO - 21/12/28 16:03:21 INFO ResourceProfileManager: Added ResourceProfile id: 0
[2021-12-28 16:03:21,708] {spark_submit.py:514} INFO - 21/12/28 16:03:21 INFO SecurityManager: Changing view acls to: ***
[2021-12-28 16:03:21,721] {spark_submit.py:514} INFO - 21/12/28 16:03:21 INFO SecurityManager: Changing modify acls to: ***
[2021-12-28 16:03:21,725] {spark_submit.py:514} INFO - 21/12/28 16:03:21 INFO SecurityManager: Changing view acls groups to:
[2021-12-28 16:03:21,726] {spark_submit.py:514} INFO - 21/12/28 16:03:21 INFO SecurityManager: Changing modify acls groups to:
[2021-12-28 16:03:21,728] {spark_submit.py:514} INFO - 21/12/28 16:03:21 INFO SecurityManager: SecurityManager: authentication disabled; ui acls disabled; users  with view permissions: Set(***); groups with view permissions: Set(); users  with modify permissions: Set(***); groups with modify permissions: Set()
[2021-12-28 16:03:22,291] {spark_submit.py:514} INFO - 21/12/28 16:03:22 INFO Utils: Successfully started service 'sparkDriver' on port 36449.
[2021-12-28 16:03:22,338] {spark_submit.py:514} INFO - 21/12/28 16:03:22 INFO SparkEnv: Registering MapOutputTracker
[2021-12-28 16:03:22,391] {spark_submit.py:514} INFO - 21/12/28 16:03:22 INFO SparkEnv: Registering BlockManagerMaster
[2021-12-28 16:03:22,427] {spark_submit.py:514} INFO - 21/12/28 16:03:22 INFO BlockManagerMasterEndpoint: Using org.apache.spark.storage.DefaultTopologyMapper for getting topology information
[2021-12-28 16:03:22,429] {spark_submit.py:514} INFO - 21/12/28 16:03:22 INFO BlockManagerMasterEndpoint: BlockManagerMasterEndpoint up
[2021-12-28 16:03:22,438] {spark_submit.py:514} INFO - 21/12/28 16:03:22 INFO SparkEnv: Registering BlockManagerMasterHeartbeat
[2021-12-28 16:03:22,484] {spark_submit.py:514} INFO - 21/12/28 16:03:22 INFO DiskBlockManager: Created local directory at /tmp/blockmgr-a1beecde-dec0-4a55-8b82-2e16fed83bd4
[2021-12-28 16:03:22,523] {spark_submit.py:514} INFO - 21/12/28 16:03:22 INFO MemoryStore: MemoryStore started with capacity 434.4 MiB
[2021-12-28 16:03:22,551] {spark_submit.py:514} INFO - 21/12/28 16:03:22 INFO SparkEnv: Registering OutputCommitCoordinator
[2021-12-28 16:03:22,827] {spark_submit.py:514} INFO - 21/12/28 16:03:22 WARN Utils: Service 'SparkUI' could not bind on port 4040. Attempting port 4041.
[2021-12-28 16:03:22,842] {spark_submit.py:514} INFO - 21/12/28 16:03:22 INFO Utils: Successfully started service 'SparkUI' on port 4041.
[2021-12-28 16:03:22,996] {spark_submit.py:514} INFO - 21/12/28 16:03:22 INFO SparkUI: Bound SparkUI to 0.0.0.0, and started at http://6bdda4c19a85:4041
[2021-12-28 16:03:23,518] {spark_submit.py:514} INFO - 21/12/28 16:03:23 INFO StandaloneAppClient$ClientEndpoint: Connecting to master spark://spark:7077...
[2021-12-28 16:03:23,670] {spark_submit.py:514} INFO - 21/12/28 16:03:23 INFO TransportClientFactory: Successfully created connection to spark/172.18.0.4:7077 after 71 ms (0 ms spent in bootstraps)
[2021-12-28 16:03:23,844] {spark_submit.py:514} INFO - 21/12/28 16:03:23 INFO StandaloneSchedulerBackend: Connected to Spark cluster with app ID app-20211228160323-0062
[2021-12-28 16:03:23,858] {spark_submit.py:514} INFO - 21/12/28 16:03:23 INFO Utils: Successfully started service 'org.apache.spark.network.netty.NettyBlockTransferService' on port 35499.
[2021-12-28 16:03:23,859] {spark_submit.py:514} INFO - 21/12/28 16:03:23 INFO NettyBlockTransferService: Server created on 6bdda4c19a85:35499
[2021-12-28 16:03:23,861] {spark_submit.py:514} INFO - 21/12/28 16:03:23 INFO BlockManager: Using org.apache.spark.storage.RandomBlockReplicationPolicy for block replication policy
[2021-12-28 16:03:23,877] {spark_submit.py:514} INFO - 21/12/28 16:03:23 INFO BlockManagerMaster: Registering BlockManager BlockManagerId(driver, 6bdda4c19a85, 35499, None)
[2021-12-28 16:03:23,884] {spark_submit.py:514} INFO - 21/12/28 16:03:23 INFO BlockManagerMasterEndpoint: Registering block manager 6bdda4c19a85:35499 with 434.4 MiB RAM, BlockManagerId(driver, 6bdda4c19a85, 35499, None)
[2021-12-28 16:03:23,889] {spark_submit.py:514} INFO - 21/12/28 16:03:23 INFO BlockManagerMaster: Registered BlockManager BlockManagerId(driver, 6bdda4c19a85, 35499, None)
[2021-12-28 16:03:23,892] {spark_submit.py:514} INFO - 21/12/28 16:03:23 INFO BlockManager: Initialized BlockManager: BlockManagerId(driver, 6bdda4c19a85, 35499, None)
[2021-12-28 16:03:24,362] {spark_submit.py:514} INFO - 21/12/28 16:03:24 INFO StandaloneSchedulerBackend: SchedulerBackend is ready for scheduling beginning after reached minRegisteredResourcesRatio: 0.0
[2021-12-28 16:03:24,433] {spark_submit.py:514} INFO - /home/***/.local/lib/python3.6/site-packages/pyspark/python/lib/pyspark.zip/pyspark/context.py:238: FutureWarning: Python 3.6 support is deprecated in Spark 3.2.
[2021-12-28 16:03:24,435] {spark_submit.py:514} INFO - FutureWarning
[2021-12-28 16:03:24,903] {spark_submit.py:514} INFO - 21/12/28 16:03:24 INFO SharedState: Setting hive.metastore.warehouse.dir ('null') to the value of spark.sql.warehouse.dir.
[2021-12-28 16:03:24,995] {spark_submit.py:514} INFO - 21/12/28 16:03:24 INFO SharedState: Warehouse path is 'file:/opt/***/spark-warehouse'.
[2021-12-28 16:03:25,938] {spark_submit.py:514} INFO - file: monaghan_rent.json deleted
[2021-12-28 16:03:26,055] {spark_submit.py:514} INFO - 21/12/28 16:03:26 INFO SparkContext: Invoking stop() from shutdown hook
[2021-12-28 16:03:26,087] {spark_submit.py:514} INFO - 21/12/28 16:03:26 INFO SparkUI: Stopped Spark web UI at http://6bdda4c19a85:4041
[2021-12-28 16:03:26,105] {spark_submit.py:514} INFO - 21/12/28 16:03:26 INFO StandaloneSchedulerBackend: Shutting down all executors
[2021-12-28 16:03:26,115] {spark_submit.py:514} INFO - 21/12/28 16:03:26 INFO CoarseGrainedSchedulerBackend$DriverEndpoint: Asking each executor to shut down
[2021-12-28 16:03:26,171] {spark_submit.py:514} INFO - 21/12/28 16:03:26 INFO MapOutputTrackerMasterEndpoint: MapOutputTrackerMasterEndpoint stopped!
[2021-12-28 16:03:26,213] {spark_submit.py:514} INFO - 21/12/28 16:03:26 INFO MemoryStore: MemoryStore cleared
[2021-12-28 16:03:26,215] {spark_submit.py:514} INFO - 21/12/28 16:03:26 INFO BlockManager: BlockManager stopped
[2021-12-28 16:03:26,232] {spark_submit.py:514} INFO - 21/12/28 16:03:26 INFO BlockManagerMaster: BlockManagerMaster stopped
[2021-12-28 16:03:26,236] {spark_submit.py:514} INFO - 21/12/28 16:03:26 INFO OutputCommitCoordinator$OutputCommitCoordinatorEndpoint: OutputCommitCoordinator stopped!
[2021-12-28 16:03:26,252] {spark_submit.py:514} INFO - 21/12/28 16:03:26 INFO SparkContext: Successfully stopped SparkContext
[2021-12-28 16:03:26,253] {spark_submit.py:514} INFO - 21/12/28 16:03:26 INFO ShutdownHookManager: Shutdown hook called
[2021-12-28 16:03:26,255] {spark_submit.py:514} INFO - 21/12/28 16:03:26 INFO ShutdownHookManager: Deleting directory /tmp/spark-613945da-a0c5-49fd-833d-31048361ba34/pyspark-b791dbb5-2aff-401e-b11a-956f85b24052
[2021-12-28 16:03:26,260] {spark_submit.py:514} INFO - 21/12/28 16:03:26 INFO ShutdownHookManager: Deleting directory /tmp/spark-613945da-a0c5-49fd-833d-31048361ba34
[2021-12-28 16:03:26,264] {spark_submit.py:514} INFO - 21/12/28 16:03:26 INFO ShutdownHookManager: Deleting directory /tmp/spark-b178a2aa-eb2c-407c-b969-0ad7785d0254
[2021-12-28 16:03:26,379] {taskinstance.py:1280} INFO - Marking task as SUCCESS. dag_id=scraping_daft_monaghan, task_id=remove_file, execution_date=20211228T160225, start_date=20211228T160315, end_date=20211228T160326
[2021-12-28 16:03:26,443] {local_task_job.py:154} INFO - Task exited with return code 0
[2021-12-28 16:03:26,545] {local_task_job.py:264} INFO - 0 downstream tasks scheduled from follow-on schedule check
