[2021-12-16 11:04:16,618] {taskinstance.py:1035} INFO - Dependencies all met for <TaskInstance: scraping_daft_offaly.notify_slack scheduled__2021-12-15T10:35:00+00:00 [queued]>
[2021-12-16 11:04:16,916] {taskinstance.py:1035} INFO - Dependencies all met for <TaskInstance: scraping_daft_offaly.notify_slack scheduled__2021-12-15T10:35:00+00:00 [queued]>
[2021-12-16 11:04:16,926] {taskinstance.py:1241} INFO - 
--------------------------------------------------------------------------------
[2021-12-16 11:04:16,929] {taskinstance.py:1242} INFO - Starting attempt 1 of 4
[2021-12-16 11:04:16,931] {taskinstance.py:1243} INFO - 
--------------------------------------------------------------------------------
[2021-12-16 11:04:17,080] {taskinstance.py:1262} INFO - Executing <Task(SlackWebhookOperator): notify_slack> on 2021-12-15 10:35:00+00:00
[2021-12-16 11:04:17,124] {standard_task_runner.py:52} INFO - Started process 13185 to run task
[2021-12-16 11:04:17,195] {standard_task_runner.py:76} INFO - Running: ['***', 'tasks', 'run', 'scraping_daft_offaly', 'notify_slack', 'scheduled__2021-12-15T10:35:00+00:00', '--job-id', '2735', '--raw', '--subdir', 'DAGS_FOLDER/scraping_daft_offaly.py', '--cfg-path', '/tmp/tmpctcdc7ke', '--error-file', '/tmp/tmp7m11r7cr']
[2021-12-16 11:04:17,223] {standard_task_runner.py:77} INFO - Job 2735: Subtask notify_slack
[2021-12-16 11:04:17,663] {logging_mixin.py:109} INFO - Running <TaskInstance: scraping_daft_offaly.notify_slack scheduled__2021-12-15T10:35:00+00:00 [running]> on host 10035bfec3db
[2021-12-16 11:04:18,079] {taskinstance.py:1429} INFO - Exporting the following env vars:
AIRFLOW_CTX_DAG_EMAIL=clement.liscoet@gmail.com
AIRFLOW_CTX_DAG_OWNER=clemoni
AIRFLOW_CTX_DAG_ID=scraping_daft_offaly
AIRFLOW_CTX_TASK_ID=notify_slack
AIRFLOW_CTX_EXECUTION_DATE=2021-12-15T10:35:00+00:00
AIRFLOW_CTX_DAG_RUN_ID=scheduled__2021-12-15T10:35:00+00:00
[2021-12-16 11:04:18,304] {base.py:79} INFO - Using connection to: id: slack_connect. Host: https://hooks.slack.com/services/, Port: None, Schema: , Login: , Password: ***, extra: {}
[2021-12-16 11:04:18,551] {base.py:79} INFO - Using connection to: id: slack_connect. Host: https://hooks.slack.com/services/, Port: None, Schema: , Login: , Password: ***, extra: {}
[2021-12-16 11:04:18,804] {http.py:140} INFO - Sending 'POST' to url: https://hooks.slack.com/services/***
[2021-12-16 11:04:20,183] {taskinstance.py:1280} INFO - Marking task as SUCCESS. dag_id=scraping_daft_offaly, task_id=notify_slack, execution_date=20211215T103500, start_date=20211216T110416, end_date=20211216T110420
[2021-12-16 11:04:20,440] {local_task_job.py:154} INFO - Task exited with return code 0
[2021-12-16 11:04:20,774] {local_task_job.py:264} INFO - 1 downstream tasks scheduled from follow-on schedule check
