[2021-12-13 17:01:52,876] {taskinstance.py:1035} INFO - Dependencies all met for <TaskInstance: scraping_daft_leitrim.scrap_data manual__2021-12-13T17:01:49.327246+00:00 [queued]>
[2021-12-13 17:01:52,932] {taskinstance.py:1035} INFO - Dependencies all met for <TaskInstance: scraping_daft_leitrim.scrap_data manual__2021-12-13T17:01:49.327246+00:00 [queued]>
[2021-12-13 17:01:52,934] {taskinstance.py:1241} INFO - 
--------------------------------------------------------------------------------
[2021-12-13 17:01:52,935] {taskinstance.py:1242} INFO - Starting attempt 1 of 4
[2021-12-13 17:01:52,936] {taskinstance.py:1243} INFO - 
--------------------------------------------------------------------------------
[2021-12-13 17:01:52,973] {taskinstance.py:1262} INFO - Executing <Task(SparkSubmitOperator): scrap_data> on 2021-12-13 17:01:49.327246+00:00
[2021-12-13 17:01:52,986] {standard_task_runner.py:76} INFO - Running: ['***', 'tasks', 'run', 'scraping_daft_leitrim', 'scrap_data', 'manual__2021-12-13T17:01:49.327246+00:00', '--job-id', '1909', '--raw', '--subdir', 'DAGS_FOLDER/scraping_daft_leitrim.py', '--cfg-path', '/tmp/tmp72di3fui', '--error-file', '/tmp/tmpg9j0d4b9']
[2021-12-13 17:01:52,988] {standard_task_runner.py:77} INFO - Job 1909: Subtask scrap_data
[2021-12-13 17:01:52,982] {standard_task_runner.py:52} INFO - Started process 16732 to run task
[2021-12-13 17:01:53,083] {logging_mixin.py:109} INFO - Running <TaskInstance: scraping_daft_leitrim.scrap_data manual__2021-12-13T17:01:49.327246+00:00 [running]> on host c81f81825bc0
[2021-12-13 17:01:53,246] {taskinstance.py:1429} INFO - Exporting the following env vars:
AIRFLOW_CTX_DAG_EMAIL=clement.liscoet@gmail.com
AIRFLOW_CTX_DAG_OWNER=clemoni
AIRFLOW_CTX_DAG_ID=scraping_daft_leitrim
AIRFLOW_CTX_TASK_ID=scrap_data
AIRFLOW_CTX_EXECUTION_DATE=2021-12-13T17:01:49.327246+00:00
AIRFLOW_CTX_DAG_RUN_ID=manual__2021-12-13T17:01:49.327246+00:00
[2021-12-13 17:01:53,281] {base.py:79} INFO - Using connection to: id: spark_default. Host: spark://spark:7077, Port: None, Schema: , Login: ***, Password: ***, extra: {}
[2021-12-13 17:01:53,285] {spark_submit.py:360} INFO - Spark-Submit cmd: spark-submit --master spark://spark:7077 --conf spark.master=spark://spark:7077 --name scrap data --verbose /opt/***/jobs/get_ads_per_county.py leitrim
[2021-12-13 17:01:55,181] {spark_submit.py:514} INFO - Using properties file: null
[2021-12-13 17:01:55,327] {spark_submit.py:514} INFO - WARNING: An illegal reflective access operation has occurred
[2021-12-13 17:01:55,328] {spark_submit.py:514} INFO - WARNING: Illegal reflective access by org.apache.spark.unsafe.Platform (file:/home/***/.local/lib/python3.6/site-packages/pyspark/jars/spark-unsafe_2.12-3.2.0.jar) to constructor java.nio.DirectByteBuffer(long,int)
[2021-12-13 17:01:55,329] {spark_submit.py:514} INFO - WARNING: Please consider reporting this to the maintainers of org.apache.spark.unsafe.Platform
[2021-12-13 17:01:55,330] {spark_submit.py:514} INFO - WARNING: Use --illegal-access=warn to enable warnings of further illegal reflective access operations
[2021-12-13 17:01:55,331] {spark_submit.py:514} INFO - WARNING: All illegal access operations will be denied in a future release
[2021-12-13 17:01:55,433] {spark_submit.py:514} INFO - Parsed arguments:
[2021-12-13 17:01:55,435] {spark_submit.py:514} INFO - master                  spark://spark:7077
[2021-12-13 17:01:55,436] {spark_submit.py:514} INFO - deployMode              null
[2021-12-13 17:01:55,438] {spark_submit.py:514} INFO - executorMemory          null
[2021-12-13 17:01:55,439] {spark_submit.py:514} INFO - executorCores           null
[2021-12-13 17:01:55,441] {spark_submit.py:514} INFO - totalExecutorCores      null
[2021-12-13 17:01:55,442] {spark_submit.py:514} INFO - propertiesFile          null
[2021-12-13 17:01:55,444] {spark_submit.py:514} INFO - driverMemory            null
[2021-12-13 17:01:55,445] {spark_submit.py:514} INFO - driverCores             null
[2021-12-13 17:01:55,447] {spark_submit.py:514} INFO - driverExtraClassPath    null
[2021-12-13 17:01:55,448] {spark_submit.py:514} INFO - driverExtraLibraryPath  null
[2021-12-13 17:01:55,450] {spark_submit.py:514} INFO - driverExtraJavaOptions  null
[2021-12-13 17:01:55,451] {spark_submit.py:514} INFO - supervise               false
[2021-12-13 17:01:55,452] {spark_submit.py:514} INFO - queue                   null
[2021-12-13 17:01:55,453] {spark_submit.py:514} INFO - numExecutors            null
[2021-12-13 17:01:55,455] {spark_submit.py:514} INFO - files                   null
[2021-12-13 17:01:55,456] {spark_submit.py:514} INFO - pyFiles                 null
[2021-12-13 17:01:55,457] {spark_submit.py:514} INFO - archives                null
[2021-12-13 17:01:55,458] {spark_submit.py:514} INFO - mainClass               null
[2021-12-13 17:01:55,460] {spark_submit.py:514} INFO - primaryResource         file:/opt/***/jobs/get_ads_per_county.py
[2021-12-13 17:01:55,461] {spark_submit.py:514} INFO - name                    scrap data
[2021-12-13 17:01:55,462] {spark_submit.py:514} INFO - childArgs               [leitrim]
[2021-12-13 17:01:55,464] {spark_submit.py:514} INFO - jars                    null
[2021-12-13 17:01:55,464] {spark_submit.py:514} INFO - packages                null
[2021-12-13 17:01:55,466] {spark_submit.py:514} INFO - packagesExclusions      null
[2021-12-13 17:01:55,467] {spark_submit.py:514} INFO - repositories            null
[2021-12-13 17:01:55,468] {spark_submit.py:514} INFO - verbose                 true
[2021-12-13 17:01:55,469] {spark_submit.py:514} INFO - 
[2021-12-13 17:01:55,470] {spark_submit.py:514} INFO - Spark properties used, including those specified through
[2021-12-13 17:01:55,471] {spark_submit.py:514} INFO - --conf and those from the properties file null:
[2021-12-13 17:01:55,472] {spark_submit.py:514} INFO - (spark.master,spark://spark:7077)
[2021-12-13 17:01:55,473] {spark_submit.py:514} INFO - 
[2021-12-13 17:01:55,474] {spark_submit.py:514} INFO - 
[2021-12-13 17:01:55,976] {spark_submit.py:514} INFO - Main class:
[2021-12-13 17:01:55,980] {spark_submit.py:514} INFO - org.apache.spark.deploy.PythonRunner
[2021-12-13 17:01:55,982] {spark_submit.py:514} INFO - Arguments:
[2021-12-13 17:01:55,985] {spark_submit.py:514} INFO - file:/opt/***/jobs/get_ads_per_county.py
[2021-12-13 17:01:55,987] {spark_submit.py:514} INFO - null
[2021-12-13 17:01:55,990] {spark_submit.py:514} INFO - leitrim
[2021-12-13 17:01:55,995] {spark_submit.py:514} INFO - --verbose
[2021-12-13 17:01:55,997] {spark_submit.py:514} INFO - Spark config:
[2021-12-13 17:01:55,999] {spark_submit.py:514} INFO - (spark.app.name,scrap data)
[2021-12-13 17:01:56,000] {spark_submit.py:514} INFO - (spark.master,spark://spark:7077)
[2021-12-13 17:01:56,002] {spark_submit.py:514} INFO - (spark.submit.pyFiles,)
[2021-12-13 17:01:56,004] {spark_submit.py:514} INFO - (spark.submit.deployMode,client)
[2021-12-13 17:01:56,006] {spark_submit.py:514} INFO - Classpath elements:
[2021-12-13 17:01:56,007] {spark_submit.py:514} INFO - 
[2021-12-13 17:01:56,009] {spark_submit.py:514} INFO - 
[2021-12-13 17:01:56,011] {spark_submit.py:514} INFO - 
[2021-12-13 17:01:58,220] {spark_submit.py:514} INFO - Using Spark's default log4j profile: org/apache/spark/log4j-defaults.properties
[2021-12-13 17:01:58,243] {spark_submit.py:514} INFO - 21/12/13 17:01:58 INFO SparkContext: Running Spark version 3.2.0
[2021-12-13 17:01:58,411] {spark_submit.py:514} INFO - 21/12/13 17:01:58 WARN NativeCodeLoader: Unable to load native-hadoop library for your platform... using builtin-java classes where applicable
[2021-12-13 17:01:58,764] {spark_submit.py:514} INFO - 21/12/13 17:01:58 INFO ResourceUtils: ==============================================================
[2021-12-13 17:01:58,769] {spark_submit.py:514} INFO - 21/12/13 17:01:58 INFO ResourceUtils: No custom resources configured for spark.driver.
[2021-12-13 17:01:58,770] {spark_submit.py:514} INFO - 21/12/13 17:01:58 INFO ResourceUtils: ==============================================================
[2021-12-13 17:01:58,774] {spark_submit.py:514} INFO - 21/12/13 17:01:58 INFO SparkContext: Submitted application: Get Ads per county
[2021-12-13 17:01:58,834] {spark_submit.py:514} INFO - 21/12/13 17:01:58 INFO ResourceProfile: Default ResourceProfile created, executor resources: Map(cores -> name: cores, amount: 1, script: , vendor: , memory -> name: memory, amount: 1024, script: , vendor: , offHeap -> name: offHeap, amount: 0, script: , vendor: ), task resources: Map(cpus -> name: cpus, amount: 1.0)
[2021-12-13 17:01:58,869] {spark_submit.py:514} INFO - 21/12/13 17:01:58 INFO ResourceProfile: Limiting resource is cpu
[2021-12-13 17:01:58,871] {spark_submit.py:514} INFO - 21/12/13 17:01:58 INFO ResourceProfileManager: Added ResourceProfile id: 0
[2021-12-13 17:01:59,195] {spark_submit.py:514} INFO - 21/12/13 17:01:59 INFO SecurityManager: Changing view acls to: ***
[2021-12-13 17:01:59,208] {spark_submit.py:514} INFO - 21/12/13 17:01:59 INFO SecurityManager: Changing modify acls to: ***
[2021-12-13 17:01:59,210] {spark_submit.py:514} INFO - 21/12/13 17:01:59 INFO SecurityManager: Changing view acls groups to:
[2021-12-13 17:01:59,252] {spark_submit.py:514} INFO - 21/12/13 17:01:59 INFO SecurityManager: Changing modify acls groups to:
[2021-12-13 17:01:59,268] {spark_submit.py:514} INFO - 21/12/13 17:01:59 INFO SecurityManager: SecurityManager: authentication disabled; ui acls disabled; users  with view permissions: Set(***); groups with view permissions: Set(); users  with modify permissions: Set(***); groups with modify permissions: Set()
[2021-12-13 17:02:00,645] {spark_submit.py:514} INFO - 21/12/13 17:02:00 INFO Utils: Successfully started service 'sparkDriver' on port 34113.
[2021-12-13 17:02:00,697] {spark_submit.py:514} INFO - 21/12/13 17:02:00 INFO SparkEnv: Registering MapOutputTracker
[2021-12-13 17:02:00,742] {spark_submit.py:514} INFO - 21/12/13 17:02:00 INFO SparkEnv: Registering BlockManagerMaster
[2021-12-13 17:02:00,771] {spark_submit.py:514} INFO - 21/12/13 17:02:00 INFO BlockManagerMasterEndpoint: Using org.apache.spark.storage.DefaultTopologyMapper for getting topology information
[2021-12-13 17:02:00,772] {spark_submit.py:514} INFO - 21/12/13 17:02:00 INFO BlockManagerMasterEndpoint: BlockManagerMasterEndpoint up
[2021-12-13 17:02:00,778] {spark_submit.py:514} INFO - 21/12/13 17:02:00 INFO SparkEnv: Registering BlockManagerMasterHeartbeat
[2021-12-13 17:02:00,813] {spark_submit.py:514} INFO - 21/12/13 17:02:00 INFO DiskBlockManager: Created local directory at /tmp/blockmgr-6019b25f-2953-4b76-9aa1-ba4534b8430c
[2021-12-13 17:02:00,844] {spark_submit.py:514} INFO - 21/12/13 17:02:00 INFO MemoryStore: MemoryStore started with capacity 434.4 MiB
[2021-12-13 17:02:00,868] {spark_submit.py:514} INFO - 21/12/13 17:02:00 INFO SparkEnv: Registering OutputCommitCoordinator
[2021-12-13 17:02:01,164] {spark_submit.py:514} INFO - 21/12/13 17:02:01 INFO Utils: Successfully started service 'SparkUI' on port 4040.
[2021-12-13 17:02:01,274] {spark_submit.py:514} INFO - 21/12/13 17:02:01 INFO SparkUI: Bound SparkUI to 0.0.0.0, and started at http://c81f81825bc0:4040
[2021-12-13 17:02:01,783] {spark_submit.py:514} INFO - 21/12/13 17:02:01 INFO StandaloneAppClient$ClientEndpoint: Connecting to master spark://spark:7077...
[2021-12-13 17:02:02,048] {spark_submit.py:514} INFO - 21/12/13 17:02:02 INFO TransportClientFactory: Successfully created connection to spark/172.20.0.4:7077 after 160 ms (0 ms spent in bootstraps)
[2021-12-13 17:02:02,246] {spark_submit.py:514} INFO - 21/12/13 17:02:02 INFO StandaloneSchedulerBackend: Connected to Spark cluster with app ID app-20211213170202-0081
[2021-12-13 17:02:02,249] {spark_submit.py:514} INFO - 21/12/13 17:02:02 INFO StandaloneAppClient$ClientEndpoint: Executor added: app-20211213170202-0081/0 on worker-20211213155403-172.20.0.6-43761 (172.20.0.6:43761) with 6 core(s)
[2021-12-13 17:02:02,252] {spark_submit.py:514} INFO - 21/12/13 17:02:02 INFO StandaloneSchedulerBackend: Granted executor ID app-20211213170202-0081/0 on hostPort 172.20.0.6:43761 with 6 core(s), 1024.0 MiB RAM
[2021-12-13 17:02:02,253] {spark_submit.py:514} INFO - 21/12/13 17:02:02 INFO StandaloneAppClient$ClientEndpoint: Executor added: app-20211213170202-0081/1 on worker-20211213155403-172.20.0.5-45643 (172.20.0.5:45643) with 6 core(s)
[2021-12-13 17:02:02,264] {spark_submit.py:514} INFO - 21/12/13 17:02:02 INFO StandaloneSchedulerBackend: Granted executor ID app-20211213170202-0081/1 on hostPort 172.20.0.5:45643 with 6 core(s), 1024.0 MiB RAM
[2021-12-13 17:02:02,270] {spark_submit.py:514} INFO - 21/12/13 17:02:02 INFO Utils: Successfully started service 'org.apache.spark.network.netty.NettyBlockTransferService' on port 39433.
[2021-12-13 17:02:02,271] {spark_submit.py:514} INFO - 21/12/13 17:02:02 INFO NettyBlockTransferService: Server created on c81f81825bc0:39433
[2021-12-13 17:02:02,275] {spark_submit.py:514} INFO - 21/12/13 17:02:02 INFO BlockManager: Using org.apache.spark.storage.RandomBlockReplicationPolicy for block replication policy
[2021-12-13 17:02:02,292] {spark_submit.py:514} INFO - 21/12/13 17:02:02 INFO BlockManagerMaster: Registering BlockManager BlockManagerId(driver, c81f81825bc0, 39433, None)
[2021-12-13 17:02:02,304] {spark_submit.py:514} INFO - 21/12/13 17:02:02 INFO BlockManagerMasterEndpoint: Registering block manager c81f81825bc0:39433 with 434.4 MiB RAM, BlockManagerId(driver, c81f81825bc0, 39433, None)
[2021-12-13 17:02:02,309] {spark_submit.py:514} INFO - 21/12/13 17:02:02 INFO BlockManagerMaster: Registered BlockManager BlockManagerId(driver, c81f81825bc0, 39433, None)
[2021-12-13 17:02:02,312] {spark_submit.py:514} INFO - 21/12/13 17:02:02 INFO BlockManager: Initialized BlockManager: BlockManagerId(driver, c81f81825bc0, 39433, None)
[2021-12-13 17:02:02,397] {spark_submit.py:514} INFO - 21/12/13 17:02:02 INFO StandaloneAppClient$ClientEndpoint: Executor updated: app-20211213170202-0081/0 is now RUNNING
[2021-12-13 17:02:02,401] {spark_submit.py:514} INFO - 21/12/13 17:02:02 INFO StandaloneAppClient$ClientEndpoint: Executor updated: app-20211213170202-0081/1 is now RUNNING
[2021-12-13 17:02:03,069] {spark_submit.py:514} INFO - 21/12/13 17:02:03 INFO StandaloneSchedulerBackend: SchedulerBackend is ready for scheduling beginning after reached minRegisteredResourcesRatio: 0.0
[2021-12-13 17:02:03,278] {spark_submit.py:514} INFO - /home/***/.local/lib/python3.6/site-packages/pyspark/python/lib/pyspark.zip/pyspark/context.py:238: FutureWarning: Python 3.6 support is deprecated in Spark 3.2.
[2021-12-13 17:02:03,281] {spark_submit.py:514} INFO - FutureWarning
[2021-12-13 17:02:04,030] {spark_submit.py:514} INFO - 21/12/13 17:02:04 INFO SharedState: Setting hive.metastore.warehouse.dir ('null') to the value of spark.sql.warehouse.dir.
[2021-12-13 17:02:04,066] {spark_submit.py:514} INFO - 21/12/13 17:02:04 INFO SharedState: Warehouse path is 'file:/opt/***/spark-warehouse'.
[2021-12-13 17:02:07,256] {spark_submit.py:514} INFO - running...
[2021-12-13 17:02:07,810] {spark_submit.py:514} INFO - running...
[2021-12-13 17:02:08,315] {spark_submit.py:514} INFO - running...
[2021-12-13 17:02:08,781] {spark_submit.py:514} INFO - running...
[2021-12-13 17:02:09,041] {spark_submit.py:514} INFO - 21/12/13 17:02:09 INFO CoarseGrainedSchedulerBackend$DriverEndpoint: Registered executor NettyRpcEndpointRef(spark-client://Executor) (172.20.0.6:43650) with ID 0,  ResourceProfileId 0
[2021-12-13 17:02:09,059] {spark_submit.py:514} INFO - 21/12/13 17:02:09 INFO CoarseGrainedSchedulerBackend$DriverEndpoint: Registered executor NettyRpcEndpointRef(spark-client://Executor) (172.20.0.5:55578) with ID 1,  ResourceProfileId 0
[2021-12-13 17:02:09,218] {spark_submit.py:514} INFO - running...
[2021-12-13 17:02:09,508] {spark_submit.py:514} INFO - 21/12/13 17:02:09 INFO BlockManagerMasterEndpoint: Registering block manager 172.20.0.6:42633 with 366.3 MiB RAM, BlockManagerId(0, 172.20.0.6, 42633, None)
[2021-12-13 17:02:09,560] {spark_submit.py:514} INFO - 21/12/13 17:02:09 INFO BlockManagerMasterEndpoint: Registering block manager 172.20.0.5:44543 with 366.3 MiB RAM, BlockManagerId(1, 172.20.0.5, 44543, None)
[2021-12-13 17:02:09,718] {spark_submit.py:514} INFO - running...
[2021-12-13 17:02:10,323] {spark_submit.py:514} INFO - running...
[2021-12-13 17:02:11,248] {spark_submit.py:514} INFO - running...
[2021-12-13 17:02:11,873] {spark_submit.py:514} INFO - running...
[2021-12-13 17:02:12,456] {spark_submit.py:514} INFO - running...
[2021-12-13 17:02:12,848] {spark_submit.py:514} INFO - running...
[2021-12-13 17:02:13,244] {spark_submit.py:514} INFO - running...
[2021-12-13 17:02:13,749] {spark_submit.py:514} INFO - running...
[2021-12-13 17:02:15,001] {spark_submit.py:514} INFO - 21/12/13 17:02:15 INFO SparkContext: Invoking stop() from shutdown hook
[2021-12-13 17:02:15,025] {spark_submit.py:514} INFO - 21/12/13 17:02:15 INFO SparkUI: Stopped Spark web UI at http://c81f81825bc0:4040
[2021-12-13 17:02:15,039] {spark_submit.py:514} INFO - 21/12/13 17:02:15 INFO StandaloneSchedulerBackend: Shutting down all executors
[2021-12-13 17:02:15,041] {spark_submit.py:514} INFO - 21/12/13 17:02:15 INFO CoarseGrainedSchedulerBackend$DriverEndpoint: Asking each executor to shut down
[2021-12-13 17:02:15,141] {spark_submit.py:514} INFO - 21/12/13 17:02:15 INFO MapOutputTrackerMasterEndpoint: MapOutputTrackerMasterEndpoint stopped!
[2021-12-13 17:02:15,222] {spark_submit.py:514} INFO - 21/12/13 17:02:15 INFO MemoryStore: MemoryStore cleared
[2021-12-13 17:02:15,229] {spark_submit.py:514} INFO - 21/12/13 17:02:15 INFO BlockManager: BlockManager stopped
[2021-12-13 17:02:15,273] {spark_submit.py:514} INFO - 21/12/13 17:02:15 INFO BlockManagerMaster: BlockManagerMaster stopped
[2021-12-13 17:02:15,284] {spark_submit.py:514} INFO - 21/12/13 17:02:15 INFO OutputCommitCoordinator$OutputCommitCoordinatorEndpoint: OutputCommitCoordinator stopped!
[2021-12-13 17:02:15,349] {spark_submit.py:514} INFO - 21/12/13 17:02:15 INFO SparkContext: Successfully stopped SparkContext
[2021-12-13 17:02:15,350] {spark_submit.py:514} INFO - 21/12/13 17:02:15 INFO ShutdownHookManager: Shutdown hook called
[2021-12-13 17:02:15,360] {spark_submit.py:514} INFO - 21/12/13 17:02:15 INFO ShutdownHookManager: Deleting directory /tmp/spark-237e0a4c-fa2d-4081-819a-2ae4ecf28eea
[2021-12-13 17:02:15,373] {spark_submit.py:514} INFO - 21/12/13 17:02:15 INFO ShutdownHookManager: Deleting directory /tmp/spark-237e0a4c-fa2d-4081-819a-2ae4ecf28eea/pyspark-b7a1bebc-56cc-42fe-8518-6c0d07f2a9dc
[2021-12-13 17:02:15,384] {spark_submit.py:514} INFO - 21/12/13 17:02:15 INFO ShutdownHookManager: Deleting directory /tmp/spark-2665d166-33ad-45a8-ab59-2842484936c3
[2021-12-13 17:02:15,587] {taskinstance.py:1280} INFO - Marking task as SUCCESS. dag_id=scraping_daft_leitrim, task_id=scrap_data, execution_date=20211213T170149, start_date=20211213T170152, end_date=20211213T170215
[2021-12-13 17:02:15,689] {local_task_job.py:154} INFO - Task exited with return code 0
[2021-12-13 17:02:15,888] {local_task_job.py:264} INFO - 1 downstream tasks scheduled from follow-on schedule check
