[2021-12-16 10:57:43,787] {taskinstance.py:1035} INFO - Dependencies all met for <TaskInstance: scraping_daft_limerick.waiting_for_file scheduled__2021-12-15T10:05:00+00:00 [queued]>
[2021-12-16 10:57:44,623] {taskinstance.py:1035} INFO - Dependencies all met for <TaskInstance: scraping_daft_limerick.waiting_for_file scheduled__2021-12-15T10:05:00+00:00 [queued]>
[2021-12-16 10:57:44,629] {taskinstance.py:1241} INFO - 
--------------------------------------------------------------------------------
[2021-12-16 10:57:44,633] {taskinstance.py:1242} INFO - Starting attempt 1 of 4
[2021-12-16 10:57:44,637] {taskinstance.py:1243} INFO - 
--------------------------------------------------------------------------------
[2021-12-16 10:57:44,995] {taskinstance.py:1262} INFO - Executing <Task(FileSensor): waiting_for_file> on 2021-12-15 10:05:00+00:00
[2021-12-16 10:57:45,237] {standard_task_runner.py:76} INFO - Running: ['***', 'tasks', 'run', 'scraping_daft_limerick', 'waiting_for_file', 'scheduled__2021-12-15T10:05:00+00:00', '--job-id', '2699', '--raw', '--subdir', 'DAGS_FOLDER/scraping_daft_limerick.py', '--cfg-path', '/tmp/tmpha0zjxh5', '--error-file', '/tmp/tmpdtqn7pj7']
[2021-12-16 10:57:45,241] {standard_task_runner.py:77} INFO - Job 2699: Subtask waiting_for_file
[2021-12-16 10:57:45,141] {standard_task_runner.py:52} INFO - Started process 9894 to run task
[2021-12-16 10:57:45,889] {logging_mixin.py:109} INFO - Running <TaskInstance: scraping_daft_limerick.waiting_for_file scheduled__2021-12-15T10:05:00+00:00 [running]> on host 10035bfec3db
[2021-12-16 11:01:29,937] {taskinstance.py:1429} INFO - Exporting the following env vars:
AIRFLOW_CTX_DAG_EMAIL=clement.liscoet@gmail.com
AIRFLOW_CTX_DAG_OWNER=clemoni
AIRFLOW_CTX_DAG_ID=scraping_daft_limerick
AIRFLOW_CTX_TASK_ID=waiting_for_file
AIRFLOW_CTX_EXECUTION_DATE=2021-12-15T10:05:00+00:00
AIRFLOW_CTX_DAG_RUN_ID=scheduled__2021-12-15T10:05:00+00:00
[2021-12-16 11:01:30,551] {filesystem.py:59} INFO - Poking for file data/limerick_rent.json
[2021-12-16 11:01:30,590] {filesystem.py:65} INFO - Found File data/limerick_rent.json last modified: 20211216105637
[2021-12-16 11:01:30,604] {base.py:249} INFO - Success criteria met. Exiting.
[2021-12-16 11:01:31,575] {taskinstance.py:1280} INFO - Marking task as SUCCESS. dag_id=scraping_daft_limerick, task_id=waiting_for_file, execution_date=20211215T100500, start_date=20211216T105743, end_date=20211216T110131
[2021-12-16 11:01:32,107] {local_task_job.py:154} INFO - Task exited with return code 0
[2021-12-16 11:01:33,956] {local_task_job.py:264} INFO - 0 downstream tasks scheduled from follow-on schedule check
