[2022-01-04 12:21:03,508] {taskinstance.py:1035} INFO - Dependencies all met for <TaskInstance: scraping_daft_mayo.scrap_data scheduled__2022-01-03T10:20:00+00:00 [queued]>
[2022-01-04 12:21:03,608] {taskinstance.py:1035} INFO - Dependencies all met for <TaskInstance: scraping_daft_mayo.scrap_data scheduled__2022-01-03T10:20:00+00:00 [queued]>
[2022-01-04 12:21:03,614] {taskinstance.py:1241} INFO - 
--------------------------------------------------------------------------------
[2022-01-04 12:21:03,618] {taskinstance.py:1242} INFO - Starting attempt 2 of 4
[2022-01-04 12:21:03,620] {taskinstance.py:1243} INFO - 
--------------------------------------------------------------------------------
[2022-01-04 12:21:03,937] {taskinstance.py:1262} INFO - Executing <Task(SparkSubmitOperator): scrap_data> on 2022-01-03 10:20:00+00:00
[2022-01-04 12:21:03,960] {standard_task_runner.py:52} INFO - Started process 5170 to run task
[2022-01-04 12:21:04,102] {standard_task_runner.py:76} INFO - Running: ['***', 'tasks', 'run', 'scraping_daft_mayo', 'scrap_data', 'scheduled__2022-01-03T10:20:00+00:00', '--job-id', '6536', '--raw', '--subdir', 'DAGS_FOLDER/scraping_daft_mayo.py', '--cfg-path', '/tmp/tmp26yd2lq8', '--error-file', '/tmp/tmpdvux12by']
[2022-01-04 12:21:04,116] {standard_task_runner.py:77} INFO - Job 6536: Subtask scrap_data
[2022-01-04 12:21:05,160] {logging_mixin.py:109} INFO - Running <TaskInstance: scraping_daft_mayo.scrap_data scheduled__2022-01-03T10:20:00+00:00 [running]> on host 60c978034afe
[2022-01-04 12:21:06,572] {taskinstance.py:1429} INFO - Exporting the following env vars:
AIRFLOW_CTX_DAG_EMAIL=clement.liscoet@gmail.com
AIRFLOW_CTX_DAG_OWNER=clemoni
AIRFLOW_CTX_DAG_ID=scraping_daft_mayo
AIRFLOW_CTX_TASK_ID=scrap_data
AIRFLOW_CTX_EXECUTION_DATE=2022-01-03T10:20:00+00:00
AIRFLOW_CTX_DAG_RUN_ID=scheduled__2022-01-03T10:20:00+00:00
[2022-01-04 12:21:06,658] {base.py:79} INFO - Using connection to: id: spark_default. Host: spark://spark:7077, Port: None, Schema: , Login: ***, Password: ***, extra: {}
[2022-01-04 12:21:06,670] {spark_submit.py:360} INFO - Spark-Submit cmd: spark-submit --master spark://spark:7077 --conf spark.master=spark://spark:7077 --name scrap data --verbose /opt/***/jobs/get_ads_per_county.py mayo
[2022-01-04 12:21:52,074] {spark_submit.py:514} INFO - Using properties file: null
[2022-01-04 12:21:55,158] {spark_submit.py:514} INFO - WARNING: An illegal reflective access operation has occurred
[2022-01-04 12:21:55,164] {spark_submit.py:514} INFO - WARNING: Illegal reflective access by org.apache.spark.unsafe.Platform (file:/home/***/.local/lib/python3.6/site-packages/pyspark/jars/spark-unsafe_2.12-3.2.0.jar) to constructor java.nio.DirectByteBuffer(long,int)
[2022-01-04 12:21:55,168] {spark_submit.py:514} INFO - WARNING: Please consider reporting this to the maintainers of org.apache.spark.unsafe.Platform
[2022-01-04 12:21:55,171] {spark_submit.py:514} INFO - WARNING: Use --illegal-access=warn to enable warnings of further illegal reflective access operations
[2022-01-04 12:21:55,173] {spark_submit.py:514} INFO - WARNING: All illegal access operations will be denied in a future release
[2022-01-04 12:21:56,201] {spark_submit.py:514} INFO - Parsed arguments:
[2022-01-04 12:21:56,206] {spark_submit.py:514} INFO - master                  spark://spark:7077
[2022-01-04 12:21:56,208] {spark_submit.py:514} INFO - deployMode              null
[2022-01-04 12:21:56,215] {spark_submit.py:514} INFO - executorMemory          null
[2022-01-04 12:21:56,224] {spark_submit.py:514} INFO - executorCores           null
[2022-01-04 12:21:56,226] {spark_submit.py:514} INFO - totalExecutorCores      null
[2022-01-04 12:21:56,233] {spark_submit.py:514} INFO - propertiesFile          null
[2022-01-04 12:21:56,245] {spark_submit.py:514} INFO - driverMemory            null
[2022-01-04 12:21:56,249] {spark_submit.py:514} INFO - driverCores             null
[2022-01-04 12:21:56,260] {spark_submit.py:514} INFO - driverExtraClassPath    null
[2022-01-04 12:21:56,263] {spark_submit.py:514} INFO - driverExtraLibraryPath  null
[2022-01-04 12:21:56,264] {spark_submit.py:514} INFO - driverExtraJavaOptions  null
[2022-01-04 12:21:56,327] {spark_submit.py:514} INFO - supervise               false
[2022-01-04 12:21:56,335] {spark_submit.py:514} INFO - queue                   null
[2022-01-04 12:21:56,340] {spark_submit.py:514} INFO - numExecutors            null
[2022-01-04 12:21:56,351] {spark_submit.py:514} INFO - files                   null
[2022-01-04 12:21:56,360] {spark_submit.py:514} INFO - pyFiles                 null
[2022-01-04 12:21:56,372] {spark_submit.py:514} INFO - archives                null
[2022-01-04 12:21:56,377] {spark_submit.py:514} INFO - mainClass               null
[2022-01-04 12:21:56,384] {spark_submit.py:514} INFO - primaryResource         file:/opt/***/jobs/get_ads_per_county.py
[2022-01-04 12:21:56,386] {spark_submit.py:514} INFO - name                    scrap data
[2022-01-04 12:21:56,397] {spark_submit.py:514} INFO - childArgs               [mayo]
[2022-01-04 12:21:56,403] {spark_submit.py:514} INFO - jars                    null
[2022-01-04 12:21:56,537] {spark_submit.py:514} INFO - packages                null
[2022-01-04 12:21:56,551] {spark_submit.py:514} INFO - packagesExclusions      null
[2022-01-04 12:21:56,556] {spark_submit.py:514} INFO - repositories            null
[2022-01-04 12:21:56,560] {spark_submit.py:514} INFO - verbose                 true
[2022-01-04 12:21:56,570] {spark_submit.py:514} INFO - 
[2022-01-04 12:21:56,574] {spark_submit.py:514} INFO - Spark properties used, including those specified through
[2022-01-04 12:21:56,583] {spark_submit.py:514} INFO - --conf and those from the properties file null:
[2022-01-04 12:21:56,592] {spark_submit.py:514} INFO - (spark.master,spark://spark:7077)
[2022-01-04 12:21:56,605] {spark_submit.py:514} INFO - 
[2022-01-04 12:21:56,624] {spark_submit.py:514} INFO - 
[2022-01-04 12:22:06,182] {spark_submit.py:514} INFO - Main class:
[2022-01-04 12:22:06,203] {spark_submit.py:514} INFO - org.apache.spark.deploy.PythonRunner
[2022-01-04 12:22:06,207] {spark_submit.py:514} INFO - Arguments:
[2022-01-04 12:22:06,213] {spark_submit.py:514} INFO - file:/opt/***/jobs/get_ads_per_county.py
[2022-01-04 12:22:06,221] {spark_submit.py:514} INFO - null
[2022-01-04 12:22:06,240] {spark_submit.py:514} INFO - mayo
[2022-01-04 12:22:06,265] {spark_submit.py:514} INFO - --verbose
[2022-01-04 12:22:06,399] {spark_submit.py:514} INFO - Spark config:
[2022-01-04 12:22:06,408] {spark_submit.py:514} INFO - (spark.app.name,scrap data)
[2022-01-04 12:22:06,450] {spark_submit.py:514} INFO - (spark.master,spark://spark:7077)
[2022-01-04 12:22:06,482] {spark_submit.py:514} INFO - (spark.submit.pyFiles,)
[2022-01-04 12:22:06,495] {spark_submit.py:514} INFO - (spark.submit.deployMode,client)
[2022-01-04 12:22:06,505] {spark_submit.py:514} INFO - Classpath elements:
[2022-01-04 12:22:06,523] {spark_submit.py:514} INFO - 
[2022-01-04 12:22:06,546] {spark_submit.py:514} INFO - 
[2022-01-04 12:22:06,551] {spark_submit.py:514} INFO - 
[2022-01-04 12:23:14,952] {spark_submit.py:514} INFO - Using Spark's default log4j profile: org/apache/spark/log4j-defaults.properties
[2022-01-04 12:23:15,172] {spark_submit.py:514} INFO - 22/01/04 12:23:15 INFO SparkContext: Running Spark version 3.2.0
[2022-01-04 12:23:20,781] {spark_submit.py:514} INFO - 22/01/04 12:23:20 WARN NativeCodeLoader: Unable to load native-hadoop library for your platform... using builtin-java classes where applicable
[2022-01-04 12:23:24,573] {spark_submit.py:514} INFO - 22/01/04 12:23:24 INFO ResourceUtils: ==============================================================
[2022-01-04 12:23:24,579] {spark_submit.py:514} INFO - 22/01/04 12:23:24 INFO ResourceUtils: No custom resources configured for spark.driver.
[2022-01-04 12:23:24,600] {spark_submit.py:514} INFO - 22/01/04 12:23:24 INFO ResourceUtils: ==============================================================
[2022-01-04 12:23:24,609] {spark_submit.py:514} INFO - 22/01/04 12:23:24 INFO SparkContext: Submitted application: Get Ads per county
[2022-01-04 12:23:24,919] {spark_submit.py:514} INFO - 22/01/04 12:23:24 INFO ResourceProfile: Default ResourceProfile created, executor resources: Map(cores -> name: cores, amount: 1, script: , vendor: , memory -> name: memory, amount: 1024, script: , vendor: , offHeap -> name: offHeap, amount: 0, script: , vendor: ), task resources: Map(cpus -> name: cpus, amount: 1.0)
[2022-01-04 12:23:25,122] {spark_submit.py:514} INFO - 22/01/04 12:23:25 INFO ResourceProfile: Limiting resource is cpu
[2022-01-04 12:23:25,134] {spark_submit.py:514} INFO - 22/01/04 12:23:25 INFO ResourceProfileManager: Added ResourceProfile id: 0
[2022-01-04 12:23:30,849] {spark_submit.py:514} INFO - 22/01/04 12:23:30 INFO SecurityManager: Changing view acls to: ***
[2022-01-04 12:23:30,857] {spark_submit.py:514} INFO - 22/01/04 12:23:30 INFO SecurityManager: Changing modify acls to: ***
[2022-01-04 12:23:30,864] {spark_submit.py:514} INFO - 22/01/04 12:23:30 INFO SecurityManager: Changing view acls groups to:
[2022-01-04 12:23:30,889] {spark_submit.py:514} INFO - 22/01/04 12:23:30 INFO SecurityManager: Changing modify acls groups to:
[2022-01-04 12:23:30,891] {spark_submit.py:514} INFO - 22/01/04 12:23:30 INFO SecurityManager: SecurityManager: authentication disabled; ui acls disabled; users  with view permissions: Set(***); groups with view permissions: Set(); users  with modify permissions: Set(***); groups with modify permissions: Set()
[2022-01-04 12:23:43,849] {spark_submit.py:514} INFO - 22/01/04 12:23:43 INFO Utils: Successfully started service 'sparkDriver' on port 32955.
[2022-01-04 12:23:47,569] {spark_submit.py:514} INFO - 22/01/04 12:23:47 INFO SparkEnv: Registering MapOutputTracker
[2022-01-04 12:23:48,758] {spark_submit.py:514} INFO - 22/01/04 12:23:48 INFO SparkEnv: Registering BlockManagerMaster
[2022-01-04 12:23:48,935] {spark_submit.py:514} INFO - 22/01/04 12:23:48 INFO BlockManagerMasterEndpoint: Using org.apache.spark.storage.DefaultTopologyMapper for getting topology information
[2022-01-04 12:23:48,946] {spark_submit.py:514} INFO - 22/01/04 12:23:48 INFO BlockManagerMasterEndpoint: BlockManagerMasterEndpoint up
[2022-01-04 12:23:48,981] {spark_submit.py:514} INFO - 22/01/04 12:23:48 INFO SparkEnv: Registering BlockManagerMasterHeartbeat
[2022-01-04 12:23:49,624] {spark_submit.py:514} INFO - 22/01/04 12:23:49 INFO DiskBlockManager: Created local directory at /tmp/blockmgr-4c76f400-3660-438f-9835-d7bda8753d1d
[2022-01-04 12:23:50,856] {spark_submit.py:514} INFO - 22/01/04 12:23:50 INFO MemoryStore: MemoryStore started with capacity 434.4 MiB
[2022-01-04 12:23:51,731] {spark_submit.py:514} INFO - 22/01/04 12:23:51 INFO SparkEnv: Registering OutputCommitCoordinator
[2022-01-04 12:23:59,005] {spark_submit.py:514} INFO - 22/01/04 12:23:59 WARN Utils: Service 'SparkUI' could not bind on port 4040. Attempting port 4041.
[2022-01-04 12:23:59,007] {spark_submit.py:514} INFO - 22/01/04 12:23:59 WARN Utils: Service 'SparkUI' could not bind on port 4041. Attempting port 4042.
[2022-01-04 12:23:59,008] {spark_submit.py:514} INFO - 22/01/04 12:23:59 WARN Utils: Service 'SparkUI' could not bind on port 4042. Attempting port 4043.
[2022-01-04 12:23:59,009] {spark_submit.py:514} INFO - 22/01/04 12:23:59 WARN Utils: Service 'SparkUI' could not bind on port 4043. Attempting port 4044.
[2022-01-04 12:23:59,086] {spark_submit.py:514} INFO - 22/01/04 12:23:59 WARN Utils: Service 'SparkUI' could not bind on port 4044. Attempting port 4045.
[2022-01-04 12:23:59,087] {spark_submit.py:514} INFO - 22/01/04 12:23:59 WARN Utils: Service 'SparkUI' could not bind on port 4045. Attempting port 4046.
[2022-01-04 12:23:59,620] {spark_submit.py:514} INFO - 22/01/04 12:23:59 INFO Utils: Successfully started service 'SparkUI' on port 4046.
[2022-01-04 12:24:01,606] {spark_submit.py:514} INFO - 22/01/04 12:24:01 INFO SparkUI: Bound SparkUI to 0.0.0.0, and started at http://60c978034afe:4046
[2022-01-04 12:24:08,405] {spark_submit.py:514} INFO - 22/01/04 12:24:08 INFO StandaloneAppClient$ClientEndpoint: Connecting to master spark://spark:7077...
[2022-01-04 12:24:09,707] {spark_submit.py:514} INFO - 22/01/04 12:24:09 INFO TransportClientFactory: Successfully created connection to spark/172.23.0.4:7077 after 634 ms (0 ms spent in bootstraps)
[2022-01-04 12:24:11,648] {spark_submit.py:514} INFO - 22/01/04 12:24:11 INFO StandaloneSchedulerBackend: Connected to Spark cluster with app ID app-20220104122411-0040
[2022-01-04 12:24:11,757] {spark_submit.py:514} INFO - 22/01/04 12:24:11 INFO Utils: Successfully started service 'org.apache.spark.network.netty.NettyBlockTransferService' on port 44159.
[2022-01-04 12:24:11,768] {spark_submit.py:514} INFO - 22/01/04 12:24:11 INFO NettyBlockTransferService: Server created on 60c978034afe:44159
[2022-01-04 12:24:11,772] {spark_submit.py:514} INFO - 22/01/04 12:24:11 INFO BlockManager: Using org.apache.spark.storage.RandomBlockReplicationPolicy for block replication policy
[2022-01-04 12:24:11,794] {spark_submit.py:514} INFO - 22/01/04 12:24:11 INFO BlockManagerMaster: Registering BlockManager BlockManagerId(driver, 60c978034afe, 44159, None)
[2022-01-04 12:24:11,807] {spark_submit.py:514} INFO - 22/01/04 12:24:11 INFO BlockManagerMasterEndpoint: Registering block manager 60c978034afe:44159 with 434.4 MiB RAM, BlockManagerId(driver, 60c978034afe, 44159, None)
[2022-01-04 12:24:11,816] {spark_submit.py:514} INFO - 22/01/04 12:24:11 INFO BlockManagerMaster: Registered BlockManager BlockManagerId(driver, 60c978034afe, 44159, None)
[2022-01-04 12:24:11,821] {spark_submit.py:514} INFO - 22/01/04 12:24:11 INFO BlockManager: Initialized BlockManager: BlockManagerId(driver, 60c978034afe, 44159, None)
[2022-01-04 12:24:14,072] {spark_submit.py:514} INFO - 22/01/04 12:24:14 INFO StandaloneSchedulerBackend: SchedulerBackend is ready for scheduling beginning after reached minRegisteredResourcesRatio: 0.0
[2022-01-04 12:24:14,603] {spark_submit.py:514} INFO - /home/***/.local/lib/python3.6/site-packages/pyspark/python/lib/pyspark.zip/pyspark/context.py:238: FutureWarning: Python 3.6 support is deprecated in Spark 3.2.
[2022-01-04 12:24:14,604] {spark_submit.py:514} INFO - FutureWarning
[2022-01-04 12:24:22,742] {spark_submit.py:514} INFO - 22/01/04 12:24:22 INFO SharedState: Setting hive.metastore.warehouse.dir ('null') to the value of spark.sql.warehouse.dir.
[2022-01-04 12:24:26,865] {spark_submit.py:514} INFO - 22/01/04 12:24:26 INFO SharedState: Warehouse path is 'file:/opt/***/spark-warehouse'.
[2022-01-04 12:24:35,588] {spark_submit.py:514} INFO - 22/01/04 12:24:35 INFO AsyncEventQueue: Process of event SparkListenerExecutorMetricsUpdate(driver,WrappedArray(),Map((-1,-1) -> org.apache.spark.executor.ExecutorMetrics@4ad8ad49)) by listener AppStatusListener took 3.0692071s.
[2022-01-04 12:25:34,112] {spark_submit.py:514} INFO - running...
[2022-01-04 12:25:35,165] {spark_submit.py:514} INFO - running...
[2022-01-04 12:25:38,218] {spark_submit.py:514} INFO - running...
[2022-01-04 12:25:51,329] {spark_submit.py:514} INFO - running...
[2022-01-04 12:25:53,432] {spark_submit.py:514} INFO - running...
[2022-01-04 12:25:55,944] {spark_submit.py:514} INFO - running...
[2022-01-04 12:25:57,704] {spark_submit.py:514} INFO - running...
[2022-01-04 12:25:58,983] {spark_submit.py:514} INFO - running...
[2022-01-04 12:26:03,297] {spark_submit.py:514} INFO - running...
[2022-01-04 12:26:05,499] {spark_submit.py:514} INFO - running...
[2022-01-04 12:26:08,367] {spark_submit.py:514} INFO - running...
[2022-01-04 12:26:09,299] {spark_submit.py:514} INFO - running...
[2022-01-04 12:26:10,992] {spark_submit.py:514} INFO - running...
[2022-01-04 12:26:12,630] {spark_submit.py:514} INFO - running...
[2022-01-04 12:26:14,236] {spark_submit.py:514} INFO - running...
[2022-01-04 12:26:15,120] {spark_submit.py:514} INFO - running...
[2022-01-04 12:26:16,829] {spark_submit.py:514} INFO - running...
[2022-01-04 12:26:17,933] {spark_submit.py:514} INFO - running...
[2022-01-04 12:26:19,534] {spark_submit.py:514} INFO - running...
[2022-01-04 12:26:21,166] {spark_submit.py:514} INFO - running...
[2022-01-04 12:26:24,090] {spark_submit.py:514} INFO - running...
[2022-01-04 12:26:26,700] {spark_submit.py:514} INFO - running...
[2022-01-04 12:26:29,391] {spark_submit.py:514} INFO - running...
[2022-01-04 12:26:31,129] {spark_submit.py:514} INFO - running...
[2022-01-04 12:26:32,782] {spark_submit.py:514} INFO - running...
[2022-01-04 12:26:34,887] {spark_submit.py:514} INFO - running...
[2022-01-04 12:26:36,459] {spark_submit.py:514} INFO - running...
[2022-01-04 12:26:37,956] {spark_submit.py:514} INFO - running...
[2022-01-04 12:26:38,993] {spark_submit.py:514} INFO - running...
[2022-01-04 12:26:40,209] {spark_submit.py:514} INFO - running...
[2022-01-04 12:26:41,871] {spark_submit.py:514} INFO - running...
[2022-01-04 12:26:43,452] {spark_submit.py:514} INFO - running...
[2022-01-04 12:26:45,628] {spark_submit.py:514} INFO - running...
[2022-01-04 12:26:58,062] {spark_submit.py:514} INFO - running...
[2022-01-04 12:26:59,374] {spark_submit.py:514} INFO - running...
[2022-01-04 12:27:00,909] {spark_submit.py:514} INFO - running...
[2022-01-04 12:27:05,501] {spark_submit.py:514} INFO - running...
[2022-01-04 12:27:07,037] {spark_submit.py:514} INFO - running...
[2022-01-04 12:27:09,662] {spark_submit.py:514} INFO - running...
[2022-01-04 12:27:15,456] {spark_submit.py:514} INFO - 22/01/04 12:27:15 INFO SparkContext: Invoking stop() from shutdown hook
[2022-01-04 12:27:16,302] {spark_submit.py:514} INFO - 22/01/04 12:27:16 INFO SparkUI: Stopped Spark web UI at http://60c978034afe:4046
[2022-01-04 12:27:16,453] {spark_submit.py:514} INFO - 22/01/04 12:27:16 INFO StandaloneSchedulerBackend: Shutting down all executors
[2022-01-04 12:27:16,613] {spark_submit.py:514} INFO - 22/01/04 12:27:16 INFO CoarseGrainedSchedulerBackend$DriverEndpoint: Asking each executor to shut down
[2022-01-04 12:27:17,569] {spark_submit.py:514} INFO - 22/01/04 12:27:17 INFO MapOutputTrackerMasterEndpoint: MapOutputTrackerMasterEndpoint stopped!
[2022-01-04 12:27:21,362] {spark_submit.py:514} INFO - 22/01/04 12:27:21 INFO MemoryStore: MemoryStore cleared
[2022-01-04 12:27:21,429] {spark_submit.py:514} INFO - 22/01/04 12:27:21 INFO BlockManager: BlockManager stopped
[2022-01-04 12:27:21,886] {spark_submit.py:514} INFO - 22/01/04 12:27:21 INFO BlockManagerMaster: BlockManagerMaster stopped
[2022-01-04 12:27:22,023] {spark_submit.py:514} INFO - 22/01/04 12:27:22 INFO OutputCommitCoordinator$OutputCommitCoordinatorEndpoint: OutputCommitCoordinator stopped!
[2022-01-04 12:27:22,497] {spark_submit.py:514} INFO - 22/01/04 12:27:22 INFO SparkContext: Successfully stopped SparkContext
[2022-01-04 12:27:22,576] {spark_submit.py:514} INFO - 22/01/04 12:27:22 INFO ShutdownHookManager: Shutdown hook called
[2022-01-04 12:27:22,664] {spark_submit.py:514} INFO - 22/01/04 12:27:22 INFO ShutdownHookManager: Deleting directory /tmp/spark-9775fad8-8dcf-4578-8fa1-c7e458fcec31
[2022-01-04 12:27:22,850] {spark_submit.py:514} INFO - 22/01/04 12:27:22 INFO ShutdownHookManager: Deleting directory /tmp/spark-ce32f420-ece8-48f7-a66b-af8e5f277fb2
[2022-01-04 12:27:22,883] {spark_submit.py:514} INFO - 22/01/04 12:27:22 INFO ShutdownHookManager: Deleting directory /tmp/spark-ce32f420-ece8-48f7-a66b-af8e5f277fb2/pyspark-4bd18e75-96a9-44c6-9639-9ca576b25025
[2022-01-04 12:27:32,107] {taskinstance.py:1280} INFO - Marking task as SUCCESS. dag_id=scraping_daft_mayo, task_id=scrap_data, execution_date=20220103T102000, start_date=20220104T122103, end_date=20220104T122732
[2022-01-04 12:27:34,989] {local_task_job.py:154} INFO - Task exited with return code 0
[2022-01-04 12:27:35,945] {local_task_job.py:264} INFO - 0 downstream tasks scheduled from follow-on schedule check
