[2021-12-19 12:39:44,162] {taskinstance.py:1035} INFO - Dependencies all met for <TaskInstance: scraping_daft_limerick.waiting_for_file scheduled__2021-12-18T10:05:00+00:00 [queued]>
[2021-12-19 12:39:44,363] {taskinstance.py:1035} INFO - Dependencies all met for <TaskInstance: scraping_daft_limerick.waiting_for_file scheduled__2021-12-18T10:05:00+00:00 [queued]>
[2021-12-19 12:39:44,365] {taskinstance.py:1241} INFO - 
--------------------------------------------------------------------------------
[2021-12-19 12:39:44,366] {taskinstance.py:1242} INFO - Starting attempt 1 of 4
[2021-12-19 12:39:44,367] {taskinstance.py:1243} INFO - 
--------------------------------------------------------------------------------
[2021-12-19 12:39:44,510] {taskinstance.py:1262} INFO - Executing <Task(FileSensor): waiting_for_file> on 2021-12-18 10:05:00+00:00
[2021-12-19 12:39:44,638] {standard_task_runner.py:52} INFO - Started process 5054 to run task
[2021-12-19 12:39:44,707] {standard_task_runner.py:76} INFO - Running: ['***', 'tasks', 'run', 'scraping_daft_limerick', 'waiting_for_file', 'scheduled__2021-12-18T10:05:00+00:00', '--job-id', '3217', '--raw', '--subdir', 'DAGS_FOLDER/scraping_daft_limerick.py', '--cfg-path', '/tmp/tmp5ptk16mf', '--error-file', '/tmp/tmp4r6ly3ll']
[2021-12-19 12:39:44,714] {standard_task_runner.py:77} INFO - Job 3217: Subtask waiting_for_file
[2021-12-19 12:39:45,691] {logging_mixin.py:109} INFO - Running <TaskInstance: scraping_daft_limerick.waiting_for_file scheduled__2021-12-18T10:05:00+00:00 [running]> on host 358a7891c658
[2021-12-19 12:39:46,461] {taskinstance.py:1429} INFO - Exporting the following env vars:
AIRFLOW_CTX_DAG_EMAIL=clement.liscoet@gmail.com
AIRFLOW_CTX_DAG_OWNER=clemoni
AIRFLOW_CTX_DAG_ID=scraping_daft_limerick
AIRFLOW_CTX_TASK_ID=waiting_for_file
AIRFLOW_CTX_EXECUTION_DATE=2021-12-18T10:05:00+00:00
AIRFLOW_CTX_DAG_RUN_ID=scheduled__2021-12-18T10:05:00+00:00
[2021-12-19 12:39:46,599] {filesystem.py:59} INFO - Poking for file data/limerick_rent.json
[2021-12-19 12:39:46,602] {filesystem.py:65} INFO - Found File data/limerick_rent.json last modified: 20211219123900
[2021-12-19 12:39:46,604] {base.py:249} INFO - Success criteria met. Exiting.
[2021-12-19 12:39:46,762] {taskinstance.py:1280} INFO - Marking task as SUCCESS. dag_id=scraping_daft_limerick, task_id=waiting_for_file, execution_date=20211218T100500, start_date=20211219T123944, end_date=20211219T123946
[2021-12-19 12:39:46,950] {local_task_job.py:154} INFO - Task exited with return code 0
[2021-12-19 12:39:47,761] {local_task_job.py:264} INFO - 1 downstream tasks scheduled from follow-on schedule check
