[2021-12-24 10:55:04,306] {taskinstance.py:1035} INFO - Dependencies all met for <TaskInstance: scraping_daft_waterford.scrap_data scheduled__2021-12-23T10:55:00+00:00 [queued]>
[2021-12-24 10:55:04,336] {taskinstance.py:1035} INFO - Dependencies all met for <TaskInstance: scraping_daft_waterford.scrap_data scheduled__2021-12-23T10:55:00+00:00 [queued]>
[2021-12-24 10:55:04,337] {taskinstance.py:1241} INFO - 
--------------------------------------------------------------------------------
[2021-12-24 10:55:04,338] {taskinstance.py:1242} INFO - Starting attempt 1 of 4
[2021-12-24 10:55:04,339] {taskinstance.py:1243} INFO - 
--------------------------------------------------------------------------------
[2021-12-24 10:55:04,370] {taskinstance.py:1262} INFO - Executing <Task(SparkSubmitOperator): scrap_data> on 2021-12-23 10:55:00+00:00
[2021-12-24 10:55:04,383] {standard_task_runner.py:76} INFO - Running: ['***', 'tasks', 'run', 'scraping_daft_waterford', 'scrap_data', 'scheduled__2021-12-23T10:55:00+00:00', '--job-id', '4336', '--raw', '--subdir', 'DAGS_FOLDER/scraping_daft_waterford.py', '--cfg-path', '/tmp/tmp9ed55yi1', '--error-file', '/tmp/tmpe_lospzo']
[2021-12-24 10:55:04,385] {standard_task_runner.py:77} INFO - Job 4336: Subtask scrap_data
[2021-12-24 10:55:04,379] {standard_task_runner.py:52} INFO - Started process 13956 to run task
[2021-12-24 10:55:04,619] {logging_mixin.py:109} INFO - Running <TaskInstance: scraping_daft_waterford.scrap_data scheduled__2021-12-23T10:55:00+00:00 [running]> on host dd6c6a1cba03
[2021-12-24 10:55:04,966] {taskinstance.py:1429} INFO - Exporting the following env vars:
AIRFLOW_CTX_DAG_EMAIL=clement.liscoet@gmail.com
AIRFLOW_CTX_DAG_OWNER=clemoni
AIRFLOW_CTX_DAG_ID=scraping_daft_waterford
AIRFLOW_CTX_TASK_ID=scrap_data
AIRFLOW_CTX_EXECUTION_DATE=2021-12-23T10:55:00+00:00
AIRFLOW_CTX_DAG_RUN_ID=scheduled__2021-12-23T10:55:00+00:00
[2021-12-24 10:55:05,011] {base.py:79} INFO - Using connection to: id: spark_default. Host: spark://spark:7077, Port: None, Schema: , Login: ***, Password: ***, extra: {}
[2021-12-24 10:55:05,015] {spark_submit.py:360} INFO - Spark-Submit cmd: spark-submit --master spark://spark:7077 --conf spark.master=spark://spark:7077 --name scrap data --verbose /opt/***/jobs/get_ads_per_county.py waterford
[2021-12-24 10:55:08,802] {spark_submit.py:514} INFO - Using properties file: null
[2021-12-24 10:55:09,065] {spark_submit.py:514} INFO - WARNING: An illegal reflective access operation has occurred
[2021-12-24 10:55:09,066] {spark_submit.py:514} INFO - WARNING: Illegal reflective access by org.apache.spark.unsafe.Platform (file:/home/***/.local/lib/python3.6/site-packages/pyspark/jars/spark-unsafe_2.12-3.2.0.jar) to constructor java.nio.DirectByteBuffer(long,int)
[2021-12-24 10:55:09,067] {spark_submit.py:514} INFO - WARNING: Please consider reporting this to the maintainers of org.apache.spark.unsafe.Platform
[2021-12-24 10:55:09,068] {spark_submit.py:514} INFO - WARNING: Use --illegal-access=warn to enable warnings of further illegal reflective access operations
[2021-12-24 10:55:09,069] {spark_submit.py:514} INFO - WARNING: All illegal access operations will be denied in a future release
[2021-12-24 10:55:09,155] {spark_submit.py:514} INFO - Parsed arguments:
[2021-12-24 10:55:09,158] {spark_submit.py:514} INFO - master                  spark://spark:7077
[2021-12-24 10:55:09,160] {spark_submit.py:514} INFO - deployMode              null
[2021-12-24 10:55:09,162] {spark_submit.py:514} INFO - executorMemory          null
[2021-12-24 10:55:09,163] {spark_submit.py:514} INFO - executorCores           null
[2021-12-24 10:55:09,165] {spark_submit.py:514} INFO - totalExecutorCores      null
[2021-12-24 10:55:09,188] {spark_submit.py:514} INFO - propertiesFile          null
[2021-12-24 10:55:09,190] {spark_submit.py:514} INFO - driverMemory            null
[2021-12-24 10:55:09,211] {spark_submit.py:514} INFO - driverCores             null
[2021-12-24 10:55:09,233] {spark_submit.py:514} INFO - driverExtraClassPath    null
[2021-12-24 10:55:09,234] {spark_submit.py:514} INFO - driverExtraLibraryPath  null
[2021-12-24 10:55:09,237] {spark_submit.py:514} INFO - driverExtraJavaOptions  null
[2021-12-24 10:55:09,238] {spark_submit.py:514} INFO - supervise               false
[2021-12-24 10:55:09,240] {spark_submit.py:514} INFO - queue                   null
[2021-12-24 10:55:09,241] {spark_submit.py:514} INFO - numExecutors            null
[2021-12-24 10:55:09,242] {spark_submit.py:514} INFO - files                   null
[2021-12-24 10:55:09,264] {spark_submit.py:514} INFO - pyFiles                 null
[2021-12-24 10:55:09,284] {spark_submit.py:514} INFO - archives                null
[2021-12-24 10:55:09,285] {spark_submit.py:514} INFO - mainClass               null
[2021-12-24 10:55:09,286] {spark_submit.py:514} INFO - primaryResource         file:/opt/***/jobs/get_ads_per_county.py
[2021-12-24 10:55:09,287] {spark_submit.py:514} INFO - name                    scrap data
[2021-12-24 10:55:09,288] {spark_submit.py:514} INFO - childArgs               [waterford]
[2021-12-24 10:55:09,289] {spark_submit.py:514} INFO - jars                    null
[2021-12-24 10:55:09,291] {spark_submit.py:514} INFO - packages                null
[2021-12-24 10:55:09,292] {spark_submit.py:514} INFO - packagesExclusions      null
[2021-12-24 10:55:09,293] {spark_submit.py:514} INFO - repositories            null
[2021-12-24 10:55:09,294] {spark_submit.py:514} INFO - verbose                 true
[2021-12-24 10:55:09,297] {spark_submit.py:514} INFO - 
[2021-12-24 10:55:09,300] {spark_submit.py:514} INFO - Spark properties used, including those specified through
[2021-12-24 10:55:09,303] {spark_submit.py:514} INFO - --conf and those from the properties file null:
[2021-12-24 10:55:09,304] {spark_submit.py:514} INFO - (spark.master,spark://spark:7077)
[2021-12-24 10:55:09,306] {spark_submit.py:514} INFO - 
[2021-12-24 10:55:09,308] {spark_submit.py:514} INFO - 
[2021-12-24 10:55:09,896] {spark_submit.py:514} INFO - Main class:
[2021-12-24 10:55:09,898] {spark_submit.py:514} INFO - org.apache.spark.deploy.PythonRunner
[2021-12-24 10:55:09,899] {spark_submit.py:514} INFO - Arguments:
[2021-12-24 10:55:09,900] {spark_submit.py:514} INFO - file:/opt/***/jobs/get_ads_per_county.py
[2021-12-24 10:55:09,902] {spark_submit.py:514} INFO - null
[2021-12-24 10:55:09,903] {spark_submit.py:514} INFO - waterford
[2021-12-24 10:55:09,904] {spark_submit.py:514} INFO - --verbose
[2021-12-24 10:55:09,905] {spark_submit.py:514} INFO - Spark config:
[2021-12-24 10:55:09,907] {spark_submit.py:514} INFO - (spark.app.name,scrap data)
[2021-12-24 10:55:09,908] {spark_submit.py:514} INFO - (spark.master,spark://spark:7077)
[2021-12-24 10:55:09,913] {spark_submit.py:514} INFO - (spark.submit.pyFiles,)
[2021-12-24 10:55:09,915] {spark_submit.py:514} INFO - (spark.submit.deployMode,client)
[2021-12-24 10:55:09,918] {spark_submit.py:514} INFO - Classpath elements:
[2021-12-24 10:55:09,920] {spark_submit.py:514} INFO - 
[2021-12-24 10:55:09,921] {spark_submit.py:514} INFO - 
[2021-12-24 10:55:09,923] {spark_submit.py:514} INFO - 
[2021-12-24 10:55:11,236] {spark_submit.py:514} INFO - Using Spark's default log4j profile: org/apache/spark/log4j-defaults.properties
[2021-12-24 10:55:11,258] {spark_submit.py:514} INFO - 21/12/24 10:55:11 INFO SparkContext: Running Spark version 3.2.0
[2021-12-24 10:55:11,426] {spark_submit.py:514} INFO - 21/12/24 10:55:11 WARN NativeCodeLoader: Unable to load native-hadoop library for your platform... using builtin-java classes where applicable
[2021-12-24 10:55:11,625] {spark_submit.py:514} INFO - 21/12/24 10:55:11 INFO ResourceUtils: ==============================================================
[2021-12-24 10:55:11,626] {spark_submit.py:514} INFO - 21/12/24 10:55:11 INFO ResourceUtils: No custom resources configured for spark.driver.
[2021-12-24 10:55:11,627] {spark_submit.py:514} INFO - 21/12/24 10:55:11 INFO ResourceUtils: ==============================================================
[2021-12-24 10:55:11,628] {spark_submit.py:514} INFO - 21/12/24 10:55:11 INFO SparkContext: Submitted application: Get Ads per county
[2021-12-24 10:55:11,682] {spark_submit.py:514} INFO - 21/12/24 10:55:11 INFO ResourceProfile: Default ResourceProfile created, executor resources: Map(cores -> name: cores, amount: 1, script: , vendor: , memory -> name: memory, amount: 1024, script: , vendor: , offHeap -> name: offHeap, amount: 0, script: , vendor: ), task resources: Map(cpus -> name: cpus, amount: 1.0)
[2021-12-24 10:55:11,722] {spark_submit.py:514} INFO - 21/12/24 10:55:11 INFO ResourceProfile: Limiting resource is cpu
[2021-12-24 10:55:11,726] {spark_submit.py:514} INFO - 21/12/24 10:55:11 INFO ResourceProfileManager: Added ResourceProfile id: 0
[2021-12-24 10:55:11,860] {spark_submit.py:514} INFO - 21/12/24 10:55:11 INFO SecurityManager: Changing view acls to: ***
[2021-12-24 10:55:11,862] {spark_submit.py:514} INFO - 21/12/24 10:55:11 INFO SecurityManager: Changing modify acls to: ***
[2021-12-24 10:55:11,867] {spark_submit.py:514} INFO - 21/12/24 10:55:11 INFO SecurityManager: Changing view acls groups to:
[2021-12-24 10:55:11,869] {spark_submit.py:514} INFO - 21/12/24 10:55:11 INFO SecurityManager: Changing modify acls groups to:
[2021-12-24 10:55:11,874] {spark_submit.py:514} INFO - 21/12/24 10:55:11 INFO SecurityManager: SecurityManager: authentication disabled; ui acls disabled; users  with view permissions: Set(***); groups with view permissions: Set(); users  with modify permissions: Set(***); groups with modify permissions: Set()
[2021-12-24 10:55:12,804] {spark_submit.py:514} INFO - 21/12/24 10:55:12 INFO Utils: Successfully started service 'sparkDriver' on port 42725.
[2021-12-24 10:55:12,882] {spark_submit.py:514} INFO - 21/12/24 10:55:12 INFO SparkEnv: Registering MapOutputTracker
[2021-12-24 10:55:12,971] {spark_submit.py:514} INFO - 21/12/24 10:55:12 INFO SparkEnv: Registering BlockManagerMaster
[2021-12-24 10:55:13,033] {spark_submit.py:514} INFO - 21/12/24 10:55:13 INFO BlockManagerMasterEndpoint: Using org.apache.spark.storage.DefaultTopologyMapper for getting topology information
[2021-12-24 10:55:13,036] {spark_submit.py:514} INFO - 21/12/24 10:55:13 INFO BlockManagerMasterEndpoint: BlockManagerMasterEndpoint up
[2021-12-24 10:55:13,053] {spark_submit.py:514} INFO - 21/12/24 10:55:13 INFO SparkEnv: Registering BlockManagerMasterHeartbeat
[2021-12-24 10:55:13,098] {spark_submit.py:514} INFO - 21/12/24 10:55:13 INFO DiskBlockManager: Created local directory at /tmp/blockmgr-fbdb3742-a7f1-42fe-981e-9d92484c4985
[2021-12-24 10:55:13,138] {spark_submit.py:514} INFO - 21/12/24 10:55:13 INFO MemoryStore: MemoryStore started with capacity 434.4 MiB
[2021-12-24 10:55:13,172] {spark_submit.py:514} INFO - 21/12/24 10:55:13 INFO SparkEnv: Registering OutputCommitCoordinator
[2021-12-24 10:55:13,621] {spark_submit.py:514} INFO - 21/12/24 10:55:13 INFO Utils: Successfully started service 'SparkUI' on port 4040.
[2021-12-24 10:55:13,739] {spark_submit.py:514} INFO - 21/12/24 10:55:13 INFO SparkUI: Bound SparkUI to 0.0.0.0, and started at http://dd6c6a1cba03:4040
[2021-12-24 10:55:14,145] {spark_submit.py:514} INFO - 21/12/24 10:55:14 INFO StandaloneAppClient$ClientEndpoint: Connecting to master spark://spark:7077...
[2021-12-24 10:55:14,322] {spark_submit.py:514} INFO - 21/12/24 10:55:14 INFO TransportClientFactory: Successfully created connection to spark/172.21.0.4:7077 after 73 ms (0 ms spent in bootstraps)
[2021-12-24 10:55:14,532] {spark_submit.py:514} INFO - 21/12/24 10:55:14 INFO StandaloneSchedulerBackend: Connected to Spark cluster with app ID app-20211224105514-0077
[2021-12-24 10:55:14,545] {spark_submit.py:514} INFO - 21/12/24 10:55:14 INFO StandaloneAppClient$ClientEndpoint: Executor added: app-20211224105514-0077/0 on worker-20211224102243-172.21.0.6-46073 (172.21.0.6:46073) with 6 core(s)
[2021-12-24 10:55:14,556] {spark_submit.py:514} INFO - 21/12/24 10:55:14 INFO StandaloneSchedulerBackend: Granted executor ID app-20211224105514-0077/0 on hostPort 172.21.0.6:46073 with 6 core(s), 1024.0 MiB RAM
[2021-12-24 10:55:14,558] {spark_submit.py:514} INFO - 21/12/24 10:55:14 INFO StandaloneAppClient$ClientEndpoint: Executor added: app-20211224105514-0077/1 on worker-20211224102243-172.21.0.5-40097 (172.21.0.5:40097) with 6 core(s)
[2021-12-24 10:55:14,561] {spark_submit.py:514} INFO - 21/12/24 10:55:14 INFO StandaloneSchedulerBackend: Granted executor ID app-20211224105514-0077/1 on hostPort 172.21.0.5:40097 with 6 core(s), 1024.0 MiB RAM
[2021-12-24 10:55:14,567] {spark_submit.py:514} INFO - 21/12/24 10:55:14 INFO Utils: Successfully started service 'org.apache.spark.network.netty.NettyBlockTransferService' on port 36389.
[2021-12-24 10:55:14,569] {spark_submit.py:514} INFO - 21/12/24 10:55:14 INFO NettyBlockTransferService: Server created on dd6c6a1cba03:36389
[2021-12-24 10:55:14,571] {spark_submit.py:514} INFO - 21/12/24 10:55:14 INFO BlockManager: Using org.apache.spark.storage.RandomBlockReplicationPolicy for block replication policy
[2021-12-24 10:55:14,583] {spark_submit.py:514} INFO - 21/12/24 10:55:14 INFO BlockManagerMaster: Registering BlockManager BlockManagerId(driver, dd6c6a1cba03, 36389, None)
[2021-12-24 10:55:14,590] {spark_submit.py:514} INFO - 21/12/24 10:55:14 INFO BlockManagerMasterEndpoint: Registering block manager dd6c6a1cba03:36389 with 434.4 MiB RAM, BlockManagerId(driver, dd6c6a1cba03, 36389, None)
[2021-12-24 10:55:14,595] {spark_submit.py:514} INFO - 21/12/24 10:55:14 INFO BlockManagerMaster: Registered BlockManager BlockManagerId(driver, dd6c6a1cba03, 36389, None)
[2021-12-24 10:55:14,596] {spark_submit.py:514} INFO - 21/12/24 10:55:14 INFO BlockManager: Initialized BlockManager: BlockManagerId(driver, dd6c6a1cba03, 36389, None)
[2021-12-24 10:55:14,674] {spark_submit.py:514} INFO - 21/12/24 10:55:14 INFO StandaloneAppClient$ClientEndpoint: Executor updated: app-20211224105514-0077/1 is now RUNNING
[2021-12-24 10:55:14,678] {spark_submit.py:514} INFO - 21/12/24 10:55:14 INFO StandaloneAppClient$ClientEndpoint: Executor updated: app-20211224105514-0077/0 is now RUNNING
[2021-12-24 10:55:15,016] {spark_submit.py:514} INFO - 21/12/24 10:55:15 INFO StandaloneSchedulerBackend: SchedulerBackend is ready for scheduling beginning after reached minRegisteredResourcesRatio: 0.0
[2021-12-24 10:55:15,106] {spark_submit.py:514} INFO - /home/***/.local/lib/python3.6/site-packages/pyspark/python/lib/pyspark.zip/pyspark/context.py:238: FutureWarning: Python 3.6 support is deprecated in Spark 3.2.
[2021-12-24 10:55:15,108] {spark_submit.py:514} INFO - FutureWarning
[2021-12-24 10:55:15,578] {spark_submit.py:514} INFO - 21/12/24 10:55:15 INFO SharedState: Setting hive.metastore.warehouse.dir ('null') to the value of spark.sql.warehouse.dir.
[2021-12-24 10:55:15,625] {spark_submit.py:514} INFO - 21/12/24 10:55:15 INFO SharedState: Warehouse path is 'file:/opt/***/spark-warehouse'.
[2021-12-24 10:55:20,245] {spark_submit.py:514} INFO - running...
[2021-12-24 10:55:21,059] {spark_submit.py:514} INFO - running...
[2021-12-24 10:55:21,630] {spark_submit.py:514} INFO - running...
[2021-12-24 10:55:22,164] {spark_submit.py:514} INFO - running...
[2021-12-24 10:55:22,612] {spark_submit.py:514} INFO - running...
[2021-12-24 10:55:23,122] {spark_submit.py:514} INFO - 21/12/24 10:55:23 INFO CoarseGrainedSchedulerBackend$DriverEndpoint: Registered executor NettyRpcEndpointRef(spark-client://Executor) (172.21.0.6:59090) with ID 0,  ResourceProfileId 0
[2021-12-24 10:55:23,169] {spark_submit.py:514} INFO - running...
[2021-12-24 10:55:23,194] {spark_submit.py:514} INFO - 21/12/24 10:55:23 INFO CoarseGrainedSchedulerBackend$DriverEndpoint: Registered executor NettyRpcEndpointRef(spark-client://Executor) (172.21.0.5:41408) with ID 1,  ResourceProfileId 0
[2021-12-24 10:55:23,499] {spark_submit.py:514} INFO - 21/12/24 10:55:23 INFO BlockManagerMasterEndpoint: Registering block manager 172.21.0.6:34331 with 366.3 MiB RAM, BlockManagerId(0, 172.21.0.6, 34331, None)
[2021-12-24 10:55:23,567] {spark_submit.py:514} INFO - 21/12/24 10:55:23 INFO BlockManagerMasterEndpoint: Registering block manager 172.21.0.5:40751 with 366.3 MiB RAM, BlockManagerId(1, 172.21.0.5, 40751, None)
[2021-12-24 10:55:23,795] {spark_submit.py:514} INFO - running...
[2021-12-24 10:55:24,277] {spark_submit.py:514} INFO - running...
[2021-12-24 10:55:24,873] {spark_submit.py:514} INFO - running...
[2021-12-24 10:55:25,426] {spark_submit.py:514} INFO - running...
[2021-12-24 10:55:25,967] {spark_submit.py:514} INFO - running...
[2021-12-24 10:55:26,605] {spark_submit.py:514} INFO - running...
[2021-12-24 10:55:27,238] {spark_submit.py:514} INFO - running...
[2021-12-24 10:55:27,789] {spark_submit.py:514} INFO - running...
[2021-12-24 10:55:28,622] {spark_submit.py:514} INFO - running...
[2021-12-24 10:55:29,266] {spark_submit.py:514} INFO - running...
[2021-12-24 10:55:29,664] {spark_submit.py:514} INFO - running...
[2021-12-24 10:55:30,141] {spark_submit.py:514} INFO - running...
[2021-12-24 10:55:31,583] {spark_submit.py:514} INFO - 21/12/24 10:55:31 INFO SparkContext: Invoking stop() from shutdown hook
[2021-12-24 10:55:31,628] {spark_submit.py:514} INFO - 21/12/24 10:55:31 INFO SparkUI: Stopped Spark web UI at http://dd6c6a1cba03:4040
[2021-12-24 10:55:31,688] {spark_submit.py:514} INFO - 21/12/24 10:55:31 INFO StandaloneSchedulerBackend: Shutting down all executors
[2021-12-24 10:55:31,693] {spark_submit.py:514} INFO - 21/12/24 10:55:31 INFO CoarseGrainedSchedulerBackend$DriverEndpoint: Asking each executor to shut down
[2021-12-24 10:55:31,836] {spark_submit.py:514} INFO - 21/12/24 10:55:31 INFO MapOutputTrackerMasterEndpoint: MapOutputTrackerMasterEndpoint stopped!
[2021-12-24 10:55:31,950] {spark_submit.py:514} INFO - 21/12/24 10:55:31 INFO MemoryStore: MemoryStore cleared
[2021-12-24 10:55:31,956] {spark_submit.py:514} INFO - 21/12/24 10:55:31 INFO BlockManager: BlockManager stopped
[2021-12-24 10:55:31,999] {spark_submit.py:514} INFO - 21/12/24 10:55:31 INFO BlockManagerMaster: BlockManagerMaster stopped
[2021-12-24 10:55:32,015] {spark_submit.py:514} INFO - 21/12/24 10:55:32 INFO OutputCommitCoordinator$OutputCommitCoordinatorEndpoint: OutputCommitCoordinator stopped!
[2021-12-24 10:55:32,115] {spark_submit.py:514} INFO - 21/12/24 10:55:32 INFO SparkContext: Successfully stopped SparkContext
[2021-12-24 10:55:32,118] {spark_submit.py:514} INFO - 21/12/24 10:55:32 INFO ShutdownHookManager: Shutdown hook called
[2021-12-24 10:55:32,122] {spark_submit.py:514} INFO - 21/12/24 10:55:32 INFO ShutdownHookManager: Deleting directory /tmp/spark-ef331133-0eb8-4e30-8de9-fcc0babe59c0
[2021-12-24 10:55:32,139] {spark_submit.py:514} INFO - 21/12/24 10:55:32 INFO ShutdownHookManager: Deleting directory /tmp/spark-d14a238c-887c-4ae8-94bc-e4934456536b
[2021-12-24 10:55:32,148] {spark_submit.py:514} INFO - 21/12/24 10:55:32 INFO ShutdownHookManager: Deleting directory /tmp/spark-ef331133-0eb8-4e30-8de9-fcc0babe59c0/pyspark-20a17877-b893-4c7b-9ea7-4082f296c02c
[2021-12-24 10:55:32,510] {taskinstance.py:1280} INFO - Marking task as SUCCESS. dag_id=scraping_daft_waterford, task_id=scrap_data, execution_date=20211223T105500, start_date=20211224T105504, end_date=20211224T105532
[2021-12-24 10:55:32,570] {local_task_job.py:154} INFO - Task exited with return code 0
[2021-12-24 10:55:32,733] {local_task_job.py:264} INFO - 1 downstream tasks scheduled from follow-on schedule check
