[2021-12-15 09:02:46,250] {taskinstance.py:1035} INFO - Dependencies all met for <TaskInstance: scraping_daft_laois.persist_data scheduled__2021-12-14T02:45:00+00:00 [queued]>
[2021-12-15 09:02:46,378] {taskinstance.py:1035} INFO - Dependencies all met for <TaskInstance: scraping_daft_laois.persist_data scheduled__2021-12-14T02:45:00+00:00 [queued]>
[2021-12-15 09:02:46,410] {taskinstance.py:1241} INFO - 
--------------------------------------------------------------------------------
[2021-12-15 09:02:46,413] {taskinstance.py:1242} INFO - Starting attempt 1 of 4
[2021-12-15 09:02:46,415] {taskinstance.py:1243} INFO - 
--------------------------------------------------------------------------------
[2021-12-15 09:02:46,467] {taskinstance.py:1262} INFO - Executing <Task(SparkSubmitOperator): persist_data> on 2021-12-14 02:45:00+00:00
[2021-12-15 09:02:46,482] {standard_task_runner.py:52} INFO - Started process 8582 to run task
[2021-12-15 09:02:46,516] {standard_task_runner.py:76} INFO - Running: ['***', 'tasks', 'run', 'scraping_daft_laois', 'persist_data', 'scheduled__2021-12-14T02:45:00+00:00', '--job-id', '2389', '--raw', '--subdir', 'DAGS_FOLDER/scraping_daft_laois.py', '--cfg-path', '/tmp/tmpagexsmmp', '--error-file', '/tmp/tmpoc22lqif']
[2021-12-15 09:02:46,525] {standard_task_runner.py:77} INFO - Job 2389: Subtask persist_data
[2021-12-15 09:02:46,848] {logging_mixin.py:109} INFO - Running <TaskInstance: scraping_daft_laois.persist_data scheduled__2021-12-14T02:45:00+00:00 [running]> on host e2904d252e94
[2021-12-15 09:02:47,233] {taskinstance.py:1429} INFO - Exporting the following env vars:
AIRFLOW_CTX_DAG_EMAIL=clement.liscoet@gmail.com
AIRFLOW_CTX_DAG_OWNER=clemoni
AIRFLOW_CTX_DAG_ID=scraping_daft_laois
AIRFLOW_CTX_TASK_ID=persist_data
AIRFLOW_CTX_EXECUTION_DATE=2021-12-14T02:45:00+00:00
AIRFLOW_CTX_DAG_RUN_ID=scheduled__2021-12-14T02:45:00+00:00
[2021-12-15 09:02:47,289] {base.py:79} INFO - Using connection to: id: spark_default. Host: spark://spark:7077, Port: None, Schema: , Login: ***, Password: ***, extra: {}
[2021-12-15 09:02:47,295] {spark_submit.py:360} INFO - Spark-Submit cmd: spark-submit --master spark://spark:7077 --conf spark.master=spark://spark:7077 --name persist data --verbose /opt/***/jobs/persist_db.py laois
[2021-12-15 09:02:55,211] {spark_submit.py:514} INFO - Using properties file: null
[2021-12-15 09:02:56,139] {spark_submit.py:514} INFO - WARNING: An illegal reflective access operation has occurred
[2021-12-15 09:02:56,143] {spark_submit.py:514} INFO - WARNING: Illegal reflective access by org.apache.spark.unsafe.Platform (file:/home/***/.local/lib/python3.6/site-packages/pyspark/jars/spark-unsafe_2.12-3.2.0.jar) to constructor java.nio.DirectByteBuffer(long,int)
[2021-12-15 09:02:56,156] {spark_submit.py:514} INFO - WARNING: Please consider reporting this to the maintainers of org.apache.spark.unsafe.Platform
[2021-12-15 09:02:56,163] {spark_submit.py:514} INFO - WARNING: Use --illegal-access=warn to enable warnings of further illegal reflective access operations
[2021-12-15 09:02:56,168] {spark_submit.py:514} INFO - WARNING: All illegal access operations will be denied in a future release
[2021-12-15 09:02:56,423] {spark_submit.py:514} INFO - Parsed arguments:
[2021-12-15 09:02:56,424] {spark_submit.py:514} INFO - master                  spark://spark:7077
[2021-12-15 09:02:56,426] {spark_submit.py:514} INFO - deployMode              null
[2021-12-15 09:02:56,427] {spark_submit.py:514} INFO - executorMemory          null
[2021-12-15 09:02:56,465] {spark_submit.py:514} INFO - executorCores           null
[2021-12-15 09:02:56,474] {spark_submit.py:514} INFO - totalExecutorCores      null
[2021-12-15 09:02:56,477] {spark_submit.py:514} INFO - propertiesFile          null
[2021-12-15 09:02:56,480] {spark_submit.py:514} INFO - driverMemory            null
[2021-12-15 09:02:56,482] {spark_submit.py:514} INFO - driverCores             null
[2021-12-15 09:02:56,486] {spark_submit.py:514} INFO - driverExtraClassPath    null
[2021-12-15 09:02:56,502] {spark_submit.py:514} INFO - driverExtraLibraryPath  null
[2021-12-15 09:02:56,561] {spark_submit.py:514} INFO - driverExtraJavaOptions  null
[2021-12-15 09:02:56,566] {spark_submit.py:514} INFO - supervise               false
[2021-12-15 09:02:56,570] {spark_submit.py:514} INFO - queue                   null
[2021-12-15 09:02:56,576] {spark_submit.py:514} INFO - numExecutors            null
[2021-12-15 09:02:56,585] {spark_submit.py:514} INFO - files                   null
[2021-12-15 09:02:56,591] {spark_submit.py:514} INFO - pyFiles                 null
[2021-12-15 09:02:56,596] {spark_submit.py:514} INFO - archives                null
[2021-12-15 09:02:56,607] {spark_submit.py:514} INFO - mainClass               null
[2021-12-15 09:02:56,614] {spark_submit.py:514} INFO - primaryResource         file:/opt/***/jobs/persist_db.py
[2021-12-15 09:02:56,619] {spark_submit.py:514} INFO - name                    persist data
[2021-12-15 09:02:56,632] {spark_submit.py:514} INFO - childArgs               [laois]
[2021-12-15 09:02:56,638] {spark_submit.py:514} INFO - jars                    null
[2021-12-15 09:02:56,645] {spark_submit.py:514} INFO - packages                null
[2021-12-15 09:02:56,648] {spark_submit.py:514} INFO - packagesExclusions      null
[2021-12-15 09:02:56,655] {spark_submit.py:514} INFO - repositories            null
[2021-12-15 09:02:56,657] {spark_submit.py:514} INFO - verbose                 true
[2021-12-15 09:02:56,659] {spark_submit.py:514} INFO - 
[2021-12-15 09:02:56,663] {spark_submit.py:514} INFO - Spark properties used, including those specified through
[2021-12-15 09:02:56,664] {spark_submit.py:514} INFO - --conf and those from the properties file null:
[2021-12-15 09:02:56,668] {spark_submit.py:514} INFO - (spark.master,spark://spark:7077)
[2021-12-15 09:02:56,674] {spark_submit.py:514} INFO - 
[2021-12-15 09:02:56,677] {spark_submit.py:514} INFO - 
[2021-12-15 09:02:58,282] {spark_submit.py:514} INFO - Main class:
[2021-12-15 09:02:58,288] {spark_submit.py:514} INFO - org.apache.spark.deploy.PythonRunner
[2021-12-15 09:02:58,303] {spark_submit.py:514} INFO - Arguments:
[2021-12-15 09:02:58,315] {spark_submit.py:514} INFO - file:/opt/***/jobs/persist_db.py
[2021-12-15 09:02:58,326] {spark_submit.py:514} INFO - null
[2021-12-15 09:02:58,338] {spark_submit.py:514} INFO - laois
[2021-12-15 09:02:58,350] {spark_submit.py:514} INFO - --verbose
[2021-12-15 09:02:58,362] {spark_submit.py:514} INFO - Spark config:
[2021-12-15 09:02:58,364] {spark_submit.py:514} INFO - (spark.master,spark://spark:7077)
[2021-12-15 09:02:58,377] {spark_submit.py:514} INFO - (spark.app.name,persist data)
[2021-12-15 09:02:58,380] {spark_submit.py:514} INFO - (spark.submit.pyFiles,)
[2021-12-15 09:02:58,391] {spark_submit.py:514} INFO - (spark.submit.deployMode,client)
[2021-12-15 09:02:58,404] {spark_submit.py:514} INFO - Classpath elements:
[2021-12-15 09:02:58,416] {spark_submit.py:514} INFO - 
[2021-12-15 09:02:58,427] {spark_submit.py:514} INFO - 
[2021-12-15 09:02:58,439] {spark_submit.py:514} INFO - 
[2021-12-15 09:03:02,827] {spark_submit.py:514} INFO - Using Spark's default log4j profile: org/apache/spark/log4j-defaults.properties
[2021-12-15 09:03:02,864] {spark_submit.py:514} INFO - 21/12/15 09:03:02 INFO SparkContext: Running Spark version 3.2.0
[2021-12-15 09:03:03,568] {spark_submit.py:514} INFO - 21/12/15 09:03:03 WARN NativeCodeLoader: Unable to load native-hadoop library for your platform... using builtin-java classes where applicable
[2021-12-15 09:03:04,488] {spark_submit.py:514} INFO - 21/12/15 09:03:04 INFO ResourceUtils: ==============================================================
[2021-12-15 09:03:04,490] {spark_submit.py:514} INFO - 21/12/15 09:03:04 INFO ResourceUtils: No custom resources configured for spark.driver.
[2021-12-15 09:03:04,492] {spark_submit.py:514} INFO - 21/12/15 09:03:04 INFO ResourceUtils: ==============================================================
[2021-12-15 09:03:04,493] {spark_submit.py:514} INFO - 21/12/15 09:03:04 INFO SparkContext: Submitted application: Persist DB
[2021-12-15 09:03:04,619] {spark_submit.py:514} INFO - 21/12/15 09:03:04 INFO ResourceProfile: Default ResourceProfile created, executor resources: Map(cores -> name: cores, amount: 1, script: , vendor: , memory -> name: memory, amount: 1024, script: , vendor: , offHeap -> name: offHeap, amount: 0, script: , vendor: ), task resources: Map(cpus -> name: cpus, amount: 1.0)
[2021-12-15 09:03:04,648] {spark_submit.py:514} INFO - 21/12/15 09:03:04 INFO ResourceProfile: Limiting resource is cpu
[2021-12-15 09:03:04,649] {spark_submit.py:514} INFO - 21/12/15 09:03:04 INFO ResourceProfileManager: Added ResourceProfile id: 0
[2021-12-15 09:03:04,955] {spark_submit.py:514} INFO - 21/12/15 09:03:04 INFO SecurityManager: Changing view acls to: ***
[2021-12-15 09:03:04,957] {spark_submit.py:514} INFO - 21/12/15 09:03:04 INFO SecurityManager: Changing modify acls to: ***
[2021-12-15 09:03:04,959] {spark_submit.py:514} INFO - 21/12/15 09:03:04 INFO SecurityManager: Changing view acls groups to:
[2021-12-15 09:03:04,961] {spark_submit.py:514} INFO - 21/12/15 09:03:04 INFO SecurityManager: Changing modify acls groups to:
[2021-12-15 09:03:04,963] {spark_submit.py:514} INFO - 21/12/15 09:03:04 INFO SecurityManager: SecurityManager: authentication disabled; ui acls disabled; users  with view permissions: Set(***); groups with view permissions: Set(); users  with modify permissions: Set(***); groups with modify permissions: Set()
[2021-12-15 09:03:06,850] {spark_submit.py:514} INFO - 21/12/15 09:03:06 INFO Utils: Successfully started service 'sparkDriver' on port 42991.
[2021-12-15 09:03:07,052] {spark_submit.py:514} INFO - 21/12/15 09:03:07 INFO SparkEnv: Registering MapOutputTracker
[2021-12-15 09:03:07,284] {spark_submit.py:514} INFO - 21/12/15 09:03:07 INFO SparkEnv: Registering BlockManagerMaster
[2021-12-15 09:03:07,410] {spark_submit.py:514} INFO - 21/12/15 09:03:07 INFO BlockManagerMasterEndpoint: Using org.apache.spark.storage.DefaultTopologyMapper for getting topology information
[2021-12-15 09:03:07,411] {spark_submit.py:514} INFO - 21/12/15 09:03:07 INFO BlockManagerMasterEndpoint: BlockManagerMasterEndpoint up
[2021-12-15 09:03:07,478] {spark_submit.py:514} INFO - 21/12/15 09:03:07 INFO SparkEnv: Registering BlockManagerMasterHeartbeat
[2021-12-15 09:03:07,640] {spark_submit.py:514} INFO - 21/12/15 09:03:07 INFO DiskBlockManager: Created local directory at /tmp/blockmgr-0aad63cf-b0a5-46a0-994c-c2f1c7d71927
[2021-12-15 09:03:07,760] {spark_submit.py:514} INFO - 21/12/15 09:03:07 INFO MemoryStore: MemoryStore started with capacity 434.4 MiB
[2021-12-15 09:03:07,869] {spark_submit.py:514} INFO - 21/12/15 09:03:07 INFO SparkEnv: Registering OutputCommitCoordinator
[2021-12-15 09:03:09,047] {spark_submit.py:514} INFO - 21/12/15 09:03:09 WARN Utils: Service 'SparkUI' could not bind on port 4040. Attempting port 4041.
[2021-12-15 09:03:09,091] {spark_submit.py:514} INFO - 21/12/15 09:03:09 INFO Utils: Successfully started service 'SparkUI' on port 4041.
[2021-12-15 09:03:09,339] {spark_submit.py:514} INFO - 21/12/15 09:03:09 INFO SparkUI: Bound SparkUI to 0.0.0.0, and started at http://e2904d252e94:4041
[2021-12-15 09:03:10,713] {spark_submit.py:514} INFO - 21/12/15 09:03:10 INFO StandaloneAppClient$ClientEndpoint: Connecting to master spark://spark:7077...
[2021-12-15 09:03:11,245] {spark_submit.py:514} INFO - 21/12/15 09:03:11 INFO TransportClientFactory: Successfully created connection to spark/172.19.0.4:7077 after 297 ms (0 ms spent in bootstraps)
[2021-12-15 09:03:11,727] {spark_submit.py:514} INFO - 21/12/15 09:03:11 INFO StandaloneSchedulerBackend: Connected to Spark cluster with app ID app-20211215090311-0051
[2021-12-15 09:03:11,740] {spark_submit.py:514} INFO - 21/12/15 09:03:11 INFO StandaloneAppClient$ClientEndpoint: Executor added: app-20211215090311-0051/0 on worker-20211215085029-172.19.0.5-33915 (172.19.0.5:33915) with 6 core(s)
[2021-12-15 09:03:11,749] {spark_submit.py:514} INFO - 21/12/15 09:03:11 INFO StandaloneSchedulerBackend: Granted executor ID app-20211215090311-0051/0 on hostPort 172.19.0.5:33915 with 6 core(s), 1024.0 MiB RAM
[2021-12-15 09:03:11,752] {spark_submit.py:514} INFO - 21/12/15 09:03:11 INFO StandaloneAppClient$ClientEndpoint: Executor added: app-20211215090311-0051/1 on worker-20211215085029-172.19.0.6-38383 (172.19.0.6:38383) with 6 core(s)
[2021-12-15 09:03:11,765] {spark_submit.py:514} INFO - 21/12/15 09:03:11 INFO StandaloneSchedulerBackend: Granted executor ID app-20211215090311-0051/1 on hostPort 172.19.0.6:38383 with 6 core(s), 1024.0 MiB RAM
[2021-12-15 09:03:11,786] {spark_submit.py:514} INFO - 21/12/15 09:03:11 INFO Utils: Successfully started service 'org.apache.spark.network.netty.NettyBlockTransferService' on port 34437.
[2021-12-15 09:03:11,788] {spark_submit.py:514} INFO - 21/12/15 09:03:11 INFO NettyBlockTransferService: Server created on e2904d252e94:34437
[2021-12-15 09:03:11,798] {spark_submit.py:514} INFO - 21/12/15 09:03:11 INFO BlockManager: Using org.apache.spark.storage.RandomBlockReplicationPolicy for block replication policy
[2021-12-15 09:03:11,841] {spark_submit.py:514} INFO - 21/12/15 09:03:11 INFO BlockManagerMaster: Registering BlockManager BlockManagerId(driver, e2904d252e94, 34437, None)
[2021-12-15 09:03:11,873] {spark_submit.py:514} INFO - 21/12/15 09:03:11 INFO BlockManagerMasterEndpoint: Registering block manager e2904d252e94:34437 with 434.4 MiB RAM, BlockManagerId(driver, e2904d252e94, 34437, None)
[2021-12-15 09:03:11,881] {spark_submit.py:514} INFO - 21/12/15 09:03:11 INFO BlockManagerMaster: Registered BlockManager BlockManagerId(driver, e2904d252e94, 34437, None)
[2021-12-15 09:03:11,886] {spark_submit.py:514} INFO - 21/12/15 09:03:11 INFO BlockManager: Initialized BlockManager: BlockManagerId(driver, e2904d252e94, 34437, None)
[2021-12-15 09:03:11,943] {spark_submit.py:514} INFO - 21/12/15 09:03:11 INFO StandaloneAppClient$ClientEndpoint: Executor updated: app-20211215090311-0051/0 is now RUNNING
[2021-12-15 09:03:11,964] {spark_submit.py:514} INFO - 21/12/15 09:03:11 INFO StandaloneAppClient$ClientEndpoint: Executor updated: app-20211215090311-0051/1 is now RUNNING
[2021-12-15 09:03:13,066] {spark_submit.py:514} INFO - 21/12/15 09:03:13 INFO StandaloneSchedulerBackend: SchedulerBackend is ready for scheduling beginning after reached minRegisteredResourcesRatio: 0.0
[2021-12-15 09:03:13,259] {spark_submit.py:514} INFO - /home/***/.local/lib/python3.6/site-packages/pyspark/python/lib/pyspark.zip/pyspark/context.py:238: FutureWarning: Python 3.6 support is deprecated in Spark 3.2.
[2021-12-15 09:03:13,260] {spark_submit.py:514} INFO - FutureWarning
[2021-12-15 09:03:14,408] {spark_submit.py:514} INFO - 21/12/15 09:03:14 INFO SharedState: Setting hive.metastore.warehouse.dir ('null') to the value of spark.sql.warehouse.dir.
[2021-12-15 09:03:14,753] {spark_submit.py:514} INFO - 21/12/15 09:03:14 INFO SharedState: Warehouse path is 'file:/opt/***/spark-warehouse'.
[2021-12-15 09:03:19,046] {spark_submit.py:514} INFO - 21/12/15 09:03:19 INFO StandaloneAppClient$ClientEndpoint: Executor updated: app-20211215090311-0051/1 is now EXITED (Command exited with code 1)
[2021-12-15 09:03:19,050] {spark_submit.py:514} INFO - 21/12/15 09:03:19 INFO StandaloneSchedulerBackend: Executor app-20211215090311-0051/1 removed: Command exited with code 1
[2021-12-15 09:03:19,061] {spark_submit.py:514} INFO - 21/12/15 09:03:19 INFO StandaloneAppClient$ClientEndpoint: Executor added: app-20211215090311-0051/2 on worker-20211215085029-172.19.0.6-38383 (172.19.0.6:38383) with 6 core(s)
[2021-12-15 09:03:19,063] {spark_submit.py:514} INFO - 21/12/15 09:03:19 INFO StandaloneSchedulerBackend: Granted executor ID app-20211215090311-0051/2 on hostPort 172.19.0.6:38383 with 6 core(s), 1024.0 MiB RAM
[2021-12-15 09:03:19,067] {spark_submit.py:514} INFO - 21/12/15 09:03:19 INFO BlockManagerMaster: Removal of executor 1 requested
[2021-12-15 09:03:19,069] {spark_submit.py:514} INFO - 21/12/15 09:03:19 INFO CoarseGrainedSchedulerBackend$DriverEndpoint: Asked to remove non-existent executor 1
[2021-12-15 09:03:19,114] {spark_submit.py:514} INFO - 21/12/15 09:03:19 INFO BlockManagerMasterEndpoint: Trying to remove executor 1 from BlockManagerMaster.
[2021-12-15 09:03:19,155] {spark_submit.py:514} INFO - 21/12/15 09:03:19 INFO StandaloneAppClient$ClientEndpoint: Executor updated: app-20211215090311-0051/2 is now RUNNING
[2021-12-15 09:03:19,213] {spark_submit.py:514} INFO - 21/12/15 09:03:19 INFO StandaloneAppClient$ClientEndpoint: Executor updated: app-20211215090311-0051/0 is now EXITED (Command exited with code 1)
[2021-12-15 09:03:19,215] {spark_submit.py:514} INFO - 21/12/15 09:03:19 INFO StandaloneSchedulerBackend: Executor app-20211215090311-0051/0 removed: Command exited with code 1
[2021-12-15 09:03:19,216] {spark_submit.py:514} INFO - 21/12/15 09:03:19 INFO StandaloneAppClient$ClientEndpoint: Executor added: app-20211215090311-0051/3 on worker-20211215085029-172.19.0.5-33915 (172.19.0.5:33915) with 6 core(s)
[2021-12-15 09:03:19,218] {spark_submit.py:514} INFO - 21/12/15 09:03:19 INFO BlockManagerMaster: Removal of executor 0 requested
[2021-12-15 09:03:19,221] {spark_submit.py:514} INFO - 21/12/15 09:03:19 INFO BlockManagerMasterEndpoint: Trying to remove executor 0 from BlockManagerMaster.
[2021-12-15 09:03:19,223] {spark_submit.py:514} INFO - 21/12/15 09:03:19 INFO CoarseGrainedSchedulerBackend$DriverEndpoint: Asked to remove non-existent executor 0
[2021-12-15 09:03:19,225] {spark_submit.py:514} INFO - 21/12/15 09:03:19 INFO StandaloneSchedulerBackend: Granted executor ID app-20211215090311-0051/3 on hostPort 172.19.0.5:33915 with 6 core(s), 1024.0 MiB RAM
[2021-12-15 09:03:19,403] {spark_submit.py:514} INFO - 21/12/15 09:03:19 INFO StandaloneAppClient$ClientEndpoint: Executor updated: app-20211215090311-0051/3 is now RUNNING
[2021-12-15 09:03:19,574] {spark_submit.py:514} INFO - 21/12/15 09:03:19 INFO SparkContext: Invoking stop() from shutdown hook
[2021-12-15 09:03:19,757] {spark_submit.py:514} INFO - 21/12/15 09:03:19 INFO SparkUI: Stopped Spark web UI at http://e2904d252e94:4041
[2021-12-15 09:03:19,815] {spark_submit.py:514} INFO - 21/12/15 09:03:19 INFO StandaloneSchedulerBackend: Shutting down all executors
[2021-12-15 09:03:19,821] {spark_submit.py:514} INFO - 21/12/15 09:03:19 INFO CoarseGrainedSchedulerBackend$DriverEndpoint: Asking each executor to shut down
[2021-12-15 09:03:19,988] {spark_submit.py:514} INFO - 21/12/15 09:03:19 INFO MapOutputTrackerMasterEndpoint: MapOutputTrackerMasterEndpoint stopped!
[2021-12-15 09:03:20,145] {spark_submit.py:514} INFO - 21/12/15 09:03:20 INFO MemoryStore: MemoryStore cleared
[2021-12-15 09:03:20,152] {spark_submit.py:514} INFO - 21/12/15 09:03:20 INFO BlockManager: BlockManager stopped
[2021-12-15 09:03:20,161] {spark_submit.py:514} INFO - 21/12/15 09:03:20 INFO BlockManagerMaster: BlockManagerMaster stopped
[2021-12-15 09:03:20,176] {spark_submit.py:514} INFO - 21/12/15 09:03:20 INFO OutputCommitCoordinator$OutputCommitCoordinatorEndpoint: OutputCommitCoordinator stopped!
[2021-12-15 09:03:20,331] {spark_submit.py:514} INFO - 21/12/15 09:03:20 INFO SparkContext: Successfully stopped SparkContext
[2021-12-15 09:03:20,335] {spark_submit.py:514} INFO - 21/12/15 09:03:20 INFO ShutdownHookManager: Shutdown hook called
[2021-12-15 09:03:20,348] {spark_submit.py:514} INFO - 21/12/15 09:03:20 INFO ShutdownHookManager: Deleting directory /tmp/spark-984d296c-f643-46f7-9f23-49a536ddca4c/pyspark-d76bb7c3-5166-49f9-8447-72e47af0fae4
[2021-12-15 09:03:20,352] {spark_submit.py:514} INFO - 21/12/15 09:03:20 INFO ShutdownHookManager: Deleting directory /tmp/spark-984d296c-f643-46f7-9f23-49a536ddca4c
[2021-12-15 09:03:20,379] {spark_submit.py:514} INFO - 21/12/15 09:03:20 INFO ShutdownHookManager: Deleting directory /tmp/spark-333ca6fd-3a5e-406e-b0ff-388e0f49f2ea
[2021-12-15 09:03:20,778] {taskinstance.py:1280} INFO - Marking task as SUCCESS. dag_id=scraping_daft_laois, task_id=persist_data, execution_date=20211214T024500, start_date=20211215T090246, end_date=20211215T090320
[2021-12-15 09:03:20,853] {local_task_job.py:154} INFO - Task exited with return code 0
[2021-12-15 09:03:21,021] {local_task_job.py:264} INFO - 1 downstream tasks scheduled from follow-on schedule check
