[2021-12-29 12:49:29,889] {taskinstance.py:1035} INFO - Dependencies all met for <TaskInstance: scraping_daft_kerry.scrap_data scheduled__2021-12-28T09:40:00+00:00 [queued]>
[2021-12-29 12:49:35,423] {taskinstance.py:1035} INFO - Dependencies all met for <TaskInstance: scraping_daft_kerry.scrap_data scheduled__2021-12-28T09:40:00+00:00 [queued]>
[2021-12-29 12:49:35,441] {taskinstance.py:1241} INFO - 
--------------------------------------------------------------------------------
[2021-12-29 12:49:35,454] {taskinstance.py:1242} INFO - Starting attempt 3 of 4
[2021-12-29 12:49:35,462] {taskinstance.py:1243} INFO - 
--------------------------------------------------------------------------------
[2021-12-29 12:49:38,372] {taskinstance.py:1262} INFO - Executing <Task(SparkSubmitOperator): scrap_data> on 2021-12-28 09:40:00+00:00
[2021-12-29 12:49:41,174] {standard_task_runner.py:76} INFO - Running: ['***', 'tasks', 'run', 'scraping_daft_kerry', 'scrap_data', 'scheduled__2021-12-28T09:40:00+00:00', '--job-id', '5391', '--raw', '--subdir', 'DAGS_FOLDER/scraping_daft_kerry.py', '--cfg-path', '/tmp/tmpaj08pe1v', '--error-file', '/tmp/tmpaztywnta']
[2021-12-29 12:49:41,443] {standard_task_runner.py:77} INFO - Job 5391: Subtask scrap_data
[2021-12-29 12:49:40,606] {standard_task_runner.py:52} INFO - Started process 33935 to run task
[2021-12-29 12:49:52,616] {logging_mixin.py:109} INFO - Running <TaskInstance: scraping_daft_kerry.scrap_data scheduled__2021-12-28T09:40:00+00:00 [running]> on host 6bdda4c19a85
[2021-12-29 12:50:05,088] {taskinstance.py:1429} INFO - Exporting the following env vars:
AIRFLOW_CTX_DAG_EMAIL=clement.liscoet@gmail.com
AIRFLOW_CTX_DAG_OWNER=clemoni
AIRFLOW_CTX_DAG_ID=scraping_daft_kerry
AIRFLOW_CTX_TASK_ID=scrap_data
AIRFLOW_CTX_EXECUTION_DATE=2021-12-28T09:40:00+00:00
AIRFLOW_CTX_DAG_RUN_ID=scheduled__2021-12-28T09:40:00+00:00
[2021-12-29 12:50:07,702] {base.py:79} INFO - Using connection to: id: spark_default. Host: spark://spark:7077, Port: None, Schema: , Login: ***, Password: ***, extra: {}
[2021-12-29 12:50:08,775] {spark_submit.py:360} INFO - Spark-Submit cmd: spark-submit --master spark://spark:7077 --conf spark.master=spark://spark:7077 --name scrap data --verbose /opt/***/jobs/get_ads_per_county.py kerry
[2021-12-29 13:52:03,622] {local_task_job.py:142} ERROR - Heartbeat time limit exceeded!
[2021-12-29 13:54:25,853] {process_utils.py:100} INFO - Sending Signals.SIGTERM to GPID 33935
[2021-12-29 13:54:27,034] {taskinstance.py:1411} ERROR - Received SIGTERM. Terminating subprocesses.
[2021-12-29 13:54:27,384] {spark_submit.py:644} INFO - Sending kill signal to spark-submit
