[2021-12-13 16:35:35,750] {taskinstance.py:1035} INFO - Dependencies all met for <TaskInstance: scraping_daft_kilkenny.waiting_for_file manual__2021-12-13T16:35:15.463888+00:00 [queued]>
[2021-12-13 16:35:35,767] {taskinstance.py:1035} INFO - Dependencies all met for <TaskInstance: scraping_daft_kilkenny.waiting_for_file manual__2021-12-13T16:35:15.463888+00:00 [queued]>
[2021-12-13 16:35:35,768] {taskinstance.py:1241} INFO - 
--------------------------------------------------------------------------------
[2021-12-13 16:35:35,769] {taskinstance.py:1242} INFO - Starting attempt 1 of 4
[2021-12-13 16:35:35,770] {taskinstance.py:1243} INFO - 
--------------------------------------------------------------------------------
[2021-12-13 16:35:35,793] {taskinstance.py:1262} INFO - Executing <Task(FileSensor): waiting_for_file> on 2021-12-13 16:35:15.463888+00:00
[2021-12-13 16:35:35,801] {standard_task_runner.py:76} INFO - Running: ['***', 'tasks', 'run', 'scraping_daft_kilkenny', 'waiting_for_file', 'manual__2021-12-13T16:35:15.463888+00:00', '--job-id', '1845', '--raw', '--subdir', 'DAGS_FOLDER/scraping_daft_kilkenny.py', '--cfg-path', '/tmp/tmpl04rxb3p', '--error-file', '/tmp/tmpujqsryih']
[2021-12-13 16:35:35,803] {standard_task_runner.py:77} INFO - Job 1845: Subtask waiting_for_file
[2021-12-13 16:35:35,798] {standard_task_runner.py:52} INFO - Started process 11523 to run task
[2021-12-13 16:35:35,893] {logging_mixin.py:109} INFO - Running <TaskInstance: scraping_daft_kilkenny.waiting_for_file manual__2021-12-13T16:35:15.463888+00:00 [running]> on host c81f81825bc0
[2021-12-13 16:35:36,081] {taskinstance.py:1429} INFO - Exporting the following env vars:
AIRFLOW_CTX_DAG_EMAIL=clement.liscoet@gmail.com
AIRFLOW_CTX_DAG_OWNER=clemoni
AIRFLOW_CTX_DAG_ID=scraping_daft_kilkenny
AIRFLOW_CTX_TASK_ID=waiting_for_file
AIRFLOW_CTX_EXECUTION_DATE=2021-12-13T16:35:15.463888+00:00
AIRFLOW_CTX_DAG_RUN_ID=manual__2021-12-13T16:35:15.463888+00:00
[2021-12-13 16:35:36,155] {filesystem.py:59} INFO - Poking for file data/kilkenny_rent.json
[2021-12-13 16:35:36,159] {filesystem.py:65} INFO - Found File data/kilkenny_rent.json last modified: 20211213163534
[2021-12-13 16:35:36,160] {base.py:249} INFO - Success criteria met. Exiting.
[2021-12-13 16:35:36,220] {taskinstance.py:1280} INFO - Marking task as SUCCESS. dag_id=scraping_daft_kilkenny, task_id=waiting_for_file, execution_date=20211213T163515, start_date=20211213T163535, end_date=20211213T163536
[2021-12-13 16:35:36,262] {local_task_job.py:154} INFO - Task exited with return code 0
[2021-12-13 16:35:36,388] {local_task_job.py:264} INFO - 1 downstream tasks scheduled from follow-on schedule check
