[2021-12-20 11:35:14,520] {taskinstance.py:1035} INFO - Dependencies all met for <TaskInstance: scraping_daft_kildare.scrap_data manual__2021-12-20T11:35:11.941646+00:00 [queued]>
[2021-12-20 11:35:14,538] {taskinstance.py:1035} INFO - Dependencies all met for <TaskInstance: scraping_daft_kildare.scrap_data manual__2021-12-20T11:35:11.941646+00:00 [queued]>
[2021-12-20 11:35:14,539] {taskinstance.py:1241} INFO - 
--------------------------------------------------------------------------------
[2021-12-20 11:35:14,539] {taskinstance.py:1242} INFO - Starting attempt 1 of 4
[2021-12-20 11:35:14,540] {taskinstance.py:1243} INFO - 
--------------------------------------------------------------------------------
[2021-12-20 11:35:14,559] {taskinstance.py:1262} INFO - Executing <Task(SparkSubmitOperator): scrap_data> on 2021-12-20 11:35:11.941646+00:00
[2021-12-20 11:35:14,569] {standard_task_runner.py:76} INFO - Running: ['***', 'tasks', 'run', 'scraping_daft_kildare', 'scrap_data', 'manual__2021-12-20T11:35:11.941646+00:00', '--job-id', '3466', '--raw', '--subdir', 'DAGS_FOLDER/scraping_daft_kildare.py', '--cfg-path', '/tmp/tmp8g5_5vps', '--error-file', '/tmp/tmp9ng0x3aj']
[2021-12-20 11:35:14,570] {standard_task_runner.py:77} INFO - Job 3466: Subtask scrap_data
[2021-12-20 11:35:14,564] {standard_task_runner.py:52} INFO - Started process 1242 to run task
[2021-12-20 11:35:14,664] {logging_mixin.py:109} INFO - Running <TaskInstance: scraping_daft_kildare.scrap_data manual__2021-12-20T11:35:11.941646+00:00 [running]> on host 66e45e757599
[2021-12-20 11:35:14,799] {taskinstance.py:1429} INFO - Exporting the following env vars:
AIRFLOW_CTX_DAG_EMAIL=clement.liscoet@gmail.com
AIRFLOW_CTX_DAG_OWNER=clemoni
AIRFLOW_CTX_DAG_ID=scraping_daft_kildare
AIRFLOW_CTX_TASK_ID=scrap_data
AIRFLOW_CTX_EXECUTION_DATE=2021-12-20T11:35:11.941646+00:00
AIRFLOW_CTX_DAG_RUN_ID=manual__2021-12-20T11:35:11.941646+00:00
[2021-12-20 11:35:14,821] {base.py:79} INFO - Using connection to: id: spark_default. Host: spark://spark:7077, Port: None, Schema: , Login: ***, Password: ***, extra: {}
[2021-12-20 11:35:14,825] {spark_submit.py:360} INFO - Spark-Submit cmd: spark-submit --master spark://spark:7077 --conf spark.master=spark://spark:7077 --name scrap data --verbose /opt/***/jobs/get_ads_per_county.py kildare
[2021-12-20 11:35:16,016] {spark_submit.py:514} INFO - Using properties file: null
[2021-12-20 11:35:16,080] {spark_submit.py:514} INFO - WARNING: An illegal reflective access operation has occurred
[2021-12-20 11:35:16,081] {spark_submit.py:514} INFO - WARNING: Illegal reflective access by org.apache.spark.unsafe.Platform (file:/home/***/.local/lib/python3.6/site-packages/pyspark/jars/spark-unsafe_2.12-3.2.0.jar) to constructor java.nio.DirectByteBuffer(long,int)
[2021-12-20 11:35:16,082] {spark_submit.py:514} INFO - WARNING: Please consider reporting this to the maintainers of org.apache.spark.unsafe.Platform
[2021-12-20 11:35:16,083] {spark_submit.py:514} INFO - WARNING: Use --illegal-access=warn to enable warnings of further illegal reflective access operations
[2021-12-20 11:35:16,084] {spark_submit.py:514} INFO - WARNING: All illegal access operations will be denied in a future release
[2021-12-20 11:35:16,121] {spark_submit.py:514} INFO - Parsed arguments:
[2021-12-20 11:35:16,122] {spark_submit.py:514} INFO - master                  spark://spark:7077
[2021-12-20 11:35:16,123] {spark_submit.py:514} INFO - deployMode              null
[2021-12-20 11:35:16,123] {spark_submit.py:514} INFO - executorMemory          null
[2021-12-20 11:35:16,124] {spark_submit.py:514} INFO - executorCores           null
[2021-12-20 11:35:16,124] {spark_submit.py:514} INFO - totalExecutorCores      null
[2021-12-20 11:35:16,125] {spark_submit.py:514} INFO - propertiesFile          null
[2021-12-20 11:35:16,125] {spark_submit.py:514} INFO - driverMemory            null
[2021-12-20 11:35:16,126] {spark_submit.py:514} INFO - driverCores             null
[2021-12-20 11:35:16,126] {spark_submit.py:514} INFO - driverExtraClassPath    null
[2021-12-20 11:35:16,127] {spark_submit.py:514} INFO - driverExtraLibraryPath  null
[2021-12-20 11:35:16,127] {spark_submit.py:514} INFO - driverExtraJavaOptions  null
[2021-12-20 11:35:16,128] {spark_submit.py:514} INFO - supervise               false
[2021-12-20 11:35:16,128] {spark_submit.py:514} INFO - queue                   null
[2021-12-20 11:35:16,129] {spark_submit.py:514} INFO - numExecutors            null
[2021-12-20 11:35:16,129] {spark_submit.py:514} INFO - files                   null
[2021-12-20 11:35:16,130] {spark_submit.py:514} INFO - pyFiles                 null
[2021-12-20 11:35:16,130] {spark_submit.py:514} INFO - archives                null
[2021-12-20 11:35:16,130] {spark_submit.py:514} INFO - mainClass               null
[2021-12-20 11:35:16,131] {spark_submit.py:514} INFO - primaryResource         file:/opt/***/jobs/get_ads_per_county.py
[2021-12-20 11:35:16,131] {spark_submit.py:514} INFO - name                    scrap data
[2021-12-20 11:35:16,132] {spark_submit.py:514} INFO - childArgs               [kildare]
[2021-12-20 11:35:16,132] {spark_submit.py:514} INFO - jars                    null
[2021-12-20 11:35:16,133] {spark_submit.py:514} INFO - packages                null
[2021-12-20 11:35:16,133] {spark_submit.py:514} INFO - packagesExclusions      null
[2021-12-20 11:35:16,134] {spark_submit.py:514} INFO - repositories            null
[2021-12-20 11:35:16,134] {spark_submit.py:514} INFO - verbose                 true
[2021-12-20 11:35:16,134] {spark_submit.py:514} INFO - 
[2021-12-20 11:35:16,135] {spark_submit.py:514} INFO - Spark properties used, including those specified through
[2021-12-20 11:35:16,135] {spark_submit.py:514} INFO - --conf and those from the properties file null:
[2021-12-20 11:35:16,136] {spark_submit.py:514} INFO - (spark.master,spark://spark:7077)
[2021-12-20 11:35:16,136] {spark_submit.py:514} INFO - 
[2021-12-20 11:35:16,136] {spark_submit.py:514} INFO - 
[2021-12-20 11:35:16,353] {spark_submit.py:514} INFO - Main class:
[2021-12-20 11:35:16,355] {spark_submit.py:514} INFO - org.apache.spark.deploy.PythonRunner
[2021-12-20 11:35:16,356] {spark_submit.py:514} INFO - Arguments:
[2021-12-20 11:35:16,357] {spark_submit.py:514} INFO - file:/opt/***/jobs/get_ads_per_county.py
[2021-12-20 11:35:16,358] {spark_submit.py:514} INFO - null
[2021-12-20 11:35:16,360] {spark_submit.py:514} INFO - kildare
[2021-12-20 11:35:16,361] {spark_submit.py:514} INFO - --verbose
[2021-12-20 11:35:16,363] {spark_submit.py:514} INFO - Spark config:
[2021-12-20 11:35:16,364] {spark_submit.py:514} INFO - (spark.app.name,scrap data)
[2021-12-20 11:35:16,364] {spark_submit.py:514} INFO - (spark.master,spark://spark:7077)
[2021-12-20 11:35:16,365] {spark_submit.py:514} INFO - (spark.submit.pyFiles,)
[2021-12-20 11:35:16,366] {spark_submit.py:514} INFO - (spark.submit.deployMode,client)
[2021-12-20 11:35:16,367] {spark_submit.py:514} INFO - Classpath elements:
[2021-12-20 11:35:16,368] {spark_submit.py:514} INFO - 
[2021-12-20 11:35:16,369] {spark_submit.py:514} INFO - 
[2021-12-20 11:35:16,370] {spark_submit.py:514} INFO - 
[2021-12-20 11:35:17,360] {spark_submit.py:514} INFO - Using Spark's default log4j profile: org/apache/spark/log4j-defaults.properties
[2021-12-20 11:35:17,372] {spark_submit.py:514} INFO - 21/12/20 11:35:17 INFO SparkContext: Running Spark version 3.2.0
[2021-12-20 11:35:17,433] {spark_submit.py:514} INFO - 21/12/20 11:35:17 WARN NativeCodeLoader: Unable to load native-hadoop library for your platform... using builtin-java classes where applicable
[2021-12-20 11:35:17,561] {spark_submit.py:514} INFO - 21/12/20 11:35:17 INFO ResourceUtils: ==============================================================
[2021-12-20 11:35:17,562] {spark_submit.py:514} INFO - 21/12/20 11:35:17 INFO ResourceUtils: No custom resources configured for spark.driver.
[2021-12-20 11:35:17,563] {spark_submit.py:514} INFO - 21/12/20 11:35:17 INFO ResourceUtils: ==============================================================
[2021-12-20 11:35:17,563] {spark_submit.py:514} INFO - 21/12/20 11:35:17 INFO SparkContext: Submitted application: Get Ads per county
[2021-12-20 11:35:17,585] {spark_submit.py:514} INFO - 21/12/20 11:35:17 INFO ResourceProfile: Default ResourceProfile created, executor resources: Map(cores -> name: cores, amount: 1, script: , vendor: , memory -> name: memory, amount: 1024, script: , vendor: , offHeap -> name: offHeap, amount: 0, script: , vendor: ), task resources: Map(cpus -> name: cpus, amount: 1.0)
[2021-12-20 11:35:17,598] {spark_submit.py:514} INFO - 21/12/20 11:35:17 INFO ResourceProfile: Limiting resource is cpu
[2021-12-20 11:35:17,599] {spark_submit.py:514} INFO - 21/12/20 11:35:17 INFO ResourceProfileManager: Added ResourceProfile id: 0
[2021-12-20 11:35:17,663] {spark_submit.py:514} INFO - 21/12/20 11:35:17 INFO SecurityManager: Changing view acls to: ***
[2021-12-20 11:35:17,664] {spark_submit.py:514} INFO - 21/12/20 11:35:17 INFO SecurityManager: Changing modify acls to: ***
[2021-12-20 11:35:17,667] {spark_submit.py:514} INFO - 21/12/20 11:35:17 INFO SecurityManager: Changing view acls groups to:
[2021-12-20 11:35:17,668] {spark_submit.py:514} INFO - 21/12/20 11:35:17 INFO SecurityManager: Changing modify acls groups to:
[2021-12-20 11:35:17,669] {spark_submit.py:514} INFO - 21/12/20 11:35:17 INFO SecurityManager: SecurityManager: authentication disabled; ui acls disabled; users  with view permissions: Set(***); groups with view permissions: Set(); users  with modify permissions: Set(***); groups with modify permissions: Set()
[2021-12-20 11:35:17,963] {spark_submit.py:514} INFO - 21/12/20 11:35:17 INFO Utils: Successfully started service 'sparkDriver' on port 44455.
[2021-12-20 11:35:17,995] {spark_submit.py:514} INFO - 21/12/20 11:35:17 INFO SparkEnv: Registering MapOutputTracker
[2021-12-20 11:35:18,027] {spark_submit.py:514} INFO - 21/12/20 11:35:18 INFO SparkEnv: Registering BlockManagerMaster
[2021-12-20 11:35:18,044] {spark_submit.py:514} INFO - 21/12/20 11:35:18 INFO BlockManagerMasterEndpoint: Using org.apache.spark.storage.DefaultTopologyMapper for getting topology information
[2021-12-20 11:35:18,046] {spark_submit.py:514} INFO - 21/12/20 11:35:18 INFO BlockManagerMasterEndpoint: BlockManagerMasterEndpoint up
[2021-12-20 11:35:18,051] {spark_submit.py:514} INFO - 21/12/20 11:35:18 INFO SparkEnv: Registering BlockManagerMasterHeartbeat
[2021-12-20 11:35:18,080] {spark_submit.py:514} INFO - 21/12/20 11:35:18 INFO DiskBlockManager: Created local directory at /tmp/blockmgr-eccca62c-8327-4427-bfab-75c08e1c5df4
[2021-12-20 11:35:18,104] {spark_submit.py:514} INFO - 21/12/20 11:35:18 INFO MemoryStore: MemoryStore started with capacity 434.4 MiB
[2021-12-20 11:35:18,124] {spark_submit.py:514} INFO - 21/12/20 11:35:18 INFO SparkEnv: Registering OutputCommitCoordinator
[2021-12-20 11:35:18,322] {spark_submit.py:514} INFO - 21/12/20 11:35:18 INFO Utils: Successfully started service 'SparkUI' on port 4040.
[2021-12-20 11:35:18,383] {spark_submit.py:514} INFO - 21/12/20 11:35:18 INFO SparkUI: Bound SparkUI to 0.0.0.0, and started at http://66e45e757599:4040
[2021-12-20 11:35:18,614] {spark_submit.py:514} INFO - 21/12/20 11:35:18 INFO StandaloneAppClient$ClientEndpoint: Connecting to master spark://spark:7077...
[2021-12-20 11:35:18,688] {spark_submit.py:514} INFO - 21/12/20 11:35:18 INFO TransportClientFactory: Successfully created connection to spark/172.18.0.4:7077 after 30 ms (0 ms spent in bootstraps)
[2021-12-20 11:35:18,792] {spark_submit.py:514} INFO - 21/12/20 11:35:18 INFO StandaloneSchedulerBackend: Connected to Spark cluster with app ID app-20211220113518-0006
[2021-12-20 11:35:18,811] {spark_submit.py:514} INFO - 21/12/20 11:35:18 INFO StandaloneAppClient$ClientEndpoint: Executor added: app-20211220113518-0006/0 on worker-20211220113023-172.18.0.6-39299 (172.18.0.6:39299) with 6 core(s)
[2021-12-20 11:35:18,816] {spark_submit.py:514} INFO - 21/12/20 11:35:18 INFO Utils: Successfully started service 'org.apache.spark.network.netty.NettyBlockTransferService' on port 38357.
[2021-12-20 11:35:18,818] {spark_submit.py:514} INFO - 21/12/20 11:35:18 INFO NettyBlockTransferService: Server created on 66e45e757599:38357
[2021-12-20 11:35:18,822] {spark_submit.py:514} INFO - 21/12/20 11:35:18 INFO StandaloneSchedulerBackend: Granted executor ID app-20211220113518-0006/0 on hostPort 172.18.0.6:39299 with 6 core(s), 1024.0 MiB RAM
[2021-12-20 11:35:18,824] {spark_submit.py:514} INFO - 21/12/20 11:35:18 INFO StandaloneAppClient$ClientEndpoint: Executor added: app-20211220113518-0006/1 on worker-20211220113023-172.18.0.5-45779 (172.18.0.5:45779) with 6 core(s)
[2021-12-20 11:35:18,825] {spark_submit.py:514} INFO - 21/12/20 11:35:18 INFO BlockManager: Using org.apache.spark.storage.RandomBlockReplicationPolicy for block replication policy
[2021-12-20 11:35:18,826] {spark_submit.py:514} INFO - 21/12/20 11:35:18 INFO StandaloneSchedulerBackend: Granted executor ID app-20211220113518-0006/1 on hostPort 172.18.0.5:45779 with 6 core(s), 1024.0 MiB RAM
[2021-12-20 11:35:18,855] {spark_submit.py:514} INFO - 21/12/20 11:35:18 INFO StandaloneAppClient$ClientEndpoint: Executor updated: app-20211220113518-0006/1 is now RUNNING
[2021-12-20 11:35:18,857] {spark_submit.py:514} INFO - 21/12/20 11:35:18 INFO BlockManagerMaster: Registering BlockManager BlockManagerId(driver, 66e45e757599, 38357, None)
[2021-12-20 11:35:18,868] {spark_submit.py:514} INFO - 21/12/20 11:35:18 INFO BlockManagerMasterEndpoint: Registering block manager 66e45e757599:38357 with 434.4 MiB RAM, BlockManagerId(driver, 66e45e757599, 38357, None)
[2021-12-20 11:35:18,871] {spark_submit.py:514} INFO - 21/12/20 11:35:18 INFO BlockManagerMaster: Registered BlockManager BlockManagerId(driver, 66e45e757599, 38357, None)
[2021-12-20 11:35:18,874] {spark_submit.py:514} INFO - 21/12/20 11:35:18 INFO StandaloneAppClient$ClientEndpoint: Executor updated: app-20211220113518-0006/0 is now RUNNING
[2021-12-20 11:35:18,876] {spark_submit.py:514} INFO - 21/12/20 11:35:18 INFO BlockManager: Initialized BlockManager: BlockManagerId(driver, 66e45e757599, 38357, None)
[2021-12-20 11:35:19,143] {spark_submit.py:514} INFO - 21/12/20 11:35:19 INFO StandaloneSchedulerBackend: SchedulerBackend is ready for scheduling beginning after reached minRegisteredResourcesRatio: 0.0
[2021-12-20 11:35:19,226] {spark_submit.py:514} INFO - /home/***/.local/lib/python3.6/site-packages/pyspark/python/lib/pyspark.zip/pyspark/context.py:238: FutureWarning: Python 3.6 support is deprecated in Spark 3.2.
[2021-12-20 11:35:19,227] {spark_submit.py:514} INFO - FutureWarning
[2021-12-20 11:35:19,919] {spark_submit.py:514} INFO - 21/12/20 11:35:19 INFO SharedState: Setting hive.metastore.warehouse.dir ('null') to the value of spark.sql.warehouse.dir.
[2021-12-20 11:35:19,972] {spark_submit.py:514} INFO - 21/12/20 11:35:19 INFO SharedState: Warehouse path is 'file:/opt/***/spark-warehouse'.
[2021-12-20 11:35:23,494] {spark_submit.py:514} INFO - 21/12/20 11:35:23 INFO CoarseGrainedSchedulerBackend$DriverEndpoint: Registered executor NettyRpcEndpointRef(spark-client://Executor) (172.18.0.6:47074) with ID 0,  ResourceProfileId 0
[2021-12-20 11:35:23,502] {spark_submit.py:514} INFO - 21/12/20 11:35:23 INFO CoarseGrainedSchedulerBackend$DriverEndpoint: Registered executor NettyRpcEndpointRef(spark-client://Executor) (172.18.0.5:49930) with ID 1,  ResourceProfileId 0
[2021-12-20 11:35:23,719] {spark_submit.py:514} INFO - 21/12/20 11:35:23 INFO BlockManagerMasterEndpoint: Registering block manager 172.18.0.6:35623 with 366.3 MiB RAM, BlockManagerId(0, 172.18.0.6, 35623, None)
[2021-12-20 11:35:23,731] {spark_submit.py:514} INFO - 21/12/20 11:35:23 INFO BlockManagerMasterEndpoint: Registering block manager 172.18.0.5:43293 with 366.3 MiB RAM, BlockManagerId(1, 172.18.0.5, 43293, None)
[2021-12-20 11:35:24,159] {spark_submit.py:514} INFO - running...
[2021-12-20 11:35:25,340] {spark_submit.py:514} INFO - running...
[2021-12-20 11:35:26,028] {spark_submit.py:514} INFO - running...
[2021-12-20 11:35:26,486] {spark_submit.py:514} INFO - running...
[2021-12-20 11:35:27,157] {spark_submit.py:514} INFO - running...
[2021-12-20 11:35:27,649] {spark_submit.py:514} INFO - running...
[2021-12-20 11:35:28,118] {spark_submit.py:514} INFO - running...
[2021-12-20 11:35:29,029] {spark_submit.py:514} INFO - running...
[2021-12-20 11:35:29,672] {spark_submit.py:514} INFO - running...
[2021-12-20 11:35:30,450] {spark_submit.py:514} INFO - running...
[2021-12-20 11:35:31,274] {spark_submit.py:514} INFO - running...
[2021-12-20 11:35:31,812] {spark_submit.py:514} INFO - running...
[2021-12-20 11:35:32,375] {spark_submit.py:514} INFO - running...
[2021-12-20 11:35:33,056] {spark_submit.py:514} INFO - running...
[2021-12-20 11:35:33,649] {spark_submit.py:514} INFO - running...
[2021-12-20 11:35:34,403] {spark_submit.py:514} INFO - running...
[2021-12-20 11:35:34,974] {spark_submit.py:514} INFO - running...
[2021-12-20 11:35:35,703] {spark_submit.py:514} INFO - running...
[2021-12-20 11:35:36,399] {spark_submit.py:514} INFO - running...
[2021-12-20 11:35:37,002] {spark_submit.py:514} INFO - running...
[2021-12-20 11:35:39,095] {spark_submit.py:514} INFO - running...
[2021-12-20 11:35:39,990] {spark_submit.py:514} INFO - running...
[2021-12-20 11:35:40,788] {spark_submit.py:514} INFO - running...
[2021-12-20 11:35:41,391] {spark_submit.py:514} INFO - running...
[2021-12-20 11:35:42,149] {spark_submit.py:514} INFO - running...
[2021-12-20 11:35:42,867] {spark_submit.py:514} INFO - running...
[2021-12-20 11:35:43,891] {spark_submit.py:514} INFO - running...
[2021-12-20 11:35:44,535] {spark_submit.py:514} INFO - running...
[2021-12-20 11:35:45,268] {spark_submit.py:514} INFO - running...
[2021-12-20 11:35:45,971] {spark_submit.py:514} INFO - running...
[2021-12-20 11:35:46,580] {spark_submit.py:514} INFO - running...
[2021-12-20 11:35:47,460] {spark_submit.py:514} INFO - running...
[2021-12-20 11:35:48,271] {spark_submit.py:514} INFO - running...
[2021-12-20 11:35:48,926] {spark_submit.py:514} INFO - running...
[2021-12-20 11:35:49,469] {spark_submit.py:514} INFO - running...
[2021-12-20 11:35:50,247] {spark_submit.py:514} INFO - running...
[2021-12-20 11:35:51,028] {spark_submit.py:514} INFO - running...
[2021-12-20 11:35:51,993] {spark_submit.py:514} INFO - running...
[2021-12-20 11:35:52,775] {spark_submit.py:514} INFO - running...
[2021-12-20 11:35:53,353] {spark_submit.py:514} INFO - running...
[2021-12-20 11:35:55,033] {spark_submit.py:514} INFO - running...
[2021-12-20 11:35:55,891] {spark_submit.py:514} INFO - running...
[2021-12-20 11:35:56,454] {spark_submit.py:514} INFO - running...
[2021-12-20 11:35:56,927] {spark_submit.py:514} INFO - running...
[2021-12-20 11:35:57,510] {spark_submit.py:514} INFO - running...
[2021-12-20 11:35:58,242] {spark_submit.py:514} INFO - running...
[2021-12-20 11:35:58,824] {spark_submit.py:514} INFO - running...
[2021-12-20 11:35:59,446] {spark_submit.py:514} INFO - running...
[2021-12-20 11:35:59,907] {spark_submit.py:514} INFO - running...
[2021-12-20 11:36:00,568] {spark_submit.py:514} INFO - running...
[2021-12-20 11:36:01,105] {spark_submit.py:514} INFO - running...
[2021-12-20 11:36:01,696] {spark_submit.py:514} INFO - running...
[2021-12-20 11:36:02,366] {spark_submit.py:514} INFO - running...
[2021-12-20 11:36:03,298] {spark_submit.py:514} INFO - running...
[2021-12-20 11:36:03,892] {spark_submit.py:514} INFO - running...
[2021-12-20 11:36:04,597] {spark_submit.py:514} INFO - running...
[2021-12-20 11:36:05,414] {spark_submit.py:514} INFO - running...
[2021-12-20 11:36:05,860] {spark_submit.py:514} INFO - running...
[2021-12-20 11:36:06,372] {spark_submit.py:514} INFO - running...
[2021-12-20 11:36:06,782] {spark_submit.py:514} INFO - running...
[2021-12-20 11:36:07,937] {spark_submit.py:514} INFO - running...
[2021-12-20 11:36:08,375] {spark_submit.py:514} INFO - running...
[2021-12-20 11:36:08,996] {spark_submit.py:514} INFO - running...
[2021-12-20 11:36:09,644] {spark_submit.py:514} INFO - running...
[2021-12-20 11:36:10,170] {spark_submit.py:514} INFO - running...
[2021-12-20 11:36:10,661] {spark_submit.py:514} INFO - running...
[2021-12-20 11:36:11,169] {spark_submit.py:514} INFO - running...
[2021-12-20 11:36:11,615] {spark_submit.py:514} INFO - running...
[2021-12-20 11:36:12,150] {spark_submit.py:514} INFO - running...
[2021-12-20 11:36:12,569] {spark_submit.py:514} INFO - running...
[2021-12-20 11:36:13,147] {spark_submit.py:514} INFO - running...
[2021-12-20 11:36:14,507] {spark_submit.py:514} INFO - 21/12/20 11:36:14 INFO SparkContext: Invoking stop() from shutdown hook
[2021-12-20 11:36:14,517] {spark_submit.py:514} INFO - 21/12/20 11:36:14 INFO SparkUI: Stopped Spark web UI at http://66e45e757599:4040
[2021-12-20 11:36:14,522] {spark_submit.py:514} INFO - 21/12/20 11:36:14 INFO StandaloneSchedulerBackend: Shutting down all executors
[2021-12-20 11:36:14,523] {spark_submit.py:514} INFO - 21/12/20 11:36:14 INFO CoarseGrainedSchedulerBackend$DriverEndpoint: Asking each executor to shut down
[2021-12-20 11:36:14,556] {spark_submit.py:514} INFO - 21/12/20 11:36:14 INFO MapOutputTrackerMasterEndpoint: MapOutputTrackerMasterEndpoint stopped!
[2021-12-20 11:36:14,578] {spark_submit.py:514} INFO - 21/12/20 11:36:14 INFO MemoryStore: MemoryStore cleared
[2021-12-20 11:36:14,580] {spark_submit.py:514} INFO - 21/12/20 11:36:14 INFO BlockManager: BlockManager stopped
[2021-12-20 11:36:14,588] {spark_submit.py:514} INFO - 21/12/20 11:36:14 INFO BlockManagerMaster: BlockManagerMaster stopped
[2021-12-20 11:36:14,590] {spark_submit.py:514} INFO - 21/12/20 11:36:14 INFO OutputCommitCoordinator$OutputCommitCoordinatorEndpoint: OutputCommitCoordinator stopped!
[2021-12-20 11:36:14,623] {spark_submit.py:514} INFO - 21/12/20 11:36:14 INFO SparkContext: Successfully stopped SparkContext
[2021-12-20 11:36:14,624] {spark_submit.py:514} INFO - 21/12/20 11:36:14 INFO ShutdownHookManager: Shutdown hook called
[2021-12-20 11:36:14,625] {spark_submit.py:514} INFO - 21/12/20 11:36:14 INFO ShutdownHookManager: Deleting directory /tmp/spark-2c861a83-d9eb-4eda-898d-43eec1a5ae48/pyspark-a6e96fbc-3f8d-46dc-ac41-8c48253d3f1f
[2021-12-20 11:36:14,630] {spark_submit.py:514} INFO - 21/12/20 11:36:14 INFO ShutdownHookManager: Deleting directory /tmp/spark-f8c4771b-4877-4111-be0c-65715dd579ce
[2021-12-20 11:36:14,637] {spark_submit.py:514} INFO - 21/12/20 11:36:14 INFO ShutdownHookManager: Deleting directory /tmp/spark-2c861a83-d9eb-4eda-898d-43eec1a5ae48
[2021-12-20 11:36:14,792] {taskinstance.py:1280} INFO - Marking task as SUCCESS. dag_id=scraping_daft_kildare, task_id=scrap_data, execution_date=20211220T113511, start_date=20211220T113514, end_date=20211220T113614
[2021-12-20 11:36:14,830] {local_task_job.py:154} INFO - Task exited with return code 0
[2021-12-20 11:36:14,908] {local_task_job.py:264} INFO - 1 downstream tasks scheduled from follow-on schedule check
