[2021-12-28 15:29:38,382] {taskinstance.py:1035} INFO - Dependencies all met for <TaskInstance: scraping_daft_louth.scrap_data manual__2021-12-28T15:29:33.693937+00:00 [queued]>
[2021-12-28 15:29:38,424] {taskinstance.py:1035} INFO - Dependencies all met for <TaskInstance: scraping_daft_louth.scrap_data manual__2021-12-28T15:29:33.693937+00:00 [queued]>
[2021-12-28 15:29:38,426] {taskinstance.py:1241} INFO - 
--------------------------------------------------------------------------------
[2021-12-28 15:29:38,427] {taskinstance.py:1242} INFO - Starting attempt 1 of 4
[2021-12-28 15:29:38,429] {taskinstance.py:1243} INFO - 
--------------------------------------------------------------------------------
[2021-12-28 15:29:38,468] {taskinstance.py:1262} INFO - Executing <Task(SparkSubmitOperator): scrap_data> on 2021-12-28 15:29:33.693937+00:00
[2021-12-28 15:29:38,490] {standard_task_runner.py:76} INFO - Running: ['***', 'tasks', 'run', 'scraping_daft_louth', 'scrap_data', 'manual__2021-12-28T15:29:33.693937+00:00', '--job-id', '5211', '--raw', '--subdir', 'DAGS_FOLDER/scraping_daft_louth.py', '--cfg-path', '/tmp/tmpnnddjixf', '--error-file', '/tmp/tmpzgxb7kgf']
[2021-12-28 15:29:38,493] {standard_task_runner.py:77} INFO - Job 5211: Subtask scrap_data
[2021-12-28 15:29:38,480] {standard_task_runner.py:52} INFO - Started process 5586 to run task
[2021-12-28 15:29:38,631] {logging_mixin.py:109} INFO - Running <TaskInstance: scraping_daft_louth.scrap_data manual__2021-12-28T15:29:33.693937+00:00 [running]> on host 6bdda4c19a85
[2021-12-28 15:29:38,909] {taskinstance.py:1429} INFO - Exporting the following env vars:
AIRFLOW_CTX_DAG_EMAIL=clement.liscoet@gmail.com
AIRFLOW_CTX_DAG_OWNER=clemoni
AIRFLOW_CTX_DAG_ID=scraping_daft_louth
AIRFLOW_CTX_TASK_ID=scrap_data
AIRFLOW_CTX_EXECUTION_DATE=2021-12-28T15:29:33.693937+00:00
AIRFLOW_CTX_DAG_RUN_ID=manual__2021-12-28T15:29:33.693937+00:00
[2021-12-28 15:29:38,953] {base.py:79} INFO - Using connection to: id: spark_default. Host: spark://spark:7077, Port: None, Schema: , Login: ***, Password: ***, extra: {}
[2021-12-28 15:29:38,964] {spark_submit.py:360} INFO - Spark-Submit cmd: spark-submit --master spark://spark:7077 --conf spark.master=spark://spark:7077 --name scrap data --verbose /opt/***/jobs/get_ads_per_county.py louth
[2021-12-28 15:29:44,033] {spark_submit.py:514} INFO - Using properties file: null
[2021-12-28 15:29:44,419] {spark_submit.py:514} INFO - WARNING: An illegal reflective access operation has occurred
[2021-12-28 15:29:44,425] {spark_submit.py:514} INFO - WARNING: Illegal reflective access by org.apache.spark.unsafe.Platform (file:/home/***/.local/lib/python3.6/site-packages/pyspark/jars/spark-unsafe_2.12-3.2.0.jar) to constructor java.nio.DirectByteBuffer(long,int)
[2021-12-28 15:29:44,429] {spark_submit.py:514} INFO - WARNING: Please consider reporting this to the maintainers of org.apache.spark.unsafe.Platform
[2021-12-28 15:29:44,430] {spark_submit.py:514} INFO - WARNING: Use --illegal-access=warn to enable warnings of further illegal reflective access operations
[2021-12-28 15:29:44,434] {spark_submit.py:514} INFO - WARNING: All illegal access operations will be denied in a future release
[2021-12-28 15:29:44,524] {spark_submit.py:514} INFO - Parsed arguments:
[2021-12-28 15:29:44,525] {spark_submit.py:514} INFO - master                  spark://spark:7077
[2021-12-28 15:29:44,526] {spark_submit.py:514} INFO - deployMode              null
[2021-12-28 15:29:44,527] {spark_submit.py:514} INFO - executorMemory          null
[2021-12-28 15:29:44,528] {spark_submit.py:514} INFO - executorCores           null
[2021-12-28 15:29:44,529] {spark_submit.py:514} INFO - totalExecutorCores      null
[2021-12-28 15:29:44,530] {spark_submit.py:514} INFO - propertiesFile          null
[2021-12-28 15:29:44,531] {spark_submit.py:514} INFO - driverMemory            null
[2021-12-28 15:29:44,533] {spark_submit.py:514} INFO - driverCores             null
[2021-12-28 15:29:44,536] {spark_submit.py:514} INFO - driverExtraClassPath    null
[2021-12-28 15:29:44,538] {spark_submit.py:514} INFO - driverExtraLibraryPath  null
[2021-12-28 15:29:44,546] {spark_submit.py:514} INFO - driverExtraJavaOptions  null
[2021-12-28 15:29:44,548] {spark_submit.py:514} INFO - supervise               false
[2021-12-28 15:29:44,549] {spark_submit.py:514} INFO - queue                   null
[2021-12-28 15:29:44,550] {spark_submit.py:514} INFO - numExecutors            null
[2021-12-28 15:29:44,551] {spark_submit.py:514} INFO - files                   null
[2021-12-28 15:29:44,552] {spark_submit.py:514} INFO - pyFiles                 null
[2021-12-28 15:29:44,553] {spark_submit.py:514} INFO - archives                null
[2021-12-28 15:29:44,553] {spark_submit.py:514} INFO - mainClass               null
[2021-12-28 15:29:44,554] {spark_submit.py:514} INFO - primaryResource         file:/opt/***/jobs/get_ads_per_county.py
[2021-12-28 15:29:44,555] {spark_submit.py:514} INFO - name                    scrap data
[2021-12-28 15:29:44,556] {spark_submit.py:514} INFO - childArgs               [louth]
[2021-12-28 15:29:44,558] {spark_submit.py:514} INFO - jars                    null
[2021-12-28 15:29:44,559] {spark_submit.py:514} INFO - packages                null
[2021-12-28 15:29:44,560] {spark_submit.py:514} INFO - packagesExclusions      null
[2021-12-28 15:29:44,560] {spark_submit.py:514} INFO - repositories            null
[2021-12-28 15:29:44,561] {spark_submit.py:514} INFO - verbose                 true
[2021-12-28 15:29:44,562] {spark_submit.py:514} INFO - 
[2021-12-28 15:29:44,563] {spark_submit.py:514} INFO - Spark properties used, including those specified through
[2021-12-28 15:29:44,564] {spark_submit.py:514} INFO - --conf and those from the properties file null:
[2021-12-28 15:29:44,565] {spark_submit.py:514} INFO - (spark.master,spark://spark:7077)
[2021-12-28 15:29:44,566] {spark_submit.py:514} INFO - 
[2021-12-28 15:29:44,567] {spark_submit.py:514} INFO - 
[2021-12-28 15:29:45,498] {spark_submit.py:514} INFO - Main class:
[2021-12-28 15:29:45,499] {spark_submit.py:514} INFO - org.apache.spark.deploy.PythonRunner
[2021-12-28 15:29:45,501] {spark_submit.py:514} INFO - Arguments:
[2021-12-28 15:29:45,502] {spark_submit.py:514} INFO - file:/opt/***/jobs/get_ads_per_county.py
[2021-12-28 15:29:45,503] {spark_submit.py:514} INFO - null
[2021-12-28 15:29:45,504] {spark_submit.py:514} INFO - louth
[2021-12-28 15:29:45,505] {spark_submit.py:514} INFO - --verbose
[2021-12-28 15:29:45,519] {spark_submit.py:514} INFO - Spark config:
[2021-12-28 15:29:45,520] {spark_submit.py:514} INFO - (spark.app.name,scrap data)
[2021-12-28 15:29:45,521] {spark_submit.py:514} INFO - (spark.master,spark://spark:7077)
[2021-12-28 15:29:45,522] {spark_submit.py:514} INFO - (spark.submit.pyFiles,)
[2021-12-28 15:29:45,523] {spark_submit.py:514} INFO - (spark.submit.deployMode,client)
[2021-12-28 15:29:45,524] {spark_submit.py:514} INFO - Classpath elements:
[2021-12-28 15:29:45,525] {spark_submit.py:514} INFO - 
[2021-12-28 15:29:45,527] {spark_submit.py:514} INFO - 
[2021-12-28 15:29:45,528] {spark_submit.py:514} INFO - 
[2021-12-28 15:29:48,833] {spark_submit.py:514} INFO - Using Spark's default log4j profile: org/apache/spark/log4j-defaults.properties
[2021-12-28 15:29:48,862] {spark_submit.py:514} INFO - 21/12/28 15:29:48 INFO SparkContext: Running Spark version 3.2.0
[2021-12-28 15:29:49,076] {spark_submit.py:514} INFO - 21/12/28 15:29:49 WARN NativeCodeLoader: Unable to load native-hadoop library for your platform... using builtin-java classes where applicable
[2021-12-28 15:29:49,722] {spark_submit.py:514} INFO - 21/12/28 15:29:49 INFO ResourceUtils: ==============================================================
[2021-12-28 15:29:49,725] {spark_submit.py:514} INFO - 21/12/28 15:29:49 INFO ResourceUtils: No custom resources configured for spark.driver.
[2021-12-28 15:29:49,726] {spark_submit.py:514} INFO - 21/12/28 15:29:49 INFO ResourceUtils: ==============================================================
[2021-12-28 15:29:49,728] {spark_submit.py:514} INFO - 21/12/28 15:29:49 INFO SparkContext: Submitted application: Get Ads per county
[2021-12-28 15:29:49,840] {spark_submit.py:514} INFO - 21/12/28 15:29:49 INFO ResourceProfile: Default ResourceProfile created, executor resources: Map(cores -> name: cores, amount: 1, script: , vendor: , memory -> name: memory, amount: 1024, script: , vendor: , offHeap -> name: offHeap, amount: 0, script: , vendor: ), task resources: Map(cpus -> name: cpus, amount: 1.0)
[2021-12-28 15:29:49,936] {spark_submit.py:514} INFO - 21/12/28 15:29:49 INFO ResourceProfile: Limiting resource is cpu
[2021-12-28 15:29:49,940] {spark_submit.py:514} INFO - 21/12/28 15:29:49 INFO ResourceProfileManager: Added ResourceProfile id: 0
[2021-12-28 15:29:50,132] {spark_submit.py:514} INFO - 21/12/28 15:29:50 INFO SecurityManager: Changing view acls to: ***
[2021-12-28 15:29:50,140] {spark_submit.py:514} INFO - 21/12/28 15:29:50 INFO SecurityManager: Changing modify acls to: ***
[2021-12-28 15:29:50,146] {spark_submit.py:514} INFO - 21/12/28 15:29:50 INFO SecurityManager: Changing view acls groups to:
[2021-12-28 15:29:50,150] {spark_submit.py:514} INFO - 21/12/28 15:29:50 INFO SecurityManager: Changing modify acls groups to:
[2021-12-28 15:29:50,154] {spark_submit.py:514} INFO - 21/12/28 15:29:50 INFO SecurityManager: SecurityManager: authentication disabled; ui acls disabled; users  with view permissions: Set(***); groups with view permissions: Set(); users  with modify permissions: Set(***); groups with modify permissions: Set()
[2021-12-28 15:29:51,581] {spark_submit.py:514} INFO - 21/12/28 15:29:51 INFO Utils: Successfully started service 'sparkDriver' on port 42861.
[2021-12-28 15:29:51,774] {spark_submit.py:514} INFO - 21/12/28 15:29:51 INFO SparkEnv: Registering MapOutputTracker
[2021-12-28 15:29:51,883] {spark_submit.py:514} INFO - 21/12/28 15:29:51 INFO SparkEnv: Registering BlockManagerMaster
[2021-12-28 15:29:51,929] {spark_submit.py:514} INFO - 21/12/28 15:29:51 INFO BlockManagerMasterEndpoint: Using org.apache.spark.storage.DefaultTopologyMapper for getting topology information
[2021-12-28 15:29:51,931] {spark_submit.py:514} INFO - 21/12/28 15:29:51 INFO BlockManagerMasterEndpoint: BlockManagerMasterEndpoint up
[2021-12-28 15:29:51,939] {spark_submit.py:514} INFO - 21/12/28 15:29:51 INFO SparkEnv: Registering BlockManagerMasterHeartbeat
[2021-12-28 15:29:52,007] {spark_submit.py:514} INFO - 21/12/28 15:29:52 INFO DiskBlockManager: Created local directory at /tmp/blockmgr-8884cc4c-4d90-44a6-8917-0d93e74f12cc
[2021-12-28 15:29:52,077] {spark_submit.py:514} INFO - 21/12/28 15:29:52 INFO MemoryStore: MemoryStore started with capacity 434.4 MiB
[2021-12-28 15:29:52,148] {spark_submit.py:514} INFO - 21/12/28 15:29:52 INFO SparkEnv: Registering OutputCommitCoordinator
[2021-12-28 15:29:52,648] {spark_submit.py:514} INFO - 21/12/28 15:29:52 INFO Utils: Successfully started service 'SparkUI' on port 4040.
[2021-12-28 15:29:52,821] {spark_submit.py:514} INFO - 21/12/28 15:29:52 INFO SparkUI: Bound SparkUI to 0.0.0.0, and started at http://6bdda4c19a85:4040
[2021-12-28 15:29:53,320] {spark_submit.py:514} INFO - 21/12/28 15:29:53 INFO StandaloneAppClient$ClientEndpoint: Connecting to master spark://spark:7077...
[2021-12-28 15:29:53,594] {spark_submit.py:514} INFO - 21/12/28 15:29:53 INFO TransportClientFactory: Successfully created connection to spark/172.18.0.4:7077 after 155 ms (0 ms spent in bootstraps)
[2021-12-28 15:29:53,799] {spark_submit.py:514} INFO - 21/12/28 15:29:53 INFO StandaloneSchedulerBackend: Connected to Spark cluster with app ID app-20211228152953-0029
[2021-12-28 15:29:53,817] {spark_submit.py:514} INFO - 21/12/28 15:29:53 INFO StandaloneAppClient$ClientEndpoint: Executor added: app-20211228152953-0029/0 on worker-20211228151346-172.18.0.6-43397 (172.18.0.6:43397) with 6 core(s)
[2021-12-28 15:29:53,826] {spark_submit.py:514} INFO - 21/12/28 15:29:53 INFO StandaloneSchedulerBackend: Granted executor ID app-20211228152953-0029/0 on hostPort 172.18.0.6:43397 with 6 core(s), 1024.0 MiB RAM
[2021-12-28 15:29:53,847] {spark_submit.py:514} INFO - 21/12/28 15:29:53 INFO StandaloneAppClient$ClientEndpoint: Executor added: app-20211228152953-0029/1 on worker-20211228151346-172.18.0.5-41853 (172.18.0.5:41853) with 6 core(s)
[2021-12-28 15:29:53,850] {spark_submit.py:514} INFO - 21/12/28 15:29:53 INFO StandaloneSchedulerBackend: Granted executor ID app-20211228152953-0029/1 on hostPort 172.18.0.5:41853 with 6 core(s), 1024.0 MiB RAM
[2021-12-28 15:29:53,861] {spark_submit.py:514} INFO - 21/12/28 15:29:53 INFO Utils: Successfully started service 'org.apache.spark.network.netty.NettyBlockTransferService' on port 41271.
[2021-12-28 15:29:53,863] {spark_submit.py:514} INFO - 21/12/28 15:29:53 INFO NettyBlockTransferService: Server created on 6bdda4c19a85:41271
[2021-12-28 15:29:53,871] {spark_submit.py:514} INFO - 21/12/28 15:29:53 INFO BlockManager: Using org.apache.spark.storage.RandomBlockReplicationPolicy for block replication policy
[2021-12-28 15:29:53,875] {spark_submit.py:514} INFO - 21/12/28 15:29:53 INFO BlockManagerMaster: Registering BlockManager BlockManagerId(driver, 6bdda4c19a85, 41271, None)
[2021-12-28 15:29:53,892] {spark_submit.py:514} INFO - 21/12/28 15:29:53 INFO BlockManagerMasterEndpoint: Registering block manager 6bdda4c19a85:41271 with 434.4 MiB RAM, BlockManagerId(driver, 6bdda4c19a85, 41271, None)
[2021-12-28 15:29:53,904] {spark_submit.py:514} INFO - 21/12/28 15:29:53 INFO BlockManagerMaster: Registered BlockManager BlockManagerId(driver, 6bdda4c19a85, 41271, None)
[2021-12-28 15:29:53,907] {spark_submit.py:514} INFO - 21/12/28 15:29:53 INFO BlockManager: Initialized BlockManager: BlockManagerId(driver, 6bdda4c19a85, 41271, None)
[2021-12-28 15:29:53,922] {spark_submit.py:514} INFO - 21/12/28 15:29:53 INFO StandaloneAppClient$ClientEndpoint: Executor updated: app-20211228152953-0029/0 is now RUNNING
[2021-12-28 15:29:53,955] {spark_submit.py:514} INFO - 21/12/28 15:29:53 INFO StandaloneAppClient$ClientEndpoint: Executor updated: app-20211228152953-0029/1 is now RUNNING
[2021-12-28 15:29:54,638] {spark_submit.py:514} INFO - 21/12/28 15:29:54 INFO StandaloneSchedulerBackend: SchedulerBackend is ready for scheduling beginning after reached minRegisteredResourcesRatio: 0.0
[2021-12-28 15:29:54,809] {spark_submit.py:514} INFO - /home/***/.local/lib/python3.6/site-packages/pyspark/python/lib/pyspark.zip/pyspark/context.py:238: FutureWarning: Python 3.6 support is deprecated in Spark 3.2.
[2021-12-28 15:29:54,811] {spark_submit.py:514} INFO - FutureWarning
[2021-12-28 15:29:56,098] {spark_submit.py:514} INFO - 21/12/28 15:29:56 INFO SharedState: Setting hive.metastore.warehouse.dir ('null') to the value of spark.sql.warehouse.dir.
[2021-12-28 15:29:56,240] {spark_submit.py:514} INFO - 21/12/28 15:29:56 INFO SharedState: Warehouse path is 'file:/opt/***/spark-warehouse'.
[2021-12-28 15:30:02,338] {spark_submit.py:514} INFO - 21/12/28 15:30:02 INFO CoarseGrainedSchedulerBackend$DriverEndpoint: Registered executor NettyRpcEndpointRef(spark-client://Executor) (172.18.0.6:35538) with ID 0,  ResourceProfileId 0
[2021-12-28 15:30:02,498] {spark_submit.py:514} INFO - 21/12/28 15:30:02 INFO CoarseGrainedSchedulerBackend$DriverEndpoint: Registered executor NettyRpcEndpointRef(spark-client://Executor) (172.18.0.5:46326) with ID 1,  ResourceProfileId 0
[2021-12-28 15:30:02,812] {spark_submit.py:514} INFO - 21/12/28 15:30:02 INFO BlockManagerMasterEndpoint: Registering block manager 172.18.0.6:38273 with 366.3 MiB RAM, BlockManagerId(0, 172.18.0.6, 38273, None)
[2021-12-28 15:30:02,978] {spark_submit.py:514} INFO - 21/12/28 15:30:02 INFO BlockManagerMasterEndpoint: Registering block manager 172.18.0.5:40419 with 366.3 MiB RAM, BlockManagerId(1, 172.18.0.5, 40419, None)
[2021-12-28 15:30:04,407] {spark_submit.py:514} INFO - running...
[2021-12-28 15:30:05,170] {spark_submit.py:514} INFO - running...
[2021-12-28 15:30:05,876] {spark_submit.py:514} INFO - running...
[2021-12-28 15:30:06,619] {spark_submit.py:514} INFO - running...
[2021-12-28 15:30:07,704] {spark_submit.py:514} INFO - running...
[2021-12-28 15:30:08,457] {spark_submit.py:514} INFO - running...
[2021-12-28 15:30:10,242] {spark_submit.py:514} INFO - running...
[2021-12-28 15:30:11,939] {spark_submit.py:514} INFO - running...
[2021-12-28 15:30:13,321] {spark_submit.py:514} INFO - running...
[2021-12-28 15:30:14,012] {spark_submit.py:514} INFO - running...
[2021-12-28 15:30:14,968] {spark_submit.py:514} INFO - running...
[2021-12-28 15:30:16,091] {spark_submit.py:514} INFO - running...
[2021-12-28 15:30:16,839] {spark_submit.py:514} INFO - running...
[2021-12-28 15:30:17,652] {spark_submit.py:514} INFO - running...
[2021-12-28 15:30:26,111] {spark_submit.py:514} INFO - running...
[2021-12-28 15:30:27,374] {spark_submit.py:514} INFO - running...
[2021-12-28 15:30:28,626] {spark_submit.py:514} INFO - running...
[2021-12-28 15:30:30,909] {spark_submit.py:514} INFO - running...
[2021-12-28 15:30:32,673] {spark_submit.py:514} INFO - running...
[2021-12-28 15:30:33,386] {spark_submit.py:514} INFO - running...
[2021-12-28 15:30:35,216] {spark_submit.py:514} INFO - running...
[2021-12-28 15:30:36,048] {spark_submit.py:514} INFO - running...
[2021-12-28 15:30:36,594] {spark_submit.py:514} INFO - running...
[2021-12-28 15:30:37,299] {spark_submit.py:514} INFO - running...
[2021-12-28 15:30:37,969] {spark_submit.py:514} INFO - running...
[2021-12-28 15:30:38,661] {spark_submit.py:514} INFO - running...
[2021-12-28 15:30:39,367] {spark_submit.py:514} INFO - running...
[2021-12-28 15:30:40,044] {spark_submit.py:514} INFO - running...
[2021-12-28 15:30:40,734] {spark_submit.py:514} INFO - running...
[2021-12-28 15:30:41,849] {spark_submit.py:514} INFO - running...
[2021-12-28 15:30:43,318] {spark_submit.py:514} INFO - 21/12/28 15:30:43 INFO SparkContext: Invoking stop() from shutdown hook
[2021-12-28 15:30:43,349] {spark_submit.py:514} INFO - 21/12/28 15:30:43 INFO SparkUI: Stopped Spark web UI at http://6bdda4c19a85:4040
[2021-12-28 15:30:43,358] {spark_submit.py:514} INFO - 21/12/28 15:30:43 INFO StandaloneSchedulerBackend: Shutting down all executors
[2021-12-28 15:30:43,358] {spark_submit.py:514} INFO - 21/12/28 15:30:43 INFO CoarseGrainedSchedulerBackend$DriverEndpoint: Asking each executor to shut down
[2021-12-28 15:30:43,432] {spark_submit.py:514} INFO - 21/12/28 15:30:43 INFO MapOutputTrackerMasterEndpoint: MapOutputTrackerMasterEndpoint stopped!
[2021-12-28 15:30:43,493] {spark_submit.py:514} INFO - 21/12/28 15:30:43 INFO MemoryStore: MemoryStore cleared
[2021-12-28 15:30:43,496] {spark_submit.py:514} INFO - 21/12/28 15:30:43 INFO BlockManager: BlockManager stopped
[2021-12-28 15:30:43,516] {spark_submit.py:514} INFO - 21/12/28 15:30:43 INFO BlockManagerMaster: BlockManagerMaster stopped
[2021-12-28 15:30:43,524] {spark_submit.py:514} INFO - 21/12/28 15:30:43 INFO OutputCommitCoordinator$OutputCommitCoordinatorEndpoint: OutputCommitCoordinator stopped!
[2021-12-28 15:30:43,595] {spark_submit.py:514} INFO - 21/12/28 15:30:43 INFO SparkContext: Successfully stopped SparkContext
[2021-12-28 15:30:43,596] {spark_submit.py:514} INFO - 21/12/28 15:30:43 INFO ShutdownHookManager: Shutdown hook called
[2021-12-28 15:30:43,597] {spark_submit.py:514} INFO - 21/12/28 15:30:43 INFO ShutdownHookManager: Deleting directory /tmp/spark-8df3351f-7f9d-4001-b2ea-18f041babea9/pyspark-8b9d0b5f-b8d5-4da1-a2c5-0ecc1eb610c7
[2021-12-28 15:30:43,603] {spark_submit.py:514} INFO - 21/12/28 15:30:43 INFO ShutdownHookManager: Deleting directory /tmp/spark-8df3351f-7f9d-4001-b2ea-18f041babea9
[2021-12-28 15:30:43,610] {spark_submit.py:514} INFO - 21/12/28 15:30:43 INFO ShutdownHookManager: Deleting directory /tmp/spark-110cfa85-a83c-4f07-8643-bb1160b112f1
[2021-12-28 15:30:44,374] {taskinstance.py:1280} INFO - Marking task as SUCCESS. dag_id=scraping_daft_louth, task_id=scrap_data, execution_date=20211228T152933, start_date=20211228T152938, end_date=20211228T153044
[2021-12-28 15:30:44,488] {local_task_job.py:154} INFO - Task exited with return code 0
[2021-12-28 15:30:44,696] {local_task_job.py:264} INFO - 1 downstream tasks scheduled from follow-on schedule check
