[2021-12-24 10:24:23,262] {taskinstance.py:1035} INFO - Dependencies all met for <TaskInstance: scraping_daft_longford.scrap_data scheduled__2021-12-23T10:10:00+00:00 [queued]>
[2021-12-24 10:24:23,452] {taskinstance.py:1035} INFO - Dependencies all met for <TaskInstance: scraping_daft_longford.scrap_data scheduled__2021-12-23T10:10:00+00:00 [queued]>
[2021-12-24 10:24:23,458] {taskinstance.py:1241} INFO - 
--------------------------------------------------------------------------------
[2021-12-24 10:24:23,465] {taskinstance.py:1242} INFO - Starting attempt 1 of 4
[2021-12-24 10:24:23,474] {taskinstance.py:1243} INFO - 
--------------------------------------------------------------------------------
[2021-12-24 10:24:23,756] {taskinstance.py:1262} INFO - Executing <Task(SparkSubmitOperator): scrap_data> on 2021-12-23 10:10:00+00:00
[2021-12-24 10:24:23,920] {standard_task_runner.py:76} INFO - Running: ['***', 'tasks', 'run', 'scraping_daft_longford', 'scrap_data', 'scheduled__2021-12-23T10:10:00+00:00', '--job-id', '4204', '--raw', '--subdir', 'DAGS_FOLDER/scraping_daft_longford.py', '--cfg-path', '/tmp/tmppr5h23bo', '--error-file', '/tmp/tmpfan60yfv']
[2021-12-24 10:24:24,009] {standard_task_runner.py:77} INFO - Job 4204: Subtask scrap_data
[2021-12-24 10:24:23,817] {standard_task_runner.py:52} INFO - Started process 141 to run task
[2021-12-24 10:24:25,011] {logging_mixin.py:109} INFO - Running <TaskInstance: scraping_daft_longford.scrap_data scheduled__2021-12-23T10:10:00+00:00 [running]> on host dd6c6a1cba03
[2021-12-24 10:24:26,836] {taskinstance.py:1429} INFO - Exporting the following env vars:
AIRFLOW_CTX_DAG_EMAIL=clement.liscoet@gmail.com
AIRFLOW_CTX_DAG_OWNER=clemoni
AIRFLOW_CTX_DAG_ID=scraping_daft_longford
AIRFLOW_CTX_TASK_ID=scrap_data
AIRFLOW_CTX_EXECUTION_DATE=2021-12-23T10:10:00+00:00
AIRFLOW_CTX_DAG_RUN_ID=scheduled__2021-12-23T10:10:00+00:00
[2021-12-24 10:24:27,018] {base.py:79} INFO - Using connection to: id: spark_default. Host: spark://spark:7077, Port: None, Schema: , Login: ***, Password: ***, extra: {}
[2021-12-24 10:24:27,030] {spark_submit.py:360} INFO - Spark-Submit cmd: spark-submit --master spark://spark:7077 --conf spark.master=spark://spark:7077 --name scrap data --verbose /opt/***/jobs/get_ads_per_county.py longford
[2021-12-24 10:24:59,069] {spark_submit.py:514} INFO - Using properties file: null
[2021-12-24 10:24:59,856] {spark_submit.py:514} INFO - WARNING: An illegal reflective access operation has occurred
[2021-12-24 10:24:59,857] {spark_submit.py:514} INFO - WARNING: Illegal reflective access by org.apache.spark.unsafe.Platform (file:/home/***/.local/lib/python3.6/site-packages/pyspark/jars/spark-unsafe_2.12-3.2.0.jar) to constructor java.nio.DirectByteBuffer(long,int)
[2021-12-24 10:24:59,858] {spark_submit.py:514} INFO - WARNING: Please consider reporting this to the maintainers of org.apache.spark.unsafe.Platform
[2021-12-24 10:24:59,859] {spark_submit.py:514} INFO - WARNING: Use --illegal-access=warn to enable warnings of further illegal reflective access operations
[2021-12-24 10:24:59,871] {spark_submit.py:514} INFO - WARNING: All illegal access operations will be denied in a future release
[2021-12-24 10:25:00,951] {spark_submit.py:514} INFO - Parsed arguments:
[2021-12-24 10:25:00,960] {spark_submit.py:514} INFO - master                  spark://spark:7077
[2021-12-24 10:25:00,962] {spark_submit.py:514} INFO - deployMode              null
[2021-12-24 10:25:00,970] {spark_submit.py:514} INFO - executorMemory          null
[2021-12-24 10:25:00,974] {spark_submit.py:514} INFO - executorCores           null
[2021-12-24 10:25:00,978] {spark_submit.py:514} INFO - totalExecutorCores      null
[2021-12-24 10:25:00,983] {spark_submit.py:514} INFO - propertiesFile          null
[2021-12-24 10:25:00,989] {spark_submit.py:514} INFO - driverMemory            null
[2021-12-24 10:25:00,994] {spark_submit.py:514} INFO - driverCores             null
[2021-12-24 10:25:00,996] {spark_submit.py:514} INFO - driverExtraClassPath    null
[2021-12-24 10:25:01,000] {spark_submit.py:514} INFO - driverExtraLibraryPath  null
[2021-12-24 10:25:01,003] {spark_submit.py:514} INFO - driverExtraJavaOptions  null
[2021-12-24 10:25:01,005] {spark_submit.py:514} INFO - supervise               false
[2021-12-24 10:25:01,007] {spark_submit.py:514} INFO - queue                   null
[2021-12-24 10:25:01,014] {spark_submit.py:514} INFO - numExecutors            null
[2021-12-24 10:25:01,016] {spark_submit.py:514} INFO - files                   null
[2021-12-24 10:25:01,018] {spark_submit.py:514} INFO - pyFiles                 null
[2021-12-24 10:25:01,020] {spark_submit.py:514} INFO - archives                null
[2021-12-24 10:25:01,022] {spark_submit.py:514} INFO - mainClass               null
[2021-12-24 10:25:01,023] {spark_submit.py:514} INFO - primaryResource         file:/opt/***/jobs/get_ads_per_county.py
[2021-12-24 10:25:01,026] {spark_submit.py:514} INFO - name                    scrap data
[2021-12-24 10:25:01,028] {spark_submit.py:514} INFO - childArgs               [longford]
[2021-12-24 10:25:01,031] {spark_submit.py:514} INFO - jars                    null
[2021-12-24 10:25:01,034] {spark_submit.py:514} INFO - packages                null
[2021-12-24 10:25:01,038] {spark_submit.py:514} INFO - packagesExclusions      null
[2021-12-24 10:25:01,040] {spark_submit.py:514} INFO - repositories            null
[2021-12-24 10:25:01,042] {spark_submit.py:514} INFO - verbose                 true
[2021-12-24 10:25:01,048] {spark_submit.py:514} INFO - 
[2021-12-24 10:25:01,049] {spark_submit.py:514} INFO - Spark properties used, including those specified through
[2021-12-24 10:25:01,051] {spark_submit.py:514} INFO - --conf and those from the properties file null:
[2021-12-24 10:25:01,053] {spark_submit.py:514} INFO - (spark.master,spark://spark:7077)
[2021-12-24 10:25:01,054] {spark_submit.py:514} INFO - 
[2021-12-24 10:25:01,055] {spark_submit.py:514} INFO - 
[2021-12-24 10:25:06,924] {spark_submit.py:514} INFO - Main class:
[2021-12-24 10:25:06,937] {spark_submit.py:514} INFO - org.apache.spark.deploy.PythonRunner
[2021-12-24 10:25:06,946] {spark_submit.py:514} INFO - Arguments:
[2021-12-24 10:25:06,957] {spark_submit.py:514} INFO - file:/opt/***/jobs/get_ads_per_county.py
[2021-12-24 10:25:06,971] {spark_submit.py:514} INFO - null
[2021-12-24 10:25:06,980] {spark_submit.py:514} INFO - longford
[2021-12-24 10:25:06,981] {spark_submit.py:514} INFO - --verbose
[2021-12-24 10:25:07,033] {spark_submit.py:514} INFO - Spark config:
[2021-12-24 10:25:07,056] {spark_submit.py:514} INFO - (spark.app.name,scrap data)
[2021-12-24 10:25:07,078] {spark_submit.py:514} INFO - (spark.master,spark://spark:7077)
[2021-12-24 10:25:07,079] {spark_submit.py:514} INFO - (spark.submit.pyFiles,)
[2021-12-24 10:25:07,091] {spark_submit.py:514} INFO - (spark.submit.deployMode,client)
[2021-12-24 10:25:07,092] {spark_submit.py:514} INFO - Classpath elements:
[2021-12-24 10:25:07,093] {spark_submit.py:514} INFO - 
[2021-12-24 10:25:07,094] {spark_submit.py:514} INFO - 
[2021-12-24 10:25:07,105] {spark_submit.py:514} INFO - 
[2021-12-24 10:25:27,099] {spark_submit.py:514} INFO - Using Spark's default log4j profile: org/apache/spark/log4j-defaults.properties
[2021-12-24 10:25:27,427] {spark_submit.py:514} INFO - 21/12/24 10:25:27 INFO SparkContext: Running Spark version 3.2.0
[2021-12-24 10:25:27,933] {spark_submit.py:514} INFO - 21/12/24 10:25:27 WARN NativeCodeLoader: Unable to load native-hadoop library for your platform... using builtin-java classes where applicable
[2021-12-24 10:25:30,378] {spark_submit.py:514} INFO - 21/12/24 10:25:30 INFO ResourceUtils: ==============================================================
[2021-12-24 10:25:30,402] {spark_submit.py:514} INFO - 21/12/24 10:25:30 INFO ResourceUtils: No custom resources configured for spark.driver.
[2021-12-24 10:25:30,426] {spark_submit.py:514} INFO - 21/12/24 10:25:30 INFO ResourceUtils: ==============================================================
[2021-12-24 10:25:30,429] {spark_submit.py:514} INFO - 21/12/24 10:25:30 INFO SparkContext: Submitted application: Get Ads per county
[2021-12-24 10:25:30,900] {spark_submit.py:514} INFO - 21/12/24 10:25:30 INFO ResourceProfile: Default ResourceProfile created, executor resources: Map(cores -> name: cores, amount: 1, script: , vendor: , memory -> name: memory, amount: 1024, script: , vendor: , offHeap -> name: offHeap, amount: 0, script: , vendor: ), task resources: Map(cpus -> name: cpus, amount: 1.0)
[2021-12-24 10:25:31,224] {spark_submit.py:514} INFO - 21/12/24 10:25:31 INFO ResourceProfile: Limiting resource is cpu
[2021-12-24 10:25:31,228] {spark_submit.py:514} INFO - 21/12/24 10:25:31 INFO ResourceProfileManager: Added ResourceProfile id: 0
[2021-12-24 10:25:32,662] {spark_submit.py:514} INFO - 21/12/24 10:25:32 INFO SecurityManager: Changing view acls to: ***
[2021-12-24 10:25:32,673] {spark_submit.py:514} INFO - 21/12/24 10:25:32 INFO SecurityManager: Changing modify acls to: ***
[2021-12-24 10:25:32,687] {spark_submit.py:514} INFO - 21/12/24 10:25:32 INFO SecurityManager: Changing view acls groups to:
[2021-12-24 10:25:32,695] {spark_submit.py:514} INFO - 21/12/24 10:25:32 INFO SecurityManager: Changing modify acls groups to:
[2021-12-24 10:25:32,720] {spark_submit.py:514} INFO - 21/12/24 10:25:32 INFO SecurityManager: SecurityManager: authentication disabled; ui acls disabled; users  with view permissions: Set(***); groups with view permissions: Set(); users  with modify permissions: Set(***); groups with modify permissions: Set()
[2021-12-24 10:25:44,616] {spark_submit.py:514} INFO - 21/12/24 10:25:44 INFO Utils: Successfully started service 'sparkDriver' on port 45335.
[2021-12-24 10:25:47,669] {spark_submit.py:514} INFO - 21/12/24 10:25:47 INFO SparkEnv: Registering MapOutputTracker
[2021-12-24 10:26:08,369] {spark_submit.py:514} INFO - 21/12/24 10:26:06 INFO SparkEnv: Registering BlockManagerMaster
[2021-12-24 10:26:10,094] {spark_submit.py:514} INFO - 21/12/24 10:26:10 INFO BlockManagerMasterEndpoint: Using org.apache.spark.storage.DefaultTopologyMapper for getting topology information
[2021-12-24 10:26:10,097] {spark_submit.py:514} INFO - 21/12/24 10:26:10 INFO BlockManagerMasterEndpoint: BlockManagerMasterEndpoint up
[2021-12-24 10:26:10,361] {spark_submit.py:514} INFO - 21/12/24 10:26:10 INFO SparkEnv: Registering BlockManagerMasterHeartbeat
[2021-12-24 10:26:12,091] {spark_submit.py:514} INFO - 21/12/24 10:26:12 INFO DiskBlockManager: Created local directory at /tmp/blockmgr-e49b0fea-b242-41cc-8c0a-d1a0ac47d5c4
[2021-12-24 10:26:12,445] {spark_submit.py:514} INFO - 21/12/24 10:26:12 INFO MemoryStore: MemoryStore started with capacity 434.4 MiB
[2021-12-24 10:26:12,711] {spark_submit.py:514} INFO - 21/12/24 10:26:12 INFO SparkEnv: Registering OutputCommitCoordinator
[2021-12-24 10:26:21,479] {spark_submit.py:514} INFO - 21/12/24 10:26:21 WARN Utils: Service 'SparkUI' could not bind on port 4040. Attempting port 4041.
[2021-12-24 10:26:21,546] {spark_submit.py:514} INFO - 21/12/24 10:26:21 WARN Utils: Service 'SparkUI' could not bind on port 4041. Attempting port 4042.
[2021-12-24 10:26:21,617] {spark_submit.py:514} INFO - 21/12/24 10:26:21 WARN Utils: Service 'SparkUI' could not bind on port 4042. Attempting port 4043.
[2021-12-24 10:26:21,618] {spark_submit.py:514} INFO - 21/12/24 10:26:21 WARN Utils: Service 'SparkUI' could not bind on port 4043. Attempting port 4044.
[2021-12-24 10:26:21,672] {spark_submit.py:514} INFO - 21/12/24 10:26:21 WARN Utils: Service 'SparkUI' could not bind on port 4044. Attempting port 4045.
[2021-12-24 10:26:21,681] {spark_submit.py:514} INFO - 21/12/24 10:26:21 WARN Utils: Service 'SparkUI' could not bind on port 4045. Attempting port 4046.
[2021-12-24 10:26:21,683] {spark_submit.py:514} INFO - 21/12/24 10:26:21 WARN Utils: Service 'SparkUI' could not bind on port 4046. Attempting port 4047.
[2021-12-24 10:26:21,732] {spark_submit.py:514} INFO - 21/12/24 10:26:21 WARN Utils: Service 'SparkUI' could not bind on port 4047. Attempting port 4048.
[2021-12-24 10:26:21,764] {spark_submit.py:514} INFO - 21/12/24 10:26:21 WARN Utils: Service 'SparkUI' could not bind on port 4048. Attempting port 4049.
[2021-12-24 10:26:21,776] {spark_submit.py:514} INFO - 21/12/24 10:26:21 WARN Utils: Service 'SparkUI' could not bind on port 4049. Attempting port 4050.
[2021-12-24 10:26:21,779] {spark_submit.py:514} INFO - 21/12/24 10:26:21 WARN Utils: Service 'SparkUI' could not bind on port 4050. Attempting port 4051.
[2021-12-24 10:26:21,811] {spark_submit.py:514} INFO - 21/12/24 10:26:21 WARN Utils: Service 'SparkUI' could not bind on port 4051. Attempting port 4052.
[2021-12-24 10:26:21,812] {spark_submit.py:514} INFO - 21/12/24 10:26:21 WARN Utils: Service 'SparkUI' could not bind on port 4052. Attempting port 4053.
[2021-12-24 10:26:21,827] {spark_submit.py:514} INFO - 21/12/24 10:26:21 WARN Utils: Service 'SparkUI' could not bind on port 4053. Attempting port 4054.
[2021-12-24 10:26:22,543] {spark_submit.py:514} INFO - 21/12/24 10:26:22 INFO Utils: Successfully started service 'SparkUI' on port 4054.
[2021-12-24 10:26:23,849] {spark_submit.py:514} INFO - 21/12/24 10:26:23 INFO SparkUI: Bound SparkUI to 0.0.0.0, and started at http://dd6c6a1cba03:4054
[2021-12-24 10:26:47,241] {spark_submit.py:514} INFO - 21/12/24 10:26:47 INFO StandaloneAppClient$ClientEndpoint: Connecting to master spark://spark:7077...
[2021-12-24 10:26:49,986] {spark_submit.py:514} INFO - 21/12/24 10:26:49 INFO TransportClientFactory: Successfully created connection to spark/172.21.0.4:7077 after 1359 ms (0 ms spent in bootstraps)
[2021-12-24 10:27:06,406] {spark_submit.py:514} INFO - 21/12/24 10:27:06 INFO StandaloneSchedulerBackend: Connected to Spark cluster with app ID app-20211224102706-0015
[2021-12-24 10:27:07,197] {spark_submit.py:514} INFO - 21/12/24 10:27:07 INFO Utils: Successfully started service 'org.apache.spark.network.netty.NettyBlockTransferService' on port 37603.
[2021-12-24 10:27:07,202] {spark_submit.py:514} INFO - 21/12/24 10:27:07 INFO NettyBlockTransferService: Server created on dd6c6a1cba03:37603
[2021-12-24 10:27:07,208] {spark_submit.py:514} INFO - 21/12/24 10:27:07 INFO BlockManager: Using org.apache.spark.storage.RandomBlockReplicationPolicy for block replication policy
[2021-12-24 10:27:07,762] {spark_submit.py:514} INFO - 21/12/24 10:27:07 INFO BlockManagerMaster: Registering BlockManager BlockManagerId(driver, dd6c6a1cba03, 37603, None)
[2021-12-24 10:27:07,848] {spark_submit.py:514} INFO - 21/12/24 10:27:07 INFO BlockManagerMasterEndpoint: Registering block manager dd6c6a1cba03:37603 with 434.4 MiB RAM, BlockManagerId(driver, dd6c6a1cba03, 37603, None)
[2021-12-24 10:27:07,872] {spark_submit.py:514} INFO - 21/12/24 10:27:07 INFO BlockManagerMaster: Registered BlockManager BlockManagerId(driver, dd6c6a1cba03, 37603, None)
[2021-12-24 10:27:07,890] {spark_submit.py:514} INFO - 21/12/24 10:27:07 INFO BlockManager: Initialized BlockManager: BlockManagerId(driver, dd6c6a1cba03, 37603, None)
[2021-12-24 10:27:16,672] {spark_submit.py:514} INFO - 21/12/24 10:27:16 INFO StandaloneSchedulerBackend: SchedulerBackend is ready for scheduling beginning after reached minRegisteredResourcesRatio: 0.0
[2021-12-24 10:27:16,858] {spark_submit.py:514} INFO - 21/12/24 10:27:16 INFO AsyncEventQueue: Process of event SparkListenerResourceProfileAdded(Profile: id = 0, executor resources: cores -> name: cores, amount: 1, script: , vendor: ,memory -> name: memory, amount: 1024, script: , vendor: ,offHeap -> name: offHeap, amount: 0, script: , vendor: , task resources: cpus -> name: cpus, amount: 1.0) by listener HeartbeatReceiver took 1.0986124s.
[2021-12-24 10:27:17,310] {spark_submit.py:514} INFO - 21/12/24 10:27:17 INFO AsyncEventQueue: Process of event SparkListenerResourceProfileAdded(Profile: id = 0, executor resources: cores -> name: cores, amount: 1, script: , vendor: ,memory -> name: memory, amount: 1024, script: , vendor: ,offHeap -> name: offHeap, amount: 0, script: , vendor: , task resources: cpus -> name: cpus, amount: 1.0) by listener AppStatusListener took 1.5873981s.
[2021-12-24 10:27:18,430] {spark_submit.py:514} INFO - 21/12/24 10:27:18 INFO AsyncEventQueue: Process of event SparkListenerExecutorMetricsUpdate(driver,WrappedArray(),Map((-1,-1) -> org.apache.spark.executor.ExecutorMetrics@7e9fff7c)) by listener AppStatusListener took 1.0139228s.
[2021-12-24 10:27:18,632] {spark_submit.py:514} INFO - /home/***/.local/lib/python3.6/site-packages/pyspark/python/lib/pyspark.zip/pyspark/context.py:238: FutureWarning: Python 3.6 support is deprecated in Spark 3.2.
[2021-12-24 10:27:18,633] {spark_submit.py:514} INFO - FutureWarning
[2021-12-24 10:27:19,912] {spark_submit.py:514} INFO - 21/12/24 10:27:19 INFO AsyncEventQueue: Process of event SparkListenerBlockManagerAdded(1640341627828,BlockManagerId(driver, dd6c6a1cba03, 37603, None),455501414,Some(455501414),Some(0)) by listener AppStatusListener took 1.3120449s.
[2021-12-24 10:27:29,766] {spark_submit.py:514} INFO - 21/12/24 10:27:29 INFO AsyncEventQueue: Process of event SparkListenerApplicationStart(Get Ads per county,Some(app-20211224102706-0015),1640341526907,***,None,None,None) by listener AppStatusListener took 8.3490001s.
[2021-12-24 10:27:38,691] {spark_submit.py:514} INFO - 21/12/24 10:27:38 INFO SharedState: Setting hive.metastore.warehouse.dir ('null') to the value of spark.sql.warehouse.dir.
[2021-12-24 10:27:38,774] {spark_submit.py:514} INFO - 21/12/24 10:27:38 INFO SharedState: Warehouse path is 'file:/opt/***/spark-warehouse'.
[2021-12-24 10:28:35,770] {spark_submit.py:514} INFO - running...
[2021-12-24 10:28:36,738] {spark_submit.py:514} INFO - running...
[2021-12-24 10:28:37,743] {spark_submit.py:514} INFO - running...
[2021-12-24 10:28:39,062] {spark_submit.py:514} INFO - running...
[2021-12-24 10:28:40,363] {spark_submit.py:514} INFO - running...
[2021-12-24 10:28:42,180] {spark_submit.py:514} INFO - running...
[2021-12-24 10:28:44,883] {spark_submit.py:514} INFO - 21/12/24 10:28:44 INFO SparkContext: Invoking stop() from shutdown hook
[2021-12-24 10:28:45,032] {spark_submit.py:514} INFO - 21/12/24 10:28:45 INFO SparkUI: Stopped Spark web UI at http://dd6c6a1cba03:4054
[2021-12-24 10:28:45,048] {spark_submit.py:514} INFO - 21/12/24 10:28:45 INFO StandaloneSchedulerBackend: Shutting down all executors
[2021-12-24 10:28:45,077] {spark_submit.py:514} INFO - 21/12/24 10:28:45 INFO CoarseGrainedSchedulerBackend$DriverEndpoint: Asking each executor to shut down
[2021-12-24 10:28:45,391] {spark_submit.py:514} INFO - 21/12/24 10:28:45 INFO MapOutputTrackerMasterEndpoint: MapOutputTrackerMasterEndpoint stopped!
[2021-12-24 10:28:45,607] {spark_submit.py:514} INFO - 21/12/24 10:28:45 INFO MemoryStore: MemoryStore cleared
[2021-12-24 10:28:45,608] {spark_submit.py:514} INFO - 21/12/24 10:28:45 INFO BlockManager: BlockManager stopped
[2021-12-24 10:28:45,807] {spark_submit.py:514} INFO - 21/12/24 10:28:45 INFO BlockManagerMaster: BlockManagerMaster stopped
[2021-12-24 10:28:45,816] {spark_submit.py:514} INFO - 21/12/24 10:28:45 INFO OutputCommitCoordinator$OutputCommitCoordinatorEndpoint: OutputCommitCoordinator stopped!
[2021-12-24 10:28:46,062] {spark_submit.py:514} INFO - 21/12/24 10:28:46 INFO SparkContext: Successfully stopped SparkContext
[2021-12-24 10:28:46,065] {spark_submit.py:514} INFO - 21/12/24 10:28:46 INFO ShutdownHookManager: Shutdown hook called
[2021-12-24 10:28:46,077] {spark_submit.py:514} INFO - 21/12/24 10:28:46 INFO ShutdownHookManager: Deleting directory /tmp/spark-3384938b-52ea-4414-8302-47099074b5d0
[2021-12-24 10:28:46,098] {spark_submit.py:514} INFO - 21/12/24 10:28:46 INFO ShutdownHookManager: Deleting directory /tmp/spark-83481e98-efc0-4caf-bd71-c7b7d889e20d
[2021-12-24 10:28:46,161] {spark_submit.py:514} INFO - 21/12/24 10:28:46 INFO ShutdownHookManager: Deleting directory /tmp/spark-83481e98-efc0-4caf-bd71-c7b7d889e20d/pyspark-ae11712d-79d7-4f0d-910b-f1b71ea3a557
[2021-12-24 10:28:47,790] {taskinstance.py:1280} INFO - Marking task as SUCCESS. dag_id=scraping_daft_longford, task_id=scrap_data, execution_date=20211223T101000, start_date=20211224T102423, end_date=20211224T102847
[2021-12-24 10:28:48,022] {local_task_job.py:154} INFO - Task exited with return code 0
[2021-12-24 10:28:48,489] {local_task_job.py:264} INFO - 1 downstream tasks scheduled from follow-on schedule check
