[2021-12-07 16:49:05,500] {taskinstance.py:1035} INFO - Dependencies all met for <TaskInstance: scraping_daft_donegal.persist_data manual__2021-12-07T16:48:23.992725+00:00 [queued]>
[2021-12-07 16:49:05,528] {taskinstance.py:1035} INFO - Dependencies all met for <TaskInstance: scraping_daft_donegal.persist_data manual__2021-12-07T16:48:23.992725+00:00 [queued]>
[2021-12-07 16:49:05,530] {taskinstance.py:1241} INFO - 
--------------------------------------------------------------------------------
[2021-12-07 16:49:05,531] {taskinstance.py:1242} INFO - Starting attempt 1 of 3
[2021-12-07 16:49:05,533] {taskinstance.py:1243} INFO - 
--------------------------------------------------------------------------------
[2021-12-07 16:49:05,559] {taskinstance.py:1262} INFO - Executing <Task(SparkSubmitOperator): persist_data> on 2021-12-07 16:48:23.992725+00:00
[2021-12-07 16:49:05,573] {standard_task_runner.py:76} INFO - Running: ['***', 'tasks', 'run', 'scraping_daft_donegal', 'persist_data', 'manual__2021-12-07T16:48:23.992725+00:00', '--job-id', '384', '--raw', '--subdir', 'DAGS_FOLDER/scraping_daft_donegal.py', '--cfg-path', '/tmp/tmpskx005_b', '--error-file', '/tmp/tmp5r5wbtin']
[2021-12-07 16:49:05,575] {standard_task_runner.py:77} INFO - Job 384: Subtask persist_data
[2021-12-07 16:49:05,568] {standard_task_runner.py:52} INFO - Started process 6271 to run task
[2021-12-07 16:49:05,680] {logging_mixin.py:109} INFO - Running <TaskInstance: scraping_daft_donegal.persist_data manual__2021-12-07T16:48:23.992725+00:00 [running]> on host ec9c140e7984
[2021-12-07 16:49:05,836] {taskinstance.py:1429} INFO - Exporting the following env vars:
AIRFLOW_CTX_DAG_EMAIL=***@example.com
AIRFLOW_CTX_DAG_OWNER=clemoni
AIRFLOW_CTX_DAG_ID=scraping_daft_donegal
AIRFLOW_CTX_TASK_ID=persist_data
AIRFLOW_CTX_EXECUTION_DATE=2021-12-07T16:48:23.992725+00:00
AIRFLOW_CTX_DAG_RUN_ID=manual__2021-12-07T16:48:23.992725+00:00
[2021-12-07 16:49:05,864] {base.py:79} INFO - Using connection to: id: spark_default. Host: spark://spark:7077, Port: None, Schema: , Login: ***, Password: ***, extra: {}
[2021-12-07 16:49:05,867] {spark_submit.py:362} INFO - Spark-Submit cmd: spark-submit --master spark://spark:7077 --conf spark.master=spark://spark:7077 --name persist data --verbose /opt/***/jobs/persist_db.py donegal
[2021-12-07 16:49:07,841] {spark_submit.py:523} INFO - Using properties file: null
[2021-12-07 16:49:07,972] {spark_submit.py:523} INFO - WARNING: An illegal reflective access operation has occurred
[2021-12-07 16:49:07,973] {spark_submit.py:523} INFO - WARNING: Illegal reflective access by org.apache.spark.unsafe.Platform (file:/home/***/.local/lib/python3.6/site-packages/pyspark/jars/spark-unsafe_2.12-3.2.0.jar) to constructor java.nio.DirectByteBuffer(long,int)
[2021-12-07 16:49:07,975] {spark_submit.py:523} INFO - WARNING: Please consider reporting this to the maintainers of org.apache.spark.unsafe.Platform
[2021-12-07 16:49:07,976] {spark_submit.py:523} INFO - WARNING: Use --illegal-access=warn to enable warnings of further illegal reflective access operations
[2021-12-07 16:49:07,977] {spark_submit.py:523} INFO - WARNING: All illegal access operations will be denied in a future release
[2021-12-07 16:49:08,039] {spark_submit.py:523} INFO - Parsed arguments:
[2021-12-07 16:49:08,041] {spark_submit.py:523} INFO - master                  spark://spark:7077
[2021-12-07 16:49:08,042] {spark_submit.py:523} INFO - deployMode              null
[2021-12-07 16:49:08,043] {spark_submit.py:523} INFO - executorMemory          null
[2021-12-07 16:49:08,044] {spark_submit.py:523} INFO - executorCores           null
[2021-12-07 16:49:08,045] {spark_submit.py:523} INFO - totalExecutorCores      null
[2021-12-07 16:49:08,046] {spark_submit.py:523} INFO - propertiesFile          null
[2021-12-07 16:49:08,047] {spark_submit.py:523} INFO - driverMemory            null
[2021-12-07 16:49:08,048] {spark_submit.py:523} INFO - driverCores             null
[2021-12-07 16:49:08,049] {spark_submit.py:523} INFO - driverExtraClassPath    null
[2021-12-07 16:49:08,050] {spark_submit.py:523} INFO - driverExtraLibraryPath  null
[2021-12-07 16:49:08,052] {spark_submit.py:523} INFO - driverExtraJavaOptions  null
[2021-12-07 16:49:08,053] {spark_submit.py:523} INFO - supervise               false
[2021-12-07 16:49:08,054] {spark_submit.py:523} INFO - queue                   null
[2021-12-07 16:49:08,055] {spark_submit.py:523} INFO - numExecutors            null
[2021-12-07 16:49:08,056] {spark_submit.py:523} INFO - files                   null
[2021-12-07 16:49:08,057] {spark_submit.py:523} INFO - pyFiles                 null
[2021-12-07 16:49:08,058] {spark_submit.py:523} INFO - archives                null
[2021-12-07 16:49:08,059] {spark_submit.py:523} INFO - mainClass               null
[2021-12-07 16:49:08,060] {spark_submit.py:523} INFO - primaryResource         file:/opt/***/jobs/persist_db.py
[2021-12-07 16:49:08,061] {spark_submit.py:523} INFO - name                    persist data
[2021-12-07 16:49:08,062] {spark_submit.py:523} INFO - childArgs               [donegal]
[2021-12-07 16:49:08,064] {spark_submit.py:523} INFO - jars                    null
[2021-12-07 16:49:08,065] {spark_submit.py:523} INFO - packages                null
[2021-12-07 16:49:08,066] {spark_submit.py:523} INFO - packagesExclusions      null
[2021-12-07 16:49:08,067] {spark_submit.py:523} INFO - repositories            null
[2021-12-07 16:49:08,068] {spark_submit.py:523} INFO - verbose                 true
[2021-12-07 16:49:08,069] {spark_submit.py:523} INFO - 
[2021-12-07 16:49:08,070] {spark_submit.py:523} INFO - Spark properties used, including those specified through
[2021-12-07 16:49:08,071] {spark_submit.py:523} INFO - --conf and those from the properties file null:
[2021-12-07 16:49:08,074] {spark_submit.py:523} INFO - (spark.master,spark://spark:7077)
[2021-12-07 16:49:08,075] {spark_submit.py:523} INFO - 
[2021-12-07 16:49:08,076] {spark_submit.py:523} INFO - 
[2021-12-07 16:49:08,428] {spark_submit.py:523} INFO - Main class:
[2021-12-07 16:49:08,429] {spark_submit.py:523} INFO - org.apache.spark.deploy.PythonRunner
[2021-12-07 16:49:08,431] {spark_submit.py:523} INFO - Arguments:
[2021-12-07 16:49:08,432] {spark_submit.py:523} INFO - file:/opt/***/jobs/persist_db.py
[2021-12-07 16:49:08,433] {spark_submit.py:523} INFO - null
[2021-12-07 16:49:08,435] {spark_submit.py:523} INFO - donegal
[2021-12-07 16:49:08,436] {spark_submit.py:523} INFO - --verbose
[2021-12-07 16:49:08,438] {spark_submit.py:523} INFO - Spark config:
[2021-12-07 16:49:08,439] {spark_submit.py:523} INFO - (spark.master,spark://spark:7077)
[2021-12-07 16:49:08,440] {spark_submit.py:523} INFO - (spark.app.name,persist data)
[2021-12-07 16:49:08,442] {spark_submit.py:523} INFO - (spark.submit.pyFiles,)
[2021-12-07 16:49:08,443] {spark_submit.py:523} INFO - (spark.submit.deployMode,client)
[2021-12-07 16:49:08,445] {spark_submit.py:523} INFO - Classpath elements:
[2021-12-07 16:49:08,446] {spark_submit.py:523} INFO - 
[2021-12-07 16:49:08,447] {spark_submit.py:523} INFO - 
[2021-12-07 16:49:08,448] {spark_submit.py:523} INFO - 
[2021-12-07 16:49:09,942] {spark_submit.py:523} INFO - Using Spark's default log4j profile: org/apache/spark/log4j-defaults.properties
[2021-12-07 16:49:09,961] {spark_submit.py:523} INFO - 21/12/07 16:49:09 INFO SparkContext: Running Spark version 3.2.0
[2021-12-07 16:49:10,120] {spark_submit.py:523} INFO - 21/12/07 16:49:10 WARN NativeCodeLoader: Unable to load native-hadoop library for your platform... using builtin-java classes where applicable
[2021-12-07 16:49:10,405] {spark_submit.py:523} INFO - 21/12/07 16:49:10 INFO ResourceUtils: ==============================================================
[2021-12-07 16:49:10,407] {spark_submit.py:523} INFO - 21/12/07 16:49:10 INFO ResourceUtils: No custom resources configured for spark.driver.
[2021-12-07 16:49:10,408] {spark_submit.py:523} INFO - 21/12/07 16:49:10 INFO ResourceUtils: ==============================================================
[2021-12-07 16:49:10,410] {spark_submit.py:523} INFO - 21/12/07 16:49:10 INFO SparkContext: Submitted application: Persist DB
[2021-12-07 16:49:10,462] {spark_submit.py:523} INFO - 21/12/07 16:49:10 INFO ResourceProfile: Default ResourceProfile created, executor resources: Map(cores -> name: cores, amount: 1, script: , vendor: , memory -> name: memory, amount: 1024, script: , vendor: , offHeap -> name: offHeap, amount: 0, script: , vendor: ), task resources: Map(cpus -> name: cpus, amount: 1.0)
[2021-12-07 16:49:10,482] {spark_submit.py:523} INFO - 21/12/07 16:49:10 INFO ResourceProfile: Limiting resource is cpu
[2021-12-07 16:49:10,483] {spark_submit.py:523} INFO - 21/12/07 16:49:10 INFO ResourceProfileManager: Added ResourceProfile id: 0
[2021-12-07 16:49:10,641] {spark_submit.py:523} INFO - 21/12/07 16:49:10 INFO SecurityManager: Changing view acls to: ***
[2021-12-07 16:49:10,643] {spark_submit.py:523} INFO - 21/12/07 16:49:10 INFO SecurityManager: Changing modify acls to: ***
[2021-12-07 16:49:10,645] {spark_submit.py:523} INFO - 21/12/07 16:49:10 INFO SecurityManager: Changing view acls groups to:
[2021-12-07 16:49:10,660] {spark_submit.py:523} INFO - 21/12/07 16:49:10 INFO SecurityManager: Changing modify acls groups to:
[2021-12-07 16:49:10,662] {spark_submit.py:523} INFO - 21/12/07 16:49:10 INFO SecurityManager: SecurityManager: authentication disabled; ui acls disabled; users  with view permissions: Set(***); groups with view permissions: Set(); users  with modify permissions: Set(***); groups with modify permissions: Set()
[2021-12-07 16:49:11,187] {spark_submit.py:523} INFO - 21/12/07 16:49:11 INFO Utils: Successfully started service 'sparkDriver' on port 33739.
[2021-12-07 16:49:11,242] {spark_submit.py:523} INFO - 21/12/07 16:49:11 INFO SparkEnv: Registering MapOutputTracker
[2021-12-07 16:49:11,308] {spark_submit.py:523} INFO - 21/12/07 16:49:11 INFO SparkEnv: Registering BlockManagerMaster
[2021-12-07 16:49:11,348] {spark_submit.py:523} INFO - 21/12/07 16:49:11 INFO BlockManagerMasterEndpoint: Using org.apache.spark.storage.DefaultTopologyMapper for getting topology information
[2021-12-07 16:49:11,350] {spark_submit.py:523} INFO - 21/12/07 16:49:11 INFO BlockManagerMasterEndpoint: BlockManagerMasterEndpoint up
[2021-12-07 16:49:11,363] {spark_submit.py:523} INFO - 21/12/07 16:49:11 INFO SparkEnv: Registering BlockManagerMasterHeartbeat
[2021-12-07 16:49:11,408] {spark_submit.py:523} INFO - 21/12/07 16:49:11 INFO DiskBlockManager: Created local directory at /tmp/blockmgr-a9e5c5bc-ccda-43e5-90cb-ed9a26b90364
[2021-12-07 16:49:11,444] {spark_submit.py:523} INFO - 21/12/07 16:49:11 INFO MemoryStore: MemoryStore started with capacity 434.4 MiB
[2021-12-07 16:49:11,472] {spark_submit.py:523} INFO - 21/12/07 16:49:11 INFO SparkEnv: Registering OutputCommitCoordinator
[2021-12-07 16:49:11,921] {spark_submit.py:523} INFO - 21/12/07 16:49:11 INFO Utils: Successfully started service 'SparkUI' on port 4040.
[2021-12-07 16:49:12,044] {spark_submit.py:523} INFO - 21/12/07 16:49:12 INFO SparkUI: Bound SparkUI to 0.0.0.0, and started at http://ec9c140e7984:4040
[2021-12-07 16:49:12,364] {spark_submit.py:523} INFO - 21/12/07 16:49:12 INFO StandaloneAppClient$ClientEndpoint: Connecting to master spark://spark:7077...
[2021-12-07 16:49:12,506] {spark_submit.py:523} INFO - 21/12/07 16:49:12 INFO TransportClientFactory: Successfully created connection to spark/172.30.0.4:7077 after 57 ms (0 ms spent in bootstraps)
[2021-12-07 16:49:12,668] {spark_submit.py:523} INFO - 21/12/07 16:49:12 INFO StandaloneSchedulerBackend: Connected to Spark cluster with app ID app-20211207164912-0028
[2021-12-07 16:49:12,715] {spark_submit.py:523} INFO - 21/12/07 16:49:12 INFO StandaloneAppClient$ClientEndpoint: Executor added: app-20211207164912-0028/0 on worker-20211207161718-172.30.0.5-39389 (172.30.0.5:39389) with 6 core(s)
[2021-12-07 16:49:12,722] {spark_submit.py:523} INFO - 21/12/07 16:49:12 INFO StandaloneSchedulerBackend: Granted executor ID app-20211207164912-0028/0 on hostPort 172.30.0.5:39389 with 6 core(s), 1024.0 MiB RAM
[2021-12-07 16:49:12,725] {spark_submit.py:523} INFO - 21/12/07 16:49:12 INFO StandaloneAppClient$ClientEndpoint: Executor added: app-20211207164912-0028/1 on worker-20211207161719-172.30.0.6-44905 (172.30.0.6:44905) with 6 core(s)
[2021-12-07 16:49:12,728] {spark_submit.py:523} INFO - 21/12/07 16:49:12 INFO StandaloneSchedulerBackend: Granted executor ID app-20211207164912-0028/1 on hostPort 172.30.0.6:44905 with 6 core(s), 1024.0 MiB RAM
[2021-12-07 16:49:12,729] {spark_submit.py:523} INFO - 21/12/07 16:49:12 INFO Utils: Successfully started service 'org.apache.spark.network.netty.NettyBlockTransferService' on port 43755.
[2021-12-07 16:49:12,731] {spark_submit.py:523} INFO - 21/12/07 16:49:12 INFO NettyBlockTransferService: Server created on ec9c140e7984:43755
[2021-12-07 16:49:12,733] {spark_submit.py:523} INFO - 21/12/07 16:49:12 INFO BlockManager: Using org.apache.spark.storage.RandomBlockReplicationPolicy for block replication policy
[2021-12-07 16:49:12,753] {spark_submit.py:523} INFO - 21/12/07 16:49:12 INFO BlockManagerMaster: Registering BlockManager BlockManagerId(driver, ec9c140e7984, 43755, None)
[2021-12-07 16:49:12,765] {spark_submit.py:523} INFO - 21/12/07 16:49:12 INFO BlockManagerMasterEndpoint: Registering block manager ec9c140e7984:43755 with 434.4 MiB RAM, BlockManagerId(driver, ec9c140e7984, 43755, None)
[2021-12-07 16:49:12,773] {spark_submit.py:523} INFO - 21/12/07 16:49:12 INFO StandaloneAppClient$ClientEndpoint: Executor updated: app-20211207164912-0028/0 is now RUNNING
[2021-12-07 16:49:12,780] {spark_submit.py:523} INFO - 21/12/07 16:49:12 INFO BlockManagerMaster: Registered BlockManager BlockManagerId(driver, ec9c140e7984, 43755, None)
[2021-12-07 16:49:12,783] {spark_submit.py:523} INFO - 21/12/07 16:49:12 INFO BlockManager: Initialized BlockManager: BlockManagerId(driver, ec9c140e7984, 43755, None)
[2021-12-07 16:49:12,786] {spark_submit.py:523} INFO - 21/12/07 16:49:12 INFO StandaloneAppClient$ClientEndpoint: Executor updated: app-20211207164912-0028/1 is now RUNNING
[2021-12-07 16:49:13,432] {spark_submit.py:523} INFO - 21/12/07 16:49:13 INFO StandaloneSchedulerBackend: SchedulerBackend is ready for scheduling beginning after reached minRegisteredResourcesRatio: 0.0
[2021-12-07 16:49:13,710] {spark_submit.py:523} INFO - /home/***/.local/lib/python3.6/site-packages/pyspark/python/lib/pyspark.zip/pyspark/context.py:238: FutureWarning: Python 3.6 support is deprecated in Spark 3.2.
[2021-12-07 16:49:13,713] {spark_submit.py:523} INFO - FutureWarning
[2021-12-07 16:49:16,661] {spark_submit.py:523} INFO - 21/12/07 16:49:16 INFO SharedState: Setting hive.metastore.warehouse.dir ('null') to the value of spark.sql.warehouse.dir.
[2021-12-07 16:49:17,515] {spark_submit.py:523} INFO - 21/12/07 16:49:17 INFO SharedState: Warehouse path is 'file:/opt/***/spark-warehouse'.
[2021-12-07 16:49:21,970] {spark_submit.py:523} INFO - 21/12/07 16:49:21 INFO SparkContext: Invoking stop() from shutdown hook
[2021-12-07 16:49:22,107] {spark_submit.py:523} INFO - 21/12/07 16:49:22 INFO SparkUI: Stopped Spark web UI at http://ec9c140e7984:4040
[2021-12-07 16:49:22,125] {spark_submit.py:523} INFO - 21/12/07 16:49:22 INFO StandaloneSchedulerBackend: Shutting down all executors
[2021-12-07 16:49:22,132] {spark_submit.py:523} INFO - 21/12/07 16:49:22 INFO CoarseGrainedSchedulerBackend$DriverEndpoint: Asking each executor to shut down
[2021-12-07 16:49:22,242] {spark_submit.py:523} INFO - 21/12/07 16:49:22 INFO MapOutputTrackerMasterEndpoint: MapOutputTrackerMasterEndpoint stopped!
[2021-12-07 16:49:22,291] {spark_submit.py:523} INFO - 21/12/07 16:49:22 INFO MemoryStore: MemoryStore cleared
[2021-12-07 16:49:22,293] {spark_submit.py:523} INFO - 21/12/07 16:49:22 INFO BlockManager: BlockManager stopped
[2021-12-07 16:49:22,331] {spark_submit.py:523} INFO - 21/12/07 16:49:22 INFO BlockManagerMaster: BlockManagerMaster stopped
[2021-12-07 16:49:22,340] {spark_submit.py:523} INFO - 21/12/07 16:49:22 INFO OutputCommitCoordinator$OutputCommitCoordinatorEndpoint: OutputCommitCoordinator stopped!
[2021-12-07 16:49:22,364] {spark_submit.py:523} INFO - 21/12/07 16:49:22 INFO SparkContext: Successfully stopped SparkContext
[2021-12-07 16:49:22,366] {spark_submit.py:523} INFO - 21/12/07 16:49:22 INFO ShutdownHookManager: Shutdown hook called
[2021-12-07 16:49:22,369] {spark_submit.py:523} INFO - 21/12/07 16:49:22 INFO ShutdownHookManager: Deleting directory /tmp/spark-6d57c62d-54b0-40d5-9846-eb4b071e0390/pyspark-7e26d75d-4179-4e5f-8fae-15b3836b8caa
[2021-12-07 16:49:22,378] {spark_submit.py:523} INFO - 21/12/07 16:49:22 INFO ShutdownHookManager: Deleting directory /tmp/spark-3c2c7146-baec-484a-ad3e-6c79a3db1cb3
[2021-12-07 16:49:22,384] {spark_submit.py:523} INFO - 21/12/07 16:49:22 INFO ShutdownHookManager: Deleting directory /tmp/spark-6d57c62d-54b0-40d5-9846-eb4b071e0390
[2021-12-07 16:49:22,642] {taskinstance.py:1280} INFO - Marking task as SUCCESS. dag_id=scraping_daft_donegal, task_id=persist_data, execution_date=20211207T164823, start_date=20211207T164905, end_date=20211207T164922
[2021-12-07 16:49:22,737] {local_task_job.py:154} INFO - Task exited with return code 0
[2021-12-07 16:49:22,948] {local_task_job.py:264} INFO - 1 downstream tasks scheduled from follow-on schedule check
