[2021-12-09 04:45:38,715] {taskinstance.py:1035} INFO - Dependencies all met for <TaskInstance: scraping_daft_offaly.remove_file scheduled__2021-12-08T04:45:00+00:00 [queued]>
[2021-12-09 04:45:38,737] {taskinstance.py:1035} INFO - Dependencies all met for <TaskInstance: scraping_daft_offaly.remove_file scheduled__2021-12-08T04:45:00+00:00 [queued]>
[2021-12-09 04:45:38,738] {taskinstance.py:1241} INFO - 
--------------------------------------------------------------------------------
[2021-12-09 04:45:38,739] {taskinstance.py:1242} INFO - Starting attempt 1 of 3
[2021-12-09 04:45:38,740] {taskinstance.py:1243} INFO - 
--------------------------------------------------------------------------------
[2021-12-09 04:45:38,763] {taskinstance.py:1262} INFO - Executing <Task(SparkSubmitOperator): remove_file> on 2021-12-08 04:45:00+00:00
[2021-12-09 04:45:38,780] {standard_task_runner.py:76} INFO - Running: ['***', 'tasks', 'run', 'scraping_daft_offaly', 'remove_file', 'scheduled__2021-12-08T04:45:00+00:00', '--job-id', '863', '--raw', '--subdir', 'DAGS_FOLDER/scraping_daft_offaly.py', '--cfg-path', '/tmp/tmpup1izosv', '--error-file', '/tmp/tmpxvve2yqc']
[2021-12-09 04:45:38,782] {standard_task_runner.py:77} INFO - Job 863: Subtask remove_file
[2021-12-09 04:45:38,774] {standard_task_runner.py:52} INFO - Started process 63761 to run task
[2021-12-09 04:45:38,881] {logging_mixin.py:109} INFO - Running <TaskInstance: scraping_daft_offaly.remove_file scheduled__2021-12-08T04:45:00+00:00 [running]> on host 041e6f8654c3
[2021-12-09 04:45:39,023] {taskinstance.py:1429} INFO - Exporting the following env vars:
AIRFLOW_CTX_DAG_EMAIL=***@example.com
AIRFLOW_CTX_DAG_OWNER=clemoni
AIRFLOW_CTX_DAG_ID=scraping_daft_offaly
AIRFLOW_CTX_TASK_ID=remove_file
AIRFLOW_CTX_EXECUTION_DATE=2021-12-08T04:45:00+00:00
AIRFLOW_CTX_DAG_RUN_ID=scheduled__2021-12-08T04:45:00+00:00
[2021-12-09 04:45:39,048] {base.py:79} INFO - Using connection to: id: spark_default. Host: spark://spark:7077, Port: None, Schema: , Login: ***, Password: ***, extra: {}
[2021-12-09 04:45:39,051] {spark_submit.py:362} INFO - Spark-Submit cmd: spark-submit --master spark://spark:7077 --conf spark.master=spark://spark:7077 --name remove file --verbose /opt/***/jobs/remove_file.py offaly
[2021-12-09 04:45:41,017] {spark_submit.py:523} INFO - Using properties file: null
[2021-12-09 04:45:41,140] {spark_submit.py:523} INFO - WARNING: An illegal reflective access operation has occurred
[2021-12-09 04:45:41,141] {spark_submit.py:523} INFO - WARNING: Illegal reflective access by org.apache.spark.unsafe.Platform (file:/home/***/.local/lib/python3.6/site-packages/pyspark/jars/spark-unsafe_2.12-3.2.0.jar) to constructor java.nio.DirectByteBuffer(long,int)
[2021-12-09 04:45:41,142] {spark_submit.py:523} INFO - WARNING: Please consider reporting this to the maintainers of org.apache.spark.unsafe.Platform
[2021-12-09 04:45:41,143] {spark_submit.py:523} INFO - WARNING: Use --illegal-access=warn to enable warnings of further illegal reflective access operations
[2021-12-09 04:45:41,144] {spark_submit.py:523} INFO - WARNING: All illegal access operations will be denied in a future release
[2021-12-09 04:45:41,205] {spark_submit.py:523} INFO - Parsed arguments:
[2021-12-09 04:45:41,206] {spark_submit.py:523} INFO - master                  spark://spark:7077
[2021-12-09 04:45:41,207] {spark_submit.py:523} INFO - deployMode              null
[2021-12-09 04:45:41,208] {spark_submit.py:523} INFO - executorMemory          null
[2021-12-09 04:45:41,209] {spark_submit.py:523} INFO - executorCores           null
[2021-12-09 04:45:41,210] {spark_submit.py:523} INFO - totalExecutorCores      null
[2021-12-09 04:45:41,210] {spark_submit.py:523} INFO - propertiesFile          null
[2021-12-09 04:45:41,211] {spark_submit.py:523} INFO - driverMemory            null
[2021-12-09 04:45:41,212] {spark_submit.py:523} INFO - driverCores             null
[2021-12-09 04:45:41,213] {spark_submit.py:523} INFO - driverExtraClassPath    null
[2021-12-09 04:45:41,214] {spark_submit.py:523} INFO - driverExtraLibraryPath  null
[2021-12-09 04:45:41,216] {spark_submit.py:523} INFO - driverExtraJavaOptions  null
[2021-12-09 04:45:41,217] {spark_submit.py:523} INFO - supervise               false
[2021-12-09 04:45:41,226] {spark_submit.py:523} INFO - queue                   null
[2021-12-09 04:45:41,230] {spark_submit.py:523} INFO - numExecutors            null
[2021-12-09 04:45:41,232] {spark_submit.py:523} INFO - files                   null
[2021-12-09 04:45:41,233] {spark_submit.py:523} INFO - pyFiles                 null
[2021-12-09 04:45:41,235] {spark_submit.py:523} INFO - archives                null
[2021-12-09 04:45:41,235] {spark_submit.py:523} INFO - mainClass               null
[2021-12-09 04:45:41,236] {spark_submit.py:523} INFO - primaryResource         file:/opt/***/jobs/remove_file.py
[2021-12-09 04:45:41,237] {spark_submit.py:523} INFO - name                    remove file
[2021-12-09 04:45:41,239] {spark_submit.py:523} INFO - childArgs               [offaly]
[2021-12-09 04:45:41,239] {spark_submit.py:523} INFO - jars                    null
[2021-12-09 04:45:41,240] {spark_submit.py:523} INFO - packages                null
[2021-12-09 04:45:41,241] {spark_submit.py:523} INFO - packagesExclusions      null
[2021-12-09 04:45:41,242] {spark_submit.py:523} INFO - repositories            null
[2021-12-09 04:45:41,243] {spark_submit.py:523} INFO - verbose                 true
[2021-12-09 04:45:41,244] {spark_submit.py:523} INFO - 
[2021-12-09 04:45:41,244] {spark_submit.py:523} INFO - Spark properties used, including those specified through
[2021-12-09 04:45:41,245] {spark_submit.py:523} INFO - --conf and those from the properties file null:
[2021-12-09 04:45:41,246] {spark_submit.py:523} INFO - (spark.master,spark://spark:7077)
[2021-12-09 04:45:41,247] {spark_submit.py:523} INFO - 
[2021-12-09 04:45:41,248] {spark_submit.py:523} INFO - 
[2021-12-09 04:45:41,664] {spark_submit.py:523} INFO - Main class:
[2021-12-09 04:45:41,666] {spark_submit.py:523} INFO - org.apache.spark.deploy.PythonRunner
[2021-12-09 04:45:41,668] {spark_submit.py:523} INFO - Arguments:
[2021-12-09 04:45:41,671] {spark_submit.py:523} INFO - file:/opt/***/jobs/remove_file.py
[2021-12-09 04:45:41,673] {spark_submit.py:523} INFO - null
[2021-12-09 04:45:41,676] {spark_submit.py:523} INFO - offaly
[2021-12-09 04:45:41,683] {spark_submit.py:523} INFO - --verbose
[2021-12-09 04:45:41,687] {spark_submit.py:523} INFO - Spark config:
[2021-12-09 04:45:41,689] {spark_submit.py:523} INFO - (spark.app.name,remove file)
[2021-12-09 04:45:41,691] {spark_submit.py:523} INFO - (spark.master,spark://spark:7077)
[2021-12-09 04:45:41,692] {spark_submit.py:523} INFO - (spark.submit.pyFiles,)
[2021-12-09 04:45:41,696] {spark_submit.py:523} INFO - (spark.submit.deployMode,client)
[2021-12-09 04:45:41,699] {spark_submit.py:523} INFO - Classpath elements:
[2021-12-09 04:45:41,701] {spark_submit.py:523} INFO - 
[2021-12-09 04:45:41,702] {spark_submit.py:523} INFO - 
[2021-12-09 04:45:41,704] {spark_submit.py:523} INFO - 
[2021-12-09 04:45:42,913] {spark_submit.py:523} INFO - Using Spark's default log4j profile: org/apache/spark/log4j-defaults.properties
[2021-12-09 04:45:42,936] {spark_submit.py:523} INFO - 21/12/09 04:45:42 INFO SparkContext: Running Spark version 3.2.0
[2021-12-09 04:45:43,100] {spark_submit.py:523} INFO - 21/12/09 04:45:43 WARN NativeCodeLoader: Unable to load native-hadoop library for your platform... using builtin-java classes where applicable
[2021-12-09 04:45:43,309] {spark_submit.py:523} INFO - 21/12/09 04:45:43 INFO ResourceUtils: ==============================================================
[2021-12-09 04:45:43,310] {spark_submit.py:523} INFO - 21/12/09 04:45:43 INFO ResourceUtils: No custom resources configured for spark.driver.
[2021-12-09 04:45:43,311] {spark_submit.py:523} INFO - 21/12/09 04:45:43 INFO ResourceUtils: ==============================================================
[2021-12-09 04:45:43,313] {spark_submit.py:523} INFO - 21/12/09 04:45:43 INFO SparkContext: Submitted application: Remove file
[2021-12-09 04:45:43,352] {spark_submit.py:523} INFO - 21/12/09 04:45:43 INFO ResourceProfile: Default ResourceProfile created, executor resources: Map(cores -> name: cores, amount: 1, script: , vendor: , memory -> name: memory, amount: 1024, script: , vendor: , offHeap -> name: offHeap, amount: 0, script: , vendor: ), task resources: Map(cpus -> name: cpus, amount: 1.0)
[2021-12-09 04:45:43,369] {spark_submit.py:523} INFO - 21/12/09 04:45:43 INFO ResourceProfile: Limiting resource is cpu
[2021-12-09 04:45:43,370] {spark_submit.py:523} INFO - 21/12/09 04:45:43 INFO ResourceProfileManager: Added ResourceProfile id: 0
[2021-12-09 04:45:43,472] {spark_submit.py:523} INFO - 21/12/09 04:45:43 INFO SecurityManager: Changing view acls to: ***
[2021-12-09 04:45:43,473] {spark_submit.py:523} INFO - 21/12/09 04:45:43 INFO SecurityManager: Changing modify acls to: ***
[2021-12-09 04:45:43,474] {spark_submit.py:523} INFO - 21/12/09 04:45:43 INFO SecurityManager: Changing view acls groups to:
[2021-12-09 04:45:43,475] {spark_submit.py:523} INFO - 21/12/09 04:45:43 INFO SecurityManager: Changing modify acls groups to:
[2021-12-09 04:45:43,476] {spark_submit.py:523} INFO - 21/12/09 04:45:43 INFO SecurityManager: SecurityManager: authentication disabled; ui acls disabled; users  with view permissions: Set(***); groups with view permissions: Set(); users  with modify permissions: Set(***); groups with modify permissions: Set()
[2021-12-09 04:45:43,970] {spark_submit.py:523} INFO - 21/12/09 04:45:43 INFO Utils: Successfully started service 'sparkDriver' on port 39029.
[2021-12-09 04:45:44,019] {spark_submit.py:523} INFO - 21/12/09 04:45:44 INFO SparkEnv: Registering MapOutputTracker
[2021-12-09 04:45:44,080] {spark_submit.py:523} INFO - 21/12/09 04:45:44 INFO SparkEnv: Registering BlockManagerMaster
[2021-12-09 04:45:44,118] {spark_submit.py:523} INFO - 21/12/09 04:45:44 INFO BlockManagerMasterEndpoint: Using org.apache.spark.storage.DefaultTopologyMapper for getting topology information
[2021-12-09 04:45:44,119] {spark_submit.py:523} INFO - 21/12/09 04:45:44 INFO BlockManagerMasterEndpoint: BlockManagerMasterEndpoint up
[2021-12-09 04:45:44,128] {spark_submit.py:523} INFO - 21/12/09 04:45:44 INFO SparkEnv: Registering BlockManagerMasterHeartbeat
[2021-12-09 04:45:44,171] {spark_submit.py:523} INFO - 21/12/09 04:45:44 INFO DiskBlockManager: Created local directory at /tmp/blockmgr-d8cc67e6-ac61-4ad9-b7ed-e6299cae6e97
[2021-12-09 04:45:44,207] {spark_submit.py:523} INFO - 21/12/09 04:45:44 INFO MemoryStore: MemoryStore started with capacity 434.4 MiB
[2021-12-09 04:45:44,233] {spark_submit.py:523} INFO - 21/12/09 04:45:44 INFO SparkEnv: Registering OutputCommitCoordinator
[2021-12-09 04:45:44,580] {spark_submit.py:523} INFO - 21/12/09 04:45:44 INFO Utils: Successfully started service 'SparkUI' on port 4040.
[2021-12-09 04:45:44,684] {spark_submit.py:523} INFO - 21/12/09 04:45:44 INFO SparkUI: Bound SparkUI to 0.0.0.0, and started at http://041e6f8654c3:4040
[2021-12-09 04:45:45,027] {spark_submit.py:523} INFO - 21/12/09 04:45:45 INFO StandaloneAppClient$ClientEndpoint: Connecting to master spark://spark:7077...
[2021-12-09 04:45:45,135] {spark_submit.py:523} INFO - 21/12/09 04:45:45 INFO TransportClientFactory: Successfully created connection to spark/172.31.0.9:7077 after 59 ms (0 ms spent in bootstraps)
[2021-12-09 04:45:45,266] {spark_submit.py:523} INFO - 21/12/09 04:45:45 INFO StandaloneSchedulerBackend: Connected to Spark cluster with app ID app-20211209044545-0115
[2021-12-09 04:45:45,273] {spark_submit.py:523} INFO - 21/12/09 04:45:45 INFO StandaloneAppClient$ClientEndpoint: Executor added: app-20211209044545-0115/0 on worker-20211208102114-172.31.0.11-46307 (172.31.0.11:46307) with 6 core(s)
[2021-12-09 04:45:45,276] {spark_submit.py:523} INFO - 21/12/09 04:45:45 INFO StandaloneSchedulerBackend: Granted executor ID app-20211209044545-0115/0 on hostPort 172.31.0.11:46307 with 6 core(s), 1024.0 MiB RAM
[2021-12-09 04:45:45,281] {spark_submit.py:523} INFO - 21/12/09 04:45:45 INFO Utils: Successfully started service 'org.apache.spark.network.netty.NettyBlockTransferService' on port 46421.
[2021-12-09 04:45:45,283] {spark_submit.py:523} INFO - 21/12/09 04:45:45 INFO NettyBlockTransferService: Server created on 041e6f8654c3:46421
[2021-12-09 04:45:45,284] {spark_submit.py:523} INFO - 21/12/09 04:45:45 INFO BlockManager: Using org.apache.spark.storage.RandomBlockReplicationPolicy for block replication policy
[2021-12-09 04:45:45,296] {spark_submit.py:523} INFO - 21/12/09 04:45:45 INFO BlockManagerMaster: Registering BlockManager BlockManagerId(driver, 041e6f8654c3, 46421, None)
[2021-12-09 04:45:45,303] {spark_submit.py:523} INFO - 21/12/09 04:45:45 INFO BlockManagerMasterEndpoint: Registering block manager 041e6f8654c3:46421 with 434.4 MiB RAM, BlockManagerId(driver, 041e6f8654c3, 46421, None)
[2021-12-09 04:45:45,313] {spark_submit.py:523} INFO - 21/12/09 04:45:45 INFO BlockManagerMaster: Registered BlockManager BlockManagerId(driver, 041e6f8654c3, 46421, None)
[2021-12-09 04:45:45,315] {spark_submit.py:523} INFO - 21/12/09 04:45:45 INFO BlockManager: Initialized BlockManager: BlockManagerId(driver, 041e6f8654c3, 46421, None)
[2021-12-09 04:45:45,330] {spark_submit.py:523} INFO - 21/12/09 04:45:45 INFO StandaloneAppClient$ClientEndpoint: Executor updated: app-20211209044545-0115/0 is now RUNNING
[2021-12-09 04:45:45,626] {spark_submit.py:523} INFO - 21/12/09 04:45:45 INFO StandaloneSchedulerBackend: SchedulerBackend is ready for scheduling beginning after reached minRegisteredResourcesRatio: 0.0
[2021-12-09 04:45:45,684] {spark_submit.py:523} INFO - /home/***/.local/lib/python3.6/site-packages/pyspark/python/lib/pyspark.zip/pyspark/context.py:238: FutureWarning: Python 3.6 support is deprecated in Spark 3.2.
[2021-12-09 04:45:45,685] {spark_submit.py:523} INFO - FutureWarning
[2021-12-09 04:45:46,039] {spark_submit.py:523} INFO - 21/12/09 04:45:46 INFO SharedState: Setting hive.metastore.warehouse.dir ('null') to the value of spark.sql.warehouse.dir.
[2021-12-09 04:45:46,078] {spark_submit.py:523} INFO - 21/12/09 04:45:46 INFO SharedState: Warehouse path is 'file:/opt/***/spark-warehouse'.
[2021-12-09 04:45:47,192] {spark_submit.py:523} INFO - file: offaly_rent.json deleted
[2021-12-09 04:45:47,328] {spark_submit.py:523} INFO - 21/12/09 04:45:47 INFO SparkContext: Invoking stop() from shutdown hook
[2021-12-09 04:45:47,350] {spark_submit.py:523} INFO - 21/12/09 04:45:47 INFO SparkUI: Stopped Spark web UI at http://041e6f8654c3:4040
[2021-12-09 04:45:47,361] {spark_submit.py:523} INFO - 21/12/09 04:45:47 INFO StandaloneSchedulerBackend: Shutting down all executors
[2021-12-09 04:45:47,367] {spark_submit.py:523} INFO - 21/12/09 04:45:47 INFO CoarseGrainedSchedulerBackend$DriverEndpoint: Asking each executor to shut down
[2021-12-09 04:45:47,401] {spark_submit.py:523} INFO - 21/12/09 04:45:47 INFO MapOutputTrackerMasterEndpoint: MapOutputTrackerMasterEndpoint stopped!
[2021-12-09 04:45:47,433] {spark_submit.py:523} INFO - 21/12/09 04:45:47 INFO MemoryStore: MemoryStore cleared
[2021-12-09 04:45:47,435] {spark_submit.py:523} INFO - 21/12/09 04:45:47 INFO BlockManager: BlockManager stopped
[2021-12-09 04:45:47,447] {spark_submit.py:523} INFO - 21/12/09 04:45:47 INFO BlockManagerMaster: BlockManagerMaster stopped
[2021-12-09 04:45:47,451] {spark_submit.py:523} INFO - 21/12/09 04:45:47 INFO OutputCommitCoordinator$OutputCommitCoordinatorEndpoint: OutputCommitCoordinator stopped!
[2021-12-09 04:45:47,466] {spark_submit.py:523} INFO - 21/12/09 04:45:47 INFO SparkContext: Successfully stopped SparkContext
[2021-12-09 04:45:47,468] {spark_submit.py:523} INFO - 21/12/09 04:45:47 INFO ShutdownHookManager: Shutdown hook called
[2021-12-09 04:45:47,469] {spark_submit.py:523} INFO - 21/12/09 04:45:47 INFO ShutdownHookManager: Deleting directory /tmp/spark-3e7a747f-5b08-4338-8788-5bf0710b9965
[2021-12-09 04:45:47,474] {spark_submit.py:523} INFO - 21/12/09 04:45:47 INFO ShutdownHookManager: Deleting directory /tmp/spark-3e7a747f-5b08-4338-8788-5bf0710b9965/pyspark-fa92f0ce-1096-4796-904e-e8bc69075240
[2021-12-09 04:45:47,479] {spark_submit.py:523} INFO - 21/12/09 04:45:47 INFO ShutdownHookManager: Deleting directory /tmp/spark-da7ca9ac-2eb1-44a3-921a-202c02fee8c5
[2021-12-09 04:45:47,642] {taskinstance.py:1280} INFO - Marking task as SUCCESS. dag_id=scraping_daft_offaly, task_id=remove_file, execution_date=20211208T044500, start_date=20211209T044538, end_date=20211209T044547
[2021-12-09 04:45:47,691] {local_task_job.py:154} INFO - Task exited with return code 0
[2021-12-09 04:45:47,776] {local_task_job.py:264} INFO - 0 downstream tasks scheduled from follow-on schedule check
