[2022-01-02 12:23:22,822] {taskinstance.py:1035} INFO - Dependencies all met for <TaskInstance: scraping_daft_limerick.waiting_for_file scheduled__2022-01-01T10:05:00+00:00 [queued]>
[2022-01-02 12:23:22,875] {taskinstance.py:1035} INFO - Dependencies all met for <TaskInstance: scraping_daft_limerick.waiting_for_file scheduled__2022-01-01T10:05:00+00:00 [queued]>
[2022-01-02 12:23:22,879] {taskinstance.py:1241} INFO - 
--------------------------------------------------------------------------------
[2022-01-02 12:23:22,881] {taskinstance.py:1242} INFO - Starting attempt 1 of 4
[2022-01-02 12:23:22,882] {taskinstance.py:1243} INFO - 
--------------------------------------------------------------------------------
[2022-01-02 12:23:22,938] {taskinstance.py:1262} INFO - Executing <Task(FileSensor): waiting_for_file> on 2022-01-01 10:05:00+00:00
[2022-01-02 12:23:22,962] {standard_task_runner.py:52} INFO - Started process 5673 to run task
[2022-01-02 12:23:22,994] {standard_task_runner.py:76} INFO - Running: ['***', 'tasks', 'run', 'scraping_daft_limerick', 'waiting_for_file', 'scheduled__2022-01-01T10:05:00+00:00', '--job-id', '6144', '--raw', '--subdir', 'DAGS_FOLDER/scraping_daft_limerick.py', '--cfg-path', '/tmp/tmpefi4z75f', '--error-file', '/tmp/tmpll9bedot']
[2022-01-02 12:23:23,005] {standard_task_runner.py:77} INFO - Job 6144: Subtask waiting_for_file
[2022-01-02 12:23:23,364] {logging_mixin.py:109} INFO - Running <TaskInstance: scraping_daft_limerick.waiting_for_file scheduled__2022-01-01T10:05:00+00:00 [running]> on host bbddfc72aeab
[2022-01-02 12:23:24,463] {taskinstance.py:1429} INFO - Exporting the following env vars:
AIRFLOW_CTX_DAG_EMAIL=clement.liscoet@gmail.com
AIRFLOW_CTX_DAG_OWNER=clemoni
AIRFLOW_CTX_DAG_ID=scraping_daft_limerick
AIRFLOW_CTX_TASK_ID=waiting_for_file
AIRFLOW_CTX_EXECUTION_DATE=2022-01-01T10:05:00+00:00
AIRFLOW_CTX_DAG_RUN_ID=scheduled__2022-01-01T10:05:00+00:00
[2022-01-02 12:23:24,933] {filesystem.py:59} INFO - Poking for file data/limerick_rent.json
[2022-01-02 12:23:24,947] {filesystem.py:65} INFO - Found File data/limerick_rent.json last modified: 20220102122129
[2022-01-02 12:23:24,953] {base.py:249} INFO - Success criteria met. Exiting.
[2022-01-02 12:23:25,358] {taskinstance.py:1280} INFO - Marking task as SUCCESS. dag_id=scraping_daft_limerick, task_id=waiting_for_file, execution_date=20220101T100500, start_date=20220102T122322, end_date=20220102T122325
[2022-01-02 12:23:25,580] {local_task_job.py:154} INFO - Task exited with return code 0
[2022-01-02 12:23:25,932] {local_task_job.py:264} INFO - 1 downstream tasks scheduled from follow-on schedule check
