[2021-12-14 09:22:00,514] {taskinstance.py:1035} INFO - Dependencies all met for <TaskInstance: scraping_daft_clare.remove_file scheduled__2021-12-14T00:45:00+00:00 [queued]>
[2021-12-14 09:22:00,666] {taskinstance.py:1035} INFO - Dependencies all met for <TaskInstance: scraping_daft_clare.remove_file scheduled__2021-12-14T00:45:00+00:00 [queued]>
[2021-12-14 09:22:00,669] {taskinstance.py:1241} INFO - 
--------------------------------------------------------------------------------
[2021-12-14 09:22:00,672] {taskinstance.py:1242} INFO - Starting attempt 1 of 4
[2021-12-14 09:22:00,678] {taskinstance.py:1243} INFO - 
--------------------------------------------------------------------------------
[2021-12-14 09:22:00,822] {taskinstance.py:1262} INFO - Executing <Task(SparkSubmitOperator): remove_file> on 2021-12-14 00:45:00+00:00
[2021-12-14 09:22:00,898] {standard_task_runner.py:76} INFO - Running: ['***', 'tasks', 'run', 'scraping_daft_clare', 'remove_file', 'scheduled__2021-12-14T00:45:00+00:00', '--job-id', '2181', '--raw', '--subdir', 'DAGS_FOLDER/scraping_daft_clare.py', '--cfg-path', '/tmp/tmp4opx4m3a', '--error-file', '/tmp/tmpch1cjn9n']
[2021-12-14 09:22:00,904] {standard_task_runner.py:77} INFO - Job 2181: Subtask remove_file
[2021-12-14 09:22:00,856] {standard_task_runner.py:52} INFO - Started process 5101 to run task
[2021-12-14 09:22:01,235] {logging_mixin.py:109} INFO - Running <TaskInstance: scraping_daft_clare.remove_file scheduled__2021-12-14T00:45:00+00:00 [running]> on host 71d5aed90fce
[2021-12-14 09:22:01,983] {taskinstance.py:1429} INFO - Exporting the following env vars:
AIRFLOW_CTX_DAG_EMAIL=clement.liscoet@gmail.com
AIRFLOW_CTX_DAG_OWNER=clemoni
AIRFLOW_CTX_DAG_ID=scraping_daft_clare
AIRFLOW_CTX_TASK_ID=remove_file
AIRFLOW_CTX_EXECUTION_DATE=2021-12-14T00:45:00+00:00
AIRFLOW_CTX_DAG_RUN_ID=scheduled__2021-12-14T00:45:00+00:00
[2021-12-14 09:22:02,098] {base.py:79} INFO - Using connection to: id: spark_default. Host: spark://spark:7077, Port: None, Schema: , Login: ***, Password: ***, extra: {}
[2021-12-14 09:22:02,110] {spark_submit.py:360} INFO - Spark-Submit cmd: spark-submit --master spark://spark:7077 --conf spark.master=spark://spark:7077 --name remove file --verbose /opt/***/jobs/remove_file.py clare
[2021-12-14 09:22:20,225] {spark_submit.py:514} INFO - Using properties file: null
[2021-12-14 09:22:20,812] {spark_submit.py:514} INFO - WARNING: An illegal reflective access operation has occurred
[2021-12-14 09:22:20,814] {spark_submit.py:514} INFO - WARNING: Illegal reflective access by org.apache.spark.unsafe.Platform (file:/home/***/.local/lib/python3.6/site-packages/pyspark/jars/spark-unsafe_2.12-3.2.0.jar) to constructor java.nio.DirectByteBuffer(long,int)
[2021-12-14 09:22:20,815] {spark_submit.py:514} INFO - WARNING: Please consider reporting this to the maintainers of org.apache.spark.unsafe.Platform
[2021-12-14 09:22:20,815] {spark_submit.py:514} INFO - WARNING: Use --illegal-access=warn to enable warnings of further illegal reflective access operations
[2021-12-14 09:22:20,816] {spark_submit.py:514} INFO - WARNING: All illegal access operations will be denied in a future release
[2021-12-14 09:22:21,449] {spark_submit.py:514} INFO - Parsed arguments:
[2021-12-14 09:22:21,450] {spark_submit.py:514} INFO - master                  spark://spark:7077
[2021-12-14 09:22:21,451] {spark_submit.py:514} INFO - deployMode              null
[2021-12-14 09:22:21,454] {spark_submit.py:514} INFO - executorMemory          null
[2021-12-14 09:22:21,455] {spark_submit.py:514} INFO - executorCores           null
[2021-12-14 09:22:21,456] {spark_submit.py:514} INFO - totalExecutorCores      null
[2021-12-14 09:22:21,457] {spark_submit.py:514} INFO - propertiesFile          null
[2021-12-14 09:22:21,458] {spark_submit.py:514} INFO - driverMemory            null
[2021-12-14 09:22:21,460] {spark_submit.py:514} INFO - driverCores             null
[2021-12-14 09:22:21,461] {spark_submit.py:514} INFO - driverExtraClassPath    null
[2021-12-14 09:22:21,462] {spark_submit.py:514} INFO - driverExtraLibraryPath  null
[2021-12-14 09:22:21,465] {spark_submit.py:514} INFO - driverExtraJavaOptions  null
[2021-12-14 09:22:21,466] {spark_submit.py:514} INFO - supervise               false
[2021-12-14 09:22:21,467] {spark_submit.py:514} INFO - queue                   null
[2021-12-14 09:22:21,468] {spark_submit.py:514} INFO - numExecutors            null
[2021-12-14 09:22:21,469] {spark_submit.py:514} INFO - files                   null
[2021-12-14 09:22:21,471] {spark_submit.py:514} INFO - pyFiles                 null
[2021-12-14 09:22:21,472] {spark_submit.py:514} INFO - archives                null
[2021-12-14 09:22:21,473] {spark_submit.py:514} INFO - mainClass               null
[2021-12-14 09:22:21,474] {spark_submit.py:514} INFO - primaryResource         file:/opt/***/jobs/remove_file.py
[2021-12-14 09:22:21,475] {spark_submit.py:514} INFO - name                    remove file
[2021-12-14 09:22:21,482] {spark_submit.py:514} INFO - childArgs               [clare]
[2021-12-14 09:22:21,486] {spark_submit.py:514} INFO - jars                    null
[2021-12-14 09:22:21,487] {spark_submit.py:514} INFO - packages                null
[2021-12-14 09:22:21,487] {spark_submit.py:514} INFO - packagesExclusions      null
[2021-12-14 09:22:21,488] {spark_submit.py:514} INFO - repositories            null
[2021-12-14 09:22:21,489] {spark_submit.py:514} INFO - verbose                 true
[2021-12-14 09:22:21,490] {spark_submit.py:514} INFO - 
[2021-12-14 09:22:21,491] {spark_submit.py:514} INFO - Spark properties used, including those specified through
[2021-12-14 09:22:21,492] {spark_submit.py:514} INFO - --conf and those from the properties file null:
[2021-12-14 09:22:21,493] {spark_submit.py:514} INFO - (spark.master,spark://spark:7077)
[2021-12-14 09:22:21,494] {spark_submit.py:514} INFO - 
[2021-12-14 09:22:21,500] {spark_submit.py:514} INFO - 
[2021-12-14 09:22:24,105] {spark_submit.py:514} INFO - Main class:
[2021-12-14 09:22:24,125] {spark_submit.py:514} INFO - org.apache.spark.deploy.PythonRunner
[2021-12-14 09:22:24,143] {spark_submit.py:514} INFO - Arguments:
[2021-12-14 09:22:24,145] {spark_submit.py:514} INFO - file:/opt/***/jobs/remove_file.py
[2021-12-14 09:22:24,146] {spark_submit.py:514} INFO - null
[2021-12-14 09:22:24,147] {spark_submit.py:514} INFO - clare
[2021-12-14 09:22:24,148] {spark_submit.py:514} INFO - --verbose
[2021-12-14 09:22:24,229] {spark_submit.py:514} INFO - Spark config:
[2021-12-14 09:22:24,237] {spark_submit.py:514} INFO - (spark.app.name,remove file)
[2021-12-14 09:22:24,242] {spark_submit.py:514} INFO - (spark.master,spark://spark:7077)
[2021-12-14 09:22:24,244] {spark_submit.py:514} INFO - (spark.submit.pyFiles,)
[2021-12-14 09:22:24,246] {spark_submit.py:514} INFO - (spark.submit.deployMode,client)
[2021-12-14 09:22:24,249] {spark_submit.py:514} INFO - Classpath elements:
[2021-12-14 09:22:24,251] {spark_submit.py:514} INFO - 
[2021-12-14 09:22:24,261] {spark_submit.py:514} INFO - 
[2021-12-14 09:22:24,264] {spark_submit.py:514} INFO - 
[2021-12-14 09:22:32,990] {spark_submit.py:514} INFO - Using Spark's default log4j profile: org/apache/spark/log4j-defaults.properties
[2021-12-14 09:22:33,044] {spark_submit.py:514} INFO - 21/12/14 09:22:33 INFO SparkContext: Running Spark version 3.2.0
[2021-12-14 09:22:34,025] {spark_submit.py:514} INFO - 21/12/14 09:22:34 WARN NativeCodeLoader: Unable to load native-hadoop library for your platform... using builtin-java classes where applicable
[2021-12-14 09:22:35,292] {spark_submit.py:514} INFO - 21/12/14 09:22:35 INFO ResourceUtils: ==============================================================
[2021-12-14 09:22:35,295] {spark_submit.py:514} INFO - 21/12/14 09:22:35 INFO ResourceUtils: No custom resources configured for spark.driver.
[2021-12-14 09:22:35,296] {spark_submit.py:514} INFO - 21/12/14 09:22:35 INFO ResourceUtils: ==============================================================
[2021-12-14 09:22:35,298] {spark_submit.py:514} INFO - 21/12/14 09:22:35 INFO SparkContext: Submitted application: Remove file
[2021-12-14 09:22:35,362] {spark_submit.py:514} INFO - 21/12/14 09:22:35 INFO ResourceProfile: Default ResourceProfile created, executor resources: Map(cores -> name: cores, amount: 1, script: , vendor: , memory -> name: memory, amount: 1024, script: , vendor: , offHeap -> name: offHeap, amount: 0, script: , vendor: ), task resources: Map(cpus -> name: cpus, amount: 1.0)
[2021-12-14 09:22:35,399] {spark_submit.py:514} INFO - 21/12/14 09:22:35 INFO ResourceProfile: Limiting resource is cpu
[2021-12-14 09:22:35,401] {spark_submit.py:514} INFO - 21/12/14 09:22:35 INFO ResourceProfileManager: Added ResourceProfile id: 0
[2021-12-14 09:22:35,816] {spark_submit.py:514} INFO - 21/12/14 09:22:35 INFO SecurityManager: Changing view acls to: ***
[2021-12-14 09:22:35,819] {spark_submit.py:514} INFO - 21/12/14 09:22:35 INFO SecurityManager: Changing modify acls to: ***
[2021-12-14 09:22:35,823] {spark_submit.py:514} INFO - 21/12/14 09:22:35 INFO SecurityManager: Changing view acls groups to:
[2021-12-14 09:22:35,827] {spark_submit.py:514} INFO - 21/12/14 09:22:35 INFO SecurityManager: Changing modify acls groups to:
[2021-12-14 09:22:35,834] {spark_submit.py:514} INFO - 21/12/14 09:22:35 INFO SecurityManager: SecurityManager: authentication disabled; ui acls disabled; users  with view permissions: Set(***); groups with view permissions: Set(); users  with modify permissions: Set(***); groups with modify permissions: Set()
[2021-12-14 09:22:38,759] {spark_submit.py:514} INFO - 21/12/14 09:22:38 INFO Utils: Successfully started service 'sparkDriver' on port 45467.
[2021-12-14 09:22:39,229] {spark_submit.py:514} INFO - 21/12/14 09:22:39 INFO SparkEnv: Registering MapOutputTracker
[2021-12-14 09:22:55,917] {spark_submit.py:514} INFO - 21/12/14 09:22:55 INFO SparkEnv: Registering BlockManagerMaster
[2021-12-14 09:22:57,625] {spark_submit.py:514} INFO - 21/12/14 09:22:57 INFO BlockManagerMasterEndpoint: Using org.apache.spark.storage.DefaultTopologyMapper for getting topology information
[2021-12-14 09:22:57,639] {spark_submit.py:514} INFO - 21/12/14 09:22:57 INFO BlockManagerMasterEndpoint: BlockManagerMasterEndpoint up
[2021-12-14 09:22:58,122] {spark_submit.py:514} INFO - 21/12/14 09:22:58 INFO SparkEnv: Registering BlockManagerMasterHeartbeat
[2021-12-14 09:22:58,302] {spark_submit.py:514} INFO - 21/12/14 09:22:58 INFO DiskBlockManager: Created local directory at /tmp/blockmgr-9a5ef1f7-08ad-4316-8208-17e0423beaa1
[2021-12-14 09:22:58,421] {spark_submit.py:514} INFO - 21/12/14 09:22:58 INFO MemoryStore: MemoryStore started with capacity 434.4 MiB
[2021-12-14 09:22:58,588] {spark_submit.py:514} INFO - 21/12/14 09:22:58 INFO SparkEnv: Registering OutputCommitCoordinator
[2021-12-14 09:23:12,332] {spark_submit.py:514} INFO - 21/12/14 09:23:12 WARN Utils: Service 'SparkUI' could not bind on port 4040. Attempting port 4041.
[2021-12-14 09:23:12,596] {spark_submit.py:514} INFO - 21/12/14 09:23:12 WARN Utils: Service 'SparkUI' could not bind on port 4041. Attempting port 4042.
[2021-12-14 09:23:12,817] {spark_submit.py:514} INFO - 21/12/14 09:23:12 WARN Utils: Service 'SparkUI' could not bind on port 4042. Attempting port 4043.
[2021-12-14 09:23:12,833] {spark_submit.py:514} INFO - 21/12/14 09:23:12 WARN Utils: Service 'SparkUI' could not bind on port 4043. Attempting port 4044.
[2021-12-14 09:23:13,043] {spark_submit.py:514} INFO - 21/12/14 09:23:12 WARN Utils: Service 'SparkUI' could not bind on port 4044. Attempting port 4045.
[2021-12-14 09:23:13,065] {spark_submit.py:514} INFO - 21/12/14 09:23:12 WARN Utils: Service 'SparkUI' could not bind on port 4045. Attempting port 4046.
[2021-12-14 09:23:13,165] {spark_submit.py:514} INFO - 21/12/14 09:23:13 WARN Utils: Service 'SparkUI' could not bind on port 4046. Attempting port 4047.
[2021-12-14 09:23:13,183] {spark_submit.py:514} INFO - 21/12/14 09:23:13 WARN Utils: Service 'SparkUI' could not bind on port 4047. Attempting port 4048.
[2021-12-14 09:23:14,753] {spark_submit.py:514} INFO - 21/12/14 09:23:14 INFO Utils: Successfully started service 'SparkUI' on port 4048.
[2021-12-14 09:23:16,828] {spark_submit.py:514} INFO - 21/12/14 09:23:16 INFO SparkUI: Bound SparkUI to 0.0.0.0, and started at http://71d5aed90fce:4048
[2021-12-14 09:23:20,265] {spark_submit.py:514} INFO - 21/12/14 09:23:20 INFO StandaloneAppClient$ClientEndpoint: Connecting to master spark://spark:7077...
[2021-12-14 09:23:20,786] {spark_submit.py:514} INFO - 21/12/14 09:23:20 INFO TransportClientFactory: Successfully created connection to spark/172.18.0.4:7077 after 327 ms (0 ms spent in bootstraps)
[2021-12-14 09:23:22,058] {spark_submit.py:514} INFO - 21/12/14 09:23:22 INFO StandaloneSchedulerBackend: Connected to Spark cluster with app ID app-20211214092321-0036
[2021-12-14 09:23:22,357] {spark_submit.py:514} INFO - 21/12/14 09:23:22 INFO Utils: Successfully started service 'org.apache.spark.network.netty.NettyBlockTransferService' on port 39407.
[2021-12-14 09:23:22,359] {spark_submit.py:514} INFO - 21/12/14 09:23:22 INFO NettyBlockTransferService: Server created on 71d5aed90fce:39407
[2021-12-14 09:23:22,380] {spark_submit.py:514} INFO - 21/12/14 09:23:22 INFO BlockManager: Using org.apache.spark.storage.RandomBlockReplicationPolicy for block replication policy
[2021-12-14 09:23:22,454] {spark_submit.py:514} INFO - 21/12/14 09:23:22 INFO BlockManagerMaster: Registering BlockManager BlockManagerId(driver, 71d5aed90fce, 39407, None)
[2021-12-14 09:23:22,463] {spark_submit.py:514} INFO - 21/12/14 09:23:22 INFO BlockManagerMasterEndpoint: Registering block manager 71d5aed90fce:39407 with 434.4 MiB RAM, BlockManagerId(driver, 71d5aed90fce, 39407, None)
[2021-12-14 09:23:22,477] {spark_submit.py:514} INFO - 21/12/14 09:23:22 INFO BlockManagerMaster: Registered BlockManager BlockManagerId(driver, 71d5aed90fce, 39407, None)
[2021-12-14 09:23:22,480] {spark_submit.py:514} INFO - 21/12/14 09:23:22 INFO BlockManager: Initialized BlockManager: BlockManagerId(driver, 71d5aed90fce, 39407, None)
[2021-12-14 09:23:25,681] {spark_submit.py:514} INFO - 21/12/14 09:23:25 INFO StandaloneSchedulerBackend: SchedulerBackend is ready for scheduling beginning after reached minRegisteredResourcesRatio: 0.0
[2021-12-14 09:23:26,300] {spark_submit.py:514} INFO - /home/***/.local/lib/python3.6/site-packages/pyspark/python/lib/pyspark.zip/pyspark/context.py:238: FutureWarning: Python 3.6 support is deprecated in Spark 3.2.
[2021-12-14 09:23:26,302] {spark_submit.py:514} INFO - FutureWarning
[2021-12-14 09:23:29,375] {spark_submit.py:514} INFO - 21/12/14 09:23:29 INFO SharedState: Setting hive.metastore.warehouse.dir ('null') to the value of spark.sql.warehouse.dir.
[2021-12-14 09:23:29,438] {spark_submit.py:514} INFO - 21/12/14 09:23:29 INFO SharedState: Warehouse path is 'file:/opt/***/spark-warehouse'.
[2021-12-14 09:23:45,825] {spark_submit.py:514} INFO - file: clare_rent.json deleted
[2021-12-14 09:23:46,707] {spark_submit.py:514} INFO - 21/12/14 09:23:46 INFO SparkContext: Invoking stop() from shutdown hook
[2021-12-14 09:23:46,854] {spark_submit.py:514} INFO - 21/12/14 09:23:46 INFO SparkUI: Stopped Spark web UI at http://71d5aed90fce:4048
[2021-12-14 09:23:46,941] {spark_submit.py:514} INFO - 21/12/14 09:23:46 INFO StandaloneSchedulerBackend: Shutting down all executors
[2021-12-14 09:23:47,047] {spark_submit.py:514} INFO - 21/12/14 09:23:47 INFO CoarseGrainedSchedulerBackend$DriverEndpoint: Asking each executor to shut down
[2021-12-14 09:23:47,327] {spark_submit.py:514} INFO - 21/12/14 09:23:47 INFO MapOutputTrackerMasterEndpoint: MapOutputTrackerMasterEndpoint stopped!
[2021-12-14 09:23:47,635] {spark_submit.py:514} INFO - 21/12/14 09:23:47 INFO MemoryStore: MemoryStore cleared
[2021-12-14 09:23:47,646] {spark_submit.py:514} INFO - 21/12/14 09:23:47 INFO BlockManager: BlockManager stopped
[2021-12-14 09:23:47,691] {spark_submit.py:514} INFO - 21/12/14 09:23:47 INFO BlockManagerMaster: BlockManagerMaster stopped
[2021-12-14 09:23:47,694] {spark_submit.py:514} INFO - 21/12/14 09:23:47 INFO OutputCommitCoordinator$OutputCommitCoordinatorEndpoint: OutputCommitCoordinator stopped!
[2021-12-14 09:23:47,901] {spark_submit.py:514} INFO - 21/12/14 09:23:47 INFO SparkContext: Successfully stopped SparkContext
[2021-12-14 09:23:47,904] {spark_submit.py:514} INFO - 21/12/14 09:23:47 INFO ShutdownHookManager: Shutdown hook called
[2021-12-14 09:23:47,910] {spark_submit.py:514} INFO - 21/12/14 09:23:47 INFO ShutdownHookManager: Deleting directory /tmp/spark-f99e98ce-0b65-4e9a-ad67-bebc2d77e0cf
[2021-12-14 09:23:47,949] {spark_submit.py:514} INFO - 21/12/14 09:23:47 INFO ShutdownHookManager: Deleting directory /tmp/spark-4d2b64a5-0a43-43d6-b5ae-b7108bdcf8e8
[2021-12-14 09:23:48,010] {spark_submit.py:514} INFO - 21/12/14 09:23:48 INFO ShutdownHookManager: Deleting directory /tmp/spark-4d2b64a5-0a43-43d6-b5ae-b7108bdcf8e8/pyspark-a886f30d-7788-473d-ac0a-00991c34d805
[2021-12-14 09:23:49,030] {taskinstance.py:1280} INFO - Marking task as SUCCESS. dag_id=scraping_daft_clare, task_id=remove_file, execution_date=20211214T004500, start_date=20211214T092200, end_date=20211214T092349
[2021-12-14 09:23:49,339] {local_task_job.py:154} INFO - Task exited with return code 0
[2021-12-14 09:23:49,679] {local_task_job.py:264} INFO - 0 downstream tasks scheduled from follow-on schedule check
