[2021-12-07 16:29:47,663] {taskinstance.py:1035} INFO - Dependencies all met for <TaskInstance: scraping_daft_galway.scrap_data manual__2021-12-07T16:29:44.415913+00:00 [queued]>
[2021-12-07 16:29:47,697] {taskinstance.py:1035} INFO - Dependencies all met for <TaskInstance: scraping_daft_galway.scrap_data manual__2021-12-07T16:29:44.415913+00:00 [queued]>
[2021-12-07 16:29:47,699] {taskinstance.py:1241} INFO - 
--------------------------------------------------------------------------------
[2021-12-07 16:29:47,700] {taskinstance.py:1242} INFO - Starting attempt 1 of 3
[2021-12-07 16:29:47,701] {taskinstance.py:1243} INFO - 
--------------------------------------------------------------------------------
[2021-12-07 16:29:47,735] {taskinstance.py:1262} INFO - Executing <Task(SparkSubmitOperator): scrap_data> on 2021-12-07 16:29:44.415913+00:00
[2021-12-07 16:29:47,747] {standard_task_runner.py:76} INFO - Running: ['***', 'tasks', 'run', 'scraping_daft_galway', 'scrap_data', 'manual__2021-12-07T16:29:44.415913+00:00', '--job-id', '361', '--raw', '--subdir', 'DAGS_FOLDER/scraping_daft_galway.py', '--cfg-path', '/tmp/tmpvjxe71fj', '--error-file', '/tmp/tmpjwluc97k']
[2021-12-07 16:29:47,750] {standard_task_runner.py:77} INFO - Job 361: Subtask scrap_data
[2021-12-07 16:29:47,743] {standard_task_runner.py:52} INFO - Started process 3465 to run task
[2021-12-07 16:29:47,927] {logging_mixin.py:109} INFO - Running <TaskInstance: scraping_daft_galway.scrap_data manual__2021-12-07T16:29:44.415913+00:00 [running]> on host ec9c140e7984
[2021-12-07 16:29:48,285] {taskinstance.py:1429} INFO - Exporting the following env vars:
AIRFLOW_CTX_DAG_EMAIL=***@example.com
AIRFLOW_CTX_DAG_OWNER=clemoni
AIRFLOW_CTX_DAG_ID=scraping_daft_galway
AIRFLOW_CTX_TASK_ID=scrap_data
AIRFLOW_CTX_EXECUTION_DATE=2021-12-07T16:29:44.415913+00:00
AIRFLOW_CTX_DAG_RUN_ID=manual__2021-12-07T16:29:44.415913+00:00
[2021-12-07 16:29:48,332] {base.py:79} INFO - Using connection to: id: spark_default. Host: spark://spark:7077, Port: None, Schema: , Login: ***, Password: ***, extra: {}
[2021-12-07 16:29:48,336] {spark_submit.py:362} INFO - Spark-Submit cmd: spark-submit --master spark://spark:7077 --conf spark.master=spark://spark:7077 --name scrap data --verbose /opt/***/jobs/get_ads_per_county.py galway
[2021-12-07 16:29:50,961] {spark_submit.py:523} INFO - Using properties file: null
[2021-12-07 16:29:51,172] {spark_submit.py:523} INFO - WARNING: An illegal reflective access operation has occurred
[2021-12-07 16:29:51,174] {spark_submit.py:523} INFO - WARNING: Illegal reflective access by org.apache.spark.unsafe.Platform (file:/home/***/.local/lib/python3.6/site-packages/pyspark/jars/spark-unsafe_2.12-3.2.0.jar) to constructor java.nio.DirectByteBuffer(long,int)
[2021-12-07 16:29:51,175] {spark_submit.py:523} INFO - WARNING: Please consider reporting this to the maintainers of org.apache.spark.unsafe.Platform
[2021-12-07 16:29:51,177] {spark_submit.py:523} INFO - WARNING: Use --illegal-access=warn to enable warnings of further illegal reflective access operations
[2021-12-07 16:29:51,179] {spark_submit.py:523} INFO - WARNING: All illegal access operations will be denied in a future release
[2021-12-07 16:29:51,284] {spark_submit.py:523} INFO - Parsed arguments:
[2021-12-07 16:29:51,286] {spark_submit.py:523} INFO - master                  spark://spark:7077
[2021-12-07 16:29:51,287] {spark_submit.py:523} INFO - deployMode              null
[2021-12-07 16:29:51,288] {spark_submit.py:523} INFO - executorMemory          null
[2021-12-07 16:29:51,289] {spark_submit.py:523} INFO - executorCores           null
[2021-12-07 16:29:51,291] {spark_submit.py:523} INFO - totalExecutorCores      null
[2021-12-07 16:29:51,292] {spark_submit.py:523} INFO - propertiesFile          null
[2021-12-07 16:29:51,293] {spark_submit.py:523} INFO - driverMemory            null
[2021-12-07 16:29:51,295] {spark_submit.py:523} INFO - driverCores             null
[2021-12-07 16:29:51,296] {spark_submit.py:523} INFO - driverExtraClassPath    null
[2021-12-07 16:29:51,299] {spark_submit.py:523} INFO - driverExtraLibraryPath  null
[2021-12-07 16:29:51,305] {spark_submit.py:523} INFO - driverExtraJavaOptions  null
[2021-12-07 16:29:51,307] {spark_submit.py:523} INFO - supervise               false
[2021-12-07 16:29:51,308] {spark_submit.py:523} INFO - queue                   null
[2021-12-07 16:29:51,311] {spark_submit.py:523} INFO - numExecutors            null
[2021-12-07 16:29:51,315] {spark_submit.py:523} INFO - files                   null
[2021-12-07 16:29:51,317] {spark_submit.py:523} INFO - pyFiles                 null
[2021-12-07 16:29:51,320] {spark_submit.py:523} INFO - archives                null
[2021-12-07 16:29:51,321] {spark_submit.py:523} INFO - mainClass               null
[2021-12-07 16:29:51,325] {spark_submit.py:523} INFO - primaryResource         file:/opt/***/jobs/get_ads_per_county.py
[2021-12-07 16:29:51,328] {spark_submit.py:523} INFO - name                    scrap data
[2021-12-07 16:29:51,330] {spark_submit.py:523} INFO - childArgs               [galway]
[2021-12-07 16:29:51,351] {spark_submit.py:523} INFO - jars                    null
[2021-12-07 16:29:51,353] {spark_submit.py:523} INFO - packages                null
[2021-12-07 16:29:51,356] {spark_submit.py:523} INFO - packagesExclusions      null
[2021-12-07 16:29:51,358] {spark_submit.py:523} INFO - repositories            null
[2021-12-07 16:29:51,360] {spark_submit.py:523} INFO - verbose                 true
[2021-12-07 16:29:51,362] {spark_submit.py:523} INFO - 
[2021-12-07 16:29:51,364] {spark_submit.py:523} INFO - Spark properties used, including those specified through
[2021-12-07 16:29:51,365] {spark_submit.py:523} INFO - --conf and those from the properties file null:
[2021-12-07 16:29:51,366] {spark_submit.py:523} INFO - (spark.master,spark://spark:7077)
[2021-12-07 16:29:51,368] {spark_submit.py:523} INFO - 
[2021-12-07 16:29:51,369] {spark_submit.py:523} INFO - 
[2021-12-07 16:29:51,768] {spark_submit.py:523} INFO - Main class:
[2021-12-07 16:29:51,769] {spark_submit.py:523} INFO - org.apache.spark.deploy.PythonRunner
[2021-12-07 16:29:51,770] {spark_submit.py:523} INFO - Arguments:
[2021-12-07 16:29:51,771] {spark_submit.py:523} INFO - file:/opt/***/jobs/get_ads_per_county.py
[2021-12-07 16:29:51,772] {spark_submit.py:523} INFO - null
[2021-12-07 16:29:51,773] {spark_submit.py:523} INFO - galway
[2021-12-07 16:29:51,774] {spark_submit.py:523} INFO - --verbose
[2021-12-07 16:29:51,776] {spark_submit.py:523} INFO - Spark config:
[2021-12-07 16:29:51,777] {spark_submit.py:523} INFO - (spark.app.name,scrap data)
[2021-12-07 16:29:51,778] {spark_submit.py:523} INFO - (spark.master,spark://spark:7077)
[2021-12-07 16:29:51,779] {spark_submit.py:523} INFO - (spark.submit.pyFiles,)
[2021-12-07 16:29:51,780] {spark_submit.py:523} INFO - (spark.submit.deployMode,client)
[2021-12-07 16:29:51,782] {spark_submit.py:523} INFO - Classpath elements:
[2021-12-07 16:29:51,784] {spark_submit.py:523} INFO - 
[2021-12-07 16:29:51,785] {spark_submit.py:523} INFO - 
[2021-12-07 16:29:51,787] {spark_submit.py:523} INFO - 
[2021-12-07 16:29:53,129] {spark_submit.py:523} INFO - Using Spark's default log4j profile: org/apache/spark/log4j-defaults.properties
[2021-12-07 16:29:53,147] {spark_submit.py:523} INFO - 21/12/07 16:29:53 INFO SparkContext: Running Spark version 3.2.0
[2021-12-07 16:29:53,295] {spark_submit.py:523} INFO - 21/12/07 16:29:53 WARN NativeCodeLoader: Unable to load native-hadoop library for your platform... using builtin-java classes where applicable
[2021-12-07 16:29:53,493] {spark_submit.py:523} INFO - 21/12/07 16:29:53 INFO ResourceUtils: ==============================================================
[2021-12-07 16:29:53,494] {spark_submit.py:523} INFO - 21/12/07 16:29:53 INFO ResourceUtils: No custom resources configured for spark.driver.
[2021-12-07 16:29:53,495] {spark_submit.py:523} INFO - 21/12/07 16:29:53 INFO ResourceUtils: ==============================================================
[2021-12-07 16:29:53,496] {spark_submit.py:523} INFO - 21/12/07 16:29:53 INFO SparkContext: Submitted application: Get Ads per county
[2021-12-07 16:29:53,541] {spark_submit.py:523} INFO - 21/12/07 16:29:53 INFO ResourceProfile: Default ResourceProfile created, executor resources: Map(cores -> name: cores, amount: 1, script: , vendor: , memory -> name: memory, amount: 1024, script: , vendor: , offHeap -> name: offHeap, amount: 0, script: , vendor: ), task resources: Map(cpus -> name: cpus, amount: 1.0)
[2021-12-07 16:29:53,556] {spark_submit.py:523} INFO - 21/12/07 16:29:53 INFO ResourceProfile: Limiting resource is cpu
[2021-12-07 16:29:53,557] {spark_submit.py:523} INFO - 21/12/07 16:29:53 INFO ResourceProfileManager: Added ResourceProfile id: 0
[2021-12-07 16:29:53,635] {spark_submit.py:523} INFO - 21/12/07 16:29:53 INFO SecurityManager: Changing view acls to: ***
[2021-12-07 16:29:53,636] {spark_submit.py:523} INFO - 21/12/07 16:29:53 INFO SecurityManager: Changing modify acls to: ***
[2021-12-07 16:29:53,638] {spark_submit.py:523} INFO - 21/12/07 16:29:53 INFO SecurityManager: Changing view acls groups to:
[2021-12-07 16:29:53,638] {spark_submit.py:523} INFO - 21/12/07 16:29:53 INFO SecurityManager: Changing modify acls groups to:
[2021-12-07 16:29:53,639] {spark_submit.py:523} INFO - 21/12/07 16:29:53 INFO SecurityManager: SecurityManager: authentication disabled; ui acls disabled; users  with view permissions: Set(***); groups with view permissions: Set(); users  with modify permissions: Set(***); groups with modify permissions: Set()
[2021-12-07 16:29:54,177] {spark_submit.py:523} INFO - 21/12/07 16:29:54 INFO Utils: Successfully started service 'sparkDriver' on port 39387.
[2021-12-07 16:29:54,231] {spark_submit.py:523} INFO - 21/12/07 16:29:54 INFO SparkEnv: Registering MapOutputTracker
[2021-12-07 16:29:54,296] {spark_submit.py:523} INFO - 21/12/07 16:29:54 INFO SparkEnv: Registering BlockManagerMaster
[2021-12-07 16:29:54,328] {spark_submit.py:523} INFO - 21/12/07 16:29:54 INFO BlockManagerMasterEndpoint: Using org.apache.spark.storage.DefaultTopologyMapper for getting topology information
[2021-12-07 16:29:54,330] {spark_submit.py:523} INFO - 21/12/07 16:29:54 INFO BlockManagerMasterEndpoint: BlockManagerMasterEndpoint up
[2021-12-07 16:29:54,337] {spark_submit.py:523} INFO - 21/12/07 16:29:54 INFO SparkEnv: Registering BlockManagerMasterHeartbeat
[2021-12-07 16:29:54,375] {spark_submit.py:523} INFO - 21/12/07 16:29:54 INFO DiskBlockManager: Created local directory at /tmp/blockmgr-b980b6a3-0080-4a73-8dfc-87d93b203c85
[2021-12-07 16:29:54,407] {spark_submit.py:523} INFO - 21/12/07 16:29:54 INFO MemoryStore: MemoryStore started with capacity 434.4 MiB
[2021-12-07 16:29:54,433] {spark_submit.py:523} INFO - 21/12/07 16:29:54 INFO SparkEnv: Registering OutputCommitCoordinator
[2021-12-07 16:29:54,753] {spark_submit.py:523} INFO - 21/12/07 16:29:54 WARN Utils: Service 'SparkUI' could not bind on port 4040. Attempting port 4041.
[2021-12-07 16:29:54,775] {spark_submit.py:523} INFO - 21/12/07 16:29:54 INFO Utils: Successfully started service 'SparkUI' on port 4041.
[2021-12-07 16:29:54,937] {spark_submit.py:523} INFO - 21/12/07 16:29:54 INFO SparkUI: Bound SparkUI to 0.0.0.0, and started at http://ec9c140e7984:4041
[2021-12-07 16:29:55,231] {spark_submit.py:523} INFO - 21/12/07 16:29:55 INFO StandaloneAppClient$ClientEndpoint: Connecting to master spark://spark:7077...
[2021-12-07 16:29:55,327] {spark_submit.py:523} INFO - 21/12/07 16:29:55 INFO TransportClientFactory: Successfully created connection to spark/172.30.0.4:7077 after 56 ms (0 ms spent in bootstraps)
[2021-12-07 16:29:55,448] {spark_submit.py:523} INFO - 21/12/07 16:29:55 INFO StandaloneSchedulerBackend: Connected to Spark cluster with app ID app-20211207162955-0017
[2021-12-07 16:29:55,459] {spark_submit.py:523} INFO - 21/12/07 16:29:55 INFO Utils: Successfully started service 'org.apache.spark.network.netty.NettyBlockTransferService' on port 42257.
[2021-12-07 16:29:55,460] {spark_submit.py:523} INFO - 21/12/07 16:29:55 INFO NettyBlockTransferService: Server created on ec9c140e7984:42257
[2021-12-07 16:29:55,462] {spark_submit.py:523} INFO - 21/12/07 16:29:55 INFO BlockManager: Using org.apache.spark.storage.RandomBlockReplicationPolicy for block replication policy
[2021-12-07 16:29:55,473] {spark_submit.py:523} INFO - 21/12/07 16:29:55 INFO BlockManagerMaster: Registering BlockManager BlockManagerId(driver, ec9c140e7984, 42257, None)
[2021-12-07 16:29:55,478] {spark_submit.py:523} INFO - 21/12/07 16:29:55 INFO BlockManagerMasterEndpoint: Registering block manager ec9c140e7984:42257 with 434.4 MiB RAM, BlockManagerId(driver, ec9c140e7984, 42257, None)
[2021-12-07 16:29:55,483] {spark_submit.py:523} INFO - 21/12/07 16:29:55 INFO BlockManagerMaster: Registered BlockManager BlockManagerId(driver, ec9c140e7984, 42257, None)
[2021-12-07 16:29:55,485] {spark_submit.py:523} INFO - 21/12/07 16:29:55 INFO BlockManager: Initialized BlockManager: BlockManagerId(driver, ec9c140e7984, 42257, None)
[2021-12-07 16:29:55,816] {spark_submit.py:523} INFO - 21/12/07 16:29:55 INFO StandaloneSchedulerBackend: SchedulerBackend is ready for scheduling beginning after reached minRegisteredResourcesRatio: 0.0
[2021-12-07 16:29:55,871] {spark_submit.py:523} INFO - /home/***/.local/lib/python3.6/site-packages/pyspark/python/lib/pyspark.zip/pyspark/context.py:238: FutureWarning: Python 3.6 support is deprecated in Spark 3.2.
[2021-12-07 16:29:55,872] {spark_submit.py:523} INFO - FutureWarning
[2021-12-07 16:29:56,128] {spark_submit.py:523} INFO - 21/12/07 16:29:56 INFO SharedState: Setting hive.metastore.warehouse.dir ('null') to the value of spark.sql.warehouse.dir.
[2021-12-07 16:29:56,188] {spark_submit.py:523} INFO - 21/12/07 16:29:56 INFO SharedState: Warehouse path is 'file:/opt/***/spark-warehouse'.
[2021-12-07 16:29:59,024] {spark_submit.py:523} INFO - running...
[2021-12-07 16:29:59,026] {spark_submit.py:523} INFO - running...
[2021-12-07 16:29:59,523] {spark_submit.py:523} INFO - running...
[2021-12-07 16:30:00,062] {spark_submit.py:523} INFO - running...
[2021-12-07 16:30:00,728] {spark_submit.py:523} INFO - running...
[2021-12-07 16:30:01,187] {spark_submit.py:523} INFO - running...
[2021-12-07 16:30:01,609] {spark_submit.py:523} INFO - running...
[2021-12-07 16:30:01,972] {spark_submit.py:523} INFO - running...
[2021-12-07 16:30:02,683] {spark_submit.py:523} INFO - running...
[2021-12-07 16:30:03,169] {spark_submit.py:523} INFO - running...
[2021-12-07 16:30:03,663] {spark_submit.py:523} INFO - running...
[2021-12-07 16:30:04,057] {spark_submit.py:523} INFO - running...
[2021-12-07 16:30:04,563] {spark_submit.py:523} INFO - running...
[2021-12-07 16:30:05,010] {spark_submit.py:523} INFO - running...
[2021-12-07 16:30:05,614] {spark_submit.py:523} INFO - running...
[2021-12-07 16:30:06,088] {spark_submit.py:523} INFO - running...
[2021-12-07 16:30:06,563] {spark_submit.py:523} INFO - running...
[2021-12-07 16:30:07,177] {spark_submit.py:523} INFO - running...
[2021-12-07 16:30:07,808] {spark_submit.py:523} INFO - running...
[2021-12-07 16:30:08,256] {spark_submit.py:523} INFO - running...
[2021-12-07 16:30:09,699] {spark_submit.py:523} INFO - running...
[2021-12-07 16:30:10,225] {spark_submit.py:523} INFO - running...
[2021-12-07 16:30:10,609] {spark_submit.py:523} INFO - running...
[2021-12-07 16:30:11,154] {spark_submit.py:523} INFO - running...
[2021-12-07 16:30:11,664] {spark_submit.py:523} INFO - running...
[2021-12-07 16:30:12,040] {spark_submit.py:523} INFO - running...
[2021-12-07 16:30:12,561] {spark_submit.py:523} INFO - running...
[2021-12-07 16:30:12,922] {spark_submit.py:523} INFO - running...
[2021-12-07 16:30:13,511] {spark_submit.py:523} INFO - running...
[2021-12-07 16:30:14,085] {spark_submit.py:523} INFO - running...
[2021-12-07 16:30:14,478] {spark_submit.py:523} INFO - running...
[2021-12-07 16:30:14,892] {spark_submit.py:523} INFO - running...
[2021-12-07 16:30:15,348] {spark_submit.py:523} INFO - running...
[2021-12-07 16:30:15,786] {spark_submit.py:523} INFO - running...
[2021-12-07 16:30:16,311] {spark_submit.py:523} INFO - running...
[2021-12-07 16:30:16,724] {spark_submit.py:523} INFO - running...
[2021-12-07 16:30:17,396] {spark_submit.py:523} INFO - running...
[2021-12-07 16:30:18,013] {spark_submit.py:523} INFO - running...
[2021-12-07 16:30:18,568] {spark_submit.py:523} INFO - running...
[2021-12-07 16:30:19,024] {spark_submit.py:523} INFO - running...
[2021-12-07 16:30:20,622] {spark_submit.py:523} INFO - running...
[2021-12-07 16:30:21,089] {spark_submit.py:523} INFO - running...
[2021-12-07 16:30:21,626] {spark_submit.py:523} INFO - running...
[2021-12-07 16:30:22,117] {spark_submit.py:523} INFO - running...
[2021-12-07 16:30:22,655] {spark_submit.py:523} INFO - running...
[2021-12-07 16:30:23,214] {spark_submit.py:523} INFO - running...
[2021-12-07 16:30:23,742] {spark_submit.py:523} INFO - running...
[2021-12-07 16:30:24,393] {spark_submit.py:523} INFO - running...
[2021-12-07 16:30:24,856] {spark_submit.py:523} INFO - running...
[2021-12-07 16:30:25,192] {spark_submit.py:523} INFO - running...
[2021-12-07 16:30:25,763] {spark_submit.py:523} INFO - running...
[2021-12-07 16:30:26,654] {spark_submit.py:523} INFO - running...
[2021-12-07 16:30:27,743] {spark_submit.py:523} INFO - running...
[2021-12-07 16:30:28,429] {spark_submit.py:523} INFO - running...
[2021-12-07 16:30:29,407] {spark_submit.py:523} INFO - running...
[2021-12-07 16:30:30,502] {spark_submit.py:523} INFO - running...
[2021-12-07 16:30:30,857] {spark_submit.py:523} INFO - running...
[2021-12-07 16:30:31,719] {spark_submit.py:523} INFO - running...
[2021-12-07 16:30:32,524] {spark_submit.py:523} INFO - running...
[2021-12-07 16:30:33,436] {spark_submit.py:523} INFO - running...
[2021-12-07 16:30:35,982] {spark_submit.py:523} INFO - running...
[2021-12-07 16:30:36,360] {spark_submit.py:523} INFO - running...
[2021-12-07 16:30:36,914] {spark_submit.py:523} INFO - running...
[2021-12-07 16:30:37,133] {spark_submit.py:523} INFO - 21/12/07 16:30:37 INFO StandaloneAppClient$ClientEndpoint: Executor added: app-20211207162955-0017/0 on worker-20211207161718-172.30.0.5-39389 (172.30.0.5:39389) with 6 core(s)
[2021-12-07 16:30:37,144] {spark_submit.py:523} INFO - 21/12/07 16:30:37 INFO StandaloneSchedulerBackend: Granted executor ID app-20211207162955-0017/0 on hostPort 172.30.0.5:39389 with 6 core(s), 1024.0 MiB RAM
[2021-12-07 16:30:37,146] {spark_submit.py:523} INFO - 21/12/07 16:30:37 INFO StandaloneAppClient$ClientEndpoint: Executor added: app-20211207162955-0017/1 on worker-20211207161719-172.30.0.6-44905 (172.30.0.6:44905) with 6 core(s)
[2021-12-07 16:30:37,156] {spark_submit.py:523} INFO - 21/12/07 16:30:37 INFO StandaloneSchedulerBackend: Granted executor ID app-20211207162955-0017/1 on hostPort 172.30.0.6:44905 with 6 core(s), 1024.0 MiB RAM
[2021-12-07 16:30:37,193] {spark_submit.py:523} INFO - 21/12/07 16:30:37 INFO StandaloneAppClient$ClientEndpoint: Executor updated: app-20211207162955-0017/0 is now RUNNING
[2021-12-07 16:30:37,258] {spark_submit.py:523} INFO - 21/12/07 16:30:37 INFO StandaloneAppClient$ClientEndpoint: Executor updated: app-20211207162955-0017/1 is now RUNNING
[2021-12-07 16:30:38,389] {spark_submit.py:523} INFO - running...
[2021-12-07 16:30:39,595] {spark_submit.py:523} INFO - running...
[2021-12-07 16:30:40,853] {spark_submit.py:523} INFO - running...
[2021-12-07 16:30:42,035] {spark_submit.py:523} INFO - running...
[2021-12-07 16:30:44,475] {spark_submit.py:523} INFO - 21/12/07 16:30:44 INFO CoarseGrainedSchedulerBackend$DriverEndpoint: Registered executor NettyRpcEndpointRef(spark-client://Executor) (172.30.0.6:53222) with ID 1,  ResourceProfileId 0
[2021-12-07 16:30:44,477] {spark_submit.py:523} INFO - 21/12/07 16:30:44 INFO CoarseGrainedSchedulerBackend$DriverEndpoint: Registered executor NettyRpcEndpointRef(spark-client://Executor) (172.30.0.5:48782) with ID 0,  ResourceProfileId 0
[2021-12-07 16:30:44,480] {spark_submit.py:523} INFO - 21/12/07 16:30:44 INFO SparkContext: Invoking stop() from shutdown hook
[2021-12-07 16:30:44,537] {spark_submit.py:523} INFO - 21/12/07 16:30:44 INFO SparkUI: Stopped Spark web UI at http://ec9c140e7984:4041
[2021-12-07 16:30:44,598] {spark_submit.py:523} INFO - 21/12/07 16:30:44 INFO StandaloneSchedulerBackend: Shutting down all executors
[2021-12-07 16:30:44,600] {spark_submit.py:523} INFO - 21/12/07 16:30:44 INFO CoarseGrainedSchedulerBackend$DriverEndpoint: Asking each executor to shut down
[2021-12-07 16:30:44,713] {spark_submit.py:523} INFO - 21/12/07 16:30:44 INFO MapOutputTrackerMasterEndpoint: MapOutputTrackerMasterEndpoint stopped!
[2021-12-07 16:30:44,854] {spark_submit.py:523} INFO - 21/12/07 16:30:44 INFO MemoryStore: MemoryStore cleared
[2021-12-07 16:30:44,857] {spark_submit.py:523} INFO - 21/12/07 16:30:44 INFO BlockManager: BlockManager stopped
[2021-12-07 16:30:44,875] {spark_submit.py:523} INFO - 21/12/07 16:30:44 INFO BlockManagerMaster: BlockManagerMaster stopped
[2021-12-07 16:30:44,885] {spark_submit.py:523} INFO - 21/12/07 16:30:44 INFO OutputCommitCoordinator$OutputCommitCoordinatorEndpoint: OutputCommitCoordinator stopped!
[2021-12-07 16:30:44,994] {spark_submit.py:523} INFO - 21/12/07 16:30:44 INFO SparkContext: Successfully stopped SparkContext
[2021-12-07 16:30:45,001] {spark_submit.py:523} INFO - 21/12/07 16:30:44 INFO ShutdownHookManager: Shutdown hook called
[2021-12-07 16:30:45,003] {spark_submit.py:523} INFO - 21/12/07 16:30:45 INFO ShutdownHookManager: Deleting directory /tmp/spark-506efa01-bd27-4334-be63-fba61f7f8aa1
[2021-12-07 16:30:45,059] {spark_submit.py:523} INFO - 21/12/07 16:30:45 INFO ShutdownHookManager: Deleting directory /tmp/spark-a0461b77-8745-4b10-a8b7-c274e3658a86
[2021-12-07 16:30:45,094] {spark_submit.py:523} INFO - 21/12/07 16:30:45 INFO ShutdownHookManager: Deleting directory /tmp/spark-a0461b77-8745-4b10-a8b7-c274e3658a86/pyspark-4ff843e4-6e3f-4e30-a9f2-062ab28a1baf
[2021-12-07 16:30:45,328] {taskinstance.py:1280} INFO - Marking task as SUCCESS. dag_id=scraping_daft_galway, task_id=scrap_data, execution_date=20211207T162944, start_date=20211207T162947, end_date=20211207T163045
[2021-12-07 16:30:45,389] {local_task_job.py:154} INFO - Task exited with return code 0
[2021-12-07 16:30:45,718] {local_task_job.py:264} INFO - 1 downstream tasks scheduled from follow-on schedule check
