[2021-12-21 09:18:17,620] {taskinstance.py:1035} INFO - Dependencies all met for <TaskInstance: scraping_daft_clare.scrap_data scheduled__2021-12-20T09:15:00+00:00 [queued]>
[2021-12-21 09:18:17,668] {taskinstance.py:1035} INFO - Dependencies all met for <TaskInstance: scraping_daft_clare.scrap_data scheduled__2021-12-20T09:15:00+00:00 [queued]>
[2021-12-21 09:18:17,669] {taskinstance.py:1241} INFO - 
--------------------------------------------------------------------------------
[2021-12-21 09:18:17,669] {taskinstance.py:1242} INFO - Starting attempt 1 of 4
[2021-12-21 09:18:17,671] {taskinstance.py:1243} INFO - 
--------------------------------------------------------------------------------
[2021-12-21 09:18:17,756] {taskinstance.py:1262} INFO - Executing <Task(SparkSubmitOperator): scrap_data> on 2021-12-20 09:15:00+00:00
[2021-12-21 09:18:17,785] {standard_task_runner.py:76} INFO - Running: ['***', 'tasks', 'run', 'scraping_daft_clare', 'scrap_data', 'scheduled__2021-12-20T09:15:00+00:00', '--job-id', '3604', '--raw', '--subdir', 'DAGS_FOLDER/scraping_daft_clare.py', '--cfg-path', '/tmp/tmphuutuc70', '--error-file', '/tmp/tmpkqb05ndu']
[2021-12-21 09:18:17,790] {standard_task_runner.py:77} INFO - Job 3604: Subtask scrap_data
[2021-12-21 09:18:17,778] {standard_task_runner.py:52} INFO - Started process 82 to run task
[2021-12-21 09:18:18,144] {logging_mixin.py:109} INFO - Running <TaskInstance: scraping_daft_clare.scrap_data scheduled__2021-12-20T09:15:00+00:00 [running]> on host 99ae224ffe2d
[2021-12-21 09:18:18,649] {taskinstance.py:1429} INFO - Exporting the following env vars:
AIRFLOW_CTX_DAG_EMAIL=clement.liscoet@gmail.com
AIRFLOW_CTX_DAG_OWNER=clemoni
AIRFLOW_CTX_DAG_ID=scraping_daft_clare
AIRFLOW_CTX_TASK_ID=scrap_data
AIRFLOW_CTX_EXECUTION_DATE=2021-12-20T09:15:00+00:00
AIRFLOW_CTX_DAG_RUN_ID=scheduled__2021-12-20T09:15:00+00:00
[2021-12-21 09:18:18,723] {base.py:79} INFO - Using connection to: id: spark_default. Host: spark://spark:7077, Port: None, Schema: , Login: ***, Password: ***, extra: {}
[2021-12-21 09:18:18,747] {spark_submit.py:360} INFO - Spark-Submit cmd: spark-submit --master spark://spark:7077 --conf spark.master=spark://spark:7077 --name scrap data --verbose /opt/***/jobs/get_ads_per_county.py clare
[2021-12-21 09:18:28,948] {spark_submit.py:514} INFO - Using properties file: null
[2021-12-21 09:18:29,621] {spark_submit.py:514} INFO - WARNING: An illegal reflective access operation has occurred
[2021-12-21 09:18:29,629] {spark_submit.py:514} INFO - WARNING: Illegal reflective access by org.apache.spark.unsafe.Platform (file:/home/***/.local/lib/python3.6/site-packages/pyspark/jars/spark-unsafe_2.12-3.2.0.jar) to constructor java.nio.DirectByteBuffer(long,int)
[2021-12-21 09:18:29,638] {spark_submit.py:514} INFO - WARNING: Please consider reporting this to the maintainers of org.apache.spark.unsafe.Platform
[2021-12-21 09:18:29,641] {spark_submit.py:514} INFO - WARNING: Use --illegal-access=warn to enable warnings of further illegal reflective access operations
[2021-12-21 09:18:29,653] {spark_submit.py:514} INFO - WARNING: All illegal access operations will be denied in a future release
[2021-12-21 09:18:29,975] {spark_submit.py:514} INFO - Parsed arguments:
[2021-12-21 09:18:29,977] {spark_submit.py:514} INFO - master                  spark://spark:7077
[2021-12-21 09:18:29,979] {spark_submit.py:514} INFO - deployMode              null
[2021-12-21 09:18:29,981] {spark_submit.py:514} INFO - executorMemory          null
[2021-12-21 09:18:29,986] {spark_submit.py:514} INFO - executorCores           null
[2021-12-21 09:18:29,993] {spark_submit.py:514} INFO - totalExecutorCores      null
[2021-12-21 09:18:29,995] {spark_submit.py:514} INFO - propertiesFile          null
[2021-12-21 09:18:29,998] {spark_submit.py:514} INFO - driverMemory            null
[2021-12-21 09:18:30,000] {spark_submit.py:514} INFO - driverCores             null
[2021-12-21 09:18:30,001] {spark_submit.py:514} INFO - driverExtraClassPath    null
[2021-12-21 09:18:30,002] {spark_submit.py:514} INFO - driverExtraLibraryPath  null
[2021-12-21 09:18:30,009] {spark_submit.py:514} INFO - driverExtraJavaOptions  null
[2021-12-21 09:18:30,010] {spark_submit.py:514} INFO - supervise               false
[2021-12-21 09:18:30,012] {spark_submit.py:514} INFO - queue                   null
[2021-12-21 09:18:30,014] {spark_submit.py:514} INFO - numExecutors            null
[2021-12-21 09:18:30,017] {spark_submit.py:514} INFO - files                   null
[2021-12-21 09:18:30,025] {spark_submit.py:514} INFO - pyFiles                 null
[2021-12-21 09:18:30,026] {spark_submit.py:514} INFO - archives                null
[2021-12-21 09:18:30,027] {spark_submit.py:514} INFO - mainClass               null
[2021-12-21 09:18:30,044] {spark_submit.py:514} INFO - primaryResource         file:/opt/***/jobs/get_ads_per_county.py
[2021-12-21 09:18:30,045] {spark_submit.py:514} INFO - name                    scrap data
[2021-12-21 09:18:30,047] {spark_submit.py:514} INFO - childArgs               [clare]
[2021-12-21 09:18:30,049] {spark_submit.py:514} INFO - jars                    null
[2021-12-21 09:18:30,068] {spark_submit.py:514} INFO - packages                null
[2021-12-21 09:18:30,070] {spark_submit.py:514} INFO - packagesExclusions      null
[2021-12-21 09:18:30,072] {spark_submit.py:514} INFO - repositories            null
[2021-12-21 09:18:30,076] {spark_submit.py:514} INFO - verbose                 true
[2021-12-21 09:18:30,080] {spark_submit.py:514} INFO - 
[2021-12-21 09:18:30,085] {spark_submit.py:514} INFO - Spark properties used, including those specified through
[2021-12-21 09:18:30,087] {spark_submit.py:514} INFO - --conf and those from the properties file null:
[2021-12-21 09:18:30,090] {spark_submit.py:514} INFO - (spark.master,spark://spark:7077)
[2021-12-21 09:18:30,093] {spark_submit.py:514} INFO - 
[2021-12-21 09:18:30,098] {spark_submit.py:514} INFO - 
[2021-12-21 09:18:32,031] {spark_submit.py:514} INFO - Main class:
[2021-12-21 09:18:32,042] {spark_submit.py:514} INFO - org.apache.spark.deploy.PythonRunner
[2021-12-21 09:18:32,048] {spark_submit.py:514} INFO - Arguments:
[2021-12-21 09:18:32,049] {spark_submit.py:514} INFO - file:/opt/***/jobs/get_ads_per_county.py
[2021-12-21 09:18:32,053] {spark_submit.py:514} INFO - null
[2021-12-21 09:18:32,057] {spark_submit.py:514} INFO - clare
[2021-12-21 09:18:32,058] {spark_submit.py:514} INFO - --verbose
[2021-12-21 09:18:32,072] {spark_submit.py:514} INFO - Spark config:
[2021-12-21 09:18:32,073] {spark_submit.py:514} INFO - (spark.app.name,scrap data)
[2021-12-21 09:18:32,077] {spark_submit.py:514} INFO - (spark.master,spark://spark:7077)
[2021-12-21 09:18:32,080] {spark_submit.py:514} INFO - (spark.submit.pyFiles,)
[2021-12-21 09:18:32,085] {spark_submit.py:514} INFO - (spark.submit.deployMode,client)
[2021-12-21 09:18:32,087] {spark_submit.py:514} INFO - Classpath elements:
[2021-12-21 09:18:32,091] {spark_submit.py:514} INFO - 
[2021-12-21 09:18:32,096] {spark_submit.py:514} INFO - 
[2021-12-21 09:18:32,099] {spark_submit.py:514} INFO - 
[2021-12-21 09:18:39,304] {spark_submit.py:514} INFO - Using Spark's default log4j profile: org/apache/spark/log4j-defaults.properties
[2021-12-21 09:18:39,433] {spark_submit.py:514} INFO - 21/12/21 09:18:39 INFO SparkContext: Running Spark version 3.2.0
[2021-12-21 09:18:39,764] {spark_submit.py:514} INFO - 21/12/21 09:18:39 WARN NativeCodeLoader: Unable to load native-hadoop library for your platform... using builtin-java classes where applicable
[2021-12-21 09:18:40,654] {spark_submit.py:514} INFO - 21/12/21 09:18:40 INFO ResourceUtils: ==============================================================
[2021-12-21 09:18:40,656] {spark_submit.py:514} INFO - 21/12/21 09:18:40 INFO ResourceUtils: No custom resources configured for spark.driver.
[2021-12-21 09:18:40,657] {spark_submit.py:514} INFO - 21/12/21 09:18:40 INFO ResourceUtils: ==============================================================
[2021-12-21 09:18:40,660] {spark_submit.py:514} INFO - 21/12/21 09:18:40 INFO SparkContext: Submitted application: Get Ads per county
[2021-12-21 09:18:40,757] {spark_submit.py:514} INFO - 21/12/21 09:18:40 INFO ResourceProfile: Default ResourceProfile created, executor resources: Map(cores -> name: cores, amount: 1, script: , vendor: , memory -> name: memory, amount: 1024, script: , vendor: , offHeap -> name: offHeap, amount: 0, script: , vendor: ), task resources: Map(cpus -> name: cpus, amount: 1.0)
[2021-12-21 09:18:40,802] {spark_submit.py:514} INFO - 21/12/21 09:18:40 INFO ResourceProfile: Limiting resource is cpu
[2021-12-21 09:18:40,804] {spark_submit.py:514} INFO - 21/12/21 09:18:40 INFO ResourceProfileManager: Added ResourceProfile id: 0
[2021-12-21 09:18:41,093] {spark_submit.py:514} INFO - 21/12/21 09:18:41 INFO SecurityManager: Changing view acls to: ***
[2021-12-21 09:18:41,104] {spark_submit.py:514} INFO - 21/12/21 09:18:41 INFO SecurityManager: Changing modify acls to: ***
[2021-12-21 09:18:41,106] {spark_submit.py:514} INFO - 21/12/21 09:18:41 INFO SecurityManager: Changing view acls groups to:
[2021-12-21 09:18:41,109] {spark_submit.py:514} INFO - 21/12/21 09:18:41 INFO SecurityManager: Changing modify acls groups to:
[2021-12-21 09:18:41,110] {spark_submit.py:514} INFO - 21/12/21 09:18:41 INFO SecurityManager: SecurityManager: authentication disabled; ui acls disabled; users  with view permissions: Set(***); groups with view permissions: Set(); users  with modify permissions: Set(***); groups with modify permissions: Set()
[2021-12-21 09:18:43,998] {spark_submit.py:514} INFO - 21/12/21 09:18:43 INFO Utils: Successfully started service 'sparkDriver' on port 41375.
[2021-12-21 09:18:44,345] {spark_submit.py:514} INFO - 21/12/21 09:18:44 INFO SparkEnv: Registering MapOutputTracker
[2021-12-21 09:18:44,540] {spark_submit.py:514} INFO - 21/12/21 09:18:44 INFO SparkEnv: Registering BlockManagerMaster
[2021-12-21 09:18:44,646] {spark_submit.py:514} INFO - 21/12/21 09:18:44 INFO BlockManagerMasterEndpoint: Using org.apache.spark.storage.DefaultTopologyMapper for getting topology information
[2021-12-21 09:18:44,654] {spark_submit.py:514} INFO - 21/12/21 09:18:44 INFO BlockManagerMasterEndpoint: BlockManagerMasterEndpoint up
[2021-12-21 09:18:44,694] {spark_submit.py:514} INFO - 21/12/21 09:18:44 INFO SparkEnv: Registering BlockManagerMasterHeartbeat
[2021-12-21 09:18:44,915] {spark_submit.py:514} INFO - 21/12/21 09:18:44 INFO DiskBlockManager: Created local directory at /tmp/blockmgr-e4ee962b-58b5-4380-9aee-c7caa331007c
[2021-12-21 09:18:45,103] {spark_submit.py:514} INFO - 21/12/21 09:18:45 INFO MemoryStore: MemoryStore started with capacity 434.4 MiB
[2021-12-21 09:18:45,198] {spark_submit.py:514} INFO - 21/12/21 09:18:45 INFO SparkEnv: Registering OutputCommitCoordinator
[2021-12-21 09:18:46,198] {spark_submit.py:514} INFO - 21/12/21 09:18:46 INFO Utils: Successfully started service 'SparkUI' on port 4040.
[2021-12-21 09:18:46,563] {spark_submit.py:514} INFO - 21/12/21 09:18:46 INFO SparkUI: Bound SparkUI to 0.0.0.0, and started at http://99ae224ffe2d:4040
[2021-12-21 09:18:47,797] {spark_submit.py:514} INFO - 21/12/21 09:18:47 INFO StandaloneAppClient$ClientEndpoint: Connecting to master spark://spark:7077...
[2021-12-21 09:18:48,099] {spark_submit.py:514} INFO - 21/12/21 09:18:48 INFO TransportClientFactory: Successfully created connection to spark/172.19.0.4:7077 after 121 ms (0 ms spent in bootstraps)
[2021-12-21 09:18:48,517] {spark_submit.py:514} INFO - 21/12/21 09:18:48 INFO StandaloneSchedulerBackend: Connected to Spark cluster with app ID app-20211221091848-0001
[2021-12-21 09:18:48,579] {spark_submit.py:514} INFO - 21/12/21 09:18:48 INFO Utils: Successfully started service 'org.apache.spark.network.netty.NettyBlockTransferService' on port 35323.
[2021-12-21 09:18:48,580] {spark_submit.py:514} INFO - 21/12/21 09:18:48 INFO NettyBlockTransferService: Server created on 99ae224ffe2d:35323
[2021-12-21 09:18:48,581] {spark_submit.py:514} INFO - 21/12/21 09:18:48 INFO BlockManager: Using org.apache.spark.storage.RandomBlockReplicationPolicy for block replication policy
[2021-12-21 09:18:48,628] {spark_submit.py:514} INFO - 21/12/21 09:18:48 INFO BlockManagerMaster: Registering BlockManager BlockManagerId(driver, 99ae224ffe2d, 35323, None)
[2021-12-21 09:18:48,642] {spark_submit.py:514} INFO - 21/12/21 09:18:48 INFO BlockManagerMasterEndpoint: Registering block manager 99ae224ffe2d:35323 with 434.4 MiB RAM, BlockManagerId(driver, 99ae224ffe2d, 35323, None)
[2021-12-21 09:18:48,657] {spark_submit.py:514} INFO - 21/12/21 09:18:48 INFO BlockManagerMaster: Registered BlockManager BlockManagerId(driver, 99ae224ffe2d, 35323, None)
[2021-12-21 09:18:48,664] {spark_submit.py:514} INFO - 21/12/21 09:18:48 INFO BlockManager: Initialized BlockManager: BlockManagerId(driver, 99ae224ffe2d, 35323, None)
[2021-12-21 09:18:49,290] {spark_submit.py:514} INFO - 21/12/21 09:18:49 INFO StandaloneSchedulerBackend: SchedulerBackend is ready for scheduling beginning after reached minRegisteredResourcesRatio: 0.0
[2021-12-21 09:18:49,454] {spark_submit.py:514} INFO - /home/***/.local/lib/python3.6/site-packages/pyspark/python/lib/pyspark.zip/pyspark/context.py:238: FutureWarning: Python 3.6 support is deprecated in Spark 3.2.
[2021-12-21 09:18:49,455] {spark_submit.py:514} INFO - FutureWarning
[2021-12-21 09:18:51,316] {spark_submit.py:514} INFO - 21/12/21 09:18:51 INFO SharedState: Setting hive.metastore.warehouse.dir ('null') to the value of spark.sql.warehouse.dir.
[2021-12-21 09:18:51,432] {spark_submit.py:514} INFO - 21/12/21 09:18:51 INFO SharedState: Warehouse path is 'file:/opt/***/spark-warehouse'.
[2021-12-21 09:19:59,056] {spark_submit.py:514} INFO - running...
[2021-12-21 09:20:02,820] {spark_submit.py:514} INFO - running...
[2021-12-21 09:20:06,056] {spark_submit.py:514} INFO - running...
[2021-12-21 09:20:07,684] {spark_submit.py:514} INFO - running...
[2021-12-21 09:20:09,973] {spark_submit.py:514} INFO - running...
[2021-12-21 09:20:14,312] {spark_submit.py:514} INFO - running...
[2021-12-21 09:20:23,618] {spark_submit.py:514} INFO - running...
[2021-12-21 09:20:29,727] {spark_submit.py:514} INFO - running...
[2021-12-21 09:20:32,047] {spark_submit.py:514} INFO - 21/12/21 09:20:32 INFO StandaloneAppClient$ClientEndpoint: Executor added: app-20211221091848-0001/0 on worker-20211221091658-172.19.0.6-38007 (172.19.0.6:38007) with 6 core(s)
[2021-12-21 09:20:32,058] {spark_submit.py:514} INFO - 21/12/21 09:20:32 INFO StandaloneSchedulerBackend: Granted executor ID app-20211221091848-0001/0 on hostPort 172.19.0.6:38007 with 6 core(s), 1024.0 MiB RAM
[2021-12-21 09:20:32,059] {spark_submit.py:514} INFO - 21/12/21 09:20:32 INFO StandaloneAppClient$ClientEndpoint: Executor added: app-20211221091848-0001/1 on worker-20211221091658-172.19.0.5-40773 (172.19.0.5:40773) with 6 core(s)
[2021-12-21 09:20:32,065] {spark_submit.py:514} INFO - 21/12/21 09:20:32 INFO StandaloneSchedulerBackend: Granted executor ID app-20211221091848-0001/1 on hostPort 172.19.0.5:40773 with 6 core(s), 1024.0 MiB RAM
[2021-12-21 09:20:32,245] {spark_submit.py:514} INFO - 21/12/21 09:20:32 INFO StandaloneAppClient$ClientEndpoint: Executor updated: app-20211221091848-0001/0 is now RUNNING
[2021-12-21 09:20:32,252] {spark_submit.py:514} INFO - 21/12/21 09:20:32 INFO StandaloneAppClient$ClientEndpoint: Executor updated: app-20211221091848-0001/1 is now RUNNING
[2021-12-21 09:20:35,777] {spark_submit.py:514} INFO - running...
[2021-12-21 09:20:38,440] {spark_submit.py:514} INFO - 21/12/21 09:20:38 INFO CoarseGrainedSchedulerBackend$DriverEndpoint: Registered executor NettyRpcEndpointRef(spark-client://Executor) (172.19.0.5:50472) with ID 1,  ResourceProfileId 0
[2021-12-21 09:20:38,613] {spark_submit.py:514} INFO - 21/12/21 09:20:38 INFO CoarseGrainedSchedulerBackend$DriverEndpoint: Registered executor NettyRpcEndpointRef(spark-client://Executor) (172.19.0.6:38374) with ID 0,  ResourceProfileId 0
[2021-12-21 09:20:38,878] {spark_submit.py:514} INFO - 21/12/21 09:20:38 INFO BlockManagerMasterEndpoint: Registering block manager 172.19.0.5:36625 with 366.3 MiB RAM, BlockManagerId(1, 172.19.0.5, 36625, None)
[2021-12-21 09:20:38,988] {spark_submit.py:514} INFO - 21/12/21 09:20:38 INFO BlockManagerMasterEndpoint: Registering block manager 172.19.0.6:33267 with 366.3 MiB RAM, BlockManagerId(0, 172.19.0.6, 33267, None)
[2021-12-21 09:20:39,130] {spark_submit.py:514} INFO - running...
[2021-12-21 09:20:42,756] {spark_submit.py:514} INFO - running...
[2021-12-21 09:20:49,672] {spark_submit.py:514} INFO - 21/12/21 09:20:49 INFO SparkContext: Invoking stop() from shutdown hook
[2021-12-21 09:20:49,713] {spark_submit.py:514} INFO - 21/12/21 09:20:49 INFO SparkUI: Stopped Spark web UI at http://99ae224ffe2d:4040
[2021-12-21 09:20:49,733] {spark_submit.py:514} INFO - 21/12/21 09:20:49 INFO StandaloneSchedulerBackend: Shutting down all executors
[2021-12-21 09:20:49,738] {spark_submit.py:514} INFO - 21/12/21 09:20:49 INFO CoarseGrainedSchedulerBackend$DriverEndpoint: Asking each executor to shut down
[2021-12-21 09:20:49,884] {spark_submit.py:514} INFO - 21/12/21 09:20:49 INFO MapOutputTrackerMasterEndpoint: MapOutputTrackerMasterEndpoint stopped!
[2021-12-21 09:20:50,033] {spark_submit.py:514} INFO - 21/12/21 09:20:50 INFO MemoryStore: MemoryStore cleared
[2021-12-21 09:20:50,038] {spark_submit.py:514} INFO - 21/12/21 09:20:50 INFO BlockManager: BlockManager stopped
[2021-12-21 09:20:50,069] {spark_submit.py:514} INFO - 21/12/21 09:20:50 INFO BlockManagerMaster: BlockManagerMaster stopped
[2021-12-21 09:20:50,083] {spark_submit.py:514} INFO - 21/12/21 09:20:50 INFO OutputCommitCoordinator$OutputCommitCoordinatorEndpoint: OutputCommitCoordinator stopped!
[2021-12-21 09:20:50,249] {spark_submit.py:514} INFO - 21/12/21 09:20:50 INFO SparkContext: Successfully stopped SparkContext
[2021-12-21 09:20:50,271] {spark_submit.py:514} INFO - 21/12/21 09:20:50 INFO ShutdownHookManager: Shutdown hook called
[2021-12-21 09:20:50,279] {spark_submit.py:514} INFO - 21/12/21 09:20:50 INFO ShutdownHookManager: Deleting directory /tmp/spark-518b5cd6-3c8e-4de0-9f0e-3074033b3ca1/pyspark-b81abe2c-676a-44dc-90b6-f230dca115cd
[2021-12-21 09:20:50,298] {spark_submit.py:514} INFO - 21/12/21 09:20:50 INFO ShutdownHookManager: Deleting directory /tmp/spark-518b5cd6-3c8e-4de0-9f0e-3074033b3ca1
[2021-12-21 09:20:50,315] {spark_submit.py:514} INFO - 21/12/21 09:20:50 INFO ShutdownHookManager: Deleting directory /tmp/spark-95113e88-ace9-4e88-aceb-a72db9ee9123
[2021-12-21 09:20:51,186] {taskinstance.py:1280} INFO - Marking task as SUCCESS. dag_id=scraping_daft_clare, task_id=scrap_data, execution_date=20211220T091500, start_date=20211221T091817, end_date=20211221T092051
[2021-12-21 09:20:51,568] {local_task_job.py:154} INFO - Task exited with return code 0
[2021-12-21 09:20:52,199] {local_task_job.py:264} INFO - 1 downstream tasks scheduled from follow-on schedule check
