[2021-12-13 16:16:48,568] {taskinstance.py:1035} INFO - Dependencies all met for <TaskInstance: scraping_daft_sligo.waiting_for_file scheduled__2021-12-12T05:15:00+00:00 [queued]>
[2021-12-13 16:16:48,598] {taskinstance.py:1035} INFO - Dependencies all met for <TaskInstance: scraping_daft_sligo.waiting_for_file scheduled__2021-12-12T05:15:00+00:00 [queued]>
[2021-12-13 16:16:48,599] {taskinstance.py:1241} INFO - 
--------------------------------------------------------------------------------
[2021-12-13 16:16:48,605] {taskinstance.py:1242} INFO - Starting attempt 1 of 4
[2021-12-13 16:16:48,606] {taskinstance.py:1243} INFO - 
--------------------------------------------------------------------------------
[2021-12-13 16:16:48,633] {taskinstance.py:1262} INFO - Executing <Task(FileSensor): waiting_for_file> on 2021-12-12 05:15:00+00:00
[2021-12-13 16:16:48,642] {standard_task_runner.py:76} INFO - Running: ['***', 'tasks', 'run', 'scraping_daft_sligo', 'waiting_for_file', 'scheduled__2021-12-12T05:15:00+00:00', '--job-id', '1801', '--raw', '--subdir', 'DAGS_FOLDER/scraping_daft_sligo.py', '--cfg-path', '/tmp/tmp_i9lqnpw', '--error-file', '/tmp/tmpm43a5a5d']
[2021-12-13 16:16:48,644] {standard_task_runner.py:77} INFO - Job 1801: Subtask waiting_for_file
[2021-12-13 16:16:48,638] {standard_task_runner.py:52} INFO - Started process 5871 to run task
[2021-12-13 16:16:48,770] {logging_mixin.py:109} INFO - Running <TaskInstance: scraping_daft_sligo.waiting_for_file scheduled__2021-12-12T05:15:00+00:00 [running]> on host c81f81825bc0
[2021-12-13 16:16:48,943] {taskinstance.py:1429} INFO - Exporting the following env vars:
AIRFLOW_CTX_DAG_EMAIL=clement.liscoet@gmail.com
AIRFLOW_CTX_DAG_OWNER=clemoni
AIRFLOW_CTX_DAG_ID=scraping_daft_sligo
AIRFLOW_CTX_TASK_ID=waiting_for_file
AIRFLOW_CTX_EXECUTION_DATE=2021-12-12T05:15:00+00:00
AIRFLOW_CTX_DAG_RUN_ID=scheduled__2021-12-12T05:15:00+00:00
[2021-12-13 16:16:48,996] {filesystem.py:59} INFO - Poking for file data/sligo_rent.json
[2021-12-13 16:16:48,998] {filesystem.py:65} INFO - Found File data/sligo_rent.json last modified: 20211213161646
[2021-12-13 16:16:48,999] {base.py:249} INFO - Success criteria met. Exiting.
[2021-12-13 16:16:49,037] {taskinstance.py:1280} INFO - Marking task as SUCCESS. dag_id=scraping_daft_sligo, task_id=waiting_for_file, execution_date=20211212T051500, start_date=20211213T161648, end_date=20211213T161649
[2021-12-13 16:16:49,070] {local_task_job.py:154} INFO - Task exited with return code 0
[2021-12-13 16:16:49,430] {local_task_job.py:264} INFO - 0 downstream tasks scheduled from follow-on schedule check
