[2022-01-01 12:52:36,923] {taskinstance.py:1035} INFO - Dependencies all met for <TaskInstance: scraping_daft_mayo.remove_file scheduled__2021-12-31T10:20:00+00:00 [queued]>
[2022-01-01 12:52:37,094] {taskinstance.py:1035} INFO - Dependencies all met for <TaskInstance: scraping_daft_mayo.remove_file scheduled__2021-12-31T10:20:00+00:00 [queued]>
[2022-01-01 12:52:37,098] {taskinstance.py:1241} INFO - 
--------------------------------------------------------------------------------
[2022-01-01 12:52:37,101] {taskinstance.py:1242} INFO - Starting attempt 1 of 4
[2022-01-01 12:52:37,105] {taskinstance.py:1243} INFO - 
--------------------------------------------------------------------------------
[2022-01-01 12:52:37,353] {taskinstance.py:1262} INFO - Executing <Task(SparkSubmitOperator): remove_file> on 2021-12-31 10:20:00+00:00
[2022-01-01 12:52:37,445] {standard_task_runner.py:76} INFO - Running: ['***', 'tasks', 'run', 'scraping_daft_mayo', 'remove_file', 'scheduled__2021-12-31T10:20:00+00:00', '--job-id', '6036', '--raw', '--subdir', 'DAGS_FOLDER/scraping_daft_mayo.py', '--cfg-path', '/tmp/tmpnmwihous', '--error-file', '/tmp/tmpextb4nns']
[2022-01-01 12:52:37,464] {standard_task_runner.py:77} INFO - Job 6036: Subtask remove_file
[2022-01-01 12:52:37,387] {standard_task_runner.py:52} INFO - Started process 12205 to run task
[2022-01-01 12:52:38,189] {logging_mixin.py:109} INFO - Running <TaskInstance: scraping_daft_mayo.remove_file scheduled__2021-12-31T10:20:00+00:00 [running]> on host 33b99c52f92c
[2022-01-01 12:52:38,988] {taskinstance.py:1429} INFO - Exporting the following env vars:
AIRFLOW_CTX_DAG_EMAIL=clement.liscoet@gmail.com
AIRFLOW_CTX_DAG_OWNER=clemoni
AIRFLOW_CTX_DAG_ID=scraping_daft_mayo
AIRFLOW_CTX_TASK_ID=remove_file
AIRFLOW_CTX_EXECUTION_DATE=2021-12-31T10:20:00+00:00
AIRFLOW_CTX_DAG_RUN_ID=scheduled__2021-12-31T10:20:00+00:00
[2022-01-01 12:52:39,124] {base.py:79} INFO - Using connection to: id: spark_default. Host: spark://spark:7077, Port: None, Schema: , Login: ***, Password: ***, extra: {}
[2022-01-01 12:52:39,153] {spark_submit.py:360} INFO - Spark-Submit cmd: spark-submit --master spark://spark:7077 --conf spark.master=spark://spark:7077 --name remove file --verbose /opt/***/jobs/remove_file.py mayo
[2022-01-01 12:52:58,980] {spark_submit.py:514} INFO - Using properties file: null
[2022-01-01 12:53:00,098] {spark_submit.py:514} INFO - WARNING: An illegal reflective access operation has occurred
[2022-01-01 12:53:00,109] {spark_submit.py:514} INFO - WARNING: Illegal reflective access by org.apache.spark.unsafe.Platform (file:/home/***/.local/lib/python3.6/site-packages/pyspark/jars/spark-unsafe_2.12-3.2.0.jar) to constructor java.nio.DirectByteBuffer(long,int)
[2022-01-01 12:53:00,122] {spark_submit.py:514} INFO - WARNING: Please consider reporting this to the maintainers of org.apache.spark.unsafe.Platform
[2022-01-01 12:53:00,130] {spark_submit.py:514} INFO - WARNING: Use --illegal-access=warn to enable warnings of further illegal reflective access operations
[2022-01-01 12:53:00,137] {spark_submit.py:514} INFO - WARNING: All illegal access operations will be denied in a future release
[2022-01-01 12:53:00,775] {spark_submit.py:514} INFO - Parsed arguments:
[2022-01-01 12:53:00,777] {spark_submit.py:514} INFO - master                  spark://spark:7077
[2022-01-01 12:53:00,786] {spark_submit.py:514} INFO - deployMode              null
[2022-01-01 12:53:00,788] {spark_submit.py:514} INFO - executorMemory          null
[2022-01-01 12:53:00,790] {spark_submit.py:514} INFO - executorCores           null
[2022-01-01 12:53:00,791] {spark_submit.py:514} INFO - totalExecutorCores      null
[2022-01-01 12:53:00,792] {spark_submit.py:514} INFO - propertiesFile          null
[2022-01-01 12:53:00,795] {spark_submit.py:514} INFO - driverMemory            null
[2022-01-01 12:53:00,797] {spark_submit.py:514} INFO - driverCores             null
[2022-01-01 12:53:00,799] {spark_submit.py:514} INFO - driverExtraClassPath    null
[2022-01-01 12:53:00,808] {spark_submit.py:514} INFO - driverExtraLibraryPath  null
[2022-01-01 12:53:00,821] {spark_submit.py:514} INFO - driverExtraJavaOptions  null
[2022-01-01 12:53:00,837] {spark_submit.py:514} INFO - supervise               false
[2022-01-01 12:53:00,844] {spark_submit.py:514} INFO - queue                   null
[2022-01-01 12:53:00,846] {spark_submit.py:514} INFO - numExecutors            null
[2022-01-01 12:53:00,847] {spark_submit.py:514} INFO - files                   null
[2022-01-01 12:53:00,848] {spark_submit.py:514} INFO - pyFiles                 null
[2022-01-01 12:53:00,849] {spark_submit.py:514} INFO - archives                null
[2022-01-01 12:53:00,850] {spark_submit.py:514} INFO - mainClass               null
[2022-01-01 12:53:00,852] {spark_submit.py:514} INFO - primaryResource         file:/opt/***/jobs/remove_file.py
[2022-01-01 12:53:00,853] {spark_submit.py:514} INFO - name                    remove file
[2022-01-01 12:53:00,854] {spark_submit.py:514} INFO - childArgs               [mayo]
[2022-01-01 12:53:00,855] {spark_submit.py:514} INFO - jars                    null
[2022-01-01 12:53:00,856] {spark_submit.py:514} INFO - packages                null
[2022-01-01 12:53:00,857] {spark_submit.py:514} INFO - packagesExclusions      null
[2022-01-01 12:53:00,858] {spark_submit.py:514} INFO - repositories            null
[2022-01-01 12:53:00,860] {spark_submit.py:514} INFO - verbose                 true
[2022-01-01 12:53:00,862] {spark_submit.py:514} INFO - 
[2022-01-01 12:53:00,864] {spark_submit.py:514} INFO - Spark properties used, including those specified through
[2022-01-01 12:53:00,865] {spark_submit.py:514} INFO - --conf and those from the properties file null:
[2022-01-01 12:53:00,867] {spark_submit.py:514} INFO - (spark.master,spark://spark:7077)
[2022-01-01 12:53:00,869] {spark_submit.py:514} INFO - 
[2022-01-01 12:53:00,870] {spark_submit.py:514} INFO - 
[2022-01-01 12:53:05,838] {spark_submit.py:514} INFO - Main class:
[2022-01-01 12:53:05,862] {spark_submit.py:514} INFO - org.apache.spark.deploy.PythonRunner
[2022-01-01 12:53:05,875] {spark_submit.py:514} INFO - Arguments:
[2022-01-01 12:53:05,883] {spark_submit.py:514} INFO - file:/opt/***/jobs/remove_file.py
[2022-01-01 12:53:05,908] {spark_submit.py:514} INFO - null
[2022-01-01 12:53:05,913] {spark_submit.py:514} INFO - mayo
[2022-01-01 12:53:05,947] {spark_submit.py:514} INFO - --verbose
[2022-01-01 12:53:05,954] {spark_submit.py:514} INFO - Spark config:
[2022-01-01 12:53:05,962] {spark_submit.py:514} INFO - (spark.app.name,remove file)
[2022-01-01 12:53:05,971] {spark_submit.py:514} INFO - (spark.master,spark://spark:7077)
[2022-01-01 12:53:05,990] {spark_submit.py:514} INFO - (spark.submit.pyFiles,)
[2022-01-01 12:53:05,993] {spark_submit.py:514} INFO - (spark.submit.deployMode,client)
[2022-01-01 12:53:06,001] {spark_submit.py:514} INFO - Classpath elements:
[2022-01-01 12:53:06,007] {spark_submit.py:514} INFO - 
[2022-01-01 12:53:06,016] {spark_submit.py:514} INFO - 
[2022-01-01 12:53:06,022] {spark_submit.py:514} INFO - 
[2022-01-01 12:53:23,572] {spark_submit.py:514} INFO - Using Spark's default log4j profile: org/apache/spark/log4j-defaults.properties
[2022-01-01 12:53:23,770] {spark_submit.py:514} INFO - 22/01/01 12:53:23 INFO SparkContext: Running Spark version 3.2.0
[2022-01-01 12:53:28,238] {spark_submit.py:514} INFO - 22/01/01 12:53:28 WARN NativeCodeLoader: Unable to load native-hadoop library for your platform... using builtin-java classes where applicable
[2022-01-01 12:53:31,048] {spark_submit.py:514} INFO - 22/01/01 12:53:31 INFO ResourceUtils: ==============================================================
[2022-01-01 12:53:31,051] {spark_submit.py:514} INFO - 22/01/01 12:53:31 INFO ResourceUtils: No custom resources configured for spark.driver.
[2022-01-01 12:53:31,055] {spark_submit.py:514} INFO - 22/01/01 12:53:31 INFO ResourceUtils: ==============================================================
[2022-01-01 12:53:31,059] {spark_submit.py:514} INFO - 22/01/01 12:53:31 INFO SparkContext: Submitted application: Remove file
[2022-01-01 12:53:31,293] {spark_submit.py:514} INFO - 22/01/01 12:53:31 INFO ResourceProfile: Default ResourceProfile created, executor resources: Map(cores -> name: cores, amount: 1, script: , vendor: , memory -> name: memory, amount: 1024, script: , vendor: , offHeap -> name: offHeap, amount: 0, script: , vendor: ), task resources: Map(cpus -> name: cpus, amount: 1.0)
[2022-01-01 12:53:31,476] {spark_submit.py:514} INFO - 22/01/01 12:53:31 INFO ResourceProfile: Limiting resource is cpu
[2022-01-01 12:53:31,497] {spark_submit.py:514} INFO - 22/01/01 12:53:31 INFO ResourceProfileManager: Added ResourceProfile id: 0
[2022-01-01 12:53:32,727] {spark_submit.py:514} INFO - 22/01/01 12:53:32 INFO SecurityManager: Changing view acls to: ***
[2022-01-01 12:53:32,735] {spark_submit.py:514} INFO - 22/01/01 12:53:32 INFO SecurityManager: Changing modify acls to: ***
[2022-01-01 12:53:32,738] {spark_submit.py:514} INFO - 22/01/01 12:53:32 INFO SecurityManager: Changing view acls groups to:
[2022-01-01 12:53:32,785] {spark_submit.py:514} INFO - 22/01/01 12:53:32 INFO SecurityManager: Changing modify acls groups to:
[2022-01-01 12:53:32,789] {spark_submit.py:514} INFO - 22/01/01 12:53:32 INFO SecurityManager: SecurityManager: authentication disabled; ui acls disabled; users  with view permissions: Set(***); groups with view permissions: Set(); users  with modify permissions: Set(***); groups with modify permissions: Set()
[2022-01-01 12:53:37,311] {spark_submit.py:514} INFO - 22/01/01 12:53:37 INFO Utils: Successfully started service 'sparkDriver' on port 43961.
[2022-01-01 12:53:37,908] {spark_submit.py:514} INFO - 22/01/01 12:53:37 INFO SparkEnv: Registering MapOutputTracker
[2022-01-01 12:53:38,464] {spark_submit.py:514} INFO - 22/01/01 12:53:38 INFO SparkEnv: Registering BlockManagerMaster
[2022-01-01 12:53:38,706] {spark_submit.py:514} INFO - 22/01/01 12:53:38 INFO BlockManagerMasterEndpoint: Using org.apache.spark.storage.DefaultTopologyMapper for getting topology information
[2022-01-01 12:53:38,730] {spark_submit.py:514} INFO - 22/01/01 12:53:38 INFO BlockManagerMasterEndpoint: BlockManagerMasterEndpoint up
[2022-01-01 12:53:38,906] {spark_submit.py:514} INFO - 22/01/01 12:53:38 INFO SparkEnv: Registering BlockManagerMasterHeartbeat
[2022-01-01 12:53:39,111] {spark_submit.py:514} INFO - 22/01/01 12:53:39 INFO DiskBlockManager: Created local directory at /tmp/blockmgr-624e4b15-8d2a-4f9e-851c-e4769759abf1
[2022-01-01 12:53:39,469] {spark_submit.py:514} INFO - 22/01/01 12:53:39 INFO MemoryStore: MemoryStore started with capacity 434.4 MiB
[2022-01-01 12:53:39,936] {spark_submit.py:514} INFO - 22/01/01 12:53:39 INFO SparkEnv: Registering OutputCommitCoordinator
[2022-01-01 12:53:43,127] {spark_submit.py:514} INFO - 22/01/01 12:53:43 WARN Utils: Service 'SparkUI' could not bind on port 4040. Attempting port 4041.
[2022-01-01 12:53:43,358] {spark_submit.py:514} INFO - 22/01/01 12:53:43 INFO Utils: Successfully started service 'SparkUI' on port 4041.
[2022-01-01 12:53:44,677] {spark_submit.py:514} INFO - 22/01/01 12:53:44 INFO SparkUI: Bound SparkUI to 0.0.0.0, and started at http://33b99c52f92c:4041
[2022-01-01 12:53:47,865] {spark_submit.py:514} INFO - 22/01/01 12:53:47 INFO StandaloneAppClient$ClientEndpoint: Connecting to master spark://spark:7077...
[2022-01-01 12:53:48,342] {spark_submit.py:514} INFO - 22/01/01 12:53:48 INFO TransportClientFactory: Successfully created connection to spark/172.21.0.4:7077 after 205 ms (0 ms spent in bootstraps)
[2022-01-01 12:53:49,186] {spark_submit.py:514} INFO - 22/01/01 12:53:49 INFO StandaloneSchedulerBackend: Connected to Spark cluster with app ID app-20220101125349-0081
[2022-01-01 12:53:49,249] {spark_submit.py:514} INFO - 22/01/01 12:53:49 INFO Utils: Successfully started service 'org.apache.spark.network.netty.NettyBlockTransferService' on port 43591.
[2022-01-01 12:53:49,255] {spark_submit.py:514} INFO - 22/01/01 12:53:49 INFO NettyBlockTransferService: Server created on 33b99c52f92c:43591
[2022-01-01 12:53:49,271] {spark_submit.py:514} INFO - 22/01/01 12:53:49 INFO BlockManager: Using org.apache.spark.storage.RandomBlockReplicationPolicy for block replication policy
[2022-01-01 12:53:49,402] {spark_submit.py:514} INFO - 22/01/01 12:53:49 INFO BlockManagerMaster: Registering BlockManager BlockManagerId(driver, 33b99c52f92c, 43591, None)
[2022-01-01 12:53:49,417] {spark_submit.py:514} INFO - 22/01/01 12:53:49 INFO BlockManagerMasterEndpoint: Registering block manager 33b99c52f92c:43591 with 434.4 MiB RAM, BlockManagerId(driver, 33b99c52f92c, 43591, None)
[2022-01-01 12:53:49,432] {spark_submit.py:514} INFO - 22/01/01 12:53:49 INFO BlockManagerMaster: Registered BlockManager BlockManagerId(driver, 33b99c52f92c, 43591, None)
[2022-01-01 12:53:49,435] {spark_submit.py:514} INFO - 22/01/01 12:53:49 INFO BlockManager: Initialized BlockManager: BlockManagerId(driver, 33b99c52f92c, 43591, None)
[2022-01-01 12:53:52,495] {spark_submit.py:514} INFO - 22/01/01 12:53:52 INFO StandaloneSchedulerBackend: SchedulerBackend is ready for scheduling beginning after reached minRegisteredResourcesRatio: 0.0
[2022-01-01 12:53:52,765] {spark_submit.py:514} INFO - /home/***/.local/lib/python3.6/site-packages/pyspark/python/lib/pyspark.zip/pyspark/context.py:238: FutureWarning: Python 3.6 support is deprecated in Spark 3.2.
[2022-01-01 12:53:52,769] {spark_submit.py:514} INFO - FutureWarning
[2022-01-01 12:53:56,176] {spark_submit.py:514} INFO - 22/01/01 12:53:56 INFO SharedState: Setting hive.metastore.warehouse.dir ('null') to the value of spark.sql.warehouse.dir.
[2022-01-01 12:53:57,065] {spark_submit.py:514} INFO - 22/01/01 12:53:57 INFO SharedState: Warehouse path is 'file:/opt/***/spark-warehouse'.
[2022-01-01 12:54:07,349] {spark_submit.py:514} INFO - file: mayo_rent.json deleted
[2022-01-01 12:54:08,674] {spark_submit.py:514} INFO - 22/01/01 12:54:08 INFO SparkContext: Invoking stop() from shutdown hook
[2022-01-01 12:54:08,820] {spark_submit.py:514} INFO - 22/01/01 12:54:08 INFO SparkUI: Stopped Spark web UI at http://33b99c52f92c:4041
[2022-01-01 12:54:08,870] {spark_submit.py:514} INFO - 22/01/01 12:54:08 INFO StandaloneSchedulerBackend: Shutting down all executors
[2022-01-01 12:54:08,970] {spark_submit.py:514} INFO - 22/01/01 12:54:08 INFO CoarseGrainedSchedulerBackend$DriverEndpoint: Asking each executor to shut down
[2022-01-01 12:54:09,227] {spark_submit.py:514} INFO - 22/01/01 12:54:09 INFO MapOutputTrackerMasterEndpoint: MapOutputTrackerMasterEndpoint stopped!
[2022-01-01 12:54:09,444] {spark_submit.py:514} INFO - 22/01/01 12:54:09 INFO MemoryStore: MemoryStore cleared
[2022-01-01 12:54:09,445] {spark_submit.py:514} INFO - 22/01/01 12:54:09 INFO BlockManager: BlockManager stopped
[2022-01-01 12:54:09,470] {spark_submit.py:514} INFO - 22/01/01 12:54:09 INFO BlockManagerMaster: BlockManagerMaster stopped
[2022-01-01 12:54:09,477] {spark_submit.py:514} INFO - 22/01/01 12:54:09 INFO OutputCommitCoordinator$OutputCommitCoordinatorEndpoint: OutputCommitCoordinator stopped!
[2022-01-01 12:54:09,720] {spark_submit.py:514} INFO - 22/01/01 12:54:09 INFO SparkContext: Successfully stopped SparkContext
[2022-01-01 12:54:09,723] {spark_submit.py:514} INFO - 22/01/01 12:54:09 INFO ShutdownHookManager: Shutdown hook called
[2022-01-01 12:54:09,726] {spark_submit.py:514} INFO - 22/01/01 12:54:09 INFO ShutdownHookManager: Deleting directory /tmp/spark-624ebead-9f51-4144-b803-335234850e6d
[2022-01-01 12:54:09,742] {spark_submit.py:514} INFO - 22/01/01 12:54:09 INFO ShutdownHookManager: Deleting directory /tmp/spark-1b50c06e-16f7-4507-b31e-60ceec18d06b
[2022-01-01 12:54:09,797] {spark_submit.py:514} INFO - 22/01/01 12:54:09 INFO ShutdownHookManager: Deleting directory /tmp/spark-624ebead-9f51-4144-b803-335234850e6d/pyspark-967c824f-06b9-4692-a164-3b6e0980b302
[2022-01-01 12:54:10,551] {taskinstance.py:1280} INFO - Marking task as SUCCESS. dag_id=scraping_daft_mayo, task_id=remove_file, execution_date=20211231T102000, start_date=20220101T125236, end_date=20220101T125410
[2022-01-01 12:54:10,863] {local_task_job.py:154} INFO - Task exited with return code 0
[2022-01-01 12:54:12,286] {local_task_job.py:264} INFO - 0 downstream tasks scheduled from follow-on schedule check
