[2021-12-16 11:04:31,683] {taskinstance.py:1035} INFO - Dependencies all met for <TaskInstance: scraping_daft_sligo.notify_slack scheduled__2021-12-15T10:45:00+00:00 [queued]>
[2021-12-16 11:04:31,766] {taskinstance.py:1035} INFO - Dependencies all met for <TaskInstance: scraping_daft_sligo.notify_slack scheduled__2021-12-15T10:45:00+00:00 [queued]>
[2021-12-16 11:04:31,768] {taskinstance.py:1241} INFO - 
--------------------------------------------------------------------------------
[2021-12-16 11:04:31,769] {taskinstance.py:1242} INFO - Starting attempt 1 of 4
[2021-12-16 11:04:31,770] {taskinstance.py:1243} INFO - 
--------------------------------------------------------------------------------
[2021-12-16 11:04:31,824] {taskinstance.py:1262} INFO - Executing <Task(SlackWebhookOperator): notify_slack> on 2021-12-15 10:45:00+00:00
[2021-12-16 11:04:31,867] {standard_task_runner.py:76} INFO - Running: ['***', 'tasks', 'run', 'scraping_daft_sligo', 'notify_slack', 'scheduled__2021-12-15T10:45:00+00:00', '--job-id', '2738', '--raw', '--subdir', 'DAGS_FOLDER/scraping_daft_sligo.py', '--cfg-path', '/tmp/tmpt5bfu9cz', '--error-file', '/tmp/tmp3ihtuskx']
[2021-12-16 11:04:31,880] {standard_task_runner.py:77} INFO - Job 2738: Subtask notify_slack
[2021-12-16 11:04:31,849] {standard_task_runner.py:52} INFO - Started process 13502 to run task
[2021-12-16 11:04:32,104] {logging_mixin.py:109} INFO - Running <TaskInstance: scraping_daft_sligo.notify_slack scheduled__2021-12-15T10:45:00+00:00 [running]> on host 10035bfec3db
[2021-12-16 11:04:32,623] {taskinstance.py:1429} INFO - Exporting the following env vars:
AIRFLOW_CTX_DAG_EMAIL=clement.liscoet@gmail.com
AIRFLOW_CTX_DAG_OWNER=clemoni
AIRFLOW_CTX_DAG_ID=scraping_daft_sligo
AIRFLOW_CTX_TASK_ID=notify_slack
AIRFLOW_CTX_EXECUTION_DATE=2021-12-15T10:45:00+00:00
AIRFLOW_CTX_DAG_RUN_ID=scheduled__2021-12-15T10:45:00+00:00
[2021-12-16 11:04:32,819] {base.py:79} INFO - Using connection to: id: slack_connect. Host: https://hooks.slack.com/services/, Port: None, Schema: , Login: , Password: ***, extra: {}
[2021-12-16 11:04:32,975] {base.py:79} INFO - Using connection to: id: slack_connect. Host: https://hooks.slack.com/services/, Port: None, Schema: , Login: , Password: ***, extra: {}
[2021-12-16 11:04:33,178] {http.py:140} INFO - Sending 'POST' to url: https://hooks.slack.com/services/***
[2021-12-16 11:04:34,102] {taskinstance.py:1280} INFO - Marking task as SUCCESS. dag_id=scraping_daft_sligo, task_id=notify_slack, execution_date=20211215T104500, start_date=20211216T110431, end_date=20211216T110434
[2021-12-16 11:04:34,198] {local_task_job.py:154} INFO - Task exited with return code 0
[2021-12-16 11:04:34,368] {local_task_job.py:264} INFO - 1 downstream tasks scheduled from follow-on schedule check
