[2021-12-22 10:55:25,393] {taskinstance.py:1035} INFO - Dependencies all met for <TaskInstance: scraping_daft_waterford.waiting_for_file scheduled__2021-12-21T10:55:00+00:00 [queued]>
[2021-12-22 10:55:25,408] {taskinstance.py:1035} INFO - Dependencies all met for <TaskInstance: scraping_daft_waterford.waiting_for_file scheduled__2021-12-21T10:55:00+00:00 [queued]>
[2021-12-22 10:55:25,409] {taskinstance.py:1241} INFO - 
--------------------------------------------------------------------------------
[2021-12-22 10:55:25,410] {taskinstance.py:1242} INFO - Starting attempt 1 of 4
[2021-12-22 10:55:25,410] {taskinstance.py:1243} INFO - 
--------------------------------------------------------------------------------
[2021-12-22 10:55:25,423] {taskinstance.py:1262} INFO - Executing <Task(FileSensor): waiting_for_file> on 2021-12-21 10:55:00+00:00
[2021-12-22 10:55:25,432] {standard_task_runner.py:76} INFO - Running: ['***', 'tasks', 'run', 'scraping_daft_waterford', 'waiting_for_file', 'scheduled__2021-12-21T10:55:00+00:00', '--job-id', '3950', '--raw', '--subdir', 'DAGS_FOLDER/scraping_daft_waterford.py', '--cfg-path', '/tmp/tmpq6ye9wr0', '--error-file', '/tmp/tmp0s0fzajf']
[2021-12-22 10:55:25,433] {standard_task_runner.py:77} INFO - Job 3950: Subtask waiting_for_file
[2021-12-22 10:55:25,429] {standard_task_runner.py:52} INFO - Started process 16156 to run task
[2021-12-22 10:55:25,517] {logging_mixin.py:109} INFO - Running <TaskInstance: scraping_daft_waterford.waiting_for_file scheduled__2021-12-21T10:55:00+00:00 [running]> on host bb1be648e8f2
[2021-12-22 10:55:25,648] {taskinstance.py:1429} INFO - Exporting the following env vars:
AIRFLOW_CTX_DAG_EMAIL=clement.liscoet@gmail.com
AIRFLOW_CTX_DAG_OWNER=clemoni
AIRFLOW_CTX_DAG_ID=scraping_daft_waterford
AIRFLOW_CTX_TASK_ID=waiting_for_file
AIRFLOW_CTX_EXECUTION_DATE=2021-12-21T10:55:00+00:00
AIRFLOW_CTX_DAG_RUN_ID=scheduled__2021-12-21T10:55:00+00:00
[2021-12-22 10:55:25,693] {filesystem.py:59} INFO - Poking for file data/waterford_rent.json
[2021-12-22 10:55:25,695] {filesystem.py:65} INFO - Found File data/waterford_rent.json last modified: 20211222105524
[2021-12-22 10:55:25,696] {base.py:249} INFO - Success criteria met. Exiting.
[2021-12-22 10:55:25,732] {taskinstance.py:1280} INFO - Marking task as SUCCESS. dag_id=scraping_daft_waterford, task_id=waiting_for_file, execution_date=20211221T105500, start_date=20211222T105525, end_date=20211222T105525
[2021-12-22 10:55:25,777] {local_task_job.py:154} INFO - Task exited with return code 0
[2021-12-22 10:55:25,869] {local_task_job.py:264} INFO - 1 downstream tasks scheduled from follow-on schedule check
