[2021-12-07 20:20:25,955] {taskinstance.py:1035} INFO - Dependencies all met for <TaskInstance: scraping_daft_waterford.notify_slack manual__2021-12-07T20:18:45.087216+00:00 [queued]>
[2021-12-07 20:20:25,980] {taskinstance.py:1035} INFO - Dependencies all met for <TaskInstance: scraping_daft_waterford.notify_slack manual__2021-12-07T20:18:45.087216+00:00 [queued]>
[2021-12-07 20:20:25,982] {taskinstance.py:1241} INFO - 
--------------------------------------------------------------------------------
[2021-12-07 20:20:25,983] {taskinstance.py:1242} INFO - Starting attempt 1 of 3
[2021-12-07 20:20:25,984] {taskinstance.py:1243} INFO - 
--------------------------------------------------------------------------------
[2021-12-07 20:20:26,005] {taskinstance.py:1262} INFO - Executing <Task(SlackWebhookOperator): notify_slack> on 2021-12-07 20:18:45.087216+00:00
[2021-12-07 20:20:26,015] {standard_task_runner.py:76} INFO - Running: ['***', 'tasks', 'run', 'scraping_daft_waterford', 'notify_slack', 'manual__2021-12-07T20:18:45.087216+00:00', '--job-id', '528', '--raw', '--subdir', 'DAGS_FOLDER/scraping_daft_waterford.py', '--cfg-path', '/tmp/tmpvowc6q13', '--error-file', '/tmp/tmpfmox3ku6']
[2021-12-07 20:20:26,017] {standard_task_runner.py:77} INFO - Job 528: Subtask notify_slack
[2021-12-07 20:20:26,011] {standard_task_runner.py:52} INFO - Started process 10008 to run task
[2021-12-07 20:20:26,131] {logging_mixin.py:109} INFO - Running <TaskInstance: scraping_daft_waterford.notify_slack manual__2021-12-07T20:18:45.087216+00:00 [running]> on host 041e6f8654c3
[2021-12-07 20:20:26,298] {taskinstance.py:1429} INFO - Exporting the following env vars:
AIRFLOW_CTX_DAG_EMAIL=***@example.com
AIRFLOW_CTX_DAG_OWNER=clemoni
AIRFLOW_CTX_DAG_ID=scraping_daft_waterford
AIRFLOW_CTX_TASK_ID=notify_slack
AIRFLOW_CTX_EXECUTION_DATE=2021-12-07T20:18:45.087216+00:00
AIRFLOW_CTX_DAG_RUN_ID=manual__2021-12-07T20:18:45.087216+00:00
[2021-12-07 20:20:26,328] {base.py:79} INFO - Using connection to: id: slack_connect. Host: https://hooks.slack.com/services/, Port: None, Schema: , Login: , Password: ***, extra: {}
[2021-12-07 20:20:26,354] {base.py:79} INFO - Using connection to: id: slack_connect. Host: https://hooks.slack.com/services/, Port: None, Schema: , Login: , Password: ***, extra: {}
[2021-12-07 20:20:26,360] {http.py:140} INFO - Sending 'POST' to url: https://hooks.slack.com/services/***
[2021-12-07 20:20:26,870] {taskinstance.py:1280} INFO - Marking task as SUCCESS. dag_id=scraping_daft_waterford, task_id=notify_slack, execution_date=20211207T201845, start_date=20211207T202025, end_date=20211207T202026
[2021-12-07 20:20:26,923] {local_task_job.py:154} INFO - Task exited with return code 0
[2021-12-07 20:20:27,089] {local_task_job.py:264} INFO - 0 downstream tasks scheduled from follow-on schedule check
