[2021-12-17 10:50:30,802] {taskinstance.py:1035} INFO - Dependencies all met for <TaskInstance: scraping_daft_tipperary.waiting_for_file scheduled__2021-12-16T10:50:00+00:00 [queued]>
[2021-12-17 10:50:30,818] {taskinstance.py:1035} INFO - Dependencies all met for <TaskInstance: scraping_daft_tipperary.waiting_for_file scheduled__2021-12-16T10:50:00+00:00 [queued]>
[2021-12-17 10:50:30,819] {taskinstance.py:1241} INFO - 
--------------------------------------------------------------------------------
[2021-12-17 10:50:30,820] {taskinstance.py:1242} INFO - Starting attempt 1 of 4
[2021-12-17 10:50:30,820] {taskinstance.py:1243} INFO - 
--------------------------------------------------------------------------------
[2021-12-17 10:50:30,835] {taskinstance.py:1262} INFO - Executing <Task(FileSensor): waiting_for_file> on 2021-12-16 10:50:00+00:00
[2021-12-17 10:50:30,844] {standard_task_runner.py:76} INFO - Running: ['***', 'tasks', 'run', 'scraping_daft_tipperary', 'waiting_for_file', 'scheduled__2021-12-16T10:50:00+00:00', '--job-id', '2927', '--raw', '--subdir', 'DAGS_FOLDER/scraping_daft_tipperary.py', '--cfg-path', '/tmp/tmpla8a7bkj', '--error-file', '/tmp/tmpzl70k83k']
[2021-12-17 10:50:30,846] {standard_task_runner.py:77} INFO - Job 2927: Subtask waiting_for_file
[2021-12-17 10:50:30,841] {standard_task_runner.py:52} INFO - Started process 15782 to run task
[2021-12-17 10:50:30,960] {logging_mixin.py:109} INFO - Running <TaskInstance: scraping_daft_tipperary.waiting_for_file scheduled__2021-12-16T10:50:00+00:00 [running]> on host ce860fbe488d
[2021-12-17 10:50:31,116] {taskinstance.py:1429} INFO - Exporting the following env vars:
AIRFLOW_CTX_DAG_EMAIL=clement.liscoet@gmail.com
AIRFLOW_CTX_DAG_OWNER=clemoni
AIRFLOW_CTX_DAG_ID=scraping_daft_tipperary
AIRFLOW_CTX_TASK_ID=waiting_for_file
AIRFLOW_CTX_EXECUTION_DATE=2021-12-16T10:50:00+00:00
AIRFLOW_CTX_DAG_RUN_ID=scheduled__2021-12-16T10:50:00+00:00
[2021-12-17 10:50:31,166] {filesystem.py:59} INFO - Poking for file data/tipperary_rent.json
[2021-12-17 10:50:31,170] {filesystem.py:65} INFO - Found File data/tipperary_rent.json last modified: 20211217105029
[2021-12-17 10:50:31,171] {base.py:249} INFO - Success criteria met. Exiting.
[2021-12-17 10:50:31,214] {taskinstance.py:1280} INFO - Marking task as SUCCESS. dag_id=scraping_daft_tipperary, task_id=waiting_for_file, execution_date=20211216T105000, start_date=20211217T105030, end_date=20211217T105031
[2021-12-17 10:50:31,265] {local_task_job.py:154} INFO - Task exited with return code 0
[2021-12-17 10:50:31,383] {local_task_job.py:264} INFO - 1 downstream tasks scheduled from follow-on schedule check
