[2021-12-27 11:46:25,204] {taskinstance.py:1035} INFO - Dependencies all met for <TaskInstance: scraping_daft_kilkenny.persist_data scheduled__2021-12-26T09:50:00+00:00 [queued]>
[2021-12-27 11:46:25,279] {taskinstance.py:1035} INFO - Dependencies all met for <TaskInstance: scraping_daft_kilkenny.persist_data scheduled__2021-12-26T09:50:00+00:00 [queued]>
[2021-12-27 11:46:25,282] {taskinstance.py:1241} INFO - 
--------------------------------------------------------------------------------
[2021-12-27 11:46:25,288] {taskinstance.py:1242} INFO - Starting attempt 1 of 4
[2021-12-27 11:46:25,292] {taskinstance.py:1243} INFO - 
--------------------------------------------------------------------------------
[2021-12-27 11:46:25,356] {taskinstance.py:1262} INFO - Executing <Task(SparkSubmitOperator): persist_data> on 2021-12-26 09:50:00+00:00
[2021-12-27 11:46:25,395] {standard_task_runner.py:76} INFO - Running: ['***', 'tasks', 'run', 'scraping_daft_kilkenny', 'persist_data', 'scheduled__2021-12-26T09:50:00+00:00', '--job-id', '4848', '--raw', '--subdir', 'DAGS_FOLDER/scraping_daft_kilkenny.py', '--cfg-path', '/tmp/tmp6dqvlqfw', '--error-file', '/tmp/tmprp3x0ebn']
[2021-12-27 11:46:25,407] {standard_task_runner.py:77} INFO - Job 4848: Subtask persist_data
[2021-12-27 11:46:25,371] {standard_task_runner.py:52} INFO - Started process 5948 to run task
[2021-12-27 11:46:25,673] {logging_mixin.py:109} INFO - Running <TaskInstance: scraping_daft_kilkenny.persist_data scheduled__2021-12-26T09:50:00+00:00 [running]> on host 0c125a5bba95
[2021-12-27 11:46:26,096] {taskinstance.py:1429} INFO - Exporting the following env vars:
AIRFLOW_CTX_DAG_EMAIL=clement.liscoet@gmail.com
AIRFLOW_CTX_DAG_OWNER=clemoni
AIRFLOW_CTX_DAG_ID=scraping_daft_kilkenny
AIRFLOW_CTX_TASK_ID=persist_data
AIRFLOW_CTX_EXECUTION_DATE=2021-12-26T09:50:00+00:00
AIRFLOW_CTX_DAG_RUN_ID=scheduled__2021-12-26T09:50:00+00:00
[2021-12-27 11:46:26,190] {base.py:79} INFO - Using connection to: id: spark_default. Host: spark://spark:7077, Port: None, Schema: , Login: ***, Password: ***, extra: {}
[2021-12-27 11:46:26,199] {spark_submit.py:360} INFO - Spark-Submit cmd: spark-submit --master spark://spark:7077 --conf spark.master=spark://spark:7077 --name persist data --verbose /opt/***/jobs/persist_db.py kilkenny
[2021-12-27 11:46:33,358] {spark_submit.py:514} INFO - Using properties file: null
[2021-12-27 11:46:33,759] {spark_submit.py:514} INFO - WARNING: An illegal reflective access operation has occurred
[2021-12-27 11:46:33,762] {spark_submit.py:514} INFO - WARNING: Illegal reflective access by org.apache.spark.unsafe.Platform (file:/home/***/.local/lib/python3.6/site-packages/pyspark/jars/spark-unsafe_2.12-3.2.0.jar) to constructor java.nio.DirectByteBuffer(long,int)
[2021-12-27 11:46:33,764] {spark_submit.py:514} INFO - WARNING: Please consider reporting this to the maintainers of org.apache.spark.unsafe.Platform
[2021-12-27 11:46:33,770] {spark_submit.py:514} INFO - WARNING: Use --illegal-access=warn to enable warnings of further illegal reflective access operations
[2021-12-27 11:46:33,776] {spark_submit.py:514} INFO - WARNING: All illegal access operations will be denied in a future release
[2021-12-27 11:46:34,110] {spark_submit.py:514} INFO - Parsed arguments:
[2021-12-27 11:46:34,111] {spark_submit.py:514} INFO - master                  spark://spark:7077
[2021-12-27 11:46:34,113] {spark_submit.py:514} INFO - deployMode              null
[2021-12-27 11:46:34,114] {spark_submit.py:514} INFO - executorMemory          null
[2021-12-27 11:46:34,116] {spark_submit.py:514} INFO - executorCores           null
[2021-12-27 11:46:34,117] {spark_submit.py:514} INFO - totalExecutorCores      null
[2021-12-27 11:46:34,119] {spark_submit.py:514} INFO - propertiesFile          null
[2021-12-27 11:46:34,120] {spark_submit.py:514} INFO - driverMemory            null
[2021-12-27 11:46:34,121] {spark_submit.py:514} INFO - driverCores             null
[2021-12-27 11:46:34,123] {spark_submit.py:514} INFO - driverExtraClassPath    null
[2021-12-27 11:46:34,124] {spark_submit.py:514} INFO - driverExtraLibraryPath  null
[2021-12-27 11:46:34,127] {spark_submit.py:514} INFO - driverExtraJavaOptions  null
[2021-12-27 11:46:34,128] {spark_submit.py:514} INFO - supervise               false
[2021-12-27 11:46:34,129] {spark_submit.py:514} INFO - queue                   null
[2021-12-27 11:46:34,131] {spark_submit.py:514} INFO - numExecutors            null
[2021-12-27 11:46:34,132] {spark_submit.py:514} INFO - files                   null
[2021-12-27 11:46:34,134] {spark_submit.py:514} INFO - pyFiles                 null
[2021-12-27 11:46:34,135] {spark_submit.py:514} INFO - archives                null
[2021-12-27 11:46:34,136] {spark_submit.py:514} INFO - mainClass               null
[2021-12-27 11:46:34,139] {spark_submit.py:514} INFO - primaryResource         file:/opt/***/jobs/persist_db.py
[2021-12-27 11:46:34,140] {spark_submit.py:514} INFO - name                    persist data
[2021-12-27 11:46:34,141] {spark_submit.py:514} INFO - childArgs               [kilkenny]
[2021-12-27 11:46:34,142] {spark_submit.py:514} INFO - jars                    null
[2021-12-27 11:46:34,143] {spark_submit.py:514} INFO - packages                null
[2021-12-27 11:46:34,144] {spark_submit.py:514} INFO - packagesExclusions      null
[2021-12-27 11:46:34,146] {spark_submit.py:514} INFO - repositories            null
[2021-12-27 11:46:34,147] {spark_submit.py:514} INFO - verbose                 true
[2021-12-27 11:46:34,149] {spark_submit.py:514} INFO - 
[2021-12-27 11:46:34,150] {spark_submit.py:514} INFO - Spark properties used, including those specified through
[2021-12-27 11:46:34,153] {spark_submit.py:514} INFO - --conf and those from the properties file null:
[2021-12-27 11:46:34,154] {spark_submit.py:514} INFO - (spark.master,spark://spark:7077)
[2021-12-27 11:46:34,156] {spark_submit.py:514} INFO - 
[2021-12-27 11:46:34,158] {spark_submit.py:514} INFO - 
[2021-12-27 11:46:36,072] {spark_submit.py:514} INFO - Main class:
[2021-12-27 11:46:36,081] {spark_submit.py:514} INFO - org.apache.spark.deploy.PythonRunner
[2021-12-27 11:46:36,093] {spark_submit.py:514} INFO - Arguments:
[2021-12-27 11:46:36,095] {spark_submit.py:514} INFO - file:/opt/***/jobs/persist_db.py
[2021-12-27 11:46:36,104] {spark_submit.py:514} INFO - null
[2021-12-27 11:46:36,120] {spark_submit.py:514} INFO - kilkenny
[2021-12-27 11:46:36,124] {spark_submit.py:514} INFO - --verbose
[2021-12-27 11:46:36,145] {spark_submit.py:514} INFO - Spark config:
[2021-12-27 11:46:36,148] {spark_submit.py:514} INFO - (spark.master,spark://spark:7077)
[2021-12-27 11:46:36,150] {spark_submit.py:514} INFO - (spark.app.name,persist data)
[2021-12-27 11:46:36,152] {spark_submit.py:514} INFO - (spark.submit.pyFiles,)
[2021-12-27 11:46:36,162] {spark_submit.py:514} INFO - (spark.submit.deployMode,client)
[2021-12-27 11:46:36,165] {spark_submit.py:514} INFO - Classpath elements:
[2021-12-27 11:46:36,167] {spark_submit.py:514} INFO - 
[2021-12-27 11:46:36,179] {spark_submit.py:514} INFO - 
[2021-12-27 11:46:36,184] {spark_submit.py:514} INFO - 
[2021-12-27 11:46:40,463] {spark_submit.py:514} INFO - Using Spark's default log4j profile: org/apache/spark/log4j-defaults.properties
[2021-12-27 11:46:40,541] {spark_submit.py:514} INFO - 21/12/27 11:46:40 INFO SparkContext: Running Spark version 3.2.0
[2021-12-27 11:46:41,384] {spark_submit.py:514} INFO - 21/12/27 11:46:41 WARN NativeCodeLoader: Unable to load native-hadoop library for your platform... using builtin-java classes where applicable
[2021-12-27 11:46:42,590] {spark_submit.py:514} INFO - 21/12/27 11:46:42 INFO ResourceUtils: ==============================================================
[2021-12-27 11:46:42,615] {spark_submit.py:514} INFO - 21/12/27 11:46:42 INFO ResourceUtils: No custom resources configured for spark.driver.
[2021-12-27 11:46:42,623] {spark_submit.py:514} INFO - 21/12/27 11:46:42 INFO ResourceUtils: ==============================================================
[2021-12-27 11:46:42,631] {spark_submit.py:514} INFO - 21/12/27 11:46:42 INFO SparkContext: Submitted application: Persist DB
[2021-12-27 11:46:42,898] {spark_submit.py:514} INFO - 21/12/27 11:46:42 INFO ResourceProfile: Default ResourceProfile created, executor resources: Map(cores -> name: cores, amount: 1, script: , vendor: , memory -> name: memory, amount: 1024, script: , vendor: , offHeap -> name: offHeap, amount: 0, script: , vendor: ), task resources: Map(cpus -> name: cpus, amount: 1.0)
[2021-12-27 11:46:43,041] {spark_submit.py:514} INFO - 21/12/27 11:46:43 INFO ResourceProfile: Limiting resource is cpu
[2021-12-27 11:46:43,047] {spark_submit.py:514} INFO - 21/12/27 11:46:43 INFO ResourceProfileManager: Added ResourceProfile id: 0
[2021-12-27 11:46:43,719] {spark_submit.py:514} INFO - 21/12/27 11:46:43 INFO SecurityManager: Changing view acls to: ***
[2021-12-27 11:46:43,720] {spark_submit.py:514} INFO - 21/12/27 11:46:43 INFO SecurityManager: Changing modify acls to: ***
[2021-12-27 11:46:43,725] {spark_submit.py:514} INFO - 21/12/27 11:46:43 INFO SecurityManager: Changing view acls groups to:
[2021-12-27 11:46:43,733] {spark_submit.py:514} INFO - 21/12/27 11:46:43 INFO SecurityManager: Changing modify acls groups to:
[2021-12-27 11:46:43,734] {spark_submit.py:514} INFO - 21/12/27 11:46:43 INFO SecurityManager: SecurityManager: authentication disabled; ui acls disabled; users  with view permissions: Set(***); groups with view permissions: Set(); users  with modify permissions: Set(***); groups with modify permissions: Set()
[2021-12-27 11:46:45,795] {spark_submit.py:514} INFO - 21/12/27 11:46:45 INFO Utils: Successfully started service 'sparkDriver' on port 34327.
[2021-12-27 11:46:45,897] {spark_submit.py:514} INFO - 21/12/27 11:46:45 INFO SparkEnv: Registering MapOutputTracker
[2021-12-27 11:46:46,046] {spark_submit.py:514} INFO - 21/12/27 11:46:46 INFO SparkEnv: Registering BlockManagerMaster
[2021-12-27 11:46:46,136] {spark_submit.py:514} INFO - 21/12/27 11:46:46 INFO BlockManagerMasterEndpoint: Using org.apache.spark.storage.DefaultTopologyMapper for getting topology information
[2021-12-27 11:46:46,139] {spark_submit.py:514} INFO - 21/12/27 11:46:46 INFO BlockManagerMasterEndpoint: BlockManagerMasterEndpoint up
[2021-12-27 11:46:46,188] {spark_submit.py:514} INFO - 21/12/27 11:46:46 INFO SparkEnv: Registering BlockManagerMasterHeartbeat
[2021-12-27 11:46:46,433] {spark_submit.py:514} INFO - 21/12/27 11:46:46 INFO DiskBlockManager: Created local directory at /tmp/blockmgr-d59840cc-955f-45cc-932b-2f5ff39f9e65
[2021-12-27 11:46:46,615] {spark_submit.py:514} INFO - 21/12/27 11:46:46 INFO MemoryStore: MemoryStore started with capacity 434.4 MiB
[2021-12-27 11:46:46,763] {spark_submit.py:514} INFO - 21/12/27 11:46:46 INFO SparkEnv: Registering OutputCommitCoordinator
[2021-12-27 11:46:47,898] {spark_submit.py:514} INFO - 21/12/27 11:46:47 WARN Utils: Service 'SparkUI' could not bind on port 4040. Attempting port 4041.
[2021-12-27 11:46:47,900] {spark_submit.py:514} INFO - 21/12/27 11:46:47 WARN Utils: Service 'SparkUI' could not bind on port 4041. Attempting port 4042.
[2021-12-27 11:46:47,902] {spark_submit.py:514} INFO - 21/12/27 11:46:47 WARN Utils: Service 'SparkUI' could not bind on port 4042. Attempting port 4043.
[2021-12-27 11:46:47,964] {spark_submit.py:514} INFO - 21/12/27 11:46:47 INFO Utils: Successfully started service 'SparkUI' on port 4043.
[2021-12-27 11:46:48,290] {spark_submit.py:514} INFO - 21/12/27 11:46:48 INFO SparkUI: Bound SparkUI to 0.0.0.0, and started at http://0c125a5bba95:4043
[2021-12-27 11:46:49,365] {spark_submit.py:514} INFO - 21/12/27 11:46:49 INFO StandaloneAppClient$ClientEndpoint: Connecting to master spark://spark:7077...
[2021-12-27 11:46:49,642] {spark_submit.py:514} INFO - 21/12/27 11:46:49 INFO TransportClientFactory: Successfully created connection to spark/172.19.0.4:7077 after 113 ms (0 ms spent in bootstraps)
[2021-12-27 11:46:50,085] {spark_submit.py:514} INFO - 21/12/27 11:46:50 INFO StandaloneSchedulerBackend: Connected to Spark cluster with app ID app-20211227114650-0040
[2021-12-27 11:46:50,132] {spark_submit.py:514} INFO - 21/12/27 11:46:50 INFO Utils: Successfully started service 'org.apache.spark.network.netty.NettyBlockTransferService' on port 35243.
[2021-12-27 11:46:50,135] {spark_submit.py:514} INFO - 21/12/27 11:46:50 INFO NettyBlockTransferService: Server created on 0c125a5bba95:35243
[2021-12-27 11:46:50,139] {spark_submit.py:514} INFO - 21/12/27 11:46:50 INFO BlockManager: Using org.apache.spark.storage.RandomBlockReplicationPolicy for block replication policy
[2021-12-27 11:46:50,174] {spark_submit.py:514} INFO - 21/12/27 11:46:50 INFO BlockManagerMaster: Registering BlockManager BlockManagerId(driver, 0c125a5bba95, 35243, None)
[2021-12-27 11:46:50,182] {spark_submit.py:514} INFO - 21/12/27 11:46:50 INFO BlockManagerMasterEndpoint: Registering block manager 0c125a5bba95:35243 with 434.4 MiB RAM, BlockManagerId(driver, 0c125a5bba95, 35243, None)
[2021-12-27 11:46:50,188] {spark_submit.py:514} INFO - 21/12/27 11:46:50 INFO BlockManagerMaster: Registered BlockManager BlockManagerId(driver, 0c125a5bba95, 35243, None)
[2021-12-27 11:46:50,191] {spark_submit.py:514} INFO - 21/12/27 11:46:50 INFO BlockManager: Initialized BlockManager: BlockManagerId(driver, 0c125a5bba95, 35243, None)
[2021-12-27 11:46:51,002] {spark_submit.py:514} INFO - 21/12/27 11:46:50 INFO StandaloneSchedulerBackend: SchedulerBackend is ready for scheduling beginning after reached minRegisteredResourcesRatio: 0.0
[2021-12-27 11:46:51,266] {spark_submit.py:514} INFO - /home/***/.local/lib/python3.6/site-packages/pyspark/python/lib/pyspark.zip/pyspark/context.py:238: FutureWarning: Python 3.6 support is deprecated in Spark 3.2.
[2021-12-27 11:46:51,268] {spark_submit.py:514} INFO - FutureWarning
[2021-12-27 11:46:52,291] {spark_submit.py:514} INFO - 21/12/27 11:46:52 INFO SharedState: Setting hive.metastore.warehouse.dir ('null') to the value of spark.sql.warehouse.dir.
[2021-12-27 11:46:52,407] {spark_submit.py:514} INFO - 21/12/27 11:46:52 INFO SharedState: Warehouse path is 'file:/opt/***/spark-warehouse'.
[2021-12-27 11:46:55,574] {spark_submit.py:514} INFO - 21/12/27 11:46:55 INFO SparkContext: Invoking stop() from shutdown hook
[2021-12-27 11:46:55,614] {spark_submit.py:514} INFO - 21/12/27 11:46:55 INFO SparkUI: Stopped Spark web UI at http://0c125a5bba95:4043
[2021-12-27 11:46:55,650] {spark_submit.py:514} INFO - 21/12/27 11:46:55 INFO StandaloneSchedulerBackend: Shutting down all executors
[2021-12-27 11:46:55,669] {spark_submit.py:514} INFO - 21/12/27 11:46:55 INFO CoarseGrainedSchedulerBackend$DriverEndpoint: Asking each executor to shut down
[2021-12-27 11:46:55,751] {spark_submit.py:514} INFO - 21/12/27 11:46:55 INFO MapOutputTrackerMasterEndpoint: MapOutputTrackerMasterEndpoint stopped!
[2021-12-27 11:46:55,848] {spark_submit.py:514} INFO - 21/12/27 11:46:55 INFO MemoryStore: MemoryStore cleared
[2021-12-27 11:46:55,856] {spark_submit.py:514} INFO - 21/12/27 11:46:55 INFO BlockManager: BlockManager stopped
[2021-12-27 11:46:55,865] {spark_submit.py:514} INFO - 21/12/27 11:46:55 INFO BlockManagerMaster: BlockManagerMaster stopped
[2021-12-27 11:46:55,878] {spark_submit.py:514} INFO - 21/12/27 11:46:55 INFO OutputCommitCoordinator$OutputCommitCoordinatorEndpoint: OutputCommitCoordinator stopped!
[2021-12-27 11:46:55,924] {spark_submit.py:514} INFO - 21/12/27 11:46:55 INFO SparkContext: Successfully stopped SparkContext
[2021-12-27 11:46:55,925] {spark_submit.py:514} INFO - 21/12/27 11:46:55 INFO ShutdownHookManager: Shutdown hook called
[2021-12-27 11:46:55,927] {spark_submit.py:514} INFO - 21/12/27 11:46:55 INFO ShutdownHookManager: Deleting directory /tmp/spark-5298ecf5-db14-4916-8c2c-40ad18c37156
[2021-12-27 11:46:55,933] {spark_submit.py:514} INFO - 21/12/27 11:46:55 INFO ShutdownHookManager: Deleting directory /tmp/spark-5298ecf5-db14-4916-8c2c-40ad18c37156/pyspark-7e9a1aed-c96a-4178-bf92-6e8fc31b0abb
[2021-12-27 11:46:55,941] {spark_submit.py:514} INFO - 21/12/27 11:46:55 INFO ShutdownHookManager: Deleting directory /tmp/spark-148f06e2-8fa3-4329-9a2d-30a2d995a811
[2021-12-27 11:46:56,180] {taskinstance.py:1280} INFO - Marking task as SUCCESS. dag_id=scraping_daft_kilkenny, task_id=persist_data, execution_date=20211226T095000, start_date=20211227T114625, end_date=20211227T114656
[2021-12-27 11:46:56,271] {local_task_job.py:154} INFO - Task exited with return code 0
[2021-12-27 11:46:56,525] {local_task_job.py:264} INFO - 1 downstream tasks scheduled from follow-on schedule check
