[2021-12-07 15:23:43,824] {taskinstance.py:1035} INFO - Dependencies all met for <TaskInstance: scraping_daft_louth.get_reporting manual__2021-12-07T15:22:41.193009+00:00 [queued]>
[2021-12-07 15:23:43,886] {taskinstance.py:1035} INFO - Dependencies all met for <TaskInstance: scraping_daft_louth.get_reporting manual__2021-12-07T15:22:41.193009+00:00 [queued]>
[2021-12-07 15:23:43,890] {taskinstance.py:1241} INFO - 
--------------------------------------------------------------------------------
[2021-12-07 15:23:43,893] {taskinstance.py:1242} INFO - Starting attempt 1 of 3
[2021-12-07 15:23:43,896] {taskinstance.py:1243} INFO - 
--------------------------------------------------------------------------------
[2021-12-07 15:23:43,943] {taskinstance.py:1262} INFO - Executing <Task(_PythonDecoratedOperator): get_reporting> on 2021-12-07 15:22:41.193009+00:00
[2021-12-07 15:23:43,953] {standard_task_runner.py:76} INFO - Running: ['***', 'tasks', 'run', 'scraping_daft_louth', 'get_reporting', 'manual__2021-12-07T15:22:41.193009+00:00', '--job-id', '278', '--raw', '--subdir', 'DAGS_FOLDER/scraping_daft_louth.py', '--cfg-path', '/tmp/tmp9x4f67kb', '--error-file', '/tmp/tmphs7gerqw']
[2021-12-07 15:23:43,955] {standard_task_runner.py:77} INFO - Job 278: Subtask get_reporting
[2021-12-07 15:23:43,949] {standard_task_runner.py:52} INFO - Started process 40051 to run task
[2021-12-07 15:23:44,169] {logging_mixin.py:109} INFO - Running <TaskInstance: scraping_daft_louth.get_reporting manual__2021-12-07T15:22:41.193009+00:00 [running]> on host 7a06f7031264
[2021-12-07 15:23:44,321] {taskinstance.py:1429} INFO - Exporting the following env vars:
AIRFLOW_CTX_DAG_EMAIL=***@example.com
AIRFLOW_CTX_DAG_OWNER=clemoni
AIRFLOW_CTX_DAG_ID=scraping_daft_louth
AIRFLOW_CTX_TASK_ID=get_reporting
AIRFLOW_CTX_EXECUTION_DATE=2021-12-07T15:22:41.193009+00:00
AIRFLOW_CTX_DAG_RUN_ID=manual__2021-12-07T15:22:41.193009+00:00
[2021-12-07 15:23:44,353] {logging_mixin.py:109} INFO - louth
[2021-12-07 15:23:44,388] {base.py:79} INFO - Using connection to: id: postgres_db. Host: postgres, Port: 5432, Schema: scraping_daft, Login: ***, Password: ***, extra: {}
[2021-12-07 15:23:44,442] {python.py:152} INFO - Done. Returned value was: None
[2021-12-07 15:23:44,487] {taskinstance.py:1280} INFO - Marking task as SUCCESS. dag_id=scraping_daft_louth, task_id=get_reporting, execution_date=20211207T152241, start_date=20211207T152343, end_date=20211207T152344
[2021-12-07 15:23:44,526] {local_task_job.py:154} INFO - Task exited with return code 0
[2021-12-07 15:23:44,622] {local_task_job.py:264} INFO - 1 downstream tasks scheduled from follow-on schedule check
