[2022-01-03 11:42:52,748] {taskinstance.py:1035} INFO - Dependencies all met for <TaskInstance: scraping_daft_roscommon.scrap_data scheduled__2022-01-02T10:40:00+00:00 [queued]>
[2022-01-03 11:42:53,187] {taskinstance.py:1035} INFO - Dependencies all met for <TaskInstance: scraping_daft_roscommon.scrap_data scheduled__2022-01-02T10:40:00+00:00 [queued]>
[2022-01-03 11:42:53,192] {taskinstance.py:1241} INFO - 
--------------------------------------------------------------------------------
[2022-01-03 11:42:53,196] {taskinstance.py:1242} INFO - Starting attempt 1 of 4
[2022-01-03 11:42:53,198] {taskinstance.py:1243} INFO - 
--------------------------------------------------------------------------------
[2022-01-03 11:42:53,441] {taskinstance.py:1262} INFO - Executing <Task(SparkSubmitOperator): scrap_data> on 2022-01-02 10:40:00+00:00
[2022-01-03 11:42:53,503] {standard_task_runner.py:52} INFO - Started process 317 to run task
[2022-01-03 11:42:53,648] {standard_task_runner.py:76} INFO - Running: ['***', 'tasks', 'run', 'scraping_daft_roscommon', 'scrap_data', 'scheduled__2022-01-02T10:40:00+00:00', '--job-id', '6312', '--raw', '--subdir', 'DAGS_FOLDER/scraping_daft_roscommon.py', '--cfg-path', '/tmp/tmp7c0sgdcb', '--error-file', '/tmp/tmpbojobucr']
[2022-01-03 11:42:53,686] {standard_task_runner.py:77} INFO - Job 6312: Subtask scrap_data
[2022-01-03 11:42:55,397] {logging_mixin.py:109} INFO - Running <TaskInstance: scraping_daft_roscommon.scrap_data scheduled__2022-01-02T10:40:00+00:00 [running]> on host bbddfc72aeab
[2022-01-03 11:42:56,994] {taskinstance.py:1429} INFO - Exporting the following env vars:
AIRFLOW_CTX_DAG_EMAIL=clement.liscoet@gmail.com
AIRFLOW_CTX_DAG_OWNER=clemoni
AIRFLOW_CTX_DAG_ID=scraping_daft_roscommon
AIRFLOW_CTX_TASK_ID=scrap_data
AIRFLOW_CTX_EXECUTION_DATE=2022-01-02T10:40:00+00:00
AIRFLOW_CTX_DAG_RUN_ID=scheduled__2022-01-02T10:40:00+00:00
[2022-01-03 11:42:57,074] {base.py:79} INFO - Using connection to: id: spark_default. Host: spark://spark:7077, Port: None, Schema: , Login: ***, Password: ***, extra: {}
[2022-01-03 11:42:57,085] {spark_submit.py:360} INFO - Spark-Submit cmd: spark-submit --master spark://spark:7077 --conf spark.master=spark://spark:7077 --name scrap data --verbose /opt/***/jobs/get_ads_per_county.py roscommon
[2022-01-03 11:43:36,934] {spark_submit.py:514} INFO - Using properties file: null
[2022-01-03 11:43:40,156] {spark_submit.py:514} INFO - WARNING: An illegal reflective access operation has occurred
[2022-01-03 11:43:40,158] {spark_submit.py:514} INFO - WARNING: Illegal reflective access by org.apache.spark.unsafe.Platform (file:/home/***/.local/lib/python3.6/site-packages/pyspark/jars/spark-unsafe_2.12-3.2.0.jar) to constructor java.nio.DirectByteBuffer(long,int)
[2022-01-03 11:43:40,159] {spark_submit.py:514} INFO - WARNING: Please consider reporting this to the maintainers of org.apache.spark.unsafe.Platform
[2022-01-03 11:43:40,160] {spark_submit.py:514} INFO - WARNING: Use --illegal-access=warn to enable warnings of further illegal reflective access operations
[2022-01-03 11:43:40,162] {spark_submit.py:514} INFO - WARNING: All illegal access operations will be denied in a future release
[2022-01-03 11:43:42,151] {spark_submit.py:514} INFO - Parsed arguments:
[2022-01-03 11:43:42,186] {spark_submit.py:514} INFO - master                  spark://spark:7077
[2022-01-03 11:43:42,207] {spark_submit.py:514} INFO - deployMode              null
[2022-01-03 11:43:42,224] {spark_submit.py:514} INFO - executorMemory          null
[2022-01-03 11:43:42,234] {spark_submit.py:514} INFO - executorCores           null
[2022-01-03 11:43:42,239] {spark_submit.py:514} INFO - totalExecutorCores      null
[2022-01-03 11:43:42,244] {spark_submit.py:514} INFO - propertiesFile          null
[2022-01-03 11:43:42,248] {spark_submit.py:514} INFO - driverMemory            null
[2022-01-03 11:43:42,272] {spark_submit.py:514} INFO - driverCores             null
[2022-01-03 11:43:42,306] {spark_submit.py:514} INFO - driverExtraClassPath    null
[2022-01-03 11:43:42,338] {spark_submit.py:514} INFO - driverExtraLibraryPath  null
[2022-01-03 11:43:42,355] {spark_submit.py:514} INFO - driverExtraJavaOptions  null
[2022-01-03 11:43:42,361] {spark_submit.py:514} INFO - supervise               false
[2022-01-03 11:43:42,389] {spark_submit.py:514} INFO - queue                   null
[2022-01-03 11:43:42,397] {spark_submit.py:514} INFO - numExecutors            null
[2022-01-03 11:43:42,399] {spark_submit.py:514} INFO - files                   null
[2022-01-03 11:43:42,404] {spark_submit.py:514} INFO - pyFiles                 null
[2022-01-03 11:43:42,413] {spark_submit.py:514} INFO - archives                null
[2022-01-03 11:43:42,421] {spark_submit.py:514} INFO - mainClass               null
[2022-01-03 11:43:42,442] {spark_submit.py:514} INFO - primaryResource         file:/opt/***/jobs/get_ads_per_county.py
[2022-01-03 11:43:42,449] {spark_submit.py:514} INFO - name                    scrap data
[2022-01-03 11:43:42,454] {spark_submit.py:514} INFO - childArgs               [roscommon]
[2022-01-03 11:43:42,458] {spark_submit.py:514} INFO - jars                    null
[2022-01-03 11:43:42,465] {spark_submit.py:514} INFO - packages                null
[2022-01-03 11:43:42,483] {spark_submit.py:514} INFO - packagesExclusions      null
[2022-01-03 11:43:42,488] {spark_submit.py:514} INFO - repositories            null
[2022-01-03 11:43:42,511] {spark_submit.py:514} INFO - verbose                 true
[2022-01-03 11:43:42,564] {spark_submit.py:514} INFO - 
[2022-01-03 11:43:42,573] {spark_submit.py:514} INFO - Spark properties used, including those specified through
[2022-01-03 11:43:42,588] {spark_submit.py:514} INFO - --conf and those from the properties file null:
[2022-01-03 11:43:42,599] {spark_submit.py:514} INFO - (spark.master,spark://spark:7077)
[2022-01-03 11:43:42,622] {spark_submit.py:514} INFO - 
[2022-01-03 11:43:42,630] {spark_submit.py:514} INFO - 
[2022-01-03 11:43:46,004] {spark_submit.py:514} INFO - Main class:
[2022-01-03 11:43:46,007] {spark_submit.py:514} INFO - org.apache.spark.deploy.PythonRunner
[2022-01-03 11:43:46,008] {spark_submit.py:514} INFO - Arguments:
[2022-01-03 11:43:46,009] {spark_submit.py:514} INFO - file:/opt/***/jobs/get_ads_per_county.py
[2022-01-03 11:43:46,010] {spark_submit.py:514} INFO - null
[2022-01-03 11:43:46,014] {spark_submit.py:514} INFO - roscommon
[2022-01-03 11:43:46,015] {spark_submit.py:514} INFO - --verbose
[2022-01-03 11:43:46,018] {spark_submit.py:514} INFO - Spark config:
[2022-01-03 11:43:46,020] {spark_submit.py:514} INFO - (spark.app.name,scrap data)
[2022-01-03 11:43:46,021] {spark_submit.py:514} INFO - (spark.master,spark://spark:7077)
[2022-01-03 11:43:46,022] {spark_submit.py:514} INFO - (spark.submit.pyFiles,)
[2022-01-03 11:43:46,024] {spark_submit.py:514} INFO - (spark.submit.deployMode,client)
[2022-01-03 11:43:46,028] {spark_submit.py:514} INFO - Classpath elements:
[2022-01-03 11:43:46,029] {spark_submit.py:514} INFO - 
[2022-01-03 11:43:46,031] {spark_submit.py:514} INFO - 
[2022-01-03 11:43:46,032] {spark_submit.py:514} INFO - 
[2022-01-03 11:44:52,370] {spark_submit.py:514} INFO - Using Spark's default log4j profile: org/apache/spark/log4j-defaults.properties
[2022-01-03 11:44:52,772] {spark_submit.py:514} INFO - 22/01/03 11:44:52 INFO SparkContext: Running Spark version 3.2.0
[2022-01-03 11:44:56,788] {spark_submit.py:514} INFO - 22/01/03 11:44:56 WARN NativeCodeLoader: Unable to load native-hadoop library for your platform... using builtin-java classes where applicable
[2022-01-03 11:44:59,917] {spark_submit.py:514} INFO - 22/01/03 11:44:59 INFO ResourceUtils: ==============================================================
[2022-01-03 11:44:59,933] {spark_submit.py:514} INFO - 22/01/03 11:44:59 INFO ResourceUtils: No custom resources configured for spark.driver.
[2022-01-03 11:44:59,949] {spark_submit.py:514} INFO - 22/01/03 11:44:59 INFO ResourceUtils: ==============================================================
[2022-01-03 11:44:59,954] {spark_submit.py:514} INFO - 22/01/03 11:44:59 INFO SparkContext: Submitted application: Get Ads per county
[2022-01-03 11:45:00,567] {spark_submit.py:514} INFO - 22/01/03 11:45:00 INFO ResourceProfile: Default ResourceProfile created, executor resources: Map(cores -> name: cores, amount: 1, script: , vendor: , memory -> name: memory, amount: 1024, script: , vendor: , offHeap -> name: offHeap, amount: 0, script: , vendor: ), task resources: Map(cpus -> name: cpus, amount: 1.0)
[2022-01-03 11:45:00,936] {spark_submit.py:514} INFO - 22/01/03 11:45:00 INFO ResourceProfile: Limiting resource is cpu
[2022-01-03 11:45:00,942] {spark_submit.py:514} INFO - 22/01/03 11:45:00 INFO ResourceProfileManager: Added ResourceProfile id: 0
[2022-01-03 11:45:01,879] {spark_submit.py:514} INFO - 22/01/03 11:45:01 INFO SecurityManager: Changing view acls to: ***
[2022-01-03 11:45:01,881] {spark_submit.py:514} INFO - 22/01/03 11:45:01 INFO SecurityManager: Changing modify acls to: ***
[2022-01-03 11:45:01,899] {spark_submit.py:514} INFO - 22/01/03 11:45:01 INFO SecurityManager: Changing view acls groups to:
[2022-01-03 11:45:01,902] {spark_submit.py:514} INFO - 22/01/03 11:45:01 INFO SecurityManager: Changing modify acls groups to:
[2022-01-03 11:45:01,903] {spark_submit.py:514} INFO - 22/01/03 11:45:01 INFO SecurityManager: SecurityManager: authentication disabled; ui acls disabled; users  with view permissions: Set(***); groups with view permissions: Set(); users  with modify permissions: Set(***); groups with modify permissions: Set()
[2022-01-03 11:45:07,502] {spark_submit.py:514} INFO - 22/01/03 11:45:07 INFO Utils: Successfully started service 'sparkDriver' on port 40375.
[2022-01-03 11:45:08,023] {spark_submit.py:514} INFO - 22/01/03 11:45:08 INFO SparkEnv: Registering MapOutputTracker
[2022-01-03 11:45:12,471] {spark_submit.py:514} INFO - 22/01/03 11:45:12 INFO SparkEnv: Registering BlockManagerMaster
[2022-01-03 11:45:14,510] {spark_submit.py:514} INFO - 22/01/03 11:45:14 INFO BlockManagerMasterEndpoint: Using org.apache.spark.storage.DefaultTopologyMapper for getting topology information
[2022-01-03 11:45:14,540] {spark_submit.py:514} INFO - 22/01/03 11:45:14 INFO BlockManagerMasterEndpoint: BlockManagerMasterEndpoint up
[2022-01-03 11:45:14,846] {spark_submit.py:514} INFO - 22/01/03 11:45:14 INFO SparkEnv: Registering BlockManagerMasterHeartbeat
[2022-01-03 11:45:15,769] {spark_submit.py:514} INFO - 22/01/03 11:45:15 INFO DiskBlockManager: Created local directory at /tmp/blockmgr-a20101c8-e45a-49cf-89c9-00a8639b6073
[2022-01-03 11:45:16,109] {spark_submit.py:514} INFO - 22/01/03 11:45:16 INFO MemoryStore: MemoryStore started with capacity 434.4 MiB
[2022-01-03 11:45:16,461] {spark_submit.py:514} INFO - 22/01/03 11:45:16 INFO SparkEnv: Registering OutputCommitCoordinator
[2022-01-03 11:45:44,759] {spark_submit.py:514} INFO - 22/01/03 11:45:44 WARN Utils: Service 'SparkUI' could not bind on port 4040. Attempting port 4041.
[2022-01-03 11:45:44,779] {spark_submit.py:514} INFO - 22/01/03 11:45:44 WARN Utils: Service 'SparkUI' could not bind on port 4041. Attempting port 4042.
[2022-01-03 11:45:44,781] {spark_submit.py:514} INFO - 22/01/03 11:45:44 WARN Utils: Service 'SparkUI' could not bind on port 4042. Attempting port 4043.
[2022-01-03 11:45:44,783] {spark_submit.py:514} INFO - 22/01/03 11:45:44 WARN Utils: Service 'SparkUI' could not bind on port 4043. Attempting port 4044.
[2022-01-03 11:45:44,784] {spark_submit.py:514} INFO - 22/01/03 11:45:44 WARN Utils: Service 'SparkUI' could not bind on port 4044. Attempting port 4045.
[2022-01-03 11:45:44,802] {spark_submit.py:514} INFO - 22/01/03 11:45:44 WARN Utils: Service 'SparkUI' could not bind on port 4045. Attempting port 4046.
[2022-01-03 11:45:45,655] {spark_submit.py:514} INFO - 22/01/03 11:45:45 INFO Utils: Successfully started service 'SparkUI' on port 4046.
[2022-01-03 11:46:00,742] {spark_submit.py:514} INFO - 22/01/03 11:46:00 INFO SparkUI: Bound SparkUI to 0.0.0.0, and started at http://bbddfc72aeab:4046
[2022-01-03 11:48:18,926] {spark_submit.py:514} INFO - 22/01/03 11:48:18 INFO StandaloneAppClient$ClientEndpoint: Connecting to master spark://spark:7077...
[2022-01-03 11:48:24,485] {spark_submit.py:514} INFO - 22/01/03 11:48:24 INFO TransportClientFactory: Successfully created connection to spark/172.22.0.4:7077 after 2049 ms (0 ms spent in bootstraps)
[2022-01-03 11:48:27,961] {spark_submit.py:514} INFO - 22/01/03 11:48:27 INFO StandaloneSchedulerBackend: Connected to Spark cluster with app ID app-20220103114827-0099
[2022-01-03 11:48:29,918] {spark_submit.py:514} INFO - 22/01/03 11:48:29 INFO Utils: Successfully started service 'org.apache.spark.network.netty.NettyBlockTransferService' on port 37789.
[2022-01-03 11:48:30,065] {spark_submit.py:514} INFO - 22/01/03 11:48:29 INFO NettyBlockTransferService: Server created on bbddfc72aeab:37789
[2022-01-03 11:48:31,059] {spark_submit.py:514} INFO - 22/01/03 11:48:31 INFO BlockManager: Using org.apache.spark.storage.RandomBlockReplicationPolicy for block replication policy
[2022-01-03 11:48:31,247] {spark_submit.py:514} INFO - 22/01/03 11:48:31 INFO BlockManagerMaster: Registering BlockManager BlockManagerId(driver, bbddfc72aeab, 37789, None)
[2022-01-03 11:48:31,720] {spark_submit.py:514} INFO - 22/01/03 11:48:31 INFO BlockManagerMasterEndpoint: Registering block manager bbddfc72aeab:37789 with 434.4 MiB RAM, BlockManagerId(driver, bbddfc72aeab, 37789, None)
[2022-01-03 11:48:32,037] {spark_submit.py:514} INFO - 22/01/03 11:48:32 INFO BlockManagerMaster: Registered BlockManager BlockManagerId(driver, bbddfc72aeab, 37789, None)
[2022-01-03 11:48:32,106] {spark_submit.py:514} INFO - 22/01/03 11:48:32 INFO BlockManager: Initialized BlockManager: BlockManagerId(driver, bbddfc72aeab, 37789, None)
[2022-01-03 11:49:02,204] {spark_submit.py:514} INFO - 22/01/03 11:49:02 INFO StandaloneSchedulerBackend: SchedulerBackend is ready for scheduling beginning after reached minRegisteredResourcesRatio: 0.0
[2022-01-03 11:49:04,168] {spark_submit.py:514} INFO - 22/01/03 11:49:04 INFO AsyncEventQueue: Process of event SparkListenerResourceProfileAdded(Profile: id = 0, executor resources: cores -> name: cores, amount: 1, script: , vendor: ,memory -> name: memory, amount: 1024, script: , vendor: ,offHeap -> name: offHeap, amount: 0, script: , vendor: , task resources: cpus -> name: cpus, amount: 1.0) by listener AppStatusListener took 1.0685762s.
[2022-01-03 11:49:06,735] {spark_submit.py:514} INFO - 22/01/03 11:49:06 INFO AsyncEventQueue: Process of event SparkListenerExecutorMetricsUpdate(driver,WrappedArray(),Map((-1,-1) -> org.apache.spark.executor.ExecutorMetrics@6a34a95a)) by listener AppStatusListener took 2.5553247s.
[2022-01-03 11:49:09,289] {spark_submit.py:514} INFO - 22/01/03 11:49:09 INFO AsyncEventQueue: Process of event SparkListenerBlockManagerAdded(1641210511407,BlockManagerId(driver, bbddfc72aeab, 37789, None),455501414,Some(455501414),Some(0)) by listener AppStatusListener took 2.5277095s.
[2022-01-03 11:49:18,860] {spark_submit.py:514} INFO - /home/***/.local/lib/python3.6/site-packages/pyspark/python/lib/pyspark.zip/pyspark/context.py:238: FutureWarning: Python 3.6 support is deprecated in Spark 3.2.
[2022-01-03 11:49:18,864] {spark_submit.py:514} INFO - FutureWarning
[2022-01-03 11:49:43,964] {spark_submit.py:514} INFO - 22/01/03 11:49:43 INFO SharedState: Setting hive.metastore.warehouse.dir ('null') to the value of spark.sql.warehouse.dir.
[2022-01-03 11:49:46,300] {spark_submit.py:514} INFO - 22/01/03 11:49:46 INFO SharedState: Warehouse path is 'file:/opt/***/spark-warehouse'.
[2022-01-03 11:50:25,003] {spark_submit.py:514} INFO - 22/01/03 11:50:24 INFO StandaloneAppClient$ClientEndpoint: Executor added: app-20220103114827-0099/0 on worker-20220103114058-172.22.0.7-42913 (172.22.0.7:42913) with 6 core(s)
[2022-01-03 11:50:25,048] {spark_submit.py:514} INFO - 22/01/03 11:50:25 INFO StandaloneSchedulerBackend: Granted executor ID app-20220103114827-0099/0 on hostPort 172.22.0.7:42913 with 6 core(s), 1024.0 MiB RAM
[2022-01-03 11:50:25,053] {spark_submit.py:514} INFO - 22/01/03 11:50:25 INFO StandaloneAppClient$ClientEndpoint: Executor added: app-20220103114827-0099/1 on worker-20220103114058-172.22.0.6-33681 (172.22.0.6:33681) with 6 core(s)
[2022-01-03 11:50:25,064] {spark_submit.py:514} INFO - 22/01/03 11:50:25 INFO StandaloneSchedulerBackend: Granted executor ID app-20220103114827-0099/1 on hostPort 172.22.0.6:33681 with 6 core(s), 1024.0 MiB RAM
[2022-01-03 11:50:26,443] {spark_submit.py:514} INFO - 22/01/03 11:50:26 INFO StandaloneAppClient$ClientEndpoint: Executor updated: app-20220103114827-0099/0 is now RUNNING
[2022-01-03 11:50:26,450] {spark_submit.py:514} INFO - 22/01/03 11:50:26 INFO StandaloneAppClient$ClientEndpoint: Executor updated: app-20220103114827-0099/1 is now RUNNING
[2022-01-03 11:50:47,719] {spark_submit.py:514} INFO - running...
[2022-01-03 11:50:48,379] {spark_submit.py:514} INFO - 22/01/03 11:50:48 INFO CoarseGrainedSchedulerBackend$DriverEndpoint: Registered executor NettyRpcEndpointRef(spark-client://Executor) (172.22.0.6:57492) with ID 1,  ResourceProfileId 0
[2022-01-03 11:50:48,528] {spark_submit.py:514} INFO - 22/01/03 11:50:48 INFO CoarseGrainedSchedulerBackend$DriverEndpoint: Registered executor NettyRpcEndpointRef(spark-client://Executor) (172.22.0.7:40992) with ID 0,  ResourceProfileId 0
[2022-01-03 11:50:49,150] {spark_submit.py:514} INFO - 22/01/03 11:50:49 INFO BlockManagerMasterEndpoint: Registering block manager 172.22.0.7:40149 with 366.3 MiB RAM, BlockManagerId(0, 172.22.0.7, 40149, None)
[2022-01-03 11:50:49,182] {spark_submit.py:514} INFO - 22/01/03 11:50:49 INFO BlockManagerMasterEndpoint: Registering block manager 172.22.0.6:40351 with 366.3 MiB RAM, BlockManagerId(1, 172.22.0.6, 40351, None)
[2022-01-03 11:50:50,481] {spark_submit.py:514} INFO - running...
[2022-01-03 11:50:52,161] {spark_submit.py:514} INFO - running...
[2022-01-03 11:50:53,410] {spark_submit.py:514} INFO - running...
[2022-01-03 11:50:56,829] {spark_submit.py:514} INFO - running...
[2022-01-03 11:50:58,208] {spark_submit.py:514} INFO - running...
[2022-01-03 11:51:21,550] {taskinstance.py:1703} ERROR - Task failed with exception
Traceback (most recent call last):
  File "/home/airflow/.local/lib/python3.6/site-packages/airflow/models/taskinstance.py", line 1332, in _run_raw_task
    self._execute_task_with_callbacks(context)
  File "/home/airflow/.local/lib/python3.6/site-packages/airflow/models/taskinstance.py", line 1458, in _execute_task_with_callbacks
    result = self._execute_task(context, self.task)
  File "/home/airflow/.local/lib/python3.6/site-packages/airflow/models/taskinstance.py", line 1514, in _execute_task
    result = execute_callable(context=context)
  File "/home/airflow/.local/lib/python3.6/site-packages/airflow/providers/apache/spark/operators/spark_submit.py", line 179, in execute
    self._hook.submit(self._application)
  File "/home/airflow/.local/lib/python3.6/site-packages/airflow/providers/apache/spark/hooks/spark_submit.py", line 446, in submit
    f"Cannot execute: {self._mask_cmd(spark_submit_cmd)}. Error code is: {returncode}."
airflow.exceptions.AirflowException: Cannot execute: spark-submit --master spark://spark:7077 --conf spark.master=spark://spark:7077 --name scrap data --verbose /opt/***/jobs/get_ads_per_county.py roscommon. Error code is: -9.
[2022-01-03 11:51:24,384] {taskinstance.py:1280} INFO - Marking task as UP_FOR_RETRY. dag_id=scraping_daft_roscommon, task_id=scrap_data, execution_date=20220102T104000, start_date=20220103T114252, end_date=20220103T115122
[2022-01-03 11:51:31,021] {standard_task_runner.py:91} ERROR - Failed to execute job 6312 for task scrap_data
Traceback (most recent call last):
  File "/home/airflow/.local/lib/python3.6/site-packages/airflow/task/task_runner/standard_task_runner.py", line 85, in _start_by_fork
    args.func(args, dag=self.dag)
  File "/home/airflow/.local/lib/python3.6/site-packages/airflow/cli/cli_parser.py", line 48, in command
    return func(*args, **kwargs)
  File "/home/airflow/.local/lib/python3.6/site-packages/airflow/utils/cli.py", line 92, in wrapper
    return f(*args, **kwargs)
  File "/home/airflow/.local/lib/python3.6/site-packages/airflow/cli/commands/task_command.py", line 292, in task_run
    _run_task_by_selected_method(args, dag, ti)
  File "/home/airflow/.local/lib/python3.6/site-packages/airflow/cli/commands/task_command.py", line 107, in _run_task_by_selected_method
    _run_raw_task(args, ti)
  File "/home/airflow/.local/lib/python3.6/site-packages/airflow/cli/commands/task_command.py", line 184, in _run_raw_task
    error_file=args.error_file,
  File "/home/airflow/.local/lib/python3.6/site-packages/airflow/utils/session.py", line 70, in wrapper
    return func(*args, session=session, **kwargs)
  File "/home/airflow/.local/lib/python3.6/site-packages/airflow/models/taskinstance.py", line 1332, in _run_raw_task
    self._execute_task_with_callbacks(context)
  File "/home/airflow/.local/lib/python3.6/site-packages/airflow/models/taskinstance.py", line 1458, in _execute_task_with_callbacks
    result = self._execute_task(context, self.task)
  File "/home/airflow/.local/lib/python3.6/site-packages/airflow/models/taskinstance.py", line 1514, in _execute_task
    result = execute_callable(context=context)
  File "/home/airflow/.local/lib/python3.6/site-packages/airflow/providers/apache/spark/operators/spark_submit.py", line 179, in execute
    self._hook.submit(self._application)
  File "/home/airflow/.local/lib/python3.6/site-packages/airflow/providers/apache/spark/hooks/spark_submit.py", line 446, in submit
    f"Cannot execute: {self._mask_cmd(spark_submit_cmd)}. Error code is: {returncode}."
airflow.exceptions.AirflowException: Cannot execute: spark-submit --master spark://spark:7077 --conf spark.master=spark://spark:7077 --name scrap data --verbose /opt/***/jobs/get_ads_per_county.py roscommon. Error code is: -9.
[2022-01-03 11:51:33,153] {local_task_job.py:154} INFO - Task exited with return code 1
[2022-01-03 11:51:39,988] {local_task_job.py:264} INFO - 0 downstream tasks scheduled from follow-on schedule check
