[2021-12-16 11:04:42,580] {taskinstance.py:1035} INFO - Dependencies all met for <TaskInstance: scraping_daft_roscommon.notify_slack scheduled__2021-12-15T10:40:00+00:00 [queued]>
[2021-12-16 11:04:42,655] {taskinstance.py:1035} INFO - Dependencies all met for <TaskInstance: scraping_daft_roscommon.notify_slack scheduled__2021-12-15T10:40:00+00:00 [queued]>
[2021-12-16 11:04:42,659] {taskinstance.py:1241} INFO - 
--------------------------------------------------------------------------------
[2021-12-16 11:04:42,662] {taskinstance.py:1242} INFO - Starting attempt 1 of 4
[2021-12-16 11:04:42,663] {taskinstance.py:1243} INFO - 
--------------------------------------------------------------------------------
[2021-12-16 11:04:43,047] {taskinstance.py:1262} INFO - Executing <Task(SlackWebhookOperator): notify_slack> on 2021-12-15 10:40:00+00:00
[2021-12-16 11:04:43,080] {standard_task_runner.py:52} INFO - Started process 13821 to run task
[2021-12-16 11:04:43,169] {standard_task_runner.py:76} INFO - Running: ['***', 'tasks', 'run', 'scraping_daft_roscommon', 'notify_slack', 'scheduled__2021-12-15T10:40:00+00:00', '--job-id', '2741', '--raw', '--subdir', 'DAGS_FOLDER/scraping_daft_roscommon.py', '--cfg-path', '/tmp/tmpmq72sxkp', '--error-file', '/tmp/tmp_8bbte6d']
[2021-12-16 11:04:43,175] {standard_task_runner.py:77} INFO - Job 2741: Subtask notify_slack
[2021-12-16 11:04:43,906] {logging_mixin.py:109} INFO - Running <TaskInstance: scraping_daft_roscommon.notify_slack scheduled__2021-12-15T10:40:00+00:00 [running]> on host 10035bfec3db
[2021-12-16 11:04:44,981] {taskinstance.py:1429} INFO - Exporting the following env vars:
AIRFLOW_CTX_DAG_EMAIL=clement.liscoet@gmail.com
AIRFLOW_CTX_DAG_OWNER=clemoni
AIRFLOW_CTX_DAG_ID=scraping_daft_roscommon
AIRFLOW_CTX_TASK_ID=notify_slack
AIRFLOW_CTX_EXECUTION_DATE=2021-12-15T10:40:00+00:00
AIRFLOW_CTX_DAG_RUN_ID=scheduled__2021-12-15T10:40:00+00:00
[2021-12-16 11:04:45,120] {base.py:79} INFO - Using connection to: id: slack_connect. Host: https://hooks.slack.com/services/, Port: None, Schema: , Login: , Password: ***, extra: {}
[2021-12-16 11:04:45,205] {base.py:79} INFO - Using connection to: id: slack_connect. Host: https://hooks.slack.com/services/, Port: None, Schema: , Login: , Password: ***, extra: {}
[2021-12-16 11:04:45,219] {http.py:140} INFO - Sending 'POST' to url: https://hooks.slack.com/services/***
[2021-12-16 11:04:46,185] {taskinstance.py:1280} INFO - Marking task as SUCCESS. dag_id=scraping_daft_roscommon, task_id=notify_slack, execution_date=20211215T104000, start_date=20211216T110442, end_date=20211216T110446
[2021-12-16 11:04:46,467] {local_task_job.py:154} INFO - Task exited with return code 0
[2021-12-16 11:04:46,797] {local_task_job.py:264} INFO - 1 downstream tasks scheduled from follow-on schedule check
