[2021-12-18 10:27:32,937] {taskinstance.py:1035} INFO - Dependencies all met for <TaskInstance: scraping_daft_longford.persist_data scheduled__2021-12-17T10:10:00+00:00 [queued]>
[2021-12-18 10:27:32,960] {taskinstance.py:1035} INFO - Dependencies all met for <TaskInstance: scraping_daft_longford.persist_data scheduled__2021-12-17T10:10:00+00:00 [queued]>
[2021-12-18 10:27:32,961] {taskinstance.py:1241} INFO - 
--------------------------------------------------------------------------------
[2021-12-18 10:27:32,962] {taskinstance.py:1242} INFO - Starting attempt 1 of 4
[2021-12-18 10:27:32,964] {taskinstance.py:1243} INFO - 
--------------------------------------------------------------------------------
[2021-12-18 10:27:32,985] {taskinstance.py:1262} INFO - Executing <Task(SparkSubmitOperator): persist_data> on 2021-12-17 10:10:00+00:00
[2021-12-18 10:27:32,998] {standard_task_runner.py:76} INFO - Running: ['***', 'tasks', 'run', 'scraping_daft_longford', 'persist_data', 'scheduled__2021-12-17T10:10:00+00:00', '--job-id', '3063', '--raw', '--subdir', 'DAGS_FOLDER/scraping_daft_longford.py', '--cfg-path', '/tmp/tmpreqkxqh3', '--error-file', '/tmp/tmpa18r4zlj']
[2021-12-18 10:27:33,001] {standard_task_runner.py:77} INFO - Job 3063: Subtask persist_data
[2021-12-18 10:27:32,992] {standard_task_runner.py:52} INFO - Started process 7892 to run task
[2021-12-18 10:27:33,119] {logging_mixin.py:109} INFO - Running <TaskInstance: scraping_daft_longford.persist_data scheduled__2021-12-17T10:10:00+00:00 [running]> on host cf1c44b514e9
[2021-12-18 10:27:33,309] {taskinstance.py:1429} INFO - Exporting the following env vars:
AIRFLOW_CTX_DAG_EMAIL=clement.liscoet@gmail.com
AIRFLOW_CTX_DAG_OWNER=clemoni
AIRFLOW_CTX_DAG_ID=scraping_daft_longford
AIRFLOW_CTX_TASK_ID=persist_data
AIRFLOW_CTX_EXECUTION_DATE=2021-12-17T10:10:00+00:00
AIRFLOW_CTX_DAG_RUN_ID=scheduled__2021-12-17T10:10:00+00:00
[2021-12-18 10:27:33,334] {base.py:79} INFO - Using connection to: id: spark_default. Host: spark://spark:7077, Port: None, Schema: , Login: ***, Password: ***, extra: {}
[2021-12-18 10:27:33,338] {spark_submit.py:360} INFO - Spark-Submit cmd: spark-submit --master spark://spark:7077 --conf spark.master=spark://spark:7077 --name persist data --verbose /opt/***/jobs/persist_db.py longford
[2021-12-18 10:27:35,469] {spark_submit.py:514} INFO - Using properties file: null
[2021-12-18 10:27:35,635] {spark_submit.py:514} INFO - WARNING: An illegal reflective access operation has occurred
[2021-12-18 10:27:35,637] {spark_submit.py:514} INFO - WARNING: Illegal reflective access by org.apache.spark.unsafe.Platform (file:/home/***/.local/lib/python3.6/site-packages/pyspark/jars/spark-unsafe_2.12-3.2.0.jar) to constructor java.nio.DirectByteBuffer(long,int)
[2021-12-18 10:27:35,644] {spark_submit.py:514} INFO - WARNING: Please consider reporting this to the maintainers of org.apache.spark.unsafe.Platform
[2021-12-18 10:27:35,646] {spark_submit.py:514} INFO - WARNING: Use --illegal-access=warn to enable warnings of further illegal reflective access operations
[2021-12-18 10:27:35,647] {spark_submit.py:514} INFO - WARNING: All illegal access operations will be denied in a future release
[2021-12-18 10:27:35,721] {spark_submit.py:514} INFO - Parsed arguments:
[2021-12-18 10:27:35,722] {spark_submit.py:514} INFO - master                  spark://spark:7077
[2021-12-18 10:27:35,723] {spark_submit.py:514} INFO - deployMode              null
[2021-12-18 10:27:35,724] {spark_submit.py:514} INFO - executorMemory          null
[2021-12-18 10:27:35,725] {spark_submit.py:514} INFO - executorCores           null
[2021-12-18 10:27:35,726] {spark_submit.py:514} INFO - totalExecutorCores      null
[2021-12-18 10:27:35,727] {spark_submit.py:514} INFO - propertiesFile          null
[2021-12-18 10:27:35,728] {spark_submit.py:514} INFO - driverMemory            null
[2021-12-18 10:27:35,729] {spark_submit.py:514} INFO - driverCores             null
[2021-12-18 10:27:35,730] {spark_submit.py:514} INFO - driverExtraClassPath    null
[2021-12-18 10:27:35,731] {spark_submit.py:514} INFO - driverExtraLibraryPath  null
[2021-12-18 10:27:35,732] {spark_submit.py:514} INFO - driverExtraJavaOptions  null
[2021-12-18 10:27:35,733] {spark_submit.py:514} INFO - supervise               false
[2021-12-18 10:27:35,734] {spark_submit.py:514} INFO - queue                   null
[2021-12-18 10:27:35,735] {spark_submit.py:514} INFO - numExecutors            null
[2021-12-18 10:27:35,736] {spark_submit.py:514} INFO - files                   null
[2021-12-18 10:27:35,737] {spark_submit.py:514} INFO - pyFiles                 null
[2021-12-18 10:27:35,738] {spark_submit.py:514} INFO - archives                null
[2021-12-18 10:27:35,738] {spark_submit.py:514} INFO - mainClass               null
[2021-12-18 10:27:35,739] {spark_submit.py:514} INFO - primaryResource         file:/opt/***/jobs/persist_db.py
[2021-12-18 10:27:35,740] {spark_submit.py:514} INFO - name                    persist data
[2021-12-18 10:27:35,741] {spark_submit.py:514} INFO - childArgs               [longford]
[2021-12-18 10:27:35,742] {spark_submit.py:514} INFO - jars                    null
[2021-12-18 10:27:35,743] {spark_submit.py:514} INFO - packages                null
[2021-12-18 10:27:35,744] {spark_submit.py:514} INFO - packagesExclusions      null
[2021-12-18 10:27:35,745] {spark_submit.py:514} INFO - repositories            null
[2021-12-18 10:27:35,745] {spark_submit.py:514} INFO - verbose                 true
[2021-12-18 10:27:35,746] {spark_submit.py:514} INFO - 
[2021-12-18 10:27:35,747] {spark_submit.py:514} INFO - Spark properties used, including those specified through
[2021-12-18 10:27:35,748] {spark_submit.py:514} INFO - --conf and those from the properties file null:
[2021-12-18 10:27:35,749] {spark_submit.py:514} INFO - (spark.master,spark://spark:7077)
[2021-12-18 10:27:35,750] {spark_submit.py:514} INFO - 
[2021-12-18 10:27:35,751] {spark_submit.py:514} INFO - 
[2021-12-18 10:27:36,203] {spark_submit.py:514} INFO - Main class:
[2021-12-18 10:27:36,205] {spark_submit.py:514} INFO - org.apache.spark.deploy.PythonRunner
[2021-12-18 10:27:36,207] {spark_submit.py:514} INFO - Arguments:
[2021-12-18 10:27:36,208] {spark_submit.py:514} INFO - file:/opt/***/jobs/persist_db.py
[2021-12-18 10:27:36,210] {spark_submit.py:514} INFO - null
[2021-12-18 10:27:36,211] {spark_submit.py:514} INFO - longford
[2021-12-18 10:27:36,212] {spark_submit.py:514} INFO - --verbose
[2021-12-18 10:27:36,213] {spark_submit.py:514} INFO - Spark config:
[2021-12-18 10:27:36,215] {spark_submit.py:514} INFO - (spark.master,spark://spark:7077)
[2021-12-18 10:27:36,216] {spark_submit.py:514} INFO - (spark.app.name,persist data)
[2021-12-18 10:27:36,218] {spark_submit.py:514} INFO - (spark.submit.pyFiles,)
[2021-12-18 10:27:36,230] {spark_submit.py:514} INFO - (spark.submit.deployMode,client)
[2021-12-18 10:27:36,231] {spark_submit.py:514} INFO - Classpath elements:
[2021-12-18 10:27:36,233] {spark_submit.py:514} INFO - 
[2021-12-18 10:27:36,234] {spark_submit.py:514} INFO - 
[2021-12-18 10:27:36,235] {spark_submit.py:514} INFO - 
[2021-12-18 10:27:38,300] {spark_submit.py:514} INFO - Using Spark's default log4j profile: org/apache/spark/log4j-defaults.properties
[2021-12-18 10:27:38,319] {spark_submit.py:514} INFO - 21/12/18 10:27:38 INFO SparkContext: Running Spark version 3.2.0
[2021-12-18 10:27:38,466] {spark_submit.py:514} INFO - 21/12/18 10:27:38 WARN NativeCodeLoader: Unable to load native-hadoop library for your platform... using builtin-java classes where applicable
[2021-12-18 10:27:38,855] {spark_submit.py:514} INFO - 21/12/18 10:27:38 INFO ResourceUtils: ==============================================================
[2021-12-18 10:27:38,860] {spark_submit.py:514} INFO - 21/12/18 10:27:38 INFO ResourceUtils: No custom resources configured for spark.driver.
[2021-12-18 10:27:38,863] {spark_submit.py:514} INFO - 21/12/18 10:27:38 INFO ResourceUtils: ==============================================================
[2021-12-18 10:27:38,865] {spark_submit.py:514} INFO - 21/12/18 10:27:38 INFO SparkContext: Submitted application: Persist DB
[2021-12-18 10:27:38,939] {spark_submit.py:514} INFO - 21/12/18 10:27:38 INFO ResourceProfile: Default ResourceProfile created, executor resources: Map(cores -> name: cores, amount: 1, script: , vendor: , memory -> name: memory, amount: 1024, script: , vendor: , offHeap -> name: offHeap, amount: 0, script: , vendor: ), task resources: Map(cpus -> name: cpus, amount: 1.0)
[2021-12-18 10:27:38,958] {spark_submit.py:514} INFO - 21/12/18 10:27:38 INFO ResourceProfile: Limiting resource is cpu
[2021-12-18 10:27:38,960] {spark_submit.py:514} INFO - 21/12/18 10:27:38 INFO ResourceProfileManager: Added ResourceProfile id: 0
[2021-12-18 10:27:39,092] {spark_submit.py:514} INFO - 21/12/18 10:27:39 INFO SecurityManager: Changing view acls to: ***
[2021-12-18 10:27:39,095] {spark_submit.py:514} INFO - 21/12/18 10:27:39 INFO SecurityManager: Changing modify acls to: ***
[2021-12-18 10:27:39,097] {spark_submit.py:514} INFO - 21/12/18 10:27:39 INFO SecurityManager: Changing view acls groups to:
[2021-12-18 10:27:39,098] {spark_submit.py:514} INFO - 21/12/18 10:27:39 INFO SecurityManager: Changing modify acls groups to:
[2021-12-18 10:27:39,099] {spark_submit.py:514} INFO - 21/12/18 10:27:39 INFO SecurityManager: SecurityManager: authentication disabled; ui acls disabled; users  with view permissions: Set(***); groups with view permissions: Set(); users  with modify permissions: Set(***); groups with modify permissions: Set()
[2021-12-18 10:27:39,673] {spark_submit.py:514} INFO - 21/12/18 10:27:39 INFO Utils: Successfully started service 'sparkDriver' on port 39437.
[2021-12-18 10:27:39,728] {spark_submit.py:514} INFO - 21/12/18 10:27:39 INFO SparkEnv: Registering MapOutputTracker
[2021-12-18 10:27:39,790] {spark_submit.py:514} INFO - 21/12/18 10:27:39 INFO SparkEnv: Registering BlockManagerMaster
[2021-12-18 10:27:39,825] {spark_submit.py:514} INFO - 21/12/18 10:27:39 INFO BlockManagerMasterEndpoint: Using org.apache.spark.storage.DefaultTopologyMapper for getting topology information
[2021-12-18 10:27:39,826] {spark_submit.py:514} INFO - 21/12/18 10:27:39 INFO BlockManagerMasterEndpoint: BlockManagerMasterEndpoint up
[2021-12-18 10:27:39,837] {spark_submit.py:514} INFO - 21/12/18 10:27:39 INFO SparkEnv: Registering BlockManagerMasterHeartbeat
[2021-12-18 10:27:39,876] {spark_submit.py:514} INFO - 21/12/18 10:27:39 INFO DiskBlockManager: Created local directory at /tmp/blockmgr-e45dbbc3-5b69-475c-8def-1327c4347228
[2021-12-18 10:27:39,909] {spark_submit.py:514} INFO - 21/12/18 10:27:39 INFO MemoryStore: MemoryStore started with capacity 434.4 MiB
[2021-12-18 10:27:39,941] {spark_submit.py:514} INFO - 21/12/18 10:27:39 INFO SparkEnv: Registering OutputCommitCoordinator
[2021-12-18 10:27:40,272] {spark_submit.py:514} INFO - 21/12/18 10:27:40 INFO Utils: Successfully started service 'SparkUI' on port 4040.
[2021-12-18 10:27:40,375] {spark_submit.py:514} INFO - 21/12/18 10:27:40 INFO SparkUI: Bound SparkUI to 0.0.0.0, and started at http://cf1c44b514e9:4040
[2021-12-18 10:27:40,727] {spark_submit.py:514} INFO - 21/12/18 10:27:40 INFO StandaloneAppClient$ClientEndpoint: Connecting to master spark://spark:7077...
[2021-12-18 10:27:40,846] {spark_submit.py:514} INFO - 21/12/18 10:27:40 INFO TransportClientFactory: Successfully created connection to spark/172.19.0.4:7077 after 71 ms (0 ms spent in bootstraps)
[2021-12-18 10:27:41,003] {spark_submit.py:514} INFO - 21/12/18 10:27:41 INFO StandaloneSchedulerBackend: Connected to Spark cluster with app ID app-20211218102740-0045
[2021-12-18 10:27:41,019] {spark_submit.py:514} INFO - 21/12/18 10:27:41 INFO Utils: Successfully started service 'org.apache.spark.network.netty.NettyBlockTransferService' on port 45967.
[2021-12-18 10:27:41,021] {spark_submit.py:514} INFO - 21/12/18 10:27:41 INFO NettyBlockTransferService: Server created on cf1c44b514e9:45967
[2021-12-18 10:27:41,029] {spark_submit.py:514} INFO - 21/12/18 10:27:41 INFO BlockManager: Using org.apache.spark.storage.RandomBlockReplicationPolicy for block replication policy
[2021-12-18 10:27:41,046] {spark_submit.py:514} INFO - 21/12/18 10:27:41 INFO BlockManagerMaster: Registering BlockManager BlockManagerId(driver, cf1c44b514e9, 45967, None)
[2021-12-18 10:27:41,060] {spark_submit.py:514} INFO - 21/12/18 10:27:41 INFO BlockManagerMasterEndpoint: Registering block manager cf1c44b514e9:45967 with 434.4 MiB RAM, BlockManagerId(driver, cf1c44b514e9, 45967, None)
[2021-12-18 10:27:41,074] {spark_submit.py:514} INFO - 21/12/18 10:27:41 INFO BlockManagerMaster: Registered BlockManager BlockManagerId(driver, cf1c44b514e9, 45967, None)
[2021-12-18 10:27:41,077] {spark_submit.py:514} INFO - 21/12/18 10:27:41 INFO BlockManager: Initialized BlockManager: BlockManagerId(driver, cf1c44b514e9, 45967, None)
[2021-12-18 10:27:41,423] {spark_submit.py:514} INFO - 21/12/18 10:27:41 INFO StandaloneSchedulerBackend: SchedulerBackend is ready for scheduling beginning after reached minRegisteredResourcesRatio: 0.0
[2021-12-18 10:27:41,480] {spark_submit.py:514} INFO - /home/***/.local/lib/python3.6/site-packages/pyspark/python/lib/pyspark.zip/pyspark/context.py:238: FutureWarning: Python 3.6 support is deprecated in Spark 3.2.
[2021-12-18 10:27:41,480] {spark_submit.py:514} INFO - FutureWarning
[2021-12-18 10:27:41,791] {spark_submit.py:514} INFO - 21/12/18 10:27:41 INFO SharedState: Setting hive.metastore.warehouse.dir ('null') to the value of spark.sql.warehouse.dir.
[2021-12-18 10:27:41,831] {spark_submit.py:514} INFO - 21/12/18 10:27:41 INFO SharedState: Warehouse path is 'file:/opt/***/spark-warehouse'.
[2021-12-18 10:27:43,600] {spark_submit.py:514} INFO - 21/12/18 10:27:43 INFO SparkContext: Invoking stop() from shutdown hook
[2021-12-18 10:27:43,637] {spark_submit.py:514} INFO - 21/12/18 10:27:43 INFO SparkUI: Stopped Spark web UI at http://cf1c44b514e9:4040
[2021-12-18 10:27:43,649] {spark_submit.py:514} INFO - 21/12/18 10:27:43 INFO StandaloneSchedulerBackend: Shutting down all executors
[2021-12-18 10:27:43,657] {spark_submit.py:514} INFO - 21/12/18 10:27:43 INFO CoarseGrainedSchedulerBackend$DriverEndpoint: Asking each executor to shut down
[2021-12-18 10:27:43,702] {spark_submit.py:514} INFO - 21/12/18 10:27:43 INFO MapOutputTrackerMasterEndpoint: MapOutputTrackerMasterEndpoint stopped!
[2021-12-18 10:27:43,748] {spark_submit.py:514} INFO - 21/12/18 10:27:43 INFO MemoryStore: MemoryStore cleared
[2021-12-18 10:27:43,749] {spark_submit.py:514} INFO - 21/12/18 10:27:43 INFO BlockManager: BlockManager stopped
[2021-12-18 10:27:43,775] {spark_submit.py:514} INFO - 21/12/18 10:27:43 INFO BlockManagerMaster: BlockManagerMaster stopped
[2021-12-18 10:27:43,791] {spark_submit.py:514} INFO - 21/12/18 10:27:43 INFO OutputCommitCoordinator$OutputCommitCoordinatorEndpoint: OutputCommitCoordinator stopped!
[2021-12-18 10:27:43,863] {spark_submit.py:514} INFO - 21/12/18 10:27:43 INFO SparkContext: Successfully stopped SparkContext
[2021-12-18 10:27:43,867] {spark_submit.py:514} INFO - 21/12/18 10:27:43 INFO ShutdownHookManager: Shutdown hook called
[2021-12-18 10:27:43,869] {spark_submit.py:514} INFO - 21/12/18 10:27:43 INFO ShutdownHookManager: Deleting directory /tmp/spark-d6fbb74c-aca5-485c-827f-466a061ed91b/pyspark-ca27f8ea-6405-47fd-b446-e0325fb677bb
[2021-12-18 10:27:43,887] {spark_submit.py:514} INFO - 21/12/18 10:27:43 INFO ShutdownHookManager: Deleting directory /tmp/spark-4a110ba8-6ff3-4781-98c9-3a4c3bb54b97
[2021-12-18 10:27:43,903] {spark_submit.py:514} INFO - 21/12/18 10:27:43 INFO ShutdownHookManager: Deleting directory /tmp/spark-d6fbb74c-aca5-485c-827f-466a061ed91b
[2021-12-18 10:27:44,203] {taskinstance.py:1280} INFO - Marking task as SUCCESS. dag_id=scraping_daft_longford, task_id=persist_data, execution_date=20211217T101000, start_date=20211218T102732, end_date=20211218T102744
[2021-12-18 10:27:44,251] {local_task_job.py:154} INFO - Task exited with return code 0
[2021-12-18 10:27:44,459] {local_task_job.py:264} INFO - 1 downstream tasks scheduled from follow-on schedule check
