[2021-12-30 11:50:36,385] {taskinstance.py:1035} INFO - Dependencies all met for <TaskInstance: scraping_daft_kildare.get_reporting scheduled__2021-12-29T09:45:00+00:00 [queued]>
[2021-12-30 11:50:36,473] {taskinstance.py:1035} INFO - Dependencies all met for <TaskInstance: scraping_daft_kildare.get_reporting scheduled__2021-12-29T09:45:00+00:00 [queued]>
[2021-12-30 11:50:36,478] {taskinstance.py:1241} INFO - 
--------------------------------------------------------------------------------
[2021-12-30 11:50:36,479] {taskinstance.py:1242} INFO - Starting attempt 1 of 4
[2021-12-30 11:50:36,481] {taskinstance.py:1243} INFO - 
--------------------------------------------------------------------------------
[2021-12-30 11:50:36,774] {taskinstance.py:1262} INFO - Executing <Task(_PythonDecoratedOperator): get_reporting> on 2021-12-29 09:45:00+00:00
[2021-12-30 11:50:36,921] {standard_task_runner.py:76} INFO - Running: ['***', 'tasks', 'run', 'scraping_daft_kildare', 'get_reporting', 'scheduled__2021-12-29T09:45:00+00:00', '--job-id', '5611', '--raw', '--subdir', 'DAGS_FOLDER/scraping_daft_kildare.py', '--cfg-path', '/tmp/tmpw5ofv5ma', '--error-file', '/tmp/tmpq4z485tx']
[2021-12-30 11:50:36,934] {standard_task_runner.py:77} INFO - Job 5611: Subtask get_reporting
[2021-12-30 11:50:36,870] {standard_task_runner.py:52} INFO - Started process 7726 to run task
[2021-12-30 11:50:37,357] {logging_mixin.py:109} INFO - Running <TaskInstance: scraping_daft_kildare.get_reporting scheduled__2021-12-29T09:45:00+00:00 [running]> on host 5ddf2477c0dd
[2021-12-30 11:50:37,676] {taskinstance.py:1429} INFO - Exporting the following env vars:
AIRFLOW_CTX_DAG_EMAIL=clement.liscoet@gmail.com
AIRFLOW_CTX_DAG_OWNER=clemoni
AIRFLOW_CTX_DAG_ID=scraping_daft_kildare
AIRFLOW_CTX_TASK_ID=get_reporting
AIRFLOW_CTX_EXECUTION_DATE=2021-12-29T09:45:00+00:00
AIRFLOW_CTX_DAG_RUN_ID=scheduled__2021-12-29T09:45:00+00:00
[2021-12-30 11:50:37,715] {logging_mixin.py:109} INFO - kildare
[2021-12-30 11:50:37,753] {base.py:79} INFO - Using connection to: id: postgres_db. Host: postgres, Port: 5432, Schema: scraping_daft, Login: ***, Password: ***, extra: {}
[2021-12-30 11:50:37,843] {python.py:152} INFO - Done. Returned value was: None
[2021-12-30 11:50:38,145] {taskinstance.py:1280} INFO - Marking task as SUCCESS. dag_id=scraping_daft_kildare, task_id=get_reporting, execution_date=20211229T094500, start_date=20211230T115036, end_date=20211230T115038
[2021-12-30 11:50:38,244] {local_task_job.py:154} INFO - Task exited with return code 0
[2021-12-30 11:50:38,634] {local_task_job.py:264} INFO - 1 downstream tasks scheduled from follow-on schedule check
