[2021-12-23 11:39:01,847] {taskinstance.py:1035} INFO - Dependencies all met for <TaskInstance: scraping_daft_kilkenny.remove_file scheduled__2021-12-22T09:50:00+00:00 [queued]>
[2021-12-23 11:39:02,210] {taskinstance.py:1035} INFO - Dependencies all met for <TaskInstance: scraping_daft_kilkenny.remove_file scheduled__2021-12-22T09:50:00+00:00 [queued]>
[2021-12-23 11:39:02,221] {taskinstance.py:1241} INFO - 
--------------------------------------------------------------------------------
[2021-12-23 11:39:02,226] {taskinstance.py:1242} INFO - Starting attempt 1 of 4
[2021-12-23 11:39:02,247] {taskinstance.py:1243} INFO - 
--------------------------------------------------------------------------------
[2021-12-23 11:39:02,413] {taskinstance.py:1262} INFO - Executing <Task(SparkSubmitOperator): remove_file> on 2021-12-22 09:50:00+00:00
[2021-12-23 11:39:02,459] {standard_task_runner.py:76} INFO - Running: ['***', 'tasks', 'run', 'scraping_daft_kilkenny', 'remove_file', 'scheduled__2021-12-22T09:50:00+00:00', '--job-id', '4079', '--raw', '--subdir', 'DAGS_FOLDER/scraping_daft_kilkenny.py', '--cfg-path', '/tmp/tmpti3sfda7', '--error-file', '/tmp/tmpogoucr1y']
[2021-12-23 11:39:02,442] {standard_task_runner.py:52} INFO - Started process 3793 to run task
[2021-12-23 11:39:02,509] {standard_task_runner.py:77} INFO - Job 4079: Subtask remove_file
[2021-12-23 11:39:02,878] {logging_mixin.py:109} INFO - Running <TaskInstance: scraping_daft_kilkenny.remove_file scheduled__2021-12-22T09:50:00+00:00 [running]> on host eecc602ed8f2
[2021-12-23 11:39:03,271] {taskinstance.py:1429} INFO - Exporting the following env vars:
AIRFLOW_CTX_DAG_EMAIL=clement.liscoet@gmail.com
AIRFLOW_CTX_DAG_OWNER=clemoni
AIRFLOW_CTX_DAG_ID=scraping_daft_kilkenny
AIRFLOW_CTX_TASK_ID=remove_file
AIRFLOW_CTX_EXECUTION_DATE=2021-12-22T09:50:00+00:00
AIRFLOW_CTX_DAG_RUN_ID=scheduled__2021-12-22T09:50:00+00:00
[2021-12-23 11:39:03,318] {base.py:79} INFO - Using connection to: id: spark_default. Host: spark://spark:7077, Port: None, Schema: , Login: ***, Password: ***, extra: {}
[2021-12-23 11:39:03,327] {spark_submit.py:360} INFO - Spark-Submit cmd: spark-submit --master spark://spark:7077 --conf spark.master=spark://spark:7077 --name remove file --verbose /opt/***/jobs/remove_file.py kilkenny
[2021-12-23 11:39:07,210] {spark_submit.py:514} INFO - Using properties file: null
[2021-12-23 11:39:07,364] {spark_submit.py:514} INFO - WARNING: An illegal reflective access operation has occurred
[2021-12-23 11:39:07,365] {spark_submit.py:514} INFO - WARNING: Illegal reflective access by org.apache.spark.unsafe.Platform (file:/home/***/.local/lib/python3.6/site-packages/pyspark/jars/spark-unsafe_2.12-3.2.0.jar) to constructor java.nio.DirectByteBuffer(long,int)
[2021-12-23 11:39:07,366] {spark_submit.py:514} INFO - WARNING: Please consider reporting this to the maintainers of org.apache.spark.unsafe.Platform
[2021-12-23 11:39:07,367] {spark_submit.py:514} INFO - WARNING: Use --illegal-access=warn to enable warnings of further illegal reflective access operations
[2021-12-23 11:39:07,368] {spark_submit.py:514} INFO - WARNING: All illegal access operations will be denied in a future release
[2021-12-23 11:39:07,451] {spark_submit.py:514} INFO - Parsed arguments:
[2021-12-23 11:39:07,452] {spark_submit.py:514} INFO - master                  spark://spark:7077
[2021-12-23 11:39:07,453] {spark_submit.py:514} INFO - deployMode              null
[2021-12-23 11:39:07,454] {spark_submit.py:514} INFO - executorMemory          null
[2021-12-23 11:39:07,455] {spark_submit.py:514} INFO - executorCores           null
[2021-12-23 11:39:07,457] {spark_submit.py:514} INFO - totalExecutorCores      null
[2021-12-23 11:39:07,458] {spark_submit.py:514} INFO - propertiesFile          null
[2021-12-23 11:39:07,459] {spark_submit.py:514} INFO - driverMemory            null
[2021-12-23 11:39:07,460] {spark_submit.py:514} INFO - driverCores             null
[2021-12-23 11:39:07,461] {spark_submit.py:514} INFO - driverExtraClassPath    null
[2021-12-23 11:39:07,462] {spark_submit.py:514} INFO - driverExtraLibraryPath  null
[2021-12-23 11:39:07,464] {spark_submit.py:514} INFO - driverExtraJavaOptions  null
[2021-12-23 11:39:07,465] {spark_submit.py:514} INFO - supervise               false
[2021-12-23 11:39:07,466] {spark_submit.py:514} INFO - queue                   null
[2021-12-23 11:39:07,467] {spark_submit.py:514} INFO - numExecutors            null
[2021-12-23 11:39:07,468] {spark_submit.py:514} INFO - files                   null
[2021-12-23 11:39:07,469] {spark_submit.py:514} INFO - pyFiles                 null
[2021-12-23 11:39:07,470] {spark_submit.py:514} INFO - archives                null
[2021-12-23 11:39:07,471] {spark_submit.py:514} INFO - mainClass               null
[2021-12-23 11:39:07,473] {spark_submit.py:514} INFO - primaryResource         file:/opt/***/jobs/remove_file.py
[2021-12-23 11:39:07,474] {spark_submit.py:514} INFO - name                    remove file
[2021-12-23 11:39:07,475] {spark_submit.py:514} INFO - childArgs               [kilkenny]
[2021-12-23 11:39:07,476] {spark_submit.py:514} INFO - jars                    null
[2021-12-23 11:39:07,477] {spark_submit.py:514} INFO - packages                null
[2021-12-23 11:39:07,479] {spark_submit.py:514} INFO - packagesExclusions      null
[2021-12-23 11:39:07,480] {spark_submit.py:514} INFO - repositories            null
[2021-12-23 11:39:07,482] {spark_submit.py:514} INFO - verbose                 true
[2021-12-23 11:39:07,483] {spark_submit.py:514} INFO - 
[2021-12-23 11:39:07,484] {spark_submit.py:514} INFO - Spark properties used, including those specified through
[2021-12-23 11:39:07,485] {spark_submit.py:514} INFO - --conf and those from the properties file null:
[2021-12-23 11:39:07,486] {spark_submit.py:514} INFO - (spark.master,spark://spark:7077)
[2021-12-23 11:39:07,487] {spark_submit.py:514} INFO - 
[2021-12-23 11:39:07,488] {spark_submit.py:514} INFO - 
[2021-12-23 11:39:08,268] {spark_submit.py:514} INFO - Main class:
[2021-12-23 11:39:08,270] {spark_submit.py:514} INFO - org.apache.spark.deploy.PythonRunner
[2021-12-23 11:39:08,272] {spark_submit.py:514} INFO - Arguments:
[2021-12-23 11:39:08,274] {spark_submit.py:514} INFO - file:/opt/***/jobs/remove_file.py
[2021-12-23 11:39:08,275] {spark_submit.py:514} INFO - null
[2021-12-23 11:39:08,277] {spark_submit.py:514} INFO - kilkenny
[2021-12-23 11:39:08,278] {spark_submit.py:514} INFO - --verbose
[2021-12-23 11:39:08,284] {spark_submit.py:514} INFO - Spark config:
[2021-12-23 11:39:08,287] {spark_submit.py:514} INFO - (spark.app.name,remove file)
[2021-12-23 11:39:08,288] {spark_submit.py:514} INFO - (spark.master,spark://spark:7077)
[2021-12-23 11:39:08,290] {spark_submit.py:514} INFO - (spark.submit.pyFiles,)
[2021-12-23 11:39:08,291] {spark_submit.py:514} INFO - (spark.submit.deployMode,client)
[2021-12-23 11:39:08,292] {spark_submit.py:514} INFO - Classpath elements:
[2021-12-23 11:39:08,293] {spark_submit.py:514} INFO - 
[2021-12-23 11:39:08,295] {spark_submit.py:514} INFO - 
[2021-12-23 11:39:08,297] {spark_submit.py:514} INFO - 
[2021-12-23 11:39:11,979] {spark_submit.py:514} INFO - Using Spark's default log4j profile: org/apache/spark/log4j-defaults.properties
[2021-12-23 11:39:12,105] {spark_submit.py:514} INFO - 21/12/23 11:39:12 INFO SparkContext: Running Spark version 3.2.0
[2021-12-23 11:39:12,571] {spark_submit.py:514} INFO - 21/12/23 11:39:12 WARN NativeCodeLoader: Unable to load native-hadoop library for your platform... using builtin-java classes where applicable
[2021-12-23 11:39:13,206] {spark_submit.py:514} INFO - 21/12/23 11:39:13 INFO ResourceUtils: ==============================================================
[2021-12-23 11:39:13,209] {spark_submit.py:514} INFO - 21/12/23 11:39:13 INFO ResourceUtils: No custom resources configured for spark.driver.
[2021-12-23 11:39:13,214] {spark_submit.py:514} INFO - 21/12/23 11:39:13 INFO ResourceUtils: ==============================================================
[2021-12-23 11:39:13,216] {spark_submit.py:514} INFO - 21/12/23 11:39:13 INFO SparkContext: Submitted application: Remove file
[2021-12-23 11:39:13,339] {spark_submit.py:514} INFO - 21/12/23 11:39:13 INFO ResourceProfile: Default ResourceProfile created, executor resources: Map(cores -> name: cores, amount: 1, script: , vendor: , memory -> name: memory, amount: 1024, script: , vendor: , offHeap -> name: offHeap, amount: 0, script: , vendor: ), task resources: Map(cpus -> name: cpus, amount: 1.0)
[2021-12-23 11:39:13,391] {spark_submit.py:514} INFO - 21/12/23 11:39:13 INFO ResourceProfile: Limiting resource is cpu
[2021-12-23 11:39:13,394] {spark_submit.py:514} INFO - 21/12/23 11:39:13 INFO ResourceProfileManager: Added ResourceProfile id: 0
[2021-12-23 11:39:13,634] {spark_submit.py:514} INFO - 21/12/23 11:39:13 INFO SecurityManager: Changing view acls to: ***
[2021-12-23 11:39:13,639] {spark_submit.py:514} INFO - 21/12/23 11:39:13 INFO SecurityManager: Changing modify acls to: ***
[2021-12-23 11:39:13,642] {spark_submit.py:514} INFO - 21/12/23 11:39:13 INFO SecurityManager: Changing view acls groups to:
[2021-12-23 11:39:13,644] {spark_submit.py:514} INFO - 21/12/23 11:39:13 INFO SecurityManager: Changing modify acls groups to:
[2021-12-23 11:39:13,647] {spark_submit.py:514} INFO - 21/12/23 11:39:13 INFO SecurityManager: SecurityManager: authentication disabled; ui acls disabled; users  with view permissions: Set(***); groups with view permissions: Set(); users  with modify permissions: Set(***); groups with modify permissions: Set()
[2021-12-23 11:39:14,349] {spark_submit.py:514} INFO - 21/12/23 11:39:14 INFO Utils: Successfully started service 'sparkDriver' on port 45757.
[2021-12-23 11:39:14,439] {spark_submit.py:514} INFO - 21/12/23 11:39:14 INFO SparkEnv: Registering MapOutputTracker
[2021-12-23 11:39:14,537] {spark_submit.py:514} INFO - 21/12/23 11:39:14 INFO SparkEnv: Registering BlockManagerMaster
[2021-12-23 11:39:14,584] {spark_submit.py:514} INFO - 21/12/23 11:39:14 INFO BlockManagerMasterEndpoint: Using org.apache.spark.storage.DefaultTopologyMapper for getting topology information
[2021-12-23 11:39:14,586] {spark_submit.py:514} INFO - 21/12/23 11:39:14 INFO BlockManagerMasterEndpoint: BlockManagerMasterEndpoint up
[2021-12-23 11:39:14,602] {spark_submit.py:514} INFO - 21/12/23 11:39:14 INFO SparkEnv: Registering BlockManagerMasterHeartbeat
[2021-12-23 11:39:14,717] {spark_submit.py:514} INFO - 21/12/23 11:39:14 INFO DiskBlockManager: Created local directory at /tmp/blockmgr-8eece1fa-48e8-4978-b0dc-5e529c4cfabc
[2021-12-23 11:39:14,792] {spark_submit.py:514} INFO - 21/12/23 11:39:14 INFO MemoryStore: MemoryStore started with capacity 434.4 MiB
[2021-12-23 11:39:14,855] {spark_submit.py:514} INFO - 21/12/23 11:39:14 INFO SparkEnv: Registering OutputCommitCoordinator
[2021-12-23 11:39:15,337] {spark_submit.py:514} INFO - 21/12/23 11:39:15 WARN Utils: Service 'SparkUI' could not bind on port 4040. Attempting port 4041.
[2021-12-23 11:39:15,370] {spark_submit.py:514} INFO - 21/12/23 11:39:15 INFO Utils: Successfully started service 'SparkUI' on port 4041.
[2021-12-23 11:39:15,559] {spark_submit.py:514} INFO - 21/12/23 11:39:15 INFO SparkUI: Bound SparkUI to 0.0.0.0, and started at http://eecc602ed8f2:4041
[2021-12-23 11:39:16,489] {spark_submit.py:514} INFO - 21/12/23 11:39:16 INFO StandaloneAppClient$ClientEndpoint: Connecting to master spark://spark:7077...
[2021-12-23 11:39:16,698] {spark_submit.py:514} INFO - 21/12/23 11:39:16 INFO TransportClientFactory: Successfully created connection to spark/172.20.0.4:7077 after 95 ms (0 ms spent in bootstraps)
[2021-12-23 11:39:16,916] {spark_submit.py:514} INFO - 21/12/23 11:39:16 INFO StandaloneSchedulerBackend: Connected to Spark cluster with app ID app-20211223113916-0020
[2021-12-23 11:39:16,934] {spark_submit.py:514} INFO - 21/12/23 11:39:16 INFO Utils: Successfully started service 'org.apache.spark.network.netty.NettyBlockTransferService' on port 37925.
[2021-12-23 11:39:16,935] {spark_submit.py:514} INFO - 21/12/23 11:39:16 INFO NettyBlockTransferService: Server created on eecc602ed8f2:37925
[2021-12-23 11:39:16,939] {spark_submit.py:514} INFO - 21/12/23 11:39:16 INFO BlockManager: Using org.apache.spark.storage.RandomBlockReplicationPolicy for block replication policy
[2021-12-23 11:39:16,975] {spark_submit.py:514} INFO - 21/12/23 11:39:16 INFO BlockManagerMaster: Registering BlockManager BlockManagerId(driver, eecc602ed8f2, 37925, None)
[2021-12-23 11:39:16,994] {spark_submit.py:514} INFO - 21/12/23 11:39:16 INFO BlockManagerMasterEndpoint: Registering block manager eecc602ed8f2:37925 with 434.4 MiB RAM, BlockManagerId(driver, eecc602ed8f2, 37925, None)
[2021-12-23 11:39:17,012] {spark_submit.py:514} INFO - 21/12/23 11:39:17 INFO BlockManagerMaster: Registered BlockManager BlockManagerId(driver, eecc602ed8f2, 37925, None)
[2021-12-23 11:39:17,015] {spark_submit.py:514} INFO - 21/12/23 11:39:17 INFO BlockManager: Initialized BlockManager: BlockManagerId(driver, eecc602ed8f2, 37925, None)
[2021-12-23 11:39:17,396] {spark_submit.py:514} INFO - 21/12/23 11:39:17 INFO StandaloneSchedulerBackend: SchedulerBackend is ready for scheduling beginning after reached minRegisteredResourcesRatio: 0.0
[2021-12-23 11:39:17,526] {spark_submit.py:514} INFO - /home/***/.local/lib/python3.6/site-packages/pyspark/python/lib/pyspark.zip/pyspark/context.py:238: FutureWarning: Python 3.6 support is deprecated in Spark 3.2.
[2021-12-23 11:39:17,527] {spark_submit.py:514} INFO - FutureWarning
[2021-12-23 11:39:17,974] {spark_submit.py:514} INFO - 21/12/23 11:39:17 INFO SharedState: Setting hive.metastore.warehouse.dir ('null') to the value of spark.sql.warehouse.dir.
[2021-12-23 11:39:18,049] {spark_submit.py:514} INFO - 21/12/23 11:39:18 INFO SharedState: Warehouse path is 'file:/opt/***/spark-warehouse'.
[2021-12-23 11:39:19,371] {spark_submit.py:514} INFO - file: kilkenny_rent.json deleted
[2021-12-23 11:39:19,572] {spark_submit.py:514} INFO - 21/12/23 11:39:19 INFO SparkContext: Invoking stop() from shutdown hook
[2021-12-23 11:39:19,626] {spark_submit.py:514} INFO - 21/12/23 11:39:19 INFO SparkUI: Stopped Spark web UI at http://eecc602ed8f2:4041
[2021-12-23 11:39:19,647] {spark_submit.py:514} INFO - 21/12/23 11:39:19 INFO StandaloneSchedulerBackend: Shutting down all executors
[2021-12-23 11:39:19,657] {spark_submit.py:514} INFO - 21/12/23 11:39:19 INFO CoarseGrainedSchedulerBackend$DriverEndpoint: Asking each executor to shut down
[2021-12-23 11:39:19,721] {spark_submit.py:514} INFO - 21/12/23 11:39:19 INFO MapOutputTrackerMasterEndpoint: MapOutputTrackerMasterEndpoint stopped!
[2021-12-23 11:39:19,786] {spark_submit.py:514} INFO - 21/12/23 11:39:19 INFO MemoryStore: MemoryStore cleared
[2021-12-23 11:39:19,794] {spark_submit.py:514} INFO - 21/12/23 11:39:19 INFO BlockManager: BlockManager stopped
[2021-12-23 11:39:19,817] {spark_submit.py:514} INFO - 21/12/23 11:39:19 INFO BlockManagerMaster: BlockManagerMaster stopped
[2021-12-23 11:39:19,825] {spark_submit.py:514} INFO - 21/12/23 11:39:19 INFO OutputCommitCoordinator$OutputCommitCoordinatorEndpoint: OutputCommitCoordinator stopped!
[2021-12-23 11:39:19,894] {spark_submit.py:514} INFO - 21/12/23 11:39:19 INFO SparkContext: Successfully stopped SparkContext
[2021-12-23 11:39:19,896] {spark_submit.py:514} INFO - 21/12/23 11:39:19 INFO ShutdownHookManager: Shutdown hook called
[2021-12-23 11:39:19,899] {spark_submit.py:514} INFO - 21/12/23 11:39:19 INFO ShutdownHookManager: Deleting directory /tmp/spark-ca29bf9b-54eb-4c35-ace8-43a3160f87e4/pyspark-15af7b5e-3671-4575-98ed-cd568d1d3220
[2021-12-23 11:39:19,906] {spark_submit.py:514} INFO - 21/12/23 11:39:19 INFO ShutdownHookManager: Deleting directory /tmp/spark-ca29bf9b-54eb-4c35-ace8-43a3160f87e4
[2021-12-23 11:39:19,914] {spark_submit.py:514} INFO - 21/12/23 11:39:19 INFO ShutdownHookManager: Deleting directory /tmp/spark-063a1a6d-53ac-4407-8f43-0cc38f5cb9c5
[2021-12-23 11:39:20,090] {taskinstance.py:1280} INFO - Marking task as SUCCESS. dag_id=scraping_daft_kilkenny, task_id=remove_file, execution_date=20211222T095000, start_date=20211223T113901, end_date=20211223T113920
[2021-12-23 11:39:20,166] {local_task_job.py:154} INFO - Task exited with return code 0
[2021-12-23 11:39:20,280] {local_task_job.py:264} INFO - 0 downstream tasks scheduled from follow-on schedule check
