[2021-12-18 10:24:14,373] {taskinstance.py:1035} INFO - Dependencies all met for <TaskInstance: scraping_daft_leitrim.get_reporting scheduled__2021-12-17T10:00:00+00:00 [queued]>
[2021-12-18 10:24:14,510] {taskinstance.py:1035} INFO - Dependencies all met for <TaskInstance: scraping_daft_leitrim.get_reporting scheduled__2021-12-17T10:00:00+00:00 [queued]>
[2021-12-18 10:24:14,515] {taskinstance.py:1241} INFO - 
--------------------------------------------------------------------------------
[2021-12-18 10:24:14,520] {taskinstance.py:1242} INFO - Starting attempt 1 of 4
[2021-12-18 10:24:14,525] {taskinstance.py:1243} INFO - 
--------------------------------------------------------------------------------
[2021-12-18 10:24:14,623] {taskinstance.py:1262} INFO - Executing <Task(_PythonDecoratedOperator): get_reporting> on 2021-12-17 10:00:00+00:00
[2021-12-18 10:24:14,663] {standard_task_runner.py:76} INFO - Running: ['***', 'tasks', 'run', 'scraping_daft_leitrim', 'get_reporting', 'scheduled__2021-12-17T10:00:00+00:00', '--job-id', '3011', '--raw', '--subdir', 'DAGS_FOLDER/scraping_daft_leitrim.py', '--cfg-path', '/tmp/tmp581n3k8g', '--error-file', '/tmp/tmpbig3mlsy']
[2021-12-18 10:24:14,668] {standard_task_runner.py:77} INFO - Job 3011: Subtask get_reporting
[2021-12-18 10:24:14,653] {standard_task_runner.py:52} INFO - Started process 3683 to run task
[2021-12-18 10:24:15,195] {logging_mixin.py:109} INFO - Running <TaskInstance: scraping_daft_leitrim.get_reporting scheduled__2021-12-17T10:00:00+00:00 [running]> on host cf1c44b514e9
[2021-12-18 10:24:15,686] {taskinstance.py:1429} INFO - Exporting the following env vars:
AIRFLOW_CTX_DAG_EMAIL=clement.liscoet@gmail.com
AIRFLOW_CTX_DAG_OWNER=clemoni
AIRFLOW_CTX_DAG_ID=scraping_daft_leitrim
AIRFLOW_CTX_TASK_ID=get_reporting
AIRFLOW_CTX_EXECUTION_DATE=2021-12-17T10:00:00+00:00
AIRFLOW_CTX_DAG_RUN_ID=scheduled__2021-12-17T10:00:00+00:00
[2021-12-18 10:24:15,794] {logging_mixin.py:109} INFO - leitrim
[2021-12-18 10:24:15,889] {base.py:79} INFO - Using connection to: id: postgres_db. Host: postgres, Port: 5432, Schema: scraping_daft, Login: ***, Password: ***, extra: {}
[2021-12-18 10:24:16,250] {python.py:152} INFO - Done. Returned value was: None
[2021-12-18 10:24:16,474] {taskinstance.py:1280} INFO - Marking task as SUCCESS. dag_id=scraping_daft_leitrim, task_id=get_reporting, execution_date=20211217T100000, start_date=20211218T102414, end_date=20211218T102416
[2021-12-18 10:24:16,590] {local_task_job.py:154} INFO - Task exited with return code 0
[2021-12-18 10:24:17,106] {local_task_job.py:264} INFO - 1 downstream tasks scheduled from follow-on schedule check
