[2021-12-10 09:49:08,139] {taskinstance.py:1035} INFO - Dependencies all met for <TaskInstance: scraping_daft_westmeath.persist_data manual__2021-12-10T09:48:40.550141+00:00 [queued]>
[2021-12-10 09:49:08,156] {taskinstance.py:1035} INFO - Dependencies all met for <TaskInstance: scraping_daft_westmeath.persist_data manual__2021-12-10T09:48:40.550141+00:00 [queued]>
[2021-12-10 09:49:08,157] {taskinstance.py:1241} INFO - 
--------------------------------------------------------------------------------
[2021-12-10 09:49:08,158] {taskinstance.py:1242} INFO - Starting attempt 1 of 3
[2021-12-10 09:49:08,160] {taskinstance.py:1243} INFO - 
--------------------------------------------------------------------------------
[2021-12-10 09:49:08,179] {taskinstance.py:1262} INFO - Executing <Task(SparkSubmitOperator): persist_data> on 2021-12-10 09:48:40.550141+00:00
[2021-12-10 09:49:08,187] {standard_task_runner.py:76} INFO - Running: ['***', 'tasks', 'run', 'scraping_daft_westmeath', 'persist_data', 'manual__2021-12-10T09:48:40.550141+00:00', '--job-id', '1128', '--raw', '--subdir', 'DAGS_FOLDER/scraping_daft_westmeath.py', '--cfg-path', '/tmp/tmpepakau7s', '--error-file', '/tmp/tmpx06w11i0']
[2021-12-10 09:49:08,189] {standard_task_runner.py:77} INFO - Job 1128: Subtask persist_data
[2021-12-10 09:49:08,184] {standard_task_runner.py:52} INFO - Started process 11272 to run task
[2021-12-10 09:49:08,289] {logging_mixin.py:109} INFO - Running <TaskInstance: scraping_daft_westmeath.persist_data manual__2021-12-10T09:48:40.550141+00:00 [running]> on host b7c04404c5f3
[2021-12-10 09:49:08,453] {taskinstance.py:1429} INFO - Exporting the following env vars:
AIRFLOW_CTX_DAG_EMAIL=***@example.com
AIRFLOW_CTX_DAG_OWNER=clemoni
AIRFLOW_CTX_DAG_ID=scraping_daft_westmeath
AIRFLOW_CTX_TASK_ID=persist_data
AIRFLOW_CTX_EXECUTION_DATE=2021-12-10T09:48:40.550141+00:00
AIRFLOW_CTX_DAG_RUN_ID=manual__2021-12-10T09:48:40.550141+00:00
[2021-12-10 09:49:08,481] {base.py:79} INFO - Using connection to: id: spark_default. Host: spark://spark:7077, Port: None, Schema: , Login: ***, Password: ***, extra: {}
[2021-12-10 09:49:08,484] {spark_submit.py:362} INFO - Spark-Submit cmd: spark-submit --master spark://spark:7077 --conf spark.master=spark://spark:7077 --name persist data --verbose /opt/***/jobs/persist_db.py westmeath
[2021-12-10 09:49:10,505] {spark_submit.py:523} INFO - Using properties file: null
[2021-12-10 09:49:10,666] {spark_submit.py:523} INFO - WARNING: An illegal reflective access operation has occurred
[2021-12-10 09:49:10,668] {spark_submit.py:523} INFO - WARNING: Illegal reflective access by org.apache.spark.unsafe.Platform (file:/home/***/.local/lib/python3.6/site-packages/pyspark/jars/spark-unsafe_2.12-3.2.0.jar) to constructor java.nio.DirectByteBuffer(long,int)
[2021-12-10 09:49:10,669] {spark_submit.py:523} INFO - WARNING: Please consider reporting this to the maintainers of org.apache.spark.unsafe.Platform
[2021-12-10 09:49:10,670] {spark_submit.py:523} INFO - WARNING: Use --illegal-access=warn to enable warnings of further illegal reflective access operations
[2021-12-10 09:49:10,670] {spark_submit.py:523} INFO - WARNING: All illegal access operations will be denied in a future release
[2021-12-10 09:49:10,733] {spark_submit.py:523} INFO - Parsed arguments:
[2021-12-10 09:49:10,734] {spark_submit.py:523} INFO - master                  spark://spark:7077
[2021-12-10 09:49:10,735] {spark_submit.py:523} INFO - deployMode              null
[2021-12-10 09:49:10,736] {spark_submit.py:523} INFO - executorMemory          null
[2021-12-10 09:49:10,736] {spark_submit.py:523} INFO - executorCores           null
[2021-12-10 09:49:10,737] {spark_submit.py:523} INFO - totalExecutorCores      null
[2021-12-10 09:49:10,738] {spark_submit.py:523} INFO - propertiesFile          null
[2021-12-10 09:49:10,739] {spark_submit.py:523} INFO - driverMemory            null
[2021-12-10 09:49:10,740] {spark_submit.py:523} INFO - driverCores             null
[2021-12-10 09:49:10,741] {spark_submit.py:523} INFO - driverExtraClassPath    null
[2021-12-10 09:49:10,742] {spark_submit.py:523} INFO - driverExtraLibraryPath  null
[2021-12-10 09:49:10,743] {spark_submit.py:523} INFO - driverExtraJavaOptions  null
[2021-12-10 09:49:10,744] {spark_submit.py:523} INFO - supervise               false
[2021-12-10 09:49:10,745] {spark_submit.py:523} INFO - queue                   null
[2021-12-10 09:49:10,746] {spark_submit.py:523} INFO - numExecutors            null
[2021-12-10 09:49:10,747] {spark_submit.py:523} INFO - files                   null
[2021-12-10 09:49:10,748] {spark_submit.py:523} INFO - pyFiles                 null
[2021-12-10 09:49:10,749] {spark_submit.py:523} INFO - archives                null
[2021-12-10 09:49:10,750] {spark_submit.py:523} INFO - mainClass               null
[2021-12-10 09:49:10,750] {spark_submit.py:523} INFO - primaryResource         file:/opt/***/jobs/persist_db.py
[2021-12-10 09:49:10,751] {spark_submit.py:523} INFO - name                    persist data
[2021-12-10 09:49:10,752] {spark_submit.py:523} INFO - childArgs               [westmeath]
[2021-12-10 09:49:10,753] {spark_submit.py:523} INFO - jars                    null
[2021-12-10 09:49:10,753] {spark_submit.py:523} INFO - packages                null
[2021-12-10 09:49:10,754] {spark_submit.py:523} INFO - packagesExclusions      null
[2021-12-10 09:49:10,755] {spark_submit.py:523} INFO - repositories            null
[2021-12-10 09:49:10,755] {spark_submit.py:523} INFO - verbose                 true
[2021-12-10 09:49:10,756] {spark_submit.py:523} INFO - 
[2021-12-10 09:49:10,757] {spark_submit.py:523} INFO - Spark properties used, including those specified through
[2021-12-10 09:49:10,757] {spark_submit.py:523} INFO - --conf and those from the properties file null:
[2021-12-10 09:49:10,758] {spark_submit.py:523} INFO - (spark.master,spark://spark:7077)
[2021-12-10 09:49:10,758] {spark_submit.py:523} INFO - 
[2021-12-10 09:49:10,759] {spark_submit.py:523} INFO - 
[2021-12-10 09:49:11,077] {spark_submit.py:523} INFO - Main class:
[2021-12-10 09:49:11,079] {spark_submit.py:523} INFO - org.apache.spark.deploy.PythonRunner
[2021-12-10 09:49:11,080] {spark_submit.py:523} INFO - Arguments:
[2021-12-10 09:49:11,081] {spark_submit.py:523} INFO - file:/opt/***/jobs/persist_db.py
[2021-12-10 09:49:11,082] {spark_submit.py:523} INFO - null
[2021-12-10 09:49:11,083] {spark_submit.py:523} INFO - westmeath
[2021-12-10 09:49:11,083] {spark_submit.py:523} INFO - --verbose
[2021-12-10 09:49:11,084] {spark_submit.py:523} INFO - Spark config:
[2021-12-10 09:49:11,085] {spark_submit.py:523} INFO - (spark.master,spark://spark:7077)
[2021-12-10 09:49:11,086] {spark_submit.py:523} INFO - (spark.app.name,persist data)
[2021-12-10 09:49:11,086] {spark_submit.py:523} INFO - (spark.submit.pyFiles,)
[2021-12-10 09:49:11,087] {spark_submit.py:523} INFO - (spark.submit.deployMode,client)
[2021-12-10 09:49:11,088] {spark_submit.py:523} INFO - Classpath elements:
[2021-12-10 09:49:11,089] {spark_submit.py:523} INFO - 
[2021-12-10 09:49:11,090] {spark_submit.py:523} INFO - 
[2021-12-10 09:49:11,093] {spark_submit.py:523} INFO - 
[2021-12-10 09:49:12,280] {spark_submit.py:523} INFO - Using Spark's default log4j profile: org/apache/spark/log4j-defaults.properties
[2021-12-10 09:49:12,295] {spark_submit.py:523} INFO - 21/12/10 09:49:12 INFO SparkContext: Running Spark version 3.2.0
[2021-12-10 09:49:12,419] {spark_submit.py:523} INFO - 21/12/10 09:49:12 WARN NativeCodeLoader: Unable to load native-hadoop library for your platform... using builtin-java classes where applicable
[2021-12-10 09:49:12,639] {spark_submit.py:523} INFO - 21/12/10 09:49:12 INFO ResourceUtils: ==============================================================
[2021-12-10 09:49:12,641] {spark_submit.py:523} INFO - 21/12/10 09:49:12 INFO ResourceUtils: No custom resources configured for spark.driver.
[2021-12-10 09:49:12,641] {spark_submit.py:523} INFO - 21/12/10 09:49:12 INFO ResourceUtils: ==============================================================
[2021-12-10 09:49:12,642] {spark_submit.py:523} INFO - 21/12/10 09:49:12 INFO SparkContext: Submitted application: Persist DB
[2021-12-10 09:49:12,682] {spark_submit.py:523} INFO - 21/12/10 09:49:12 INFO ResourceProfile: Default ResourceProfile created, executor resources: Map(cores -> name: cores, amount: 1, script: , vendor: , memory -> name: memory, amount: 1024, script: , vendor: , offHeap -> name: offHeap, amount: 0, script: , vendor: ), task resources: Map(cpus -> name: cpus, amount: 1.0)
[2021-12-10 09:49:12,699] {spark_submit.py:523} INFO - 21/12/10 09:49:12 INFO ResourceProfile: Limiting resource is cpu
[2021-12-10 09:49:12,700] {spark_submit.py:523} INFO - 21/12/10 09:49:12 INFO ResourceProfileManager: Added ResourceProfile id: 0
[2021-12-10 09:49:12,801] {spark_submit.py:523} INFO - 21/12/10 09:49:12 INFO SecurityManager: Changing view acls to: ***
[2021-12-10 09:49:12,802] {spark_submit.py:523} INFO - 21/12/10 09:49:12 INFO SecurityManager: Changing modify acls to: ***
[2021-12-10 09:49:12,803] {spark_submit.py:523} INFO - 21/12/10 09:49:12 INFO SecurityManager: Changing view acls groups to:
[2021-12-10 09:49:12,804] {spark_submit.py:523} INFO - 21/12/10 09:49:12 INFO SecurityManager: Changing modify acls groups to:
[2021-12-10 09:49:12,805] {spark_submit.py:523} INFO - 21/12/10 09:49:12 INFO SecurityManager: SecurityManager: authentication disabled; ui acls disabled; users  with view permissions: Set(***); groups with view permissions: Set(); users  with modify permissions: Set(***); groups with modify permissions: Set()
[2021-12-10 09:49:13,206] {spark_submit.py:523} INFO - 21/12/10 09:49:13 INFO Utils: Successfully started service 'sparkDriver' on port 42551.
[2021-12-10 09:49:13,259] {spark_submit.py:523} INFO - 21/12/10 09:49:13 INFO SparkEnv: Registering MapOutputTracker
[2021-12-10 09:49:13,326] {spark_submit.py:523} INFO - 21/12/10 09:49:13 INFO SparkEnv: Registering BlockManagerMaster
[2021-12-10 09:49:13,356] {spark_submit.py:523} INFO - 21/12/10 09:49:13 INFO BlockManagerMasterEndpoint: Using org.apache.spark.storage.DefaultTopologyMapper for getting topology information
[2021-12-10 09:49:13,358] {spark_submit.py:523} INFO - 21/12/10 09:49:13 INFO BlockManagerMasterEndpoint: BlockManagerMasterEndpoint up
[2021-12-10 09:49:13,365] {spark_submit.py:523} INFO - 21/12/10 09:49:13 INFO SparkEnv: Registering BlockManagerMasterHeartbeat
[2021-12-10 09:49:13,402] {spark_submit.py:523} INFO - 21/12/10 09:49:13 INFO DiskBlockManager: Created local directory at /tmp/blockmgr-cf188efd-f6dd-4c47-a49b-b0bff2b826d3
[2021-12-10 09:49:13,433] {spark_submit.py:523} INFO - 21/12/10 09:49:13 INFO MemoryStore: MemoryStore started with capacity 434.4 MiB
[2021-12-10 09:49:13,457] {spark_submit.py:523} INFO - 21/12/10 09:49:13 INFO SparkEnv: Registering OutputCommitCoordinator
[2021-12-10 09:49:13,810] {spark_submit.py:523} INFO - 21/12/10 09:49:13 INFO Utils: Successfully started service 'SparkUI' on port 4040.
[2021-12-10 09:49:13,927] {spark_submit.py:523} INFO - 21/12/10 09:49:13 INFO SparkUI: Bound SparkUI to 0.0.0.0, and started at http://b7c04404c5f3:4040
[2021-12-10 09:49:14,319] {spark_submit.py:523} INFO - 21/12/10 09:49:14 INFO StandaloneAppClient$ClientEndpoint: Connecting to master spark://spark:7077...
[2021-12-10 09:49:14,451] {spark_submit.py:523} INFO - 21/12/10 09:49:14 INFO TransportClientFactory: Successfully created connection to spark/172.18.0.4:7077 after 63 ms (0 ms spent in bootstraps)
[2021-12-10 09:49:14,591] {spark_submit.py:523} INFO - 21/12/10 09:49:14 INFO StandaloneSchedulerBackend: Connected to Spark cluster with app ID app-20211210094914-0057
[2021-12-10 09:49:14,596] {spark_submit.py:523} INFO - 21/12/10 09:49:14 INFO StandaloneAppClient$ClientEndpoint: Executor added: app-20211210094914-0057/0 on worker-20211210091509-172.18.0.6-33397 (172.18.0.6:33397) with 6 core(s)
[2021-12-10 09:49:14,601] {spark_submit.py:523} INFO - 21/12/10 09:49:14 INFO StandaloneSchedulerBackend: Granted executor ID app-20211210094914-0057/0 on hostPort 172.18.0.6:33397 with 6 core(s), 1024.0 MiB RAM
[2021-12-10 09:49:14,603] {spark_submit.py:523} INFO - 21/12/10 09:49:14 INFO StandaloneAppClient$ClientEndpoint: Executor added: app-20211210094914-0057/1 on worker-20211210091509-172.18.0.5-41215 (172.18.0.5:41215) with 6 core(s)
[2021-12-10 09:49:14,605] {spark_submit.py:523} INFO - 21/12/10 09:49:14 INFO StandaloneSchedulerBackend: Granted executor ID app-20211210094914-0057/1 on hostPort 172.18.0.5:41215 with 6 core(s), 1024.0 MiB RAM
[2021-12-10 09:49:14,609] {spark_submit.py:523} INFO - 21/12/10 09:49:14 INFO Utils: Successfully started service 'org.apache.spark.network.netty.NettyBlockTransferService' on port 43995.
[2021-12-10 09:49:14,610] {spark_submit.py:523} INFO - 21/12/10 09:49:14 INFO NettyBlockTransferService: Server created on b7c04404c5f3:43995
[2021-12-10 09:49:14,612] {spark_submit.py:523} INFO - 21/12/10 09:49:14 INFO BlockManager: Using org.apache.spark.storage.RandomBlockReplicationPolicy for block replication policy
[2021-12-10 09:49:14,653] {spark_submit.py:523} INFO - 21/12/10 09:49:14 INFO BlockManagerMaster: Registering BlockManager BlockManagerId(driver, b7c04404c5f3, 43995, None)
[2021-12-10 09:49:14,668] {spark_submit.py:523} INFO - 21/12/10 09:49:14 INFO BlockManagerMasterEndpoint: Registering block manager b7c04404c5f3:43995 with 434.4 MiB RAM, BlockManagerId(driver, b7c04404c5f3, 43995, None)
[2021-12-10 09:49:14,677] {spark_submit.py:523} INFO - 21/12/10 09:49:14 INFO BlockManagerMaster: Registered BlockManager BlockManagerId(driver, b7c04404c5f3, 43995, None)
[2021-12-10 09:49:14,679] {spark_submit.py:523} INFO - 21/12/10 09:49:14 INFO StandaloneAppClient$ClientEndpoint: Executor updated: app-20211210094914-0057/1 is now RUNNING
[2021-12-10 09:49:14,680] {spark_submit.py:523} INFO - 21/12/10 09:49:14 INFO BlockManager: Initialized BlockManager: BlockManagerId(driver, b7c04404c5f3, 43995, None)
[2021-12-10 09:49:14,682] {spark_submit.py:523} INFO - 21/12/10 09:49:14 INFO StandaloneAppClient$ClientEndpoint: Executor updated: app-20211210094914-0057/0 is now RUNNING
[2021-12-10 09:49:15,030] {spark_submit.py:523} INFO - 21/12/10 09:49:15 INFO StandaloneSchedulerBackend: SchedulerBackend is ready for scheduling beginning after reached minRegisteredResourcesRatio: 0.0
[2021-12-10 09:49:15,124] {spark_submit.py:523} INFO - /home/***/.local/lib/python3.6/site-packages/pyspark/python/lib/pyspark.zip/pyspark/context.py:238: FutureWarning: Python 3.6 support is deprecated in Spark 3.2.
[2021-12-10 09:49:15,125] {spark_submit.py:523} INFO - FutureWarning
[2021-12-10 09:49:15,464] {spark_submit.py:523} INFO - 21/12/10 09:49:15 INFO SharedState: Setting hive.metastore.warehouse.dir ('null') to the value of spark.sql.warehouse.dir.
[2021-12-10 09:49:15,515] {spark_submit.py:523} INFO - 21/12/10 09:49:15 INFO SharedState: Warehouse path is 'file:/opt/***/spark-warehouse'.
[2021-12-10 09:49:17,004] {spark_submit.py:523} INFO - 21/12/10 09:49:16 INFO SparkContext: Invoking stop() from shutdown hook
[2021-12-10 09:49:17,056] {spark_submit.py:523} INFO - 21/12/10 09:49:17 INFO SparkUI: Stopped Spark web UI at http://b7c04404c5f3:4040
[2021-12-10 09:49:17,068] {spark_submit.py:523} INFO - 21/12/10 09:49:17 INFO StandaloneSchedulerBackend: Shutting down all executors
[2021-12-10 09:49:17,078] {spark_submit.py:523} INFO - 21/12/10 09:49:17 INFO CoarseGrainedSchedulerBackend$DriverEndpoint: Asking each executor to shut down
[2021-12-10 09:49:17,158] {spark_submit.py:523} INFO - 21/12/10 09:49:17 INFO MapOutputTrackerMasterEndpoint: MapOutputTrackerMasterEndpoint stopped!
[2021-12-10 09:49:17,237] {spark_submit.py:523} INFO - 21/12/10 09:49:17 INFO MemoryStore: MemoryStore cleared
[2021-12-10 09:49:17,241] {spark_submit.py:523} INFO - 21/12/10 09:49:17 INFO BlockManager: BlockManager stopped
[2021-12-10 09:49:17,260] {spark_submit.py:523} INFO - 21/12/10 09:49:17 INFO BlockManagerMaster: BlockManagerMaster stopped
[2021-12-10 09:49:17,269] {spark_submit.py:523} INFO - 21/12/10 09:49:17 INFO OutputCommitCoordinator$OutputCommitCoordinatorEndpoint: OutputCommitCoordinator stopped!
[2021-12-10 09:49:17,301] {spark_submit.py:523} INFO - 21/12/10 09:49:17 INFO SparkContext: Successfully stopped SparkContext
[2021-12-10 09:49:17,302] {spark_submit.py:523} INFO - 21/12/10 09:49:17 INFO ShutdownHookManager: Shutdown hook called
[2021-12-10 09:49:17,312] {spark_submit.py:523} INFO - 21/12/10 09:49:17 INFO ShutdownHookManager: Deleting directory /tmp/spark-15e20588-23ae-4bc1-a806-71079a5df7cf
[2021-12-10 09:49:17,314] {spark_submit.py:523} INFO - 21/12/10 09:49:17 INFO ShutdownHookManager: Deleting directory /tmp/spark-47bcd461-b1f0-4bec-bc8a-960523f85665
[2021-12-10 09:49:17,318] {spark_submit.py:523} INFO - 21/12/10 09:49:17 INFO ShutdownHookManager: Deleting directory /tmp/spark-15e20588-23ae-4bc1-a806-71079a5df7cf/pyspark-fcdaa300-c247-4731-a68f-de416e2ce6d8
[2021-12-10 09:49:17,464] {taskinstance.py:1280} INFO - Marking task as SUCCESS. dag_id=scraping_daft_westmeath, task_id=persist_data, execution_date=20211210T094840, start_date=20211210T094908, end_date=20211210T094917
[2021-12-10 09:49:17,512] {local_task_job.py:154} INFO - Task exited with return code 0
[2021-12-10 09:49:17,616] {local_task_job.py:264} INFO - 1 downstream tasks scheduled from follow-on schedule check
