[2021-12-30 11:48:08,953] {taskinstance.py:1035} INFO - Dependencies all met for <TaskInstance: scraping_daft_galway.persist_data scheduled__2021-12-29T09:35:00+00:00 [queued]>
[2021-12-30 11:48:09,010] {taskinstance.py:1035} INFO - Dependencies all met for <TaskInstance: scraping_daft_galway.persist_data scheduled__2021-12-29T09:35:00+00:00 [queued]>
[2021-12-30 11:48:09,012] {taskinstance.py:1241} INFO - 
--------------------------------------------------------------------------------
[2021-12-30 11:48:09,014] {taskinstance.py:1242} INFO - Starting attempt 1 of 4
[2021-12-30 11:48:09,019] {taskinstance.py:1243} INFO - 
--------------------------------------------------------------------------------
[2021-12-30 11:48:09,091] {taskinstance.py:1262} INFO - Executing <Task(SparkSubmitOperator): persist_data> on 2021-12-29 09:35:00+00:00
[2021-12-30 11:48:09,137] {standard_task_runner.py:52} INFO - Started process 4782 to run task
[2021-12-30 11:48:09,241] {standard_task_runner.py:76} INFO - Running: ['***', 'tasks', 'run', 'scraping_daft_galway', 'persist_data', 'scheduled__2021-12-29T09:35:00+00:00', '--job-id', '5572', '--raw', '--subdir', 'DAGS_FOLDER/scraping_daft_galway.py', '--cfg-path', '/tmp/tmpnzorlfu2', '--error-file', '/tmp/tmpv0cnvt9l']
[2021-12-30 11:48:09,274] {standard_task_runner.py:77} INFO - Job 5572: Subtask persist_data
[2021-12-30 11:48:09,798] {logging_mixin.py:109} INFO - Running <TaskInstance: scraping_daft_galway.persist_data scheduled__2021-12-29T09:35:00+00:00 [running]> on host 5ddf2477c0dd
[2021-12-30 11:48:10,182] {taskinstance.py:1429} INFO - Exporting the following env vars:
AIRFLOW_CTX_DAG_EMAIL=clement.liscoet@gmail.com
AIRFLOW_CTX_DAG_OWNER=clemoni
AIRFLOW_CTX_DAG_ID=scraping_daft_galway
AIRFLOW_CTX_TASK_ID=persist_data
AIRFLOW_CTX_EXECUTION_DATE=2021-12-29T09:35:00+00:00
AIRFLOW_CTX_DAG_RUN_ID=scheduled__2021-12-29T09:35:00+00:00
[2021-12-30 11:48:10,281] {base.py:79} INFO - Using connection to: id: spark_default. Host: spark://spark:7077, Port: None, Schema: , Login: ***, Password: ***, extra: {}
[2021-12-30 11:48:10,300] {spark_submit.py:360} INFO - Spark-Submit cmd: spark-submit --master spark://spark:7077 --conf spark.master=spark://spark:7077 --name persist data --verbose /opt/***/jobs/persist_db.py galway
[2021-12-30 11:48:26,681] {spark_submit.py:514} INFO - Using properties file: null
[2021-12-30 11:48:27,544] {spark_submit.py:514} INFO - WARNING: An illegal reflective access operation has occurred
[2021-12-30 11:48:27,546] {spark_submit.py:514} INFO - WARNING: Illegal reflective access by org.apache.spark.unsafe.Platform (file:/home/***/.local/lib/python3.6/site-packages/pyspark/jars/spark-unsafe_2.12-3.2.0.jar) to constructor java.nio.DirectByteBuffer(long,int)
[2021-12-30 11:48:27,547] {spark_submit.py:514} INFO - WARNING: Please consider reporting this to the maintainers of org.apache.spark.unsafe.Platform
[2021-12-30 11:48:27,549] {spark_submit.py:514} INFO - WARNING: Use --illegal-access=warn to enable warnings of further illegal reflective access operations
[2021-12-30 11:48:27,549] {spark_submit.py:514} INFO - WARNING: All illegal access operations will be denied in a future release
[2021-12-30 11:48:28,130] {spark_submit.py:514} INFO - Parsed arguments:
[2021-12-30 11:48:28,131] {spark_submit.py:514} INFO - master                  spark://spark:7077
[2021-12-30 11:48:28,132] {spark_submit.py:514} INFO - deployMode              null
[2021-12-30 11:48:28,133] {spark_submit.py:514} INFO - executorMemory          null
[2021-12-30 11:48:28,134] {spark_submit.py:514} INFO - executorCores           null
[2021-12-30 11:48:28,135] {spark_submit.py:514} INFO - totalExecutorCores      null
[2021-12-30 11:48:28,136] {spark_submit.py:514} INFO - propertiesFile          null
[2021-12-30 11:48:28,138] {spark_submit.py:514} INFO - driverMemory            null
[2021-12-30 11:48:28,139] {spark_submit.py:514} INFO - driverCores             null
[2021-12-30 11:48:28,140] {spark_submit.py:514} INFO - driverExtraClassPath    null
[2021-12-30 11:48:28,141] {spark_submit.py:514} INFO - driverExtraLibraryPath  null
[2021-12-30 11:48:28,142] {spark_submit.py:514} INFO - driverExtraJavaOptions  null
[2021-12-30 11:48:28,143] {spark_submit.py:514} INFO - supervise               false
[2021-12-30 11:48:28,144] {spark_submit.py:514} INFO - queue                   null
[2021-12-30 11:48:28,145] {spark_submit.py:514} INFO - numExecutors            null
[2021-12-30 11:48:28,146] {spark_submit.py:514} INFO - files                   null
[2021-12-30 11:48:28,148] {spark_submit.py:514} INFO - pyFiles                 null
[2021-12-30 11:48:28,149] {spark_submit.py:514} INFO - archives                null
[2021-12-30 11:48:28,150] {spark_submit.py:514} INFO - mainClass               null
[2021-12-30 11:48:28,152] {spark_submit.py:514} INFO - primaryResource         file:/opt/***/jobs/persist_db.py
[2021-12-30 11:48:28,153] {spark_submit.py:514} INFO - name                    persist data
[2021-12-30 11:48:28,154] {spark_submit.py:514} INFO - childArgs               [galway]
[2021-12-30 11:48:28,155] {spark_submit.py:514} INFO - jars                    null
[2021-12-30 11:48:28,156] {spark_submit.py:514} INFO - packages                null
[2021-12-30 11:48:28,158] {spark_submit.py:514} INFO - packagesExclusions      null
[2021-12-30 11:48:28,159] {spark_submit.py:514} INFO - repositories            null
[2021-12-30 11:48:28,160] {spark_submit.py:514} INFO - verbose                 true
[2021-12-30 11:48:28,161] {spark_submit.py:514} INFO - 
[2021-12-30 11:48:28,162] {spark_submit.py:514} INFO - Spark properties used, including those specified through
[2021-12-30 11:48:28,165] {spark_submit.py:514} INFO - --conf and those from the properties file null:
[2021-12-30 11:48:28,166] {spark_submit.py:514} INFO - (spark.master,spark://spark:7077)
[2021-12-30 11:48:28,167] {spark_submit.py:514} INFO - 
[2021-12-30 11:48:28,169] {spark_submit.py:514} INFO - 
[2021-12-30 11:48:33,523] {spark_submit.py:514} INFO - Main class:
[2021-12-30 11:48:33,528] {spark_submit.py:514} INFO - org.apache.spark.deploy.PythonRunner
[2021-12-30 11:48:33,553] {spark_submit.py:514} INFO - Arguments:
[2021-12-30 11:48:33,555] {spark_submit.py:514} INFO - file:/opt/***/jobs/persist_db.py
[2021-12-30 11:48:33,561] {spark_submit.py:514} INFO - null
[2021-12-30 11:48:33,575] {spark_submit.py:514} INFO - galway
[2021-12-30 11:48:33,580] {spark_submit.py:514} INFO - --verbose
[2021-12-30 11:48:33,600] {spark_submit.py:514} INFO - Spark config:
[2021-12-30 11:48:33,606] {spark_submit.py:514} INFO - (spark.master,spark://spark:7077)
[2021-12-30 11:48:33,614] {spark_submit.py:514} INFO - (spark.app.name,persist data)
[2021-12-30 11:48:33,618] {spark_submit.py:514} INFO - (spark.submit.pyFiles,)
[2021-12-30 11:48:33,627] {spark_submit.py:514} INFO - (spark.submit.deployMode,client)
[2021-12-30 11:48:33,631] {spark_submit.py:514} INFO - Classpath elements:
[2021-12-30 11:48:33,652] {spark_submit.py:514} INFO - 
[2021-12-30 11:48:33,654] {spark_submit.py:514} INFO - 
[2021-12-30 11:48:33,655] {spark_submit.py:514} INFO - 
[2021-12-30 11:48:53,876] {spark_submit.py:514} INFO - Using Spark's default log4j profile: org/apache/spark/log4j-defaults.properties
[2021-12-30 11:48:53,985] {spark_submit.py:514} INFO - 21/12/30 11:48:53 INFO SparkContext: Running Spark version 3.2.0
[2021-12-30 11:48:54,407] {spark_submit.py:514} INFO - 21/12/30 11:48:54 WARN NativeCodeLoader: Unable to load native-hadoop library for your platform... using builtin-java classes where applicable
[2021-12-30 11:48:57,284] {spark_submit.py:514} INFO - 21/12/30 11:48:57 INFO ResourceUtils: ==============================================================
[2021-12-30 11:48:57,334] {spark_submit.py:514} INFO - 21/12/30 11:48:57 INFO ResourceUtils: No custom resources configured for spark.driver.
[2021-12-30 11:48:57,344] {spark_submit.py:514} INFO - 21/12/30 11:48:57 INFO ResourceUtils: ==============================================================
[2021-12-30 11:48:57,351] {spark_submit.py:514} INFO - 21/12/30 11:48:57 INFO SparkContext: Submitted application: Persist DB
[2021-12-30 11:48:57,518] {spark_submit.py:514} INFO - 21/12/30 11:48:57 INFO ResourceProfile: Default ResourceProfile created, executor resources: Map(cores -> name: cores, amount: 1, script: , vendor: , memory -> name: memory, amount: 1024, script: , vendor: , offHeap -> name: offHeap, amount: 0, script: , vendor: ), task resources: Map(cpus -> name: cpus, amount: 1.0)
[2021-12-30 11:48:57,602] {spark_submit.py:514} INFO - 21/12/30 11:48:57 INFO ResourceProfile: Limiting resource is cpu
[2021-12-30 11:48:57,629] {spark_submit.py:514} INFO - 21/12/30 11:48:57 INFO ResourceProfileManager: Added ResourceProfile id: 0
[2021-12-30 11:48:58,547] {spark_submit.py:514} INFO - 21/12/30 11:48:58 INFO SecurityManager: Changing view acls to: ***
[2021-12-30 11:48:58,555] {spark_submit.py:514} INFO - 21/12/30 11:48:58 INFO SecurityManager: Changing modify acls to: ***
[2021-12-30 11:48:58,560] {spark_submit.py:514} INFO - 21/12/30 11:48:58 INFO SecurityManager: Changing view acls groups to:
[2021-12-30 11:48:58,563] {spark_submit.py:514} INFO - 21/12/30 11:48:58 INFO SecurityManager: Changing modify acls groups to:
[2021-12-30 11:48:58,590] {spark_submit.py:514} INFO - 21/12/30 11:48:58 INFO SecurityManager: SecurityManager: authentication disabled; ui acls disabled; users  with view permissions: Set(***); groups with view permissions: Set(); users  with modify permissions: Set(***); groups with modify permissions: Set()
[2021-12-30 11:49:03,622] {spark_submit.py:514} INFO - 21/12/30 11:49:03 INFO Utils: Successfully started service 'sparkDriver' on port 32827.
[2021-12-30 11:49:04,416] {spark_submit.py:514} INFO - 21/12/30 11:49:04 INFO SparkEnv: Registering MapOutputTracker
[2021-12-30 11:49:05,238] {spark_submit.py:514} INFO - 21/12/30 11:49:05 INFO SparkEnv: Registering BlockManagerMaster
[2021-12-30 11:49:05,427] {spark_submit.py:514} INFO - 21/12/30 11:49:05 INFO BlockManagerMasterEndpoint: Using org.apache.spark.storage.DefaultTopologyMapper for getting topology information
[2021-12-30 11:49:05,429] {spark_submit.py:514} INFO - 21/12/30 11:49:05 INFO BlockManagerMasterEndpoint: BlockManagerMasterEndpoint up
[2021-12-30 11:49:05,471] {spark_submit.py:514} INFO - 21/12/30 11:49:05 INFO SparkEnv: Registering BlockManagerMasterHeartbeat
[2021-12-30 11:49:05,647] {spark_submit.py:514} INFO - 21/12/30 11:49:05 INFO DiskBlockManager: Created local directory at /tmp/blockmgr-6100e093-9a5f-4620-8bad-e2bc82a36aac
[2021-12-30 11:49:06,005] {spark_submit.py:514} INFO - 21/12/30 11:49:06 INFO MemoryStore: MemoryStore started with capacity 434.4 MiB
[2021-12-30 11:49:06,205] {spark_submit.py:514} INFO - 21/12/30 11:49:06 INFO SparkEnv: Registering OutputCommitCoordinator
[2021-12-30 11:49:10,213] {spark_submit.py:514} INFO - 21/12/30 11:49:10 WARN Utils: Service 'SparkUI' could not bind on port 4040. Attempting port 4041.
[2021-12-30 11:49:10,214] {spark_submit.py:514} INFO - 21/12/30 11:49:10 WARN Utils: Service 'SparkUI' could not bind on port 4041. Attempting port 4042.
[2021-12-30 11:49:10,259] {spark_submit.py:514} INFO - 21/12/30 11:49:10 INFO Utils: Successfully started service 'SparkUI' on port 4042.
[2021-12-30 11:49:10,621] {spark_submit.py:514} INFO - 21/12/30 11:49:10 INFO SparkUI: Bound SparkUI to 0.0.0.0, and started at http://5ddf2477c0dd:4042
[2021-12-30 11:49:15,659] {spark_submit.py:514} INFO - 21/12/30 11:49:15 INFO StandaloneAppClient$ClientEndpoint: Connecting to master spark://spark:7077...
[2021-12-30 11:49:17,770] {spark_submit.py:514} INFO - 21/12/30 11:49:17 INFO TransportClientFactory: Successfully created connection to spark/172.19.0.4:7077 after 1365 ms (0 ms spent in bootstraps)
[2021-12-30 11:49:18,513] {spark_submit.py:514} INFO - 21/12/30 11:49:18 INFO StandaloneSchedulerBackend: Connected to Spark cluster with app ID app-20211230114918-0036
[2021-12-30 11:49:18,551] {spark_submit.py:514} INFO - 21/12/30 11:49:18 INFO Utils: Successfully started service 'org.apache.spark.network.netty.NettyBlockTransferService' on port 42081.
[2021-12-30 11:49:18,552] {spark_submit.py:514} INFO - 21/12/30 11:49:18 INFO NettyBlockTransferService: Server created on 5ddf2477c0dd:42081
[2021-12-30 11:49:18,554] {spark_submit.py:514} INFO - 21/12/30 11:49:18 INFO BlockManager: Using org.apache.spark.storage.RandomBlockReplicationPolicy for block replication policy
[2021-12-30 11:49:18,598] {spark_submit.py:514} INFO - 21/12/30 11:49:18 INFO BlockManagerMaster: Registering BlockManager BlockManagerId(driver, 5ddf2477c0dd, 42081, None)
[2021-12-30 11:49:18,618] {spark_submit.py:514} INFO - 21/12/30 11:49:18 INFO BlockManagerMasterEndpoint: Registering block manager 5ddf2477c0dd:42081 with 434.4 MiB RAM, BlockManagerId(driver, 5ddf2477c0dd, 42081, None)
[2021-12-30 11:49:18,625] {spark_submit.py:514} INFO - 21/12/30 11:49:18 INFO BlockManagerMaster: Registered BlockManager BlockManagerId(driver, 5ddf2477c0dd, 42081, None)
[2021-12-30 11:49:18,628] {spark_submit.py:514} INFO - 21/12/30 11:49:18 INFO BlockManager: Initialized BlockManager: BlockManagerId(driver, 5ddf2477c0dd, 42081, None)
[2021-12-30 11:49:20,952] {spark_submit.py:514} INFO - 21/12/30 11:49:20 INFO StandaloneSchedulerBackend: SchedulerBackend is ready for scheduling beginning after reached minRegisteredResourcesRatio: 0.0
[2021-12-30 11:49:22,424] {spark_submit.py:514} INFO - /home/***/.local/lib/python3.6/site-packages/pyspark/python/lib/pyspark.zip/pyspark/context.py:238: FutureWarning: Python 3.6 support is deprecated in Spark 3.2.
[2021-12-30 11:49:22,427] {spark_submit.py:514} INFO - FutureWarning
[2021-12-30 11:49:25,349] {spark_submit.py:514} INFO - 21/12/30 11:49:25 INFO SharedState: Setting hive.metastore.warehouse.dir ('null') to the value of spark.sql.warehouse.dir.
[2021-12-30 11:49:25,654] {spark_submit.py:514} INFO - 21/12/30 11:49:25 INFO SharedState: Warehouse path is 'file:/opt/***/spark-warehouse'.
[2021-12-30 11:49:50,553] {spark_submit.py:514} INFO - 21/12/30 11:49:50 INFO SparkContext: Invoking stop() from shutdown hook
[2021-12-30 11:49:50,828] {spark_submit.py:514} INFO - 21/12/30 11:49:50 INFO SparkUI: Stopped Spark web UI at http://5ddf2477c0dd:4042
[2021-12-30 11:49:50,909] {spark_submit.py:514} INFO - 21/12/30 11:49:50 INFO StandaloneSchedulerBackend: Shutting down all executors
[2021-12-30 11:49:51,000] {spark_submit.py:514} INFO - 21/12/30 11:49:51 INFO CoarseGrainedSchedulerBackend$DriverEndpoint: Asking each executor to shut down
[2021-12-30 11:49:51,304] {spark_submit.py:514} INFO - 21/12/30 11:49:51 INFO MapOutputTrackerMasterEndpoint: MapOutputTrackerMasterEndpoint stopped!
[2021-12-30 11:49:51,795] {spark_submit.py:514} INFO - 21/12/30 11:49:51 INFO MemoryStore: MemoryStore cleared
[2021-12-30 11:49:51,798] {spark_submit.py:514} INFO - 21/12/30 11:49:51 INFO BlockManager: BlockManager stopped
[2021-12-30 11:49:51,916] {spark_submit.py:514} INFO - 21/12/30 11:49:51 INFO BlockManagerMaster: BlockManagerMaster stopped
[2021-12-30 11:49:52,156] {spark_submit.py:514} INFO - 21/12/30 11:49:52 INFO OutputCommitCoordinator$OutputCommitCoordinatorEndpoint: OutputCommitCoordinator stopped!
[2021-12-30 11:49:52,356] {spark_submit.py:514} INFO - 21/12/30 11:49:52 INFO SparkContext: Successfully stopped SparkContext
[2021-12-30 11:49:52,367] {spark_submit.py:514} INFO - 21/12/30 11:49:52 INFO ShutdownHookManager: Shutdown hook called
[2021-12-30 11:49:52,370] {spark_submit.py:514} INFO - 21/12/30 11:49:52 INFO ShutdownHookManager: Deleting directory /tmp/spark-1295228d-4fe5-494b-be10-d735aebbe51d
[2021-12-30 11:49:52,399] {spark_submit.py:514} INFO - 21/12/30 11:49:52 INFO ShutdownHookManager: Deleting directory /tmp/spark-1295228d-4fe5-494b-be10-d735aebbe51d/pyspark-37463dc4-c071-49e5-a3c9-f60eb120e62d
[2021-12-30 11:49:52,446] {spark_submit.py:514} INFO - 21/12/30 11:49:52 INFO ShutdownHookManager: Deleting directory /tmp/spark-c1116b2e-5166-405c-9ca4-bccea17a9d07
[2021-12-30 11:49:54,457] {taskinstance.py:1280} INFO - Marking task as SUCCESS. dag_id=scraping_daft_galway, task_id=persist_data, execution_date=20211229T093500, start_date=20211230T114808, end_date=20211230T114954
[2021-12-30 11:49:55,042] {local_task_job.py:154} INFO - Task exited with return code 0
[2021-12-30 11:49:55,710] {local_task_job.py:264} INFO - 0 downstream tasks scheduled from follow-on schedule check
