[2021-12-16 11:04:22,715] {taskinstance.py:1035} INFO - Dependencies all met for <TaskInstance: scraping_daft_offaly.remove_file scheduled__2021-12-15T10:35:00+00:00 [queued]>
[2021-12-16 11:04:22,749] {taskinstance.py:1035} INFO - Dependencies all met for <TaskInstance: scraping_daft_offaly.remove_file scheduled__2021-12-15T10:35:00+00:00 [queued]>
[2021-12-16 11:04:22,751] {taskinstance.py:1241} INFO - 
--------------------------------------------------------------------------------
[2021-12-16 11:04:22,752] {taskinstance.py:1242} INFO - Starting attempt 1 of 4
[2021-12-16 11:04:22,753] {taskinstance.py:1243} INFO - 
--------------------------------------------------------------------------------
[2021-12-16 11:04:22,789] {taskinstance.py:1262} INFO - Executing <Task(SparkSubmitOperator): remove_file> on 2021-12-15 10:35:00+00:00
[2021-12-16 11:04:22,797] {standard_task_runner.py:52} INFO - Started process 13321 to run task
[2021-12-16 11:04:22,859] {standard_task_runner.py:76} INFO - Running: ['***', 'tasks', 'run', 'scraping_daft_offaly', 'remove_file', 'scheduled__2021-12-15T10:35:00+00:00', '--job-id', '2736', '--raw', '--subdir', 'DAGS_FOLDER/scraping_daft_offaly.py', '--cfg-path', '/tmp/tmpxp3o9zj1', '--error-file', '/tmp/tmpq7l86vof']
[2021-12-16 11:04:22,869] {standard_task_runner.py:77} INFO - Job 2736: Subtask remove_file
[2021-12-16 11:04:23,292] {logging_mixin.py:109} INFO - Running <TaskInstance: scraping_daft_offaly.remove_file scheduled__2021-12-15T10:35:00+00:00 [running]> on host 10035bfec3db
[2021-12-16 11:04:23,812] {taskinstance.py:1429} INFO - Exporting the following env vars:
AIRFLOW_CTX_DAG_EMAIL=clement.liscoet@gmail.com
AIRFLOW_CTX_DAG_OWNER=clemoni
AIRFLOW_CTX_DAG_ID=scraping_daft_offaly
AIRFLOW_CTX_TASK_ID=remove_file
AIRFLOW_CTX_EXECUTION_DATE=2021-12-15T10:35:00+00:00
AIRFLOW_CTX_DAG_RUN_ID=scheduled__2021-12-15T10:35:00+00:00
[2021-12-16 11:04:23,869] {base.py:79} INFO - Using connection to: id: spark_default. Host: spark://spark:7077, Port: None, Schema: , Login: ***, Password: ***, extra: {}
[2021-12-16 11:04:23,873] {spark_submit.py:360} INFO - Spark-Submit cmd: spark-submit --master spark://spark:7077 --conf spark.master=spark://spark:7077 --name remove file --verbose /opt/***/jobs/remove_file.py offaly
[2021-12-16 11:04:36,119] {spark_submit.py:514} INFO - Using properties file: null
[2021-12-16 11:04:37,268] {spark_submit.py:514} INFO - WARNING: An illegal reflective access operation has occurred
[2021-12-16 11:04:37,270] {spark_submit.py:514} INFO - WARNING: Illegal reflective access by org.apache.spark.unsafe.Platform (file:/home/***/.local/lib/python3.6/site-packages/pyspark/jars/spark-unsafe_2.12-3.2.0.jar) to constructor java.nio.DirectByteBuffer(long,int)
[2021-12-16 11:04:37,271] {spark_submit.py:514} INFO - WARNING: Please consider reporting this to the maintainers of org.apache.spark.unsafe.Platform
[2021-12-16 11:04:37,272] {spark_submit.py:514} INFO - WARNING: Use --illegal-access=warn to enable warnings of further illegal reflective access operations
[2021-12-16 11:04:37,273] {spark_submit.py:514} INFO - WARNING: All illegal access operations will be denied in a future release
[2021-12-16 11:04:37,821] {spark_submit.py:514} INFO - Parsed arguments:
[2021-12-16 11:04:37,823] {spark_submit.py:514} INFO - master                  spark://spark:7077
[2021-12-16 11:04:37,827] {spark_submit.py:514} INFO - deployMode              null
[2021-12-16 11:04:37,832] {spark_submit.py:514} INFO - executorMemory          null
[2021-12-16 11:04:37,839] {spark_submit.py:514} INFO - executorCores           null
[2021-12-16 11:04:37,845] {spark_submit.py:514} INFO - totalExecutorCores      null
[2021-12-16 11:04:37,851] {spark_submit.py:514} INFO - propertiesFile          null
[2021-12-16 11:04:37,861] {spark_submit.py:514} INFO - driverMemory            null
[2021-12-16 11:04:37,872] {spark_submit.py:514} INFO - driverCores             null
[2021-12-16 11:04:37,880] {spark_submit.py:514} INFO - driverExtraClassPath    null
[2021-12-16 11:04:37,884] {spark_submit.py:514} INFO - driverExtraLibraryPath  null
[2021-12-16 11:04:37,886] {spark_submit.py:514} INFO - driverExtraJavaOptions  null
[2021-12-16 11:04:37,897] {spark_submit.py:514} INFO - supervise               false
[2021-12-16 11:04:37,903] {spark_submit.py:514} INFO - queue                   null
[2021-12-16 11:04:37,904] {spark_submit.py:514} INFO - numExecutors            null
[2021-12-16 11:04:37,908] {spark_submit.py:514} INFO - files                   null
[2021-12-16 11:04:37,913] {spark_submit.py:514} INFO - pyFiles                 null
[2021-12-16 11:04:37,915] {spark_submit.py:514} INFO - archives                null
[2021-12-16 11:04:37,919] {spark_submit.py:514} INFO - mainClass               null
[2021-12-16 11:04:37,922] {spark_submit.py:514} INFO - primaryResource         file:/opt/***/jobs/remove_file.py
[2021-12-16 11:04:37,923] {spark_submit.py:514} INFO - name                    remove file
[2021-12-16 11:04:37,925] {spark_submit.py:514} INFO - childArgs               [offaly]
[2021-12-16 11:04:37,928] {spark_submit.py:514} INFO - jars                    null
[2021-12-16 11:04:37,929] {spark_submit.py:514} INFO - packages                null
[2021-12-16 11:04:37,931] {spark_submit.py:514} INFO - packagesExclusions      null
[2021-12-16 11:04:37,932] {spark_submit.py:514} INFO - repositories            null
[2021-12-16 11:04:37,933] {spark_submit.py:514} INFO - verbose                 true
[2021-12-16 11:04:37,935] {spark_submit.py:514} INFO - 
[2021-12-16 11:04:37,937] {spark_submit.py:514} INFO - Spark properties used, including those specified through
[2021-12-16 11:04:37,939] {spark_submit.py:514} INFO - --conf and those from the properties file null:
[2021-12-16 11:04:37,940] {spark_submit.py:514} INFO - (spark.master,spark://spark:7077)
[2021-12-16 11:04:37,941] {spark_submit.py:514} INFO - 
[2021-12-16 11:04:37,942] {spark_submit.py:514} INFO - 
[2021-12-16 11:04:42,823] {spark_submit.py:514} INFO - Main class:
[2021-12-16 11:04:42,824] {spark_submit.py:514} INFO - org.apache.spark.deploy.PythonRunner
[2021-12-16 11:04:42,827] {spark_submit.py:514} INFO - Arguments:
[2021-12-16 11:04:42,838] {spark_submit.py:514} INFO - file:/opt/***/jobs/remove_file.py
[2021-12-16 11:04:42,844] {spark_submit.py:514} INFO - null
[2021-12-16 11:04:42,848] {spark_submit.py:514} INFO - offaly
[2021-12-16 11:04:42,849] {spark_submit.py:514} INFO - --verbose
[2021-12-16 11:04:42,850] {spark_submit.py:514} INFO - Spark config:
[2021-12-16 11:04:42,856] {spark_submit.py:514} INFO - (spark.app.name,remove file)
[2021-12-16 11:04:42,858] {spark_submit.py:514} INFO - (spark.master,spark://spark:7077)
[2021-12-16 11:04:42,863] {spark_submit.py:514} INFO - (spark.submit.pyFiles,)
[2021-12-16 11:04:42,866] {spark_submit.py:514} INFO - (spark.submit.deployMode,client)
[2021-12-16 11:04:42,868] {spark_submit.py:514} INFO - Classpath elements:
[2021-12-16 11:04:42,870] {spark_submit.py:514} INFO - 
[2021-12-16 11:04:42,879] {spark_submit.py:514} INFO - 
[2021-12-16 11:04:42,887] {spark_submit.py:514} INFO - 
[2021-12-16 11:04:53,626] {spark_submit.py:514} INFO - Using Spark's default log4j profile: org/apache/spark/log4j-defaults.properties
[2021-12-16 11:04:53,915] {spark_submit.py:514} INFO - 21/12/16 11:04:53 INFO SparkContext: Running Spark version 3.2.0
[2021-12-16 11:04:55,317] {spark_submit.py:514} INFO - 21/12/16 11:04:55 WARN NativeCodeLoader: Unable to load native-hadoop library for your platform... using builtin-java classes where applicable
[2021-12-16 11:04:56,531] {spark_submit.py:514} INFO - 21/12/16 11:04:56 INFO ResourceUtils: ==============================================================
[2021-12-16 11:04:56,538] {spark_submit.py:514} INFO - 21/12/16 11:04:56 INFO ResourceUtils: No custom resources configured for spark.driver.
[2021-12-16 11:04:56,541] {spark_submit.py:514} INFO - 21/12/16 11:04:56 INFO ResourceUtils: ==============================================================
[2021-12-16 11:04:56,544] {spark_submit.py:514} INFO - 21/12/16 11:04:56 INFO SparkContext: Submitted application: Remove file
[2021-12-16 11:04:56,726] {spark_submit.py:514} INFO - 21/12/16 11:04:56 INFO ResourceProfile: Default ResourceProfile created, executor resources: Map(cores -> name: cores, amount: 1, script: , vendor: , memory -> name: memory, amount: 1024, script: , vendor: , offHeap -> name: offHeap, amount: 0, script: , vendor: ), task resources: Map(cpus -> name: cpus, amount: 1.0)
[2021-12-16 11:04:56,887] {spark_submit.py:514} INFO - 21/12/16 11:04:56 INFO ResourceProfile: Limiting resource is cpu
[2021-12-16 11:04:56,889] {spark_submit.py:514} INFO - 21/12/16 11:04:56 INFO ResourceProfileManager: Added ResourceProfile id: 0
[2021-12-16 11:04:57,341] {spark_submit.py:514} INFO - 21/12/16 11:04:57 INFO SecurityManager: Changing view acls to: ***
[2021-12-16 11:04:57,351] {spark_submit.py:514} INFO - 21/12/16 11:04:57 INFO SecurityManager: Changing modify acls to: ***
[2021-12-16 11:04:57,355] {spark_submit.py:514} INFO - 21/12/16 11:04:57 INFO SecurityManager: Changing view acls groups to:
[2021-12-16 11:04:57,356] {spark_submit.py:514} INFO - 21/12/16 11:04:57 INFO SecurityManager: Changing modify acls groups to:
[2021-12-16 11:04:57,375] {spark_submit.py:514} INFO - 21/12/16 11:04:57 INFO SecurityManager: SecurityManager: authentication disabled; ui acls disabled; users  with view permissions: Set(***); groups with view permissions: Set(); users  with modify permissions: Set(***); groups with modify permissions: Set()
[2021-12-16 11:05:00,813] {spark_submit.py:514} INFO - 21/12/16 11:05:00 INFO Utils: Successfully started service 'sparkDriver' on port 36717.
[2021-12-16 11:05:01,123] {spark_submit.py:514} INFO - 21/12/16 11:05:01 INFO SparkEnv: Registering MapOutputTracker
[2021-12-16 11:05:01,343] {spark_submit.py:514} INFO - 21/12/16 11:05:01 INFO SparkEnv: Registering BlockManagerMaster
[2021-12-16 11:05:01,487] {spark_submit.py:514} INFO - 21/12/16 11:05:01 INFO BlockManagerMasterEndpoint: Using org.apache.spark.storage.DefaultTopologyMapper for getting topology information
[2021-12-16 11:05:01,507] {spark_submit.py:514} INFO - 21/12/16 11:05:01 INFO BlockManagerMasterEndpoint: BlockManagerMasterEndpoint up
[2021-12-16 11:05:01,539] {spark_submit.py:514} INFO - 21/12/16 11:05:01 INFO SparkEnv: Registering BlockManagerMasterHeartbeat
[2021-12-16 11:05:01,934] {spark_submit.py:514} INFO - 21/12/16 11:05:01 INFO DiskBlockManager: Created local directory at /tmp/blockmgr-a965e61d-cbe0-4cd8-aa5a-e1934d6b9b21
[2021-12-16 11:05:02,135] {spark_submit.py:514} INFO - 21/12/16 11:05:02 INFO MemoryStore: MemoryStore started with capacity 434.4 MiB
[2021-12-16 11:05:02,306] {spark_submit.py:514} INFO - 21/12/16 11:05:02 INFO SparkEnv: Registering OutputCommitCoordinator
[2021-12-16 11:05:05,987] {spark_submit.py:514} INFO - 21/12/16 11:05:05 INFO Utils: Successfully started service 'SparkUI' on port 4040.
[2021-12-16 11:05:06,647] {spark_submit.py:514} INFO - 21/12/16 11:05:06 INFO SparkUI: Bound SparkUI to 0.0.0.0, and started at http://10035bfec3db:4040
[2021-12-16 11:05:08,830] {spark_submit.py:514} INFO - 21/12/16 11:05:08 INFO StandaloneAppClient$ClientEndpoint: Connecting to master spark://spark:7077...
[2021-12-16 11:05:09,229] {spark_submit.py:514} INFO - 21/12/16 11:05:09 INFO TransportClientFactory: Successfully created connection to spark/172.21.0.4:7077 after 173 ms (0 ms spent in bootstraps)
[2021-12-16 11:05:10,099] {spark_submit.py:514} INFO - 21/12/16 11:05:10 INFO StandaloneSchedulerBackend: Connected to Spark cluster with app ID app-20211216110510-0064
[2021-12-16 11:05:10,169] {spark_submit.py:514} INFO - 21/12/16 11:05:10 INFO Utils: Successfully started service 'org.apache.spark.network.netty.NettyBlockTransferService' on port 38617.
[2021-12-16 11:05:10,188] {spark_submit.py:514} INFO - 21/12/16 11:05:10 INFO NettyBlockTransferService: Server created on 10035bfec3db:38617
[2021-12-16 11:05:10,190] {spark_submit.py:514} INFO - 21/12/16 11:05:10 INFO BlockManager: Using org.apache.spark.storage.RandomBlockReplicationPolicy for block replication policy
[2021-12-16 11:05:10,479] {spark_submit.py:514} INFO - 21/12/16 11:05:10 INFO BlockManagerMaster: Registering BlockManager BlockManagerId(driver, 10035bfec3db, 38617, None)
[2021-12-16 11:05:10,485] {spark_submit.py:514} INFO - 21/12/16 11:05:10 INFO BlockManagerMasterEndpoint: Registering block manager 10035bfec3db:38617 with 434.4 MiB RAM, BlockManagerId(driver, 10035bfec3db, 38617, None)
[2021-12-16 11:05:10,487] {spark_submit.py:514} INFO - 21/12/16 11:05:10 INFO BlockManagerMaster: Registered BlockManager BlockManagerId(driver, 10035bfec3db, 38617, None)
[2021-12-16 11:05:10,558] {spark_submit.py:514} INFO - 21/12/16 11:05:10 INFO BlockManager: Initialized BlockManager: BlockManagerId(driver, 10035bfec3db, 38617, None)
[2021-12-16 11:05:12,342] {spark_submit.py:514} INFO - 21/12/16 11:05:12 INFO StandaloneSchedulerBackend: SchedulerBackend is ready for scheduling beginning after reached minRegisteredResourcesRatio: 0.0
[2021-12-16 11:05:12,850] {spark_submit.py:514} INFO - /home/***/.local/lib/python3.6/site-packages/pyspark/python/lib/pyspark.zip/pyspark/context.py:238: FutureWarning: Python 3.6 support is deprecated in Spark 3.2.
[2021-12-16 11:05:12,851] {spark_submit.py:514} INFO - FutureWarning
[2021-12-16 11:05:14,750] {spark_submit.py:514} INFO - 21/12/16 11:05:14 INFO SharedState: Setting hive.metastore.warehouse.dir ('null') to the value of spark.sql.warehouse.dir.
[2021-12-16 11:05:15,290] {spark_submit.py:514} INFO - 21/12/16 11:05:15 INFO SharedState: Warehouse path is 'file:/opt/***/spark-warehouse'.
[2021-12-16 11:05:18,630] {spark_submit.py:514} INFO - 21/12/16 11:05:18 INFO StandaloneAppClient$ClientEndpoint: Executor added: app-20211216110510-0064/0 on worker-20211216085708-172.21.0.6-38805 (172.21.0.6:38805) with 6 core(s)
[2021-12-16 11:05:18,635] {spark_submit.py:514} INFO - 21/12/16 11:05:18 INFO StandaloneSchedulerBackend: Granted executor ID app-20211216110510-0064/0 on hostPort 172.21.0.6:38805 with 6 core(s), 1024.0 MiB RAM
[2021-12-16 11:05:18,636] {spark_submit.py:514} INFO - 21/12/16 11:05:18 INFO StandaloneAppClient$ClientEndpoint: Executor added: app-20211216110510-0064/1 on worker-20211216085708-172.21.0.5-39805 (172.21.0.5:39805) with 6 core(s)
[2021-12-16 11:05:18,638] {spark_submit.py:514} INFO - 21/12/16 11:05:18 INFO StandaloneSchedulerBackend: Granted executor ID app-20211216110510-0064/1 on hostPort 172.21.0.5:39805 with 6 core(s), 1024.0 MiB RAM
[2021-12-16 11:05:18,799] {spark_submit.py:514} INFO - 21/12/16 11:05:18 INFO StandaloneAppClient$ClientEndpoint: Executor updated: app-20211216110510-0064/0 is now RUNNING
[2021-12-16 11:05:18,842] {spark_submit.py:514} INFO - 21/12/16 11:05:18 INFO StandaloneAppClient$ClientEndpoint: Executor updated: app-20211216110510-0064/1 is now RUNNING
[2021-12-16 11:05:23,764] {spark_submit.py:514} INFO - file: offaly_rent.json deleted
[2021-12-16 11:05:24,038] {spark_submit.py:514} INFO - 21/12/16 11:05:24 INFO SparkContext: Invoking stop() from shutdown hook
[2021-12-16 11:05:24,163] {spark_submit.py:514} INFO - 21/12/16 11:05:24 INFO SparkUI: Stopped Spark web UI at http://10035bfec3db:4040
[2021-12-16 11:05:24,207] {spark_submit.py:514} INFO - 21/12/16 11:05:24 INFO StandaloneSchedulerBackend: Shutting down all executors
[2021-12-16 11:05:24,219] {spark_submit.py:514} INFO - 21/12/16 11:05:24 INFO CoarseGrainedSchedulerBackend$DriverEndpoint: Asking each executor to shut down
[2021-12-16 11:05:24,295] {spark_submit.py:514} INFO - 21/12/16 11:05:24 INFO MapOutputTrackerMasterEndpoint: MapOutputTrackerMasterEndpoint stopped!
[2021-12-16 11:05:24,473] {spark_submit.py:514} INFO - 21/12/16 11:05:24 INFO MemoryStore: MemoryStore cleared
[2021-12-16 11:05:24,475] {spark_submit.py:514} INFO - 21/12/16 11:05:24 INFO BlockManager: BlockManager stopped
[2021-12-16 11:05:24,510] {spark_submit.py:514} INFO - 21/12/16 11:05:24 INFO BlockManagerMaster: BlockManagerMaster stopped
[2021-12-16 11:05:24,517] {spark_submit.py:514} INFO - 21/12/16 11:05:24 INFO OutputCommitCoordinator$OutputCommitCoordinatorEndpoint: OutputCommitCoordinator stopped!
[2021-12-16 11:05:24,762] {spark_submit.py:514} INFO - 21/12/16 11:05:24 INFO SparkContext: Successfully stopped SparkContext
[2021-12-16 11:05:24,764] {spark_submit.py:514} INFO - 21/12/16 11:05:24 INFO ShutdownHookManager: Shutdown hook called
[2021-12-16 11:05:24,767] {spark_submit.py:514} INFO - 21/12/16 11:05:24 INFO ShutdownHookManager: Deleting directory /tmp/spark-3d716b9b-a56d-4ffa-b046-e17ce10e9f49
[2021-12-16 11:05:24,785] {spark_submit.py:514} INFO - 21/12/16 11:05:24 INFO ShutdownHookManager: Deleting directory /tmp/spark-5f60dd04-a003-4147-8830-2d4880ecd329
[2021-12-16 11:05:24,828] {spark_submit.py:514} INFO - 21/12/16 11:05:24 INFO ShutdownHookManager: Deleting directory /tmp/spark-5f60dd04-a003-4147-8830-2d4880ecd329/pyspark-5c7fbfe1-a6e3-463f-843e-ab9d9d000e67
[2021-12-16 11:05:25,157] {taskinstance.py:1280} INFO - Marking task as SUCCESS. dag_id=scraping_daft_offaly, task_id=remove_file, execution_date=20211215T103500, start_date=20211216T110422, end_date=20211216T110525
[2021-12-16 11:05:25,289] {local_task_job.py:154} INFO - Task exited with return code 0
[2021-12-16 11:05:25,489] {local_task_job.py:264} INFO - 0 downstream tasks scheduled from follow-on schedule check
