[2021-12-09 02:00:50,694] {taskinstance.py:1035} INFO - Dependencies all met for <TaskInstance: scraping_daft_kerry.waiting_for_file scheduled__2021-12-08T02:00:00+00:00 [queued]>
[2021-12-09 02:00:50,718] {taskinstance.py:1035} INFO - Dependencies all met for <TaskInstance: scraping_daft_kerry.waiting_for_file scheduled__2021-12-08T02:00:00+00:00 [queued]>
[2021-12-09 02:00:50,719] {taskinstance.py:1241} INFO - 
--------------------------------------------------------------------------------
[2021-12-09 02:00:50,721] {taskinstance.py:1242} INFO - Starting attempt 1 of 3
[2021-12-09 02:00:50,722] {taskinstance.py:1243} INFO - 
--------------------------------------------------------------------------------
[2021-12-09 02:00:50,744] {taskinstance.py:1262} INFO - Executing <Task(FileSensor): waiting_for_file> on 2021-12-08 02:00:00+00:00
[2021-12-09 02:00:50,754] {standard_task_runner.py:76} INFO - Running: ['***', 'tasks', 'run', 'scraping_daft_kerry', 'waiting_for_file', 'scheduled__2021-12-08T02:00:00+00:00', '--job-id', '782', '--raw', '--subdir', 'DAGS_FOLDER/scraping_daft_kerry.py', '--cfg-path', '/tmp/tmp4j2nc8az', '--error-file', '/tmp/tmphkl0uj4i']
[2021-12-09 02:00:50,756] {standard_task_runner.py:77} INFO - Job 782: Subtask waiting_for_file
[2021-12-09 02:00:50,750] {standard_task_runner.py:52} INFO - Started process 50027 to run task
[2021-12-09 02:00:50,884] {logging_mixin.py:109} INFO - Running <TaskInstance: scraping_daft_kerry.waiting_for_file scheduled__2021-12-08T02:00:00+00:00 [running]> on host 041e6f8654c3
[2021-12-09 02:00:51,051] {taskinstance.py:1429} INFO - Exporting the following env vars:
AIRFLOW_CTX_DAG_EMAIL=***@example.com
AIRFLOW_CTX_DAG_OWNER=clemoni
AIRFLOW_CTX_DAG_ID=scraping_daft_kerry
AIRFLOW_CTX_TASK_ID=waiting_for_file
AIRFLOW_CTX_EXECUTION_DATE=2021-12-08T02:00:00+00:00
AIRFLOW_CTX_DAG_RUN_ID=scheduled__2021-12-08T02:00:00+00:00
[2021-12-09 02:00:51,095] {filesystem.py:59} INFO - Poking for file data/kerry_rent.json
[2021-12-09 02:00:51,097] {filesystem.py:65} INFO - Found File data/kerry_rent.json last modified: 20211209020049
[2021-12-09 02:00:51,098] {base.py:249} INFO - Success criteria met. Exiting.
[2021-12-09 02:00:51,136] {taskinstance.py:1280} INFO - Marking task as SUCCESS. dag_id=scraping_daft_kerry, task_id=waiting_for_file, execution_date=20211208T020000, start_date=20211209T020050, end_date=20211209T020051
[2021-12-09 02:00:51,178] {local_task_job.py:154} INFO - Task exited with return code 0
[2021-12-09 02:00:51,285] {local_task_job.py:264} INFO - 1 downstream tasks scheduled from follow-on schedule check
