[2021-12-10 09:51:16,930] {taskinstance.py:1035} INFO - Dependencies all met for <TaskInstance: scraping_daft_monaghan.waiting_for_file manual__2021-12-10T09:50:55.814816+00:00 [queued]>
[2021-12-10 09:51:16,946] {taskinstance.py:1035} INFO - Dependencies all met for <TaskInstance: scraping_daft_monaghan.waiting_for_file manual__2021-12-10T09:50:55.814816+00:00 [queued]>
[2021-12-10 09:51:16,947] {taskinstance.py:1241} INFO - 
--------------------------------------------------------------------------------
[2021-12-10 09:51:16,947] {taskinstance.py:1242} INFO - Starting attempt 1 of 3
[2021-12-10 09:51:16,948] {taskinstance.py:1243} INFO - 
--------------------------------------------------------------------------------
[2021-12-10 09:51:16,965] {taskinstance.py:1262} INFO - Executing <Task(FileSensor): waiting_for_file> on 2021-12-10 09:50:55.814816+00:00
[2021-12-10 09:51:16,974] {standard_task_runner.py:76} INFO - Running: ['***', 'tasks', 'run', 'scraping_daft_monaghan', 'waiting_for_file', 'manual__2021-12-10T09:50:55.814816+00:00', '--job-id', '1141', '--raw', '--subdir', 'DAGS_FOLDER/scraping_daft_monaghan.py', '--cfg-path', '/tmp/tmpdsao4har', '--error-file', '/tmp/tmpn01autwt']
[2021-12-10 09:51:16,976] {standard_task_runner.py:77} INFO - Job 1141: Subtask waiting_for_file
[2021-12-10 09:51:16,971] {standard_task_runner.py:52} INFO - Started process 12379 to run task
[2021-12-10 09:51:17,069] {logging_mixin.py:109} INFO - Running <TaskInstance: scraping_daft_monaghan.waiting_for_file manual__2021-12-10T09:50:55.814816+00:00 [running]> on host b7c04404c5f3
[2021-12-10 09:51:17,203] {taskinstance.py:1429} INFO - Exporting the following env vars:
AIRFLOW_CTX_DAG_EMAIL=***@example.com
AIRFLOW_CTX_DAG_OWNER=clemoni
AIRFLOW_CTX_DAG_ID=scraping_daft_monaghan
AIRFLOW_CTX_TASK_ID=waiting_for_file
AIRFLOW_CTX_EXECUTION_DATE=2021-12-10T09:50:55.814816+00:00
AIRFLOW_CTX_DAG_RUN_ID=manual__2021-12-10T09:50:55.814816+00:00
[2021-12-10 09:51:17,252] {filesystem.py:59} INFO - Poking for file data/monaghan_rent.json
[2021-12-10 09:51:17,254] {filesystem.py:65} INFO - Found File data/monaghan_rent.json last modified: 20211210095115
[2021-12-10 09:51:17,255] {base.py:249} INFO - Success criteria met. Exiting.
[2021-12-10 09:51:17,296] {taskinstance.py:1280} INFO - Marking task as SUCCESS. dag_id=scraping_daft_monaghan, task_id=waiting_for_file, execution_date=20211210T095055, start_date=20211210T095116, end_date=20211210T095117
[2021-12-10 09:51:17,355] {local_task_job.py:154} INFO - Task exited with return code 0
[2021-12-10 09:51:17,457] {local_task_job.py:264} INFO - 1 downstream tasks scheduled from follow-on schedule check
