[2021-12-29 14:15:26,603] {taskinstance.py:1035} INFO - Dependencies all met for <TaskInstance: scraping_daft_cork.remove_file manual__2021-12-29T14:14:03.775344+00:00 [queued]>
[2021-12-29 14:15:26,618] {taskinstance.py:1035} INFO - Dependencies all met for <TaskInstance: scraping_daft_cork.remove_file manual__2021-12-29T14:14:03.775344+00:00 [queued]>
[2021-12-29 14:15:26,619] {taskinstance.py:1241} INFO - 
--------------------------------------------------------------------------------
[2021-12-29 14:15:26,619] {taskinstance.py:1242} INFO - Starting attempt 1 of 4
[2021-12-29 14:15:26,620] {taskinstance.py:1243} INFO - 
--------------------------------------------------------------------------------
[2021-12-29 14:15:26,633] {taskinstance.py:1262} INFO - Executing <Task(SparkSubmitOperator): remove_file> on 2021-12-29 14:14:03.775344+00:00
[2021-12-29 14:15:26,640] {standard_task_runner.py:76} INFO - Running: ['***', 'tasks', 'run', 'scraping_daft_cork', 'remove_file', 'manual__2021-12-29T14:14:03.775344+00:00', '--job-id', '5418', '--raw', '--subdir', 'DAGS_FOLDER/scraping_daft_cork.py', '--cfg-path', '/tmp/tmpxb7v7e5j', '--error-file', '/tmp/tmp_hwvpekg']
[2021-12-29 14:15:26,642] {standard_task_runner.py:77} INFO - Job 5418: Subtask remove_file
[2021-12-29 14:15:26,637] {standard_task_runner.py:52} INFO - Started process 1545 to run task
[2021-12-29 14:15:26,719] {logging_mixin.py:109} INFO - Running <TaskInstance: scraping_daft_cork.remove_file manual__2021-12-29T14:14:03.775344+00:00 [running]> on host bb41737934b2
[2021-12-29 14:15:26,833] {taskinstance.py:1429} INFO - Exporting the following env vars:
AIRFLOW_CTX_DAG_EMAIL=clement.liscoet@gmail.com
AIRFLOW_CTX_DAG_OWNER=clemoni
AIRFLOW_CTX_DAG_ID=scraping_daft_cork
AIRFLOW_CTX_TASK_ID=remove_file
AIRFLOW_CTX_EXECUTION_DATE=2021-12-29T14:14:03.775344+00:00
AIRFLOW_CTX_DAG_RUN_ID=manual__2021-12-29T14:14:03.775344+00:00
[2021-12-29 14:15:26,850] {base.py:79} INFO - Using connection to: id: spark_default. Host: spark://spark:7077, Port: None, Schema: , Login: ***, Password: ***, extra: {}
[2021-12-29 14:15:26,852] {spark_submit.py:360} INFO - Spark-Submit cmd: spark-submit --master spark://spark:7077 --conf spark.master=spark://spark:7077 --name remove file --verbose /opt/***/jobs/remove_file.py cork
[2021-12-29 14:15:28,101] {spark_submit.py:514} INFO - Using properties file: null
[2021-12-29 14:15:28,188] {spark_submit.py:514} INFO - WARNING: An illegal reflective access operation has occurred
[2021-12-29 14:15:28,189] {spark_submit.py:514} INFO - WARNING: Illegal reflective access by org.apache.spark.unsafe.Platform (file:/home/***/.local/lib/python3.6/site-packages/pyspark/jars/spark-unsafe_2.12-3.2.0.jar) to constructor java.nio.DirectByteBuffer(long,int)
[2021-12-29 14:15:28,190] {spark_submit.py:514} INFO - WARNING: Please consider reporting this to the maintainers of org.apache.spark.unsafe.Platform
[2021-12-29 14:15:28,191] {spark_submit.py:514} INFO - WARNING: Use --illegal-access=warn to enable warnings of further illegal reflective access operations
[2021-12-29 14:15:28,192] {spark_submit.py:514} INFO - WARNING: All illegal access operations will be denied in a future release
[2021-12-29 14:15:28,239] {spark_submit.py:514} INFO - Parsed arguments:
[2021-12-29 14:15:28,240] {spark_submit.py:514} INFO - master                  spark://spark:7077
[2021-12-29 14:15:28,241] {spark_submit.py:514} INFO - deployMode              null
[2021-12-29 14:15:28,242] {spark_submit.py:514} INFO - executorMemory          null
[2021-12-29 14:15:28,242] {spark_submit.py:514} INFO - executorCores           null
[2021-12-29 14:15:28,243] {spark_submit.py:514} INFO - totalExecutorCores      null
[2021-12-29 14:15:28,243] {spark_submit.py:514} INFO - propertiesFile          null
[2021-12-29 14:15:28,244] {spark_submit.py:514} INFO - driverMemory            null
[2021-12-29 14:15:28,244] {spark_submit.py:514} INFO - driverCores             null
[2021-12-29 14:15:28,245] {spark_submit.py:514} INFO - driverExtraClassPath    null
[2021-12-29 14:15:28,246] {spark_submit.py:514} INFO - driverExtraLibraryPath  null
[2021-12-29 14:15:28,247] {spark_submit.py:514} INFO - driverExtraJavaOptions  null
[2021-12-29 14:15:28,248] {spark_submit.py:514} INFO - supervise               false
[2021-12-29 14:15:28,249] {spark_submit.py:514} INFO - queue                   null
[2021-12-29 14:15:28,250] {spark_submit.py:514} INFO - numExecutors            null
[2021-12-29 14:15:28,251] {spark_submit.py:514} INFO - files                   null
[2021-12-29 14:15:28,251] {spark_submit.py:514} INFO - pyFiles                 null
[2021-12-29 14:15:28,252] {spark_submit.py:514} INFO - archives                null
[2021-12-29 14:15:28,252] {spark_submit.py:514} INFO - mainClass               null
[2021-12-29 14:15:28,253] {spark_submit.py:514} INFO - primaryResource         file:/opt/***/jobs/remove_file.py
[2021-12-29 14:15:28,253] {spark_submit.py:514} INFO - name                    remove file
[2021-12-29 14:15:28,254] {spark_submit.py:514} INFO - childArgs               [cork]
[2021-12-29 14:15:28,255] {spark_submit.py:514} INFO - jars                    null
[2021-12-29 14:15:28,255] {spark_submit.py:514} INFO - packages                null
[2021-12-29 14:15:28,256] {spark_submit.py:514} INFO - packagesExclusions      null
[2021-12-29 14:15:28,257] {spark_submit.py:514} INFO - repositories            null
[2021-12-29 14:15:28,257] {spark_submit.py:514} INFO - verbose                 true
[2021-12-29 14:15:28,258] {spark_submit.py:514} INFO - 
[2021-12-29 14:15:28,258] {spark_submit.py:514} INFO - Spark properties used, including those specified through
[2021-12-29 14:15:28,259] {spark_submit.py:514} INFO - --conf and those from the properties file null:
[2021-12-29 14:15:28,260] {spark_submit.py:514} INFO - (spark.master,spark://spark:7077)
[2021-12-29 14:15:28,260] {spark_submit.py:514} INFO - 
[2021-12-29 14:15:28,261] {spark_submit.py:514} INFO - 
[2021-12-29 14:15:28,470] {spark_submit.py:514} INFO - Main class:
[2021-12-29 14:15:28,471] {spark_submit.py:514} INFO - org.apache.spark.deploy.PythonRunner
[2021-12-29 14:15:28,472] {spark_submit.py:514} INFO - Arguments:
[2021-12-29 14:15:28,473] {spark_submit.py:514} INFO - file:/opt/***/jobs/remove_file.py
[2021-12-29 14:15:28,473] {spark_submit.py:514} INFO - null
[2021-12-29 14:15:28,474] {spark_submit.py:514} INFO - cork
[2021-12-29 14:15:28,475] {spark_submit.py:514} INFO - --verbose
[2021-12-29 14:15:28,475] {spark_submit.py:514} INFO - Spark config:
[2021-12-29 14:15:28,476] {spark_submit.py:514} INFO - (spark.app.name,remove file)
[2021-12-29 14:15:28,476] {spark_submit.py:514} INFO - (spark.master,spark://spark:7077)
[2021-12-29 14:15:28,477] {spark_submit.py:514} INFO - (spark.submit.pyFiles,)
[2021-12-29 14:15:28,477] {spark_submit.py:514} INFO - (spark.submit.deployMode,client)
[2021-12-29 14:15:28,478] {spark_submit.py:514} INFO - Classpath elements:
[2021-12-29 14:15:28,479] {spark_submit.py:514} INFO - 
[2021-12-29 14:15:28,479] {spark_submit.py:514} INFO - 
[2021-12-29 14:15:28,480] {spark_submit.py:514} INFO - 
[2021-12-29 14:15:29,491] {spark_submit.py:514} INFO - Using Spark's default log4j profile: org/apache/spark/log4j-defaults.properties
[2021-12-29 14:15:29,499] {spark_submit.py:514} INFO - 21/12/29 14:15:29 INFO SparkContext: Running Spark version 3.2.0
[2021-12-29 14:15:29,558] {spark_submit.py:514} INFO - 21/12/29 14:15:29 WARN NativeCodeLoader: Unable to load native-hadoop library for your platform... using builtin-java classes where applicable
[2021-12-29 14:15:29,683] {spark_submit.py:514} INFO - 21/12/29 14:15:29 INFO ResourceUtils: ==============================================================
[2021-12-29 14:15:29,684] {spark_submit.py:514} INFO - 21/12/29 14:15:29 INFO ResourceUtils: No custom resources configured for spark.driver.
[2021-12-29 14:15:29,684] {spark_submit.py:514} INFO - 21/12/29 14:15:29 INFO ResourceUtils: ==============================================================
[2021-12-29 14:15:29,685] {spark_submit.py:514} INFO - 21/12/29 14:15:29 INFO SparkContext: Submitted application: Remove file
[2021-12-29 14:15:29,703] {spark_submit.py:514} INFO - 21/12/29 14:15:29 INFO ResourceProfile: Default ResourceProfile created, executor resources: Map(cores -> name: cores, amount: 1, script: , vendor: , memory -> name: memory, amount: 1024, script: , vendor: , offHeap -> name: offHeap, amount: 0, script: , vendor: ), task resources: Map(cpus -> name: cpus, amount: 1.0)
[2021-12-29 14:15:29,715] {spark_submit.py:514} INFO - 21/12/29 14:15:29 INFO ResourceProfile: Limiting resource is cpu
[2021-12-29 14:15:29,716] {spark_submit.py:514} INFO - 21/12/29 14:15:29 INFO ResourceProfileManager: Added ResourceProfile id: 0
[2021-12-29 14:15:29,771] {spark_submit.py:514} INFO - 21/12/29 14:15:29 INFO SecurityManager: Changing view acls to: ***
[2021-12-29 14:15:29,774] {spark_submit.py:514} INFO - 21/12/29 14:15:29 INFO SecurityManager: Changing modify acls to: ***
[2021-12-29 14:15:29,775] {spark_submit.py:514} INFO - 21/12/29 14:15:29 INFO SecurityManager: Changing view acls groups to:
[2021-12-29 14:15:29,776] {spark_submit.py:514} INFO - 21/12/29 14:15:29 INFO SecurityManager: Changing modify acls groups to:
[2021-12-29 14:15:29,777] {spark_submit.py:514} INFO - 21/12/29 14:15:29 INFO SecurityManager: SecurityManager: authentication disabled; ui acls disabled; users  with view permissions: Set(***); groups with view permissions: Set(); users  with modify permissions: Set(***); groups with modify permissions: Set()
[2021-12-29 14:15:30,013] {spark_submit.py:514} INFO - 21/12/29 14:15:30 INFO Utils: Successfully started service 'sparkDriver' on port 42567.
[2021-12-29 14:15:30,039] {spark_submit.py:514} INFO - 21/12/29 14:15:30 INFO SparkEnv: Registering MapOutputTracker
[2021-12-29 14:15:30,069] {spark_submit.py:514} INFO - 21/12/29 14:15:30 INFO SparkEnv: Registering BlockManagerMaster
[2021-12-29 14:15:30,083] {spark_submit.py:514} INFO - 21/12/29 14:15:30 INFO BlockManagerMasterEndpoint: Using org.apache.spark.storage.DefaultTopologyMapper for getting topology information
[2021-12-29 14:15:30,084] {spark_submit.py:514} INFO - 21/12/29 14:15:30 INFO BlockManagerMasterEndpoint: BlockManagerMasterEndpoint up
[2021-12-29 14:15:30,089] {spark_submit.py:514} INFO - 21/12/29 14:15:30 INFO SparkEnv: Registering BlockManagerMasterHeartbeat
[2021-12-29 14:15:30,112] {spark_submit.py:514} INFO - 21/12/29 14:15:30 INFO DiskBlockManager: Created local directory at /tmp/blockmgr-838e4d42-28f9-4545-aa24-eca55b0b17bc
[2021-12-29 14:15:30,132] {spark_submit.py:514} INFO - 21/12/29 14:15:30 INFO MemoryStore: MemoryStore started with capacity 434.4 MiB
[2021-12-29 14:15:30,147] {spark_submit.py:514} INFO - 21/12/29 14:15:30 INFO SparkEnv: Registering OutputCommitCoordinator
[2021-12-29 14:15:30,340] {spark_submit.py:514} INFO - 21/12/29 14:15:30 INFO Utils: Successfully started service 'SparkUI' on port 4040.
[2021-12-29 14:15:30,400] {spark_submit.py:514} INFO - 21/12/29 14:15:30 INFO SparkUI: Bound SparkUI to 0.0.0.0, and started at http://bb41737934b2:4040
[2021-12-29 14:15:30,603] {spark_submit.py:514} INFO - 21/12/29 14:15:30 INFO StandaloneAppClient$ClientEndpoint: Connecting to master spark://spark:7077...
[2021-12-29 14:15:30,672] {spark_submit.py:514} INFO - 21/12/29 14:15:30 INFO TransportClientFactory: Successfully created connection to spark/172.18.0.4:7077 after 39 ms (0 ms spent in bootstraps)
[2021-12-29 14:15:30,762] {spark_submit.py:514} INFO - 21/12/29 14:15:30 INFO StandaloneSchedulerBackend: Connected to Spark cluster with app ID app-20211229141530-0008
[2021-12-29 14:15:30,765] {spark_submit.py:514} INFO - 21/12/29 14:15:30 INFO StandaloneAppClient$ClientEndpoint: Executor added: app-20211229141530-0008/0 on worker-20211229141102-172.18.0.6-42885 (172.18.0.6:42885) with 6 core(s)
[2021-12-29 14:15:30,770] {spark_submit.py:514} INFO - 21/12/29 14:15:30 INFO StandaloneSchedulerBackend: Granted executor ID app-20211229141530-0008/0 on hostPort 172.18.0.6:42885 with 6 core(s), 1024.0 MiB RAM
[2021-12-29 14:15:30,771] {spark_submit.py:514} INFO - 21/12/29 14:15:30 INFO StandaloneAppClient$ClientEndpoint: Executor added: app-20211229141530-0008/1 on worker-20211229141102-172.18.0.5-43961 (172.18.0.5:43961) with 6 core(s)
[2021-12-29 14:15:30,772] {spark_submit.py:514} INFO - 21/12/29 14:15:30 INFO Utils: Successfully started service 'org.apache.spark.network.netty.NettyBlockTransferService' on port 39495.
[2021-12-29 14:15:30,773] {spark_submit.py:514} INFO - 21/12/29 14:15:30 INFO NettyBlockTransferService: Server created on bb41737934b2:39495
[2021-12-29 14:15:30,774] {spark_submit.py:514} INFO - 21/12/29 14:15:30 INFO StandaloneSchedulerBackend: Granted executor ID app-20211229141530-0008/1 on hostPort 172.18.0.5:43961 with 6 core(s), 1024.0 MiB RAM
[2021-12-29 14:15:30,774] {spark_submit.py:514} INFO - 21/12/29 14:15:30 INFO BlockManager: Using org.apache.spark.storage.RandomBlockReplicationPolicy for block replication policy
[2021-12-29 14:15:30,779] {spark_submit.py:514} INFO - 21/12/29 14:15:30 INFO BlockManagerMaster: Registering BlockManager BlockManagerId(driver, bb41737934b2, 39495, None)
[2021-12-29 14:15:30,784] {spark_submit.py:514} INFO - 21/12/29 14:15:30 INFO BlockManagerMasterEndpoint: Registering block manager bb41737934b2:39495 with 434.4 MiB RAM, BlockManagerId(driver, bb41737934b2, 39495, None)
[2021-12-29 14:15:30,787] {spark_submit.py:514} INFO - 21/12/29 14:15:30 INFO BlockManagerMaster: Registered BlockManager BlockManagerId(driver, bb41737934b2, 39495, None)
[2021-12-29 14:15:30,788] {spark_submit.py:514} INFO - 21/12/29 14:15:30 INFO BlockManager: Initialized BlockManager: BlockManagerId(driver, bb41737934b2, 39495, None)
[2021-12-29 14:15:30,811] {spark_submit.py:514} INFO - 21/12/29 14:15:30 INFO StandaloneAppClient$ClientEndpoint: Executor updated: app-20211229141530-0008/1 is now RUNNING
[2021-12-29 14:15:30,816] {spark_submit.py:514} INFO - 21/12/29 14:15:30 INFO StandaloneAppClient$ClientEndpoint: Executor updated: app-20211229141530-0008/0 is now RUNNING
[2021-12-29 14:15:30,993] {spark_submit.py:514} INFO - 21/12/29 14:15:30 INFO StandaloneSchedulerBackend: SchedulerBackend is ready for scheduling beginning after reached minRegisteredResourcesRatio: 0.0
[2021-12-29 14:15:31,064] {spark_submit.py:514} INFO - /home/***/.local/lib/python3.6/site-packages/pyspark/python/lib/pyspark.zip/pyspark/context.py:238: FutureWarning: Python 3.6 support is deprecated in Spark 3.2.
[2021-12-29 14:15:31,065] {spark_submit.py:514} INFO - FutureWarning
[2021-12-29 14:15:31,295] {spark_submit.py:514} INFO - 21/12/29 14:15:31 INFO SharedState: Setting hive.metastore.warehouse.dir ('null') to the value of spark.sql.warehouse.dir.
[2021-12-29 14:15:31,318] {spark_submit.py:514} INFO - 21/12/29 14:15:31 INFO SharedState: Warehouse path is 'file:/opt/***/spark-warehouse'.
[2021-12-29 14:15:32,197] {spark_submit.py:514} INFO - file: cork_rent.json deleted
[2021-12-29 14:15:32,310] {spark_submit.py:514} INFO - 21/12/29 14:15:32 INFO SparkContext: Invoking stop() from shutdown hook
[2021-12-29 14:15:32,329] {spark_submit.py:514} INFO - 21/12/29 14:15:32 INFO SparkUI: Stopped Spark web UI at http://bb41737934b2:4040
[2021-12-29 14:15:32,338] {spark_submit.py:514} INFO - 21/12/29 14:15:32 INFO StandaloneSchedulerBackend: Shutting down all executors
[2021-12-29 14:15:32,340] {spark_submit.py:514} INFO - 21/12/29 14:15:32 INFO CoarseGrainedSchedulerBackend$DriverEndpoint: Asking each executor to shut down
[2021-12-29 14:15:32,378] {spark_submit.py:514} INFO - 21/12/29 14:15:32 INFO MapOutputTrackerMasterEndpoint: MapOutputTrackerMasterEndpoint stopped!
[2021-12-29 14:15:32,403] {spark_submit.py:514} INFO - 21/12/29 14:15:32 INFO MemoryStore: MemoryStore cleared
[2021-12-29 14:15:32,404] {spark_submit.py:514} INFO - 21/12/29 14:15:32 INFO BlockManager: BlockManager stopped
[2021-12-29 14:15:32,411] {spark_submit.py:514} INFO - 21/12/29 14:15:32 INFO BlockManagerMaster: BlockManagerMaster stopped
[2021-12-29 14:15:32,417] {spark_submit.py:514} INFO - 21/12/29 14:15:32 INFO OutputCommitCoordinator$OutputCommitCoordinatorEndpoint: OutputCommitCoordinator stopped!
[2021-12-29 14:15:32,437] {spark_submit.py:514} INFO - 21/12/29 14:15:32 INFO SparkContext: Successfully stopped SparkContext
[2021-12-29 14:15:32,440] {spark_submit.py:514} INFO - 21/12/29 14:15:32 INFO ShutdownHookManager: Shutdown hook called
[2021-12-29 14:15:32,441] {spark_submit.py:514} INFO - 21/12/29 14:15:32 INFO ShutdownHookManager: Deleting directory /tmp/spark-23af9faf-423d-46f2-bc06-31897f663068/pyspark-eb8ff375-2252-4ec1-961c-c3f83dcabfc6
[2021-12-29 14:15:32,443] {spark_submit.py:514} INFO - 21/12/29 14:15:32 INFO ShutdownHookManager: Deleting directory /tmp/spark-351b508c-8338-4d88-ae7b-e24af3df0c89
[2021-12-29 14:15:32,451] {spark_submit.py:514} INFO - 21/12/29 14:15:32 INFO ShutdownHookManager: Deleting directory /tmp/spark-23af9faf-423d-46f2-bc06-31897f663068
[2021-12-29 14:15:32,585] {taskinstance.py:1280} INFO - Marking task as SUCCESS. dag_id=scraping_daft_cork, task_id=remove_file, execution_date=20211229T141403, start_date=20211229T141526, end_date=20211229T141532
[2021-12-29 14:15:32,647] {local_task_job.py:154} INFO - Task exited with return code 0
[2021-12-29 14:15:32,723] {local_task_job.py:264} INFO - 0 downstream tasks scheduled from follow-on schedule check
