[2022-01-01 12:52:22,237] {taskinstance.py:1035} INFO - Dependencies all met for <TaskInstance: scraping_daft_kerry.scrap_data scheduled__2021-12-31T09:40:00+00:00 [queued]>
[2022-01-01 12:52:22,536] {taskinstance.py:1035} INFO - Dependencies all met for <TaskInstance: scraping_daft_kerry.scrap_data scheduled__2021-12-31T09:40:00+00:00 [queued]>
[2022-01-01 12:52:22,615] {taskinstance.py:1241} INFO - 
--------------------------------------------------------------------------------
[2022-01-01 12:52:22,627] {taskinstance.py:1242} INFO - Starting attempt 3 of 4
[2022-01-01 12:52:22,643] {taskinstance.py:1243} INFO - 
--------------------------------------------------------------------------------
[2022-01-01 12:52:23,097] {taskinstance.py:1262} INFO - Executing <Task(SparkSubmitOperator): scrap_data> on 2021-12-31 09:40:00+00:00
[2022-01-01 12:52:23,250] {standard_task_runner.py:76} INFO - Running: ['***', 'tasks', 'run', 'scraping_daft_kerry', 'scrap_data', 'scheduled__2021-12-31T09:40:00+00:00', '--job-id', '6030', '--raw', '--subdir', 'DAGS_FOLDER/scraping_daft_kerry.py', '--cfg-path', '/tmp/tmpt_uhjqk3', '--error-file', '/tmp/tmpy260yaf9']
[2022-01-01 12:52:23,322] {standard_task_runner.py:77} INFO - Job 6030: Subtask scrap_data
[2022-01-01 12:52:23,222] {standard_task_runner.py:52} INFO - Started process 11897 to run task
[2022-01-01 12:52:24,235] {logging_mixin.py:109} INFO - Running <TaskInstance: scraping_daft_kerry.scrap_data scheduled__2021-12-31T09:40:00+00:00 [running]> on host 33b99c52f92c
[2022-01-01 12:52:25,390] {taskinstance.py:1429} INFO - Exporting the following env vars:
AIRFLOW_CTX_DAG_EMAIL=clement.liscoet@gmail.com
AIRFLOW_CTX_DAG_OWNER=clemoni
AIRFLOW_CTX_DAG_ID=scraping_daft_kerry
AIRFLOW_CTX_TASK_ID=scrap_data
AIRFLOW_CTX_EXECUTION_DATE=2021-12-31T09:40:00+00:00
AIRFLOW_CTX_DAG_RUN_ID=scheduled__2021-12-31T09:40:00+00:00
[2022-01-01 12:52:25,487] {base.py:79} INFO - Using connection to: id: spark_default. Host: spark://spark:7077, Port: None, Schema: , Login: ***, Password: ***, extra: {}
[2022-01-01 12:52:25,492] {spark_submit.py:360} INFO - Spark-Submit cmd: spark-submit --master spark://spark:7077 --conf spark.master=spark://spark:7077 --name scrap data --verbose /opt/***/jobs/get_ads_per_county.py kerry
[2022-01-01 12:52:52,497] {spark_submit.py:514} INFO - Using properties file: null
[2022-01-01 12:52:54,774] {spark_submit.py:514} INFO - WARNING: An illegal reflective access operation has occurred
[2022-01-01 12:52:54,783] {spark_submit.py:514} INFO - WARNING: Illegal reflective access by org.apache.spark.unsafe.Platform (file:/home/***/.local/lib/python3.6/site-packages/pyspark/jars/spark-unsafe_2.12-3.2.0.jar) to constructor java.nio.DirectByteBuffer(long,int)
[2022-01-01 12:52:54,791] {spark_submit.py:514} INFO - WARNING: Please consider reporting this to the maintainers of org.apache.spark.unsafe.Platform
[2022-01-01 12:52:54,793] {spark_submit.py:514} INFO - WARNING: Use --illegal-access=warn to enable warnings of further illegal reflective access operations
[2022-01-01 12:52:54,797] {spark_submit.py:514} INFO - WARNING: All illegal access operations will be denied in a future release
[2022-01-01 12:52:56,130] {spark_submit.py:514} INFO - Parsed arguments:
[2022-01-01 12:52:56,132] {spark_submit.py:514} INFO - master                  spark://spark:7077
[2022-01-01 12:52:56,134] {spark_submit.py:514} INFO - deployMode              null
[2022-01-01 12:52:56,135] {spark_submit.py:514} INFO - executorMemory          null
[2022-01-01 12:52:56,137] {spark_submit.py:514} INFO - executorCores           null
[2022-01-01 12:52:56,141] {spark_submit.py:514} INFO - totalExecutorCores      null
[2022-01-01 12:52:56,142] {spark_submit.py:514} INFO - propertiesFile          null
[2022-01-01 12:52:56,144] {spark_submit.py:514} INFO - driverMemory            null
[2022-01-01 12:52:56,146] {spark_submit.py:514} INFO - driverCores             null
[2022-01-01 12:52:56,147] {spark_submit.py:514} INFO - driverExtraClassPath    null
[2022-01-01 12:52:56,149] {spark_submit.py:514} INFO - driverExtraLibraryPath  null
[2022-01-01 12:52:56,151] {spark_submit.py:514} INFO - driverExtraJavaOptions  null
[2022-01-01 12:52:56,152] {spark_submit.py:514} INFO - supervise               false
[2022-01-01 12:52:56,154] {spark_submit.py:514} INFO - queue                   null
[2022-01-01 12:52:56,157] {spark_submit.py:514} INFO - numExecutors            null
[2022-01-01 12:52:56,159] {spark_submit.py:514} INFO - files                   null
[2022-01-01 12:52:56,161] {spark_submit.py:514} INFO - pyFiles                 null
[2022-01-01 12:52:56,162] {spark_submit.py:514} INFO - archives                null
[2022-01-01 12:52:56,164] {spark_submit.py:514} INFO - mainClass               null
[2022-01-01 12:52:56,165] {spark_submit.py:514} INFO - primaryResource         file:/opt/***/jobs/get_ads_per_county.py
[2022-01-01 12:52:56,166] {spark_submit.py:514} INFO - name                    scrap data
[2022-01-01 12:52:56,168] {spark_submit.py:514} INFO - childArgs               [kerry]
[2022-01-01 12:52:56,169] {spark_submit.py:514} INFO - jars                    null
[2022-01-01 12:52:56,171] {spark_submit.py:514} INFO - packages                null
[2022-01-01 12:52:56,173] {spark_submit.py:514} INFO - packagesExclusions      null
[2022-01-01 12:52:56,174] {spark_submit.py:514} INFO - repositories            null
[2022-01-01 12:52:56,175] {spark_submit.py:514} INFO - verbose                 true
[2022-01-01 12:52:56,176] {spark_submit.py:514} INFO - 
[2022-01-01 12:52:56,177] {spark_submit.py:514} INFO - Spark properties used, including those specified through
[2022-01-01 12:52:56,179] {spark_submit.py:514} INFO - --conf and those from the properties file null:
[2022-01-01 12:52:56,180] {spark_submit.py:514} INFO - (spark.master,spark://spark:7077)
[2022-01-01 12:52:56,184] {spark_submit.py:514} INFO - 
[2022-01-01 12:52:56,185] {spark_submit.py:514} INFO - 
[2022-01-01 12:53:01,546] {spark_submit.py:514} INFO - Main class:
[2022-01-01 12:53:01,548] {spark_submit.py:514} INFO - org.apache.spark.deploy.PythonRunner
[2022-01-01 12:53:01,551] {spark_submit.py:514} INFO - Arguments:
[2022-01-01 12:53:01,553] {spark_submit.py:514} INFO - file:/opt/***/jobs/get_ads_per_county.py
[2022-01-01 12:53:01,563] {spark_submit.py:514} INFO - null
[2022-01-01 12:53:01,567] {spark_submit.py:514} INFO - kerry
[2022-01-01 12:53:01,568] {spark_submit.py:514} INFO - --verbose
[2022-01-01 12:53:01,613] {spark_submit.py:514} INFO - Spark config:
[2022-01-01 12:53:01,618] {spark_submit.py:514} INFO - (spark.app.name,scrap data)
[2022-01-01 12:53:01,619] {spark_submit.py:514} INFO - (spark.master,spark://spark:7077)
[2022-01-01 12:53:01,621] {spark_submit.py:514} INFO - (spark.submit.pyFiles,)
[2022-01-01 12:53:01,628] {spark_submit.py:514} INFO - (spark.submit.deployMode,client)
[2022-01-01 12:53:01,632] {spark_submit.py:514} INFO - Classpath elements:
[2022-01-01 12:53:01,636] {spark_submit.py:514} INFO - 
[2022-01-01 12:53:01,638] {spark_submit.py:514} INFO - 
[2022-01-01 12:53:01,640] {spark_submit.py:514} INFO - 
[2022-01-01 12:53:14,281] {spark_submit.py:514} INFO - Using Spark's default log4j profile: org/apache/spark/log4j-defaults.properties
[2022-01-01 12:53:14,333] {spark_submit.py:514} INFO - 22/01/01 12:53:14 INFO SparkContext: Running Spark version 3.2.0
[2022-01-01 12:53:15,176] {spark_submit.py:514} INFO - 22/01/01 12:53:15 WARN NativeCodeLoader: Unable to load native-hadoop library for your platform... using builtin-java classes where applicable
[2022-01-01 12:53:19,396] {spark_submit.py:514} INFO - 22/01/01 12:53:19 INFO ResourceUtils: ==============================================================
[2022-01-01 12:53:19,405] {spark_submit.py:514} INFO - 22/01/01 12:53:19 INFO ResourceUtils: No custom resources configured for spark.driver.
[2022-01-01 12:53:19,418] {spark_submit.py:514} INFO - 22/01/01 12:53:19 INFO ResourceUtils: ==============================================================
[2022-01-01 12:53:19,430] {spark_submit.py:514} INFO - 22/01/01 12:53:19 INFO SparkContext: Submitted application: Get Ads per county
[2022-01-01 12:53:20,063] {spark_submit.py:514} INFO - 22/01/01 12:53:20 INFO ResourceProfile: Default ResourceProfile created, executor resources: Map(cores -> name: cores, amount: 1, script: , vendor: , memory -> name: memory, amount: 1024, script: , vendor: , offHeap -> name: offHeap, amount: 0, script: , vendor: ), task resources: Map(cpus -> name: cpus, amount: 1.0)
[2022-01-01 12:53:20,500] {spark_submit.py:514} INFO - 22/01/01 12:53:20 INFO ResourceProfile: Limiting resource is cpu
[2022-01-01 12:53:20,505] {spark_submit.py:514} INFO - 22/01/01 12:53:20 INFO ResourceProfileManager: Added ResourceProfile id: 0
[2022-01-01 12:53:20,852] {spark_submit.py:514} INFO - 22/01/01 12:53:20 INFO SecurityManager: Changing view acls to: ***
[2022-01-01 12:53:20,854] {spark_submit.py:514} INFO - 22/01/01 12:53:20 INFO SecurityManager: Changing modify acls to: ***
[2022-01-01 12:53:20,865] {spark_submit.py:514} INFO - 22/01/01 12:53:20 INFO SecurityManager: Changing view acls groups to:
[2022-01-01 12:53:20,867] {spark_submit.py:514} INFO - 22/01/01 12:53:20 INFO SecurityManager: Changing modify acls groups to:
[2022-01-01 12:53:20,868] {spark_submit.py:514} INFO - 22/01/01 12:53:20 INFO SecurityManager: SecurityManager: authentication disabled; ui acls disabled; users  with view permissions: Set(***); groups with view permissions: Set(); users  with modify permissions: Set(***); groups with modify permissions: Set()
[2022-01-01 12:53:30,675] {spark_submit.py:514} INFO - 22/01/01 12:53:30 INFO Utils: Successfully started service 'sparkDriver' on port 33323.
[2022-01-01 12:53:31,330] {spark_submit.py:514} INFO - 22/01/01 12:53:31 INFO SparkEnv: Registering MapOutputTracker
[2022-01-01 12:53:31,966] {spark_submit.py:514} INFO - 22/01/01 12:53:31 INFO SparkEnv: Registering BlockManagerMaster
[2022-01-01 12:53:32,138] {spark_submit.py:514} INFO - 22/01/01 12:53:32 INFO BlockManagerMasterEndpoint: Using org.apache.spark.storage.DefaultTopologyMapper for getting topology information
[2022-01-01 12:53:32,139] {spark_submit.py:514} INFO - 22/01/01 12:53:32 INFO BlockManagerMasterEndpoint: BlockManagerMasterEndpoint up
[2022-01-01 12:53:32,219] {spark_submit.py:514} INFO - 22/01/01 12:53:32 INFO SparkEnv: Registering BlockManagerMasterHeartbeat
[2022-01-01 12:53:32,351] {spark_submit.py:514} INFO - 22/01/01 12:53:32 INFO DiskBlockManager: Created local directory at /tmp/blockmgr-43eeff9f-851d-49ab-96ee-9a8372e6904b
[2022-01-01 12:53:32,425] {spark_submit.py:514} INFO - 22/01/01 12:53:32 INFO MemoryStore: MemoryStore started with capacity 434.4 MiB
[2022-01-01 12:53:32,497] {spark_submit.py:514} INFO - 22/01/01 12:53:32 INFO SparkEnv: Registering OutputCommitCoordinator
[2022-01-01 12:53:37,057] {spark_submit.py:514} INFO - 22/01/01 12:53:37 INFO Utils: Successfully started service 'SparkUI' on port 4040.
[2022-01-01 12:53:38,158] {spark_submit.py:514} INFO - 22/01/01 12:53:38 INFO SparkUI: Bound SparkUI to 0.0.0.0, and started at http://33b99c52f92c:4040
[2022-01-01 12:53:41,981] {spark_submit.py:514} INFO - 22/01/01 12:53:41 INFO StandaloneAppClient$ClientEndpoint: Connecting to master spark://spark:7077...
[2022-01-01 12:53:42,641] {spark_submit.py:514} INFO - 22/01/01 12:53:42 INFO TransportClientFactory: Successfully created connection to spark/172.21.0.4:7077 after 238 ms (0 ms spent in bootstraps)
[2022-01-01 12:53:43,706] {spark_submit.py:514} INFO - 22/01/01 12:53:43 INFO StandaloneSchedulerBackend: Connected to Spark cluster with app ID app-20220101125343-0080
[2022-01-01 12:53:43,791] {spark_submit.py:514} INFO - 22/01/01 12:53:43 INFO Utils: Successfully started service 'org.apache.spark.network.netty.NettyBlockTransferService' on port 46513.
[2022-01-01 12:53:43,796] {spark_submit.py:514} INFO - 22/01/01 12:53:43 INFO NettyBlockTransferService: Server created on 33b99c52f92c:46513
[2022-01-01 12:53:43,801] {spark_submit.py:514} INFO - 22/01/01 12:53:43 INFO BlockManager: Using org.apache.spark.storage.RandomBlockReplicationPolicy for block replication policy
[2022-01-01 12:53:44,135] {spark_submit.py:514} INFO - 22/01/01 12:53:44 INFO BlockManagerMaster: Registering BlockManager BlockManagerId(driver, 33b99c52f92c, 46513, None)
[2022-01-01 12:53:44,179] {spark_submit.py:514} INFO - 22/01/01 12:53:44 INFO BlockManagerMasterEndpoint: Registering block manager 33b99c52f92c:46513 with 434.4 MiB RAM, BlockManagerId(driver, 33b99c52f92c, 46513, None)
[2022-01-01 12:53:44,246] {spark_submit.py:514} INFO - 22/01/01 12:53:44 INFO BlockManagerMaster: Registered BlockManager BlockManagerId(driver, 33b99c52f92c, 46513, None)
[2022-01-01 12:53:44,278] {spark_submit.py:514} INFO - 22/01/01 12:53:44 INFO BlockManager: Initialized BlockManager: BlockManagerId(driver, 33b99c52f92c, 46513, None)
[2022-01-01 12:53:47,672] {spark_submit.py:514} INFO - 22/01/01 12:53:47 INFO StandaloneSchedulerBackend: SchedulerBackend is ready for scheduling beginning after reached minRegisteredResourcesRatio: 0.0
[2022-01-01 12:53:48,189] {spark_submit.py:514} INFO - /home/***/.local/lib/python3.6/site-packages/pyspark/python/lib/pyspark.zip/pyspark/context.py:238: FutureWarning: Python 3.6 support is deprecated in Spark 3.2.
[2022-01-01 12:53:48,191] {spark_submit.py:514} INFO - FutureWarning
[2022-01-01 12:53:51,165] {spark_submit.py:514} INFO - 22/01/01 12:53:51 INFO SharedState: Setting hive.metastore.warehouse.dir ('null') to the value of spark.sql.warehouse.dir.
[2022-01-01 12:53:51,622] {spark_submit.py:514} INFO - 22/01/01 12:53:51 INFO SharedState: Warehouse path is 'file:/opt/***/spark-warehouse'.
[2022-01-01 12:54:06,230] {spark_submit.py:514} INFO - running...
[2022-01-01 12:54:07,675] {spark_submit.py:514} INFO - running...
[2022-01-01 12:54:09,279] {spark_submit.py:514} INFO - running...
[2022-01-01 12:54:10,409] {spark_submit.py:514} INFO - running...
[2022-01-01 12:54:12,169] {spark_submit.py:514} INFO - running...
[2022-01-01 12:54:13,177] {spark_submit.py:514} INFO - running...
[2022-01-01 12:54:14,730] {spark_submit.py:514} INFO - running...
[2022-01-01 12:54:16,307] {spark_submit.py:514} INFO - running...
[2022-01-01 12:54:17,627] {spark_submit.py:514} INFO - running...
[2022-01-01 12:54:18,536] {spark_submit.py:514} INFO - running...
[2022-01-01 12:54:21,310] {spark_submit.py:514} INFO - running...
[2022-01-01 12:54:22,059] {spark_submit.py:514} INFO - running...
[2022-01-01 12:54:23,365] {spark_submit.py:514} INFO - running...
[2022-01-01 12:54:26,010] {spark_submit.py:514} INFO - running...
[2022-01-01 12:54:27,082] {spark_submit.py:514} INFO - running...
[2022-01-01 12:54:28,538] {spark_submit.py:514} INFO - running...
[2022-01-01 12:54:29,505] {spark_submit.py:514} INFO - running...
[2022-01-01 12:54:31,046] {spark_submit.py:514} INFO - running...
[2022-01-01 12:54:32,138] {spark_submit.py:514} INFO - running...
[2022-01-01 12:54:32,931] {spark_submit.py:514} INFO - running...
[2022-01-01 12:54:35,766] {spark_submit.py:514} INFO - running...
[2022-01-01 12:54:36,504] {spark_submit.py:514} INFO - running...
[2022-01-01 12:54:37,296] {spark_submit.py:514} INFO - running...
[2022-01-01 12:54:38,123] {spark_submit.py:514} INFO - running...
[2022-01-01 12:54:41,325] {spark_submit.py:514} INFO - running...
[2022-01-01 12:54:42,209] {spark_submit.py:514} INFO - running...
[2022-01-01 12:54:43,018] {spark_submit.py:514} INFO - running...
[2022-01-01 12:54:43,813] {spark_submit.py:514} INFO - running...
[2022-01-01 12:54:46,537] {spark_submit.py:514} INFO - running...
[2022-01-01 12:54:49,062] {spark_submit.py:514} INFO - running...
[2022-01-01 12:54:51,721] {spark_submit.py:514} INFO - running...
[2022-01-01 12:54:52,773] {spark_submit.py:514} INFO - running...
[2022-01-01 12:54:53,852] {spark_submit.py:514} INFO - running...
[2022-01-01 12:54:54,781] {spark_submit.py:514} INFO - running...
[2022-01-01 12:54:59,058] {spark_submit.py:514} INFO - 22/01/01 12:54:59 INFO SparkContext: Invoking stop() from shutdown hook
[2022-01-01 12:54:59,252] {spark_submit.py:514} INFO - 22/01/01 12:54:59 INFO SparkUI: Stopped Spark web UI at http://33b99c52f92c:4040
[2022-01-01 12:54:59,303] {spark_submit.py:514} INFO - 22/01/01 12:54:59 INFO StandaloneSchedulerBackend: Shutting down all executors
[2022-01-01 12:54:59,316] {spark_submit.py:514} INFO - 22/01/01 12:54:59 INFO CoarseGrainedSchedulerBackend$DriverEndpoint: Asking each executor to shut down
[2022-01-01 12:54:59,422] {spark_submit.py:514} INFO - 22/01/01 12:54:59 INFO MapOutputTrackerMasterEndpoint: MapOutputTrackerMasterEndpoint stopped!
[2022-01-01 12:54:59,700] {spark_submit.py:514} INFO - 22/01/01 12:54:59 INFO MemoryStore: MemoryStore cleared
[2022-01-01 12:54:59,704] {spark_submit.py:514} INFO - 22/01/01 12:54:59 INFO BlockManager: BlockManager stopped
[2022-01-01 12:54:59,793] {spark_submit.py:514} INFO - 22/01/01 12:54:59 INFO BlockManagerMaster: BlockManagerMaster stopped
[2022-01-01 12:54:59,808] {spark_submit.py:514} INFO - 22/01/01 12:54:59 INFO OutputCommitCoordinator$OutputCommitCoordinatorEndpoint: OutputCommitCoordinator stopped!
[2022-01-01 12:54:59,997] {spark_submit.py:514} INFO - 22/01/01 12:54:59 INFO SparkContext: Successfully stopped SparkContext
[2022-01-01 12:55:00,004] {spark_submit.py:514} INFO - 22/01/01 12:55:00 INFO ShutdownHookManager: Shutdown hook called
[2022-01-01 12:55:00,007] {spark_submit.py:514} INFO - 22/01/01 12:55:00 INFO ShutdownHookManager: Deleting directory /tmp/spark-2f3f468f-4a78-49ce-9695-fb11c975f362
[2022-01-01 12:55:00,028] {spark_submit.py:514} INFO - 22/01/01 12:55:00 INFO ShutdownHookManager: Deleting directory /tmp/spark-f66f6775-bff9-4587-a148-db99d1aaca43/pyspark-417e88a2-da14-4ac4-b741-56259fbfbccd
[2022-01-01 12:55:00,053] {spark_submit.py:514} INFO - 22/01/01 12:55:00 INFO ShutdownHookManager: Deleting directory /tmp/spark-f66f6775-bff9-4587-a148-db99d1aaca43
[2022-01-01 12:55:01,256] {taskinstance.py:1280} INFO - Marking task as SUCCESS. dag_id=scraping_daft_kerry, task_id=scrap_data, execution_date=20211231T094000, start_date=20220101T125222, end_date=20220101T125501
[2022-01-01 12:55:01,441] {local_task_job.py:154} INFO - Task exited with return code 0
[2022-01-01 12:55:02,174] {local_task_job.py:264} INFO - 0 downstream tasks scheduled from follow-on schedule check
