[2022-01-01 12:52:30,494] {taskinstance.py:1035} INFO - Dependencies all met for <TaskInstance: scraping_daft_wexford.waiting_for_file scheduled__2021-12-31T11:05:00+00:00 [queued]>
[2022-01-01 12:52:30,602] {taskinstance.py:1035} INFO - Dependencies all met for <TaskInstance: scraping_daft_wexford.waiting_for_file scheduled__2021-12-31T11:05:00+00:00 [queued]>
[2022-01-01 12:52:30,615] {taskinstance.py:1241} INFO - 
--------------------------------------------------------------------------------
[2022-01-01 12:52:30,630] {taskinstance.py:1242} INFO - Starting attempt 1 of 4
[2022-01-01 12:52:30,637] {taskinstance.py:1243} INFO - 
--------------------------------------------------------------------------------
[2022-01-01 12:52:30,795] {taskinstance.py:1262} INFO - Executing <Task(FileSensor): waiting_for_file> on 2021-12-31 11:05:00+00:00
[2022-01-01 12:52:30,859] {standard_task_runner.py:52} INFO - Started process 12073 to run task
[2022-01-01 12:52:31,007] {standard_task_runner.py:76} INFO - Running: ['***', 'tasks', 'run', 'scraping_daft_wexford', 'waiting_for_file', 'scheduled__2021-12-31T11:05:00+00:00', '--job-id', '6032', '--raw', '--subdir', 'DAGS_FOLDER/scraping_daft_wexford.py', '--cfg-path', '/tmp/tmpfqnonprk', '--error-file', '/tmp/tmpac9yvmuz']
[2022-01-01 12:52:31,028] {standard_task_runner.py:77} INFO - Job 6032: Subtask waiting_for_file
[2022-01-01 12:52:31,760] {logging_mixin.py:109} INFO - Running <TaskInstance: scraping_daft_wexford.waiting_for_file scheduled__2021-12-31T11:05:00+00:00 [running]> on host 33b99c52f92c
[2022-01-01 12:52:32,614] {taskinstance.py:1429} INFO - Exporting the following env vars:
AIRFLOW_CTX_DAG_EMAIL=clement.liscoet@gmail.com
AIRFLOW_CTX_DAG_OWNER=clemoni
AIRFLOW_CTX_DAG_ID=scraping_daft_wexford
AIRFLOW_CTX_TASK_ID=waiting_for_file
AIRFLOW_CTX_EXECUTION_DATE=2021-12-31T11:05:00+00:00
AIRFLOW_CTX_DAG_RUN_ID=scheduled__2021-12-31T11:05:00+00:00
[2022-01-01 12:52:32,775] {filesystem.py:59} INFO - Poking for file data/wexford_rent.json
[2022-01-01 12:52:32,787] {filesystem.py:65} INFO - Found File data/wexford_rent.json last modified: 20220101125159
[2022-01-01 12:52:32,789] {base.py:249} INFO - Success criteria met. Exiting.
[2022-01-01 12:52:32,880] {taskinstance.py:1280} INFO - Marking task as SUCCESS. dag_id=scraping_daft_wexford, task_id=waiting_for_file, execution_date=20211231T110500, start_date=20220101T125230, end_date=20220101T125232
[2022-01-01 12:52:32,999] {local_task_job.py:154} INFO - Task exited with return code 0
[2022-01-01 12:52:33,505] {local_task_job.py:264} INFO - 1 downstream tasks scheduled from follow-on schedule check
