[2021-12-28 13:33:20,635] {taskinstance.py:1035} INFO - Dependencies all met for <TaskInstance: scraping_daft_sligo.scrap_data scheduled__2021-12-27T10:45:00+00:00 [queued]>
[2021-12-28 13:33:20,673] {taskinstance.py:1035} INFO - Dependencies all met for <TaskInstance: scraping_daft_sligo.scrap_data scheduled__2021-12-27T10:45:00+00:00 [queued]>
[2021-12-28 13:33:20,683] {taskinstance.py:1241} INFO - 
--------------------------------------------------------------------------------
[2021-12-28 13:33:20,688] {taskinstance.py:1242} INFO - Starting attempt 2 of 4
[2021-12-28 13:33:20,694] {taskinstance.py:1243} INFO - 
--------------------------------------------------------------------------------
[2021-12-28 13:33:20,752] {taskinstance.py:1262} INFO - Executing <Task(SparkSubmitOperator): scrap_data> on 2021-12-27 10:45:00+00:00
[2021-12-28 13:33:20,759] {standard_task_runner.py:52} INFO - Started process 48722 to run task
[2021-12-28 13:33:20,786] {standard_task_runner.py:76} INFO - Running: ['***', 'tasks', 'run', 'scraping_daft_sligo', 'scrap_data', 'scheduled__2021-12-27T10:45:00+00:00', '--job-id', '5071', '--raw', '--subdir', 'DAGS_FOLDER/scraping_daft_sligo.py', '--cfg-path', '/tmp/tmp9m70u2v2', '--error-file', '/tmp/tmpn_bfv8x7']
[2021-12-28 13:33:20,791] {standard_task_runner.py:77} INFO - Job 5071: Subtask scrap_data
[2021-12-28 13:33:21,153] {logging_mixin.py:109} INFO - Running <TaskInstance: scraping_daft_sligo.scrap_data scheduled__2021-12-27T10:45:00+00:00 [running]> on host 0c125a5bba95
[2021-12-28 13:33:21,607] {taskinstance.py:1429} INFO - Exporting the following env vars:
AIRFLOW_CTX_DAG_EMAIL=clement.liscoet@gmail.com
AIRFLOW_CTX_DAG_OWNER=clemoni
AIRFLOW_CTX_DAG_ID=scraping_daft_sligo
AIRFLOW_CTX_TASK_ID=scrap_data
AIRFLOW_CTX_EXECUTION_DATE=2021-12-27T10:45:00+00:00
AIRFLOW_CTX_DAG_RUN_ID=scheduled__2021-12-27T10:45:00+00:00
[2021-12-28 13:33:21,658] {base.py:79} INFO - Using connection to: id: spark_default. Host: spark://spark:7077, Port: None, Schema: , Login: ***, Password: ***, extra: {}
[2021-12-28 13:33:21,661] {spark_submit.py:360} INFO - Spark-Submit cmd: spark-submit --master spark://spark:7077 --conf spark.master=spark://spark:7077 --name scrap data --verbose /opt/***/jobs/get_ads_per_county.py sligo
[2021-12-28 13:33:31,277] {spark_submit.py:514} INFO - Using properties file: null
[2021-12-28 13:33:33,111] {spark_submit.py:514} INFO - WARNING: An illegal reflective access operation has occurred
[2021-12-28 13:33:33,125] {spark_submit.py:514} INFO - WARNING: Illegal reflective access by org.apache.spark.unsafe.Platform (file:/home/***/.local/lib/python3.6/site-packages/pyspark/jars/spark-unsafe_2.12-3.2.0.jar) to constructor java.nio.DirectByteBuffer(long,int)
[2021-12-28 13:33:33,145] {spark_submit.py:514} INFO - WARNING: Please consider reporting this to the maintainers of org.apache.spark.unsafe.Platform
[2021-12-28 13:33:33,151] {spark_submit.py:514} INFO - WARNING: Use --illegal-access=warn to enable warnings of further illegal reflective access operations
[2021-12-28 13:33:33,152] {spark_submit.py:514} INFO - WARNING: All illegal access operations will be denied in a future release
[2021-12-28 13:33:33,598] {spark_submit.py:514} INFO - Parsed arguments:
[2021-12-28 13:33:33,599] {spark_submit.py:514} INFO - master                  spark://spark:7077
[2021-12-28 13:33:33,600] {spark_submit.py:514} INFO - deployMode              null
[2021-12-28 13:33:33,601] {spark_submit.py:514} INFO - executorMemory          null
[2021-12-28 13:33:33,602] {spark_submit.py:514} INFO - executorCores           null
[2021-12-28 13:33:33,603] {spark_submit.py:514} INFO - totalExecutorCores      null
[2021-12-28 13:33:33,604] {spark_submit.py:514} INFO - propertiesFile          null
[2021-12-28 13:33:33,605] {spark_submit.py:514} INFO - driverMemory            null
[2021-12-28 13:33:33,606] {spark_submit.py:514} INFO - driverCores             null
[2021-12-28 13:33:33,607] {spark_submit.py:514} INFO - driverExtraClassPath    null
[2021-12-28 13:33:33,608] {spark_submit.py:514} INFO - driverExtraLibraryPath  null
[2021-12-28 13:33:33,610] {spark_submit.py:514} INFO - driverExtraJavaOptions  null
[2021-12-28 13:33:33,611] {spark_submit.py:514} INFO - supervise               false
[2021-12-28 13:33:33,612] {spark_submit.py:514} INFO - queue                   null
[2021-12-28 13:33:33,613] {spark_submit.py:514} INFO - numExecutors            null
[2021-12-28 13:33:33,614] {spark_submit.py:514} INFO - files                   null
[2021-12-28 13:33:33,615] {spark_submit.py:514} INFO - pyFiles                 null
[2021-12-28 13:33:33,617] {spark_submit.py:514} INFO - archives                null
[2021-12-28 13:33:33,617] {spark_submit.py:514} INFO - mainClass               null
[2021-12-28 13:33:33,619] {spark_submit.py:514} INFO - primaryResource         file:/opt/***/jobs/get_ads_per_county.py
[2021-12-28 13:33:33,620] {spark_submit.py:514} INFO - name                    scrap data
[2021-12-28 13:33:33,621] {spark_submit.py:514} INFO - childArgs               [sligo]
[2021-12-28 13:33:33,622] {spark_submit.py:514} INFO - jars                    null
[2021-12-28 13:33:33,623] {spark_submit.py:514} INFO - packages                null
[2021-12-28 13:33:33,624] {spark_submit.py:514} INFO - packagesExclusions      null
[2021-12-28 13:33:33,625] {spark_submit.py:514} INFO - repositories            null
[2021-12-28 13:33:33,626] {spark_submit.py:514} INFO - verbose                 true
[2021-12-28 13:33:33,627] {spark_submit.py:514} INFO - 
[2021-12-28 13:33:33,628] {spark_submit.py:514} INFO - Spark properties used, including those specified through
[2021-12-28 13:33:33,629] {spark_submit.py:514} INFO - --conf and those from the properties file null:
[2021-12-28 13:33:33,630] {spark_submit.py:514} INFO - (spark.master,spark://spark:7077)
[2021-12-28 13:33:33,631] {spark_submit.py:514} INFO - 
[2021-12-28 13:33:33,632] {spark_submit.py:514} INFO - 
[2021-12-28 13:33:35,592] {spark_submit.py:514} INFO - Main class:
[2021-12-28 13:33:35,594] {spark_submit.py:514} INFO - org.apache.spark.deploy.PythonRunner
[2021-12-28 13:33:35,601] {spark_submit.py:514} INFO - Arguments:
[2021-12-28 13:33:35,610] {spark_submit.py:514} INFO - file:/opt/***/jobs/get_ads_per_county.py
[2021-12-28 13:33:35,613] {spark_submit.py:514} INFO - null
[2021-12-28 13:33:35,615] {spark_submit.py:514} INFO - sligo
[2021-12-28 13:33:35,617] {spark_submit.py:514} INFO - --verbose
[2021-12-28 13:33:35,647] {spark_submit.py:514} INFO - Spark config:
[2021-12-28 13:33:35,649] {spark_submit.py:514} INFO - (spark.app.name,scrap data)
[2021-12-28 13:33:35,650] {spark_submit.py:514} INFO - (spark.master,spark://spark:7077)
[2021-12-28 13:33:35,651] {spark_submit.py:514} INFO - (spark.submit.pyFiles,)
[2021-12-28 13:33:35,653] {spark_submit.py:514} INFO - (spark.submit.deployMode,client)
[2021-12-28 13:33:35,656] {spark_submit.py:514} INFO - Classpath elements:
[2021-12-28 13:33:35,658] {spark_submit.py:514} INFO - 
[2021-12-28 13:33:35,669] {spark_submit.py:514} INFO - 
[2021-12-28 13:33:35,678] {spark_submit.py:514} INFO - 
[2021-12-28 13:33:46,158] {spark_submit.py:514} INFO - Using Spark's default log4j profile: org/apache/spark/log4j-defaults.properties
[2021-12-28 13:33:46,226] {spark_submit.py:514} INFO - 21/12/28 13:33:46 INFO SparkContext: Running Spark version 3.2.0
[2021-12-28 13:33:47,168] {spark_submit.py:514} INFO - 21/12/28 13:33:47 WARN NativeCodeLoader: Unable to load native-hadoop library for your platform... using builtin-java classes where applicable
[2021-12-28 13:33:48,671] {spark_submit.py:514} INFO - 21/12/28 13:33:48 INFO ResourceUtils: ==============================================================
[2021-12-28 13:33:48,672] {spark_submit.py:514} INFO - 21/12/28 13:33:48 INFO ResourceUtils: No custom resources configured for spark.driver.
[2021-12-28 13:33:48,674] {spark_submit.py:514} INFO - 21/12/28 13:33:48 INFO ResourceUtils: ==============================================================
[2021-12-28 13:33:48,675] {spark_submit.py:514} INFO - 21/12/28 13:33:48 INFO SparkContext: Submitted application: Get Ads per county
[2021-12-28 13:33:48,949] {spark_submit.py:514} INFO - 21/12/28 13:33:48 INFO ResourceProfile: Default ResourceProfile created, executor resources: Map(cores -> name: cores, amount: 1, script: , vendor: , memory -> name: memory, amount: 1024, script: , vendor: , offHeap -> name: offHeap, amount: 0, script: , vendor: ), task resources: Map(cpus -> name: cpus, amount: 1.0)
[2021-12-28 13:33:49,061] {spark_submit.py:514} INFO - 21/12/28 13:33:49 INFO ResourceProfile: Limiting resource is cpu
[2021-12-28 13:33:49,067] {spark_submit.py:514} INFO - 21/12/28 13:33:49 INFO ResourceProfileManager: Added ResourceProfile id: 0
[2021-12-28 13:33:49,940] {spark_submit.py:514} INFO - 21/12/28 13:33:49 INFO SecurityManager: Changing view acls to: ***
[2021-12-28 13:33:50,007] {spark_submit.py:514} INFO - 21/12/28 13:33:49 INFO SecurityManager: Changing modify acls to: ***
[2021-12-28 13:33:50,023] {spark_submit.py:514} INFO - 21/12/28 13:33:50 INFO SecurityManager: Changing view acls groups to:
[2021-12-28 13:33:50,055] {spark_submit.py:514} INFO - 21/12/28 13:33:50 INFO SecurityManager: Changing modify acls groups to:
[2021-12-28 13:33:50,126] {spark_submit.py:514} INFO - 21/12/28 13:33:50 INFO SecurityManager: SecurityManager: authentication disabled; ui acls disabled; users  with view permissions: Set(***); groups with view permissions: Set(); users  with modify permissions: Set(***); groups with modify permissions: Set()
[2021-12-28 13:33:56,878] {spark_submit.py:514} INFO - 21/12/28 13:33:56 INFO Utils: Successfully started service 'sparkDriver' on port 42989.
[2021-12-28 13:33:57,706] {spark_submit.py:514} INFO - 21/12/28 13:33:57 INFO SparkEnv: Registering MapOutputTracker
[2021-12-28 13:34:02,933] {spark_submit.py:514} INFO - 21/12/28 13:34:02 INFO SparkEnv: Registering BlockManagerMaster
[2021-12-28 13:34:05,295] {spark_submit.py:514} INFO - 21/12/28 13:34:05 INFO BlockManagerMasterEndpoint: Using org.apache.spark.storage.DefaultTopologyMapper for getting topology information
[2021-12-28 13:34:05,325] {spark_submit.py:514} INFO - 21/12/28 13:34:05 INFO BlockManagerMasterEndpoint: BlockManagerMasterEndpoint up
[2021-12-28 13:34:06,472] {spark_submit.py:514} INFO - 21/12/28 13:34:06 INFO SparkEnv: Registering BlockManagerMasterHeartbeat
[2021-12-28 13:34:09,801] {spark_submit.py:514} INFO - 21/12/28 13:34:09 INFO DiskBlockManager: Created local directory at /tmp/blockmgr-45582a7f-77bd-42a9-ba25-541b10928bb4
[2021-12-28 13:34:11,866] {spark_submit.py:514} INFO - 21/12/28 13:34:11 INFO MemoryStore: MemoryStore started with capacity 434.4 MiB
[2021-12-28 13:34:13,103] {spark_submit.py:514} INFO - 21/12/28 13:34:13 INFO SparkEnv: Registering OutputCommitCoordinator
[2021-12-28 13:34:38,491] {spark_submit.py:514} INFO - 21/12/28 13:34:38 WARN Utils: Service 'SparkUI' could not bind on port 4040. Attempting port 4041.
[2021-12-28 13:34:38,501] {spark_submit.py:514} INFO - 21/12/28 13:34:38 WARN Utils: Service 'SparkUI' could not bind on port 4041. Attempting port 4042.
[2021-12-28 13:34:38,506] {spark_submit.py:514} INFO - 21/12/28 13:34:38 WARN Utils: Service 'SparkUI' could not bind on port 4042. Attempting port 4043.
[2021-12-28 13:34:38,514] {spark_submit.py:514} INFO - 21/12/28 13:34:38 WARN Utils: Service 'SparkUI' could not bind on port 4043. Attempting port 4044.
[2021-12-28 13:34:38,957] {spark_submit.py:514} INFO - 21/12/28 13:34:38 INFO Utils: Successfully started service 'SparkUI' on port 4044.
[2021-12-28 13:34:48,790] {spark_submit.py:514} INFO - 21/12/28 13:34:48 INFO SparkUI: Bound SparkUI to 0.0.0.0, and started at http://0c125a5bba95:4044
[2021-12-28 13:35:03,464] {spark_submit.py:514} INFO - 21/12/28 13:35:03 INFO StandaloneAppClient$ClientEndpoint: Connecting to master spark://spark:7077...
[2021-12-28 13:35:07,108] {spark_submit.py:514} INFO - 21/12/28 13:35:07 INFO TransportClientFactory: Successfully created connection to spark/172.19.0.4:7077 after 1603 ms (3 ms spent in bootstraps)
[2021-12-28 13:35:18,580] {spark_submit.py:514} INFO - 21/12/28 13:35:18 INFO StandaloneSchedulerBackend: Connected to Spark cluster with app ID app-20211228133518-0125
[2021-12-28 13:35:18,803] {spark_submit.py:514} INFO - 21/12/28 13:35:18 INFO Utils: Successfully started service 'org.apache.spark.network.netty.NettyBlockTransferService' on port 46681.
[2021-12-28 13:35:18,805] {spark_submit.py:514} INFO - 21/12/28 13:35:18 INFO NettyBlockTransferService: Server created on 0c125a5bba95:46681
[2021-12-28 13:35:18,812] {spark_submit.py:514} INFO - 21/12/28 13:35:18 INFO BlockManager: Using org.apache.spark.storage.RandomBlockReplicationPolicy for block replication policy
[2021-12-28 13:35:19,120] {spark_submit.py:514} INFO - 21/12/28 13:35:19 INFO BlockManagerMaster: Registering BlockManager BlockManagerId(driver, 0c125a5bba95, 46681, None)
[2021-12-28 13:35:19,331] {spark_submit.py:514} INFO - 21/12/28 13:35:19 INFO BlockManagerMasterEndpoint: Registering block manager 0c125a5bba95:46681 with 434.4 MiB RAM, BlockManagerId(driver, 0c125a5bba95, 46681, None)
[2021-12-28 13:35:19,376] {spark_submit.py:514} INFO - 21/12/28 13:35:19 INFO BlockManagerMaster: Registered BlockManager BlockManagerId(driver, 0c125a5bba95, 46681, None)
[2021-12-28 13:35:19,461] {spark_submit.py:514} INFO - 21/12/28 13:35:19 INFO BlockManager: Initialized BlockManager: BlockManagerId(driver, 0c125a5bba95, 46681, None)
[2021-12-28 13:35:38,602] {spark_submit.py:514} INFO - 21/12/28 13:35:38 INFO AsyncEventQueue: Process of event SparkListenerResourceProfileAdded(Profile: id = 0, executor resources: cores -> name: cores, amount: 1, script: , vendor: ,memory -> name: memory, amount: 1024, script: , vendor: ,offHeap -> name: offHeap, amount: 0, script: , vendor: , task resources: cpus -> name: cpus, amount: 1.0) by listener AppStatusListener took 12.360635s.
[2021-12-28 13:35:38,633] {spark_submit.py:514} INFO - 21/12/28 13:35:38 INFO AsyncEventQueue: Process of event SparkListenerResourceProfileAdded(Profile: id = 0, executor resources: cores -> name: cores, amount: 1, script: , vendor: ,memory -> name: memory, amount: 1024, script: , vendor: ,offHeap -> name: offHeap, amount: 0, script: , vendor: , task resources: cpus -> name: cpus, amount: 1.0) by listener HeartbeatReceiver took 12.275464s.
[2021-12-28 13:35:38,641] {spark_submit.py:514} INFO - 21/12/28 13:35:38 INFO StandaloneSchedulerBackend: SchedulerBackend is ready for scheduling beginning after reached minRegisteredResourcesRatio: 0.0
[2021-12-28 13:35:43,976] {spark_submit.py:514} INFO - 21/12/28 13:35:41 WARN StandaloneAppClient$ClientEndpoint: Connection to b735d85860fb:7077 failed; waiting for master to reconnect...
[2021-12-28 13:35:44,344] {spark_submit.py:514} INFO - 21/12/28 13:35:42 WARN StandaloneSchedulerBackend: Disconnected from Spark cluster! Waiting for reconnection...
[2021-12-28 13:35:44,686] {spark_submit.py:514} INFO - /home/***/.local/lib/python3.6/site-packages/pyspark/python/lib/pyspark.zip/pyspark/context.py:238: FutureWarning: Python 3.6 support is deprecated in Spark 3.2.
[2021-12-28 13:35:44,688] {spark_submit.py:514} INFO - FutureWarning
[2021-12-28 13:35:55,622] {spark_submit.py:514} INFO - 21/12/28 13:35:55 INFO SharedState: Setting hive.metastore.warehouse.dir ('null') to the value of spark.sql.warehouse.dir.
[2021-12-28 13:35:56,144] {spark_submit.py:514} INFO - 21/12/28 13:35:56 INFO SharedState: Warehouse path is 'file:/opt/***/spark-warehouse'.
[2021-12-28 13:36:22,725] {spark_submit.py:514} INFO - running...
[2021-12-28 13:36:23,816] {spark_submit.py:514} INFO - running...
[2021-12-28 13:36:26,044] {spark_submit.py:514} INFO - running...
[2021-12-28 13:36:26,790] {spark_submit.py:514} INFO - running...
[2021-12-28 13:36:28,577] {spark_submit.py:514} INFO - running...
[2021-12-28 13:36:29,155] {spark_submit.py:514} INFO - running...
[2021-12-28 13:36:30,337] {spark_submit.py:514} INFO - running...
[2021-12-28 13:36:33,363] {spark_submit.py:514} INFO - running...
[2021-12-28 13:36:38,643] {spark_submit.py:514} INFO - running...
[2021-12-28 13:36:41,138] {spark_submit.py:514} INFO - 21/12/28 13:36:41 INFO SparkContext: Invoking stop() from shutdown hook
[2021-12-28 13:36:41,176] {spark_submit.py:514} INFO - 21/12/28 13:36:41 INFO SparkUI: Stopped Spark web UI at http://0c125a5bba95:4044
[2021-12-28 13:36:41,209] {spark_submit.py:514} INFO - 21/12/28 13:36:41 INFO StandaloneSchedulerBackend: Shutting down all executors
[2021-12-28 13:36:41,228] {spark_submit.py:514} INFO - 21/12/28 13:36:41 INFO CoarseGrainedSchedulerBackend$DriverEndpoint: Asking each executor to shut down
[2021-12-28 13:36:41,373] {spark_submit.py:514} INFO - 21/12/28 13:36:41 INFO MapOutputTrackerMasterEndpoint: MapOutputTrackerMasterEndpoint stopped!
[2021-12-28 13:36:41,499] {spark_submit.py:514} INFO - 21/12/28 13:36:41 INFO MemoryStore: MemoryStore cleared
[2021-12-28 13:36:41,506] {spark_submit.py:514} INFO - 21/12/28 13:36:41 INFO BlockManager: BlockManager stopped
[2021-12-28 13:36:41,563] {spark_submit.py:514} INFO - 21/12/28 13:36:41 INFO BlockManagerMaster: BlockManagerMaster stopped
[2021-12-28 13:36:41,572] {spark_submit.py:514} INFO - 21/12/28 13:36:41 INFO OutputCommitCoordinator$OutputCommitCoordinatorEndpoint: OutputCommitCoordinator stopped!
[2021-12-28 13:36:41,605] {spark_submit.py:514} INFO - 21/12/28 13:36:41 INFO SparkContext: Successfully stopped SparkContext
[2021-12-28 13:36:41,611] {spark_submit.py:514} INFO - 21/12/28 13:36:41 INFO ShutdownHookManager: Shutdown hook called
[2021-12-28 13:36:41,613] {spark_submit.py:514} INFO - 21/12/28 13:36:41 INFO ShutdownHookManager: Deleting directory /tmp/spark-787de13d-a68e-4d2c-afc8-101ba025926f/pyspark-73bf5918-a466-47eb-9af4-4e1e419fc9b9
[2021-12-28 13:36:41,630] {spark_submit.py:514} INFO - 21/12/28 13:36:41 INFO ShutdownHookManager: Deleting directory /tmp/spark-787de13d-a68e-4d2c-afc8-101ba025926f
[2021-12-28 13:36:41,645] {spark_submit.py:514} INFO - 21/12/28 13:36:41 INFO ShutdownHookManager: Deleting directory /tmp/spark-dd9574f5-e1bf-4daf-8720-ab2d1bb9becb
[2021-12-28 13:36:43,034] {taskinstance.py:1280} INFO - Marking task as SUCCESS. dag_id=scraping_daft_sligo, task_id=scrap_data, execution_date=20211227T104500, start_date=20211228T133320, end_date=20211228T133643
[2021-12-28 13:36:43,294] {local_task_job.py:154} INFO - Task exited with return code 0
[2021-12-28 13:36:44,024] {local_task_job.py:264} INFO - 1 downstream tasks scheduled from follow-on schedule check
