[2022-01-02 12:15:48,781] {taskinstance.py:1035} INFO - Dependencies all met for <TaskInstance: scraping_daft_sligo.scrap_data scheduled__2022-01-01T10:45:00+00:00 [queued]>
[2022-01-02 12:15:51,774] {taskinstance.py:1035} INFO - Dependencies all met for <TaskInstance: scraping_daft_sligo.scrap_data scheduled__2022-01-01T10:45:00+00:00 [queued]>
[2022-01-02 12:15:51,781] {taskinstance.py:1241} INFO - 
--------------------------------------------------------------------------------
[2022-01-02 12:15:51,789] {taskinstance.py:1242} INFO - Starting attempt 1 of 4
[2022-01-02 12:15:51,802] {taskinstance.py:1243} INFO - 
--------------------------------------------------------------------------------
[2022-01-02 12:15:52,559] {taskinstance.py:1262} INFO - Executing <Task(SparkSubmitOperator): scrap_data> on 2022-01-01 10:45:00+00:00
[2022-01-02 12:15:53,275] {standard_task_runner.py:76} INFO - Running: ['***', 'tasks', 'run', 'scraping_daft_sligo', 'scrap_data', 'scheduled__2022-01-01T10:45:00+00:00', '--job-id', '6118', '--raw', '--subdir', 'DAGS_FOLDER/scraping_daft_sligo.py', '--cfg-path', '/tmp/tmpvs3ynvak', '--error-file', '/tmp/tmpfo4lmb7w']
[2022-01-02 12:15:53,279] {standard_task_runner.py:77} INFO - Job 6118: Subtask scrap_data
[2022-01-02 12:15:53,060] {standard_task_runner.py:52} INFO - Started process 2662 to run task
[2022-01-02 12:15:54,906] {logging_mixin.py:109} INFO - Running <TaskInstance: scraping_daft_sligo.scrap_data scheduled__2022-01-01T10:45:00+00:00 [running]> on host bbddfc72aeab
[2022-01-02 12:16:15,156] {taskinstance.py:1429} INFO - Exporting the following env vars:
AIRFLOW_CTX_DAG_EMAIL=clement.liscoet@gmail.com
AIRFLOW_CTX_DAG_OWNER=clemoni
AIRFLOW_CTX_DAG_ID=scraping_daft_sligo
AIRFLOW_CTX_TASK_ID=scrap_data
AIRFLOW_CTX_EXECUTION_DATE=2022-01-01T10:45:00+00:00
AIRFLOW_CTX_DAG_RUN_ID=scheduled__2022-01-01T10:45:00+00:00
[2022-01-02 12:16:16,117] {base.py:79} INFO - Using connection to: id: spark_default. Host: spark://spark:7077, Port: None, Schema: , Login: ***, Password: ***, extra: {}
[2022-01-02 12:16:16,194] {spark_submit.py:360} INFO - Spark-Submit cmd: spark-submit --master spark://spark:7077 --conf spark.master=spark://spark:7077 --name scrap data --verbose /opt/***/jobs/get_ads_per_county.py sligo
[2022-01-02 12:17:53,248] {spark_submit.py:514} INFO - Using properties file: null
[2022-01-02 12:18:03,366] {spark_submit.py:514} INFO - WARNING: An illegal reflective access operation has occurred
[2022-01-02 12:18:03,375] {spark_submit.py:514} INFO - WARNING: Illegal reflective access by org.apache.spark.unsafe.Platform (file:/home/***/.local/lib/python3.6/site-packages/pyspark/jars/spark-unsafe_2.12-3.2.0.jar) to constructor java.nio.DirectByteBuffer(long,int)
[2022-01-02 12:18:03,385] {spark_submit.py:514} INFO - WARNING: Please consider reporting this to the maintainers of org.apache.spark.unsafe.Platform
[2022-01-02 12:18:03,391] {spark_submit.py:514} INFO - WARNING: Use --illegal-access=warn to enable warnings of further illegal reflective access operations
[2022-01-02 12:18:03,409] {spark_submit.py:514} INFO - WARNING: All illegal access operations will be denied in a future release
[2022-01-02 12:18:05,525] {spark_submit.py:514} INFO - Parsed arguments:
[2022-01-02 12:18:05,576] {spark_submit.py:514} INFO - master                  spark://spark:7077
[2022-01-02 12:18:05,586] {spark_submit.py:514} INFO - deployMode              null
[2022-01-02 12:18:05,613] {spark_submit.py:514} INFO - executorMemory          null
[2022-01-02 12:18:05,616] {spark_submit.py:514} INFO - executorCores           null
[2022-01-02 12:18:05,622] {spark_submit.py:514} INFO - totalExecutorCores      null
[2022-01-02 12:18:05,633] {spark_submit.py:514} INFO - propertiesFile          null
[2022-01-02 12:18:05,649] {spark_submit.py:514} INFO - driverMemory            null
[2022-01-02 12:18:05,657] {spark_submit.py:514} INFO - driverCores             null
[2022-01-02 12:18:05,672] {spark_submit.py:514} INFO - driverExtraClassPath    null
[2022-01-02 12:18:05,682] {spark_submit.py:514} INFO - driverExtraLibraryPath  null
[2022-01-02 12:18:05,697] {spark_submit.py:514} INFO - driverExtraJavaOptions  null
[2022-01-02 12:18:05,728] {spark_submit.py:514} INFO - supervise               false
[2022-01-02 12:18:05,735] {spark_submit.py:514} INFO - queue                   null
[2022-01-02 12:18:05,742] {spark_submit.py:514} INFO - numExecutors            null
[2022-01-02 12:18:05,746] {spark_submit.py:514} INFO - files                   null
[2022-01-02 12:18:05,748] {spark_submit.py:514} INFO - pyFiles                 null
[2022-01-02 12:18:05,749] {spark_submit.py:514} INFO - archives                null
[2022-01-02 12:18:05,752] {spark_submit.py:514} INFO - mainClass               null
[2022-01-02 12:18:05,754] {spark_submit.py:514} INFO - primaryResource         file:/opt/***/jobs/get_ads_per_county.py
[2022-01-02 12:18:05,758] {spark_submit.py:514} INFO - name                    scrap data
[2022-01-02 12:18:05,760] {spark_submit.py:514} INFO - childArgs               [sligo]
[2022-01-02 12:18:05,762] {spark_submit.py:514} INFO - jars                    null
[2022-01-02 12:18:05,764] {spark_submit.py:514} INFO - packages                null
[2022-01-02 12:18:05,767] {spark_submit.py:514} INFO - packagesExclusions      null
[2022-01-02 12:18:05,769] {spark_submit.py:514} INFO - repositories            null
[2022-01-02 12:18:05,798] {spark_submit.py:514} INFO - verbose                 true
[2022-01-02 12:18:05,898] {spark_submit.py:514} INFO - 
[2022-01-02 12:18:05,902] {spark_submit.py:514} INFO - Spark properties used, including those specified through
[2022-01-02 12:18:05,908] {spark_submit.py:514} INFO - --conf and those from the properties file null:
[2022-01-02 12:18:05,914] {spark_submit.py:514} INFO - (spark.master,spark://spark:7077)
[2022-01-02 12:18:05,922] {spark_submit.py:514} INFO - 
[2022-01-02 12:18:05,924] {spark_submit.py:514} INFO - 
[2022-01-02 12:18:36,046] {spark_submit.py:514} INFO - Main class:
[2022-01-02 12:18:36,052] {spark_submit.py:514} INFO - org.apache.spark.deploy.PythonRunner
[2022-01-02 12:18:36,056] {spark_submit.py:514} INFO - Arguments:
[2022-01-02 12:18:36,063] {spark_submit.py:514} INFO - file:/opt/***/jobs/get_ads_per_county.py
[2022-01-02 12:18:36,066] {spark_submit.py:514} INFO - null
[2022-01-02 12:18:36,072] {spark_submit.py:514} INFO - sligo
[2022-01-02 12:18:36,074] {spark_submit.py:514} INFO - --verbose
[2022-01-02 12:18:36,106] {spark_submit.py:514} INFO - Spark config:
[2022-01-02 12:18:36,108] {spark_submit.py:514} INFO - (spark.app.name,scrap data)
[2022-01-02 12:18:36,110] {spark_submit.py:514} INFO - (spark.master,spark://spark:7077)
[2022-01-02 12:18:36,111] {spark_submit.py:514} INFO - (spark.submit.pyFiles,)
[2022-01-02 12:18:36,114] {spark_submit.py:514} INFO - (spark.submit.deployMode,client)
[2022-01-02 12:18:36,124] {spark_submit.py:514} INFO - Classpath elements:
[2022-01-02 12:18:36,125] {spark_submit.py:514} INFO - 
[2022-01-02 12:18:36,127] {spark_submit.py:514} INFO - 
[2022-01-02 12:18:36,129] {spark_submit.py:514} INFO - 
[2022-01-02 12:19:07,220] {spark_submit.py:514} INFO - Using Spark's default log4j profile: org/apache/spark/log4j-defaults.properties
[2022-01-02 12:19:07,367] {spark_submit.py:514} INFO - 22/01/02 12:19:07 INFO SparkContext: Running Spark version 3.2.0
[2022-01-02 12:19:14,022] {spark_submit.py:514} INFO - 22/01/02 12:19:14 WARN NativeCodeLoader: Unable to load native-hadoop library for your platform... using builtin-java classes where applicable
[2022-01-02 12:19:17,070] {spark_submit.py:514} INFO - 22/01/02 12:19:17 INFO ResourceUtils: ==============================================================
[2022-01-02 12:19:17,080] {spark_submit.py:514} INFO - 22/01/02 12:19:17 INFO ResourceUtils: No custom resources configured for spark.driver.
[2022-01-02 12:19:17,088] {spark_submit.py:514} INFO - 22/01/02 12:19:17 INFO ResourceUtils: ==============================================================
[2022-01-02 12:19:17,109] {spark_submit.py:514} INFO - 22/01/02 12:19:17 INFO SparkContext: Submitted application: Get Ads per county
[2022-01-02 12:19:18,856] {spark_submit.py:514} INFO - 22/01/02 12:19:18 INFO ResourceProfile: Default ResourceProfile created, executor resources: Map(cores -> name: cores, amount: 1, script: , vendor: , memory -> name: memory, amount: 1024, script: , vendor: , offHeap -> name: offHeap, amount: 0, script: , vendor: ), task resources: Map(cpus -> name: cpus, amount: 1.0)
[2022-01-02 12:19:19,824] {spark_submit.py:514} INFO - 22/01/02 12:19:19 INFO ResourceProfile: Limiting resource is cpu
[2022-01-02 12:19:19,849] {spark_submit.py:514} INFO - 22/01/02 12:19:19 INFO ResourceProfileManager: Added ResourceProfile id: 0
[2022-01-02 12:19:22,623] {spark_submit.py:514} INFO - 22/01/02 12:19:22 INFO SecurityManager: Changing view acls to: ***
[2022-01-02 12:19:22,909] {spark_submit.py:514} INFO - 22/01/02 12:19:22 INFO SecurityManager: Changing modify acls to: ***
[2022-01-02 12:19:22,912] {spark_submit.py:514} INFO - 22/01/02 12:19:22 INFO SecurityManager: Changing view acls groups to:
[2022-01-02 12:19:22,915] {spark_submit.py:514} INFO - 22/01/02 12:19:22 INFO SecurityManager: Changing modify acls groups to:
[2022-01-02 12:19:22,924] {spark_submit.py:514} INFO - 22/01/02 12:19:22 INFO SecurityManager: SecurityManager: authentication disabled; ui acls disabled; users  with view permissions: Set(***); groups with view permissions: Set(); users  with modify permissions: Set(***); groups with modify permissions: Set()
[2022-01-02 12:19:29,899] {spark_submit.py:514} INFO - 22/01/02 12:19:29 INFO Utils: Successfully started service 'sparkDriver' on port 38127.
[2022-01-02 12:19:30,394] {spark_submit.py:514} INFO - 22/01/02 12:19:30 INFO SparkEnv: Registering MapOutputTracker
[2022-01-02 12:19:30,902] {spark_submit.py:514} INFO - 22/01/02 12:19:30 INFO SparkEnv: Registering BlockManagerMaster
[2022-01-02 12:19:31,249] {spark_submit.py:514} INFO - 22/01/02 12:19:31 INFO BlockManagerMasterEndpoint: Using org.apache.spark.storage.DefaultTopologyMapper for getting topology information
[2022-01-02 12:19:31,509] {spark_submit.py:514} INFO - 22/01/02 12:19:31 INFO BlockManagerMasterEndpoint: BlockManagerMasterEndpoint up
[2022-01-02 12:19:31,515] {spark_submit.py:514} INFO - 22/01/02 12:19:31 INFO SparkEnv: Registering BlockManagerMasterHeartbeat
[2022-01-02 12:19:31,586] {spark_submit.py:514} INFO - 22/01/02 12:19:31 INFO DiskBlockManager: Created local directory at /tmp/blockmgr-0e86c439-c6ab-40fa-87ca-da1115d19292
[2022-01-02 12:19:31,757] {spark_submit.py:514} INFO - 22/01/02 12:19:31 INFO MemoryStore: MemoryStore started with capacity 434.4 MiB
[2022-01-02 12:19:31,807] {spark_submit.py:514} INFO - 22/01/02 12:19:31 INFO SparkEnv: Registering OutputCommitCoordinator
[2022-01-02 12:19:35,458] {spark_submit.py:514} INFO - 22/01/02 12:19:35 WARN Utils: Service 'SparkUI' could not bind on port 4040. Attempting port 4041.
[2022-01-02 12:19:35,702] {spark_submit.py:514} INFO - 22/01/02 12:19:35 INFO Utils: Successfully started service 'SparkUI' on port 4041.
[2022-01-02 12:19:37,510] {spark_submit.py:514} INFO - 22/01/02 12:19:37 INFO SparkUI: Bound SparkUI to 0.0.0.0, and started at http://bbddfc72aeab:4041
[2022-01-02 12:19:40,802] {spark_submit.py:514} INFO - 22/01/02 12:19:40 INFO StandaloneAppClient$ClientEndpoint: Connecting to master spark://spark:7077...
[2022-01-02 12:19:42,209] {spark_submit.py:514} INFO - 22/01/02 12:19:42 INFO TransportClientFactory: Successfully created connection to spark/172.22.0.4:7077 after 285 ms (0 ms spent in bootstraps)
[2022-01-02 12:19:43,931] {spark_submit.py:514} INFO - 22/01/02 12:19:43 INFO StandaloneSchedulerBackend: Connected to Spark cluster with app ID app-20220102121943-0019
[2022-01-02 12:19:43,970] {spark_submit.py:514} INFO - 22/01/02 12:19:43 INFO Utils: Successfully started service 'org.apache.spark.network.netty.NettyBlockTransferService' on port 40919.
[2022-01-02 12:19:43,976] {spark_submit.py:514} INFO - 22/01/02 12:19:43 INFO NettyBlockTransferService: Server created on bbddfc72aeab:40919
[2022-01-02 12:19:43,979] {spark_submit.py:514} INFO - 22/01/02 12:19:43 INFO BlockManager: Using org.apache.spark.storage.RandomBlockReplicationPolicy for block replication policy
[2022-01-02 12:19:44,066] {spark_submit.py:514} INFO - 22/01/02 12:19:44 INFO BlockManagerMaster: Registering BlockManager BlockManagerId(driver, bbddfc72aeab, 40919, None)
[2022-01-02 12:19:44,085] {spark_submit.py:514} INFO - 22/01/02 12:19:44 INFO BlockManagerMasterEndpoint: Registering block manager bbddfc72aeab:40919 with 434.4 MiB RAM, BlockManagerId(driver, bbddfc72aeab, 40919, None)
[2022-01-02 12:19:44,101] {spark_submit.py:514} INFO - 22/01/02 12:19:44 INFO BlockManagerMaster: Registered BlockManager BlockManagerId(driver, bbddfc72aeab, 40919, None)
[2022-01-02 12:19:44,108] {spark_submit.py:514} INFO - 22/01/02 12:19:44 INFO BlockManager: Initialized BlockManager: BlockManagerId(driver, bbddfc72aeab, 40919, None)
[2022-01-02 12:19:48,169] {spark_submit.py:514} INFO - 22/01/02 12:19:48 INFO StandaloneSchedulerBackend: SchedulerBackend is ready for scheduling beginning after reached minRegisteredResourcesRatio: 0.0
[2022-01-02 12:19:48,689] {spark_submit.py:514} INFO - /home/***/.local/lib/python3.6/site-packages/pyspark/python/lib/pyspark.zip/pyspark/context.py:238: FutureWarning: Python 3.6 support is deprecated in Spark 3.2.
[2022-01-02 12:19:48,711] {spark_submit.py:514} INFO - FutureWarning
[2022-01-02 12:19:54,728] {spark_submit.py:514} INFO - 22/01/02 12:19:54 INFO SharedState: Setting hive.metastore.warehouse.dir ('null') to the value of spark.sql.warehouse.dir.
[2022-01-02 12:19:56,749] {spark_submit.py:514} INFO - 22/01/02 12:19:56 INFO SharedState: Warehouse path is 'file:/opt/***/spark-warehouse'.
[2022-01-02 12:20:32,413] {spark_submit.py:514} INFO - running...
[2022-01-02 12:20:34,050] {spark_submit.py:514} INFO - running...
[2022-01-02 12:20:37,949] {spark_submit.py:514} INFO - running...
[2022-01-02 12:20:39,801] {spark_submit.py:514} INFO - running...
[2022-01-02 12:20:42,682] {spark_submit.py:514} INFO - running...
[2022-01-02 12:20:44,158] {spark_submit.py:514} INFO - running...
[2022-01-02 12:20:44,920] {spark_submit.py:514} INFO - running...
[2022-01-02 12:20:46,499] {spark_submit.py:514} INFO - running...
[2022-01-02 12:20:48,734] {spark_submit.py:514} INFO - running...
[2022-01-02 12:21:01,132] {spark_submit.py:514} INFO - running...
[2022-01-02 12:21:11,960] {spark_submit.py:514} INFO - 22/01/02 12:21:10 INFO StandaloneAppClient$ClientEndpoint: Executor added: app-20220102121943-0019/0 on worker-20220102120343-172.22.0.6-37029 (172.22.0.6:37029) with 6 core(s)
[2022-01-02 12:21:13,321] {spark_submit.py:514} INFO - 22/01/02 12:21:13 INFO StandaloneSchedulerBackend: Granted executor ID app-20220102121943-0019/0 on hostPort 172.22.0.6:37029 with 6 core(s), 1024.0 MiB RAM
[2022-01-02 12:21:13,328] {spark_submit.py:514} INFO - 22/01/02 12:21:13 INFO StandaloneAppClient$ClientEndpoint: Executor added: app-20220102121943-0019/1 on worker-20220102120343-172.22.0.5-35583 (172.22.0.5:35583) with 6 core(s)
[2022-01-02 12:21:13,345] {spark_submit.py:514} INFO - 22/01/02 12:21:13 INFO StandaloneSchedulerBackend: Granted executor ID app-20220102121943-0019/1 on hostPort 172.22.0.5:35583 with 6 core(s), 1024.0 MiB RAM
[2022-01-02 12:21:15,510] {spark_submit.py:514} INFO - 22/01/02 12:21:15 INFO StandaloneAppClient$ClientEndpoint: Executor updated: app-20220102121943-0019/1 is now RUNNING
[2022-01-02 12:21:15,534] {spark_submit.py:514} INFO - 22/01/02 12:21:15 INFO StandaloneAppClient$ClientEndpoint: Executor updated: app-20220102121943-0019/0 is now RUNNING
[2022-01-02 12:21:20,924] {spark_submit.py:514} INFO - running...
[2022-01-02 12:21:22,717] {spark_submit.py:514} INFO - running...
[2022-01-02 12:21:24,110] {spark_submit.py:514} INFO - running...
[2022-01-02 12:21:40,250] {spark_submit.py:514} INFO - 22/01/02 12:21:40 INFO SparkContext: Invoking stop() from shutdown hook
[2022-01-02 12:21:41,371] {spark_submit.py:514} INFO - 22/01/02 12:21:41 INFO SparkUI: Stopped Spark web UI at http://bbddfc72aeab:4041
[2022-01-02 12:21:42,080] {spark_submit.py:514} INFO - 22/01/02 12:21:42 INFO StandaloneSchedulerBackend: Shutting down all executors
[2022-01-02 12:21:42,124] {spark_submit.py:514} INFO - 22/01/02 12:21:42 INFO CoarseGrainedSchedulerBackend$DriverEndpoint: Asking each executor to shut down
[2022-01-02 12:21:44,471] {spark_submit.py:514} INFO - 22/01/02 12:21:44 INFO MapOutputTrackerMasterEndpoint: MapOutputTrackerMasterEndpoint stopped!
[2022-01-02 12:21:46,163] {spark_submit.py:514} INFO - 22/01/02 12:21:46 INFO MemoryStore: MemoryStore cleared
[2022-01-02 12:21:46,186] {spark_submit.py:514} INFO - 22/01/02 12:21:46 INFO BlockManager: BlockManager stopped
[2022-01-02 12:21:46,992] {spark_submit.py:514} INFO - 22/01/02 12:21:46 INFO BlockManagerMaster: BlockManagerMaster stopped
[2022-01-02 12:21:47,341] {spark_submit.py:514} INFO - 22/01/02 12:21:47 INFO OutputCommitCoordinator$OutputCommitCoordinatorEndpoint: OutputCommitCoordinator stopped!
[2022-01-02 12:21:48,180] {spark_submit.py:514} INFO - 22/01/02 12:21:48 INFO SparkContext: Successfully stopped SparkContext
[2022-01-02 12:21:49,271] {spark_submit.py:514} INFO - 22/01/02 12:21:48 INFO ShutdownHookManager: Shutdown hook called
[2022-01-02 12:21:49,527] {spark_submit.py:514} INFO - 22/01/02 12:21:48 INFO ShutdownHookManager: Deleting directory /tmp/spark-a5a86abe-775a-4c54-a85b-f6551c36ce24
[2022-01-02 12:21:49,577] {spark_submit.py:514} INFO - 22/01/02 12:21:49 INFO ShutdownHookManager: Deleting directory /tmp/spark-5c3debf1-9726-48c0-bb64-df254d466049
[2022-01-02 12:21:49,598] {spark_submit.py:514} INFO - 22/01/02 12:21:49 INFO ShutdownHookManager: Deleting directory /tmp/spark-a5a86abe-775a-4c54-a85b-f6551c36ce24/pyspark-86461cd1-8c20-46d0-97be-1ace7c8fe06e
[2022-01-02 12:22:09,421] {taskinstance.py:1280} INFO - Marking task as SUCCESS. dag_id=scraping_daft_sligo, task_id=scrap_data, execution_date=20220101T104500, start_date=20220102T121549, end_date=20220102T122209
[2022-01-02 12:22:10,679] {local_task_job.py:154} INFO - Task exited with return code 0
[2022-01-02 12:22:12,250] {local_task_job.py:264} INFO - 1 downstream tasks scheduled from follow-on schedule check
