[2021-12-09 02:30:33,806] {taskinstance.py:1035} INFO - Dependencies all met for <TaskInstance: scraping_daft_kilkenny.persist_data scheduled__2021-12-08T02:30:00+00:00 [queued]>
[2021-12-09 02:30:33,829] {taskinstance.py:1035} INFO - Dependencies all met for <TaskInstance: scraping_daft_kilkenny.persist_data scheduled__2021-12-08T02:30:00+00:00 [queued]>
[2021-12-09 02:30:33,830] {taskinstance.py:1241} INFO - 
--------------------------------------------------------------------------------
[2021-12-09 02:30:33,830] {taskinstance.py:1242} INFO - Starting attempt 1 of 3
[2021-12-09 02:30:33,832] {taskinstance.py:1243} INFO - 
--------------------------------------------------------------------------------
[2021-12-09 02:30:33,860] {taskinstance.py:1262} INFO - Executing <Task(SparkSubmitOperator): persist_data> on 2021-12-08 02:30:00+00:00
[2021-12-09 02:30:33,869] {standard_task_runner.py:76} INFO - Running: ['***', 'tasks', 'run', 'scraping_daft_kilkenny', 'persist_data', 'scheduled__2021-12-08T02:30:00+00:00', '--job-id', '797', '--raw', '--subdir', 'DAGS_FOLDER/scraping_daft_kilkenny.py', '--cfg-path', '/tmp/tmpdqs0gljh', '--error-file', '/tmp/tmpnaf4xku9']
[2021-12-09 02:30:33,871] {standard_task_runner.py:77} INFO - Job 797: Subtask persist_data
[2021-12-09 02:30:33,865] {standard_task_runner.py:52} INFO - Started process 52488 to run task
[2021-12-09 02:30:33,977] {logging_mixin.py:109} INFO - Running <TaskInstance: scraping_daft_kilkenny.persist_data scheduled__2021-12-08T02:30:00+00:00 [running]> on host 041e6f8654c3
[2021-12-09 02:30:34,170] {taskinstance.py:1429} INFO - Exporting the following env vars:
AIRFLOW_CTX_DAG_EMAIL=***@example.com
AIRFLOW_CTX_DAG_OWNER=clemoni
AIRFLOW_CTX_DAG_ID=scraping_daft_kilkenny
AIRFLOW_CTX_TASK_ID=persist_data
AIRFLOW_CTX_EXECUTION_DATE=2021-12-08T02:30:00+00:00
AIRFLOW_CTX_DAG_RUN_ID=scheduled__2021-12-08T02:30:00+00:00
[2021-12-09 02:30:34,232] {base.py:79} INFO - Using connection to: id: spark_default. Host: spark://spark:7077, Port: None, Schema: , Login: ***, Password: ***, extra: {}
[2021-12-09 02:30:34,236] {spark_submit.py:362} INFO - Spark-Submit cmd: spark-submit --master spark://spark:7077 --conf spark.master=spark://spark:7077 --name persist data --verbose /opt/***/jobs/persist_db.py kilkenny
[2021-12-09 02:30:36,427] {spark_submit.py:523} INFO - Using properties file: null
[2021-12-09 02:30:36,586] {spark_submit.py:523} INFO - WARNING: An illegal reflective access operation has occurred
[2021-12-09 02:30:36,588] {spark_submit.py:523} INFO - WARNING: Illegal reflective access by org.apache.spark.unsafe.Platform (file:/home/***/.local/lib/python3.6/site-packages/pyspark/jars/spark-unsafe_2.12-3.2.0.jar) to constructor java.nio.DirectByteBuffer(long,int)
[2021-12-09 02:30:36,589] {spark_submit.py:523} INFO - WARNING: Please consider reporting this to the maintainers of org.apache.spark.unsafe.Platform
[2021-12-09 02:30:36,590] {spark_submit.py:523} INFO - WARNING: Use --illegal-access=warn to enable warnings of further illegal reflective access operations
[2021-12-09 02:30:36,592] {spark_submit.py:523} INFO - WARNING: All illegal access operations will be denied in a future release
[2021-12-09 02:30:36,669] {spark_submit.py:523} INFO - Parsed arguments:
[2021-12-09 02:30:36,671] {spark_submit.py:523} INFO - master                  spark://spark:7077
[2021-12-09 02:30:36,672] {spark_submit.py:523} INFO - deployMode              null
[2021-12-09 02:30:36,673] {spark_submit.py:523} INFO - executorMemory          null
[2021-12-09 02:30:36,675] {spark_submit.py:523} INFO - executorCores           null
[2021-12-09 02:30:36,676] {spark_submit.py:523} INFO - totalExecutorCores      null
[2021-12-09 02:30:36,677] {spark_submit.py:523} INFO - propertiesFile          null
[2021-12-09 02:30:36,678] {spark_submit.py:523} INFO - driverMemory            null
[2021-12-09 02:30:36,678] {spark_submit.py:523} INFO - driverCores             null
[2021-12-09 02:30:36,680] {spark_submit.py:523} INFO - driverExtraClassPath    null
[2021-12-09 02:30:36,681] {spark_submit.py:523} INFO - driverExtraLibraryPath  null
[2021-12-09 02:30:36,683] {spark_submit.py:523} INFO - driverExtraJavaOptions  null
[2021-12-09 02:30:36,684] {spark_submit.py:523} INFO - supervise               false
[2021-12-09 02:30:36,685] {spark_submit.py:523} INFO - queue                   null
[2021-12-09 02:30:36,686] {spark_submit.py:523} INFO - numExecutors            null
[2021-12-09 02:30:36,687] {spark_submit.py:523} INFO - files                   null
[2021-12-09 02:30:36,688] {spark_submit.py:523} INFO - pyFiles                 null
[2021-12-09 02:30:36,689] {spark_submit.py:523} INFO - archives                null
[2021-12-09 02:30:36,690] {spark_submit.py:523} INFO - mainClass               null
[2021-12-09 02:30:36,692] {spark_submit.py:523} INFO - primaryResource         file:/opt/***/jobs/persist_db.py
[2021-12-09 02:30:36,693] {spark_submit.py:523} INFO - name                    persist data
[2021-12-09 02:30:36,694] {spark_submit.py:523} INFO - childArgs               [kilkenny]
[2021-12-09 02:30:36,695] {spark_submit.py:523} INFO - jars                    null
[2021-12-09 02:30:36,696] {spark_submit.py:523} INFO - packages                null
[2021-12-09 02:30:36,697] {spark_submit.py:523} INFO - packagesExclusions      null
[2021-12-09 02:30:36,698] {spark_submit.py:523} INFO - repositories            null
[2021-12-09 02:30:36,699] {spark_submit.py:523} INFO - verbose                 true
[2021-12-09 02:30:36,700] {spark_submit.py:523} INFO - 
[2021-12-09 02:30:36,701] {spark_submit.py:523} INFO - Spark properties used, including those specified through
[2021-12-09 02:30:36,702] {spark_submit.py:523} INFO - --conf and those from the properties file null:
[2021-12-09 02:30:36,703] {spark_submit.py:523} INFO - (spark.master,spark://spark:7077)
[2021-12-09 02:30:36,704] {spark_submit.py:523} INFO - 
[2021-12-09 02:30:36,706] {spark_submit.py:523} INFO - 
[2021-12-09 02:30:37,061] {spark_submit.py:523} INFO - Main class:
[2021-12-09 02:30:37,062] {spark_submit.py:523} INFO - org.apache.spark.deploy.PythonRunner
[2021-12-09 02:30:37,063] {spark_submit.py:523} INFO - Arguments:
[2021-12-09 02:30:37,064] {spark_submit.py:523} INFO - file:/opt/***/jobs/persist_db.py
[2021-12-09 02:30:37,065] {spark_submit.py:523} INFO - null
[2021-12-09 02:30:37,066] {spark_submit.py:523} INFO - kilkenny
[2021-12-09 02:30:37,068] {spark_submit.py:523} INFO - --verbose
[2021-12-09 02:30:37,069] {spark_submit.py:523} INFO - Spark config:
[2021-12-09 02:30:37,070] {spark_submit.py:523} INFO - (spark.master,spark://spark:7077)
[2021-12-09 02:30:37,071] {spark_submit.py:523} INFO - (spark.app.name,persist data)
[2021-12-09 02:30:37,071] {spark_submit.py:523} INFO - (spark.submit.pyFiles,)
[2021-12-09 02:30:37,073] {spark_submit.py:523} INFO - (spark.submit.deployMode,client)
[2021-12-09 02:30:37,074] {spark_submit.py:523} INFO - Classpath elements:
[2021-12-09 02:30:37,075] {spark_submit.py:523} INFO - 
[2021-12-09 02:30:37,076] {spark_submit.py:523} INFO - 
[2021-12-09 02:30:37,077] {spark_submit.py:523} INFO - 
[2021-12-09 02:30:38,286] {spark_submit.py:523} INFO - Using Spark's default log4j profile: org/apache/spark/log4j-defaults.properties
[2021-12-09 02:30:38,302] {spark_submit.py:523} INFO - 21/12/09 02:30:38 INFO SparkContext: Running Spark version 3.2.0
[2021-12-09 02:30:38,435] {spark_submit.py:523} INFO - 21/12/09 02:30:38 WARN NativeCodeLoader: Unable to load native-hadoop library for your platform... using builtin-java classes where applicable
[2021-12-09 02:30:38,641] {spark_submit.py:523} INFO - 21/12/09 02:30:38 INFO ResourceUtils: ==============================================================
[2021-12-09 02:30:38,643] {spark_submit.py:523} INFO - 21/12/09 02:30:38 INFO ResourceUtils: No custom resources configured for spark.driver.
[2021-12-09 02:30:38,645] {spark_submit.py:523} INFO - 21/12/09 02:30:38 INFO ResourceUtils: ==============================================================
[2021-12-09 02:30:38,646] {spark_submit.py:523} INFO - 21/12/09 02:30:38 INFO SparkContext: Submitted application: Persist DB
[2021-12-09 02:30:38,682] {spark_submit.py:523} INFO - 21/12/09 02:30:38 INFO ResourceProfile: Default ResourceProfile created, executor resources: Map(cores -> name: cores, amount: 1, script: , vendor: , memory -> name: memory, amount: 1024, script: , vendor: , offHeap -> name: offHeap, amount: 0, script: , vendor: ), task resources: Map(cpus -> name: cpus, amount: 1.0)
[2021-12-09 02:30:38,697] {spark_submit.py:523} INFO - 21/12/09 02:30:38 INFO ResourceProfile: Limiting resource is cpu
[2021-12-09 02:30:38,698] {spark_submit.py:523} INFO - 21/12/09 02:30:38 INFO ResourceProfileManager: Added ResourceProfile id: 0
[2021-12-09 02:30:38,788] {spark_submit.py:523} INFO - 21/12/09 02:30:38 INFO SecurityManager: Changing view acls to: ***
[2021-12-09 02:30:38,789] {spark_submit.py:523} INFO - 21/12/09 02:30:38 INFO SecurityManager: Changing modify acls to: ***
[2021-12-09 02:30:38,790] {spark_submit.py:523} INFO - 21/12/09 02:30:38 INFO SecurityManager: Changing view acls groups to:
[2021-12-09 02:30:38,791] {spark_submit.py:523} INFO - 21/12/09 02:30:38 INFO SecurityManager: Changing modify acls groups to:
[2021-12-09 02:30:38,792] {spark_submit.py:523} INFO - 21/12/09 02:30:38 INFO SecurityManager: SecurityManager: authentication disabled; ui acls disabled; users  with view permissions: Set(***); groups with view permissions: Set(); users  with modify permissions: Set(***); groups with modify permissions: Set()
[2021-12-09 02:30:39,221] {spark_submit.py:523} INFO - 21/12/09 02:30:39 INFO Utils: Successfully started service 'sparkDriver' on port 39613.
[2021-12-09 02:30:39,272] {spark_submit.py:523} INFO - 21/12/09 02:30:39 INFO SparkEnv: Registering MapOutputTracker
[2021-12-09 02:30:39,332] {spark_submit.py:523} INFO - 21/12/09 02:30:39 INFO SparkEnv: Registering BlockManagerMaster
[2021-12-09 02:30:39,367] {spark_submit.py:523} INFO - 21/12/09 02:30:39 INFO BlockManagerMasterEndpoint: Using org.apache.spark.storage.DefaultTopologyMapper for getting topology information
[2021-12-09 02:30:39,369] {spark_submit.py:523} INFO - 21/12/09 02:30:39 INFO BlockManagerMasterEndpoint: BlockManagerMasterEndpoint up
[2021-12-09 02:30:39,381] {spark_submit.py:523} INFO - 21/12/09 02:30:39 INFO SparkEnv: Registering BlockManagerMasterHeartbeat
[2021-12-09 02:30:39,427] {spark_submit.py:523} INFO - 21/12/09 02:30:39 INFO DiskBlockManager: Created local directory at /tmp/blockmgr-b61dc71e-2175-4b62-a092-686961ad2c10
[2021-12-09 02:30:39,458] {spark_submit.py:523} INFO - 21/12/09 02:30:39 INFO MemoryStore: MemoryStore started with capacity 434.4 MiB
[2021-12-09 02:30:39,485] {spark_submit.py:523} INFO - 21/12/09 02:30:39 INFO SparkEnv: Registering OutputCommitCoordinator
[2021-12-09 02:30:39,818] {spark_submit.py:523} INFO - 21/12/09 02:30:39 INFO Utils: Successfully started service 'SparkUI' on port 4040.
[2021-12-09 02:30:39,931] {spark_submit.py:523} INFO - 21/12/09 02:30:39 INFO SparkUI: Bound SparkUI to 0.0.0.0, and started at http://041e6f8654c3:4040
[2021-12-09 02:30:40,284] {spark_submit.py:523} INFO - 21/12/09 02:30:40 INFO StandaloneAppClient$ClientEndpoint: Connecting to master spark://spark:7077...
[2021-12-09 02:30:40,405] {spark_submit.py:523} INFO - 21/12/09 02:30:40 INFO TransportClientFactory: Successfully created connection to spark/172.31.0.9:7077 after 68 ms (0 ms spent in bootstraps)
[2021-12-09 02:30:40,550] {spark_submit.py:523} INFO - 21/12/09 02:30:40 INFO StandaloneSchedulerBackend: Connected to Spark cluster with app ID app-20211209023040-0087
[2021-12-09 02:30:40,566] {spark_submit.py:523} INFO - 21/12/09 02:30:40 INFO StandaloneAppClient$ClientEndpoint: Executor added: app-20211209023040-0087/0 on worker-20211208102114-172.31.0.11-46307 (172.31.0.11:46307) with 6 core(s)
[2021-12-09 02:30:40,569] {spark_submit.py:523} INFO - 21/12/09 02:30:40 INFO StandaloneSchedulerBackend: Granted executor ID app-20211209023040-0087/0 on hostPort 172.31.0.11:46307 with 6 core(s), 1024.0 MiB RAM
[2021-12-09 02:30:40,571] {spark_submit.py:523} INFO - 21/12/09 02:30:40 INFO Utils: Successfully started service 'org.apache.spark.network.netty.NettyBlockTransferService' on port 34615.
[2021-12-09 02:30:40,573] {spark_submit.py:523} INFO - 21/12/09 02:30:40 INFO NettyBlockTransferService: Server created on 041e6f8654c3:34615
[2021-12-09 02:30:40,574] {spark_submit.py:523} INFO - 21/12/09 02:30:40 INFO BlockManager: Using org.apache.spark.storage.RandomBlockReplicationPolicy for block replication policy
[2021-12-09 02:30:40,585] {spark_submit.py:523} INFO - 21/12/09 02:30:40 INFO BlockManagerMaster: Registering BlockManager BlockManagerId(driver, 041e6f8654c3, 34615, None)
[2021-12-09 02:30:40,591] {spark_submit.py:523} INFO - 21/12/09 02:30:40 INFO BlockManagerMasterEndpoint: Registering block manager 041e6f8654c3:34615 with 434.4 MiB RAM, BlockManagerId(driver, 041e6f8654c3, 34615, None)
[2021-12-09 02:30:40,596] {spark_submit.py:523} INFO - 21/12/09 02:30:40 INFO BlockManagerMaster: Registered BlockManager BlockManagerId(driver, 041e6f8654c3, 34615, None)
[2021-12-09 02:30:40,599] {spark_submit.py:523} INFO - 21/12/09 02:30:40 INFO BlockManager: Initialized BlockManager: BlockManagerId(driver, 041e6f8654c3, 34615, None)
[2021-12-09 02:30:40,767] {spark_submit.py:523} INFO - 21/12/09 02:30:40 INFO StandaloneAppClient$ClientEndpoint: Executor updated: app-20211209023040-0087/0 is now RUNNING
[2021-12-09 02:30:40,897] {spark_submit.py:523} INFO - 21/12/09 02:30:40 INFO StandaloneSchedulerBackend: SchedulerBackend is ready for scheduling beginning after reached minRegisteredResourcesRatio: 0.0
[2021-12-09 02:30:40,953] {spark_submit.py:523} INFO - /home/***/.local/lib/python3.6/site-packages/pyspark/python/lib/pyspark.zip/pyspark/context.py:238: FutureWarning: Python 3.6 support is deprecated in Spark 3.2.
[2021-12-09 02:30:40,954] {spark_submit.py:523} INFO - FutureWarning
[2021-12-09 02:30:41,494] {spark_submit.py:523} INFO - 21/12/09 02:30:41 INFO SharedState: Setting hive.metastore.warehouse.dir ('null') to the value of spark.sql.warehouse.dir.
[2021-12-09 02:30:41,583] {spark_submit.py:523} INFO - 21/12/09 02:30:41 INFO SharedState: Warehouse path is 'file:/opt/***/spark-warehouse'.
[2021-12-09 02:30:42,951] {spark_submit.py:523} INFO - 21/12/09 02:30:42 INFO SparkContext: Invoking stop() from shutdown hook
[2021-12-09 02:30:42,977] {spark_submit.py:523} INFO - 21/12/09 02:30:42 INFO SparkUI: Stopped Spark web UI at http://041e6f8654c3:4040
[2021-12-09 02:30:42,988] {spark_submit.py:523} INFO - 21/12/09 02:30:42 INFO StandaloneSchedulerBackend: Shutting down all executors
[2021-12-09 02:30:42,995] {spark_submit.py:523} INFO - 21/12/09 02:30:42 INFO CoarseGrainedSchedulerBackend$DriverEndpoint: Asking each executor to shut down
[2021-12-09 02:30:43,050] {spark_submit.py:523} INFO - 21/12/09 02:30:43 INFO MapOutputTrackerMasterEndpoint: MapOutputTrackerMasterEndpoint stopped!
[2021-12-09 02:30:43,082] {spark_submit.py:523} INFO - 21/12/09 02:30:43 INFO MemoryStore: MemoryStore cleared
[2021-12-09 02:30:43,084] {spark_submit.py:523} INFO - 21/12/09 02:30:43 INFO BlockManager: BlockManager stopped
[2021-12-09 02:30:43,099] {spark_submit.py:523} INFO - 21/12/09 02:30:43 INFO BlockManagerMaster: BlockManagerMaster stopped
[2021-12-09 02:30:43,103] {spark_submit.py:523} INFO - 21/12/09 02:30:43 INFO OutputCommitCoordinator$OutputCommitCoordinatorEndpoint: OutputCommitCoordinator stopped!
[2021-12-09 02:30:43,121] {spark_submit.py:523} INFO - 21/12/09 02:30:43 INFO SparkContext: Successfully stopped SparkContext
[2021-12-09 02:30:43,123] {spark_submit.py:523} INFO - 21/12/09 02:30:43 INFO ShutdownHookManager: Shutdown hook called
[2021-12-09 02:30:43,124] {spark_submit.py:523} INFO - 21/12/09 02:30:43 INFO ShutdownHookManager: Deleting directory /tmp/spark-832a7042-e5a7-4032-b314-3c9c8dfd835b
[2021-12-09 02:30:43,129] {spark_submit.py:523} INFO - 21/12/09 02:30:43 INFO ShutdownHookManager: Deleting directory /tmp/spark-548d8870-4427-4180-9ff6-e41452b92308
[2021-12-09 02:30:43,136] {spark_submit.py:523} INFO - 21/12/09 02:30:43 INFO ShutdownHookManager: Deleting directory /tmp/spark-832a7042-e5a7-4032-b314-3c9c8dfd835b/pyspark-b7fb80bf-7096-4cbc-8c8a-1f5923d66153
[2021-12-09 02:30:43,257] {taskinstance.py:1280} INFO - Marking task as SUCCESS. dag_id=scraping_daft_kilkenny, task_id=persist_data, execution_date=20211208T023000, start_date=20211209T023033, end_date=20211209T023043
[2021-12-09 02:30:43,300] {local_task_job.py:154} INFO - Task exited with return code 0
[2021-12-09 02:30:43,395] {local_task_job.py:264} INFO - 1 downstream tasks scheduled from follow-on schedule check
