[2021-12-16 11:05:32,124] {taskinstance.py:1035} INFO - Dependencies all met for <TaskInstance: scraping_daft_mayo.remove_file scheduled__2021-12-15T10:20:00+00:00 [queued]>
[2021-12-16 11:05:32,192] {taskinstance.py:1035} INFO - Dependencies all met for <TaskInstance: scraping_daft_mayo.remove_file scheduled__2021-12-15T10:20:00+00:00 [queued]>
[2021-12-16 11:05:32,194] {taskinstance.py:1241} INFO - 
--------------------------------------------------------------------------------
[2021-12-16 11:05:32,196] {taskinstance.py:1242} INFO - Starting attempt 1 of 4
[2021-12-16 11:05:32,197] {taskinstance.py:1243} INFO - 
--------------------------------------------------------------------------------
[2021-12-16 11:05:32,270] {taskinstance.py:1262} INFO - Executing <Task(SparkSubmitOperator): remove_file> on 2021-12-15 10:20:00+00:00
[2021-12-16 11:05:32,278] {standard_task_runner.py:52} INFO - Started process 15098 to run task
[2021-12-16 11:05:32,310] {standard_task_runner.py:76} INFO - Running: ['***', 'tasks', 'run', 'scraping_daft_mayo', 'remove_file', 'scheduled__2021-12-15T10:20:00+00:00', '--job-id', '2762', '--raw', '--subdir', 'DAGS_FOLDER/scraping_daft_mayo.py', '--cfg-path', '/tmp/tmplu9fx8cj', '--error-file', '/tmp/tmpbcdyz2ck']
[2021-12-16 11:05:32,327] {standard_task_runner.py:77} INFO - Job 2762: Subtask remove_file
[2021-12-16 11:05:32,664] {logging_mixin.py:109} INFO - Running <TaskInstance: scraping_daft_mayo.remove_file scheduled__2021-12-15T10:20:00+00:00 [running]> on host 10035bfec3db
[2021-12-16 11:05:33,018] {taskinstance.py:1429} INFO - Exporting the following env vars:
AIRFLOW_CTX_DAG_EMAIL=clement.liscoet@gmail.com
AIRFLOW_CTX_DAG_OWNER=clemoni
AIRFLOW_CTX_DAG_ID=scraping_daft_mayo
AIRFLOW_CTX_TASK_ID=remove_file
AIRFLOW_CTX_EXECUTION_DATE=2021-12-15T10:20:00+00:00
AIRFLOW_CTX_DAG_RUN_ID=scheduled__2021-12-15T10:20:00+00:00
[2021-12-16 11:05:33,115] {base.py:79} INFO - Using connection to: id: spark_default. Host: spark://spark:7077, Port: None, Schema: , Login: ***, Password: ***, extra: {}
[2021-12-16 11:05:33,121] {spark_submit.py:360} INFO - Spark-Submit cmd: spark-submit --master spark://spark:7077 --conf spark.master=spark://spark:7077 --name remove file --verbose /opt/***/jobs/remove_file.py mayo
[2021-12-16 11:05:43,852] {spark_submit.py:514} INFO - Using properties file: null
[2021-12-16 11:05:45,089] {spark_submit.py:514} INFO - WARNING: An illegal reflective access operation has occurred
[2021-12-16 11:05:45,091] {spark_submit.py:514} INFO - WARNING: Illegal reflective access by org.apache.spark.unsafe.Platform (file:/home/***/.local/lib/python3.6/site-packages/pyspark/jars/spark-unsafe_2.12-3.2.0.jar) to constructor java.nio.DirectByteBuffer(long,int)
[2021-12-16 11:05:45,093] {spark_submit.py:514} INFO - WARNING: Please consider reporting this to the maintainers of org.apache.spark.unsafe.Platform
[2021-12-16 11:05:45,094] {spark_submit.py:514} INFO - WARNING: Use --illegal-access=warn to enable warnings of further illegal reflective access operations
[2021-12-16 11:05:45,098] {spark_submit.py:514} INFO - WARNING: All illegal access operations will be denied in a future release
[2021-12-16 11:05:45,570] {spark_submit.py:514} INFO - Parsed arguments:
[2021-12-16 11:05:45,573] {spark_submit.py:514} INFO - master                  spark://spark:7077
[2021-12-16 11:05:45,575] {spark_submit.py:514} INFO - deployMode              null
[2021-12-16 11:05:45,582] {spark_submit.py:514} INFO - executorMemory          null
[2021-12-16 11:05:45,585] {spark_submit.py:514} INFO - executorCores           null
[2021-12-16 11:05:45,586] {spark_submit.py:514} INFO - totalExecutorCores      null
[2021-12-16 11:05:45,589] {spark_submit.py:514} INFO - propertiesFile          null
[2021-12-16 11:05:45,593] {spark_submit.py:514} INFO - driverMemory            null
[2021-12-16 11:05:45,594] {spark_submit.py:514} INFO - driverCores             null
[2021-12-16 11:05:45,595] {spark_submit.py:514} INFO - driverExtraClassPath    null
[2021-12-16 11:05:45,596] {spark_submit.py:514} INFO - driverExtraLibraryPath  null
[2021-12-16 11:05:45,600] {spark_submit.py:514} INFO - driverExtraJavaOptions  null
[2021-12-16 11:05:45,607] {spark_submit.py:514} INFO - supervise               false
[2021-12-16 11:05:45,609] {spark_submit.py:514} INFO - queue                   null
[2021-12-16 11:05:45,615] {spark_submit.py:514} INFO - numExecutors            null
[2021-12-16 11:05:45,616] {spark_submit.py:514} INFO - files                   null
[2021-12-16 11:05:45,619] {spark_submit.py:514} INFO - pyFiles                 null
[2021-12-16 11:05:45,620] {spark_submit.py:514} INFO - archives                null
[2021-12-16 11:05:45,624] {spark_submit.py:514} INFO - mainClass               null
[2021-12-16 11:05:45,626] {spark_submit.py:514} INFO - primaryResource         file:/opt/***/jobs/remove_file.py
[2021-12-16 11:05:45,634] {spark_submit.py:514} INFO - name                    remove file
[2021-12-16 11:05:45,636] {spark_submit.py:514} INFO - childArgs               [mayo]
[2021-12-16 11:05:45,637] {spark_submit.py:514} INFO - jars                    null
[2021-12-16 11:05:45,642] {spark_submit.py:514} INFO - packages                null
[2021-12-16 11:05:45,647] {spark_submit.py:514} INFO - packagesExclusions      null
[2021-12-16 11:05:45,649] {spark_submit.py:514} INFO - repositories            null
[2021-12-16 11:05:45,650] {spark_submit.py:514} INFO - verbose                 true
[2021-12-16 11:05:45,654] {spark_submit.py:514} INFO - 
[2021-12-16 11:05:45,657] {spark_submit.py:514} INFO - Spark properties used, including those specified through
[2021-12-16 11:05:45,665] {spark_submit.py:514} INFO - --conf and those from the properties file null:
[2021-12-16 11:05:45,670] {spark_submit.py:514} INFO - (spark.master,spark://spark:7077)
[2021-12-16 11:05:45,680] {spark_submit.py:514} INFO - 
[2021-12-16 11:05:45,684] {spark_submit.py:514} INFO - 
[2021-12-16 11:05:47,872] {spark_submit.py:514} INFO - Main class:
[2021-12-16 11:05:47,873] {spark_submit.py:514} INFO - org.apache.spark.deploy.PythonRunner
[2021-12-16 11:05:47,875] {spark_submit.py:514} INFO - Arguments:
[2021-12-16 11:05:47,876] {spark_submit.py:514} INFO - file:/opt/***/jobs/remove_file.py
[2021-12-16 11:05:47,883] {spark_submit.py:514} INFO - null
[2021-12-16 11:05:47,884] {spark_submit.py:514} INFO - mayo
[2021-12-16 11:05:47,891] {spark_submit.py:514} INFO - --verbose
[2021-12-16 11:05:47,893] {spark_submit.py:514} INFO - Spark config:
[2021-12-16 11:05:47,894] {spark_submit.py:514} INFO - (spark.app.name,remove file)
[2021-12-16 11:05:47,897] {spark_submit.py:514} INFO - (spark.master,spark://spark:7077)
[2021-12-16 11:05:47,909] {spark_submit.py:514} INFO - (spark.submit.pyFiles,)
[2021-12-16 11:05:47,910] {spark_submit.py:514} INFO - (spark.submit.deployMode,client)
[2021-12-16 11:05:47,912] {spark_submit.py:514} INFO - Classpath elements:
[2021-12-16 11:05:47,913] {spark_submit.py:514} INFO - 
[2021-12-16 11:05:47,917] {spark_submit.py:514} INFO - 
[2021-12-16 11:05:47,923] {spark_submit.py:514} INFO - 
[2021-12-16 11:05:52,602] {spark_submit.py:514} INFO - Using Spark's default log4j profile: org/apache/spark/log4j-defaults.properties
[2021-12-16 11:05:52,648] {spark_submit.py:514} INFO - 21/12/16 11:05:52 INFO SparkContext: Running Spark version 3.2.0
[2021-12-16 11:05:53,293] {spark_submit.py:514} INFO - 21/12/16 11:05:53 WARN NativeCodeLoader: Unable to load native-hadoop library for your platform... using builtin-java classes where applicable
[2021-12-16 11:05:53,870] {spark_submit.py:514} INFO - 21/12/16 11:05:53 INFO ResourceUtils: ==============================================================
[2021-12-16 11:05:53,872] {spark_submit.py:514} INFO - 21/12/16 11:05:53 INFO ResourceUtils: No custom resources configured for spark.driver.
[2021-12-16 11:05:53,878] {spark_submit.py:514} INFO - 21/12/16 11:05:53 INFO ResourceUtils: ==============================================================
[2021-12-16 11:05:53,879] {spark_submit.py:514} INFO - 21/12/16 11:05:53 INFO SparkContext: Submitted application: Remove file
[2021-12-16 11:05:54,060] {spark_submit.py:514} INFO - 21/12/16 11:05:54 INFO ResourceProfile: Default ResourceProfile created, executor resources: Map(cores -> name: cores, amount: 1, script: , vendor: , memory -> name: memory, amount: 1024, script: , vendor: , offHeap -> name: offHeap, amount: 0, script: , vendor: ), task resources: Map(cpus -> name: cpus, amount: 1.0)
[2021-12-16 11:05:54,111] {spark_submit.py:514} INFO - 21/12/16 11:05:54 INFO ResourceProfile: Limiting resource is cpu
[2021-12-16 11:05:54,118] {spark_submit.py:514} INFO - 21/12/16 11:05:54 INFO ResourceProfileManager: Added ResourceProfile id: 0
[2021-12-16 11:05:54,401] {spark_submit.py:514} INFO - 21/12/16 11:05:54 INFO SecurityManager: Changing view acls to: ***
[2021-12-16 11:05:54,407] {spark_submit.py:514} INFO - 21/12/16 11:05:54 INFO SecurityManager: Changing modify acls to: ***
[2021-12-16 11:05:54,409] {spark_submit.py:514} INFO - 21/12/16 11:05:54 INFO SecurityManager: Changing view acls groups to:
[2021-12-16 11:05:54,411] {spark_submit.py:514} INFO - 21/12/16 11:05:54 INFO SecurityManager: Changing modify acls groups to:
[2021-12-16 11:05:54,413] {spark_submit.py:514} INFO - 21/12/16 11:05:54 INFO SecurityManager: SecurityManager: authentication disabled; ui acls disabled; users  with view permissions: Set(***); groups with view permissions: Set(); users  with modify permissions: Set(***); groups with modify permissions: Set()
[2021-12-16 11:05:55,677] {spark_submit.py:514} INFO - 21/12/16 11:05:55 INFO Utils: Successfully started service 'sparkDriver' on port 38029.
[2021-12-16 11:05:55,821] {spark_submit.py:514} INFO - 21/12/16 11:05:55 INFO SparkEnv: Registering MapOutputTracker
[2021-12-16 11:05:55,989] {spark_submit.py:514} INFO - 21/12/16 11:05:55 INFO SparkEnv: Registering BlockManagerMaster
[2021-12-16 11:05:56,110] {spark_submit.py:514} INFO - 21/12/16 11:05:56 INFO BlockManagerMasterEndpoint: Using org.apache.spark.storage.DefaultTopologyMapper for getting topology information
[2021-12-16 11:05:56,114] {spark_submit.py:514} INFO - 21/12/16 11:05:56 INFO BlockManagerMasterEndpoint: BlockManagerMasterEndpoint up
[2021-12-16 11:05:56,145] {spark_submit.py:514} INFO - 21/12/16 11:05:56 INFO SparkEnv: Registering BlockManagerMasterHeartbeat
[2021-12-16 11:05:56,347] {spark_submit.py:514} INFO - 21/12/16 11:05:56 INFO DiskBlockManager: Created local directory at /tmp/blockmgr-967cfb5b-d000-4318-8cf8-e1fcb069595d
[2021-12-16 11:05:56,502] {spark_submit.py:514} INFO - 21/12/16 11:05:56 INFO MemoryStore: MemoryStore started with capacity 434.4 MiB
[2021-12-16 11:05:56,644] {spark_submit.py:514} INFO - 21/12/16 11:05:56 INFO SparkEnv: Registering OutputCommitCoordinator
[2021-12-16 11:05:57,952] {spark_submit.py:514} INFO - 21/12/16 11:05:57 WARN Utils: Service 'SparkUI' could not bind on port 4040. Attempting port 4041.
[2021-12-16 11:05:57,961] {spark_submit.py:514} INFO - 21/12/16 11:05:57 WARN Utils: Service 'SparkUI' could not bind on port 4041. Attempting port 4042.
[2021-12-16 11:05:58,025] {spark_submit.py:514} INFO - 21/12/16 11:05:58 INFO Utils: Successfully started service 'SparkUI' on port 4042.
[2021-12-16 11:05:58,422] {spark_submit.py:514} INFO - 21/12/16 11:05:58 INFO SparkUI: Bound SparkUI to 0.0.0.0, and started at http://10035bfec3db:4042
[2021-12-16 11:05:59,076] {spark_submit.py:514} INFO - 21/12/16 11:05:59 INFO StandaloneAppClient$ClientEndpoint: Connecting to master spark://spark:7077...
[2021-12-16 11:05:59,380] {spark_submit.py:514} INFO - 21/12/16 11:05:59 INFO TransportClientFactory: Successfully created connection to spark/172.21.0.4:7077 after 202 ms (0 ms spent in bootstraps)
[2021-12-16 11:05:59,686] {spark_submit.py:514} INFO - 21/12/16 11:05:59 INFO StandaloneSchedulerBackend: Connected to Spark cluster with app ID app-20211216110559-0073
[2021-12-16 11:05:59,710] {spark_submit.py:514} INFO - 21/12/16 11:05:59 INFO Utils: Successfully started service 'org.apache.spark.network.netty.NettyBlockTransferService' on port 39913.
[2021-12-16 11:05:59,721] {spark_submit.py:514} INFO - 21/12/16 11:05:59 INFO NettyBlockTransferService: Server created on 10035bfec3db:39913
[2021-12-16 11:05:59,725] {spark_submit.py:514} INFO - 21/12/16 11:05:59 INFO BlockManager: Using org.apache.spark.storage.RandomBlockReplicationPolicy for block replication policy
[2021-12-16 11:05:59,743] {spark_submit.py:514} INFO - 21/12/16 11:05:59 INFO BlockManagerMaster: Registering BlockManager BlockManagerId(driver, 10035bfec3db, 39913, None)
[2021-12-16 11:05:59,755] {spark_submit.py:514} INFO - 21/12/16 11:05:59 INFO BlockManagerMasterEndpoint: Registering block manager 10035bfec3db:39913 with 434.4 MiB RAM, BlockManagerId(driver, 10035bfec3db, 39913, None)
[2021-12-16 11:05:59,764] {spark_submit.py:514} INFO - 21/12/16 11:05:59 INFO BlockManagerMaster: Registered BlockManager BlockManagerId(driver, 10035bfec3db, 39913, None)
[2021-12-16 11:05:59,769] {spark_submit.py:514} INFO - 21/12/16 11:05:59 INFO BlockManager: Initialized BlockManager: BlockManagerId(driver, 10035bfec3db, 39913, None)
[2021-12-16 11:06:00,203] {spark_submit.py:514} INFO - 21/12/16 11:06:00 INFO StandaloneSchedulerBackend: SchedulerBackend is ready for scheduling beginning after reached minRegisteredResourcesRatio: 0.0
[2021-12-16 11:06:00,259] {spark_submit.py:514} INFO - /home/***/.local/lib/python3.6/site-packages/pyspark/python/lib/pyspark.zip/pyspark/context.py:238: FutureWarning: Python 3.6 support is deprecated in Spark 3.2.
[2021-12-16 11:06:00,260] {spark_submit.py:514} INFO - FutureWarning
[2021-12-16 11:06:00,699] {spark_submit.py:514} INFO - 21/12/16 11:06:00 INFO SharedState: Setting hive.metastore.warehouse.dir ('null') to the value of spark.sql.warehouse.dir.
[2021-12-16 11:06:00,739] {spark_submit.py:514} INFO - 21/12/16 11:06:00 INFO SharedState: Warehouse path is 'file:/opt/***/spark-warehouse'.
[2021-12-16 11:06:02,114] {spark_submit.py:514} INFO - file: mayo_rent.json deleted
[2021-12-16 11:06:02,277] {spark_submit.py:514} INFO - 21/12/16 11:06:02 INFO SparkContext: Invoking stop() from shutdown hook
[2021-12-16 11:06:02,309] {spark_submit.py:514} INFO - 21/12/16 11:06:02 INFO SparkUI: Stopped Spark web UI at http://10035bfec3db:4042
[2021-12-16 11:06:02,322] {spark_submit.py:514} INFO - 21/12/16 11:06:02 INFO StandaloneSchedulerBackend: Shutting down all executors
[2021-12-16 11:06:02,332] {spark_submit.py:514} INFO - 21/12/16 11:06:02 INFO CoarseGrainedSchedulerBackend$DriverEndpoint: Asking each executor to shut down
[2021-12-16 11:06:02,369] {spark_submit.py:514} INFO - 21/12/16 11:06:02 INFO MapOutputTrackerMasterEndpoint: MapOutputTrackerMasterEndpoint stopped!
[2021-12-16 11:06:02,396] {spark_submit.py:514} INFO - 21/12/16 11:06:02 INFO MemoryStore: MemoryStore cleared
[2021-12-16 11:06:02,397] {spark_submit.py:514} INFO - 21/12/16 11:06:02 INFO BlockManager: BlockManager stopped
[2021-12-16 11:06:02,417] {spark_submit.py:514} INFO - 21/12/16 11:06:02 INFO BlockManagerMaster: BlockManagerMaster stopped
[2021-12-16 11:06:02,421] {spark_submit.py:514} INFO - 21/12/16 11:06:02 INFO OutputCommitCoordinator$OutputCommitCoordinatorEndpoint: OutputCommitCoordinator stopped!
[2021-12-16 11:06:02,442] {spark_submit.py:514} INFO - 21/12/16 11:06:02 INFO SparkContext: Successfully stopped SparkContext
[2021-12-16 11:06:02,443] {spark_submit.py:514} INFO - 21/12/16 11:06:02 INFO ShutdownHookManager: Shutdown hook called
[2021-12-16 11:06:02,445] {spark_submit.py:514} INFO - 21/12/16 11:06:02 INFO ShutdownHookManager: Deleting directory /tmp/spark-390ad843-0696-47aa-b971-1af7cf0c2095
[2021-12-16 11:06:02,454] {spark_submit.py:514} INFO - 21/12/16 11:06:02 INFO ShutdownHookManager: Deleting directory /tmp/spark-390ad843-0696-47aa-b971-1af7cf0c2095/pyspark-ade7fc6d-41d0-4a2e-a34c-7468b9c14287
[2021-12-16 11:06:02,459] {spark_submit.py:514} INFO - 21/12/16 11:06:02 INFO ShutdownHookManager: Deleting directory /tmp/spark-f9541230-2acb-4320-806f-b322565490aa
[2021-12-16 11:06:02,599] {taskinstance.py:1280} INFO - Marking task as SUCCESS. dag_id=scraping_daft_mayo, task_id=remove_file, execution_date=20211215T102000, start_date=20211216T110532, end_date=20211216T110602
[2021-12-16 11:06:02,679] {local_task_job.py:154} INFO - Task exited with return code 0
[2021-12-16 11:06:02,759] {local_task_job.py:264} INFO - 0 downstream tasks scheduled from follow-on schedule check
