[2022-01-01 12:49:33,336] {taskinstance.py:1035} INFO - Dependencies all met for <TaskInstance: scraping_daft_wicklow.get_reporting scheduled__2021-12-31T11:10:00+00:00 [queued]>
[2022-01-01 12:49:34,551] {taskinstance.py:1035} INFO - Dependencies all met for <TaskInstance: scraping_daft_wicklow.get_reporting scheduled__2021-12-31T11:10:00+00:00 [queued]>
[2022-01-01 12:49:34,577] {taskinstance.py:1241} INFO - 
--------------------------------------------------------------------------------
[2022-01-01 12:49:34,587] {taskinstance.py:1242} INFO - Starting attempt 1 of 4
[2022-01-01 12:49:34,626] {taskinstance.py:1243} INFO - 
--------------------------------------------------------------------------------
[2022-01-01 12:49:35,045] {taskinstance.py:1262} INFO - Executing <Task(_PythonDecoratedOperator): get_reporting> on 2021-12-31 11:10:00+00:00
[2022-01-01 12:49:35,324] {standard_task_runner.py:76} INFO - Running: ['***', 'tasks', 'run', 'scraping_daft_wicklow', 'get_reporting', 'scheduled__2021-12-31T11:10:00+00:00', '--job-id', '5989', '--raw', '--subdir', 'DAGS_FOLDER/scraping_daft_wicklow.py', '--cfg-path', '/tmp/tmpkjo8z0qs', '--error-file', '/tmp/tmp7odydbux']
[2022-01-01 12:49:35,346] {standard_task_runner.py:77} INFO - Job 5989: Subtask get_reporting
[2022-01-01 12:49:35,290] {standard_task_runner.py:52} INFO - Started process 8865 to run task
[2022-01-01 12:49:35,986] {logging_mixin.py:109} INFO - Running <TaskInstance: scraping_daft_wicklow.get_reporting scheduled__2021-12-31T11:10:00+00:00 [running]> on host 33b99c52f92c
[2022-01-01 12:49:36,775] {taskinstance.py:1429} INFO - Exporting the following env vars:
AIRFLOW_CTX_DAG_EMAIL=clement.liscoet@gmail.com
AIRFLOW_CTX_DAG_OWNER=clemoni
AIRFLOW_CTX_DAG_ID=scraping_daft_wicklow
AIRFLOW_CTX_TASK_ID=get_reporting
AIRFLOW_CTX_EXECUTION_DATE=2021-12-31T11:10:00+00:00
AIRFLOW_CTX_DAG_RUN_ID=scheduled__2021-12-31T11:10:00+00:00
[2022-01-01 12:49:36,933] {logging_mixin.py:109} INFO - wicklow
[2022-01-01 12:49:37,086] {base.py:79} INFO - Using connection to: id: postgres_db. Host: postgres, Port: 5432, Schema: scraping_daft, Login: ***, Password: ***, extra: {}
[2022-01-01 12:49:37,535] {python.py:152} INFO - Done. Returned value was: None
[2022-01-01 12:49:38,716] {taskinstance.py:1280} INFO - Marking task as SUCCESS. dag_id=scraping_daft_wicklow, task_id=get_reporting, execution_date=20211231T111000, start_date=20220101T124933, end_date=20220101T124938
[2022-01-01 12:49:39,148] {local_task_job.py:154} INFO - Task exited with return code 0
[2022-01-01 12:49:40,943] {local_task_job.py:264} INFO - 1 downstream tasks scheduled from follow-on schedule check
