[2021-12-23 12:26:23,859] {taskinstance.py:1035} INFO - Dependencies all met for <TaskInstance: scraping_daft_offaly.remove_file scheduled__2021-12-22T10:35:00+00:00 [queued]>
[2021-12-23 12:26:23,901] {taskinstance.py:1035} INFO - Dependencies all met for <TaskInstance: scraping_daft_offaly.remove_file scheduled__2021-12-22T10:35:00+00:00 [queued]>
[2021-12-23 12:26:23,903] {taskinstance.py:1241} INFO - 
--------------------------------------------------------------------------------
[2021-12-23 12:26:23,904] {taskinstance.py:1242} INFO - Starting attempt 1 of 4
[2021-12-23 12:26:23,906] {taskinstance.py:1243} INFO - 
--------------------------------------------------------------------------------
[2021-12-23 12:26:23,935] {taskinstance.py:1262} INFO - Executing <Task(SparkSubmitOperator): remove_file> on 2021-12-22 10:35:00+00:00
[2021-12-23 12:26:23,947] {standard_task_runner.py:52} INFO - Started process 9250 to run task
[2021-12-23 12:26:23,956] {standard_task_runner.py:76} INFO - Running: ['***', 'tasks', 'run', 'scraping_daft_offaly', 'remove_file', 'scheduled__2021-12-22T10:35:00+00:00', '--job-id', '4118', '--raw', '--subdir', 'DAGS_FOLDER/scraping_daft_offaly.py', '--cfg-path', '/tmp/tmpx_db16au', '--error-file', '/tmp/tmpyfkjr00k']
[2021-12-23 12:26:23,958] {standard_task_runner.py:77} INFO - Job 4118: Subtask remove_file
[2021-12-23 12:26:24,141] {logging_mixin.py:109} INFO - Running <TaskInstance: scraping_daft_offaly.remove_file scheduled__2021-12-22T10:35:00+00:00 [running]> on host eecc602ed8f2
[2021-12-23 12:26:24,600] {taskinstance.py:1429} INFO - Exporting the following env vars:
AIRFLOW_CTX_DAG_EMAIL=clement.liscoet@gmail.com
AIRFLOW_CTX_DAG_OWNER=clemoni
AIRFLOW_CTX_DAG_ID=scraping_daft_offaly
AIRFLOW_CTX_TASK_ID=remove_file
AIRFLOW_CTX_EXECUTION_DATE=2021-12-22T10:35:00+00:00
AIRFLOW_CTX_DAG_RUN_ID=scheduled__2021-12-22T10:35:00+00:00
[2021-12-23 12:26:24,676] {base.py:79} INFO - Using connection to: id: spark_default. Host: spark://spark:7077, Port: None, Schema: , Login: ***, Password: ***, extra: {}
[2021-12-23 12:26:24,691] {spark_submit.py:360} INFO - Spark-Submit cmd: spark-submit --master spark://spark:7077 --conf spark.master=spark://spark:7077 --name remove file --verbose /opt/***/jobs/remove_file.py offaly
[2021-12-23 12:26:27,891] {spark_submit.py:514} INFO - Using properties file: null
[2021-12-23 12:26:28,239] {spark_submit.py:514} INFO - WARNING: An illegal reflective access operation has occurred
[2021-12-23 12:26:28,244] {spark_submit.py:514} INFO - WARNING: Illegal reflective access by org.apache.spark.unsafe.Platform (file:/home/***/.local/lib/python3.6/site-packages/pyspark/jars/spark-unsafe_2.12-3.2.0.jar) to constructor java.nio.DirectByteBuffer(long,int)
[2021-12-23 12:26:28,247] {spark_submit.py:514} INFO - WARNING: Please consider reporting this to the maintainers of org.apache.spark.unsafe.Platform
[2021-12-23 12:26:28,249] {spark_submit.py:514} INFO - WARNING: Use --illegal-access=warn to enable warnings of further illegal reflective access operations
[2021-12-23 12:26:28,252] {spark_submit.py:514} INFO - WARNING: All illegal access operations will be denied in a future release
[2021-12-23 12:26:28,438] {spark_submit.py:514} INFO - Parsed arguments:
[2021-12-23 12:26:28,441] {spark_submit.py:514} INFO - master                  spark://spark:7077
[2021-12-23 12:26:28,443] {spark_submit.py:514} INFO - deployMode              null
[2021-12-23 12:26:28,446] {spark_submit.py:514} INFO - executorMemory          null
[2021-12-23 12:26:28,449] {spark_submit.py:514} INFO - executorCores           null
[2021-12-23 12:26:28,451] {spark_submit.py:514} INFO - totalExecutorCores      null
[2021-12-23 12:26:28,453] {spark_submit.py:514} INFO - propertiesFile          null
[2021-12-23 12:26:28,455] {spark_submit.py:514} INFO - driverMemory            null
[2021-12-23 12:26:28,458] {spark_submit.py:514} INFO - driverCores             null
[2021-12-23 12:26:28,503] {spark_submit.py:514} INFO - driverExtraClassPath    null
[2021-12-23 12:26:28,505] {spark_submit.py:514} INFO - driverExtraLibraryPath  null
[2021-12-23 12:26:28,508] {spark_submit.py:514} INFO - driverExtraJavaOptions  null
[2021-12-23 12:26:28,510] {spark_submit.py:514} INFO - supervise               false
[2021-12-23 12:26:28,512] {spark_submit.py:514} INFO - queue                   null
[2021-12-23 12:26:28,513] {spark_submit.py:514} INFO - numExecutors            null
[2021-12-23 12:26:28,515] {spark_submit.py:514} INFO - files                   null
[2021-12-23 12:26:28,518] {spark_submit.py:514} INFO - pyFiles                 null
[2021-12-23 12:26:28,522] {spark_submit.py:514} INFO - archives                null
[2021-12-23 12:26:28,523] {spark_submit.py:514} INFO - mainClass               null
[2021-12-23 12:26:28,525] {spark_submit.py:514} INFO - primaryResource         file:/opt/***/jobs/remove_file.py
[2021-12-23 12:26:28,529] {spark_submit.py:514} INFO - name                    remove file
[2021-12-23 12:26:28,534] {spark_submit.py:514} INFO - childArgs               [offaly]
[2021-12-23 12:26:28,535] {spark_submit.py:514} INFO - jars                    null
[2021-12-23 12:26:28,539] {spark_submit.py:514} INFO - packages                null
[2021-12-23 12:26:28,540] {spark_submit.py:514} INFO - packagesExclusions      null
[2021-12-23 12:26:28,544] {spark_submit.py:514} INFO - repositories            null
[2021-12-23 12:26:28,545] {spark_submit.py:514} INFO - verbose                 true
[2021-12-23 12:26:28,547] {spark_submit.py:514} INFO - 
[2021-12-23 12:26:28,549] {spark_submit.py:514} INFO - Spark properties used, including those specified through
[2021-12-23 12:26:28,550] {spark_submit.py:514} INFO - --conf and those from the properties file null:
[2021-12-23 12:26:28,552] {spark_submit.py:514} INFO - (spark.master,spark://spark:7077)
[2021-12-23 12:26:28,553] {spark_submit.py:514} INFO - 
[2021-12-23 12:26:28,555] {spark_submit.py:514} INFO - 
[2021-12-23 12:26:29,415] {spark_submit.py:514} INFO - Main class:
[2021-12-23 12:26:29,416] {spark_submit.py:514} INFO - org.apache.spark.deploy.PythonRunner
[2021-12-23 12:26:29,421] {spark_submit.py:514} INFO - Arguments:
[2021-12-23 12:26:29,422] {spark_submit.py:514} INFO - file:/opt/***/jobs/remove_file.py
[2021-12-23 12:26:29,423] {spark_submit.py:514} INFO - null
[2021-12-23 12:26:29,424] {spark_submit.py:514} INFO - offaly
[2021-12-23 12:26:29,426] {spark_submit.py:514} INFO - --verbose
[2021-12-23 12:26:29,427] {spark_submit.py:514} INFO - Spark config:
[2021-12-23 12:26:29,428] {spark_submit.py:514} INFO - (spark.app.name,remove file)
[2021-12-23 12:26:29,429] {spark_submit.py:514} INFO - (spark.master,spark://spark:7077)
[2021-12-23 12:26:29,430] {spark_submit.py:514} INFO - (spark.submit.pyFiles,)
[2021-12-23 12:26:29,431] {spark_submit.py:514} INFO - (spark.submit.deployMode,client)
[2021-12-23 12:26:29,432] {spark_submit.py:514} INFO - Classpath elements:
[2021-12-23 12:26:29,433] {spark_submit.py:514} INFO - 
[2021-12-23 12:26:29,435] {spark_submit.py:514} INFO - 
[2021-12-23 12:26:29,435] {spark_submit.py:514} INFO - 
[2021-12-23 12:26:32,250] {spark_submit.py:514} INFO - Using Spark's default log4j profile: org/apache/spark/log4j-defaults.properties
[2021-12-23 12:26:32,285] {spark_submit.py:514} INFO - 21/12/23 12:26:32 INFO SparkContext: Running Spark version 3.2.0
[2021-12-23 12:26:33,342] {spark_submit.py:514} INFO - 21/12/23 12:26:33 WARN NativeCodeLoader: Unable to load native-hadoop library for your platform... using builtin-java classes where applicable
[2021-12-23 12:26:34,326] {spark_submit.py:514} INFO - 21/12/23 12:26:34 INFO ResourceUtils: ==============================================================
[2021-12-23 12:26:34,349] {spark_submit.py:514} INFO - 21/12/23 12:26:34 INFO ResourceUtils: No custom resources configured for spark.driver.
[2021-12-23 12:26:34,353] {spark_submit.py:514} INFO - 21/12/23 12:26:34 INFO ResourceUtils: ==============================================================
[2021-12-23 12:26:34,357] {spark_submit.py:514} INFO - 21/12/23 12:26:34 INFO SparkContext: Submitted application: Remove file
[2021-12-23 12:26:34,601] {spark_submit.py:514} INFO - 21/12/23 12:26:34 INFO ResourceProfile: Default ResourceProfile created, executor resources: Map(cores -> name: cores, amount: 1, script: , vendor: , memory -> name: memory, amount: 1024, script: , vendor: , offHeap -> name: offHeap, amount: 0, script: , vendor: ), task resources: Map(cpus -> name: cpus, amount: 1.0)
[2021-12-23 12:26:34,639] {spark_submit.py:514} INFO - 21/12/23 12:26:34 INFO ResourceProfile: Limiting resource is cpu
[2021-12-23 12:26:34,643] {spark_submit.py:514} INFO - 21/12/23 12:26:34 INFO ResourceProfileManager: Added ResourceProfile id: 0
[2021-12-23 12:26:34,855] {spark_submit.py:514} INFO - 21/12/23 12:26:34 INFO SecurityManager: Changing view acls to: ***
[2021-12-23 12:26:34,856] {spark_submit.py:514} INFO - 21/12/23 12:26:34 INFO SecurityManager: Changing modify acls to: ***
[2021-12-23 12:26:34,857] {spark_submit.py:514} INFO - 21/12/23 12:26:34 INFO SecurityManager: Changing view acls groups to:
[2021-12-23 12:26:34,859] {spark_submit.py:514} INFO - 21/12/23 12:26:34 INFO SecurityManager: Changing modify acls groups to:
[2021-12-23 12:26:34,874] {spark_submit.py:514} INFO - 21/12/23 12:26:34 INFO SecurityManager: SecurityManager: authentication disabled; ui acls disabled; users  with view permissions: Set(***); groups with view permissions: Set(); users  with modify permissions: Set(***); groups with modify permissions: Set()
[2021-12-23 12:26:36,448] {spark_submit.py:514} INFO - 21/12/23 12:26:36 INFO Utils: Successfully started service 'sparkDriver' on port 44603.
[2021-12-23 12:26:36,705] {spark_submit.py:514} INFO - 21/12/23 12:26:36 INFO SparkEnv: Registering MapOutputTracker
[2021-12-23 12:26:36,848] {spark_submit.py:514} INFO - 21/12/23 12:26:36 INFO SparkEnv: Registering BlockManagerMaster
[2021-12-23 12:26:36,909] {spark_submit.py:514} INFO - 21/12/23 12:26:36 INFO BlockManagerMasterEndpoint: Using org.apache.spark.storage.DefaultTopologyMapper for getting topology information
[2021-12-23 12:26:36,912] {spark_submit.py:514} INFO - 21/12/23 12:26:36 INFO BlockManagerMasterEndpoint: BlockManagerMasterEndpoint up
[2021-12-23 12:26:36,936] {spark_submit.py:514} INFO - 21/12/23 12:26:36 INFO SparkEnv: Registering BlockManagerMasterHeartbeat
[2021-12-23 12:26:37,098] {spark_submit.py:514} INFO - 21/12/23 12:26:37 INFO DiskBlockManager: Created local directory at /tmp/blockmgr-8beef82a-67c7-4a1f-b761-8b1389c5be20
[2021-12-23 12:26:37,164] {spark_submit.py:514} INFO - 21/12/23 12:26:37 INFO MemoryStore: MemoryStore started with capacity 434.4 MiB
[2021-12-23 12:26:37,271] {spark_submit.py:514} INFO - 21/12/23 12:26:37 INFO SparkEnv: Registering OutputCommitCoordinator
[2021-12-23 12:26:38,195] {spark_submit.py:514} INFO - 21/12/23 12:26:38 WARN Utils: Service 'SparkUI' could not bind on port 4040. Attempting port 4041.
[2021-12-23 12:26:38,300] {spark_submit.py:514} INFO - 21/12/23 12:26:38 INFO Utils: Successfully started service 'SparkUI' on port 4041.
[2021-12-23 12:26:38,720] {spark_submit.py:514} INFO - 21/12/23 12:26:38 INFO SparkUI: Bound SparkUI to 0.0.0.0, and started at http://eecc602ed8f2:4041
[2021-12-23 12:26:39,288] {spark_submit.py:514} INFO - 21/12/23 12:26:39 INFO StandaloneAppClient$ClientEndpoint: Connecting to master spark://spark:7077...
[2021-12-23 12:26:39,470] {spark_submit.py:514} INFO - 21/12/23 12:26:39 INFO TransportClientFactory: Successfully created connection to spark/172.20.0.4:7077 after 103 ms (0 ms spent in bootstraps)
[2021-12-23 12:26:39,687] {spark_submit.py:514} INFO - 21/12/23 12:26:39 INFO StandaloneSchedulerBackend: Connected to Spark cluster with app ID app-20211223122639-0040
[2021-12-23 12:26:39,731] {spark_submit.py:514} INFO - 21/12/23 12:26:39 INFO Utils: Successfully started service 'org.apache.spark.network.netty.NettyBlockTransferService' on port 45785.
[2021-12-23 12:26:39,732] {spark_submit.py:514} INFO - 21/12/23 12:26:39 INFO NettyBlockTransferService: Server created on eecc602ed8f2:45785
[2021-12-23 12:26:39,738] {spark_submit.py:514} INFO - 21/12/23 12:26:39 INFO BlockManager: Using org.apache.spark.storage.RandomBlockReplicationPolicy for block replication policy
[2021-12-23 12:26:39,793] {spark_submit.py:514} INFO - 21/12/23 12:26:39 INFO BlockManagerMaster: Registering BlockManager BlockManagerId(driver, eecc602ed8f2, 45785, None)
[2021-12-23 12:26:39,804] {spark_submit.py:514} INFO - 21/12/23 12:26:39 INFO BlockManagerMasterEndpoint: Registering block manager eecc602ed8f2:45785 with 434.4 MiB RAM, BlockManagerId(driver, eecc602ed8f2, 45785, None)
[2021-12-23 12:26:39,812] {spark_submit.py:514} INFO - 21/12/23 12:26:39 INFO BlockManagerMaster: Registered BlockManager BlockManagerId(driver, eecc602ed8f2, 45785, None)
[2021-12-23 12:26:39,815] {spark_submit.py:514} INFO - 21/12/23 12:26:39 INFO BlockManager: Initialized BlockManager: BlockManagerId(driver, eecc602ed8f2, 45785, None)
[2021-12-23 12:26:40,351] {spark_submit.py:514} INFO - 21/12/23 12:26:40 INFO StandaloneSchedulerBackend: SchedulerBackend is ready for scheduling beginning after reached minRegisteredResourcesRatio: 0.0
[2021-12-23 12:26:40,441] {spark_submit.py:514} INFO - /home/***/.local/lib/python3.6/site-packages/pyspark/python/lib/pyspark.zip/pyspark/context.py:238: FutureWarning: Python 3.6 support is deprecated in Spark 3.2.
[2021-12-23 12:26:40,442] {spark_submit.py:514} INFO - FutureWarning
[2021-12-23 12:26:41,014] {spark_submit.py:514} INFO - 21/12/23 12:26:41 INFO SharedState: Setting hive.metastore.warehouse.dir ('null') to the value of spark.sql.warehouse.dir.
[2021-12-23 12:26:41,115] {spark_submit.py:514} INFO - 21/12/23 12:26:41 INFO SharedState: Warehouse path is 'file:/opt/***/spark-warehouse'.
[2021-12-23 12:26:43,180] {spark_submit.py:514} INFO - file: offaly_rent.json deleted
[2021-12-23 12:26:43,515] {spark_submit.py:514} INFO - 21/12/23 12:26:43 INFO SparkContext: Invoking stop() from shutdown hook
[2021-12-23 12:26:43,563] {spark_submit.py:514} INFO - 21/12/23 12:26:43 INFO SparkUI: Stopped Spark web UI at http://eecc602ed8f2:4041
[2021-12-23 12:26:43,583] {spark_submit.py:514} INFO - 21/12/23 12:26:43 INFO StandaloneSchedulerBackend: Shutting down all executors
[2021-12-23 12:26:43,599] {spark_submit.py:514} INFO - 21/12/23 12:26:43 INFO CoarseGrainedSchedulerBackend$DriverEndpoint: Asking each executor to shut down
[2021-12-23 12:26:43,772] {spark_submit.py:514} INFO - 21/12/23 12:26:43 INFO MapOutputTrackerMasterEndpoint: MapOutputTrackerMasterEndpoint stopped!
[2021-12-23 12:26:43,944] {spark_submit.py:514} INFO - 21/12/23 12:26:43 INFO MemoryStore: MemoryStore cleared
[2021-12-23 12:26:43,949] {spark_submit.py:514} INFO - 21/12/23 12:26:43 INFO BlockManager: BlockManager stopped
[2021-12-23 12:26:43,998] {spark_submit.py:514} INFO - 21/12/23 12:26:43 INFO BlockManagerMaster: BlockManagerMaster stopped
[2021-12-23 12:26:44,019] {spark_submit.py:514} INFO - 21/12/23 12:26:44 INFO OutputCommitCoordinator$OutputCommitCoordinatorEndpoint: OutputCommitCoordinator stopped!
[2021-12-23 12:26:44,129] {spark_submit.py:514} INFO - 21/12/23 12:26:44 INFO SparkContext: Successfully stopped SparkContext
[2021-12-23 12:26:44,136] {spark_submit.py:514} INFO - 21/12/23 12:26:44 INFO ShutdownHookManager: Shutdown hook called
[2021-12-23 12:26:44,142] {spark_submit.py:514} INFO - 21/12/23 12:26:44 INFO ShutdownHookManager: Deleting directory /tmp/spark-a6ca517e-0921-4ce2-b195-1813340939aa/pyspark-946c933f-b381-4192-a139-ed70def7beb0
[2021-12-23 12:26:44,157] {spark_submit.py:514} INFO - 21/12/23 12:26:44 INFO ShutdownHookManager: Deleting directory /tmp/spark-ee1fce48-2e7f-4535-b366-8d2b4a60940e
[2021-12-23 12:26:44,168] {spark_submit.py:514} INFO - 21/12/23 12:26:44 INFO ShutdownHookManager: Deleting directory /tmp/spark-a6ca517e-0921-4ce2-b195-1813340939aa
[2021-12-23 12:26:44,489] {taskinstance.py:1280} INFO - Marking task as SUCCESS. dag_id=scraping_daft_offaly, task_id=remove_file, execution_date=20211222T103500, start_date=20211223T122623, end_date=20211223T122644
[2021-12-23 12:26:44,608] {local_task_job.py:154} INFO - Task exited with return code 0
[2021-12-23 12:26:44,835] {local_task_job.py:264} INFO - 0 downstream tasks scheduled from follow-on schedule check
