[2021-12-25 12:57:52,144] {taskinstance.py:1035} INFO - Dependencies all met for <TaskInstance: scraping_daft_tipperary.persist_data scheduled__2021-12-24T10:50:00+00:00 [queued]>
[2021-12-25 12:57:52,245] {taskinstance.py:1035} INFO - Dependencies all met for <TaskInstance: scraping_daft_tipperary.persist_data scheduled__2021-12-24T10:50:00+00:00 [queued]>
[2021-12-25 12:57:52,246] {taskinstance.py:1241} INFO - 
--------------------------------------------------------------------------------
[2021-12-25 12:57:52,248] {taskinstance.py:1242} INFO - Starting attempt 1 of 4
[2021-12-25 12:57:52,252] {taskinstance.py:1243} INFO - 
--------------------------------------------------------------------------------
[2021-12-25 12:57:52,331] {taskinstance.py:1262} INFO - Executing <Task(SparkSubmitOperator): persist_data> on 2021-12-24 10:50:00+00:00
[2021-12-25 12:57:52,344] {standard_task_runner.py:52} INFO - Started process 42853 to run task
[2021-12-25 12:57:52,426] {standard_task_runner.py:76} INFO - Running: ['***', 'tasks', 'run', 'scraping_daft_tipperary', 'persist_data', 'scheduled__2021-12-24T10:50:00+00:00', '--job-id', '4448', '--raw', '--subdir', 'DAGS_FOLDER/scraping_daft_tipperary.py', '--cfg-path', '/tmp/tmpr5bjm7jy', '--error-file', '/tmp/tmp206ckq9k']
[2021-12-25 12:57:52,462] {standard_task_runner.py:77} INFO - Job 4448: Subtask persist_data
[2021-12-25 12:57:52,875] {logging_mixin.py:109} INFO - Running <TaskInstance: scraping_daft_tipperary.persist_data scheduled__2021-12-24T10:50:00+00:00 [running]> on host dd6c6a1cba03
[2021-12-25 12:57:53,520] {taskinstance.py:1429} INFO - Exporting the following env vars:
AIRFLOW_CTX_DAG_EMAIL=clement.liscoet@gmail.com
AIRFLOW_CTX_DAG_OWNER=clemoni
AIRFLOW_CTX_DAG_ID=scraping_daft_tipperary
AIRFLOW_CTX_TASK_ID=persist_data
AIRFLOW_CTX_EXECUTION_DATE=2021-12-24T10:50:00+00:00
AIRFLOW_CTX_DAG_RUN_ID=scheduled__2021-12-24T10:50:00+00:00
[2021-12-25 12:57:53,637] {base.py:79} INFO - Using connection to: id: spark_default. Host: spark://spark:7077, Port: None, Schema: , Login: ***, Password: ***, extra: {}
[2021-12-25 12:57:53,645] {spark_submit.py:360} INFO - Spark-Submit cmd: spark-submit --master spark://spark:7077 --conf spark.master=spark://spark:7077 --name persist data --verbose /opt/***/jobs/persist_db.py tipperary
[2021-12-25 12:58:14,489] {spark_submit.py:514} INFO - Using properties file: null
[2021-12-25 12:58:16,942] {spark_submit.py:514} INFO - WARNING: An illegal reflective access operation has occurred
[2021-12-25 12:58:16,946] {spark_submit.py:514} INFO - WARNING: Illegal reflective access by org.apache.spark.unsafe.Platform (file:/home/***/.local/lib/python3.6/site-packages/pyspark/jars/spark-unsafe_2.12-3.2.0.jar) to constructor java.nio.DirectByteBuffer(long,int)
[2021-12-25 12:58:16,976] {spark_submit.py:514} INFO - WARNING: Please consider reporting this to the maintainers of org.apache.spark.unsafe.Platform
[2021-12-25 12:58:16,984] {spark_submit.py:514} INFO - WARNING: Use --illegal-access=warn to enable warnings of further illegal reflective access operations
[2021-12-25 12:58:16,998] {spark_submit.py:514} INFO - WARNING: All illegal access operations will be denied in a future release
[2021-12-25 12:58:18,716] {spark_submit.py:514} INFO - Parsed arguments:
[2021-12-25 12:58:18,718] {spark_submit.py:514} INFO - master                  spark://spark:7077
[2021-12-25 12:58:18,720] {spark_submit.py:514} INFO - deployMode              null
[2021-12-25 12:58:18,722] {spark_submit.py:514} INFO - executorMemory          null
[2021-12-25 12:58:18,725] {spark_submit.py:514} INFO - executorCores           null
[2021-12-25 12:58:18,727] {spark_submit.py:514} INFO - totalExecutorCores      null
[2021-12-25 12:58:18,729] {spark_submit.py:514} INFO - propertiesFile          null
[2021-12-25 12:58:18,731] {spark_submit.py:514} INFO - driverMemory            null
[2021-12-25 12:58:18,732] {spark_submit.py:514} INFO - driverCores             null
[2021-12-25 12:58:18,734] {spark_submit.py:514} INFO - driverExtraClassPath    null
[2021-12-25 12:58:18,735] {spark_submit.py:514} INFO - driverExtraLibraryPath  null
[2021-12-25 12:58:18,738] {spark_submit.py:514} INFO - driverExtraJavaOptions  null
[2021-12-25 12:58:18,739] {spark_submit.py:514} INFO - supervise               false
[2021-12-25 12:58:18,742] {spark_submit.py:514} INFO - queue                   null
[2021-12-25 12:58:18,744] {spark_submit.py:514} INFO - numExecutors            null
[2021-12-25 12:58:18,746] {spark_submit.py:514} INFO - files                   null
[2021-12-25 12:58:18,747] {spark_submit.py:514} INFO - pyFiles                 null
[2021-12-25 12:58:18,750] {spark_submit.py:514} INFO - archives                null
[2021-12-25 12:58:18,752] {spark_submit.py:514} INFO - mainClass               null
[2021-12-25 12:58:18,759] {spark_submit.py:514} INFO - primaryResource         file:/opt/***/jobs/persist_db.py
[2021-12-25 12:58:18,764] {spark_submit.py:514} INFO - name                    persist data
[2021-12-25 12:58:18,771] {spark_submit.py:514} INFO - childArgs               [tipperary]
[2021-12-25 12:58:18,775] {spark_submit.py:514} INFO - jars                    null
[2021-12-25 12:58:18,780] {spark_submit.py:514} INFO - packages                null
[2021-12-25 12:58:18,784] {spark_submit.py:514} INFO - packagesExclusions      null
[2021-12-25 12:58:18,788] {spark_submit.py:514} INFO - repositories            null
[2021-12-25 12:58:18,793] {spark_submit.py:514} INFO - verbose                 true
[2021-12-25 12:58:18,796] {spark_submit.py:514} INFO - 
[2021-12-25 12:58:18,803] {spark_submit.py:514} INFO - Spark properties used, including those specified through
[2021-12-25 12:58:18,814] {spark_submit.py:514} INFO - --conf and those from the properties file null:
[2021-12-25 12:58:18,818] {spark_submit.py:514} INFO - (spark.master,spark://spark:7077)
[2021-12-25 12:58:18,821] {spark_submit.py:514} INFO - 
[2021-12-25 12:58:18,829] {spark_submit.py:514} INFO - 
[2021-12-25 12:58:20,331] {spark_submit.py:514} INFO - Main class:
[2021-12-25 12:58:20,333] {spark_submit.py:514} INFO - org.apache.spark.deploy.PythonRunner
[2021-12-25 12:58:20,334] {spark_submit.py:514} INFO - Arguments:
[2021-12-25 12:58:20,336] {spark_submit.py:514} INFO - file:/opt/***/jobs/persist_db.py
[2021-12-25 12:58:20,337] {spark_submit.py:514} INFO - null
[2021-12-25 12:58:20,338] {spark_submit.py:514} INFO - tipperary
[2021-12-25 12:58:20,339] {spark_submit.py:514} INFO - --verbose
[2021-12-25 12:58:20,340] {spark_submit.py:514} INFO - Spark config:
[2021-12-25 12:58:20,341] {spark_submit.py:514} INFO - (spark.master,spark://spark:7077)
[2021-12-25 12:58:20,342] {spark_submit.py:514} INFO - (spark.app.name,persist data)
[2021-12-25 12:58:20,344] {spark_submit.py:514} INFO - (spark.submit.pyFiles,)
[2021-12-25 12:58:20,345] {spark_submit.py:514} INFO - (spark.submit.deployMode,client)
[2021-12-25 12:58:20,346] {spark_submit.py:514} INFO - Classpath elements:
[2021-12-25 12:58:20,347] {spark_submit.py:514} INFO - 
[2021-12-25 12:58:20,349] {spark_submit.py:514} INFO - 
[2021-12-25 12:58:20,350] {spark_submit.py:514} INFO - 
[2021-12-25 12:58:34,635] {spark_submit.py:514} INFO - Using Spark's default log4j profile: org/apache/spark/log4j-defaults.properties
[2021-12-25 12:58:34,848] {spark_submit.py:514} INFO - 21/12/25 12:58:34 INFO SparkContext: Running Spark version 3.2.0
[2021-12-25 12:58:35,592] {spark_submit.py:514} INFO - 21/12/25 12:58:35 WARN NativeCodeLoader: Unable to load native-hadoop library for your platform... using builtin-java classes where applicable
[2021-12-25 12:58:38,532] {spark_submit.py:514} INFO - 21/12/25 12:58:38 INFO ResourceUtils: ==============================================================
[2021-12-25 12:58:38,583] {spark_submit.py:514} INFO - 21/12/25 12:58:38 INFO ResourceUtils: No custom resources configured for spark.driver.
[2021-12-25 12:58:38,598] {spark_submit.py:514} INFO - 21/12/25 12:58:38 INFO ResourceUtils: ==============================================================
[2021-12-25 12:58:38,701] {spark_submit.py:514} INFO - 21/12/25 12:58:38 INFO SparkContext: Submitted application: Persist DB
[2021-12-25 12:58:39,903] {spark_submit.py:514} INFO - 21/12/25 12:58:39 INFO ResourceProfile: Default ResourceProfile created, executor resources: Map(cores -> name: cores, amount: 1, script: , vendor: , memory -> name: memory, amount: 1024, script: , vendor: , offHeap -> name: offHeap, amount: 0, script: , vendor: ), task resources: Map(cpus -> name: cpus, amount: 1.0)
[2021-12-25 12:58:40,288] {spark_submit.py:514} INFO - 21/12/25 12:58:40 INFO ResourceProfile: Limiting resource is cpu
[2021-12-25 12:58:40,306] {spark_submit.py:514} INFO - 21/12/25 12:58:40 INFO ResourceProfileManager: Added ResourceProfile id: 0
[2021-12-25 12:58:45,694] {spark_submit.py:514} INFO - 21/12/25 12:58:45 INFO SecurityManager: Changing view acls to: ***
[2021-12-25 12:58:45,728] {spark_submit.py:514} INFO - 21/12/25 12:58:45 INFO SecurityManager: Changing modify acls to: ***
[2021-12-25 12:58:45,737] {spark_submit.py:514} INFO - 21/12/25 12:58:45 INFO SecurityManager: Changing view acls groups to:
[2021-12-25 12:58:45,748] {spark_submit.py:514} INFO - 21/12/25 12:58:45 INFO SecurityManager: Changing modify acls groups to:
[2021-12-25 12:58:45,753] {spark_submit.py:514} INFO - 21/12/25 12:58:45 INFO SecurityManager: SecurityManager: authentication disabled; ui acls disabled; users  with view permissions: Set(***); groups with view permissions: Set(); users  with modify permissions: Set(***); groups with modify permissions: Set()
[2021-12-25 12:58:51,804] {spark_submit.py:514} INFO - 21/12/25 12:58:51 INFO Utils: Successfully started service 'sparkDriver' on port 33401.
[2021-12-25 12:58:52,031] {spark_submit.py:514} INFO - 21/12/25 12:58:52 INFO SparkEnv: Registering MapOutputTracker
[2021-12-25 12:58:52,819] {spark_submit.py:514} INFO - 21/12/25 12:58:52 INFO SparkEnv: Registering BlockManagerMaster
[2021-12-25 12:58:52,959] {spark_submit.py:514} INFO - 21/12/25 12:58:52 INFO BlockManagerMasterEndpoint: Using org.apache.spark.storage.DefaultTopologyMapper for getting topology information
[2021-12-25 12:58:52,963] {spark_submit.py:514} INFO - 21/12/25 12:58:52 INFO BlockManagerMasterEndpoint: BlockManagerMasterEndpoint up
[2021-12-25 12:58:52,973] {spark_submit.py:514} INFO - 21/12/25 12:58:52 INFO SparkEnv: Registering BlockManagerMasterHeartbeat
[2021-12-25 12:58:53,421] {spark_submit.py:514} INFO - 21/12/25 12:58:53 INFO DiskBlockManager: Created local directory at /tmp/blockmgr-1c97a92e-076c-475f-b6df-90755250c03f
[2021-12-25 12:58:54,183] {spark_submit.py:514} INFO - 21/12/25 12:58:54 INFO MemoryStore: MemoryStore started with capacity 434.4 MiB
[2021-12-25 12:58:54,668] {spark_submit.py:514} INFO - 21/12/25 12:58:54 INFO SparkEnv: Registering OutputCommitCoordinator
[2021-12-25 12:58:56,929] {spark_submit.py:514} INFO - 21/12/25 12:58:56 WARN Utils: Service 'SparkUI' could not bind on port 4040. Attempting port 4041.
[2021-12-25 12:58:56,933] {spark_submit.py:514} INFO - 21/12/25 12:58:56 WARN Utils: Service 'SparkUI' could not bind on port 4041. Attempting port 4042.
[2021-12-25 12:58:56,937] {spark_submit.py:514} INFO - 21/12/25 12:58:56 WARN Utils: Service 'SparkUI' could not bind on port 4042. Attempting port 4043.
[2021-12-25 12:58:57,040] {spark_submit.py:514} INFO - 21/12/25 12:58:57 INFO Utils: Successfully started service 'SparkUI' on port 4043.
[2021-12-25 12:58:57,787] {spark_submit.py:514} INFO - 21/12/25 12:58:57 INFO SparkUI: Bound SparkUI to 0.0.0.0, and started at http://dd6c6a1cba03:4043
[2021-12-25 12:59:00,834] {spark_submit.py:514} INFO - 21/12/25 12:59:00 INFO StandaloneAppClient$ClientEndpoint: Connecting to master spark://spark:7077...
[2021-12-25 12:59:01,666] {spark_submit.py:514} INFO - 21/12/25 12:59:01 INFO TransportClientFactory: Successfully created connection to spark/172.21.0.4:7077 after 580 ms (0 ms spent in bootstraps)
[2021-12-25 12:59:02,611] {spark_submit.py:514} INFO - 21/12/25 12:59:02 INFO StandaloneSchedulerBackend: Connected to Spark cluster with app ID app-20211225125902-0124
[2021-12-25 12:59:02,643] {spark_submit.py:514} INFO - 21/12/25 12:59:02 INFO Utils: Successfully started service 'org.apache.spark.network.netty.NettyBlockTransferService' on port 45879.
[2021-12-25 12:59:02,646] {spark_submit.py:514} INFO - 21/12/25 12:59:02 INFO NettyBlockTransferService: Server created on dd6c6a1cba03:45879
[2021-12-25 12:59:02,652] {spark_submit.py:514} INFO - 21/12/25 12:59:02 INFO BlockManager: Using org.apache.spark.storage.RandomBlockReplicationPolicy for block replication policy
[2021-12-25 12:59:02,723] {spark_submit.py:514} INFO - 21/12/25 12:59:02 INFO BlockManagerMaster: Registering BlockManager BlockManagerId(driver, dd6c6a1cba03, 45879, None)
[2021-12-25 12:59:02,763] {spark_submit.py:514} INFO - 21/12/25 12:59:02 INFO BlockManagerMasterEndpoint: Registering block manager dd6c6a1cba03:45879 with 434.4 MiB RAM, BlockManagerId(driver, dd6c6a1cba03, 45879, None)
[2021-12-25 12:59:02,777] {spark_submit.py:514} INFO - 21/12/25 12:59:02 INFO BlockManagerMaster: Registered BlockManager BlockManagerId(driver, dd6c6a1cba03, 45879, None)
[2021-12-25 12:59:02,797] {spark_submit.py:514} INFO - 21/12/25 12:59:02 INFO BlockManager: Initialized BlockManager: BlockManagerId(driver, dd6c6a1cba03, 45879, None)
[2021-12-25 12:59:05,884] {spark_submit.py:514} INFO - 21/12/25 12:59:05 INFO StandaloneSchedulerBackend: SchedulerBackend is ready for scheduling beginning after reached minRegisteredResourcesRatio: 0.0
[2021-12-25 12:59:06,428] {spark_submit.py:514} INFO - /home/***/.local/lib/python3.6/site-packages/pyspark/python/lib/pyspark.zip/pyspark/context.py:238: FutureWarning: Python 3.6 support is deprecated in Spark 3.2.
[2021-12-25 12:59:06,463] {spark_submit.py:514} INFO - FutureWarning
[2021-12-25 12:59:08,721] {spark_submit.py:514} INFO - 21/12/25 12:59:08 INFO SharedState: Setting hive.metastore.warehouse.dir ('null') to the value of spark.sql.warehouse.dir.
[2021-12-25 12:59:08,863] {spark_submit.py:514} INFO - 21/12/25 12:59:08 INFO SharedState: Warehouse path is 'file:/opt/***/spark-warehouse'.
[2021-12-25 12:59:17,706] {spark_submit.py:514} INFO - 21/12/25 12:59:17 INFO SparkContext: Invoking stop() from shutdown hook
[2021-12-25 12:59:17,929] {spark_submit.py:514} INFO - 21/12/25 12:59:17 INFO SparkUI: Stopped Spark web UI at http://dd6c6a1cba03:4043
[2021-12-25 12:59:18,022] {spark_submit.py:514} INFO - 21/12/25 12:59:18 INFO StandaloneSchedulerBackend: Shutting down all executors
[2021-12-25 12:59:18,038] {spark_submit.py:514} INFO - 21/12/25 12:59:18 INFO CoarseGrainedSchedulerBackend$DriverEndpoint: Asking each executor to shut down
[2021-12-25 12:59:18,294] {spark_submit.py:514} INFO - 21/12/25 12:59:18 INFO MapOutputTrackerMasterEndpoint: MapOutputTrackerMasterEndpoint stopped!
[2021-12-25 12:59:18,907] {spark_submit.py:514} INFO - 21/12/25 12:59:18 INFO MemoryStore: MemoryStore cleared
[2021-12-25 12:59:18,911] {spark_submit.py:514} INFO - 21/12/25 12:59:18 INFO BlockManager: BlockManager stopped
[2021-12-25 12:59:19,022] {spark_submit.py:514} INFO - 21/12/25 12:59:19 INFO BlockManagerMaster: BlockManagerMaster stopped
[2021-12-25 12:59:19,043] {spark_submit.py:514} INFO - 21/12/25 12:59:19 INFO OutputCommitCoordinator$OutputCommitCoordinatorEndpoint: OutputCommitCoordinator stopped!
[2021-12-25 12:59:19,402] {spark_submit.py:514} INFO - 21/12/25 12:59:19 INFO SparkContext: Successfully stopped SparkContext
[2021-12-25 12:59:19,404] {spark_submit.py:514} INFO - 21/12/25 12:59:19 INFO ShutdownHookManager: Shutdown hook called
[2021-12-25 12:59:19,406] {spark_submit.py:514} INFO - 21/12/25 12:59:19 INFO ShutdownHookManager: Deleting directory /tmp/spark-09002619-d25e-4d91-8b3f-e630df405ff5
[2021-12-25 12:59:19,441] {spark_submit.py:514} INFO - 21/12/25 12:59:19 INFO ShutdownHookManager: Deleting directory /tmp/spark-09002619-d25e-4d91-8b3f-e630df405ff5/pyspark-ae33e63a-1264-4dc2-81a5-d9154a05868d
[2021-12-25 12:59:19,518] {spark_submit.py:514} INFO - 21/12/25 12:59:19 INFO ShutdownHookManager: Deleting directory /tmp/spark-9e9284cb-4222-470c-8c7c-77a60d27aacb
[2021-12-25 12:59:20,221] {taskinstance.py:1280} INFO - Marking task as SUCCESS. dag_id=scraping_daft_tipperary, task_id=persist_data, execution_date=20211224T105000, start_date=20211225T125752, end_date=20211225T125920
[2021-12-25 12:59:21,054] {local_task_job.py:154} INFO - Task exited with return code 0
[2021-12-25 12:59:21,617] {local_task_job.py:264} INFO - 1 downstream tasks scheduled from follow-on schedule check
