[2021-12-29 15:56:43,410] {taskinstance.py:1035} INFO - Dependencies all met for <TaskInstance: scraping_daft_offaly.remove_file scheduled__2021-12-28T10:35:00+00:00 [queued]>
[2021-12-29 15:56:43,454] {taskinstance.py:1035} INFO - Dependencies all met for <TaskInstance: scraping_daft_offaly.remove_file scheduled__2021-12-28T10:35:00+00:00 [queued]>
[2021-12-29 15:56:43,457] {taskinstance.py:1241} INFO - 
--------------------------------------------------------------------------------
[2021-12-29 15:56:43,461] {taskinstance.py:1242} INFO - Starting attempt 1 of 4
[2021-12-29 15:56:43,462] {taskinstance.py:1243} INFO - 
--------------------------------------------------------------------------------
[2021-12-29 15:56:43,520] {taskinstance.py:1262} INFO - Executing <Task(SparkSubmitOperator): remove_file> on 2021-12-28 10:35:00+00:00
[2021-12-29 15:56:43,531] {standard_task_runner.py:52} INFO - Started process 9977 to run task
[2021-12-29 15:56:43,672] {standard_task_runner.py:76} INFO - Running: ['***', 'tasks', 'run', 'scraping_daft_offaly', 'remove_file', 'scheduled__2021-12-28T10:35:00+00:00', '--job-id', '5475', '--raw', '--subdir', 'DAGS_FOLDER/scraping_daft_offaly.py', '--cfg-path', '/tmp/tmp6h5l3mz6', '--error-file', '/tmp/tmpm00m967i']
[2021-12-29 15:56:43,708] {standard_task_runner.py:77} INFO - Job 5475: Subtask remove_file
[2021-12-29 15:56:44,197] {logging_mixin.py:109} INFO - Running <TaskInstance: scraping_daft_offaly.remove_file scheduled__2021-12-28T10:35:00+00:00 [running]> on host bb41737934b2
[2021-12-29 15:56:44,844] {taskinstance.py:1429} INFO - Exporting the following env vars:
AIRFLOW_CTX_DAG_EMAIL=clement.liscoet@gmail.com
AIRFLOW_CTX_DAG_OWNER=clemoni
AIRFLOW_CTX_DAG_ID=scraping_daft_offaly
AIRFLOW_CTX_TASK_ID=remove_file
AIRFLOW_CTX_EXECUTION_DATE=2021-12-28T10:35:00+00:00
AIRFLOW_CTX_DAG_RUN_ID=scheduled__2021-12-28T10:35:00+00:00
[2021-12-29 15:56:44,908] {base.py:79} INFO - Using connection to: id: spark_default. Host: spark://spark:7077, Port: None, Schema: , Login: ***, Password: ***, extra: {}
[2021-12-29 15:56:44,912] {spark_submit.py:360} INFO - Spark-Submit cmd: spark-submit --master spark://spark:7077 --conf spark.master=spark://spark:7077 --name remove file --verbose /opt/***/jobs/remove_file.py offaly
[2021-12-29 15:56:59,573] {spark_submit.py:514} INFO - Using properties file: null
[2021-12-29 15:57:00,305] {spark_submit.py:514} INFO - WARNING: An illegal reflective access operation has occurred
[2021-12-29 15:57:00,307] {spark_submit.py:514} INFO - WARNING: Illegal reflective access by org.apache.spark.unsafe.Platform (file:/home/***/.local/lib/python3.6/site-packages/pyspark/jars/spark-unsafe_2.12-3.2.0.jar) to constructor java.nio.DirectByteBuffer(long,int)
[2021-12-29 15:57:00,309] {spark_submit.py:514} INFO - WARNING: Please consider reporting this to the maintainers of org.apache.spark.unsafe.Platform
[2021-12-29 15:57:00,312] {spark_submit.py:514} INFO - WARNING: Use --illegal-access=warn to enable warnings of further illegal reflective access operations
[2021-12-29 15:57:00,313] {spark_submit.py:514} INFO - WARNING: All illegal access operations will be denied in a future release
[2021-12-29 15:57:00,808] {spark_submit.py:514} INFO - Parsed arguments:
[2021-12-29 15:57:00,815] {spark_submit.py:514} INFO - master                  spark://spark:7077
[2021-12-29 15:57:00,816] {spark_submit.py:514} INFO - deployMode              null
[2021-12-29 15:57:00,817] {spark_submit.py:514} INFO - executorMemory          null
[2021-12-29 15:57:00,818] {spark_submit.py:514} INFO - executorCores           null
[2021-12-29 15:57:00,823] {spark_submit.py:514} INFO - totalExecutorCores      null
[2021-12-29 15:57:00,828] {spark_submit.py:514} INFO - propertiesFile          null
[2021-12-29 15:57:00,829] {spark_submit.py:514} INFO - driverMemory            null
[2021-12-29 15:57:00,831] {spark_submit.py:514} INFO - driverCores             null
[2021-12-29 15:57:00,833] {spark_submit.py:514} INFO - driverExtraClassPath    null
[2021-12-29 15:57:00,835] {spark_submit.py:514} INFO - driverExtraLibraryPath  null
[2021-12-29 15:57:00,838] {spark_submit.py:514} INFO - driverExtraJavaOptions  null
[2021-12-29 15:57:00,839] {spark_submit.py:514} INFO - supervise               false
[2021-12-29 15:57:00,841] {spark_submit.py:514} INFO - queue                   null
[2021-12-29 15:57:00,852] {spark_submit.py:514} INFO - numExecutors            null
[2021-12-29 15:57:00,853] {spark_submit.py:514} INFO - files                   null
[2021-12-29 15:57:00,855] {spark_submit.py:514} INFO - pyFiles                 null
[2021-12-29 15:57:00,856] {spark_submit.py:514} INFO - archives                null
[2021-12-29 15:57:00,858] {spark_submit.py:514} INFO - mainClass               null
[2021-12-29 15:57:00,860] {spark_submit.py:514} INFO - primaryResource         file:/opt/***/jobs/remove_file.py
[2021-12-29 15:57:00,862] {spark_submit.py:514} INFO - name                    remove file
[2021-12-29 15:57:00,865] {spark_submit.py:514} INFO - childArgs               [offaly]
[2021-12-29 15:57:00,868] {spark_submit.py:514} INFO - jars                    null
[2021-12-29 15:57:00,872] {spark_submit.py:514} INFO - packages                null
[2021-12-29 15:57:00,873] {spark_submit.py:514} INFO - packagesExclusions      null
[2021-12-29 15:57:00,874] {spark_submit.py:514} INFO - repositories            null
[2021-12-29 15:57:00,879] {spark_submit.py:514} INFO - verbose                 true
[2021-12-29 15:57:00,882] {spark_submit.py:514} INFO - 
[2021-12-29 15:57:00,884] {spark_submit.py:514} INFO - Spark properties used, including those specified through
[2021-12-29 15:57:00,885] {spark_submit.py:514} INFO - --conf and those from the properties file null:
[2021-12-29 15:57:00,886] {spark_submit.py:514} INFO - (spark.master,spark://spark:7077)
[2021-12-29 15:57:00,890] {spark_submit.py:514} INFO - 
[2021-12-29 15:57:00,895] {spark_submit.py:514} INFO - 
[2021-12-29 15:57:03,987] {spark_submit.py:514} INFO - Main class:
[2021-12-29 15:57:03,989] {spark_submit.py:514} INFO - org.apache.spark.deploy.PythonRunner
[2021-12-29 15:57:04,008] {spark_submit.py:514} INFO - Arguments:
[2021-12-29 15:57:04,009] {spark_submit.py:514} INFO - file:/opt/***/jobs/remove_file.py
[2021-12-29 15:57:04,012] {spark_submit.py:514} INFO - null
[2021-12-29 15:57:04,033] {spark_submit.py:514} INFO - offaly
[2021-12-29 15:57:04,035] {spark_submit.py:514} INFO - --verbose
[2021-12-29 15:57:04,088] {spark_submit.py:514} INFO - Spark config:
[2021-12-29 15:57:04,090] {spark_submit.py:514} INFO - (spark.app.name,remove file)
[2021-12-29 15:57:04,097] {spark_submit.py:514} INFO - (spark.master,spark://spark:7077)
[2021-12-29 15:57:04,099] {spark_submit.py:514} INFO - (spark.submit.pyFiles,)
[2021-12-29 15:57:04,101] {spark_submit.py:514} INFO - (spark.submit.deployMode,client)
[2021-12-29 15:57:04,112] {spark_submit.py:514} INFO - Classpath elements:
[2021-12-29 15:57:04,132] {spark_submit.py:514} INFO - 
[2021-12-29 15:57:04,137] {spark_submit.py:514} INFO - 
[2021-12-29 15:57:04,139] {spark_submit.py:514} INFO - 
[2021-12-29 15:57:20,839] {spark_submit.py:514} INFO - Using Spark's default log4j profile: org/apache/spark/log4j-defaults.properties
[2021-12-29 15:57:21,041] {spark_submit.py:514} INFO - 21/12/29 15:57:21 INFO SparkContext: Running Spark version 3.2.0
[2021-12-29 15:57:22,488] {spark_submit.py:514} INFO - 21/12/29 15:57:22 WARN NativeCodeLoader: Unable to load native-hadoop library for your platform... using builtin-java classes where applicable
[2021-12-29 15:57:24,464] {spark_submit.py:514} INFO - 21/12/29 15:57:24 INFO ResourceUtils: ==============================================================
[2021-12-29 15:57:24,467] {spark_submit.py:514} INFO - 21/12/29 15:57:24 INFO ResourceUtils: No custom resources configured for spark.driver.
[2021-12-29 15:57:24,488] {spark_submit.py:514} INFO - 21/12/29 15:57:24 INFO ResourceUtils: ==============================================================
[2021-12-29 15:57:24,515] {spark_submit.py:514} INFO - 21/12/29 15:57:24 INFO SparkContext: Submitted application: Remove file
[2021-12-29 15:57:24,810] {spark_submit.py:514} INFO - 21/12/29 15:57:24 INFO ResourceProfile: Default ResourceProfile created, executor resources: Map(cores -> name: cores, amount: 1, script: , vendor: , memory -> name: memory, amount: 1024, script: , vendor: , offHeap -> name: offHeap, amount: 0, script: , vendor: ), task resources: Map(cpus -> name: cpus, amount: 1.0)
[2021-12-29 15:57:24,959] {spark_submit.py:514} INFO - 21/12/29 15:57:24 INFO ResourceProfile: Limiting resource is cpu
[2021-12-29 15:57:24,967] {spark_submit.py:514} INFO - 21/12/29 15:57:24 INFO ResourceProfileManager: Added ResourceProfile id: 0
[2021-12-29 15:57:25,680] {spark_submit.py:514} INFO - 21/12/29 15:57:25 INFO SecurityManager: Changing view acls to: ***
[2021-12-29 15:57:25,682] {spark_submit.py:514} INFO - 21/12/29 15:57:25 INFO SecurityManager: Changing modify acls to: ***
[2021-12-29 15:57:25,701] {spark_submit.py:514} INFO - 21/12/29 15:57:25 INFO SecurityManager: Changing view acls groups to:
[2021-12-29 15:57:25,721] {spark_submit.py:514} INFO - 21/12/29 15:57:25 INFO SecurityManager: Changing modify acls groups to:
[2021-12-29 15:57:25,724] {spark_submit.py:514} INFO - 21/12/29 15:57:25 INFO SecurityManager: SecurityManager: authentication disabled; ui acls disabled; users  with view permissions: Set(***); groups with view permissions: Set(); users  with modify permissions: Set(***); groups with modify permissions: Set()
[2021-12-29 15:57:29,878] {spark_submit.py:514} INFO - 21/12/29 15:57:29 INFO Utils: Successfully started service 'sparkDriver' on port 38407.
[2021-12-29 15:57:30,419] {spark_submit.py:514} INFO - 21/12/29 15:57:30 INFO SparkEnv: Registering MapOutputTracker
[2021-12-29 15:57:30,694] {spark_submit.py:514} INFO - 21/12/29 15:57:30 INFO SparkEnv: Registering BlockManagerMaster
[2021-12-29 15:57:30,781] {spark_submit.py:514} INFO - 21/12/29 15:57:30 INFO BlockManagerMasterEndpoint: Using org.apache.spark.storage.DefaultTopologyMapper for getting topology information
[2021-12-29 15:57:30,785] {spark_submit.py:514} INFO - 21/12/29 15:57:30 INFO BlockManagerMasterEndpoint: BlockManagerMasterEndpoint up
[2021-12-29 15:57:30,854] {spark_submit.py:514} INFO - 21/12/29 15:57:30 INFO SparkEnv: Registering BlockManagerMasterHeartbeat
[2021-12-29 15:57:30,984] {spark_submit.py:514} INFO - 21/12/29 15:57:30 INFO DiskBlockManager: Created local directory at /tmp/blockmgr-7960169f-3b97-4bdc-ab1f-a2a28d76710a
[2021-12-29 15:57:31,372] {spark_submit.py:514} INFO - 21/12/29 15:57:31 INFO MemoryStore: MemoryStore started with capacity 434.4 MiB
[2021-12-29 15:57:31,531] {spark_submit.py:514} INFO - 21/12/29 15:57:31 INFO SparkEnv: Registering OutputCommitCoordinator
[2021-12-29 15:57:35,676] {spark_submit.py:514} INFO - 21/12/29 15:57:35 WARN Utils: Service 'SparkUI' could not bind on port 4040. Attempting port 4041.
[2021-12-29 15:57:35,762] {spark_submit.py:514} INFO - 21/12/29 15:57:35 INFO Utils: Successfully started service 'SparkUI' on port 4041.
[2021-12-29 15:57:37,126] {spark_submit.py:514} INFO - 21/12/29 15:57:37 INFO SparkUI: Bound SparkUI to 0.0.0.0, and started at http://bb41737934b2:4041
[2021-12-29 15:57:44,665] {spark_submit.py:514} INFO - 21/12/29 15:57:44 INFO StandaloneAppClient$ClientEndpoint: Connecting to master spark://spark:7077...
[2021-12-29 15:57:46,693] {spark_submit.py:514} INFO - 21/12/29 15:57:46 INFO TransportClientFactory: Successfully created connection to spark/172.18.0.4:7077 after 1022 ms (0 ms spent in bootstraps)
[2021-12-29 15:57:48,726] {spark_submit.py:514} INFO - 21/12/29 15:57:48 INFO StandaloneSchedulerBackend: Connected to Spark cluster with app ID app-20211229155748-0037
[2021-12-29 15:57:48,896] {spark_submit.py:514} INFO - 21/12/29 15:57:48 INFO Utils: Successfully started service 'org.apache.spark.network.netty.NettyBlockTransferService' on port 42057.
[2021-12-29 15:57:48,900] {spark_submit.py:514} INFO - 21/12/29 15:57:48 INFO NettyBlockTransferService: Server created on bb41737934b2:42057
[2021-12-29 15:57:48,939] {spark_submit.py:514} INFO - 21/12/29 15:57:48 INFO BlockManager: Using org.apache.spark.storage.RandomBlockReplicationPolicy for block replication policy
[2021-12-29 15:57:49,173] {spark_submit.py:514} INFO - 21/12/29 15:57:49 INFO BlockManagerMaster: Registering BlockManager BlockManagerId(driver, bb41737934b2, 42057, None)
[2021-12-29 15:57:49,269] {spark_submit.py:514} INFO - 21/12/29 15:57:49 INFO BlockManagerMasterEndpoint: Registering block manager bb41737934b2:42057 with 434.4 MiB RAM, BlockManagerId(driver, bb41737934b2, 42057, None)
[2021-12-29 15:57:49,406] {spark_submit.py:514} INFO - 21/12/29 15:57:49 INFO BlockManagerMaster: Registered BlockManager BlockManagerId(driver, bb41737934b2, 42057, None)
[2021-12-29 15:57:49,447] {spark_submit.py:514} INFO - 21/12/29 15:57:49 INFO BlockManager: Initialized BlockManager: BlockManagerId(driver, bb41737934b2, 42057, None)
[2021-12-29 15:57:55,984] {spark_submit.py:514} INFO - 21/12/29 15:57:55 INFO StandaloneSchedulerBackend: SchedulerBackend is ready for scheduling beginning after reached minRegisteredResourcesRatio: 0.0
[2021-12-29 15:57:56,717] {spark_submit.py:514} INFO - /home/***/.local/lib/python3.6/site-packages/pyspark/python/lib/pyspark.zip/pyspark/context.py:238: FutureWarning: Python 3.6 support is deprecated in Spark 3.2.
[2021-12-29 15:57:56,719] {spark_submit.py:514} INFO - FutureWarning
[2021-12-29 15:58:01,600] {spark_submit.py:514} INFO - 21/12/29 15:58:01 INFO SharedState: Setting hive.metastore.warehouse.dir ('null') to the value of spark.sql.warehouse.dir.
[2021-12-29 15:58:01,693] {spark_submit.py:514} INFO - 21/12/29 15:58:01 INFO SharedState: Warehouse path is 'file:/opt/***/spark-warehouse'.
[2021-12-29 15:58:02,636] {spark_submit.py:514} INFO - 21/12/29 15:58:02 INFO StandaloneAppClient$ClientEndpoint: Executor added: app-20211229155748-0037/0 on worker-20211229141102-172.18.0.6-42885 (172.18.0.6:42885) with 6 core(s)
[2021-12-29 15:58:02,643] {spark_submit.py:514} INFO - 21/12/29 15:58:02 INFO StandaloneSchedulerBackend: Granted executor ID app-20211229155748-0037/0 on hostPort 172.18.0.6:42885 with 6 core(s), 1024.0 MiB RAM
[2021-12-29 15:58:02,649] {spark_submit.py:514} INFO - 21/12/29 15:58:02 INFO StandaloneAppClient$ClientEndpoint: Executor added: app-20211229155748-0037/1 on worker-20211229141102-172.18.0.5-43961 (172.18.0.5:43961) with 6 core(s)
[2021-12-29 15:58:02,671] {spark_submit.py:514} INFO - 21/12/29 15:58:02 INFO StandaloneSchedulerBackend: Granted executor ID app-20211229155748-0037/1 on hostPort 172.18.0.5:43961 with 6 core(s), 1024.0 MiB RAM
[2021-12-29 15:58:03,395] {spark_submit.py:514} INFO - 21/12/29 15:58:03 INFO StandaloneAppClient$ClientEndpoint: Executor updated: app-20211229155748-0037/0 is now RUNNING
[2021-12-29 15:58:03,403] {spark_submit.py:514} INFO - 21/12/29 15:58:03 INFO StandaloneAppClient$ClientEndpoint: Executor updated: app-20211229155748-0037/1 is now RUNNING
[2021-12-29 15:58:12,914] {spark_submit.py:514} INFO - file: offaly_rent.json deleted
[2021-12-29 15:58:13,299] {spark_submit.py:514} INFO - 21/12/29 15:58:13 INFO SparkContext: Invoking stop() from shutdown hook
[2021-12-29 15:58:13,431] {spark_submit.py:514} INFO - 21/12/29 15:58:13 INFO SparkUI: Stopped Spark web UI at http://bb41737934b2:4041
[2021-12-29 15:58:13,494] {spark_submit.py:514} INFO - 21/12/29 15:58:13 INFO StandaloneSchedulerBackend: Shutting down all executors
[2021-12-29 15:58:13,530] {spark_submit.py:514} INFO - 21/12/29 15:58:13 INFO CoarseGrainedSchedulerBackend$DriverEndpoint: Asking each executor to shut down
[2021-12-29 15:58:13,759] {spark_submit.py:514} INFO - 21/12/29 15:58:13 INFO MapOutputTrackerMasterEndpoint: MapOutputTrackerMasterEndpoint stopped!
[2021-12-29 15:58:13,790] {spark_submit.py:514} INFO - 21/12/29 15:58:13 WARN TransportChannelHandler: Exception in connection from /172.18.0.6:33070
[2021-12-29 15:58:13,791] {spark_submit.py:514} INFO - java.io.IOException: Connection reset by peer
[2021-12-29 15:58:13,794] {spark_submit.py:514} INFO - at java.base/sun.nio.ch.FileDispatcherImpl.read0(Native Method)
[2021-12-29 15:58:13,796] {spark_submit.py:514} INFO - at java.base/sun.nio.ch.SocketDispatcher.read(SocketDispatcher.java:39)
[2021-12-29 15:58:13,798] {spark_submit.py:514} INFO - at java.base/sun.nio.ch.IOUtil.readIntoNativeBuffer(IOUtil.java:276)
[2021-12-29 15:58:13,799] {spark_submit.py:514} INFO - at java.base/sun.nio.ch.IOUtil.read(IOUtil.java:233)
[2021-12-29 15:58:13,801] {spark_submit.py:514} INFO - at java.base/sun.nio.ch.IOUtil.read(IOUtil.java:223)
[2021-12-29 15:58:13,802] {spark_submit.py:514} INFO - at java.base/sun.nio.ch.SocketChannelImpl.read(SocketChannelImpl.java:356)
[2021-12-29 15:58:13,803] {spark_submit.py:514} INFO - at io.netty.buffer.PooledByteBuf.setBytes(PooledByteBuf.java:253)
[2021-12-29 15:58:13,805] {spark_submit.py:514} INFO - at io.netty.buffer.AbstractByteBuf.writeBytes(AbstractByteBuf.java:1132)
[2021-12-29 15:58:13,808] {spark_submit.py:514} INFO - at io.netty.channel.socket.nio.NioSocketChannel.doReadBytes(NioSocketChannel.java:350)
[2021-12-29 15:58:13,809] {spark_submit.py:514} INFO - at io.netty.channel.nio.AbstractNioByteChannel$NioByteUnsafe.read(AbstractNioByteChannel.java:151)
[2021-12-29 15:58:13,811] {spark_submit.py:514} INFO - at io.netty.channel.nio.NioEventLoop.processSelectedKey(NioEventLoop.java:719)
[2021-12-29 15:58:13,812] {spark_submit.py:514} INFO - at io.netty.channel.nio.NioEventLoop.processSelectedKeysOptimized(NioEventLoop.java:655)
[2021-12-29 15:58:13,814] {spark_submit.py:514} INFO - at io.netty.channel.nio.NioEventLoop.processSelectedKeys(NioEventLoop.java:581)
[2021-12-29 15:58:13,816] {spark_submit.py:514} INFO - at io.netty.channel.nio.NioEventLoop.run(NioEventLoop.java:493)
[2021-12-29 15:58:13,817] {spark_submit.py:514} INFO - at io.netty.util.concurrent.SingleThreadEventExecutor$4.run(SingleThreadEventExecutor.java:986)
[2021-12-29 15:58:13,818] {spark_submit.py:514} INFO - at io.netty.util.internal.ThreadExecutorMap$2.run(ThreadExecutorMap.java:74)
[2021-12-29 15:58:13,821] {spark_submit.py:514} INFO - at io.netty.util.concurrent.FastThreadLocalRunnable.run(FastThreadLocalRunnable.java:30)
[2021-12-29 15:58:13,823] {spark_submit.py:514} INFO - at java.base/java.lang.Thread.run(Thread.java:829)
[2021-12-29 15:58:14,030] {spark_submit.py:514} INFO - 21/12/29 15:58:14 INFO MemoryStore: MemoryStore cleared
[2021-12-29 15:58:14,036] {spark_submit.py:514} INFO - 21/12/29 15:58:14 INFO BlockManager: BlockManager stopped
[2021-12-29 15:58:14,057] {spark_submit.py:514} INFO - 21/12/29 15:58:14 INFO BlockManagerMaster: BlockManagerMaster stopped
[2021-12-29 15:58:14,067] {spark_submit.py:514} INFO - 21/12/29 15:58:14 INFO OutputCommitCoordinator$OutputCommitCoordinatorEndpoint: OutputCommitCoordinator stopped!
[2021-12-29 15:58:14,208] {spark_submit.py:514} INFO - 21/12/29 15:58:14 INFO SparkContext: Successfully stopped SparkContext
[2021-12-29 15:58:14,210] {spark_submit.py:514} INFO - 21/12/29 15:58:14 INFO ShutdownHookManager: Shutdown hook called
[2021-12-29 15:58:14,212] {spark_submit.py:514} INFO - 21/12/29 15:58:14 INFO ShutdownHookManager: Deleting directory /tmp/spark-f1e450a9-fb7c-4136-a116-9abb1d79c02a/pyspark-ebc8e02e-5eda-409b-86b5-4024ac7975c4
[2021-12-29 15:58:14,239] {spark_submit.py:514} INFO - 21/12/29 15:58:14 INFO ShutdownHookManager: Deleting directory /tmp/spark-8a0dda3d-1a09-4b11-810b-337ad8bbaa8d
[2021-12-29 15:58:14,263] {spark_submit.py:514} INFO - 21/12/29 15:58:14 INFO ShutdownHookManager: Deleting directory /tmp/spark-f1e450a9-fb7c-4136-a116-9abb1d79c02a
[2021-12-29 15:58:14,839] {taskinstance.py:1280} INFO - Marking task as SUCCESS. dag_id=scraping_daft_offaly, task_id=remove_file, execution_date=20211228T103500, start_date=20211229T155643, end_date=20211229T155814
[2021-12-29 15:58:15,156] {local_task_job.py:154} INFO - Task exited with return code 0
[2021-12-29 15:58:15,512] {local_task_job.py:264} INFO - 0 downstream tasks scheduled from follow-on schedule check
