[2021-12-13 17:12:39,162] {taskinstance.py:1035} INFO - Dependencies all met for <TaskInstance: scraping_daft_meath.persist_data manual__2021-12-13T17:12:00.029259+00:00 [queued]>
[2021-12-13 17:12:39,177] {taskinstance.py:1035} INFO - Dependencies all met for <TaskInstance: scraping_daft_meath.persist_data manual__2021-12-13T17:12:00.029259+00:00 [queued]>
[2021-12-13 17:12:39,178] {taskinstance.py:1241} INFO - 
--------------------------------------------------------------------------------
[2021-12-13 17:12:39,179] {taskinstance.py:1242} INFO - Starting attempt 1 of 4
[2021-12-13 17:12:39,179] {taskinstance.py:1243} INFO - 
--------------------------------------------------------------------------------
[2021-12-13 17:12:39,196] {taskinstance.py:1262} INFO - Executing <Task(SparkSubmitOperator): persist_data> on 2021-12-13 17:12:00.029259+00:00
[2021-12-13 17:12:39,205] {standard_task_runner.py:76} INFO - Running: ['***', 'tasks', 'run', 'scraping_daft_meath', 'persist_data', 'manual__2021-12-13T17:12:00.029259+00:00', '--job-id', '1953', '--raw', '--subdir', 'DAGS_FOLDER/scraping_daft_meath.py', '--cfg-path', '/tmp/tmp1vfdz0sr', '--error-file', '/tmp/tmpx6d5jpb8']
[2021-12-13 17:12:39,207] {standard_task_runner.py:77} INFO - Job 1953: Subtask persist_data
[2021-12-13 17:12:39,201] {standard_task_runner.py:52} INFO - Started process 20617 to run task
[2021-12-13 17:12:39,310] {logging_mixin.py:109} INFO - Running <TaskInstance: scraping_daft_meath.persist_data manual__2021-12-13T17:12:00.029259+00:00 [running]> on host c81f81825bc0
[2021-12-13 17:12:39,479] {taskinstance.py:1429} INFO - Exporting the following env vars:
AIRFLOW_CTX_DAG_EMAIL=clement.liscoet@gmail.com
AIRFLOW_CTX_DAG_OWNER=clemoni
AIRFLOW_CTX_DAG_ID=scraping_daft_meath
AIRFLOW_CTX_TASK_ID=persist_data
AIRFLOW_CTX_EXECUTION_DATE=2021-12-13T17:12:00.029259+00:00
AIRFLOW_CTX_DAG_RUN_ID=manual__2021-12-13T17:12:00.029259+00:00
[2021-12-13 17:12:39,501] {base.py:79} INFO - Using connection to: id: spark_default. Host: spark://spark:7077, Port: None, Schema: , Login: ***, Password: ***, extra: {}
[2021-12-13 17:12:39,504] {spark_submit.py:360} INFO - Spark-Submit cmd: spark-submit --master spark://spark:7077 --conf spark.master=spark://spark:7077 --name persist data --verbose /opt/***/jobs/persist_db.py meath
[2021-12-13 17:12:41,153] {spark_submit.py:514} INFO - Using properties file: null
[2021-12-13 17:12:41,258] {spark_submit.py:514} INFO - WARNING: An illegal reflective access operation has occurred
[2021-12-13 17:12:41,259] {spark_submit.py:514} INFO - WARNING: Illegal reflective access by org.apache.spark.unsafe.Platform (file:/home/***/.local/lib/python3.6/site-packages/pyspark/jars/spark-unsafe_2.12-3.2.0.jar) to constructor java.nio.DirectByteBuffer(long,int)
[2021-12-13 17:12:41,261] {spark_submit.py:514} INFO - WARNING: Please consider reporting this to the maintainers of org.apache.spark.unsafe.Platform
[2021-12-13 17:12:41,262] {spark_submit.py:514} INFO - WARNING: Use --illegal-access=warn to enable warnings of further illegal reflective access operations
[2021-12-13 17:12:41,263] {spark_submit.py:514} INFO - WARNING: All illegal access operations will be denied in a future release
[2021-12-13 17:12:41,315] {spark_submit.py:514} INFO - Parsed arguments:
[2021-12-13 17:12:41,316] {spark_submit.py:514} INFO - master                  spark://spark:7077
[2021-12-13 17:12:41,317] {spark_submit.py:514} INFO - deployMode              null
[2021-12-13 17:12:41,318] {spark_submit.py:514} INFO - executorMemory          null
[2021-12-13 17:12:41,319] {spark_submit.py:514} INFO - executorCores           null
[2021-12-13 17:12:41,320] {spark_submit.py:514} INFO - totalExecutorCores      null
[2021-12-13 17:12:41,321] {spark_submit.py:514} INFO - propertiesFile          null
[2021-12-13 17:12:41,322] {spark_submit.py:514} INFO - driverMemory            null
[2021-12-13 17:12:41,323] {spark_submit.py:514} INFO - driverCores             null
[2021-12-13 17:12:41,324] {spark_submit.py:514} INFO - driverExtraClassPath    null
[2021-12-13 17:12:41,326] {spark_submit.py:514} INFO - driverExtraLibraryPath  null
[2021-12-13 17:12:41,328] {spark_submit.py:514} INFO - driverExtraJavaOptions  null
[2021-12-13 17:12:41,329] {spark_submit.py:514} INFO - supervise               false
[2021-12-13 17:12:41,330] {spark_submit.py:514} INFO - queue                   null
[2021-12-13 17:12:41,331] {spark_submit.py:514} INFO - numExecutors            null
[2021-12-13 17:12:41,333] {spark_submit.py:514} INFO - files                   null
[2021-12-13 17:12:41,334] {spark_submit.py:514} INFO - pyFiles                 null
[2021-12-13 17:12:41,335] {spark_submit.py:514} INFO - archives                null
[2021-12-13 17:12:41,336] {spark_submit.py:514} INFO - mainClass               null
[2021-12-13 17:12:41,337] {spark_submit.py:514} INFO - primaryResource         file:/opt/***/jobs/persist_db.py
[2021-12-13 17:12:41,338] {spark_submit.py:514} INFO - name                    persist data
[2021-12-13 17:12:41,339] {spark_submit.py:514} INFO - childArgs               [meath]
[2021-12-13 17:12:41,340] {spark_submit.py:514} INFO - jars                    null
[2021-12-13 17:12:41,341] {spark_submit.py:514} INFO - packages                null
[2021-12-13 17:12:41,341] {spark_submit.py:514} INFO - packagesExclusions      null
[2021-12-13 17:12:41,342] {spark_submit.py:514} INFO - repositories            null
[2021-12-13 17:12:41,343] {spark_submit.py:514} INFO - verbose                 true
[2021-12-13 17:12:41,345] {spark_submit.py:514} INFO - 
[2021-12-13 17:12:41,346] {spark_submit.py:514} INFO - Spark properties used, including those specified through
[2021-12-13 17:12:41,347] {spark_submit.py:514} INFO - --conf and those from the properties file null:
[2021-12-13 17:12:41,348] {spark_submit.py:514} INFO - (spark.master,spark://spark:7077)
[2021-12-13 17:12:41,348] {spark_submit.py:514} INFO - 
[2021-12-13 17:12:41,349] {spark_submit.py:514} INFO - 
[2021-12-13 17:12:41,653] {spark_submit.py:514} INFO - Main class:
[2021-12-13 17:12:41,655] {spark_submit.py:514} INFO - org.apache.spark.deploy.PythonRunner
[2021-12-13 17:12:41,656] {spark_submit.py:514} INFO - Arguments:
[2021-12-13 17:12:41,658] {spark_submit.py:514} INFO - file:/opt/***/jobs/persist_db.py
[2021-12-13 17:12:41,658] {spark_submit.py:514} INFO - null
[2021-12-13 17:12:41,660] {spark_submit.py:514} INFO - meath
[2021-12-13 17:12:41,661] {spark_submit.py:514} INFO - --verbose
[2021-12-13 17:12:41,662] {spark_submit.py:514} INFO - Spark config:
[2021-12-13 17:12:41,663] {spark_submit.py:514} INFO - (spark.master,spark://spark:7077)
[2021-12-13 17:12:41,664] {spark_submit.py:514} INFO - (spark.app.name,persist data)
[2021-12-13 17:12:41,666] {spark_submit.py:514} INFO - (spark.submit.pyFiles,)
[2021-12-13 17:12:41,667] {spark_submit.py:514} INFO - (spark.submit.deployMode,client)
[2021-12-13 17:12:41,668] {spark_submit.py:514} INFO - Classpath elements:
[2021-12-13 17:12:41,669] {spark_submit.py:514} INFO - 
[2021-12-13 17:12:41,670] {spark_submit.py:514} INFO - 
[2021-12-13 17:12:41,671] {spark_submit.py:514} INFO - 
[2021-12-13 17:12:42,893] {spark_submit.py:514} INFO - Using Spark's default log4j profile: org/apache/spark/log4j-defaults.properties
[2021-12-13 17:12:42,912] {spark_submit.py:514} INFO - 21/12/13 17:12:42 INFO SparkContext: Running Spark version 3.2.0
[2021-12-13 17:12:43,051] {spark_submit.py:514} INFO - 21/12/13 17:12:43 WARN NativeCodeLoader: Unable to load native-hadoop library for your platform... using builtin-java classes where applicable
[2021-12-13 17:12:43,306] {spark_submit.py:514} INFO - 21/12/13 17:12:43 INFO ResourceUtils: ==============================================================
[2021-12-13 17:12:43,308] {spark_submit.py:514} INFO - 21/12/13 17:12:43 INFO ResourceUtils: No custom resources configured for spark.driver.
[2021-12-13 17:12:43,310] {spark_submit.py:514} INFO - 21/12/13 17:12:43 INFO ResourceUtils: ==============================================================
[2021-12-13 17:12:43,312] {spark_submit.py:514} INFO - 21/12/13 17:12:43 INFO SparkContext: Submitted application: Persist DB
[2021-12-13 17:12:43,359] {spark_submit.py:514} INFO - 21/12/13 17:12:43 INFO ResourceProfile: Default ResourceProfile created, executor resources: Map(cores -> name: cores, amount: 1, script: , vendor: , memory -> name: memory, amount: 1024, script: , vendor: , offHeap -> name: offHeap, amount: 0, script: , vendor: ), task resources: Map(cpus -> name: cpus, amount: 1.0)
[2021-12-13 17:12:43,379] {spark_submit.py:514} INFO - 21/12/13 17:12:43 INFO ResourceProfile: Limiting resource is cpu
[2021-12-13 17:12:43,381] {spark_submit.py:514} INFO - 21/12/13 17:12:43 INFO ResourceProfileManager: Added ResourceProfile id: 0
[2021-12-13 17:12:43,477] {spark_submit.py:514} INFO - 21/12/13 17:12:43 INFO SecurityManager: Changing view acls to: ***
[2021-12-13 17:12:43,478] {spark_submit.py:514} INFO - 21/12/13 17:12:43 INFO SecurityManager: Changing modify acls to: ***
[2021-12-13 17:12:43,479] {spark_submit.py:514} INFO - 21/12/13 17:12:43 INFO SecurityManager: Changing view acls groups to:
[2021-12-13 17:12:43,480] {spark_submit.py:514} INFO - 21/12/13 17:12:43 INFO SecurityManager: Changing modify acls groups to:
[2021-12-13 17:12:43,481] {spark_submit.py:514} INFO - 21/12/13 17:12:43 INFO SecurityManager: SecurityManager: authentication disabled; ui acls disabled; users  with view permissions: Set(***); groups with view permissions: Set(); users  with modify permissions: Set(***); groups with modify permissions: Set()
[2021-12-13 17:12:43,909] {spark_submit.py:514} INFO - 21/12/13 17:12:43 INFO Utils: Successfully started service 'sparkDriver' on port 38631.
[2021-12-13 17:12:43,961] {spark_submit.py:514} INFO - 21/12/13 17:12:43 INFO SparkEnv: Registering MapOutputTracker
[2021-12-13 17:12:44,022] {spark_submit.py:514} INFO - 21/12/13 17:12:44 INFO SparkEnv: Registering BlockManagerMaster
[2021-12-13 17:12:44,060] {spark_submit.py:514} INFO - 21/12/13 17:12:44 INFO BlockManagerMasterEndpoint: Using org.apache.spark.storage.DefaultTopologyMapper for getting topology information
[2021-12-13 17:12:44,062] {spark_submit.py:514} INFO - 21/12/13 17:12:44 INFO BlockManagerMasterEndpoint: BlockManagerMasterEndpoint up
[2021-12-13 17:12:44,072] {spark_submit.py:514} INFO - 21/12/13 17:12:44 INFO SparkEnv: Registering BlockManagerMasterHeartbeat
[2021-12-13 17:12:44,114] {spark_submit.py:514} INFO - 21/12/13 17:12:44 INFO DiskBlockManager: Created local directory at /tmp/blockmgr-352d0999-4eee-4266-bc7d-5e8110e77c7b
[2021-12-13 17:12:44,147] {spark_submit.py:514} INFO - 21/12/13 17:12:44 INFO MemoryStore: MemoryStore started with capacity 434.4 MiB
[2021-12-13 17:12:44,171] {spark_submit.py:514} INFO - 21/12/13 17:12:44 INFO SparkEnv: Registering OutputCommitCoordinator
[2021-12-13 17:12:44,511] {spark_submit.py:514} INFO - 21/12/13 17:12:44 INFO Utils: Successfully started service 'SparkUI' on port 4040.
[2021-12-13 17:12:44,633] {spark_submit.py:514} INFO - 21/12/13 17:12:44 INFO SparkUI: Bound SparkUI to 0.0.0.0, and started at http://c81f81825bc0:4040
[2021-12-13 17:12:45,057] {spark_submit.py:514} INFO - 21/12/13 17:12:45 INFO StandaloneAppClient$ClientEndpoint: Connecting to master spark://spark:7077...
[2021-12-13 17:12:45,216] {spark_submit.py:514} INFO - 21/12/13 17:12:45 INFO TransportClientFactory: Successfully created connection to spark/172.20.0.4:7077 after 67 ms (0 ms spent in bootstraps)
[2021-12-13 17:12:45,403] {spark_submit.py:514} INFO - 21/12/13 17:12:45 INFO StandaloneSchedulerBackend: Connected to Spark cluster with app ID app-20211213171245-0101
[2021-12-13 17:12:45,413] {spark_submit.py:514} INFO - 21/12/13 17:12:45 INFO StandaloneAppClient$ClientEndpoint: Executor added: app-20211213171245-0101/0 on worker-20211213155403-172.20.0.6-43761 (172.20.0.6:43761) with 6 core(s)
[2021-12-13 17:12:45,423] {spark_submit.py:514} INFO - 21/12/13 17:12:45 INFO StandaloneSchedulerBackend: Granted executor ID app-20211213171245-0101/0 on hostPort 172.20.0.6:43761 with 6 core(s), 1024.0 MiB RAM
[2021-12-13 17:12:45,439] {spark_submit.py:514} INFO - 21/12/13 17:12:45 INFO StandaloneAppClient$ClientEndpoint: Executor added: app-20211213171245-0101/1 on worker-20211213155403-172.20.0.5-45643 (172.20.0.5:45643) with 6 core(s)
[2021-12-13 17:12:45,445] {spark_submit.py:514} INFO - 21/12/13 17:12:45 INFO StandaloneSchedulerBackend: Granted executor ID app-20211213171245-0101/1 on hostPort 172.20.0.5:45643 with 6 core(s), 1024.0 MiB RAM
[2021-12-13 17:12:45,448] {spark_submit.py:514} INFO - 21/12/13 17:12:45 INFO Utils: Successfully started service 'org.apache.spark.network.netty.NettyBlockTransferService' on port 35105.
[2021-12-13 17:12:45,450] {spark_submit.py:514} INFO - 21/12/13 17:12:45 INFO NettyBlockTransferService: Server created on c81f81825bc0:35105
[2021-12-13 17:12:45,459] {spark_submit.py:514} INFO - 21/12/13 17:12:45 INFO BlockManager: Using org.apache.spark.storage.RandomBlockReplicationPolicy for block replication policy
[2021-12-13 17:12:45,474] {spark_submit.py:514} INFO - 21/12/13 17:12:45 INFO BlockManagerMaster: Registering BlockManager BlockManagerId(driver, c81f81825bc0, 35105, None)
[2021-12-13 17:12:45,500] {spark_submit.py:514} INFO - 21/12/13 17:12:45 INFO BlockManagerMasterEndpoint: Registering block manager c81f81825bc0:35105 with 434.4 MiB RAM, BlockManagerId(driver, c81f81825bc0, 35105, None)
[2021-12-13 17:12:45,506] {spark_submit.py:514} INFO - 21/12/13 17:12:45 INFO BlockManagerMaster: Registered BlockManager BlockManagerId(driver, c81f81825bc0, 35105, None)
[2021-12-13 17:12:45,515] {spark_submit.py:514} INFO - 21/12/13 17:12:45 INFO BlockManager: Initialized BlockManager: BlockManagerId(driver, c81f81825bc0, 35105, None)
[2021-12-13 17:12:45,524] {spark_submit.py:514} INFO - 21/12/13 17:12:45 INFO StandaloneAppClient$ClientEndpoint: Executor updated: app-20211213171245-0101/0 is now RUNNING
[2021-12-13 17:12:45,540] {spark_submit.py:514} INFO - 21/12/13 17:12:45 INFO StandaloneAppClient$ClientEndpoint: Executor updated: app-20211213171245-0101/1 is now RUNNING
[2021-12-13 17:12:46,012] {spark_submit.py:514} INFO - 21/12/13 17:12:46 INFO StandaloneSchedulerBackend: SchedulerBackend is ready for scheduling beginning after reached minRegisteredResourcesRatio: 0.0
[2021-12-13 17:12:46,142] {spark_submit.py:514} INFO - /home/***/.local/lib/python3.6/site-packages/pyspark/python/lib/pyspark.zip/pyspark/context.py:238: FutureWarning: Python 3.6 support is deprecated in Spark 3.2.
[2021-12-13 17:12:46,147] {spark_submit.py:514} INFO - FutureWarning
[2021-12-13 17:12:46,641] {spark_submit.py:514} INFO - 21/12/13 17:12:46 INFO SharedState: Setting hive.metastore.warehouse.dir ('null') to the value of spark.sql.warehouse.dir.
[2021-12-13 17:12:46,714] {spark_submit.py:514} INFO - 21/12/13 17:12:46 INFO SharedState: Warehouse path is 'file:/opt/***/spark-warehouse'.
[2021-12-13 17:12:48,527] {spark_submit.py:514} INFO - 21/12/13 17:12:48 INFO SparkContext: Invoking stop() from shutdown hook
[2021-12-13 17:12:48,592] {spark_submit.py:514} INFO - 21/12/13 17:12:48 INFO SparkUI: Stopped Spark web UI at http://c81f81825bc0:4040
[2021-12-13 17:12:48,604] {spark_submit.py:514} INFO - 21/12/13 17:12:48 INFO StandaloneSchedulerBackend: Shutting down all executors
[2021-12-13 17:12:48,617] {spark_submit.py:514} INFO - 21/12/13 17:12:48 INFO CoarseGrainedSchedulerBackend$DriverEndpoint: Asking each executor to shut down
[2021-12-13 17:12:48,706] {spark_submit.py:514} INFO - 21/12/13 17:12:48 INFO MapOutputTrackerMasterEndpoint: MapOutputTrackerMasterEndpoint stopped!
[2021-12-13 17:12:48,751] {spark_submit.py:514} INFO - 21/12/13 17:12:48 INFO MemoryStore: MemoryStore cleared
[2021-12-13 17:12:48,753] {spark_submit.py:514} INFO - 21/12/13 17:12:48 INFO BlockManager: BlockManager stopped
[2021-12-13 17:12:48,768] {spark_submit.py:514} INFO - 21/12/13 17:12:48 INFO BlockManagerMaster: BlockManagerMaster stopped
[2021-12-13 17:12:48,773] {spark_submit.py:514} INFO - 21/12/13 17:12:48 INFO OutputCommitCoordinator$OutputCommitCoordinatorEndpoint: OutputCommitCoordinator stopped!
[2021-12-13 17:12:48,789] {spark_submit.py:514} INFO - 21/12/13 17:12:48 INFO SparkContext: Successfully stopped SparkContext
[2021-12-13 17:12:48,791] {spark_submit.py:514} INFO - 21/12/13 17:12:48 INFO ShutdownHookManager: Shutdown hook called
[2021-12-13 17:12:48,793] {spark_submit.py:514} INFO - 21/12/13 17:12:48 INFO ShutdownHookManager: Deleting directory /tmp/spark-46e5eb24-a803-4093-9ccd-cd1a28f07e38/pyspark-53322e28-6276-426d-8248-bb0515ad08f0
[2021-12-13 17:12:48,804] {spark_submit.py:514} INFO - 21/12/13 17:12:48 INFO ShutdownHookManager: Deleting directory /tmp/spark-4dc63a9f-1a90-4958-b174-e3227ac6ddc2
[2021-12-13 17:12:48,807] {spark_submit.py:514} INFO - 21/12/13 17:12:48 INFO ShutdownHookManager: Deleting directory /tmp/spark-46e5eb24-a803-4093-9ccd-cd1a28f07e38
[2021-12-13 17:12:48,955] {taskinstance.py:1280} INFO - Marking task as SUCCESS. dag_id=scraping_daft_meath, task_id=persist_data, execution_date=20211213T171200, start_date=20211213T171239, end_date=20211213T171248
[2021-12-13 17:12:49,028] {local_task_job.py:154} INFO - Task exited with return code 0
[2021-12-13 17:12:49,151] {local_task_job.py:264} INFO - 1 downstream tasks scheduled from follow-on schedule check
