[2021-12-19 12:35:54,079] {taskinstance.py:1035} INFO - Dependencies all met for <TaskInstance: scraping_daft_wicklow.scrap_data scheduled__2021-12-18T11:10:00+00:00 [queued]>
[2021-12-19 12:35:54,337] {taskinstance.py:1035} INFO - Dependencies all met for <TaskInstance: scraping_daft_wicklow.scrap_data scheduled__2021-12-18T11:10:00+00:00 [queued]>
[2021-12-19 12:35:54,348] {taskinstance.py:1241} INFO - 
--------------------------------------------------------------------------------
[2021-12-19 12:35:54,352] {taskinstance.py:1242} INFO - Starting attempt 1 of 4
[2021-12-19 12:35:54,354] {taskinstance.py:1243} INFO - 
--------------------------------------------------------------------------------
[2021-12-19 12:35:54,438] {taskinstance.py:1262} INFO - Executing <Task(SparkSubmitOperator): scrap_data> on 2021-12-18 11:10:00+00:00
[2021-12-19 12:35:54,481] {standard_task_runner.py:76} INFO - Running: ['***', 'tasks', 'run', 'scraping_daft_wicklow', 'scrap_data', 'scheduled__2021-12-18T11:10:00+00:00', '--job-id', '3194', '--raw', '--subdir', 'DAGS_FOLDER/scraping_daft_wicklow.py', '--cfg-path', '/tmp/tmp80m1145c', '--error-file', '/tmp/tmpm1_t9g2q']
[2021-12-19 12:35:54,542] {standard_task_runner.py:77} INFO - Job 3194: Subtask scrap_data
[2021-12-19 12:35:54,463] {standard_task_runner.py:52} INFO - Started process 2868 to run task
[2021-12-19 12:35:54,777] {logging_mixin.py:109} INFO - Running <TaskInstance: scraping_daft_wicklow.scrap_data scheduled__2021-12-18T11:10:00+00:00 [running]> on host 358a7891c658
[2021-12-19 12:35:55,972] {taskinstance.py:1429} INFO - Exporting the following env vars:
AIRFLOW_CTX_DAG_EMAIL=clement.liscoet@gmail.com
AIRFLOW_CTX_DAG_OWNER=clemoni
AIRFLOW_CTX_DAG_ID=scraping_daft_wicklow
AIRFLOW_CTX_TASK_ID=scrap_data
AIRFLOW_CTX_EXECUTION_DATE=2021-12-18T11:10:00+00:00
AIRFLOW_CTX_DAG_RUN_ID=scheduled__2021-12-18T11:10:00+00:00
[2021-12-19 12:35:56,085] {base.py:79} INFO - Using connection to: id: spark_default. Host: spark://spark:7077, Port: None, Schema: , Login: ***, Password: ***, extra: {}
[2021-12-19 12:35:56,097] {spark_submit.py:360} INFO - Spark-Submit cmd: spark-submit --master spark://spark:7077 --conf spark.master=spark://spark:7077 --name scrap data --verbose /opt/***/jobs/get_ads_per_county.py wicklow
[2021-12-19 12:36:27,255] {spark_submit.py:514} INFO - Using properties file: null
[2021-12-19 12:36:28,843] {spark_submit.py:514} INFO - WARNING: An illegal reflective access operation has occurred
[2021-12-19 12:36:28,844] {spark_submit.py:514} INFO - WARNING: Illegal reflective access by org.apache.spark.unsafe.Platform (file:/home/***/.local/lib/python3.6/site-packages/pyspark/jars/spark-unsafe_2.12-3.2.0.jar) to constructor java.nio.DirectByteBuffer(long,int)
[2021-12-19 12:36:28,846] {spark_submit.py:514} INFO - WARNING: Please consider reporting this to the maintainers of org.apache.spark.unsafe.Platform
[2021-12-19 12:36:28,847] {spark_submit.py:514} INFO - WARNING: Use --illegal-access=warn to enable warnings of further illegal reflective access operations
[2021-12-19 12:36:28,848] {spark_submit.py:514} INFO - WARNING: All illegal access operations will be denied in a future release
[2021-12-19 12:36:29,676] {spark_submit.py:514} INFO - Parsed arguments:
[2021-12-19 12:36:29,678] {spark_submit.py:514} INFO - master                  spark://spark:7077
[2021-12-19 12:36:29,679] {spark_submit.py:514} INFO - deployMode              null
[2021-12-19 12:36:29,681] {spark_submit.py:514} INFO - executorMemory          null
[2021-12-19 12:36:29,683] {spark_submit.py:514} INFO - executorCores           null
[2021-12-19 12:36:29,684] {spark_submit.py:514} INFO - totalExecutorCores      null
[2021-12-19 12:36:29,685] {spark_submit.py:514} INFO - propertiesFile          null
[2021-12-19 12:36:29,690] {spark_submit.py:514} INFO - driverMemory            null
[2021-12-19 12:36:29,698] {spark_submit.py:514} INFO - driverCores             null
[2021-12-19 12:36:29,702] {spark_submit.py:514} INFO - driverExtraClassPath    null
[2021-12-19 12:36:29,707] {spark_submit.py:514} INFO - driverExtraLibraryPath  null
[2021-12-19 12:36:29,807] {spark_submit.py:514} INFO - driverExtraJavaOptions  null
[2021-12-19 12:36:29,809] {spark_submit.py:514} INFO - supervise               false
[2021-12-19 12:36:29,811] {spark_submit.py:514} INFO - queue                   null
[2021-12-19 12:36:29,813] {spark_submit.py:514} INFO - numExecutors            null
[2021-12-19 12:36:29,815] {spark_submit.py:514} INFO - files                   null
[2021-12-19 12:36:29,816] {spark_submit.py:514} INFO - pyFiles                 null
[2021-12-19 12:36:29,827] {spark_submit.py:514} INFO - archives                null
[2021-12-19 12:36:29,830] {spark_submit.py:514} INFO - mainClass               null
[2021-12-19 12:36:29,832] {spark_submit.py:514} INFO - primaryResource         file:/opt/***/jobs/get_ads_per_county.py
[2021-12-19 12:36:29,836] {spark_submit.py:514} INFO - name                    scrap data
[2021-12-19 12:36:29,837] {spark_submit.py:514} INFO - childArgs               [wicklow]
[2021-12-19 12:36:29,839] {spark_submit.py:514} INFO - jars                    null
[2021-12-19 12:36:29,841] {spark_submit.py:514} INFO - packages                null
[2021-12-19 12:36:29,857] {spark_submit.py:514} INFO - packagesExclusions      null
[2021-12-19 12:36:29,859] {spark_submit.py:514} INFO - repositories            null
[2021-12-19 12:36:29,860] {spark_submit.py:514} INFO - verbose                 true
[2021-12-19 12:36:29,862] {spark_submit.py:514} INFO - 
[2021-12-19 12:36:29,864] {spark_submit.py:514} INFO - Spark properties used, including those specified through
[2021-12-19 12:36:29,865] {spark_submit.py:514} INFO - --conf and those from the properties file null:
[2021-12-19 12:36:29,867] {spark_submit.py:514} INFO - (spark.master,spark://spark:7077)
[2021-12-19 12:36:29,869] {spark_submit.py:514} INFO - 
[2021-12-19 12:36:29,870] {spark_submit.py:514} INFO - 
[2021-12-19 12:36:35,544] {spark_submit.py:514} INFO - Main class:
[2021-12-19 12:36:35,548] {spark_submit.py:514} INFO - org.apache.spark.deploy.PythonRunner
[2021-12-19 12:36:35,550] {spark_submit.py:514} INFO - Arguments:
[2021-12-19 12:36:35,552] {spark_submit.py:514} INFO - file:/opt/***/jobs/get_ads_per_county.py
[2021-12-19 12:36:35,558] {spark_submit.py:514} INFO - null
[2021-12-19 12:36:35,568] {spark_submit.py:514} INFO - wicklow
[2021-12-19 12:36:35,571] {spark_submit.py:514} INFO - --verbose
[2021-12-19 12:36:35,572] {spark_submit.py:514} INFO - Spark config:
[2021-12-19 12:36:35,576] {spark_submit.py:514} INFO - (spark.app.name,scrap data)
[2021-12-19 12:36:35,587] {spark_submit.py:514} INFO - (spark.master,spark://spark:7077)
[2021-12-19 12:36:35,589] {spark_submit.py:514} INFO - (spark.submit.pyFiles,)
[2021-12-19 12:36:35,590] {spark_submit.py:514} INFO - (spark.submit.deployMode,client)
[2021-12-19 12:36:35,612] {spark_submit.py:514} INFO - Classpath elements:
[2021-12-19 12:36:35,637] {spark_submit.py:514} INFO - 
[2021-12-19 12:36:35,639] {spark_submit.py:514} INFO - 
[2021-12-19 12:36:35,640] {spark_submit.py:514} INFO - 
[2021-12-19 12:37:39,628] {spark_submit.py:514} INFO - Using Spark's default log4j profile: org/apache/spark/log4j-defaults.properties
[2021-12-19 12:37:39,837] {spark_submit.py:514} INFO - 21/12/19 12:37:39 INFO SparkContext: Running Spark version 3.2.0
[2021-12-19 12:37:42,763] {spark_submit.py:514} INFO - 21/12/19 12:37:42 WARN NativeCodeLoader: Unable to load native-hadoop library for your platform... using builtin-java classes where applicable
[2021-12-19 12:37:47,930] {spark_submit.py:514} INFO - 21/12/19 12:37:47 INFO ResourceUtils: ==============================================================
[2021-12-19 12:37:47,933] {spark_submit.py:514} INFO - 21/12/19 12:37:47 INFO ResourceUtils: No custom resources configured for spark.driver.
[2021-12-19 12:37:48,091] {spark_submit.py:514} INFO - 21/12/19 12:37:48 INFO ResourceUtils: ==============================================================
[2021-12-19 12:37:48,179] {spark_submit.py:514} INFO - 21/12/19 12:37:48 INFO SparkContext: Submitted application: Get Ads per county
[2021-12-19 12:37:49,443] {spark_submit.py:514} INFO - 21/12/19 12:37:49 INFO ResourceProfile: Default ResourceProfile created, executor resources: Map(cores -> name: cores, amount: 1, script: , vendor: , memory -> name: memory, amount: 1024, script: , vendor: , offHeap -> name: offHeap, amount: 0, script: , vendor: ), task resources: Map(cpus -> name: cpus, amount: 1.0)
[2021-12-19 12:37:50,063] {spark_submit.py:514} INFO - 21/12/19 12:37:50 INFO ResourceProfile: Limiting resource is cpu
[2021-12-19 12:37:50,113] {spark_submit.py:514} INFO - 21/12/19 12:37:50 INFO ResourceProfileManager: Added ResourceProfile id: 0
[2021-12-19 12:37:53,128] {spark_submit.py:514} INFO - 21/12/19 12:37:53 INFO SecurityManager: Changing view acls to: ***
[2021-12-19 12:37:53,176] {spark_submit.py:514} INFO - 21/12/19 12:37:53 INFO SecurityManager: Changing modify acls to: ***
[2021-12-19 12:37:53,331] {spark_submit.py:514} INFO - 21/12/19 12:37:53 INFO SecurityManager: Changing view acls groups to:
[2021-12-19 12:37:53,442] {spark_submit.py:514} INFO - 21/12/19 12:37:53 INFO SecurityManager: Changing modify acls groups to:
[2021-12-19 12:37:53,464] {spark_submit.py:514} INFO - 21/12/19 12:37:53 INFO SecurityManager: SecurityManager: authentication disabled; ui acls disabled; users  with view permissions: Set(***); groups with view permissions: Set(); users  with modify permissions: Set(***); groups with modify permissions: Set()
[2021-12-19 12:38:06,325] {spark_submit.py:514} INFO - 21/12/19 12:38:06 INFO Utils: Successfully started service 'sparkDriver' on port 45877.
[2021-12-19 12:38:07,642] {spark_submit.py:514} INFO - 21/12/19 12:38:07 INFO SparkEnv: Registering MapOutputTracker
[2021-12-19 12:38:10,987] {spark_submit.py:514} INFO - 21/12/19 12:38:10 INFO SparkEnv: Registering BlockManagerMaster
[2021-12-19 12:38:11,492] {spark_submit.py:514} INFO - 21/12/19 12:38:11 INFO BlockManagerMasterEndpoint: Using org.apache.spark.storage.DefaultTopologyMapper for getting topology information
[2021-12-19 12:38:11,559] {spark_submit.py:514} INFO - 21/12/19 12:38:11 INFO BlockManagerMasterEndpoint: BlockManagerMasterEndpoint up
[2021-12-19 12:38:12,049] {spark_submit.py:514} INFO - 21/12/19 12:38:12 INFO SparkEnv: Registering BlockManagerMasterHeartbeat
[2021-12-19 12:38:14,699] {spark_submit.py:514} INFO - 21/12/19 12:38:14 INFO DiskBlockManager: Created local directory at /tmp/blockmgr-441a40c8-5870-4afc-9aa6-4932573fa729
[2021-12-19 12:38:16,001] {spark_submit.py:514} INFO - 21/12/19 12:38:16 INFO MemoryStore: MemoryStore started with capacity 434.4 MiB
[2021-12-19 12:38:16,985] {spark_submit.py:514} INFO - 21/12/19 12:38:16 INFO SparkEnv: Registering OutputCommitCoordinator
[2021-12-19 12:38:23,108] {spark_submit.py:514} INFO - 21/12/19 12:38:23 WARN Utils: Service 'SparkUI' could not bind on port 4040. Attempting port 4041.
[2021-12-19 12:38:23,117] {spark_submit.py:514} INFO - 21/12/19 12:38:23 WARN Utils: Service 'SparkUI' could not bind on port 4041. Attempting port 4042.
[2021-12-19 12:38:23,331] {spark_submit.py:514} INFO - 21/12/19 12:38:23 INFO Utils: Successfully started service 'SparkUI' on port 4042.
[2021-12-19 12:38:24,337] {spark_submit.py:514} INFO - 21/12/19 12:38:24 INFO SparkUI: Bound SparkUI to 0.0.0.0, and started at http://358a7891c658:4042
[2021-12-19 12:38:33,506] {spark_submit.py:514} INFO - 21/12/19 12:38:33 INFO StandaloneAppClient$ClientEndpoint: Connecting to master spark://spark:7077...
[2021-12-19 12:38:36,296] {spark_submit.py:514} INFO - 21/12/19 12:38:36 INFO TransportClientFactory: Successfully created connection to spark/172.20.0.4:7077 after 2241 ms (0 ms spent in bootstraps)
[2021-12-19 12:38:42,228] {spark_submit.py:514} INFO - 21/12/19 12:38:42 INFO StandaloneSchedulerBackend: Connected to Spark cluster with app ID app-20211219123841-0023
[2021-12-19 12:38:42,333] {spark_submit.py:514} INFO - 21/12/19 12:38:42 INFO Utils: Successfully started service 'org.apache.spark.network.netty.NettyBlockTransferService' on port 46213.
[2021-12-19 12:38:42,383] {spark_submit.py:514} INFO - 21/12/19 12:38:42 INFO NettyBlockTransferService: Server created on 358a7891c658:46213
[2021-12-19 12:38:42,504] {spark_submit.py:514} INFO - 21/12/19 12:38:42 INFO BlockManager: Using org.apache.spark.storage.RandomBlockReplicationPolicy for block replication policy
[2021-12-19 12:38:42,908] {spark_submit.py:514} INFO - 21/12/19 12:38:42 INFO BlockManagerMaster: Registering BlockManager BlockManagerId(driver, 358a7891c658, 46213, None)
[2021-12-19 12:38:43,011] {spark_submit.py:514} INFO - 21/12/19 12:38:42 INFO BlockManagerMasterEndpoint: Registering block manager 358a7891c658:46213 with 434.4 MiB RAM, BlockManagerId(driver, 358a7891c658, 46213, None)
[2021-12-19 12:38:43,315] {spark_submit.py:514} INFO - 21/12/19 12:38:43 INFO BlockManagerMaster: Registered BlockManager BlockManagerId(driver, 358a7891c658, 46213, None)
[2021-12-19 12:38:43,332] {spark_submit.py:514} INFO - 21/12/19 12:38:43 INFO BlockManager: Initialized BlockManager: BlockManagerId(driver, 358a7891c658, 46213, None)
[2021-12-19 12:38:53,372] {spark_submit.py:514} INFO - 21/12/19 12:38:53 INFO StandaloneSchedulerBackend: SchedulerBackend is ready for scheduling beginning after reached minRegisteredResourcesRatio: 0.0
[2021-12-19 12:38:55,373] {spark_submit.py:514} INFO - /home/***/.local/lib/python3.6/site-packages/pyspark/python/lib/pyspark.zip/pyspark/context.py:238: FutureWarning: Python 3.6 support is deprecated in Spark 3.2.
[2021-12-19 12:38:55,375] {spark_submit.py:514} INFO - FutureWarning
[2021-12-19 12:39:04,806] {spark_submit.py:514} INFO - 21/12/19 12:39:04 INFO SharedState: Setting hive.metastore.warehouse.dir ('null') to the value of spark.sql.warehouse.dir.
[2021-12-19 12:39:10,673] {spark_submit.py:514} INFO - 21/12/19 12:39:10 INFO SharedState: Warehouse path is 'file:/opt/***/spark-warehouse'.
[2021-12-19 12:39:40,094] {spark_submit.py:514} INFO - running...
[2021-12-19 12:39:44,394] {spark_submit.py:514} INFO - running...
[2021-12-19 12:39:47,839] {spark_submit.py:514} INFO - running...
[2021-12-19 12:39:49,711] {spark_submit.py:514} INFO - running...
[2021-12-19 12:39:51,929] {spark_submit.py:514} INFO - running...
[2021-12-19 12:39:53,492] {spark_submit.py:514} INFO - running...
[2021-12-19 12:39:56,434] {spark_submit.py:514} INFO - running...
[2021-12-19 12:39:58,627] {spark_submit.py:514} INFO - running...
[2021-12-19 12:40:02,772] {spark_submit.py:514} INFO - running...
[2021-12-19 12:40:07,167] {spark_submit.py:514} INFO - running...
[2021-12-19 12:40:22,050] {spark_submit.py:514} INFO - running...
[2021-12-19 12:40:23,067] {spark_submit.py:514} INFO - running...
[2021-12-19 12:40:30,751] {spark_submit.py:514} INFO - running...
[2021-12-19 12:40:33,099] {spark_submit.py:514} INFO - running...
[2021-12-19 12:40:36,389] {spark_submit.py:514} INFO - running...
[2021-12-19 12:40:39,212] {spark_submit.py:514} INFO - running...
[2021-12-19 12:40:43,788] {spark_submit.py:514} INFO - running...
[2021-12-19 12:40:46,467] {spark_submit.py:514} INFO - running...
[2021-12-19 12:40:53,598] {spark_submit.py:514} INFO - running...
[2021-12-19 12:40:57,632] {spark_submit.py:514} INFO - running...
[2021-12-19 12:41:03,093] {spark_submit.py:514} INFO - running...
[2021-12-19 12:41:08,198] {spark_submit.py:514} INFO - running...
[2021-12-19 12:41:10,841] {spark_submit.py:514} INFO - running...
[2021-12-19 12:41:15,804] {spark_submit.py:514} INFO - 21/12/19 12:41:15 INFO StandaloneAppClient$ClientEndpoint: Executor added: app-20211219123841-0023/0 on worker-20211219122714-172.20.0.6-39307 (172.20.0.6:39307) with 6 core(s)
[2021-12-19 12:41:15,860] {spark_submit.py:514} INFO - 21/12/19 12:41:15 INFO StandaloneSchedulerBackend: Granted executor ID app-20211219123841-0023/0 on hostPort 172.20.0.6:39307 with 6 core(s), 1024.0 MiB RAM
[2021-12-19 12:41:15,863] {spark_submit.py:514} INFO - 21/12/19 12:41:15 INFO StandaloneAppClient$ClientEndpoint: Executor added: app-20211219123841-0023/1 on worker-20211219122714-172.20.0.5-39503 (172.20.0.5:39503) with 6 core(s)
[2021-12-19 12:41:15,893] {spark_submit.py:514} INFO - 21/12/19 12:41:15 INFO StandaloneSchedulerBackend: Granted executor ID app-20211219123841-0023/1 on hostPort 172.20.0.5:39503 with 6 core(s), 1024.0 MiB RAM
[2021-12-19 12:41:17,110] {spark_submit.py:514} INFO - 21/12/19 12:41:17 INFO StandaloneAppClient$ClientEndpoint: Executor updated: app-20211219123841-0023/1 is now RUNNING
[2021-12-19 12:41:17,132] {spark_submit.py:514} INFO - 21/12/19 12:41:17 INFO StandaloneAppClient$ClientEndpoint: Executor updated: app-20211219123841-0023/0 is now RUNNING
[2021-12-19 12:41:17,367] {spark_submit.py:514} INFO - running...
[2021-12-19 12:41:23,784] {spark_submit.py:514} INFO - running...
[2021-12-19 12:41:28,046] {spark_submit.py:514} INFO - running...
[2021-12-19 12:41:29,210] {spark_submit.py:514} INFO - running...
[2021-12-19 12:41:32,032] {spark_submit.py:514} INFO - running...
[2021-12-19 12:41:34,536] {spark_submit.py:514} INFO - running...
[2021-12-19 12:41:37,157] {spark_submit.py:514} INFO - running...
[2021-12-19 12:41:38,727] {spark_submit.py:514} INFO - 21/12/19 12:41:38 INFO CoarseGrainedSchedulerBackend$DriverEndpoint: Registered executor NettyRpcEndpointRef(spark-client://Executor) (172.20.0.6:36236) with ID 0,  ResourceProfileId 0
[2021-12-19 12:41:38,743] {spark_submit.py:514} INFO - running...
[2021-12-19 12:41:39,332] {spark_submit.py:514} INFO - 21/12/19 12:41:39 INFO CoarseGrainedSchedulerBackend$DriverEndpoint: Registered executor NettyRpcEndpointRef(spark-client://Executor) (172.20.0.5:43004) with ID 1,  ResourceProfileId 0
[2021-12-19 12:41:40,795] {spark_submit.py:514} INFO - 21/12/19 12:41:40 INFO BlockManagerMasterEndpoint: Registering block manager 172.20.0.6:34609 with 366.3 MiB RAM, BlockManagerId(0, 172.20.0.6, 34609, None)
[2021-12-19 12:41:40,911] {spark_submit.py:514} INFO - 21/12/19 12:41:40 INFO BlockManagerMasterEndpoint: Registering block manager 172.20.0.5:46589 with 366.3 MiB RAM, BlockManagerId(1, 172.20.0.5, 46589, None)
[2021-12-19 12:41:41,795] {spark_submit.py:514} INFO - running...
[2021-12-19 12:41:44,276] {spark_submit.py:514} INFO - running...
[2021-12-19 12:41:45,853] {spark_submit.py:514} INFO - running...
[2021-12-19 12:41:46,789] {spark_submit.py:514} INFO - running...
[2021-12-19 12:41:48,045] {spark_submit.py:514} INFO - running...
[2021-12-19 12:41:52,775] {spark_submit.py:514} INFO - running...
[2021-12-19 12:41:58,504] {spark_submit.py:514} INFO - 21/12/19 12:41:58 INFO SparkContext: Invoking stop() from shutdown hook
[2021-12-19 12:41:58,862] {spark_submit.py:514} INFO - 21/12/19 12:41:58 INFO SparkUI: Stopped Spark web UI at http://358a7891c658:4042
[2021-12-19 12:41:58,990] {spark_submit.py:514} INFO - 21/12/19 12:41:58 INFO StandaloneSchedulerBackend: Shutting down all executors
[2021-12-19 12:41:58,995] {spark_submit.py:514} INFO - 21/12/19 12:41:58 INFO CoarseGrainedSchedulerBackend$DriverEndpoint: Asking each executor to shut down
[2021-12-19 12:41:59,819] {spark_submit.py:514} INFO - 21/12/19 12:41:59 INFO MapOutputTrackerMasterEndpoint: MapOutputTrackerMasterEndpoint stopped!
[2021-12-19 12:42:03,129] {spark_submit.py:514} INFO - 21/12/19 12:42:03 INFO MemoryStore: MemoryStore cleared
[2021-12-19 12:42:03,178] {spark_submit.py:514} INFO - 21/12/19 12:42:03 INFO BlockManager: BlockManager stopped
[2021-12-19 12:42:04,008] {spark_submit.py:514} INFO - 21/12/19 12:42:03 INFO BlockManagerMaster: BlockManagerMaster stopped
[2021-12-19 12:42:04,295] {spark_submit.py:514} INFO - 21/12/19 12:42:04 INFO OutputCommitCoordinator$OutputCommitCoordinatorEndpoint: OutputCommitCoordinator stopped!
[2021-12-19 12:42:05,901] {spark_submit.py:514} INFO - 21/12/19 12:42:05 INFO SparkContext: Successfully stopped SparkContext
[2021-12-19 12:42:05,973] {spark_submit.py:514} INFO - 21/12/19 12:42:05 INFO ShutdownHookManager: Shutdown hook called
[2021-12-19 12:42:06,073] {spark_submit.py:514} INFO - 21/12/19 12:42:06 INFO ShutdownHookManager: Deleting directory /tmp/spark-3fe6c3bb-2c86-4524-9ae1-b4aba0e9094d
[2021-12-19 12:42:06,210] {spark_submit.py:514} INFO - 21/12/19 12:42:06 INFO ShutdownHookManager: Deleting directory /tmp/spark-4aee6d95-ff7e-496a-991d-d623549b1b7e
[2021-12-19 12:42:06,382] {spark_submit.py:514} INFO - 21/12/19 12:42:06 INFO ShutdownHookManager: Deleting directory /tmp/spark-3fe6c3bb-2c86-4524-9ae1-b4aba0e9094d/pyspark-4f955622-89a3-4df4-a432-fd5debb32161
[2021-12-19 12:42:18,731] {taskinstance.py:1280} INFO - Marking task as SUCCESS. dag_id=scraping_daft_wicklow, task_id=scrap_data, execution_date=20211218T111000, start_date=20211219T123554, end_date=20211219T124218
[2021-12-19 12:42:21,002] {local_task_job.py:154} INFO - Task exited with return code 0
[2021-12-19 12:42:24,451] {local_task_job.py:264} INFO - 0 downstream tasks scheduled from follow-on schedule check
