[2022-01-02 12:32:55,910] {taskinstance.py:1035} INFO - Dependencies all met for <TaskInstance: scraping_daft_roscommon.remove_file scheduled__2022-01-01T10:40:00+00:00 [queued]>
[2022-01-02 12:32:56,134] {taskinstance.py:1035} INFO - Dependencies all met for <TaskInstance: scraping_daft_roscommon.remove_file scheduled__2022-01-01T10:40:00+00:00 [queued]>
[2022-01-02 12:32:56,146] {taskinstance.py:1241} INFO - 
--------------------------------------------------------------------------------
[2022-01-02 12:32:56,163] {taskinstance.py:1242} INFO - Starting attempt 1 of 4
[2022-01-02 12:32:56,171] {taskinstance.py:1243} INFO - 
--------------------------------------------------------------------------------
[2022-01-02 12:32:56,307] {taskinstance.py:1262} INFO - Executing <Task(SparkSubmitOperator): remove_file> on 2022-01-01 10:40:00+00:00
[2022-01-02 12:32:56,485] {standard_task_runner.py:76} INFO - Running: ['***', 'tasks', 'run', 'scraping_daft_roscommon', 'remove_file', 'scheduled__2022-01-01T10:40:00+00:00', '--job-id', '6246', '--raw', '--subdir', 'DAGS_FOLDER/scraping_daft_roscommon.py', '--cfg-path', '/tmp/tmph_0weraj', '--error-file', '/tmp/tmp2pxx51z7']
[2022-01-02 12:32:56,504] {standard_task_runner.py:77} INFO - Job 6246: Subtask remove_file
[2022-01-02 12:32:56,382] {standard_task_runner.py:52} INFO - Started process 13584 to run task
[2022-01-02 12:32:57,211] {logging_mixin.py:109} INFO - Running <TaskInstance: scraping_daft_roscommon.remove_file scheduled__2022-01-01T10:40:00+00:00 [running]> on host bbddfc72aeab
[2022-01-02 12:32:57,829] {taskinstance.py:1429} INFO - Exporting the following env vars:
AIRFLOW_CTX_DAG_EMAIL=clement.liscoet@gmail.com
AIRFLOW_CTX_DAG_OWNER=clemoni
AIRFLOW_CTX_DAG_ID=scraping_daft_roscommon
AIRFLOW_CTX_TASK_ID=remove_file
AIRFLOW_CTX_EXECUTION_DATE=2022-01-01T10:40:00+00:00
AIRFLOW_CTX_DAG_RUN_ID=scheduled__2022-01-01T10:40:00+00:00
[2022-01-02 12:32:57,910] {base.py:79} INFO - Using connection to: id: spark_default. Host: spark://spark:7077, Port: None, Schema: , Login: ***, Password: ***, extra: {}
[2022-01-02 12:32:57,919] {spark_submit.py:360} INFO - Spark-Submit cmd: spark-submit --master spark://spark:7077 --conf spark.master=spark://spark:7077 --name remove file --verbose /opt/***/jobs/remove_file.py roscommon
[2022-01-02 12:33:31,005] {spark_submit.py:514} INFO - Using properties file: null
[2022-01-02 12:33:32,450] {spark_submit.py:514} INFO - WARNING: An illegal reflective access operation has occurred
[2022-01-02 12:33:32,452] {spark_submit.py:514} INFO - WARNING: Illegal reflective access by org.apache.spark.unsafe.Platform (file:/home/***/.local/lib/python3.6/site-packages/pyspark/jars/spark-unsafe_2.12-3.2.0.jar) to constructor java.nio.DirectByteBuffer(long,int)
[2022-01-02 12:33:32,453] {spark_submit.py:514} INFO - WARNING: Please consider reporting this to the maintainers of org.apache.spark.unsafe.Platform
[2022-01-02 12:33:32,455] {spark_submit.py:514} INFO - WARNING: Use --illegal-access=warn to enable warnings of further illegal reflective access operations
[2022-01-02 12:33:32,456] {spark_submit.py:514} INFO - WARNING: All illegal access operations will be denied in a future release
[2022-01-02 12:33:32,969] {spark_submit.py:514} INFO - Parsed arguments:
[2022-01-02 12:33:32,971] {spark_submit.py:514} INFO - master                  spark://spark:7077
[2022-01-02 12:33:32,973] {spark_submit.py:514} INFO - deployMode              null
[2022-01-02 12:33:32,974] {spark_submit.py:514} INFO - executorMemory          null
[2022-01-02 12:33:32,976] {spark_submit.py:514} INFO - executorCores           null
[2022-01-02 12:33:32,977] {spark_submit.py:514} INFO - totalExecutorCores      null
[2022-01-02 12:33:32,978] {spark_submit.py:514} INFO - propertiesFile          null
[2022-01-02 12:33:32,980] {spark_submit.py:514} INFO - driverMemory            null
[2022-01-02 12:33:32,982] {spark_submit.py:514} INFO - driverCores             null
[2022-01-02 12:33:32,983] {spark_submit.py:514} INFO - driverExtraClassPath    null
[2022-01-02 12:33:32,984] {spark_submit.py:514} INFO - driverExtraLibraryPath  null
[2022-01-02 12:33:32,987] {spark_submit.py:514} INFO - driverExtraJavaOptions  null
[2022-01-02 12:33:32,989] {spark_submit.py:514} INFO - supervise               false
[2022-01-02 12:33:32,990] {spark_submit.py:514} INFO - queue                   null
[2022-01-02 12:33:32,991] {spark_submit.py:514} INFO - numExecutors            null
[2022-01-02 12:33:32,993] {spark_submit.py:514} INFO - files                   null
[2022-01-02 12:33:32,994] {spark_submit.py:514} INFO - pyFiles                 null
[2022-01-02 12:33:33,001] {spark_submit.py:514} INFO - archives                null
[2022-01-02 12:33:33,002] {spark_submit.py:514} INFO - mainClass               null
[2022-01-02 12:33:33,004] {spark_submit.py:514} INFO - primaryResource         file:/opt/***/jobs/remove_file.py
[2022-01-02 12:33:33,005] {spark_submit.py:514} INFO - name                    remove file
[2022-01-02 12:33:33,006] {spark_submit.py:514} INFO - childArgs               [roscommon]
[2022-01-02 12:33:33,007] {spark_submit.py:514} INFO - jars                    null
[2022-01-02 12:33:33,013] {spark_submit.py:514} INFO - packages                null
[2022-01-02 12:33:33,015] {spark_submit.py:514} INFO - packagesExclusions      null
[2022-01-02 12:33:33,016] {spark_submit.py:514} INFO - repositories            null
[2022-01-02 12:33:33,018] {spark_submit.py:514} INFO - verbose                 true
[2022-01-02 12:33:33,019] {spark_submit.py:514} INFO - 
[2022-01-02 12:33:33,021] {spark_submit.py:514} INFO - Spark properties used, including those specified through
[2022-01-02 12:33:33,023] {spark_submit.py:514} INFO - --conf and those from the properties file null:
[2022-01-02 12:33:33,024] {spark_submit.py:514} INFO - (spark.master,spark://spark:7077)
[2022-01-02 12:33:33,025] {spark_submit.py:514} INFO - 
[2022-01-02 12:33:33,027] {spark_submit.py:514} INFO - 
[2022-01-02 12:33:36,830] {spark_submit.py:514} INFO - Main class:
[2022-01-02 12:33:36,832] {spark_submit.py:514} INFO - org.apache.spark.deploy.PythonRunner
[2022-01-02 12:33:36,833] {spark_submit.py:514} INFO - Arguments:
[2022-01-02 12:33:36,834] {spark_submit.py:514} INFO - file:/opt/***/jobs/remove_file.py
[2022-01-02 12:33:36,836] {spark_submit.py:514} INFO - null
[2022-01-02 12:33:36,837] {spark_submit.py:514} INFO - roscommon
[2022-01-02 12:33:36,839] {spark_submit.py:514} INFO - --verbose
[2022-01-02 12:33:36,840] {spark_submit.py:514} INFO - Spark config:
[2022-01-02 12:33:36,843] {spark_submit.py:514} INFO - (spark.app.name,remove file)
[2022-01-02 12:33:36,846] {spark_submit.py:514} INFO - (spark.master,spark://spark:7077)
[2022-01-02 12:33:36,851] {spark_submit.py:514} INFO - (spark.submit.pyFiles,)
[2022-01-02 12:33:36,857] {spark_submit.py:514} INFO - (spark.submit.deployMode,client)
[2022-01-02 12:33:36,862] {spark_submit.py:514} INFO - Classpath elements:
[2022-01-02 12:33:36,864] {spark_submit.py:514} INFO - 
[2022-01-02 12:33:36,868] {spark_submit.py:514} INFO - 
[2022-01-02 12:33:36,869] {spark_submit.py:514} INFO - 
[2022-01-02 12:33:50,103] {spark_submit.py:514} INFO - Using Spark's default log4j profile: org/apache/spark/log4j-defaults.properties
[2022-01-02 12:33:50,229] {spark_submit.py:514} INFO - 22/01/02 12:33:50 INFO SparkContext: Running Spark version 3.2.0
[2022-01-02 12:33:51,660] {spark_submit.py:514} INFO - 22/01/02 12:33:51 WARN NativeCodeLoader: Unable to load native-hadoop library for your platform... using builtin-java classes where applicable
[2022-01-02 12:33:53,264] {spark_submit.py:514} INFO - 22/01/02 12:33:53 INFO ResourceUtils: ==============================================================
[2022-01-02 12:33:53,295] {spark_submit.py:514} INFO - 22/01/02 12:33:53 INFO ResourceUtils: No custom resources configured for spark.driver.
[2022-01-02 12:33:53,305] {spark_submit.py:514} INFO - 22/01/02 12:33:53 INFO ResourceUtils: ==============================================================
[2022-01-02 12:33:53,308] {spark_submit.py:514} INFO - 22/01/02 12:33:53 INFO SparkContext: Submitted application: Remove file
[2022-01-02 12:33:53,818] {spark_submit.py:514} INFO - 22/01/02 12:33:53 INFO ResourceProfile: Default ResourceProfile created, executor resources: Map(cores -> name: cores, amount: 1, script: , vendor: , memory -> name: memory, amount: 1024, script: , vendor: , offHeap -> name: offHeap, amount: 0, script: , vendor: ), task resources: Map(cpus -> name: cpus, amount: 1.0)
[2022-01-02 12:33:54,054] {spark_submit.py:514} INFO - 22/01/02 12:33:54 INFO ResourceProfile: Limiting resource is cpu
[2022-01-02 12:33:54,077] {spark_submit.py:514} INFO - 22/01/02 12:33:54 INFO ResourceProfileManager: Added ResourceProfile id: 0
[2022-01-02 12:33:55,175] {spark_submit.py:514} INFO - 22/01/02 12:33:55 INFO SecurityManager: Changing view acls to: ***
[2022-01-02 12:33:55,182] {spark_submit.py:514} INFO - 22/01/02 12:33:55 INFO SecurityManager: Changing modify acls to: ***
[2022-01-02 12:33:55,187] {spark_submit.py:514} INFO - 22/01/02 12:33:55 INFO SecurityManager: Changing view acls groups to:
[2022-01-02 12:33:55,195] {spark_submit.py:514} INFO - 22/01/02 12:33:55 INFO SecurityManager: Changing modify acls groups to:
[2022-01-02 12:33:55,223] {spark_submit.py:514} INFO - 22/01/02 12:33:55 INFO SecurityManager: SecurityManager: authentication disabled; ui acls disabled; users  with view permissions: Set(***); groups with view permissions: Set(); users  with modify permissions: Set(***); groups with modify permissions: Set()
[2022-01-02 12:33:59,682] {spark_submit.py:514} INFO - 22/01/02 12:33:59 INFO Utils: Successfully started service 'sparkDriver' on port 34075.
[2022-01-02 12:34:00,022] {spark_submit.py:514} INFO - 22/01/02 12:34:00 INFO SparkEnv: Registering MapOutputTracker
[2022-01-02 12:34:00,285] {spark_submit.py:514} INFO - 22/01/02 12:34:00 INFO SparkEnv: Registering BlockManagerMaster
[2022-01-02 12:34:00,440] {spark_submit.py:514} INFO - 22/01/02 12:34:00 INFO BlockManagerMasterEndpoint: Using org.apache.spark.storage.DefaultTopologyMapper for getting topology information
[2022-01-02 12:34:00,444] {spark_submit.py:514} INFO - 22/01/02 12:34:00 INFO BlockManagerMasterEndpoint: BlockManagerMasterEndpoint up
[2022-01-02 12:34:00,475] {spark_submit.py:514} INFO - 22/01/02 12:34:00 INFO SparkEnv: Registering BlockManagerMasterHeartbeat
[2022-01-02 12:34:00,641] {spark_submit.py:514} INFO - 22/01/02 12:34:00 INFO DiskBlockManager: Created local directory at /tmp/blockmgr-3a0cb20c-3bf4-41b5-babd-2f9f1ff24344
[2022-01-02 12:34:00,778] {spark_submit.py:514} INFO - 22/01/02 12:34:00 INFO MemoryStore: MemoryStore started with capacity 434.4 MiB
[2022-01-02 12:34:01,040] {spark_submit.py:514} INFO - 22/01/02 12:34:01 INFO SparkEnv: Registering OutputCommitCoordinator
[2022-01-02 12:34:04,788] {spark_submit.py:514} INFO - 22/01/02 12:34:04 WARN Utils: Service 'SparkUI' could not bind on port 4040. Attempting port 4041.
[2022-01-02 12:34:04,792] {spark_submit.py:514} INFO - 22/01/02 12:34:04 WARN Utils: Service 'SparkUI' could not bind on port 4041. Attempting port 4042.
[2022-01-02 12:34:04,796] {spark_submit.py:514} INFO - 22/01/02 12:34:04 WARN Utils: Service 'SparkUI' could not bind on port 4042. Attempting port 4043.
[2022-01-02 12:34:04,799] {spark_submit.py:514} INFO - 22/01/02 12:34:04 WARN Utils: Service 'SparkUI' could not bind on port 4043. Attempting port 4044.
[2022-01-02 12:34:04,850] {spark_submit.py:514} INFO - 22/01/02 12:34:04 INFO Utils: Successfully started service 'SparkUI' on port 4044.
[2022-01-02 12:34:05,257] {spark_submit.py:514} INFO - 22/01/02 12:34:05 INFO SparkUI: Bound SparkUI to 0.0.0.0, and started at http://bbddfc72aeab:4044
[2022-01-02 12:34:07,611] {spark_submit.py:514} INFO - 22/01/02 12:34:07 INFO StandaloneAppClient$ClientEndpoint: Connecting to master spark://spark:7077...
[2022-01-02 12:34:08,611] {spark_submit.py:514} INFO - 22/01/02 12:34:08 INFO TransportClientFactory: Successfully created connection to spark/172.22.0.4:7077 after 574 ms (0 ms spent in bootstraps)
[2022-01-02 12:34:10,402] {spark_submit.py:514} INFO - 22/01/02 12:34:10 INFO StandaloneSchedulerBackend: Connected to Spark cluster with app ID app-20220102123410-0081
[2022-01-02 12:34:10,635] {spark_submit.py:514} INFO - 22/01/02 12:34:10 INFO Utils: Successfully started service 'org.apache.spark.network.netty.NettyBlockTransferService' on port 34691.
[2022-01-02 12:34:10,639] {spark_submit.py:514} INFO - 22/01/02 12:34:10 INFO NettyBlockTransferService: Server created on bbddfc72aeab:34691
[2022-01-02 12:34:10,705] {spark_submit.py:514} INFO - 22/01/02 12:34:10 INFO BlockManager: Using org.apache.spark.storage.RandomBlockReplicationPolicy for block replication policy
[2022-01-02 12:34:10,747] {spark_submit.py:514} INFO - 22/01/02 12:34:10 INFO BlockManagerMaster: Registering BlockManager BlockManagerId(driver, bbddfc72aeab, 34691, None)
[2022-01-02 12:34:10,812] {spark_submit.py:514} INFO - 22/01/02 12:34:10 INFO BlockManagerMasterEndpoint: Registering block manager bbddfc72aeab:34691 with 434.4 MiB RAM, BlockManagerId(driver, bbddfc72aeab, 34691, None)
[2022-01-02 12:34:10,829] {spark_submit.py:514} INFO - 22/01/02 12:34:10 INFO BlockManagerMaster: Registered BlockManager BlockManagerId(driver, bbddfc72aeab, 34691, None)
[2022-01-02 12:34:10,832] {spark_submit.py:514} INFO - 22/01/02 12:34:10 INFO BlockManager: Initialized BlockManager: BlockManagerId(driver, bbddfc72aeab, 34691, None)
[2022-01-02 12:34:17,376] {spark_submit.py:514} INFO - 22/01/02 12:34:17 INFO StandaloneSchedulerBackend: SchedulerBackend is ready for scheduling beginning after reached minRegisteredResourcesRatio: 0.0
[2022-01-02 12:34:18,835] {spark_submit.py:514} INFO - /home/***/.local/lib/python3.6/site-packages/pyspark/python/lib/pyspark.zip/pyspark/context.py:238: FutureWarning: Python 3.6 support is deprecated in Spark 3.2.
[2022-01-02 12:34:18,838] {spark_submit.py:514} INFO - FutureWarning
[2022-01-02 12:34:21,890] {spark_submit.py:514} INFO - 22/01/02 12:34:21 INFO SharedState: Setting hive.metastore.warehouse.dir ('null') to the value of spark.sql.warehouse.dir.
[2022-01-02 12:34:21,958] {spark_submit.py:514} INFO - 22/01/02 12:34:21 INFO SharedState: Warehouse path is 'file:/opt/***/spark-warehouse'.
[2022-01-02 12:34:30,904] {spark_submit.py:514} INFO - file: roscommon_rent.json deleted
[2022-01-02 12:34:32,939] {spark_submit.py:514} INFO - 22/01/02 12:34:32 INFO SparkContext: Invoking stop() from shutdown hook
[2022-01-02 12:34:33,131] {spark_submit.py:514} INFO - 22/01/02 12:34:33 INFO SparkUI: Stopped Spark web UI at http://bbddfc72aeab:4044
[2022-01-02 12:34:33,227] {spark_submit.py:514} INFO - 22/01/02 12:34:33 INFO StandaloneSchedulerBackend: Shutting down all executors
[2022-01-02 12:34:33,244] {spark_submit.py:514} INFO - 22/01/02 12:34:33 INFO CoarseGrainedSchedulerBackend$DriverEndpoint: Asking each executor to shut down
[2022-01-02 12:34:33,434] {spark_submit.py:514} INFO - 22/01/02 12:34:33 INFO MapOutputTrackerMasterEndpoint: MapOutputTrackerMasterEndpoint stopped!
[2022-01-02 12:34:33,937] {spark_submit.py:514} INFO - 22/01/02 12:34:33 INFO MemoryStore: MemoryStore cleared
[2022-01-02 12:34:33,982] {spark_submit.py:514} INFO - 22/01/02 12:34:33 INFO BlockManager: BlockManager stopped
[2022-01-02 12:34:34,158] {spark_submit.py:514} INFO - 22/01/02 12:34:34 INFO BlockManagerMaster: BlockManagerMaster stopped
[2022-01-02 12:34:34,192] {spark_submit.py:514} INFO - 22/01/02 12:34:34 INFO OutputCommitCoordinator$OutputCommitCoordinatorEndpoint: OutputCommitCoordinator stopped!
[2022-01-02 12:34:34,553] {spark_submit.py:514} INFO - 22/01/02 12:34:34 INFO SparkContext: Successfully stopped SparkContext
[2022-01-02 12:34:34,557] {spark_submit.py:514} INFO - 22/01/02 12:34:34 INFO ShutdownHookManager: Shutdown hook called
[2022-01-02 12:34:34,561] {spark_submit.py:514} INFO - 22/01/02 12:34:34 INFO ShutdownHookManager: Deleting directory /tmp/spark-a210df13-c26d-4c39-9330-72cd1cd73761
[2022-01-02 12:34:34,608] {spark_submit.py:514} INFO - 22/01/02 12:34:34 INFO ShutdownHookManager: Deleting directory /tmp/spark-ef1c08a5-91fb-47d4-8577-e9740a590d75/pyspark-79fe1a5f-960b-4878-bec7-dffb2b66c36d
[2022-01-02 12:34:34,764] {spark_submit.py:514} INFO - 22/01/02 12:34:34 INFO ShutdownHookManager: Deleting directory /tmp/spark-ef1c08a5-91fb-47d4-8577-e9740a590d75
[2022-01-02 12:34:36,035] {taskinstance.py:1280} INFO - Marking task as SUCCESS. dag_id=scraping_daft_roscommon, task_id=remove_file, execution_date=20220101T104000, start_date=20220102T123255, end_date=20220102T123436
[2022-01-02 12:34:36,362] {local_task_job.py:154} INFO - Task exited with return code 0
[2022-01-02 12:34:36,838] {local_task_job.py:264} INFO - 0 downstream tasks scheduled from follow-on schedule check
