[2021-12-31 13:21:05,205] {taskinstance.py:1035} INFO - Dependencies all met for <TaskInstance: scraping_daft_mayo.run_init_county scheduled__2021-12-30T10:20:00+00:00 [queued]>
[2021-12-31 13:21:05,393] {taskinstance.py:1035} INFO - Dependencies all met for <TaskInstance: scraping_daft_mayo.run_init_county scheduled__2021-12-30T10:20:00+00:00 [queued]>
[2021-12-31 13:21:05,397] {taskinstance.py:1241} INFO - 
--------------------------------------------------------------------------------
[2021-12-31 13:21:05,401] {taskinstance.py:1242} INFO - Starting attempt 1 of 4
[2021-12-31 13:21:05,410] {taskinstance.py:1243} INFO - 
--------------------------------------------------------------------------------
[2021-12-31 13:21:05,546] {taskinstance.py:1262} INFO - Executing <Task(_PythonDecoratedOperator): run_init_county> on 2021-12-30 10:20:00+00:00
[2021-12-31 13:21:05,573] {standard_task_runner.py:52} INFO - Started process 125 to run task
[2021-12-31 13:21:05,597] {standard_task_runner.py:76} INFO - Running: ['***', 'tasks', 'run', 'scraping_daft_mayo', 'run_init_county', 'scheduled__2021-12-30T10:20:00+00:00', '--job-id', '5706', '--raw', '--subdir', 'DAGS_FOLDER/scraping_daft_mayo.py', '--cfg-path', '/tmp/tmps4bh5b56', '--error-file', '/tmp/tmp0oswurhj']
[2021-12-31 13:21:05,623] {standard_task_runner.py:77} INFO - Job 5706: Subtask run_init_county
[2021-12-31 13:21:06,349] {logging_mixin.py:109} INFO - Running <TaskInstance: scraping_daft_mayo.run_init_county scheduled__2021-12-30T10:20:00+00:00 [running]> on host ee68d8f591c8
[2021-12-31 13:21:07,379] {taskinstance.py:1429} INFO - Exporting the following env vars:
AIRFLOW_CTX_DAG_EMAIL=clement.liscoet@gmail.com
AIRFLOW_CTX_DAG_OWNER=clemoni
AIRFLOW_CTX_DAG_ID=scraping_daft_mayo
AIRFLOW_CTX_TASK_ID=run_init_county
AIRFLOW_CTX_EXECUTION_DATE=2021-12-30T10:20:00+00:00
AIRFLOW_CTX_DAG_RUN_ID=scheduled__2021-12-30T10:20:00+00:00
[2021-12-31 13:21:07,581] {python.py:152} INFO - Done. Returned value was: None
[2021-12-31 13:21:07,884] {taskinstance.py:1280} INFO - Marking task as SUCCESS. dag_id=scraping_daft_mayo, task_id=run_init_county, execution_date=20211230T102000, start_date=20211231T132105, end_date=20211231T132107
[2021-12-31 13:21:08,163] {local_task_job.py:154} INFO - Task exited with return code 0
[2021-12-31 13:21:10,149] {local_task_job.py:264} INFO - 0 downstream tasks scheduled from follow-on schedule check
