[2021-12-28 14:56:44,075] {taskinstance.py:1035} INFO - Dependencies all met for <TaskInstance: scraping_daft_cavan.scrap_data manual__2021-12-28T14:38:19.542256+00:00 [queued]>
[2021-12-28 14:56:44,093] {taskinstance.py:1035} INFO - Dependencies all met for <TaskInstance: scraping_daft_cavan.scrap_data manual__2021-12-28T14:38:19.542256+00:00 [queued]>
[2021-12-28 14:56:44,094] {taskinstance.py:1241} INFO - 
--------------------------------------------------------------------------------
[2021-12-28 14:56:44,094] {taskinstance.py:1242} INFO - Starting attempt 4 of 4
[2021-12-28 14:56:44,095] {taskinstance.py:1243} INFO - 
--------------------------------------------------------------------------------
[2021-12-28 14:56:44,111] {taskinstance.py:1262} INFO - Executing <Task(SparkSubmitOperator): scrap_data> on 2021-12-28 14:38:19.542256+00:00
[2021-12-28 14:56:44,121] {standard_task_runner.py:76} INFO - Running: ['***', 'tasks', 'run', 'scraping_daft_cavan', 'scrap_data', 'manual__2021-12-28T14:38:19.542256+00:00', '--job-id', '5139', '--raw', '--subdir', 'DAGS_FOLDER/scraping_daft_cavan.py', '--cfg-path', '/tmp/tmpshfn3j9d', '--error-file', '/tmp/tmpr64ks13s']
[2021-12-28 14:56:44,122] {standard_task_runner.py:77} INFO - Job 5139: Subtask scrap_data
[2021-12-28 14:56:44,117] {standard_task_runner.py:52} INFO - Started process 61639 to run task
[2021-12-28 14:56:44,243] {logging_mixin.py:109} INFO - Running <TaskInstance: scraping_daft_cavan.scrap_data manual__2021-12-28T14:38:19.542256+00:00 [running]> on host 0c125a5bba95
[2021-12-28 14:56:44,441] {taskinstance.py:1429} INFO - Exporting the following env vars:
AIRFLOW_CTX_DAG_EMAIL=clement.liscoet@gmail.com
AIRFLOW_CTX_DAG_OWNER=clemoni
AIRFLOW_CTX_DAG_ID=scraping_daft_cavan
AIRFLOW_CTX_TASK_ID=scrap_data
AIRFLOW_CTX_EXECUTION_DATE=2021-12-28T14:38:19.542256+00:00
AIRFLOW_CTX_DAG_RUN_ID=manual__2021-12-28T14:38:19.542256+00:00
[2021-12-28 14:56:44,466] {base.py:79} INFO - Using connection to: id: spark_default. Host: spark://spark:7077, Port: None, Schema: , Login: ***, Password: ***, extra: {}
[2021-12-28 14:56:44,469] {spark_submit.py:360} INFO - Spark-Submit cmd: spark-submit --master spark://spark:7077 --conf spark.master=spark://spark:7077 --name scrap data --verbose /opt/***/jobs/get_ads_per_county.py cavan
[2021-12-28 14:56:46,166] {spark_submit.py:514} INFO - Using properties file: null
[2021-12-28 14:56:46,282] {spark_submit.py:514} INFO - WARNING: An illegal reflective access operation has occurred
[2021-12-28 14:56:46,283] {spark_submit.py:514} INFO - WARNING: Illegal reflective access by org.apache.spark.unsafe.Platform (file:/home/***/.local/lib/python3.6/site-packages/pyspark/jars/spark-unsafe_2.12-3.2.0.jar) to constructor java.nio.DirectByteBuffer(long,int)
[2021-12-28 14:56:46,284] {spark_submit.py:514} INFO - WARNING: Please consider reporting this to the maintainers of org.apache.spark.unsafe.Platform
[2021-12-28 14:56:46,285] {spark_submit.py:514} INFO - WARNING: Use --illegal-access=warn to enable warnings of further illegal reflective access operations
[2021-12-28 14:56:46,286] {spark_submit.py:514} INFO - WARNING: All illegal access operations will be denied in a future release
[2021-12-28 14:56:46,349] {spark_submit.py:514} INFO - Parsed arguments:
[2021-12-28 14:56:46,350] {spark_submit.py:514} INFO - master                  spark://spark:7077
[2021-12-28 14:56:46,351] {spark_submit.py:514} INFO - deployMode              null
[2021-12-28 14:56:46,352] {spark_submit.py:514} INFO - executorMemory          null
[2021-12-28 14:56:46,353] {spark_submit.py:514} INFO - executorCores           null
[2021-12-28 14:56:46,354] {spark_submit.py:514} INFO - totalExecutorCores      null
[2021-12-28 14:56:46,355] {spark_submit.py:514} INFO - propertiesFile          null
[2021-12-28 14:56:46,356] {spark_submit.py:514} INFO - driverMemory            null
[2021-12-28 14:56:46,357] {spark_submit.py:514} INFO - driverCores             null
[2021-12-28 14:56:46,358] {spark_submit.py:514} INFO - driverExtraClassPath    null
[2021-12-28 14:56:46,359] {spark_submit.py:514} INFO - driverExtraLibraryPath  null
[2021-12-28 14:56:46,361] {spark_submit.py:514} INFO - driverExtraJavaOptions  null
[2021-12-28 14:56:46,361] {spark_submit.py:514} INFO - supervise               false
[2021-12-28 14:56:46,362] {spark_submit.py:514} INFO - queue                   null
[2021-12-28 14:56:46,363] {spark_submit.py:514} INFO - numExecutors            null
[2021-12-28 14:56:46,364] {spark_submit.py:514} INFO - files                   null
[2021-12-28 14:56:46,365] {spark_submit.py:514} INFO - pyFiles                 null
[2021-12-28 14:56:46,365] {spark_submit.py:514} INFO - archives                null
[2021-12-28 14:56:46,366] {spark_submit.py:514} INFO - mainClass               null
[2021-12-28 14:56:46,367] {spark_submit.py:514} INFO - primaryResource         file:/opt/***/jobs/get_ads_per_county.py
[2021-12-28 14:56:46,368] {spark_submit.py:514} INFO - name                    scrap data
[2021-12-28 14:56:46,368] {spark_submit.py:514} INFO - childArgs               [cavan]
[2021-12-28 14:56:46,369] {spark_submit.py:514} INFO - jars                    null
[2021-12-28 14:56:46,370] {spark_submit.py:514} INFO - packages                null
[2021-12-28 14:56:46,370] {spark_submit.py:514} INFO - packagesExclusions      null
[2021-12-28 14:56:46,371] {spark_submit.py:514} INFO - repositories            null
[2021-12-28 14:56:46,372] {spark_submit.py:514} INFO - verbose                 true
[2021-12-28 14:56:46,373] {spark_submit.py:514} INFO - 
[2021-12-28 14:56:46,373] {spark_submit.py:514} INFO - Spark properties used, including those specified through
[2021-12-28 14:56:46,374] {spark_submit.py:514} INFO - --conf and those from the properties file null:
[2021-12-28 14:56:46,374] {spark_submit.py:514} INFO - (spark.master,spark://spark:7077)
[2021-12-28 14:56:46,375] {spark_submit.py:514} INFO - 
[2021-12-28 14:56:46,376] {spark_submit.py:514} INFO - 
[2021-12-28 14:56:46,714] {spark_submit.py:514} INFO - Main class:
[2021-12-28 14:56:46,715] {spark_submit.py:514} INFO - org.apache.spark.deploy.PythonRunner
[2021-12-28 14:56:46,716] {spark_submit.py:514} INFO - Arguments:
[2021-12-28 14:56:46,717] {spark_submit.py:514} INFO - file:/opt/***/jobs/get_ads_per_county.py
[2021-12-28 14:56:46,718] {spark_submit.py:514} INFO - null
[2021-12-28 14:56:46,719] {spark_submit.py:514} INFO - cavan
[2021-12-28 14:56:46,720] {spark_submit.py:514} INFO - --verbose
[2021-12-28 14:56:46,720] {spark_submit.py:514} INFO - Spark config:
[2021-12-28 14:56:46,721] {spark_submit.py:514} INFO - (spark.app.name,scrap data)
[2021-12-28 14:56:46,722] {spark_submit.py:514} INFO - (spark.master,spark://spark:7077)
[2021-12-28 14:56:46,723] {spark_submit.py:514} INFO - (spark.submit.pyFiles,)
[2021-12-28 14:56:46,724] {spark_submit.py:514} INFO - (spark.submit.deployMode,client)
[2021-12-28 14:56:46,725] {spark_submit.py:514} INFO - Classpath elements:
[2021-12-28 14:56:46,726] {spark_submit.py:514} INFO - 
[2021-12-28 14:56:46,727] {spark_submit.py:514} INFO - 
[2021-12-28 14:56:46,728] {spark_submit.py:514} INFO - 
[2021-12-28 14:56:47,879] {spark_submit.py:514} INFO - Using Spark's default log4j profile: org/apache/spark/log4j-defaults.properties
[2021-12-28 14:56:47,899] {spark_submit.py:514} INFO - 21/12/28 14:56:47 INFO SparkContext: Running Spark version 3.2.0
[2021-12-28 14:56:48,044] {spark_submit.py:514} INFO - 21/12/28 14:56:48 WARN NativeCodeLoader: Unable to load native-hadoop library for your platform... using builtin-java classes where applicable
[2021-12-28 14:56:48,229] {spark_submit.py:514} INFO - 21/12/28 14:56:48 INFO ResourceUtils: ==============================================================
[2021-12-28 14:56:48,230] {spark_submit.py:514} INFO - 21/12/28 14:56:48 INFO ResourceUtils: No custom resources configured for spark.driver.
[2021-12-28 14:56:48,231] {spark_submit.py:514} INFO - 21/12/28 14:56:48 INFO ResourceUtils: ==============================================================
[2021-12-28 14:56:48,231] {spark_submit.py:514} INFO - 21/12/28 14:56:48 INFO SparkContext: Submitted application: Get Ads per county
[2021-12-28 14:56:48,267] {spark_submit.py:514} INFO - 21/12/28 14:56:48 INFO ResourceProfile: Default ResourceProfile created, executor resources: Map(cores -> name: cores, amount: 1, script: , vendor: , memory -> name: memory, amount: 1024, script: , vendor: , offHeap -> name: offHeap, amount: 0, script: , vendor: ), task resources: Map(cpus -> name: cpus, amount: 1.0)
[2021-12-28 14:56:48,284] {spark_submit.py:514} INFO - 21/12/28 14:56:48 INFO ResourceProfile: Limiting resource is cpu
[2021-12-28 14:56:48,285] {spark_submit.py:514} INFO - 21/12/28 14:56:48 INFO ResourceProfileManager: Added ResourceProfile id: 0
[2021-12-28 14:56:48,361] {spark_submit.py:514} INFO - 21/12/28 14:56:48 INFO SecurityManager: Changing view acls to: ***
[2021-12-28 14:56:48,362] {spark_submit.py:514} INFO - 21/12/28 14:56:48 INFO SecurityManager: Changing modify acls to: ***
[2021-12-28 14:56:48,363] {spark_submit.py:514} INFO - 21/12/28 14:56:48 INFO SecurityManager: Changing view acls groups to:
[2021-12-28 14:56:48,364] {spark_submit.py:514} INFO - 21/12/28 14:56:48 INFO SecurityManager: Changing modify acls groups to:
[2021-12-28 14:56:48,365] {spark_submit.py:514} INFO - 21/12/28 14:56:48 INFO SecurityManager: SecurityManager: authentication disabled; ui acls disabled; users  with view permissions: Set(***); groups with view permissions: Set(); users  with modify permissions: Set(***); groups with modify permissions: Set()
[2021-12-28 14:56:48,752] {spark_submit.py:514} INFO - 21/12/28 14:56:48 INFO Utils: Successfully started service 'sparkDriver' on port 36355.
[2021-12-28 14:56:48,795] {spark_submit.py:514} INFO - 21/12/28 14:56:48 INFO SparkEnv: Registering MapOutputTracker
[2021-12-28 14:56:48,850] {spark_submit.py:514} INFO - 21/12/28 14:56:48 INFO SparkEnv: Registering BlockManagerMaster
[2021-12-28 14:56:48,884] {spark_submit.py:514} INFO - 21/12/28 14:56:48 INFO BlockManagerMasterEndpoint: Using org.apache.spark.storage.DefaultTopologyMapper for getting topology information
[2021-12-28 14:56:48,886] {spark_submit.py:514} INFO - 21/12/28 14:56:48 INFO BlockManagerMasterEndpoint: BlockManagerMasterEndpoint up
[2021-12-28 14:56:48,894] {spark_submit.py:514} INFO - 21/12/28 14:56:48 INFO SparkEnv: Registering BlockManagerMasterHeartbeat
[2021-12-28 14:56:48,936] {spark_submit.py:514} INFO - 21/12/28 14:56:48 INFO DiskBlockManager: Created local directory at /tmp/blockmgr-8e12097a-84cd-441b-8c3c-f77fa65263bd
[2021-12-28 14:56:48,967] {spark_submit.py:514} INFO - 21/12/28 14:56:48 INFO MemoryStore: MemoryStore started with capacity 434.4 MiB
[2021-12-28 14:56:48,990] {spark_submit.py:514} INFO - 21/12/28 14:56:48 INFO SparkEnv: Registering OutputCommitCoordinator
[2021-12-28 14:56:49,304] {spark_submit.py:514} INFO - 21/12/28 14:56:49 WARN Utils: Service 'SparkUI' could not bind on port 4040. Attempting port 4041.
[2021-12-28 14:56:49,322] {spark_submit.py:514} INFO - 21/12/28 14:56:49 INFO Utils: Successfully started service 'SparkUI' on port 4041.
[2021-12-28 14:56:49,447] {spark_submit.py:514} INFO - 21/12/28 14:56:49 INFO SparkUI: Bound SparkUI to 0.0.0.0, and started at http://0c125a5bba95:4041
[2021-12-28 14:56:49,789] {spark_submit.py:514} INFO - 21/12/28 14:56:49 INFO StandaloneAppClient$ClientEndpoint: Connecting to master spark://spark:7077...
[2021-12-28 14:56:49,893] {spark_submit.py:514} INFO - 21/12/28 14:56:49 WARN StandaloneAppClient$ClientEndpoint: Failed to connect to master spark:7077
[2021-12-28 14:56:49,893] {spark_submit.py:514} INFO - org.apache.spark.SparkException: Exception thrown in awaitResult:
[2021-12-28 14:56:49,894] {spark_submit.py:514} INFO - at org.apache.spark.util.ThreadUtils$.awaitResult(ThreadUtils.scala:301)
[2021-12-28 14:56:49,895] {spark_submit.py:514} INFO - at org.apache.spark.rpc.RpcTimeout.awaitResult(RpcTimeout.scala:75)
[2021-12-28 14:56:49,895] {spark_submit.py:514} INFO - at org.apache.spark.rpc.RpcEnv.setupEndpointRefByURI(RpcEnv.scala:101)
[2021-12-28 14:56:49,896] {spark_submit.py:514} INFO - at org.apache.spark.rpc.RpcEnv.setupEndpointRef(RpcEnv.scala:109)
[2021-12-28 14:56:49,897] {spark_submit.py:514} INFO - at org.apache.spark.deploy.client.StandaloneAppClient$ClientEndpoint$$anon$1.run(StandaloneAppClient.scala:107)
[2021-12-28 14:56:49,899] {spark_submit.py:514} INFO - at java.base/java.util.concurrent.Executors$RunnableAdapter.call(Executors.java:515)
[2021-12-28 14:56:49,899] {spark_submit.py:514} INFO - at java.base/java.util.concurrent.FutureTask.run(FutureTask.java:264)
[2021-12-28 14:56:49,900] {spark_submit.py:514} INFO - at java.base/java.util.concurrent.ThreadPoolExecutor.runWorker(ThreadPoolExecutor.java:1128)
[2021-12-28 14:56:49,901] {spark_submit.py:514} INFO - at java.base/java.util.concurrent.ThreadPoolExecutor$Worker.run(ThreadPoolExecutor.java:628)
[2021-12-28 14:56:49,902] {spark_submit.py:514} INFO - at java.base/java.lang.Thread.run(Thread.java:829)
[2021-12-28 14:56:49,903] {spark_submit.py:514} INFO - Caused by: java.io.IOException: Failed to connect to spark:7077
[2021-12-28 14:56:49,903] {spark_submit.py:514} INFO - at org.apache.spark.network.client.TransportClientFactory.createClient(TransportClientFactory.java:288)
[2021-12-28 14:56:49,904] {spark_submit.py:514} INFO - at org.apache.spark.network.client.TransportClientFactory.createClient(TransportClientFactory.java:218)
[2021-12-28 14:56:49,905] {spark_submit.py:514} INFO - at org.apache.spark.network.client.TransportClientFactory.createClient(TransportClientFactory.java:230)
[2021-12-28 14:56:49,906] {spark_submit.py:514} INFO - at org.apache.spark.rpc.netty.NettyRpcEnv.createClient(NettyRpcEnv.scala:204)
[2021-12-28 14:56:49,907] {spark_submit.py:514} INFO - at org.apache.spark.rpc.netty.Outbox$$anon$1.call(Outbox.scala:202)
[2021-12-28 14:56:49,908] {spark_submit.py:514} INFO - at org.apache.spark.rpc.netty.Outbox$$anon$1.call(Outbox.scala:198)
[2021-12-28 14:56:49,908] {spark_submit.py:514} INFO - ... 4 more
[2021-12-28 14:56:49,909] {spark_submit.py:514} INFO - Caused by: java.net.UnknownHostException: spark
[2021-12-28 14:56:49,910] {spark_submit.py:514} INFO - at java.base/java.net.InetAddress$CachedAddresses.get(InetAddress.java:797)
[2021-12-28 14:56:49,911] {spark_submit.py:514} INFO - at java.base/java.net.InetAddress.getAllByName0(InetAddress.java:1509)
[2021-12-28 14:56:49,911] {spark_submit.py:514} INFO - at java.base/java.net.InetAddress.getAllByName(InetAddress.java:1368)
[2021-12-28 14:56:49,912] {spark_submit.py:514} INFO - at java.base/java.net.InetAddress.getAllByName(InetAddress.java:1302)
[2021-12-28 14:56:49,913] {spark_submit.py:514} INFO - at java.base/java.net.InetAddress.getByName(InetAddress.java:1252)
[2021-12-28 14:56:49,913] {spark_submit.py:514} INFO - at io.netty.util.internal.SocketUtils$8.run(SocketUtils.java:156)
[2021-12-28 14:56:49,914] {spark_submit.py:514} INFO - at io.netty.util.internal.SocketUtils$8.run(SocketUtils.java:153)
[2021-12-28 14:56:49,914] {spark_submit.py:514} INFO - at java.base/java.security.AccessController.doPrivileged(Native Method)
[2021-12-28 14:56:49,915] {spark_submit.py:514} INFO - at io.netty.util.internal.SocketUtils.addressByName(SocketUtils.java:153)
[2021-12-28 14:56:49,916] {spark_submit.py:514} INFO - at io.netty.resolver.DefaultNameResolver.doResolve(DefaultNameResolver.java:41)
[2021-12-28 14:56:49,916] {spark_submit.py:514} INFO - at io.netty.resolver.SimpleNameResolver.resolve(SimpleNameResolver.java:61)
[2021-12-28 14:56:49,917] {spark_submit.py:514} INFO - at io.netty.resolver.SimpleNameResolver.resolve(SimpleNameResolver.java:53)
[2021-12-28 14:56:49,918] {spark_submit.py:514} INFO - at io.netty.resolver.InetSocketAddressResolver.doResolve(InetSocketAddressResolver.java:55)
[2021-12-28 14:56:49,918] {spark_submit.py:514} INFO - at io.netty.resolver.InetSocketAddressResolver.doResolve(InetSocketAddressResolver.java:31)
[2021-12-28 14:56:49,919] {spark_submit.py:514} INFO - at io.netty.resolver.AbstractAddressResolver.resolve(AbstractAddressResolver.java:106)
[2021-12-28 14:56:49,920] {spark_submit.py:514} INFO - at io.netty.bootstrap.Bootstrap.doResolveAndConnect0(Bootstrap.java:206)
[2021-12-28 14:56:49,920] {spark_submit.py:514} INFO - at io.netty.bootstrap.Bootstrap.access$000(Bootstrap.java:46)
[2021-12-28 14:56:49,922] {spark_submit.py:514} INFO - at io.netty.bootstrap.Bootstrap$1.operationComplete(Bootstrap.java:180)
[2021-12-28 14:56:49,922] {spark_submit.py:514} INFO - at io.netty.bootstrap.Bootstrap$1.operationComplete(Bootstrap.java:166)
[2021-12-28 14:56:49,923] {spark_submit.py:514} INFO - at io.netty.util.concurrent.DefaultPromise.notifyListener0(DefaultPromise.java:578)
[2021-12-28 14:56:49,924] {spark_submit.py:514} INFO - at io.netty.util.concurrent.DefaultPromise.notifyListenersNow(DefaultPromise.java:552)
[2021-12-28 14:56:49,924] {spark_submit.py:514} INFO - at io.netty.util.concurrent.DefaultPromise.notifyListeners(DefaultPromise.java:491)
[2021-12-28 14:56:49,925] {spark_submit.py:514} INFO - at io.netty.util.concurrent.DefaultPromise.setValue0(DefaultPromise.java:616)
[2021-12-28 14:56:49,925] {spark_submit.py:514} INFO - at io.netty.util.concurrent.DefaultPromise.setSuccess0(DefaultPromise.java:605)
[2021-12-28 14:56:49,926] {spark_submit.py:514} INFO - at io.netty.util.concurrent.DefaultPromise.trySuccess(DefaultPromise.java:104)
[2021-12-28 14:56:49,927] {spark_submit.py:514} INFO - at io.netty.channel.DefaultChannelPromise.trySuccess(DefaultChannelPromise.java:84)
[2021-12-28 14:56:49,927] {spark_submit.py:514} INFO - at io.netty.channel.AbstractChannel$AbstractUnsafe.safeSetSuccess(AbstractChannel.java:1008)
[2021-12-28 14:56:49,928] {spark_submit.py:514} INFO - at io.netty.channel.AbstractChannel$AbstractUnsafe.register0(AbstractChannel.java:516)
[2021-12-28 14:56:49,929] {spark_submit.py:514} INFO - at io.netty.channel.AbstractChannel$AbstractUnsafe.access$200(AbstractChannel.java:429)
[2021-12-28 14:56:49,929] {spark_submit.py:514} INFO - at io.netty.channel.AbstractChannel$AbstractUnsafe$1.run(AbstractChannel.java:486)
[2021-12-28 14:56:49,930] {spark_submit.py:514} INFO - at io.netty.util.concurrent.AbstractEventExecutor.safeExecute(AbstractEventExecutor.java:164)
[2021-12-28 14:56:49,931] {spark_submit.py:514} INFO - at io.netty.util.concurrent.SingleThreadEventExecutor.runAllTasks(SingleThreadEventExecutor.java:469)
[2021-12-28 14:56:49,931] {spark_submit.py:514} INFO - at io.netty.channel.nio.NioEventLoop.run(NioEventLoop.java:500)
[2021-12-28 14:56:49,932] {spark_submit.py:514} INFO - at io.netty.util.concurrent.SingleThreadEventExecutor$4.run(SingleThreadEventExecutor.java:986)
[2021-12-28 14:56:49,933] {spark_submit.py:514} INFO - at io.netty.util.internal.ThreadExecutorMap$2.run(ThreadExecutorMap.java:74)
[2021-12-28 14:56:49,933] {spark_submit.py:514} INFO - at io.netty.util.concurrent.FastThreadLocalRunnable.run(FastThreadLocalRunnable.java:30)
[2021-12-28 14:56:49,934] {spark_submit.py:514} INFO - ... 1 more
[2021-12-28 14:57:09,755] {spark_submit.py:514} INFO - 21/12/28 14:57:09 INFO StandaloneAppClient$ClientEndpoint: Connecting to master spark://spark:7077...
[2021-12-28 14:57:09,781] {spark_submit.py:514} INFO - 21/12/28 14:57:09 WARN StandaloneAppClient$ClientEndpoint: Failed to connect to master spark:7077
[2021-12-28 14:57:09,782] {spark_submit.py:514} INFO - org.apache.spark.SparkException: Exception thrown in awaitResult:
[2021-12-28 14:57:09,783] {spark_submit.py:514} INFO - at org.apache.spark.util.ThreadUtils$.awaitResult(ThreadUtils.scala:301)
[2021-12-28 14:57:09,784] {spark_submit.py:514} INFO - at org.apache.spark.rpc.RpcTimeout.awaitResult(RpcTimeout.scala:75)
[2021-12-28 14:57:09,785] {spark_submit.py:514} INFO - at org.apache.spark.rpc.RpcEnv.setupEndpointRefByURI(RpcEnv.scala:101)
[2021-12-28 14:57:09,786] {spark_submit.py:514} INFO - at org.apache.spark.rpc.RpcEnv.setupEndpointRef(RpcEnv.scala:109)
[2021-12-28 14:57:09,787] {spark_submit.py:514} INFO - at org.apache.spark.deploy.client.StandaloneAppClient$ClientEndpoint$$anon$1.run(StandaloneAppClient.scala:107)
[2021-12-28 14:57:09,788] {spark_submit.py:514} INFO - at java.base/java.util.concurrent.Executors$RunnableAdapter.call(Executors.java:515)
[2021-12-28 14:57:09,788] {spark_submit.py:514} INFO - at java.base/java.util.concurrent.FutureTask.run(FutureTask.java:264)
[2021-12-28 14:57:09,790] {spark_submit.py:514} INFO - at java.base/java.util.concurrent.ThreadPoolExecutor.runWorker(ThreadPoolExecutor.java:1128)
[2021-12-28 14:57:09,791] {spark_submit.py:514} INFO - at java.base/java.util.concurrent.ThreadPoolExecutor$Worker.run(ThreadPoolExecutor.java:628)
[2021-12-28 14:57:09,792] {spark_submit.py:514} INFO - at java.base/java.lang.Thread.run(Thread.java:829)
[2021-12-28 14:57:09,793] {spark_submit.py:514} INFO - Caused by: java.io.IOException: Failed to connect to spark:7077
[2021-12-28 14:57:09,794] {spark_submit.py:514} INFO - at org.apache.spark.network.client.TransportClientFactory.createClient(TransportClientFactory.java:288)
[2021-12-28 14:57:09,795] {spark_submit.py:514} INFO - at org.apache.spark.network.client.TransportClientFactory.createClient(TransportClientFactory.java:218)
[2021-12-28 14:57:09,796] {spark_submit.py:514} INFO - at org.apache.spark.network.client.TransportClientFactory.createClient(TransportClientFactory.java:230)
[2021-12-28 14:57:09,796] {spark_submit.py:514} INFO - at org.apache.spark.rpc.netty.NettyRpcEnv.createClient(NettyRpcEnv.scala:204)
[2021-12-28 14:57:09,797] {spark_submit.py:514} INFO - at org.apache.spark.rpc.netty.Outbox$$anon$1.call(Outbox.scala:202)
[2021-12-28 14:57:09,798] {spark_submit.py:514} INFO - at org.apache.spark.rpc.netty.Outbox$$anon$1.call(Outbox.scala:198)
[2021-12-28 14:57:09,798] {spark_submit.py:514} INFO - ... 4 more
[2021-12-28 14:57:09,799] {spark_submit.py:514} INFO - Caused by: java.net.UnknownHostException: spark
[2021-12-28 14:57:09,800] {spark_submit.py:514} INFO - at java.base/java.net.InetAddress$CachedAddresses.get(InetAddress.java:797)
[2021-12-28 14:57:09,801] {spark_submit.py:514} INFO - at java.base/java.net.InetAddress.getAllByName0(InetAddress.java:1509)
[2021-12-28 14:57:09,801] {spark_submit.py:514} INFO - at java.base/java.net.InetAddress.getAllByName(InetAddress.java:1368)
[2021-12-28 14:57:09,802] {spark_submit.py:514} INFO - at java.base/java.net.InetAddress.getAllByName(InetAddress.java:1302)
[2021-12-28 14:57:09,803] {spark_submit.py:514} INFO - at java.base/java.net.InetAddress.getByName(InetAddress.java:1252)
[2021-12-28 14:57:09,804] {spark_submit.py:514} INFO - at io.netty.util.internal.SocketUtils$8.run(SocketUtils.java:156)
[2021-12-28 14:57:09,804] {spark_submit.py:514} INFO - at io.netty.util.internal.SocketUtils$8.run(SocketUtils.java:153)
[2021-12-28 14:57:09,805] {spark_submit.py:514} INFO - at java.base/java.security.AccessController.doPrivileged(Native Method)
[2021-12-28 14:57:09,806] {spark_submit.py:514} INFO - at io.netty.util.internal.SocketUtils.addressByName(SocketUtils.java:153)
[2021-12-28 14:57:09,806] {spark_submit.py:514} INFO - at io.netty.resolver.DefaultNameResolver.doResolve(DefaultNameResolver.java:41)
[2021-12-28 14:57:09,807] {spark_submit.py:514} INFO - at io.netty.resolver.SimpleNameResolver.resolve(SimpleNameResolver.java:61)
[2021-12-28 14:57:09,808] {spark_submit.py:514} INFO - at io.netty.resolver.SimpleNameResolver.resolve(SimpleNameResolver.java:53)
[2021-12-28 14:57:09,808] {spark_submit.py:514} INFO - at io.netty.resolver.InetSocketAddressResolver.doResolve(InetSocketAddressResolver.java:55)
[2021-12-28 14:57:09,809] {spark_submit.py:514} INFO - at io.netty.resolver.InetSocketAddressResolver.doResolve(InetSocketAddressResolver.java:31)
[2021-12-28 14:57:09,809] {spark_submit.py:514} INFO - at io.netty.resolver.AbstractAddressResolver.resolve(AbstractAddressResolver.java:106)
[2021-12-28 14:57:09,810] {spark_submit.py:514} INFO - at io.netty.bootstrap.Bootstrap.doResolveAndConnect0(Bootstrap.java:206)
[2021-12-28 14:57:09,811] {spark_submit.py:514} INFO - at io.netty.bootstrap.Bootstrap.access$000(Bootstrap.java:46)
[2021-12-28 14:57:09,811] {spark_submit.py:514} INFO - at io.netty.bootstrap.Bootstrap$1.operationComplete(Bootstrap.java:180)
[2021-12-28 14:57:09,812] {spark_submit.py:514} INFO - at io.netty.bootstrap.Bootstrap$1.operationComplete(Bootstrap.java:166)
[2021-12-28 14:57:09,812] {spark_submit.py:514} INFO - at io.netty.util.concurrent.DefaultPromise.notifyListener0(DefaultPromise.java:578)
[2021-12-28 14:57:09,814] {spark_submit.py:514} INFO - at io.netty.util.concurrent.DefaultPromise.notifyListenersNow(DefaultPromise.java:552)
[2021-12-28 14:57:09,814] {spark_submit.py:514} INFO - at io.netty.util.concurrent.DefaultPromise.notifyListeners(DefaultPromise.java:491)
[2021-12-28 14:57:09,815] {spark_submit.py:514} INFO - at io.netty.util.concurrent.DefaultPromise.setValue0(DefaultPromise.java:616)
[2021-12-28 14:57:09,815] {spark_submit.py:514} INFO - at io.netty.util.concurrent.DefaultPromise.setSuccess0(DefaultPromise.java:605)
[2021-12-28 14:57:09,816] {spark_submit.py:514} INFO - at io.netty.util.concurrent.DefaultPromise.trySuccess(DefaultPromise.java:104)
[2021-12-28 14:57:09,817] {spark_submit.py:514} INFO - at io.netty.channel.DefaultChannelPromise.trySuccess(DefaultChannelPromise.java:84)
[2021-12-28 14:57:09,817] {spark_submit.py:514} INFO - at io.netty.channel.AbstractChannel$AbstractUnsafe.safeSetSuccess(AbstractChannel.java:1008)
[2021-12-28 14:57:09,818] {spark_submit.py:514} INFO - at io.netty.channel.AbstractChannel$AbstractUnsafe.register0(AbstractChannel.java:516)
[2021-12-28 14:57:09,819] {spark_submit.py:514} INFO - at io.netty.channel.AbstractChannel$AbstractUnsafe.access$200(AbstractChannel.java:429)
[2021-12-28 14:57:09,819] {spark_submit.py:514} INFO - at io.netty.channel.AbstractChannel$AbstractUnsafe$1.run(AbstractChannel.java:486)
[2021-12-28 14:57:09,820] {spark_submit.py:514} INFO - at io.netty.util.concurrent.AbstractEventExecutor.safeExecute(AbstractEventExecutor.java:164)
[2021-12-28 14:57:09,821] {spark_submit.py:514} INFO - at io.netty.util.concurrent.SingleThreadEventExecutor.runAllTasks(SingleThreadEventExecutor.java:469)
[2021-12-28 14:57:09,821] {spark_submit.py:514} INFO - at io.netty.channel.nio.NioEventLoop.run(NioEventLoop.java:500)
[2021-12-28 14:57:09,822] {spark_submit.py:514} INFO - at io.netty.util.concurrent.SingleThreadEventExecutor$4.run(SingleThreadEventExecutor.java:986)
[2021-12-28 14:57:09,823] {spark_submit.py:514} INFO - at io.netty.util.internal.ThreadExecutorMap$2.run(ThreadExecutorMap.java:74)
[2021-12-28 14:57:09,823] {spark_submit.py:514} INFO - at io.netty.util.concurrent.FastThreadLocalRunnable.run(FastThreadLocalRunnable.java:30)
[2021-12-28 14:57:09,825] {spark_submit.py:514} INFO - ... 1 more
[2021-12-28 14:57:29,759] {spark_submit.py:514} INFO - 21/12/28 14:57:29 INFO StandaloneAppClient$ClientEndpoint: Connecting to master spark://spark:7077...
[2021-12-28 14:57:29,775] {spark_submit.py:514} INFO - 21/12/28 14:57:29 WARN StandaloneAppClient$ClientEndpoint: Failed to connect to master spark:7077
[2021-12-28 14:57:29,777] {spark_submit.py:514} INFO - org.apache.spark.SparkException: Exception thrown in awaitResult:
[2021-12-28 14:57:29,778] {spark_submit.py:514} INFO - at org.apache.spark.util.ThreadUtils$.awaitResult(ThreadUtils.scala:301)
[2021-12-28 14:57:29,779] {spark_submit.py:514} INFO - at org.apache.spark.rpc.RpcTimeout.awaitResult(RpcTimeout.scala:75)
[2021-12-28 14:57:29,780] {spark_submit.py:514} INFO - at org.apache.spark.rpc.RpcEnv.setupEndpointRefByURI(RpcEnv.scala:101)
[2021-12-28 14:57:29,781] {spark_submit.py:514} INFO - at org.apache.spark.rpc.RpcEnv.setupEndpointRef(RpcEnv.scala:109)
[2021-12-28 14:57:29,782] {spark_submit.py:514} INFO - at org.apache.spark.deploy.client.StandaloneAppClient$ClientEndpoint$$anon$1.run(StandaloneAppClient.scala:107)
[2021-12-28 14:57:29,783] {spark_submit.py:514} INFO - at java.base/java.util.concurrent.Executors$RunnableAdapter.call(Executors.java:515)
[2021-12-28 14:57:29,784] {spark_submit.py:514} INFO - at java.base/java.util.concurrent.FutureTask.run(FutureTask.java:264)
[2021-12-28 14:57:29,784] {spark_submit.py:514} INFO - at java.base/java.util.concurrent.ThreadPoolExecutor.runWorker(ThreadPoolExecutor.java:1128)
[2021-12-28 14:57:29,785] {spark_submit.py:514} INFO - at java.base/java.util.concurrent.ThreadPoolExecutor$Worker.run(ThreadPoolExecutor.java:628)
[2021-12-28 14:57:29,786] {spark_submit.py:514} INFO - at java.base/java.lang.Thread.run(Thread.java:829)
[2021-12-28 14:57:29,788] {spark_submit.py:514} INFO - Caused by: java.io.IOException: Failed to connect to spark:7077
[2021-12-28 14:57:29,789] {spark_submit.py:514} INFO - at org.apache.spark.network.client.TransportClientFactory.createClient(TransportClientFactory.java:288)
[2021-12-28 14:57:29,789] {spark_submit.py:514} INFO - at org.apache.spark.network.client.TransportClientFactory.createClient(TransportClientFactory.java:218)
[2021-12-28 14:57:29,790] {spark_submit.py:514} INFO - at org.apache.spark.network.client.TransportClientFactory.createClient(TransportClientFactory.java:230)
[2021-12-28 14:57:29,791] {spark_submit.py:514} INFO - at org.apache.spark.rpc.netty.NettyRpcEnv.createClient(NettyRpcEnv.scala:204)
[2021-12-28 14:57:29,792] {spark_submit.py:514} INFO - at org.apache.spark.rpc.netty.Outbox$$anon$1.call(Outbox.scala:202)
[2021-12-28 14:57:29,793] {spark_submit.py:514} INFO - at org.apache.spark.rpc.netty.Outbox$$anon$1.call(Outbox.scala:198)
[2021-12-28 14:57:29,794] {spark_submit.py:514} INFO - ... 4 more
[2021-12-28 14:57:29,794] {spark_submit.py:514} INFO - Caused by: java.net.UnknownHostException: spark
[2021-12-28 14:57:29,795] {spark_submit.py:514} INFO - at java.base/java.net.InetAddress$CachedAddresses.get(InetAddress.java:797)
[2021-12-28 14:57:29,796] {spark_submit.py:514} INFO - at java.base/java.net.InetAddress.getAllByName0(InetAddress.java:1509)
[2021-12-28 14:57:29,797] {spark_submit.py:514} INFO - at java.base/java.net.InetAddress.getAllByName(InetAddress.java:1368)
[2021-12-28 14:57:29,797] {spark_submit.py:514} INFO - at java.base/java.net.InetAddress.getAllByName(InetAddress.java:1302)
[2021-12-28 14:57:29,798] {spark_submit.py:514} INFO - at java.base/java.net.InetAddress.getByName(InetAddress.java:1252)
[2021-12-28 14:57:29,799] {spark_submit.py:514} INFO - at io.netty.util.internal.SocketUtils$8.run(SocketUtils.java:156)
[2021-12-28 14:57:29,800] {spark_submit.py:514} INFO - at io.netty.util.internal.SocketUtils$8.run(SocketUtils.java:153)
[2021-12-28 14:57:29,800] {spark_submit.py:514} INFO - at java.base/java.security.AccessController.doPrivileged(Native Method)
[2021-12-28 14:57:29,801] {spark_submit.py:514} INFO - at io.netty.util.internal.SocketUtils.addressByName(SocketUtils.java:153)
[2021-12-28 14:57:29,802] {spark_submit.py:514} INFO - at io.netty.resolver.DefaultNameResolver.doResolve(DefaultNameResolver.java:41)
[2021-12-28 14:57:29,803] {spark_submit.py:514} INFO - at io.netty.resolver.SimpleNameResolver.resolve(SimpleNameResolver.java:61)
[2021-12-28 14:57:29,806] {spark_submit.py:514} INFO - at io.netty.resolver.SimpleNameResolver.resolve(SimpleNameResolver.java:53)
[2021-12-28 14:57:29,807] {spark_submit.py:514} INFO - at io.netty.resolver.InetSocketAddressResolver.doResolve(InetSocketAddressResolver.java:55)
[2021-12-28 14:57:29,808] {spark_submit.py:514} INFO - at io.netty.resolver.InetSocketAddressResolver.doResolve(InetSocketAddressResolver.java:31)
[2021-12-28 14:57:29,809] {spark_submit.py:514} INFO - at io.netty.resolver.AbstractAddressResolver.resolve(AbstractAddressResolver.java:106)
[2021-12-28 14:57:29,809] {spark_submit.py:514} INFO - at io.netty.bootstrap.Bootstrap.doResolveAndConnect0(Bootstrap.java:206)
[2021-12-28 14:57:29,810] {spark_submit.py:514} INFO - at io.netty.bootstrap.Bootstrap.access$000(Bootstrap.java:46)
[2021-12-28 14:57:29,811] {spark_submit.py:514} INFO - at io.netty.bootstrap.Bootstrap$1.operationComplete(Bootstrap.java:180)
[2021-12-28 14:57:29,812] {spark_submit.py:514} INFO - at io.netty.bootstrap.Bootstrap$1.operationComplete(Bootstrap.java:166)
[2021-12-28 14:57:29,812] {spark_submit.py:514} INFO - at io.netty.util.concurrent.DefaultPromise.notifyListener0(DefaultPromise.java:578)
[2021-12-28 14:57:29,813] {spark_submit.py:514} INFO - at io.netty.util.concurrent.DefaultPromise.notifyListenersNow(DefaultPromise.java:552)
[2021-12-28 14:57:29,814] {spark_submit.py:514} INFO - at io.netty.util.concurrent.DefaultPromise.notifyListeners(DefaultPromise.java:491)
[2021-12-28 14:57:29,814] {spark_submit.py:514} INFO - at io.netty.util.concurrent.DefaultPromise.setValue0(DefaultPromise.java:616)
[2021-12-28 14:57:29,816] {spark_submit.py:514} INFO - at io.netty.util.concurrent.DefaultPromise.setSuccess0(DefaultPromise.java:605)
[2021-12-28 14:57:29,816] {spark_submit.py:514} INFO - at io.netty.util.concurrent.DefaultPromise.trySuccess(DefaultPromise.java:104)
[2021-12-28 14:57:29,817] {spark_submit.py:514} INFO - at io.netty.channel.DefaultChannelPromise.trySuccess(DefaultChannelPromise.java:84)
[2021-12-28 14:57:29,818] {spark_submit.py:514} INFO - at io.netty.channel.AbstractChannel$AbstractUnsafe.safeSetSuccess(AbstractChannel.java:1008)
[2021-12-28 14:57:29,818] {spark_submit.py:514} INFO - at io.netty.channel.AbstractChannel$AbstractUnsafe.register0(AbstractChannel.java:516)
[2021-12-28 14:57:29,819] {spark_submit.py:514} INFO - at io.netty.channel.AbstractChannel$AbstractUnsafe.access$200(AbstractChannel.java:429)
[2021-12-28 14:57:29,819] {spark_submit.py:514} INFO - at io.netty.channel.AbstractChannel$AbstractUnsafe$1.run(AbstractChannel.java:486)
[2021-12-28 14:57:29,820] {spark_submit.py:514} INFO - at io.netty.util.concurrent.AbstractEventExecutor.safeExecute(AbstractEventExecutor.java:164)
[2021-12-28 14:57:29,821] {spark_submit.py:514} INFO - at io.netty.util.concurrent.SingleThreadEventExecutor.runAllTasks(SingleThreadEventExecutor.java:469)
[2021-12-28 14:57:29,821] {spark_submit.py:514} INFO - at io.netty.channel.nio.NioEventLoop.run(NioEventLoop.java:500)
[2021-12-28 14:57:29,822] {spark_submit.py:514} INFO - at io.netty.util.concurrent.SingleThreadEventExecutor$4.run(SingleThreadEventExecutor.java:986)
[2021-12-28 14:57:29,823] {spark_submit.py:514} INFO - at io.netty.util.internal.ThreadExecutorMap$2.run(ThreadExecutorMap.java:74)
[2021-12-28 14:57:29,823] {spark_submit.py:514} INFO - at io.netty.util.concurrent.FastThreadLocalRunnable.run(FastThreadLocalRunnable.java:30)
[2021-12-28 14:57:29,824] {spark_submit.py:514} INFO - ... 1 more
[2021-12-28 14:57:49,724] {spark_submit.py:514} INFO - 21/12/28 14:57:49 ERROR StandaloneSchedulerBackend: Application has been killed. Reason: All masters are unresponsive! Giving up.
[2021-12-28 14:57:49,726] {spark_submit.py:514} INFO - 21/12/28 14:57:49 WARN StandaloneSchedulerBackend: Application ID is not initialized yet.
[2021-12-28 14:57:49,745] {spark_submit.py:514} INFO - 21/12/28 14:57:49 INFO Utils: Successfully started service 'org.apache.spark.network.netty.NettyBlockTransferService' on port 34241.
[2021-12-28 14:57:49,746] {spark_submit.py:514} INFO - 21/12/28 14:57:49 INFO NettyBlockTransferService: Server created on 0c125a5bba95:34241
[2021-12-28 14:57:49,752] {spark_submit.py:514} INFO - 21/12/28 14:57:49 INFO SparkUI: Stopped Spark web UI at http://0c125a5bba95:4041
[2021-12-28 14:57:49,754] {spark_submit.py:514} INFO - 21/12/28 14:57:49 INFO BlockManager: Using org.apache.spark.storage.RandomBlockReplicationPolicy for block replication policy
[2021-12-28 14:57:49,761] {spark_submit.py:514} INFO - 21/12/28 14:57:49 INFO StandaloneSchedulerBackend: Shutting down all executors
[2021-12-28 14:57:49,768] {spark_submit.py:514} INFO - 21/12/28 14:57:49 INFO BlockManagerMaster: Registering BlockManager BlockManagerId(driver, 0c125a5bba95, 34241, None)
[2021-12-28 14:57:49,769] {spark_submit.py:514} INFO - 21/12/28 14:57:49 INFO CoarseGrainedSchedulerBackend$DriverEndpoint: Asking each executor to shut down
[2021-12-28 14:57:49,775] {spark_submit.py:514} INFO - 21/12/28 14:57:49 INFO BlockManagerMasterEndpoint: Registering block manager 0c125a5bba95:34241 with 434.4 MiB RAM, BlockManagerId(driver, 0c125a5bba95, 34241, None)
[2021-12-28 14:57:49,780] {spark_submit.py:514} INFO - 21/12/28 14:57:49 WARN StandaloneAppClient$ClientEndpoint: Drop UnregisterApplication(null) because has not yet connected to master
[2021-12-28 14:57:49,781] {spark_submit.py:514} INFO - 21/12/28 14:57:49 INFO BlockManagerMaster: Registered BlockManager BlockManagerId(driver, 0c125a5bba95, 34241, None)
[2021-12-28 14:57:49,783] {spark_submit.py:514} INFO - 21/12/28 14:57:49 INFO BlockManager: Initialized BlockManager: BlockManagerId(driver, 0c125a5bba95, 34241, None)
[2021-12-28 14:57:49,803] {spark_submit.py:514} INFO - 21/12/28 14:57:49 INFO MapOutputTrackerMasterEndpoint: MapOutputTrackerMasterEndpoint stopped!
[2021-12-28 14:57:49,826] {spark_submit.py:514} INFO - 21/12/28 14:57:49 INFO MemoryStore: MemoryStore cleared
[2021-12-28 14:57:49,833] {spark_submit.py:514} INFO - 21/12/28 14:57:49 INFO BlockManager: BlockManager stopped
[2021-12-28 14:57:49,850] {spark_submit.py:514} INFO - 21/12/28 14:57:49 INFO BlockManagerMaster: BlockManagerMaster stopped
[2021-12-28 14:57:49,854] {spark_submit.py:514} INFO - 21/12/28 14:57:49 INFO OutputCommitCoordinator$OutputCommitCoordinatorEndpoint: OutputCommitCoordinator stopped!
[2021-12-28 14:57:49,878] {spark_submit.py:514} INFO - 21/12/28 14:57:49 INFO SparkContext: Successfully stopped SparkContext
[2021-12-28 14:57:50,023] {spark_submit.py:514} INFO - 21/12/28 14:57:50 ERROR SparkContext: Error initializing SparkContext.
[2021-12-28 14:57:50,024] {spark_submit.py:514} INFO - java.lang.IllegalArgumentException: requirement failed: Can only call getServletHandlers on a running MetricsSystem
[2021-12-28 14:57:50,025] {spark_submit.py:514} INFO - at scala.Predef$.require(Predef.scala:281)
[2021-12-28 14:57:50,026] {spark_submit.py:514} INFO - at org.apache.spark.metrics.MetricsSystem.getServletHandlers(MetricsSystem.scala:89)
[2021-12-28 14:57:50,027] {spark_submit.py:514} INFO - at org.apache.spark.SparkContext.<init>(SparkContext.scala:603)
[2021-12-28 14:57:50,027] {spark_submit.py:514} INFO - at org.apache.spark.api.java.JavaSparkContext.<init>(JavaSparkContext.scala:58)
[2021-12-28 14:57:50,028] {spark_submit.py:514} INFO - at java.base/jdk.internal.reflect.NativeConstructorAccessorImpl.newInstance0(Native Method)
[2021-12-28 14:57:50,029] {spark_submit.py:514} INFO - at java.base/jdk.internal.reflect.NativeConstructorAccessorImpl.newInstance(NativeConstructorAccessorImpl.java:62)
[2021-12-28 14:57:50,030] {spark_submit.py:514} INFO - at java.base/jdk.internal.reflect.DelegatingConstructorAccessorImpl.newInstance(DelegatingConstructorAccessorImpl.java:45)
[2021-12-28 14:57:50,030] {spark_submit.py:514} INFO - at java.base/java.lang.reflect.Constructor.newInstance(Constructor.java:490)
[2021-12-28 14:57:50,031] {spark_submit.py:514} INFO - at py4j.reflection.MethodInvoker.invoke(MethodInvoker.java:247)
[2021-12-28 14:57:50,031] {spark_submit.py:514} INFO - at py4j.reflection.ReflectionEngine.invoke(ReflectionEngine.java:357)
[2021-12-28 14:57:50,032] {spark_submit.py:514} INFO - at py4j.Gateway.invoke(Gateway.java:238)
[2021-12-28 14:57:50,033] {spark_submit.py:514} INFO - at py4j.commands.ConstructorCommand.invokeConstructor(ConstructorCommand.java:80)
[2021-12-28 14:57:50,034] {spark_submit.py:514} INFO - at py4j.commands.ConstructorCommand.execute(ConstructorCommand.java:69)
[2021-12-28 14:57:50,034] {spark_submit.py:514} INFO - at py4j.ClientServerConnection.waitForCommands(ClientServerConnection.java:182)
[2021-12-28 14:57:50,035] {spark_submit.py:514} INFO - at py4j.ClientServerConnection.run(ClientServerConnection.java:106)
[2021-12-28 14:57:50,036] {spark_submit.py:514} INFO - at java.base/java.lang.Thread.run(Thread.java:829)
[2021-12-28 14:57:50,036] {spark_submit.py:514} INFO - 21/12/28 14:57:50 INFO SparkContext: SparkContext already stopped.
[2021-12-28 14:57:50,037] {spark_submit.py:514} INFO - Traceback (most recent call last):
[2021-12-28 14:57:50,038] {spark_submit.py:514} INFO - File "/opt/***/jobs/get_ads_per_county.py", line 13, in <module>
[2021-12-28 14:57:50,039] {spark_submit.py:514} INFO - .appName("Get Ads per county") \
[2021-12-28 14:57:50,040] {spark_submit.py:514} INFO - File "/home/***/.local/lib/python3.6/site-packages/pyspark/python/lib/pyspark.zip/pyspark/sql/session.py", line 228, in getOrCreate
[2021-12-28 14:57:50,040] {spark_submit.py:514} INFO - File "/home/***/.local/lib/python3.6/site-packages/pyspark/python/lib/pyspark.zip/pyspark/context.py", line 392, in getOrCreate
[2021-12-28 14:57:50,041] {spark_submit.py:514} INFO - File "/home/***/.local/lib/python3.6/site-packages/pyspark/python/lib/pyspark.zip/pyspark/context.py", line 147, in __init__
[2021-12-28 14:57:50,042] {spark_submit.py:514} INFO - File "/home/***/.local/lib/python3.6/site-packages/pyspark/python/lib/pyspark.zip/pyspark/context.py", line 209, in _do_init
[2021-12-28 14:57:50,043] {spark_submit.py:514} INFO - File "/home/***/.local/lib/python3.6/site-packages/pyspark/python/lib/pyspark.zip/pyspark/context.py", line 329, in _initialize_context
[2021-12-28 14:57:50,044] {spark_submit.py:514} INFO - File "/home/***/.local/lib/python3.6/site-packages/pyspark/python/lib/py4j-0.10.9.2-src.zip/py4j/java_gateway.py", line 1574, in __call__
[2021-12-28 14:57:50,044] {spark_submit.py:514} INFO - File "/home/***/.local/lib/python3.6/site-packages/pyspark/python/lib/py4j-0.10.9.2-src.zip/py4j/protocol.py", line 328, in get_return_value
[2021-12-28 14:57:50,045] {spark_submit.py:514} INFO - py4j.protocol.Py4JJavaError: An error occurred while calling None.org.apache.spark.api.java.JavaSparkContext.
[2021-12-28 14:57:50,046] {spark_submit.py:514} INFO - : java.lang.IllegalArgumentException: requirement failed: Can only call getServletHandlers on a running MetricsSystem
[2021-12-28 14:57:50,046] {spark_submit.py:514} INFO - at scala.Predef$.require(Predef.scala:281)
[2021-12-28 14:57:50,047] {spark_submit.py:514} INFO - at org.apache.spark.metrics.MetricsSystem.getServletHandlers(MetricsSystem.scala:89)
[2021-12-28 14:57:50,048] {spark_submit.py:514} INFO - at org.apache.spark.SparkContext.<init>(SparkContext.scala:603)
[2021-12-28 14:57:50,049] {spark_submit.py:514} INFO - at org.apache.spark.api.java.JavaSparkContext.<init>(JavaSparkContext.scala:58)
[2021-12-28 14:57:50,049] {spark_submit.py:514} INFO - at java.base/jdk.internal.reflect.NativeConstructorAccessorImpl.newInstance0(Native Method)
[2021-12-28 14:57:50,050] {spark_submit.py:514} INFO - at java.base/jdk.internal.reflect.NativeConstructorAccessorImpl.newInstance(NativeConstructorAccessorImpl.java:62)
[2021-12-28 14:57:50,051] {spark_submit.py:514} INFO - at java.base/jdk.internal.reflect.DelegatingConstructorAccessorImpl.newInstance(DelegatingConstructorAccessorImpl.java:45)
[2021-12-28 14:57:50,052] {spark_submit.py:514} INFO - at java.base/java.lang.reflect.Constructor.newInstance(Constructor.java:490)
[2021-12-28 14:57:50,052] {spark_submit.py:514} INFO - at py4j.reflection.MethodInvoker.invoke(MethodInvoker.java:247)
[2021-12-28 14:57:50,053] {spark_submit.py:514} INFO - at py4j.reflection.ReflectionEngine.invoke(ReflectionEngine.java:357)
[2021-12-28 14:57:50,054] {spark_submit.py:514} INFO - at py4j.Gateway.invoke(Gateway.java:238)
[2021-12-28 14:57:50,055] {spark_submit.py:514} INFO - at py4j.commands.ConstructorCommand.invokeConstructor(ConstructorCommand.java:80)
[2021-12-28 14:57:50,055] {spark_submit.py:514} INFO - at py4j.commands.ConstructorCommand.execute(ConstructorCommand.java:69)
[2021-12-28 14:57:50,056] {spark_submit.py:514} INFO - at py4j.ClientServerConnection.waitForCommands(ClientServerConnection.java:182)
[2021-12-28 14:57:50,057] {spark_submit.py:514} INFO - at py4j.ClientServerConnection.run(ClientServerConnection.java:106)
[2021-12-28 14:57:50,058] {spark_submit.py:514} INFO - at java.base/java.lang.Thread.run(Thread.java:829)
[2021-12-28 14:57:50,059] {spark_submit.py:514} INFO - 
[2021-12-28 14:57:50,131] {spark_submit.py:514} INFO - 21/12/28 14:57:50 INFO ShutdownHookManager: Shutdown hook called
[2021-12-28 14:57:50,133] {spark_submit.py:514} INFO - 21/12/28 14:57:50 INFO ShutdownHookManager: Deleting directory /tmp/spark-0589b497-c2a3-4728-9a2f-4afe4ae69348
[2021-12-28 14:57:50,138] {spark_submit.py:514} INFO - 21/12/28 14:57:50 INFO ShutdownHookManager: Deleting directory /tmp/spark-8b4275e8-25da-49b6-b83a-5ef092df9723
[2021-12-28 14:57:50,261] {taskinstance.py:1703} ERROR - Task failed with exception
Traceback (most recent call last):
  File "/home/airflow/.local/lib/python3.6/site-packages/airflow/models/taskinstance.py", line 1332, in _run_raw_task
    self._execute_task_with_callbacks(context)
  File "/home/airflow/.local/lib/python3.6/site-packages/airflow/models/taskinstance.py", line 1458, in _execute_task_with_callbacks
    result = self._execute_task(context, self.task)
  File "/home/airflow/.local/lib/python3.6/site-packages/airflow/models/taskinstance.py", line 1514, in _execute_task
    result = execute_callable(context=context)
  File "/home/airflow/.local/lib/python3.6/site-packages/airflow/providers/apache/spark/operators/spark_submit.py", line 179, in execute
    self._hook.submit(self._application)
  File "/home/airflow/.local/lib/python3.6/site-packages/airflow/providers/apache/spark/hooks/spark_submit.py", line 446, in submit
    f"Cannot execute: {self._mask_cmd(spark_submit_cmd)}. Error code is: {returncode}."
airflow.exceptions.AirflowException: Cannot execute: spark-submit --master spark://spark:7077 --conf spark.master=spark://spark:7077 --name scrap data --verbose /opt/***/jobs/get_ads_per_county.py cavan. Error code is: 1.
[2021-12-28 14:57:50,269] {taskinstance.py:1280} INFO - Marking task as FAILED. dag_id=scraping_daft_cavan, task_id=scrap_data, execution_date=20211228T143819, start_date=20211228T145644, end_date=20211228T145750
[2021-12-28 14:57:50,310] {warnings.py:99} WARNING - /home/***/.local/lib/python3.6/site-packages/***/utils/email.py:102: PendingDeprecationWarning: Fetching SMTP credentials from configuration variables will be deprecated in a future release. Please set credentials using a connection instead.
  send_mime_email(e_from=smtp_mail_from, e_to=recipients, mime_msg=msg, conn_id=conn_id, dryrun=dryrun)

[2021-12-28 14:57:50,311] {email.py:208} INFO - Email alerting: attempt 1
[2021-12-28 14:57:50,764] {email.py:220} INFO - Sent an alert email to ['clement.liscoet@gmail.com']
[2021-12-28 14:57:51,643] {standard_task_runner.py:91} ERROR - Failed to execute job 5139 for task scrap_data
Traceback (most recent call last):
  File "/home/airflow/.local/lib/python3.6/site-packages/airflow/task/task_runner/standard_task_runner.py", line 85, in _start_by_fork
    args.func(args, dag=self.dag)
  File "/home/airflow/.local/lib/python3.6/site-packages/airflow/cli/cli_parser.py", line 48, in command
    return func(*args, **kwargs)
  File "/home/airflow/.local/lib/python3.6/site-packages/airflow/utils/cli.py", line 92, in wrapper
    return f(*args, **kwargs)
  File "/home/airflow/.local/lib/python3.6/site-packages/airflow/cli/commands/task_command.py", line 292, in task_run
    _run_task_by_selected_method(args, dag, ti)
  File "/home/airflow/.local/lib/python3.6/site-packages/airflow/cli/commands/task_command.py", line 107, in _run_task_by_selected_method
    _run_raw_task(args, ti)
  File "/home/airflow/.local/lib/python3.6/site-packages/airflow/cli/commands/task_command.py", line 184, in _run_raw_task
    error_file=args.error_file,
  File "/home/airflow/.local/lib/python3.6/site-packages/airflow/utils/session.py", line 70, in wrapper
    return func(*args, session=session, **kwargs)
  File "/home/airflow/.local/lib/python3.6/site-packages/airflow/models/taskinstance.py", line 1332, in _run_raw_task
    self._execute_task_with_callbacks(context)
  File "/home/airflow/.local/lib/python3.6/site-packages/airflow/models/taskinstance.py", line 1458, in _execute_task_with_callbacks
    result = self._execute_task(context, self.task)
  File "/home/airflow/.local/lib/python3.6/site-packages/airflow/models/taskinstance.py", line 1514, in _execute_task
    result = execute_callable(context=context)
  File "/home/airflow/.local/lib/python3.6/site-packages/airflow/providers/apache/spark/operators/spark_submit.py", line 179, in execute
    self._hook.submit(self._application)
  File "/home/airflow/.local/lib/python3.6/site-packages/airflow/providers/apache/spark/hooks/spark_submit.py", line 446, in submit
    f"Cannot execute: {self._mask_cmd(spark_submit_cmd)}. Error code is: {returncode}."
airflow.exceptions.AirflowException: Cannot execute: spark-submit --master spark://spark:7077 --conf spark.master=spark://spark:7077 --name scrap data --verbose /opt/***/jobs/get_ads_per_county.py cavan. Error code is: 1.
[2021-12-28 14:57:51,660] {local_task_job.py:154} INFO - Task exited with return code 1
[2021-12-28 14:57:51,769] {local_task_job.py:264} INFO - 0 downstream tasks scheduled from follow-on schedule check
