[2021-12-31 13:21:05,403] {taskinstance.py:1035} INFO - Dependencies all met for <TaskInstance: scraping_daft_louth.run_init_county scheduled__2021-12-30T10:15:00+00:00 [queued]>
[2021-12-31 13:21:05,522] {taskinstance.py:1035} INFO - Dependencies all met for <TaskInstance: scraping_daft_louth.run_init_county scheduled__2021-12-30T10:15:00+00:00 [queued]>
[2021-12-31 13:21:05,532] {taskinstance.py:1241} INFO - 
--------------------------------------------------------------------------------
[2021-12-31 13:21:05,538] {taskinstance.py:1242} INFO - Starting attempt 1 of 4
[2021-12-31 13:21:05,550] {taskinstance.py:1243} INFO - 
--------------------------------------------------------------------------------
[2021-12-31 13:21:05,725] {taskinstance.py:1262} INFO - Executing <Task(_PythonDecoratedOperator): run_init_county> on 2021-12-30 10:15:00+00:00
[2021-12-31 13:21:05,906] {standard_task_runner.py:76} INFO - Running: ['***', 'tasks', 'run', 'scraping_daft_louth', 'run_init_county', 'scheduled__2021-12-30T10:15:00+00:00', '--job-id', '5707', '--raw', '--subdir', 'DAGS_FOLDER/scraping_daft_louth.py', '--cfg-path', '/tmp/tmp2t5urmmm', '--error-file', '/tmp/tmp1bne7olg']
[2021-12-31 13:21:05,929] {standard_task_runner.py:77} INFO - Job 5707: Subtask run_init_county
[2021-12-31 13:21:05,887] {standard_task_runner.py:52} INFO - Started process 126 to run task
[2021-12-31 13:21:06,600] {logging_mixin.py:109} INFO - Running <TaskInstance: scraping_daft_louth.run_init_county scheduled__2021-12-30T10:15:00+00:00 [running]> on host ee68d8f591c8
[2021-12-31 13:21:07,808] {taskinstance.py:1429} INFO - Exporting the following env vars:
AIRFLOW_CTX_DAG_EMAIL=clement.liscoet@gmail.com
AIRFLOW_CTX_DAG_OWNER=clemoni
AIRFLOW_CTX_DAG_ID=scraping_daft_louth
AIRFLOW_CTX_TASK_ID=run_init_county
AIRFLOW_CTX_EXECUTION_DATE=2021-12-30T10:15:00+00:00
AIRFLOW_CTX_DAG_RUN_ID=scheduled__2021-12-30T10:15:00+00:00
[2021-12-31 13:21:08,070] {python.py:152} INFO - Done. Returned value was: None
[2021-12-31 13:21:08,543] {taskinstance.py:1280} INFO - Marking task as SUCCESS. dag_id=scraping_daft_louth, task_id=run_init_county, execution_date=20211230T101500, start_date=20211231T132105, end_date=20211231T132108
[2021-12-31 13:21:08,964] {local_task_job.py:154} INFO - Task exited with return code 0
[2021-12-31 13:21:09,952] {local_task_job.py:264} INFO - 1 downstream tasks scheduled from follow-on schedule check
