[2021-12-15 08:51:37,676] {taskinstance.py:1035} INFO - Dependencies all met for <TaskInstance: scraping_daft_mayo.scrap_data scheduled__2021-12-14T04:00:00+00:00 [queued]>
[2021-12-15 08:51:37,815] {taskinstance.py:1035} INFO - Dependencies all met for <TaskInstance: scraping_daft_mayo.scrap_data scheduled__2021-12-14T04:00:00+00:00 [queued]>
[2021-12-15 08:51:37,829] {taskinstance.py:1241} INFO - 
--------------------------------------------------------------------------------
[2021-12-15 08:51:37,841] {taskinstance.py:1242} INFO - Starting attempt 1 of 4
[2021-12-15 08:51:37,853] {taskinstance.py:1243} INFO - 
--------------------------------------------------------------------------------
[2021-12-15 08:51:38,125] {taskinstance.py:1262} INFO - Executing <Task(SparkSubmitOperator): scrap_data> on 2021-12-14 04:00:00+00:00
[2021-12-15 08:51:38,235] {standard_task_runner.py:76} INFO - Running: ['***', 'tasks', 'run', 'scraping_daft_mayo', 'scrap_data', 'scheduled__2021-12-14T04:00:00+00:00', '--job-id', '2305', '--raw', '--subdir', 'DAGS_FOLDER/scraping_daft_mayo.py', '--cfg-path', '/tmp/tmpkk90uo0j', '--error-file', '/tmp/tmp6k_q0vby']
[2021-12-15 08:51:38,242] {standard_task_runner.py:77} INFO - Job 2305: Subtask scrap_data
[2021-12-15 08:51:38,194] {standard_task_runner.py:52} INFO - Started process 134 to run task
[2021-12-15 08:51:39,143] {logging_mixin.py:109} INFO - Running <TaskInstance: scraping_daft_mayo.scrap_data scheduled__2021-12-14T04:00:00+00:00 [running]> on host e2904d252e94
[2021-12-15 08:51:40,648] {taskinstance.py:1429} INFO - Exporting the following env vars:
AIRFLOW_CTX_DAG_EMAIL=clement.liscoet@gmail.com
AIRFLOW_CTX_DAG_OWNER=clemoni
AIRFLOW_CTX_DAG_ID=scraping_daft_mayo
AIRFLOW_CTX_TASK_ID=scrap_data
AIRFLOW_CTX_EXECUTION_DATE=2021-12-14T04:00:00+00:00
AIRFLOW_CTX_DAG_RUN_ID=scheduled__2021-12-14T04:00:00+00:00
[2021-12-15 08:51:40,845] {base.py:79} INFO - Using connection to: id: spark_default. Host: spark://spark:7077, Port: None, Schema: , Login: ***, Password: ***, extra: {}
[2021-12-15 08:51:40,865] {spark_submit.py:360} INFO - Spark-Submit cmd: spark-submit --master spark://spark:7077 --conf spark.master=spark://spark:7077 --name scrap data --verbose /opt/***/jobs/get_ads_per_county.py mayo
[2021-12-15 08:52:09,997] {spark_submit.py:514} INFO - Using properties file: null
[2021-12-15 08:52:11,803] {spark_submit.py:514} INFO - WARNING: An illegal reflective access operation has occurred
[2021-12-15 08:52:11,804] {spark_submit.py:514} INFO - WARNING: Illegal reflective access by org.apache.spark.unsafe.Platform (file:/home/***/.local/lib/python3.6/site-packages/pyspark/jars/spark-unsafe_2.12-3.2.0.jar) to constructor java.nio.DirectByteBuffer(long,int)
[2021-12-15 08:52:11,809] {spark_submit.py:514} INFO - WARNING: Please consider reporting this to the maintainers of org.apache.spark.unsafe.Platform
[2021-12-15 08:52:11,820] {spark_submit.py:514} INFO - WARNING: Use --illegal-access=warn to enable warnings of further illegal reflective access operations
[2021-12-15 08:52:11,824] {spark_submit.py:514} INFO - WARNING: All illegal access operations will be denied in a future release
[2021-12-15 08:52:13,827] {spark_submit.py:514} INFO - Parsed arguments:
[2021-12-15 08:52:13,829] {spark_submit.py:514} INFO - master                  spark://spark:7077
[2021-12-15 08:52:13,831] {spark_submit.py:514} INFO - deployMode              null
[2021-12-15 08:52:13,833] {spark_submit.py:514} INFO - executorMemory          null
[2021-12-15 08:52:13,835] {spark_submit.py:514} INFO - executorCores           null
[2021-12-15 08:52:13,836] {spark_submit.py:514} INFO - totalExecutorCores      null
[2021-12-15 08:52:13,838] {spark_submit.py:514} INFO - propertiesFile          null
[2021-12-15 08:52:13,840] {spark_submit.py:514} INFO - driverMemory            null
[2021-12-15 08:52:13,842] {spark_submit.py:514} INFO - driverCores             null
[2021-12-15 08:52:13,844] {spark_submit.py:514} INFO - driverExtraClassPath    null
[2021-12-15 08:52:13,845] {spark_submit.py:514} INFO - driverExtraLibraryPath  null
[2021-12-15 08:52:13,847] {spark_submit.py:514} INFO - driverExtraJavaOptions  null
[2021-12-15 08:52:13,850] {spark_submit.py:514} INFO - supervise               false
[2021-12-15 08:52:13,852] {spark_submit.py:514} INFO - queue                   null
[2021-12-15 08:52:13,853] {spark_submit.py:514} INFO - numExecutors            null
[2021-12-15 08:52:13,855] {spark_submit.py:514} INFO - files                   null
[2021-12-15 08:52:13,857] {spark_submit.py:514} INFO - pyFiles                 null
[2021-12-15 08:52:13,858] {spark_submit.py:514} INFO - archives                null
[2021-12-15 08:52:13,860] {spark_submit.py:514} INFO - mainClass               null
[2021-12-15 08:52:13,862] {spark_submit.py:514} INFO - primaryResource         file:/opt/***/jobs/get_ads_per_county.py
[2021-12-15 08:52:13,863] {spark_submit.py:514} INFO - name                    scrap data
[2021-12-15 08:52:13,865] {spark_submit.py:514} INFO - childArgs               [mayo]
[2021-12-15 08:52:13,867] {spark_submit.py:514} INFO - jars                    null
[2021-12-15 08:52:13,868] {spark_submit.py:514} INFO - packages                null
[2021-12-15 08:52:13,870] {spark_submit.py:514} INFO - packagesExclusions      null
[2021-12-15 08:52:13,873] {spark_submit.py:514} INFO - repositories            null
[2021-12-15 08:52:13,875] {spark_submit.py:514} INFO - verbose                 true
[2021-12-15 08:52:13,876] {spark_submit.py:514} INFO - 
[2021-12-15 08:52:13,878] {spark_submit.py:514} INFO - Spark properties used, including those specified through
[2021-12-15 08:52:13,880] {spark_submit.py:514} INFO - --conf and those from the properties file null:
[2021-12-15 08:52:13,886] {spark_submit.py:514} INFO - (spark.master,spark://spark:7077)
[2021-12-15 08:52:13,888] {spark_submit.py:514} INFO - 
[2021-12-15 08:52:13,889] {spark_submit.py:514} INFO - 
[2021-12-15 08:52:18,822] {spark_submit.py:514} INFO - Main class:
[2021-12-15 08:52:18,824] {spark_submit.py:514} INFO - org.apache.spark.deploy.PythonRunner
[2021-12-15 08:52:18,826] {spark_submit.py:514} INFO - Arguments:
[2021-12-15 08:52:18,834] {spark_submit.py:514} INFO - file:/opt/***/jobs/get_ads_per_county.py
[2021-12-15 08:52:18,838] {spark_submit.py:514} INFO - null
[2021-12-15 08:52:18,840] {spark_submit.py:514} INFO - mayo
[2021-12-15 08:52:18,844] {spark_submit.py:514} INFO - --verbose
[2021-12-15 08:52:18,846] {spark_submit.py:514} INFO - Spark config:
[2021-12-15 08:52:18,848] {spark_submit.py:514} INFO - (spark.app.name,scrap data)
[2021-12-15 08:52:18,850] {spark_submit.py:514} INFO - (spark.master,spark://spark:7077)
[2021-12-15 08:52:18,860] {spark_submit.py:514} INFO - (spark.submit.pyFiles,)
[2021-12-15 08:52:18,861] {spark_submit.py:514} INFO - (spark.submit.deployMode,client)
[2021-12-15 08:52:18,866] {spark_submit.py:514} INFO - Classpath elements:
[2021-12-15 08:52:18,868] {spark_submit.py:514} INFO - 
[2021-12-15 08:52:18,870] {spark_submit.py:514} INFO - 
[2021-12-15 08:52:18,875] {spark_submit.py:514} INFO - 
[2021-12-15 08:52:32,533] {spark_submit.py:514} INFO - Using Spark's default log4j profile: org/apache/spark/log4j-defaults.properties
[2021-12-15 08:52:32,618] {spark_submit.py:514} INFO - 21/12/15 08:52:32 INFO SparkContext: Running Spark version 3.2.0
[2021-12-15 08:52:35,475] {spark_submit.py:514} INFO - 21/12/15 08:52:35 WARN NativeCodeLoader: Unable to load native-hadoop library for your platform... using builtin-java classes where applicable
[2021-12-15 08:52:37,914] {spark_submit.py:514} INFO - 21/12/15 08:52:37 INFO ResourceUtils: ==============================================================
[2021-12-15 08:52:37,927] {spark_submit.py:514} INFO - 21/12/15 08:52:37 INFO ResourceUtils: No custom resources configured for spark.driver.
[2021-12-15 08:52:37,934] {spark_submit.py:514} INFO - 21/12/15 08:52:37 INFO ResourceUtils: ==============================================================
[2021-12-15 08:52:37,936] {spark_submit.py:514} INFO - 21/12/15 08:52:37 INFO SparkContext: Submitted application: Get Ads per county
[2021-12-15 08:52:38,038] {spark_submit.py:514} INFO - 21/12/15 08:52:38 INFO ResourceProfile: Default ResourceProfile created, executor resources: Map(cores -> name: cores, amount: 1, script: , vendor: , memory -> name: memory, amount: 1024, script: , vendor: , offHeap -> name: offHeap, amount: 0, script: , vendor: ), task resources: Map(cpus -> name: cpus, amount: 1.0)
[2021-12-15 08:52:38,112] {spark_submit.py:514} INFO - 21/12/15 08:52:38 INFO ResourceProfile: Limiting resource is cpu
[2021-12-15 08:52:38,118] {spark_submit.py:514} INFO - 21/12/15 08:52:38 INFO ResourceProfileManager: Added ResourceProfile id: 0
[2021-12-15 08:52:38,516] {spark_submit.py:514} INFO - 21/12/15 08:52:38 INFO SecurityManager: Changing view acls to: ***
[2021-12-15 08:52:38,522] {spark_submit.py:514} INFO - 21/12/15 08:52:38 INFO SecurityManager: Changing modify acls to: ***
[2021-12-15 08:52:38,526] {spark_submit.py:514} INFO - 21/12/15 08:52:38 INFO SecurityManager: Changing view acls groups to:
[2021-12-15 08:52:38,528] {spark_submit.py:514} INFO - 21/12/15 08:52:38 INFO SecurityManager: Changing modify acls groups to:
[2021-12-15 08:52:38,533] {spark_submit.py:514} INFO - 21/12/15 08:52:38 INFO SecurityManager: SecurityManager: authentication disabled; ui acls disabled; users  with view permissions: Set(***); groups with view permissions: Set(); users  with modify permissions: Set(***); groups with modify permissions: Set()
[2021-12-15 08:52:47,098] {spark_submit.py:514} INFO - 21/12/15 08:52:47 INFO Utils: Successfully started service 'sparkDriver' on port 35517.
[2021-12-15 08:52:47,662] {spark_submit.py:514} INFO - 21/12/15 08:52:47 INFO SparkEnv: Registering MapOutputTracker
[2021-12-15 08:52:48,984] {spark_submit.py:514} INFO - 21/12/15 08:52:48 INFO SparkEnv: Registering BlockManagerMaster
[2021-12-15 08:52:49,044] {spark_submit.py:514} INFO - 21/12/15 08:52:49 INFO BlockManagerMasterEndpoint: Using org.apache.spark.storage.DefaultTopologyMapper for getting topology information
[2021-12-15 08:52:49,048] {spark_submit.py:514} INFO - 21/12/15 08:52:49 INFO BlockManagerMasterEndpoint: BlockManagerMasterEndpoint up
[2021-12-15 08:52:49,065] {spark_submit.py:514} INFO - 21/12/15 08:52:49 INFO SparkEnv: Registering BlockManagerMasterHeartbeat
[2021-12-15 08:52:49,137] {spark_submit.py:514} INFO - 21/12/15 08:52:49 INFO DiskBlockManager: Created local directory at /tmp/blockmgr-60f33967-2716-47ea-8313-45c26ead09e3
[2021-12-15 08:52:49,213] {spark_submit.py:514} INFO - 21/12/15 08:52:49 INFO MemoryStore: MemoryStore started with capacity 434.4 MiB
[2021-12-15 08:52:49,279] {spark_submit.py:514} INFO - 21/12/15 08:52:49 INFO SparkEnv: Registering OutputCommitCoordinator
[2021-12-15 08:52:53,941] {spark_submit.py:514} INFO - 21/12/15 08:52:53 WARN Utils: Service 'SparkUI' could not bind on port 4040. Attempting port 4041.
[2021-12-15 08:52:53,951] {spark_submit.py:514} INFO - 21/12/15 08:52:53 WARN Utils: Service 'SparkUI' could not bind on port 4041. Attempting port 4042.
[2021-12-15 08:52:53,952] {spark_submit.py:514} INFO - 21/12/15 08:52:53 WARN Utils: Service 'SparkUI' could not bind on port 4042. Attempting port 4043.
[2021-12-15 08:52:53,956] {spark_submit.py:514} INFO - 21/12/15 08:52:53 WARN Utils: Service 'SparkUI' could not bind on port 4043. Attempting port 4044.
[2021-12-15 08:52:53,958] {spark_submit.py:514} INFO - 21/12/15 08:52:53 WARN Utils: Service 'SparkUI' could not bind on port 4044. Attempting port 4045.
[2021-12-15 08:52:54,018] {spark_submit.py:514} INFO - 21/12/15 08:52:54 INFO Utils: Successfully started service 'SparkUI' on port 4045.
[2021-12-15 08:52:56,169] {spark_submit.py:514} INFO - 21/12/15 08:52:56 INFO SparkUI: Bound SparkUI to 0.0.0.0, and started at http://e2904d252e94:4045
[2021-12-15 08:53:19,338] {spark_submit.py:514} INFO - 21/12/15 08:53:19 INFO StandaloneAppClient$ClientEndpoint: Connecting to master spark://spark:7077...
[2021-12-15 08:53:22,217] {spark_submit.py:514} INFO - 21/12/15 08:53:22 INFO TransportClientFactory: Successfully created connection to spark/172.19.0.4:7077 after 2057 ms (0 ms spent in bootstraps)
[2021-12-15 08:54:02,139] {spark_submit.py:514} INFO - 21/12/15 08:53:58 INFO StandaloneAppClient$ClientEndpoint: Connecting to master spark://spark:7077...
[2021-12-15 08:54:10,705] {spark_submit.py:514} INFO - 21/12/15 08:54:10 INFO StandaloneSchedulerBackend: Connected to Spark cluster with app ID app-20211215085410-0008
[2021-12-15 08:54:11,060] {spark_submit.py:514} INFO - 21/12/15 08:54:11 INFO Utils: Successfully started service 'org.apache.spark.network.netty.NettyBlockTransferService' on port 35377.
[2021-12-15 08:54:11,066] {spark_submit.py:514} INFO - 21/12/15 08:54:11 INFO NettyBlockTransferService: Server created on e2904d252e94:35377
[2021-12-15 08:54:11,142] {spark_submit.py:514} INFO - 21/12/15 08:54:11 INFO BlockManager: Using org.apache.spark.storage.RandomBlockReplicationPolicy for block replication policy
[2021-12-15 08:54:11,456] {spark_submit.py:514} INFO - 21/12/15 08:54:11 INFO BlockManagerMaster: Registering BlockManager BlockManagerId(driver, e2904d252e94, 35377, None)
[2021-12-15 08:54:11,575] {spark_submit.py:514} INFO - 21/12/15 08:54:11 INFO BlockManagerMasterEndpoint: Registering block manager e2904d252e94:35377 with 434.4 MiB RAM, BlockManagerId(driver, e2904d252e94, 35377, None)
[2021-12-15 08:54:11,590] {spark_submit.py:514} INFO - 21/12/15 08:54:11 INFO BlockManagerMaster: Registered BlockManager BlockManagerId(driver, e2904d252e94, 35377, None)
[2021-12-15 08:54:11,597] {spark_submit.py:514} INFO - 21/12/15 08:54:11 INFO BlockManager: Initialized BlockManager: BlockManagerId(driver, e2904d252e94, 35377, None)
[2021-12-15 08:54:26,286] {spark_submit.py:514} INFO - 21/12/15 08:54:26 INFO StandaloneSchedulerBackend: SchedulerBackend is ready for scheduling beginning after reached minRegisteredResourcesRatio: 0.0
[2021-12-15 08:54:26,820] {spark_submit.py:514} INFO - 21/12/15 08:54:26 INFO AsyncEventQueue: Process of event SparkListenerResourceProfileAdded(Profile: id = 0, executor resources: cores -> name: cores, amount: 1, script: , vendor: ,memory -> name: memory, amount: 1024, script: , vendor: ,offHeap -> name: offHeap, amount: 0, script: , vendor: , task resources: cpus -> name: cpus, amount: 1.0) by listener AppStatusListener took 1.601333s.
[2021-12-15 08:54:27,780] {spark_submit.py:514} INFO - /home/***/.local/lib/python3.6/site-packages/pyspark/python/lib/pyspark.zip/pyspark/context.py:238: FutureWarning: Python 3.6 support is deprecated in Spark 3.2.
[2021-12-15 08:54:27,788] {spark_submit.py:514} INFO - FutureWarning
[2021-12-15 08:54:56,699] {spark_submit.py:514} INFO - 21/12/15 08:54:56 INFO SharedState: Setting hive.metastore.warehouse.dir ('null') to the value of spark.sql.warehouse.dir.
[2021-12-15 08:54:57,230] {spark_submit.py:514} INFO - 21/12/15 08:54:57 INFO SharedState: Warehouse path is 'file:/opt/***/spark-warehouse'.
[2021-12-15 08:55:53,550] {spark_submit.py:514} INFO - running...
[2021-12-15 08:55:55,305] {spark_submit.py:514} INFO - running...
[2021-12-15 08:55:58,160] {spark_submit.py:514} INFO - running...
[2021-12-15 08:55:59,977] {spark_submit.py:514} INFO - running...
[2021-12-15 08:56:03,155] {spark_submit.py:514} INFO - running...
[2021-12-15 08:56:04,955] {spark_submit.py:514} INFO - running...
[2021-12-15 08:56:06,479] {spark_submit.py:514} INFO - running...
[2021-12-15 08:56:09,587] {spark_submit.py:514} INFO - running...
[2021-12-15 08:56:11,756] {spark_submit.py:514} INFO - running...
[2021-12-15 08:56:13,495] {spark_submit.py:514} INFO - running...
[2021-12-15 08:56:15,253] {spark_submit.py:514} INFO - running...
[2021-12-15 08:56:16,062] {spark_submit.py:514} INFO - running...
[2021-12-15 08:56:16,980] {spark_submit.py:514} INFO - running...
[2021-12-15 08:56:17,587] {spark_submit.py:514} INFO - running...
[2021-12-15 08:56:18,500] {spark_submit.py:514} INFO - running...
[2021-12-15 08:56:19,759] {spark_submit.py:514} INFO - running...
[2021-12-15 08:56:21,097] {spark_submit.py:514} INFO - running...
[2021-12-15 08:56:22,864] {spark_submit.py:514} INFO - running...
[2021-12-15 08:56:24,298] {spark_submit.py:514} INFO - running...
[2021-12-15 08:56:25,367] {spark_submit.py:514} INFO - running...
[2021-12-15 08:56:27,960] {spark_submit.py:514} INFO - running...
[2021-12-15 08:56:29,465] {spark_submit.py:514} INFO - running...
[2021-12-15 08:56:33,194] {spark_submit.py:514} INFO - running...
[2021-12-15 08:56:35,135] {spark_submit.py:514} INFO - running...
[2021-12-15 08:56:37,536] {spark_submit.py:514} INFO - running...
[2021-12-15 08:56:39,195] {spark_submit.py:514} INFO - running...
[2021-12-15 08:56:42,644] {spark_submit.py:514} INFO - running...
[2021-12-15 08:56:45,772] {spark_submit.py:514} INFO - running...
[2021-12-15 08:56:50,117] {spark_submit.py:514} INFO - running...
[2021-12-15 08:56:53,218] {spark_submit.py:514} INFO - running...
[2021-12-15 08:56:53,483] {spark_submit.py:514} INFO - 21/12/15 08:56:53 INFO StandaloneAppClient$ClientEndpoint: Executor added: app-20211215085410-0008/0 on worker-20211215085029-172.19.0.5-33915 (172.19.0.5:33915) with 6 core(s)
[2021-12-15 08:56:53,511] {spark_submit.py:514} INFO - 21/12/15 08:56:53 INFO StandaloneSchedulerBackend: Granted executor ID app-20211215085410-0008/0 on hostPort 172.19.0.5:33915 with 6 core(s), 1024.0 MiB RAM
[2021-12-15 08:56:53,519] {spark_submit.py:514} INFO - 21/12/15 08:56:53 INFO StandaloneAppClient$ClientEndpoint: Executor added: app-20211215085410-0008/1 on worker-20211215085029-172.19.0.6-38383 (172.19.0.6:38383) with 6 core(s)
[2021-12-15 08:56:53,525] {spark_submit.py:514} INFO - 21/12/15 08:56:53 INFO StandaloneSchedulerBackend: Granted executor ID app-20211215085410-0008/1 on hostPort 172.19.0.6:38383 with 6 core(s), 1024.0 MiB RAM
[2021-12-15 08:56:53,771] {spark_submit.py:514} INFO - 21/12/15 08:56:53 INFO StandaloneAppClient$ClientEndpoint: Executor updated: app-20211215085410-0008/0 is now RUNNING
[2021-12-15 08:56:53,782] {spark_submit.py:514} INFO - 21/12/15 08:56:53 INFO StandaloneAppClient$ClientEndpoint: Executor updated: app-20211215085410-0008/1 is now RUNNING
[2021-12-15 08:56:55,707] {spark_submit.py:514} INFO - running...
[2021-12-15 08:56:58,346] {spark_submit.py:514} INFO - running...
[2021-12-15 08:57:00,802] {spark_submit.py:514} INFO - running...
[2021-12-15 08:57:02,689] {spark_submit.py:514} INFO - running...
[2021-12-15 08:57:04,758] {spark_submit.py:514} INFO - running...
[2021-12-15 08:57:07,827] {spark_submit.py:514} INFO - running...
[2021-12-15 08:57:11,133] {spark_submit.py:514} INFO - running...
[2021-12-15 08:57:13,311] {spark_submit.py:514} INFO - 21/12/15 08:57:13 INFO CoarseGrainedSchedulerBackend$DriverEndpoint: Registered executor NettyRpcEndpointRef(spark-client://Executor) (172.19.0.6:50768) with ID 1,  ResourceProfileId 0
[2021-12-15 08:57:13,325] {spark_submit.py:514} INFO - 21/12/15 08:57:13 INFO CoarseGrainedSchedulerBackend$DriverEndpoint: Registered executor NettyRpcEndpointRef(spark-client://Executor) (172.19.0.5:44834) with ID 0,  ResourceProfileId 0
[2021-12-15 08:57:13,755] {spark_submit.py:514} INFO - running...
[2021-12-15 08:57:14,046] {spark_submit.py:514} INFO - 21/12/15 08:57:14 INFO BlockManagerMasterEndpoint: Registering block manager 172.19.0.5:35173 with 366.3 MiB RAM, BlockManagerId(0, 172.19.0.5, 35173, None)
[2021-12-15 08:57:14,066] {spark_submit.py:514} INFO - 21/12/15 08:57:14 INFO BlockManagerMasterEndpoint: Registering block manager 172.19.0.6:36641 with 366.3 MiB RAM, BlockManagerId(1, 172.19.0.6, 36641, None)
[2021-12-15 08:57:14,624] {spark_submit.py:514} INFO - running...
[2021-12-15 08:57:15,613] {spark_submit.py:514} INFO - running...
[2021-12-15 08:57:18,474] {spark_submit.py:514} INFO - running...
[2021-12-15 08:57:19,975] {spark_submit.py:514} INFO - running...
[2021-12-15 08:57:22,226] {spark_submit.py:514} INFO - running...
[2021-12-15 08:57:38,121] {spark_submit.py:514} INFO - 21/12/15 08:57:38 INFO SparkContext: Invoking stop() from shutdown hook
[2021-12-15 08:57:38,640] {spark_submit.py:514} INFO - 21/12/15 08:57:38 INFO SparkUI: Stopped Spark web UI at http://e2904d252e94:4045
[2021-12-15 08:57:38,697] {spark_submit.py:514} INFO - 21/12/15 08:57:38 INFO StandaloneSchedulerBackend: Shutting down all executors
[2021-12-15 08:57:38,704] {spark_submit.py:514} INFO - 21/12/15 08:57:38 INFO CoarseGrainedSchedulerBackend$DriverEndpoint: Asking each executor to shut down
[2021-12-15 08:57:38,943] {spark_submit.py:514} INFO - 21/12/15 08:57:38 INFO MapOutputTrackerMasterEndpoint: MapOutputTrackerMasterEndpoint stopped!
[2021-12-15 08:57:39,754] {spark_submit.py:514} INFO - 21/12/15 08:57:39 INFO MemoryStore: MemoryStore cleared
[2021-12-15 08:57:39,859] {spark_submit.py:514} INFO - 21/12/15 08:57:39 INFO BlockManager: BlockManager stopped
[2021-12-15 08:57:40,413] {spark_submit.py:514} INFO - 21/12/15 08:57:40 INFO BlockManagerMaster: BlockManagerMaster stopped
[2021-12-15 08:57:40,441] {spark_submit.py:514} INFO - 21/12/15 08:57:40 INFO OutputCommitCoordinator$OutputCommitCoordinatorEndpoint: OutputCommitCoordinator stopped!
[2021-12-15 08:57:41,347] {spark_submit.py:514} INFO - 21/12/15 08:57:41 INFO SparkContext: Successfully stopped SparkContext
[2021-12-15 08:57:41,424] {spark_submit.py:514} INFO - 21/12/15 08:57:41 INFO ShutdownHookManager: Shutdown hook called
[2021-12-15 08:57:41,640] {spark_submit.py:514} INFO - 21/12/15 08:57:41 INFO ShutdownHookManager: Deleting directory /tmp/spark-6e334674-3e7e-4c28-aeb6-fd6a6b6df342
[2021-12-15 08:57:41,815] {spark_submit.py:514} INFO - 21/12/15 08:57:41 INFO ShutdownHookManager: Deleting directory /tmp/spark-1c3b0938-8993-46f5-b79d-55409242f48b/pyspark-5d64dd84-9547-4cb6-ae90-843ac04816df
[2021-12-15 08:57:41,963] {spark_submit.py:514} INFO - 21/12/15 08:57:41 INFO ShutdownHookManager: Deleting directory /tmp/spark-1c3b0938-8993-46f5-b79d-55409242f48b
[2021-12-15 08:57:55,764] {taskinstance.py:1280} INFO - Marking task as SUCCESS. dag_id=scraping_daft_mayo, task_id=scrap_data, execution_date=20211214T040000, start_date=20211215T085137, end_date=20211215T085755
[2021-12-15 08:57:56,837] {local_task_job.py:154} INFO - Task exited with return code 0
[2021-12-15 08:57:58,951] {local_task_job.py:264} INFO - 0 downstream tasks scheduled from follow-on schedule check
