[2021-12-26 09:35:58,434] {taskinstance.py:1035} INFO - Dependencies all met for <TaskInstance: scraping_daft_galway.notify_slack scheduled__2021-12-25T09:35:00+00:00 [queued]>
[2021-12-26 09:35:58,455] {taskinstance.py:1035} INFO - Dependencies all met for <TaskInstance: scraping_daft_galway.notify_slack scheduled__2021-12-25T09:35:00+00:00 [queued]>
[2021-12-26 09:35:58,456] {taskinstance.py:1241} INFO - 
--------------------------------------------------------------------------------
[2021-12-26 09:35:58,457] {taskinstance.py:1242} INFO - Starting attempt 1 of 4
[2021-12-26 09:35:58,458] {taskinstance.py:1243} INFO - 
--------------------------------------------------------------------------------
[2021-12-26 09:35:58,475] {taskinstance.py:1262} INFO - Executing <Task(SlackWebhookOperator): notify_slack> on 2021-12-25 09:35:00+00:00
[2021-12-26 09:35:58,489] {standard_task_runner.py:76} INFO - Running: ['***', 'tasks', 'run', 'scraping_daft_galway', 'notify_slack', 'scheduled__2021-12-25T09:35:00+00:00', '--job-id', '4611', '--raw', '--subdir', 'DAGS_FOLDER/scraping_daft_galway.py', '--cfg-path', '/tmp/tmplwt3u5cx', '--error-file', '/tmp/tmpfpzb79bd']
[2021-12-26 09:35:58,484] {standard_task_runner.py:52} INFO - Started process 68218 to run task
[2021-12-26 09:35:58,497] {standard_task_runner.py:77} INFO - Job 4611: Subtask notify_slack
[2021-12-26 09:35:58,605] {logging_mixin.py:109} INFO - Running <TaskInstance: scraping_daft_galway.notify_slack scheduled__2021-12-25T09:35:00+00:00 [running]> on host dd6c6a1cba03
[2021-12-26 09:35:58,765] {taskinstance.py:1429} INFO - Exporting the following env vars:
AIRFLOW_CTX_DAG_EMAIL=clement.liscoet@gmail.com
AIRFLOW_CTX_DAG_OWNER=clemoni
AIRFLOW_CTX_DAG_ID=scraping_daft_galway
AIRFLOW_CTX_TASK_ID=notify_slack
AIRFLOW_CTX_EXECUTION_DATE=2021-12-25T09:35:00+00:00
AIRFLOW_CTX_DAG_RUN_ID=scheduled__2021-12-25T09:35:00+00:00
[2021-12-26 09:35:58,787] {base.py:79} INFO - Using connection to: id: slack_connect. Host: https://hooks.slack.com/services/, Port: None, Schema: , Login: , Password: ***, extra: {}
[2021-12-26 09:35:58,809] {base.py:79} INFO - Using connection to: id: slack_connect. Host: https://hooks.slack.com/services/, Port: None, Schema: , Login: , Password: ***, extra: {}
[2021-12-26 09:35:58,814] {http.py:140} INFO - Sending 'POST' to url: https://hooks.slack.com/services/***
[2021-12-26 09:35:59,156] {taskinstance.py:1280} INFO - Marking task as SUCCESS. dag_id=scraping_daft_galway, task_id=notify_slack, execution_date=20211225T093500, start_date=20211226T093558, end_date=20211226T093559
[2021-12-26 09:35:59,200] {local_task_job.py:154} INFO - Task exited with return code 0
[2021-12-26 09:35:59,354] {local_task_job.py:264} INFO - 1 downstream tasks scheduled from follow-on schedule check
