[2021-12-19 12:41:56,824] {taskinstance.py:1035} INFO - Dependencies all met for <TaskInstance: scraping_daft_clare.get_reporting scheduled__2021-12-18T09:15:00+00:00 [queued]>
[2021-12-19 12:41:57,251] {taskinstance.py:1035} INFO - Dependencies all met for <TaskInstance: scraping_daft_clare.get_reporting scheduled__2021-12-18T09:15:00+00:00 [queued]>
[2021-12-19 12:41:57,253] {taskinstance.py:1241} INFO - 
--------------------------------------------------------------------------------
[2021-12-19 12:41:57,258] {taskinstance.py:1242} INFO - Starting attempt 1 of 4
[2021-12-19 12:41:57,270] {taskinstance.py:1243} INFO - 
--------------------------------------------------------------------------------
[2021-12-19 12:41:57,455] {taskinstance.py:1262} INFO - Executing <Task(_PythonDecoratedOperator): get_reporting> on 2021-12-18 09:15:00+00:00
[2021-12-19 12:41:57,484] {standard_task_runner.py:52} INFO - Started process 6166 to run task
[2021-12-19 12:41:57,606] {standard_task_runner.py:76} INFO - Running: ['***', 'tasks', 'run', 'scraping_daft_clare', 'get_reporting', 'scheduled__2021-12-18T09:15:00+00:00', '--job-id', '3225', '--raw', '--subdir', 'DAGS_FOLDER/scraping_daft_clare.py', '--cfg-path', '/tmp/tmpgu4z18q5', '--error-file', '/tmp/tmptekbquhv']
[2021-12-19 12:41:57,630] {standard_task_runner.py:77} INFO - Job 3225: Subtask get_reporting
[2021-12-19 12:41:58,871] {logging_mixin.py:109} INFO - Running <TaskInstance: scraping_daft_clare.get_reporting scheduled__2021-12-18T09:15:00+00:00 [running]> on host 358a7891c658
[2021-12-19 12:42:00,987] {taskinstance.py:1429} INFO - Exporting the following env vars:
AIRFLOW_CTX_DAG_EMAIL=clement.liscoet@gmail.com
AIRFLOW_CTX_DAG_OWNER=clemoni
AIRFLOW_CTX_DAG_ID=scraping_daft_clare
AIRFLOW_CTX_TASK_ID=get_reporting
AIRFLOW_CTX_EXECUTION_DATE=2021-12-18T09:15:00+00:00
AIRFLOW_CTX_DAG_RUN_ID=scheduled__2021-12-18T09:15:00+00:00
[2021-12-19 12:42:01,998] {logging_mixin.py:109} INFO - clare
[2021-12-19 12:42:02,117] {base.py:79} INFO - Using connection to: id: postgres_db. Host: postgres, Port: 5432, Schema: scraping_daft, Login: ***, Password: ***, extra: {}
[2021-12-19 12:42:02,432] {python.py:152} INFO - Done. Returned value was: None
[2021-12-19 12:42:02,776] {taskinstance.py:1280} INFO - Marking task as SUCCESS. dag_id=scraping_daft_clare, task_id=get_reporting, execution_date=20211218T091500, start_date=20211219T124156, end_date=20211219T124202
[2021-12-19 12:42:03,587] {local_task_job.py:212} WARNING - State of this instance has been externally set to success. Terminating instance.
[2021-12-19 12:42:03,700] {process_utils.py:100} INFO - Sending Signals.SIGTERM to GPID 6166
[2021-12-19 12:42:03,718] {process_utils.py:66} INFO - Process psutil.Process(pid=6166, status='terminated', exitcode=0, started='12:41:57') (6166) terminated with exit code 0
