[2021-12-25 13:07:50,636] {taskinstance.py:1035} INFO - Dependencies all met for <TaskInstance: scraping_daft_dublin.scrap_data scheduled__2021-12-24T09:30:00+00:00 [queued]>
[2021-12-25 13:07:50,652] {taskinstance.py:1035} INFO - Dependencies all met for <TaskInstance: scraping_daft_dublin.scrap_data scheduled__2021-12-24T09:30:00+00:00 [queued]>
[2021-12-25 13:07:50,653] {taskinstance.py:1241} INFO - 
--------------------------------------------------------------------------------
[2021-12-25 13:07:50,654] {taskinstance.py:1242} INFO - Starting attempt 3 of 4
[2021-12-25 13:07:50,655] {taskinstance.py:1243} INFO - 
--------------------------------------------------------------------------------
[2021-12-25 13:07:50,672] {taskinstance.py:1262} INFO - Executing <Task(SparkSubmitOperator): scrap_data> on 2021-12-24 09:30:00+00:00
[2021-12-25 13:07:50,680] {standard_task_runner.py:76} INFO - Running: ['***', 'tasks', 'run', 'scraping_daft_dublin', 'scrap_data', 'scheduled__2021-12-24T09:30:00+00:00', '--job-id', '4563', '--raw', '--subdir', 'DAGS_FOLDER/scraping_daft_dublin.py', '--cfg-path', '/tmp/tmpfov93vrt', '--error-file', '/tmp/tmph14300r8']
[2021-12-25 13:07:50,682] {standard_task_runner.py:77} INFO - Job 4563: Subtask scrap_data
[2021-12-25 13:07:50,676] {standard_task_runner.py:52} INFO - Started process 52812 to run task
[2021-12-25 13:07:50,767] {logging_mixin.py:109} INFO - Running <TaskInstance: scraping_daft_dublin.scrap_data scheduled__2021-12-24T09:30:00+00:00 [running]> on host dd6c6a1cba03
[2021-12-25 13:07:50,895] {taskinstance.py:1429} INFO - Exporting the following env vars:
AIRFLOW_CTX_DAG_EMAIL=clement.liscoet@gmail.com
AIRFLOW_CTX_DAG_OWNER=clemoni
AIRFLOW_CTX_DAG_ID=scraping_daft_dublin
AIRFLOW_CTX_TASK_ID=scrap_data
AIRFLOW_CTX_EXECUTION_DATE=2021-12-24T09:30:00+00:00
AIRFLOW_CTX_DAG_RUN_ID=scheduled__2021-12-24T09:30:00+00:00
[2021-12-25 13:07:50,918] {base.py:79} INFO - Using connection to: id: spark_default. Host: spark://spark:7077, Port: None, Schema: , Login: ***, Password: ***, extra: {}
[2021-12-25 13:07:50,922] {spark_submit.py:360} INFO - Spark-Submit cmd: spark-submit --master spark://spark:7077 --conf spark.master=spark://spark:7077 --name scrap data --verbose /opt/***/jobs/get_ads_per_county.py dublin
[2021-12-25 13:07:52,555] {spark_submit.py:514} INFO - Using properties file: null
[2021-12-25 13:07:52,660] {spark_submit.py:514} INFO - WARNING: An illegal reflective access operation has occurred
[2021-12-25 13:07:52,661] {spark_submit.py:514} INFO - WARNING: Illegal reflective access by org.apache.spark.unsafe.Platform (file:/home/***/.local/lib/python3.6/site-packages/pyspark/jars/spark-unsafe_2.12-3.2.0.jar) to constructor java.nio.DirectByteBuffer(long,int)
[2021-12-25 13:07:52,662] {spark_submit.py:514} INFO - WARNING: Please consider reporting this to the maintainers of org.apache.spark.unsafe.Platform
[2021-12-25 13:07:52,663] {spark_submit.py:514} INFO - WARNING: Use --illegal-access=warn to enable warnings of further illegal reflective access operations
[2021-12-25 13:07:52,664] {spark_submit.py:514} INFO - WARNING: All illegal access operations will be denied in a future release
[2021-12-25 13:07:52,722] {spark_submit.py:514} INFO - Parsed arguments:
[2021-12-25 13:07:52,723] {spark_submit.py:514} INFO - master                  spark://spark:7077
[2021-12-25 13:07:52,724] {spark_submit.py:514} INFO - deployMode              null
[2021-12-25 13:07:52,725] {spark_submit.py:514} INFO - executorMemory          null
[2021-12-25 13:07:52,726] {spark_submit.py:514} INFO - executorCores           null
[2021-12-25 13:07:52,727] {spark_submit.py:514} INFO - totalExecutorCores      null
[2021-12-25 13:07:52,728] {spark_submit.py:514} INFO - propertiesFile          null
[2021-12-25 13:07:52,729] {spark_submit.py:514} INFO - driverMemory            null
[2021-12-25 13:07:52,730] {spark_submit.py:514} INFO - driverCores             null
[2021-12-25 13:07:52,731] {spark_submit.py:514} INFO - driverExtraClassPath    null
[2021-12-25 13:07:52,732] {spark_submit.py:514} INFO - driverExtraLibraryPath  null
[2021-12-25 13:07:52,734] {spark_submit.py:514} INFO - driverExtraJavaOptions  null
[2021-12-25 13:07:52,736] {spark_submit.py:514} INFO - supervise               false
[2021-12-25 13:07:52,737] {spark_submit.py:514} INFO - queue                   null
[2021-12-25 13:07:52,738] {spark_submit.py:514} INFO - numExecutors            null
[2021-12-25 13:07:52,739] {spark_submit.py:514} INFO - files                   null
[2021-12-25 13:07:52,740] {spark_submit.py:514} INFO - pyFiles                 null
[2021-12-25 13:07:52,742] {spark_submit.py:514} INFO - archives                null
[2021-12-25 13:07:52,742] {spark_submit.py:514} INFO - mainClass               null
[2021-12-25 13:07:52,743] {spark_submit.py:514} INFO - primaryResource         file:/opt/***/jobs/get_ads_per_county.py
[2021-12-25 13:07:52,744] {spark_submit.py:514} INFO - name                    scrap data
[2021-12-25 13:07:52,745] {spark_submit.py:514} INFO - childArgs               [dublin]
[2021-12-25 13:07:52,746] {spark_submit.py:514} INFO - jars                    null
[2021-12-25 13:07:52,748] {spark_submit.py:514} INFO - packages                null
[2021-12-25 13:07:52,749] {spark_submit.py:514} INFO - packagesExclusions      null
[2021-12-25 13:07:52,750] {spark_submit.py:514} INFO - repositories            null
[2021-12-25 13:07:52,751] {spark_submit.py:514} INFO - verbose                 true
[2021-12-25 13:07:52,752] {spark_submit.py:514} INFO - 
[2021-12-25 13:07:52,753] {spark_submit.py:514} INFO - Spark properties used, including those specified through
[2021-12-25 13:07:52,754] {spark_submit.py:514} INFO - --conf and those from the properties file null:
[2021-12-25 13:07:52,755] {spark_submit.py:514} INFO - (spark.master,spark://spark:7077)
[2021-12-25 13:07:52,756] {spark_submit.py:514} INFO - 
[2021-12-25 13:07:52,757] {spark_submit.py:514} INFO - 
[2021-12-25 13:07:53,144] {spark_submit.py:514} INFO - Main class:
[2021-12-25 13:07:53,147] {spark_submit.py:514} INFO - org.apache.spark.deploy.PythonRunner
[2021-12-25 13:07:53,149] {spark_submit.py:514} INFO - Arguments:
[2021-12-25 13:07:53,150] {spark_submit.py:514} INFO - file:/opt/***/jobs/get_ads_per_county.py
[2021-12-25 13:07:53,152] {spark_submit.py:514} INFO - null
[2021-12-25 13:07:53,153] {spark_submit.py:514} INFO - dublin
[2021-12-25 13:07:53,155] {spark_submit.py:514} INFO - --verbose
[2021-12-25 13:07:53,158] {spark_submit.py:514} INFO - Spark config:
[2021-12-25 13:07:53,159] {spark_submit.py:514} INFO - (spark.app.name,scrap data)
[2021-12-25 13:07:53,160] {spark_submit.py:514} INFO - (spark.master,spark://spark:7077)
[2021-12-25 13:07:53,161] {spark_submit.py:514} INFO - (spark.submit.pyFiles,)
[2021-12-25 13:07:53,162] {spark_submit.py:514} INFO - (spark.submit.deployMode,client)
[2021-12-25 13:07:53,163] {spark_submit.py:514} INFO - Classpath elements:
[2021-12-25 13:07:53,164] {spark_submit.py:514} INFO - 
[2021-12-25 13:07:53,166] {spark_submit.py:514} INFO - 
[2021-12-25 13:07:53,170] {spark_submit.py:514} INFO - 
[2021-12-25 13:07:54,264] {spark_submit.py:514} INFO - Using Spark's default log4j profile: org/apache/spark/log4j-defaults.properties
[2021-12-25 13:07:54,278] {spark_submit.py:514} INFO - 21/12/25 13:07:54 INFO SparkContext: Running Spark version 3.2.0
[2021-12-25 13:07:54,379] {spark_submit.py:514} INFO - 21/12/25 13:07:54 WARN NativeCodeLoader: Unable to load native-hadoop library for your platform... using builtin-java classes where applicable
[2021-12-25 13:07:54,584] {spark_submit.py:514} INFO - 21/12/25 13:07:54 INFO ResourceUtils: ==============================================================
[2021-12-25 13:07:54,585] {spark_submit.py:514} INFO - 21/12/25 13:07:54 INFO ResourceUtils: No custom resources configured for spark.driver.
[2021-12-25 13:07:54,586] {spark_submit.py:514} INFO - 21/12/25 13:07:54 INFO ResourceUtils: ==============================================================
[2021-12-25 13:07:54,587] {spark_submit.py:514} INFO - 21/12/25 13:07:54 INFO SparkContext: Submitted application: Get Ads per county
[2021-12-25 13:07:54,632] {spark_submit.py:514} INFO - 21/12/25 13:07:54 INFO ResourceProfile: Default ResourceProfile created, executor resources: Map(cores -> name: cores, amount: 1, script: , vendor: , memory -> name: memory, amount: 1024, script: , vendor: , offHeap -> name: offHeap, amount: 0, script: , vendor: ), task resources: Map(cpus -> name: cpus, amount: 1.0)
[2021-12-25 13:07:54,650] {spark_submit.py:514} INFO - 21/12/25 13:07:54 INFO ResourceProfile: Limiting resource is cpu
[2021-12-25 13:07:54,650] {spark_submit.py:514} INFO - 21/12/25 13:07:54 INFO ResourceProfileManager: Added ResourceProfile id: 0
[2021-12-25 13:07:54,723] {spark_submit.py:514} INFO - 21/12/25 13:07:54 INFO SecurityManager: Changing view acls to: ***
[2021-12-25 13:07:54,724] {spark_submit.py:514} INFO - 21/12/25 13:07:54 INFO SecurityManager: Changing modify acls to: ***
[2021-12-25 13:07:54,725] {spark_submit.py:514} INFO - 21/12/25 13:07:54 INFO SecurityManager: Changing view acls groups to:
[2021-12-25 13:07:54,726] {spark_submit.py:514} INFO - 21/12/25 13:07:54 INFO SecurityManager: Changing modify acls groups to:
[2021-12-25 13:07:54,726] {spark_submit.py:514} INFO - 21/12/25 13:07:54 INFO SecurityManager: SecurityManager: authentication disabled; ui acls disabled; users  with view permissions: Set(***); groups with view permissions: Set(); users  with modify permissions: Set(***); groups with modify permissions: Set()
[2021-12-25 13:07:55,075] {spark_submit.py:514} INFO - 21/12/25 13:07:55 INFO Utils: Successfully started service 'sparkDriver' on port 34339.
[2021-12-25 13:07:55,119] {spark_submit.py:514} INFO - 21/12/25 13:07:55 INFO SparkEnv: Registering MapOutputTracker
[2021-12-25 13:07:55,177] {spark_submit.py:514} INFO - 21/12/25 13:07:55 INFO SparkEnv: Registering BlockManagerMaster
[2021-12-25 13:07:55,211] {spark_submit.py:514} INFO - 21/12/25 13:07:55 INFO BlockManagerMasterEndpoint: Using org.apache.spark.storage.DefaultTopologyMapper for getting topology information
[2021-12-25 13:07:55,213] {spark_submit.py:514} INFO - 21/12/25 13:07:55 INFO BlockManagerMasterEndpoint: BlockManagerMasterEndpoint up
[2021-12-25 13:07:55,223] {spark_submit.py:514} INFO - 21/12/25 13:07:55 INFO SparkEnv: Registering BlockManagerMasterHeartbeat
[2021-12-25 13:07:55,262] {spark_submit.py:514} INFO - 21/12/25 13:07:55 INFO DiskBlockManager: Created local directory at /tmp/blockmgr-e00baf36-2b76-431b-ad58-552ca10e70f3
[2021-12-25 13:07:55,295] {spark_submit.py:514} INFO - 21/12/25 13:07:55 INFO MemoryStore: MemoryStore started with capacity 434.4 MiB
[2021-12-25 13:07:55,319] {spark_submit.py:514} INFO - 21/12/25 13:07:55 INFO SparkEnv: Registering OutputCommitCoordinator
[2021-12-25 13:07:55,574] {spark_submit.py:514} INFO - 21/12/25 13:07:55 INFO Utils: Successfully started service 'SparkUI' on port 4040.
[2021-12-25 13:07:55,667] {spark_submit.py:514} INFO - 21/12/25 13:07:55 INFO SparkUI: Bound SparkUI to 0.0.0.0, and started at http://dd6c6a1cba03:4040
[2021-12-25 13:07:55,964] {spark_submit.py:514} INFO - 21/12/25 13:07:55 INFO StandaloneAppClient$ClientEndpoint: Connecting to master spark://spark:7077...
[2021-12-25 13:07:56,055] {spark_submit.py:514} INFO - 21/12/25 13:07:56 INFO TransportClientFactory: Successfully created connection to spark/172.21.0.4:7077 after 45 ms (0 ms spent in bootstraps)
[2021-12-25 13:07:56,180] {spark_submit.py:514} INFO - 21/12/25 13:07:56 INFO StandaloneSchedulerBackend: Connected to Spark cluster with app ID app-20211225130756-0173
[2021-12-25 13:07:56,182] {spark_submit.py:514} INFO - 21/12/25 13:07:56 INFO StandaloneAppClient$ClientEndpoint: Executor added: app-20211225130756-0173/0 on worker-20211224102243-172.21.0.5-40097 (172.21.0.5:40097) with 6 core(s)
[2021-12-25 13:07:56,186] {spark_submit.py:514} INFO - 21/12/25 13:07:56 INFO StandaloneSchedulerBackend: Granted executor ID app-20211225130756-0173/0 on hostPort 172.21.0.5:40097 with 6 core(s), 1024.0 MiB RAM
[2021-12-25 13:07:56,187] {spark_submit.py:514} INFO - 21/12/25 13:07:56 INFO StandaloneAppClient$ClientEndpoint: Executor added: app-20211225130756-0173/1 on worker-20211224102243-172.21.0.6-46073 (172.21.0.6:46073) with 6 core(s)
[2021-12-25 13:07:56,190] {spark_submit.py:514} INFO - 21/12/25 13:07:56 INFO StandaloneSchedulerBackend: Granted executor ID app-20211225130756-0173/1 on hostPort 172.21.0.6:46073 with 6 core(s), 1024.0 MiB RAM
[2021-12-25 13:07:56,197] {spark_submit.py:514} INFO - 21/12/25 13:07:56 INFO Utils: Successfully started service 'org.apache.spark.network.netty.NettyBlockTransferService' on port 41039.
[2021-12-25 13:07:56,199] {spark_submit.py:514} INFO - 21/12/25 13:07:56 INFO NettyBlockTransferService: Server created on dd6c6a1cba03:41039
[2021-12-25 13:07:56,203] {spark_submit.py:514} INFO - 21/12/25 13:07:56 INFO BlockManager: Using org.apache.spark.storage.RandomBlockReplicationPolicy for block replication policy
[2021-12-25 13:07:56,222] {spark_submit.py:514} INFO - 21/12/25 13:07:56 INFO BlockManagerMaster: Registering BlockManager BlockManagerId(driver, dd6c6a1cba03, 41039, None)
[2021-12-25 13:07:56,231] {spark_submit.py:514} INFO - 21/12/25 13:07:56 INFO BlockManagerMasterEndpoint: Registering block manager dd6c6a1cba03:41039 with 434.4 MiB RAM, BlockManagerId(driver, dd6c6a1cba03, 41039, None)
[2021-12-25 13:07:56,241] {spark_submit.py:514} INFO - 21/12/25 13:07:56 INFO BlockManagerMaster: Registered BlockManager BlockManagerId(driver, dd6c6a1cba03, 41039, None)
[2021-12-25 13:07:56,245] {spark_submit.py:514} INFO - 21/12/25 13:07:56 INFO BlockManager: Initialized BlockManager: BlockManagerId(driver, dd6c6a1cba03, 41039, None)
[2021-12-25 13:07:56,324] {spark_submit.py:514} INFO - 21/12/25 13:07:56 INFO StandaloneAppClient$ClientEndpoint: Executor updated: app-20211225130756-0173/0 is now RUNNING
[2021-12-25 13:07:56,356] {spark_submit.py:514} INFO - 21/12/25 13:07:56 INFO StandaloneAppClient$ClientEndpoint: Executor updated: app-20211225130756-0173/1 is now RUNNING
[2021-12-25 13:07:56,547] {spark_submit.py:514} INFO - 21/12/25 13:07:56 INFO StandaloneSchedulerBackend: SchedulerBackend is ready for scheduling beginning after reached minRegisteredResourcesRatio: 0.0
[2021-12-25 13:07:56,610] {spark_submit.py:514} INFO - /home/***/.local/lib/python3.6/site-packages/pyspark/python/lib/pyspark.zip/pyspark/context.py:238: FutureWarning: Python 3.6 support is deprecated in Spark 3.2.
[2021-12-25 13:07:56,611] {spark_submit.py:514} INFO - FutureWarning
[2021-12-25 13:07:57,080] {spark_submit.py:514} INFO - 21/12/25 13:07:57 INFO SharedState: Setting hive.metastore.warehouse.dir ('null') to the value of spark.sql.warehouse.dir.
[2021-12-25 13:07:57,123] {spark_submit.py:514} INFO - 21/12/25 13:07:57 INFO SharedState: Warehouse path is 'file:/opt/***/spark-warehouse'.
[2021-12-25 13:08:00,487] {spark_submit.py:514} INFO - 21/12/25 13:08:00 INFO CoarseGrainedSchedulerBackend$DriverEndpoint: Registered executor NettyRpcEndpointRef(spark-client://Executor) (172.21.0.5:42506) with ID 0,  ResourceProfileId 0
[2021-12-25 13:08:00,495] {spark_submit.py:514} INFO - 21/12/25 13:08:00 INFO CoarseGrainedSchedulerBackend$DriverEndpoint: Registered executor NettyRpcEndpointRef(spark-client://Executor) (172.21.0.6:57064) with ID 1,  ResourceProfileId 0
[2021-12-25 13:08:00,794] {spark_submit.py:514} INFO - 21/12/25 13:08:00 INFO BlockManagerMasterEndpoint: Registering block manager 172.21.0.6:45159 with 366.3 MiB RAM, BlockManagerId(1, 172.21.0.6, 45159, None)
[2021-12-25 13:08:00,815] {spark_submit.py:514} INFO - 21/12/25 13:08:00 INFO BlockManagerMasterEndpoint: Registering block manager 172.21.0.5:43201 with 366.3 MiB RAM, BlockManagerId(0, 172.21.0.5, 43201, None)
[2021-12-25 13:08:01,024] {spark_submit.py:514} INFO - running...
[2021-12-25 13:08:02,581] {spark_submit.py:514} INFO - running...
[2021-12-25 13:08:04,226] {spark_submit.py:514} INFO - running...
[2021-12-25 13:08:07,155] {spark_submit.py:514} INFO - running...
[2021-12-25 13:08:11,999] {spark_submit.py:514} INFO - running...
[2021-12-25 13:08:13,352] {spark_submit.py:514} INFO - running...
[2021-12-25 13:08:14,769] {spark_submit.py:514} INFO - running...
[2021-12-25 13:08:16,496] {spark_submit.py:514} INFO - running...
[2021-12-25 13:08:18,222] {spark_submit.py:514} INFO - running...
[2021-12-25 13:08:19,730] {spark_submit.py:514} INFO - running...
[2021-12-25 13:08:20,157] {spark_submit.py:514} INFO - running...
[2021-12-25 13:08:21,159] {spark_submit.py:514} INFO - running...
[2021-12-25 13:08:22,153] {spark_submit.py:514} INFO - running...
[2021-12-25 13:08:23,635] {spark_submit.py:514} INFO - running...
[2021-12-25 13:08:24,995] {spark_submit.py:514} INFO - running...
[2021-12-25 13:08:25,920] {spark_submit.py:514} INFO - running...
[2021-12-25 13:08:26,343] {spark_submit.py:514} INFO - running...
[2021-12-25 13:08:26,755] {spark_submit.py:514} INFO - running...
[2021-12-25 13:08:27,764] {spark_submit.py:514} INFO - running...
[2021-12-25 13:08:29,639] {spark_submit.py:514} INFO - running...
[2021-12-25 13:08:31,276] {spark_submit.py:514} INFO - running...
[2021-12-25 13:08:31,951] {spark_submit.py:514} INFO - running...
[2021-12-25 13:08:33,247] {spark_submit.py:514} INFO - running...
[2021-12-25 13:08:33,963] {spark_submit.py:514} INFO - running...
[2021-12-25 13:08:33,964] {spark_submit.py:514} INFO - running...
[2021-12-25 13:08:34,413] {spark_submit.py:514} INFO - running...
[2021-12-25 13:08:35,831] {spark_submit.py:514} INFO - running...
[2021-12-25 13:08:37,015] {spark_submit.py:514} INFO - running...
[2021-12-25 13:08:37,486] {spark_submit.py:514} INFO - running...
[2021-12-25 13:08:38,232] {spark_submit.py:514} INFO - running...
[2021-12-25 13:08:39,337] {spark_submit.py:514} INFO - running...
[2021-12-25 13:08:40,366] {spark_submit.py:514} INFO - running...
[2021-12-25 13:08:41,054] {spark_submit.py:514} INFO - running...
[2021-12-25 13:08:41,588] {spark_submit.py:514} INFO - running...
[2021-12-25 13:08:42,163] {spark_submit.py:514} INFO - running...
[2021-12-25 13:08:43,040] {spark_submit.py:514} INFO - running...
[2021-12-25 13:08:43,995] {spark_submit.py:514} INFO - running...
[2021-12-25 13:08:45,160] {spark_submit.py:514} INFO - running...
[2021-12-25 13:08:46,474] {spark_submit.py:514} INFO - running...
[2021-12-25 13:08:47,517] {spark_submit.py:514} INFO - running...
[2021-12-25 13:08:50,009] {spark_submit.py:514} INFO - running...
[2021-12-25 13:08:50,754] {spark_submit.py:514} INFO - running...
[2021-12-25 13:08:51,498] {spark_submit.py:514} INFO - running...
[2021-12-25 13:08:52,000] {spark_submit.py:514} INFO - running...
[2021-12-25 13:08:52,706] {spark_submit.py:514} INFO - running...
[2021-12-25 13:08:53,384] {spark_submit.py:514} INFO - running...
[2021-12-25 13:08:54,029] {spark_submit.py:514} INFO - running...
[2021-12-25 13:08:55,182] {spark_submit.py:514} INFO - running...
[2021-12-25 13:08:55,619] {spark_submit.py:514} INFO - running...
[2021-12-25 13:08:56,058] {spark_submit.py:514} INFO - running...
[2021-12-25 13:08:57,614] {spark_submit.py:514} INFO - running...
[2021-12-25 13:08:58,076] {spark_submit.py:514} INFO - running...
[2021-12-25 13:08:58,682] {spark_submit.py:514} INFO - running...
[2021-12-25 13:09:00,484] {spark_submit.py:514} INFO - running...
[2021-12-25 13:09:01,143] {spark_submit.py:514} INFO - running...
[2021-12-25 13:09:01,799] {spark_submit.py:514} INFO - running...
[2021-12-25 13:09:02,506] {spark_submit.py:514} INFO - running...
[2021-12-25 13:09:04,268] {spark_submit.py:514} INFO - running...
[2021-12-25 13:09:05,603] {spark_submit.py:514} INFO - running...
[2021-12-25 13:09:06,963] {spark_submit.py:514} INFO - running...
[2021-12-25 13:09:08,342] {spark_submit.py:514} INFO - running...
[2021-12-25 13:09:09,967] {spark_submit.py:514} INFO - running...
[2021-12-25 13:09:10,488] {spark_submit.py:514} INFO - running...
[2021-12-25 13:09:11,403] {spark_submit.py:514} INFO - running...
[2021-12-25 13:09:12,831] {spark_submit.py:514} INFO - running...
[2021-12-25 13:09:14,375] {spark_submit.py:514} INFO - running...
[2021-12-25 13:09:16,261] {spark_submit.py:514} INFO - running...
[2021-12-25 13:09:16,882] {spark_submit.py:514} INFO - running...
[2021-12-25 13:09:17,410] {spark_submit.py:514} INFO - running...
[2021-12-25 13:09:17,842] {spark_submit.py:514} INFO - running...
[2021-12-25 13:09:18,326] {spark_submit.py:514} INFO - running...
[2021-12-25 13:09:19,010] {spark_submit.py:514} INFO - running...
[2021-12-25 13:09:19,621] {spark_submit.py:514} INFO - running...
[2021-12-25 13:09:20,071] {spark_submit.py:514} INFO - running...
[2021-12-25 13:09:20,431] {spark_submit.py:514} INFO - running...
[2021-12-25 13:09:21,057] {spark_submit.py:514} INFO - running...
[2021-12-25 13:09:21,530] {spark_submit.py:514} INFO - running...
[2021-12-25 13:09:21,943] {spark_submit.py:514} INFO - running...
[2021-12-25 13:09:22,333] {spark_submit.py:514} INFO - running...
[2021-12-25 13:09:22,747] {spark_submit.py:514} INFO - running...
[2021-12-25 13:09:23,978] {spark_submit.py:514} INFO - running...
[2021-12-25 13:09:24,444] {spark_submit.py:514} INFO - running...
[2021-12-25 13:09:24,982] {spark_submit.py:514} INFO - running...
[2021-12-25 13:09:25,417] {spark_submit.py:514} INFO - running...
[2021-12-25 13:09:26,082] {spark_submit.py:514} INFO - running...
[2021-12-25 13:09:26,568] {spark_submit.py:514} INFO - running...
[2021-12-25 13:09:27,082] {spark_submit.py:514} INFO - running...
[2021-12-25 13:09:27,518] {spark_submit.py:514} INFO - running...
[2021-12-25 13:09:28,263] {spark_submit.py:514} INFO - running...
[2021-12-25 13:09:28,871] {spark_submit.py:514} INFO - running...
[2021-12-25 13:09:29,323] {spark_submit.py:514} INFO - running...
[2021-12-25 13:09:29,787] {spark_submit.py:514} INFO - running...
[2021-12-25 13:09:30,366] {spark_submit.py:514} INFO - running...
[2021-12-25 13:09:30,893] {spark_submit.py:514} INFO - running...
[2021-12-25 13:09:31,413] {spark_submit.py:514} INFO - running...
[2021-12-25 13:09:31,893] {spark_submit.py:514} INFO - running...
[2021-12-25 13:09:32,342] {spark_submit.py:514} INFO - running...
[2021-12-25 13:09:32,890] {spark_submit.py:514} INFO - running...
[2021-12-25 13:09:33,427] {spark_submit.py:514} INFO - running...
[2021-12-25 13:09:33,920] {spark_submit.py:514} INFO - running...
[2021-12-25 13:09:35,168] {spark_submit.py:514} INFO - running...
[2021-12-25 13:09:35,753] {spark_submit.py:514} INFO - running...
[2021-12-25 13:09:36,193] {spark_submit.py:514} INFO - running...
[2021-12-25 13:09:36,719] {spark_submit.py:514} INFO - running...
[2021-12-25 13:09:37,230] {spark_submit.py:514} INFO - running...
[2021-12-25 13:09:38,006] {spark_submit.py:514} INFO - running...
[2021-12-25 13:09:38,660] {spark_submit.py:514} INFO - running...
[2021-12-25 13:09:39,243] {spark_submit.py:514} INFO - running...
[2021-12-25 13:09:39,705] {spark_submit.py:514} INFO - running...
[2021-12-25 13:09:40,205] {spark_submit.py:514} INFO - running...
[2021-12-25 13:09:40,716] {spark_submit.py:514} INFO - running...
[2021-12-25 13:09:41,221] {spark_submit.py:514} INFO - running...
[2021-12-25 13:09:41,641] {spark_submit.py:514} INFO - running...
[2021-12-25 13:09:41,997] {spark_submit.py:514} INFO - running...
[2021-12-25 13:09:42,517] {spark_submit.py:514} INFO - running...
[2021-12-25 13:09:43,040] {spark_submit.py:514} INFO - running...
[2021-12-25 13:09:43,650] {spark_submit.py:514} INFO - running...
[2021-12-25 13:09:44,044] {spark_submit.py:514} INFO - running...
[2021-12-25 13:09:44,513] {spark_submit.py:514} INFO - running...
[2021-12-25 13:09:44,958] {spark_submit.py:514} INFO - running...
[2021-12-25 13:09:46,149] {spark_submit.py:514} INFO - running...
[2021-12-25 13:09:46,615] {spark_submit.py:514} INFO - running...
[2021-12-25 13:09:47,620] {spark_submit.py:514} INFO - running...
[2021-12-25 13:09:48,175] {spark_submit.py:514} INFO - running...
[2021-12-25 13:09:48,658] {spark_submit.py:514} INFO - running...
[2021-12-25 13:09:49,116] {spark_submit.py:514} INFO - running...
[2021-12-25 13:09:49,736] {spark_submit.py:514} INFO - running...
[2021-12-25 13:09:50,669] {spark_submit.py:514} INFO - running...
[2021-12-25 13:09:51,551] {spark_submit.py:514} INFO - running...
[2021-12-25 13:09:52,515] {spark_submit.py:514} INFO - running...
[2021-12-25 13:09:53,453] {spark_submit.py:514} INFO - running...
[2021-12-25 13:09:54,244] {spark_submit.py:514} INFO - running...
[2021-12-25 13:09:54,853] {spark_submit.py:514} INFO - running...
[2021-12-25 13:09:55,433] {spark_submit.py:514} INFO - running...
[2021-12-25 13:09:56,271] {spark_submit.py:514} INFO - running...
[2021-12-25 13:09:56,783] {spark_submit.py:514} INFO - running...
[2021-12-25 13:09:57,641] {spark_submit.py:514} INFO - running...
[2021-12-25 13:09:58,412] {spark_submit.py:514} INFO - running...
[2021-12-25 13:09:59,522] {spark_submit.py:514} INFO - running...
[2021-12-25 13:10:00,277] {spark_submit.py:514} INFO - running...
[2021-12-25 13:10:02,277] {spark_submit.py:514} INFO - running...
[2021-12-25 13:10:03,322] {spark_submit.py:514} INFO - running...
[2021-12-25 13:10:04,145] {spark_submit.py:514} INFO - running...
[2021-12-25 13:10:04,833] {spark_submit.py:514} INFO - running...
[2021-12-25 13:10:05,875] {spark_submit.py:514} INFO - running...
[2021-12-25 13:10:06,622] {spark_submit.py:514} INFO - running...
[2021-12-25 13:10:07,519] {spark_submit.py:514} INFO - running...
[2021-12-25 13:10:07,990] {spark_submit.py:514} INFO - running...
[2021-12-25 13:10:08,873] {spark_submit.py:514} INFO - running...
[2021-12-25 13:10:09,631] {spark_submit.py:514} INFO - running...
[2021-12-25 13:10:10,709] {spark_submit.py:514} INFO - running...
[2021-12-25 13:10:11,706] {spark_submit.py:514} INFO - running...
[2021-12-25 13:10:12,386] {spark_submit.py:514} INFO - running...
[2021-12-25 13:10:12,934] {spark_submit.py:514} INFO - running...
[2021-12-25 13:10:13,851] {spark_submit.py:514} INFO - running...
[2021-12-25 13:10:14,574] {spark_submit.py:514} INFO - running...
[2021-12-25 13:10:15,478] {spark_submit.py:514} INFO - running...
[2021-12-25 13:10:15,996] {spark_submit.py:514} INFO - running...
[2021-12-25 13:10:16,919] {spark_submit.py:514} INFO - running...
[2021-12-25 13:10:17,759] {spark_submit.py:514} INFO - running...
[2021-12-25 13:10:18,897] {spark_submit.py:514} INFO - running...
[2021-12-25 13:10:19,559] {spark_submit.py:514} INFO - running...
[2021-12-25 13:10:20,052] {spark_submit.py:514} INFO - running...
[2021-12-25 13:10:20,511] {spark_submit.py:514} INFO - running...
[2021-12-25 13:10:20,878] {spark_submit.py:514} INFO - running...
[2021-12-25 13:10:21,309] {spark_submit.py:514} INFO - running...
[2021-12-25 13:10:21,976] {spark_submit.py:514} INFO - running...
[2021-12-25 13:10:22,624] {spark_submit.py:514} INFO - running...
[2021-12-25 13:10:23,017] {spark_submit.py:514} INFO - running...
[2021-12-25 13:10:23,499] {spark_submit.py:514} INFO - running...
[2021-12-25 13:10:23,988] {spark_submit.py:514} INFO - running...
[2021-12-25 13:10:24,602] {spark_submit.py:514} INFO - running...
[2021-12-25 13:10:24,969] {spark_submit.py:514} INFO - running...
[2021-12-25 13:10:25,540] {spark_submit.py:514} INFO - running...
[2021-12-25 13:10:25,995] {spark_submit.py:514} INFO - running...
[2021-12-25 13:10:26,426] {spark_submit.py:514} INFO - running...
[2021-12-25 13:10:26,887] {spark_submit.py:514} INFO - running...
[2021-12-25 13:10:27,415] {spark_submit.py:514} INFO - running...
[2021-12-25 13:10:27,896] {spark_submit.py:514} INFO - running...
[2021-12-25 13:10:28,480] {spark_submit.py:514} INFO - running...
[2021-12-25 13:10:29,945] {spark_submit.py:514} INFO - running...
[2021-12-25 13:10:30,388] {spark_submit.py:514} INFO - running...
[2021-12-25 13:10:30,856] {spark_submit.py:514} INFO - running...
[2021-12-25 13:10:31,456] {spark_submit.py:514} INFO - running...
[2021-12-25 13:10:32,244] {spark_submit.py:514} INFO - running...
[2021-12-25 13:10:32,809] {spark_submit.py:514} INFO - running...
[2021-12-25 13:10:33,416] {spark_submit.py:514} INFO - running...
[2021-12-25 13:10:33,827] {spark_submit.py:514} INFO - running...
[2021-12-25 13:10:34,330] {spark_submit.py:514} INFO - running...
[2021-12-25 13:10:34,872] {spark_submit.py:514} INFO - running...
[2021-12-25 13:10:35,289] {spark_submit.py:514} INFO - running...
[2021-12-25 13:10:36,056] {spark_submit.py:514} INFO - running...
[2021-12-25 13:10:36,527] {spark_submit.py:514} INFO - running...
[2021-12-25 13:10:36,956] {spark_submit.py:514} INFO - running...
[2021-12-25 13:10:37,690] {spark_submit.py:514} INFO - running...
[2021-12-25 13:10:38,294] {spark_submit.py:514} INFO - running...
[2021-12-25 13:10:38,740] {spark_submit.py:514} INFO - running...
[2021-12-25 13:10:39,398] {spark_submit.py:514} INFO - running...
[2021-12-25 13:10:39,758] {spark_submit.py:514} INFO - running...
[2021-12-25 13:10:40,458] {spark_submit.py:514} INFO - running...
[2021-12-25 13:10:41,808] {spark_submit.py:514} INFO - running...
[2021-12-25 13:10:42,277] {spark_submit.py:514} INFO - running...
[2021-12-25 13:10:42,936] {spark_submit.py:514} INFO - running...
[2021-12-25 13:10:43,661] {spark_submit.py:514} INFO - running...
[2021-12-25 13:10:44,419] {spark_submit.py:514} INFO - running...
[2021-12-25 13:10:45,229] {spark_submit.py:514} INFO - running...
[2021-12-25 13:10:45,645] {spark_submit.py:514} INFO - running...
[2021-12-25 13:10:46,062] {spark_submit.py:514} INFO - running...
[2021-12-25 13:10:46,495] {spark_submit.py:514} INFO - running...
[2021-12-25 13:10:47,005] {spark_submit.py:514} INFO - running...
[2021-12-25 13:10:47,490] {spark_submit.py:514} INFO - running...
[2021-12-25 13:10:48,013] {spark_submit.py:514} INFO - running...
[2021-12-25 13:10:48,575] {spark_submit.py:514} INFO - running...
[2021-12-25 13:10:49,075] {spark_submit.py:514} INFO - running...
[2021-12-25 13:10:49,724] {spark_submit.py:514} INFO - running...
[2021-12-25 13:10:50,376] {spark_submit.py:514} INFO - running...
[2021-12-25 13:10:50,874] {spark_submit.py:514} INFO - running...
[2021-12-25 13:10:51,366] {spark_submit.py:514} INFO - running...
[2021-12-25 13:10:51,877] {spark_submit.py:514} INFO - running...
[2021-12-25 13:10:52,511] {spark_submit.py:514} INFO - running...
[2021-12-25 13:10:53,886] {spark_submit.py:514} INFO - running...
[2021-12-25 13:10:54,396] {spark_submit.py:514} INFO - running...
[2021-12-25 13:10:54,987] {spark_submit.py:514} INFO - running...
[2021-12-25 13:10:55,473] {spark_submit.py:514} INFO - running...
[2021-12-25 13:10:56,259] {spark_submit.py:514} INFO - running...
[2021-12-25 13:10:56,772] {spark_submit.py:514} INFO - running...
[2021-12-25 13:10:57,305] {spark_submit.py:514} INFO - running...
[2021-12-25 13:10:58,113] {spark_submit.py:514} INFO - running...
[2021-12-25 13:10:58,656] {spark_submit.py:514} INFO - running...
[2021-12-25 13:10:59,232] {spark_submit.py:514} INFO - running...
[2021-12-25 13:10:59,859] {spark_submit.py:514} INFO - running...
[2021-12-25 13:11:00,406] {spark_submit.py:514} INFO - running...
[2021-12-25 13:11:01,002] {spark_submit.py:514} INFO - running...
[2021-12-25 13:11:01,533] {spark_submit.py:514} INFO - running...
[2021-12-25 13:11:01,971] {spark_submit.py:514} INFO - running...
[2021-12-25 13:11:02,875] {spark_submit.py:514} INFO - running...
[2021-12-25 13:11:03,408] {spark_submit.py:514} INFO - running...
[2021-12-25 13:11:03,958] {spark_submit.py:514} INFO - running...
[2021-12-25 13:11:04,530] {spark_submit.py:514} INFO - running...
[2021-12-25 13:11:05,041] {spark_submit.py:514} INFO - running...
[2021-12-25 13:11:06,476] {spark_submit.py:514} INFO - running...
[2021-12-25 13:11:07,166] {spark_submit.py:514} INFO - running...
[2021-12-25 13:11:07,744] {spark_submit.py:514} INFO - running...
[2021-12-25 13:11:08,213] {spark_submit.py:514} INFO - running...
[2021-12-25 13:11:08,668] {spark_submit.py:514} INFO - running...
[2021-12-25 13:11:09,164] {spark_submit.py:514} INFO - running...
[2021-12-25 13:11:09,625] {spark_submit.py:514} INFO - running...
[2021-12-25 13:11:10,042] {spark_submit.py:514} INFO - running...
[2021-12-25 13:11:10,580] {spark_submit.py:514} INFO - running...
[2021-12-25 13:11:11,207] {spark_submit.py:514} INFO - running...
[2021-12-25 13:11:11,912] {spark_submit.py:514} INFO - running...
[2021-12-25 13:11:12,421] {spark_submit.py:514} INFO - running...
[2021-12-25 13:11:12,863] {spark_submit.py:514} INFO - running...
[2021-12-25 13:11:14,293] {spark_submit.py:514} INFO - running...
[2021-12-25 13:11:15,736] {spark_submit.py:514} INFO - running...
[2021-12-25 13:11:17,025] {spark_submit.py:514} INFO - running...
[2021-12-25 13:11:18,281] {spark_submit.py:514} INFO - running...
[2021-12-25 13:11:18,708] {spark_submit.py:514} INFO - running...
[2021-12-25 13:11:19,881] {spark_submit.py:514} INFO - running...
[2021-12-25 13:11:21,057] {spark_submit.py:514} INFO - running...
[2021-12-25 13:11:23,018] {spark_submit.py:514} INFO - running...
[2021-12-25 13:11:24,244] {spark_submit.py:514} INFO - running...
[2021-12-25 13:11:24,822] {spark_submit.py:514} INFO - running...
[2021-12-25 13:11:25,429] {spark_submit.py:514} INFO - running...
[2021-12-25 13:11:26,423] {spark_submit.py:514} INFO - running...
[2021-12-25 13:11:27,409] {spark_submit.py:514} INFO - running...
[2021-12-25 13:11:28,037] {spark_submit.py:514} INFO - running...
[2021-12-25 13:11:28,822] {spark_submit.py:514} INFO - running...
[2021-12-25 13:11:29,588] {spark_submit.py:514} INFO - running...
[2021-12-25 13:11:30,219] {spark_submit.py:514} INFO - running...
[2021-12-25 13:11:30,680] {spark_submit.py:514} INFO - running...
[2021-12-25 13:11:31,541] {spark_submit.py:514} INFO - running...
[2021-12-25 13:11:32,408] {spark_submit.py:514} INFO - running...
[2021-12-25 13:11:33,233] {spark_submit.py:514} INFO - running...
[2021-12-25 13:11:34,197] {spark_submit.py:514} INFO - running...
[2021-12-25 13:11:34,750] {spark_submit.py:514} INFO - running...
[2021-12-25 13:11:35,426] {spark_submit.py:514} INFO - running...
[2021-12-25 13:11:35,982] {spark_submit.py:514} INFO - running...
[2021-12-25 13:11:36,859] {spark_submit.py:514} INFO - running...
[2021-12-25 13:11:38,021] {spark_submit.py:514} INFO - running...
[2021-12-25 13:11:39,773] {spark_submit.py:514} INFO - running...
[2021-12-25 13:11:40,126] {spark_submit.py:514} INFO - running...
[2021-12-25 13:11:40,705] {spark_submit.py:514} INFO - running...
[2021-12-25 13:11:41,209] {spark_submit.py:514} INFO - running...
[2021-12-25 13:11:42,011] {spark_submit.py:514} INFO - running...
[2021-12-25 13:11:42,546] {spark_submit.py:514} INFO - running...
[2021-12-25 13:11:42,965] {spark_submit.py:514} INFO - running...
[2021-12-25 13:11:43,581] {spark_submit.py:514} INFO - running...
[2021-12-25 13:11:44,137] {spark_submit.py:514} INFO - running...
[2021-12-25 13:11:44,637] {spark_submit.py:514} INFO - running...
[2021-12-25 13:11:45,271] {spark_submit.py:514} INFO - running...
[2021-12-25 13:11:46,055] {spark_submit.py:514} INFO - running...
[2021-12-25 13:11:46,620] {spark_submit.py:514} INFO - running...
[2021-12-25 13:11:47,069] {spark_submit.py:514} INFO - running...
[2021-12-25 13:11:47,447] {spark_submit.py:514} INFO - running...
[2021-12-25 13:11:48,220] {spark_submit.py:514} INFO - running...
[2021-12-25 13:11:48,991] {spark_submit.py:514} INFO - running...
[2021-12-25 13:11:49,606] {spark_submit.py:514} INFO - running...
[2021-12-25 13:11:50,467] {spark_submit.py:514} INFO - running...
[2021-12-25 13:11:51,258] {spark_submit.py:514} INFO - running...
[2021-12-25 13:11:52,917] {spark_submit.py:514} INFO - running...
[2021-12-25 13:11:53,353] {spark_submit.py:514} INFO - running...
[2021-12-25 13:11:53,926] {spark_submit.py:514} INFO - running...
[2021-12-25 13:11:54,468] {spark_submit.py:514} INFO - running...
[2021-12-25 13:11:55,293] {spark_submit.py:514} INFO - running...
[2021-12-25 13:11:56,015] {spark_submit.py:514} INFO - running...
[2021-12-25 13:11:56,562] {spark_submit.py:514} INFO - running...
[2021-12-25 13:11:57,169] {spark_submit.py:514} INFO - running...
[2021-12-25 13:11:57,596] {spark_submit.py:514} INFO - running...
[2021-12-25 13:11:58,259] {spark_submit.py:514} INFO - running...
[2021-12-25 13:11:58,714] {spark_submit.py:514} INFO - running...
[2021-12-25 13:11:59,318] {spark_submit.py:514} INFO - running...
[2021-12-25 13:11:59,972] {spark_submit.py:514} INFO - running...
[2021-12-25 13:12:00,564] {spark_submit.py:514} INFO - running...
[2021-12-25 13:12:01,123] {spark_submit.py:514} INFO - running...
[2021-12-25 13:12:01,842] {spark_submit.py:514} INFO - running...
[2021-12-25 13:12:02,782] {spark_submit.py:514} INFO - running...
[2021-12-25 13:12:03,322] {spark_submit.py:514} INFO - running...
[2021-12-25 13:12:03,831] {spark_submit.py:514} INFO - running...
[2021-12-25 13:12:04,382] {spark_submit.py:514} INFO - running...
[2021-12-25 13:12:05,645] {spark_submit.py:514} INFO - running...
[2021-12-25 13:12:06,359] {spark_submit.py:514} INFO - running...
[2021-12-25 13:12:07,179] {spark_submit.py:514} INFO - running...
[2021-12-25 13:12:07,838] {spark_submit.py:514} INFO - running...
[2021-12-25 13:12:08,239] {spark_submit.py:514} INFO - running...
[2021-12-25 13:12:08,941] {spark_submit.py:514} INFO - running...
[2021-12-25 13:12:09,521] {spark_submit.py:514} INFO - running...
[2021-12-25 13:12:09,961] {spark_submit.py:514} INFO - running...
[2021-12-25 13:12:10,502] {spark_submit.py:514} INFO - running...
[2021-12-25 13:12:11,170] {spark_submit.py:514} INFO - running...
[2021-12-25 13:12:11,594] {spark_submit.py:514} INFO - running...
[2021-12-25 13:12:12,201] {spark_submit.py:514} INFO - running...
[2021-12-25 13:12:12,762] {spark_submit.py:514} INFO - running...
[2021-12-25 13:12:13,429] {spark_submit.py:514} INFO - running...
[2021-12-25 13:12:13,895] {spark_submit.py:514} INFO - running...
[2021-12-25 13:12:14,601] {spark_submit.py:514} INFO - running...
[2021-12-25 13:12:15,235] {spark_submit.py:514} INFO - running...
[2021-12-25 13:12:15,943] {spark_submit.py:514} INFO - running...
[2021-12-25 13:12:16,522] {spark_submit.py:514} INFO - running...
[2021-12-25 13:12:16,898] {spark_submit.py:514} INFO - running...
[2021-12-25 13:12:18,242] {spark_submit.py:514} INFO - running...
[2021-12-25 13:12:18,776] {spark_submit.py:514} INFO - running...
[2021-12-25 13:12:19,415] {spark_submit.py:514} INFO - running...
[2021-12-25 13:12:20,034] {spark_submit.py:514} INFO - running...
[2021-12-25 13:12:20,564] {spark_submit.py:514} INFO - running...
[2021-12-25 13:12:21,405] {spark_submit.py:514} INFO - running...
[2021-12-25 13:12:21,895] {spark_submit.py:514} INFO - running...
[2021-12-25 13:12:22,538] {spark_submit.py:514} INFO - running...
[2021-12-25 13:12:23,113] {spark_submit.py:514} INFO - running...
[2021-12-25 13:12:23,580] {spark_submit.py:514} INFO - running...
[2021-12-25 13:12:24,005] {spark_submit.py:514} INFO - running...
[2021-12-25 13:12:24,516] {spark_submit.py:514} INFO - running...
[2021-12-25 13:12:24,967] {spark_submit.py:514} INFO - running...
[2021-12-25 13:12:25,742] {spark_submit.py:514} INFO - running...
[2021-12-25 13:12:26,423] {spark_submit.py:514} INFO - running...
[2021-12-25 13:12:27,118] {spark_submit.py:514} INFO - running...
[2021-12-25 13:12:27,601] {spark_submit.py:514} INFO - running...
[2021-12-25 13:12:28,117] {spark_submit.py:514} INFO - running...
[2021-12-25 13:12:28,871] {spark_submit.py:514} INFO - running...
[2021-12-25 13:12:29,346] {spark_submit.py:514} INFO - running...
[2021-12-25 13:12:30,779] {spark_submit.py:514} INFO - running...
[2021-12-25 13:12:31,557] {spark_submit.py:514} INFO - running...
[2021-12-25 13:12:32,062] {spark_submit.py:514} INFO - running...
[2021-12-25 13:12:32,740] {spark_submit.py:514} INFO - running...
[2021-12-25 13:12:33,205] {spark_submit.py:514} INFO - running...
[2021-12-25 13:12:33,877] {spark_submit.py:514} INFO - running...
[2021-12-25 13:12:34,385] {spark_submit.py:514} INFO - running...
[2021-12-25 13:12:35,312] {spark_submit.py:514} INFO - running...
[2021-12-25 13:12:36,020] {spark_submit.py:514} INFO - running...
[2021-12-25 13:12:36,847] {spark_submit.py:514} INFO - running...
[2021-12-25 13:12:37,741] {spark_submit.py:514} INFO - running...
[2021-12-25 13:12:38,197] {spark_submit.py:514} INFO - running...
[2021-12-25 13:12:39,054] {spark_submit.py:514} INFO - running...
[2021-12-25 13:12:39,819] {spark_submit.py:514} INFO - running...
[2021-12-25 13:12:40,529] {spark_submit.py:514} INFO - running...
[2021-12-25 13:12:41,280] {spark_submit.py:514} INFO - running...
[2021-12-25 13:12:42,202] {spark_submit.py:514} INFO - running...
[2021-12-25 13:12:42,848] {spark_submit.py:514} INFO - running...
[2021-12-25 13:12:43,352] {spark_submit.py:514} INFO - running...
[2021-12-25 13:12:44,292] {spark_submit.py:514} INFO - running...
[2021-12-25 13:12:45,599] {spark_submit.py:514} INFO - running...
[2021-12-25 13:12:46,325] {spark_submit.py:514} INFO - running...
[2021-12-25 13:12:46,740] {spark_submit.py:514} INFO - running...
[2021-12-25 13:12:47,397] {spark_submit.py:514} INFO - running...
[2021-12-25 13:12:47,938] {spark_submit.py:514} INFO - running...
[2021-12-25 13:12:48,672] {spark_submit.py:514} INFO - running...
[2021-12-25 13:12:49,236] {spark_submit.py:514} INFO - running...
[2021-12-25 13:12:49,708] {spark_submit.py:514} INFO - running...
[2021-12-25 13:12:50,128] {spark_submit.py:514} INFO - running...
[2021-12-25 13:12:50,764] {spark_submit.py:514} INFO - running...
[2021-12-25 13:12:51,216] {spark_submit.py:514} INFO - running...
[2021-12-25 13:12:51,665] {spark_submit.py:514} INFO - running...
[2021-12-25 13:12:52,096] {spark_submit.py:514} INFO - running...
[2021-12-25 13:12:52,696] {spark_submit.py:514} INFO - running...
[2021-12-25 13:12:53,118] {spark_submit.py:514} INFO - running...
[2021-12-25 13:12:53,586] {spark_submit.py:514} INFO - running...
[2021-12-25 13:12:54,045] {spark_submit.py:514} INFO - running...
[2021-12-25 13:12:54,468] {spark_submit.py:514} INFO - running...
[2021-12-25 13:12:54,980] {spark_submit.py:514} INFO - running...
[2021-12-25 13:12:55,719] {spark_submit.py:514} INFO - running...
[2021-12-25 13:12:57,337] {spark_submit.py:514} INFO - running...
[2021-12-25 13:12:57,944] {spark_submit.py:514} INFO - running...
[2021-12-25 13:12:58,393] {spark_submit.py:514} INFO - running...
[2021-12-25 13:12:58,839] {spark_submit.py:514} INFO - running...
[2021-12-25 13:12:59,601] {spark_submit.py:514} INFO - running...
[2021-12-25 13:13:00,226] {spark_submit.py:514} INFO - running...
[2021-12-25 13:13:00,895] {spark_submit.py:514} INFO - running...
[2021-12-25 13:13:02,506] {spark_submit.py:514} INFO - running...
[2021-12-25 13:13:04,156] {spark_submit.py:514} INFO - running...
[2021-12-25 13:13:05,201] {spark_submit.py:514} INFO - running...
[2021-12-25 13:13:05,944] {spark_submit.py:514} INFO - running...
[2021-12-25 13:13:07,144] {spark_submit.py:514} INFO - running...
[2021-12-25 13:13:08,180] {spark_submit.py:514} INFO - running...
[2021-12-25 13:13:09,248] {spark_submit.py:514} INFO - running...
[2021-12-25 13:13:10,088] {spark_submit.py:514} INFO - running...
[2021-12-25 13:13:10,495] {spark_submit.py:514} INFO - running...
[2021-12-25 13:13:11,065] {spark_submit.py:514} INFO - running...
[2021-12-25 13:13:11,786] {spark_submit.py:514} INFO - running...
[2021-12-25 13:13:12,252] {spark_submit.py:514} INFO - running...
[2021-12-25 13:13:12,921] {spark_submit.py:514} INFO - running...
[2021-12-25 13:13:14,321] {spark_submit.py:514} INFO - running...
[2021-12-25 13:13:14,893] {spark_submit.py:514} INFO - running...
[2021-12-25 13:13:15,384] {spark_submit.py:514} INFO - running...
[2021-12-25 13:13:16,162] {spark_submit.py:514} INFO - running...
[2021-12-25 13:13:16,828] {spark_submit.py:514} INFO - running...
[2021-12-25 13:13:17,385] {spark_submit.py:514} INFO - running...
[2021-12-25 13:13:18,104] {spark_submit.py:514} INFO - running...
[2021-12-25 13:13:18,807] {spark_submit.py:514} INFO - running...
[2021-12-25 13:13:19,438] {spark_submit.py:514} INFO - running...
[2021-12-25 13:13:20,116] {spark_submit.py:514} INFO - running...
[2021-12-25 13:13:20,752] {spark_submit.py:514} INFO - running...
[2021-12-25 13:13:21,469] {spark_submit.py:514} INFO - running...
[2021-12-25 13:13:22,119] {spark_submit.py:514} INFO - running...
[2021-12-25 13:13:22,704] {spark_submit.py:514} INFO - running...
[2021-12-25 13:13:23,213] {spark_submit.py:514} INFO - running...
[2021-12-25 13:13:23,805] {spark_submit.py:514} INFO - running...
[2021-12-25 13:13:24,262] {spark_submit.py:514} INFO - running...
[2021-12-25 13:13:25,093] {spark_submit.py:514} INFO - running...
[2021-12-25 13:13:25,590] {spark_submit.py:514} INFO - running...
[2021-12-25 13:13:26,354] {spark_submit.py:514} INFO - running...
[2021-12-25 13:13:27,957] {spark_submit.py:514} INFO - running...
[2021-12-25 13:13:28,665] {spark_submit.py:514} INFO - running...
[2021-12-25 13:13:29,227] {spark_submit.py:514} INFO - running...
[2021-12-25 13:13:29,832] {spark_submit.py:514} INFO - running...
[2021-12-25 13:13:30,623] {spark_submit.py:514} INFO - running...
[2021-12-25 13:13:31,479] {spark_submit.py:514} INFO - running...
[2021-12-25 13:13:32,171] {spark_submit.py:514} INFO - running...
[2021-12-25 13:13:33,300] {spark_submit.py:514} INFO - running...
[2021-12-25 13:13:33,765] {spark_submit.py:514} INFO - running...
[2021-12-25 13:13:34,557] {spark_submit.py:514} INFO - running...
[2021-12-25 13:13:35,356] {spark_submit.py:514} INFO - running...
[2021-12-25 13:13:36,046] {spark_submit.py:514} INFO - running...
[2021-12-25 13:13:36,568] {spark_submit.py:514} INFO - running...
[2021-12-25 13:13:37,129] {spark_submit.py:514} INFO - running...
[2021-12-25 13:13:37,823] {spark_submit.py:514} INFO - running...
[2021-12-25 13:13:38,410] {spark_submit.py:514} INFO - running...
[2021-12-25 13:13:39,103] {spark_submit.py:514} INFO - running...
[2021-12-25 13:13:39,971] {spark_submit.py:514} INFO - running...
[2021-12-25 13:13:40,854] {spark_submit.py:514} INFO - running...
[2021-12-25 13:13:41,794] {spark_submit.py:514} INFO - running...
[2021-12-25 13:13:43,796] {spark_submit.py:514} INFO - running...
[2021-12-25 13:13:44,644] {spark_submit.py:514} INFO - running...
[2021-12-25 13:13:45,150] {spark_submit.py:514} INFO - running...
[2021-12-25 13:13:45,831] {spark_submit.py:514} INFO - running...
[2021-12-25 13:13:46,526] {spark_submit.py:514} INFO - running...
[2021-12-25 13:13:47,315] {spark_submit.py:514} INFO - running...
[2021-12-25 13:13:47,977] {spark_submit.py:514} INFO - running...
[2021-12-25 13:13:48,402] {spark_submit.py:514} INFO - running...
[2021-12-25 13:13:48,874] {spark_submit.py:514} INFO - running...
[2021-12-25 13:13:49,456] {spark_submit.py:514} INFO - running...
[2021-12-25 13:13:50,271] {spark_submit.py:514} INFO - running...
[2021-12-25 13:13:50,883] {spark_submit.py:514} INFO - running...
[2021-12-25 13:13:51,587] {spark_submit.py:514} INFO - running...
[2021-12-25 13:13:52,035] {spark_submit.py:514} INFO - running...
[2021-12-25 13:13:52,655] {spark_submit.py:514} INFO - running...
[2021-12-25 13:13:53,518] {spark_submit.py:514} INFO - running...
[2021-12-25 13:13:54,266] {spark_submit.py:514} INFO - running...
[2021-12-25 13:13:55,314] {spark_submit.py:514} INFO - running...
[2021-12-25 13:13:56,307] {spark_submit.py:514} INFO - running...
[2021-12-25 13:13:57,197] {spark_submit.py:514} INFO - running...
[2021-12-25 13:13:59,147] {spark_submit.py:514} INFO - running...
[2021-12-25 13:13:59,921] {spark_submit.py:514} INFO - running...
[2021-12-25 13:14:00,460] {spark_submit.py:514} INFO - running...
[2021-12-25 13:14:01,119] {spark_submit.py:514} INFO - running...
[2021-12-25 13:14:01,734] {spark_submit.py:514} INFO - running...
[2021-12-25 13:14:02,502] {spark_submit.py:514} INFO - running...
[2021-12-25 13:14:03,482] {spark_submit.py:514} INFO - running...
[2021-12-25 13:14:03,971] {spark_submit.py:514} INFO - running...
[2021-12-25 13:14:04,572] {spark_submit.py:514} INFO - running...
[2021-12-25 13:14:05,051] {spark_submit.py:514} INFO - running...
[2021-12-25 13:14:05,514] {spark_submit.py:514} INFO - running...
[2021-12-25 13:14:06,278] {spark_submit.py:514} INFO - running...
[2021-12-25 13:14:06,926] {spark_submit.py:514} INFO - running...
[2021-12-25 13:14:07,811] {spark_submit.py:514} INFO - running...
[2021-12-25 13:14:08,373] {spark_submit.py:514} INFO - running...
[2021-12-25 13:14:08,862] {spark_submit.py:514} INFO - running...
[2021-12-25 13:14:09,671] {spark_submit.py:514} INFO - running...
[2021-12-25 13:14:10,359] {spark_submit.py:514} INFO - running...
[2021-12-25 13:14:11,066] {spark_submit.py:514} INFO - running...
[2021-12-25 13:14:11,618] {spark_submit.py:514} INFO - running...
[2021-12-25 13:14:13,028] {spark_submit.py:514} INFO - running...
[2021-12-25 13:14:13,669] {spark_submit.py:514} INFO - running...
[2021-12-25 13:14:14,358] {spark_submit.py:514} INFO - running...
[2021-12-25 13:14:15,041] {spark_submit.py:514} INFO - running...
[2021-12-25 13:14:15,592] {spark_submit.py:514} INFO - running...
[2021-12-25 13:14:16,264] {spark_submit.py:514} INFO - running...
[2021-12-25 13:14:16,982] {spark_submit.py:514} INFO - running...
[2021-12-25 13:14:17,574] {spark_submit.py:514} INFO - running...
[2021-12-25 13:14:18,379] {spark_submit.py:514} INFO - running...
[2021-12-25 13:14:19,106] {spark_submit.py:514} INFO - running...
[2021-12-25 13:14:19,706] {spark_submit.py:514} INFO - running...
[2021-12-25 13:14:20,332] {spark_submit.py:514} INFO - running...
[2021-12-25 13:14:21,003] {spark_submit.py:514} INFO - running...
[2021-12-25 13:14:21,856] {spark_submit.py:514} INFO - running...
[2021-12-25 13:14:22,800] {spark_submit.py:514} INFO - running...
[2021-12-25 13:14:23,695] {spark_submit.py:514} INFO - running...
[2021-12-25 13:14:24,506] {spark_submit.py:514} INFO - running...
[2021-12-25 13:14:25,356] {spark_submit.py:514} INFO - running...
[2021-12-25 13:14:26,183] {spark_submit.py:514} INFO - running...
[2021-12-25 13:14:26,834] {spark_submit.py:514} INFO - running...
[2021-12-25 13:14:29,097] {spark_submit.py:514} INFO - running...
[2021-12-25 13:14:30,136] {spark_submit.py:514} INFO - running...
[2021-12-25 13:14:30,664] {spark_submit.py:514} INFO - running...
[2021-12-25 13:14:31,353] {spark_submit.py:514} INFO - running...
[2021-12-25 13:14:31,974] {spark_submit.py:514} INFO - running...
[2021-12-25 13:14:32,440] {spark_submit.py:514} INFO - running...
[2021-12-25 13:14:33,506] {spark_submit.py:514} INFO - running...
[2021-12-25 13:14:33,987] {spark_submit.py:514} INFO - running...
[2021-12-25 13:14:34,900] {spark_submit.py:514} INFO - running...
[2021-12-25 13:14:35,567] {spark_submit.py:514} INFO - running...
[2021-12-25 13:14:36,260] {spark_submit.py:514} INFO - running...
[2021-12-25 13:14:36,918] {spark_submit.py:514} INFO - running...
[2021-12-25 13:14:37,824] {spark_submit.py:514} INFO - running...
[2021-12-25 13:14:38,522] {spark_submit.py:514} INFO - running...
[2021-12-25 13:14:39,553] {spark_submit.py:514} INFO - running...
[2021-12-25 13:14:40,414] {spark_submit.py:514} INFO - running...
[2021-12-25 13:14:41,564] {spark_submit.py:514} INFO - running...
[2021-12-25 13:14:42,412] {spark_submit.py:514} INFO - running...
[2021-12-25 13:14:43,138] {spark_submit.py:514} INFO - running...
[2021-12-25 13:14:43,896] {spark_submit.py:514} INFO - running...
[2021-12-25 13:14:45,242] {spark_submit.py:514} INFO - running...
[2021-12-25 13:14:45,963] {spark_submit.py:514} INFO - running...
[2021-12-25 13:14:46,658] {spark_submit.py:514} INFO - running...
[2021-12-25 13:14:47,167] {spark_submit.py:514} INFO - running...
[2021-12-25 13:14:47,922] {spark_submit.py:514} INFO - running...
[2021-12-25 13:14:48,816] {spark_submit.py:514} INFO - running...
[2021-12-25 13:14:49,893] {spark_submit.py:514} INFO - running...
[2021-12-25 13:14:50,841] {spark_submit.py:514} INFO - running...
[2021-12-25 13:14:51,606] {spark_submit.py:514} INFO - running...
[2021-12-25 13:14:52,138] {spark_submit.py:514} INFO - running...
[2021-12-25 13:14:52,827] {spark_submit.py:514} INFO - running...
[2021-12-25 13:14:53,422] {spark_submit.py:514} INFO - running...
[2021-12-25 13:14:54,226] {spark_submit.py:514} INFO - running...
[2021-12-25 13:14:54,843] {spark_submit.py:514} INFO - running...
[2021-12-25 13:14:55,774] {spark_submit.py:514} INFO - running...
[2021-12-25 13:14:56,453] {spark_submit.py:514} INFO - running...
[2021-12-25 13:14:57,086] {spark_submit.py:514} INFO - running...
[2021-12-25 13:14:57,772] {spark_submit.py:514} INFO - running...
[2021-12-25 13:14:58,260] {spark_submit.py:514} INFO - running...
[2021-12-25 13:14:58,881] {spark_submit.py:514} INFO - running...
[2021-12-25 13:15:00,527] {spark_submit.py:514} INFO - running...
[2021-12-25 13:15:01,052] {spark_submit.py:514} INFO - running...
[2021-12-25 13:15:01,788] {spark_submit.py:514} INFO - running...
[2021-12-25 13:15:02,494] {spark_submit.py:514} INFO - running...
[2021-12-25 13:15:03,310] {spark_submit.py:514} INFO - running...
[2021-12-25 13:15:04,433] {spark_submit.py:514} INFO - running...
[2021-12-25 13:15:04,870] {spark_submit.py:514} INFO - running...
[2021-12-25 13:15:05,526] {spark_submit.py:514} INFO - running...
[2021-12-25 13:15:06,224] {spark_submit.py:514} INFO - running...
[2021-12-25 13:15:06,866] {spark_submit.py:514} INFO - running...
[2021-12-25 13:15:07,928] {spark_submit.py:514} INFO - running...
[2021-12-25 13:15:08,657] {spark_submit.py:514} INFO - running...
[2021-12-25 13:15:09,384] {spark_submit.py:514} INFO - running...
[2021-12-25 13:15:09,924] {spark_submit.py:514} INFO - running...
[2021-12-25 13:15:10,637] {spark_submit.py:514} INFO - running...
[2021-12-25 13:15:11,469] {spark_submit.py:514} INFO - running...
[2021-12-25 13:15:12,194] {spark_submit.py:514} INFO - running...
[2021-12-25 13:15:13,097] {spark_submit.py:514} INFO - running...
[2021-12-25 13:15:13,704] {spark_submit.py:514} INFO - running...
[2021-12-25 13:15:14,423] {spark_submit.py:514} INFO - running...
[2021-12-25 13:15:16,041] {spark_submit.py:514} INFO - running...
[2021-12-25 13:15:16,638] {spark_submit.py:514} INFO - running...
[2021-12-25 13:15:17,081] {spark_submit.py:514} INFO - running...
[2021-12-25 13:15:17,989] {spark_submit.py:514} INFO - running...
[2021-12-25 13:15:18,734] {spark_submit.py:514} INFO - running...
[2021-12-25 13:15:19,431] {spark_submit.py:514} INFO - running...
[2021-12-25 13:15:20,155] {spark_submit.py:514} INFO - running...
[2021-12-25 13:15:20,854] {spark_submit.py:514} INFO - running...
[2021-12-25 13:15:21,476] {spark_submit.py:514} INFO - running...
[2021-12-25 13:15:21,989] {spark_submit.py:514} INFO - running...
[2021-12-25 13:15:22,667] {spark_submit.py:514} INFO - running...
[2021-12-25 13:15:23,168] {spark_submit.py:514} INFO - running...
[2021-12-25 13:15:23,850] {spark_submit.py:514} INFO - running...
[2021-12-25 13:15:24,430] {spark_submit.py:514} INFO - running...
[2021-12-25 13:15:25,059] {spark_submit.py:514} INFO - running...
[2021-12-25 13:15:25,798] {spark_submit.py:514} INFO - running...
[2021-12-25 13:15:26,313] {spark_submit.py:514} INFO - running...
[2021-12-25 13:15:27,092] {spark_submit.py:514} INFO - running...
[2021-12-25 13:15:27,567] {spark_submit.py:514} INFO - running...
[2021-12-25 13:15:28,134] {spark_submit.py:514} INFO - running...
[2021-12-25 13:15:29,479] {spark_submit.py:514} INFO - running...
[2021-12-25 13:15:30,072] {spark_submit.py:514} INFO - running...
[2021-12-25 13:15:30,558] {spark_submit.py:514} INFO - running...
[2021-12-25 13:15:31,004] {spark_submit.py:514} INFO - running...
[2021-12-25 13:15:31,765] {spark_submit.py:514} INFO - running...
[2021-12-25 13:15:32,467] {spark_submit.py:514} INFO - running...
[2021-12-25 13:15:32,969] {spark_submit.py:514} INFO - running...
[2021-12-25 13:15:33,451] {spark_submit.py:514} INFO - running...
[2021-12-25 13:15:34,103] {spark_submit.py:514} INFO - running...
[2021-12-25 13:15:34,739] {spark_submit.py:514} INFO - running...
[2021-12-25 13:15:35,472] {spark_submit.py:514} INFO - running...
[2021-12-25 13:15:36,273] {spark_submit.py:514} INFO - running...
[2021-12-25 13:15:36,730] {spark_submit.py:514} INFO - running...
[2021-12-25 13:15:37,373] {spark_submit.py:514} INFO - running...
[2021-12-25 13:15:38,011] {spark_submit.py:514} INFO - running...
[2021-12-25 13:15:38,672] {spark_submit.py:514} INFO - running...
[2021-12-25 13:15:39,346] {spark_submit.py:514} INFO - running...
[2021-12-25 13:15:40,344] {spark_submit.py:514} INFO - running...
[2021-12-25 13:15:41,209] {spark_submit.py:514} INFO - running...
[2021-12-25 13:15:42,177] {spark_submit.py:514} INFO - running...
[2021-12-25 13:15:43,816] {spark_submit.py:514} INFO - running...
[2021-12-25 13:15:44,334] {spark_submit.py:514} INFO - running...
[2021-12-25 13:15:44,913] {spark_submit.py:514} INFO - running...
[2021-12-25 13:15:45,649] {spark_submit.py:514} INFO - running...
[2021-12-25 13:15:46,431] {spark_submit.py:514} INFO - running...
[2021-12-25 13:15:47,192] {spark_submit.py:514} INFO - running...
[2021-12-25 13:15:48,032] {spark_submit.py:514} INFO - running...
[2021-12-25 13:15:48,704] {spark_submit.py:514} INFO - running...
[2021-12-25 13:15:49,350] {spark_submit.py:514} INFO - running...
[2021-12-25 13:15:49,827] {spark_submit.py:514} INFO - running...
[2021-12-25 13:15:50,232] {spark_submit.py:514} INFO - running...
[2021-12-25 13:15:50,884] {spark_submit.py:514} INFO - running...
[2021-12-25 13:15:51,351] {spark_submit.py:514} INFO - running...
[2021-12-25 13:15:52,021] {spark_submit.py:514} INFO - running...
[2021-12-25 13:15:52,702] {spark_submit.py:514} INFO - running...
[2021-12-25 13:15:53,404] {spark_submit.py:514} INFO - running...
[2021-12-25 13:15:53,848] {spark_submit.py:514} INFO - running...
[2021-12-25 13:15:54,407] {spark_submit.py:514} INFO - running...
[2021-12-25 13:15:55,027] {spark_submit.py:514} INFO - running...
[2021-12-25 13:15:55,630] {spark_submit.py:514} INFO - running...
[2021-12-25 13:15:57,459] {spark_submit.py:514} INFO - running...
[2021-12-25 13:15:58,254] {spark_submit.py:514} INFO - running...
[2021-12-25 13:15:59,139] {spark_submit.py:514} INFO - running...
[2021-12-25 13:15:59,723] {spark_submit.py:514} INFO - running...
[2021-12-25 13:16:00,497] {spark_submit.py:514} INFO - running...
[2021-12-25 13:16:01,537] {spark_submit.py:514} INFO - running...
[2021-12-25 13:16:02,357] {spark_submit.py:514} INFO - running...
[2021-12-25 13:16:02,885] {spark_submit.py:514} INFO - running...
[2021-12-25 13:16:03,593] {spark_submit.py:514} INFO - running...
[2021-12-25 13:16:04,134] {spark_submit.py:514} INFO - running...
[2021-12-25 13:16:04,744] {spark_submit.py:514} INFO - running...
[2021-12-25 13:16:06,248] {spark_submit.py:514} INFO - running...
[2021-12-25 13:16:07,895] {spark_submit.py:514} INFO - running...
[2021-12-25 13:16:09,253] {spark_submit.py:514} INFO - running...
[2021-12-25 13:16:09,890] {spark_submit.py:514} INFO - running...
[2021-12-25 13:16:10,417] {spark_submit.py:514} INFO - running...
[2021-12-25 13:16:11,025] {spark_submit.py:514} INFO - running...
[2021-12-25 13:16:11,765] {spark_submit.py:514} INFO - running...
[2021-12-25 13:16:12,471] {spark_submit.py:514} INFO - running...
[2021-12-25 13:16:13,082] {spark_submit.py:514} INFO - running...
[2021-12-25 13:16:14,771] {spark_submit.py:514} INFO - running...
[2021-12-25 13:16:15,204] {spark_submit.py:514} INFO - running...
[2021-12-25 13:16:15,698] {spark_submit.py:514} INFO - running...
[2021-12-25 13:16:16,210] {spark_submit.py:514} INFO - running...
[2021-12-25 13:16:16,638] {spark_submit.py:514} INFO - running...
[2021-12-25 13:16:17,098] {spark_submit.py:514} INFO - running...
[2021-12-25 13:16:17,472] {spark_submit.py:514} INFO - running...
[2021-12-25 13:16:18,005] {spark_submit.py:514} INFO - running...
[2021-12-25 13:16:18,786] {spark_submit.py:514} INFO - running...
[2021-12-25 13:16:19,355] {spark_submit.py:514} INFO - running...
[2021-12-25 13:16:19,800] {spark_submit.py:514} INFO - running...
[2021-12-25 13:16:20,401] {spark_submit.py:514} INFO - running...
[2021-12-25 13:16:20,974] {spark_submit.py:514} INFO - running...
[2021-12-25 13:16:21,714] {spark_submit.py:514} INFO - running...
[2021-12-25 13:16:22,154] {spark_submit.py:514} INFO - running...
[2021-12-25 13:16:22,607] {spark_submit.py:514} INFO - running...
[2021-12-25 13:16:23,029] {spark_submit.py:514} INFO - running...
[2021-12-25 13:16:23,567] {spark_submit.py:514} INFO - running...
[2021-12-25 13:16:24,144] {spark_submit.py:514} INFO - running...
[2021-12-25 13:16:24,662] {spark_submit.py:514} INFO - running...
[2021-12-25 13:16:26,325] {spark_submit.py:514} INFO - running...
[2021-12-25 13:16:26,811] {spark_submit.py:514} INFO - running...
[2021-12-25 13:16:27,463] {spark_submit.py:514} INFO - running...
[2021-12-25 13:16:28,172] {spark_submit.py:514} INFO - running...
[2021-12-25 13:16:28,735] {spark_submit.py:514} INFO - running...
[2021-12-25 13:16:29,384] {spark_submit.py:514} INFO - running...
[2021-12-25 13:16:31,042] {spark_submit.py:514} INFO - running...
[2021-12-25 13:16:31,721] {spark_submit.py:514} INFO - running...
[2021-12-25 13:16:32,455] {spark_submit.py:514} INFO - running...
[2021-12-25 13:16:33,075] {spark_submit.py:514} INFO - running...
[2021-12-25 13:16:33,535] {spark_submit.py:514} INFO - running...
[2021-12-25 13:16:34,188] {spark_submit.py:514} INFO - running...
[2021-12-25 13:16:35,036] {spark_submit.py:514} INFO - running...
[2021-12-25 13:16:35,830] {spark_submit.py:514} INFO - running...
[2021-12-25 13:16:36,632] {spark_submit.py:514} INFO - running...
[2021-12-25 13:16:37,175] {spark_submit.py:514} INFO - running...
[2021-12-25 13:16:37,761] {spark_submit.py:514} INFO - running...
[2021-12-25 13:16:38,423] {spark_submit.py:514} INFO - running...
[2021-12-25 13:16:39,162] {spark_submit.py:514} INFO - running...
[2021-12-25 13:16:39,588] {spark_submit.py:514} INFO - running...
[2021-12-25 13:16:41,528] {spark_submit.py:514} INFO - running...
[2021-12-25 13:16:42,017] {spark_submit.py:514} INFO - running...
[2021-12-25 13:16:42,564] {spark_submit.py:514} INFO - running...
[2021-12-25 13:16:43,323] {spark_submit.py:514} INFO - running...
[2021-12-25 13:16:44,236] {spark_submit.py:514} INFO - running...
[2021-12-25 13:16:45,077] {spark_submit.py:514} INFO - running...
[2021-12-25 13:16:45,574] {spark_submit.py:514} INFO - running...
[2021-12-25 13:16:46,123] {spark_submit.py:514} INFO - running...
[2021-12-25 13:16:46,782] {spark_submit.py:514} INFO - running...
[2021-12-25 13:16:47,276] {spark_submit.py:514} INFO - running...
[2021-12-25 13:16:47,920] {spark_submit.py:514} INFO - running...
[2021-12-25 13:16:48,615] {spark_submit.py:514} INFO - running...
[2021-12-25 13:16:49,148] {spark_submit.py:514} INFO - running...
[2021-12-25 13:16:49,974] {spark_submit.py:514} INFO - running...
[2021-12-25 13:16:50,573] {spark_submit.py:514} INFO - running...
[2021-12-25 13:16:51,335] {spark_submit.py:514} INFO - running...
[2021-12-25 13:16:52,069] {spark_submit.py:514} INFO - running...
[2021-12-25 13:16:52,713] {spark_submit.py:514} INFO - running...
[2021-12-25 13:16:53,410] {spark_submit.py:514} INFO - running...
[2021-12-25 13:16:53,984] {spark_submit.py:514} INFO - running...
[2021-12-25 13:16:55,534] {spark_submit.py:514} INFO - running...
[2021-12-25 13:16:56,250] {spark_submit.py:514} INFO - running...
[2021-12-25 13:16:56,950] {spark_submit.py:514} INFO - running...
[2021-12-25 13:16:58,054] {spark_submit.py:514} INFO - running...
[2021-12-25 13:16:59,215] {spark_submit.py:514} INFO - running...
[2021-12-25 13:17:00,038] {spark_submit.py:514} INFO - running...
[2021-12-25 13:17:00,474] {spark_submit.py:514} INFO - running...
[2021-12-25 13:17:00,868] {spark_submit.py:514} INFO - running...
[2021-12-25 13:17:01,568] {spark_submit.py:514} INFO - running...
[2021-12-25 13:17:02,210] {spark_submit.py:514} INFO - running...
[2021-12-25 13:17:03,081] {spark_submit.py:514} INFO - running...
[2021-12-25 13:17:03,850] {spark_submit.py:514} INFO - running...
[2021-12-25 13:17:04,402] {spark_submit.py:514} INFO - running...
[2021-12-25 13:17:04,971] {spark_submit.py:514} INFO - running...
[2021-12-25 13:17:05,517] {spark_submit.py:514} INFO - running...
[2021-12-25 13:17:06,155] {spark_submit.py:514} INFO - running...
[2021-12-25 13:17:07,233] {spark_submit.py:514} INFO - running...
[2021-12-25 13:17:08,452] {spark_submit.py:514} INFO - running...
[2021-12-25 13:17:09,055] {spark_submit.py:514} INFO - running...
[2021-12-25 13:17:10,033] {spark_submit.py:514} INFO - running...
[2021-12-25 13:17:11,876] {spark_submit.py:514} INFO - running...
[2021-12-25 13:17:12,633] {spark_submit.py:514} INFO - running...
[2021-12-25 13:17:13,165] {spark_submit.py:514} INFO - running...
[2021-12-25 13:17:13,772] {spark_submit.py:514} INFO - running...
[2021-12-25 13:17:14,532] {spark_submit.py:514} INFO - running...
[2021-12-25 13:17:15,144] {spark_submit.py:514} INFO - running...
[2021-12-25 13:17:15,784] {spark_submit.py:514} INFO - running...
[2021-12-25 13:17:16,389] {spark_submit.py:514} INFO - running...
[2021-12-25 13:17:17,001] {spark_submit.py:514} INFO - running...
[2021-12-25 13:17:17,613] {spark_submit.py:514} INFO - running...
[2021-12-25 13:17:18,244] {spark_submit.py:514} INFO - running...
[2021-12-25 13:17:18,815] {spark_submit.py:514} INFO - running...
[2021-12-25 13:17:19,549] {spark_submit.py:514} INFO - running...
[2021-12-25 13:17:20,218] {spark_submit.py:514} INFO - running...
[2021-12-25 13:17:20,774] {spark_submit.py:514} INFO - running...
[2021-12-25 13:17:21,284] {spark_submit.py:514} INFO - running...
[2021-12-25 13:17:21,786] {spark_submit.py:514} INFO - running...
[2021-12-25 13:17:22,325] {spark_submit.py:514} INFO - running...
[2021-12-25 13:17:22,831] {spark_submit.py:514} INFO - running...
[2021-12-25 13:17:23,475] {spark_submit.py:514} INFO - running...
[2021-12-25 13:17:24,972] {spark_submit.py:514} INFO - running...
[2021-12-25 13:17:25,435] {spark_submit.py:514} INFO - running...
[2021-12-25 13:17:26,026] {spark_submit.py:514} INFO - running...
[2021-12-25 13:17:26,938] {spark_submit.py:514} INFO - running...
[2021-12-25 13:17:27,679] {spark_submit.py:514} INFO - running...
[2021-12-25 13:17:28,349] {spark_submit.py:514} INFO - running...
[2021-12-25 13:17:28,945] {spark_submit.py:514} INFO - running...
[2021-12-25 13:17:29,503] {spark_submit.py:514} INFO - running...
[2021-12-25 13:17:30,251] {spark_submit.py:514} INFO - running...
[2021-12-25 13:17:30,825] {spark_submit.py:514} INFO - running...
[2021-12-25 13:17:31,313] {spark_submit.py:514} INFO - running...
[2021-12-25 13:17:31,905] {spark_submit.py:514} INFO - running...
[2021-12-25 13:17:32,487] {spark_submit.py:514} INFO - running...
[2021-12-25 13:17:33,102] {spark_submit.py:514} INFO - running...
[2021-12-25 13:17:33,637] {spark_submit.py:514} INFO - running...
[2021-12-25 13:17:34,167] {spark_submit.py:514} INFO - running...
[2021-12-25 13:17:34,847] {spark_submit.py:514} INFO - running...
[2021-12-25 13:17:35,322] {spark_submit.py:514} INFO - running...
[2021-12-25 13:17:35,958] {spark_submit.py:514} INFO - running...
[2021-12-25 13:17:36,478] {spark_submit.py:514} INFO - running...
[2021-12-25 13:17:38,142] {spark_submit.py:514} INFO - running...
[2021-12-25 13:17:38,778] {spark_submit.py:514} INFO - running...
[2021-12-25 13:17:39,378] {spark_submit.py:514} INFO - running...
[2021-12-25 13:17:39,929] {spark_submit.py:514} INFO - running...
[2021-12-25 13:17:40,723] {spark_submit.py:514} INFO - running...
[2021-12-25 13:17:41,423] {spark_submit.py:514} INFO - running...
[2021-12-25 13:17:42,060] {spark_submit.py:514} INFO - running...
[2021-12-25 13:17:42,977] {spark_submit.py:514} INFO - running...
[2021-12-25 13:17:43,630] {spark_submit.py:514} INFO - running...
[2021-12-25 13:17:44,465] {spark_submit.py:514} INFO - running...
[2021-12-25 13:17:45,269] {spark_submit.py:514} INFO - running...
[2021-12-25 13:17:46,039] {spark_submit.py:514} INFO - running...
[2021-12-25 13:17:47,066] {spark_submit.py:514} INFO - running...
[2021-12-25 13:17:47,842] {spark_submit.py:514} INFO - running...
[2021-12-25 13:17:48,900] {spark_submit.py:514} INFO - running...
[2021-12-25 13:17:49,988] {spark_submit.py:514} INFO - running...
[2021-12-25 13:17:50,954] {spark_submit.py:514} INFO - running...
[2021-12-25 13:17:51,962] {spark_submit.py:514} INFO - running...
[2021-12-25 13:17:52,631] {spark_submit.py:514} INFO - running...
[2021-12-25 13:17:53,796] {spark_submit.py:514} INFO - running...
[2021-12-25 13:17:55,844] {spark_submit.py:514} INFO - running...
[2021-12-25 13:17:56,976] {spark_submit.py:514} INFO - running...
[2021-12-25 13:17:58,096] {spark_submit.py:514} INFO - running...
[2021-12-25 13:17:58,994] {spark_submit.py:514} INFO - running...
[2021-12-25 13:17:59,620] {spark_submit.py:514} INFO - running...
[2021-12-25 13:18:00,242] {spark_submit.py:514} INFO - running...
[2021-12-25 13:18:00,792] {spark_submit.py:514} INFO - running...
[2021-12-25 13:18:01,681] {spark_submit.py:514} INFO - running...
[2021-12-25 13:18:02,387] {spark_submit.py:514} INFO - running...
[2021-12-25 13:18:03,164] {spark_submit.py:514} INFO - running...
[2021-12-25 13:18:04,243] {spark_submit.py:514} INFO - running...
[2021-12-25 13:18:05,133] {spark_submit.py:514} INFO - running...
[2021-12-25 13:18:05,635] {spark_submit.py:514} INFO - running...
[2021-12-25 13:18:06,234] {spark_submit.py:514} INFO - running...
[2021-12-25 13:18:08,544] {spark_submit.py:514} INFO - running...
[2021-12-25 13:18:10,329] {spark_submit.py:514} INFO - running...
[2021-12-25 13:18:11,234] {spark_submit.py:514} INFO - running...
[2021-12-25 13:18:12,222] {spark_submit.py:514} INFO - running...
[2021-12-25 13:18:13,153] {spark_submit.py:514} INFO - running...
[2021-12-25 13:18:13,889] {spark_submit.py:514} INFO - running...
[2021-12-25 13:18:15,518] {spark_submit.py:514} INFO - running...
[2021-12-25 13:18:16,106] {spark_submit.py:514} INFO - running...
[2021-12-25 13:18:16,981] {spark_submit.py:514} INFO - running...
[2021-12-25 13:18:17,803] {spark_submit.py:514} INFO - running...
[2021-12-25 13:18:18,370] {spark_submit.py:514} INFO - running...
[2021-12-25 13:18:18,870] {spark_submit.py:514} INFO - running...
[2021-12-25 13:18:19,522] {spark_submit.py:514} INFO - running...
[2021-12-25 13:18:20,179] {spark_submit.py:514} INFO - running...
[2021-12-25 13:18:20,786] {spark_submit.py:514} INFO - running...
[2021-12-25 13:18:21,294] {spark_submit.py:514} INFO - running...
[2021-12-25 13:18:21,909] {spark_submit.py:514} INFO - running...
[2021-12-25 13:18:22,649] {spark_submit.py:514} INFO - running...
[2021-12-25 13:18:23,267] {spark_submit.py:514} INFO - running...
[2021-12-25 13:18:23,710] {spark_submit.py:514} INFO - running...
[2021-12-25 13:18:24,352] {spark_submit.py:514} INFO - running...
[2021-12-25 13:18:25,024] {spark_submit.py:514} INFO - running...
[2021-12-25 13:18:25,521] {spark_submit.py:514} INFO - running...
[2021-12-25 13:18:25,982] {spark_submit.py:514} INFO - running...
[2021-12-25 13:18:26,645] {spark_submit.py:514} INFO - running...
[2021-12-25 13:18:27,060] {spark_submit.py:514} INFO - running...
[2021-12-25 13:18:28,261] {spark_submit.py:514} INFO - running...
[2021-12-25 13:18:28,749] {spark_submit.py:514} INFO - running...
[2021-12-25 13:18:29,695] {spark_submit.py:514} INFO - running...
[2021-12-25 13:18:31,266] {spark_submit.py:514} INFO - running...
[2021-12-25 13:18:32,825] {spark_submit.py:514} INFO - running...
[2021-12-25 13:18:33,333] {spark_submit.py:514} INFO - running...
[2021-12-25 13:18:34,051] {spark_submit.py:514} INFO - running...
[2021-12-25 13:18:34,652] {spark_submit.py:514} INFO - running...
[2021-12-25 13:18:35,194] {spark_submit.py:514} INFO - running...
[2021-12-25 13:18:36,061] {spark_submit.py:514} INFO - running...
[2021-12-25 13:18:36,864] {spark_submit.py:514} INFO - running...
[2021-12-25 13:18:37,503] {spark_submit.py:514} INFO - running...
[2021-12-25 13:18:38,315] {spark_submit.py:514} INFO - running...
[2021-12-25 13:18:38,991] {spark_submit.py:514} INFO - running...
[2021-12-25 13:18:40,790] {spark_submit.py:514} INFO - 21/12/25 13:18:40 INFO SparkContext: Invoking stop() from shutdown hook
[2021-12-25 13:18:40,811] {spark_submit.py:514} INFO - 21/12/25 13:18:40 INFO SparkUI: Stopped Spark web UI at http://dd6c6a1cba03:4040
[2021-12-25 13:18:40,825] {spark_submit.py:514} INFO - 21/12/25 13:18:40 INFO StandaloneSchedulerBackend: Shutting down all executors
[2021-12-25 13:18:40,826] {spark_submit.py:514} INFO - 21/12/25 13:18:40 INFO CoarseGrainedSchedulerBackend$DriverEndpoint: Asking each executor to shut down
[2021-12-25 13:18:40,987] {spark_submit.py:514} INFO - 21/12/25 13:18:40 INFO MapOutputTrackerMasterEndpoint: MapOutputTrackerMasterEndpoint stopped!
[2021-12-25 13:18:41,018] {spark_submit.py:514} INFO - 21/12/25 13:18:41 INFO MemoryStore: MemoryStore cleared
[2021-12-25 13:18:41,020] {spark_submit.py:514} INFO - 21/12/25 13:18:41 INFO BlockManager: BlockManager stopped
[2021-12-25 13:18:41,032] {spark_submit.py:514} INFO - 21/12/25 13:18:41 INFO BlockManagerMaster: BlockManagerMaster stopped
[2021-12-25 13:18:41,037] {spark_submit.py:514} INFO - 21/12/25 13:18:41 INFO OutputCommitCoordinator$OutputCommitCoordinatorEndpoint: OutputCommitCoordinator stopped!
[2021-12-25 13:18:41,055] {spark_submit.py:514} INFO - 21/12/25 13:18:41 INFO SparkContext: Successfully stopped SparkContext
[2021-12-25 13:18:41,056] {spark_submit.py:514} INFO - 21/12/25 13:18:41 INFO ShutdownHookManager: Shutdown hook called
[2021-12-25 13:18:41,058] {spark_submit.py:514} INFO - 21/12/25 13:18:41 INFO ShutdownHookManager: Deleting directory /tmp/spark-b04034ed-adac-4637-8e48-6824a56c023c
[2021-12-25 13:18:41,063] {spark_submit.py:514} INFO - 21/12/25 13:18:41 INFO ShutdownHookManager: Deleting directory /tmp/spark-b04034ed-adac-4637-8e48-6824a56c023c/pyspark-4212b199-32e9-4b25-8f13-9911208047a5
[2021-12-25 13:18:41,067] {spark_submit.py:514} INFO - 21/12/25 13:18:41 INFO ShutdownHookManager: Deleting directory /tmp/spark-cee01d40-15df-4cc5-85cc-3e8e6b2ef21a
[2021-12-25 13:18:41,294] {taskinstance.py:1280} INFO - Marking task as SUCCESS. dag_id=scraping_daft_dublin, task_id=scrap_data, execution_date=20211224T093000, start_date=20211225T130750, end_date=20211225T131841
[2021-12-25 13:18:41,336] {local_task_job.py:154} INFO - Task exited with return code 0
[2021-12-25 13:18:41,483] {local_task_job.py:264} INFO - 1 downstream tasks scheduled from follow-on schedule check
