[2021-12-27 12:05:26,522] {taskinstance.py:1035} INFO - Dependencies all met for <TaskInstance: scraping_daft_longford.notify_slack scheduled__2021-12-26T10:10:00+00:00 [queued]>
[2021-12-27 12:05:27,410] {taskinstance.py:1035} INFO - Dependencies all met for <TaskInstance: scraping_daft_longford.notify_slack scheduled__2021-12-26T10:10:00+00:00 [queued]>
[2021-12-27 12:05:27,427] {taskinstance.py:1241} INFO - 
--------------------------------------------------------------------------------
[2021-12-27 12:05:27,440] {taskinstance.py:1242} INFO - Starting attempt 1 of 4
[2021-12-27 12:05:27,447] {taskinstance.py:1243} INFO - 
--------------------------------------------------------------------------------
[2021-12-27 12:05:27,596] {taskinstance.py:1262} INFO - Executing <Task(SlackWebhookOperator): notify_slack> on 2021-12-26 10:10:00+00:00
[2021-12-27 12:05:27,713] {standard_task_runner.py:52} INFO - Started process 12825 to run task
[2021-12-27 12:05:27,764] {standard_task_runner.py:76} INFO - Running: ['***', 'tasks', 'run', 'scraping_daft_longford', 'notify_slack', 'scheduled__2021-12-26T10:10:00+00:00', '--job-id', '4925', '--raw', '--subdir', 'DAGS_FOLDER/scraping_daft_longford.py', '--cfg-path', '/tmp/tmpwndcartw', '--error-file', '/tmp/tmphma13m0s']
[2021-12-27 12:05:28,773] {standard_task_runner.py:77} INFO - Job 4925: Subtask notify_slack
[2021-12-27 12:05:32,455] {logging_mixin.py:109} INFO - Running <TaskInstance: scraping_daft_longford.notify_slack scheduled__2021-12-26T10:10:00+00:00 [running]> on host 0c125a5bba95
[2021-12-27 12:05:37,135] {taskinstance.py:1429} INFO - Exporting the following env vars:
AIRFLOW_CTX_DAG_EMAIL=clement.liscoet@gmail.com
AIRFLOW_CTX_DAG_OWNER=clemoni
AIRFLOW_CTX_DAG_ID=scraping_daft_longford
AIRFLOW_CTX_TASK_ID=notify_slack
AIRFLOW_CTX_EXECUTION_DATE=2021-12-26T10:10:00+00:00
AIRFLOW_CTX_DAG_RUN_ID=scheduled__2021-12-26T10:10:00+00:00
[2021-12-27 12:05:37,379] {base.py:79} INFO - Using connection to: id: slack_connect. Host: https://hooks.slack.com/services/, Port: None, Schema: , Login: , Password: ***, extra: {}
[2021-12-27 12:05:37,626] {base.py:79} INFO - Using connection to: id: slack_connect. Host: https://hooks.slack.com/services/, Port: None, Schema: , Login: , Password: ***, extra: {}
[2021-12-27 12:05:38,884] {http.py:140} INFO - Sending 'POST' to url: https://hooks.slack.com/services/***
[2021-12-27 12:05:44,516] {taskinstance.py:1280} INFO - Marking task as SUCCESS. dag_id=scraping_daft_longford, task_id=notify_slack, execution_date=20211226T101000, start_date=20211227T120526, end_date=20211227T120544
[2021-12-27 12:05:48,348] {local_task_job.py:154} INFO - Task exited with return code 0
[2021-12-27 12:05:50,303] {local_task_job.py:264} INFO - 0 downstream tasks scheduled from follow-on schedule check
