[2021-12-10 08:49:51,642] {taskinstance.py:1035} INFO - Dependencies all met for <TaskInstance: scraping_daft_offaly.persist_data scheduled__2021-12-09T04:45:00+00:00 [queued]>
[2021-12-10 08:49:51,791] {taskinstance.py:1035} INFO - Dependencies all met for <TaskInstance: scraping_daft_offaly.persist_data scheduled__2021-12-09T04:45:00+00:00 [queued]>
[2021-12-10 08:49:51,793] {taskinstance.py:1241} INFO - 
--------------------------------------------------------------------------------
[2021-12-10 08:49:51,795] {taskinstance.py:1242} INFO - Starting attempt 1 of 3
[2021-12-10 08:49:51,796] {taskinstance.py:1243} INFO - 
--------------------------------------------------------------------------------
[2021-12-10 08:49:51,833] {taskinstance.py:1262} INFO - Executing <Task(SparkSubmitOperator): persist_data> on 2021-12-09 04:45:00+00:00
[2021-12-10 08:49:51,852] {standard_task_runner.py:52} INFO - Started process 28486 to run task
[2021-12-10 08:49:51,894] {standard_task_runner.py:76} INFO - Running: ['***', 'tasks', 'run', 'scraping_daft_offaly', 'persist_data', 'scheduled__2021-12-09T04:45:00+00:00', '--job-id', '976', '--raw', '--subdir', 'DAGS_FOLDER/scraping_daft_offaly.py', '--cfg-path', '/tmp/tmp91r_smdn', '--error-file', '/tmp/tmp27pwuv7t']
[2021-12-10 08:49:51,902] {standard_task_runner.py:77} INFO - Job 976: Subtask persist_data
[2021-12-10 08:49:52,212] {logging_mixin.py:109} INFO - Running <TaskInstance: scraping_daft_offaly.persist_data scheduled__2021-12-09T04:45:00+00:00 [running]> on host 041e6f8654c3
[2021-12-10 08:49:52,677] {taskinstance.py:1429} INFO - Exporting the following env vars:
AIRFLOW_CTX_DAG_EMAIL=***@example.com
AIRFLOW_CTX_DAG_OWNER=clemoni
AIRFLOW_CTX_DAG_ID=scraping_daft_offaly
AIRFLOW_CTX_TASK_ID=persist_data
AIRFLOW_CTX_EXECUTION_DATE=2021-12-09T04:45:00+00:00
AIRFLOW_CTX_DAG_RUN_ID=scheduled__2021-12-09T04:45:00+00:00
[2021-12-10 08:49:52,738] {base.py:79} INFO - Using connection to: id: spark_default. Host: spark://spark:7077, Port: None, Schema: , Login: ***, Password: ***, extra: {}
[2021-12-10 08:49:52,744] {spark_submit.py:362} INFO - Spark-Submit cmd: spark-submit --master spark://spark:7077 --conf spark.master=spark://spark:7077 --name persist data --verbose /opt/***/jobs/persist_db.py offaly
[2021-12-10 08:50:04,274] {spark_submit.py:523} INFO - Using properties file: null
[2021-12-10 08:50:04,865] {spark_submit.py:523} INFO - WARNING: An illegal reflective access operation has occurred
[2021-12-10 08:50:04,867] {spark_submit.py:523} INFO - WARNING: Illegal reflective access by org.apache.spark.unsafe.Platform (file:/home/***/.local/lib/python3.6/site-packages/pyspark/jars/spark-unsafe_2.12-3.2.0.jar) to constructor java.nio.DirectByteBuffer(long,int)
[2021-12-10 08:50:04,868] {spark_submit.py:523} INFO - WARNING: Please consider reporting this to the maintainers of org.apache.spark.unsafe.Platform
[2021-12-10 08:50:04,869] {spark_submit.py:523} INFO - WARNING: Use --illegal-access=warn to enable warnings of further illegal reflective access operations
[2021-12-10 08:50:04,871] {spark_submit.py:523} INFO - WARNING: All illegal access operations will be denied in a future release
[2021-12-10 08:50:05,420] {spark_submit.py:523} INFO - Parsed arguments:
[2021-12-10 08:50:05,426] {spark_submit.py:523} INFO - master                  spark://spark:7077
[2021-12-10 08:50:05,428] {spark_submit.py:523} INFO - deployMode              null
[2021-12-10 08:50:05,429] {spark_submit.py:523} INFO - executorMemory          null
[2021-12-10 08:50:05,432] {spark_submit.py:523} INFO - executorCores           null
[2021-12-10 08:50:05,434] {spark_submit.py:523} INFO - totalExecutorCores      null
[2021-12-10 08:50:05,436] {spark_submit.py:523} INFO - propertiesFile          null
[2021-12-10 08:50:05,438] {spark_submit.py:523} INFO - driverMemory            null
[2021-12-10 08:50:05,451] {spark_submit.py:523} INFO - driverCores             null
[2021-12-10 08:50:05,474] {spark_submit.py:523} INFO - driverExtraClassPath    null
[2021-12-10 08:50:05,478] {spark_submit.py:523} INFO - driverExtraLibraryPath  null
[2021-12-10 08:50:05,485] {spark_submit.py:523} INFO - driverExtraJavaOptions  null
[2021-12-10 08:50:05,494] {spark_submit.py:523} INFO - supervise               false
[2021-12-10 08:50:05,495] {spark_submit.py:523} INFO - queue                   null
[2021-12-10 08:50:05,497] {spark_submit.py:523} INFO - numExecutors            null
[2021-12-10 08:50:05,498] {spark_submit.py:523} INFO - files                   null
[2021-12-10 08:50:05,499] {spark_submit.py:523} INFO - pyFiles                 null
[2021-12-10 08:50:05,500] {spark_submit.py:523} INFO - archives                null
[2021-12-10 08:50:05,500] {spark_submit.py:523} INFO - mainClass               null
[2021-12-10 08:50:05,502] {spark_submit.py:523} INFO - primaryResource         file:/opt/***/jobs/persist_db.py
[2021-12-10 08:50:05,503] {spark_submit.py:523} INFO - name                    persist data
[2021-12-10 08:50:05,503] {spark_submit.py:523} INFO - childArgs               [offaly]
[2021-12-10 08:50:05,505] {spark_submit.py:523} INFO - jars                    null
[2021-12-10 08:50:05,506] {spark_submit.py:523} INFO - packages                null
[2021-12-10 08:50:05,513] {spark_submit.py:523} INFO - packagesExclusions      null
[2021-12-10 08:50:05,514] {spark_submit.py:523} INFO - repositories            null
[2021-12-10 08:50:05,516] {spark_submit.py:523} INFO - verbose                 true
[2021-12-10 08:50:05,517] {spark_submit.py:523} INFO - 
[2021-12-10 08:50:05,519] {spark_submit.py:523} INFO - Spark properties used, including those specified through
[2021-12-10 08:50:05,520] {spark_submit.py:523} INFO - --conf and those from the properties file null:
[2021-12-10 08:50:05,521] {spark_submit.py:523} INFO - (spark.master,spark://spark:7077)
[2021-12-10 08:50:05,522] {spark_submit.py:523} INFO - 
[2021-12-10 08:50:05,523] {spark_submit.py:523} INFO - 
[2021-12-10 08:50:07,761] {spark_submit.py:523} INFO - Main class:
[2021-12-10 08:50:07,762] {spark_submit.py:523} INFO - org.apache.spark.deploy.PythonRunner
[2021-12-10 08:50:07,763] {spark_submit.py:523} INFO - Arguments:
[2021-12-10 08:50:07,764] {spark_submit.py:523} INFO - file:/opt/***/jobs/persist_db.py
[2021-12-10 08:50:07,765] {spark_submit.py:523} INFO - null
[2021-12-10 08:50:07,766] {spark_submit.py:523} INFO - offaly
[2021-12-10 08:50:07,768] {spark_submit.py:523} INFO - --verbose
[2021-12-10 08:50:07,772] {spark_submit.py:523} INFO - Spark config:
[2021-12-10 08:50:07,774] {spark_submit.py:523} INFO - (spark.master,spark://spark:7077)
[2021-12-10 08:50:07,775] {spark_submit.py:523} INFO - (spark.app.name,persist data)
[2021-12-10 08:50:07,776] {spark_submit.py:523} INFO - (spark.submit.pyFiles,)
[2021-12-10 08:50:07,778] {spark_submit.py:523} INFO - (spark.submit.deployMode,client)
[2021-12-10 08:50:07,779] {spark_submit.py:523} INFO - Classpath elements:
[2021-12-10 08:50:07,780] {spark_submit.py:523} INFO - 
[2021-12-10 08:50:07,783] {spark_submit.py:523} INFO - 
[2021-12-10 08:50:07,786] {spark_submit.py:523} INFO - 
[2021-12-10 08:50:11,968] {spark_submit.py:523} INFO - Using Spark's default log4j profile: org/apache/spark/log4j-defaults.properties
[2021-12-10 08:50:12,078] {spark_submit.py:523} INFO - 21/12/10 08:50:12 INFO SparkContext: Running Spark version 3.2.0
[2021-12-10 08:50:12,947] {spark_submit.py:523} INFO - 21/12/10 08:50:12 WARN NativeCodeLoader: Unable to load native-hadoop library for your platform... using builtin-java classes where applicable
[2021-12-10 08:50:13,521] {spark_submit.py:523} INFO - 21/12/10 08:50:13 INFO ResourceUtils: ==============================================================
[2021-12-10 08:50:13,528] {spark_submit.py:523} INFO - 21/12/10 08:50:13 INFO ResourceUtils: No custom resources configured for spark.driver.
[2021-12-10 08:50:13,533] {spark_submit.py:523} INFO - 21/12/10 08:50:13 INFO ResourceUtils: ==============================================================
[2021-12-10 08:50:13,541] {spark_submit.py:523} INFO - 21/12/10 08:50:13 INFO SparkContext: Submitted application: Persist DB
[2021-12-10 08:50:13,633] {spark_submit.py:523} INFO - 21/12/10 08:50:13 INFO ResourceProfile: Default ResourceProfile created, executor resources: Map(cores -> name: cores, amount: 1, script: , vendor: , memory -> name: memory, amount: 1024, script: , vendor: , offHeap -> name: offHeap, amount: 0, script: , vendor: ), task resources: Map(cpus -> name: cpus, amount: 1.0)
[2021-12-10 08:50:13,670] {spark_submit.py:523} INFO - 21/12/10 08:50:13 INFO ResourceProfile: Limiting resource is cpu
[2021-12-10 08:50:13,673] {spark_submit.py:523} INFO - 21/12/10 08:50:13 INFO ResourceProfileManager: Added ResourceProfile id: 0
[2021-12-10 08:50:13,976] {spark_submit.py:523} INFO - 21/12/10 08:50:13 INFO SecurityManager: Changing view acls to: ***
[2021-12-10 08:50:13,986] {spark_submit.py:523} INFO - 21/12/10 08:50:13 INFO SecurityManager: Changing modify acls to: ***
[2021-12-10 08:50:13,988] {spark_submit.py:523} INFO - 21/12/10 08:50:13 INFO SecurityManager: Changing view acls groups to:
[2021-12-10 08:50:13,993] {spark_submit.py:523} INFO - 21/12/10 08:50:13 INFO SecurityManager: Changing modify acls groups to:
[2021-12-10 08:50:13,995] {spark_submit.py:523} INFO - 21/12/10 08:50:13 INFO SecurityManager: SecurityManager: authentication disabled; ui acls disabled; users  with view permissions: Set(***); groups with view permissions: Set(); users  with modify permissions: Set(***); groups with modify permissions: Set()
[2021-12-10 08:50:15,061] {spark_submit.py:523} INFO - 21/12/10 08:50:15 INFO Utils: Successfully started service 'sparkDriver' on port 36501.
[2021-12-10 08:50:15,162] {spark_submit.py:523} INFO - 21/12/10 08:50:15 INFO SparkEnv: Registering MapOutputTracker
[2021-12-10 08:50:15,232] {spark_submit.py:523} INFO - 21/12/10 08:50:15 INFO SparkEnv: Registering BlockManagerMaster
[2021-12-10 08:50:15,280] {spark_submit.py:523} INFO - 21/12/10 08:50:15 INFO BlockManagerMasterEndpoint: Using org.apache.spark.storage.DefaultTopologyMapper for getting topology information
[2021-12-10 08:50:15,282] {spark_submit.py:523} INFO - 21/12/10 08:50:15 INFO BlockManagerMasterEndpoint: BlockManagerMasterEndpoint up
[2021-12-10 08:50:15,296] {spark_submit.py:523} INFO - 21/12/10 08:50:15 INFO SparkEnv: Registering BlockManagerMasterHeartbeat
[2021-12-10 08:50:15,360] {spark_submit.py:523} INFO - 21/12/10 08:50:15 INFO DiskBlockManager: Created local directory at /tmp/blockmgr-ecb93282-5c15-4e7d-8654-ebe23009d5b0
[2021-12-10 08:50:15,417] {spark_submit.py:523} INFO - 21/12/10 08:50:15 INFO MemoryStore: MemoryStore started with capacity 434.4 MiB
[2021-12-10 08:50:15,496] {spark_submit.py:523} INFO - 21/12/10 08:50:15 INFO SparkEnv: Registering OutputCommitCoordinator
[2021-12-10 08:50:16,380] {spark_submit.py:523} INFO - 21/12/10 08:50:16 WARN Utils: Service 'SparkUI' could not bind on port 4040. Attempting port 4041.
[2021-12-10 08:50:16,381] {spark_submit.py:523} INFO - 21/12/10 08:50:16 WARN Utils: Service 'SparkUI' could not bind on port 4041. Attempting port 4042.
[2021-12-10 08:50:16,382] {spark_submit.py:523} INFO - 21/12/10 08:50:16 WARN Utils: Service 'SparkUI' could not bind on port 4042. Attempting port 4043.
[2021-12-10 08:50:16,383] {spark_submit.py:523} INFO - 21/12/10 08:50:16 WARN Utils: Service 'SparkUI' could not bind on port 4043. Attempting port 4044.
[2021-12-10 08:50:16,384] {spark_submit.py:523} INFO - 21/12/10 08:50:16 WARN Utils: Service 'SparkUI' could not bind on port 4044. Attempting port 4045.
[2021-12-10 08:50:16,385] {spark_submit.py:523} INFO - 21/12/10 08:50:16 WARN Utils: Service 'SparkUI' could not bind on port 4045. Attempting port 4046.
[2021-12-10 08:50:16,386] {spark_submit.py:523} INFO - 21/12/10 08:50:16 WARN Utils: Service 'SparkUI' could not bind on port 4046. Attempting port 4047.
[2021-12-10 08:50:16,388] {spark_submit.py:523} INFO - 21/12/10 08:50:16 WARN Utils: Service 'SparkUI' could not bind on port 4047. Attempting port 4048.
[2021-12-10 08:50:16,389] {spark_submit.py:523} INFO - 21/12/10 08:50:16 WARN Utils: Service 'SparkUI' could not bind on port 4048. Attempting port 4049.
[2021-12-10 08:50:16,390] {spark_submit.py:523} INFO - 21/12/10 08:50:16 WARN Utils: Service 'SparkUI' could not bind on port 4049. Attempting port 4050.
[2021-12-10 08:50:16,392] {spark_submit.py:523} INFO - 21/12/10 08:50:16 WARN Utils: Service 'SparkUI' could not bind on port 4050. Attempting port 4051.
[2021-12-10 08:50:16,397] {spark_submit.py:523} INFO - 21/12/10 08:50:16 WARN Utils: Service 'SparkUI' could not bind on port 4051. Attempting port 4052.
[2021-12-10 08:50:16,398] {spark_submit.py:523} INFO - 21/12/10 08:50:16 WARN Utils: Service 'SparkUI' could not bind on port 4052. Attempting port 4053.
[2021-12-10 08:50:16,435] {spark_submit.py:523} INFO - 21/12/10 08:50:16 INFO Utils: Successfully started service 'SparkUI' on port 4053.
[2021-12-10 08:50:16,712] {spark_submit.py:523} INFO - 21/12/10 08:50:16 INFO SparkUI: Bound SparkUI to 0.0.0.0, and started at http://041e6f8654c3:4053
[2021-12-10 08:50:18,510] {spark_submit.py:523} INFO - 21/12/10 08:50:18 INFO StandaloneAppClient$ClientEndpoint: Connecting to master spark://spark:7077...
[2021-12-10 08:50:18,832] {spark_submit.py:523} INFO - 21/12/10 08:50:18 WARN StandaloneAppClient$ClientEndpoint: Failed to connect to master spark:7077
[2021-12-10 08:50:18,833] {spark_submit.py:523} INFO - org.apache.spark.SparkException: Exception thrown in awaitResult:
[2021-12-10 08:50:18,834] {spark_submit.py:523} INFO - at org.apache.spark.util.ThreadUtils$.awaitResult(ThreadUtils.scala:301)
[2021-12-10 08:50:18,836] {spark_submit.py:523} INFO - at org.apache.spark.rpc.RpcTimeout.awaitResult(RpcTimeout.scala:75)
[2021-12-10 08:50:18,837] {spark_submit.py:523} INFO - at org.apache.spark.rpc.RpcEnv.setupEndpointRefByURI(RpcEnv.scala:101)
[2021-12-10 08:50:18,838] {spark_submit.py:523} INFO - at org.apache.spark.rpc.RpcEnv.setupEndpointRef(RpcEnv.scala:109)
[2021-12-10 08:50:18,839] {spark_submit.py:523} INFO - at org.apache.spark.deploy.client.StandaloneAppClient$ClientEndpoint$$anon$1.run(StandaloneAppClient.scala:107)
[2021-12-10 08:50:18,840] {spark_submit.py:523} INFO - at java.base/java.util.concurrent.Executors$RunnableAdapter.call(Executors.java:515)
[2021-12-10 08:50:18,841] {spark_submit.py:523} INFO - at java.base/java.util.concurrent.FutureTask.run(FutureTask.java:264)
[2021-12-10 08:50:18,842] {spark_submit.py:523} INFO - at java.base/java.util.concurrent.ThreadPoolExecutor.runWorker(ThreadPoolExecutor.java:1128)
[2021-12-10 08:50:18,844] {spark_submit.py:523} INFO - at java.base/java.util.concurrent.ThreadPoolExecutor$Worker.run(ThreadPoolExecutor.java:628)
[2021-12-10 08:50:18,845] {spark_submit.py:523} INFO - at java.base/java.lang.Thread.run(Thread.java:829)
[2021-12-10 08:50:18,846] {spark_submit.py:523} INFO - Caused by: java.io.IOException: Failed to connect to spark:7077
[2021-12-10 08:50:18,848] {spark_submit.py:523} INFO - at org.apache.spark.network.client.TransportClientFactory.createClient(TransportClientFactory.java:288)
[2021-12-10 08:50:18,849] {spark_submit.py:523} INFO - at org.apache.spark.network.client.TransportClientFactory.createClient(TransportClientFactory.java:218)
[2021-12-10 08:50:18,850] {spark_submit.py:523} INFO - at org.apache.spark.network.client.TransportClientFactory.createClient(TransportClientFactory.java:230)
[2021-12-10 08:50:18,851] {spark_submit.py:523} INFO - at org.apache.spark.rpc.netty.NettyRpcEnv.createClient(NettyRpcEnv.scala:204)
[2021-12-10 08:50:18,852] {spark_submit.py:523} INFO - at org.apache.spark.rpc.netty.Outbox$$anon$1.call(Outbox.scala:202)
[2021-12-10 08:50:18,854] {spark_submit.py:523} INFO - at org.apache.spark.rpc.netty.Outbox$$anon$1.call(Outbox.scala:198)
[2021-12-10 08:50:18,855] {spark_submit.py:523} INFO - ... 4 more
[2021-12-10 08:50:18,856] {spark_submit.py:523} INFO - Caused by: java.net.UnknownHostException: spark
[2021-12-10 08:50:18,857] {spark_submit.py:523} INFO - at java.base/java.net.InetAddress$CachedAddresses.get(InetAddress.java:797)
[2021-12-10 08:50:18,858] {spark_submit.py:523} INFO - at java.base/java.net.InetAddress.getAllByName0(InetAddress.java:1509)
[2021-12-10 08:50:18,859] {spark_submit.py:523} INFO - at java.base/java.net.InetAddress.getAllByName(InetAddress.java:1368)
[2021-12-10 08:50:18,860] {spark_submit.py:523} INFO - at java.base/java.net.InetAddress.getAllByName(InetAddress.java:1302)
[2021-12-10 08:50:18,861] {spark_submit.py:523} INFO - at java.base/java.net.InetAddress.getByName(InetAddress.java:1252)
[2021-12-10 08:50:18,862] {spark_submit.py:523} INFO - at io.netty.util.internal.SocketUtils$8.run(SocketUtils.java:156)
[2021-12-10 08:50:18,863] {spark_submit.py:523} INFO - at io.netty.util.internal.SocketUtils$8.run(SocketUtils.java:153)
[2021-12-10 08:50:18,864] {spark_submit.py:523} INFO - at java.base/java.security.AccessController.doPrivileged(Native Method)
[2021-12-10 08:50:18,865] {spark_submit.py:523} INFO - at io.netty.util.internal.SocketUtils.addressByName(SocketUtils.java:153)
[2021-12-10 08:50:18,866] {spark_submit.py:523} INFO - at io.netty.resolver.DefaultNameResolver.doResolve(DefaultNameResolver.java:41)
[2021-12-10 08:50:18,866] {spark_submit.py:523} INFO - at io.netty.resolver.SimpleNameResolver.resolve(SimpleNameResolver.java:61)
[2021-12-10 08:50:18,867] {spark_submit.py:523} INFO - at io.netty.resolver.SimpleNameResolver.resolve(SimpleNameResolver.java:53)
[2021-12-10 08:50:18,868] {spark_submit.py:523} INFO - at io.netty.resolver.InetSocketAddressResolver.doResolve(InetSocketAddressResolver.java:55)
[2021-12-10 08:50:18,869] {spark_submit.py:523} INFO - at io.netty.resolver.InetSocketAddressResolver.doResolve(InetSocketAddressResolver.java:31)
[2021-12-10 08:50:18,870] {spark_submit.py:523} INFO - at io.netty.resolver.AbstractAddressResolver.resolve(AbstractAddressResolver.java:106)
[2021-12-10 08:50:18,871] {spark_submit.py:523} INFO - at io.netty.bootstrap.Bootstrap.doResolveAndConnect0(Bootstrap.java:206)
[2021-12-10 08:50:18,872] {spark_submit.py:523} INFO - at io.netty.bootstrap.Bootstrap.access$000(Bootstrap.java:46)
[2021-12-10 08:50:18,873] {spark_submit.py:523} INFO - at io.netty.bootstrap.Bootstrap$1.operationComplete(Bootstrap.java:180)
[2021-12-10 08:50:18,873] {spark_submit.py:523} INFO - at io.netty.bootstrap.Bootstrap$1.operationComplete(Bootstrap.java:166)
[2021-12-10 08:50:18,874] {spark_submit.py:523} INFO - at io.netty.util.concurrent.DefaultPromise.notifyListener0(DefaultPromise.java:578)
[2021-12-10 08:50:18,876] {spark_submit.py:523} INFO - at io.netty.util.concurrent.DefaultPromise.notifyListenersNow(DefaultPromise.java:552)
[2021-12-10 08:50:18,876] {spark_submit.py:523} INFO - at io.netty.util.concurrent.DefaultPromise.notifyListeners(DefaultPromise.java:491)
[2021-12-10 08:50:18,878] {spark_submit.py:523} INFO - at io.netty.util.concurrent.DefaultPromise.setValue0(DefaultPromise.java:616)
[2021-12-10 08:50:18,879] {spark_submit.py:523} INFO - at io.netty.util.concurrent.DefaultPromise.setSuccess0(DefaultPromise.java:605)
[2021-12-10 08:50:18,880] {spark_submit.py:523} INFO - at io.netty.util.concurrent.DefaultPromise.trySuccess(DefaultPromise.java:104)
[2021-12-10 08:50:18,881] {spark_submit.py:523} INFO - at io.netty.channel.DefaultChannelPromise.trySuccess(DefaultChannelPromise.java:84)
[2021-12-10 08:50:18,882] {spark_submit.py:523} INFO - at io.netty.channel.AbstractChannel$AbstractUnsafe.safeSetSuccess(AbstractChannel.java:1008)
[2021-12-10 08:50:18,882] {spark_submit.py:523} INFO - at io.netty.channel.AbstractChannel$AbstractUnsafe.register0(AbstractChannel.java:516)
[2021-12-10 08:50:18,884] {spark_submit.py:523} INFO - at io.netty.channel.AbstractChannel$AbstractUnsafe.access$200(AbstractChannel.java:429)
[2021-12-10 08:50:18,885] {spark_submit.py:523} INFO - at io.netty.channel.AbstractChannel$AbstractUnsafe$1.run(AbstractChannel.java:486)
[2021-12-10 08:50:18,886] {spark_submit.py:523} INFO - at io.netty.util.concurrent.AbstractEventExecutor.safeExecute(AbstractEventExecutor.java:164)
[2021-12-10 08:50:18,887] {spark_submit.py:523} INFO - at io.netty.util.concurrent.SingleThreadEventExecutor.runAllTasks(SingleThreadEventExecutor.java:469)
[2021-12-10 08:50:18,888] {spark_submit.py:523} INFO - at io.netty.channel.nio.NioEventLoop.run(NioEventLoop.java:500)
[2021-12-10 08:50:18,889] {spark_submit.py:523} INFO - at io.netty.util.concurrent.SingleThreadEventExecutor$4.run(SingleThreadEventExecutor.java:986)
[2021-12-10 08:50:18,891] {spark_submit.py:523} INFO - at io.netty.util.internal.ThreadExecutorMap$2.run(ThreadExecutorMap.java:74)
[2021-12-10 08:50:18,892] {spark_submit.py:523} INFO - at io.netty.util.concurrent.FastThreadLocalRunnable.run(FastThreadLocalRunnable.java:30)
[2021-12-10 08:50:18,893] {spark_submit.py:523} INFO - ... 1 more
[2021-12-10 08:50:38,448] {spark_submit.py:523} INFO - 21/12/10 08:50:38 INFO StandaloneAppClient$ClientEndpoint: Connecting to master spark://spark:7077...
[2021-12-10 08:50:38,538] {spark_submit.py:523} INFO - 21/12/10 08:50:38 WARN StandaloneAppClient$ClientEndpoint: Failed to connect to master spark:7077
[2021-12-10 08:50:38,543] {spark_submit.py:523} INFO - org.apache.spark.SparkException: Exception thrown in awaitResult:
[2021-12-10 08:50:38,550] {spark_submit.py:523} INFO - at org.apache.spark.util.ThreadUtils$.awaitResult(ThreadUtils.scala:301)
[2021-12-10 08:50:38,551] {spark_submit.py:523} INFO - at org.apache.spark.rpc.RpcTimeout.awaitResult(RpcTimeout.scala:75)
[2021-12-10 08:50:38,557] {spark_submit.py:523} INFO - at org.apache.spark.rpc.RpcEnv.setupEndpointRefByURI(RpcEnv.scala:101)
[2021-12-10 08:50:38,563] {spark_submit.py:523} INFO - at org.apache.spark.rpc.RpcEnv.setupEndpointRef(RpcEnv.scala:109)
[2021-12-10 08:50:38,565] {spark_submit.py:523} INFO - at org.apache.spark.deploy.client.StandaloneAppClient$ClientEndpoint$$anon$1.run(StandaloneAppClient.scala:107)
[2021-12-10 08:50:38,568] {spark_submit.py:523} INFO - at java.base/java.util.concurrent.Executors$RunnableAdapter.call(Executors.java:515)
[2021-12-10 08:50:38,571] {spark_submit.py:523} INFO - at java.base/java.util.concurrent.FutureTask.run(FutureTask.java:264)
[2021-12-10 08:50:38,573] {spark_submit.py:523} INFO - at java.base/java.util.concurrent.ThreadPoolExecutor.runWorker(ThreadPoolExecutor.java:1128)
[2021-12-10 08:50:38,575] {spark_submit.py:523} INFO - at java.base/java.util.concurrent.ThreadPoolExecutor$Worker.run(ThreadPoolExecutor.java:628)
[2021-12-10 08:50:38,577] {spark_submit.py:523} INFO - at java.base/java.lang.Thread.run(Thread.java:829)
[2021-12-10 08:50:38,580] {spark_submit.py:523} INFO - Caused by: java.io.IOException: Failed to connect to spark:7077
[2021-12-10 08:50:38,582] {spark_submit.py:523} INFO - at org.apache.spark.network.client.TransportClientFactory.createClient(TransportClientFactory.java:288)
[2021-12-10 08:50:38,584] {spark_submit.py:523} INFO - at org.apache.spark.network.client.TransportClientFactory.createClient(TransportClientFactory.java:218)
[2021-12-10 08:50:38,585] {spark_submit.py:523} INFO - at org.apache.spark.network.client.TransportClientFactory.createClient(TransportClientFactory.java:230)
[2021-12-10 08:50:38,588] {spark_submit.py:523} INFO - at org.apache.spark.rpc.netty.NettyRpcEnv.createClient(NettyRpcEnv.scala:204)
[2021-12-10 08:50:38,590] {spark_submit.py:523} INFO - at org.apache.spark.rpc.netty.Outbox$$anon$1.call(Outbox.scala:202)
[2021-12-10 08:50:38,592] {spark_submit.py:523} INFO - at org.apache.spark.rpc.netty.Outbox$$anon$1.call(Outbox.scala:198)
[2021-12-10 08:50:38,594] {spark_submit.py:523} INFO - ... 4 more
[2021-12-10 08:50:38,596] {spark_submit.py:523} INFO - Caused by: java.net.UnknownHostException: spark
[2021-12-10 08:50:38,598] {spark_submit.py:523} INFO - at java.base/java.net.InetAddress$CachedAddresses.get(InetAddress.java:797)
[2021-12-10 08:50:38,604] {spark_submit.py:523} INFO - at java.base/java.net.InetAddress.getAllByName0(InetAddress.java:1509)
[2021-12-10 08:50:38,606] {spark_submit.py:523} INFO - at java.base/java.net.InetAddress.getAllByName(InetAddress.java:1368)
[2021-12-10 08:50:38,607] {spark_submit.py:523} INFO - at java.base/java.net.InetAddress.getAllByName(InetAddress.java:1302)
[2021-12-10 08:50:38,608] {spark_submit.py:523} INFO - at java.base/java.net.InetAddress.getByName(InetAddress.java:1252)
[2021-12-10 08:50:38,610] {spark_submit.py:523} INFO - at io.netty.util.internal.SocketUtils$8.run(SocketUtils.java:156)
[2021-12-10 08:50:38,613] {spark_submit.py:523} INFO - at io.netty.util.internal.SocketUtils$8.run(SocketUtils.java:153)
[2021-12-10 08:50:38,615] {spark_submit.py:523} INFO - at java.base/java.security.AccessController.doPrivileged(Native Method)
[2021-12-10 08:50:38,616] {spark_submit.py:523} INFO - at io.netty.util.internal.SocketUtils.addressByName(SocketUtils.java:153)
[2021-12-10 08:50:38,618] {spark_submit.py:523} INFO - at io.netty.resolver.DefaultNameResolver.doResolve(DefaultNameResolver.java:41)
[2021-12-10 08:50:38,619] {spark_submit.py:523} INFO - at io.netty.resolver.SimpleNameResolver.resolve(SimpleNameResolver.java:61)
[2021-12-10 08:50:38,627] {spark_submit.py:523} INFO - at io.netty.resolver.SimpleNameResolver.resolve(SimpleNameResolver.java:53)
[2021-12-10 08:50:38,631] {spark_submit.py:523} INFO - at io.netty.resolver.InetSocketAddressResolver.doResolve(InetSocketAddressResolver.java:55)
[2021-12-10 08:50:38,633] {spark_submit.py:523} INFO - at io.netty.resolver.InetSocketAddressResolver.doResolve(InetSocketAddressResolver.java:31)
[2021-12-10 08:50:38,645] {spark_submit.py:523} INFO - at io.netty.resolver.AbstractAddressResolver.resolve(AbstractAddressResolver.java:106)
[2021-12-10 08:50:38,647] {spark_submit.py:523} INFO - at io.netty.bootstrap.Bootstrap.doResolveAndConnect0(Bootstrap.java:206)
[2021-12-10 08:50:38,656] {spark_submit.py:523} INFO - at io.netty.bootstrap.Bootstrap.access$000(Bootstrap.java:46)
[2021-12-10 08:50:38,664] {spark_submit.py:523} INFO - at io.netty.bootstrap.Bootstrap$1.operationComplete(Bootstrap.java:180)
[2021-12-10 08:50:38,666] {spark_submit.py:523} INFO - at io.netty.bootstrap.Bootstrap$1.operationComplete(Bootstrap.java:166)
[2021-12-10 08:50:38,669] {spark_submit.py:523} INFO - at io.netty.util.concurrent.DefaultPromise.notifyListener0(DefaultPromise.java:578)
[2021-12-10 08:50:38,672] {spark_submit.py:523} INFO - at io.netty.util.concurrent.DefaultPromise.notifyListenersNow(DefaultPromise.java:552)
[2021-12-10 08:50:38,676] {spark_submit.py:523} INFO - at io.netty.util.concurrent.DefaultPromise.notifyListeners(DefaultPromise.java:491)
[2021-12-10 08:50:38,677] {spark_submit.py:523} INFO - at io.netty.util.concurrent.DefaultPromise.setValue0(DefaultPromise.java:616)
[2021-12-10 08:50:38,688] {spark_submit.py:523} INFO - at io.netty.util.concurrent.DefaultPromise.setSuccess0(DefaultPromise.java:605)
[2021-12-10 08:50:38,702] {spark_submit.py:523} INFO - at io.netty.util.concurrent.DefaultPromise.trySuccess(DefaultPromise.java:104)
[2021-12-10 08:50:38,711] {spark_submit.py:523} INFO - at io.netty.channel.DefaultChannelPromise.trySuccess(DefaultChannelPromise.java:84)
[2021-12-10 08:50:38,716] {spark_submit.py:523} INFO - at io.netty.channel.AbstractChannel$AbstractUnsafe.safeSetSuccess(AbstractChannel.java:1008)
[2021-12-10 08:50:38,720] {spark_submit.py:523} INFO - at io.netty.channel.AbstractChannel$AbstractUnsafe.register0(AbstractChannel.java:516)
[2021-12-10 08:50:38,723] {spark_submit.py:523} INFO - at io.netty.channel.AbstractChannel$AbstractUnsafe.access$200(AbstractChannel.java:429)
[2021-12-10 08:50:38,751] {spark_submit.py:523} INFO - at io.netty.channel.AbstractChannel$AbstractUnsafe$1.run(AbstractChannel.java:486)
[2021-12-10 08:50:38,760] {spark_submit.py:523} INFO - at io.netty.util.concurrent.AbstractEventExecutor.safeExecute(AbstractEventExecutor.java:164)
[2021-12-10 08:50:38,779] {spark_submit.py:523} INFO - at io.netty.util.concurrent.SingleThreadEventExecutor.runAllTasks(SingleThreadEventExecutor.java:469)
[2021-12-10 08:50:38,783] {spark_submit.py:523} INFO - at io.netty.channel.nio.NioEventLoop.run(NioEventLoop.java:500)
[2021-12-10 08:50:38,804] {spark_submit.py:523} INFO - at io.netty.util.concurrent.SingleThreadEventExecutor$4.run(SingleThreadEventExecutor.java:986)
[2021-12-10 08:50:38,831] {spark_submit.py:523} INFO - at io.netty.util.internal.ThreadExecutorMap$2.run(ThreadExecutorMap.java:74)
[2021-12-10 08:50:38,840] {spark_submit.py:523} INFO - at io.netty.util.concurrent.FastThreadLocalRunnable.run(FastThreadLocalRunnable.java:30)
[2021-12-10 08:50:38,856] {spark_submit.py:523} INFO - ... 1 more
[2021-12-10 08:50:58,463] {spark_submit.py:523} INFO - 21/12/10 08:50:58 INFO StandaloneAppClient$ClientEndpoint: Connecting to master spark://spark:7077...
[2021-12-10 08:50:58,624] {spark_submit.py:523} INFO - 21/12/10 08:50:58 WARN StandaloneAppClient$ClientEndpoint: Failed to connect to master spark:7077
[2021-12-10 08:50:58,627] {spark_submit.py:523} INFO - org.apache.spark.SparkException: Exception thrown in awaitResult:
[2021-12-10 08:50:58,632] {spark_submit.py:523} INFO - at org.apache.spark.util.ThreadUtils$.awaitResult(ThreadUtils.scala:301)
[2021-12-10 08:50:58,635] {spark_submit.py:523} INFO - at org.apache.spark.rpc.RpcTimeout.awaitResult(RpcTimeout.scala:75)
[2021-12-10 08:50:58,648] {spark_submit.py:523} INFO - at org.apache.spark.rpc.RpcEnv.setupEndpointRefByURI(RpcEnv.scala:101)
[2021-12-10 08:50:58,657] {spark_submit.py:523} INFO - at org.apache.spark.rpc.RpcEnv.setupEndpointRef(RpcEnv.scala:109)
[2021-12-10 08:50:58,661] {spark_submit.py:523} INFO - at org.apache.spark.deploy.client.StandaloneAppClient$ClientEndpoint$$anon$1.run(StandaloneAppClient.scala:107)
[2021-12-10 08:50:58,665] {spark_submit.py:523} INFO - at java.base/java.util.concurrent.Executors$RunnableAdapter.call(Executors.java:515)
[2021-12-10 08:50:58,671] {spark_submit.py:523} INFO - at java.base/java.util.concurrent.FutureTask.run(FutureTask.java:264)
[2021-12-10 08:50:58,673] {spark_submit.py:523} INFO - at java.base/java.util.concurrent.ThreadPoolExecutor.runWorker(ThreadPoolExecutor.java:1128)
[2021-12-10 08:50:58,675] {spark_submit.py:523} INFO - at java.base/java.util.concurrent.ThreadPoolExecutor$Worker.run(ThreadPoolExecutor.java:628)
[2021-12-10 08:50:58,677] {spark_submit.py:523} INFO - at java.base/java.lang.Thread.run(Thread.java:829)
[2021-12-10 08:50:58,679] {spark_submit.py:523} INFO - Caused by: java.io.IOException: Failed to connect to spark:7077
[2021-12-10 08:50:58,681] {spark_submit.py:523} INFO - at org.apache.spark.network.client.TransportClientFactory.createClient(TransportClientFactory.java:288)
[2021-12-10 08:50:58,684] {spark_submit.py:523} INFO - at org.apache.spark.network.client.TransportClientFactory.createClient(TransportClientFactory.java:218)
[2021-12-10 08:50:58,686] {spark_submit.py:523} INFO - at org.apache.spark.network.client.TransportClientFactory.createClient(TransportClientFactory.java:230)
[2021-12-10 08:50:58,689] {spark_submit.py:523} INFO - at org.apache.spark.rpc.netty.NettyRpcEnv.createClient(NettyRpcEnv.scala:204)
[2021-12-10 08:50:58,691] {spark_submit.py:523} INFO - at org.apache.spark.rpc.netty.Outbox$$anon$1.call(Outbox.scala:202)
[2021-12-10 08:50:58,693] {spark_submit.py:523} INFO - at org.apache.spark.rpc.netty.Outbox$$anon$1.call(Outbox.scala:198)
[2021-12-10 08:50:58,695] {spark_submit.py:523} INFO - ... 4 more
[2021-12-10 08:50:58,698] {spark_submit.py:523} INFO - Caused by: java.net.UnknownHostException: spark
[2021-12-10 08:50:58,699] {spark_submit.py:523} INFO - at java.base/java.net.InetAddress$CachedAddresses.get(InetAddress.java:797)
[2021-12-10 08:50:58,706] {spark_submit.py:523} INFO - at java.base/java.net.InetAddress.getAllByName0(InetAddress.java:1509)
[2021-12-10 08:50:58,709] {spark_submit.py:523} INFO - at java.base/java.net.InetAddress.getAllByName(InetAddress.java:1368)
[2021-12-10 08:50:58,716] {spark_submit.py:523} INFO - at java.base/java.net.InetAddress.getAllByName(InetAddress.java:1302)
[2021-12-10 08:50:58,718] {spark_submit.py:523} INFO - at java.base/java.net.InetAddress.getByName(InetAddress.java:1252)
[2021-12-10 08:50:58,720] {spark_submit.py:523} INFO - at io.netty.util.internal.SocketUtils$8.run(SocketUtils.java:156)
[2021-12-10 08:50:58,722] {spark_submit.py:523} INFO - at io.netty.util.internal.SocketUtils$8.run(SocketUtils.java:153)
[2021-12-10 08:50:58,724] {spark_submit.py:523} INFO - at java.base/java.security.AccessController.doPrivileged(Native Method)
[2021-12-10 08:50:58,726] {spark_submit.py:523} INFO - at io.netty.util.internal.SocketUtils.addressByName(SocketUtils.java:153)
[2021-12-10 08:50:58,733] {spark_submit.py:523} INFO - at io.netty.resolver.DefaultNameResolver.doResolve(DefaultNameResolver.java:41)
[2021-12-10 08:50:58,734] {spark_submit.py:523} INFO - at io.netty.resolver.SimpleNameResolver.resolve(SimpleNameResolver.java:61)
[2021-12-10 08:50:58,736] {spark_submit.py:523} INFO - at io.netty.resolver.SimpleNameResolver.resolve(SimpleNameResolver.java:53)
[2021-12-10 08:50:58,737] {spark_submit.py:523} INFO - at io.netty.resolver.InetSocketAddressResolver.doResolve(InetSocketAddressResolver.java:55)
[2021-12-10 08:50:58,739] {spark_submit.py:523} INFO - at io.netty.resolver.InetSocketAddressResolver.doResolve(InetSocketAddressResolver.java:31)
[2021-12-10 08:50:58,740] {spark_submit.py:523} INFO - at io.netty.resolver.AbstractAddressResolver.resolve(AbstractAddressResolver.java:106)
[2021-12-10 08:50:58,744] {spark_submit.py:523} INFO - at io.netty.bootstrap.Bootstrap.doResolveAndConnect0(Bootstrap.java:206)
[2021-12-10 08:50:59,064] {spark_submit.py:523} INFO - at io.netty.bootstrap.Bootstrap.access$000(Bootstrap.java:46)
[2021-12-10 08:50:59,301] {spark_submit.py:523} INFO - at io.netty.bootstrap.Bootstrap$1.operationComplete(Bootstrap.java:180)
[2021-12-10 08:50:59,303] {spark_submit.py:523} INFO - at io.netty.bootstrap.Bootstrap$1.operationComplete(Bootstrap.java:166)
[2021-12-10 08:50:59,307] {spark_submit.py:523} INFO - at io.netty.util.concurrent.DefaultPromise.notifyListener0(DefaultPromise.java:578)
[2021-12-10 08:50:59,308] {spark_submit.py:523} INFO - at io.netty.util.concurrent.DefaultPromise.notifyListenersNow(DefaultPromise.java:552)
[2021-12-10 08:50:59,318] {spark_submit.py:523} INFO - at io.netty.util.concurrent.DefaultPromise.notifyListeners(DefaultPromise.java:491)
[2021-12-10 08:50:59,326] {spark_submit.py:523} INFO - at io.netty.util.concurrent.DefaultPromise.setValue0(DefaultPromise.java:616)
[2021-12-10 08:50:59,331] {spark_submit.py:523} INFO - at io.netty.util.concurrent.DefaultPromise.setSuccess0(DefaultPromise.java:605)
[2021-12-10 08:50:59,333] {spark_submit.py:523} INFO - at io.netty.util.concurrent.DefaultPromise.trySuccess(DefaultPromise.java:104)
[2021-12-10 08:50:59,339] {spark_submit.py:523} INFO - at io.netty.channel.DefaultChannelPromise.trySuccess(DefaultChannelPromise.java:84)
[2021-12-10 08:50:59,342] {spark_submit.py:523} INFO - at io.netty.channel.AbstractChannel$AbstractUnsafe.safeSetSuccess(AbstractChannel.java:1008)
[2021-12-10 08:50:59,349] {spark_submit.py:523} INFO - at io.netty.channel.AbstractChannel$AbstractUnsafe.register0(AbstractChannel.java:516)
[2021-12-10 08:50:59,363] {spark_submit.py:523} INFO - at io.netty.channel.AbstractChannel$AbstractUnsafe.access$200(AbstractChannel.java:429)
[2021-12-10 08:50:59,368] {spark_submit.py:523} INFO - at io.netty.channel.AbstractChannel$AbstractUnsafe$1.run(AbstractChannel.java:486)
[2021-12-10 08:50:59,373] {spark_submit.py:523} INFO - at io.netty.util.concurrent.AbstractEventExecutor.safeExecute(AbstractEventExecutor.java:164)
[2021-12-10 08:50:59,385] {spark_submit.py:523} INFO - at io.netty.util.concurrent.SingleThreadEventExecutor.runAllTasks(SingleThreadEventExecutor.java:469)
[2021-12-10 08:50:59,388] {spark_submit.py:523} INFO - at io.netty.channel.nio.NioEventLoop.run(NioEventLoop.java:500)
[2021-12-10 08:50:59,390] {spark_submit.py:523} INFO - at io.netty.util.concurrent.SingleThreadEventExecutor$4.run(SingleThreadEventExecutor.java:986)
[2021-12-10 08:50:59,395] {spark_submit.py:523} INFO - at io.netty.util.internal.ThreadExecutorMap$2.run(ThreadExecutorMap.java:74)
[2021-12-10 08:50:59,399] {spark_submit.py:523} INFO - at io.netty.util.concurrent.FastThreadLocalRunnable.run(FastThreadLocalRunnable.java:30)
[2021-12-10 08:50:59,404] {spark_submit.py:523} INFO - ... 1 more
[2021-12-10 08:51:18,471] {spark_submit.py:523} INFO - 21/12/10 08:51:18 WARN StandaloneSchedulerBackend: Application ID is not initialized yet.
[2021-12-10 08:51:18,472] {spark_submit.py:523} INFO - 21/12/10 08:51:18 ERROR StandaloneSchedulerBackend: Application has been killed. Reason: All masters are unresponsive! Giving up.
[2021-12-10 08:51:18,559] {spark_submit.py:523} INFO - 21/12/10 08:51:18 INFO Utils: Successfully started service 'org.apache.spark.network.netty.NettyBlockTransferService' on port 41601.
[2021-12-10 08:51:18,560] {spark_submit.py:523} INFO - 21/12/10 08:51:18 INFO NettyBlockTransferService: Server created on 041e6f8654c3:41601
[2021-12-10 08:51:18,562] {spark_submit.py:523} INFO - 21/12/10 08:51:18 INFO BlockManager: Using org.apache.spark.storage.RandomBlockReplicationPolicy for block replication policy
[2021-12-10 08:51:18,585] {spark_submit.py:523} INFO - 21/12/10 08:51:18 INFO SparkUI: Stopped Spark web UI at http://041e6f8654c3:4053
[2021-12-10 08:51:18,613] {spark_submit.py:523} INFO - 21/12/10 08:51:18 INFO BlockManagerMaster: Registering BlockManager BlockManagerId(driver, 041e6f8654c3, 41601, None)
[2021-12-10 08:51:18,640] {spark_submit.py:523} INFO - 21/12/10 08:51:18 INFO BlockManagerMasterEndpoint: Registering block manager 041e6f8654c3:41601 with 434.4 MiB RAM, BlockManagerId(driver, 041e6f8654c3, 41601, None)
[2021-12-10 08:51:18,642] {spark_submit.py:523} INFO - 21/12/10 08:51:18 INFO StandaloneSchedulerBackend: Shutting down all executors
[2021-12-10 08:51:18,668] {spark_submit.py:523} INFO - 21/12/10 08:51:18 INFO BlockManagerMaster: Registered BlockManager BlockManagerId(driver, 041e6f8654c3, 41601, None)
[2021-12-10 08:51:18,670] {spark_submit.py:523} INFO - 21/12/10 08:51:18 INFO BlockManager: Initialized BlockManager: BlockManagerId(driver, 041e6f8654c3, 41601, None)
[2021-12-10 08:51:18,674] {spark_submit.py:523} INFO - 21/12/10 08:51:18 INFO CoarseGrainedSchedulerBackend$DriverEndpoint: Asking each executor to shut down
[2021-12-10 08:51:18,711] {spark_submit.py:523} INFO - 21/12/10 08:51:18 WARN StandaloneAppClient$ClientEndpoint: Drop UnregisterApplication(null) because has not yet connected to master
[2021-12-10 08:51:18,827] {spark_submit.py:523} INFO - 21/12/10 08:51:18 INFO MapOutputTrackerMasterEndpoint: MapOutputTrackerMasterEndpoint stopped!
[2021-12-10 08:51:18,949] {spark_submit.py:523} INFO - 21/12/10 08:51:18 INFO MemoryStore: MemoryStore cleared
[2021-12-10 08:51:18,953] {spark_submit.py:523} INFO - 21/12/10 08:51:18 INFO BlockManager: BlockManager stopped
[2021-12-10 08:51:18,972] {spark_submit.py:523} INFO - 21/12/10 08:51:18 INFO BlockManagerMaster: BlockManagerMaster stopped
[2021-12-10 08:51:18,985] {spark_submit.py:523} INFO - 21/12/10 08:51:18 INFO OutputCommitCoordinator$OutputCommitCoordinatorEndpoint: OutputCommitCoordinator stopped!
[2021-12-10 08:51:19,117] {spark_submit.py:523} INFO - 21/12/10 08:51:19 INFO SparkContext: Successfully stopped SparkContext
[2021-12-10 08:51:19,928] {spark_submit.py:523} INFO - 21/12/10 08:51:19 ERROR SparkContext: Error initializing SparkContext.
[2021-12-10 08:51:19,929] {spark_submit.py:523} INFO - java.lang.IllegalArgumentException: requirement failed: Can only call getServletHandlers on a running MetricsSystem
[2021-12-10 08:51:19,930] {spark_submit.py:523} INFO - at scala.Predef$.require(Predef.scala:281)
[2021-12-10 08:51:19,931] {spark_submit.py:523} INFO - at org.apache.spark.metrics.MetricsSystem.getServletHandlers(MetricsSystem.scala:89)
[2021-12-10 08:51:19,933] {spark_submit.py:523} INFO - at org.apache.spark.SparkContext.<init>(SparkContext.scala:603)
[2021-12-10 08:51:19,934] {spark_submit.py:523} INFO - at org.apache.spark.api.java.JavaSparkContext.<init>(JavaSparkContext.scala:58)
[2021-12-10 08:51:19,935] {spark_submit.py:523} INFO - at java.base/jdk.internal.reflect.NativeConstructorAccessorImpl.newInstance0(Native Method)
[2021-12-10 08:51:19,936] {spark_submit.py:523} INFO - at java.base/jdk.internal.reflect.NativeConstructorAccessorImpl.newInstance(NativeConstructorAccessorImpl.java:62)
[2021-12-10 08:51:19,938] {spark_submit.py:523} INFO - at java.base/jdk.internal.reflect.DelegatingConstructorAccessorImpl.newInstance(DelegatingConstructorAccessorImpl.java:45)
[2021-12-10 08:51:19,939] {spark_submit.py:523} INFO - at java.base/java.lang.reflect.Constructor.newInstance(Constructor.java:490)
[2021-12-10 08:51:19,941] {spark_submit.py:523} INFO - at py4j.reflection.MethodInvoker.invoke(MethodInvoker.java:247)
[2021-12-10 08:51:19,942] {spark_submit.py:523} INFO - at py4j.reflection.ReflectionEngine.invoke(ReflectionEngine.java:357)
[2021-12-10 08:51:19,943] {spark_submit.py:523} INFO - at py4j.Gateway.invoke(Gateway.java:238)
[2021-12-10 08:51:19,945] {spark_submit.py:523} INFO - at py4j.commands.ConstructorCommand.invokeConstructor(ConstructorCommand.java:80)
[2021-12-10 08:51:19,946] {spark_submit.py:523} INFO - at py4j.commands.ConstructorCommand.execute(ConstructorCommand.java:69)
[2021-12-10 08:51:19,949] {spark_submit.py:523} INFO - at py4j.ClientServerConnection.waitForCommands(ClientServerConnection.java:182)
[2021-12-10 08:51:19,950] {spark_submit.py:523} INFO - at py4j.ClientServerConnection.run(ClientServerConnection.java:106)
[2021-12-10 08:51:19,951] {spark_submit.py:523} INFO - at java.base/java.lang.Thread.run(Thread.java:829)
[2021-12-10 08:51:19,952] {spark_submit.py:523} INFO - 21/12/10 08:51:19 INFO SparkContext: SparkContext already stopped.
[2021-12-10 08:51:19,953] {spark_submit.py:523} INFO - Traceback (most recent call last):
[2021-12-10 08:51:19,954] {spark_submit.py:523} INFO - File "/opt/***/jobs/persist_db.py", line 52, in <module>
[2021-12-10 08:51:19,955] {spark_submit.py:523} INFO - .config("spark.driver.bindAddress", "localhost") \
[2021-12-10 08:51:19,957] {spark_submit.py:523} INFO - File "/home/***/.local/lib/python3.6/site-packages/pyspark/python/lib/pyspark.zip/pyspark/sql/session.py", line 228, in getOrCreate
[2021-12-10 08:51:19,959] {spark_submit.py:523} INFO - File "/home/***/.local/lib/python3.6/site-packages/pyspark/python/lib/pyspark.zip/pyspark/context.py", line 392, in getOrCreate
[2021-12-10 08:51:19,960] {spark_submit.py:523} INFO - File "/home/***/.local/lib/python3.6/site-packages/pyspark/python/lib/pyspark.zip/pyspark/context.py", line 147, in __init__
[2021-12-10 08:51:19,961] {spark_submit.py:523} INFO - File "/home/***/.local/lib/python3.6/site-packages/pyspark/python/lib/pyspark.zip/pyspark/context.py", line 209, in _do_init
[2021-12-10 08:51:19,962] {spark_submit.py:523} INFO - File "/home/***/.local/lib/python3.6/site-packages/pyspark/python/lib/pyspark.zip/pyspark/context.py", line 329, in _initialize_context
[2021-12-10 08:51:19,963] {spark_submit.py:523} INFO - File "/home/***/.local/lib/python3.6/site-packages/pyspark/python/lib/py4j-0.10.9.2-src.zip/py4j/java_gateway.py", line 1574, in __call__
[2021-12-10 08:51:19,964] {spark_submit.py:523} INFO - File "/home/***/.local/lib/python3.6/site-packages/pyspark/python/lib/py4j-0.10.9.2-src.zip/py4j/protocol.py", line 328, in get_return_value
[2021-12-10 08:51:19,965] {spark_submit.py:523} INFO - py4j.protocol.Py4JJavaError: An error occurred while calling None.org.apache.spark.api.java.JavaSparkContext.
[2021-12-10 08:51:19,967] {spark_submit.py:523} INFO - : java.lang.IllegalArgumentException: requirement failed: Can only call getServletHandlers on a running MetricsSystem
[2021-12-10 08:51:19,968] {spark_submit.py:523} INFO - at scala.Predef$.require(Predef.scala:281)
[2021-12-10 08:51:19,968] {spark_submit.py:523} INFO - at org.apache.spark.metrics.MetricsSystem.getServletHandlers(MetricsSystem.scala:89)
[2021-12-10 08:51:19,969] {spark_submit.py:523} INFO - at org.apache.spark.SparkContext.<init>(SparkContext.scala:603)
[2021-12-10 08:51:19,970] {spark_submit.py:523} INFO - at org.apache.spark.api.java.JavaSparkContext.<init>(JavaSparkContext.scala:58)
[2021-12-10 08:51:19,971] {spark_submit.py:523} INFO - at java.base/jdk.internal.reflect.NativeConstructorAccessorImpl.newInstance0(Native Method)
[2021-12-10 08:51:19,972] {spark_submit.py:523} INFO - at java.base/jdk.internal.reflect.NativeConstructorAccessorImpl.newInstance(NativeConstructorAccessorImpl.java:62)
[2021-12-10 08:51:19,973] {spark_submit.py:523} INFO - at java.base/jdk.internal.reflect.DelegatingConstructorAccessorImpl.newInstance(DelegatingConstructorAccessorImpl.java:45)
[2021-12-10 08:51:19,974] {spark_submit.py:523} INFO - at java.base/java.lang.reflect.Constructor.newInstance(Constructor.java:490)
[2021-12-10 08:51:19,976] {spark_submit.py:523} INFO - at py4j.reflection.MethodInvoker.invoke(MethodInvoker.java:247)
[2021-12-10 08:51:19,978] {spark_submit.py:523} INFO - at py4j.reflection.ReflectionEngine.invoke(ReflectionEngine.java:357)
[2021-12-10 08:51:19,979] {spark_submit.py:523} INFO - at py4j.Gateway.invoke(Gateway.java:238)
[2021-12-10 08:51:19,980] {spark_submit.py:523} INFO - at py4j.commands.ConstructorCommand.invokeConstructor(ConstructorCommand.java:80)
[2021-12-10 08:51:19,981] {spark_submit.py:523} INFO - at py4j.commands.ConstructorCommand.execute(ConstructorCommand.java:69)
[2021-12-10 08:51:19,982] {spark_submit.py:523} INFO - at py4j.ClientServerConnection.waitForCommands(ClientServerConnection.java:182)
[2021-12-10 08:51:19,983] {spark_submit.py:523} INFO - at py4j.ClientServerConnection.run(ClientServerConnection.java:106)
[2021-12-10 08:51:19,984] {spark_submit.py:523} INFO - at java.base/java.lang.Thread.run(Thread.java:829)
[2021-12-10 08:51:19,985] {spark_submit.py:523} INFO - 
[2021-12-10 08:51:20,253] {spark_submit.py:523} INFO - 21/12/10 08:51:20 INFO ShutdownHookManager: Shutdown hook called
[2021-12-10 08:51:20,260] {spark_submit.py:523} INFO - 21/12/10 08:51:20 INFO ShutdownHookManager: Deleting directory /tmp/spark-b63f98a7-10a1-4b01-ba30-44cd78d11adc
[2021-12-10 08:51:20,269] {spark_submit.py:523} INFO - 21/12/10 08:51:20 INFO ShutdownHookManager: Deleting directory /tmp/spark-7599e835-27e8-4237-b49f-2fe719201b49
[2021-12-10 08:51:20,536] {taskinstance.py:1703} ERROR - Task failed with exception
Traceback (most recent call last):
  File "/home/airflow/.local/lib/python3.6/site-packages/airflow/models/taskinstance.py", line 1332, in _run_raw_task
    self._execute_task_with_callbacks(context)
  File "/home/airflow/.local/lib/python3.6/site-packages/airflow/models/taskinstance.py", line 1458, in _execute_task_with_callbacks
    result = self._execute_task(context, self.task)
  File "/home/airflow/.local/lib/python3.6/site-packages/airflow/models/taskinstance.py", line 1514, in _execute_task
    result = execute_callable(context=context)
  File "/home/airflow/.local/lib/python3.6/site-packages/airflow/providers/apache/spark/operators/spark_submit.py", line 179, in execute
    self._hook.submit(self._application)
  File "/home/airflow/.local/lib/python3.6/site-packages/airflow/providers/apache/spark/hooks/spark_submit.py", line 452, in submit
    self._mask_cmd(spark_submit_cmd), returncode
airflow.exceptions.AirflowException: Cannot execute: spark-submit --master spark://spark:7077 --conf spark.master=spark://spark:7077 --name persist data --verbose /opt/***/jobs/persist_db.py offaly. Error code is: 1.
[2021-12-10 08:51:20,571] {taskinstance.py:1280} INFO - Marking task as UP_FOR_RETRY. dag_id=scraping_daft_offaly, task_id=persist_data, execution_date=20211209T044500, start_date=20211210T084951, end_date=20211210T085120
[2021-12-10 08:51:20,617] {standard_task_runner.py:91} ERROR - Failed to execute job 976 for task persist_data
Traceback (most recent call last):
  File "/home/airflow/.local/lib/python3.6/site-packages/airflow/task/task_runner/standard_task_runner.py", line 85, in _start_by_fork
    args.func(args, dag=self.dag)
  File "/home/airflow/.local/lib/python3.6/site-packages/airflow/cli/cli_parser.py", line 48, in command
    return func(*args, **kwargs)
  File "/home/airflow/.local/lib/python3.6/site-packages/airflow/utils/cli.py", line 92, in wrapper
    return f(*args, **kwargs)
  File "/home/airflow/.local/lib/python3.6/site-packages/airflow/cli/commands/task_command.py", line 292, in task_run
    _run_task_by_selected_method(args, dag, ti)
  File "/home/airflow/.local/lib/python3.6/site-packages/airflow/cli/commands/task_command.py", line 107, in _run_task_by_selected_method
    _run_raw_task(args, ti)
  File "/home/airflow/.local/lib/python3.6/site-packages/airflow/cli/commands/task_command.py", line 184, in _run_raw_task
    error_file=args.error_file,
  File "/home/airflow/.local/lib/python3.6/site-packages/airflow/utils/session.py", line 70, in wrapper
    return func(*args, session=session, **kwargs)
  File "/home/airflow/.local/lib/python3.6/site-packages/airflow/models/taskinstance.py", line 1332, in _run_raw_task
    self._execute_task_with_callbacks(context)
  File "/home/airflow/.local/lib/python3.6/site-packages/airflow/models/taskinstance.py", line 1458, in _execute_task_with_callbacks
    result = self._execute_task(context, self.task)
  File "/home/airflow/.local/lib/python3.6/site-packages/airflow/models/taskinstance.py", line 1514, in _execute_task
    result = execute_callable(context=context)
  File "/home/airflow/.local/lib/python3.6/site-packages/airflow/providers/apache/spark/operators/spark_submit.py", line 179, in execute
    self._hook.submit(self._application)
  File "/home/airflow/.local/lib/python3.6/site-packages/airflow/providers/apache/spark/hooks/spark_submit.py", line 452, in submit
    self._mask_cmd(spark_submit_cmd), returncode
airflow.exceptions.AirflowException: Cannot execute: spark-submit --master spark://spark:7077 --conf spark.master=spark://spark:7077 --name persist data --verbose /opt/***/jobs/persist_db.py offaly. Error code is: 1.
[2021-12-10 08:51:20,684] {local_task_job.py:154} INFO - Task exited with return code 1
[2021-12-10 08:51:21,655] {local_task_job.py:264} INFO - 0 downstream tasks scheduled from follow-on schedule check
