[2021-12-25 12:38:58,075] {taskinstance.py:1035} INFO - Dependencies all met for <TaskInstance: scraping_daft_galway.scrap_data scheduled__2021-12-24T09:35:00+00:00 [queued]>
[2021-12-25 12:38:58,186] {taskinstance.py:1035} INFO - Dependencies all met for <TaskInstance: scraping_daft_galway.scrap_data scheduled__2021-12-24T09:35:00+00:00 [queued]>
[2021-12-25 12:38:58,212] {taskinstance.py:1241} INFO - 
--------------------------------------------------------------------------------
[2021-12-25 12:38:58,216] {taskinstance.py:1242} INFO - Starting attempt 2 of 4
[2021-12-25 12:38:58,218] {taskinstance.py:1243} INFO - 
--------------------------------------------------------------------------------
[2021-12-25 12:38:58,385] {taskinstance.py:1262} INFO - Executing <Task(SparkSubmitOperator): scrap_data> on 2021-12-24 09:35:00+00:00
[2021-12-25 12:38:58,437] {standard_task_runner.py:52} INFO - Started process 38681 to run task
[2021-12-25 12:38:58,656] {standard_task_runner.py:76} INFO - Running: ['***', 'tasks', 'run', 'scraping_daft_galway', 'scrap_data', 'scheduled__2021-12-24T09:35:00+00:00', '--job-id', '4418', '--raw', '--subdir', 'DAGS_FOLDER/scraping_daft_galway.py', '--cfg-path', '/tmp/tmpfuwk5r3p', '--error-file', '/tmp/tmpavl4jrbn']
[2021-12-25 12:38:58,736] {standard_task_runner.py:77} INFO - Job 4418: Subtask scrap_data
[2021-12-25 12:39:00,198] {logging_mixin.py:109} INFO - Running <TaskInstance: scraping_daft_galway.scrap_data scheduled__2021-12-24T09:35:00+00:00 [running]> on host dd6c6a1cba03
[2021-12-25 12:39:01,347] {taskinstance.py:1429} INFO - Exporting the following env vars:
AIRFLOW_CTX_DAG_EMAIL=clement.liscoet@gmail.com
AIRFLOW_CTX_DAG_OWNER=clemoni
AIRFLOW_CTX_DAG_ID=scraping_daft_galway
AIRFLOW_CTX_TASK_ID=scrap_data
AIRFLOW_CTX_EXECUTION_DATE=2021-12-24T09:35:00+00:00
AIRFLOW_CTX_DAG_RUN_ID=scheduled__2021-12-24T09:35:00+00:00
[2021-12-25 12:39:01,467] {base.py:79} INFO - Using connection to: id: spark_default. Host: spark://spark:7077, Port: None, Schema: , Login: ***, Password: ***, extra: {}
[2021-12-25 12:39:01,471] {spark_submit.py:360} INFO - Spark-Submit cmd: spark-submit --master spark://spark:7077 --conf spark.master=spark://spark:7077 --name scrap data --verbose /opt/***/jobs/get_ads_per_county.py galway
[2021-12-25 12:52:38,664] {spark_submit.py:514} INFO - Using properties file: null
[2021-12-25 12:52:42,290] {spark_submit.py:514} INFO - WARNING: An illegal reflective access operation has occurred
[2021-12-25 12:52:42,292] {spark_submit.py:514} INFO - WARNING: Illegal reflective access by org.apache.spark.unsafe.Platform (file:/home/***/.local/lib/python3.6/site-packages/pyspark/jars/spark-unsafe_2.12-3.2.0.jar) to constructor java.nio.DirectByteBuffer(long,int)
[2021-12-25 12:52:42,293] {spark_submit.py:514} INFO - WARNING: Please consider reporting this to the maintainers of org.apache.spark.unsafe.Platform
[2021-12-25 12:52:42,295] {spark_submit.py:514} INFO - WARNING: Use --illegal-access=warn to enable warnings of further illegal reflective access operations
[2021-12-25 12:52:42,296] {spark_submit.py:514} INFO - WARNING: All illegal access operations will be denied in a future release
[2021-12-25 12:52:43,604] {spark_submit.py:514} INFO - Parsed arguments:
[2021-12-25 12:52:43,606] {spark_submit.py:514} INFO - master                  spark://spark:7077
[2021-12-25 12:52:43,607] {spark_submit.py:514} INFO - deployMode              null
[2021-12-25 12:52:43,608] {spark_submit.py:514} INFO - executorMemory          null
[2021-12-25 12:52:43,609] {spark_submit.py:514} INFO - executorCores           null
[2021-12-25 12:52:43,610] {spark_submit.py:514} INFO - totalExecutorCores      null
[2021-12-25 12:52:43,612] {spark_submit.py:514} INFO - propertiesFile          null
[2021-12-25 12:52:43,613] {spark_submit.py:514} INFO - driverMemory            null
[2021-12-25 12:52:43,614] {spark_submit.py:514} INFO - driverCores             null
[2021-12-25 12:52:43,615] {spark_submit.py:514} INFO - driverExtraClassPath    null
[2021-12-25 12:52:43,616] {spark_submit.py:514} INFO - driverExtraLibraryPath  null
[2021-12-25 12:52:43,617] {spark_submit.py:514} INFO - driverExtraJavaOptions  null
[2021-12-25 12:52:43,619] {spark_submit.py:514} INFO - supervise               false
[2021-12-25 12:52:43,620] {spark_submit.py:514} INFO - queue                   null
[2021-12-25 12:52:43,621] {spark_submit.py:514} INFO - numExecutors            null
[2021-12-25 12:52:43,622] {spark_submit.py:514} INFO - files                   null
[2021-12-25 12:52:43,624] {spark_submit.py:514} INFO - pyFiles                 null
[2021-12-25 12:52:43,625] {spark_submit.py:514} INFO - archives                null
[2021-12-25 12:52:43,626] {spark_submit.py:514} INFO - mainClass               null
[2021-12-25 12:52:43,627] {spark_submit.py:514} INFO - primaryResource         file:/opt/***/jobs/get_ads_per_county.py
[2021-12-25 12:52:43,628] {spark_submit.py:514} INFO - name                    scrap data
[2021-12-25 12:52:43,629] {spark_submit.py:514} INFO - childArgs               [galway]
[2021-12-25 12:52:43,630] {spark_submit.py:514} INFO - jars                    null
[2021-12-25 12:52:43,631] {spark_submit.py:514} INFO - packages                null
[2021-12-25 12:52:43,632] {spark_submit.py:514} INFO - packagesExclusions      null
[2021-12-25 12:52:43,634] {spark_submit.py:514} INFO - repositories            null
[2021-12-25 12:52:43,635] {spark_submit.py:514} INFO - verbose                 true
[2021-12-25 12:52:43,637] {spark_submit.py:514} INFO - 
[2021-12-25 12:52:43,638] {spark_submit.py:514} INFO - Spark properties used, including those specified through
[2021-12-25 12:52:43,641] {spark_submit.py:514} INFO - --conf and those from the properties file null:
[2021-12-25 12:52:43,643] {spark_submit.py:514} INFO - (spark.master,spark://spark:7077)
[2021-12-25 12:52:43,644] {spark_submit.py:514} INFO - 
[2021-12-25 12:52:43,645] {spark_submit.py:514} INFO - 
[2021-12-25 12:52:47,096] {spark_submit.py:514} INFO - Main class:
[2021-12-25 12:52:47,110] {spark_submit.py:514} INFO - org.apache.spark.deploy.PythonRunner
[2021-12-25 12:52:47,122] {spark_submit.py:514} INFO - Arguments:
[2021-12-25 12:52:47,127] {spark_submit.py:514} INFO - file:/opt/***/jobs/get_ads_per_county.py
[2021-12-25 12:52:47,129] {spark_submit.py:514} INFO - null
[2021-12-25 12:52:47,129] {spark_submit.py:514} INFO - galway
[2021-12-25 12:52:47,130] {spark_submit.py:514} INFO - --verbose
[2021-12-25 12:52:47,131] {spark_submit.py:514} INFO - Spark config:
[2021-12-25 12:52:47,132] {spark_submit.py:514} INFO - (spark.app.name,scrap data)
[2021-12-25 12:52:47,133] {spark_submit.py:514} INFO - (spark.master,spark://spark:7077)
[2021-12-25 12:52:47,134] {spark_submit.py:514} INFO - (spark.submit.pyFiles,)
[2021-12-25 12:52:47,134] {spark_submit.py:514} INFO - (spark.submit.deployMode,client)
[2021-12-25 12:52:47,135] {spark_submit.py:514} INFO - Classpath elements:
[2021-12-25 12:52:47,136] {spark_submit.py:514} INFO - 
[2021-12-25 12:52:47,137] {spark_submit.py:514} INFO - 
[2021-12-25 12:52:47,138] {spark_submit.py:514} INFO - 
[2021-12-25 12:53:01,871] {spark_submit.py:514} INFO - Using Spark's default log4j profile: org/apache/spark/log4j-defaults.properties
[2021-12-25 12:53:02,110] {spark_submit.py:514} INFO - 21/12/25 12:53:02 INFO SparkContext: Running Spark version 3.2.0
[2021-12-25 12:53:03,032] {spark_submit.py:514} INFO - 21/12/25 12:53:03 WARN NativeCodeLoader: Unable to load native-hadoop library for your platform... using builtin-java classes where applicable
[2021-12-25 12:53:06,897] {spark_submit.py:514} INFO - 21/12/25 12:53:06 INFO ResourceUtils: ==============================================================
[2021-12-25 12:53:06,922] {spark_submit.py:514} INFO - 21/12/25 12:53:06 INFO ResourceUtils: No custom resources configured for spark.driver.
[2021-12-25 12:53:06,951] {spark_submit.py:514} INFO - 21/12/25 12:53:06 INFO ResourceUtils: ==============================================================
[2021-12-25 12:53:06,980] {spark_submit.py:514} INFO - 21/12/25 12:53:06 INFO SparkContext: Submitted application: Get Ads per county
[2021-12-25 12:53:07,510] {spark_submit.py:514} INFO - 21/12/25 12:53:07 INFO ResourceProfile: Default ResourceProfile created, executor resources: Map(cores -> name: cores, amount: 1, script: , vendor: , memory -> name: memory, amount: 1024, script: , vendor: , offHeap -> name: offHeap, amount: 0, script: , vendor: ), task resources: Map(cpus -> name: cpus, amount: 1.0)
[2021-12-25 12:53:07,742] {spark_submit.py:514} INFO - 21/12/25 12:53:07 INFO ResourceProfile: Limiting resource is cpu
[2021-12-25 12:53:07,785] {spark_submit.py:514} INFO - 21/12/25 12:53:07 INFO ResourceProfileManager: Added ResourceProfile id: 0
[2021-12-25 12:53:10,392] {spark_submit.py:514} INFO - 21/12/25 12:53:10 INFO SecurityManager: Changing view acls to: ***
[2021-12-25 12:53:10,435] {spark_submit.py:514} INFO - 21/12/25 12:53:10 INFO SecurityManager: Changing modify acls to: ***
[2021-12-25 12:53:10,440] {spark_submit.py:514} INFO - 21/12/25 12:53:10 INFO SecurityManager: Changing view acls groups to:
[2021-12-25 12:53:10,442] {spark_submit.py:514} INFO - 21/12/25 12:53:10 INFO SecurityManager: Changing modify acls groups to:
[2021-12-25 12:53:10,446] {spark_submit.py:514} INFO - 21/12/25 12:53:10 INFO SecurityManager: SecurityManager: authentication disabled; ui acls disabled; users  with view permissions: Set(***); groups with view permissions: Set(); users  with modify permissions: Set(***); groups with modify permissions: Set()
[2021-12-25 12:53:24,586] {spark_submit.py:514} INFO - 21/12/25 12:53:24 INFO Utils: Successfully started service 'sparkDriver' on port 41829.
[2021-12-25 12:53:28,950] {spark_submit.py:514} INFO - 21/12/25 12:53:28 INFO SparkEnv: Registering MapOutputTracker
[2021-12-25 12:53:31,042] {spark_submit.py:514} INFO - 21/12/25 12:53:31 INFO SparkEnv: Registering BlockManagerMaster
[2021-12-25 12:53:31,877] {spark_submit.py:514} INFO - 21/12/25 12:53:31 INFO BlockManagerMasterEndpoint: Using org.apache.spark.storage.DefaultTopologyMapper for getting topology information
[2021-12-25 12:53:31,891] {spark_submit.py:514} INFO - 21/12/25 12:53:31 INFO BlockManagerMasterEndpoint: BlockManagerMasterEndpoint up
[2021-12-25 12:53:32,015] {spark_submit.py:514} INFO - 21/12/25 12:53:32 INFO SparkEnv: Registering BlockManagerMasterHeartbeat
[2021-12-25 12:53:34,087] {spark_submit.py:514} INFO - 21/12/25 12:53:34 INFO DiskBlockManager: Created local directory at /tmp/blockmgr-b5f878d0-8e65-4d96-95bf-3e3175e9737b
[2021-12-25 12:53:41,375] {spark_submit.py:514} INFO - 21/12/25 12:53:41 INFO MemoryStore: MemoryStore started with capacity 434.4 MiB
[2021-12-25 12:53:55,571] {spark_submit.py:514} INFO - 21/12/25 12:53:55 INFO SparkEnv: Registering OutputCommitCoordinator
[2021-12-25 12:54:23,123] {spark_submit.py:514} INFO - 21/12/25 12:54:23 WARN Utils: Service 'SparkUI' could not bind on port 4040. Attempting port 4041.
[2021-12-25 12:54:23,132] {spark_submit.py:514} INFO - 21/12/25 12:54:23 WARN Utils: Service 'SparkUI' could not bind on port 4041. Attempting port 4042.
[2021-12-25 12:54:23,134] {spark_submit.py:514} INFO - 21/12/25 12:54:23 WARN Utils: Service 'SparkUI' could not bind on port 4042. Attempting port 4043.
[2021-12-25 12:54:23,135] {spark_submit.py:514} INFO - 21/12/25 12:54:23 WARN Utils: Service 'SparkUI' could not bind on port 4043. Attempting port 4044.
[2021-12-25 12:54:23,139] {spark_submit.py:514} INFO - 21/12/25 12:54:23 WARN Utils: Service 'SparkUI' could not bind on port 4044. Attempting port 4045.
[2021-12-25 12:54:23,140] {spark_submit.py:514} INFO - 21/12/25 12:54:23 WARN Utils: Service 'SparkUI' could not bind on port 4045. Attempting port 4046.
[2021-12-25 12:54:23,150] {spark_submit.py:514} INFO - 21/12/25 12:54:23 WARN Utils: Service 'SparkUI' could not bind on port 4046. Attempting port 4047.
[2021-12-25 12:54:23,155] {spark_submit.py:514} INFO - 21/12/25 12:54:23 WARN Utils: Service 'SparkUI' could not bind on port 4047. Attempting port 4048.
[2021-12-25 12:54:23,165] {spark_submit.py:514} INFO - 21/12/25 12:54:23 WARN Utils: Service 'SparkUI' could not bind on port 4048. Attempting port 4049.
[2021-12-25 12:54:23,176] {spark_submit.py:514} INFO - 21/12/25 12:54:23 WARN Utils: Service 'SparkUI' could not bind on port 4049. Attempting port 4050.
[2021-12-25 12:54:23,189] {spark_submit.py:514} INFO - 21/12/25 12:54:23 WARN Utils: Service 'SparkUI' could not bind on port 4050. Attempting port 4051.
[2021-12-25 12:54:23,190] {spark_submit.py:514} INFO - 21/12/25 12:54:23 WARN Utils: Service 'SparkUI' could not bind on port 4051. Attempting port 4052.
[2021-12-25 12:54:23,199] {spark_submit.py:514} INFO - 21/12/25 12:54:23 WARN Utils: Service 'SparkUI' could not bind on port 4052. Attempting port 4053.
[2021-12-25 12:54:23,473] {spark_submit.py:514} INFO - 21/12/25 12:54:23 INFO Utils: Successfully started service 'SparkUI' on port 4053.
[2021-12-25 12:54:24,999] {spark_submit.py:514} INFO - 21/12/25 12:54:24 INFO SparkUI: Bound SparkUI to 0.0.0.0, and started at http://dd6c6a1cba03:4053
[2021-12-25 12:54:30,235] {spark_submit.py:514} INFO - 21/12/25 12:54:30 INFO StandaloneAppClient$ClientEndpoint: Connecting to master spark://spark:7077...
[2021-12-25 12:54:41,896] {spark_submit.py:514} INFO - 21/12/25 12:54:41 INFO TransportClientFactory: Successfully created connection to spark/172.21.0.4:7077 after 9914 ms (0 ms spent in bootstraps)
[2021-12-25 12:54:45,807] {spark_submit.py:514} INFO - 21/12/25 12:54:45 INFO StandaloneSchedulerBackend: Connected to Spark cluster with app ID app-20211225125445-0104
[2021-12-25 12:54:45,919] {spark_submit.py:514} INFO - 21/12/25 12:54:45 INFO Utils: Successfully started service 'org.apache.spark.network.netty.NettyBlockTransferService' on port 39161.
[2021-12-25 12:54:45,928] {spark_submit.py:514} INFO - 21/12/25 12:54:45 INFO NettyBlockTransferService: Server created on dd6c6a1cba03:39161
[2021-12-25 12:54:45,947] {spark_submit.py:514} INFO - 21/12/25 12:54:45 INFO BlockManager: Using org.apache.spark.storage.RandomBlockReplicationPolicy for block replication policy
[2021-12-25 12:54:46,124] {spark_submit.py:514} INFO - 21/12/25 12:54:46 INFO BlockManagerMaster: Registering BlockManager BlockManagerId(driver, dd6c6a1cba03, 39161, None)
[2021-12-25 12:54:46,175] {spark_submit.py:514} INFO - 21/12/25 12:54:46 INFO BlockManagerMasterEndpoint: Registering block manager dd6c6a1cba03:39161 with 434.4 MiB RAM, BlockManagerId(driver, dd6c6a1cba03, 39161, None)
[2021-12-25 12:54:46,189] {spark_submit.py:514} INFO - 21/12/25 12:54:46 INFO BlockManagerMaster: Registered BlockManager BlockManagerId(driver, dd6c6a1cba03, 39161, None)
[2021-12-25 12:54:46,204] {spark_submit.py:514} INFO - 21/12/25 12:54:46 INFO BlockManager: Initialized BlockManager: BlockManagerId(driver, dd6c6a1cba03, 39161, None)
[2021-12-25 12:55:06,753] {spark_submit.py:514} INFO - 21/12/25 12:55:06 INFO AsyncEventQueue: Process of event SparkListenerResourceProfileAdded(Profile: id = 0, executor resources: cores -> name: cores, amount: 1, script: , vendor: ,memory -> name: memory, amount: 1024, script: , vendor: ,offHeap -> name: offHeap, amount: 0, script: , vendor: , task resources: cpus -> name: cpus, amount: 1.0) by listener HeartbeatReceiver took 1.226388s.
[2021-12-25 12:55:07,021] {spark_submit.py:514} INFO - 21/12/25 12:55:06 INFO AsyncEventQueue: Process of event SparkListenerResourceProfileAdded(Profile: id = 0, executor resources: cores -> name: cores, amount: 1, script: , vendor: ,memory -> name: memory, amount: 1024, script: , vendor: ,offHeap -> name: offHeap, amount: 0, script: , vendor: , task resources: cpus -> name: cpus, amount: 1.0) by listener AppStatusListener took 1.6642378s.
[2021-12-25 12:55:07,565] {spark_submit.py:514} INFO - 21/12/25 12:55:07 INFO StandaloneSchedulerBackend: SchedulerBackend is ready for scheduling beginning after reached minRegisteredResourcesRatio: 0.0
[2021-12-25 12:55:10,108] {spark_submit.py:514} INFO - /home/***/.local/lib/python3.6/site-packages/pyspark/python/lib/pyspark.zip/pyspark/context.py:238: FutureWarning: Python 3.6 support is deprecated in Spark 3.2.
[2021-12-25 12:55:10,120] {spark_submit.py:514} INFO - FutureWarning
[2021-12-25 12:55:19,463] {spark_submit.py:514} INFO - 21/12/25 12:55:19 INFO AsyncEventQueue: Process of event SparkListenerExecutorMetricsUpdate(driver,WrappedArray(),Map((-1,-1) -> org.apache.spark.executor.ExecutorMetrics@19f757d8)) by listener AppStatusListener took 1.6639377s.
[2021-12-25 12:55:27,103] {spark_submit.py:514} INFO - 21/12/25 12:55:27 INFO SharedState: Setting hive.metastore.warehouse.dir ('null') to the value of spark.sql.warehouse.dir.
[2021-12-25 12:55:28,397] {spark_submit.py:514} INFO - 21/12/25 12:55:28 INFO SharedState: Warehouse path is 'file:/opt/***/spark-warehouse'.
[2021-12-25 12:56:00,024] {spark_submit.py:514} INFO - running...
[2021-12-25 12:56:00,029] {spark_submit.py:514} INFO - running...
[2021-12-25 12:56:00,875] {spark_submit.py:514} INFO - running...
[2021-12-25 12:56:02,157] {spark_submit.py:514} INFO - running...
[2021-12-25 12:56:03,579] {spark_submit.py:514} INFO - running...
[2021-12-25 12:56:04,584] {spark_submit.py:514} INFO - running...
[2021-12-25 12:56:05,992] {spark_submit.py:514} INFO - running...
[2021-12-25 12:56:07,421] {spark_submit.py:514} INFO - running...
[2021-12-25 12:56:08,802] {spark_submit.py:514} INFO - running...
[2021-12-25 12:56:11,854] {spark_submit.py:514} INFO - running...
[2021-12-25 12:56:13,114] {spark_submit.py:514} INFO - running...
[2021-12-25 12:56:14,015] {spark_submit.py:514} INFO - running...
[2021-12-25 12:56:14,918] {spark_submit.py:514} INFO - running...
[2021-12-25 12:56:16,396] {spark_submit.py:514} INFO - running...
[2021-12-25 12:56:17,121] {spark_submit.py:514} INFO - running...
[2021-12-25 12:56:18,589] {spark_submit.py:514} INFO - running...
[2021-12-25 12:56:19,780] {spark_submit.py:514} INFO - running...
[2021-12-25 12:56:21,776] {spark_submit.py:514} INFO - running...
[2021-12-25 12:56:23,072] {spark_submit.py:514} INFO - running...
[2021-12-25 12:56:23,761] {spark_submit.py:514} INFO - running...
[2021-12-25 12:56:27,430] {spark_submit.py:514} INFO - running...
[2021-12-25 12:56:28,730] {spark_submit.py:514} INFO - running...
[2021-12-25 12:56:30,339] {spark_submit.py:514} INFO - running...
[2021-12-25 12:56:32,977] {spark_submit.py:514} INFO - running...
[2021-12-25 12:56:34,182] {spark_submit.py:514} INFO - running...
[2021-12-25 12:56:35,739] {spark_submit.py:514} INFO - running...
[2021-12-25 12:56:37,634] {spark_submit.py:514} INFO - running...
[2021-12-25 12:56:39,331] {spark_submit.py:514} INFO - 21/12/25 12:56:39 INFO StandaloneAppClient$ClientEndpoint: Executor added: app-20211225125445-0104/0 on worker-20211224102243-172.21.0.5-40097 (172.21.0.5:40097) with 6 core(s)
[2021-12-25 12:56:39,354] {spark_submit.py:514} INFO - 21/12/25 12:56:39 INFO StandaloneSchedulerBackend: Granted executor ID app-20211225125445-0104/0 on hostPort 172.21.0.5:40097 with 6 core(s), 1024.0 MiB RAM
[2021-12-25 12:56:39,359] {spark_submit.py:514} INFO - 21/12/25 12:56:39 INFO StandaloneAppClient$ClientEndpoint: Executor added: app-20211225125445-0104/1 on worker-20211224102243-172.21.0.6-46073 (172.21.0.6:46073) with 6 core(s)
[2021-12-25 12:56:39,363] {spark_submit.py:514} INFO - 21/12/25 12:56:39 INFO StandaloneSchedulerBackend: Granted executor ID app-20211225125445-0104/1 on hostPort 172.21.0.6:46073 with 6 core(s), 1024.0 MiB RAM
[2021-12-25 12:56:39,389] {spark_submit.py:514} INFO - running...
[2021-12-25 12:56:40,401] {spark_submit.py:514} INFO - 21/12/25 12:56:40 INFO StandaloneAppClient$ClientEndpoint: Executor updated: app-20211225125445-0104/0 is now RUNNING
[2021-12-25 12:56:40,792] {spark_submit.py:514} INFO - 21/12/25 12:56:40 INFO StandaloneAppClient$ClientEndpoint: Executor updated: app-20211225125445-0104/1 is now RUNNING
[2021-12-25 12:56:40,882] {spark_submit.py:514} INFO - running...
[2021-12-25 12:56:42,766] {spark_submit.py:514} INFO - running...
[2021-12-25 12:56:45,339] {spark_submit.py:514} INFO - running...
[2021-12-25 12:56:46,879] {spark_submit.py:514} INFO - running...
[2021-12-25 12:56:48,095] {spark_submit.py:514} INFO - running...
[2021-12-25 12:56:49,691] {spark_submit.py:514} INFO - running...
[2021-12-25 12:56:50,213] {spark_submit.py:514} INFO - running...
[2021-12-25 12:56:51,709] {spark_submit.py:514} INFO - running...
[2021-12-25 12:56:51,759] {spark_submit.py:514} INFO - 21/12/25 12:56:51 INFO CoarseGrainedSchedulerBackend$DriverEndpoint: Registered executor NettyRpcEndpointRef(spark-client://Executor) (172.21.0.5:33654) with ID 0,  ResourceProfileId 0
[2021-12-25 12:56:51,777] {spark_submit.py:514} INFO - 21/12/25 12:56:51 INFO CoarseGrainedSchedulerBackend$DriverEndpoint: Registered executor NettyRpcEndpointRef(spark-client://Executor) (172.21.0.6:56690) with ID 1,  ResourceProfileId 0
[2021-12-25 12:56:52,398] {spark_submit.py:514} INFO - 21/12/25 12:56:52 INFO BlockManagerMasterEndpoint: Registering block manager 172.21.0.5:35775 with 366.3 MiB RAM, BlockManagerId(0, 172.21.0.5, 35775, None)
[2021-12-25 12:56:52,535] {spark_submit.py:514} INFO - 21/12/25 12:56:52 INFO BlockManagerMasterEndpoint: Registering block manager 172.21.0.6:41841 with 366.3 MiB RAM, BlockManagerId(1, 172.21.0.6, 41841, None)
[2021-12-25 12:56:53,095] {spark_submit.py:514} INFO - running...
[2021-12-25 12:56:53,972] {spark_submit.py:514} INFO - running...
[2021-12-25 12:56:55,118] {spark_submit.py:514} INFO - running...
[2021-12-25 12:56:56,178] {spark_submit.py:514} INFO - running...
[2021-12-25 12:56:58,588] {spark_submit.py:514} INFO - running...
[2021-12-25 12:56:59,442] {spark_submit.py:514} INFO - running...
[2021-12-25 12:57:02,079] {spark_submit.py:514} INFO - running...
[2021-12-25 12:57:03,521] {spark_submit.py:514} INFO - running...
[2021-12-25 12:57:04,261] {spark_submit.py:514} INFO - running...
[2021-12-25 12:57:05,471] {spark_submit.py:514} INFO - running...
[2021-12-25 12:57:06,313] {spark_submit.py:514} INFO - running...
[2021-12-25 12:57:07,590] {spark_submit.py:514} INFO - running...
[2021-12-25 12:57:08,999] {spark_submit.py:514} INFO - running...
[2021-12-25 12:57:09,874] {spark_submit.py:514} INFO - running...
[2021-12-25 12:57:10,837] {spark_submit.py:514} INFO - running...
[2021-12-25 12:57:12,404] {spark_submit.py:514} INFO - running...
[2021-12-25 12:57:13,345] {spark_submit.py:514} INFO - running...
[2021-12-25 12:57:14,431] {spark_submit.py:514} INFO - running...
[2021-12-25 12:57:15,827] {spark_submit.py:514} INFO - running...
[2021-12-25 12:57:22,844] {spark_submit.py:514} INFO - 21/12/25 12:57:22 INFO SparkContext: Invoking stop() from shutdown hook
[2021-12-25 12:57:22,966] {spark_submit.py:514} INFO - 21/12/25 12:57:22 INFO SparkUI: Stopped Spark web UI at http://dd6c6a1cba03:4053
[2021-12-25 12:57:22,991] {spark_submit.py:514} INFO - 21/12/25 12:57:22 INFO StandaloneSchedulerBackend: Shutting down all executors
[2021-12-25 12:57:22,996] {spark_submit.py:514} INFO - 21/12/25 12:57:22 INFO CoarseGrainedSchedulerBackend$DriverEndpoint: Asking each executor to shut down
[2021-12-25 12:57:23,138] {spark_submit.py:514} INFO - 21/12/25 12:57:23 INFO MapOutputTrackerMasterEndpoint: MapOutputTrackerMasterEndpoint stopped!
[2021-12-25 12:57:23,684] {spark_submit.py:514} INFO - 21/12/25 12:57:23 INFO MemoryStore: MemoryStore cleared
[2021-12-25 12:57:23,698] {spark_submit.py:514} INFO - 21/12/25 12:57:23 INFO BlockManager: BlockManager stopped
[2021-12-25 12:57:23,784] {spark_submit.py:514} INFO - 21/12/25 12:57:23 INFO BlockManagerMaster: BlockManagerMaster stopped
[2021-12-25 12:57:23,797] {spark_submit.py:514} INFO - 21/12/25 12:57:23 INFO OutputCommitCoordinator$OutputCommitCoordinatorEndpoint: OutputCommitCoordinator stopped!
[2021-12-25 12:57:23,922] {spark_submit.py:514} INFO - 21/12/25 12:57:23 INFO SparkContext: Successfully stopped SparkContext
[2021-12-25 12:57:23,963] {spark_submit.py:514} INFO - 21/12/25 12:57:23 INFO ShutdownHookManager: Shutdown hook called
[2021-12-25 12:57:23,985] {spark_submit.py:514} INFO - 21/12/25 12:57:23 INFO ShutdownHookManager: Deleting directory /tmp/spark-8a370c15-9d78-4e3f-8346-bb81863502d8
[2021-12-25 12:57:24,050] {spark_submit.py:514} INFO - 21/12/25 12:57:24 INFO ShutdownHookManager: Deleting directory /tmp/spark-3480098e-2670-48b2-a463-9325093f537a/pyspark-5c395db7-61d2-47fc-ae52-5e5b394344e0
[2021-12-25 12:57:24,072] {spark_submit.py:514} INFO - 21/12/25 12:57:24 INFO ShutdownHookManager: Deleting directory /tmp/spark-3480098e-2670-48b2-a463-9325093f537a
[2021-12-25 12:57:25,749] {taskinstance.py:1280} INFO - Marking task as SUCCESS. dag_id=scraping_daft_galway, task_id=scrap_data, execution_date=20211224T093500, start_date=20211225T123858, end_date=20211225T125725
[2021-12-25 12:57:26,118] {local_task_job.py:154} INFO - Task exited with return code 0
[2021-12-25 12:57:26,864] {local_task_job.py:264} INFO - 1 downstream tasks scheduled from follow-on schedule check
