[2021-12-24 10:29:46,403] {taskinstance.py:1035} INFO - Dependencies all met for <TaskInstance: scraping_daft_longford.get_reporting scheduled__2021-12-23T10:10:00+00:00 [queued]>
[2021-12-24 10:29:46,474] {taskinstance.py:1035} INFO - Dependencies all met for <TaskInstance: scraping_daft_longford.get_reporting scheduled__2021-12-23T10:10:00+00:00 [queued]>
[2021-12-24 10:29:46,478] {taskinstance.py:1241} INFO - 
--------------------------------------------------------------------------------
[2021-12-24 10:29:46,480] {taskinstance.py:1242} INFO - Starting attempt 1 of 4
[2021-12-24 10:29:46,485] {taskinstance.py:1243} INFO - 
--------------------------------------------------------------------------------
[2021-12-24 10:29:46,606] {taskinstance.py:1262} INFO - Executing <Task(_PythonDecoratedOperator): get_reporting> on 2021-12-23 10:10:00+00:00
[2021-12-24 10:29:46,629] {standard_task_runner.py:52} INFO - Started process 3653 to run task
[2021-12-24 10:29:46,674] {standard_task_runner.py:76} INFO - Running: ['***', 'tasks', 'run', 'scraping_daft_longford', 'get_reporting', 'scheduled__2021-12-23T10:10:00+00:00', '--job-id', '4224', '--raw', '--subdir', 'DAGS_FOLDER/scraping_daft_longford.py', '--cfg-path', '/tmp/tmpry3kmbio', '--error-file', '/tmp/tmply34zp_z']
[2021-12-24 10:29:46,692] {standard_task_runner.py:77} INFO - Job 4224: Subtask get_reporting
[2021-12-24 10:29:47,232] {logging_mixin.py:109} INFO - Running <TaskInstance: scraping_daft_longford.get_reporting scheduled__2021-12-23T10:10:00+00:00 [running]> on host dd6c6a1cba03
[2021-12-24 10:29:47,712] {taskinstance.py:1429} INFO - Exporting the following env vars:
AIRFLOW_CTX_DAG_EMAIL=clement.liscoet@gmail.com
AIRFLOW_CTX_DAG_OWNER=clemoni
AIRFLOW_CTX_DAG_ID=scraping_daft_longford
AIRFLOW_CTX_TASK_ID=get_reporting
AIRFLOW_CTX_EXECUTION_DATE=2021-12-23T10:10:00+00:00
AIRFLOW_CTX_DAG_RUN_ID=scheduled__2021-12-23T10:10:00+00:00
[2021-12-24 10:29:47,768] {logging_mixin.py:109} INFO - longford
[2021-12-24 10:29:47,827] {base.py:79} INFO - Using connection to: id: postgres_db. Host: postgres, Port: 5432, Schema: scraping_daft, Login: ***, Password: ***, extra: {}
[2021-12-24 10:29:47,943] {python.py:152} INFO - Done. Returned value was: None
[2021-12-24 10:29:48,605] {taskinstance.py:1280} INFO - Marking task as SUCCESS. dag_id=scraping_daft_longford, task_id=get_reporting, execution_date=20211223T101000, start_date=20211224T102946, end_date=20211224T102948
[2021-12-24 10:29:48,775] {local_task_job.py:154} INFO - Task exited with return code 0
[2021-12-24 10:29:49,088] {local_task_job.py:264} INFO - 1 downstream tasks scheduled from follow-on schedule check
