[2021-12-27 11:48:28,931] {taskinstance.py:1035} INFO - Dependencies all met for <TaskInstance: scraping_daft_carlow.scrap_data scheduled__2021-12-26T09:05:00+00:00 [queued]>
[2021-12-27 11:48:28,952] {taskinstance.py:1035} INFO - Dependencies all met for <TaskInstance: scraping_daft_carlow.scrap_data scheduled__2021-12-26T09:05:00+00:00 [queued]>
[2021-12-27 11:48:28,956] {taskinstance.py:1241} INFO - 
--------------------------------------------------------------------------------
[2021-12-27 11:48:28,959] {taskinstance.py:1242} INFO - Starting attempt 3 of 4
[2021-12-27 11:48:28,960] {taskinstance.py:1243} INFO - 
--------------------------------------------------------------------------------
[2021-12-27 11:48:28,980] {taskinstance.py:1262} INFO - Executing <Task(SparkSubmitOperator): scrap_data> on 2021-12-26 09:05:00+00:00
[2021-12-27 11:48:28,989] {standard_task_runner.py:76} INFO - Running: ['***', 'tasks', 'run', 'scraping_daft_carlow', 'scrap_data', 'scheduled__2021-12-26T09:05:00+00:00', '--job-id', '4879', '--raw', '--subdir', 'DAGS_FOLDER/scraping_daft_carlow.py', '--cfg-path', '/tmp/tmpm4mk_fjg', '--error-file', '/tmp/tmp8xgsvrgm']
[2021-12-27 11:48:28,991] {standard_task_runner.py:77} INFO - Job 4879: Subtask scrap_data
[2021-12-27 11:48:28,986] {standard_task_runner.py:52} INFO - Started process 8681 to run task
[2021-12-27 11:48:29,094] {logging_mixin.py:109} INFO - Running <TaskInstance: scraping_daft_carlow.scrap_data scheduled__2021-12-26T09:05:00+00:00 [running]> on host 0c125a5bba95
[2021-12-27 11:48:29,247] {taskinstance.py:1429} INFO - Exporting the following env vars:
AIRFLOW_CTX_DAG_EMAIL=clement.liscoet@gmail.com
AIRFLOW_CTX_DAG_OWNER=clemoni
AIRFLOW_CTX_DAG_ID=scraping_daft_carlow
AIRFLOW_CTX_TASK_ID=scrap_data
AIRFLOW_CTX_EXECUTION_DATE=2021-12-26T09:05:00+00:00
AIRFLOW_CTX_DAG_RUN_ID=scheduled__2021-12-26T09:05:00+00:00
[2021-12-27 11:48:29,273] {base.py:79} INFO - Using connection to: id: spark_default. Host: spark://spark:7077, Port: None, Schema: , Login: ***, Password: ***, extra: {}
[2021-12-27 11:48:29,277] {spark_submit.py:360} INFO - Spark-Submit cmd: spark-submit --master spark://spark:7077 --conf spark.master=spark://spark:7077 --name scrap data --verbose /opt/***/jobs/get_ads_per_county.py carlow
[2021-12-27 11:48:31,066] {spark_submit.py:514} INFO - Using properties file: null
[2021-12-27 11:48:31,254] {spark_submit.py:514} INFO - WARNING: An illegal reflective access operation has occurred
[2021-12-27 11:48:31,255] {spark_submit.py:514} INFO - WARNING: Illegal reflective access by org.apache.spark.unsafe.Platform (file:/home/***/.local/lib/python3.6/site-packages/pyspark/jars/spark-unsafe_2.12-3.2.0.jar) to constructor java.nio.DirectByteBuffer(long,int)
[2021-12-27 11:48:31,256] {spark_submit.py:514} INFO - WARNING: Please consider reporting this to the maintainers of org.apache.spark.unsafe.Platform
[2021-12-27 11:48:31,257] {spark_submit.py:514} INFO - WARNING: Use --illegal-access=warn to enable warnings of further illegal reflective access operations
[2021-12-27 11:48:31,258] {spark_submit.py:514} INFO - WARNING: All illegal access operations will be denied in a future release
[2021-12-27 11:48:31,344] {spark_submit.py:514} INFO - Parsed arguments:
[2021-12-27 11:48:31,345] {spark_submit.py:514} INFO - master                  spark://spark:7077
[2021-12-27 11:48:31,346] {spark_submit.py:514} INFO - deployMode              null
[2021-12-27 11:48:31,347] {spark_submit.py:514} INFO - executorMemory          null
[2021-12-27 11:48:31,348] {spark_submit.py:514} INFO - executorCores           null
[2021-12-27 11:48:31,349] {spark_submit.py:514} INFO - totalExecutorCores      null
[2021-12-27 11:48:31,350] {spark_submit.py:514} INFO - propertiesFile          null
[2021-12-27 11:48:31,351] {spark_submit.py:514} INFO - driverMemory            null
[2021-12-27 11:48:31,352] {spark_submit.py:514} INFO - driverCores             null
[2021-12-27 11:48:31,354] {spark_submit.py:514} INFO - driverExtraClassPath    null
[2021-12-27 11:48:31,355] {spark_submit.py:514} INFO - driverExtraLibraryPath  null
[2021-12-27 11:48:31,358] {spark_submit.py:514} INFO - driverExtraJavaOptions  null
[2021-12-27 11:48:31,359] {spark_submit.py:514} INFO - supervise               false
[2021-12-27 11:48:31,360] {spark_submit.py:514} INFO - queue                   null
[2021-12-27 11:48:31,361] {spark_submit.py:514} INFO - numExecutors            null
[2021-12-27 11:48:31,362] {spark_submit.py:514} INFO - files                   null
[2021-12-27 11:48:31,363] {spark_submit.py:514} INFO - pyFiles                 null
[2021-12-27 11:48:31,363] {spark_submit.py:514} INFO - archives                null
[2021-12-27 11:48:31,364] {spark_submit.py:514} INFO - mainClass               null
[2021-12-27 11:48:31,365] {spark_submit.py:514} INFO - primaryResource         file:/opt/***/jobs/get_ads_per_county.py
[2021-12-27 11:48:31,366] {spark_submit.py:514} INFO - name                    scrap data
[2021-12-27 11:48:31,367] {spark_submit.py:514} INFO - childArgs               [carlow]
[2021-12-27 11:48:31,368] {spark_submit.py:514} INFO - jars                    null
[2021-12-27 11:48:31,369] {spark_submit.py:514} INFO - packages                null
[2021-12-27 11:48:31,370] {spark_submit.py:514} INFO - packagesExclusions      null
[2021-12-27 11:48:31,371] {spark_submit.py:514} INFO - repositories            null
[2021-12-27 11:48:31,372] {spark_submit.py:514} INFO - verbose                 true
[2021-12-27 11:48:31,373] {spark_submit.py:514} INFO - 
[2021-12-27 11:48:31,374] {spark_submit.py:514} INFO - Spark properties used, including those specified through
[2021-12-27 11:48:31,375] {spark_submit.py:514} INFO - --conf and those from the properties file null:
[2021-12-27 11:48:31,376] {spark_submit.py:514} INFO - (spark.master,spark://spark:7077)
[2021-12-27 11:48:31,377] {spark_submit.py:514} INFO - 
[2021-12-27 11:48:31,378] {spark_submit.py:514} INFO - 
[2021-12-27 11:48:31,724] {spark_submit.py:514} INFO - Main class:
[2021-12-27 11:48:31,725] {spark_submit.py:514} INFO - org.apache.spark.deploy.PythonRunner
[2021-12-27 11:48:31,726] {spark_submit.py:514} INFO - Arguments:
[2021-12-27 11:48:31,727] {spark_submit.py:514} INFO - file:/opt/***/jobs/get_ads_per_county.py
[2021-12-27 11:48:31,727] {spark_submit.py:514} INFO - null
[2021-12-27 11:48:31,728] {spark_submit.py:514} INFO - carlow
[2021-12-27 11:48:31,729] {spark_submit.py:514} INFO - --verbose
[2021-12-27 11:48:31,730] {spark_submit.py:514} INFO - Spark config:
[2021-12-27 11:48:31,731] {spark_submit.py:514} INFO - (spark.app.name,scrap data)
[2021-12-27 11:48:31,732] {spark_submit.py:514} INFO - (spark.master,spark://spark:7077)
[2021-12-27 11:48:31,733] {spark_submit.py:514} INFO - (spark.submit.pyFiles,)
[2021-12-27 11:48:31,734] {spark_submit.py:514} INFO - (spark.submit.deployMode,client)
[2021-12-27 11:48:31,735] {spark_submit.py:514} INFO - Classpath elements:
[2021-12-27 11:48:31,736] {spark_submit.py:514} INFO - 
[2021-12-27 11:48:31,737] {spark_submit.py:514} INFO - 
[2021-12-27 11:48:31,738] {spark_submit.py:514} INFO - 
[2021-12-27 11:48:33,015] {spark_submit.py:514} INFO - Using Spark's default log4j profile: org/apache/spark/log4j-defaults.properties
[2021-12-27 11:48:33,042] {spark_submit.py:514} INFO - 21/12/27 11:48:33 INFO SparkContext: Running Spark version 3.2.0
[2021-12-27 11:48:33,219] {spark_submit.py:514} INFO - 21/12/27 11:48:33 WARN NativeCodeLoader: Unable to load native-hadoop library for your platform... using builtin-java classes where applicable
[2021-12-27 11:48:33,492] {spark_submit.py:514} INFO - 21/12/27 11:48:33 INFO ResourceUtils: ==============================================================
[2021-12-27 11:48:33,493] {spark_submit.py:514} INFO - 21/12/27 11:48:33 INFO ResourceUtils: No custom resources configured for spark.driver.
[2021-12-27 11:48:33,495] {spark_submit.py:514} INFO - 21/12/27 11:48:33 INFO ResourceUtils: ==============================================================
[2021-12-27 11:48:33,496] {spark_submit.py:514} INFO - 21/12/27 11:48:33 INFO SparkContext: Submitted application: Get Ads per county
[2021-12-27 11:48:33,535] {spark_submit.py:514} INFO - 21/12/27 11:48:33 INFO ResourceProfile: Default ResourceProfile created, executor resources: Map(cores -> name: cores, amount: 1, script: , vendor: , memory -> name: memory, amount: 1024, script: , vendor: , offHeap -> name: offHeap, amount: 0, script: , vendor: ), task resources: Map(cpus -> name: cpus, amount: 1.0)
[2021-12-27 11:48:33,551] {spark_submit.py:514} INFO - 21/12/27 11:48:33 INFO ResourceProfile: Limiting resource is cpu
[2021-12-27 11:48:33,552] {spark_submit.py:514} INFO - 21/12/27 11:48:33 INFO ResourceProfileManager: Added ResourceProfile id: 0
[2021-12-27 11:48:33,665] {spark_submit.py:514} INFO - 21/12/27 11:48:33 INFO SecurityManager: Changing view acls to: ***
[2021-12-27 11:48:33,668] {spark_submit.py:514} INFO - 21/12/27 11:48:33 INFO SecurityManager: Changing modify acls to: ***
[2021-12-27 11:48:33,669] {spark_submit.py:514} INFO - 21/12/27 11:48:33 INFO SecurityManager: Changing view acls groups to:
[2021-12-27 11:48:33,670] {spark_submit.py:514} INFO - 21/12/27 11:48:33 INFO SecurityManager: Changing modify acls groups to:
[2021-12-27 11:48:33,671] {spark_submit.py:514} INFO - 21/12/27 11:48:33 INFO SecurityManager: SecurityManager: authentication disabled; ui acls disabled; users  with view permissions: Set(***); groups with view permissions: Set(); users  with modify permissions: Set(***); groups with modify permissions: Set()
[2021-12-27 11:48:34,155] {spark_submit.py:514} INFO - 21/12/27 11:48:34 INFO Utils: Successfully started service 'sparkDriver' on port 44595.
[2021-12-27 11:48:34,201] {spark_submit.py:514} INFO - 21/12/27 11:48:34 INFO SparkEnv: Registering MapOutputTracker
[2021-12-27 11:48:34,264] {spark_submit.py:514} INFO - 21/12/27 11:48:34 INFO SparkEnv: Registering BlockManagerMaster
[2021-12-27 11:48:34,300] {spark_submit.py:514} INFO - 21/12/27 11:48:34 INFO BlockManagerMasterEndpoint: Using org.apache.spark.storage.DefaultTopologyMapper for getting topology information
[2021-12-27 11:48:34,301] {spark_submit.py:514} INFO - 21/12/27 11:48:34 INFO BlockManagerMasterEndpoint: BlockManagerMasterEndpoint up
[2021-12-27 11:48:34,318] {spark_submit.py:514} INFO - 21/12/27 11:48:34 INFO SparkEnv: Registering BlockManagerMasterHeartbeat
[2021-12-27 11:48:34,369] {spark_submit.py:514} INFO - 21/12/27 11:48:34 INFO DiskBlockManager: Created local directory at /tmp/blockmgr-f06bc576-95cc-4e0f-945d-ba1b53250f28
[2021-12-27 11:48:34,405] {spark_submit.py:514} INFO - 21/12/27 11:48:34 INFO MemoryStore: MemoryStore started with capacity 434.4 MiB
[2021-12-27 11:48:34,432] {spark_submit.py:514} INFO - 21/12/27 11:48:34 INFO SparkEnv: Registering OutputCommitCoordinator
[2021-12-27 11:48:34,847] {spark_submit.py:514} INFO - 21/12/27 11:48:34 INFO Utils: Successfully started service 'SparkUI' on port 4040.
[2021-12-27 11:48:34,954] {spark_submit.py:514} INFO - 21/12/27 11:48:34 INFO SparkUI: Bound SparkUI to 0.0.0.0, and started at http://0c125a5bba95:4040
[2021-12-27 11:48:35,253] {spark_submit.py:514} INFO - 21/12/27 11:48:35 INFO StandaloneAppClient$ClientEndpoint: Connecting to master spark://spark:7077...
[2021-12-27 11:48:35,381] {spark_submit.py:514} INFO - 21/12/27 11:48:35 INFO TransportClientFactory: Successfully created connection to spark/172.19.0.4:7077 after 54 ms (0 ms spent in bootstraps)
[2021-12-27 11:48:35,581] {spark_submit.py:514} INFO - 21/12/27 11:48:35 INFO StandaloneSchedulerBackend: Connected to Spark cluster with app ID app-20211227114835-0053
[2021-12-27 11:48:35,595] {spark_submit.py:514} INFO - 21/12/27 11:48:35 INFO Utils: Successfully started service 'org.apache.spark.network.netty.NettyBlockTransferService' on port 44663.
[2021-12-27 11:48:35,596] {spark_submit.py:514} INFO - 21/12/27 11:48:35 INFO NettyBlockTransferService: Server created on 0c125a5bba95:44663
[2021-12-27 11:48:35,598] {spark_submit.py:514} INFO - 21/12/27 11:48:35 INFO BlockManager: Using org.apache.spark.storage.RandomBlockReplicationPolicy for block replication policy
[2021-12-27 11:48:35,611] {spark_submit.py:514} INFO - 21/12/27 11:48:35 INFO BlockManagerMaster: Registering BlockManager BlockManagerId(driver, 0c125a5bba95, 44663, None)
[2021-12-27 11:48:35,625] {spark_submit.py:514} INFO - 21/12/27 11:48:35 INFO BlockManagerMasterEndpoint: Registering block manager 0c125a5bba95:44663 with 434.4 MiB RAM, BlockManagerId(driver, 0c125a5bba95, 44663, None)
[2021-12-27 11:48:35,628] {spark_submit.py:514} INFO - 21/12/27 11:48:35 INFO BlockManagerMaster: Registered BlockManager BlockManagerId(driver, 0c125a5bba95, 44663, None)
[2021-12-27 11:48:35,630] {spark_submit.py:514} INFO - 21/12/27 11:48:35 INFO BlockManager: Initialized BlockManager: BlockManagerId(driver, 0c125a5bba95, 44663, None)
[2021-12-27 11:48:35,919] {spark_submit.py:514} INFO - 21/12/27 11:48:35 INFO StandaloneSchedulerBackend: SchedulerBackend is ready for scheduling beginning after reached minRegisteredResourcesRatio: 0.0
[2021-12-27 11:48:35,969] {spark_submit.py:514} INFO - /home/***/.local/lib/python3.6/site-packages/pyspark/python/lib/pyspark.zip/pyspark/context.py:238: FutureWarning: Python 3.6 support is deprecated in Spark 3.2.
[2021-12-27 11:48:35,971] {spark_submit.py:514} INFO - FutureWarning
[2021-12-27 11:48:36,355] {spark_submit.py:514} INFO - 21/12/27 11:48:36 INFO SharedState: Setting hive.metastore.warehouse.dir ('null') to the value of spark.sql.warehouse.dir.
[2021-12-27 11:48:36,395] {spark_submit.py:514} INFO - 21/12/27 11:48:36 INFO SharedState: Warehouse path is 'file:/opt/***/spark-warehouse'.
[2021-12-27 11:48:41,421] {spark_submit.py:514} INFO - running...
[2021-12-27 11:48:42,456] {spark_submit.py:514} INFO - running...
[2021-12-27 11:48:43,594] {spark_submit.py:514} INFO - running...
[2021-12-27 11:48:44,355] {spark_submit.py:514} INFO - running...
[2021-12-27 11:48:45,037] {spark_submit.py:514} INFO - running...
[2021-12-27 11:48:45,525] {spark_submit.py:514} INFO - running...
[2021-12-27 11:48:46,395] {spark_submit.py:514} INFO - running...
[2021-12-27 11:48:47,328] {spark_submit.py:514} INFO - running...
[2021-12-27 11:48:47,982] {spark_submit.py:514} INFO - running...
[2021-12-27 11:48:48,458] {spark_submit.py:514} INFO - running...
[2021-12-27 11:48:48,922] {spark_submit.py:514} INFO - running...
[2021-12-27 11:48:50,348] {spark_submit.py:514} INFO - 21/12/27 11:48:50 INFO SparkContext: Invoking stop() from shutdown hook
[2021-12-27 11:48:50,371] {spark_submit.py:514} INFO - 21/12/27 11:48:50 INFO SparkUI: Stopped Spark web UI at http://0c125a5bba95:4040
[2021-12-27 11:48:50,385] {spark_submit.py:514} INFO - 21/12/27 11:48:50 INFO StandaloneSchedulerBackend: Shutting down all executors
[2021-12-27 11:48:50,396] {spark_submit.py:514} INFO - 21/12/27 11:48:50 INFO CoarseGrainedSchedulerBackend$DriverEndpoint: Asking each executor to shut down
[2021-12-27 11:48:50,440] {spark_submit.py:514} INFO - 21/12/27 11:48:50 INFO MapOutputTrackerMasterEndpoint: MapOutputTrackerMasterEndpoint stopped!
[2021-12-27 11:48:50,473] {spark_submit.py:514} INFO - 21/12/27 11:48:50 INFO MemoryStore: MemoryStore cleared
[2021-12-27 11:48:50,474] {spark_submit.py:514} INFO - 21/12/27 11:48:50 INFO BlockManager: BlockManager stopped
[2021-12-27 11:48:50,487] {spark_submit.py:514} INFO - 21/12/27 11:48:50 INFO BlockManagerMaster: BlockManagerMaster stopped
[2021-12-27 11:48:50,493] {spark_submit.py:514} INFO - 21/12/27 11:48:50 INFO OutputCommitCoordinator$OutputCommitCoordinatorEndpoint: OutputCommitCoordinator stopped!
[2021-12-27 11:48:50,508] {spark_submit.py:514} INFO - 21/12/27 11:48:50 INFO SparkContext: Successfully stopped SparkContext
[2021-12-27 11:48:50,509] {spark_submit.py:514} INFO - 21/12/27 11:48:50 INFO ShutdownHookManager: Shutdown hook called
[2021-12-27 11:48:50,511] {spark_submit.py:514} INFO - 21/12/27 11:48:50 INFO ShutdownHookManager: Deleting directory /tmp/spark-051d3497-1701-432f-8f4a-a8f2e3a6e188
[2021-12-27 11:48:50,519] {spark_submit.py:514} INFO - 21/12/27 11:48:50 INFO ShutdownHookManager: Deleting directory /tmp/spark-65fc234d-f2dc-442e-a91a-41d3a5e18124/pyspark-93b6aa70-4bcf-4e81-a90a-3ec7bf709810
[2021-12-27 11:48:50,524] {spark_submit.py:514} INFO - 21/12/27 11:48:50 INFO ShutdownHookManager: Deleting directory /tmp/spark-65fc234d-f2dc-442e-a91a-41d3a5e18124
[2021-12-27 11:48:50,665] {taskinstance.py:1280} INFO - Marking task as SUCCESS. dag_id=scraping_daft_carlow, task_id=scrap_data, execution_date=20211226T090500, start_date=20211227T114828, end_date=20211227T114850
[2021-12-27 11:48:50,720] {local_task_job.py:154} INFO - Task exited with return code 0
[2021-12-27 11:48:50,846] {local_task_job.py:264} INFO - 1 downstream tasks scheduled from follow-on schedule check
