[2021-12-28 13:33:25,959] {taskinstance.py:1035} INFO - Dependencies all met for <TaskInstance: scraping_daft_limerick.scrap_data scheduled__2021-12-27T10:05:00+00:00 [queued]>
[2021-12-28 13:33:26,055] {taskinstance.py:1035} INFO - Dependencies all met for <TaskInstance: scraping_daft_limerick.scrap_data scheduled__2021-12-27T10:05:00+00:00 [queued]>
[2021-12-28 13:33:26,058] {taskinstance.py:1241} INFO - 
--------------------------------------------------------------------------------
[2021-12-28 13:33:26,061] {taskinstance.py:1242} INFO - Starting attempt 2 of 4
[2021-12-28 13:33:26,065] {taskinstance.py:1243} INFO - 
--------------------------------------------------------------------------------
[2021-12-28 13:33:26,222] {taskinstance.py:1262} INFO - Executing <Task(SparkSubmitOperator): scrap_data> on 2021-12-27 10:05:00+00:00
[2021-12-28 13:33:26,247] {standard_task_runner.py:52} INFO - Started process 49065 to run task
[2021-12-28 13:33:26,374] {standard_task_runner.py:76} INFO - Running: ['***', 'tasks', 'run', 'scraping_daft_limerick', 'scrap_data', 'scheduled__2021-12-27T10:05:00+00:00', '--job-id', '5076', '--raw', '--subdir', 'DAGS_FOLDER/scraping_daft_limerick.py', '--cfg-path', '/tmp/tmp80m7qro1', '--error-file', '/tmp/tmpm668efmj']
[2021-12-28 13:33:26,390] {standard_task_runner.py:77} INFO - Job 5076: Subtask scrap_data
[2021-12-28 13:33:26,959] {logging_mixin.py:109} INFO - Running <TaskInstance: scraping_daft_limerick.scrap_data scheduled__2021-12-27T10:05:00+00:00 [running]> on host 0c125a5bba95
[2021-12-28 13:33:27,797] {taskinstance.py:1429} INFO - Exporting the following env vars:
AIRFLOW_CTX_DAG_EMAIL=clement.liscoet@gmail.com
AIRFLOW_CTX_DAG_OWNER=clemoni
AIRFLOW_CTX_DAG_ID=scraping_daft_limerick
AIRFLOW_CTX_TASK_ID=scrap_data
AIRFLOW_CTX_EXECUTION_DATE=2021-12-27T10:05:00+00:00
AIRFLOW_CTX_DAG_RUN_ID=scheduled__2021-12-27T10:05:00+00:00
[2021-12-28 13:33:27,977] {base.py:79} INFO - Using connection to: id: spark_default. Host: spark://spark:7077, Port: None, Schema: , Login: ***, Password: ***, extra: {}
[2021-12-28 13:33:28,013] {spark_submit.py:360} INFO - Spark-Submit cmd: spark-submit --master spark://spark:7077 --conf spark.master=spark://spark:7077 --name scrap data --verbose /opt/***/jobs/get_ads_per_county.py limerick
[2021-12-28 13:33:41,906] {spark_submit.py:514} INFO - Using properties file: null
[2021-12-28 13:33:43,112] {spark_submit.py:514} INFO - WARNING: An illegal reflective access operation has occurred
[2021-12-28 13:33:43,113] {spark_submit.py:514} INFO - WARNING: Illegal reflective access by org.apache.spark.unsafe.Platform (file:/home/***/.local/lib/python3.6/site-packages/pyspark/jars/spark-unsafe_2.12-3.2.0.jar) to constructor java.nio.DirectByteBuffer(long,int)
[2021-12-28 13:33:43,114] {spark_submit.py:514} INFO - WARNING: Please consider reporting this to the maintainers of org.apache.spark.unsafe.Platform
[2021-12-28 13:33:43,115] {spark_submit.py:514} INFO - WARNING: Use --illegal-access=warn to enable warnings of further illegal reflective access operations
[2021-12-28 13:33:43,116] {spark_submit.py:514} INFO - WARNING: All illegal access operations will be denied in a future release
[2021-12-28 13:33:43,474] {spark_submit.py:514} INFO - Parsed arguments:
[2021-12-28 13:33:43,475] {spark_submit.py:514} INFO - master                  spark://spark:7077
[2021-12-28 13:33:43,485] {spark_submit.py:514} INFO - deployMode              null
[2021-12-28 13:33:43,486] {spark_submit.py:514} INFO - executorMemory          null
[2021-12-28 13:33:43,487] {spark_submit.py:514} INFO - executorCores           null
[2021-12-28 13:33:43,488] {spark_submit.py:514} INFO - totalExecutorCores      null
[2021-12-28 13:33:43,490] {spark_submit.py:514} INFO - propertiesFile          null
[2021-12-28 13:33:43,491] {spark_submit.py:514} INFO - driverMemory            null
[2021-12-28 13:33:43,492] {spark_submit.py:514} INFO - driverCores             null
[2021-12-28 13:33:43,493] {spark_submit.py:514} INFO - driverExtraClassPath    null
[2021-12-28 13:33:43,494] {spark_submit.py:514} INFO - driverExtraLibraryPath  null
[2021-12-28 13:33:43,496] {spark_submit.py:514} INFO - driverExtraJavaOptions  null
[2021-12-28 13:33:43,497] {spark_submit.py:514} INFO - supervise               false
[2021-12-28 13:33:43,498] {spark_submit.py:514} INFO - queue                   null
[2021-12-28 13:33:43,499] {spark_submit.py:514} INFO - numExecutors            null
[2021-12-28 13:33:43,500] {spark_submit.py:514} INFO - files                   null
[2021-12-28 13:33:43,501] {spark_submit.py:514} INFO - pyFiles                 null
[2021-12-28 13:33:43,502] {spark_submit.py:514} INFO - archives                null
[2021-12-28 13:33:43,503] {spark_submit.py:514} INFO - mainClass               null
[2021-12-28 13:33:43,504] {spark_submit.py:514} INFO - primaryResource         file:/opt/***/jobs/get_ads_per_county.py
[2021-12-28 13:33:43,506] {spark_submit.py:514} INFO - name                    scrap data
[2021-12-28 13:33:43,507] {spark_submit.py:514} INFO - childArgs               [limerick]
[2021-12-28 13:33:43,508] {spark_submit.py:514} INFO - jars                    null
[2021-12-28 13:33:43,509] {spark_submit.py:514} INFO - packages                null
[2021-12-28 13:33:43,510] {spark_submit.py:514} INFO - packagesExclusions      null
[2021-12-28 13:33:43,511] {spark_submit.py:514} INFO - repositories            null
[2021-12-28 13:33:43,512] {spark_submit.py:514} INFO - verbose                 true
[2021-12-28 13:33:43,513] {spark_submit.py:514} INFO - 
[2021-12-28 13:33:43,514] {spark_submit.py:514} INFO - Spark properties used, including those specified through
[2021-12-28 13:33:43,515] {spark_submit.py:514} INFO - --conf and those from the properties file null:
[2021-12-28 13:33:43,516] {spark_submit.py:514} INFO - (spark.master,spark://spark:7077)
[2021-12-28 13:33:43,517] {spark_submit.py:514} INFO - 
[2021-12-28 13:33:43,518] {spark_submit.py:514} INFO - 
[2021-12-28 13:33:46,047] {spark_submit.py:514} INFO - Main class:
[2021-12-28 13:33:46,049] {spark_submit.py:514} INFO - org.apache.spark.deploy.PythonRunner
[2021-12-28 13:33:46,050] {spark_submit.py:514} INFO - Arguments:
[2021-12-28 13:33:46,058] {spark_submit.py:514} INFO - file:/opt/***/jobs/get_ads_per_county.py
[2021-12-28 13:33:46,061] {spark_submit.py:514} INFO - null
[2021-12-28 13:33:46,063] {spark_submit.py:514} INFO - limerick
[2021-12-28 13:33:46,066] {spark_submit.py:514} INFO - --verbose
[2021-12-28 13:33:46,068] {spark_submit.py:514} INFO - Spark config:
[2021-12-28 13:33:46,070] {spark_submit.py:514} INFO - (spark.app.name,scrap data)
[2021-12-28 13:33:46,072] {spark_submit.py:514} INFO - (spark.master,spark://spark:7077)
[2021-12-28 13:33:46,074] {spark_submit.py:514} INFO - (spark.submit.pyFiles,)
[2021-12-28 13:33:46,076] {spark_submit.py:514} INFO - (spark.submit.deployMode,client)
[2021-12-28 13:33:46,078] {spark_submit.py:514} INFO - Classpath elements:
[2021-12-28 13:33:46,079] {spark_submit.py:514} INFO - 
[2021-12-28 13:33:46,081] {spark_submit.py:514} INFO - 
[2021-12-28 13:33:46,084] {spark_submit.py:514} INFO - 
[2021-12-28 13:34:09,274] {spark_submit.py:514} INFO - Using Spark's default log4j profile: org/apache/spark/log4j-defaults.properties
[2021-12-28 13:34:09,879] {spark_submit.py:514} INFO - 21/12/28 13:34:09 INFO SparkContext: Running Spark version 3.2.0
[2021-12-28 13:34:15,313] {spark_submit.py:514} INFO - 21/12/28 13:34:15 WARN NativeCodeLoader: Unable to load native-hadoop library for your platform... using builtin-java classes where applicable
[2021-12-28 13:34:37,382] {spark_submit.py:514} INFO - 21/12/28 13:34:37 INFO ResourceUtils: ==============================================================
[2021-12-28 13:34:37,489] {spark_submit.py:514} INFO - 21/12/28 13:34:37 INFO ResourceUtils: No custom resources configured for spark.driver.
[2021-12-28 13:34:37,491] {spark_submit.py:514} INFO - 21/12/28 13:34:37 INFO ResourceUtils: ==============================================================
[2021-12-28 13:34:37,580] {spark_submit.py:514} INFO - 21/12/28 13:34:37 INFO SparkContext: Submitted application: Get Ads per county
[2021-12-28 13:34:38,461] {spark_submit.py:514} INFO - 21/12/28 13:34:38 INFO ResourceProfile: Default ResourceProfile created, executor resources: Map(cores -> name: cores, amount: 1, script: , vendor: , memory -> name: memory, amount: 1024, script: , vendor: , offHeap -> name: offHeap, amount: 0, script: , vendor: ), task resources: Map(cpus -> name: cpus, amount: 1.0)
[2021-12-28 13:34:38,686] {spark_submit.py:514} INFO - 21/12/28 13:34:38 INFO ResourceProfile: Limiting resource is cpu
[2021-12-28 13:34:38,706] {spark_submit.py:514} INFO - 21/12/28 13:34:38 INFO ResourceProfileManager: Added ResourceProfile id: 0
[2021-12-28 13:34:42,648] {spark_submit.py:514} INFO - 21/12/28 13:34:42 INFO SecurityManager: Changing view acls to: ***
[2021-12-28 13:34:42,651] {spark_submit.py:514} INFO - 21/12/28 13:34:42 INFO SecurityManager: Changing modify acls to: ***
[2021-12-28 13:34:42,996] {spark_submit.py:514} INFO - 21/12/28 13:34:42 INFO SecurityManager: Changing view acls groups to:
[2021-12-28 13:34:43,187] {spark_submit.py:514} INFO - 21/12/28 13:34:43 INFO SecurityManager: Changing modify acls groups to:
[2021-12-28 13:34:45,544] {spark_submit.py:514} INFO - 21/12/28 13:34:45 INFO SecurityManager: SecurityManager: authentication disabled; ui acls disabled; users  with view permissions: Set(***); groups with view permissions: Set(); users  with modify permissions: Set(***); groups with modify permissions: Set()
[2021-12-28 13:35:03,068] {spark_submit.py:514} INFO - 21/12/28 13:35:02 INFO Utils: Successfully started service 'sparkDriver' on port 41187.
[2021-12-28 13:35:04,367] {spark_submit.py:514} INFO - 21/12/28 13:35:04 INFO SparkEnv: Registering MapOutputTracker
[2021-12-28 13:35:05,121] {spark_submit.py:514} INFO - 21/12/28 13:35:05 INFO SparkEnv: Registering BlockManagerMaster
[2021-12-28 13:35:05,855] {spark_submit.py:514} INFO - 21/12/28 13:35:05 INFO BlockManagerMasterEndpoint: Using org.apache.spark.storage.DefaultTopologyMapper for getting topology information
[2021-12-28 13:35:05,873] {spark_submit.py:514} INFO - 21/12/28 13:35:05 INFO BlockManagerMasterEndpoint: BlockManagerMasterEndpoint up
[2021-12-28 13:35:06,680] {spark_submit.py:514} INFO - 21/12/28 13:35:06 INFO SparkEnv: Registering BlockManagerMasterHeartbeat
[2021-12-28 13:35:07,919] {spark_submit.py:514} INFO - 21/12/28 13:35:07 INFO DiskBlockManager: Created local directory at /tmp/blockmgr-3e3b1ef6-e2df-417d-a427-e85746c3f71c
[2021-12-28 13:35:16,126] {spark_submit.py:514} INFO - 21/12/28 13:35:16 INFO MemoryStore: MemoryStore started with capacity 434.4 MiB
[2021-12-28 13:35:16,261] {spark_submit.py:514} INFO - 21/12/28 13:35:16 INFO SparkEnv: Registering OutputCommitCoordinator
[2021-12-28 13:35:22,297] {spark_submit.py:514} INFO - 21/12/28 13:35:22 WARN Utils: Service 'SparkUI' could not bind on port 4040. Attempting port 4041.
[2021-12-28 13:35:22,302] {spark_submit.py:514} INFO - 21/12/28 13:35:22 WARN Utils: Service 'SparkUI' could not bind on port 4041. Attempting port 4042.
[2021-12-28 13:35:22,305] {spark_submit.py:514} INFO - 21/12/28 13:35:22 WARN Utils: Service 'SparkUI' could not bind on port 4042. Attempting port 4043.
[2021-12-28 13:35:22,311] {spark_submit.py:514} INFO - 21/12/28 13:35:22 WARN Utils: Service 'SparkUI' could not bind on port 4043. Attempting port 4044.
[2021-12-28 13:35:22,323] {spark_submit.py:514} INFO - 21/12/28 13:35:22 WARN Utils: Service 'SparkUI' could not bind on port 4044. Attempting port 4045.
[2021-12-28 13:35:22,327] {spark_submit.py:514} INFO - 21/12/28 13:35:22 WARN Utils: Service 'SparkUI' could not bind on port 4045. Attempting port 4046.
[2021-12-28 13:35:22,330] {spark_submit.py:514} INFO - 21/12/28 13:35:22 WARN Utils: Service 'SparkUI' could not bind on port 4046. Attempting port 4047.
[2021-12-28 13:35:22,332] {spark_submit.py:514} INFO - 21/12/28 13:35:22 WARN Utils: Service 'SparkUI' could not bind on port 4047. Attempting port 4048.
[2021-12-28 13:35:22,334] {spark_submit.py:514} INFO - 21/12/28 13:35:22 WARN Utils: Service 'SparkUI' could not bind on port 4048. Attempting port 4049.
[2021-12-28 13:35:22,348] {spark_submit.py:514} INFO - 21/12/28 13:35:22 WARN Utils: Service 'SparkUI' could not bind on port 4049. Attempting port 4050.
[2021-12-28 13:35:22,352] {spark_submit.py:514} INFO - 21/12/28 13:35:22 WARN Utils: Service 'SparkUI' could not bind on port 4050. Attempting port 4051.
[2021-12-28 13:35:22,584] {spark_submit.py:514} INFO - 21/12/28 13:35:22 INFO Utils: Successfully started service 'SparkUI' on port 4051.
[2021-12-28 13:35:24,967] {spark_submit.py:514} INFO - 21/12/28 13:35:24 INFO SparkUI: Bound SparkUI to 0.0.0.0, and started at http://0c125a5bba95:4051
[2021-12-28 13:35:54,439] {spark_submit.py:514} INFO - 21/12/28 13:35:54 INFO StandaloneAppClient$ClientEndpoint: Connecting to master spark://spark:7077...
[2021-12-28 13:35:57,094] {spark_submit.py:514} INFO - 21/12/28 13:35:57 WARN StandaloneAppClient$ClientEndpoint: Failed to connect to master spark:7077
[2021-12-28 13:35:57,096] {spark_submit.py:514} INFO - org.apache.spark.SparkException: Exception thrown in awaitResult:
[2021-12-28 13:35:57,097] {spark_submit.py:514} INFO - at org.apache.spark.util.ThreadUtils$.awaitResult(ThreadUtils.scala:301)
[2021-12-28 13:35:57,098] {spark_submit.py:514} INFO - at org.apache.spark.rpc.RpcTimeout.awaitResult(RpcTimeout.scala:75)
[2021-12-28 13:35:57,099] {spark_submit.py:514} INFO - at org.apache.spark.rpc.RpcEnv.setupEndpointRefByURI(RpcEnv.scala:101)
[2021-12-28 13:35:57,101] {spark_submit.py:514} INFO - at org.apache.spark.rpc.RpcEnv.setupEndpointRef(RpcEnv.scala:109)
[2021-12-28 13:35:57,102] {spark_submit.py:514} INFO - at org.apache.spark.deploy.client.StandaloneAppClient$ClientEndpoint$$anon$1.run(StandaloneAppClient.scala:107)
[2021-12-28 13:35:57,103] {spark_submit.py:514} INFO - at java.base/java.util.concurrent.Executors$RunnableAdapter.call(Executors.java:515)
[2021-12-28 13:35:57,105] {spark_submit.py:514} INFO - at java.base/java.util.concurrent.FutureTask.run(FutureTask.java:264)
[2021-12-28 13:35:57,114] {spark_submit.py:514} INFO - at java.base/java.util.concurrent.ThreadPoolExecutor.runWorker(ThreadPoolExecutor.java:1128)
[2021-12-28 13:35:57,122] {spark_submit.py:514} INFO - at java.base/java.util.concurrent.ThreadPoolExecutor$Worker.run(ThreadPoolExecutor.java:628)
[2021-12-28 13:35:57,124] {spark_submit.py:514} INFO - at java.base/java.lang.Thread.run(Thread.java:829)
[2021-12-28 13:35:57,125] {spark_submit.py:514} INFO - Caused by: java.io.IOException: Failed to connect to spark:7077
[2021-12-28 13:35:57,128] {spark_submit.py:514} INFO - at org.apache.spark.network.client.TransportClientFactory.createClient(TransportClientFactory.java:288)
[2021-12-28 13:35:57,130] {spark_submit.py:514} INFO - at org.apache.spark.network.client.TransportClientFactory.createClient(TransportClientFactory.java:218)
[2021-12-28 13:35:57,131] {spark_submit.py:514} INFO - at org.apache.spark.network.client.TransportClientFactory.createClient(TransportClientFactory.java:230)
[2021-12-28 13:35:57,133] {spark_submit.py:514} INFO - at org.apache.spark.rpc.netty.NettyRpcEnv.createClient(NettyRpcEnv.scala:204)
[2021-12-28 13:35:57,134] {spark_submit.py:514} INFO - at org.apache.spark.rpc.netty.Outbox$$anon$1.call(Outbox.scala:202)
[2021-12-28 13:35:57,136] {spark_submit.py:514} INFO - at org.apache.spark.rpc.netty.Outbox$$anon$1.call(Outbox.scala:198)
[2021-12-28 13:35:57,138] {spark_submit.py:514} INFO - ... 4 more
[2021-12-28 13:35:57,141] {spark_submit.py:514} INFO - Caused by: java.net.UnknownHostException: spark
[2021-12-28 13:35:57,146] {spark_submit.py:514} INFO - at java.base/java.net.InetAddress$CachedAddresses.get(InetAddress.java:797)
[2021-12-28 13:35:57,148] {spark_submit.py:514} INFO - at java.base/java.net.InetAddress.getAllByName0(InetAddress.java:1509)
[2021-12-28 13:35:57,150] {spark_submit.py:514} INFO - at java.base/java.net.InetAddress.getAllByName(InetAddress.java:1368)
[2021-12-28 13:35:57,153] {spark_submit.py:514} INFO - at java.base/java.net.InetAddress.getAllByName(InetAddress.java:1302)
[2021-12-28 13:35:57,157] {spark_submit.py:514} INFO - at java.base/java.net.InetAddress.getByName(InetAddress.java:1252)
[2021-12-28 13:35:57,198] {spark_submit.py:514} INFO - at io.netty.util.internal.SocketUtils$8.run(SocketUtils.java:156)
[2021-12-28 13:35:57,201] {spark_submit.py:514} INFO - at io.netty.util.internal.SocketUtils$8.run(SocketUtils.java:153)
[2021-12-28 13:35:57,206] {spark_submit.py:514} INFO - at java.base/java.security.AccessController.doPrivileged(Native Method)
[2021-12-28 13:35:57,218] {spark_submit.py:514} INFO - at io.netty.util.internal.SocketUtils.addressByName(SocketUtils.java:153)
[2021-12-28 13:35:57,231] {spark_submit.py:514} INFO - at io.netty.resolver.DefaultNameResolver.doResolve(DefaultNameResolver.java:41)
[2021-12-28 13:35:57,234] {spark_submit.py:514} INFO - at io.netty.resolver.SimpleNameResolver.resolve(SimpleNameResolver.java:61)
[2021-12-28 13:35:57,240] {spark_submit.py:514} INFO - at io.netty.resolver.SimpleNameResolver.resolve(SimpleNameResolver.java:53)
[2021-12-28 13:35:57,253] {spark_submit.py:514} INFO - at io.netty.resolver.InetSocketAddressResolver.doResolve(InetSocketAddressResolver.java:55)
[2021-12-28 13:35:57,291] {spark_submit.py:514} INFO - at io.netty.resolver.InetSocketAddressResolver.doResolve(InetSocketAddressResolver.java:31)
[2021-12-28 13:35:57,304] {spark_submit.py:514} INFO - at io.netty.resolver.AbstractAddressResolver.resolve(AbstractAddressResolver.java:106)
[2021-12-28 13:35:57,353] {spark_submit.py:514} INFO - at io.netty.bootstrap.Bootstrap.doResolveAndConnect0(Bootstrap.java:206)
[2021-12-28 13:35:57,360] {spark_submit.py:514} INFO - at io.netty.bootstrap.Bootstrap.access$000(Bootstrap.java:46)
[2021-12-28 13:35:57,366] {spark_submit.py:514} INFO - at io.netty.bootstrap.Bootstrap$1.operationComplete(Bootstrap.java:180)
[2021-12-28 13:35:57,372] {spark_submit.py:514} INFO - at io.netty.bootstrap.Bootstrap$1.operationComplete(Bootstrap.java:166)
[2021-12-28 13:35:57,393] {spark_submit.py:514} INFO - at io.netty.util.concurrent.DefaultPromise.notifyListener0(DefaultPromise.java:578)
[2021-12-28 13:35:57,462] {spark_submit.py:514} INFO - at io.netty.util.concurrent.DefaultPromise.notifyListenersNow(DefaultPromise.java:552)
[2021-12-28 13:35:57,465] {spark_submit.py:514} INFO - at io.netty.util.concurrent.DefaultPromise.notifyListeners(DefaultPromise.java:491)
[2021-12-28 13:35:57,473] {spark_submit.py:514} INFO - at io.netty.util.concurrent.DefaultPromise.setValue0(DefaultPromise.java:616)
[2021-12-28 13:35:57,481] {spark_submit.py:514} INFO - at io.netty.util.concurrent.DefaultPromise.setSuccess0(DefaultPromise.java:605)
[2021-12-28 13:35:57,484] {spark_submit.py:514} INFO - at io.netty.util.concurrent.DefaultPromise.trySuccess(DefaultPromise.java:104)
[2021-12-28 13:35:57,489] {spark_submit.py:514} INFO - at io.netty.channel.DefaultChannelPromise.trySuccess(DefaultChannelPromise.java:84)
[2021-12-28 13:35:57,494] {spark_submit.py:514} INFO - at io.netty.channel.AbstractChannel$AbstractUnsafe.safeSetSuccess(AbstractChannel.java:1008)
[2021-12-28 13:35:57,521] {spark_submit.py:514} INFO - at io.netty.channel.AbstractChannel$AbstractUnsafe.register0(AbstractChannel.java:516)
[2021-12-28 13:35:57,532] {spark_submit.py:514} INFO - at io.netty.channel.AbstractChannel$AbstractUnsafe.access$200(AbstractChannel.java:429)
[2021-12-28 13:35:57,538] {spark_submit.py:514} INFO - at io.netty.channel.AbstractChannel$AbstractUnsafe$1.run(AbstractChannel.java:486)
[2021-12-28 13:35:57,545] {spark_submit.py:514} INFO - at io.netty.util.concurrent.AbstractEventExecutor.safeExecute(AbstractEventExecutor.java:164)
[2021-12-28 13:35:57,549] {spark_submit.py:514} INFO - at io.netty.util.concurrent.SingleThreadEventExecutor.runAllTasks(SingleThreadEventExecutor.java:469)
[2021-12-28 13:35:57,555] {spark_submit.py:514} INFO - at io.netty.channel.nio.NioEventLoop.run(NioEventLoop.java:500)
[2021-12-28 13:35:57,580] {spark_submit.py:514} INFO - at io.netty.util.concurrent.SingleThreadEventExecutor$4.run(SingleThreadEventExecutor.java:986)
[2021-12-28 13:35:57,586] {spark_submit.py:514} INFO - at io.netty.util.internal.ThreadExecutorMap$2.run(ThreadExecutorMap.java:74)
[2021-12-28 13:35:57,593] {spark_submit.py:514} INFO - at io.netty.util.concurrent.FastThreadLocalRunnable.run(FastThreadLocalRunnable.java:30)
[2021-12-28 13:35:57,597] {spark_submit.py:514} INFO - ... 1 more
[2021-12-28 13:36:14,198] {spark_submit.py:514} INFO - 21/12/28 13:36:14 INFO StandaloneAppClient$ClientEndpoint: Connecting to master spark://spark:7077...
[2021-12-28 13:36:14,483] {spark_submit.py:514} INFO - 21/12/28 13:36:14 WARN StandaloneAppClient$ClientEndpoint: Failed to connect to master spark:7077
[2021-12-28 13:36:14,489] {spark_submit.py:514} INFO - org.apache.spark.SparkException: Exception thrown in awaitResult:
[2021-12-28 13:36:14,497] {spark_submit.py:514} INFO - at org.apache.spark.util.ThreadUtils$.awaitResult(ThreadUtils.scala:301)
[2021-12-28 13:36:14,514] {spark_submit.py:514} INFO - at org.apache.spark.rpc.RpcTimeout.awaitResult(RpcTimeout.scala:75)
[2021-12-28 13:36:14,527] {spark_submit.py:514} INFO - at org.apache.spark.rpc.RpcEnv.setupEndpointRefByURI(RpcEnv.scala:101)
[2021-12-28 13:36:14,530] {spark_submit.py:514} INFO - at org.apache.spark.rpc.RpcEnv.setupEndpointRef(RpcEnv.scala:109)
[2021-12-28 13:36:14,535] {spark_submit.py:514} INFO - at org.apache.spark.deploy.client.StandaloneAppClient$ClientEndpoint$$anon$1.run(StandaloneAppClient.scala:107)
[2021-12-28 13:36:14,552] {spark_submit.py:514} INFO - at java.base/java.util.concurrent.Executors$RunnableAdapter.call(Executors.java:515)
[2021-12-28 13:36:14,556] {spark_submit.py:514} INFO - at java.base/java.util.concurrent.FutureTask.run(FutureTask.java:264)
[2021-12-28 13:36:14,572] {spark_submit.py:514} INFO - at java.base/java.util.concurrent.ThreadPoolExecutor.runWorker(ThreadPoolExecutor.java:1128)
[2021-12-28 13:36:14,574] {spark_submit.py:514} INFO - at java.base/java.util.concurrent.ThreadPoolExecutor$Worker.run(ThreadPoolExecutor.java:628)
[2021-12-28 13:36:14,575] {spark_submit.py:514} INFO - at java.base/java.lang.Thread.run(Thread.java:829)
[2021-12-28 13:36:14,576] {spark_submit.py:514} INFO - Caused by: java.io.IOException: Failed to connect to spark:7077
[2021-12-28 13:36:14,578] {spark_submit.py:514} INFO - at org.apache.spark.network.client.TransportClientFactory.createClient(TransportClientFactory.java:288)
[2021-12-28 13:36:14,579] {spark_submit.py:514} INFO - at org.apache.spark.network.client.TransportClientFactory.createClient(TransportClientFactory.java:218)
[2021-12-28 13:36:14,584] {spark_submit.py:514} INFO - at org.apache.spark.network.client.TransportClientFactory.createClient(TransportClientFactory.java:230)
[2021-12-28 13:36:14,586] {spark_submit.py:514} INFO - at org.apache.spark.rpc.netty.NettyRpcEnv.createClient(NettyRpcEnv.scala:204)
[2021-12-28 13:36:14,598] {spark_submit.py:514} INFO - at org.apache.spark.rpc.netty.Outbox$$anon$1.call(Outbox.scala:202)
[2021-12-28 13:36:14,600] {spark_submit.py:514} INFO - at org.apache.spark.rpc.netty.Outbox$$anon$1.call(Outbox.scala:198)
[2021-12-28 13:36:14,602] {spark_submit.py:514} INFO - ... 4 more
[2021-12-28 13:36:14,603] {spark_submit.py:514} INFO - Caused by: java.net.UnknownHostException: spark
[2021-12-28 13:36:14,613] {spark_submit.py:514} INFO - at java.base/java.net.InetAddress$CachedAddresses.get(InetAddress.java:797)
[2021-12-28 13:36:14,615] {spark_submit.py:514} INFO - at java.base/java.net.InetAddress.getAllByName0(InetAddress.java:1509)
[2021-12-28 13:36:14,616] {spark_submit.py:514} INFO - at java.base/java.net.InetAddress.getAllByName(InetAddress.java:1368)
[2021-12-28 13:36:14,617] {spark_submit.py:514} INFO - at java.base/java.net.InetAddress.getAllByName(InetAddress.java:1302)
[2021-12-28 13:36:14,618] {spark_submit.py:514} INFO - at java.base/java.net.InetAddress.getByName(InetAddress.java:1252)
[2021-12-28 13:36:14,619] {spark_submit.py:514} INFO - at io.netty.util.internal.SocketUtils$8.run(SocketUtils.java:156)
[2021-12-28 13:36:14,620] {spark_submit.py:514} INFO - at io.netty.util.internal.SocketUtils$8.run(SocketUtils.java:153)
[2021-12-28 13:36:14,621] {spark_submit.py:514} INFO - at java.base/java.security.AccessController.doPrivileged(Native Method)
[2021-12-28 13:36:14,625] {spark_submit.py:514} INFO - at io.netty.util.internal.SocketUtils.addressByName(SocketUtils.java:153)
[2021-12-28 13:36:14,628] {spark_submit.py:514} INFO - at io.netty.resolver.DefaultNameResolver.doResolve(DefaultNameResolver.java:41)
[2021-12-28 13:36:14,630] {spark_submit.py:514} INFO - at io.netty.resolver.SimpleNameResolver.resolve(SimpleNameResolver.java:61)
[2021-12-28 13:36:14,632] {spark_submit.py:514} INFO - at io.netty.resolver.SimpleNameResolver.resolve(SimpleNameResolver.java:53)
[2021-12-28 13:36:14,633] {spark_submit.py:514} INFO - at io.netty.resolver.InetSocketAddressResolver.doResolve(InetSocketAddressResolver.java:55)
[2021-12-28 13:36:14,634] {spark_submit.py:514} INFO - at io.netty.resolver.InetSocketAddressResolver.doResolve(InetSocketAddressResolver.java:31)
[2021-12-28 13:36:14,639] {spark_submit.py:514} INFO - at io.netty.resolver.AbstractAddressResolver.resolve(AbstractAddressResolver.java:106)
[2021-12-28 13:36:14,644] {spark_submit.py:514} INFO - at io.netty.bootstrap.Bootstrap.doResolveAndConnect0(Bootstrap.java:206)
[2021-12-28 13:36:14,648] {spark_submit.py:514} INFO - at io.netty.bootstrap.Bootstrap.access$000(Bootstrap.java:46)
[2021-12-28 13:36:14,650] {spark_submit.py:514} INFO - at io.netty.bootstrap.Bootstrap$1.operationComplete(Bootstrap.java:180)
[2021-12-28 13:36:14,652] {spark_submit.py:514} INFO - at io.netty.bootstrap.Bootstrap$1.operationComplete(Bootstrap.java:166)
[2021-12-28 13:36:14,653] {spark_submit.py:514} INFO - at io.netty.util.concurrent.DefaultPromise.notifyListener0(DefaultPromise.java:578)
[2021-12-28 13:36:14,654] {spark_submit.py:514} INFO - at io.netty.util.concurrent.DefaultPromise.notifyListenersNow(DefaultPromise.java:552)
[2021-12-28 13:36:14,655] {spark_submit.py:514} INFO - at io.netty.util.concurrent.DefaultPromise.notifyListeners(DefaultPromise.java:491)
[2021-12-28 13:36:14,657] {spark_submit.py:514} INFO - at io.netty.util.concurrent.DefaultPromise.setValue0(DefaultPromise.java:616)
[2021-12-28 13:36:14,658] {spark_submit.py:514} INFO - at io.netty.util.concurrent.DefaultPromise.setSuccess0(DefaultPromise.java:605)
[2021-12-28 13:36:14,659] {spark_submit.py:514} INFO - at io.netty.util.concurrent.DefaultPromise.trySuccess(DefaultPromise.java:104)
[2021-12-28 13:36:14,661] {spark_submit.py:514} INFO - at io.netty.channel.DefaultChannelPromise.trySuccess(DefaultChannelPromise.java:84)
[2021-12-28 13:36:14,663] {spark_submit.py:514} INFO - at io.netty.channel.AbstractChannel$AbstractUnsafe.safeSetSuccess(AbstractChannel.java:1008)
[2021-12-28 13:36:14,668] {spark_submit.py:514} INFO - at io.netty.channel.AbstractChannel$AbstractUnsafe.register0(AbstractChannel.java:516)
[2021-12-28 13:36:14,670] {spark_submit.py:514} INFO - at io.netty.channel.AbstractChannel$AbstractUnsafe.access$200(AbstractChannel.java:429)
[2021-12-28 13:36:14,673] {spark_submit.py:514} INFO - at io.netty.channel.AbstractChannel$AbstractUnsafe$1.run(AbstractChannel.java:486)
[2021-12-28 13:36:14,674] {spark_submit.py:514} INFO - at io.netty.util.concurrent.AbstractEventExecutor.safeExecute(AbstractEventExecutor.java:164)
[2021-12-28 13:36:14,677] {spark_submit.py:514} INFO - at io.netty.util.concurrent.SingleThreadEventExecutor.runAllTasks(SingleThreadEventExecutor.java:469)
[2021-12-28 13:36:14,682] {spark_submit.py:514} INFO - at io.netty.channel.nio.NioEventLoop.run(NioEventLoop.java:500)
[2021-12-28 13:36:14,687] {spark_submit.py:514} INFO - at io.netty.util.concurrent.SingleThreadEventExecutor$4.run(SingleThreadEventExecutor.java:986)
[2021-12-28 13:36:14,690] {spark_submit.py:514} INFO - at io.netty.util.internal.ThreadExecutorMap$2.run(ThreadExecutorMap.java:74)
[2021-12-28 13:36:14,692] {spark_submit.py:514} INFO - at io.netty.util.concurrent.FastThreadLocalRunnable.run(FastThreadLocalRunnable.java:30)
[2021-12-28 13:36:14,693] {spark_submit.py:514} INFO - ... 1 more
[2021-12-28 13:36:34,399] {spark_submit.py:514} INFO - 21/12/28 13:36:34 INFO StandaloneAppClient$ClientEndpoint: Connecting to master spark://spark:7077...
[2021-12-28 13:36:38,378] {spark_submit.py:514} INFO - 21/12/28 13:36:38 WARN TransportClientFactory: DNS resolution failed for spark:7077 took 2872 ms
[2021-12-28 13:36:38,415] {spark_submit.py:514} INFO - 21/12/28 13:36:38 WARN StandaloneAppClient$ClientEndpoint: Failed to connect to master spark:7077
[2021-12-28 13:36:38,508] {spark_submit.py:514} INFO - org.apache.spark.SparkException: Exception thrown in awaitResult:
[2021-12-28 13:36:38,515] {spark_submit.py:514} INFO - at org.apache.spark.util.ThreadUtils$.awaitResult(ThreadUtils.scala:301)
[2021-12-28 13:36:38,517] {spark_submit.py:514} INFO - at org.apache.spark.rpc.RpcTimeout.awaitResult(RpcTimeout.scala:75)
[2021-12-28 13:36:38,526] {spark_submit.py:514} INFO - at org.apache.spark.rpc.RpcEnv.setupEndpointRefByURI(RpcEnv.scala:101)
[2021-12-28 13:36:38,536] {spark_submit.py:514} INFO - at org.apache.spark.rpc.RpcEnv.setupEndpointRef(RpcEnv.scala:109)
[2021-12-28 13:36:38,540] {spark_submit.py:514} INFO - at org.apache.spark.deploy.client.StandaloneAppClient$ClientEndpoint$$anon$1.run(StandaloneAppClient.scala:107)
[2021-12-28 13:36:38,546] {spark_submit.py:514} INFO - at java.base/java.util.concurrent.Executors$RunnableAdapter.call(Executors.java:515)
[2021-12-28 13:36:38,550] {spark_submit.py:514} INFO - at java.base/java.util.concurrent.FutureTask.run(FutureTask.java:264)
[2021-12-28 13:36:38,558] {spark_submit.py:514} INFO - at java.base/java.util.concurrent.ThreadPoolExecutor.runWorker(ThreadPoolExecutor.java:1128)
[2021-12-28 13:36:38,570] {spark_submit.py:514} INFO - at java.base/java.util.concurrent.ThreadPoolExecutor$Worker.run(ThreadPoolExecutor.java:628)
[2021-12-28 13:36:38,583] {spark_submit.py:514} INFO - at java.base/java.lang.Thread.run(Thread.java:829)
[2021-12-28 13:36:38,595] {spark_submit.py:514} INFO - Caused by: java.io.IOException: Failed to connect to spark:7077
[2021-12-28 13:36:38,607] {spark_submit.py:514} INFO - at org.apache.spark.network.client.TransportClientFactory.createClient(TransportClientFactory.java:288)
[2021-12-28 13:36:38,612] {spark_submit.py:514} INFO - at org.apache.spark.network.client.TransportClientFactory.createClient(TransportClientFactory.java:218)
[2021-12-28 13:36:38,626] {spark_submit.py:514} INFO - at org.apache.spark.network.client.TransportClientFactory.createClient(TransportClientFactory.java:230)
[2021-12-28 13:36:38,639] {spark_submit.py:514} INFO - at org.apache.spark.rpc.netty.NettyRpcEnv.createClient(NettyRpcEnv.scala:204)
[2021-12-28 13:36:38,644] {spark_submit.py:514} INFO - at org.apache.spark.rpc.netty.Outbox$$anon$1.call(Outbox.scala:202)
[2021-12-28 13:36:38,647] {spark_submit.py:514} INFO - at org.apache.spark.rpc.netty.Outbox$$anon$1.call(Outbox.scala:198)
[2021-12-28 13:36:38,652] {spark_submit.py:514} INFO - ... 4 more
[2021-12-28 13:36:38,655] {spark_submit.py:514} INFO - Caused by: java.net.UnknownHostException: spark
[2021-12-28 13:36:38,669] {spark_submit.py:514} INFO - at java.base/java.net.InetAddress$CachedAddresses.get(InetAddress.java:797)
[2021-12-28 13:36:38,672] {spark_submit.py:514} INFO - at java.base/java.net.InetAddress.getAllByName0(InetAddress.java:1509)
[2021-12-28 13:36:38,674] {spark_submit.py:514} INFO - at java.base/java.net.InetAddress.getAllByName(InetAddress.java:1368)
[2021-12-28 13:36:38,676] {spark_submit.py:514} INFO - at java.base/java.net.InetAddress.getAllByName(InetAddress.java:1302)
[2021-12-28 13:36:38,688] {spark_submit.py:514} INFO - at java.base/java.net.InetAddress.getByName(InetAddress.java:1252)
[2021-12-28 13:36:38,691] {spark_submit.py:514} INFO - at io.netty.util.internal.SocketUtils$8.run(SocketUtils.java:156)
[2021-12-28 13:36:38,694] {spark_submit.py:514} INFO - at io.netty.util.internal.SocketUtils$8.run(SocketUtils.java:153)
[2021-12-28 13:36:38,700] {spark_submit.py:514} INFO - at java.base/java.security.AccessController.doPrivileged(Native Method)
[2021-12-28 13:36:38,701] {spark_submit.py:514} INFO - at io.netty.util.internal.SocketUtils.addressByName(SocketUtils.java:153)
[2021-12-28 13:36:38,703] {spark_submit.py:514} INFO - at io.netty.resolver.DefaultNameResolver.doResolve(DefaultNameResolver.java:41)
[2021-12-28 13:36:38,716] {spark_submit.py:514} INFO - at io.netty.resolver.SimpleNameResolver.resolve(SimpleNameResolver.java:61)
[2021-12-28 13:36:38,723] {spark_submit.py:514} INFO - at io.netty.resolver.SimpleNameResolver.resolve(SimpleNameResolver.java:53)
[2021-12-28 13:36:38,738] {spark_submit.py:514} INFO - at io.netty.resolver.InetSocketAddressResolver.doResolve(InetSocketAddressResolver.java:55)
[2021-12-28 13:36:38,741] {spark_submit.py:514} INFO - at io.netty.resolver.InetSocketAddressResolver.doResolve(InetSocketAddressResolver.java:31)
[2021-12-28 13:36:38,750] {spark_submit.py:514} INFO - at io.netty.resolver.AbstractAddressResolver.resolve(AbstractAddressResolver.java:106)
[2021-12-28 13:36:38,766] {spark_submit.py:514} INFO - at io.netty.bootstrap.Bootstrap.doResolveAndConnect0(Bootstrap.java:206)
[2021-12-28 13:36:38,778] {spark_submit.py:514} INFO - at io.netty.bootstrap.Bootstrap.access$000(Bootstrap.java:46)
[2021-12-28 13:36:38,780] {spark_submit.py:514} INFO - at io.netty.bootstrap.Bootstrap$1.operationComplete(Bootstrap.java:180)
[2021-12-28 13:36:38,783] {spark_submit.py:514} INFO - at io.netty.bootstrap.Bootstrap$1.operationComplete(Bootstrap.java:166)
[2021-12-28 13:36:38,785] {spark_submit.py:514} INFO - at io.netty.util.concurrent.DefaultPromise.notifyListener0(DefaultPromise.java:578)
[2021-12-28 13:36:38,788] {spark_submit.py:514} INFO - at io.netty.util.concurrent.DefaultPromise.notifyListenersNow(DefaultPromise.java:552)
[2021-12-28 13:36:38,790] {spark_submit.py:514} INFO - at io.netty.util.concurrent.DefaultPromise.notifyListeners(DefaultPromise.java:491)
[2021-12-28 13:36:38,791] {spark_submit.py:514} INFO - at io.netty.util.concurrent.DefaultPromise.setValue0(DefaultPromise.java:616)
[2021-12-28 13:36:38,793] {spark_submit.py:514} INFO - at io.netty.util.concurrent.DefaultPromise.setSuccess0(DefaultPromise.java:605)
[2021-12-28 13:36:38,803] {spark_submit.py:514} INFO - at io.netty.util.concurrent.DefaultPromise.trySuccess(DefaultPromise.java:104)
[2021-12-28 13:36:38,812] {spark_submit.py:514} INFO - at io.netty.channel.DefaultChannelPromise.trySuccess(DefaultChannelPromise.java:84)
[2021-12-28 13:36:38,816] {spark_submit.py:514} INFO - at io.netty.channel.AbstractChannel$AbstractUnsafe.safeSetSuccess(AbstractChannel.java:1008)
[2021-12-28 13:36:38,818] {spark_submit.py:514} INFO - at io.netty.channel.AbstractChannel$AbstractUnsafe.register0(AbstractChannel.java:516)
[2021-12-28 13:36:38,820] {spark_submit.py:514} INFO - at io.netty.channel.AbstractChannel$AbstractUnsafe.access$200(AbstractChannel.java:429)
[2021-12-28 13:36:38,823] {spark_submit.py:514} INFO - at io.netty.channel.AbstractChannel$AbstractUnsafe$1.run(AbstractChannel.java:486)
[2021-12-28 13:36:38,827] {spark_submit.py:514} INFO - at io.netty.util.concurrent.AbstractEventExecutor.safeExecute(AbstractEventExecutor.java:164)
[2021-12-28 13:36:38,834] {spark_submit.py:514} INFO - at io.netty.util.concurrent.SingleThreadEventExecutor.runAllTasks(SingleThreadEventExecutor.java:469)
[2021-12-28 13:36:38,836] {spark_submit.py:514} INFO - at io.netty.channel.nio.NioEventLoop.run(NioEventLoop.java:500)
[2021-12-28 13:36:38,839] {spark_submit.py:514} INFO - at io.netty.util.concurrent.SingleThreadEventExecutor$4.run(SingleThreadEventExecutor.java:986)
[2021-12-28 13:36:38,843] {spark_submit.py:514} INFO - at io.netty.util.internal.ThreadExecutorMap$2.run(ThreadExecutorMap.java:74)
[2021-12-28 13:36:38,851] {spark_submit.py:514} INFO - at io.netty.util.concurrent.FastThreadLocalRunnable.run(FastThreadLocalRunnable.java:30)
[2021-12-28 13:36:38,855] {spark_submit.py:514} INFO - ... 1 more
[2021-12-28 13:36:53,798] {spark_submit.py:514} INFO - 21/12/28 13:36:53 ERROR StandaloneSchedulerBackend: Application has been killed. Reason: All masters are unresponsive! Giving up.
[2021-12-28 13:36:53,965] {spark_submit.py:514} INFO - 21/12/28 13:36:53 WARN StandaloneSchedulerBackend: Application ID is not initialized yet.
[2021-12-28 13:36:54,099] {spark_submit.py:514} INFO - 21/12/28 13:36:54 INFO Utils: Successfully started service 'org.apache.spark.network.netty.NettyBlockTransferService' on port 32843.
[2021-12-28 13:36:54,101] {spark_submit.py:514} INFO - 21/12/28 13:36:54 INFO NettyBlockTransferService: Server created on 0c125a5bba95:32843
[2021-12-28 13:36:54,107] {spark_submit.py:514} INFO - 21/12/28 13:36:54 INFO BlockManager: Using org.apache.spark.storage.RandomBlockReplicationPolicy for block replication policy
[2021-12-28 13:36:54,195] {spark_submit.py:514} INFO - 21/12/28 13:36:54 INFO SparkUI: Stopped Spark web UI at http://0c125a5bba95:4051
[2021-12-28 13:36:54,218] {spark_submit.py:514} INFO - 21/12/28 13:36:54 INFO BlockManagerMaster: Registering BlockManager BlockManagerId(driver, 0c125a5bba95, 32843, None)
[2021-12-28 13:36:54,228] {spark_submit.py:514} INFO - 21/12/28 13:36:54 INFO StandaloneSchedulerBackend: Shutting down all executors
[2021-12-28 13:36:54,245] {spark_submit.py:514} INFO - 21/12/28 13:36:54 INFO CoarseGrainedSchedulerBackend$DriverEndpoint: Asking each executor to shut down
[2021-12-28 13:36:54,433] {spark_submit.py:514} INFO - 21/12/28 13:36:54 WARN StandaloneAppClient$ClientEndpoint: Drop UnregisterApplication(null) because has not yet connected to master
[2021-12-28 13:36:54,436] {spark_submit.py:514} INFO - 21/12/28 13:36:54 INFO BlockManagerMasterEndpoint: Registering block manager 0c125a5bba95:32843 with 434.4 MiB RAM, BlockManagerId(driver, 0c125a5bba95, 32843, None)
[2021-12-28 13:36:54,466] {spark_submit.py:514} INFO - 21/12/28 13:36:54 INFO BlockManagerMaster: Registered BlockManager BlockManagerId(driver, 0c125a5bba95, 32843, None)
[2021-12-28 13:36:54,518] {spark_submit.py:514} INFO - 21/12/28 13:36:54 INFO BlockManager: Initialized BlockManager: BlockManagerId(driver, 0c125a5bba95, 32843, None)
[2021-12-28 13:36:54,970] {spark_submit.py:514} INFO - 21/12/28 13:36:54 INFO MapOutputTrackerMasterEndpoint: MapOutputTrackerMasterEndpoint stopped!
[2021-12-28 13:36:55,818] {spark_submit.py:514} INFO - 21/12/28 13:36:55 INFO MemoryStore: MemoryStore cleared
[2021-12-28 13:36:55,827] {spark_submit.py:514} INFO - 21/12/28 13:36:55 INFO BlockManager: BlockManager stopped
[2021-12-28 13:36:56,109] {spark_submit.py:514} INFO - 21/12/28 13:36:55 INFO BlockManagerMaster: BlockManagerMaster stopped
[2021-12-28 13:36:56,123] {spark_submit.py:514} INFO - 21/12/28 13:36:56 INFO OutputCommitCoordinator$OutputCommitCoordinatorEndpoint: OutputCommitCoordinator stopped!
[2021-12-28 13:36:56,570] {spark_submit.py:514} INFO - 21/12/28 13:36:56 INFO SparkContext: Successfully stopped SparkContext
[2021-12-28 13:36:57,375] {spark_submit.py:514} INFO - 21/12/28 13:36:57 ERROR SparkContext: Error initializing SparkContext.
[2021-12-28 13:36:57,385] {spark_submit.py:514} INFO - java.lang.IllegalArgumentException: requirement failed: Can only call getServletHandlers on a running MetricsSystem
[2021-12-28 13:36:57,406] {spark_submit.py:514} INFO - at scala.Predef$.require(Predef.scala:281)
[2021-12-28 13:36:57,411] {spark_submit.py:514} INFO - at org.apache.spark.metrics.MetricsSystem.getServletHandlers(MetricsSystem.scala:89)
[2021-12-28 13:36:57,414] {spark_submit.py:514} INFO - at org.apache.spark.SparkContext.<init>(SparkContext.scala:603)
[2021-12-28 13:36:57,415] {spark_submit.py:514} INFO - at org.apache.spark.api.java.JavaSparkContext.<init>(JavaSparkContext.scala:58)
[2021-12-28 13:36:57,428] {spark_submit.py:514} INFO - at java.base/jdk.internal.reflect.NativeConstructorAccessorImpl.newInstance0(Native Method)
[2021-12-28 13:36:57,442] {spark_submit.py:514} INFO - at java.base/jdk.internal.reflect.NativeConstructorAccessorImpl.newInstance(NativeConstructorAccessorImpl.java:62)
[2021-12-28 13:36:57,445] {spark_submit.py:514} INFO - at java.base/jdk.internal.reflect.DelegatingConstructorAccessorImpl.newInstance(DelegatingConstructorAccessorImpl.java:45)
[2021-12-28 13:36:57,450] {spark_submit.py:514} INFO - at java.base/java.lang.reflect.Constructor.newInstance(Constructor.java:490)
[2021-12-28 13:36:57,452] {spark_submit.py:514} INFO - at py4j.reflection.MethodInvoker.invoke(MethodInvoker.java:247)
[2021-12-28 13:36:57,458] {spark_submit.py:514} INFO - at py4j.reflection.ReflectionEngine.invoke(ReflectionEngine.java:357)
[2021-12-28 13:36:57,460] {spark_submit.py:514} INFO - at py4j.Gateway.invoke(Gateway.java:238)
[2021-12-28 13:36:57,463] {spark_submit.py:514} INFO - at py4j.commands.ConstructorCommand.invokeConstructor(ConstructorCommand.java:80)
[2021-12-28 13:36:57,464] {spark_submit.py:514} INFO - at py4j.commands.ConstructorCommand.execute(ConstructorCommand.java:69)
[2021-12-28 13:36:57,467] {spark_submit.py:514} INFO - at py4j.ClientServerConnection.waitForCommands(ClientServerConnection.java:182)
[2021-12-28 13:36:57,468] {spark_submit.py:514} INFO - at py4j.ClientServerConnection.run(ClientServerConnection.java:106)
[2021-12-28 13:36:57,470] {spark_submit.py:514} INFO - at java.base/java.lang.Thread.run(Thread.java:829)
[2021-12-28 13:36:57,476] {spark_submit.py:514} INFO - 21/12/28 13:36:57 INFO SparkContext: SparkContext already stopped.
[2021-12-28 13:36:57,521] {spark_submit.py:514} INFO - Traceback (most recent call last):
[2021-12-28 13:36:57,522] {spark_submit.py:514} INFO - File "/opt/***/jobs/get_ads_per_county.py", line 13, in <module>
[2021-12-28 13:36:57,565] {spark_submit.py:514} INFO - .appName("Get Ads per county") \
[2021-12-28 13:36:57,576] {spark_submit.py:514} INFO - File "/home/***/.local/lib/python3.6/site-packages/pyspark/python/lib/pyspark.zip/pyspark/sql/session.py", line 228, in getOrCreate
[2021-12-28 13:36:57,591] {spark_submit.py:514} INFO - File "/home/***/.local/lib/python3.6/site-packages/pyspark/python/lib/pyspark.zip/pyspark/context.py", line 392, in getOrCreate
[2021-12-28 13:36:57,626] {spark_submit.py:514} INFO - File "/home/***/.local/lib/python3.6/site-packages/pyspark/python/lib/pyspark.zip/pyspark/context.py", line 147, in __init__
[2021-12-28 13:36:57,627] {spark_submit.py:514} INFO - File "/home/***/.local/lib/python3.6/site-packages/pyspark/python/lib/pyspark.zip/pyspark/context.py", line 209, in _do_init
[2021-12-28 13:36:57,629] {spark_submit.py:514} INFO - File "/home/***/.local/lib/python3.6/site-packages/pyspark/python/lib/pyspark.zip/pyspark/context.py", line 329, in _initialize_context
[2021-12-28 13:36:57,645] {spark_submit.py:514} INFO - File "/home/***/.local/lib/python3.6/site-packages/pyspark/python/lib/py4j-0.10.9.2-src.zip/py4j/java_gateway.py", line 1574, in __call__
[2021-12-28 13:36:57,654] {spark_submit.py:514} INFO - File "/home/***/.local/lib/python3.6/site-packages/pyspark/python/lib/py4j-0.10.9.2-src.zip/py4j/protocol.py", line 328, in get_return_value
[2021-12-28 13:36:57,675] {spark_submit.py:514} INFO - py4j.protocol.Py4JJavaError: An error occurred while calling None.org.apache.spark.api.java.JavaSparkContext.
[2021-12-28 13:36:57,681] {spark_submit.py:514} INFO - : java.lang.IllegalArgumentException: requirement failed: Can only call getServletHandlers on a running MetricsSystem
[2021-12-28 13:36:57,684] {spark_submit.py:514} INFO - at scala.Predef$.require(Predef.scala:281)
[2021-12-28 13:36:57,689] {spark_submit.py:514} INFO - at org.apache.spark.metrics.MetricsSystem.getServletHandlers(MetricsSystem.scala:89)
[2021-12-28 13:36:57,690] {spark_submit.py:514} INFO - at org.apache.spark.SparkContext.<init>(SparkContext.scala:603)
[2021-12-28 13:36:57,691] {spark_submit.py:514} INFO - at org.apache.spark.api.java.JavaSparkContext.<init>(JavaSparkContext.scala:58)
[2021-12-28 13:36:57,692] {spark_submit.py:514} INFO - at java.base/jdk.internal.reflect.NativeConstructorAccessorImpl.newInstance0(Native Method)
[2021-12-28 13:36:57,694] {spark_submit.py:514} INFO - at java.base/jdk.internal.reflect.NativeConstructorAccessorImpl.newInstance(NativeConstructorAccessorImpl.java:62)
[2021-12-28 13:36:57,696] {spark_submit.py:514} INFO - at java.base/jdk.internal.reflect.DelegatingConstructorAccessorImpl.newInstance(DelegatingConstructorAccessorImpl.java:45)
[2021-12-28 13:36:57,698] {spark_submit.py:514} INFO - at java.base/java.lang.reflect.Constructor.newInstance(Constructor.java:490)
[2021-12-28 13:36:57,699] {spark_submit.py:514} INFO - at py4j.reflection.MethodInvoker.invoke(MethodInvoker.java:247)
[2021-12-28 13:36:57,701] {spark_submit.py:514} INFO - at py4j.reflection.ReflectionEngine.invoke(ReflectionEngine.java:357)
[2021-12-28 13:36:57,702] {spark_submit.py:514} INFO - at py4j.Gateway.invoke(Gateway.java:238)
[2021-12-28 13:36:57,703] {spark_submit.py:514} INFO - at py4j.commands.ConstructorCommand.invokeConstructor(ConstructorCommand.java:80)
[2021-12-28 13:36:57,704] {spark_submit.py:514} INFO - at py4j.commands.ConstructorCommand.execute(ConstructorCommand.java:69)
[2021-12-28 13:36:57,706] {spark_submit.py:514} INFO - at py4j.ClientServerConnection.waitForCommands(ClientServerConnection.java:182)
[2021-12-28 13:36:57,707] {spark_submit.py:514} INFO - at py4j.ClientServerConnection.run(ClientServerConnection.java:106)
[2021-12-28 13:36:57,708] {spark_submit.py:514} INFO - at java.base/java.lang.Thread.run(Thread.java:829)
[2021-12-28 13:36:57,718] {spark_submit.py:514} INFO - 
[2021-12-28 13:36:59,840] {spark_submit.py:514} INFO - 21/12/28 13:36:59 INFO ShutdownHookManager: Shutdown hook called
[2021-12-28 13:36:59,847] {spark_submit.py:514} INFO - 21/12/28 13:36:59 INFO ShutdownHookManager: Deleting directory /tmp/spark-50a782c7-ad1b-4803-9c9f-ef46852ce660
[2021-12-28 13:36:59,893] {spark_submit.py:514} INFO - 21/12/28 13:36:59 INFO ShutdownHookManager: Deleting directory /tmp/spark-44c2e4b3-d921-4869-a26e-2abaf7b18012
[2021-12-28 13:37:01,601] {taskinstance.py:1703} ERROR - Task failed with exception
Traceback (most recent call last):
  File "/home/airflow/.local/lib/python3.6/site-packages/airflow/models/taskinstance.py", line 1332, in _run_raw_task
    self._execute_task_with_callbacks(context)
  File "/home/airflow/.local/lib/python3.6/site-packages/airflow/models/taskinstance.py", line 1458, in _execute_task_with_callbacks
    result = self._execute_task(context, self.task)
  File "/home/airflow/.local/lib/python3.6/site-packages/airflow/models/taskinstance.py", line 1514, in _execute_task
    result = execute_callable(context=context)
  File "/home/airflow/.local/lib/python3.6/site-packages/airflow/providers/apache/spark/operators/spark_submit.py", line 179, in execute
    self._hook.submit(self._application)
  File "/home/airflow/.local/lib/python3.6/site-packages/airflow/providers/apache/spark/hooks/spark_submit.py", line 446, in submit
    f"Cannot execute: {self._mask_cmd(spark_submit_cmd)}. Error code is: {returncode}."
airflow.exceptions.AirflowException: Cannot execute: spark-submit --master spark://spark:7077 --conf spark.master=spark://spark:7077 --name scrap data --verbose /opt/***/jobs/get_ads_per_county.py limerick. Error code is: 1.
[2021-12-28 13:37:01,661] {taskinstance.py:1280} INFO - Marking task as UP_FOR_RETRY. dag_id=scraping_daft_limerick, task_id=scrap_data, execution_date=20211227T100500, start_date=20211228T133325, end_date=20211228T133701
[2021-12-28 13:37:01,761] {standard_task_runner.py:91} ERROR - Failed to execute job 5076 for task scrap_data
Traceback (most recent call last):
  File "/home/airflow/.local/lib/python3.6/site-packages/airflow/task/task_runner/standard_task_runner.py", line 85, in _start_by_fork
    args.func(args, dag=self.dag)
  File "/home/airflow/.local/lib/python3.6/site-packages/airflow/cli/cli_parser.py", line 48, in command
    return func(*args, **kwargs)
  File "/home/airflow/.local/lib/python3.6/site-packages/airflow/utils/cli.py", line 92, in wrapper
    return f(*args, **kwargs)
  File "/home/airflow/.local/lib/python3.6/site-packages/airflow/cli/commands/task_command.py", line 292, in task_run
    _run_task_by_selected_method(args, dag, ti)
  File "/home/airflow/.local/lib/python3.6/site-packages/airflow/cli/commands/task_command.py", line 107, in _run_task_by_selected_method
    _run_raw_task(args, ti)
  File "/home/airflow/.local/lib/python3.6/site-packages/airflow/cli/commands/task_command.py", line 184, in _run_raw_task
    error_file=args.error_file,
  File "/home/airflow/.local/lib/python3.6/site-packages/airflow/utils/session.py", line 70, in wrapper
    return func(*args, session=session, **kwargs)
  File "/home/airflow/.local/lib/python3.6/site-packages/airflow/models/taskinstance.py", line 1332, in _run_raw_task
    self._execute_task_with_callbacks(context)
  File "/home/airflow/.local/lib/python3.6/site-packages/airflow/models/taskinstance.py", line 1458, in _execute_task_with_callbacks
    result = self._execute_task(context, self.task)
  File "/home/airflow/.local/lib/python3.6/site-packages/airflow/models/taskinstance.py", line 1514, in _execute_task
    result = execute_callable(context=context)
  File "/home/airflow/.local/lib/python3.6/site-packages/airflow/providers/apache/spark/operators/spark_submit.py", line 179, in execute
    self._hook.submit(self._application)
  File "/home/airflow/.local/lib/python3.6/site-packages/airflow/providers/apache/spark/hooks/spark_submit.py", line 446, in submit
    f"Cannot execute: {self._mask_cmd(spark_submit_cmd)}. Error code is: {returncode}."
airflow.exceptions.AirflowException: Cannot execute: spark-submit --master spark://spark:7077 --conf spark.master=spark://spark:7077 --name scrap data --verbose /opt/***/jobs/get_ads_per_county.py limerick. Error code is: 1.
[2021-12-28 13:37:01,867] {local_task_job.py:154} INFO - Task exited with return code 1
[2021-12-28 13:37:02,171] {local_task_job.py:264} INFO - 0 downstream tasks scheduled from follow-on schedule check
