[2021-12-08 01:30:01,613] {taskinstance.py:1035} INFO - Dependencies all met for <TaskInstance: scraping_daft_dublin.run_init_county scheduled__2021-12-07T01:30:00+00:00 [queued]>
[2021-12-08 01:30:01,632] {taskinstance.py:1035} INFO - Dependencies all met for <TaskInstance: scraping_daft_dublin.run_init_county scheduled__2021-12-07T01:30:00+00:00 [queued]>
[2021-12-08 01:30:01,633] {taskinstance.py:1241} INFO - 
--------------------------------------------------------------------------------
[2021-12-08 01:30:01,634] {taskinstance.py:1242} INFO - Starting attempt 1 of 3
[2021-12-08 01:30:01,634] {taskinstance.py:1243} INFO - 
--------------------------------------------------------------------------------
[2021-12-08 01:30:01,650] {taskinstance.py:1262} INFO - Executing <Task(_PythonDecoratedOperator): run_init_county> on 2021-12-07 01:30:00+00:00
[2021-12-08 01:30:01,661] {standard_task_runner.py:76} INFO - Running: ['***', 'tasks', 'run', 'scraping_daft_dublin', 'run_init_county', 'scheduled__2021-12-07T01:30:00+00:00', '--job-id', '572', '--raw', '--subdir', 'DAGS_FOLDER/scraping_daft_dublin.py', '--cfg-path', '/tmp/tmp3r7hup99', '--error-file', '/tmp/tmp90q41tjf']
[2021-12-08 01:30:01,663] {standard_task_runner.py:77} INFO - Job 572: Subtask run_init_county
[2021-12-08 01:30:01,656] {standard_task_runner.py:52} INFO - Started process 24682 to run task
[2021-12-08 01:30:01,764] {logging_mixin.py:109} INFO - Running <TaskInstance: scraping_daft_dublin.run_init_county scheduled__2021-12-07T01:30:00+00:00 [running]> on host 041e6f8654c3
[2021-12-08 01:30:02,000] {taskinstance.py:1429} INFO - Exporting the following env vars:
AIRFLOW_CTX_DAG_EMAIL=***@example.com
AIRFLOW_CTX_DAG_OWNER=clemoni
AIRFLOW_CTX_DAG_ID=scraping_daft_dublin
AIRFLOW_CTX_TASK_ID=run_init_county
AIRFLOW_CTX_EXECUTION_DATE=2021-12-07T01:30:00+00:00
AIRFLOW_CTX_DAG_RUN_ID=scheduled__2021-12-07T01:30:00+00:00
[2021-12-08 01:30:02,051] {python.py:152} INFO - Done. Returned value was: None
[2021-12-08 01:30:02,124] {taskinstance.py:1280} INFO - Marking task as SUCCESS. dag_id=scraping_daft_dublin, task_id=run_init_county, execution_date=20211207T013000, start_date=20211208T013001, end_date=20211208T013002
[2021-12-08 01:30:02,164] {local_task_job.py:154} INFO - Task exited with return code 0
[2021-12-08 01:30:02,368] {local_task_job.py:264} INFO - 1 downstream tasks scheduled from follow-on schedule check
