[2021-12-29 11:56:31,292] {taskinstance.py:1035} INFO - Dependencies all met for <TaskInstance: scraping_daft_roscommon.run_init_county scheduled__2021-12-28T10:40:00+00:00 [queued]>
[2021-12-29 11:56:39,514] {taskinstance.py:1035} INFO - Dependencies all met for <TaskInstance: scraping_daft_roscommon.run_init_county scheduled__2021-12-28T10:40:00+00:00 [queued]>
[2021-12-29 11:56:40,179] {taskinstance.py:1241} INFO - 
--------------------------------------------------------------------------------
[2021-12-29 11:56:40,200] {taskinstance.py:1242} INFO - Starting attempt 1 of 4
[2021-12-29 11:56:40,276] {taskinstance.py:1243} INFO - 
--------------------------------------------------------------------------------
[2021-12-29 11:56:43,569] {taskinstance.py:1262} INFO - Executing <Task(_PythonDecoratedOperator): run_init_county> on 2021-12-28 10:40:00+00:00
[2021-12-29 11:56:44,840] {standard_task_runner.py:76} INFO - Running: ['***', 'tasks', 'run', 'scraping_daft_roscommon', 'run_init_county', 'scheduled__2021-12-28T10:40:00+00:00', '--job-id', '5317', '--raw', '--subdir', 'DAGS_FOLDER/scraping_daft_roscommon.py', '--cfg-path', '/tmp/tmp2u7zdura', '--error-file', '/tmp/tmpic2ye0eu']
[2021-12-29 11:56:44,891] {standard_task_runner.py:77} INFO - Job 5317: Subtask run_init_county
[2021-12-29 11:56:44,521] {standard_task_runner.py:52} INFO - Started process 24537 to run task
[2021-12-29 11:56:47,929] {logging_mixin.py:109} INFO - Running <TaskInstance: scraping_daft_roscommon.run_init_county scheduled__2021-12-28T10:40:00+00:00 [running]> on host 6bdda4c19a85
[2021-12-29 11:56:49,685] {taskinstance.py:1429} INFO - Exporting the following env vars:
AIRFLOW_CTX_DAG_EMAIL=clement.liscoet@gmail.com
AIRFLOW_CTX_DAG_OWNER=clemoni
AIRFLOW_CTX_DAG_ID=scraping_daft_roscommon
AIRFLOW_CTX_TASK_ID=run_init_county
AIRFLOW_CTX_EXECUTION_DATE=2021-12-28T10:40:00+00:00
AIRFLOW_CTX_DAG_RUN_ID=scheduled__2021-12-28T10:40:00+00:00
[2021-12-29 11:56:50,271] {python.py:152} INFO - Done. Returned value was: None
[2021-12-29 11:57:00,586] {taskinstance.py:1280} INFO - Marking task as SUCCESS. dag_id=scraping_daft_roscommon, task_id=run_init_county, execution_date=20211228T104000, start_date=20211229T115631, end_date=20211229T115700
[2021-12-29 11:57:07,155] {local_task_job.py:154} INFO - Task exited with return code 0
[2021-12-29 11:57:10,949] {local_task_job.py:264} INFO - 1 downstream tasks scheduled from follow-on schedule check
