[2021-12-30 11:47:36,572] {taskinstance.py:1035} INFO - Dependencies all met for <TaskInstance: scraping_daft_roscommon.persist_data scheduled__2021-12-29T10:40:00+00:00 [queued]>
[2021-12-30 11:47:36,711] {taskinstance.py:1035} INFO - Dependencies all met for <TaskInstance: scraping_daft_roscommon.persist_data scheduled__2021-12-29T10:40:00+00:00 [queued]>
[2021-12-30 11:47:36,714] {taskinstance.py:1241} INFO - 
--------------------------------------------------------------------------------
[2021-12-30 11:47:36,715] {taskinstance.py:1242} INFO - Starting attempt 1 of 4
[2021-12-30 11:47:36,718] {taskinstance.py:1243} INFO - 
--------------------------------------------------------------------------------
[2021-12-30 11:47:36,949] {taskinstance.py:1262} INFO - Executing <Task(SparkSubmitOperator): persist_data> on 2021-12-29 10:40:00+00:00
[2021-12-30 11:47:37,075] {standard_task_runner.py:52} INFO - Started process 4092 to run task
[2021-12-30 11:47:37,186] {standard_task_runner.py:76} INFO - Running: ['***', 'tasks', 'run', 'scraping_daft_roscommon', 'persist_data', 'scheduled__2021-12-29T10:40:00+00:00', '--job-id', '5564', '--raw', '--subdir', 'DAGS_FOLDER/scraping_daft_roscommon.py', '--cfg-path', '/tmp/tmpfb_wd3_6', '--error-file', '/tmp/tmppufaj32a']
[2021-12-30 11:47:37,191] {standard_task_runner.py:77} INFO - Job 5564: Subtask persist_data
[2021-12-30 11:47:37,571] {logging_mixin.py:109} INFO - Running <TaskInstance: scraping_daft_roscommon.persist_data scheduled__2021-12-29T10:40:00+00:00 [running]> on host 5ddf2477c0dd
[2021-12-30 11:47:38,385] {taskinstance.py:1429} INFO - Exporting the following env vars:
AIRFLOW_CTX_DAG_EMAIL=clement.liscoet@gmail.com
AIRFLOW_CTX_DAG_OWNER=clemoni
AIRFLOW_CTX_DAG_ID=scraping_daft_roscommon
AIRFLOW_CTX_TASK_ID=persist_data
AIRFLOW_CTX_EXECUTION_DATE=2021-12-29T10:40:00+00:00
AIRFLOW_CTX_DAG_RUN_ID=scheduled__2021-12-29T10:40:00+00:00
[2021-12-30 11:47:38,470] {base.py:79} INFO - Using connection to: id: spark_default. Host: spark://spark:7077, Port: None, Schema: , Login: ***, Password: ***, extra: {}
[2021-12-30 11:47:38,499] {spark_submit.py:360} INFO - Spark-Submit cmd: spark-submit --master spark://spark:7077 --conf spark.master=spark://spark:7077 --name persist data --verbose /opt/***/jobs/persist_db.py roscommon
[2021-12-30 11:47:55,565] {spark_submit.py:514} INFO - Using properties file: null
[2021-12-30 11:47:56,760] {spark_submit.py:514} INFO - WARNING: An illegal reflective access operation has occurred
[2021-12-30 11:47:56,763] {spark_submit.py:514} INFO - WARNING: Illegal reflective access by org.apache.spark.unsafe.Platform (file:/home/***/.local/lib/python3.6/site-packages/pyspark/jars/spark-unsafe_2.12-3.2.0.jar) to constructor java.nio.DirectByteBuffer(long,int)
[2021-12-30 11:47:56,765] {spark_submit.py:514} INFO - WARNING: Please consider reporting this to the maintainers of org.apache.spark.unsafe.Platform
[2021-12-30 11:47:56,768] {spark_submit.py:514} INFO - WARNING: Use --illegal-access=warn to enable warnings of further illegal reflective access operations
[2021-12-30 11:47:56,772] {spark_submit.py:514} INFO - WARNING: All illegal access operations will be denied in a future release
[2021-12-30 11:47:57,630] {spark_submit.py:514} INFO - Parsed arguments:
[2021-12-30 11:47:57,631] {spark_submit.py:514} INFO - master                  spark://spark:7077
[2021-12-30 11:47:57,632] {spark_submit.py:514} INFO - deployMode              null
[2021-12-30 11:47:57,636] {spark_submit.py:514} INFO - executorMemory          null
[2021-12-30 11:47:57,639] {spark_submit.py:514} INFO - executorCores           null
[2021-12-30 11:47:57,644] {spark_submit.py:514} INFO - totalExecutorCores      null
[2021-12-30 11:47:57,650] {spark_submit.py:514} INFO - propertiesFile          null
[2021-12-30 11:47:57,653] {spark_submit.py:514} INFO - driverMemory            null
[2021-12-30 11:47:57,657] {spark_submit.py:514} INFO - driverCores             null
[2021-12-30 11:47:57,663] {spark_submit.py:514} INFO - driverExtraClassPath    null
[2021-12-30 11:47:57,665] {spark_submit.py:514} INFO - driverExtraLibraryPath  null
[2021-12-30 11:47:57,674] {spark_submit.py:514} INFO - driverExtraJavaOptions  null
[2021-12-30 11:47:57,675] {spark_submit.py:514} INFO - supervise               false
[2021-12-30 11:47:57,681] {spark_submit.py:514} INFO - queue                   null
[2021-12-30 11:47:57,686] {spark_submit.py:514} INFO - numExecutors            null
[2021-12-30 11:47:57,694] {spark_submit.py:514} INFO - files                   null
[2021-12-30 11:47:57,699] {spark_submit.py:514} INFO - pyFiles                 null
[2021-12-30 11:47:57,702] {spark_submit.py:514} INFO - archives                null
[2021-12-30 11:47:57,706] {spark_submit.py:514} INFO - mainClass               null
[2021-12-30 11:47:57,715] {spark_submit.py:514} INFO - primaryResource         file:/opt/***/jobs/persist_db.py
[2021-12-30 11:47:57,721] {spark_submit.py:514} INFO - name                    persist data
[2021-12-30 11:47:57,725] {spark_submit.py:514} INFO - childArgs               [roscommon]
[2021-12-30 11:47:57,730] {spark_submit.py:514} INFO - jars                    null
[2021-12-30 11:47:57,741] {spark_submit.py:514} INFO - packages                null
[2021-12-30 11:47:57,743] {spark_submit.py:514} INFO - packagesExclusions      null
[2021-12-30 11:47:57,748] {spark_submit.py:514} INFO - repositories            null
[2021-12-30 11:47:57,752] {spark_submit.py:514} INFO - verbose                 true
[2021-12-30 11:47:57,753] {spark_submit.py:514} INFO - 
[2021-12-30 11:47:57,758] {spark_submit.py:514} INFO - Spark properties used, including those specified through
[2021-12-30 11:47:57,763] {spark_submit.py:514} INFO - --conf and those from the properties file null:
[2021-12-30 11:47:57,766] {spark_submit.py:514} INFO - (spark.master,spark://spark:7077)
[2021-12-30 11:47:57,770] {spark_submit.py:514} INFO - 
[2021-12-30 11:47:57,774] {spark_submit.py:514} INFO - 
[2021-12-30 11:48:01,286] {spark_submit.py:514} INFO - Main class:
[2021-12-30 11:48:01,295] {spark_submit.py:514} INFO - org.apache.spark.deploy.PythonRunner
[2021-12-30 11:48:01,301] {spark_submit.py:514} INFO - Arguments:
[2021-12-30 11:48:01,306] {spark_submit.py:514} INFO - file:/opt/***/jobs/persist_db.py
[2021-12-30 11:48:01,311] {spark_submit.py:514} INFO - null
[2021-12-30 11:48:01,321] {spark_submit.py:514} INFO - roscommon
[2021-12-30 11:48:01,333] {spark_submit.py:514} INFO - --verbose
[2021-12-30 11:48:01,336] {spark_submit.py:514} INFO - Spark config:
[2021-12-30 11:48:01,348] {spark_submit.py:514} INFO - (spark.master,spark://spark:7077)
[2021-12-30 11:48:01,351] {spark_submit.py:514} INFO - (spark.app.name,persist data)
[2021-12-30 11:48:01,357] {spark_submit.py:514} INFO - (spark.submit.pyFiles,)
[2021-12-30 11:48:01,362] {spark_submit.py:514} INFO - (spark.submit.deployMode,client)
[2021-12-30 11:48:01,363] {spark_submit.py:514} INFO - Classpath elements:
[2021-12-30 11:48:01,369] {spark_submit.py:514} INFO - 
[2021-12-30 11:48:01,370] {spark_submit.py:514} INFO - 
[2021-12-30 11:48:01,376] {spark_submit.py:514} INFO - 
[2021-12-30 11:48:15,520] {spark_submit.py:514} INFO - Using Spark's default log4j profile: org/apache/spark/log4j-defaults.properties
[2021-12-30 11:48:15,616] {spark_submit.py:514} INFO - 21/12/30 11:48:15 INFO SparkContext: Running Spark version 3.2.0
[2021-12-30 11:48:17,194] {spark_submit.py:514} INFO - 21/12/30 11:48:17 WARN NativeCodeLoader: Unable to load native-hadoop library for your platform... using builtin-java classes where applicable
[2021-12-30 11:48:19,258] {spark_submit.py:514} INFO - 21/12/30 11:48:19 INFO ResourceUtils: ==============================================================
[2021-12-30 11:48:19,274] {spark_submit.py:514} INFO - 21/12/30 11:48:19 INFO ResourceUtils: No custom resources configured for spark.driver.
[2021-12-30 11:48:19,278] {spark_submit.py:514} INFO - 21/12/30 11:48:19 INFO ResourceUtils: ==============================================================
[2021-12-30 11:48:19,280] {spark_submit.py:514} INFO - 21/12/30 11:48:19 INFO SparkContext: Submitted application: Persist DB
[2021-12-30 11:48:19,743] {spark_submit.py:514} INFO - 21/12/30 11:48:19 INFO ResourceProfile: Default ResourceProfile created, executor resources: Map(cores -> name: cores, amount: 1, script: , vendor: , memory -> name: memory, amount: 1024, script: , vendor: , offHeap -> name: offHeap, amount: 0, script: , vendor: ), task resources: Map(cpus -> name: cpus, amount: 1.0)
[2021-12-30 11:48:20,168] {spark_submit.py:514} INFO - 21/12/30 11:48:20 INFO ResourceProfile: Limiting resource is cpu
[2021-12-30 11:48:20,178] {spark_submit.py:514} INFO - 21/12/30 11:48:20 INFO ResourceProfileManager: Added ResourceProfile id: 0
[2021-12-30 11:48:21,626] {spark_submit.py:514} INFO - 21/12/30 11:48:21 INFO SecurityManager: Changing view acls to: ***
[2021-12-30 11:48:21,629] {spark_submit.py:514} INFO - 21/12/30 11:48:21 INFO SecurityManager: Changing modify acls to: ***
[2021-12-30 11:48:21,639] {spark_submit.py:514} INFO - 21/12/30 11:48:21 INFO SecurityManager: Changing view acls groups to:
[2021-12-30 11:48:21,658] {spark_submit.py:514} INFO - 21/12/30 11:48:21 INFO SecurityManager: Changing modify acls groups to:
[2021-12-30 11:48:21,673] {spark_submit.py:514} INFO - 21/12/30 11:48:21 INFO SecurityManager: SecurityManager: authentication disabled; ui acls disabled; users  with view permissions: Set(***); groups with view permissions: Set(); users  with modify permissions: Set(***); groups with modify permissions: Set()
[2021-12-30 11:48:23,590] {spark_submit.py:514} INFO - 21/12/30 11:48:23 INFO Utils: Successfully started service 'sparkDriver' on port 34555.
[2021-12-30 11:48:23,864] {spark_submit.py:514} INFO - 21/12/30 11:48:23 INFO SparkEnv: Registering MapOutputTracker
[2021-12-30 11:48:24,453] {spark_submit.py:514} INFO - 21/12/30 11:48:24 INFO SparkEnv: Registering BlockManagerMaster
[2021-12-30 11:48:24,858] {spark_submit.py:514} INFO - 21/12/30 11:48:24 INFO BlockManagerMasterEndpoint: Using org.apache.spark.storage.DefaultTopologyMapper for getting topology information
[2021-12-30 11:48:24,860] {spark_submit.py:514} INFO - 21/12/30 11:48:24 INFO BlockManagerMasterEndpoint: BlockManagerMasterEndpoint up
[2021-12-30 11:48:24,931] {spark_submit.py:514} INFO - 21/12/30 11:48:24 INFO SparkEnv: Registering BlockManagerMasterHeartbeat
[2021-12-30 11:48:25,282] {spark_submit.py:514} INFO - 21/12/30 11:48:25 INFO DiskBlockManager: Created local directory at /tmp/blockmgr-fb59d387-7369-4ab3-b6c9-f80ce4cbad26
[2021-12-30 11:48:25,591] {spark_submit.py:514} INFO - 21/12/30 11:48:25 INFO MemoryStore: MemoryStore started with capacity 434.4 MiB
[2021-12-30 11:48:25,754] {spark_submit.py:514} INFO - 21/12/30 11:48:25 INFO SparkEnv: Registering OutputCommitCoordinator
[2021-12-30 11:48:29,199] {spark_submit.py:514} INFO - 21/12/30 11:48:29 WARN Utils: Service 'SparkUI' could not bind on port 4040. Attempting port 4041.
[2021-12-30 11:48:29,202] {spark_submit.py:514} INFO - 21/12/30 11:48:29 WARN Utils: Service 'SparkUI' could not bind on port 4041. Attempting port 4042.
[2021-12-30 11:48:29,204] {spark_submit.py:514} INFO - 21/12/30 11:48:29 WARN Utils: Service 'SparkUI' could not bind on port 4042. Attempting port 4043.
[2021-12-30 11:48:29,206] {spark_submit.py:514} INFO - 21/12/30 11:48:29 WARN Utils: Service 'SparkUI' could not bind on port 4043. Attempting port 4044.
[2021-12-30 11:48:29,207] {spark_submit.py:514} INFO - 21/12/30 11:48:29 WARN Utils: Service 'SparkUI' could not bind on port 4044. Attempting port 4045.
[2021-12-30 11:48:29,208] {spark_submit.py:514} INFO - 21/12/30 11:48:29 WARN Utils: Service 'SparkUI' could not bind on port 4045. Attempting port 4046.
[2021-12-30 11:48:29,209] {spark_submit.py:514} INFO - 21/12/30 11:48:29 WARN Utils: Service 'SparkUI' could not bind on port 4046. Attempting port 4047.
[2021-12-30 11:48:29,212] {spark_submit.py:514} INFO - 21/12/30 11:48:29 WARN Utils: Service 'SparkUI' could not bind on port 4047. Attempting port 4048.
[2021-12-30 11:48:29,333] {spark_submit.py:514} INFO - 21/12/30 11:48:29 INFO Utils: Successfully started service 'SparkUI' on port 4048.
[2021-12-30 11:48:30,533] {spark_submit.py:514} INFO - 21/12/30 11:48:30 INFO SparkUI: Bound SparkUI to 0.0.0.0, and started at http://5ddf2477c0dd:4048
[2021-12-30 11:48:33,725] {spark_submit.py:514} INFO - 21/12/30 11:48:33 INFO StandaloneAppClient$ClientEndpoint: Connecting to master spark://spark:7077...
[2021-12-30 11:48:35,238] {spark_submit.py:514} INFO - 21/12/30 11:48:35 INFO TransportClientFactory: Successfully created connection to spark/172.19.0.4:7077 after 1291 ms (0 ms spent in bootstraps)
[2021-12-30 11:48:43,515] {spark_submit.py:514} INFO - 21/12/30 11:48:43 INFO StandaloneSchedulerBackend: Connected to Spark cluster with app ID app-20211230114843-0033
[2021-12-30 11:48:43,618] {spark_submit.py:514} INFO - 21/12/30 11:48:43 INFO Utils: Successfully started service 'org.apache.spark.network.netty.NettyBlockTransferService' on port 36717.
[2021-12-30 11:48:43,628] {spark_submit.py:514} INFO - 21/12/30 11:48:43 INFO NettyBlockTransferService: Server created on 5ddf2477c0dd:36717
[2021-12-30 11:48:43,640] {spark_submit.py:514} INFO - 21/12/30 11:48:43 INFO BlockManager: Using org.apache.spark.storage.RandomBlockReplicationPolicy for block replication policy
[2021-12-30 11:48:43,803] {spark_submit.py:514} INFO - 21/12/30 11:48:43 INFO BlockManagerMaster: Registering BlockManager BlockManagerId(driver, 5ddf2477c0dd, 36717, None)
[2021-12-30 11:48:43,853] {spark_submit.py:514} INFO - 21/12/30 11:48:43 INFO BlockManagerMasterEndpoint: Registering block manager 5ddf2477c0dd:36717 with 434.4 MiB RAM, BlockManagerId(driver, 5ddf2477c0dd, 36717, None)
[2021-12-30 11:48:43,934] {spark_submit.py:514} INFO - 21/12/30 11:48:43 INFO BlockManagerMaster: Registered BlockManager BlockManagerId(driver, 5ddf2477c0dd, 36717, None)
[2021-12-30 11:48:43,996] {spark_submit.py:514} INFO - 21/12/30 11:48:43 INFO BlockManager: Initialized BlockManager: BlockManagerId(driver, 5ddf2477c0dd, 36717, None)
[2021-12-30 11:48:49,046] {spark_submit.py:514} INFO - 21/12/30 11:48:49 INFO StandaloneSchedulerBackend: SchedulerBackend is ready for scheduling beginning after reached minRegisteredResourcesRatio: 0.0
[2021-12-30 11:48:49,948] {spark_submit.py:514} INFO - /home/***/.local/lib/python3.6/site-packages/pyspark/python/lib/pyspark.zip/pyspark/context.py:238: FutureWarning: Python 3.6 support is deprecated in Spark 3.2.
[2021-12-30 11:48:49,959] {spark_submit.py:514} INFO - FutureWarning
[2021-12-30 11:48:53,164] {spark_submit.py:514} INFO - 21/12/30 11:48:53 INFO SharedState: Setting hive.metastore.warehouse.dir ('null') to the value of spark.sql.warehouse.dir.
[2021-12-30 11:48:53,378] {spark_submit.py:514} INFO - 21/12/30 11:48:53 INFO SharedState: Warehouse path is 'file:/opt/***/spark-warehouse'.
[2021-12-30 11:49:05,907] {spark_submit.py:514} INFO - 21/12/30 11:49:05 INFO SparkContext: Invoking stop() from shutdown hook
[2021-12-30 11:49:06,041] {spark_submit.py:514} INFO - 21/12/30 11:49:06 INFO SparkUI: Stopped Spark web UI at http://5ddf2477c0dd:4048
[2021-12-30 11:49:06,078] {spark_submit.py:514} INFO - 21/12/30 11:49:06 INFO StandaloneSchedulerBackend: Shutting down all executors
[2021-12-30 11:49:06,244] {spark_submit.py:514} INFO - 21/12/30 11:49:06 INFO CoarseGrainedSchedulerBackend$DriverEndpoint: Asking each executor to shut down
[2021-12-30 11:49:06,467] {spark_submit.py:514} INFO - 21/12/30 11:49:06 INFO MapOutputTrackerMasterEndpoint: MapOutputTrackerMasterEndpoint stopped!
[2021-12-30 11:49:07,146] {spark_submit.py:514} INFO - 21/12/30 11:49:07 INFO MemoryStore: MemoryStore cleared
[2021-12-30 11:49:07,150] {spark_submit.py:514} INFO - 21/12/30 11:49:07 INFO BlockManager: BlockManager stopped
[2021-12-30 11:49:07,212] {spark_submit.py:514} INFO - 21/12/30 11:49:07 INFO BlockManagerMaster: BlockManagerMaster stopped
[2021-12-30 11:49:07,233] {spark_submit.py:514} INFO - 21/12/30 11:49:07 INFO OutputCommitCoordinator$OutputCommitCoordinatorEndpoint: OutputCommitCoordinator stopped!
[2021-12-30 11:49:07,626] {spark_submit.py:514} INFO - 21/12/30 11:49:07 INFO SparkContext: Successfully stopped SparkContext
[2021-12-30 11:49:07,628] {spark_submit.py:514} INFO - 21/12/30 11:49:07 INFO ShutdownHookManager: Shutdown hook called
[2021-12-30 11:49:07,632] {spark_submit.py:514} INFO - 21/12/30 11:49:07 INFO ShutdownHookManager: Deleting directory /tmp/spark-57faa483-9408-4c87-b2db-1f6760211bd0/pyspark-7a4465d4-d9d6-4426-b56b-f1d26643c62a
[2021-12-30 11:49:07,676] {spark_submit.py:514} INFO - 21/12/30 11:49:07 INFO ShutdownHookManager: Deleting directory /tmp/spark-57faa483-9408-4c87-b2db-1f6760211bd0
[2021-12-30 11:49:07,790] {spark_submit.py:514} INFO - 21/12/30 11:49:07 INFO ShutdownHookManager: Deleting directory /tmp/spark-8ffd9f28-3cc0-4788-8997-480f58dd1488
[2021-12-30 11:49:08,514] {taskinstance.py:1280} INFO - Marking task as SUCCESS. dag_id=scraping_daft_roscommon, task_id=persist_data, execution_date=20211229T104000, start_date=20211230T114736, end_date=20211230T114908
[2021-12-30 11:49:08,947] {local_task_job.py:154} INFO - Task exited with return code 0
[2021-12-30 11:49:09,235] {local_task_job.py:264} INFO - 1 downstream tasks scheduled from follow-on schedule check
