[2021-12-28 13:48:35,116] {taskinstance.py:1035} INFO - Dependencies all met for <TaskInstance: scraping_daft_cavan.scrap_data scheduled__2021-12-27T09:10:00+00:00 [queued]>
[2021-12-28 13:48:35,174] {taskinstance.py:1035} INFO - Dependencies all met for <TaskInstance: scraping_daft_cavan.scrap_data scheduled__2021-12-27T09:10:00+00:00 [queued]>
[2021-12-28 13:48:35,176] {taskinstance.py:1241} INFO - 
--------------------------------------------------------------------------------
[2021-12-28 13:48:35,177] {taskinstance.py:1242} INFO - Starting attempt 4 of 4
[2021-12-28 13:48:35,179] {taskinstance.py:1243} INFO - 
--------------------------------------------------------------------------------
[2021-12-28 13:48:35,258] {taskinstance.py:1262} INFO - Executing <Task(SparkSubmitOperator): scrap_data> on 2021-12-27 09:10:00+00:00
[2021-12-28 13:48:35,267] {standard_task_runner.py:52} INFO - Started process 56670 to run task
[2021-12-28 13:48:35,311] {standard_task_runner.py:76} INFO - Running: ['***', 'tasks', 'run', 'scraping_daft_cavan', 'scrap_data', 'scheduled__2021-12-27T09:10:00+00:00', '--job-id', '5120', '--raw', '--subdir', 'DAGS_FOLDER/scraping_daft_cavan.py', '--cfg-path', '/tmp/tmprnogm10s', '--error-file', '/tmp/tmpu0jmgv4x']
[2021-12-28 13:48:35,315] {standard_task_runner.py:77} INFO - Job 5120: Subtask scrap_data
[2021-12-28 13:48:35,506] {logging_mixin.py:109} INFO - Running <TaskInstance: scraping_daft_cavan.scrap_data scheduled__2021-12-27T09:10:00+00:00 [running]> on host 0c125a5bba95
[2021-12-28 13:48:35,754] {taskinstance.py:1429} INFO - Exporting the following env vars:
AIRFLOW_CTX_DAG_EMAIL=clement.liscoet@gmail.com
AIRFLOW_CTX_DAG_OWNER=clemoni
AIRFLOW_CTX_DAG_ID=scraping_daft_cavan
AIRFLOW_CTX_TASK_ID=scrap_data
AIRFLOW_CTX_EXECUTION_DATE=2021-12-27T09:10:00+00:00
AIRFLOW_CTX_DAG_RUN_ID=scheduled__2021-12-27T09:10:00+00:00
[2021-12-28 13:48:35,822] {base.py:79} INFO - Using connection to: id: spark_default. Host: spark://spark:7077, Port: None, Schema: , Login: ***, Password: ***, extra: {}
[2021-12-28 13:48:35,828] {spark_submit.py:360} INFO - Spark-Submit cmd: spark-submit --master spark://spark:7077 --conf spark.master=spark://spark:7077 --name scrap data --verbose /opt/***/jobs/get_ads_per_county.py cavan
[2021-12-28 13:48:38,613] {spark_submit.py:514} INFO - Using properties file: null
[2021-12-28 13:48:38,751] {spark_submit.py:514} INFO - WARNING: An illegal reflective access operation has occurred
[2021-12-28 13:48:38,752] {spark_submit.py:514} INFO - WARNING: Illegal reflective access by org.apache.spark.unsafe.Platform (file:/home/***/.local/lib/python3.6/site-packages/pyspark/jars/spark-unsafe_2.12-3.2.0.jar) to constructor java.nio.DirectByteBuffer(long,int)
[2021-12-28 13:48:38,753] {spark_submit.py:514} INFO - WARNING: Please consider reporting this to the maintainers of org.apache.spark.unsafe.Platform
[2021-12-28 13:48:38,754] {spark_submit.py:514} INFO - WARNING: Use --illegal-access=warn to enable warnings of further illegal reflective access operations
[2021-12-28 13:48:38,755] {spark_submit.py:514} INFO - WARNING: All illegal access operations will be denied in a future release
[2021-12-28 13:48:38,832] {spark_submit.py:514} INFO - Parsed arguments:
[2021-12-28 13:48:38,833] {spark_submit.py:514} INFO - master                  spark://spark:7077
[2021-12-28 13:48:38,834] {spark_submit.py:514} INFO - deployMode              null
[2021-12-28 13:48:38,837] {spark_submit.py:514} INFO - executorMemory          null
[2021-12-28 13:48:38,839] {spark_submit.py:514} INFO - executorCores           null
[2021-12-28 13:48:38,840] {spark_submit.py:514} INFO - totalExecutorCores      null
[2021-12-28 13:48:38,841] {spark_submit.py:514} INFO - propertiesFile          null
[2021-12-28 13:48:38,843] {spark_submit.py:514} INFO - driverMemory            null
[2021-12-28 13:48:38,845] {spark_submit.py:514} INFO - driverCores             null
[2021-12-28 13:48:38,846] {spark_submit.py:514} INFO - driverExtraClassPath    null
[2021-12-28 13:48:38,847] {spark_submit.py:514} INFO - driverExtraLibraryPath  null
[2021-12-28 13:48:38,851] {spark_submit.py:514} INFO - driverExtraJavaOptions  null
[2021-12-28 13:48:38,855] {spark_submit.py:514} INFO - supervise               false
[2021-12-28 13:48:38,856] {spark_submit.py:514} INFO - queue                   null
[2021-12-28 13:48:38,857] {spark_submit.py:514} INFO - numExecutors            null
[2021-12-28 13:48:38,858] {spark_submit.py:514} INFO - files                   null
[2021-12-28 13:48:38,859] {spark_submit.py:514} INFO - pyFiles                 null
[2021-12-28 13:48:38,860] {spark_submit.py:514} INFO - archives                null
[2021-12-28 13:48:38,862] {spark_submit.py:514} INFO - mainClass               null
[2021-12-28 13:48:38,863] {spark_submit.py:514} INFO - primaryResource         file:/opt/***/jobs/get_ads_per_county.py
[2021-12-28 13:48:38,864] {spark_submit.py:514} INFO - name                    scrap data
[2021-12-28 13:48:38,865] {spark_submit.py:514} INFO - childArgs               [cavan]
[2021-12-28 13:48:38,867] {spark_submit.py:514} INFO - jars                    null
[2021-12-28 13:48:38,868] {spark_submit.py:514} INFO - packages                null
[2021-12-28 13:48:38,869] {spark_submit.py:514} INFO - packagesExclusions      null
[2021-12-28 13:48:38,870] {spark_submit.py:514} INFO - repositories            null
[2021-12-28 13:48:38,872] {spark_submit.py:514} INFO - verbose                 true
[2021-12-28 13:48:38,873] {spark_submit.py:514} INFO - 
[2021-12-28 13:48:38,874] {spark_submit.py:514} INFO - Spark properties used, including those specified through
[2021-12-28 13:48:38,875] {spark_submit.py:514} INFO - --conf and those from the properties file null:
[2021-12-28 13:48:38,876] {spark_submit.py:514} INFO - (spark.master,spark://spark:7077)
[2021-12-28 13:48:38,877] {spark_submit.py:514} INFO - 
[2021-12-28 13:48:38,878] {spark_submit.py:514} INFO - 
[2021-12-28 13:48:39,361] {spark_submit.py:514} INFO - Main class:
[2021-12-28 13:48:39,362] {spark_submit.py:514} INFO - org.apache.spark.deploy.PythonRunner
[2021-12-28 13:48:39,363] {spark_submit.py:514} INFO - Arguments:
[2021-12-28 13:48:39,364] {spark_submit.py:514} INFO - file:/opt/***/jobs/get_ads_per_county.py
[2021-12-28 13:48:39,365] {spark_submit.py:514} INFO - null
[2021-12-28 13:48:39,366] {spark_submit.py:514} INFO - cavan
[2021-12-28 13:48:39,367] {spark_submit.py:514} INFO - --verbose
[2021-12-28 13:48:39,368] {spark_submit.py:514} INFO - Spark config:
[2021-12-28 13:48:39,369] {spark_submit.py:514} INFO - (spark.app.name,scrap data)
[2021-12-28 13:48:39,370] {spark_submit.py:514} INFO - (spark.master,spark://spark:7077)
[2021-12-28 13:48:39,371] {spark_submit.py:514} INFO - (spark.submit.pyFiles,)
[2021-12-28 13:48:39,372] {spark_submit.py:514} INFO - (spark.submit.deployMode,client)
[2021-12-28 13:48:39,373] {spark_submit.py:514} INFO - Classpath elements:
[2021-12-28 13:48:39,374] {spark_submit.py:514} INFO - 
[2021-12-28 13:48:39,374] {spark_submit.py:514} INFO - 
[2021-12-28 13:48:39,375] {spark_submit.py:514} INFO - 
[2021-12-28 13:48:40,824] {spark_submit.py:514} INFO - Using Spark's default log4j profile: org/apache/spark/log4j-defaults.properties
[2021-12-28 13:48:40,843] {spark_submit.py:514} INFO - 21/12/28 13:48:40 INFO SparkContext: Running Spark version 3.2.0
[2021-12-28 13:48:41,007] {spark_submit.py:514} INFO - 21/12/28 13:48:41 WARN NativeCodeLoader: Unable to load native-hadoop library for your platform... using builtin-java classes where applicable
[2021-12-28 13:48:41,412] {spark_submit.py:514} INFO - 21/12/28 13:48:41 INFO ResourceUtils: ==============================================================
[2021-12-28 13:48:41,414] {spark_submit.py:514} INFO - 21/12/28 13:48:41 INFO ResourceUtils: No custom resources configured for spark.driver.
[2021-12-28 13:48:41,415] {spark_submit.py:514} INFO - 21/12/28 13:48:41 INFO ResourceUtils: ==============================================================
[2021-12-28 13:48:41,418] {spark_submit.py:514} INFO - 21/12/28 13:48:41 INFO SparkContext: Submitted application: Get Ads per county
[2021-12-28 13:48:41,475] {spark_submit.py:514} INFO - 21/12/28 13:48:41 INFO ResourceProfile: Default ResourceProfile created, executor resources: Map(cores -> name: cores, amount: 1, script: , vendor: , memory -> name: memory, amount: 1024, script: , vendor: , offHeap -> name: offHeap, amount: 0, script: , vendor: ), task resources: Map(cpus -> name: cpus, amount: 1.0)
[2021-12-28 13:48:41,501] {spark_submit.py:514} INFO - 21/12/28 13:48:41 INFO ResourceProfile: Limiting resource is cpu
[2021-12-28 13:48:41,505] {spark_submit.py:514} INFO - 21/12/28 13:48:41 INFO ResourceProfileManager: Added ResourceProfile id: 0
[2021-12-28 13:48:41,647] {spark_submit.py:514} INFO - 21/12/28 13:48:41 INFO SecurityManager: Changing view acls to: ***
[2021-12-28 13:48:41,649] {spark_submit.py:514} INFO - 21/12/28 13:48:41 INFO SecurityManager: Changing modify acls to: ***
[2021-12-28 13:48:41,651] {spark_submit.py:514} INFO - 21/12/28 13:48:41 INFO SecurityManager: Changing view acls groups to:
[2021-12-28 13:48:41,652] {spark_submit.py:514} INFO - 21/12/28 13:48:41 INFO SecurityManager: Changing modify acls groups to:
[2021-12-28 13:48:41,679] {spark_submit.py:514} INFO - 21/12/28 13:48:41 INFO SecurityManager: SecurityManager: authentication disabled; ui acls disabled; users  with view permissions: Set(***); groups with view permissions: Set(); users  with modify permissions: Set(***); groups with modify permissions: Set()
[2021-12-28 13:48:42,164] {spark_submit.py:514} INFO - 21/12/28 13:48:42 INFO Utils: Successfully started service 'sparkDriver' on port 43723.
[2021-12-28 13:48:42,247] {spark_submit.py:514} INFO - 21/12/28 13:48:42 INFO SparkEnv: Registering MapOutputTracker
[2021-12-28 13:48:42,312] {spark_submit.py:514} INFO - 21/12/28 13:48:42 INFO SparkEnv: Registering BlockManagerMaster
[2021-12-28 13:48:42,351] {spark_submit.py:514} INFO - 21/12/28 13:48:42 INFO BlockManagerMasterEndpoint: Using org.apache.spark.storage.DefaultTopologyMapper for getting topology information
[2021-12-28 13:48:42,352] {spark_submit.py:514} INFO - 21/12/28 13:48:42 INFO BlockManagerMasterEndpoint: BlockManagerMasterEndpoint up
[2021-12-28 13:48:42,363] {spark_submit.py:514} INFO - 21/12/28 13:48:42 INFO SparkEnv: Registering BlockManagerMasterHeartbeat
[2021-12-28 13:48:42,414] {spark_submit.py:514} INFO - 21/12/28 13:48:42 INFO DiskBlockManager: Created local directory at /tmp/blockmgr-8b57fb79-00b7-4f18-824f-b82bdb0b8e3b
[2021-12-28 13:48:42,452] {spark_submit.py:514} INFO - 21/12/28 13:48:42 INFO MemoryStore: MemoryStore started with capacity 434.4 MiB
[2021-12-28 13:48:42,492] {spark_submit.py:514} INFO - 21/12/28 13:48:42 INFO SparkEnv: Registering OutputCommitCoordinator
[2021-12-28 13:48:42,817] {spark_submit.py:514} INFO - 21/12/28 13:48:42 WARN Utils: Service 'SparkUI' could not bind on port 4040. Attempting port 4041.
[2021-12-28 13:48:42,818] {spark_submit.py:514} INFO - 21/12/28 13:48:42 WARN Utils: Service 'SparkUI' could not bind on port 4041. Attempting port 4042.
[2021-12-28 13:48:42,819] {spark_submit.py:514} INFO - 21/12/28 13:48:42 WARN Utils: Service 'SparkUI' could not bind on port 4042. Attempting port 4043.
[2021-12-28 13:48:42,821] {spark_submit.py:514} INFO - 21/12/28 13:48:42 WARN Utils: Service 'SparkUI' could not bind on port 4043. Attempting port 4044.
[2021-12-28 13:48:42,822] {spark_submit.py:514} INFO - 21/12/28 13:48:42 WARN Utils: Service 'SparkUI' could not bind on port 4044. Attempting port 4045.
[2021-12-28 13:48:42,823] {spark_submit.py:514} INFO - 21/12/28 13:48:42 WARN Utils: Service 'SparkUI' could not bind on port 4045. Attempting port 4046.
[2021-12-28 13:48:42,823] {spark_submit.py:514} INFO - 21/12/28 13:48:42 WARN Utils: Service 'SparkUI' could not bind on port 4046. Attempting port 4047.
[2021-12-28 13:48:42,834] {spark_submit.py:514} INFO - 21/12/28 13:48:42 INFO Utils: Successfully started service 'SparkUI' on port 4047.
[2021-12-28 13:48:42,938] {spark_submit.py:514} INFO - 21/12/28 13:48:42 INFO SparkUI: Bound SparkUI to 0.0.0.0, and started at http://0c125a5bba95:4047
[2021-12-28 13:48:43,316] {spark_submit.py:514} INFO - 21/12/28 13:48:43 INFO StandaloneAppClient$ClientEndpoint: Connecting to master spark://spark:7077...
[2021-12-28 13:48:43,413] {spark_submit.py:514} INFO - 21/12/28 13:48:43 WARN StandaloneAppClient$ClientEndpoint: Failed to connect to master spark:7077
[2021-12-28 13:48:43,414] {spark_submit.py:514} INFO - org.apache.spark.SparkException: Exception thrown in awaitResult:
[2021-12-28 13:48:43,415] {spark_submit.py:514} INFO - at org.apache.spark.util.ThreadUtils$.awaitResult(ThreadUtils.scala:301)
[2021-12-28 13:48:43,416] {spark_submit.py:514} INFO - at org.apache.spark.rpc.RpcTimeout.awaitResult(RpcTimeout.scala:75)
[2021-12-28 13:48:43,417] {spark_submit.py:514} INFO - at org.apache.spark.rpc.RpcEnv.setupEndpointRefByURI(RpcEnv.scala:101)
[2021-12-28 13:48:43,418] {spark_submit.py:514} INFO - at org.apache.spark.rpc.RpcEnv.setupEndpointRef(RpcEnv.scala:109)
[2021-12-28 13:48:43,419] {spark_submit.py:514} INFO - at org.apache.spark.deploy.client.StandaloneAppClient$ClientEndpoint$$anon$1.run(StandaloneAppClient.scala:107)
[2021-12-28 13:48:43,419] {spark_submit.py:514} INFO - at java.base/java.util.concurrent.Executors$RunnableAdapter.call(Executors.java:515)
[2021-12-28 13:48:43,420] {spark_submit.py:514} INFO - at java.base/java.util.concurrent.FutureTask.run(FutureTask.java:264)
[2021-12-28 13:48:43,421] {spark_submit.py:514} INFO - at java.base/java.util.concurrent.ThreadPoolExecutor.runWorker(ThreadPoolExecutor.java:1128)
[2021-12-28 13:48:43,421] {spark_submit.py:514} INFO - at java.base/java.util.concurrent.ThreadPoolExecutor$Worker.run(ThreadPoolExecutor.java:628)
[2021-12-28 13:48:43,422] {spark_submit.py:514} INFO - at java.base/java.lang.Thread.run(Thread.java:829)
[2021-12-28 13:48:43,423] {spark_submit.py:514} INFO - Caused by: java.io.IOException: Failed to connect to spark:7077
[2021-12-28 13:48:43,423] {spark_submit.py:514} INFO - at org.apache.spark.network.client.TransportClientFactory.createClient(TransportClientFactory.java:288)
[2021-12-28 13:48:43,424] {spark_submit.py:514} INFO - at org.apache.spark.network.client.TransportClientFactory.createClient(TransportClientFactory.java:218)
[2021-12-28 13:48:43,425] {spark_submit.py:514} INFO - at org.apache.spark.network.client.TransportClientFactory.createClient(TransportClientFactory.java:230)
[2021-12-28 13:48:43,425] {spark_submit.py:514} INFO - at org.apache.spark.rpc.netty.NettyRpcEnv.createClient(NettyRpcEnv.scala:204)
[2021-12-28 13:48:43,426] {spark_submit.py:514} INFO - at org.apache.spark.rpc.netty.Outbox$$anon$1.call(Outbox.scala:202)
[2021-12-28 13:48:43,427] {spark_submit.py:514} INFO - at org.apache.spark.rpc.netty.Outbox$$anon$1.call(Outbox.scala:198)
[2021-12-28 13:48:43,427] {spark_submit.py:514} INFO - ... 4 more
[2021-12-28 13:48:43,428] {spark_submit.py:514} INFO - Caused by: java.net.UnknownHostException: spark
[2021-12-28 13:48:43,428] {spark_submit.py:514} INFO - at java.base/java.net.InetAddress$CachedAddresses.get(InetAddress.java:797)
[2021-12-28 13:48:43,429] {spark_submit.py:514} INFO - at java.base/java.net.InetAddress.getAllByName0(InetAddress.java:1509)
[2021-12-28 13:48:43,430] {spark_submit.py:514} INFO - at java.base/java.net.InetAddress.getAllByName(InetAddress.java:1368)
[2021-12-28 13:48:43,430] {spark_submit.py:514} INFO - at java.base/java.net.InetAddress.getAllByName(InetAddress.java:1302)
[2021-12-28 13:48:43,431] {spark_submit.py:514} INFO - at java.base/java.net.InetAddress.getByName(InetAddress.java:1252)
[2021-12-28 13:48:43,432] {spark_submit.py:514} INFO - at io.netty.util.internal.SocketUtils$8.run(SocketUtils.java:156)
[2021-12-28 13:48:43,432] {spark_submit.py:514} INFO - at io.netty.util.internal.SocketUtils$8.run(SocketUtils.java:153)
[2021-12-28 13:48:43,433] {spark_submit.py:514} INFO - at java.base/java.security.AccessController.doPrivileged(Native Method)
[2021-12-28 13:48:43,434] {spark_submit.py:514} INFO - at io.netty.util.internal.SocketUtils.addressByName(SocketUtils.java:153)
[2021-12-28 13:48:43,434] {spark_submit.py:514} INFO - at io.netty.resolver.DefaultNameResolver.doResolve(DefaultNameResolver.java:41)
[2021-12-28 13:48:43,436] {spark_submit.py:514} INFO - at io.netty.resolver.SimpleNameResolver.resolve(SimpleNameResolver.java:61)
[2021-12-28 13:48:43,436] {spark_submit.py:514} INFO - at io.netty.resolver.SimpleNameResolver.resolve(SimpleNameResolver.java:53)
[2021-12-28 13:48:43,437] {spark_submit.py:514} INFO - at io.netty.resolver.InetSocketAddressResolver.doResolve(InetSocketAddressResolver.java:55)
[2021-12-28 13:48:43,438] {spark_submit.py:514} INFO - at io.netty.resolver.InetSocketAddressResolver.doResolve(InetSocketAddressResolver.java:31)
[2021-12-28 13:48:43,438] {spark_submit.py:514} INFO - at io.netty.resolver.AbstractAddressResolver.resolve(AbstractAddressResolver.java:106)
[2021-12-28 13:48:43,439] {spark_submit.py:514} INFO - at io.netty.bootstrap.Bootstrap.doResolveAndConnect0(Bootstrap.java:206)
[2021-12-28 13:48:43,440] {spark_submit.py:514} INFO - at io.netty.bootstrap.Bootstrap.access$000(Bootstrap.java:46)
[2021-12-28 13:48:43,440] {spark_submit.py:514} INFO - at io.netty.bootstrap.Bootstrap$1.operationComplete(Bootstrap.java:180)
[2021-12-28 13:48:43,441] {spark_submit.py:514} INFO - at io.netty.bootstrap.Bootstrap$1.operationComplete(Bootstrap.java:166)
[2021-12-28 13:48:43,441] {spark_submit.py:514} INFO - at io.netty.util.concurrent.DefaultPromise.notifyListener0(DefaultPromise.java:578)
[2021-12-28 13:48:43,442] {spark_submit.py:514} INFO - at io.netty.util.concurrent.DefaultPromise.notifyListenersNow(DefaultPromise.java:552)
[2021-12-28 13:48:43,443] {spark_submit.py:514} INFO - at io.netty.util.concurrent.DefaultPromise.notifyListeners(DefaultPromise.java:491)
[2021-12-28 13:48:43,443] {spark_submit.py:514} INFO - at io.netty.util.concurrent.DefaultPromise.setValue0(DefaultPromise.java:616)
[2021-12-28 13:48:43,444] {spark_submit.py:514} INFO - at io.netty.util.concurrent.DefaultPromise.setSuccess0(DefaultPromise.java:605)
[2021-12-28 13:48:43,445] {spark_submit.py:514} INFO - at io.netty.util.concurrent.DefaultPromise.trySuccess(DefaultPromise.java:104)
[2021-12-28 13:48:43,445] {spark_submit.py:514} INFO - at io.netty.channel.DefaultChannelPromise.trySuccess(DefaultChannelPromise.java:84)
[2021-12-28 13:48:43,446] {spark_submit.py:514} INFO - at io.netty.channel.AbstractChannel$AbstractUnsafe.safeSetSuccess(AbstractChannel.java:1008)
[2021-12-28 13:48:43,447] {spark_submit.py:514} INFO - at io.netty.channel.AbstractChannel$AbstractUnsafe.register0(AbstractChannel.java:516)
[2021-12-28 13:48:43,447] {spark_submit.py:514} INFO - at io.netty.channel.AbstractChannel$AbstractUnsafe.access$200(AbstractChannel.java:429)
[2021-12-28 13:48:43,448] {spark_submit.py:514} INFO - at io.netty.channel.AbstractChannel$AbstractUnsafe$1.run(AbstractChannel.java:486)
[2021-12-28 13:48:43,449] {spark_submit.py:514} INFO - at io.netty.util.concurrent.AbstractEventExecutor.safeExecute(AbstractEventExecutor.java:164)
[2021-12-28 13:48:43,449] {spark_submit.py:514} INFO - at io.netty.util.concurrent.SingleThreadEventExecutor.runAllTasks(SingleThreadEventExecutor.java:469)
[2021-12-28 13:48:43,450] {spark_submit.py:514} INFO - at io.netty.channel.nio.NioEventLoop.run(NioEventLoop.java:500)
[2021-12-28 13:48:43,451] {spark_submit.py:514} INFO - at io.netty.util.concurrent.SingleThreadEventExecutor$4.run(SingleThreadEventExecutor.java:986)
[2021-12-28 13:48:43,452] {spark_submit.py:514} INFO - at io.netty.util.internal.ThreadExecutorMap$2.run(ThreadExecutorMap.java:74)
[2021-12-28 13:48:43,452] {spark_submit.py:514} INFO - at io.netty.util.concurrent.FastThreadLocalRunnable.run(FastThreadLocalRunnable.java:30)
[2021-12-28 13:48:43,453] {spark_submit.py:514} INFO - ... 1 more
[2021-12-28 13:49:03,316] {spark_submit.py:514} INFO - 21/12/28 13:49:03 INFO StandaloneAppClient$ClientEndpoint: Connecting to master spark://spark:7077...
[2021-12-28 13:49:03,332] {spark_submit.py:514} INFO - 21/12/28 13:49:03 WARN StandaloneAppClient$ClientEndpoint: Failed to connect to master spark:7077
[2021-12-28 13:49:03,333] {spark_submit.py:514} INFO - org.apache.spark.SparkException: Exception thrown in awaitResult:
[2021-12-28 13:49:03,335] {spark_submit.py:514} INFO - at org.apache.spark.util.ThreadUtils$.awaitResult(ThreadUtils.scala:301)
[2021-12-28 13:49:03,336] {spark_submit.py:514} INFO - at org.apache.spark.rpc.RpcTimeout.awaitResult(RpcTimeout.scala:75)
[2021-12-28 13:49:03,336] {spark_submit.py:514} INFO - at org.apache.spark.rpc.RpcEnv.setupEndpointRefByURI(RpcEnv.scala:101)
[2021-12-28 13:49:03,337] {spark_submit.py:514} INFO - at org.apache.spark.rpc.RpcEnv.setupEndpointRef(RpcEnv.scala:109)
[2021-12-28 13:49:03,338] {spark_submit.py:514} INFO - at org.apache.spark.deploy.client.StandaloneAppClient$ClientEndpoint$$anon$1.run(StandaloneAppClient.scala:107)
[2021-12-28 13:49:03,338] {spark_submit.py:514} INFO - at java.base/java.util.concurrent.Executors$RunnableAdapter.call(Executors.java:515)
[2021-12-28 13:49:03,339] {spark_submit.py:514} INFO - at java.base/java.util.concurrent.FutureTask.run(FutureTask.java:264)
[2021-12-28 13:49:03,340] {spark_submit.py:514} INFO - at java.base/java.util.concurrent.ThreadPoolExecutor.runWorker(ThreadPoolExecutor.java:1128)
[2021-12-28 13:49:03,341] {spark_submit.py:514} INFO - at java.base/java.util.concurrent.ThreadPoolExecutor$Worker.run(ThreadPoolExecutor.java:628)
[2021-12-28 13:49:03,341] {spark_submit.py:514} INFO - at java.base/java.lang.Thread.run(Thread.java:829)
[2021-12-28 13:49:03,342] {spark_submit.py:514} INFO - Caused by: java.io.IOException: Failed to connect to spark:7077
[2021-12-28 13:49:03,343] {spark_submit.py:514} INFO - at org.apache.spark.network.client.TransportClientFactory.createClient(TransportClientFactory.java:288)
[2021-12-28 13:49:03,344] {spark_submit.py:514} INFO - at org.apache.spark.network.client.TransportClientFactory.createClient(TransportClientFactory.java:218)
[2021-12-28 13:49:03,344] {spark_submit.py:514} INFO - at org.apache.spark.network.client.TransportClientFactory.createClient(TransportClientFactory.java:230)
[2021-12-28 13:49:03,345] {spark_submit.py:514} INFO - at org.apache.spark.rpc.netty.NettyRpcEnv.createClient(NettyRpcEnv.scala:204)
[2021-12-28 13:49:03,346] {spark_submit.py:514} INFO - at org.apache.spark.rpc.netty.Outbox$$anon$1.call(Outbox.scala:202)
[2021-12-28 13:49:03,346] {spark_submit.py:514} INFO - at org.apache.spark.rpc.netty.Outbox$$anon$1.call(Outbox.scala:198)
[2021-12-28 13:49:03,347] {spark_submit.py:514} INFO - ... 4 more
[2021-12-28 13:49:03,348] {spark_submit.py:514} INFO - Caused by: java.net.UnknownHostException: spark
[2021-12-28 13:49:03,348] {spark_submit.py:514} INFO - at java.base/java.net.InetAddress$CachedAddresses.get(InetAddress.java:797)
[2021-12-28 13:49:03,349] {spark_submit.py:514} INFO - at java.base/java.net.InetAddress.getAllByName0(InetAddress.java:1509)
[2021-12-28 13:49:03,350] {spark_submit.py:514} INFO - at java.base/java.net.InetAddress.getAllByName(InetAddress.java:1368)
[2021-12-28 13:49:03,350] {spark_submit.py:514} INFO - at java.base/java.net.InetAddress.getAllByName(InetAddress.java:1302)
[2021-12-28 13:49:03,351] {spark_submit.py:514} INFO - at java.base/java.net.InetAddress.getByName(InetAddress.java:1252)
[2021-12-28 13:49:03,352] {spark_submit.py:514} INFO - at io.netty.util.internal.SocketUtils$8.run(SocketUtils.java:156)
[2021-12-28 13:49:03,352] {spark_submit.py:514} INFO - at io.netty.util.internal.SocketUtils$8.run(SocketUtils.java:153)
[2021-12-28 13:49:03,353] {spark_submit.py:514} INFO - at java.base/java.security.AccessController.doPrivileged(Native Method)
[2021-12-28 13:49:03,354] {spark_submit.py:514} INFO - at io.netty.util.internal.SocketUtils.addressByName(SocketUtils.java:153)
[2021-12-28 13:49:03,354] {spark_submit.py:514} INFO - at io.netty.resolver.DefaultNameResolver.doResolve(DefaultNameResolver.java:41)
[2021-12-28 13:49:03,355] {spark_submit.py:514} INFO - at io.netty.resolver.SimpleNameResolver.resolve(SimpleNameResolver.java:61)
[2021-12-28 13:49:03,356] {spark_submit.py:514} INFO - at io.netty.resolver.SimpleNameResolver.resolve(SimpleNameResolver.java:53)
[2021-12-28 13:49:03,356] {spark_submit.py:514} INFO - at io.netty.resolver.InetSocketAddressResolver.doResolve(InetSocketAddressResolver.java:55)
[2021-12-28 13:49:03,358] {spark_submit.py:514} INFO - at io.netty.resolver.InetSocketAddressResolver.doResolve(InetSocketAddressResolver.java:31)
[2021-12-28 13:49:03,358] {spark_submit.py:514} INFO - at io.netty.resolver.AbstractAddressResolver.resolve(AbstractAddressResolver.java:106)
[2021-12-28 13:49:03,359] {spark_submit.py:514} INFO - at io.netty.bootstrap.Bootstrap.doResolveAndConnect0(Bootstrap.java:206)
[2021-12-28 13:49:03,360] {spark_submit.py:514} INFO - at io.netty.bootstrap.Bootstrap.access$000(Bootstrap.java:46)
[2021-12-28 13:49:03,360] {spark_submit.py:514} INFO - at io.netty.bootstrap.Bootstrap$1.operationComplete(Bootstrap.java:180)
[2021-12-28 13:49:03,361] {spark_submit.py:514} INFO - at io.netty.bootstrap.Bootstrap$1.operationComplete(Bootstrap.java:166)
[2021-12-28 13:49:03,362] {spark_submit.py:514} INFO - at io.netty.util.concurrent.DefaultPromise.notifyListener0(DefaultPromise.java:578)
[2021-12-28 13:49:03,362] {spark_submit.py:514} INFO - at io.netty.util.concurrent.DefaultPromise.notifyListenersNow(DefaultPromise.java:552)
[2021-12-28 13:49:03,363] {spark_submit.py:514} INFO - at io.netty.util.concurrent.DefaultPromise.notifyListeners(DefaultPromise.java:491)
[2021-12-28 13:49:03,364] {spark_submit.py:514} INFO - at io.netty.util.concurrent.DefaultPromise.setValue0(DefaultPromise.java:616)
[2021-12-28 13:49:03,364] {spark_submit.py:514} INFO - at io.netty.util.concurrent.DefaultPromise.setSuccess0(DefaultPromise.java:605)
[2021-12-28 13:49:03,365] {spark_submit.py:514} INFO - at io.netty.util.concurrent.DefaultPromise.trySuccess(DefaultPromise.java:104)
[2021-12-28 13:49:03,366] {spark_submit.py:514} INFO - at io.netty.channel.DefaultChannelPromise.trySuccess(DefaultChannelPromise.java:84)
[2021-12-28 13:49:03,366] {spark_submit.py:514} INFO - at io.netty.channel.AbstractChannel$AbstractUnsafe.safeSetSuccess(AbstractChannel.java:1008)
[2021-12-28 13:49:03,367] {spark_submit.py:514} INFO - at io.netty.channel.AbstractChannel$AbstractUnsafe.register0(AbstractChannel.java:516)
[2021-12-28 13:49:03,367] {spark_submit.py:514} INFO - at io.netty.channel.AbstractChannel$AbstractUnsafe.access$200(AbstractChannel.java:429)
[2021-12-28 13:49:03,368] {spark_submit.py:514} INFO - at io.netty.channel.AbstractChannel$AbstractUnsafe$1.run(AbstractChannel.java:486)
[2021-12-28 13:49:03,369] {spark_submit.py:514} INFO - at io.netty.util.concurrent.AbstractEventExecutor.safeExecute(AbstractEventExecutor.java:164)
[2021-12-28 13:49:03,369] {spark_submit.py:514} INFO - at io.netty.util.concurrent.SingleThreadEventExecutor.runAllTasks(SingleThreadEventExecutor.java:469)
[2021-12-28 13:49:03,370] {spark_submit.py:514} INFO - at io.netty.channel.nio.NioEventLoop.run(NioEventLoop.java:500)
[2021-12-28 13:49:03,371] {spark_submit.py:514} INFO - at io.netty.util.concurrent.SingleThreadEventExecutor$4.run(SingleThreadEventExecutor.java:986)
[2021-12-28 13:49:03,371] {spark_submit.py:514} INFO - at io.netty.util.internal.ThreadExecutorMap$2.run(ThreadExecutorMap.java:74)
[2021-12-28 13:49:03,372] {spark_submit.py:514} INFO - at io.netty.util.concurrent.FastThreadLocalRunnable.run(FastThreadLocalRunnable.java:30)
[2021-12-28 13:49:03,372] {spark_submit.py:514} INFO - ... 1 more
[2021-12-28 13:49:23,281] {spark_submit.py:514} INFO - 21/12/28 13:49:23 INFO StandaloneAppClient$ClientEndpoint: Connecting to master spark://spark:7077...
[2021-12-28 13:49:23,295] {spark_submit.py:514} INFO - 21/12/28 13:49:23 WARN StandaloneAppClient$ClientEndpoint: Failed to connect to master spark:7077
[2021-12-28 13:49:23,296] {spark_submit.py:514} INFO - org.apache.spark.SparkException: Exception thrown in awaitResult:
[2021-12-28 13:49:23,296] {spark_submit.py:514} INFO - at org.apache.spark.util.ThreadUtils$.awaitResult(ThreadUtils.scala:301)
[2021-12-28 13:49:23,297] {spark_submit.py:514} INFO - at org.apache.spark.rpc.RpcTimeout.awaitResult(RpcTimeout.scala:75)
[2021-12-28 13:49:23,298] {spark_submit.py:514} INFO - at org.apache.spark.rpc.RpcEnv.setupEndpointRefByURI(RpcEnv.scala:101)
[2021-12-28 13:49:23,299] {spark_submit.py:514} INFO - at org.apache.spark.rpc.RpcEnv.setupEndpointRef(RpcEnv.scala:109)
[2021-12-28 13:49:23,299] {spark_submit.py:514} INFO - at org.apache.spark.deploy.client.StandaloneAppClient$ClientEndpoint$$anon$1.run(StandaloneAppClient.scala:107)
[2021-12-28 13:49:23,300] {spark_submit.py:514} INFO - at java.base/java.util.concurrent.Executors$RunnableAdapter.call(Executors.java:515)
[2021-12-28 13:49:23,301] {spark_submit.py:514} INFO - at java.base/java.util.concurrent.FutureTask.run(FutureTask.java:264)
[2021-12-28 13:49:23,301] {spark_submit.py:514} INFO - at java.base/java.util.concurrent.ThreadPoolExecutor.runWorker(ThreadPoolExecutor.java:1128)
[2021-12-28 13:49:23,302] {spark_submit.py:514} INFO - at java.base/java.util.concurrent.ThreadPoolExecutor$Worker.run(ThreadPoolExecutor.java:628)
[2021-12-28 13:49:23,303] {spark_submit.py:514} INFO - at java.base/java.lang.Thread.run(Thread.java:829)
[2021-12-28 13:49:23,303] {spark_submit.py:514} INFO - Caused by: java.io.IOException: Failed to connect to spark:7077
[2021-12-28 13:49:23,304] {spark_submit.py:514} INFO - at org.apache.spark.network.client.TransportClientFactory.createClient(TransportClientFactory.java:288)
[2021-12-28 13:49:23,304] {spark_submit.py:514} INFO - at org.apache.spark.network.client.TransportClientFactory.createClient(TransportClientFactory.java:218)
[2021-12-28 13:49:23,305] {spark_submit.py:514} INFO - at org.apache.spark.network.client.TransportClientFactory.createClient(TransportClientFactory.java:230)
[2021-12-28 13:49:23,306] {spark_submit.py:514} INFO - at org.apache.spark.rpc.netty.NettyRpcEnv.createClient(NettyRpcEnv.scala:204)
[2021-12-28 13:49:23,306] {spark_submit.py:514} INFO - at org.apache.spark.rpc.netty.Outbox$$anon$1.call(Outbox.scala:202)
[2021-12-28 13:49:23,307] {spark_submit.py:514} INFO - at org.apache.spark.rpc.netty.Outbox$$anon$1.call(Outbox.scala:198)
[2021-12-28 13:49:23,307] {spark_submit.py:514} INFO - ... 4 more
[2021-12-28 13:49:23,308] {spark_submit.py:514} INFO - Caused by: java.net.UnknownHostException: spark
[2021-12-28 13:49:23,309] {spark_submit.py:514} INFO - at java.base/java.net.InetAddress$CachedAddresses.get(InetAddress.java:797)
[2021-12-28 13:49:23,309] {spark_submit.py:514} INFO - at java.base/java.net.InetAddress.getAllByName0(InetAddress.java:1509)
[2021-12-28 13:49:23,310] {spark_submit.py:514} INFO - at java.base/java.net.InetAddress.getAllByName(InetAddress.java:1368)
[2021-12-28 13:49:23,311] {spark_submit.py:514} INFO - at java.base/java.net.InetAddress.getAllByName(InetAddress.java:1302)
[2021-12-28 13:49:23,311] {spark_submit.py:514} INFO - at java.base/java.net.InetAddress.getByName(InetAddress.java:1252)
[2021-12-28 13:49:23,312] {spark_submit.py:514} INFO - at io.netty.util.internal.SocketUtils$8.run(SocketUtils.java:156)
[2021-12-28 13:49:23,313] {spark_submit.py:514} INFO - at io.netty.util.internal.SocketUtils$8.run(SocketUtils.java:153)
[2021-12-28 13:49:23,313] {spark_submit.py:514} INFO - at java.base/java.security.AccessController.doPrivileged(Native Method)
[2021-12-28 13:49:23,314] {spark_submit.py:514} INFO - at io.netty.util.internal.SocketUtils.addressByName(SocketUtils.java:153)
[2021-12-28 13:49:23,314] {spark_submit.py:514} INFO - at io.netty.resolver.DefaultNameResolver.doResolve(DefaultNameResolver.java:41)
[2021-12-28 13:49:23,315] {spark_submit.py:514} INFO - at io.netty.resolver.SimpleNameResolver.resolve(SimpleNameResolver.java:61)
[2021-12-28 13:49:23,316] {spark_submit.py:514} INFO - at io.netty.resolver.SimpleNameResolver.resolve(SimpleNameResolver.java:53)
[2021-12-28 13:49:23,316] {spark_submit.py:514} INFO - at io.netty.resolver.InetSocketAddressResolver.doResolve(InetSocketAddressResolver.java:55)
[2021-12-28 13:49:23,317] {spark_submit.py:514} INFO - at io.netty.resolver.InetSocketAddressResolver.doResolve(InetSocketAddressResolver.java:31)
[2021-12-28 13:49:23,318] {spark_submit.py:514} INFO - at io.netty.resolver.AbstractAddressResolver.resolve(AbstractAddressResolver.java:106)
[2021-12-28 13:49:23,318] {spark_submit.py:514} INFO - at io.netty.bootstrap.Bootstrap.doResolveAndConnect0(Bootstrap.java:206)
[2021-12-28 13:49:23,319] {spark_submit.py:514} INFO - at io.netty.bootstrap.Bootstrap.access$000(Bootstrap.java:46)
[2021-12-28 13:49:23,320] {spark_submit.py:514} INFO - at io.netty.bootstrap.Bootstrap$1.operationComplete(Bootstrap.java:180)
[2021-12-28 13:49:23,321] {spark_submit.py:514} INFO - at io.netty.bootstrap.Bootstrap$1.operationComplete(Bootstrap.java:166)
[2021-12-28 13:49:23,321] {spark_submit.py:514} INFO - at io.netty.util.concurrent.DefaultPromise.notifyListener0(DefaultPromise.java:578)
[2021-12-28 13:49:23,322] {spark_submit.py:514} INFO - at io.netty.util.concurrent.DefaultPromise.notifyListenersNow(DefaultPromise.java:552)
[2021-12-28 13:49:23,323] {spark_submit.py:514} INFO - at io.netty.util.concurrent.DefaultPromise.notifyListeners(DefaultPromise.java:491)
[2021-12-28 13:49:23,323] {spark_submit.py:514} INFO - at io.netty.util.concurrent.DefaultPromise.setValue0(DefaultPromise.java:616)
[2021-12-28 13:49:23,324] {spark_submit.py:514} INFO - at io.netty.util.concurrent.DefaultPromise.setSuccess0(DefaultPromise.java:605)
[2021-12-28 13:49:23,325] {spark_submit.py:514} INFO - at io.netty.util.concurrent.DefaultPromise.trySuccess(DefaultPromise.java:104)
[2021-12-28 13:49:23,325] {spark_submit.py:514} INFO - at io.netty.channel.DefaultChannelPromise.trySuccess(DefaultChannelPromise.java:84)
[2021-12-28 13:49:23,326] {spark_submit.py:514} INFO - at io.netty.channel.AbstractChannel$AbstractUnsafe.safeSetSuccess(AbstractChannel.java:1008)
[2021-12-28 13:49:23,326] {spark_submit.py:514} INFO - at io.netty.channel.AbstractChannel$AbstractUnsafe.register0(AbstractChannel.java:516)
[2021-12-28 13:49:23,327] {spark_submit.py:514} INFO - at io.netty.channel.AbstractChannel$AbstractUnsafe.access$200(AbstractChannel.java:429)
[2021-12-28 13:49:23,328] {spark_submit.py:514} INFO - at io.netty.channel.AbstractChannel$AbstractUnsafe$1.run(AbstractChannel.java:486)
[2021-12-28 13:49:23,328] {spark_submit.py:514} INFO - at io.netty.util.concurrent.AbstractEventExecutor.safeExecute(AbstractEventExecutor.java:164)
[2021-12-28 13:49:23,329] {spark_submit.py:514} INFO - at io.netty.util.concurrent.SingleThreadEventExecutor.runAllTasks(SingleThreadEventExecutor.java:469)
[2021-12-28 13:49:23,329] {spark_submit.py:514} INFO - at io.netty.channel.nio.NioEventLoop.run(NioEventLoop.java:500)
[2021-12-28 13:49:23,330] {spark_submit.py:514} INFO - at io.netty.util.concurrent.SingleThreadEventExecutor$4.run(SingleThreadEventExecutor.java:986)
[2021-12-28 13:49:23,331] {spark_submit.py:514} INFO - at io.netty.util.internal.ThreadExecutorMap$2.run(ThreadExecutorMap.java:74)
[2021-12-28 13:49:23,331] {spark_submit.py:514} INFO - at io.netty.util.concurrent.FastThreadLocalRunnable.run(FastThreadLocalRunnable.java:30)
[2021-12-28 13:49:23,332] {spark_submit.py:514} INFO - ... 1 more
[2021-12-28 13:49:43,249] {spark_submit.py:514} INFO - 21/12/28 13:49:43 ERROR StandaloneSchedulerBackend: Application has been killed. Reason: All masters are unresponsive! Giving up.
[2021-12-28 13:49:43,257] {spark_submit.py:514} INFO - 21/12/28 13:49:43 WARN StandaloneSchedulerBackend: Application ID is not initialized yet.
[2021-12-28 13:49:43,271] {spark_submit.py:514} INFO - 21/12/28 13:49:43 INFO Utils: Successfully started service 'org.apache.spark.network.netty.NettyBlockTransferService' on port 34007.
[2021-12-28 13:49:43,273] {spark_submit.py:514} INFO - 21/12/28 13:49:43 INFO NettyBlockTransferService: Server created on 0c125a5bba95:34007
[2021-12-28 13:49:43,279] {spark_submit.py:514} INFO - 21/12/28 13:49:43 INFO BlockManager: Using org.apache.spark.storage.RandomBlockReplicationPolicy for block replication policy
[2021-12-28 13:49:43,299] {spark_submit.py:514} INFO - 21/12/28 13:49:43 INFO SparkUI: Stopped Spark web UI at http://0c125a5bba95:4047
[2021-12-28 13:49:43,302] {spark_submit.py:514} INFO - 21/12/28 13:49:43 INFO BlockManagerMaster: Registering BlockManager BlockManagerId(driver, 0c125a5bba95, 34007, None)
[2021-12-28 13:49:43,319] {spark_submit.py:514} INFO - 21/12/28 13:49:43 INFO BlockManagerMasterEndpoint: Registering block manager 0c125a5bba95:34007 with 434.4 MiB RAM, BlockManagerId(driver, 0c125a5bba95, 34007, None)
[2021-12-28 13:49:43,323] {spark_submit.py:514} INFO - 21/12/28 13:49:43 INFO StandaloneSchedulerBackend: Shutting down all executors
[2021-12-28 13:49:43,330] {spark_submit.py:514} INFO - 21/12/28 13:49:43 INFO BlockManagerMaster: Registered BlockManager BlockManagerId(driver, 0c125a5bba95, 34007, None)
[2021-12-28 13:49:43,333] {spark_submit.py:514} INFO - 21/12/28 13:49:43 INFO CoarseGrainedSchedulerBackend$DriverEndpoint: Asking each executor to shut down
[2021-12-28 13:49:43,334] {spark_submit.py:514} INFO - 21/12/28 13:49:43 INFO BlockManager: Initialized BlockManager: BlockManagerId(driver, 0c125a5bba95, 34007, None)
[2021-12-28 13:49:43,348] {spark_submit.py:514} INFO - 21/12/28 13:49:43 WARN StandaloneAppClient$ClientEndpoint: Drop UnregisterApplication(null) because has not yet connected to master
[2021-12-28 13:49:43,415] {spark_submit.py:514} INFO - 21/12/28 13:49:43 INFO MapOutputTrackerMasterEndpoint: MapOutputTrackerMasterEndpoint stopped!
[2021-12-28 13:49:43,472] {spark_submit.py:514} INFO - 21/12/28 13:49:43 INFO MemoryStore: MemoryStore cleared
[2021-12-28 13:49:43,477] {spark_submit.py:514} INFO - 21/12/28 13:49:43 INFO BlockManager: BlockManager stopped
[2021-12-28 13:49:43,517] {spark_submit.py:514} INFO - 21/12/28 13:49:43 INFO BlockManagerMaster: BlockManagerMaster stopped
[2021-12-28 13:49:43,526] {spark_submit.py:514} INFO - 21/12/28 13:49:43 INFO OutputCommitCoordinator$OutputCommitCoordinatorEndpoint: OutputCommitCoordinator stopped!
[2021-12-28 13:49:43,606] {spark_submit.py:514} INFO - 21/12/28 13:49:43 INFO SparkContext: Successfully stopped SparkContext
[2021-12-28 13:49:43,872] {spark_submit.py:514} INFO - 21/12/28 13:49:43 ERROR SparkContext: Error initializing SparkContext.
[2021-12-28 13:49:43,874] {spark_submit.py:514} INFO - java.lang.IllegalArgumentException: requirement failed: Can only call getServletHandlers on a running MetricsSystem
[2021-12-28 13:49:43,875] {spark_submit.py:514} INFO - at scala.Predef$.require(Predef.scala:281)
[2021-12-28 13:49:43,876] {spark_submit.py:514} INFO - at org.apache.spark.metrics.MetricsSystem.getServletHandlers(MetricsSystem.scala:89)
[2021-12-28 13:49:43,877] {spark_submit.py:514} INFO - at org.apache.spark.SparkContext.<init>(SparkContext.scala:603)
[2021-12-28 13:49:43,880] {spark_submit.py:514} INFO - at org.apache.spark.api.java.JavaSparkContext.<init>(JavaSparkContext.scala:58)
[2021-12-28 13:49:43,882] {spark_submit.py:514} INFO - at java.base/jdk.internal.reflect.NativeConstructorAccessorImpl.newInstance0(Native Method)
[2021-12-28 13:49:43,883] {spark_submit.py:514} INFO - at java.base/jdk.internal.reflect.NativeConstructorAccessorImpl.newInstance(NativeConstructorAccessorImpl.java:62)
[2021-12-28 13:49:43,884] {spark_submit.py:514} INFO - at java.base/jdk.internal.reflect.DelegatingConstructorAccessorImpl.newInstance(DelegatingConstructorAccessorImpl.java:45)
[2021-12-28 13:49:43,885] {spark_submit.py:514} INFO - at java.base/java.lang.reflect.Constructor.newInstance(Constructor.java:490)
[2021-12-28 13:49:43,886] {spark_submit.py:514} INFO - at py4j.reflection.MethodInvoker.invoke(MethodInvoker.java:247)
[2021-12-28 13:49:43,887] {spark_submit.py:514} INFO - at py4j.reflection.ReflectionEngine.invoke(ReflectionEngine.java:357)
[2021-12-28 13:49:43,888] {spark_submit.py:514} INFO - at py4j.Gateway.invoke(Gateway.java:238)
[2021-12-28 13:49:43,889] {spark_submit.py:514} INFO - at py4j.commands.ConstructorCommand.invokeConstructor(ConstructorCommand.java:80)
[2021-12-28 13:49:43,890] {spark_submit.py:514} INFO - at py4j.commands.ConstructorCommand.execute(ConstructorCommand.java:69)
[2021-12-28 13:49:43,892] {spark_submit.py:514} INFO - at py4j.ClientServerConnection.waitForCommands(ClientServerConnection.java:182)
[2021-12-28 13:49:43,894] {spark_submit.py:514} INFO - at py4j.ClientServerConnection.run(ClientServerConnection.java:106)
[2021-12-28 13:49:43,895] {spark_submit.py:514} INFO - at java.base/java.lang.Thread.run(Thread.java:829)
[2021-12-28 13:49:43,898] {spark_submit.py:514} INFO - 21/12/28 13:49:43 INFO SparkContext: SparkContext already stopped.
[2021-12-28 13:49:43,899] {spark_submit.py:514} INFO - Traceback (most recent call last):
[2021-12-28 13:49:43,900] {spark_submit.py:514} INFO - File "/opt/***/jobs/get_ads_per_county.py", line 13, in <module>
[2021-12-28 13:49:43,901] {spark_submit.py:514} INFO - .appName("Get Ads per county") \
[2021-12-28 13:49:43,902] {spark_submit.py:514} INFO - File "/home/***/.local/lib/python3.6/site-packages/pyspark/python/lib/pyspark.zip/pyspark/sql/session.py", line 228, in getOrCreate
[2021-12-28 13:49:43,904] {spark_submit.py:514} INFO - File "/home/***/.local/lib/python3.6/site-packages/pyspark/python/lib/pyspark.zip/pyspark/context.py", line 392, in getOrCreate
[2021-12-28 13:49:43,906] {spark_submit.py:514} INFO - File "/home/***/.local/lib/python3.6/site-packages/pyspark/python/lib/pyspark.zip/pyspark/context.py", line 147, in __init__
[2021-12-28 13:49:43,913] {spark_submit.py:514} INFO - File "/home/***/.local/lib/python3.6/site-packages/pyspark/python/lib/pyspark.zip/pyspark/context.py", line 209, in _do_init
[2021-12-28 13:49:43,917] {spark_submit.py:514} INFO - File "/home/***/.local/lib/python3.6/site-packages/pyspark/python/lib/pyspark.zip/pyspark/context.py", line 329, in _initialize_context
[2021-12-28 13:49:43,920] {spark_submit.py:514} INFO - File "/home/***/.local/lib/python3.6/site-packages/pyspark/python/lib/py4j-0.10.9.2-src.zip/py4j/java_gateway.py", line 1574, in __call__
[2021-12-28 13:49:43,927] {spark_submit.py:514} INFO - File "/home/***/.local/lib/python3.6/site-packages/pyspark/python/lib/py4j-0.10.9.2-src.zip/py4j/protocol.py", line 328, in get_return_value
[2021-12-28 13:49:43,930] {spark_submit.py:514} INFO - py4j.protocol.Py4JJavaError: An error occurred while calling None.org.apache.spark.api.java.JavaSparkContext.
[2021-12-28 13:49:43,935] {spark_submit.py:514} INFO - : java.lang.IllegalArgumentException: requirement failed: Can only call getServletHandlers on a running MetricsSystem
[2021-12-28 13:49:43,937] {spark_submit.py:514} INFO - at scala.Predef$.require(Predef.scala:281)
[2021-12-28 13:49:43,939] {spark_submit.py:514} INFO - at org.apache.spark.metrics.MetricsSystem.getServletHandlers(MetricsSystem.scala:89)
[2021-12-28 13:49:43,940] {spark_submit.py:514} INFO - at org.apache.spark.SparkContext.<init>(SparkContext.scala:603)
[2021-12-28 13:49:43,942] {spark_submit.py:514} INFO - at org.apache.spark.api.java.JavaSparkContext.<init>(JavaSparkContext.scala:58)
[2021-12-28 13:49:43,951] {spark_submit.py:514} INFO - at java.base/jdk.internal.reflect.NativeConstructorAccessorImpl.newInstance0(Native Method)
[2021-12-28 13:49:43,954] {spark_submit.py:514} INFO - at java.base/jdk.internal.reflect.NativeConstructorAccessorImpl.newInstance(NativeConstructorAccessorImpl.java:62)
[2021-12-28 13:49:43,955] {spark_submit.py:514} INFO - at java.base/jdk.internal.reflect.DelegatingConstructorAccessorImpl.newInstance(DelegatingConstructorAccessorImpl.java:45)
[2021-12-28 13:49:43,957] {spark_submit.py:514} INFO - at java.base/java.lang.reflect.Constructor.newInstance(Constructor.java:490)
[2021-12-28 13:49:43,958] {spark_submit.py:514} INFO - at py4j.reflection.MethodInvoker.invoke(MethodInvoker.java:247)
[2021-12-28 13:49:43,960] {spark_submit.py:514} INFO - at py4j.reflection.ReflectionEngine.invoke(ReflectionEngine.java:357)
[2021-12-28 13:49:43,962] {spark_submit.py:514} INFO - at py4j.Gateway.invoke(Gateway.java:238)
[2021-12-28 13:49:43,963] {spark_submit.py:514} INFO - at py4j.commands.ConstructorCommand.invokeConstructor(ConstructorCommand.java:80)
[2021-12-28 13:49:43,966] {spark_submit.py:514} INFO - at py4j.commands.ConstructorCommand.execute(ConstructorCommand.java:69)
[2021-12-28 13:49:43,970] {spark_submit.py:514} INFO - at py4j.ClientServerConnection.waitForCommands(ClientServerConnection.java:182)
[2021-12-28 13:49:43,975] {spark_submit.py:514} INFO - at py4j.ClientServerConnection.run(ClientServerConnection.java:106)
[2021-12-28 13:49:43,978] {spark_submit.py:514} INFO - at java.base/java.lang.Thread.run(Thread.java:829)
[2021-12-28 13:49:43,981] {spark_submit.py:514} INFO - 
[2021-12-28 13:49:44,115] {spark_submit.py:514} INFO - 21/12/28 13:49:44 INFO ShutdownHookManager: Shutdown hook called
[2021-12-28 13:49:44,117] {spark_submit.py:514} INFO - 21/12/28 13:49:44 INFO ShutdownHookManager: Deleting directory /tmp/spark-d7c059dc-f776-4ebc-9449-00d7208c05c6
[2021-12-28 13:49:44,145] {spark_submit.py:514} INFO - 21/12/28 13:49:44 INFO ShutdownHookManager: Deleting directory /tmp/spark-89aa3346-0849-4ac7-8188-0f4ea0623d07
[2021-12-28 13:49:44,386] {taskinstance.py:1703} ERROR - Task failed with exception
Traceback (most recent call last):
  File "/home/airflow/.local/lib/python3.6/site-packages/airflow/models/taskinstance.py", line 1332, in _run_raw_task
    self._execute_task_with_callbacks(context)
  File "/home/airflow/.local/lib/python3.6/site-packages/airflow/models/taskinstance.py", line 1458, in _execute_task_with_callbacks
    result = self._execute_task(context, self.task)
  File "/home/airflow/.local/lib/python3.6/site-packages/airflow/models/taskinstance.py", line 1514, in _execute_task
    result = execute_callable(context=context)
  File "/home/airflow/.local/lib/python3.6/site-packages/airflow/providers/apache/spark/operators/spark_submit.py", line 179, in execute
    self._hook.submit(self._application)
  File "/home/airflow/.local/lib/python3.6/site-packages/airflow/providers/apache/spark/hooks/spark_submit.py", line 446, in submit
    f"Cannot execute: {self._mask_cmd(spark_submit_cmd)}. Error code is: {returncode}."
airflow.exceptions.AirflowException: Cannot execute: spark-submit --master spark://spark:7077 --conf spark.master=spark://spark:7077 --name scrap data --verbose /opt/***/jobs/get_ads_per_county.py cavan. Error code is: 1.
[2021-12-28 13:49:44,408] {taskinstance.py:1280} INFO - Marking task as FAILED. dag_id=scraping_daft_cavan, task_id=scrap_data, execution_date=20211227T091000, start_date=20211228T134835, end_date=20211228T134944
[2021-12-28 13:49:44,495] {warnings.py:99} WARNING - /home/***/.local/lib/python3.6/site-packages/***/utils/email.py:102: PendingDeprecationWarning: Fetching SMTP credentials from configuration variables will be deprecated in a future release. Please set credentials using a connection instead.
  send_mime_email(e_from=smtp_mail_from, e_to=recipients, mime_msg=msg, conn_id=conn_id, dryrun=dryrun)

[2021-12-28 13:49:44,496] {email.py:208} INFO - Email alerting: attempt 1
[2021-12-28 13:49:44,955] {email.py:220} INFO - Sent an alert email to ['clement.liscoet@gmail.com']
[2021-12-28 13:49:45,905] {standard_task_runner.py:91} ERROR - Failed to execute job 5120 for task scrap_data
Traceback (most recent call last):
  File "/home/airflow/.local/lib/python3.6/site-packages/airflow/task/task_runner/standard_task_runner.py", line 85, in _start_by_fork
    args.func(args, dag=self.dag)
  File "/home/airflow/.local/lib/python3.6/site-packages/airflow/cli/cli_parser.py", line 48, in command
    return func(*args, **kwargs)
  File "/home/airflow/.local/lib/python3.6/site-packages/airflow/utils/cli.py", line 92, in wrapper
    return f(*args, **kwargs)
  File "/home/airflow/.local/lib/python3.6/site-packages/airflow/cli/commands/task_command.py", line 292, in task_run
    _run_task_by_selected_method(args, dag, ti)
  File "/home/airflow/.local/lib/python3.6/site-packages/airflow/cli/commands/task_command.py", line 107, in _run_task_by_selected_method
    _run_raw_task(args, ti)
  File "/home/airflow/.local/lib/python3.6/site-packages/airflow/cli/commands/task_command.py", line 184, in _run_raw_task
    error_file=args.error_file,
  File "/home/airflow/.local/lib/python3.6/site-packages/airflow/utils/session.py", line 70, in wrapper
    return func(*args, session=session, **kwargs)
  File "/home/airflow/.local/lib/python3.6/site-packages/airflow/models/taskinstance.py", line 1332, in _run_raw_task
    self._execute_task_with_callbacks(context)
  File "/home/airflow/.local/lib/python3.6/site-packages/airflow/models/taskinstance.py", line 1458, in _execute_task_with_callbacks
    result = self._execute_task(context, self.task)
  File "/home/airflow/.local/lib/python3.6/site-packages/airflow/models/taskinstance.py", line 1514, in _execute_task
    result = execute_callable(context=context)
  File "/home/airflow/.local/lib/python3.6/site-packages/airflow/providers/apache/spark/operators/spark_submit.py", line 179, in execute
    self._hook.submit(self._application)
  File "/home/airflow/.local/lib/python3.6/site-packages/airflow/providers/apache/spark/hooks/spark_submit.py", line 446, in submit
    f"Cannot execute: {self._mask_cmd(spark_submit_cmd)}. Error code is: {returncode}."
airflow.exceptions.AirflowException: Cannot execute: spark-submit --master spark://spark:7077 --conf spark.master=spark://spark:7077 --name scrap data --verbose /opt/***/jobs/get_ads_per_county.py cavan. Error code is: 1.
[2021-12-28 13:49:45,966] {local_task_job.py:154} INFO - Task exited with return code 1
[2021-12-28 13:49:46,329] {local_task_job.py:264} INFO - 0 downstream tasks scheduled from follow-on schedule check
