[2021-12-30 11:48:18,067] {taskinstance.py:1035} INFO - Dependencies all met for <TaskInstance: scraping_daft_leitrim.persist_data scheduled__2021-12-29T10:00:00+00:00 [queued]>
[2021-12-30 11:48:18,155] {taskinstance.py:1035} INFO - Dependencies all met for <TaskInstance: scraping_daft_leitrim.persist_data scheduled__2021-12-29T10:00:00+00:00 [queued]>
[2021-12-30 11:48:18,158] {taskinstance.py:1241} INFO - 
--------------------------------------------------------------------------------
[2021-12-30 11:48:18,164] {taskinstance.py:1242} INFO - Starting attempt 1 of 4
[2021-12-30 11:48:18,169] {taskinstance.py:1243} INFO - 
--------------------------------------------------------------------------------
[2021-12-30 11:48:18,241] {taskinstance.py:1262} INFO - Executing <Task(SparkSubmitOperator): persist_data> on 2021-12-29 10:00:00+00:00
[2021-12-30 11:48:18,306] {standard_task_runner.py:76} INFO - Running: ['***', 'tasks', 'run', 'scraping_daft_leitrim', 'persist_data', 'scheduled__2021-12-29T10:00:00+00:00', '--job-id', '5578', '--raw', '--subdir', 'DAGS_FOLDER/scraping_daft_leitrim.py', '--cfg-path', '/tmp/tmpxok5dpyp', '--error-file', '/tmp/tmpe06b9jjq']
[2021-12-30 11:48:18,312] {standard_task_runner.py:77} INFO - Job 5578: Subtask persist_data
[2021-12-30 11:48:18,256] {standard_task_runner.py:52} INFO - Started process 5016 to run task
[2021-12-30 11:48:18,575] {logging_mixin.py:109} INFO - Running <TaskInstance: scraping_daft_leitrim.persist_data scheduled__2021-12-29T10:00:00+00:00 [running]> on host 5ddf2477c0dd
[2021-12-30 11:48:18,967] {taskinstance.py:1429} INFO - Exporting the following env vars:
AIRFLOW_CTX_DAG_EMAIL=clement.liscoet@gmail.com
AIRFLOW_CTX_DAG_OWNER=clemoni
AIRFLOW_CTX_DAG_ID=scraping_daft_leitrim
AIRFLOW_CTX_TASK_ID=persist_data
AIRFLOW_CTX_EXECUTION_DATE=2021-12-29T10:00:00+00:00
AIRFLOW_CTX_DAG_RUN_ID=scheduled__2021-12-29T10:00:00+00:00
[2021-12-30 11:48:19,037] {base.py:79} INFO - Using connection to: id: spark_default. Host: spark://spark:7077, Port: None, Schema: , Login: ***, Password: ***, extra: {}
[2021-12-30 11:48:19,043] {spark_submit.py:360} INFO - Spark-Submit cmd: spark-submit --master spark://spark:7077 --conf spark.master=spark://spark:7077 --name persist data --verbose /opt/***/jobs/persist_db.py leitrim
[2021-12-30 11:48:45,566] {spark_submit.py:514} INFO - Using properties file: null
[2021-12-30 11:48:47,465] {spark_submit.py:514} INFO - WARNING: An illegal reflective access operation has occurred
[2021-12-30 11:48:47,468] {spark_submit.py:514} INFO - WARNING: Illegal reflective access by org.apache.spark.unsafe.Platform (file:/home/***/.local/lib/python3.6/site-packages/pyspark/jars/spark-unsafe_2.12-3.2.0.jar) to constructor java.nio.DirectByteBuffer(long,int)
[2021-12-30 11:48:47,471] {spark_submit.py:514} INFO - WARNING: Please consider reporting this to the maintainers of org.apache.spark.unsafe.Platform
[2021-12-30 11:48:47,473] {spark_submit.py:514} INFO - WARNING: Use --illegal-access=warn to enable warnings of further illegal reflective access operations
[2021-12-30 11:48:47,483] {spark_submit.py:514} INFO - WARNING: All illegal access operations will be denied in a future release
[2021-12-30 11:48:48,557] {spark_submit.py:514} INFO - Parsed arguments:
[2021-12-30 11:48:48,559] {spark_submit.py:514} INFO - master                  spark://spark:7077
[2021-12-30 11:48:48,561] {spark_submit.py:514} INFO - deployMode              null
[2021-12-30 11:48:48,563] {spark_submit.py:514} INFO - executorMemory          null
[2021-12-30 11:48:48,564] {spark_submit.py:514} INFO - executorCores           null
[2021-12-30 11:48:48,565] {spark_submit.py:514} INFO - totalExecutorCores      null
[2021-12-30 11:48:48,567] {spark_submit.py:514} INFO - propertiesFile          null
[2021-12-30 11:48:48,569] {spark_submit.py:514} INFO - driverMemory            null
[2021-12-30 11:48:48,570] {spark_submit.py:514} INFO - driverCores             null
[2021-12-30 11:48:48,572] {spark_submit.py:514} INFO - driverExtraClassPath    null
[2021-12-30 11:48:48,574] {spark_submit.py:514} INFO - driverExtraLibraryPath  null
[2021-12-30 11:48:48,576] {spark_submit.py:514} INFO - driverExtraJavaOptions  null
[2021-12-30 11:48:48,578] {spark_submit.py:514} INFO - supervise               false
[2021-12-30 11:48:48,579] {spark_submit.py:514} INFO - queue                   null
[2021-12-30 11:48:48,583] {spark_submit.py:514} INFO - numExecutors            null
[2021-12-30 11:48:48,584] {spark_submit.py:514} INFO - files                   null
[2021-12-30 11:48:48,586] {spark_submit.py:514} INFO - pyFiles                 null
[2021-12-30 11:48:48,588] {spark_submit.py:514} INFO - archives                null
[2021-12-30 11:48:48,590] {spark_submit.py:514} INFO - mainClass               null
[2021-12-30 11:48:48,591] {spark_submit.py:514} INFO - primaryResource         file:/opt/***/jobs/persist_db.py
[2021-12-30 11:48:48,593] {spark_submit.py:514} INFO - name                    persist data
[2021-12-30 11:48:48,594] {spark_submit.py:514} INFO - childArgs               [leitrim]
[2021-12-30 11:48:48,596] {spark_submit.py:514} INFO - jars                    null
[2021-12-30 11:48:48,597] {spark_submit.py:514} INFO - packages                null
[2021-12-30 11:48:48,598] {spark_submit.py:514} INFO - packagesExclusions      null
[2021-12-30 11:48:48,599] {spark_submit.py:514} INFO - repositories            null
[2021-12-30 11:48:48,600] {spark_submit.py:514} INFO - verbose                 true
[2021-12-30 11:48:48,601] {spark_submit.py:514} INFO - 
[2021-12-30 11:48:48,603] {spark_submit.py:514} INFO - Spark properties used, including those specified through
[2021-12-30 11:48:48,605] {spark_submit.py:514} INFO - --conf and those from the properties file null:
[2021-12-30 11:48:48,606] {spark_submit.py:514} INFO - (spark.master,spark://spark:7077)
[2021-12-30 11:48:48,607] {spark_submit.py:514} INFO - 
[2021-12-30 11:48:48,609] {spark_submit.py:514} INFO - 
[2021-12-30 11:48:51,096] {spark_submit.py:514} INFO - Main class:
[2021-12-30 11:48:51,098] {spark_submit.py:514} INFO - org.apache.spark.deploy.PythonRunner
[2021-12-30 11:48:51,099] {spark_submit.py:514} INFO - Arguments:
[2021-12-30 11:48:51,101] {spark_submit.py:514} INFO - file:/opt/***/jobs/persist_db.py
[2021-12-30 11:48:51,102] {spark_submit.py:514} INFO - null
[2021-12-30 11:48:51,103] {spark_submit.py:514} INFO - leitrim
[2021-12-30 11:48:51,105] {spark_submit.py:514} INFO - --verbose
[2021-12-30 11:48:51,115] {spark_submit.py:514} INFO - Spark config:
[2021-12-30 11:48:51,117] {spark_submit.py:514} INFO - (spark.master,spark://spark:7077)
[2021-12-30 11:48:51,118] {spark_submit.py:514} INFO - (spark.app.name,persist data)
[2021-12-30 11:48:51,121] {spark_submit.py:514} INFO - (spark.submit.pyFiles,)
[2021-12-30 11:48:51,125] {spark_submit.py:514} INFO - (spark.submit.deployMode,client)
[2021-12-30 11:48:51,126] {spark_submit.py:514} INFO - Classpath elements:
[2021-12-30 11:48:51,127] {spark_submit.py:514} INFO - 
[2021-12-30 11:48:51,135] {spark_submit.py:514} INFO - 
[2021-12-30 11:48:51,137] {spark_submit.py:514} INFO - 
[2021-12-30 11:49:07,783] {spark_submit.py:514} INFO - Using Spark's default log4j profile: org/apache/spark/log4j-defaults.properties
[2021-12-30 11:49:07,869] {spark_submit.py:514} INFO - 21/12/30 11:49:07 INFO SparkContext: Running Spark version 3.2.0
[2021-12-30 11:49:08,648] {spark_submit.py:514} INFO - 21/12/30 11:49:08 WARN NativeCodeLoader: Unable to load native-hadoop library for your platform... using builtin-java classes where applicable
[2021-12-30 11:49:10,003] {spark_submit.py:514} INFO - 21/12/30 11:49:10 INFO ResourceUtils: ==============================================================
[2021-12-30 11:49:10,007] {spark_submit.py:514} INFO - 21/12/30 11:49:10 INFO ResourceUtils: No custom resources configured for spark.driver.
[2021-12-30 11:49:10,013] {spark_submit.py:514} INFO - 21/12/30 11:49:10 INFO ResourceUtils: ==============================================================
[2021-12-30 11:49:10,017] {spark_submit.py:514} INFO - 21/12/30 11:49:10 INFO SparkContext: Submitted application: Persist DB
[2021-12-30 11:49:10,252] {spark_submit.py:514} INFO - 21/12/30 11:49:10 INFO ResourceProfile: Default ResourceProfile created, executor resources: Map(cores -> name: cores, amount: 1, script: , vendor: , memory -> name: memory, amount: 1024, script: , vendor: , offHeap -> name: offHeap, amount: 0, script: , vendor: ), task resources: Map(cpus -> name: cpus, amount: 1.0)
[2021-12-30 11:49:10,285] {spark_submit.py:514} INFO - 21/12/30 11:49:10 INFO ResourceProfile: Limiting resource is cpu
[2021-12-30 11:49:10,300] {spark_submit.py:514} INFO - 21/12/30 11:49:10 INFO ResourceProfileManager: Added ResourceProfile id: 0
[2021-12-30 11:49:10,775] {spark_submit.py:514} INFO - 21/12/30 11:49:10 INFO SecurityManager: Changing view acls to: ***
[2021-12-30 11:49:10,786] {spark_submit.py:514} INFO - 21/12/30 11:49:10 INFO SecurityManager: Changing modify acls to: ***
[2021-12-30 11:49:10,795] {spark_submit.py:514} INFO - 21/12/30 11:49:10 INFO SecurityManager: Changing view acls groups to:
[2021-12-30 11:49:10,845] {spark_submit.py:514} INFO - 21/12/30 11:49:10 INFO SecurityManager: Changing modify acls groups to:
[2021-12-30 11:49:10,847] {spark_submit.py:514} INFO - 21/12/30 11:49:10 INFO SecurityManager: SecurityManager: authentication disabled; ui acls disabled; users  with view permissions: Set(***); groups with view permissions: Set(); users  with modify permissions: Set(***); groups with modify permissions: Set()
[2021-12-30 11:49:16,220] {spark_submit.py:514} INFO - 21/12/30 11:49:16 INFO Utils: Successfully started service 'sparkDriver' on port 38467.
[2021-12-30 11:49:17,003] {spark_submit.py:514} INFO - 21/12/30 11:49:17 INFO SparkEnv: Registering MapOutputTracker
[2021-12-30 11:49:17,833] {spark_submit.py:514} INFO - 21/12/30 11:49:17 INFO SparkEnv: Registering BlockManagerMaster
[2021-12-30 11:49:17,995] {spark_submit.py:514} INFO - 21/12/30 11:49:17 INFO BlockManagerMasterEndpoint: Using org.apache.spark.storage.DefaultTopologyMapper for getting topology information
[2021-12-30 11:49:18,003] {spark_submit.py:514} INFO - 21/12/30 11:49:18 INFO BlockManagerMasterEndpoint: BlockManagerMasterEndpoint up
[2021-12-30 11:49:18,043] {spark_submit.py:514} INFO - 21/12/30 11:49:18 INFO SparkEnv: Registering BlockManagerMasterHeartbeat
[2021-12-30 11:49:18,496] {spark_submit.py:514} INFO - 21/12/30 11:49:18 INFO DiskBlockManager: Created local directory at /tmp/blockmgr-fda739c3-72ee-46dc-be36-e167b61f627a
[2021-12-30 11:49:18,837] {spark_submit.py:514} INFO - 21/12/30 11:49:18 INFO MemoryStore: MemoryStore started with capacity 434.4 MiB
[2021-12-30 11:49:19,126] {spark_submit.py:514} INFO - 21/12/30 11:49:19 INFO SparkEnv: Registering OutputCommitCoordinator
[2021-12-30 11:49:24,093] {spark_submit.py:514} INFO - 21/12/30 11:49:24 WARN Utils: Service 'SparkUI' could not bind on port 4040. Attempting port 4041.
[2021-12-30 11:49:24,125] {spark_submit.py:514} INFO - 21/12/30 11:49:24 WARN Utils: Service 'SparkUI' could not bind on port 4041. Attempting port 4042.
[2021-12-30 11:49:24,144] {spark_submit.py:514} INFO - 21/12/30 11:49:24 WARN Utils: Service 'SparkUI' could not bind on port 4042. Attempting port 4043.
[2021-12-30 11:49:24,282] {spark_submit.py:514} INFO - 21/12/30 11:49:24 INFO Utils: Successfully started service 'SparkUI' on port 4043.
[2021-12-30 11:49:26,084] {spark_submit.py:514} INFO - 21/12/30 11:49:26 INFO SparkUI: Bound SparkUI to 0.0.0.0, and started at http://5ddf2477c0dd:4043
[2021-12-30 11:49:29,679] {spark_submit.py:514} INFO - 21/12/30 11:49:29 INFO StandaloneAppClient$ClientEndpoint: Connecting to master spark://spark:7077...
[2021-12-30 11:49:30,772] {spark_submit.py:514} INFO - 21/12/30 11:49:30 INFO TransportClientFactory: Successfully created connection to spark/172.19.0.4:7077 after 497 ms (0 ms spent in bootstraps)
[2021-12-30 11:49:35,612] {spark_submit.py:514} INFO - 21/12/30 11:49:35 INFO StandaloneSchedulerBackend: Connected to Spark cluster with app ID app-20211230114935-0039
[2021-12-30 11:49:36,351] {spark_submit.py:514} INFO - 21/12/30 11:49:36 INFO Utils: Successfully started service 'org.apache.spark.network.netty.NettyBlockTransferService' on port 42687.
[2021-12-30 11:49:36,411] {spark_submit.py:514} INFO - 21/12/30 11:49:36 INFO NettyBlockTransferService: Server created on 5ddf2477c0dd:42687
[2021-12-30 11:49:36,888] {spark_submit.py:514} INFO - 21/12/30 11:49:36 INFO BlockManager: Using org.apache.spark.storage.RandomBlockReplicationPolicy for block replication policy
[2021-12-30 11:49:37,249] {spark_submit.py:514} INFO - 21/12/30 11:49:37 INFO BlockManagerMaster: Registering BlockManager BlockManagerId(driver, 5ddf2477c0dd, 42687, None)
[2021-12-30 11:49:37,275] {spark_submit.py:514} INFO - 21/12/30 11:49:37 INFO BlockManagerMasterEndpoint: Registering block manager 5ddf2477c0dd:42687 with 434.4 MiB RAM, BlockManagerId(driver, 5ddf2477c0dd, 42687, None)
[2021-12-30 11:49:37,347] {spark_submit.py:514} INFO - 21/12/30 11:49:37 INFO BlockManagerMaster: Registered BlockManager BlockManagerId(driver, 5ddf2477c0dd, 42687, None)
[2021-12-30 11:49:37,363] {spark_submit.py:514} INFO - 21/12/30 11:49:37 INFO BlockManager: Initialized BlockManager: BlockManagerId(driver, 5ddf2477c0dd, 42687, None)
[2021-12-30 11:49:46,999] {spark_submit.py:514} INFO - 21/12/30 11:49:46 INFO StandaloneSchedulerBackend: SchedulerBackend is ready for scheduling beginning after reached minRegisteredResourcesRatio: 0.0
[2021-12-30 11:49:48,203] {spark_submit.py:514} INFO - /home/***/.local/lib/python3.6/site-packages/pyspark/python/lib/pyspark.zip/pyspark/context.py:238: FutureWarning: Python 3.6 support is deprecated in Spark 3.2.
[2021-12-30 11:49:48,205] {spark_submit.py:514} INFO - FutureWarning
[2021-12-30 11:49:51,315] {spark_submit.py:514} INFO - 21/12/30 11:49:51 INFO SharedState: Setting hive.metastore.warehouse.dir ('null') to the value of spark.sql.warehouse.dir.
[2021-12-30 11:49:51,409] {spark_submit.py:514} INFO - 21/12/30 11:49:51 INFO SharedState: Warehouse path is 'file:/opt/***/spark-warehouse'.
[2021-12-30 11:50:14,845] {spark_submit.py:514} INFO - 21/12/30 11:50:14 INFO SparkContext: Invoking stop() from shutdown hook
[2021-12-30 11:50:15,147] {spark_submit.py:514} INFO - 21/12/30 11:50:15 INFO SparkUI: Stopped Spark web UI at http://5ddf2477c0dd:4043
[2021-12-30 11:50:15,197] {spark_submit.py:514} INFO - 21/12/30 11:50:15 INFO StandaloneSchedulerBackend: Shutting down all executors
[2021-12-30 11:50:15,241] {spark_submit.py:514} INFO - 21/12/30 11:50:15 INFO CoarseGrainedSchedulerBackend$DriverEndpoint: Asking each executor to shut down
[2021-12-30 11:50:15,408] {spark_submit.py:514} INFO - 21/12/30 11:50:15 INFO MapOutputTrackerMasterEndpoint: MapOutputTrackerMasterEndpoint stopped!
[2021-12-30 11:50:15,717] {spark_submit.py:514} INFO - 21/12/30 11:50:15 INFO MemoryStore: MemoryStore cleared
[2021-12-30 11:50:15,719] {spark_submit.py:514} INFO - 21/12/30 11:50:15 INFO BlockManager: BlockManager stopped
[2021-12-30 11:50:16,226] {spark_submit.py:514} INFO - 21/12/30 11:50:16 INFO BlockManagerMaster: BlockManagerMaster stopped
[2021-12-30 11:50:16,233] {spark_submit.py:514} INFO - 21/12/30 11:50:16 INFO OutputCommitCoordinator$OutputCommitCoordinatorEndpoint: OutputCommitCoordinator stopped!
[2021-12-30 11:50:16,738] {spark_submit.py:514} INFO - 21/12/30 11:50:16 INFO SparkContext: Successfully stopped SparkContext
[2021-12-30 11:50:16,754] {spark_submit.py:514} INFO - 21/12/30 11:50:16 INFO ShutdownHookManager: Shutdown hook called
[2021-12-30 11:50:16,783] {spark_submit.py:514} INFO - 21/12/30 11:50:16 INFO ShutdownHookManager: Deleting directory /tmp/spark-9128ce05-58b8-4695-9b9c-6749ae69202c
[2021-12-30 11:50:17,001] {spark_submit.py:514} INFO - 21/12/30 11:50:17 INFO ShutdownHookManager: Deleting directory /tmp/spark-b12eb8ca-34b7-4d93-92c6-37c6493fa831
[2021-12-30 11:50:17,060] {spark_submit.py:514} INFO - 21/12/30 11:50:17 INFO ShutdownHookManager: Deleting directory /tmp/spark-b12eb8ca-34b7-4d93-92c6-37c6493fa831/pyspark-82b0a012-b50c-407f-8004-050cd008ec09
[2021-12-30 11:50:20,495] {taskinstance.py:1280} INFO - Marking task as SUCCESS. dag_id=scraping_daft_leitrim, task_id=persist_data, execution_date=20211229T100000, start_date=20211230T114818, end_date=20211230T115020
[2021-12-30 11:50:21,047] {local_task_job.py:154} INFO - Task exited with return code 0
[2021-12-30 11:50:22,000] {local_task_job.py:264} INFO - 1 downstream tasks scheduled from follow-on schedule check
