[2021-12-07 16:31:22,705] {taskinstance.py:1035} INFO - Dependencies all met for <TaskInstance: scraping_daft_dublin.run_init_county manual__2021-12-07T16:31:21.456295+00:00 [queued]>
[2021-12-07 16:31:22,721] {taskinstance.py:1035} INFO - Dependencies all met for <TaskInstance: scraping_daft_dublin.run_init_county manual__2021-12-07T16:31:21.456295+00:00 [queued]>
[2021-12-07 16:31:22,722] {taskinstance.py:1241} INFO - 
--------------------------------------------------------------------------------
[2021-12-07 16:31:22,723] {taskinstance.py:1242} INFO - Starting attempt 1 of 3
[2021-12-07 16:31:22,724] {taskinstance.py:1243} INFO - 
--------------------------------------------------------------------------------
[2021-12-07 16:31:22,747] {taskinstance.py:1262} INFO - Executing <Task(_PythonDecoratedOperator): run_init_county> on 2021-12-07 16:31:21.456295+00:00
[2021-12-07 16:31:22,756] {standard_task_runner.py:76} INFO - Running: ['***', 'tasks', 'run', 'scraping_daft_dublin', 'run_init_county', 'manual__2021-12-07T16:31:21.456295+00:00', '--job-id', '372', '--raw', '--subdir', 'DAGS_FOLDER/scraping_daft_dublin.py', '--cfg-path', '/tmp/tmpuusc0eud', '--error-file', '/tmp/tmpf48miwi0']
[2021-12-07 16:31:22,758] {standard_task_runner.py:77} INFO - Job 372: Subtask run_init_county
[2021-12-07 16:31:22,753] {standard_task_runner.py:52} INFO - Started process 4429 to run task
[2021-12-07 16:31:22,852] {logging_mixin.py:109} INFO - Running <TaskInstance: scraping_daft_dublin.run_init_county manual__2021-12-07T16:31:21.456295+00:00 [running]> on host ec9c140e7984
[2021-12-07 16:31:22,964] {taskinstance.py:1429} INFO - Exporting the following env vars:
AIRFLOW_CTX_DAG_EMAIL=***@example.com
AIRFLOW_CTX_DAG_OWNER=clemoni
AIRFLOW_CTX_DAG_ID=scraping_daft_dublin
AIRFLOW_CTX_TASK_ID=run_init_county
AIRFLOW_CTX_EXECUTION_DATE=2021-12-07T16:31:21.456295+00:00
AIRFLOW_CTX_DAG_RUN_ID=manual__2021-12-07T16:31:21.456295+00:00
[2021-12-07 16:31:22,987] {python.py:152} INFO - Done. Returned value was: None
[2021-12-07 16:31:23,026] {taskinstance.py:1280} INFO - Marking task as SUCCESS. dag_id=scraping_daft_dublin, task_id=run_init_county, execution_date=20211207T163121, start_date=20211207T163122, end_date=20211207T163123
[2021-12-07 16:31:23,056] {local_task_job.py:154} INFO - Task exited with return code 0
[2021-12-07 16:31:23,162] {local_task_job.py:264} INFO - 1 downstream tasks scheduled from follow-on schedule check
