[2021-12-24 10:35:12,866] {taskinstance.py:1035} INFO - Dependencies all met for <TaskInstance: scraping_daft_limerick.remove_file scheduled__2021-12-23T10:05:00+00:00 [queued]>
[2021-12-24 10:35:12,907] {taskinstance.py:1035} INFO - Dependencies all met for <TaskInstance: scraping_daft_limerick.remove_file scheduled__2021-12-23T10:05:00+00:00 [queued]>
[2021-12-24 10:35:12,908] {taskinstance.py:1241} INFO - 
--------------------------------------------------------------------------------
[2021-12-24 10:35:12,910] {taskinstance.py:1242} INFO - Starting attempt 1 of 4
[2021-12-24 10:35:12,911] {taskinstance.py:1243} INFO - 
--------------------------------------------------------------------------------
[2021-12-24 10:35:12,949] {taskinstance.py:1262} INFO - Executing <Task(SparkSubmitOperator): remove_file> on 2021-12-23 10:05:00+00:00
[2021-12-24 10:35:12,968] {standard_task_runner.py:52} INFO - Started process 9824 to run task
[2021-12-24 10:35:13,008] {standard_task_runner.py:76} INFO - Running: ['***', 'tasks', 'run', 'scraping_daft_limerick', 'remove_file', 'scheduled__2021-12-23T10:05:00+00:00', '--job-id', '4300', '--raw', '--subdir', 'DAGS_FOLDER/scraping_daft_limerick.py', '--cfg-path', '/tmp/tmpfu7osljc', '--error-file', '/tmp/tmpkdvtq_3h']
[2021-12-24 10:35:13,013] {standard_task_runner.py:77} INFO - Job 4300: Subtask remove_file
[2021-12-24 10:35:13,353] {logging_mixin.py:109} INFO - Running <TaskInstance: scraping_daft_limerick.remove_file scheduled__2021-12-23T10:05:00+00:00 [running]> on host dd6c6a1cba03
[2021-12-24 10:35:13,854] {taskinstance.py:1429} INFO - Exporting the following env vars:
AIRFLOW_CTX_DAG_EMAIL=clement.liscoet@gmail.com
AIRFLOW_CTX_DAG_OWNER=clemoni
AIRFLOW_CTX_DAG_ID=scraping_daft_limerick
AIRFLOW_CTX_TASK_ID=remove_file
AIRFLOW_CTX_EXECUTION_DATE=2021-12-23T10:05:00+00:00
AIRFLOW_CTX_DAG_RUN_ID=scheduled__2021-12-23T10:05:00+00:00
[2021-12-24 10:35:13,933] {base.py:79} INFO - Using connection to: id: spark_default. Host: spark://spark:7077, Port: None, Schema: , Login: ***, Password: ***, extra: {}
[2021-12-24 10:35:13,939] {spark_submit.py:360} INFO - Spark-Submit cmd: spark-submit --master spark://spark:7077 --conf spark.master=spark://spark:7077 --name remove file --verbose /opt/***/jobs/remove_file.py limerick
[2021-12-24 10:35:19,182] {spark_submit.py:514} INFO - Using properties file: null
[2021-12-24 10:35:19,412] {spark_submit.py:514} INFO - WARNING: An illegal reflective access operation has occurred
[2021-12-24 10:35:19,414] {spark_submit.py:514} INFO - WARNING: Illegal reflective access by org.apache.spark.unsafe.Platform (file:/home/***/.local/lib/python3.6/site-packages/pyspark/jars/spark-unsafe_2.12-3.2.0.jar) to constructor java.nio.DirectByteBuffer(long,int)
[2021-12-24 10:35:19,415] {spark_submit.py:514} INFO - WARNING: Please consider reporting this to the maintainers of org.apache.spark.unsafe.Platform
[2021-12-24 10:35:19,416] {spark_submit.py:514} INFO - WARNING: Use --illegal-access=warn to enable warnings of further illegal reflective access operations
[2021-12-24 10:35:19,417] {spark_submit.py:514} INFO - WARNING: All illegal access operations will be denied in a future release
[2021-12-24 10:35:19,548] {spark_submit.py:514} INFO - Parsed arguments:
[2021-12-24 10:35:19,550] {spark_submit.py:514} INFO - master                  spark://spark:7077
[2021-12-24 10:35:19,551] {spark_submit.py:514} INFO - deployMode              null
[2021-12-24 10:35:19,552] {spark_submit.py:514} INFO - executorMemory          null
[2021-12-24 10:35:19,553] {spark_submit.py:514} INFO - executorCores           null
[2021-12-24 10:35:19,556] {spark_submit.py:514} INFO - totalExecutorCores      null
[2021-12-24 10:35:19,557] {spark_submit.py:514} INFO - propertiesFile          null
[2021-12-24 10:35:19,558] {spark_submit.py:514} INFO - driverMemory            null
[2021-12-24 10:35:19,560] {spark_submit.py:514} INFO - driverCores             null
[2021-12-24 10:35:19,563] {spark_submit.py:514} INFO - driverExtraClassPath    null
[2021-12-24 10:35:19,564] {spark_submit.py:514} INFO - driverExtraLibraryPath  null
[2021-12-24 10:35:19,566] {spark_submit.py:514} INFO - driverExtraJavaOptions  null
[2021-12-24 10:35:19,567] {spark_submit.py:514} INFO - supervise               false
[2021-12-24 10:35:19,568] {spark_submit.py:514} INFO - queue                   null
[2021-12-24 10:35:19,569] {spark_submit.py:514} INFO - numExecutors            null
[2021-12-24 10:35:19,576] {spark_submit.py:514} INFO - files                   null
[2021-12-24 10:35:19,577] {spark_submit.py:514} INFO - pyFiles                 null
[2021-12-24 10:35:19,579] {spark_submit.py:514} INFO - archives                null
[2021-12-24 10:35:19,580] {spark_submit.py:514} INFO - mainClass               null
[2021-12-24 10:35:19,581] {spark_submit.py:514} INFO - primaryResource         file:/opt/***/jobs/remove_file.py
[2021-12-24 10:35:19,582] {spark_submit.py:514} INFO - name                    remove file
[2021-12-24 10:35:19,583] {spark_submit.py:514} INFO - childArgs               [limerick]
[2021-12-24 10:35:19,585] {spark_submit.py:514} INFO - jars                    null
[2021-12-24 10:35:19,586] {spark_submit.py:514} INFO - packages                null
[2021-12-24 10:35:19,587] {spark_submit.py:514} INFO - packagesExclusions      null
[2021-12-24 10:35:19,588] {spark_submit.py:514} INFO - repositories            null
[2021-12-24 10:35:19,589] {spark_submit.py:514} INFO - verbose                 true
[2021-12-24 10:35:19,590] {spark_submit.py:514} INFO - 
[2021-12-24 10:35:19,591] {spark_submit.py:514} INFO - Spark properties used, including those specified through
[2021-12-24 10:35:19,592] {spark_submit.py:514} INFO - --conf and those from the properties file null:
[2021-12-24 10:35:19,594] {spark_submit.py:514} INFO - (spark.master,spark://spark:7077)
[2021-12-24 10:35:19,595] {spark_submit.py:514} INFO - 
[2021-12-24 10:35:19,596] {spark_submit.py:514} INFO - 
[2021-12-24 10:35:20,549] {spark_submit.py:514} INFO - Main class:
[2021-12-24 10:35:20,551] {spark_submit.py:514} INFO - org.apache.spark.deploy.PythonRunner
[2021-12-24 10:35:20,552] {spark_submit.py:514} INFO - Arguments:
[2021-12-24 10:35:20,553] {spark_submit.py:514} INFO - file:/opt/***/jobs/remove_file.py
[2021-12-24 10:35:20,554] {spark_submit.py:514} INFO - null
[2021-12-24 10:35:20,556] {spark_submit.py:514} INFO - limerick
[2021-12-24 10:35:20,557] {spark_submit.py:514} INFO - --verbose
[2021-12-24 10:35:20,566] {spark_submit.py:514} INFO - Spark config:
[2021-12-24 10:35:20,569] {spark_submit.py:514} INFO - (spark.app.name,remove file)
[2021-12-24 10:35:20,578] {spark_submit.py:514} INFO - (spark.master,spark://spark:7077)
[2021-12-24 10:35:20,580] {spark_submit.py:514} INFO - (spark.submit.pyFiles,)
[2021-12-24 10:35:20,582] {spark_submit.py:514} INFO - (spark.submit.deployMode,client)
[2021-12-24 10:35:20,584] {spark_submit.py:514} INFO - Classpath elements:
[2021-12-24 10:35:20,589] {spark_submit.py:514} INFO - 
[2021-12-24 10:35:20,596] {spark_submit.py:514} INFO - 
[2021-12-24 10:35:20,602] {spark_submit.py:514} INFO - 
[2021-12-24 10:35:23,953] {spark_submit.py:514} INFO - Using Spark's default log4j profile: org/apache/spark/log4j-defaults.properties
[2021-12-24 10:35:23,993] {spark_submit.py:514} INFO - 21/12/24 10:35:23 INFO SparkContext: Running Spark version 3.2.0
[2021-12-24 10:35:24,420] {spark_submit.py:514} INFO - 21/12/24 10:35:24 WARN NativeCodeLoader: Unable to load native-hadoop library for your platform... using builtin-java classes where applicable
[2021-12-24 10:35:25,194] {spark_submit.py:514} INFO - 21/12/24 10:35:25 INFO ResourceUtils: ==============================================================
[2021-12-24 10:35:25,195] {spark_submit.py:514} INFO - 21/12/24 10:35:25 INFO ResourceUtils: No custom resources configured for spark.driver.
[2021-12-24 10:35:25,197] {spark_submit.py:514} INFO - 21/12/24 10:35:25 INFO ResourceUtils: ==============================================================
[2021-12-24 10:35:25,200] {spark_submit.py:514} INFO - 21/12/24 10:35:25 INFO SparkContext: Submitted application: Remove file
[2021-12-24 10:35:25,361] {spark_submit.py:514} INFO - 21/12/24 10:35:25 INFO ResourceProfile: Default ResourceProfile created, executor resources: Map(cores -> name: cores, amount: 1, script: , vendor: , memory -> name: memory, amount: 1024, script: , vendor: , offHeap -> name: offHeap, amount: 0, script: , vendor: ), task resources: Map(cpus -> name: cpus, amount: 1.0)
[2021-12-24 10:35:25,393] {spark_submit.py:514} INFO - 21/12/24 10:35:25 INFO ResourceProfile: Limiting resource is cpu
[2021-12-24 10:35:25,397] {spark_submit.py:514} INFO - 21/12/24 10:35:25 INFO ResourceProfileManager: Added ResourceProfile id: 0
[2021-12-24 10:35:26,240] {spark_submit.py:514} INFO - 21/12/24 10:35:26 INFO SecurityManager: Changing view acls to: ***
[2021-12-24 10:35:26,243] {spark_submit.py:514} INFO - 21/12/24 10:35:26 INFO SecurityManager: Changing modify acls to: ***
[2021-12-24 10:35:26,248] {spark_submit.py:514} INFO - 21/12/24 10:35:26 INFO SecurityManager: Changing view acls groups to:
[2021-12-24 10:35:26,296] {spark_submit.py:514} INFO - 21/12/24 10:35:26 INFO SecurityManager: Changing modify acls groups to:
[2021-12-24 10:35:26,298] {spark_submit.py:514} INFO - 21/12/24 10:35:26 INFO SecurityManager: SecurityManager: authentication disabled; ui acls disabled; users  with view permissions: Set(***); groups with view permissions: Set(); users  with modify permissions: Set(***); groups with modify permissions: Set()
[2021-12-24 10:35:28,140] {spark_submit.py:514} INFO - 21/12/24 10:35:28 INFO Utils: Successfully started service 'sparkDriver' on port 40337.
[2021-12-24 10:35:28,400] {spark_submit.py:514} INFO - 21/12/24 10:35:28 INFO SparkEnv: Registering MapOutputTracker
[2021-12-24 10:35:28,652] {spark_submit.py:514} INFO - 21/12/24 10:35:28 INFO SparkEnv: Registering BlockManagerMaster
[2021-12-24 10:35:28,783] {spark_submit.py:514} INFO - 21/12/24 10:35:28 INFO BlockManagerMasterEndpoint: Using org.apache.spark.storage.DefaultTopologyMapper for getting topology information
[2021-12-24 10:35:28,787] {spark_submit.py:514} INFO - 21/12/24 10:35:28 INFO BlockManagerMasterEndpoint: BlockManagerMasterEndpoint up
[2021-12-24 10:35:28,815] {spark_submit.py:514} INFO - 21/12/24 10:35:28 INFO SparkEnv: Registering BlockManagerMasterHeartbeat
[2021-12-24 10:35:28,965] {spark_submit.py:514} INFO - 21/12/24 10:35:28 INFO DiskBlockManager: Created local directory at /tmp/blockmgr-d140d537-6ede-4316-8dbe-06b7b2260ea1
[2021-12-24 10:35:29,192] {spark_submit.py:514} INFO - 21/12/24 10:35:29 INFO MemoryStore: MemoryStore started with capacity 434.4 MiB
[2021-12-24 10:35:29,364] {spark_submit.py:514} INFO - 21/12/24 10:35:29 INFO SparkEnv: Registering OutputCommitCoordinator
[2021-12-24 10:35:30,698] {spark_submit.py:514} INFO - 21/12/24 10:35:30 WARN Utils: Service 'SparkUI' could not bind on port 4040. Attempting port 4041.
[2021-12-24 10:35:30,699] {spark_submit.py:514} INFO - 21/12/24 10:35:30 WARN Utils: Service 'SparkUI' could not bind on port 4041. Attempting port 4042.
[2021-12-24 10:35:30,702] {spark_submit.py:514} INFO - 21/12/24 10:35:30 WARN Utils: Service 'SparkUI' could not bind on port 4042. Attempting port 4043.
[2021-12-24 10:35:30,704] {spark_submit.py:514} INFO - 21/12/24 10:35:30 WARN Utils: Service 'SparkUI' could not bind on port 4043. Attempting port 4044.
[2021-12-24 10:35:30,769] {spark_submit.py:514} INFO - 21/12/24 10:35:30 INFO Utils: Successfully started service 'SparkUI' on port 4044.
[2021-12-24 10:35:31,489] {spark_submit.py:514} INFO - 21/12/24 10:35:31 INFO SparkUI: Bound SparkUI to 0.0.0.0, and started at http://dd6c6a1cba03:4044
[2021-12-24 10:35:32,996] {spark_submit.py:514} INFO - 21/12/24 10:35:32 INFO StandaloneAppClient$ClientEndpoint: Connecting to master spark://spark:7077...
[2021-12-24 10:35:33,241] {spark_submit.py:514} INFO - 21/12/24 10:35:33 INFO TransportClientFactory: Successfully created connection to spark/172.21.0.4:7077 after 113 ms (0 ms spent in bootstraps)
[2021-12-24 10:35:33,523] {spark_submit.py:514} INFO - 21/12/24 10:35:33 INFO StandaloneSchedulerBackend: Connected to Spark cluster with app ID app-20211224103533-0061
[2021-12-24 10:35:33,545] {spark_submit.py:514} INFO - 21/12/24 10:35:33 INFO Utils: Successfully started service 'org.apache.spark.network.netty.NettyBlockTransferService' on port 33719.
[2021-12-24 10:35:33,548] {spark_submit.py:514} INFO - 21/12/24 10:35:33 INFO NettyBlockTransferService: Server created on dd6c6a1cba03:33719
[2021-12-24 10:35:33,556] {spark_submit.py:514} INFO - 21/12/24 10:35:33 INFO BlockManager: Using org.apache.spark.storage.RandomBlockReplicationPolicy for block replication policy
[2021-12-24 10:35:33,586] {spark_submit.py:514} INFO - 21/12/24 10:35:33 INFO BlockManagerMaster: Registering BlockManager BlockManagerId(driver, dd6c6a1cba03, 33719, None)
[2021-12-24 10:35:33,606] {spark_submit.py:514} INFO - 21/12/24 10:35:33 INFO BlockManagerMasterEndpoint: Registering block manager dd6c6a1cba03:33719 with 434.4 MiB RAM, BlockManagerId(driver, dd6c6a1cba03, 33719, None)
[2021-12-24 10:35:33,618] {spark_submit.py:514} INFO - 21/12/24 10:35:33 INFO BlockManagerMaster: Registered BlockManager BlockManagerId(driver, dd6c6a1cba03, 33719, None)
[2021-12-24 10:35:33,626] {spark_submit.py:514} INFO - 21/12/24 10:35:33 INFO BlockManager: Initialized BlockManager: BlockManagerId(driver, dd6c6a1cba03, 33719, None)
[2021-12-24 10:35:34,648] {spark_submit.py:514} INFO - 21/12/24 10:35:34 INFO StandaloneSchedulerBackend: SchedulerBackend is ready for scheduling beginning after reached minRegisteredResourcesRatio: 0.0
[2021-12-24 10:35:34,802] {spark_submit.py:514} INFO - /home/***/.local/lib/python3.6/site-packages/pyspark/python/lib/pyspark.zip/pyspark/context.py:238: FutureWarning: Python 3.6 support is deprecated in Spark 3.2.
[2021-12-24 10:35:34,803] {spark_submit.py:514} INFO - FutureWarning
[2021-12-24 10:35:35,646] {spark_submit.py:514} INFO - 21/12/24 10:35:35 INFO SharedState: Setting hive.metastore.warehouse.dir ('null') to the value of spark.sql.warehouse.dir.
[2021-12-24 10:35:35,794] {spark_submit.py:514} INFO - 21/12/24 10:35:35 INFO SharedState: Warehouse path is 'file:/opt/***/spark-warehouse'.
[2021-12-24 10:35:39,133] {spark_submit.py:514} INFO - file: limerick_rent.json deleted
[2021-12-24 10:35:39,396] {spark_submit.py:514} INFO - 21/12/24 10:35:39 INFO SparkContext: Invoking stop() from shutdown hook
[2021-12-24 10:35:39,447] {spark_submit.py:514} INFO - 21/12/24 10:35:39 INFO SparkUI: Stopped Spark web UI at http://dd6c6a1cba03:4044
[2021-12-24 10:35:39,467] {spark_submit.py:514} INFO - 21/12/24 10:35:39 INFO StandaloneSchedulerBackend: Shutting down all executors
[2021-12-24 10:35:39,478] {spark_submit.py:514} INFO - 21/12/24 10:35:39 INFO CoarseGrainedSchedulerBackend$DriverEndpoint: Asking each executor to shut down
[2021-12-24 10:35:39,532] {spark_submit.py:514} INFO - 21/12/24 10:35:39 INFO MapOutputTrackerMasterEndpoint: MapOutputTrackerMasterEndpoint stopped!
[2021-12-24 10:35:39,583] {spark_submit.py:514} INFO - 21/12/24 10:35:39 INFO MemoryStore: MemoryStore cleared
[2021-12-24 10:35:39,585] {spark_submit.py:514} INFO - 21/12/24 10:35:39 INFO BlockManager: BlockManager stopped
[2021-12-24 10:35:39,646] {spark_submit.py:514} INFO - 21/12/24 10:35:39 INFO BlockManagerMaster: BlockManagerMaster stopped
[2021-12-24 10:35:39,657] {spark_submit.py:514} INFO - 21/12/24 10:35:39 INFO OutputCommitCoordinator$OutputCommitCoordinatorEndpoint: OutputCommitCoordinator stopped!
[2021-12-24 10:35:39,708] {spark_submit.py:514} INFO - 21/12/24 10:35:39 INFO SparkContext: Successfully stopped SparkContext
[2021-12-24 10:35:39,710] {spark_submit.py:514} INFO - 21/12/24 10:35:39 INFO ShutdownHookManager: Shutdown hook called
[2021-12-24 10:35:39,712] {spark_submit.py:514} INFO - 21/12/24 10:35:39 INFO ShutdownHookManager: Deleting directory /tmp/spark-885461de-fef3-40bd-bf3d-393a0502e358
[2021-12-24 10:35:39,721] {spark_submit.py:514} INFO - 21/12/24 10:35:39 INFO ShutdownHookManager: Deleting directory /tmp/spark-885461de-fef3-40bd-bf3d-393a0502e358/pyspark-9c854eec-586e-4235-bfa8-0be9ed9f7ff0
[2021-12-24 10:35:39,736] {spark_submit.py:514} INFO - 21/12/24 10:35:39 INFO ShutdownHookManager: Deleting directory /tmp/spark-6a28c05e-ce60-4321-bc7b-d0219f31cce7
[2021-12-24 10:35:40,139] {taskinstance.py:1280} INFO - Marking task as SUCCESS. dag_id=scraping_daft_limerick, task_id=remove_file, execution_date=20211223T100500, start_date=20211224T103512, end_date=20211224T103540
[2021-12-24 10:35:40,223] {local_task_job.py:154} INFO - Task exited with return code 0
[2021-12-24 10:35:40,450] {local_task_job.py:264} INFO - 0 downstream tasks scheduled from follow-on schedule check
