[2021-12-25 12:58:36,655] {taskinstance.py:1035} INFO - Dependencies all met for <TaskInstance: scraping_daft_kildare.persist_data scheduled__2021-12-24T09:45:00+00:00 [queued]>
[2021-12-25 12:58:36,802] {taskinstance.py:1035} INFO - Dependencies all met for <TaskInstance: scraping_daft_kildare.persist_data scheduled__2021-12-24T09:45:00+00:00 [queued]>
[2021-12-25 12:58:36,809] {taskinstance.py:1241} INFO - 
--------------------------------------------------------------------------------
[2021-12-25 12:58:36,814] {taskinstance.py:1242} INFO - Starting attempt 1 of 4
[2021-12-25 12:58:36,816] {taskinstance.py:1243} INFO - 
--------------------------------------------------------------------------------
[2021-12-25 12:58:37,089] {taskinstance.py:1262} INFO - Executing <Task(SparkSubmitOperator): persist_data> on 2021-12-24 09:45:00+00:00
[2021-12-25 12:58:37,241] {standard_task_runner.py:76} INFO - Running: ['***', 'tasks', 'run', 'scraping_daft_kildare', 'persist_data', 'scheduled__2021-12-24T09:45:00+00:00', '--job-id', '4460', '--raw', '--subdir', 'DAGS_FOLDER/scraping_daft_kildare.py', '--cfg-path', '/tmp/tmpdnue2u25', '--error-file', '/tmp/tmp12hmrz1u']
[2021-12-25 12:58:37,251] {standard_task_runner.py:77} INFO - Job 4460: Subtask persist_data
[2021-12-25 12:58:37,135] {standard_task_runner.py:52} INFO - Started process 43718 to run task
[2021-12-25 12:58:38,311] {logging_mixin.py:109} INFO - Running <TaskInstance: scraping_daft_kildare.persist_data scheduled__2021-12-24T09:45:00+00:00 [running]> on host dd6c6a1cba03
[2021-12-25 12:58:39,705] {taskinstance.py:1429} INFO - Exporting the following env vars:
AIRFLOW_CTX_DAG_EMAIL=clement.liscoet@gmail.com
AIRFLOW_CTX_DAG_OWNER=clemoni
AIRFLOW_CTX_DAG_ID=scraping_daft_kildare
AIRFLOW_CTX_TASK_ID=persist_data
AIRFLOW_CTX_EXECUTION_DATE=2021-12-24T09:45:00+00:00
AIRFLOW_CTX_DAG_RUN_ID=scheduled__2021-12-24T09:45:00+00:00
[2021-12-25 12:58:39,801] {base.py:79} INFO - Using connection to: id: spark_default. Host: spark://spark:7077, Port: None, Schema: , Login: ***, Password: ***, extra: {}
[2021-12-25 12:58:39,832] {spark_submit.py:360} INFO - Spark-Submit cmd: spark-submit --master spark://spark:7077 --conf spark.master=spark://spark:7077 --name persist data --verbose /opt/***/jobs/persist_db.py kildare
[2021-12-25 12:59:03,063] {spark_submit.py:514} INFO - Using properties file: null
[2021-12-25 12:59:03,749] {spark_submit.py:514} INFO - WARNING: An illegal reflective access operation has occurred
[2021-12-25 12:59:03,751] {spark_submit.py:514} INFO - WARNING: Illegal reflective access by org.apache.spark.unsafe.Platform (file:/home/***/.local/lib/python3.6/site-packages/pyspark/jars/spark-unsafe_2.12-3.2.0.jar) to constructor java.nio.DirectByteBuffer(long,int)
[2021-12-25 12:59:03,753] {spark_submit.py:514} INFO - WARNING: Please consider reporting this to the maintainers of org.apache.spark.unsafe.Platform
[2021-12-25 12:59:03,756] {spark_submit.py:514} INFO - WARNING: Use --illegal-access=warn to enable warnings of further illegal reflective access operations
[2021-12-25 12:59:03,769] {spark_submit.py:514} INFO - WARNING: All illegal access operations will be denied in a future release
[2021-12-25 12:59:04,150] {spark_submit.py:514} INFO - Parsed arguments:
[2021-12-25 12:59:04,153] {spark_submit.py:514} INFO - master                  spark://spark:7077
[2021-12-25 12:59:04,157] {spark_submit.py:514} INFO - deployMode              null
[2021-12-25 12:59:04,164] {spark_submit.py:514} INFO - executorMemory          null
[2021-12-25 12:59:04,165] {spark_submit.py:514} INFO - executorCores           null
[2021-12-25 12:59:04,169] {spark_submit.py:514} INFO - totalExecutorCores      null
[2021-12-25 12:59:04,172] {spark_submit.py:514} INFO - propertiesFile          null
[2021-12-25 12:59:04,177] {spark_submit.py:514} INFO - driverMemory            null
[2021-12-25 12:59:04,180] {spark_submit.py:514} INFO - driverCores             null
[2021-12-25 12:59:04,182] {spark_submit.py:514} INFO - driverExtraClassPath    null
[2021-12-25 12:59:04,188] {spark_submit.py:514} INFO - driverExtraLibraryPath  null
[2021-12-25 12:59:04,193] {spark_submit.py:514} INFO - driverExtraJavaOptions  null
[2021-12-25 12:59:04,195] {spark_submit.py:514} INFO - supervise               false
[2021-12-25 12:59:04,198] {spark_submit.py:514} INFO - queue                   null
[2021-12-25 12:59:04,200] {spark_submit.py:514} INFO - numExecutors            null
[2021-12-25 12:59:04,202] {spark_submit.py:514} INFO - files                   null
[2021-12-25 12:59:04,206] {spark_submit.py:514} INFO - pyFiles                 null
[2021-12-25 12:59:04,208] {spark_submit.py:514} INFO - archives                null
[2021-12-25 12:59:04,211] {spark_submit.py:514} INFO - mainClass               null
[2021-12-25 12:59:04,213] {spark_submit.py:514} INFO - primaryResource         file:/opt/***/jobs/persist_db.py
[2021-12-25 12:59:04,220] {spark_submit.py:514} INFO - name                    persist data
[2021-12-25 12:59:04,227] {spark_submit.py:514} INFO - childArgs               [kildare]
[2021-12-25 12:59:04,234] {spark_submit.py:514} INFO - jars                    null
[2021-12-25 12:59:04,236] {spark_submit.py:514} INFO - packages                null
[2021-12-25 12:59:04,244] {spark_submit.py:514} INFO - packagesExclusions      null
[2021-12-25 12:59:04,245] {spark_submit.py:514} INFO - repositories            null
[2021-12-25 12:59:04,247] {spark_submit.py:514} INFO - verbose                 true
[2021-12-25 12:59:04,249] {spark_submit.py:514} INFO - 
[2021-12-25 12:59:04,251] {spark_submit.py:514} INFO - Spark properties used, including those specified through
[2021-12-25 12:59:04,253] {spark_submit.py:514} INFO - --conf and those from the properties file null:
[2021-12-25 12:59:04,255] {spark_submit.py:514} INFO - (spark.master,spark://spark:7077)
[2021-12-25 12:59:04,256] {spark_submit.py:514} INFO - 
[2021-12-25 12:59:04,258] {spark_submit.py:514} INFO - 
[2021-12-25 12:59:08,492] {spark_submit.py:514} INFO - Main class:
[2021-12-25 12:59:08,494] {spark_submit.py:514} INFO - org.apache.spark.deploy.PythonRunner
[2021-12-25 12:59:08,497] {spark_submit.py:514} INFO - Arguments:
[2021-12-25 12:59:08,499] {spark_submit.py:514} INFO - file:/opt/***/jobs/persist_db.py
[2021-12-25 12:59:08,500] {spark_submit.py:514} INFO - null
[2021-12-25 12:59:08,501] {spark_submit.py:514} INFO - kildare
[2021-12-25 12:59:08,503] {spark_submit.py:514} INFO - --verbose
[2021-12-25 12:59:08,544] {spark_submit.py:514} INFO - Spark config:
[2021-12-25 12:59:08,545] {spark_submit.py:514} INFO - (spark.master,spark://spark:7077)
[2021-12-25 12:59:08,547] {spark_submit.py:514} INFO - (spark.app.name,persist data)
[2021-12-25 12:59:08,548] {spark_submit.py:514} INFO - (spark.submit.pyFiles,)
[2021-12-25 12:59:08,549] {spark_submit.py:514} INFO - (spark.submit.deployMode,client)
[2021-12-25 12:59:08,551] {spark_submit.py:514} INFO - Classpath elements:
[2021-12-25 12:59:08,553] {spark_submit.py:514} INFO - 
[2021-12-25 12:59:08,554] {spark_submit.py:514} INFO - 
[2021-12-25 12:59:08,556] {spark_submit.py:514} INFO - 
[2021-12-25 12:59:19,489] {spark_submit.py:514} INFO - Using Spark's default log4j profile: org/apache/spark/log4j-defaults.properties
[2021-12-25 12:59:19,544] {spark_submit.py:514} INFO - 21/12/25 12:59:19 INFO SparkContext: Running Spark version 3.2.0
[2021-12-25 12:59:20,447] {spark_submit.py:514} INFO - 21/12/25 12:59:20 WARN NativeCodeLoader: Unable to load native-hadoop library for your platform... using builtin-java classes where applicable
[2021-12-25 12:59:23,698] {spark_submit.py:514} INFO - 21/12/25 12:59:23 INFO ResourceUtils: ==============================================================
[2021-12-25 12:59:23,702] {spark_submit.py:514} INFO - 21/12/25 12:59:23 INFO ResourceUtils: No custom resources configured for spark.driver.
[2021-12-25 12:59:23,704] {spark_submit.py:514} INFO - 21/12/25 12:59:23 INFO ResourceUtils: ==============================================================
[2021-12-25 12:59:23,705] {spark_submit.py:514} INFO - 21/12/25 12:59:23 INFO SparkContext: Submitted application: Persist DB
[2021-12-25 12:59:23,890] {spark_submit.py:514} INFO - 21/12/25 12:59:23 INFO ResourceProfile: Default ResourceProfile created, executor resources: Map(cores -> name: cores, amount: 1, script: , vendor: , memory -> name: memory, amount: 1024, script: , vendor: , offHeap -> name: offHeap, amount: 0, script: , vendor: ), task resources: Map(cpus -> name: cpus, amount: 1.0)
[2021-12-25 12:59:24,059] {spark_submit.py:514} INFO - 21/12/25 12:59:24 INFO ResourceProfile: Limiting resource is cpu
[2021-12-25 12:59:24,060] {spark_submit.py:514} INFO - 21/12/25 12:59:24 INFO ResourceProfileManager: Added ResourceProfile id: 0
[2021-12-25 12:59:25,340] {spark_submit.py:514} INFO - 21/12/25 12:59:25 INFO SecurityManager: Changing view acls to: ***
[2021-12-25 12:59:25,344] {spark_submit.py:514} INFO - 21/12/25 12:59:25 INFO SecurityManager: Changing modify acls to: ***
[2021-12-25 12:59:25,352] {spark_submit.py:514} INFO - 21/12/25 12:59:25 INFO SecurityManager: Changing view acls groups to:
[2021-12-25 12:59:25,359] {spark_submit.py:514} INFO - 21/12/25 12:59:25 INFO SecurityManager: Changing modify acls groups to:
[2021-12-25 12:59:25,368] {spark_submit.py:514} INFO - 21/12/25 12:59:25 INFO SecurityManager: SecurityManager: authentication disabled; ui acls disabled; users  with view permissions: Set(***); groups with view permissions: Set(); users  with modify permissions: Set(***); groups with modify permissions: Set()
[2021-12-25 12:59:29,984] {spark_submit.py:514} INFO - 21/12/25 12:59:29 INFO Utils: Successfully started service 'sparkDriver' on port 36529.
[2021-12-25 12:59:30,854] {spark_submit.py:514} INFO - 21/12/25 12:59:30 INFO SparkEnv: Registering MapOutputTracker
[2021-12-25 12:59:31,931] {spark_submit.py:514} INFO - 21/12/25 12:59:31 INFO SparkEnv: Registering BlockManagerMaster
[2021-12-25 12:59:32,372] {spark_submit.py:514} INFO - 21/12/25 12:59:32 INFO BlockManagerMasterEndpoint: Using org.apache.spark.storage.DefaultTopologyMapper for getting topology information
[2021-12-25 12:59:32,385] {spark_submit.py:514} INFO - 21/12/25 12:59:32 INFO BlockManagerMasterEndpoint: BlockManagerMasterEndpoint up
[2021-12-25 12:59:32,488] {spark_submit.py:514} INFO - 21/12/25 12:59:32 INFO SparkEnv: Registering BlockManagerMasterHeartbeat
[2021-12-25 12:59:33,566] {spark_submit.py:514} INFO - 21/12/25 12:59:33 INFO DiskBlockManager: Created local directory at /tmp/blockmgr-a0c5d77b-f70c-4888-8718-c2fc67d3c1a5
[2021-12-25 12:59:33,982] {spark_submit.py:514} INFO - 21/12/25 12:59:33 INFO MemoryStore: MemoryStore started with capacity 434.4 MiB
[2021-12-25 12:59:34,220] {spark_submit.py:514} INFO - 21/12/25 12:59:34 INFO SparkEnv: Registering OutputCommitCoordinator
[2021-12-25 12:59:36,739] {spark_submit.py:514} INFO - 21/12/25 12:59:36 WARN Utils: Service 'SparkUI' could not bind on port 4040. Attempting port 4041.
[2021-12-25 12:59:36,742] {spark_submit.py:514} INFO - 21/12/25 12:59:36 WARN Utils: Service 'SparkUI' could not bind on port 4041. Attempting port 4042.
[2021-12-25 12:59:36,888] {spark_submit.py:514} INFO - 21/12/25 12:59:36 INFO Utils: Successfully started service 'SparkUI' on port 4042.
[2021-12-25 12:59:38,224] {spark_submit.py:514} INFO - 21/12/25 12:59:38 INFO SparkUI: Bound SparkUI to 0.0.0.0, and started at http://dd6c6a1cba03:4042
[2021-12-25 12:59:41,636] {spark_submit.py:514} INFO - 21/12/25 12:59:41 INFO StandaloneAppClient$ClientEndpoint: Connecting to master spark://spark:7077...
[2021-12-25 12:59:42,501] {spark_submit.py:514} INFO - 21/12/25 12:59:42 INFO TransportClientFactory: Successfully created connection to spark/172.21.0.4:7077 after 633 ms (0 ms spent in bootstraps)
[2021-12-25 12:59:44,478] {spark_submit.py:514} INFO - 21/12/25 12:59:44 INFO StandaloneSchedulerBackend: Connected to Spark cluster with app ID app-20211225125944-0128
[2021-12-25 12:59:44,505] {spark_submit.py:514} INFO - 21/12/25 12:59:44 INFO Utils: Successfully started service 'org.apache.spark.network.netty.NettyBlockTransferService' on port 36289.
[2021-12-25 12:59:44,511] {spark_submit.py:514} INFO - 21/12/25 12:59:44 INFO NettyBlockTransferService: Server created on dd6c6a1cba03:36289
[2021-12-25 12:59:44,534] {spark_submit.py:514} INFO - 21/12/25 12:59:44 INFO BlockManager: Using org.apache.spark.storage.RandomBlockReplicationPolicy for block replication policy
[2021-12-25 12:59:44,743] {spark_submit.py:514} INFO - 21/12/25 12:59:44 INFO BlockManagerMaster: Registering BlockManager BlockManagerId(driver, dd6c6a1cba03, 36289, None)
[2021-12-25 12:59:44,819] {spark_submit.py:514} INFO - 21/12/25 12:59:44 INFO BlockManagerMasterEndpoint: Registering block manager dd6c6a1cba03:36289 with 434.4 MiB RAM, BlockManagerId(driver, dd6c6a1cba03, 36289, None)
[2021-12-25 12:59:44,834] {spark_submit.py:514} INFO - 21/12/25 12:59:44 INFO BlockManagerMaster: Registered BlockManager BlockManagerId(driver, dd6c6a1cba03, 36289, None)
[2021-12-25 12:59:44,843] {spark_submit.py:514} INFO - 21/12/25 12:59:44 INFO BlockManager: Initialized BlockManager: BlockManagerId(driver, dd6c6a1cba03, 36289, None)
[2021-12-25 12:59:46,806] {spark_submit.py:514} INFO - 21/12/25 12:59:46 INFO StandaloneSchedulerBackend: SchedulerBackend is ready for scheduling beginning after reached minRegisteredResourcesRatio: 0.0
[2021-12-25 12:59:47,294] {spark_submit.py:514} INFO - /home/***/.local/lib/python3.6/site-packages/pyspark/python/lib/pyspark.zip/pyspark/context.py:238: FutureWarning: Python 3.6 support is deprecated in Spark 3.2.
[2021-12-25 12:59:47,296] {spark_submit.py:514} INFO - FutureWarning
[2021-12-25 12:59:51,942] {spark_submit.py:514} INFO - 21/12/25 12:59:51 INFO SharedState: Setting hive.metastore.warehouse.dir ('null') to the value of spark.sql.warehouse.dir.
[2021-12-25 12:59:52,183] {spark_submit.py:514} INFO - 21/12/25 12:59:52 INFO SharedState: Warehouse path is 'file:/opt/***/spark-warehouse'.
[2021-12-25 13:00:04,436] {spark_submit.py:514} INFO - 21/12/25 13:00:04 INFO SparkContext: Invoking stop() from shutdown hook
[2021-12-25 13:00:04,628] {spark_submit.py:514} INFO - 21/12/25 13:00:04 INFO SparkUI: Stopped Spark web UI at http://dd6c6a1cba03:4042
[2021-12-25 13:00:04,671] {spark_submit.py:514} INFO - 21/12/25 13:00:04 INFO StandaloneSchedulerBackend: Shutting down all executors
[2021-12-25 13:00:04,786] {spark_submit.py:514} INFO - 21/12/25 13:00:04 INFO CoarseGrainedSchedulerBackend$DriverEndpoint: Asking each executor to shut down
[2021-12-25 13:00:05,002] {spark_submit.py:514} INFO - 21/12/25 13:00:04 INFO MapOutputTrackerMasterEndpoint: MapOutputTrackerMasterEndpoint stopped!
[2021-12-25 13:00:05,343] {spark_submit.py:514} INFO - 21/12/25 13:00:05 INFO MemoryStore: MemoryStore cleared
[2021-12-25 13:00:05,345] {spark_submit.py:514} INFO - 21/12/25 13:00:05 INFO BlockManager: BlockManager stopped
[2021-12-25 13:00:05,388] {spark_submit.py:514} INFO - 21/12/25 13:00:05 INFO BlockManagerMaster: BlockManagerMaster stopped
[2021-12-25 13:00:05,401] {spark_submit.py:514} INFO - 21/12/25 13:00:05 INFO OutputCommitCoordinator$OutputCommitCoordinatorEndpoint: OutputCommitCoordinator stopped!
[2021-12-25 13:00:05,932] {spark_submit.py:514} INFO - 21/12/25 13:00:05 INFO SparkContext: Successfully stopped SparkContext
[2021-12-25 13:00:05,938] {spark_submit.py:514} INFO - 21/12/25 13:00:05 INFO ShutdownHookManager: Shutdown hook called
[2021-12-25 13:00:05,943] {spark_submit.py:514} INFO - 21/12/25 13:00:05 INFO ShutdownHookManager: Deleting directory /tmp/spark-30f14c9f-c397-4bea-a9d7-58d1b6af8ecd
[2021-12-25 13:00:05,980] {spark_submit.py:514} INFO - 21/12/25 13:00:05 INFO ShutdownHookManager: Deleting directory /tmp/spark-0ccef59c-2cfb-4c02-a393-fde8ea1de8f1
[2021-12-25 13:00:06,017] {spark_submit.py:514} INFO - 21/12/25 13:00:06 INFO ShutdownHookManager: Deleting directory /tmp/spark-0ccef59c-2cfb-4c02-a393-fde8ea1de8f1/pyspark-7c5cce93-d988-4693-af65-81370812fed7
[2021-12-25 13:00:07,289] {taskinstance.py:1280} INFO - Marking task as SUCCESS. dag_id=scraping_daft_kildare, task_id=persist_data, execution_date=20211224T094500, start_date=20211225T125836, end_date=20211225T130007
[2021-12-25 13:00:07,631] {local_task_job.py:154} INFO - Task exited with return code 0
[2021-12-25 13:00:07,955] {local_task_job.py:264} INFO - 1 downstream tasks scheduled from follow-on schedule check
