[2021-12-16 11:04:54,233] {taskinstance.py:1035} INFO - Dependencies all met for <TaskInstance: scraping_daft_westmeath.remove_file scheduled__2021-12-15T11:00:00+00:00 [queued]>
[2021-12-16 11:04:54,363] {taskinstance.py:1035} INFO - Dependencies all met for <TaskInstance: scraping_daft_westmeath.remove_file scheduled__2021-12-15T11:00:00+00:00 [queued]>
[2021-12-16 11:04:54,371] {taskinstance.py:1241} INFO - 
--------------------------------------------------------------------------------
[2021-12-16 11:04:54,376] {taskinstance.py:1242} INFO - Starting attempt 1 of 4
[2021-12-16 11:04:54,379] {taskinstance.py:1243} INFO - 
--------------------------------------------------------------------------------
[2021-12-16 11:04:54,536] {taskinstance.py:1262} INFO - Executing <Task(SparkSubmitOperator): remove_file> on 2021-12-15 11:00:00+00:00
[2021-12-16 11:04:54,561] {standard_task_runner.py:76} INFO - Running: ['***', 'tasks', 'run', 'scraping_daft_westmeath', 'remove_file', 'scheduled__2021-12-15T11:00:00+00:00', '--job-id', '2747', '--raw', '--subdir', 'DAGS_FOLDER/scraping_daft_westmeath.py', '--cfg-path', '/tmp/tmp__qz4z0r', '--error-file', '/tmp/tmpzfwbllwd']
[2021-12-16 11:04:54,566] {standard_task_runner.py:77} INFO - Job 2747: Subtask remove_file
[2021-12-16 11:04:54,551] {standard_task_runner.py:52} INFO - Started process 14058 to run task
[2021-12-16 11:04:54,773] {logging_mixin.py:109} INFO - Running <TaskInstance: scraping_daft_westmeath.remove_file scheduled__2021-12-15T11:00:00+00:00 [running]> on host 10035bfec3db
[2021-12-16 11:04:55,167] {taskinstance.py:1429} INFO - Exporting the following env vars:
AIRFLOW_CTX_DAG_EMAIL=clement.liscoet@gmail.com
AIRFLOW_CTX_DAG_OWNER=clemoni
AIRFLOW_CTX_DAG_ID=scraping_daft_westmeath
AIRFLOW_CTX_TASK_ID=remove_file
AIRFLOW_CTX_EXECUTION_DATE=2021-12-15T11:00:00+00:00
AIRFLOW_CTX_DAG_RUN_ID=scheduled__2021-12-15T11:00:00+00:00
[2021-12-16 11:04:55,220] {base.py:79} INFO - Using connection to: id: spark_default. Host: spark://spark:7077, Port: None, Schema: , Login: ***, Password: ***, extra: {}
[2021-12-16 11:04:55,225] {spark_submit.py:360} INFO - Spark-Submit cmd: spark-submit --master spark://spark:7077 --conf spark.master=spark://spark:7077 --name remove file --verbose /opt/***/jobs/remove_file.py westmeath
[2021-12-16 11:05:14,049] {spark_submit.py:514} INFO - Using properties file: null
[2021-12-16 11:05:15,032] {spark_submit.py:514} INFO - WARNING: An illegal reflective access operation has occurred
[2021-12-16 11:05:15,033] {spark_submit.py:514} INFO - WARNING: Illegal reflective access by org.apache.spark.unsafe.Platform (file:/home/***/.local/lib/python3.6/site-packages/pyspark/jars/spark-unsafe_2.12-3.2.0.jar) to constructor java.nio.DirectByteBuffer(long,int)
[2021-12-16 11:05:15,034] {spark_submit.py:514} INFO - WARNING: Please consider reporting this to the maintainers of org.apache.spark.unsafe.Platform
[2021-12-16 11:05:15,035] {spark_submit.py:514} INFO - WARNING: Use --illegal-access=warn to enable warnings of further illegal reflective access operations
[2021-12-16 11:05:15,036] {spark_submit.py:514} INFO - WARNING: All illegal access operations will be denied in a future release
[2021-12-16 11:05:15,642] {spark_submit.py:514} INFO - Parsed arguments:
[2021-12-16 11:05:15,644] {spark_submit.py:514} INFO - master                  spark://spark:7077
[2021-12-16 11:05:15,646] {spark_submit.py:514} INFO - deployMode              null
[2021-12-16 11:05:15,652] {spark_submit.py:514} INFO - executorMemory          null
[2021-12-16 11:05:15,659] {spark_submit.py:514} INFO - executorCores           null
[2021-12-16 11:05:15,669] {spark_submit.py:514} INFO - totalExecutorCores      null
[2021-12-16 11:05:15,676] {spark_submit.py:514} INFO - propertiesFile          null
[2021-12-16 11:05:15,688] {spark_submit.py:514} INFO - driverMemory            null
[2021-12-16 11:05:15,693] {spark_submit.py:514} INFO - driverCores             null
[2021-12-16 11:05:15,700] {spark_submit.py:514} INFO - driverExtraClassPath    null
[2021-12-16 11:05:15,708] {spark_submit.py:514} INFO - driverExtraLibraryPath  null
[2021-12-16 11:05:15,724] {spark_submit.py:514} INFO - driverExtraJavaOptions  null
[2021-12-16 11:05:15,725] {spark_submit.py:514} INFO - supervise               false
[2021-12-16 11:05:15,731] {spark_submit.py:514} INFO - queue                   null
[2021-12-16 11:05:15,755] {spark_submit.py:514} INFO - numExecutors            null
[2021-12-16 11:05:15,757] {spark_submit.py:514} INFO - files                   null
[2021-12-16 11:05:15,765] {spark_submit.py:514} INFO - pyFiles                 null
[2021-12-16 11:05:15,766] {spark_submit.py:514} INFO - archives                null
[2021-12-16 11:05:15,770] {spark_submit.py:514} INFO - mainClass               null
[2021-12-16 11:05:15,773] {spark_submit.py:514} INFO - primaryResource         file:/opt/***/jobs/remove_file.py
[2021-12-16 11:05:15,796] {spark_submit.py:514} INFO - name                    remove file
[2021-12-16 11:05:15,803] {spark_submit.py:514} INFO - childArgs               [westmeath]
[2021-12-16 11:05:15,807] {spark_submit.py:514} INFO - jars                    null
[2021-12-16 11:05:15,902] {spark_submit.py:514} INFO - packages                null
[2021-12-16 11:05:15,906] {spark_submit.py:514} INFO - packagesExclusions      null
[2021-12-16 11:05:15,911] {spark_submit.py:514} INFO - repositories            null
[2021-12-16 11:05:15,915] {spark_submit.py:514} INFO - verbose                 true
[2021-12-16 11:05:15,917] {spark_submit.py:514} INFO - 
[2021-12-16 11:05:15,922] {spark_submit.py:514} INFO - Spark properties used, including those specified through
[2021-12-16 11:05:15,926] {spark_submit.py:514} INFO - --conf and those from the properties file null:
[2021-12-16 11:05:15,928] {spark_submit.py:514} INFO - (spark.master,spark://spark:7077)
[2021-12-16 11:05:15,930] {spark_submit.py:514} INFO - 
[2021-12-16 11:05:15,939] {spark_submit.py:514} INFO - 
[2021-12-16 11:05:20,567] {spark_submit.py:514} INFO - Main class:
[2021-12-16 11:05:20,578] {spark_submit.py:514} INFO - org.apache.spark.deploy.PythonRunner
[2021-12-16 11:05:20,600] {spark_submit.py:514} INFO - Arguments:
[2021-12-16 11:05:20,604] {spark_submit.py:514} INFO - file:/opt/***/jobs/remove_file.py
[2021-12-16 11:05:20,636] {spark_submit.py:514} INFO - null
[2021-12-16 11:05:20,651] {spark_submit.py:514} INFO - westmeath
[2021-12-16 11:05:20,664] {spark_submit.py:514} INFO - --verbose
[2021-12-16 11:05:20,675] {spark_submit.py:514} INFO - Spark config:
[2021-12-16 11:05:20,688] {spark_submit.py:514} INFO - (spark.app.name,remove file)
[2021-12-16 11:05:20,717] {spark_submit.py:514} INFO - (spark.master,spark://spark:7077)
[2021-12-16 11:05:20,722] {spark_submit.py:514} INFO - (spark.submit.pyFiles,)
[2021-12-16 11:05:20,727] {spark_submit.py:514} INFO - (spark.submit.deployMode,client)
[2021-12-16 11:05:20,731] {spark_submit.py:514} INFO - Classpath elements:
[2021-12-16 11:05:20,751] {spark_submit.py:514} INFO - 
[2021-12-16 11:05:20,780] {spark_submit.py:514} INFO - 
[2021-12-16 11:05:20,801] {spark_submit.py:514} INFO - 
[2021-12-16 11:05:26,698] {spark_submit.py:514} INFO - Using Spark's default log4j profile: org/apache/spark/log4j-defaults.properties
[2021-12-16 11:05:26,782] {spark_submit.py:514} INFO - 21/12/16 11:05:26 INFO SparkContext: Running Spark version 3.2.0
[2021-12-16 11:05:27,280] {spark_submit.py:514} INFO - 21/12/16 11:05:27 WARN NativeCodeLoader: Unable to load native-hadoop library for your platform... using builtin-java classes where applicable
[2021-12-16 11:05:28,163] {spark_submit.py:514} INFO - 21/12/16 11:05:28 INFO ResourceUtils: ==============================================================
[2021-12-16 11:05:28,175] {spark_submit.py:514} INFO - 21/12/16 11:05:28 INFO ResourceUtils: No custom resources configured for spark.driver.
[2021-12-16 11:05:28,179] {spark_submit.py:514} INFO - 21/12/16 11:05:28 INFO ResourceUtils: ==============================================================
[2021-12-16 11:05:28,185] {spark_submit.py:514} INFO - 21/12/16 11:05:28 INFO SparkContext: Submitted application: Remove file
[2021-12-16 11:05:28,445] {spark_submit.py:514} INFO - 21/12/16 11:05:28 INFO ResourceProfile: Default ResourceProfile created, executor resources: Map(cores -> name: cores, amount: 1, script: , vendor: , memory -> name: memory, amount: 1024, script: , vendor: , offHeap -> name: offHeap, amount: 0, script: , vendor: ), task resources: Map(cpus -> name: cpus, amount: 1.0)
[2021-12-16 11:05:28,528] {spark_submit.py:514} INFO - 21/12/16 11:05:28 INFO ResourceProfile: Limiting resource is cpu
[2021-12-16 11:05:28,541] {spark_submit.py:514} INFO - 21/12/16 11:05:28 INFO ResourceProfileManager: Added ResourceProfile id: 0
[2021-12-16 11:05:29,296] {spark_submit.py:514} INFO - 21/12/16 11:05:29 INFO SecurityManager: Changing view acls to: ***
[2021-12-16 11:05:29,306] {spark_submit.py:514} INFO - 21/12/16 11:05:29 INFO SecurityManager: Changing modify acls to: ***
[2021-12-16 11:05:29,317] {spark_submit.py:514} INFO - 21/12/16 11:05:29 INFO SecurityManager: Changing view acls groups to:
[2021-12-16 11:05:29,319] {spark_submit.py:514} INFO - 21/12/16 11:05:29 INFO SecurityManager: Changing modify acls groups to:
[2021-12-16 11:05:29,353] {spark_submit.py:514} INFO - 21/12/16 11:05:29 INFO SecurityManager: SecurityManager: authentication disabled; ui acls disabled; users  with view permissions: Set(***); groups with view permissions: Set(); users  with modify permissions: Set(***); groups with modify permissions: Set()
[2021-12-16 11:05:31,890] {spark_submit.py:514} INFO - 21/12/16 11:05:31 INFO Utils: Successfully started service 'sparkDriver' on port 33177.
[2021-12-16 11:05:32,078] {spark_submit.py:514} INFO - 21/12/16 11:05:32 INFO SparkEnv: Registering MapOutputTracker
[2021-12-16 11:05:32,261] {spark_submit.py:514} INFO - 21/12/16 11:05:32 INFO SparkEnv: Registering BlockManagerMaster
[2021-12-16 11:05:32,516] {spark_submit.py:514} INFO - 21/12/16 11:05:32 INFO BlockManagerMasterEndpoint: Using org.apache.spark.storage.DefaultTopologyMapper for getting topology information
[2021-12-16 11:05:32,534] {spark_submit.py:514} INFO - 21/12/16 11:05:32 INFO BlockManagerMasterEndpoint: BlockManagerMasterEndpoint up
[2021-12-16 11:05:32,646] {spark_submit.py:514} INFO - 21/12/16 11:05:32 INFO SparkEnv: Registering BlockManagerMasterHeartbeat
[2021-12-16 11:05:33,017] {spark_submit.py:514} INFO - 21/12/16 11:05:33 INFO DiskBlockManager: Created local directory at /tmp/blockmgr-c1b0b0ee-fef5-4dfd-8fbe-f0c4e984bb0a
[2021-12-16 11:05:33,195] {spark_submit.py:514} INFO - 21/12/16 11:05:33 INFO MemoryStore: MemoryStore started with capacity 434.4 MiB
[2021-12-16 11:05:33,292] {spark_submit.py:514} INFO - 21/12/16 11:05:33 INFO SparkEnv: Registering OutputCommitCoordinator
[2021-12-16 11:05:34,674] {spark_submit.py:514} INFO - 21/12/16 11:05:34 WARN Utils: Service 'SparkUI' could not bind on port 4040. Attempting port 4041.
[2021-12-16 11:05:34,676] {spark_submit.py:514} INFO - 21/12/16 11:05:34 WARN Utils: Service 'SparkUI' could not bind on port 4041. Attempting port 4042.
[2021-12-16 11:05:34,752] {spark_submit.py:514} INFO - 21/12/16 11:05:34 INFO Utils: Successfully started service 'SparkUI' on port 4042.
[2021-12-16 11:05:35,325] {spark_submit.py:514} INFO - 21/12/16 11:05:35 INFO SparkUI: Bound SparkUI to 0.0.0.0, and started at http://10035bfec3db:4042
[2021-12-16 11:05:36,843] {spark_submit.py:514} INFO - 21/12/16 11:05:36 INFO StandaloneAppClient$ClientEndpoint: Connecting to master spark://spark:7077...
[2021-12-16 11:05:37,575] {spark_submit.py:514} INFO - 21/12/16 11:05:37 INFO TransportClientFactory: Successfully created connection to spark/172.21.0.4:7077 after 225 ms (0 ms spent in bootstraps)
[2021-12-16 11:05:38,220] {spark_submit.py:514} INFO - 21/12/16 11:05:38 INFO StandaloneSchedulerBackend: Connected to Spark cluster with app ID app-20211216110538-0067
[2021-12-16 11:05:38,260] {spark_submit.py:514} INFO - 21/12/16 11:05:38 INFO Utils: Successfully started service 'org.apache.spark.network.netty.NettyBlockTransferService' on port 33861.
[2021-12-16 11:05:38,276] {spark_submit.py:514} INFO - 21/12/16 11:05:38 INFO NettyBlockTransferService: Server created on 10035bfec3db:33861
[2021-12-16 11:05:38,283] {spark_submit.py:514} INFO - 21/12/16 11:05:38 INFO BlockManager: Using org.apache.spark.storage.RandomBlockReplicationPolicy for block replication policy
[2021-12-16 11:05:38,332] {spark_submit.py:514} INFO - 21/12/16 11:05:38 INFO BlockManagerMaster: Registering BlockManager BlockManagerId(driver, 10035bfec3db, 33861, None)
[2021-12-16 11:05:38,365] {spark_submit.py:514} INFO - 21/12/16 11:05:38 INFO BlockManagerMasterEndpoint: Registering block manager 10035bfec3db:33861 with 434.4 MiB RAM, BlockManagerId(driver, 10035bfec3db, 33861, None)
[2021-12-16 11:05:38,453] {spark_submit.py:514} INFO - 21/12/16 11:05:38 INFO BlockManagerMaster: Registered BlockManager BlockManagerId(driver, 10035bfec3db, 33861, None)
[2021-12-16 11:05:38,458] {spark_submit.py:514} INFO - 21/12/16 11:05:38 INFO BlockManager: Initialized BlockManager: BlockManagerId(driver, 10035bfec3db, 33861, None)
[2021-12-16 11:05:39,854] {spark_submit.py:514} INFO - 21/12/16 11:05:39 INFO StandaloneSchedulerBackend: SchedulerBackend is ready for scheduling beginning after reached minRegisteredResourcesRatio: 0.0
[2021-12-16 11:05:40,135] {spark_submit.py:514} INFO - /home/***/.local/lib/python3.6/site-packages/pyspark/python/lib/pyspark.zip/pyspark/context.py:238: FutureWarning: Python 3.6 support is deprecated in Spark 3.2.
[2021-12-16 11:05:40,140] {spark_submit.py:514} INFO - FutureWarning
[2021-12-16 11:05:41,881] {spark_submit.py:514} INFO - 21/12/16 11:05:41 INFO SharedState: Setting hive.metastore.warehouse.dir ('null') to the value of spark.sql.warehouse.dir.
[2021-12-16 11:05:42,049] {spark_submit.py:514} INFO - 21/12/16 11:05:42 INFO SharedState: Warehouse path is 'file:/opt/***/spark-warehouse'.
[2021-12-16 11:05:44,311] {spark_submit.py:514} INFO - 21/12/16 11:05:44 INFO StandaloneAppClient$ClientEndpoint: Executor added: app-20211216110538-0067/0 on worker-20211216085708-172.21.0.6-38805 (172.21.0.6:38805) with 6 core(s)
[2021-12-16 11:05:44,332] {spark_submit.py:514} INFO - 21/12/16 11:05:44 INFO StandaloneSchedulerBackend: Granted executor ID app-20211216110538-0067/0 on hostPort 172.21.0.6:38805 with 6 core(s), 1024.0 MiB RAM
[2021-12-16 11:05:44,335] {spark_submit.py:514} INFO - 21/12/16 11:05:44 INFO StandaloneAppClient$ClientEndpoint: Executor added: app-20211216110538-0067/1 on worker-20211216085708-172.21.0.5-39805 (172.21.0.5:39805) with 6 core(s)
[2021-12-16 11:05:44,339] {spark_submit.py:514} INFO - 21/12/16 11:05:44 INFO StandaloneSchedulerBackend: Granted executor ID app-20211216110538-0067/1 on hostPort 172.21.0.5:39805 with 6 core(s), 1024.0 MiB RAM
[2021-12-16 11:05:44,696] {spark_submit.py:514} INFO - 21/12/16 11:05:44 INFO StandaloneAppClient$ClientEndpoint: Executor updated: app-20211216110538-0067/1 is now RUNNING
[2021-12-16 11:05:44,745] {spark_submit.py:514} INFO - 21/12/16 11:05:44 INFO StandaloneAppClient$ClientEndpoint: Executor updated: app-20211216110538-0067/0 is now RUNNING
[2021-12-16 11:05:47,923] {spark_submit.py:514} INFO - file: westmeath_rent.json deleted
[2021-12-16 11:05:48,523] {spark_submit.py:514} INFO - 21/12/16 11:05:48 INFO SparkContext: Invoking stop() from shutdown hook
[2021-12-16 11:05:48,683] {spark_submit.py:514} INFO - 21/12/16 11:05:48 INFO SparkUI: Stopped Spark web UI at http://10035bfec3db:4042
[2021-12-16 11:05:48,723] {spark_submit.py:514} INFO - 21/12/16 11:05:48 INFO StandaloneSchedulerBackend: Shutting down all executors
[2021-12-16 11:05:48,761] {spark_submit.py:514} INFO - 21/12/16 11:05:48 INFO CoarseGrainedSchedulerBackend$DriverEndpoint: Asking each executor to shut down
[2021-12-16 11:05:48,891] {spark_submit.py:514} INFO - 21/12/16 11:05:48 INFO MapOutputTrackerMasterEndpoint: MapOutputTrackerMasterEndpoint stopped!
[2021-12-16 11:05:49,118] {spark_submit.py:514} INFO - 21/12/16 11:05:49 INFO MemoryStore: MemoryStore cleared
[2021-12-16 11:05:49,129] {spark_submit.py:514} INFO - 21/12/16 11:05:49 INFO BlockManager: BlockManager stopped
[2021-12-16 11:05:49,280] {spark_submit.py:514} INFO - 21/12/16 11:05:49 INFO BlockManagerMaster: BlockManagerMaster stopped
[2021-12-16 11:05:49,294] {spark_submit.py:514} INFO - 21/12/16 11:05:49 INFO OutputCommitCoordinator$OutputCommitCoordinatorEndpoint: OutputCommitCoordinator stopped!
[2021-12-16 11:05:49,469] {spark_submit.py:514} INFO - 21/12/16 11:05:49 INFO SparkContext: Successfully stopped SparkContext
[2021-12-16 11:05:49,481] {spark_submit.py:514} INFO - 21/12/16 11:05:49 INFO ShutdownHookManager: Shutdown hook called
[2021-12-16 11:05:49,484] {spark_submit.py:514} INFO - 21/12/16 11:05:49 INFO ShutdownHookManager: Deleting directory /tmp/spark-4d0787f3-817e-4b53-9bee-576f7784bf68
[2021-12-16 11:05:49,505] {spark_submit.py:514} INFO - 21/12/16 11:05:49 INFO ShutdownHookManager: Deleting directory /tmp/spark-4d0787f3-817e-4b53-9bee-576f7784bf68/pyspark-005ff2da-2763-43aa-95fe-0f92236a8a1e
[2021-12-16 11:05:49,523] {spark_submit.py:514} INFO - 21/12/16 11:05:49 INFO ShutdownHookManager: Deleting directory /tmp/spark-b7960ced-8d49-4fc9-a004-d283111c0137
[2021-12-16 11:05:50,096] {taskinstance.py:1280} INFO - Marking task as SUCCESS. dag_id=scraping_daft_westmeath, task_id=remove_file, execution_date=20211215T110000, start_date=20211216T110454, end_date=20211216T110550
[2021-12-16 11:05:50,358] {local_task_job.py:154} INFO - Task exited with return code 0
[2021-12-16 11:05:50,602] {local_task_job.py:264} INFO - 0 downstream tasks scheduled from follow-on schedule check
