[2021-12-23 11:39:27,176] {taskinstance.py:1035} INFO - Dependencies all met for <TaskInstance: scraping_daft_kerry.persist_data scheduled__2021-12-22T09:40:00+00:00 [queued]>
[2021-12-23 11:39:27,196] {taskinstance.py:1035} INFO - Dependencies all met for <TaskInstance: scraping_daft_kerry.persist_data scheduled__2021-12-22T09:40:00+00:00 [queued]>
[2021-12-23 11:39:27,197] {taskinstance.py:1241} INFO - 
--------------------------------------------------------------------------------
[2021-12-23 11:39:27,198] {taskinstance.py:1242} INFO - Starting attempt 1 of 4
[2021-12-23 11:39:27,199] {taskinstance.py:1243} INFO - 
--------------------------------------------------------------------------------
[2021-12-23 11:39:27,217] {taskinstance.py:1262} INFO - Executing <Task(SparkSubmitOperator): persist_data> on 2021-12-22 09:40:00+00:00
[2021-12-23 11:39:27,228] {standard_task_runner.py:76} INFO - Running: ['***', 'tasks', 'run', 'scraping_daft_kerry', 'persist_data', 'scheduled__2021-12-22T09:40:00+00:00', '--job-id', '4083', '--raw', '--subdir', 'DAGS_FOLDER/scraping_daft_kerry.py', '--cfg-path', '/tmp/tmp6o_nen1u', '--error-file', '/tmp/tmp89cjqq1v']
[2021-12-23 11:39:27,230] {standard_task_runner.py:77} INFO - Job 4083: Subtask persist_data
[2021-12-23 11:39:27,224] {standard_task_runner.py:52} INFO - Started process 4347 to run task
[2021-12-23 11:39:27,346] {logging_mixin.py:109} INFO - Running <TaskInstance: scraping_daft_kerry.persist_data scheduled__2021-12-22T09:40:00+00:00 [running]> on host eecc602ed8f2
[2021-12-23 11:39:27,546] {taskinstance.py:1429} INFO - Exporting the following env vars:
AIRFLOW_CTX_DAG_EMAIL=clement.liscoet@gmail.com
AIRFLOW_CTX_DAG_OWNER=clemoni
AIRFLOW_CTX_DAG_ID=scraping_daft_kerry
AIRFLOW_CTX_TASK_ID=persist_data
AIRFLOW_CTX_EXECUTION_DATE=2021-12-22T09:40:00+00:00
AIRFLOW_CTX_DAG_RUN_ID=scheduled__2021-12-22T09:40:00+00:00
[2021-12-23 11:39:27,585] {base.py:79} INFO - Using connection to: id: spark_default. Host: spark://spark:7077, Port: None, Schema: , Login: ***, Password: ***, extra: {}
[2021-12-23 11:39:27,588] {spark_submit.py:360} INFO - Spark-Submit cmd: spark-submit --master spark://spark:7077 --conf spark.master=spark://spark:7077 --name persist data --verbose /opt/***/jobs/persist_db.py kerry
[2021-12-23 11:39:29,328] {spark_submit.py:514} INFO - Using properties file: null
[2021-12-23 11:39:29,470] {spark_submit.py:514} INFO - WARNING: An illegal reflective access operation has occurred
[2021-12-23 11:39:29,471] {spark_submit.py:514} INFO - WARNING: Illegal reflective access by org.apache.spark.unsafe.Platform (file:/home/***/.local/lib/python3.6/site-packages/pyspark/jars/spark-unsafe_2.12-3.2.0.jar) to constructor java.nio.DirectByteBuffer(long,int)
[2021-12-23 11:39:29,473] {spark_submit.py:514} INFO - WARNING: Please consider reporting this to the maintainers of org.apache.spark.unsafe.Platform
[2021-12-23 11:39:29,474] {spark_submit.py:514} INFO - WARNING: Use --illegal-access=warn to enable warnings of further illegal reflective access operations
[2021-12-23 11:39:29,475] {spark_submit.py:514} INFO - WARNING: All illegal access operations will be denied in a future release
[2021-12-23 11:39:29,542] {spark_submit.py:514} INFO - Parsed arguments:
[2021-12-23 11:39:29,543] {spark_submit.py:514} INFO - master                  spark://spark:7077
[2021-12-23 11:39:29,544] {spark_submit.py:514} INFO - deployMode              null
[2021-12-23 11:39:29,545] {spark_submit.py:514} INFO - executorMemory          null
[2021-12-23 11:39:29,546] {spark_submit.py:514} INFO - executorCores           null
[2021-12-23 11:39:29,547] {spark_submit.py:514} INFO - totalExecutorCores      null
[2021-12-23 11:39:29,549] {spark_submit.py:514} INFO - propertiesFile          null
[2021-12-23 11:39:29,550] {spark_submit.py:514} INFO - driverMemory            null
[2021-12-23 11:39:29,552] {spark_submit.py:514} INFO - driverCores             null
[2021-12-23 11:39:29,553] {spark_submit.py:514} INFO - driverExtraClassPath    null
[2021-12-23 11:39:29,554] {spark_submit.py:514} INFO - driverExtraLibraryPath  null
[2021-12-23 11:39:29,556] {spark_submit.py:514} INFO - driverExtraJavaOptions  null
[2021-12-23 11:39:29,557] {spark_submit.py:514} INFO - supervise               false
[2021-12-23 11:39:29,558] {spark_submit.py:514} INFO - queue                   null
[2021-12-23 11:39:29,559] {spark_submit.py:514} INFO - numExecutors            null
[2021-12-23 11:39:29,560] {spark_submit.py:514} INFO - files                   null
[2021-12-23 11:39:29,561] {spark_submit.py:514} INFO - pyFiles                 null
[2021-12-23 11:39:29,563] {spark_submit.py:514} INFO - archives                null
[2021-12-23 11:39:29,564] {spark_submit.py:514} INFO - mainClass               null
[2021-12-23 11:39:29,564] {spark_submit.py:514} INFO - primaryResource         file:/opt/***/jobs/persist_db.py
[2021-12-23 11:39:29,565] {spark_submit.py:514} INFO - name                    persist data
[2021-12-23 11:39:29,566] {spark_submit.py:514} INFO - childArgs               [kerry]
[2021-12-23 11:39:29,567] {spark_submit.py:514} INFO - jars                    null
[2021-12-23 11:39:29,568] {spark_submit.py:514} INFO - packages                null
[2021-12-23 11:39:29,569] {spark_submit.py:514} INFO - packagesExclusions      null
[2021-12-23 11:39:29,570] {spark_submit.py:514} INFO - repositories            null
[2021-12-23 11:39:29,571] {spark_submit.py:514} INFO - verbose                 true
[2021-12-23 11:39:29,572] {spark_submit.py:514} INFO - 
[2021-12-23 11:39:29,573] {spark_submit.py:514} INFO - Spark properties used, including those specified through
[2021-12-23 11:39:29,574] {spark_submit.py:514} INFO - --conf and those from the properties file null:
[2021-12-23 11:39:29,575] {spark_submit.py:514} INFO - (spark.master,spark://spark:7077)
[2021-12-23 11:39:29,576] {spark_submit.py:514} INFO - 
[2021-12-23 11:39:29,577] {spark_submit.py:514} INFO - 
[2021-12-23 11:39:29,944] {spark_submit.py:514} INFO - Main class:
[2021-12-23 11:39:29,945] {spark_submit.py:514} INFO - org.apache.spark.deploy.PythonRunner
[2021-12-23 11:39:29,946] {spark_submit.py:514} INFO - Arguments:
[2021-12-23 11:39:29,947] {spark_submit.py:514} INFO - file:/opt/***/jobs/persist_db.py
[2021-12-23 11:39:29,947] {spark_submit.py:514} INFO - null
[2021-12-23 11:39:29,948] {spark_submit.py:514} INFO - kerry
[2021-12-23 11:39:29,949] {spark_submit.py:514} INFO - --verbose
[2021-12-23 11:39:29,951] {spark_submit.py:514} INFO - Spark config:
[2021-12-23 11:39:29,951] {spark_submit.py:514} INFO - (spark.master,spark://spark:7077)
[2021-12-23 11:39:29,952] {spark_submit.py:514} INFO - (spark.app.name,persist data)
[2021-12-23 11:39:29,953] {spark_submit.py:514} INFO - (spark.submit.pyFiles,)
[2021-12-23 11:39:29,954] {spark_submit.py:514} INFO - (spark.submit.deployMode,client)
[2021-12-23 11:39:29,955] {spark_submit.py:514} INFO - Classpath elements:
[2021-12-23 11:39:29,957] {spark_submit.py:514} INFO - 
[2021-12-23 11:39:29,957] {spark_submit.py:514} INFO - 
[2021-12-23 11:39:29,958] {spark_submit.py:514} INFO - 
[2021-12-23 11:39:31,076] {spark_submit.py:514} INFO - Using Spark's default log4j profile: org/apache/spark/log4j-defaults.properties
[2021-12-23 11:39:31,098] {spark_submit.py:514} INFO - 21/12/23 11:39:31 INFO SparkContext: Running Spark version 3.2.0
[2021-12-23 11:39:31,220] {spark_submit.py:514} INFO - 21/12/23 11:39:31 WARN NativeCodeLoader: Unable to load native-hadoop library for your platform... using builtin-java classes where applicable
[2021-12-23 11:39:31,393] {spark_submit.py:514} INFO - 21/12/23 11:39:31 INFO ResourceUtils: ==============================================================
[2021-12-23 11:39:31,394] {spark_submit.py:514} INFO - 21/12/23 11:39:31 INFO ResourceUtils: No custom resources configured for spark.driver.
[2021-12-23 11:39:31,395] {spark_submit.py:514} INFO - 21/12/23 11:39:31 INFO ResourceUtils: ==============================================================
[2021-12-23 11:39:31,396] {spark_submit.py:514} INFO - 21/12/23 11:39:31 INFO SparkContext: Submitted application: Persist DB
[2021-12-23 11:39:31,426] {spark_submit.py:514} INFO - 21/12/23 11:39:31 INFO ResourceProfile: Default ResourceProfile created, executor resources: Map(cores -> name: cores, amount: 1, script: , vendor: , memory -> name: memory, amount: 1024, script: , vendor: , offHeap -> name: offHeap, amount: 0, script: , vendor: ), task resources: Map(cpus -> name: cpus, amount: 1.0)
[2021-12-23 11:39:31,440] {spark_submit.py:514} INFO - 21/12/23 11:39:31 INFO ResourceProfile: Limiting resource is cpu
[2021-12-23 11:39:31,441] {spark_submit.py:514} INFO - 21/12/23 11:39:31 INFO ResourceProfileManager: Added ResourceProfile id: 0
[2021-12-23 11:39:31,504] {spark_submit.py:514} INFO - 21/12/23 11:39:31 INFO SecurityManager: Changing view acls to: ***
[2021-12-23 11:39:31,505] {spark_submit.py:514} INFO - 21/12/23 11:39:31 INFO SecurityManager: Changing modify acls to: ***
[2021-12-23 11:39:31,506] {spark_submit.py:514} INFO - 21/12/23 11:39:31 INFO SecurityManager: Changing view acls groups to:
[2021-12-23 11:39:31,507] {spark_submit.py:514} INFO - 21/12/23 11:39:31 INFO SecurityManager: Changing modify acls groups to:
[2021-12-23 11:39:31,508] {spark_submit.py:514} INFO - 21/12/23 11:39:31 INFO SecurityManager: SecurityManager: authentication disabled; ui acls disabled; users  with view permissions: Set(***); groups with view permissions: Set(); users  with modify permissions: Set(***); groups with modify permissions: Set()
[2021-12-23 11:39:31,882] {spark_submit.py:514} INFO - 21/12/23 11:39:31 INFO Utils: Successfully started service 'sparkDriver' on port 43273.
[2021-12-23 11:39:31,923] {spark_submit.py:514} INFO - 21/12/23 11:39:31 INFO SparkEnv: Registering MapOutputTracker
[2021-12-23 11:39:31,972] {spark_submit.py:514} INFO - 21/12/23 11:39:31 INFO SparkEnv: Registering BlockManagerMaster
[2021-12-23 11:39:32,003] {spark_submit.py:514} INFO - 21/12/23 11:39:32 INFO BlockManagerMasterEndpoint: Using org.apache.spark.storage.DefaultTopologyMapper for getting topology information
[2021-12-23 11:39:32,004] {spark_submit.py:514} INFO - 21/12/23 11:39:32 INFO BlockManagerMasterEndpoint: BlockManagerMasterEndpoint up
[2021-12-23 11:39:32,011] {spark_submit.py:514} INFO - 21/12/23 11:39:32 INFO SparkEnv: Registering BlockManagerMasterHeartbeat
[2021-12-23 11:39:32,049] {spark_submit.py:514} INFO - 21/12/23 11:39:32 INFO DiskBlockManager: Created local directory at /tmp/blockmgr-4fa1ce5f-59b8-433b-ab2c-f443673c5872
[2021-12-23 11:39:32,077] {spark_submit.py:514} INFO - 21/12/23 11:39:32 INFO MemoryStore: MemoryStore started with capacity 434.4 MiB
[2021-12-23 11:39:32,099] {spark_submit.py:514} INFO - 21/12/23 11:39:32 INFO SparkEnv: Registering OutputCommitCoordinator
[2021-12-23 11:39:32,377] {spark_submit.py:514} INFO - 21/12/23 11:39:32 INFO Utils: Successfully started service 'SparkUI' on port 4040.
[2021-12-23 11:39:32,451] {spark_submit.py:514} INFO - 21/12/23 11:39:32 INFO SparkUI: Bound SparkUI to 0.0.0.0, and started at http://eecc602ed8f2:4040
[2021-12-23 11:39:32,735] {spark_submit.py:514} INFO - 21/12/23 11:39:32 INFO StandaloneAppClient$ClientEndpoint: Connecting to master spark://spark:7077...
[2021-12-23 11:39:32,835] {spark_submit.py:514} INFO - 21/12/23 11:39:32 INFO TransportClientFactory: Successfully created connection to spark/172.20.0.4:7077 after 55 ms (0 ms spent in bootstraps)
[2021-12-23 11:39:32,952] {spark_submit.py:514} INFO - 21/12/23 11:39:32 INFO StandaloneSchedulerBackend: Connected to Spark cluster with app ID app-20211223113932-0023
[2021-12-23 11:39:32,969] {spark_submit.py:514} INFO - 21/12/23 11:39:32 INFO StandaloneAppClient$ClientEndpoint: Executor added: app-20211223113932-0023/0 on worker-20211223113019-172.20.0.5-36001 (172.20.0.5:36001) with 6 core(s)
[2021-12-23 11:39:32,971] {spark_submit.py:514} INFO - 21/12/23 11:39:32 INFO Utils: Successfully started service 'org.apache.spark.network.netty.NettyBlockTransferService' on port 34767.
[2021-12-23 11:39:32,972] {spark_submit.py:514} INFO - 21/12/23 11:39:32 INFO NettyBlockTransferService: Server created on eecc602ed8f2:34767
[2021-12-23 11:39:32,973] {spark_submit.py:514} INFO - 21/12/23 11:39:32 INFO StandaloneSchedulerBackend: Granted executor ID app-20211223113932-0023/0 on hostPort 172.20.0.5:36001 with 6 core(s), 1024.0 MiB RAM
[2021-12-23 11:39:32,974] {spark_submit.py:514} INFO - 21/12/23 11:39:32 INFO StandaloneAppClient$ClientEndpoint: Executor added: app-20211223113932-0023/1 on worker-20211223113019-172.20.0.6-43895 (172.20.0.6:43895) with 6 core(s)
[2021-12-23 11:39:32,976] {spark_submit.py:514} INFO - 21/12/23 11:39:32 INFO StandaloneSchedulerBackend: Granted executor ID app-20211223113932-0023/1 on hostPort 172.20.0.6:43895 with 6 core(s), 1024.0 MiB RAM
[2021-12-23 11:39:32,977] {spark_submit.py:514} INFO - 21/12/23 11:39:32 INFO BlockManager: Using org.apache.spark.storage.RandomBlockReplicationPolicy for block replication policy
[2021-12-23 11:39:32,982] {spark_submit.py:514} INFO - 21/12/23 11:39:32 INFO BlockManagerMaster: Registering BlockManager BlockManagerId(driver, eecc602ed8f2, 34767, None)
[2021-12-23 11:39:32,989] {spark_submit.py:514} INFO - 21/12/23 11:39:32 INFO BlockManagerMasterEndpoint: Registering block manager eecc602ed8f2:34767 with 434.4 MiB RAM, BlockManagerId(driver, eecc602ed8f2, 34767, None)
[2021-12-23 11:39:32,992] {spark_submit.py:514} INFO - 21/12/23 11:39:32 INFO BlockManagerMaster: Registered BlockManager BlockManagerId(driver, eecc602ed8f2, 34767, None)
[2021-12-23 11:39:32,995] {spark_submit.py:514} INFO - 21/12/23 11:39:32 INFO BlockManager: Initialized BlockManager: BlockManagerId(driver, eecc602ed8f2, 34767, None)
[2021-12-23 11:39:33,035] {spark_submit.py:514} INFO - 21/12/23 11:39:33 INFO StandaloneAppClient$ClientEndpoint: Executor updated: app-20211223113932-0023/1 is now RUNNING
[2021-12-23 11:39:33,051] {spark_submit.py:514} INFO - 21/12/23 11:39:33 INFO StandaloneAppClient$ClientEndpoint: Executor updated: app-20211223113932-0023/0 is now RUNNING
[2021-12-23 11:39:33,277] {spark_submit.py:514} INFO - 21/12/23 11:39:33 INFO StandaloneSchedulerBackend: SchedulerBackend is ready for scheduling beginning after reached minRegisteredResourcesRatio: 0.0
[2021-12-23 11:39:33,325] {spark_submit.py:514} INFO - /home/***/.local/lib/python3.6/site-packages/pyspark/python/lib/pyspark.zip/pyspark/context.py:238: FutureWarning: Python 3.6 support is deprecated in Spark 3.2.
[2021-12-23 11:39:33,326] {spark_submit.py:514} INFO - FutureWarning
[2021-12-23 11:39:33,632] {spark_submit.py:514} INFO - 21/12/23 11:39:33 INFO SharedState: Setting hive.metastore.warehouse.dir ('null') to the value of spark.sql.warehouse.dir.
[2021-12-23 11:39:33,665] {spark_submit.py:514} INFO - 21/12/23 11:39:33 INFO SharedState: Warehouse path is 'file:/opt/***/spark-warehouse'.
[2021-12-23 11:39:34,962] {spark_submit.py:514} INFO - 21/12/23 11:39:34 INFO SparkContext: Invoking stop() from shutdown hook
[2021-12-23 11:39:34,990] {spark_submit.py:514} INFO - 21/12/23 11:39:34 INFO SparkUI: Stopped Spark web UI at http://eecc602ed8f2:4040
[2021-12-23 11:39:35,003] {spark_submit.py:514} INFO - 21/12/23 11:39:35 INFO StandaloneSchedulerBackend: Shutting down all executors
[2021-12-23 11:39:35,013] {spark_submit.py:514} INFO - 21/12/23 11:39:35 INFO CoarseGrainedSchedulerBackend$DriverEndpoint: Asking each executor to shut down
[2021-12-23 11:39:35,059] {spark_submit.py:514} INFO - 21/12/23 11:39:35 INFO MapOutputTrackerMasterEndpoint: MapOutputTrackerMasterEndpoint stopped!
[2021-12-23 11:39:35,100] {spark_submit.py:514} INFO - 21/12/23 11:39:35 INFO MemoryStore: MemoryStore cleared
[2021-12-23 11:39:35,101] {spark_submit.py:514} INFO - 21/12/23 11:39:35 INFO BlockManager: BlockManager stopped
[2021-12-23 11:39:35,115] {spark_submit.py:514} INFO - 21/12/23 11:39:35 INFO BlockManagerMaster: BlockManagerMaster stopped
[2021-12-23 11:39:35,120] {spark_submit.py:514} INFO - 21/12/23 11:39:35 INFO OutputCommitCoordinator$OutputCommitCoordinatorEndpoint: OutputCommitCoordinator stopped!
[2021-12-23 11:39:35,133] {spark_submit.py:514} INFO - 21/12/23 11:39:35 INFO SparkContext: Successfully stopped SparkContext
[2021-12-23 11:39:35,134] {spark_submit.py:514} INFO - 21/12/23 11:39:35 INFO ShutdownHookManager: Shutdown hook called
[2021-12-23 11:39:35,135] {spark_submit.py:514} INFO - 21/12/23 11:39:35 INFO ShutdownHookManager: Deleting directory /tmp/spark-885141d9-b13a-4134-93f1-f25b98b27e5e/pyspark-bd9a1f0a-e22b-4caa-a9ad-2738701b3819
[2021-12-23 11:39:35,139] {spark_submit.py:514} INFO - 21/12/23 11:39:35 INFO ShutdownHookManager: Deleting directory /tmp/spark-0757a064-1ed2-4cfe-bc72-171dcb804c63
[2021-12-23 11:39:35,143] {spark_submit.py:514} INFO - 21/12/23 11:39:35 INFO ShutdownHookManager: Deleting directory /tmp/spark-885141d9-b13a-4134-93f1-f25b98b27e5e
[2021-12-23 11:39:35,245] {taskinstance.py:1280} INFO - Marking task as SUCCESS. dag_id=scraping_daft_kerry, task_id=persist_data, execution_date=20211222T094000, start_date=20211223T113927, end_date=20211223T113935
[2021-12-23 11:39:35,308] {local_task_job.py:154} INFO - Task exited with return code 0
[2021-12-23 11:39:35,399] {local_task_job.py:264} INFO - 1 downstream tasks scheduled from follow-on schedule check
