[2022-01-01 12:38:02,473] {taskinstance.py:1035} INFO - Dependencies all met for <TaskInstance: scraping_daft_sligo.scrap_data scheduled__2021-12-31T10:45:00+00:00 [queued]>
[2022-01-01 12:38:02,646] {taskinstance.py:1035} INFO - Dependencies all met for <TaskInstance: scraping_daft_sligo.scrap_data scheduled__2021-12-31T10:45:00+00:00 [queued]>
[2022-01-01 12:38:02,672] {taskinstance.py:1241} INFO - 
--------------------------------------------------------------------------------
[2022-01-01 12:38:02,675] {taskinstance.py:1242} INFO - Starting attempt 1 of 4
[2022-01-01 12:38:02,684] {taskinstance.py:1243} INFO - 
--------------------------------------------------------------------------------
[2022-01-01 12:38:03,257] {taskinstance.py:1262} INFO - Executing <Task(SparkSubmitOperator): scrap_data> on 2021-12-31 10:45:00+00:00
[2022-01-01 12:38:03,543] {standard_task_runner.py:76} INFO - Running: ['***', 'tasks', 'run', 'scraping_daft_sligo', 'scrap_data', 'scheduled__2021-12-31T10:45:00+00:00', '--job-id', '5930', '--raw', '--subdir', 'DAGS_FOLDER/scraping_daft_sligo.py', '--cfg-path', '/tmp/tmp91evyv67', '--error-file', '/tmp/tmpdisuired']
[2022-01-01 12:38:03,563] {standard_task_runner.py:77} INFO - Job 5930: Subtask scrap_data
[2022-01-01 12:38:03,404] {standard_task_runner.py:52} INFO - Started process 2887 to run task
[2022-01-01 12:38:04,271] {logging_mixin.py:109} INFO - Running <TaskInstance: scraping_daft_sligo.scrap_data scheduled__2021-12-31T10:45:00+00:00 [running]> on host 33b99c52f92c
[2022-01-01 12:38:05,679] {taskinstance.py:1429} INFO - Exporting the following env vars:
AIRFLOW_CTX_DAG_EMAIL=clement.liscoet@gmail.com
AIRFLOW_CTX_DAG_OWNER=clemoni
AIRFLOW_CTX_DAG_ID=scraping_daft_sligo
AIRFLOW_CTX_TASK_ID=scrap_data
AIRFLOW_CTX_EXECUTION_DATE=2021-12-31T10:45:00+00:00
AIRFLOW_CTX_DAG_RUN_ID=scheduled__2021-12-31T10:45:00+00:00
[2022-01-01 12:38:06,293] {base.py:79} INFO - Using connection to: id: spark_default. Host: spark://spark:7077, Port: None, Schema: , Login: ***, Password: ***, extra: {}
[2022-01-01 12:38:06,311] {spark_submit.py:360} INFO - Spark-Submit cmd: spark-submit --master spark://spark:7077 --conf spark.master=spark://spark:7077 --name scrap data --verbose /opt/***/jobs/get_ads_per_county.py sligo
[2022-01-01 12:38:34,529] {spark_submit.py:514} INFO - Using properties file: null
[2022-01-01 12:38:36,485] {spark_submit.py:514} INFO - WARNING: An illegal reflective access operation has occurred
[2022-01-01 12:38:36,487] {spark_submit.py:514} INFO - WARNING: Illegal reflective access by org.apache.spark.unsafe.Platform (file:/home/***/.local/lib/python3.6/site-packages/pyspark/jars/spark-unsafe_2.12-3.2.0.jar) to constructor java.nio.DirectByteBuffer(long,int)
[2022-01-01 12:38:36,488] {spark_submit.py:514} INFO - WARNING: Please consider reporting this to the maintainers of org.apache.spark.unsafe.Platform
[2022-01-01 12:38:36,490] {spark_submit.py:514} INFO - WARNING: Use --illegal-access=warn to enable warnings of further illegal reflective access operations
[2022-01-01 12:38:36,497] {spark_submit.py:514} INFO - WARNING: All illegal access operations will be denied in a future release
[2022-01-01 12:38:37,847] {spark_submit.py:514} INFO - Parsed arguments:
[2022-01-01 12:38:37,848] {spark_submit.py:514} INFO - master                  spark://spark:7077
[2022-01-01 12:38:37,850] {spark_submit.py:514} INFO - deployMode              null
[2022-01-01 12:38:37,852] {spark_submit.py:514} INFO - executorMemory          null
[2022-01-01 12:38:37,854] {spark_submit.py:514} INFO - executorCores           null
[2022-01-01 12:38:37,855] {spark_submit.py:514} INFO - totalExecutorCores      null
[2022-01-01 12:38:37,856] {spark_submit.py:514} INFO - propertiesFile          null
[2022-01-01 12:38:37,858] {spark_submit.py:514} INFO - driverMemory            null
[2022-01-01 12:38:37,859] {spark_submit.py:514} INFO - driverCores             null
[2022-01-01 12:38:37,860] {spark_submit.py:514} INFO - driverExtraClassPath    null
[2022-01-01 12:38:37,862] {spark_submit.py:514} INFO - driverExtraLibraryPath  null
[2022-01-01 12:38:37,864] {spark_submit.py:514} INFO - driverExtraJavaOptions  null
[2022-01-01 12:38:37,866] {spark_submit.py:514} INFO - supervise               false
[2022-01-01 12:38:37,868] {spark_submit.py:514} INFO - queue                   null
[2022-01-01 12:38:37,869] {spark_submit.py:514} INFO - numExecutors            null
[2022-01-01 12:38:37,870] {spark_submit.py:514} INFO - files                   null
[2022-01-01 12:38:37,871] {spark_submit.py:514} INFO - pyFiles                 null
[2022-01-01 12:38:37,872] {spark_submit.py:514} INFO - archives                null
[2022-01-01 12:38:37,873] {spark_submit.py:514} INFO - mainClass               null
[2022-01-01 12:38:37,874] {spark_submit.py:514} INFO - primaryResource         file:/opt/***/jobs/get_ads_per_county.py
[2022-01-01 12:38:37,876] {spark_submit.py:514} INFO - name                    scrap data
[2022-01-01 12:38:37,877] {spark_submit.py:514} INFO - childArgs               [sligo]
[2022-01-01 12:38:37,878] {spark_submit.py:514} INFO - jars                    null
[2022-01-01 12:38:37,879] {spark_submit.py:514} INFO - packages                null
[2022-01-01 12:38:37,881] {spark_submit.py:514} INFO - packagesExclusions      null
[2022-01-01 12:38:37,882] {spark_submit.py:514} INFO - repositories            null
[2022-01-01 12:38:37,888] {spark_submit.py:514} INFO - verbose                 true
[2022-01-01 12:38:37,890] {spark_submit.py:514} INFO - 
[2022-01-01 12:38:37,895] {spark_submit.py:514} INFO - Spark properties used, including those specified through
[2022-01-01 12:38:37,897] {spark_submit.py:514} INFO - --conf and those from the properties file null:
[2022-01-01 12:38:37,900] {spark_submit.py:514} INFO - (spark.master,spark://spark:7077)
[2022-01-01 12:38:37,902] {spark_submit.py:514} INFO - 
[2022-01-01 12:38:37,904] {spark_submit.py:514} INFO - 
[2022-01-01 12:38:43,228] {spark_submit.py:514} INFO - Main class:
[2022-01-01 12:38:43,231] {spark_submit.py:514} INFO - org.apache.spark.deploy.PythonRunner
[2022-01-01 12:38:43,240] {spark_submit.py:514} INFO - Arguments:
[2022-01-01 12:38:43,244] {spark_submit.py:514} INFO - file:/opt/***/jobs/get_ads_per_county.py
[2022-01-01 12:38:43,251] {spark_submit.py:514} INFO - null
[2022-01-01 12:38:43,256] {spark_submit.py:514} INFO - sligo
[2022-01-01 12:38:43,261] {spark_submit.py:514} INFO - --verbose
[2022-01-01 12:38:43,277] {spark_submit.py:514} INFO - Spark config:
[2022-01-01 12:38:43,279] {spark_submit.py:514} INFO - (spark.app.name,scrap data)
[2022-01-01 12:38:43,281] {spark_submit.py:514} INFO - (spark.master,spark://spark:7077)
[2022-01-01 12:38:43,285] {spark_submit.py:514} INFO - (spark.submit.pyFiles,)
[2022-01-01 12:38:43,293] {spark_submit.py:514} INFO - (spark.submit.deployMode,client)
[2022-01-01 12:38:43,295] {spark_submit.py:514} INFO - Classpath elements:
[2022-01-01 12:38:43,300] {spark_submit.py:514} INFO - 
[2022-01-01 12:38:43,302] {spark_submit.py:514} INFO - 
[2022-01-01 12:38:43,305] {spark_submit.py:514} INFO - 
[2022-01-01 12:39:01,096] {spark_submit.py:514} INFO - Using Spark's default log4j profile: org/apache/spark/log4j-defaults.properties
[2022-01-01 12:39:01,581] {spark_submit.py:514} INFO - 22/01/01 12:39:01 INFO SparkContext: Running Spark version 3.2.0
[2022-01-01 12:39:03,806] {spark_submit.py:514} INFO - 22/01/01 12:39:03 WARN NativeCodeLoader: Unable to load native-hadoop library for your platform... using builtin-java classes where applicable
[2022-01-01 12:39:05,952] {spark_submit.py:514} INFO - 22/01/01 12:39:05 INFO ResourceUtils: ==============================================================
[2022-01-01 12:39:05,955] {spark_submit.py:514} INFO - 22/01/01 12:39:05 INFO ResourceUtils: No custom resources configured for spark.driver.
[2022-01-01 12:39:05,957] {spark_submit.py:514} INFO - 22/01/01 12:39:05 INFO ResourceUtils: ==============================================================
[2022-01-01 12:39:05,963] {spark_submit.py:514} INFO - 22/01/01 12:39:05 INFO SparkContext: Submitted application: Get Ads per county
[2022-01-01 12:39:06,254] {spark_submit.py:514} INFO - 22/01/01 12:39:06 INFO ResourceProfile: Default ResourceProfile created, executor resources: Map(cores -> name: cores, amount: 1, script: , vendor: , memory -> name: memory, amount: 1024, script: , vendor: , offHeap -> name: offHeap, amount: 0, script: , vendor: ), task resources: Map(cpus -> name: cpus, amount: 1.0)
[2022-01-01 12:39:06,332] {spark_submit.py:514} INFO - 22/01/01 12:39:06 INFO ResourceProfile: Limiting resource is cpu
[2022-01-01 12:39:06,337] {spark_submit.py:514} INFO - 22/01/01 12:39:06 INFO ResourceProfileManager: Added ResourceProfile id: 0
[2022-01-01 12:39:07,460] {spark_submit.py:514} INFO - 22/01/01 12:39:07 INFO SecurityManager: Changing view acls to: ***
[2022-01-01 12:39:07,530] {spark_submit.py:514} INFO - 22/01/01 12:39:07 INFO SecurityManager: Changing modify acls to: ***
[2022-01-01 12:39:07,557] {spark_submit.py:514} INFO - 22/01/01 12:39:07 INFO SecurityManager: Changing view acls groups to:
[2022-01-01 12:39:07,590] {spark_submit.py:514} INFO - 22/01/01 12:39:07 INFO SecurityManager: Changing modify acls groups to:
[2022-01-01 12:39:07,616] {spark_submit.py:514} INFO - 22/01/01 12:39:07 INFO SecurityManager: SecurityManager: authentication disabled; ui acls disabled; users  with view permissions: Set(***); groups with view permissions: Set(); users  with modify permissions: Set(***); groups with modify permissions: Set()
[2022-01-01 12:39:15,086] {spark_submit.py:514} INFO - 22/01/01 12:39:15 INFO Utils: Successfully started service 'sparkDriver' on port 37001.
[2022-01-01 12:39:15,935] {spark_submit.py:514} INFO - 22/01/01 12:39:15 INFO SparkEnv: Registering MapOutputTracker
[2022-01-01 12:39:17,087] {spark_submit.py:514} INFO - 22/01/01 12:39:17 INFO SparkEnv: Registering BlockManagerMaster
[2022-01-01 12:39:17,651] {spark_submit.py:514} INFO - 22/01/01 12:39:17 INFO BlockManagerMasterEndpoint: Using org.apache.spark.storage.DefaultTopologyMapper for getting topology information
[2022-01-01 12:39:17,676] {spark_submit.py:514} INFO - 22/01/01 12:39:17 INFO BlockManagerMasterEndpoint: BlockManagerMasterEndpoint up
[2022-01-01 12:39:19,036] {spark_submit.py:514} INFO - 22/01/01 12:39:18 INFO SparkEnv: Registering BlockManagerMasterHeartbeat
[2022-01-01 12:39:22,634] {spark_submit.py:514} INFO - 22/01/01 12:39:22 INFO DiskBlockManager: Created local directory at /tmp/blockmgr-f439d45d-200e-406c-8f6d-7b48777c4962
[2022-01-01 12:39:31,171] {spark_submit.py:514} INFO - 22/01/01 12:39:31 INFO MemoryStore: MemoryStore started with capacity 434.4 MiB
[2022-01-01 12:39:34,715] {spark_submit.py:514} INFO - 22/01/01 12:39:34 INFO SparkEnv: Registering OutputCommitCoordinator
[2022-01-01 12:39:41,180] {spark_submit.py:514} INFO - 22/01/01 12:39:41 WARN Utils: Service 'SparkUI' could not bind on port 4040. Attempting port 4041.
[2022-01-01 12:39:41,193] {spark_submit.py:514} INFO - 22/01/01 12:39:41 WARN Utils: Service 'SparkUI' could not bind on port 4041. Attempting port 4042.
[2022-01-01 12:39:41,205] {spark_submit.py:514} INFO - 22/01/01 12:39:41 WARN Utils: Service 'SparkUI' could not bind on port 4042. Attempting port 4043.
[2022-01-01 12:39:41,212] {spark_submit.py:514} INFO - 22/01/01 12:39:41 WARN Utils: Service 'SparkUI' could not bind on port 4043. Attempting port 4044.
[2022-01-01 12:39:41,223] {spark_submit.py:514} INFO - 22/01/01 12:39:41 WARN Utils: Service 'SparkUI' could not bind on port 4044. Attempting port 4045.
[2022-01-01 12:39:41,429] {spark_submit.py:514} INFO - 22/01/01 12:39:41 INFO Utils: Successfully started service 'SparkUI' on port 4045.
[2022-01-01 12:39:43,319] {spark_submit.py:514} INFO - 22/01/01 12:39:43 INFO SparkUI: Bound SparkUI to 0.0.0.0, and started at http://33b99c52f92c:4045
[2022-01-01 12:39:50,314] {spark_submit.py:514} INFO - 22/01/01 12:39:50 INFO StandaloneAppClient$ClientEndpoint: Connecting to master spark://spark:7077...
[2022-01-01 12:39:52,183] {spark_submit.py:514} INFO - 22/01/01 12:39:52 INFO TransportClientFactory: Successfully created connection to spark/172.21.0.4:7077 after 618 ms (0 ms spent in bootstraps)
[2022-01-01 12:39:59,789] {spark_submit.py:514} INFO - 22/01/01 12:39:59 INFO StandaloneSchedulerBackend: Connected to Spark cluster with app ID app-20220101123958-0030
[2022-01-01 12:40:00,202] {spark_submit.py:514} INFO - 22/01/01 12:40:00 INFO Utils: Successfully started service 'org.apache.spark.network.netty.NettyBlockTransferService' on port 38059.
[2022-01-01 12:40:00,225] {spark_submit.py:514} INFO - 22/01/01 12:40:00 INFO NettyBlockTransferService: Server created on 33b99c52f92c:38059
[2022-01-01 12:40:00,275] {spark_submit.py:514} INFO - 22/01/01 12:40:00 INFO BlockManager: Using org.apache.spark.storage.RandomBlockReplicationPolicy for block replication policy
[2022-01-01 12:40:00,466] {spark_submit.py:514} INFO - 22/01/01 12:40:00 INFO BlockManagerMaster: Registering BlockManager BlockManagerId(driver, 33b99c52f92c, 38059, None)
[2022-01-01 12:40:00,696] {spark_submit.py:514} INFO - 22/01/01 12:40:00 INFO BlockManagerMasterEndpoint: Registering block manager 33b99c52f92c:38059 with 434.4 MiB RAM, BlockManagerId(driver, 33b99c52f92c, 38059, None)
[2022-01-01 12:40:00,953] {spark_submit.py:514} INFO - 22/01/01 12:40:00 INFO BlockManagerMaster: Registered BlockManager BlockManagerId(driver, 33b99c52f92c, 38059, None)
[2022-01-01 12:40:00,998] {spark_submit.py:514} INFO - 22/01/01 12:40:00 INFO BlockManager: Initialized BlockManager: BlockManagerId(driver, 33b99c52f92c, 38059, None)
[2022-01-01 12:40:19,044] {spark_submit.py:514} INFO - 22/01/01 12:40:18 INFO StandaloneSchedulerBackend: SchedulerBackend is ready for scheduling beginning after reached minRegisteredResourcesRatio: 0.0
[2022-01-01 12:40:20,157] {spark_submit.py:514} INFO - /home/***/.local/lib/python3.6/site-packages/pyspark/python/lib/pyspark.zip/pyspark/context.py:238: FutureWarning: Python 3.6 support is deprecated in Spark 3.2.
[2022-01-01 12:40:20,160] {spark_submit.py:514} INFO - FutureWarning
[2022-01-01 12:40:33,477] {spark_submit.py:514} INFO - 22/01/01 12:40:33 INFO SharedState: Setting hive.metastore.warehouse.dir ('null') to the value of spark.sql.warehouse.dir.
[2022-01-01 12:40:35,946] {spark_submit.py:514} INFO - 22/01/01 12:40:35 INFO SharedState: Warehouse path is 'file:/opt/***/spark-warehouse'.
[2022-01-01 12:41:40,184] {spark_submit.py:514} INFO - running...
[2022-01-01 12:41:41,833] {spark_submit.py:514} INFO - running...
[2022-01-01 12:41:43,050] {spark_submit.py:514} INFO - running...
[2022-01-01 12:41:44,738] {spark_submit.py:514} INFO - running...
[2022-01-01 12:41:48,776] {spark_submit.py:514} INFO - running...
[2022-01-01 12:41:52,306] {spark_submit.py:514} INFO - running...
[2022-01-01 12:41:53,757] {spark_submit.py:514} INFO - running...
[2022-01-01 12:41:56,141] {spark_submit.py:514} INFO - running...
[2022-01-01 12:41:57,331] {spark_submit.py:514} INFO - running...
[2022-01-01 12:41:58,670] {spark_submit.py:514} INFO - running...
[2022-01-01 12:42:04,652] {spark_submit.py:514} INFO - running...
[2022-01-01 12:42:12,631] {spark_submit.py:514} INFO - 22/01/01 12:42:12 INFO SparkContext: Invoking stop() from shutdown hook
[2022-01-01 12:42:14,256] {spark_submit.py:514} INFO - 22/01/01 12:42:14 INFO SparkUI: Stopped Spark web UI at http://33b99c52f92c:4045
[2022-01-01 12:42:14,383] {spark_submit.py:514} INFO - 22/01/01 12:42:14 INFO StandaloneSchedulerBackend: Shutting down all executors
[2022-01-01 12:42:14,444] {spark_submit.py:514} INFO - 22/01/01 12:42:14 INFO CoarseGrainedSchedulerBackend$DriverEndpoint: Asking each executor to shut down
[2022-01-01 12:42:14,967] {spark_submit.py:514} INFO - 22/01/01 12:42:14 INFO MapOutputTrackerMasterEndpoint: MapOutputTrackerMasterEndpoint stopped!
[2022-01-01 12:42:15,764] {spark_submit.py:514} INFO - 22/01/01 12:42:15 INFO MemoryStore: MemoryStore cleared
[2022-01-01 12:42:15,771] {spark_submit.py:514} INFO - 22/01/01 12:42:15 INFO BlockManager: BlockManager stopped
[2022-01-01 12:42:15,978] {spark_submit.py:514} INFO - 22/01/01 12:42:15 INFO BlockManagerMaster: BlockManagerMaster stopped
[2022-01-01 12:42:16,000] {spark_submit.py:514} INFO - 22/01/01 12:42:15 INFO OutputCommitCoordinator$OutputCommitCoordinatorEndpoint: OutputCommitCoordinator stopped!
[2022-01-01 12:42:16,465] {spark_submit.py:514} INFO - 22/01/01 12:42:16 INFO SparkContext: Successfully stopped SparkContext
[2022-01-01 12:42:16,468] {spark_submit.py:514} INFO - 22/01/01 12:42:16 INFO ShutdownHookManager: Shutdown hook called
[2022-01-01 12:42:16,473] {spark_submit.py:514} INFO - 22/01/01 12:42:16 INFO ShutdownHookManager: Deleting directory /tmp/spark-9eb3b14b-221c-476e-b40a-988e119c266d/pyspark-ed638ac7-e823-4089-a06c-835208cf3987
[2022-01-01 12:42:16,598] {spark_submit.py:514} INFO - 22/01/01 12:42:16 INFO ShutdownHookManager: Deleting directory /tmp/spark-352ebbbe-6ec2-4f0e-8473-ebd495e6df3a
[2022-01-01 12:42:16,643] {spark_submit.py:514} INFO - 22/01/01 12:42:16 INFO ShutdownHookManager: Deleting directory /tmp/spark-9eb3b14b-221c-476e-b40a-988e119c266d
[2022-01-01 12:42:20,381] {taskinstance.py:1280} INFO - Marking task as SUCCESS. dag_id=scraping_daft_sligo, task_id=scrap_data, execution_date=20211231T104500, start_date=20220101T123802, end_date=20220101T124220
[2022-01-01 12:42:21,849] {local_task_job.py:154} INFO - Task exited with return code 0
[2022-01-01 12:42:23,159] {local_task_job.py:264} INFO - 0 downstream tasks scheduled from follow-on schedule check
