[2021-12-30 11:50:21,831] {taskinstance.py:1035} INFO - Dependencies all met for <TaskInstance: scraping_daft_kilkenny.notify_slack scheduled__2021-12-29T09:50:00+00:00 [queued]>
[2021-12-30 11:50:22,173] {taskinstance.py:1035} INFO - Dependencies all met for <TaskInstance: scraping_daft_kilkenny.notify_slack scheduled__2021-12-29T09:50:00+00:00 [queued]>
[2021-12-30 11:50:22,179] {taskinstance.py:1241} INFO - 
--------------------------------------------------------------------------------
[2021-12-30 11:50:22,317] {taskinstance.py:1242} INFO - Starting attempt 1 of 4
[2021-12-30 11:50:22,339] {taskinstance.py:1243} INFO - 
--------------------------------------------------------------------------------
[2021-12-30 11:50:22,437] {taskinstance.py:1262} INFO - Executing <Task(SlackWebhookOperator): notify_slack> on 2021-12-29 09:50:00+00:00
[2021-12-30 11:50:22,457] {standard_task_runner.py:52} INFO - Started process 7453 to run task
[2021-12-30 11:50:22,491] {standard_task_runner.py:76} INFO - Running: ['***', 'tasks', 'run', 'scraping_daft_kilkenny', 'notify_slack', 'scheduled__2021-12-29T09:50:00+00:00', '--job-id', '5603', '--raw', '--subdir', 'DAGS_FOLDER/scraping_daft_kilkenny.py', '--cfg-path', '/tmp/tmp8p6q358i', '--error-file', '/tmp/tmp3e3w_w9x']
[2021-12-30 11:50:22,498] {standard_task_runner.py:77} INFO - Job 5603: Subtask notify_slack
[2021-12-30 11:50:23,006] {logging_mixin.py:109} INFO - Running <TaskInstance: scraping_daft_kilkenny.notify_slack scheduled__2021-12-29T09:50:00+00:00 [running]> on host 5ddf2477c0dd
[2021-12-30 11:50:23,840] {taskinstance.py:1429} INFO - Exporting the following env vars:
AIRFLOW_CTX_DAG_EMAIL=clement.liscoet@gmail.com
AIRFLOW_CTX_DAG_OWNER=clemoni
AIRFLOW_CTX_DAG_ID=scraping_daft_kilkenny
AIRFLOW_CTX_TASK_ID=notify_slack
AIRFLOW_CTX_EXECUTION_DATE=2021-12-29T09:50:00+00:00
AIRFLOW_CTX_DAG_RUN_ID=scheduled__2021-12-29T09:50:00+00:00
[2021-12-30 11:50:23,977] {base.py:79} INFO - Using connection to: id: slack_connect. Host: https://hooks.slack.com/services/, Port: None, Schema: , Login: , Password: ***, extra: {}
[2021-12-30 11:50:24,145] {base.py:79} INFO - Using connection to: id: slack_connect. Host: https://hooks.slack.com/services/, Port: None, Schema: , Login: , Password: ***, extra: {}
[2021-12-30 11:50:24,272] {http.py:140} INFO - Sending 'POST' to url: https://hooks.slack.com/services/***
[2021-12-30 11:50:24,961] {taskinstance.py:1280} INFO - Marking task as SUCCESS. dag_id=scraping_daft_kilkenny, task_id=notify_slack, execution_date=20211229T095000, start_date=20211230T115021, end_date=20211230T115024
[2021-12-30 11:50:25,044] {local_task_job.py:154} INFO - Task exited with return code 0
[2021-12-30 11:50:25,974] {local_task_job.py:264} INFO - 1 downstream tasks scheduled from follow-on schedule check
