[2021-12-08 10:31:35,456] {taskinstance.py:1035} INFO - Dependencies all met for <TaskInstance: scraping_daft_kildare.waiting_for_file scheduled__2021-12-07T02:15:00+00:00 [queued]>
[2021-12-08 10:31:35,563] {taskinstance.py:1035} INFO - Dependencies all met for <TaskInstance: scraping_daft_kildare.waiting_for_file scheduled__2021-12-07T02:15:00+00:00 [queued]>
[2021-12-08 10:31:35,564] {taskinstance.py:1241} INFO - 
--------------------------------------------------------------------------------
[2021-12-08 10:31:35,566] {taskinstance.py:1242} INFO - Starting attempt 1 of 3
[2021-12-08 10:31:35,567] {taskinstance.py:1243} INFO - 
--------------------------------------------------------------------------------
[2021-12-08 10:31:35,607] {taskinstance.py:1262} INFO - Executing <Task(FileSensor): waiting_for_file> on 2021-12-07 02:15:00+00:00
[2021-12-08 10:31:35,621] {standard_task_runner.py:52} INFO - Started process 6699 to run task
[2021-12-08 10:31:35,644] {standard_task_runner.py:76} INFO - Running: ['***', 'tasks', 'run', 'scraping_daft_kildare', 'waiting_for_file', 'scheduled__2021-12-07T02:15:00+00:00', '--job-id', '686', '--raw', '--subdir', 'DAGS_FOLDER/scraping_daft_kildare.py', '--cfg-path', '/tmp/tmpzm5fxdmj', '--error-file', '/tmp/tmppslcz5p2']
[2021-12-08 10:31:35,645] {standard_task_runner.py:77} INFO - Job 686: Subtask waiting_for_file
[2021-12-08 10:31:35,931] {logging_mixin.py:109} INFO - Running <TaskInstance: scraping_daft_kildare.waiting_for_file scheduled__2021-12-07T02:15:00+00:00 [running]> on host 041e6f8654c3
[2021-12-08 10:31:36,348] {taskinstance.py:1429} INFO - Exporting the following env vars:
AIRFLOW_CTX_DAG_EMAIL=***@example.com
AIRFLOW_CTX_DAG_OWNER=clemoni
AIRFLOW_CTX_DAG_ID=scraping_daft_kildare
AIRFLOW_CTX_TASK_ID=waiting_for_file
AIRFLOW_CTX_EXECUTION_DATE=2021-12-07T02:15:00+00:00
AIRFLOW_CTX_DAG_RUN_ID=scheduled__2021-12-07T02:15:00+00:00
[2021-12-08 10:31:36,450] {filesystem.py:59} INFO - Poking for file data/kildare_rent.json
[2021-12-08 10:31:36,452] {filesystem.py:65} INFO - Found File data/kildare_rent.json last modified: 20211208103131
[2021-12-08 10:31:36,453] {base.py:249} INFO - Success criteria met. Exiting.
[2021-12-08 10:31:36,550] {taskinstance.py:1280} INFO - Marking task as SUCCESS. dag_id=scraping_daft_kildare, task_id=waiting_for_file, execution_date=20211207T021500, start_date=20211208T103135, end_date=20211208T103136
[2021-12-08 10:31:36,696] {local_task_job.py:154} INFO - Task exited with return code 0
[2021-12-08 10:31:37,540] {local_task_job.py:264} INFO - 0 downstream tasks scheduled from follow-on schedule check
