[2021-12-27 11:47:15,935] {taskinstance.py:1035} INFO - Dependencies all met for <TaskInstance: scraping_daft_leitrim.persist_data scheduled__2021-12-26T10:00:00+00:00 [queued]>
[2021-12-27 11:47:15,972] {taskinstance.py:1035} INFO - Dependencies all met for <TaskInstance: scraping_daft_leitrim.persist_data scheduled__2021-12-26T10:00:00+00:00 [queued]>
[2021-12-27 11:47:15,974] {taskinstance.py:1241} INFO - 
--------------------------------------------------------------------------------
[2021-12-27 11:47:15,975] {taskinstance.py:1242} INFO - Starting attempt 1 of 4
[2021-12-27 11:47:15,976] {taskinstance.py:1243} INFO - 
--------------------------------------------------------------------------------
[2021-12-27 11:47:16,003] {taskinstance.py:1262} INFO - Executing <Task(SparkSubmitOperator): persist_data> on 2021-12-26 10:00:00+00:00
[2021-12-27 11:47:16,018] {standard_task_runner.py:76} INFO - Running: ['***', 'tasks', 'run', 'scraping_daft_leitrim', 'persist_data', 'scheduled__2021-12-26T10:00:00+00:00', '--job-id', '4860', '--raw', '--subdir', 'DAGS_FOLDER/scraping_daft_leitrim.py', '--cfg-path', '/tmp/tmpdhpicx03', '--error-file', '/tmp/tmp9vk6ofjh']
[2021-12-27 11:47:16,011] {standard_task_runner.py:52} INFO - Started process 7017 to run task
[2021-12-27 11:47:16,020] {standard_task_runner.py:77} INFO - Job 4860: Subtask persist_data
[2021-12-27 11:47:16,340] {logging_mixin.py:109} INFO - Running <TaskInstance: scraping_daft_leitrim.persist_data scheduled__2021-12-26T10:00:00+00:00 [running]> on host 0c125a5bba95
[2021-12-27 11:47:16,683] {taskinstance.py:1429} INFO - Exporting the following env vars:
AIRFLOW_CTX_DAG_EMAIL=clement.liscoet@gmail.com
AIRFLOW_CTX_DAG_OWNER=clemoni
AIRFLOW_CTX_DAG_ID=scraping_daft_leitrim
AIRFLOW_CTX_TASK_ID=persist_data
AIRFLOW_CTX_EXECUTION_DATE=2021-12-26T10:00:00+00:00
AIRFLOW_CTX_DAG_RUN_ID=scheduled__2021-12-26T10:00:00+00:00
[2021-12-27 11:47:16,727] {base.py:79} INFO - Using connection to: id: spark_default. Host: spark://spark:7077, Port: None, Schema: , Login: ***, Password: ***, extra: {}
[2021-12-27 11:47:16,732] {spark_submit.py:360} INFO - Spark-Submit cmd: spark-submit --master spark://spark:7077 --conf spark.master=spark://spark:7077 --name persist data --verbose /opt/***/jobs/persist_db.py leitrim
[2021-12-27 11:47:19,759] {spark_submit.py:514} INFO - Using properties file: null
[2021-12-27 11:47:19,919] {spark_submit.py:514} INFO - WARNING: An illegal reflective access operation has occurred
[2021-12-27 11:47:19,921] {spark_submit.py:514} INFO - WARNING: Illegal reflective access by org.apache.spark.unsafe.Platform (file:/home/***/.local/lib/python3.6/site-packages/pyspark/jars/spark-unsafe_2.12-3.2.0.jar) to constructor java.nio.DirectByteBuffer(long,int)
[2021-12-27 11:47:19,922] {spark_submit.py:514} INFO - WARNING: Please consider reporting this to the maintainers of org.apache.spark.unsafe.Platform
[2021-12-27 11:47:19,923] {spark_submit.py:514} INFO - WARNING: Use --illegal-access=warn to enable warnings of further illegal reflective access operations
[2021-12-27 11:47:19,925] {spark_submit.py:514} INFO - WARNING: All illegal access operations will be denied in a future release
[2021-12-27 11:47:19,993] {spark_submit.py:514} INFO - Parsed arguments:
[2021-12-27 11:47:19,994] {spark_submit.py:514} INFO - master                  spark://spark:7077
[2021-12-27 11:47:19,995] {spark_submit.py:514} INFO - deployMode              null
[2021-12-27 11:47:19,996] {spark_submit.py:514} INFO - executorMemory          null
[2021-12-27 11:47:19,997] {spark_submit.py:514} INFO - executorCores           null
[2021-12-27 11:47:19,998] {spark_submit.py:514} INFO - totalExecutorCores      null
[2021-12-27 11:47:19,999] {spark_submit.py:514} INFO - propertiesFile          null
[2021-12-27 11:47:20,000] {spark_submit.py:514} INFO - driverMemory            null
[2021-12-27 11:47:20,001] {spark_submit.py:514} INFO - driverCores             null
[2021-12-27 11:47:20,002] {spark_submit.py:514} INFO - driverExtraClassPath    null
[2021-12-27 11:47:20,003] {spark_submit.py:514} INFO - driverExtraLibraryPath  null
[2021-12-27 11:47:20,004] {spark_submit.py:514} INFO - driverExtraJavaOptions  null
[2021-12-27 11:47:20,005] {spark_submit.py:514} INFO - supervise               false
[2021-12-27 11:47:20,006] {spark_submit.py:514} INFO - queue                   null
[2021-12-27 11:47:20,007] {spark_submit.py:514} INFO - numExecutors            null
[2021-12-27 11:47:20,008] {spark_submit.py:514} INFO - files                   null
[2021-12-27 11:47:20,009] {spark_submit.py:514} INFO - pyFiles                 null
[2021-12-27 11:47:20,010] {spark_submit.py:514} INFO - archives                null
[2021-12-27 11:47:20,010] {spark_submit.py:514} INFO - mainClass               null
[2021-12-27 11:47:20,011] {spark_submit.py:514} INFO - primaryResource         file:/opt/***/jobs/persist_db.py
[2021-12-27 11:47:20,012] {spark_submit.py:514} INFO - name                    persist data
[2021-12-27 11:47:20,013] {spark_submit.py:514} INFO - childArgs               [leitrim]
[2021-12-27 11:47:20,014] {spark_submit.py:514} INFO - jars                    null
[2021-12-27 11:47:20,015] {spark_submit.py:514} INFO - packages                null
[2021-12-27 11:47:20,016] {spark_submit.py:514} INFO - packagesExclusions      null
[2021-12-27 11:47:20,017] {spark_submit.py:514} INFO - repositories            null
[2021-12-27 11:47:20,021] {spark_submit.py:514} INFO - verbose                 true
[2021-12-27 11:47:20,023] {spark_submit.py:514} INFO - 
[2021-12-27 11:47:20,024] {spark_submit.py:514} INFO - Spark properties used, including those specified through
[2021-12-27 11:47:20,026] {spark_submit.py:514} INFO - --conf and those from the properties file null:
[2021-12-27 11:47:20,028] {spark_submit.py:514} INFO - (spark.master,spark://spark:7077)
[2021-12-27 11:47:20,028] {spark_submit.py:514} INFO - 
[2021-12-27 11:47:20,030] {spark_submit.py:514} INFO - 
[2021-12-27 11:47:20,447] {spark_submit.py:514} INFO - Main class:
[2021-12-27 11:47:20,449] {spark_submit.py:514} INFO - org.apache.spark.deploy.PythonRunner
[2021-12-27 11:47:20,450] {spark_submit.py:514} INFO - Arguments:
[2021-12-27 11:47:20,451] {spark_submit.py:514} INFO - file:/opt/***/jobs/persist_db.py
[2021-12-27 11:47:20,452] {spark_submit.py:514} INFO - null
[2021-12-27 11:47:20,453] {spark_submit.py:514} INFO - leitrim
[2021-12-27 11:47:20,454] {spark_submit.py:514} INFO - --verbose
[2021-12-27 11:47:20,455] {spark_submit.py:514} INFO - Spark config:
[2021-12-27 11:47:20,456] {spark_submit.py:514} INFO - (spark.master,spark://spark:7077)
[2021-12-27 11:47:20,457] {spark_submit.py:514} INFO - (spark.app.name,persist data)
[2021-12-27 11:47:20,458] {spark_submit.py:514} INFO - (spark.submit.pyFiles,)
[2021-12-27 11:47:20,459] {spark_submit.py:514} INFO - (spark.submit.deployMode,client)
[2021-12-27 11:47:20,461] {spark_submit.py:514} INFO - Classpath elements:
[2021-12-27 11:47:20,462] {spark_submit.py:514} INFO - 
[2021-12-27 11:47:20,463] {spark_submit.py:514} INFO - 
[2021-12-27 11:47:20,465] {spark_submit.py:514} INFO - 
[2021-12-27 11:47:22,207] {spark_submit.py:514} INFO - Using Spark's default log4j profile: org/apache/spark/log4j-defaults.properties
[2021-12-27 11:47:22,226] {spark_submit.py:514} INFO - 21/12/27 11:47:22 INFO SparkContext: Running Spark version 3.2.0
[2021-12-27 11:47:22,396] {spark_submit.py:514} INFO - 21/12/27 11:47:22 WARN NativeCodeLoader: Unable to load native-hadoop library for your platform... using builtin-java classes where applicable
[2021-12-27 11:47:22,644] {spark_submit.py:514} INFO - 21/12/27 11:47:22 INFO ResourceUtils: ==============================================================
[2021-12-27 11:47:22,645] {spark_submit.py:514} INFO - 21/12/27 11:47:22 INFO ResourceUtils: No custom resources configured for spark.driver.
[2021-12-27 11:47:22,646] {spark_submit.py:514} INFO - 21/12/27 11:47:22 INFO ResourceUtils: ==============================================================
[2021-12-27 11:47:22,648] {spark_submit.py:514} INFO - 21/12/27 11:47:22 INFO SparkContext: Submitted application: Persist DB
[2021-12-27 11:47:22,685] {spark_submit.py:514} INFO - 21/12/27 11:47:22 INFO ResourceProfile: Default ResourceProfile created, executor resources: Map(cores -> name: cores, amount: 1, script: , vendor: , memory -> name: memory, amount: 1024, script: , vendor: , offHeap -> name: offHeap, amount: 0, script: , vendor: ), task resources: Map(cpus -> name: cpus, amount: 1.0)
[2021-12-27 11:47:22,701] {spark_submit.py:514} INFO - 21/12/27 11:47:22 INFO ResourceProfile: Limiting resource is cpu
[2021-12-27 11:47:22,703] {spark_submit.py:514} INFO - 21/12/27 11:47:22 INFO ResourceProfileManager: Added ResourceProfile id: 0
[2021-12-27 11:47:22,816] {spark_submit.py:514} INFO - 21/12/27 11:47:22 INFO SecurityManager: Changing view acls to: ***
[2021-12-27 11:47:22,818] {spark_submit.py:514} INFO - 21/12/27 11:47:22 INFO SecurityManager: Changing modify acls to: ***
[2021-12-27 11:47:22,820] {spark_submit.py:514} INFO - 21/12/27 11:47:22 INFO SecurityManager: Changing view acls groups to:
[2021-12-27 11:47:22,821] {spark_submit.py:514} INFO - 21/12/27 11:47:22 INFO SecurityManager: Changing modify acls groups to:
[2021-12-27 11:47:22,822] {spark_submit.py:514} INFO - 21/12/27 11:47:22 INFO SecurityManager: SecurityManager: authentication disabled; ui acls disabled; users  with view permissions: Set(***); groups with view permissions: Set(); users  with modify permissions: Set(***); groups with modify permissions: Set()
[2021-12-27 11:47:23,262] {spark_submit.py:514} INFO - 21/12/27 11:47:23 INFO Utils: Successfully started service 'sparkDriver' on port 32831.
[2021-12-27 11:47:23,345] {spark_submit.py:514} INFO - 21/12/27 11:47:23 INFO SparkEnv: Registering MapOutputTracker
[2021-12-27 11:47:23,433] {spark_submit.py:514} INFO - 21/12/27 11:47:23 INFO SparkEnv: Registering BlockManagerMaster
[2021-12-27 11:47:23,490] {spark_submit.py:514} INFO - 21/12/27 11:47:23 INFO BlockManagerMasterEndpoint: Using org.apache.spark.storage.DefaultTopologyMapper for getting topology information
[2021-12-27 11:47:23,491] {spark_submit.py:514} INFO - 21/12/27 11:47:23 INFO BlockManagerMasterEndpoint: BlockManagerMasterEndpoint up
[2021-12-27 11:47:23,504] {spark_submit.py:514} INFO - 21/12/27 11:47:23 INFO SparkEnv: Registering BlockManagerMasterHeartbeat
[2021-12-27 11:47:23,547] {spark_submit.py:514} INFO - 21/12/27 11:47:23 INFO DiskBlockManager: Created local directory at /tmp/blockmgr-b22b4c17-3276-43ea-9a7f-9112b7c2cbee
[2021-12-27 11:47:23,584] {spark_submit.py:514} INFO - 21/12/27 11:47:23 INFO MemoryStore: MemoryStore started with capacity 434.4 MiB
[2021-12-27 11:47:23,609] {spark_submit.py:514} INFO - 21/12/27 11:47:23 INFO SparkEnv: Registering OutputCommitCoordinator
[2021-12-27 11:47:23,958] {spark_submit.py:514} INFO - 21/12/27 11:47:23 WARN Utils: Service 'SparkUI' could not bind on port 4040. Attempting port 4041.
[2021-12-27 11:47:23,959] {spark_submit.py:514} INFO - 21/12/27 11:47:23 WARN Utils: Service 'SparkUI' could not bind on port 4041. Attempting port 4042.
[2021-12-27 11:47:23,986] {spark_submit.py:514} INFO - 21/12/27 11:47:23 INFO Utils: Successfully started service 'SparkUI' on port 4042.
[2021-12-27 11:47:24,080] {spark_submit.py:514} INFO - 21/12/27 11:47:24 INFO SparkUI: Bound SparkUI to 0.0.0.0, and started at http://0c125a5bba95:4042
[2021-12-27 11:47:24,400] {spark_submit.py:514} INFO - 21/12/27 11:47:24 INFO StandaloneAppClient$ClientEndpoint: Connecting to master spark://spark:7077...
[2021-12-27 11:47:24,536] {spark_submit.py:514} INFO - 21/12/27 11:47:24 INFO TransportClientFactory: Successfully created connection to spark/172.19.0.4:7077 after 62 ms (0 ms spent in bootstraps)
[2021-12-27 11:47:24,673] {spark_submit.py:514} INFO - 21/12/27 11:47:24 INFO StandaloneSchedulerBackend: Connected to Spark cluster with app ID app-20211227114724-0045
[2021-12-27 11:47:24,685] {spark_submit.py:514} INFO - 21/12/27 11:47:24 INFO Utils: Successfully started service 'org.apache.spark.network.netty.NettyBlockTransferService' on port 41617.
[2021-12-27 11:47:24,686] {spark_submit.py:514} INFO - 21/12/27 11:47:24 INFO NettyBlockTransferService: Server created on 0c125a5bba95:41617
[2021-12-27 11:47:24,689] {spark_submit.py:514} INFO - 21/12/27 11:47:24 INFO BlockManager: Using org.apache.spark.storage.RandomBlockReplicationPolicy for block replication policy
[2021-12-27 11:47:24,700] {spark_submit.py:514} INFO - 21/12/27 11:47:24 INFO BlockManagerMaster: Registering BlockManager BlockManagerId(driver, 0c125a5bba95, 41617, None)
[2021-12-27 11:47:24,707] {spark_submit.py:514} INFO - 21/12/27 11:47:24 INFO BlockManagerMasterEndpoint: Registering block manager 0c125a5bba95:41617 with 434.4 MiB RAM, BlockManagerId(driver, 0c125a5bba95, 41617, None)
[2021-12-27 11:47:24,711] {spark_submit.py:514} INFO - 21/12/27 11:47:24 INFO BlockManagerMaster: Registered BlockManager BlockManagerId(driver, 0c125a5bba95, 41617, None)
[2021-12-27 11:47:24,713] {spark_submit.py:514} INFO - 21/12/27 11:47:24 INFO BlockManager: Initialized BlockManager: BlockManagerId(driver, 0c125a5bba95, 41617, None)
[2021-12-27 11:47:25,031] {spark_submit.py:514} INFO - 21/12/27 11:47:25 INFO StandaloneSchedulerBackend: SchedulerBackend is ready for scheduling beginning after reached minRegisteredResourcesRatio: 0.0
[2021-12-27 11:47:25,082] {spark_submit.py:514} INFO - /home/***/.local/lib/python3.6/site-packages/pyspark/python/lib/pyspark.zip/pyspark/context.py:238: FutureWarning: Python 3.6 support is deprecated in Spark 3.2.
[2021-12-27 11:47:25,084] {spark_submit.py:514} INFO - FutureWarning
[2021-12-27 11:47:25,448] {spark_submit.py:514} INFO - 21/12/27 11:47:25 INFO SharedState: Setting hive.metastore.warehouse.dir ('null') to the value of spark.sql.warehouse.dir.
[2021-12-27 11:47:25,486] {spark_submit.py:514} INFO - 21/12/27 11:47:25 INFO SharedState: Warehouse path is 'file:/opt/***/spark-warehouse'.
[2021-12-27 11:47:27,344] {spark_submit.py:514} INFO - 21/12/27 11:47:27 INFO SparkContext: Invoking stop() from shutdown hook
[2021-12-27 11:47:27,363] {spark_submit.py:514} INFO - 21/12/27 11:47:27 INFO SparkUI: Stopped Spark web UI at http://0c125a5bba95:4042
[2021-12-27 11:47:27,374] {spark_submit.py:514} INFO - 21/12/27 11:47:27 INFO StandaloneSchedulerBackend: Shutting down all executors
[2021-12-27 11:47:27,380] {spark_submit.py:514} INFO - 21/12/27 11:47:27 INFO CoarseGrainedSchedulerBackend$DriverEndpoint: Asking each executor to shut down
[2021-12-27 11:47:27,413] {spark_submit.py:514} INFO - 21/12/27 11:47:27 INFO MapOutputTrackerMasterEndpoint: MapOutputTrackerMasterEndpoint stopped!
[2021-12-27 11:47:27,438] {spark_submit.py:514} INFO - 21/12/27 11:47:27 INFO MemoryStore: MemoryStore cleared
[2021-12-27 11:47:27,444] {spark_submit.py:514} INFO - 21/12/27 11:47:27 INFO BlockManager: BlockManager stopped
[2021-12-27 11:47:27,454] {spark_submit.py:514} INFO - 21/12/27 11:47:27 INFO BlockManagerMaster: BlockManagerMaster stopped
[2021-12-27 11:47:27,459] {spark_submit.py:514} INFO - 21/12/27 11:47:27 INFO OutputCommitCoordinator$OutputCommitCoordinatorEndpoint: OutputCommitCoordinator stopped!
[2021-12-27 11:47:27,476] {spark_submit.py:514} INFO - 21/12/27 11:47:27 INFO SparkContext: Successfully stopped SparkContext
[2021-12-27 11:47:27,478] {spark_submit.py:514} INFO - 21/12/27 11:47:27 INFO ShutdownHookManager: Shutdown hook called
[2021-12-27 11:47:27,479] {spark_submit.py:514} INFO - 21/12/27 11:47:27 INFO ShutdownHookManager: Deleting directory /tmp/spark-1a1231b9-7f74-4364-bd2d-aeadabc5bae4/pyspark-5ca82dfd-0a55-4361-be70-7cb8614e8e80
[2021-12-27 11:47:27,484] {spark_submit.py:514} INFO - 21/12/27 11:47:27 INFO ShutdownHookManager: Deleting directory /tmp/spark-1a1231b9-7f74-4364-bd2d-aeadabc5bae4
[2021-12-27 11:47:27,491] {spark_submit.py:514} INFO - 21/12/27 11:47:27 INFO ShutdownHookManager: Deleting directory /tmp/spark-8dc4f3f8-2974-46be-a07a-a51cb94be97d
[2021-12-27 11:47:27,653] {taskinstance.py:1280} INFO - Marking task as SUCCESS. dag_id=scraping_daft_leitrim, task_id=persist_data, execution_date=20211226T100000, start_date=20211227T114715, end_date=20211227T114727
[2021-12-27 11:47:27,726] {local_task_job.py:154} INFO - Task exited with return code 0
[2021-12-27 11:47:27,853] {local_task_job.py:264} INFO - 1 downstream tasks scheduled from follow-on schedule check
