[2021-12-23 11:34:43,922] {taskinstance.py:1035} INFO - Dependencies all met for <TaskInstance: scraping_daft_donegal.remove_file scheduled__2021-12-22T09:25:00+00:00 [queued]>
[2021-12-23 11:34:43,976] {taskinstance.py:1035} INFO - Dependencies all met for <TaskInstance: scraping_daft_donegal.remove_file scheduled__2021-12-22T09:25:00+00:00 [queued]>
[2021-12-23 11:34:43,977] {taskinstance.py:1241} INFO - 
--------------------------------------------------------------------------------
[2021-12-23 11:34:43,979] {taskinstance.py:1242} INFO - Starting attempt 1 of 4
[2021-12-23 11:34:43,980] {taskinstance.py:1243} INFO - 
--------------------------------------------------------------------------------
[2021-12-23 11:34:43,999] {taskinstance.py:1262} INFO - Executing <Task(SparkSubmitOperator): remove_file> on 2021-12-22 09:25:00+00:00
[2021-12-23 11:34:44,010] {standard_task_runner.py:76} INFO - Running: ['***', 'tasks', 'run', 'scraping_daft_donegal', 'remove_file', 'scheduled__2021-12-22T09:25:00+00:00', '--job-id', '4056', '--raw', '--subdir', 'DAGS_FOLDER/scraping_daft_donegal.py', '--cfg-path', '/tmp/tmp6smq9pqb', '--error-file', '/tmp/tmpn6m1cwa9']
[2021-12-23 11:34:44,011] {standard_task_runner.py:77} INFO - Job 4056: Subtask remove_file
[2021-12-23 11:34:44,006] {standard_task_runner.py:52} INFO - Started process 1871 to run task
[2021-12-23 11:34:44,119] {logging_mixin.py:109} INFO - Running <TaskInstance: scraping_daft_donegal.remove_file scheduled__2021-12-22T09:25:00+00:00 [running]> on host eecc602ed8f2
[2021-12-23 11:34:44,291] {taskinstance.py:1429} INFO - Exporting the following env vars:
AIRFLOW_CTX_DAG_EMAIL=clement.liscoet@gmail.com
AIRFLOW_CTX_DAG_OWNER=clemoni
AIRFLOW_CTX_DAG_ID=scraping_daft_donegal
AIRFLOW_CTX_TASK_ID=remove_file
AIRFLOW_CTX_EXECUTION_DATE=2021-12-22T09:25:00+00:00
AIRFLOW_CTX_DAG_RUN_ID=scheduled__2021-12-22T09:25:00+00:00
[2021-12-23 11:34:44,321] {base.py:79} INFO - Using connection to: id: spark_default. Host: spark://spark:7077, Port: None, Schema: , Login: ***, Password: ***, extra: {}
[2021-12-23 11:34:44,323] {spark_submit.py:360} INFO - Spark-Submit cmd: spark-submit --master spark://spark:7077 --conf spark.master=spark://spark:7077 --name remove file --verbose /opt/***/jobs/remove_file.py donegal
[2021-12-23 11:34:46,578] {spark_submit.py:514} INFO - Using properties file: null
[2021-12-23 11:34:46,693] {spark_submit.py:514} INFO - WARNING: An illegal reflective access operation has occurred
[2021-12-23 11:34:46,695] {spark_submit.py:514} INFO - WARNING: Illegal reflective access by org.apache.spark.unsafe.Platform (file:/home/***/.local/lib/python3.6/site-packages/pyspark/jars/spark-unsafe_2.12-3.2.0.jar) to constructor java.nio.DirectByteBuffer(long,int)
[2021-12-23 11:34:46,695] {spark_submit.py:514} INFO - WARNING: Please consider reporting this to the maintainers of org.apache.spark.unsafe.Platform
[2021-12-23 11:34:46,696] {spark_submit.py:514} INFO - WARNING: Use --illegal-access=warn to enable warnings of further illegal reflective access operations
[2021-12-23 11:34:46,697] {spark_submit.py:514} INFO - WARNING: All illegal access operations will be denied in a future release
[2021-12-23 11:34:46,748] {spark_submit.py:514} INFO - Parsed arguments:
[2021-12-23 11:34:46,749] {spark_submit.py:514} INFO - master                  spark://spark:7077
[2021-12-23 11:34:46,749] {spark_submit.py:514} INFO - deployMode              null
[2021-12-23 11:34:46,750] {spark_submit.py:514} INFO - executorMemory          null
[2021-12-23 11:34:46,751] {spark_submit.py:514} INFO - executorCores           null
[2021-12-23 11:34:46,752] {spark_submit.py:514} INFO - totalExecutorCores      null
[2021-12-23 11:34:46,753] {spark_submit.py:514} INFO - propertiesFile          null
[2021-12-23 11:34:46,754] {spark_submit.py:514} INFO - driverMemory            null
[2021-12-23 11:34:46,754] {spark_submit.py:514} INFO - driverCores             null
[2021-12-23 11:34:46,755] {spark_submit.py:514} INFO - driverExtraClassPath    null
[2021-12-23 11:34:46,756] {spark_submit.py:514} INFO - driverExtraLibraryPath  null
[2021-12-23 11:34:46,757] {spark_submit.py:514} INFO - driverExtraJavaOptions  null
[2021-12-23 11:34:46,758] {spark_submit.py:514} INFO - supervise               false
[2021-12-23 11:34:46,758] {spark_submit.py:514} INFO - queue                   null
[2021-12-23 11:34:46,759] {spark_submit.py:514} INFO - numExecutors            null
[2021-12-23 11:34:46,760] {spark_submit.py:514} INFO - files                   null
[2021-12-23 11:34:46,760] {spark_submit.py:514} INFO - pyFiles                 null
[2021-12-23 11:34:46,761] {spark_submit.py:514} INFO - archives                null
[2021-12-23 11:34:46,762] {spark_submit.py:514} INFO - mainClass               null
[2021-12-23 11:34:46,762] {spark_submit.py:514} INFO - primaryResource         file:/opt/***/jobs/remove_file.py
[2021-12-23 11:34:46,763] {spark_submit.py:514} INFO - name                    remove file
[2021-12-23 11:34:46,763] {spark_submit.py:514} INFO - childArgs               [donegal]
[2021-12-23 11:34:46,764] {spark_submit.py:514} INFO - jars                    null
[2021-12-23 11:34:46,765] {spark_submit.py:514} INFO - packages                null
[2021-12-23 11:34:46,765] {spark_submit.py:514} INFO - packagesExclusions      null
[2021-12-23 11:34:46,766] {spark_submit.py:514} INFO - repositories            null
[2021-12-23 11:34:46,766] {spark_submit.py:514} INFO - verbose                 true
[2021-12-23 11:34:46,767] {spark_submit.py:514} INFO - 
[2021-12-23 11:34:46,768] {spark_submit.py:514} INFO - Spark properties used, including those specified through
[2021-12-23 11:34:46,768] {spark_submit.py:514} INFO - --conf and those from the properties file null:
[2021-12-23 11:34:46,769] {spark_submit.py:514} INFO - (spark.master,spark://spark:7077)
[2021-12-23 11:34:46,770] {spark_submit.py:514} INFO - 
[2021-12-23 11:34:46,770] {spark_submit.py:514} INFO - 
[2021-12-23 11:34:47,104] {spark_submit.py:514} INFO - Main class:
[2021-12-23 11:34:47,106] {spark_submit.py:514} INFO - org.apache.spark.deploy.PythonRunner
[2021-12-23 11:34:47,107] {spark_submit.py:514} INFO - Arguments:
[2021-12-23 11:34:47,108] {spark_submit.py:514} INFO - file:/opt/***/jobs/remove_file.py
[2021-12-23 11:34:47,109] {spark_submit.py:514} INFO - null
[2021-12-23 11:34:47,110] {spark_submit.py:514} INFO - donegal
[2021-12-23 11:34:47,111] {spark_submit.py:514} INFO - --verbose
[2021-12-23 11:34:47,112] {spark_submit.py:514} INFO - Spark config:
[2021-12-23 11:34:47,112] {spark_submit.py:514} INFO - (spark.app.name,remove file)
[2021-12-23 11:34:47,113] {spark_submit.py:514} INFO - (spark.master,spark://spark:7077)
[2021-12-23 11:34:47,114] {spark_submit.py:514} INFO - (spark.submit.pyFiles,)
[2021-12-23 11:34:47,115] {spark_submit.py:514} INFO - (spark.submit.deployMode,client)
[2021-12-23 11:34:47,116] {spark_submit.py:514} INFO - Classpath elements:
[2021-12-23 11:34:47,117] {spark_submit.py:514} INFO - 
[2021-12-23 11:34:47,118] {spark_submit.py:514} INFO - 
[2021-12-23 11:34:47,119] {spark_submit.py:514} INFO - 
[2021-12-23 11:34:48,132] {spark_submit.py:514} INFO - Using Spark's default log4j profile: org/apache/spark/log4j-defaults.properties
[2021-12-23 11:34:48,150] {spark_submit.py:514} INFO - 21/12/23 11:34:48 INFO SparkContext: Running Spark version 3.2.0
[2021-12-23 11:34:48,351] {spark_submit.py:514} INFO - 21/12/23 11:34:48 WARN NativeCodeLoader: Unable to load native-hadoop library for your platform... using builtin-java classes where applicable
[2021-12-23 11:34:48,592] {spark_submit.py:514} INFO - 21/12/23 11:34:48 INFO ResourceUtils: ==============================================================
[2021-12-23 11:34:48,594] {spark_submit.py:514} INFO - 21/12/23 11:34:48 INFO ResourceUtils: No custom resources configured for spark.driver.
[2021-12-23 11:34:48,595] {spark_submit.py:514} INFO - 21/12/23 11:34:48 INFO ResourceUtils: ==============================================================
[2021-12-23 11:34:48,596] {spark_submit.py:514} INFO - 21/12/23 11:34:48 INFO SparkContext: Submitted application: Remove file
[2021-12-23 11:34:48,639] {spark_submit.py:514} INFO - 21/12/23 11:34:48 INFO ResourceProfile: Default ResourceProfile created, executor resources: Map(cores -> name: cores, amount: 1, script: , vendor: , memory -> name: memory, amount: 1024, script: , vendor: , offHeap -> name: offHeap, amount: 0, script: , vendor: ), task resources: Map(cpus -> name: cpus, amount: 1.0)
[2021-12-23 11:34:48,656] {spark_submit.py:514} INFO - 21/12/23 11:34:48 INFO ResourceProfile: Limiting resource is cpu
[2021-12-23 11:34:48,657] {spark_submit.py:514} INFO - 21/12/23 11:34:48 INFO ResourceProfileManager: Added ResourceProfile id: 0
[2021-12-23 11:34:48,760] {spark_submit.py:514} INFO - 21/12/23 11:34:48 INFO SecurityManager: Changing view acls to: ***
[2021-12-23 11:34:48,764] {spark_submit.py:514} INFO - 21/12/23 11:34:48 INFO SecurityManager: Changing modify acls to: ***
[2021-12-23 11:34:48,766] {spark_submit.py:514} INFO - 21/12/23 11:34:48 INFO SecurityManager: Changing view acls groups to:
[2021-12-23 11:34:48,767] {spark_submit.py:514} INFO - 21/12/23 11:34:48 INFO SecurityManager: Changing modify acls groups to:
[2021-12-23 11:34:48,769] {spark_submit.py:514} INFO - 21/12/23 11:34:48 INFO SecurityManager: SecurityManager: authentication disabled; ui acls disabled; users  with view permissions: Set(***); groups with view permissions: Set(); users  with modify permissions: Set(***); groups with modify permissions: Set()
[2021-12-23 11:34:49,158] {spark_submit.py:514} INFO - 21/12/23 11:34:49 INFO Utils: Successfully started service 'sparkDriver' on port 42293.
[2021-12-23 11:34:49,212] {spark_submit.py:514} INFO - 21/12/23 11:34:49 INFO SparkEnv: Registering MapOutputTracker
[2021-12-23 11:34:49,278] {spark_submit.py:514} INFO - 21/12/23 11:34:49 INFO SparkEnv: Registering BlockManagerMaster
[2021-12-23 11:34:49,317] {spark_submit.py:514} INFO - 21/12/23 11:34:49 INFO BlockManagerMasterEndpoint: Using org.apache.spark.storage.DefaultTopologyMapper for getting topology information
[2021-12-23 11:34:49,319] {spark_submit.py:514} INFO - 21/12/23 11:34:49 INFO BlockManagerMasterEndpoint: BlockManagerMasterEndpoint up
[2021-12-23 11:34:49,326] {spark_submit.py:514} INFO - 21/12/23 11:34:49 INFO SparkEnv: Registering BlockManagerMasterHeartbeat
[2021-12-23 11:34:49,363] {spark_submit.py:514} INFO - 21/12/23 11:34:49 INFO DiskBlockManager: Created local directory at /tmp/blockmgr-2a21e8d2-c9a1-4fb7-b3af-7ed40b5d6a37
[2021-12-23 11:34:49,392] {spark_submit.py:514} INFO - 21/12/23 11:34:49 INFO MemoryStore: MemoryStore started with capacity 434.4 MiB
[2021-12-23 11:34:49,416] {spark_submit.py:514} INFO - 21/12/23 11:34:49 INFO SparkEnv: Registering OutputCommitCoordinator
[2021-12-23 11:34:49,705] {spark_submit.py:514} INFO - 21/12/23 11:34:49 WARN Utils: Service 'SparkUI' could not bind on port 4040. Attempting port 4041.
[2021-12-23 11:34:49,728] {spark_submit.py:514} INFO - 21/12/23 11:34:49 INFO Utils: Successfully started service 'SparkUI' on port 4041.
[2021-12-23 11:34:49,838] {spark_submit.py:514} INFO - 21/12/23 11:34:49 INFO SparkUI: Bound SparkUI to 0.0.0.0, and started at http://eecc602ed8f2:4041
[2021-12-23 11:34:50,184] {spark_submit.py:514} INFO - 21/12/23 11:34:50 INFO StandaloneAppClient$ClientEndpoint: Connecting to master spark://spark:7077...
[2021-12-23 11:34:50,298] {spark_submit.py:514} INFO - 21/12/23 11:34:50 INFO TransportClientFactory: Successfully created connection to spark/172.20.0.4:7077 after 65 ms (0 ms spent in bootstraps)
[2021-12-23 11:34:50,443] {spark_submit.py:514} INFO - 21/12/23 11:34:50 INFO StandaloneSchedulerBackend: Connected to Spark cluster with app ID app-20211223113450-0010
[2021-12-23 11:34:50,456] {spark_submit.py:514} INFO - 21/12/23 11:34:50 INFO Utils: Successfully started service 'org.apache.spark.network.netty.NettyBlockTransferService' on port 32957.
[2021-12-23 11:34:50,457] {spark_submit.py:514} INFO - 21/12/23 11:34:50 INFO NettyBlockTransferService: Server created on eecc602ed8f2:32957
[2021-12-23 11:34:50,458] {spark_submit.py:514} INFO - 21/12/23 11:34:50 INFO BlockManager: Using org.apache.spark.storage.RandomBlockReplicationPolicy for block replication policy
[2021-12-23 11:34:50,471] {spark_submit.py:514} INFO - 21/12/23 11:34:50 INFO BlockManagerMaster: Registering BlockManager BlockManagerId(driver, eecc602ed8f2, 32957, None)
[2021-12-23 11:34:50,477] {spark_submit.py:514} INFO - 21/12/23 11:34:50 INFO BlockManagerMasterEndpoint: Registering block manager eecc602ed8f2:32957 with 434.4 MiB RAM, BlockManagerId(driver, eecc602ed8f2, 32957, None)
[2021-12-23 11:34:50,481] {spark_submit.py:514} INFO - 21/12/23 11:34:50 INFO BlockManagerMaster: Registered BlockManager BlockManagerId(driver, eecc602ed8f2, 32957, None)
[2021-12-23 11:34:50,483] {spark_submit.py:514} INFO - 21/12/23 11:34:50 INFO BlockManager: Initialized BlockManager: BlockManagerId(driver, eecc602ed8f2, 32957, None)
[2021-12-23 11:34:50,834] {spark_submit.py:514} INFO - 21/12/23 11:34:50 INFO StandaloneSchedulerBackend: SchedulerBackend is ready for scheduling beginning after reached minRegisteredResourcesRatio: 0.0
[2021-12-23 11:34:50,918] {spark_submit.py:514} INFO - /home/***/.local/lib/python3.6/site-packages/pyspark/python/lib/pyspark.zip/pyspark/context.py:238: FutureWarning: Python 3.6 support is deprecated in Spark 3.2.
[2021-12-23 11:34:50,920] {spark_submit.py:514} INFO - FutureWarning
[2021-12-23 11:34:51,286] {spark_submit.py:514} INFO - 21/12/23 11:34:51 INFO SharedState: Setting hive.metastore.warehouse.dir ('null') to the value of spark.sql.warehouse.dir.
[2021-12-23 11:34:51,318] {spark_submit.py:514} INFO - 21/12/23 11:34:51 INFO SharedState: Warehouse path is 'file:/opt/***/spark-warehouse'.
[2021-12-23 11:34:52,310] {spark_submit.py:514} INFO - file: donegal_rent.json deleted
[2021-12-23 11:34:52,404] {spark_submit.py:514} INFO - 21/12/23 11:34:52 INFO SparkContext: Invoking stop() from shutdown hook
[2021-12-23 11:34:52,431] {spark_submit.py:514} INFO - 21/12/23 11:34:52 INFO SparkUI: Stopped Spark web UI at http://eecc602ed8f2:4041
[2021-12-23 11:34:52,448] {spark_submit.py:514} INFO - 21/12/23 11:34:52 INFO StandaloneSchedulerBackend: Shutting down all executors
[2021-12-23 11:34:52,456] {spark_submit.py:514} INFO - 21/12/23 11:34:52 INFO CoarseGrainedSchedulerBackend$DriverEndpoint: Asking each executor to shut down
[2021-12-23 11:34:52,500] {spark_submit.py:514} INFO - 21/12/23 11:34:52 INFO MapOutputTrackerMasterEndpoint: MapOutputTrackerMasterEndpoint stopped!
[2021-12-23 11:34:52,540] {spark_submit.py:514} INFO - 21/12/23 11:34:52 INFO MemoryStore: MemoryStore cleared
[2021-12-23 11:34:52,543] {spark_submit.py:514} INFO - 21/12/23 11:34:52 INFO BlockManager: BlockManager stopped
[2021-12-23 11:34:52,571] {spark_submit.py:514} INFO - 21/12/23 11:34:52 INFO BlockManagerMaster: BlockManagerMaster stopped
[2021-12-23 11:34:52,585] {spark_submit.py:514} INFO - 21/12/23 11:34:52 INFO OutputCommitCoordinator$OutputCommitCoordinatorEndpoint: OutputCommitCoordinator stopped!
[2021-12-23 11:34:52,613] {spark_submit.py:514} INFO - 21/12/23 11:34:52 INFO SparkContext: Successfully stopped SparkContext
[2021-12-23 11:34:52,618] {spark_submit.py:514} INFO - 21/12/23 11:34:52 INFO ShutdownHookManager: Shutdown hook called
[2021-12-23 11:34:52,622] {spark_submit.py:514} INFO - 21/12/23 11:34:52 INFO ShutdownHookManager: Deleting directory /tmp/spark-01b4a859-e036-45cb-a320-0a59b83f87fe/pyspark-5579c8b4-b8fa-4e1f-b5e2-0fa15a271fbe
[2021-12-23 11:34:52,629] {spark_submit.py:514} INFO - 21/12/23 11:34:52 INFO ShutdownHookManager: Deleting directory /tmp/spark-7ac5c501-b135-4c3c-8a89-3b4c6f7c8642
[2021-12-23 11:34:52,634] {spark_submit.py:514} INFO - 21/12/23 11:34:52 INFO ShutdownHookManager: Deleting directory /tmp/spark-01b4a859-e036-45cb-a320-0a59b83f87fe
[2021-12-23 11:34:52,806] {taskinstance.py:1280} INFO - Marking task as SUCCESS. dag_id=scraping_daft_donegal, task_id=remove_file, execution_date=20211222T092500, start_date=20211223T113443, end_date=20211223T113452
[2021-12-23 11:34:52,875] {local_task_job.py:154} INFO - Task exited with return code 0
[2021-12-23 11:34:52,960] {local_task_job.py:264} INFO - 0 downstream tasks scheduled from follow-on schedule check
