[2021-12-22 10:12:48,523] {taskinstance.py:1035} INFO - Dependencies all met for <TaskInstance: scraping_daft_clare.notify_slack scheduled__2021-12-21T09:15:00+00:00 [queued]>
[2021-12-22 10:12:48,556] {taskinstance.py:1035} INFO - Dependencies all met for <TaskInstance: scraping_daft_clare.notify_slack scheduled__2021-12-21T09:15:00+00:00 [queued]>
[2021-12-22 10:12:48,557] {taskinstance.py:1241} INFO - 
--------------------------------------------------------------------------------
[2021-12-22 10:12:48,558] {taskinstance.py:1242} INFO - Starting attempt 1 of 4
[2021-12-22 10:12:48,559] {taskinstance.py:1243} INFO - 
--------------------------------------------------------------------------------
[2021-12-22 10:12:48,590] {taskinstance.py:1262} INFO - Executing <Task(SlackWebhookOperator): notify_slack> on 2021-12-21 09:15:00+00:00
[2021-12-22 10:12:48,611] {standard_task_runner.py:76} INFO - Running: ['***', 'tasks', 'run', 'scraping_daft_clare', 'notify_slack', 'scheduled__2021-12-21T09:15:00+00:00', '--job-id', '3836', '--raw', '--subdir', 'DAGS_FOLDER/scraping_daft_clare.py', '--cfg-path', '/tmp/tmpynx07xei', '--error-file', '/tmp/tmphc8mkibb']
[2021-12-22 10:12:48,615] {standard_task_runner.py:77} INFO - Job 3836: Subtask notify_slack
[2021-12-22 10:12:48,600] {standard_task_runner.py:52} INFO - Started process 5208 to run task
[2021-12-22 10:12:48,851] {logging_mixin.py:109} INFO - Running <TaskInstance: scraping_daft_clare.notify_slack scheduled__2021-12-21T09:15:00+00:00 [running]> on host bb1be648e8f2
[2021-12-22 10:12:49,307] {taskinstance.py:1429} INFO - Exporting the following env vars:
AIRFLOW_CTX_DAG_EMAIL=clement.liscoet@gmail.com
AIRFLOW_CTX_DAG_OWNER=clemoni
AIRFLOW_CTX_DAG_ID=scraping_daft_clare
AIRFLOW_CTX_TASK_ID=notify_slack
AIRFLOW_CTX_EXECUTION_DATE=2021-12-21T09:15:00+00:00
AIRFLOW_CTX_DAG_RUN_ID=scheduled__2021-12-21T09:15:00+00:00
[2021-12-22 10:12:49,415] {base.py:79} INFO - Using connection to: id: slack_connect. Host: https://hooks.slack.com/services/, Port: None, Schema: , Login: , Password: ***, extra: {}
[2021-12-22 10:12:49,571] {base.py:79} INFO - Using connection to: id: slack_connect. Host: https://hooks.slack.com/services/, Port: None, Schema: , Login: , Password: ***, extra: {}
[2021-12-22 10:12:49,976] {http.py:140} INFO - Sending 'POST' to url: https://hooks.slack.com/services/***
[2021-12-22 10:12:51,185] {taskinstance.py:1280} INFO - Marking task as SUCCESS. dag_id=scraping_daft_clare, task_id=notify_slack, execution_date=20211221T091500, start_date=20211222T101248, end_date=20211222T101251
[2021-12-22 10:12:51,442] {local_task_job.py:154} INFO - Task exited with return code 0
[2021-12-22 10:12:51,859] {local_task_job.py:264} INFO - 0 downstream tasks scheduled from follow-on schedule check
