[2021-12-27 11:58:17,418] {taskinstance.py:1035} INFO - Dependencies all met for <TaskInstance: scraping_daft_waterford.persist_data scheduled__2021-12-26T10:55:00+00:00 [queued]>
[2021-12-27 11:58:17,631] {taskinstance.py:1035} INFO - Dependencies all met for <TaskInstance: scraping_daft_waterford.persist_data scheduled__2021-12-26T10:55:00+00:00 [queued]>
[2021-12-27 11:58:17,633] {taskinstance.py:1241} INFO - 
--------------------------------------------------------------------------------
[2021-12-27 11:58:17,640] {taskinstance.py:1242} INFO - Starting attempt 1 of 4
[2021-12-27 11:58:17,652] {taskinstance.py:1243} INFO - 
--------------------------------------------------------------------------------
[2021-12-27 11:58:17,853] {taskinstance.py:1262} INFO - Executing <Task(SparkSubmitOperator): persist_data> on 2021-12-26 10:55:00+00:00
[2021-12-27 11:58:18,023] {standard_task_runner.py:76} INFO - Running: ['***', 'tasks', 'run', 'scraping_daft_waterford', 'persist_data', 'scheduled__2021-12-26T10:55:00+00:00', '--job-id', '4911', '--raw', '--subdir', 'DAGS_FOLDER/scraping_daft_waterford.py', '--cfg-path', '/tmp/tmpb1pqrp4z', '--error-file', '/tmp/tmpznhkp6_o']
[2021-12-27 11:58:18,030] {standard_task_runner.py:77} INFO - Job 4911: Subtask persist_data
[2021-12-27 11:58:18,022] {standard_task_runner.py:52} INFO - Started process 10479 to run task
[2021-12-27 11:58:18,611] {logging_mixin.py:109} INFO - Running <TaskInstance: scraping_daft_waterford.persist_data scheduled__2021-12-26T10:55:00+00:00 [running]> on host 0c125a5bba95
[2021-12-27 11:58:19,824] {taskinstance.py:1429} INFO - Exporting the following env vars:
AIRFLOW_CTX_DAG_EMAIL=clement.liscoet@gmail.com
AIRFLOW_CTX_DAG_OWNER=clemoni
AIRFLOW_CTX_DAG_ID=scraping_daft_waterford
AIRFLOW_CTX_TASK_ID=persist_data
AIRFLOW_CTX_EXECUTION_DATE=2021-12-26T10:55:00+00:00
AIRFLOW_CTX_DAG_RUN_ID=scheduled__2021-12-26T10:55:00+00:00
[2021-12-27 11:58:20,002] {base.py:79} INFO - Using connection to: id: spark_default. Host: spark://spark:7077, Port: None, Schema: , Login: ***, Password: ***, extra: {}
[2021-12-27 11:58:20,017] {spark_submit.py:360} INFO - Spark-Submit cmd: spark-submit --master spark://spark:7077 --conf spark.master=spark://spark:7077 --name persist data --verbose /opt/***/jobs/persist_db.py waterford
[2021-12-27 11:58:44,980] {spark_submit.py:514} INFO - Using properties file: null
[2021-12-27 11:58:45,541] {spark_submit.py:514} INFO - WARNING: An illegal reflective access operation has occurred
[2021-12-27 11:58:45,543] {spark_submit.py:514} INFO - WARNING: Illegal reflective access by org.apache.spark.unsafe.Platform (file:/home/***/.local/lib/python3.6/site-packages/pyspark/jars/spark-unsafe_2.12-3.2.0.jar) to constructor java.nio.DirectByteBuffer(long,int)
[2021-12-27 11:58:45,547] {spark_submit.py:514} INFO - WARNING: Please consider reporting this to the maintainers of org.apache.spark.unsafe.Platform
[2021-12-27 11:58:45,551] {spark_submit.py:514} INFO - WARNING: Use --illegal-access=warn to enable warnings of further illegal reflective access operations
[2021-12-27 11:58:45,554] {spark_submit.py:514} INFO - WARNING: All illegal access operations will be denied in a future release
[2021-12-27 11:58:46,761] {spark_submit.py:514} INFO - Parsed arguments:
[2021-12-27 11:58:46,762] {spark_submit.py:514} INFO - master                  spark://spark:7077
[2021-12-27 11:58:46,766] {spark_submit.py:514} INFO - deployMode              null
[2021-12-27 11:58:46,770] {spark_submit.py:514} INFO - executorMemory          null
[2021-12-27 11:58:46,772] {spark_submit.py:514} INFO - executorCores           null
[2021-12-27 11:58:46,776] {spark_submit.py:514} INFO - totalExecutorCores      null
[2021-12-27 11:58:46,778] {spark_submit.py:514} INFO - propertiesFile          null
[2021-12-27 11:58:46,780] {spark_submit.py:514} INFO - driverMemory            null
[2021-12-27 11:58:46,782] {spark_submit.py:514} INFO - driverCores             null
[2021-12-27 11:58:46,790] {spark_submit.py:514} INFO - driverExtraClassPath    null
[2021-12-27 11:58:46,792] {spark_submit.py:514} INFO - driverExtraLibraryPath  null
[2021-12-27 11:58:46,803] {spark_submit.py:514} INFO - driverExtraJavaOptions  null
[2021-12-27 11:58:46,817] {spark_submit.py:514} INFO - supervise               false
[2021-12-27 11:58:46,824] {spark_submit.py:514} INFO - queue                   null
[2021-12-27 11:58:46,837] {spark_submit.py:514} INFO - numExecutors            null
[2021-12-27 11:58:46,841] {spark_submit.py:514} INFO - files                   null
[2021-12-27 11:58:46,843] {spark_submit.py:514} INFO - pyFiles                 null
[2021-12-27 11:58:46,844] {spark_submit.py:514} INFO - archives                null
[2021-12-27 11:58:46,847] {spark_submit.py:514} INFO - mainClass               null
[2021-12-27 11:58:46,851] {spark_submit.py:514} INFO - primaryResource         file:/opt/***/jobs/persist_db.py
[2021-12-27 11:58:46,856] {spark_submit.py:514} INFO - name                    persist data
[2021-12-27 11:58:46,859] {spark_submit.py:514} INFO - childArgs               [waterford]
[2021-12-27 11:58:46,861] {spark_submit.py:514} INFO - jars                    null
[2021-12-27 11:58:46,863] {spark_submit.py:514} INFO - packages                null
[2021-12-27 11:58:46,865] {spark_submit.py:514} INFO - packagesExclusions      null
[2021-12-27 11:58:46,876] {spark_submit.py:514} INFO - repositories            null
[2021-12-27 11:58:46,887] {spark_submit.py:514} INFO - verbose                 true
[2021-12-27 11:58:46,896] {spark_submit.py:514} INFO - 
[2021-12-27 11:58:46,899] {spark_submit.py:514} INFO - Spark properties used, including those specified through
[2021-12-27 11:58:46,908] {spark_submit.py:514} INFO - --conf and those from the properties file null:
[2021-12-27 11:58:46,910] {spark_submit.py:514} INFO - (spark.master,spark://spark:7077)
[2021-12-27 11:58:46,912] {spark_submit.py:514} INFO - 
[2021-12-27 11:58:46,922] {spark_submit.py:514} INFO - 
[2021-12-27 11:58:50,838] {spark_submit.py:514} INFO - Main class:
[2021-12-27 11:58:50,840] {spark_submit.py:514} INFO - org.apache.spark.deploy.PythonRunner
[2021-12-27 11:58:50,859] {spark_submit.py:514} INFO - Arguments:
[2021-12-27 11:58:50,860] {spark_submit.py:514} INFO - file:/opt/***/jobs/persist_db.py
[2021-12-27 11:58:50,862] {spark_submit.py:514} INFO - null
[2021-12-27 11:58:50,863] {spark_submit.py:514} INFO - waterford
[2021-12-27 11:58:50,864] {spark_submit.py:514} INFO - --verbose
[2021-12-27 11:58:50,865] {spark_submit.py:514} INFO - Spark config:
[2021-12-27 11:58:50,867] {spark_submit.py:514} INFO - (spark.master,spark://spark:7077)
[2021-12-27 11:58:50,868] {spark_submit.py:514} INFO - (spark.app.name,persist data)
[2021-12-27 11:58:50,869] {spark_submit.py:514} INFO - (spark.submit.pyFiles,)
[2021-12-27 11:58:50,871] {spark_submit.py:514} INFO - (spark.submit.deployMode,client)
[2021-12-27 11:58:50,872] {spark_submit.py:514} INFO - Classpath elements:
[2021-12-27 11:58:50,874] {spark_submit.py:514} INFO - 
[2021-12-27 11:58:50,876] {spark_submit.py:514} INFO - 
[2021-12-27 11:58:50,877] {spark_submit.py:514} INFO - 
[2021-12-27 11:59:15,937] {spark_submit.py:514} INFO - Using Spark's default log4j profile: org/apache/spark/log4j-defaults.properties
[2021-12-27 11:59:16,084] {spark_submit.py:514} INFO - 21/12/27 11:59:16 INFO SparkContext: Running Spark version 3.2.0
[2021-12-27 11:59:18,108] {spark_submit.py:514} INFO - 21/12/27 11:59:18 WARN NativeCodeLoader: Unable to load native-hadoop library for your platform... using builtin-java classes where applicable
[2021-12-27 11:59:37,397] {spark_submit.py:514} INFO - 21/12/27 11:59:36 INFO ResourceUtils: ==============================================================
[2021-12-27 11:59:39,590] {spark_submit.py:514} INFO - 21/12/27 11:59:38 INFO ResourceUtils: No custom resources configured for spark.driver.
[2021-12-27 11:59:39,768] {spark_submit.py:514} INFO - 21/12/27 11:59:39 INFO ResourceUtils: ==============================================================
[2021-12-27 11:59:39,843] {spark_submit.py:514} INFO - 21/12/27 11:59:39 INFO SparkContext: Submitted application: Persist DB
[2021-12-27 11:59:46,288] {spark_submit.py:514} INFO - 21/12/27 11:59:45 INFO ResourceProfile: Default ResourceProfile created, executor resources: Map(cores -> name: cores, amount: 1, script: , vendor: , memory -> name: memory, amount: 1024, script: , vendor: , offHeap -> name: offHeap, amount: 0, script: , vendor: ), task resources: Map(cpus -> name: cpus, amount: 1.0)
[2021-12-27 11:59:50,813] {spark_submit.py:514} INFO - 21/12/27 11:59:50 INFO ResourceProfile: Limiting resource is cpu
[2021-12-27 11:59:50,817] {spark_submit.py:514} INFO - 21/12/27 11:59:50 INFO ResourceProfileManager: Added ResourceProfile id: 0
[2021-12-27 12:00:06,919] {spark_submit.py:514} INFO - 21/12/27 12:00:06 INFO SecurityManager: Changing view acls to: ***
[2021-12-27 12:00:07,042] {spark_submit.py:514} INFO - 21/12/27 12:00:06 INFO SecurityManager: Changing modify acls to: ***
[2021-12-27 12:00:07,079] {spark_submit.py:514} INFO - 21/12/27 12:00:06 INFO SecurityManager: Changing view acls groups to:
[2021-12-27 12:00:07,105] {spark_submit.py:514} INFO - 21/12/27 12:00:06 INFO SecurityManager: Changing modify acls groups to:
[2021-12-27 12:00:07,134] {spark_submit.py:514} INFO - 21/12/27 12:00:06 INFO SecurityManager: SecurityManager: authentication disabled; ui acls disabled; users  with view permissions: Set(***); groups with view permissions: Set(); users  with modify permissions: Set(***); groups with modify permissions: Set()
[2021-12-27 12:00:43,886] {spark_submit.py:514} INFO - 21/12/27 12:00:43 INFO Utils: Successfully started service 'sparkDriver' on port 44875.
[2021-12-27 12:00:45,849] {spark_submit.py:514} INFO - 21/12/27 12:00:45 INFO SparkEnv: Registering MapOutputTracker
[2021-12-27 12:00:53,850] {spark_submit.py:514} INFO - 21/12/27 12:00:53 INFO SparkEnv: Registering BlockManagerMaster
[2021-12-27 12:00:54,848] {spark_submit.py:514} INFO - 21/12/27 12:00:54 INFO BlockManagerMasterEndpoint: Using org.apache.spark.storage.DefaultTopologyMapper for getting topology information
[2021-12-27 12:00:54,854] {spark_submit.py:514} INFO - 21/12/27 12:00:54 INFO BlockManagerMasterEndpoint: BlockManagerMasterEndpoint up
[2021-12-27 12:00:54,959] {spark_submit.py:514} INFO - 21/12/27 12:00:54 INFO SparkEnv: Registering BlockManagerMasterHeartbeat
[2021-12-27 12:00:56,543] {spark_submit.py:514} INFO - 21/12/27 12:00:56 INFO DiskBlockManager: Created local directory at /tmp/blockmgr-cc75c0a0-33b3-457e-b664-21f3bc090dc4
[2021-12-27 12:00:58,400] {spark_submit.py:514} INFO - 21/12/27 12:00:58 INFO MemoryStore: MemoryStore started with capacity 434.4 MiB
[2021-12-27 12:01:00,576] {spark_submit.py:514} INFO - 21/12/27 12:01:00 INFO SparkEnv: Registering OutputCommitCoordinator
[2021-12-27 12:01:31,468] {spark_submit.py:514} INFO - 21/12/27 12:01:30 WARN Utils: Service 'SparkUI' could not bind on port 4040. Attempting port 4041.
[2021-12-27 12:01:31,865] {spark_submit.py:514} INFO - 21/12/27 12:01:31 WARN Utils: Service 'SparkUI' could not bind on port 4041. Attempting port 4042.
[2021-12-27 12:01:33,907] {spark_submit.py:514} INFO - 21/12/27 12:01:33 WARN Utils: Service 'SparkUI' could not bind on port 4042. Attempting port 4043.
[2021-12-27 12:01:33,916] {spark_submit.py:514} INFO - 21/12/27 12:01:33 WARN Utils: Service 'SparkUI' could not bind on port 4043. Attempting port 4044.
[2021-12-27 12:01:33,918] {spark_submit.py:514} INFO - 21/12/27 12:01:33 WARN Utils: Service 'SparkUI' could not bind on port 4044. Attempting port 4045.
[2021-12-27 12:01:33,922] {spark_submit.py:514} INFO - 21/12/27 12:01:33 WARN Utils: Service 'SparkUI' could not bind on port 4045. Attempting port 4046.
[2021-12-27 12:01:33,928] {spark_submit.py:514} INFO - 21/12/27 12:01:33 WARN Utils: Service 'SparkUI' could not bind on port 4046. Attempting port 4047.
[2021-12-27 12:01:33,930] {spark_submit.py:514} INFO - 21/12/27 12:01:33 WARN Utils: Service 'SparkUI' could not bind on port 4047. Attempting port 4048.
[2021-12-27 12:01:37,599] {spark_submit.py:514} INFO - 21/12/27 12:01:37 INFO Utils: Successfully started service 'SparkUI' on port 4048.
[2021-12-27 12:01:54,085] {spark_submit.py:514} INFO - 21/12/27 12:01:54 INFO SparkUI: Bound SparkUI to 0.0.0.0, and started at http://0c125a5bba95:4048
[2021-12-27 12:02:31,539] {spark_submit.py:514} INFO - 21/12/27 12:02:31 INFO StandaloneAppClient$ClientEndpoint: Connecting to master spark://spark:7077...
[2021-12-27 12:02:38,544] {spark_submit.py:514} INFO - 21/12/27 12:02:38 INFO TransportClientFactory: Successfully created connection to spark/172.19.0.4:7077 after 2178 ms (0 ms spent in bootstraps)
[2021-12-27 12:02:46,326] {spark_submit.py:514} INFO - 21/12/27 12:02:46 INFO StandaloneSchedulerBackend: Connected to Spark cluster with app ID app-20211227120246-0069
[2021-12-27 12:02:46,989] {spark_submit.py:514} INFO - 21/12/27 12:02:46 INFO Utils: Successfully started service 'org.apache.spark.network.netty.NettyBlockTransferService' on port 43039.
[2021-12-27 12:02:46,993] {spark_submit.py:514} INFO - 21/12/27 12:02:46 INFO NettyBlockTransferService: Server created on 0c125a5bba95:43039
[2021-12-27 12:02:47,119] {spark_submit.py:514} INFO - 21/12/27 12:02:47 INFO BlockManager: Using org.apache.spark.storage.RandomBlockReplicationPolicy for block replication policy
[2021-12-27 12:02:47,636] {spark_submit.py:514} INFO - 21/12/27 12:02:47 INFO BlockManagerMaster: Registering BlockManager BlockManagerId(driver, 0c125a5bba95, 43039, None)
[2021-12-27 12:02:47,998] {spark_submit.py:514} INFO - 21/12/27 12:02:47 INFO BlockManagerMasterEndpoint: Registering block manager 0c125a5bba95:43039 with 434.4 MiB RAM, BlockManagerId(driver, 0c125a5bba95, 43039, None)
[2021-12-27 12:02:48,265] {spark_submit.py:514} INFO - 21/12/27 12:02:48 INFO BlockManagerMaster: Registered BlockManager BlockManagerId(driver, 0c125a5bba95, 43039, None)
[2021-12-27 12:02:48,289] {spark_submit.py:514} INFO - 21/12/27 12:02:48 INFO BlockManager: Initialized BlockManager: BlockManagerId(driver, 0c125a5bba95, 43039, None)
[2021-12-27 12:02:56,260] {spark_submit.py:514} INFO - 21/12/27 12:02:56 INFO AsyncEventQueue: Process of event SparkListenerResourceProfileAdded(Profile: id = 0, executor resources: cores -> name: cores, amount: 1, script: , vendor: ,memory -> name: memory, amount: 1024, script: , vendor: ,offHeap -> name: offHeap, amount: 0, script: , vendor: , task resources: cpus -> name: cpus, amount: 1.0) by listener HeartbeatReceiver took 1.5909169s.
[2021-12-27 12:02:56,681] {spark_submit.py:514} INFO - 21/12/27 12:02:56 INFO StandaloneSchedulerBackend: SchedulerBackend is ready for scheduling beginning after reached minRegisteredResourcesRatio: 0.0
[2021-12-27 12:02:57,521] {spark_submit.py:514} INFO - 21/12/27 12:02:57 INFO AsyncEventQueue: Process of event SparkListenerResourceProfileAdded(Profile: id = 0, executor resources: cores -> name: cores, amount: 1, script: , vendor: ,memory -> name: memory, amount: 1024, script: , vendor: ,offHeap -> name: offHeap, amount: 0, script: , vendor: , task resources: cpus -> name: cpus, amount: 1.0) by listener AppStatusListener took 2.841324s.
[2021-12-27 12:03:00,470] {spark_submit.py:514} INFO - /home/***/.local/lib/python3.6/site-packages/pyspark/python/lib/pyspark.zip/pyspark/context.py:238: FutureWarning: Python 3.6 support is deprecated in Spark 3.2.
[2021-12-27 12:03:00,474] {spark_submit.py:514} INFO - FutureWarning
[2021-12-27 12:03:13,383] {spark_submit.py:514} INFO - 21/12/27 12:03:13 INFO SharedState: Setting hive.metastore.warehouse.dir ('null') to the value of spark.sql.warehouse.dir.
[2021-12-27 12:03:13,512] {spark_submit.py:514} INFO - 21/12/27 12:03:13 INFO SharedState: Warehouse path is 'file:/opt/***/spark-warehouse'.
[2021-12-27 12:04:29,699] {spark_submit.py:514} INFO - 21/12/27 12:04:29 INFO SparkContext: Invoking stop() from shutdown hook
[2021-12-27 12:04:32,640] {spark_submit.py:514} INFO - 21/12/27 12:04:32 INFO SparkUI: Stopped Spark web UI at http://0c125a5bba95:4048
[2021-12-27 12:04:33,103] {spark_submit.py:514} INFO - 21/12/27 12:04:33 INFO StandaloneSchedulerBackend: Shutting down all executors
[2021-12-27 12:04:34,066] {spark_submit.py:514} INFO - 21/12/27 12:04:34 INFO CoarseGrainedSchedulerBackend$DriverEndpoint: Asking each executor to shut down
[2021-12-27 12:04:37,095] {spark_submit.py:514} INFO - 21/12/27 12:04:36 INFO MapOutputTrackerMasterEndpoint: MapOutputTrackerMasterEndpoint stopped!
[2021-12-27 12:04:40,216] {spark_submit.py:514} INFO - 21/12/27 12:04:40 INFO MemoryStore: MemoryStore cleared
[2021-12-27 12:04:40,277] {spark_submit.py:514} INFO - 21/12/27 12:04:40 INFO BlockManager: BlockManager stopped
[2021-12-27 12:04:42,398] {spark_submit.py:514} INFO - 21/12/27 12:04:42 INFO BlockManagerMaster: BlockManagerMaster stopped
[2021-12-27 12:04:42,799] {spark_submit.py:514} INFO - 21/12/27 12:04:42 INFO OutputCommitCoordinator$OutputCommitCoordinatorEndpoint: OutputCommitCoordinator stopped!
[2021-12-27 12:04:44,389] {spark_submit.py:514} INFO - 21/12/27 12:04:44 INFO SparkContext: Successfully stopped SparkContext
[2021-12-27 12:04:44,466] {spark_submit.py:514} INFO - 21/12/27 12:04:44 INFO ShutdownHookManager: Shutdown hook called
[2021-12-27 12:04:44,492] {spark_submit.py:514} INFO - 21/12/27 12:04:44 INFO ShutdownHookManager: Deleting directory /tmp/spark-5c009cb3-9fbd-4a9d-b194-0bcd585ffa04/pyspark-210b9f3c-78a7-4fe6-b83b-808c00239deb
[2021-12-27 12:04:44,703] {spark_submit.py:514} INFO - 21/12/27 12:04:44 INFO ShutdownHookManager: Deleting directory /tmp/spark-5c009cb3-9fbd-4a9d-b194-0bcd585ffa04
[2021-12-27 12:04:44,798] {spark_submit.py:514} INFO - 21/12/27 12:04:44 INFO ShutdownHookManager: Deleting directory /tmp/spark-40634ee5-e36e-4a05-a678-b960bfc0629a
[2021-12-27 12:05:05,055] {taskinstance.py:1280} INFO - Marking task as SUCCESS. dag_id=scraping_daft_waterford, task_id=persist_data, execution_date=20211226T105500, start_date=20211227T115817, end_date=20211227T120504
[2021-12-27 12:05:09,993] {local_task_job.py:154} INFO - Task exited with return code 0
[2021-12-27 12:05:13,759] {local_task_job.py:264} INFO - 1 downstream tasks scheduled from follow-on schedule check
