[2021-12-15 09:05:20,742] {taskinstance.py:1035} INFO - Dependencies all met for <TaskInstance: scraping_daft_carlow.persist_data scheduled__2021-12-14T09:05:00+00:00 [queued]>
[2021-12-15 09:05:20,757] {taskinstance.py:1035} INFO - Dependencies all met for <TaskInstance: scraping_daft_carlow.persist_data scheduled__2021-12-14T09:05:00+00:00 [queued]>
[2021-12-15 09:05:20,758] {taskinstance.py:1241} INFO - 
--------------------------------------------------------------------------------
[2021-12-15 09:05:20,760] {taskinstance.py:1242} INFO - Starting attempt 1 of 4
[2021-12-15 09:05:20,761] {taskinstance.py:1243} INFO - 
--------------------------------------------------------------------------------
[2021-12-15 09:05:20,776] {taskinstance.py:1262} INFO - Executing <Task(SparkSubmitOperator): persist_data> on 2021-12-14 09:05:00+00:00
[2021-12-15 09:05:20,784] {standard_task_runner.py:76} INFO - Running: ['***', 'tasks', 'run', 'scraping_daft_carlow', 'persist_data', 'scheduled__2021-12-14T09:05:00+00:00', '--job-id', '2407', '--raw', '--subdir', 'DAGS_FOLDER/scraping_daft_carlow.py', '--cfg-path', '/tmp/tmpp_lecavb', '--error-file', '/tmp/tmps9gp3k39']
[2021-12-15 09:05:20,785] {standard_task_runner.py:77} INFO - Job 2407: Subtask persist_data
[2021-12-15 09:05:20,780] {standard_task_runner.py:52} INFO - Started process 10172 to run task
[2021-12-15 09:05:20,867] {logging_mixin.py:109} INFO - Running <TaskInstance: scraping_daft_carlow.persist_data scheduled__2021-12-14T09:05:00+00:00 [running]> on host e2904d252e94
[2021-12-15 09:05:20,994] {taskinstance.py:1429} INFO - Exporting the following env vars:
AIRFLOW_CTX_DAG_EMAIL=clement.liscoet@gmail.com
AIRFLOW_CTX_DAG_OWNER=clemoni
AIRFLOW_CTX_DAG_ID=scraping_daft_carlow
AIRFLOW_CTX_TASK_ID=persist_data
AIRFLOW_CTX_EXECUTION_DATE=2021-12-14T09:05:00+00:00
AIRFLOW_CTX_DAG_RUN_ID=scheduled__2021-12-14T09:05:00+00:00
[2021-12-15 09:05:21,016] {base.py:79} INFO - Using connection to: id: spark_default. Host: spark://spark:7077, Port: None, Schema: , Login: ***, Password: ***, extra: {}
[2021-12-15 09:05:21,019] {spark_submit.py:360} INFO - Spark-Submit cmd: spark-submit --master spark://spark:7077 --conf spark.master=spark://spark:7077 --name persist data --verbose /opt/***/jobs/persist_db.py carlow
[2021-12-15 09:05:22,656] {spark_submit.py:514} INFO - Using properties file: null
[2021-12-15 09:05:22,790] {spark_submit.py:514} INFO - WARNING: An illegal reflective access operation has occurred
[2021-12-15 09:05:22,792] {spark_submit.py:514} INFO - WARNING: Illegal reflective access by org.apache.spark.unsafe.Platform (file:/home/***/.local/lib/python3.6/site-packages/pyspark/jars/spark-unsafe_2.12-3.2.0.jar) to constructor java.nio.DirectByteBuffer(long,int)
[2021-12-15 09:05:22,792] {spark_submit.py:514} INFO - WARNING: Please consider reporting this to the maintainers of org.apache.spark.unsafe.Platform
[2021-12-15 09:05:22,795] {spark_submit.py:514} INFO - WARNING: Use --illegal-access=warn to enable warnings of further illegal reflective access operations
[2021-12-15 09:05:22,796] {spark_submit.py:514} INFO - WARNING: All illegal access operations will be denied in a future release
[2021-12-15 09:05:22,863] {spark_submit.py:514} INFO - Parsed arguments:
[2021-12-15 09:05:22,864] {spark_submit.py:514} INFO - master                  spark://spark:7077
[2021-12-15 09:05:22,865] {spark_submit.py:514} INFO - deployMode              null
[2021-12-15 09:05:22,866] {spark_submit.py:514} INFO - executorMemory          null
[2021-12-15 09:05:22,866] {spark_submit.py:514} INFO - executorCores           null
[2021-12-15 09:05:22,867] {spark_submit.py:514} INFO - totalExecutorCores      null
[2021-12-15 09:05:22,868] {spark_submit.py:514} INFO - propertiesFile          null
[2021-12-15 09:05:22,869] {spark_submit.py:514} INFO - driverMemory            null
[2021-12-15 09:05:22,869] {spark_submit.py:514} INFO - driverCores             null
[2021-12-15 09:05:22,870] {spark_submit.py:514} INFO - driverExtraClassPath    null
[2021-12-15 09:05:22,871] {spark_submit.py:514} INFO - driverExtraLibraryPath  null
[2021-12-15 09:05:22,872] {spark_submit.py:514} INFO - driverExtraJavaOptions  null
[2021-12-15 09:05:22,873] {spark_submit.py:514} INFO - supervise               false
[2021-12-15 09:05:22,874] {spark_submit.py:514} INFO - queue                   null
[2021-12-15 09:05:22,875] {spark_submit.py:514} INFO - numExecutors            null
[2021-12-15 09:05:22,876] {spark_submit.py:514} INFO - files                   null
[2021-12-15 09:05:22,876] {spark_submit.py:514} INFO - pyFiles                 null
[2021-12-15 09:05:22,877] {spark_submit.py:514} INFO - archives                null
[2021-12-15 09:05:22,878] {spark_submit.py:514} INFO - mainClass               null
[2021-12-15 09:05:22,879] {spark_submit.py:514} INFO - primaryResource         file:/opt/***/jobs/persist_db.py
[2021-12-15 09:05:22,880] {spark_submit.py:514} INFO - name                    persist data
[2021-12-15 09:05:22,880] {spark_submit.py:514} INFO - childArgs               [carlow]
[2021-12-15 09:05:22,881] {spark_submit.py:514} INFO - jars                    null
[2021-12-15 09:05:22,882] {spark_submit.py:514} INFO - packages                null
[2021-12-15 09:05:22,883] {spark_submit.py:514} INFO - packagesExclusions      null
[2021-12-15 09:05:22,884] {spark_submit.py:514} INFO - repositories            null
[2021-12-15 09:05:22,885] {spark_submit.py:514} INFO - verbose                 true
[2021-12-15 09:05:22,886] {spark_submit.py:514} INFO - 
[2021-12-15 09:05:22,887] {spark_submit.py:514} INFO - Spark properties used, including those specified through
[2021-12-15 09:05:22,888] {spark_submit.py:514} INFO - --conf and those from the properties file null:
[2021-12-15 09:05:22,889] {spark_submit.py:514} INFO - (spark.master,spark://spark:7077)
[2021-12-15 09:05:22,890] {spark_submit.py:514} INFO - 
[2021-12-15 09:05:22,891] {spark_submit.py:514} INFO - 
[2021-12-15 09:05:23,271] {spark_submit.py:514} INFO - Main class:
[2021-12-15 09:05:23,272] {spark_submit.py:514} INFO - org.apache.spark.deploy.PythonRunner
[2021-12-15 09:05:23,274] {spark_submit.py:514} INFO - Arguments:
[2021-12-15 09:05:23,276] {spark_submit.py:514} INFO - file:/opt/***/jobs/persist_db.py
[2021-12-15 09:05:23,277] {spark_submit.py:514} INFO - null
[2021-12-15 09:05:23,278] {spark_submit.py:514} INFO - carlow
[2021-12-15 09:05:23,279] {spark_submit.py:514} INFO - --verbose
[2021-12-15 09:05:23,281] {spark_submit.py:514} INFO - Spark config:
[2021-12-15 09:05:23,282] {spark_submit.py:514} INFO - (spark.master,spark://spark:7077)
[2021-12-15 09:05:23,283] {spark_submit.py:514} INFO - (spark.app.name,persist data)
[2021-12-15 09:05:23,284] {spark_submit.py:514} INFO - (spark.submit.pyFiles,)
[2021-12-15 09:05:23,285] {spark_submit.py:514} INFO - (spark.submit.deployMode,client)
[2021-12-15 09:05:23,286] {spark_submit.py:514} INFO - Classpath elements:
[2021-12-15 09:05:23,287] {spark_submit.py:514} INFO - 
[2021-12-15 09:05:23,288] {spark_submit.py:514} INFO - 
[2021-12-15 09:05:23,289] {spark_submit.py:514} INFO - 
[2021-12-15 09:05:24,891] {spark_submit.py:514} INFO - Using Spark's default log4j profile: org/apache/spark/log4j-defaults.properties
[2021-12-15 09:05:24,912] {spark_submit.py:514} INFO - 21/12/15 09:05:24 INFO SparkContext: Running Spark version 3.2.0
[2021-12-15 09:05:25,112] {spark_submit.py:514} INFO - 21/12/15 09:05:25 WARN NativeCodeLoader: Unable to load native-hadoop library for your platform... using builtin-java classes where applicable
[2021-12-15 09:05:25,441] {spark_submit.py:514} INFO - 21/12/15 09:05:25 INFO ResourceUtils: ==============================================================
[2021-12-15 09:05:25,443] {spark_submit.py:514} INFO - 21/12/15 09:05:25 INFO ResourceUtils: No custom resources configured for spark.driver.
[2021-12-15 09:05:25,445] {spark_submit.py:514} INFO - 21/12/15 09:05:25 INFO ResourceUtils: ==============================================================
[2021-12-15 09:05:25,447] {spark_submit.py:514} INFO - 21/12/15 09:05:25 INFO SparkContext: Submitted application: Persist DB
[2021-12-15 09:05:25,523] {spark_submit.py:514} INFO - 21/12/15 09:05:25 INFO ResourceProfile: Default ResourceProfile created, executor resources: Map(cores -> name: cores, amount: 1, script: , vendor: , memory -> name: memory, amount: 1024, script: , vendor: , offHeap -> name: offHeap, amount: 0, script: , vendor: ), task resources: Map(cpus -> name: cpus, amount: 1.0)
[2021-12-15 09:05:25,566] {spark_submit.py:514} INFO - 21/12/15 09:05:25 INFO ResourceProfile: Limiting resource is cpu
[2021-12-15 09:05:25,568] {spark_submit.py:514} INFO - 21/12/15 09:05:25 INFO ResourceProfileManager: Added ResourceProfile id: 0
[2021-12-15 09:05:25,759] {spark_submit.py:514} INFO - 21/12/15 09:05:25 INFO SecurityManager: Changing view acls to: ***
[2021-12-15 09:05:25,762] {spark_submit.py:514} INFO - 21/12/15 09:05:25 INFO SecurityManager: Changing modify acls to: ***
[2021-12-15 09:05:25,764] {spark_submit.py:514} INFO - 21/12/15 09:05:25 INFO SecurityManager: Changing view acls groups to:
[2021-12-15 09:05:25,766] {spark_submit.py:514} INFO - 21/12/15 09:05:25 INFO SecurityManager: Changing modify acls groups to:
[2021-12-15 09:05:25,768] {spark_submit.py:514} INFO - 21/12/15 09:05:25 INFO SecurityManager: SecurityManager: authentication disabled; ui acls disabled; users  with view permissions: Set(***); groups with view permissions: Set(); users  with modify permissions: Set(***); groups with modify permissions: Set()
[2021-12-15 09:05:26,783] {spark_submit.py:514} INFO - 21/12/15 09:05:26 INFO Utils: Successfully started service 'sparkDriver' on port 41387.
[2021-12-15 09:05:26,853] {spark_submit.py:514} INFO - 21/12/15 09:05:26 INFO SparkEnv: Registering MapOutputTracker
[2021-12-15 09:05:26,938] {spark_submit.py:514} INFO - 21/12/15 09:05:26 INFO SparkEnv: Registering BlockManagerMaster
[2021-12-15 09:05:26,985] {spark_submit.py:514} INFO - 21/12/15 09:05:26 INFO BlockManagerMasterEndpoint: Using org.apache.spark.storage.DefaultTopologyMapper for getting topology information
[2021-12-15 09:05:26,986] {spark_submit.py:514} INFO - 21/12/15 09:05:26 INFO BlockManagerMasterEndpoint: BlockManagerMasterEndpoint up
[2021-12-15 09:05:27,001] {spark_submit.py:514} INFO - 21/12/15 09:05:27 INFO SparkEnv: Registering BlockManagerMasterHeartbeat
[2021-12-15 09:05:27,071] {spark_submit.py:514} INFO - 21/12/15 09:05:27 INFO DiskBlockManager: Created local directory at /tmp/blockmgr-4104bb93-240e-4032-a5f9-d059a734aa6a
[2021-12-15 09:05:27,123] {spark_submit.py:514} INFO - 21/12/15 09:05:27 INFO MemoryStore: MemoryStore started with capacity 434.4 MiB
[2021-12-15 09:05:27,175] {spark_submit.py:514} INFO - 21/12/15 09:05:27 INFO SparkEnv: Registering OutputCommitCoordinator
[2021-12-15 09:05:27,754] {spark_submit.py:514} INFO - 21/12/15 09:05:27 INFO Utils: Successfully started service 'SparkUI' on port 4040.
[2021-12-15 09:05:27,883] {spark_submit.py:514} INFO - 21/12/15 09:05:27 INFO SparkUI: Bound SparkUI to 0.0.0.0, and started at http://e2904d252e94:4040
[2021-12-15 09:05:28,442] {spark_submit.py:514} INFO - 21/12/15 09:05:28 INFO StandaloneAppClient$ClientEndpoint: Connecting to master spark://spark:7077...
[2021-12-15 09:05:28,625] {spark_submit.py:514} INFO - 21/12/15 09:05:28 INFO TransportClientFactory: Successfully created connection to spark/172.19.0.4:7077 after 86 ms (0 ms spent in bootstraps)
[2021-12-15 09:05:28,847] {spark_submit.py:514} INFO - 21/12/15 09:05:28 INFO StandaloneSchedulerBackend: Connected to Spark cluster with app ID app-20211215090528-0058
[2021-12-15 09:05:28,856] {spark_submit.py:514} INFO - 21/12/15 09:05:28 INFO StandaloneAppClient$ClientEndpoint: Executor added: app-20211215090528-0058/0 on worker-20211215085029-172.19.0.5-33915 (172.19.0.5:33915) with 6 core(s)
[2021-12-15 09:05:28,872] {spark_submit.py:514} INFO - 21/12/15 09:05:28 INFO StandaloneSchedulerBackend: Granted executor ID app-20211215090528-0058/0 on hostPort 172.19.0.5:33915 with 6 core(s), 1024.0 MiB RAM
[2021-12-15 09:05:28,880] {spark_submit.py:514} INFO - 21/12/15 09:05:28 INFO Utils: Successfully started service 'org.apache.spark.network.netty.NettyBlockTransferService' on port 43717.
[2021-12-15 09:05:28,888] {spark_submit.py:514} INFO - 21/12/15 09:05:28 INFO NettyBlockTransferService: Server created on e2904d252e94:43717
[2021-12-15 09:05:28,890] {spark_submit.py:514} INFO - 21/12/15 09:05:28 INFO BlockManager: Using org.apache.spark.storage.RandomBlockReplicationPolicy for block replication policy
[2021-12-15 09:05:28,892] {spark_submit.py:514} INFO - 21/12/15 09:05:28 INFO StandaloneAppClient$ClientEndpoint: Executor added: app-20211215090528-0058/1 on worker-20211215085029-172.19.0.6-38383 (172.19.0.6:38383) with 6 core(s)
[2021-12-15 09:05:28,894] {spark_submit.py:514} INFO - 21/12/15 09:05:28 INFO StandaloneSchedulerBackend: Granted executor ID app-20211215090528-0058/1 on hostPort 172.19.0.6:38383 with 6 core(s), 1024.0 MiB RAM
[2021-12-15 09:05:28,916] {spark_submit.py:514} INFO - 21/12/15 09:05:28 INFO BlockManagerMaster: Registering BlockManager BlockManagerId(driver, e2904d252e94, 43717, None)
[2021-12-15 09:05:28,942] {spark_submit.py:514} INFO - 21/12/15 09:05:28 INFO BlockManagerMasterEndpoint: Registering block manager e2904d252e94:43717 with 434.4 MiB RAM, BlockManagerId(driver, e2904d252e94, 43717, None)
[2021-12-15 09:05:28,951] {spark_submit.py:514} INFO - 21/12/15 09:05:28 INFO BlockManagerMaster: Registered BlockManager BlockManagerId(driver, e2904d252e94, 43717, None)
[2021-12-15 09:05:28,958] {spark_submit.py:514} INFO - 21/12/15 09:05:28 INFO BlockManager: Initialized BlockManager: BlockManagerId(driver, e2904d252e94, 43717, None)
[2021-12-15 09:05:29,004] {spark_submit.py:514} INFO - 21/12/15 09:05:28 INFO StandaloneAppClient$ClientEndpoint: Executor updated: app-20211215090528-0058/1 is now RUNNING
[2021-12-15 09:05:29,027] {spark_submit.py:514} INFO - 21/12/15 09:05:29 INFO StandaloneAppClient$ClientEndpoint: Executor updated: app-20211215090528-0058/0 is now RUNNING
[2021-12-15 09:05:29,528] {spark_submit.py:514} INFO - 21/12/15 09:05:29 INFO StandaloneSchedulerBackend: SchedulerBackend is ready for scheduling beginning after reached minRegisteredResourcesRatio: 0.0
[2021-12-15 09:05:29,595] {spark_submit.py:514} INFO - /home/***/.local/lib/python3.6/site-packages/pyspark/python/lib/pyspark.zip/pyspark/context.py:238: FutureWarning: Python 3.6 support is deprecated in Spark 3.2.
[2021-12-15 09:05:29,597] {spark_submit.py:514} INFO - FutureWarning
[2021-12-15 09:05:30,000] {spark_submit.py:514} INFO - 21/12/15 09:05:29 INFO SharedState: Setting hive.metastore.warehouse.dir ('null') to the value of spark.sql.warehouse.dir.
[2021-12-15 09:05:30,037] {spark_submit.py:514} INFO - 21/12/15 09:05:30 INFO SharedState: Warehouse path is 'file:/opt/***/spark-warehouse'.
[2021-12-15 09:05:31,477] {spark_submit.py:514} INFO - 21/12/15 09:05:31 INFO SparkContext: Invoking stop() from shutdown hook
[2021-12-15 09:05:31,501] {spark_submit.py:514} INFO - 21/12/15 09:05:31 INFO SparkUI: Stopped Spark web UI at http://e2904d252e94:4040
[2021-12-15 09:05:31,518] {spark_submit.py:514} INFO - 21/12/15 09:05:31 INFO StandaloneSchedulerBackend: Shutting down all executors
[2021-12-15 09:05:31,544] {spark_submit.py:514} INFO - 21/12/15 09:05:31 INFO CoarseGrainedSchedulerBackend$DriverEndpoint: Asking each executor to shut down
[2021-12-15 09:05:31,600] {spark_submit.py:514} INFO - 21/12/15 09:05:31 INFO MapOutputTrackerMasterEndpoint: MapOutputTrackerMasterEndpoint stopped!
[2021-12-15 09:05:31,636] {spark_submit.py:514} INFO - 21/12/15 09:05:31 INFO MemoryStore: MemoryStore cleared
[2021-12-15 09:05:31,638] {spark_submit.py:514} INFO - 21/12/15 09:05:31 INFO BlockManager: BlockManager stopped
[2021-12-15 09:05:31,660] {spark_submit.py:514} INFO - 21/12/15 09:05:31 INFO BlockManagerMaster: BlockManagerMaster stopped
[2021-12-15 09:05:31,665] {spark_submit.py:514} INFO - 21/12/15 09:05:31 INFO OutputCommitCoordinator$OutputCommitCoordinatorEndpoint: OutputCommitCoordinator stopped!
[2021-12-15 09:05:31,683] {spark_submit.py:514} INFO - 21/12/15 09:05:31 INFO SparkContext: Successfully stopped SparkContext
[2021-12-15 09:05:31,685] {spark_submit.py:514} INFO - 21/12/15 09:05:31 INFO ShutdownHookManager: Shutdown hook called
[2021-12-15 09:05:31,687] {spark_submit.py:514} INFO - 21/12/15 09:05:31 INFO ShutdownHookManager: Deleting directory /tmp/spark-06e5dd70-8c80-4d3f-bf88-2da34e4a7927
[2021-12-15 09:05:31,693] {spark_submit.py:514} INFO - 21/12/15 09:05:31 INFO ShutdownHookManager: Deleting directory /tmp/spark-06e5dd70-8c80-4d3f-bf88-2da34e4a7927/pyspark-14aa8931-a048-4135-90de-44e01387299c
[2021-12-15 09:05:31,699] {spark_submit.py:514} INFO - 21/12/15 09:05:31 INFO ShutdownHookManager: Deleting directory /tmp/spark-0d93f3ed-300e-4bdf-924e-f36ea6a161be
[2021-12-15 09:05:31,879] {taskinstance.py:1280} INFO - Marking task as SUCCESS. dag_id=scraping_daft_carlow, task_id=persist_data, execution_date=20211214T090500, start_date=20211215T090520, end_date=20211215T090531
[2021-12-15 09:05:31,915] {local_task_job.py:154} INFO - Task exited with return code 0
[2021-12-15 09:05:32,021] {local_task_job.py:264} INFO - 1 downstream tasks scheduled from follow-on schedule check
