[2022-01-04 12:24:14,364] {taskinstance.py:1035} INFO - Dependencies all met for <TaskInstance: scraping_daft_westmeath.persist_data scheduled__2022-01-03T11:00:00+00:00 [queued]>
[2022-01-04 12:24:14,780] {taskinstance.py:1035} INFO - Dependencies all met for <TaskInstance: scraping_daft_westmeath.persist_data scheduled__2022-01-03T11:00:00+00:00 [queued]>
[2022-01-04 12:24:14,788] {taskinstance.py:1241} INFO - 
--------------------------------------------------------------------------------
[2022-01-04 12:24:14,791] {taskinstance.py:1242} INFO - Starting attempt 1 of 4
[2022-01-04 12:24:14,793] {taskinstance.py:1243} INFO - 
--------------------------------------------------------------------------------
[2022-01-04 12:24:15,154] {taskinstance.py:1262} INFO - Executing <Task(SparkSubmitOperator): persist_data> on 2022-01-03 11:00:00+00:00
[2022-01-04 12:24:15,473] {standard_task_runner.py:76} INFO - Running: ['***', 'tasks', 'run', 'scraping_daft_westmeath', 'persist_data', 'scheduled__2022-01-03T11:00:00+00:00', '--job-id', '6556', '--raw', '--subdir', 'DAGS_FOLDER/scraping_daft_westmeath.py', '--cfg-path', '/tmp/tmp48g4x3uh', '--error-file', '/tmp/tmpo_bek5yo']
[2022-01-04 12:24:15,518] {standard_task_runner.py:77} INFO - Job 6556: Subtask persist_data
[2022-01-04 12:24:15,288] {standard_task_runner.py:52} INFO - Started process 6953 to run task
[2022-01-04 12:24:16,726] {logging_mixin.py:109} INFO - Running <TaskInstance: scraping_daft_westmeath.persist_data scheduled__2022-01-03T11:00:00+00:00 [running]> on host 60c978034afe
[2022-01-04 12:24:17,902] {taskinstance.py:1429} INFO - Exporting the following env vars:
AIRFLOW_CTX_DAG_EMAIL=clement.liscoet@gmail.com
AIRFLOW_CTX_DAG_OWNER=clemoni
AIRFLOW_CTX_DAG_ID=scraping_daft_westmeath
AIRFLOW_CTX_TASK_ID=persist_data
AIRFLOW_CTX_EXECUTION_DATE=2022-01-03T11:00:00+00:00
AIRFLOW_CTX_DAG_RUN_ID=scheduled__2022-01-03T11:00:00+00:00
[2022-01-04 12:24:18,150] {base.py:79} INFO - Using connection to: id: spark_default. Host: spark://spark:7077, Port: None, Schema: , Login: ***, Password: ***, extra: {}
[2022-01-04 12:24:18,354] {spark_submit.py:360} INFO - Spark-Submit cmd: spark-submit --master spark://spark:7077 --conf spark.master=spark://spark:7077 --name persist data --verbose /opt/***/jobs/persist_db.py westmeath
[2022-01-04 12:25:35,416] {spark_submit.py:514} INFO - Using properties file: null
[2022-01-04 12:25:36,609] {spark_submit.py:514} INFO - WARNING: An illegal reflective access operation has occurred
[2022-01-04 12:25:36,612] {spark_submit.py:514} INFO - WARNING: Illegal reflective access by org.apache.spark.unsafe.Platform (file:/home/***/.local/lib/python3.6/site-packages/pyspark/jars/spark-unsafe_2.12-3.2.0.jar) to constructor java.nio.DirectByteBuffer(long,int)
[2022-01-04 12:25:36,615] {spark_submit.py:514} INFO - WARNING: Please consider reporting this to the maintainers of org.apache.spark.unsafe.Platform
[2022-01-04 12:25:36,617] {spark_submit.py:514} INFO - WARNING: Use --illegal-access=warn to enable warnings of further illegal reflective access operations
[2022-01-04 12:25:36,620] {spark_submit.py:514} INFO - WARNING: All illegal access operations will be denied in a future release
[2022-01-04 12:25:37,235] {spark_submit.py:514} INFO - Parsed arguments:
[2022-01-04 12:25:37,238] {spark_submit.py:514} INFO - master                  spark://spark:7077
[2022-01-04 12:25:37,240] {spark_submit.py:514} INFO - deployMode              null
[2022-01-04 12:25:37,242] {spark_submit.py:514} INFO - executorMemory          null
[2022-01-04 12:25:37,244] {spark_submit.py:514} INFO - executorCores           null
[2022-01-04 12:25:37,245] {spark_submit.py:514} INFO - totalExecutorCores      null
[2022-01-04 12:25:37,247] {spark_submit.py:514} INFO - propertiesFile          null
[2022-01-04 12:25:37,251] {spark_submit.py:514} INFO - driverMemory            null
[2022-01-04 12:25:37,253] {spark_submit.py:514} INFO - driverCores             null
[2022-01-04 12:25:37,255] {spark_submit.py:514} INFO - driverExtraClassPath    null
[2022-01-04 12:25:37,256] {spark_submit.py:514} INFO - driverExtraLibraryPath  null
[2022-01-04 12:25:37,259] {spark_submit.py:514} INFO - driverExtraJavaOptions  null
[2022-01-04 12:25:37,262] {spark_submit.py:514} INFO - supervise               false
[2022-01-04 12:25:37,263] {spark_submit.py:514} INFO - queue                   null
[2022-01-04 12:25:37,272] {spark_submit.py:514} INFO - numExecutors            null
[2022-01-04 12:25:37,274] {spark_submit.py:514} INFO - files                   null
[2022-01-04 12:25:37,276] {spark_submit.py:514} INFO - pyFiles                 null
[2022-01-04 12:25:37,278] {spark_submit.py:514} INFO - archives                null
[2022-01-04 12:25:37,279] {spark_submit.py:514} INFO - mainClass               null
[2022-01-04 12:25:37,281] {spark_submit.py:514} INFO - primaryResource         file:/opt/***/jobs/persist_db.py
[2022-01-04 12:25:37,283] {spark_submit.py:514} INFO - name                    persist data
[2022-01-04 12:25:37,285] {spark_submit.py:514} INFO - childArgs               [westmeath]
[2022-01-04 12:25:37,287] {spark_submit.py:514} INFO - jars                    null
[2022-01-04 12:25:37,289] {spark_submit.py:514} INFO - packages                null
[2022-01-04 12:25:37,291] {spark_submit.py:514} INFO - packagesExclusions      null
[2022-01-04 12:25:37,294] {spark_submit.py:514} INFO - repositories            null
[2022-01-04 12:25:37,298] {spark_submit.py:514} INFO - verbose                 true
[2022-01-04 12:25:37,300] {spark_submit.py:514} INFO - 
[2022-01-04 12:25:37,301] {spark_submit.py:514} INFO - Spark properties used, including those specified through
[2022-01-04 12:25:37,303] {spark_submit.py:514} INFO - --conf and those from the properties file null:
[2022-01-04 12:25:37,305] {spark_submit.py:514} INFO - (spark.master,spark://spark:7077)
[2022-01-04 12:25:37,308] {spark_submit.py:514} INFO - 
[2022-01-04 12:25:37,310] {spark_submit.py:514} INFO - 
[2022-01-04 12:26:00,844] {spark_submit.py:514} INFO - Main class:
[2022-01-04 12:26:00,860] {spark_submit.py:514} INFO - org.apache.spark.deploy.PythonRunner
[2022-01-04 12:26:00,868] {spark_submit.py:514} INFO - Arguments:
[2022-01-04 12:26:00,890] {spark_submit.py:514} INFO - file:/opt/***/jobs/persist_db.py
[2022-01-04 12:26:00,915] {spark_submit.py:514} INFO - null
[2022-01-04 12:26:00,928] {spark_submit.py:514} INFO - westmeath
[2022-01-04 12:26:00,939] {spark_submit.py:514} INFO - --verbose
[2022-01-04 12:26:00,980] {spark_submit.py:514} INFO - Spark config:
[2022-01-04 12:26:00,989] {spark_submit.py:514} INFO - (spark.master,spark://spark:7077)
[2022-01-04 12:26:00,992] {spark_submit.py:514} INFO - (spark.app.name,persist data)
[2022-01-04 12:26:01,014] {spark_submit.py:514} INFO - (spark.submit.pyFiles,)
[2022-01-04 12:26:01,016] {spark_submit.py:514} INFO - (spark.submit.deployMode,client)
[2022-01-04 12:26:01,039] {spark_submit.py:514} INFO - Classpath elements:
[2022-01-04 12:26:01,044] {spark_submit.py:514} INFO - 
[2022-01-04 12:26:01,074] {spark_submit.py:514} INFO - 
[2022-01-04 12:26:01,081] {spark_submit.py:514} INFO - 
[2022-01-04 12:26:21,541] {spark_submit.py:514} INFO - Using Spark's default log4j profile: org/apache/spark/log4j-defaults.properties
[2022-01-04 12:26:21,773] {spark_submit.py:514} INFO - 22/01/04 12:26:21 INFO SparkContext: Running Spark version 3.2.0
[2022-01-04 12:26:23,837] {spark_submit.py:514} INFO - 22/01/04 12:26:23 WARN NativeCodeLoader: Unable to load native-hadoop library for your platform... using builtin-java classes where applicable
[2022-01-04 12:26:27,762] {spark_submit.py:514} INFO - 22/01/04 12:26:27 INFO ResourceUtils: ==============================================================
[2022-01-04 12:26:27,790] {spark_submit.py:514} INFO - 22/01/04 12:26:27 INFO ResourceUtils: No custom resources configured for spark.driver.
[2022-01-04 12:26:27,796] {spark_submit.py:514} INFO - 22/01/04 12:26:27 INFO ResourceUtils: ==============================================================
[2022-01-04 12:26:27,931] {spark_submit.py:514} INFO - 22/01/04 12:26:27 INFO SparkContext: Submitted application: Persist DB
[2022-01-04 12:26:29,189] {spark_submit.py:514} INFO - 22/01/04 12:26:29 INFO ResourceProfile: Default ResourceProfile created, executor resources: Map(cores -> name: cores, amount: 1, script: , vendor: , memory -> name: memory, amount: 1024, script: , vendor: , offHeap -> name: offHeap, amount: 0, script: , vendor: ), task resources: Map(cpus -> name: cpus, amount: 1.0)
[2022-01-04 12:26:29,428] {spark_submit.py:514} INFO - 22/01/04 12:26:29 INFO ResourceProfile: Limiting resource is cpu
[2022-01-04 12:26:29,444] {spark_submit.py:514} INFO - 22/01/04 12:26:29 INFO ResourceProfileManager: Added ResourceProfile id: 0
[2022-01-04 12:26:30,594] {spark_submit.py:514} INFO - 22/01/04 12:26:30 INFO SecurityManager: Changing view acls to: ***
[2022-01-04 12:26:30,597] {spark_submit.py:514} INFO - 22/01/04 12:26:30 INFO SecurityManager: Changing modify acls to: ***
[2022-01-04 12:26:30,600] {spark_submit.py:514} INFO - 22/01/04 12:26:30 INFO SecurityManager: Changing view acls groups to:
[2022-01-04 12:26:30,601] {spark_submit.py:514} INFO - 22/01/04 12:26:30 INFO SecurityManager: Changing modify acls groups to:
[2022-01-04 12:26:30,620] {spark_submit.py:514} INFO - 22/01/04 12:26:30 INFO SecurityManager: SecurityManager: authentication disabled; ui acls disabled; users  with view permissions: Set(***); groups with view permissions: Set(); users  with modify permissions: Set(***); groups with modify permissions: Set()
[2022-01-04 12:26:36,787] {spark_submit.py:514} INFO - 22/01/04 12:26:36 INFO Utils: Successfully started service 'sparkDriver' on port 41061.
[2022-01-04 12:26:37,293] {spark_submit.py:514} INFO - 22/01/04 12:26:37 INFO SparkEnv: Registering MapOutputTracker
[2022-01-04 12:26:37,955] {spark_submit.py:514} INFO - 22/01/04 12:26:37 INFO SparkEnv: Registering BlockManagerMaster
[2022-01-04 12:26:38,303] {spark_submit.py:514} INFO - 22/01/04 12:26:38 INFO BlockManagerMasterEndpoint: Using org.apache.spark.storage.DefaultTopologyMapper for getting topology information
[2022-01-04 12:26:38,314] {spark_submit.py:514} INFO - 22/01/04 12:26:38 INFO BlockManagerMasterEndpoint: BlockManagerMasterEndpoint up
[2022-01-04 12:26:38,373] {spark_submit.py:514} INFO - 22/01/04 12:26:38 INFO SparkEnv: Registering BlockManagerMasterHeartbeat
[2022-01-04 12:26:38,555] {spark_submit.py:514} INFO - 22/01/04 12:26:38 INFO DiskBlockManager: Created local directory at /tmp/blockmgr-7772eb6b-f3aa-4989-9949-778839b54f6e
[2022-01-04 12:26:38,735] {spark_submit.py:514} INFO - 22/01/04 12:26:38 INFO MemoryStore: MemoryStore started with capacity 434.4 MiB
[2022-01-04 12:26:38,804] {spark_submit.py:514} INFO - 22/01/04 12:26:38 INFO SparkEnv: Registering OutputCommitCoordinator
[2022-01-04 12:26:42,522] {spark_submit.py:514} INFO - 22/01/04 12:26:42 WARN Utils: Service 'SparkUI' could not bind on port 4040. Attempting port 4041.
[2022-01-04 12:26:42,533] {spark_submit.py:514} INFO - 22/01/04 12:26:42 WARN Utils: Service 'SparkUI' could not bind on port 4041. Attempting port 4042.
[2022-01-04 12:26:42,540] {spark_submit.py:514} INFO - 22/01/04 12:26:42 WARN Utils: Service 'SparkUI' could not bind on port 4042. Attempting port 4043.
[2022-01-04 12:26:42,549] {spark_submit.py:514} INFO - 22/01/04 12:26:42 WARN Utils: Service 'SparkUI' could not bind on port 4043. Attempting port 4044.
[2022-01-04 12:26:42,553] {spark_submit.py:514} INFO - 22/01/04 12:26:42 WARN Utils: Service 'SparkUI' could not bind on port 4044. Attempting port 4045.
[2022-01-04 12:26:42,563] {spark_submit.py:514} INFO - 22/01/04 12:26:42 WARN Utils: Service 'SparkUI' could not bind on port 4045. Attempting port 4046.
[2022-01-04 12:26:42,569] {spark_submit.py:514} INFO - 22/01/04 12:26:42 WARN Utils: Service 'SparkUI' could not bind on port 4046. Attempting port 4047.
[2022-01-04 12:26:42,574] {spark_submit.py:514} INFO - 22/01/04 12:26:42 WARN Utils: Service 'SparkUI' could not bind on port 4047. Attempting port 4048.
[2022-01-04 12:26:42,575] {spark_submit.py:514} INFO - 22/01/04 12:26:42 WARN Utils: Service 'SparkUI' could not bind on port 4048. Attempting port 4049.
[2022-01-04 12:26:42,845] {spark_submit.py:514} INFO - 22/01/04 12:26:42 INFO Utils: Successfully started service 'SparkUI' on port 4049.
[2022-01-04 12:26:44,814] {spark_submit.py:514} INFO - 22/01/04 12:26:44 INFO SparkUI: Bound SparkUI to 0.0.0.0, and started at http://60c978034afe:4049
[2022-01-04 12:27:00,597] {spark_submit.py:514} INFO - 22/01/04 12:27:00 INFO StandaloneAppClient$ClientEndpoint: Connecting to master spark://spark:7077...
[2022-01-04 12:27:02,877] {spark_submit.py:514} INFO - 22/01/04 12:27:02 INFO TransportClientFactory: Successfully created connection to spark/172.23.0.4:7077 after 1294 ms (0 ms spent in bootstraps)
[2022-01-04 12:27:04,230] {spark_submit.py:514} INFO - 22/01/04 12:27:04 INFO StandaloneSchedulerBackend: Connected to Spark cluster with app ID app-20220104122704-0049
[2022-01-04 12:27:04,467] {spark_submit.py:514} INFO - 22/01/04 12:27:04 INFO Utils: Successfully started service 'org.apache.spark.network.netty.NettyBlockTransferService' on port 46309.
[2022-01-04 12:27:04,478] {spark_submit.py:514} INFO - 22/01/04 12:27:04 INFO NettyBlockTransferService: Server created on 60c978034afe:46309
[2022-01-04 12:27:04,493] {spark_submit.py:514} INFO - 22/01/04 12:27:04 INFO BlockManager: Using org.apache.spark.storage.RandomBlockReplicationPolicy for block replication policy
[2022-01-04 12:27:04,531] {spark_submit.py:514} INFO - 22/01/04 12:27:04 INFO BlockManagerMaster: Registering BlockManager BlockManagerId(driver, 60c978034afe, 46309, None)
[2022-01-04 12:27:04,630] {spark_submit.py:514} INFO - 22/01/04 12:27:04 INFO BlockManagerMasterEndpoint: Registering block manager 60c978034afe:46309 with 434.4 MiB RAM, BlockManagerId(driver, 60c978034afe, 46309, None)
[2022-01-04 12:27:04,982] {spark_submit.py:514} INFO - 22/01/04 12:27:04 INFO BlockManagerMaster: Registered BlockManager BlockManagerId(driver, 60c978034afe, 46309, None)
[2022-01-04 12:27:05,048] {spark_submit.py:514} INFO - 22/01/04 12:27:05 INFO BlockManager: Initialized BlockManager: BlockManagerId(driver, 60c978034afe, 46309, None)
[2022-01-04 12:27:11,879] {spark_submit.py:514} INFO - 22/01/04 12:27:11 INFO StandaloneSchedulerBackend: SchedulerBackend is ready for scheduling beginning after reached minRegisteredResourcesRatio: 0.0
[2022-01-04 12:27:13,851] {spark_submit.py:514} INFO - /home/***/.local/lib/python3.6/site-packages/pyspark/python/lib/pyspark.zip/pyspark/context.py:238: FutureWarning: Python 3.6 support is deprecated in Spark 3.2.
[2022-01-04 12:27:13,857] {spark_submit.py:514} INFO - FutureWarning
[2022-01-04 12:27:16,554] {spark_submit.py:514} INFO - 22/01/04 12:27:16 INFO SharedState: Setting hive.metastore.warehouse.dir ('null') to the value of spark.sql.warehouse.dir.
[2022-01-04 12:27:16,940] {spark_submit.py:514} INFO - 22/01/04 12:27:16 INFO SharedState: Warehouse path is 'file:/opt/***/spark-warehouse'.
[2022-01-04 12:27:34,844] {spark_submit.py:514} INFO - 22/01/04 12:27:34 INFO SparkContext: Invoking stop() from shutdown hook
[2022-01-04 12:27:35,092] {spark_submit.py:514} INFO - 22/01/04 12:27:35 INFO SparkUI: Stopped Spark web UI at http://60c978034afe:4049
[2022-01-04 12:27:35,150] {spark_submit.py:514} INFO - 22/01/04 12:27:35 INFO StandaloneSchedulerBackend: Shutting down all executors
[2022-01-04 12:27:35,348] {spark_submit.py:514} INFO - 22/01/04 12:27:35 INFO CoarseGrainedSchedulerBackend$DriverEndpoint: Asking each executor to shut down
[2022-01-04 12:27:35,608] {spark_submit.py:514} INFO - 22/01/04 12:27:35 INFO MapOutputTrackerMasterEndpoint: MapOutputTrackerMasterEndpoint stopped!
[2022-01-04 12:27:36,022] {spark_submit.py:514} INFO - 22/01/04 12:27:36 INFO MemoryStore: MemoryStore cleared
[2022-01-04 12:27:36,028] {spark_submit.py:514} INFO - 22/01/04 12:27:36 INFO BlockManager: BlockManager stopped
[2022-01-04 12:27:36,058] {spark_submit.py:514} INFO - 22/01/04 12:27:36 INFO BlockManagerMaster: BlockManagerMaster stopped
[2022-01-04 12:27:36,074] {spark_submit.py:514} INFO - 22/01/04 12:27:36 INFO OutputCommitCoordinator$OutputCommitCoordinatorEndpoint: OutputCommitCoordinator stopped!
[2022-01-04 12:27:36,737] {spark_submit.py:514} INFO - 22/01/04 12:27:36 INFO SparkContext: Successfully stopped SparkContext
[2022-01-04 12:27:36,742] {spark_submit.py:514} INFO - 22/01/04 12:27:36 INFO ShutdownHookManager: Shutdown hook called
[2022-01-04 12:27:36,782] {spark_submit.py:514} INFO - 22/01/04 12:27:36 INFO ShutdownHookManager: Deleting directory /tmp/spark-895c5e34-26e0-4ea4-84d6-75dd2cf0fe7b
[2022-01-04 12:27:36,856] {spark_submit.py:514} INFO - 22/01/04 12:27:36 INFO ShutdownHookManager: Deleting directory /tmp/spark-fc0bf3ee-f20b-4994-9e4c-ea1691a429a3/pyspark-29f52afc-f892-4982-9a2a-5be0a3ed0cbe
[2022-01-04 12:27:36,979] {spark_submit.py:514} INFO - 22/01/04 12:27:36 INFO ShutdownHookManager: Deleting directory /tmp/spark-fc0bf3ee-f20b-4994-9e4c-ea1691a429a3
[2022-01-04 12:27:41,538] {taskinstance.py:1280} INFO - Marking task as SUCCESS. dag_id=scraping_daft_westmeath, task_id=persist_data, execution_date=20220103T110000, start_date=20220104T122414, end_date=20220104T122741
[2022-01-04 12:27:42,546] {local_task_job.py:154} INFO - Task exited with return code 0
[2022-01-04 12:27:43,734] {local_task_job.py:264} INFO - 1 downstream tasks scheduled from follow-on schedule check
