[2022-01-02 12:31:58,597] {taskinstance.py:1035} INFO - Dependencies all met for <TaskInstance: scraping_daft_donegal.persist_data scheduled__2022-01-01T09:25:00+00:00 [queued]>
[2022-01-02 12:31:58,772] {taskinstance.py:1035} INFO - Dependencies all met for <TaskInstance: scraping_daft_donegal.persist_data scheduled__2022-01-01T09:25:00+00:00 [queued]>
[2022-01-02 12:31:58,775] {taskinstance.py:1241} INFO - 
--------------------------------------------------------------------------------
[2022-01-02 12:31:58,779] {taskinstance.py:1242} INFO - Starting attempt 1 of 4
[2022-01-02 12:31:58,784] {taskinstance.py:1243} INFO - 
--------------------------------------------------------------------------------
[2022-01-02 12:31:58,893] {taskinstance.py:1262} INFO - Executing <Task(SparkSubmitOperator): persist_data> on 2022-01-01 09:25:00+00:00
[2022-01-02 12:31:58,932] {standard_task_runner.py:52} INFO - Started process 12893 to run task
[2022-01-02 12:31:58,991] {standard_task_runner.py:76} INFO - Running: ['***', 'tasks', 'run', 'scraping_daft_donegal', 'persist_data', 'scheduled__2022-01-01T09:25:00+00:00', '--job-id', '6236', '--raw', '--subdir', 'DAGS_FOLDER/scraping_daft_donegal.py', '--cfg-path', '/tmp/tmp9guuecfg', '--error-file', '/tmp/tmpwq4oknu7']
[2022-01-02 12:31:58,997] {standard_task_runner.py:77} INFO - Job 6236: Subtask persist_data
[2022-01-02 12:31:59,685] {logging_mixin.py:109} INFO - Running <TaskInstance: scraping_daft_donegal.persist_data scheduled__2022-01-01T09:25:00+00:00 [running]> on host bbddfc72aeab
[2022-01-02 12:32:01,929] {taskinstance.py:1429} INFO - Exporting the following env vars:
AIRFLOW_CTX_DAG_EMAIL=clement.liscoet@gmail.com
AIRFLOW_CTX_DAG_OWNER=clemoni
AIRFLOW_CTX_DAG_ID=scraping_daft_donegal
AIRFLOW_CTX_TASK_ID=persist_data
AIRFLOW_CTX_EXECUTION_DATE=2022-01-01T09:25:00+00:00
AIRFLOW_CTX_DAG_RUN_ID=scheduled__2022-01-01T09:25:00+00:00
[2022-01-02 12:32:02,182] {base.py:79} INFO - Using connection to: id: spark_default. Host: spark://spark:7077, Port: None, Schema: , Login: ***, Password: ***, extra: {}
[2022-01-02 12:32:02,249] {spark_submit.py:360} INFO - Spark-Submit cmd: spark-submit --master spark://spark:7077 --conf spark.master=spark://spark:7077 --name persist data --verbose /opt/***/jobs/persist_db.py donegal
[2022-01-02 12:32:53,598] {spark_submit.py:514} INFO - Using properties file: null
[2022-01-02 12:32:56,599] {spark_submit.py:514} INFO - WARNING: An illegal reflective access operation has occurred
[2022-01-02 12:32:56,600] {spark_submit.py:514} INFO - WARNING: Illegal reflective access by org.apache.spark.unsafe.Platform (file:/home/***/.local/lib/python3.6/site-packages/pyspark/jars/spark-unsafe_2.12-3.2.0.jar) to constructor java.nio.DirectByteBuffer(long,int)
[2022-01-02 12:32:56,602] {spark_submit.py:514} INFO - WARNING: Please consider reporting this to the maintainers of org.apache.spark.unsafe.Platform
[2022-01-02 12:32:56,603] {spark_submit.py:514} INFO - WARNING: Use --illegal-access=warn to enable warnings of further illegal reflective access operations
[2022-01-02 12:32:56,604] {spark_submit.py:514} INFO - WARNING: All illegal access operations will be denied in a future release
[2022-01-02 12:32:58,120] {spark_submit.py:514} INFO - Parsed arguments:
[2022-01-02 12:32:58,125] {spark_submit.py:514} INFO - master                  spark://spark:7077
[2022-01-02 12:32:58,130] {spark_submit.py:514} INFO - deployMode              null
[2022-01-02 12:32:58,135] {spark_submit.py:514} INFO - executorMemory          null
[2022-01-02 12:32:58,139] {spark_submit.py:514} INFO - executorCores           null
[2022-01-02 12:32:58,145] {spark_submit.py:514} INFO - totalExecutorCores      null
[2022-01-02 12:32:58,150] {spark_submit.py:514} INFO - propertiesFile          null
[2022-01-02 12:32:58,155] {spark_submit.py:514} INFO - driverMemory            null
[2022-01-02 12:32:58,158] {spark_submit.py:514} INFO - driverCores             null
[2022-01-02 12:32:58,160] {spark_submit.py:514} INFO - driverExtraClassPath    null
[2022-01-02 12:32:58,163] {spark_submit.py:514} INFO - driverExtraLibraryPath  null
[2022-01-02 12:32:58,167] {spark_submit.py:514} INFO - driverExtraJavaOptions  null
[2022-01-02 12:32:58,172] {spark_submit.py:514} INFO - supervise               false
[2022-01-02 12:32:58,174] {spark_submit.py:514} INFO - queue                   null
[2022-01-02 12:32:58,177] {spark_submit.py:514} INFO - numExecutors            null
[2022-01-02 12:32:58,182] {spark_submit.py:514} INFO - files                   null
[2022-01-02 12:32:58,185] {spark_submit.py:514} INFO - pyFiles                 null
[2022-01-02 12:32:58,191] {spark_submit.py:514} INFO - archives                null
[2022-01-02 12:32:58,195] {spark_submit.py:514} INFO - mainClass               null
[2022-01-02 12:32:58,198] {spark_submit.py:514} INFO - primaryResource         file:/opt/***/jobs/persist_db.py
[2022-01-02 12:32:58,200] {spark_submit.py:514} INFO - name                    persist data
[2022-01-02 12:32:58,204] {spark_submit.py:514} INFO - childArgs               [donegal]
[2022-01-02 12:32:58,216] {spark_submit.py:514} INFO - jars                    null
[2022-01-02 12:32:58,235] {spark_submit.py:514} INFO - packages                null
[2022-01-02 12:32:58,240] {spark_submit.py:514} INFO - packagesExclusions      null
[2022-01-02 12:32:58,251] {spark_submit.py:514} INFO - repositories            null
[2022-01-02 12:32:58,254] {spark_submit.py:514} INFO - verbose                 true
[2022-01-02 12:32:58,268] {spark_submit.py:514} INFO - 
[2022-01-02 12:32:58,274] {spark_submit.py:514} INFO - Spark properties used, including those specified through
[2022-01-02 12:32:58,281] {spark_submit.py:514} INFO - --conf and those from the properties file null:
[2022-01-02 12:32:58,287] {spark_submit.py:514} INFO - (spark.master,spark://spark:7077)
[2022-01-02 12:32:58,290] {spark_submit.py:514} INFO - 
[2022-01-02 12:32:58,292] {spark_submit.py:514} INFO - 
[2022-01-02 12:33:07,456] {spark_submit.py:514} INFO - Main class:
[2022-01-02 12:33:07,458] {spark_submit.py:514} INFO - org.apache.spark.deploy.PythonRunner
[2022-01-02 12:33:07,469] {spark_submit.py:514} INFO - Arguments:
[2022-01-02 12:33:07,474] {spark_submit.py:514} INFO - file:/opt/***/jobs/persist_db.py
[2022-01-02 12:33:07,482] {spark_submit.py:514} INFO - null
[2022-01-02 12:33:07,487] {spark_submit.py:514} INFO - donegal
[2022-01-02 12:33:07,490] {spark_submit.py:514} INFO - --verbose
[2022-01-02 12:33:07,517] {spark_submit.py:514} INFO - Spark config:
[2022-01-02 12:33:07,530] {spark_submit.py:514} INFO - (spark.master,spark://spark:7077)
[2022-01-02 12:33:07,537] {spark_submit.py:514} INFO - (spark.app.name,persist data)
[2022-01-02 12:33:07,551] {spark_submit.py:514} INFO - (spark.submit.pyFiles,)
[2022-01-02 12:33:07,557] {spark_submit.py:514} INFO - (spark.submit.deployMode,client)
[2022-01-02 12:33:07,565] {spark_submit.py:514} INFO - Classpath elements:
[2022-01-02 12:33:07,569] {spark_submit.py:514} INFO - 
[2022-01-02 12:33:07,578] {spark_submit.py:514} INFO - 
[2022-01-02 12:33:07,582] {spark_submit.py:514} INFO - 
[2022-01-02 12:33:32,333] {spark_submit.py:514} INFO - Using Spark's default log4j profile: org/apache/spark/log4j-defaults.properties
[2022-01-02 12:33:32,637] {spark_submit.py:514} INFO - 22/01/02 12:33:32 INFO SparkContext: Running Spark version 3.2.0
[2022-01-02 12:33:34,380] {spark_submit.py:514} INFO - 22/01/02 12:33:34 WARN NativeCodeLoader: Unable to load native-hadoop library for your platform... using builtin-java classes where applicable
[2022-01-02 12:33:36,869] {spark_submit.py:514} INFO - 22/01/02 12:33:36 INFO ResourceUtils: ==============================================================
[2022-01-02 12:33:36,886] {spark_submit.py:514} INFO - 22/01/02 12:33:36 INFO ResourceUtils: No custom resources configured for spark.driver.
[2022-01-02 12:33:36,891] {spark_submit.py:514} INFO - 22/01/02 12:33:36 INFO ResourceUtils: ==============================================================
[2022-01-02 12:33:36,893] {spark_submit.py:514} INFO - 22/01/02 12:33:36 INFO SparkContext: Submitted application: Persist DB
[2022-01-02 12:33:37,061] {spark_submit.py:514} INFO - 22/01/02 12:33:37 INFO ResourceProfile: Default ResourceProfile created, executor resources: Map(cores -> name: cores, amount: 1, script: , vendor: , memory -> name: memory, amount: 1024, script: , vendor: , offHeap -> name: offHeap, amount: 0, script: , vendor: ), task resources: Map(cpus -> name: cpus, amount: 1.0)
[2022-01-02 12:33:37,110] {spark_submit.py:514} INFO - 22/01/02 12:33:37 INFO ResourceProfile: Limiting resource is cpu
[2022-01-02 12:33:37,113] {spark_submit.py:514} INFO - 22/01/02 12:33:37 INFO ResourceProfileManager: Added ResourceProfile id: 0
[2022-01-02 12:33:38,566] {spark_submit.py:514} INFO - 22/01/02 12:33:38 INFO SecurityManager: Changing view acls to: ***
[2022-01-02 12:33:38,606] {spark_submit.py:514} INFO - 22/01/02 12:33:38 INFO SecurityManager: Changing modify acls to: ***
[2022-01-02 12:33:38,624] {spark_submit.py:514} INFO - 22/01/02 12:33:38 INFO SecurityManager: Changing view acls groups to:
[2022-01-02 12:33:38,626] {spark_submit.py:514} INFO - 22/01/02 12:33:38 INFO SecurityManager: Changing modify acls groups to:
[2022-01-02 12:33:38,627] {spark_submit.py:514} INFO - 22/01/02 12:33:38 INFO SecurityManager: SecurityManager: authentication disabled; ui acls disabled; users  with view permissions: Set(***); groups with view permissions: Set(); users  with modify permissions: Set(***); groups with modify permissions: Set()
[2022-01-02 12:33:44,555] {spark_submit.py:514} INFO - 22/01/02 12:33:44 INFO Utils: Successfully started service 'sparkDriver' on port 33249.
[2022-01-02 12:33:45,334] {spark_submit.py:514} INFO - 22/01/02 12:33:45 INFO SparkEnv: Registering MapOutputTracker
[2022-01-02 12:33:45,958] {spark_submit.py:514} INFO - 22/01/02 12:33:45 INFO SparkEnv: Registering BlockManagerMaster
[2022-01-02 12:33:46,291] {spark_submit.py:514} INFO - 22/01/02 12:33:46 INFO BlockManagerMasterEndpoint: Using org.apache.spark.storage.DefaultTopologyMapper for getting topology information
[2022-01-02 12:33:46,294] {spark_submit.py:514} INFO - 22/01/02 12:33:46 INFO BlockManagerMasterEndpoint: BlockManagerMasterEndpoint up
[2022-01-02 12:33:46,337] {spark_submit.py:514} INFO - 22/01/02 12:33:46 INFO SparkEnv: Registering BlockManagerMasterHeartbeat
[2022-01-02 12:33:46,991] {spark_submit.py:514} INFO - 22/01/02 12:33:46 INFO DiskBlockManager: Created local directory at /tmp/blockmgr-d37a872e-10bb-4274-97ca-f499a9c96364
[2022-01-02 12:33:47,506] {spark_submit.py:514} INFO - 22/01/02 12:33:47 INFO MemoryStore: MemoryStore started with capacity 434.4 MiB
[2022-01-02 12:33:47,839] {spark_submit.py:514} INFO - 22/01/02 12:33:47 INFO SparkEnv: Registering OutputCommitCoordinator
[2022-01-02 12:33:51,022] {spark_submit.py:514} INFO - 22/01/02 12:33:51 WARN Utils: Service 'SparkUI' could not bind on port 4040. Attempting port 4041.
[2022-01-02 12:33:51,026] {spark_submit.py:514} INFO - 22/01/02 12:33:51 WARN Utils: Service 'SparkUI' could not bind on port 4041. Attempting port 4042.
[2022-01-02 12:33:51,075] {spark_submit.py:514} INFO - 22/01/02 12:33:51 INFO Utils: Successfully started service 'SparkUI' on port 4042.
[2022-01-02 12:33:52,241] {spark_submit.py:514} INFO - 22/01/02 12:33:52 INFO SparkUI: Bound SparkUI to 0.0.0.0, and started at http://bbddfc72aeab:4042
[2022-01-02 12:33:55,205] {spark_submit.py:514} INFO - 22/01/02 12:33:55 INFO StandaloneAppClient$ClientEndpoint: Connecting to master spark://spark:7077...
[2022-01-02 12:33:56,482] {spark_submit.py:514} INFO - 22/01/02 12:33:56 INFO TransportClientFactory: Successfully created connection to spark/172.22.0.4:7077 after 455 ms (0 ms spent in bootstraps)
[2022-01-02 12:33:58,501] {spark_submit.py:514} INFO - 22/01/02 12:33:58 INFO StandaloneSchedulerBackend: Connected to Spark cluster with app ID app-20220102123358-0079
[2022-01-02 12:33:58,589] {spark_submit.py:514} INFO - 22/01/02 12:33:58 INFO Utils: Successfully started service 'org.apache.spark.network.netty.NettyBlockTransferService' on port 43019.
[2022-01-02 12:33:58,592] {spark_submit.py:514} INFO - 22/01/02 12:33:58 INFO NettyBlockTransferService: Server created on bbddfc72aeab:43019
[2022-01-02 12:33:58,672] {spark_submit.py:514} INFO - 22/01/02 12:33:58 INFO BlockManager: Using org.apache.spark.storage.RandomBlockReplicationPolicy for block replication policy
[2022-01-02 12:33:58,992] {spark_submit.py:514} INFO - 22/01/02 12:33:58 INFO BlockManagerMaster: Registering BlockManager BlockManagerId(driver, bbddfc72aeab, 43019, None)
[2022-01-02 12:33:59,111] {spark_submit.py:514} INFO - 22/01/02 12:33:59 INFO BlockManagerMasterEndpoint: Registering block manager bbddfc72aeab:43019 with 434.4 MiB RAM, BlockManagerId(driver, bbddfc72aeab, 43019, None)
[2022-01-02 12:33:59,196] {spark_submit.py:514} INFO - 22/01/02 12:33:59 INFO BlockManagerMaster: Registered BlockManager BlockManagerId(driver, bbddfc72aeab, 43019, None)
[2022-01-02 12:33:59,200] {spark_submit.py:514} INFO - 22/01/02 12:33:59 INFO BlockManager: Initialized BlockManager: BlockManagerId(driver, bbddfc72aeab, 43019, None)
[2022-01-02 12:34:02,527] {spark_submit.py:514} INFO - 22/01/02 12:34:02 INFO StandaloneSchedulerBackend: SchedulerBackend is ready for scheduling beginning after reached minRegisteredResourcesRatio: 0.0
[2022-01-02 12:34:04,009] {spark_submit.py:514} INFO - /home/***/.local/lib/python3.6/site-packages/pyspark/python/lib/pyspark.zip/pyspark/context.py:238: FutureWarning: Python 3.6 support is deprecated in Spark 3.2.
[2022-01-02 12:34:04,018] {spark_submit.py:514} INFO - FutureWarning
[2022-01-02 12:34:06,889] {spark_submit.py:514} INFO - 22/01/02 12:34:06 INFO SharedState: Setting hive.metastore.warehouse.dir ('null') to the value of spark.sql.warehouse.dir.
[2022-01-02 12:34:07,871] {spark_submit.py:514} INFO - 22/01/02 12:34:07 INFO SharedState: Warehouse path is 'file:/opt/***/spark-warehouse'.
[2022-01-02 12:34:27,965] {spark_submit.py:514} INFO - 22/01/02 12:34:27 INFO SparkContext: Invoking stop() from shutdown hook
[2022-01-02 12:34:28,086] {spark_submit.py:514} INFO - 22/01/02 12:34:28 INFO SparkUI: Stopped Spark web UI at http://bbddfc72aeab:4042
[2022-01-02 12:34:28,181] {spark_submit.py:514} INFO - 22/01/02 12:34:28 INFO StandaloneSchedulerBackend: Shutting down all executors
[2022-01-02 12:34:28,271] {spark_submit.py:514} INFO - 22/01/02 12:34:28 INFO CoarseGrainedSchedulerBackend$DriverEndpoint: Asking each executor to shut down
[2022-01-02 12:34:28,899] {spark_submit.py:514} INFO - 22/01/02 12:34:28 INFO MapOutputTrackerMasterEndpoint: MapOutputTrackerMasterEndpoint stopped!
[2022-01-02 12:34:29,587] {spark_submit.py:514} INFO - 22/01/02 12:34:29 INFO MemoryStore: MemoryStore cleared
[2022-01-02 12:34:29,589] {spark_submit.py:514} INFO - 22/01/02 12:34:29 INFO BlockManager: BlockManager stopped
[2022-01-02 12:34:29,805] {spark_submit.py:514} INFO - 22/01/02 12:34:29 INFO BlockManagerMaster: BlockManagerMaster stopped
[2022-01-02 12:34:29,820] {spark_submit.py:514} INFO - 22/01/02 12:34:29 INFO OutputCommitCoordinator$OutputCommitCoordinatorEndpoint: OutputCommitCoordinator stopped!
[2022-01-02 12:34:29,974] {spark_submit.py:514} INFO - 22/01/02 12:34:29 INFO SparkContext: Successfully stopped SparkContext
[2022-01-02 12:34:29,976] {spark_submit.py:514} INFO - 22/01/02 12:34:29 INFO ShutdownHookManager: Shutdown hook called
[2022-01-02 12:34:29,982] {spark_submit.py:514} INFO - 22/01/02 12:34:29 INFO ShutdownHookManager: Deleting directory /tmp/spark-3a95cc21-d39f-4d8d-a17b-85d1543868ce
[2022-01-02 12:34:30,015] {spark_submit.py:514} INFO - 22/01/02 12:34:30 INFO ShutdownHookManager: Deleting directory /tmp/spark-65aae028-1f29-4425-9c6c-1cd3a95f56e6
[2022-01-02 12:34:30,041] {spark_submit.py:514} INFO - 22/01/02 12:34:30 INFO ShutdownHookManager: Deleting directory /tmp/spark-3a95cc21-d39f-4d8d-a17b-85d1543868ce/pyspark-ac9df645-d19a-48df-b574-8e85c7bfca7c
[2022-01-02 12:34:32,815] {taskinstance.py:1280} INFO - Marking task as SUCCESS. dag_id=scraping_daft_donegal, task_id=persist_data, execution_date=20220101T092500, start_date=20220102T123158, end_date=20220102T123432
[2022-01-02 12:34:33,452] {local_task_job.py:154} INFO - Task exited with return code 0
[2022-01-02 12:34:35,153] {local_task_job.py:264} INFO - 0 downstream tasks scheduled from follow-on schedule check
