[2021-12-21 09:55:02,313] {taskinstance.py:1035} INFO - Dependencies all met for <TaskInstance: scraping_daft_laois.scrap_data scheduled__2021-12-20T09:55:00+00:00 [queued]>
[2021-12-21 09:55:02,346] {taskinstance.py:1035} INFO - Dependencies all met for <TaskInstance: scraping_daft_laois.scrap_data scheduled__2021-12-20T09:55:00+00:00 [queued]>
[2021-12-21 09:55:02,348] {taskinstance.py:1241} INFO - 
--------------------------------------------------------------------------------
[2021-12-21 09:55:02,350] {taskinstance.py:1242} INFO - Starting attempt 1 of 4
[2021-12-21 09:55:02,351] {taskinstance.py:1243} INFO - 
--------------------------------------------------------------------------------
[2021-12-21 09:55:02,387] {taskinstance.py:1262} INFO - Executing <Task(SparkSubmitOperator): scrap_data> on 2021-12-20 09:55:00+00:00
[2021-12-21 09:55:02,413] {standard_task_runner.py:76} INFO - Running: ['***', 'tasks', 'run', 'scraping_daft_laois', 'scrap_data', 'scheduled__2021-12-20T09:55:00+00:00', '--job-id', '3667', '--raw', '--subdir', 'DAGS_FOLDER/scraping_daft_laois.py', '--cfg-path', '/tmp/tmppmpxzwe1', '--error-file', '/tmp/tmp798xd9qy']
[2021-12-21 09:55:02,416] {standard_task_runner.py:77} INFO - Job 3667: Subtask scrap_data
[2021-12-21 09:55:02,406] {standard_task_runner.py:52} INFO - Started process 6541 to run task
[2021-12-21 09:55:02,603] {logging_mixin.py:109} INFO - Running <TaskInstance: scraping_daft_laois.scrap_data scheduled__2021-12-20T09:55:00+00:00 [running]> on host 99ae224ffe2d
[2021-12-21 09:55:02,802] {taskinstance.py:1429} INFO - Exporting the following env vars:
AIRFLOW_CTX_DAG_EMAIL=clement.liscoet@gmail.com
AIRFLOW_CTX_DAG_OWNER=clemoni
AIRFLOW_CTX_DAG_ID=scraping_daft_laois
AIRFLOW_CTX_TASK_ID=scrap_data
AIRFLOW_CTX_EXECUTION_DATE=2021-12-20T09:55:00+00:00
AIRFLOW_CTX_DAG_RUN_ID=scheduled__2021-12-20T09:55:00+00:00
[2021-12-21 09:55:02,832] {base.py:79} INFO - Using connection to: id: spark_default. Host: spark://spark:7077, Port: None, Schema: , Login: ***, Password: ***, extra: {}
[2021-12-21 09:55:02,835] {spark_submit.py:360} INFO - Spark-Submit cmd: spark-submit --master spark://spark:7077 --conf spark.master=spark://spark:7077 --name scrap data --verbose /opt/***/jobs/get_ads_per_county.py laois
[2021-12-21 09:55:05,437] {spark_submit.py:514} INFO - Using properties file: null
[2021-12-21 09:55:05,615] {spark_submit.py:514} INFO - WARNING: An illegal reflective access operation has occurred
[2021-12-21 09:55:05,617] {spark_submit.py:514} INFO - WARNING: Illegal reflective access by org.apache.spark.unsafe.Platform (file:/home/***/.local/lib/python3.6/site-packages/pyspark/jars/spark-unsafe_2.12-3.2.0.jar) to constructor java.nio.DirectByteBuffer(long,int)
[2021-12-21 09:55:05,618] {spark_submit.py:514} INFO - WARNING: Please consider reporting this to the maintainers of org.apache.spark.unsafe.Platform
[2021-12-21 09:55:05,619] {spark_submit.py:514} INFO - WARNING: Use --illegal-access=warn to enable warnings of further illegal reflective access operations
[2021-12-21 09:55:05,621] {spark_submit.py:514} INFO - WARNING: All illegal access operations will be denied in a future release
[2021-12-21 09:55:05,729] {spark_submit.py:514} INFO - Parsed arguments:
[2021-12-21 09:55:05,732] {spark_submit.py:514} INFO - master                  spark://spark:7077
[2021-12-21 09:55:05,733] {spark_submit.py:514} INFO - deployMode              null
[2021-12-21 09:55:05,735] {spark_submit.py:514} INFO - executorMemory          null
[2021-12-21 09:55:05,737] {spark_submit.py:514} INFO - executorCores           null
[2021-12-21 09:55:05,739] {spark_submit.py:514} INFO - totalExecutorCores      null
[2021-12-21 09:55:05,741] {spark_submit.py:514} INFO - propertiesFile          null
[2021-12-21 09:55:05,743] {spark_submit.py:514} INFO - driverMemory            null
[2021-12-21 09:55:05,745] {spark_submit.py:514} INFO - driverCores             null
[2021-12-21 09:55:05,747] {spark_submit.py:514} INFO - driverExtraClassPath    null
[2021-12-21 09:55:05,750] {spark_submit.py:514} INFO - driverExtraLibraryPath  null
[2021-12-21 09:55:05,753] {spark_submit.py:514} INFO - driverExtraJavaOptions  null
[2021-12-21 09:55:05,755] {spark_submit.py:514} INFO - supervise               false
[2021-12-21 09:55:05,756] {spark_submit.py:514} INFO - queue                   null
[2021-12-21 09:55:05,758] {spark_submit.py:514} INFO - numExecutors            null
[2021-12-21 09:55:05,759] {spark_submit.py:514} INFO - files                   null
[2021-12-21 09:55:05,763] {spark_submit.py:514} INFO - pyFiles                 null
[2021-12-21 09:55:05,764] {spark_submit.py:514} INFO - archives                null
[2021-12-21 09:55:05,767] {spark_submit.py:514} INFO - mainClass               null
[2021-12-21 09:55:05,772] {spark_submit.py:514} INFO - primaryResource         file:/opt/***/jobs/get_ads_per_county.py
[2021-12-21 09:55:05,773] {spark_submit.py:514} INFO - name                    scrap data
[2021-12-21 09:55:05,775] {spark_submit.py:514} INFO - childArgs               [laois]
[2021-12-21 09:55:05,776] {spark_submit.py:514} INFO - jars                    null
[2021-12-21 09:55:05,780] {spark_submit.py:514} INFO - packages                null
[2021-12-21 09:55:05,783] {spark_submit.py:514} INFO - packagesExclusions      null
[2021-12-21 09:55:05,785] {spark_submit.py:514} INFO - repositories            null
[2021-12-21 09:55:05,787] {spark_submit.py:514} INFO - verbose                 true
[2021-12-21 09:55:05,789] {spark_submit.py:514} INFO - 
[2021-12-21 09:55:05,790] {spark_submit.py:514} INFO - Spark properties used, including those specified through
[2021-12-21 09:55:05,791] {spark_submit.py:514} INFO - --conf and those from the properties file null:
[2021-12-21 09:55:05,793] {spark_submit.py:514} INFO - (spark.master,spark://spark:7077)
[2021-12-21 09:55:05,796] {spark_submit.py:514} INFO - 
[2021-12-21 09:55:05,798] {spark_submit.py:514} INFO - 
[2021-12-21 09:55:06,616] {spark_submit.py:514} INFO - Main class:
[2021-12-21 09:55:06,620] {spark_submit.py:514} INFO - org.apache.spark.deploy.PythonRunner
[2021-12-21 09:55:06,622] {spark_submit.py:514} INFO - Arguments:
[2021-12-21 09:55:06,624] {spark_submit.py:514} INFO - file:/opt/***/jobs/get_ads_per_county.py
[2021-12-21 09:55:06,626] {spark_submit.py:514} INFO - null
[2021-12-21 09:55:06,628] {spark_submit.py:514} INFO - laois
[2021-12-21 09:55:06,630] {spark_submit.py:514} INFO - --verbose
[2021-12-21 09:55:06,632] {spark_submit.py:514} INFO - Spark config:
[2021-12-21 09:55:06,635] {spark_submit.py:514} INFO - (spark.app.name,scrap data)
[2021-12-21 09:55:06,637] {spark_submit.py:514} INFO - (spark.master,spark://spark:7077)
[2021-12-21 09:55:06,640] {spark_submit.py:514} INFO - (spark.submit.pyFiles,)
[2021-12-21 09:55:06,641] {spark_submit.py:514} INFO - (spark.submit.deployMode,client)
[2021-12-21 09:55:06,644] {spark_submit.py:514} INFO - Classpath elements:
[2021-12-21 09:55:06,646] {spark_submit.py:514} INFO - 
[2021-12-21 09:55:06,647] {spark_submit.py:514} INFO - 
[2021-12-21 09:55:06,649] {spark_submit.py:514} INFO - 
[2021-12-21 09:55:08,584] {spark_submit.py:514} INFO - Using Spark's default log4j profile: org/apache/spark/log4j-defaults.properties
[2021-12-21 09:55:08,604] {spark_submit.py:514} INFO - 21/12/21 09:55:08 INFO SparkContext: Running Spark version 3.2.0
[2021-12-21 09:55:08,820] {spark_submit.py:514} INFO - 21/12/21 09:55:08 WARN NativeCodeLoader: Unable to load native-hadoop library for your platform... using builtin-java classes where applicable
[2021-12-21 09:55:09,083] {spark_submit.py:514} INFO - 21/12/21 09:55:09 INFO ResourceUtils: ==============================================================
[2021-12-21 09:55:09,084] {spark_submit.py:514} INFO - 21/12/21 09:55:09 INFO ResourceUtils: No custom resources configured for spark.driver.
[2021-12-21 09:55:09,085] {spark_submit.py:514} INFO - 21/12/21 09:55:09 INFO ResourceUtils: ==============================================================
[2021-12-21 09:55:09,086] {spark_submit.py:514} INFO - 21/12/21 09:55:09 INFO SparkContext: Submitted application: Get Ads per county
[2021-12-21 09:55:09,131] {spark_submit.py:514} INFO - 21/12/21 09:55:09 INFO ResourceProfile: Default ResourceProfile created, executor resources: Map(cores -> name: cores, amount: 1, script: , vendor: , memory -> name: memory, amount: 1024, script: , vendor: , offHeap -> name: offHeap, amount: 0, script: , vendor: ), task resources: Map(cpus -> name: cpus, amount: 1.0)
[2021-12-21 09:55:09,151] {spark_submit.py:514} INFO - 21/12/21 09:55:09 INFO ResourceProfile: Limiting resource is cpu
[2021-12-21 09:55:09,153] {spark_submit.py:514} INFO - 21/12/21 09:55:09 INFO ResourceProfileManager: Added ResourceProfile id: 0
[2021-12-21 09:55:09,248] {spark_submit.py:514} INFO - 21/12/21 09:55:09 INFO SecurityManager: Changing view acls to: ***
[2021-12-21 09:55:09,250] {spark_submit.py:514} INFO - 21/12/21 09:55:09 INFO SecurityManager: Changing modify acls to: ***
[2021-12-21 09:55:09,251] {spark_submit.py:514} INFO - 21/12/21 09:55:09 INFO SecurityManager: Changing view acls groups to:
[2021-12-21 09:55:09,252] {spark_submit.py:514} INFO - 21/12/21 09:55:09 INFO SecurityManager: Changing modify acls groups to:
[2021-12-21 09:55:09,253] {spark_submit.py:514} INFO - 21/12/21 09:55:09 INFO SecurityManager: SecurityManager: authentication disabled; ui acls disabled; users  with view permissions: Set(***); groups with view permissions: Set(); users  with modify permissions: Set(***); groups with modify permissions: Set()
[2021-12-21 09:55:09,971] {spark_submit.py:514} INFO - 21/12/21 09:55:09 INFO Utils: Successfully started service 'sparkDriver' on port 40697.
[2021-12-21 09:55:10,044] {spark_submit.py:514} INFO - 21/12/21 09:55:10 INFO SparkEnv: Registering MapOutputTracker
[2021-12-21 09:55:10,146] {spark_submit.py:514} INFO - 21/12/21 09:55:10 INFO SparkEnv: Registering BlockManagerMaster
[2021-12-21 09:55:10,197] {spark_submit.py:514} INFO - 21/12/21 09:55:10 INFO BlockManagerMasterEndpoint: Using org.apache.spark.storage.DefaultTopologyMapper for getting topology information
[2021-12-21 09:55:10,199] {spark_submit.py:514} INFO - 21/12/21 09:55:10 INFO BlockManagerMasterEndpoint: BlockManagerMasterEndpoint up
[2021-12-21 09:55:10,212] {spark_submit.py:514} INFO - 21/12/21 09:55:10 INFO SparkEnv: Registering BlockManagerMasterHeartbeat
[2021-12-21 09:55:10,282] {spark_submit.py:514} INFO - 21/12/21 09:55:10 INFO DiskBlockManager: Created local directory at /tmp/blockmgr-ac1edf9f-f998-46be-935d-9e0f9b62dd84
[2021-12-21 09:55:10,339] {spark_submit.py:514} INFO - 21/12/21 09:55:10 INFO MemoryStore: MemoryStore started with capacity 434.4 MiB
[2021-12-21 09:55:10,380] {spark_submit.py:514} INFO - 21/12/21 09:55:10 INFO SparkEnv: Registering OutputCommitCoordinator
[2021-12-21 09:55:11,131] {spark_submit.py:514} INFO - 21/12/21 09:55:11 WARN Utils: Service 'SparkUI' could not bind on port 4040. Attempting port 4041.
[2021-12-21 09:55:11,182] {spark_submit.py:514} INFO - 21/12/21 09:55:11 INFO Utils: Successfully started service 'SparkUI' on port 4041.
[2021-12-21 09:55:11,500] {spark_submit.py:514} INFO - 21/12/21 09:55:11 INFO SparkUI: Bound SparkUI to 0.0.0.0, and started at http://99ae224ffe2d:4041
[2021-12-21 09:55:12,130] {spark_submit.py:514} INFO - 21/12/21 09:55:12 INFO StandaloneAppClient$ClientEndpoint: Connecting to master spark://spark:7077...
[2021-12-21 09:55:12,377] {spark_submit.py:514} INFO - 21/12/21 09:55:12 INFO TransportClientFactory: Successfully created connection to spark/172.19.0.4:7077 after 145 ms (0 ms spent in bootstraps)
[2021-12-21 09:55:12,541] {spark_submit.py:514} INFO - 21/12/21 09:55:12 INFO StandaloneSchedulerBackend: Connected to Spark cluster with app ID app-20211221095512-0028
[2021-12-21 09:55:12,560] {spark_submit.py:514} INFO - 21/12/21 09:55:12 INFO Utils: Successfully started service 'org.apache.spark.network.netty.NettyBlockTransferService' on port 46313.
[2021-12-21 09:55:12,561] {spark_submit.py:514} INFO - 21/12/21 09:55:12 INFO NettyBlockTransferService: Server created on 99ae224ffe2d:46313
[2021-12-21 09:55:12,564] {spark_submit.py:514} INFO - 21/12/21 09:55:12 INFO BlockManager: Using org.apache.spark.storage.RandomBlockReplicationPolicy for block replication policy
[2021-12-21 09:55:12,577] {spark_submit.py:514} INFO - 21/12/21 09:55:12 INFO BlockManagerMaster: Registering BlockManager BlockManagerId(driver, 99ae224ffe2d, 46313, None)
[2021-12-21 09:55:12,584] {spark_submit.py:514} INFO - 21/12/21 09:55:12 INFO BlockManagerMasterEndpoint: Registering block manager 99ae224ffe2d:46313 with 434.4 MiB RAM, BlockManagerId(driver, 99ae224ffe2d, 46313, None)
[2021-12-21 09:55:12,590] {spark_submit.py:514} INFO - 21/12/21 09:55:12 INFO BlockManagerMaster: Registered BlockManager BlockManagerId(driver, 99ae224ffe2d, 46313, None)
[2021-12-21 09:55:12,593] {spark_submit.py:514} INFO - 21/12/21 09:55:12 INFO BlockManager: Initialized BlockManager: BlockManagerId(driver, 99ae224ffe2d, 46313, None)
[2021-12-21 09:55:13,086] {spark_submit.py:514} INFO - 21/12/21 09:55:13 INFO StandaloneSchedulerBackend: SchedulerBackend is ready for scheduling beginning after reached minRegisteredResourcesRatio: 0.0
[2021-12-21 09:55:13,167] {spark_submit.py:514} INFO - /home/***/.local/lib/python3.6/site-packages/pyspark/python/lib/pyspark.zip/pyspark/context.py:238: FutureWarning: Python 3.6 support is deprecated in Spark 3.2.
[2021-12-21 09:55:13,169] {spark_submit.py:514} INFO - FutureWarning
[2021-12-21 09:55:13,648] {spark_submit.py:514} INFO - 21/12/21 09:55:13 INFO SharedState: Setting hive.metastore.warehouse.dir ('null') to the value of spark.sql.warehouse.dir.
[2021-12-21 09:55:13,716] {spark_submit.py:514} INFO - 21/12/21 09:55:13 INFO SharedState: Warehouse path is 'file:/opt/***/spark-warehouse'.
[2021-12-21 09:55:35,536] {spark_submit.py:514} INFO - running...
[2021-12-21 09:55:38,274] {spark_submit.py:514} INFO - running...
[2021-12-21 09:55:42,756] {spark_submit.py:514} INFO - running...
[2021-12-21 09:55:47,361] {spark_submit.py:514} INFO - running...
[2021-12-21 09:55:48,624] {spark_submit.py:514} INFO - running...
[2021-12-21 09:55:50,419] {spark_submit.py:514} INFO - running...
[2021-12-21 09:55:52,306] {spark_submit.py:514} INFO - running...
[2021-12-21 09:55:53,239] {spark_submit.py:514} INFO - running...
[2021-12-21 09:55:58,966] {spark_submit.py:514} INFO - 21/12/21 09:55:58 INFO SparkContext: Invoking stop() from shutdown hook
[2021-12-21 09:55:58,982] {spark_submit.py:514} INFO - 21/12/21 09:55:58 INFO SparkUI: Stopped Spark web UI at http://99ae224ffe2d:4041
[2021-12-21 09:55:58,990] {spark_submit.py:514} INFO - 21/12/21 09:55:58 INFO StandaloneSchedulerBackend: Shutting down all executors
[2021-12-21 09:55:58,997] {spark_submit.py:514} INFO - 21/12/21 09:55:58 INFO CoarseGrainedSchedulerBackend$DriverEndpoint: Asking each executor to shut down
[2021-12-21 09:55:59,038] {spark_submit.py:514} INFO - 21/12/21 09:55:59 INFO MapOutputTrackerMasterEndpoint: MapOutputTrackerMasterEndpoint stopped!
[2021-12-21 09:55:59,086] {spark_submit.py:514} INFO - 21/12/21 09:55:59 INFO MemoryStore: MemoryStore cleared
[2021-12-21 09:55:59,087] {spark_submit.py:514} INFO - 21/12/21 09:55:59 INFO BlockManager: BlockManager stopped
[2021-12-21 09:55:59,103] {spark_submit.py:514} INFO - 21/12/21 09:55:59 INFO BlockManagerMaster: BlockManagerMaster stopped
[2021-12-21 09:55:59,115] {spark_submit.py:514} INFO - 21/12/21 09:55:59 INFO OutputCommitCoordinator$OutputCommitCoordinatorEndpoint: OutputCommitCoordinator stopped!
[2021-12-21 09:55:59,166] {spark_submit.py:514} INFO - 21/12/21 09:55:59 INFO SparkContext: Successfully stopped SparkContext
[2021-12-21 09:55:59,170] {spark_submit.py:514} INFO - 21/12/21 09:55:59 INFO ShutdownHookManager: Shutdown hook called
[2021-12-21 09:55:59,171] {spark_submit.py:514} INFO - 21/12/21 09:55:59 INFO ShutdownHookManager: Deleting directory /tmp/spark-d8c5c2be-0341-42b1-b437-5561051e6d5a/pyspark-e49e7b89-61f6-4d27-9d51-9e2a9b801d1b
[2021-12-21 09:55:59,176] {spark_submit.py:514} INFO - 21/12/21 09:55:59 INFO ShutdownHookManager: Deleting directory /tmp/spark-cebc120c-c312-4924-9c59-3b5b7d0a2c3b
[2021-12-21 09:55:59,182] {spark_submit.py:514} INFO - 21/12/21 09:55:59 INFO ShutdownHookManager: Deleting directory /tmp/spark-d8c5c2be-0341-42b1-b437-5561051e6d5a
[2021-12-21 09:55:59,300] {taskinstance.py:1280} INFO - Marking task as SUCCESS. dag_id=scraping_daft_laois, task_id=scrap_data, execution_date=20211220T095500, start_date=20211221T095502, end_date=20211221T095559
[2021-12-21 09:55:59,357] {local_task_job.py:154} INFO - Task exited with return code 0
[2021-12-21 09:55:59,451] {local_task_job.py:264} INFO - 1 downstream tasks scheduled from follow-on schedule check
