[2021-12-20 11:32:24,065] {taskinstance.py:1035} INFO - Dependencies all met for <TaskInstance: scraping_daft_galway.run_init_county manual__2021-12-20T11:32:22.434586+00:00 [queued]>
[2021-12-20 11:32:24,078] {taskinstance.py:1035} INFO - Dependencies all met for <TaskInstance: scraping_daft_galway.run_init_county manual__2021-12-20T11:32:22.434586+00:00 [queued]>
[2021-12-20 11:32:24,079] {taskinstance.py:1241} INFO - 
--------------------------------------------------------------------------------
[2021-12-20 11:32:24,080] {taskinstance.py:1242} INFO - Starting attempt 1 of 4
[2021-12-20 11:32:24,080] {taskinstance.py:1243} INFO - 
--------------------------------------------------------------------------------
[2021-12-20 11:32:24,099] {taskinstance.py:1262} INFO - Executing <Task(_PythonDecoratedOperator): run_init_county> on 2021-12-20 11:32:22.434586+00:00
[2021-12-20 11:32:24,107] {standard_task_runner.py:76} INFO - Running: ['***', 'tasks', 'run', 'scraping_daft_galway', 'run_init_county', 'manual__2021-12-20T11:32:22.434586+00:00', '--job-id', '3451', '--raw', '--subdir', 'DAGS_FOLDER/scraping_daft_galway.py', '--cfg-path', '/tmp/tmp9z6lkube', '--error-file', '/tmp/tmpmopnuelx']
[2021-12-20 11:32:24,108] {standard_task_runner.py:77} INFO - Job 3451: Subtask run_init_county
[2021-12-20 11:32:24,103] {standard_task_runner.py:52} INFO - Started process 102 to run task
[2021-12-20 11:32:24,181] {logging_mixin.py:109} INFO - Running <TaskInstance: scraping_daft_galway.run_init_county manual__2021-12-20T11:32:22.434586+00:00 [running]> on host 66e45e757599
[2021-12-20 11:32:24,310] {taskinstance.py:1429} INFO - Exporting the following env vars:
AIRFLOW_CTX_DAG_EMAIL=clement.liscoet@gmail.com
AIRFLOW_CTX_DAG_OWNER=clemoni
AIRFLOW_CTX_DAG_ID=scraping_daft_galway
AIRFLOW_CTX_TASK_ID=run_init_county
AIRFLOW_CTX_EXECUTION_DATE=2021-12-20T11:32:22.434586+00:00
AIRFLOW_CTX_DAG_RUN_ID=manual__2021-12-20T11:32:22.434586+00:00
[2021-12-20 11:32:24,331] {python.py:152} INFO - Done. Returned value was: None
[2021-12-20 11:32:24,364] {taskinstance.py:1280} INFO - Marking task as SUCCESS. dag_id=scraping_daft_galway, task_id=run_init_county, execution_date=20211220T113222, start_date=20211220T113224, end_date=20211220T113224
[2021-12-20 11:32:24,406] {local_task_job.py:154} INFO - Task exited with return code 0
[2021-12-20 11:32:24,544] {local_task_job.py:264} INFO - 1 downstream tasks scheduled from follow-on schedule check
