[2021-12-08 10:16:21,947] {taskinstance.py:1035} INFO - Dependencies all met for <TaskInstance: scraping_daft_limerick.run_init_county scheduled__2021-12-07T03:15:00+00:00 [queued]>
[2021-12-08 10:16:22,245] {taskinstance.py:1035} INFO - Dependencies all met for <TaskInstance: scraping_daft_limerick.run_init_county scheduled__2021-12-07T03:15:00+00:00 [queued]>
[2021-12-08 10:16:22,250] {taskinstance.py:1241} INFO - 
--------------------------------------------------------------------------------
[2021-12-08 10:16:22,259] {taskinstance.py:1242} INFO - Starting attempt 1 of 3
[2021-12-08 10:16:22,260] {taskinstance.py:1243} INFO - 
--------------------------------------------------------------------------------
[2021-12-08 10:16:22,386] {taskinstance.py:1262} INFO - Executing <Task(_PythonDecoratedOperator): run_init_county> on 2021-12-07 03:15:00+00:00
[2021-12-08 10:16:22,482] {standard_task_runner.py:52} INFO - Started process 108 to run task
[2021-12-08 10:16:22,927] {standard_task_runner.py:76} INFO - Running: ['***', 'tasks', 'run', 'scraping_daft_limerick', 'run_init_county', 'scheduled__2021-12-07T03:15:00+00:00', '--job-id', '610', '--raw', '--subdir', 'DAGS_FOLDER/scraping_daft_limerick.py', '--cfg-path', '/tmp/tmp4gube5r3', '--error-file', '/tmp/tmpyrtuzd8f']
[2021-12-08 10:16:22,941] {standard_task_runner.py:77} INFO - Job 610: Subtask run_init_county
[2021-12-08 10:16:24,329] {logging_mixin.py:109} INFO - Running <TaskInstance: scraping_daft_limerick.run_init_county scheduled__2021-12-07T03:15:00+00:00 [running]> on host 041e6f8654c3
[2021-12-08 10:16:26,538] {taskinstance.py:1429} INFO - Exporting the following env vars:
AIRFLOW_CTX_DAG_EMAIL=***@example.com
AIRFLOW_CTX_DAG_OWNER=clemoni
AIRFLOW_CTX_DAG_ID=scraping_daft_limerick
AIRFLOW_CTX_TASK_ID=run_init_county
AIRFLOW_CTX_EXECUTION_DATE=2021-12-07T03:15:00+00:00
AIRFLOW_CTX_DAG_RUN_ID=scheduled__2021-12-07T03:15:00+00:00
[2021-12-08 10:16:26,882] {python.py:152} INFO - Done. Returned value was: None
[2021-12-08 10:16:28,006] {taskinstance.py:1280} INFO - Marking task as SUCCESS. dag_id=scraping_daft_limerick, task_id=run_init_county, execution_date=20211207T031500, start_date=20211208T101622, end_date=20211208T101628
[2021-12-08 10:16:28,386] {local_task_job.py:154} INFO - Task exited with return code 0
[2021-12-08 10:16:29,485] {local_task_job.py:264} INFO - 0 downstream tasks scheduled from follow-on schedule check
