[2021-12-23 11:23:21,687] {taskinstance.py:1035} INFO - Dependencies all met for <TaskInstance: scraping_daft_monaghan.scrap_data scheduled__2021-12-22T10:30:00+00:00 [queued]>
[2021-12-23 11:23:21,845] {taskinstance.py:1035} INFO - Dependencies all met for <TaskInstance: scraping_daft_monaghan.scrap_data scheduled__2021-12-22T10:30:00+00:00 [queued]>
[2021-12-23 11:23:21,852] {taskinstance.py:1241} INFO - 
--------------------------------------------------------------------------------
[2021-12-23 11:23:21,868] {taskinstance.py:1242} INFO - Starting attempt 1 of 4
[2021-12-23 11:23:21,875] {taskinstance.py:1243} INFO - 
--------------------------------------------------------------------------------
[2021-12-23 11:23:22,209] {taskinstance.py:1262} INFO - Executing <Task(SparkSubmitOperator): scrap_data> on 2021-12-22 10:30:00+00:00
[2021-12-23 11:23:22,467] {standard_task_runner.py:76} INFO - Running: ['***', 'tasks', 'run', 'scraping_daft_monaghan', 'scrap_data', 'scheduled__2021-12-22T10:30:00+00:00', '--job-id', '4027', '--raw', '--subdir', 'DAGS_FOLDER/scraping_daft_monaghan.py', '--cfg-path', '/tmp/tmp0o1h7dun', '--error-file', '/tmp/tmpgx44g1l7']
[2021-12-23 11:23:22,504] {standard_task_runner.py:77} INFO - Job 4027: Subtask scrap_data
[2021-12-23 11:23:22,318] {standard_task_runner.py:52} INFO - Started process 30571 to run task
[2021-12-23 11:23:23,174] {logging_mixin.py:109} INFO - Running <TaskInstance: scraping_daft_monaghan.scrap_data scheduled__2021-12-22T10:30:00+00:00 [running]> on host bb1be648e8f2
[2021-12-23 11:23:23,875] {taskinstance.py:1429} INFO - Exporting the following env vars:
AIRFLOW_CTX_DAG_EMAIL=clement.liscoet@gmail.com
AIRFLOW_CTX_DAG_OWNER=clemoni
AIRFLOW_CTX_DAG_ID=scraping_daft_monaghan
AIRFLOW_CTX_TASK_ID=scrap_data
AIRFLOW_CTX_EXECUTION_DATE=2021-12-22T10:30:00+00:00
AIRFLOW_CTX_DAG_RUN_ID=scheduled__2021-12-22T10:30:00+00:00
[2021-12-23 11:23:23,956] {base.py:79} INFO - Using connection to: id: spark_default. Host: spark://spark:7077, Port: None, Schema: , Login: ***, Password: ***, extra: {}
[2021-12-23 11:23:23,963] {spark_submit.py:360} INFO - Spark-Submit cmd: spark-submit --master spark://spark:7077 --conf spark.master=spark://spark:7077 --name scrap data --verbose /opt/***/jobs/get_ads_per_county.py monaghan
[2021-12-23 11:24:03,374] {spark_submit.py:514} INFO - Using properties file: null
[2021-12-23 11:24:04,424] {spark_submit.py:514} INFO - WARNING: An illegal reflective access operation has occurred
[2021-12-23 11:24:04,426] {spark_submit.py:514} INFO - WARNING: Illegal reflective access by org.apache.spark.unsafe.Platform (file:/home/***/.local/lib/python3.6/site-packages/pyspark/jars/spark-unsafe_2.12-3.2.0.jar) to constructor java.nio.DirectByteBuffer(long,int)
[2021-12-23 11:24:04,429] {spark_submit.py:514} INFO - WARNING: Please consider reporting this to the maintainers of org.apache.spark.unsafe.Platform
[2021-12-23 11:24:04,432] {spark_submit.py:514} INFO - WARNING: Use --illegal-access=warn to enable warnings of further illegal reflective access operations
[2021-12-23 11:24:04,434] {spark_submit.py:514} INFO - WARNING: All illegal access operations will be denied in a future release
[2021-12-23 11:24:06,104] {spark_submit.py:514} INFO - Parsed arguments:
[2021-12-23 11:24:06,112] {spark_submit.py:514} INFO - master                  spark://spark:7077
[2021-12-23 11:24:06,117] {spark_submit.py:514} INFO - deployMode              null
[2021-12-23 11:24:06,123] {spark_submit.py:514} INFO - executorMemory          null
[2021-12-23 11:24:06,183] {spark_submit.py:514} INFO - executorCores           null
[2021-12-23 11:24:06,207] {spark_submit.py:514} INFO - totalExecutorCores      null
[2021-12-23 11:24:06,246] {spark_submit.py:514} INFO - propertiesFile          null
[2021-12-23 11:24:06,265] {spark_submit.py:514} INFO - driverMemory            null
[2021-12-23 11:24:06,276] {spark_submit.py:514} INFO - driverCores             null
[2021-12-23 11:24:06,287] {spark_submit.py:514} INFO - driverExtraClassPath    null
[2021-12-23 11:24:06,306] {spark_submit.py:514} INFO - driverExtraLibraryPath  null
[2021-12-23 11:24:06,360] {spark_submit.py:514} INFO - driverExtraJavaOptions  null
[2021-12-23 11:24:06,386] {spark_submit.py:514} INFO - supervise               false
[2021-12-23 11:24:06,393] {spark_submit.py:514} INFO - queue                   null
[2021-12-23 11:24:06,419] {spark_submit.py:514} INFO - numExecutors            null
[2021-12-23 11:24:06,427] {spark_submit.py:514} INFO - files                   null
[2021-12-23 11:24:06,445] {spark_submit.py:514} INFO - pyFiles                 null
[2021-12-23 11:24:06,466] {spark_submit.py:514} INFO - archives                null
[2021-12-23 11:24:06,511] {spark_submit.py:514} INFO - mainClass               null
[2021-12-23 11:24:06,524] {spark_submit.py:514} INFO - primaryResource         file:/opt/***/jobs/get_ads_per_county.py
[2021-12-23 11:24:06,545] {spark_submit.py:514} INFO - name                    scrap data
[2021-12-23 11:24:06,553] {spark_submit.py:514} INFO - childArgs               [monaghan]
[2021-12-23 11:24:06,558] {spark_submit.py:514} INFO - jars                    null
[2021-12-23 11:24:06,564] {spark_submit.py:514} INFO - packages                null
[2021-12-23 11:24:06,582] {spark_submit.py:514} INFO - packagesExclusions      null
[2021-12-23 11:24:06,586] {spark_submit.py:514} INFO - repositories            null
[2021-12-23 11:24:06,667] {spark_submit.py:514} INFO - verbose                 true
[2021-12-23 11:24:06,673] {spark_submit.py:514} INFO - 
[2021-12-23 11:24:06,680] {spark_submit.py:514} INFO - Spark properties used, including those specified through
[2021-12-23 11:24:06,683] {spark_submit.py:514} INFO - --conf and those from the properties file null:
[2021-12-23 11:24:06,687] {spark_submit.py:514} INFO - (spark.master,spark://spark:7077)
[2021-12-23 11:24:06,690] {spark_submit.py:514} INFO - 
[2021-12-23 11:24:06,693] {spark_submit.py:514} INFO - 
[2021-12-23 11:24:13,102] {spark_submit.py:514} INFO - Main class:
[2021-12-23 11:24:13,107] {spark_submit.py:514} INFO - org.apache.spark.deploy.PythonRunner
[2021-12-23 11:24:13,117] {spark_submit.py:514} INFO - Arguments:
[2021-12-23 11:24:13,119] {spark_submit.py:514} INFO - file:/opt/***/jobs/get_ads_per_county.py
[2021-12-23 11:24:13,126] {spark_submit.py:514} INFO - null
[2021-12-23 11:24:13,127] {spark_submit.py:514} INFO - monaghan
[2021-12-23 11:24:13,129] {spark_submit.py:514} INFO - --verbose
[2021-12-23 11:24:13,183] {spark_submit.py:514} INFO - Spark config:
[2021-12-23 11:24:13,186] {spark_submit.py:514} INFO - (spark.app.name,scrap data)
[2021-12-23 11:24:13,195] {spark_submit.py:514} INFO - (spark.master,spark://spark:7077)
[2021-12-23 11:24:13,199] {spark_submit.py:514} INFO - (spark.submit.pyFiles,)
[2021-12-23 11:24:13,201] {spark_submit.py:514} INFO - (spark.submit.deployMode,client)
[2021-12-23 11:24:13,236] {spark_submit.py:514} INFO - Classpath elements:
[2021-12-23 11:24:13,242] {spark_submit.py:514} INFO - 
[2021-12-23 11:24:13,291] {spark_submit.py:514} INFO - 
[2021-12-23 11:24:13,294] {spark_submit.py:514} INFO - 
[2021-12-23 11:24:29,773] {spark_submit.py:514} INFO - Using Spark's default log4j profile: org/apache/spark/log4j-defaults.properties
[2021-12-23 11:24:29,928] {spark_submit.py:514} INFO - 21/12/23 11:24:29 INFO SparkContext: Running Spark version 3.2.0
[2021-12-23 11:24:32,099] {spark_submit.py:514} INFO - 21/12/23 11:24:32 WARN NativeCodeLoader: Unable to load native-hadoop library for your platform... using builtin-java classes where applicable
[2021-12-23 11:24:35,207] {spark_submit.py:514} INFO - 21/12/23 11:24:35 INFO ResourceUtils: ==============================================================
[2021-12-23 11:24:35,214] {spark_submit.py:514} INFO - 21/12/23 11:24:35 INFO ResourceUtils: No custom resources configured for spark.driver.
[2021-12-23 11:24:35,222] {spark_submit.py:514} INFO - 21/12/23 11:24:35 INFO ResourceUtils: ==============================================================
[2021-12-23 11:24:35,227] {spark_submit.py:514} INFO - 21/12/23 11:24:35 INFO SparkContext: Submitted application: Get Ads per county
[2021-12-23 11:24:36,083] {spark_submit.py:514} INFO - 21/12/23 11:24:36 INFO ResourceProfile: Default ResourceProfile created, executor resources: Map(cores -> name: cores, amount: 1, script: , vendor: , memory -> name: memory, amount: 1024, script: , vendor: , offHeap -> name: offHeap, amount: 0, script: , vendor: ), task resources: Map(cpus -> name: cpus, amount: 1.0)
[2021-12-23 11:24:36,753] {spark_submit.py:514} INFO - 21/12/23 11:24:36 INFO ResourceProfile: Limiting resource is cpu
[2021-12-23 11:24:36,755] {spark_submit.py:514} INFO - 21/12/23 11:24:36 INFO ResourceProfileManager: Added ResourceProfile id: 0
[2021-12-23 11:24:38,093] {spark_submit.py:514} INFO - 21/12/23 11:24:38 INFO SecurityManager: Changing view acls to: ***
[2021-12-23 11:24:38,121] {spark_submit.py:514} INFO - 21/12/23 11:24:38 INFO SecurityManager: Changing modify acls to: ***
[2021-12-23 11:24:38,135] {spark_submit.py:514} INFO - 21/12/23 11:24:38 INFO SecurityManager: Changing view acls groups to:
[2021-12-23 11:24:38,185] {spark_submit.py:514} INFO - 21/12/23 11:24:38 INFO SecurityManager: Changing modify acls groups to:
[2021-12-23 11:24:38,227] {spark_submit.py:514} INFO - 21/12/23 11:24:38 INFO SecurityManager: SecurityManager: authentication disabled; ui acls disabled; users  with view permissions: Set(***); groups with view permissions: Set(); users  with modify permissions: Set(***); groups with modify permissions: Set()
[2021-12-23 11:24:43,979] {spark_submit.py:514} INFO - 21/12/23 11:24:43 INFO Utils: Successfully started service 'sparkDriver' on port 34231.
[2021-12-23 11:24:44,662] {spark_submit.py:514} INFO - 21/12/23 11:24:44 INFO SparkEnv: Registering MapOutputTracker
[2021-12-23 11:24:44,982] {spark_submit.py:514} INFO - 21/12/23 11:24:44 INFO SparkEnv: Registering BlockManagerMaster
[2021-12-23 11:24:45,097] {spark_submit.py:514} INFO - 21/12/23 11:24:45 INFO BlockManagerMasterEndpoint: Using org.apache.spark.storage.DefaultTopologyMapper for getting topology information
[2021-12-23 11:24:45,137] {spark_submit.py:514} INFO - 21/12/23 11:24:45 INFO BlockManagerMasterEndpoint: BlockManagerMasterEndpoint up
[2021-12-23 11:24:45,149] {spark_submit.py:514} INFO - 21/12/23 11:24:45 INFO SparkEnv: Registering BlockManagerMasterHeartbeat
[2021-12-23 11:24:45,532] {spark_submit.py:514} INFO - 21/12/23 11:24:45 INFO DiskBlockManager: Created local directory at /tmp/blockmgr-9a12ef1d-34d4-446a-a077-44a755e22170
[2021-12-23 11:24:46,113] {spark_submit.py:514} INFO - 21/12/23 11:24:46 INFO MemoryStore: MemoryStore started with capacity 434.4 MiB
[2021-12-23 11:24:46,949] {spark_submit.py:514} INFO - 21/12/23 11:24:46 INFO SparkEnv: Registering OutputCommitCoordinator
[2021-12-23 11:24:50,333] {spark_submit.py:514} INFO - 21/12/23 11:24:50 WARN Utils: Service 'SparkUI' could not bind on port 4040. Attempting port 4041.
[2021-12-23 11:24:50,361] {spark_submit.py:514} INFO - 21/12/23 11:24:50 WARN Utils: Service 'SparkUI' could not bind on port 4041. Attempting port 4042.
[2021-12-23 11:24:50,363] {spark_submit.py:514} INFO - 21/12/23 11:24:50 WARN Utils: Service 'SparkUI' could not bind on port 4042. Attempting port 4043.
[2021-12-23 11:24:50,365] {spark_submit.py:514} INFO - 21/12/23 11:24:50 WARN Utils: Service 'SparkUI' could not bind on port 4043. Attempting port 4044.
[2021-12-23 11:24:50,367] {spark_submit.py:514} INFO - 21/12/23 11:24:50 WARN Utils: Service 'SparkUI' could not bind on port 4044. Attempting port 4045.
[2021-12-23 11:24:50,368] {spark_submit.py:514} INFO - 21/12/23 11:24:50 WARN Utils: Service 'SparkUI' could not bind on port 4045. Attempting port 4046.
[2021-12-23 11:24:50,369] {spark_submit.py:514} INFO - 21/12/23 11:24:50 WARN Utils: Service 'SparkUI' could not bind on port 4046. Attempting port 4047.
[2021-12-23 11:24:50,371] {spark_submit.py:514} INFO - 21/12/23 11:24:50 WARN Utils: Service 'SparkUI' could not bind on port 4047. Attempting port 4048.
[2021-12-23 11:24:50,373] {spark_submit.py:514} INFO - 21/12/23 11:24:50 WARN Utils: Service 'SparkUI' could not bind on port 4048. Attempting port 4049.
[2021-12-23 11:24:50,615] {spark_submit.py:514} INFO - 21/12/23 11:24:50 INFO Utils: Successfully started service 'SparkUI' on port 4049.
[2021-12-23 11:24:51,632] {spark_submit.py:514} INFO - 21/12/23 11:24:51 INFO SparkUI: Bound SparkUI to 0.0.0.0, and started at http://bb1be648e8f2:4049
[2021-12-23 11:24:56,287] {spark_submit.py:514} INFO - 21/12/23 11:24:56 INFO StandaloneAppClient$ClientEndpoint: Connecting to master spark://spark:7077...
[2021-12-23 11:24:57,801] {spark_submit.py:514} INFO - 21/12/23 11:24:57 INFO TransportClientFactory: Successfully created connection to spark/172.19.0.4:7077 after 988 ms (4 ms spent in bootstraps)
[2021-12-23 11:24:59,038] {spark_submit.py:514} INFO - 21/12/23 11:24:59 INFO StandaloneSchedulerBackend: Connected to Spark cluster with app ID app-20211223112459-0106
[2021-12-23 11:24:59,085] {spark_submit.py:514} INFO - 21/12/23 11:24:59 INFO Utils: Successfully started service 'org.apache.spark.network.netty.NettyBlockTransferService' on port 39953.
[2021-12-23 11:24:59,092] {spark_submit.py:514} INFO - 21/12/23 11:24:59 INFO NettyBlockTransferService: Server created on bb1be648e8f2:39953
[2021-12-23 11:24:59,095] {spark_submit.py:514} INFO - 21/12/23 11:24:59 INFO BlockManager: Using org.apache.spark.storage.RandomBlockReplicationPolicy for block replication policy
[2021-12-23 11:24:59,116] {spark_submit.py:514} INFO - 21/12/23 11:24:59 INFO BlockManagerMaster: Registering BlockManager BlockManagerId(driver, bb1be648e8f2, 39953, None)
[2021-12-23 11:24:59,126] {spark_submit.py:514} INFO - 21/12/23 11:24:59 INFO BlockManagerMasterEndpoint: Registering block manager bb1be648e8f2:39953 with 434.4 MiB RAM, BlockManagerId(driver, bb1be648e8f2, 39953, None)
[2021-12-23 11:24:59,133] {spark_submit.py:514} INFO - 21/12/23 11:24:59 INFO BlockManagerMaster: Registered BlockManager BlockManagerId(driver, bb1be648e8f2, 39953, None)
[2021-12-23 11:24:59,140] {spark_submit.py:514} INFO - 21/12/23 11:24:59 INFO BlockManager: Initialized BlockManager: BlockManagerId(driver, bb1be648e8f2, 39953, None)
[2021-12-23 11:25:00,779] {spark_submit.py:514} INFO - 21/12/23 11:25:00 INFO StandaloneSchedulerBackend: SchedulerBackend is ready for scheduling beginning after reached minRegisteredResourcesRatio: 0.0
[2021-12-23 11:25:01,138] {spark_submit.py:514} INFO - /home/***/.local/lib/python3.6/site-packages/pyspark/python/lib/pyspark.zip/pyspark/context.py:238: FutureWarning: Python 3.6 support is deprecated in Spark 3.2.
[2021-12-23 11:25:01,140] {spark_submit.py:514} INFO - FutureWarning
[2021-12-23 11:25:03,788] {spark_submit.py:514} INFO - 21/12/23 11:25:03 INFO SharedState: Setting hive.metastore.warehouse.dir ('null') to the value of spark.sql.warehouse.dir.
[2021-12-23 11:25:04,095] {spark_submit.py:514} INFO - 21/12/23 11:25:04 INFO SharedState: Warehouse path is 'file:/opt/***/spark-warehouse'.
[2021-12-23 11:25:15,089] {spark_submit.py:514} INFO - running...
[2021-12-23 11:25:16,616] {spark_submit.py:514} INFO - running...
[2021-12-23 11:25:17,653] {spark_submit.py:514} INFO - running...
[2021-12-23 11:25:18,312] {spark_submit.py:514} INFO - running...
[2021-12-23 11:25:19,423] {spark_submit.py:514} INFO - running...
[2021-12-23 11:25:33,390] {spark_submit.py:514} INFO - 21/12/23 11:25:33 INFO AsyncEventQueue: Process of event SparkListenerExecutorMetricsUpdate(driver,WrappedArray(),Map((-1,-1) -> org.apache.spark.executor.ExecutorMetrics@4cdfe140)) by listener AppStatusListener took 1.0851821s.
[2021-12-23 11:25:34,047] {spark_submit.py:514} INFO - 21/12/23 11:25:34 INFO SparkContext: Invoking stop() from shutdown hook
