[2021-12-23 12:25:54,973] {taskinstance.py:1035} INFO - Dependencies all met for <TaskInstance: scraping_daft_monaghan.scrap_data scheduled__2021-12-22T10:30:00+00:00 [queued]>
[2021-12-23 12:25:55,023] {taskinstance.py:1035} INFO - Dependencies all met for <TaskInstance: scraping_daft_monaghan.scrap_data scheduled__2021-12-22T10:30:00+00:00 [queued]>
[2021-12-23 12:25:55,029] {taskinstance.py:1241} INFO - 
--------------------------------------------------------------------------------
[2021-12-23 12:25:55,032] {taskinstance.py:1242} INFO - Starting attempt 2 of 4
[2021-12-23 12:25:55,035] {taskinstance.py:1243} INFO - 
--------------------------------------------------------------------------------
[2021-12-23 12:25:55,085] {taskinstance.py:1262} INFO - Executing <Task(SparkSubmitOperator): scrap_data> on 2021-12-22 10:30:00+00:00
[2021-12-23 12:25:55,117] {standard_task_runner.py:76} INFO - Running: ['***', 'tasks', 'run', 'scraping_daft_monaghan', 'scrap_data', 'scheduled__2021-12-22T10:30:00+00:00', '--job-id', '4109', '--raw', '--subdir', 'DAGS_FOLDER/scraping_daft_monaghan.py', '--cfg-path', '/tmp/tmp76s7_a1z', '--error-file', '/tmp/tmp0hj48m7b']
[2021-12-23 12:25:55,126] {standard_task_runner.py:77} INFO - Job 4109: Subtask scrap_data
[2021-12-23 12:25:55,110] {standard_task_runner.py:52} INFO - Started process 8617 to run task
[2021-12-23 12:25:55,420] {logging_mixin.py:109} INFO - Running <TaskInstance: scraping_daft_monaghan.scrap_data scheduled__2021-12-22T10:30:00+00:00 [running]> on host eecc602ed8f2
[2021-12-23 12:25:55,776] {taskinstance.py:1429} INFO - Exporting the following env vars:
AIRFLOW_CTX_DAG_EMAIL=clement.liscoet@gmail.com
AIRFLOW_CTX_DAG_OWNER=clemoni
AIRFLOW_CTX_DAG_ID=scraping_daft_monaghan
AIRFLOW_CTX_TASK_ID=scrap_data
AIRFLOW_CTX_EXECUTION_DATE=2021-12-22T10:30:00+00:00
AIRFLOW_CTX_DAG_RUN_ID=scheduled__2021-12-22T10:30:00+00:00
[2021-12-23 12:25:55,834] {base.py:79} INFO - Using connection to: id: spark_default. Host: spark://spark:7077, Port: None, Schema: , Login: ***, Password: ***, extra: {}
[2021-12-23 12:25:55,840] {spark_submit.py:360} INFO - Spark-Submit cmd: spark-submit --master spark://spark:7077 --conf spark.master=spark://spark:7077 --name scrap data --verbose /opt/***/jobs/get_ads_per_county.py monaghan
[2021-12-23 12:26:00,354] {spark_submit.py:514} INFO - Using properties file: null
[2021-12-23 12:26:00,591] {spark_submit.py:514} INFO - WARNING: An illegal reflective access operation has occurred
[2021-12-23 12:26:00,594] {spark_submit.py:514} INFO - WARNING: Illegal reflective access by org.apache.spark.unsafe.Platform (file:/home/***/.local/lib/python3.6/site-packages/pyspark/jars/spark-unsafe_2.12-3.2.0.jar) to constructor java.nio.DirectByteBuffer(long,int)
[2021-12-23 12:26:00,598] {spark_submit.py:514} INFO - WARNING: Please consider reporting this to the maintainers of org.apache.spark.unsafe.Platform
[2021-12-23 12:26:00,604] {spark_submit.py:514} INFO - WARNING: Use --illegal-access=warn to enable warnings of further illegal reflective access operations
[2021-12-23 12:26:00,608] {spark_submit.py:514} INFO - WARNING: All illegal access operations will be denied in a future release
[2021-12-23 12:26:00,763] {spark_submit.py:514} INFO - Parsed arguments:
[2021-12-23 12:26:00,765] {spark_submit.py:514} INFO - master                  spark://spark:7077
[2021-12-23 12:26:00,767] {spark_submit.py:514} INFO - deployMode              null
[2021-12-23 12:26:00,768] {spark_submit.py:514} INFO - executorMemory          null
[2021-12-23 12:26:00,770] {spark_submit.py:514} INFO - executorCores           null
[2021-12-23 12:26:00,772] {spark_submit.py:514} INFO - totalExecutorCores      null
[2021-12-23 12:26:00,775] {spark_submit.py:514} INFO - propertiesFile          null
[2021-12-23 12:26:00,777] {spark_submit.py:514} INFO - driverMemory            null
[2021-12-23 12:26:00,779] {spark_submit.py:514} INFO - driverCores             null
[2021-12-23 12:26:00,780] {spark_submit.py:514} INFO - driverExtraClassPath    null
[2021-12-23 12:26:00,783] {spark_submit.py:514} INFO - driverExtraLibraryPath  null
[2021-12-23 12:26:00,786] {spark_submit.py:514} INFO - driverExtraJavaOptions  null
[2021-12-23 12:26:00,787] {spark_submit.py:514} INFO - supervise               false
[2021-12-23 12:26:00,788] {spark_submit.py:514} INFO - queue                   null
[2021-12-23 12:26:00,789] {spark_submit.py:514} INFO - numExecutors            null
[2021-12-23 12:26:00,791] {spark_submit.py:514} INFO - files                   null
[2021-12-23 12:26:00,792] {spark_submit.py:514} INFO - pyFiles                 null
[2021-12-23 12:26:00,797] {spark_submit.py:514} INFO - archives                null
[2021-12-23 12:26:00,799] {spark_submit.py:514} INFO - mainClass               null
[2021-12-23 12:26:00,800] {spark_submit.py:514} INFO - primaryResource         file:/opt/***/jobs/get_ads_per_county.py
[2021-12-23 12:26:00,801] {spark_submit.py:514} INFO - name                    scrap data
[2021-12-23 12:26:00,803] {spark_submit.py:514} INFO - childArgs               [monaghan]
[2021-12-23 12:26:00,807] {spark_submit.py:514} INFO - jars                    null
[2021-12-23 12:26:00,809] {spark_submit.py:514} INFO - packages                null
[2021-12-23 12:26:00,811] {spark_submit.py:514} INFO - packagesExclusions      null
[2021-12-23 12:26:00,813] {spark_submit.py:514} INFO - repositories            null
[2021-12-23 12:26:00,815] {spark_submit.py:514} INFO - verbose                 true
[2021-12-23 12:26:00,817] {spark_submit.py:514} INFO - 
[2021-12-23 12:26:00,818] {spark_submit.py:514} INFO - Spark properties used, including those specified through
[2021-12-23 12:26:00,820] {spark_submit.py:514} INFO - --conf and those from the properties file null:
[2021-12-23 12:26:00,821] {spark_submit.py:514} INFO - (spark.master,spark://spark:7077)
[2021-12-23 12:26:00,823] {spark_submit.py:514} INFO - 
[2021-12-23 12:26:00,825] {spark_submit.py:514} INFO - 
[2021-12-23 12:26:01,544] {spark_submit.py:514} INFO - Main class:
[2021-12-23 12:26:01,546] {spark_submit.py:514} INFO - org.apache.spark.deploy.PythonRunner
[2021-12-23 12:26:01,548] {spark_submit.py:514} INFO - Arguments:
[2021-12-23 12:26:01,549] {spark_submit.py:514} INFO - file:/opt/***/jobs/get_ads_per_county.py
[2021-12-23 12:26:01,551] {spark_submit.py:514} INFO - null
[2021-12-23 12:26:01,552] {spark_submit.py:514} INFO - monaghan
[2021-12-23 12:26:01,553] {spark_submit.py:514} INFO - --verbose
[2021-12-23 12:26:01,555] {spark_submit.py:514} INFO - Spark config:
[2021-12-23 12:26:01,556] {spark_submit.py:514} INFO - (spark.app.name,scrap data)
[2021-12-23 12:26:01,558] {spark_submit.py:514} INFO - (spark.master,spark://spark:7077)
[2021-12-23 12:26:01,560] {spark_submit.py:514} INFO - (spark.submit.pyFiles,)
[2021-12-23 12:26:01,561] {spark_submit.py:514} INFO - (spark.submit.deployMode,client)
[2021-12-23 12:26:01,563] {spark_submit.py:514} INFO - Classpath elements:
[2021-12-23 12:26:01,564] {spark_submit.py:514} INFO - 
[2021-12-23 12:26:01,567] {spark_submit.py:514} INFO - 
[2021-12-23 12:26:01,568] {spark_submit.py:514} INFO - 
[2021-12-23 12:26:04,135] {spark_submit.py:514} INFO - Using Spark's default log4j profile: org/apache/spark/log4j-defaults.properties
[2021-12-23 12:26:04,182] {spark_submit.py:514} INFO - 21/12/23 12:26:04 INFO SparkContext: Running Spark version 3.2.0
[2021-12-23 12:26:04,495] {spark_submit.py:514} INFO - 21/12/23 12:26:04 WARN NativeCodeLoader: Unable to load native-hadoop library for your platform... using builtin-java classes where applicable
[2021-12-23 12:26:04,982] {spark_submit.py:514} INFO - 21/12/23 12:26:04 INFO ResourceUtils: ==============================================================
[2021-12-23 12:26:04,984] {spark_submit.py:514} INFO - 21/12/23 12:26:04 INFO ResourceUtils: No custom resources configured for spark.driver.
[2021-12-23 12:26:04,986] {spark_submit.py:514} INFO - 21/12/23 12:26:04 INFO ResourceUtils: ==============================================================
[2021-12-23 12:26:04,993] {spark_submit.py:514} INFO - 21/12/23 12:26:04 INFO SparkContext: Submitted application: Get Ads per county
[2021-12-23 12:26:05,067] {spark_submit.py:514} INFO - 21/12/23 12:26:05 INFO ResourceProfile: Default ResourceProfile created, executor resources: Map(cores -> name: cores, amount: 1, script: , vendor: , memory -> name: memory, amount: 1024, script: , vendor: , offHeap -> name: offHeap, amount: 0, script: , vendor: ), task resources: Map(cpus -> name: cpus, amount: 1.0)
[2021-12-23 12:26:05,103] {spark_submit.py:514} INFO - 21/12/23 12:26:05 INFO ResourceProfile: Limiting resource is cpu
[2021-12-23 12:26:05,105] {spark_submit.py:514} INFO - 21/12/23 12:26:05 INFO ResourceProfileManager: Added ResourceProfile id: 0
[2021-12-23 12:26:05,265] {spark_submit.py:514} INFO - 21/12/23 12:26:05 INFO SecurityManager: Changing view acls to: ***
[2021-12-23 12:26:05,271] {spark_submit.py:514} INFO - 21/12/23 12:26:05 INFO SecurityManager: Changing modify acls to: ***
[2021-12-23 12:26:05,272] {spark_submit.py:514} INFO - 21/12/23 12:26:05 INFO SecurityManager: Changing view acls groups to:
[2021-12-23 12:26:05,275] {spark_submit.py:514} INFO - 21/12/23 12:26:05 INFO SecurityManager: Changing modify acls groups to:
[2021-12-23 12:26:05,278] {spark_submit.py:514} INFO - 21/12/23 12:26:05 INFO SecurityManager: SecurityManager: authentication disabled; ui acls disabled; users  with view permissions: Set(***); groups with view permissions: Set(); users  with modify permissions: Set(***); groups with modify permissions: Set()
[2021-12-23 12:26:06,461] {spark_submit.py:514} INFO - 21/12/23 12:26:06 INFO Utils: Successfully started service 'sparkDriver' on port 38949.
[2021-12-23 12:26:06,622] {spark_submit.py:514} INFO - 21/12/23 12:26:06 INFO SparkEnv: Registering MapOutputTracker
[2021-12-23 12:26:06,734] {spark_submit.py:514} INFO - 21/12/23 12:26:06 INFO SparkEnv: Registering BlockManagerMaster
[2021-12-23 12:26:06,808] {spark_submit.py:514} INFO - 21/12/23 12:26:06 INFO BlockManagerMasterEndpoint: Using org.apache.spark.storage.DefaultTopologyMapper for getting topology information
[2021-12-23 12:26:06,809] {spark_submit.py:514} INFO - 21/12/23 12:26:06 INFO BlockManagerMasterEndpoint: BlockManagerMasterEndpoint up
[2021-12-23 12:26:06,825] {spark_submit.py:514} INFO - 21/12/23 12:26:06 INFO SparkEnv: Registering BlockManagerMasterHeartbeat
[2021-12-23 12:26:06,943] {spark_submit.py:514} INFO - 21/12/23 12:26:06 INFO DiskBlockManager: Created local directory at /tmp/blockmgr-589bdc71-cfe3-461a-8c8d-c352c08dfc7b
[2021-12-23 12:26:07,189] {spark_submit.py:514} INFO - 21/12/23 12:26:07 INFO MemoryStore: MemoryStore started with capacity 434.4 MiB
[2021-12-23 12:26:07,255] {spark_submit.py:514} INFO - 21/12/23 12:26:07 INFO SparkEnv: Registering OutputCommitCoordinator
[2021-12-23 12:26:08,408] {spark_submit.py:514} INFO - 21/12/23 12:26:08 WARN Utils: Service 'SparkUI' could not bind on port 4040. Attempting port 4041.
[2021-12-23 12:26:08,409] {spark_submit.py:514} INFO - 21/12/23 12:26:08 WARN Utils: Service 'SparkUI' could not bind on port 4041. Attempting port 4042.
[2021-12-23 12:26:08,458] {spark_submit.py:514} INFO - 21/12/23 12:26:08 INFO Utils: Successfully started service 'SparkUI' on port 4042.
[2021-12-23 12:26:08,688] {spark_submit.py:514} INFO - 21/12/23 12:26:08 INFO SparkUI: Bound SparkUI to 0.0.0.0, and started at http://eecc602ed8f2:4042
[2021-12-23 12:26:09,380] {spark_submit.py:514} INFO - 21/12/23 12:26:09 INFO StandaloneAppClient$ClientEndpoint: Connecting to master spark://spark:7077...
[2021-12-23 12:26:09,787] {spark_submit.py:514} INFO - 21/12/23 12:26:09 INFO TransportClientFactory: Successfully created connection to spark/172.20.0.4:7077 after 240 ms (0 ms spent in bootstraps)
[2021-12-23 12:26:10,413] {spark_submit.py:514} INFO - 21/12/23 12:26:10 INFO StandaloneSchedulerBackend: Connected to Spark cluster with app ID app-20211223122610-0036
[2021-12-23 12:26:10,461] {spark_submit.py:514} INFO - 21/12/23 12:26:10 INFO Utils: Successfully started service 'org.apache.spark.network.netty.NettyBlockTransferService' on port 46481.
[2021-12-23 12:26:10,472] {spark_submit.py:514} INFO - 21/12/23 12:26:10 INFO NettyBlockTransferService: Server created on eecc602ed8f2:46481
[2021-12-23 12:26:10,485] {spark_submit.py:514} INFO - 21/12/23 12:26:10 INFO BlockManager: Using org.apache.spark.storage.RandomBlockReplicationPolicy for block replication policy
[2021-12-23 12:26:10,501] {spark_submit.py:514} INFO - 21/12/23 12:26:10 INFO BlockManagerMaster: Registering BlockManager BlockManagerId(driver, eecc602ed8f2, 46481, None)
[2021-12-23 12:26:10,537] {spark_submit.py:514} INFO - 21/12/23 12:26:10 INFO BlockManagerMasterEndpoint: Registering block manager eecc602ed8f2:46481 with 434.4 MiB RAM, BlockManagerId(driver, eecc602ed8f2, 46481, None)
[2021-12-23 12:26:10,558] {spark_submit.py:514} INFO - 21/12/23 12:26:10 INFO BlockManagerMaster: Registered BlockManager BlockManagerId(driver, eecc602ed8f2, 46481, None)
[2021-12-23 12:26:10,562] {spark_submit.py:514} INFO - 21/12/23 12:26:10 INFO BlockManager: Initialized BlockManager: BlockManagerId(driver, eecc602ed8f2, 46481, None)
[2021-12-23 12:26:11,795] {spark_submit.py:514} INFO - 21/12/23 12:26:11 INFO StandaloneSchedulerBackend: SchedulerBackend is ready for scheduling beginning after reached minRegisteredResourcesRatio: 0.0
[2021-12-23 12:26:11,927] {spark_submit.py:514} INFO - /home/***/.local/lib/python3.6/site-packages/pyspark/python/lib/pyspark.zip/pyspark/context.py:238: FutureWarning: Python 3.6 support is deprecated in Spark 3.2.
[2021-12-23 12:26:11,928] {spark_submit.py:514} INFO - FutureWarning
[2021-12-23 12:26:12,689] {spark_submit.py:514} INFO - 21/12/23 12:26:12 INFO SharedState: Setting hive.metastore.warehouse.dir ('null') to the value of spark.sql.warehouse.dir.
[2021-12-23 12:26:12,890] {spark_submit.py:514} INFO - 21/12/23 12:26:12 INFO SharedState: Warehouse path is 'file:/opt/***/spark-warehouse'.
[2021-12-23 12:26:16,571] {spark_submit.py:514} INFO - running...
[2021-12-23 12:26:17,128] {spark_submit.py:514} INFO - running...
[2021-12-23 12:26:17,634] {spark_submit.py:514} INFO - running...
[2021-12-23 12:26:18,241] {spark_submit.py:514} INFO - running...
[2021-12-23 12:26:18,747] {spark_submit.py:514} INFO - running...
[2021-12-23 12:26:19,848] {spark_submit.py:514} INFO - 21/12/23 12:26:19 INFO SparkContext: Invoking stop() from shutdown hook
[2021-12-23 12:26:19,887] {spark_submit.py:514} INFO - 21/12/23 12:26:19 INFO SparkUI: Stopped Spark web UI at http://eecc602ed8f2:4042
[2021-12-23 12:26:19,901] {spark_submit.py:514} INFO - 21/12/23 12:26:19 INFO StandaloneSchedulerBackend: Shutting down all executors
[2021-12-23 12:26:19,917] {spark_submit.py:514} INFO - 21/12/23 12:26:19 INFO CoarseGrainedSchedulerBackend$DriverEndpoint: Asking each executor to shut down
[2021-12-23 12:26:20,003] {spark_submit.py:514} INFO - 21/12/23 12:26:20 INFO MapOutputTrackerMasterEndpoint: MapOutputTrackerMasterEndpoint stopped!
[2021-12-23 12:26:20,049] {spark_submit.py:514} INFO - 21/12/23 12:26:20 INFO MemoryStore: MemoryStore cleared
[2021-12-23 12:26:20,052] {spark_submit.py:514} INFO - 21/12/23 12:26:20 INFO BlockManager: BlockManager stopped
[2021-12-23 12:26:20,071] {spark_submit.py:514} INFO - 21/12/23 12:26:20 INFO BlockManagerMaster: BlockManagerMaster stopped
[2021-12-23 12:26:20,079] {spark_submit.py:514} INFO - 21/12/23 12:26:20 INFO OutputCommitCoordinator$OutputCommitCoordinatorEndpoint: OutputCommitCoordinator stopped!
[2021-12-23 12:26:20,098] {spark_submit.py:514} INFO - 21/12/23 12:26:20 INFO SparkContext: Successfully stopped SparkContext
[2021-12-23 12:26:20,100] {spark_submit.py:514} INFO - 21/12/23 12:26:20 INFO ShutdownHookManager: Shutdown hook called
[2021-12-23 12:26:20,102] {spark_submit.py:514} INFO - 21/12/23 12:26:20 INFO ShutdownHookManager: Deleting directory /tmp/spark-85851181-5cea-4eb7-bc4c-9fe095c0d6a1
[2021-12-23 12:26:20,111] {spark_submit.py:514} INFO - 21/12/23 12:26:20 INFO ShutdownHookManager: Deleting directory /tmp/spark-aa47216c-dcad-4417-9758-a0446a150858
[2021-12-23 12:26:20,123] {spark_submit.py:514} INFO - 21/12/23 12:26:20 INFO ShutdownHookManager: Deleting directory /tmp/spark-85851181-5cea-4eb7-bc4c-9fe095c0d6a1/pyspark-fc7a706a-fbab-4331-934e-53bc7c609659
[2021-12-23 12:26:20,284] {taskinstance.py:1280} INFO - Marking task as SUCCESS. dag_id=scraping_daft_monaghan, task_id=scrap_data, execution_date=20211222T103000, start_date=20211223T122554, end_date=20211223T122620
[2021-12-23 12:26:20,335] {local_task_job.py:154} INFO - Task exited with return code 0
[2021-12-23 12:26:20,487] {local_task_job.py:264} INFO - 1 downstream tasks scheduled from follow-on schedule check
