[2021-12-07 19:47:09,001] {taskinstance.py:1035} INFO - Dependencies all met for <TaskInstance: scraping_daft_roscommon.scrap_data scheduled__2021-12-06T05:00:00+00:00 [queued]>
[2021-12-07 19:47:09,481] {taskinstance.py:1035} INFO - Dependencies all met for <TaskInstance: scraping_daft_roscommon.scrap_data scheduled__2021-12-06T05:00:00+00:00 [queued]>
[2021-12-07 19:47:09,488] {taskinstance.py:1241} INFO - 
--------------------------------------------------------------------------------
[2021-12-07 19:47:09,493] {taskinstance.py:1242} INFO - Starting attempt 1 of 3
[2021-12-07 19:47:09,501] {taskinstance.py:1243} INFO - 
--------------------------------------------------------------------------------
[2021-12-07 19:47:09,775] {taskinstance.py:1262} INFO - Executing <Task(SparkSubmitOperator): scrap_data> on 2021-12-06 05:00:00+00:00
[2021-12-07 19:47:09,864] {standard_task_runner.py:76} INFO - Running: ['***', 'tasks', 'run', 'scraping_daft_roscommon', 'scrap_data', 'scheduled__2021-12-06T05:00:00+00:00', '--job-id', '437', '--raw', '--subdir', 'DAGS_FOLDER/scraping_daft_roscommon.py', '--cfg-path', '/tmp/tmpvshzkzzk', '--error-file', '/tmp/tmpnaa87prc']
[2021-12-07 19:47:09,879] {standard_task_runner.py:77} INFO - Job 437: Subtask scrap_data
[2021-12-07 19:47:09,864] {standard_task_runner.py:52} INFO - Started process 353 to run task
[2021-12-07 19:47:10,711] {logging_mixin.py:109} INFO - Running <TaskInstance: scraping_daft_roscommon.scrap_data scheduled__2021-12-06T05:00:00+00:00 [running]> on host 041e6f8654c3
[2021-12-07 19:47:11,997] {taskinstance.py:1429} INFO - Exporting the following env vars:
AIRFLOW_CTX_DAG_EMAIL=***@example.com
AIRFLOW_CTX_DAG_OWNER=clemoni
AIRFLOW_CTX_DAG_ID=scraping_daft_roscommon
AIRFLOW_CTX_TASK_ID=scrap_data
AIRFLOW_CTX_EXECUTION_DATE=2021-12-06T05:00:00+00:00
AIRFLOW_CTX_DAG_RUN_ID=scheduled__2021-12-06T05:00:00+00:00
[2021-12-07 19:47:12,209] {base.py:79} INFO - Using connection to: id: spark_default. Host: spark://spark:7077, Port: None, Schema: , Login: ***, Password: ***, extra: {}
[2021-12-07 19:47:12,233] {spark_submit.py:362} INFO - Spark-Submit cmd: spark-submit --master spark://spark:7077 --conf spark.master=spark://spark:7077 --name scrap data --verbose /opt/***/jobs/get_ads_per_county.py roscommon
[2021-12-07 19:47:36,382] {spark_submit.py:523} INFO - Using properties file: null
[2021-12-07 19:47:37,746] {spark_submit.py:523} INFO - WARNING: An illegal reflective access operation has occurred
[2021-12-07 19:47:37,752] {spark_submit.py:523} INFO - WARNING: Illegal reflective access by org.apache.spark.unsafe.Platform (file:/home/***/.local/lib/python3.6/site-packages/pyspark/jars/spark-unsafe_2.12-3.2.0.jar) to constructor java.nio.DirectByteBuffer(long,int)
[2021-12-07 19:47:37,757] {spark_submit.py:523} INFO - WARNING: Please consider reporting this to the maintainers of org.apache.spark.unsafe.Platform
[2021-12-07 19:47:37,764] {spark_submit.py:523} INFO - WARNING: Use --illegal-access=warn to enable warnings of further illegal reflective access operations
[2021-12-07 19:47:37,770] {spark_submit.py:523} INFO - WARNING: All illegal access operations will be denied in a future release
[2021-12-07 19:47:38,273] {spark_submit.py:523} INFO - Parsed arguments:
[2021-12-07 19:47:38,279] {spark_submit.py:523} INFO - master                  spark://spark:7077
[2021-12-07 19:47:38,284] {spark_submit.py:523} INFO - deployMode              null
[2021-12-07 19:47:38,293] {spark_submit.py:523} INFO - executorMemory          null
[2021-12-07 19:47:38,296] {spark_submit.py:523} INFO - executorCores           null
[2021-12-07 19:47:38,304] {spark_submit.py:523} INFO - totalExecutorCores      null
[2021-12-07 19:47:38,312] {spark_submit.py:523} INFO - propertiesFile          null
[2021-12-07 19:47:38,319] {spark_submit.py:523} INFO - driverMemory            null
[2021-12-07 19:47:38,322] {spark_submit.py:523} INFO - driverCores             null
[2021-12-07 19:47:38,327] {spark_submit.py:523} INFO - driverExtraClassPath    null
[2021-12-07 19:47:38,330] {spark_submit.py:523} INFO - driverExtraLibraryPath  null
[2021-12-07 19:47:38,342] {spark_submit.py:523} INFO - driverExtraJavaOptions  null
[2021-12-07 19:47:38,348] {spark_submit.py:523} INFO - supervise               false
[2021-12-07 19:47:38,356] {spark_submit.py:523} INFO - queue                   null
[2021-12-07 19:47:38,360] {spark_submit.py:523} INFO - numExecutors            null
[2021-12-07 19:47:38,364] {spark_submit.py:523} INFO - files                   null
[2021-12-07 19:47:38,369] {spark_submit.py:523} INFO - pyFiles                 null
[2021-12-07 19:47:38,371] {spark_submit.py:523} INFO - archives                null
[2021-12-07 19:47:38,377] {spark_submit.py:523} INFO - mainClass               null
[2021-12-07 19:47:38,381] {spark_submit.py:523} INFO - primaryResource         file:/opt/***/jobs/get_ads_per_county.py
[2021-12-07 19:47:38,382] {spark_submit.py:523} INFO - name                    scrap data
[2021-12-07 19:47:38,390] {spark_submit.py:523} INFO - childArgs               [roscommon]
[2021-12-07 19:47:38,393] {spark_submit.py:523} INFO - jars                    null
[2021-12-07 19:47:38,395] {spark_submit.py:523} INFO - packages                null
[2021-12-07 19:47:38,398] {spark_submit.py:523} INFO - packagesExclusions      null
[2021-12-07 19:47:38,406] {spark_submit.py:523} INFO - repositories            null
[2021-12-07 19:47:38,412] {spark_submit.py:523} INFO - verbose                 true
[2021-12-07 19:47:38,417] {spark_submit.py:523} INFO - 
[2021-12-07 19:47:38,422] {spark_submit.py:523} INFO - Spark properties used, including those specified through
[2021-12-07 19:47:38,425] {spark_submit.py:523} INFO - --conf and those from the properties file null:
[2021-12-07 19:47:38,429] {spark_submit.py:523} INFO - (spark.master,spark://spark:7077)
[2021-12-07 19:47:38,434] {spark_submit.py:523} INFO - 
[2021-12-07 19:47:38,441] {spark_submit.py:523} INFO - 
[2021-12-07 19:47:41,979] {spark_submit.py:523} INFO - Main class:
[2021-12-07 19:47:41,984] {spark_submit.py:523} INFO - org.apache.spark.deploy.PythonRunner
[2021-12-07 19:47:41,992] {spark_submit.py:523} INFO - Arguments:
[2021-12-07 19:47:41,994] {spark_submit.py:523} INFO - file:/opt/***/jobs/get_ads_per_county.py
[2021-12-07 19:47:41,996] {spark_submit.py:523} INFO - null
[2021-12-07 19:47:41,999] {spark_submit.py:523} INFO - roscommon
[2021-12-07 19:47:42,001] {spark_submit.py:523} INFO - --verbose
[2021-12-07 19:47:42,007] {spark_submit.py:523} INFO - Spark config:
[2021-12-07 19:47:42,011] {spark_submit.py:523} INFO - (spark.app.name,scrap data)
[2021-12-07 19:47:42,016] {spark_submit.py:523} INFO - (spark.master,spark://spark:7077)
[2021-12-07 19:47:42,020] {spark_submit.py:523} INFO - (spark.submit.pyFiles,)
[2021-12-07 19:47:42,025] {spark_submit.py:523} INFO - (spark.submit.deployMode,client)
[2021-12-07 19:47:42,028] {spark_submit.py:523} INFO - Classpath elements:
[2021-12-07 19:47:42,032] {spark_submit.py:523} INFO - 
[2021-12-07 19:47:42,036] {spark_submit.py:523} INFO - 
[2021-12-07 19:47:42,038] {spark_submit.py:523} INFO - 
[2021-12-07 19:47:56,841] {spark_submit.py:523} INFO - Using Spark's default log4j profile: org/apache/spark/log4j-defaults.properties
[2021-12-07 19:47:57,218] {spark_submit.py:523} INFO - 21/12/07 19:47:57 INFO SparkContext: Running Spark version 3.2.0
[2021-12-07 19:47:59,897] {spark_submit.py:523} INFO - 21/12/07 19:47:59 WARN NativeCodeLoader: Unable to load native-hadoop library for your platform... using builtin-java classes where applicable
[2021-12-07 19:48:02,197] {spark_submit.py:523} INFO - 21/12/07 19:48:02 INFO ResourceUtils: ==============================================================
[2021-12-07 19:48:02,202] {spark_submit.py:523} INFO - 21/12/07 19:48:02 INFO ResourceUtils: No custom resources configured for spark.driver.
[2021-12-07 19:48:02,209] {spark_submit.py:523} INFO - 21/12/07 19:48:02 INFO ResourceUtils: ==============================================================
[2021-12-07 19:48:02,213] {spark_submit.py:523} INFO - 21/12/07 19:48:02 INFO SparkContext: Submitted application: Get Ads per county
[2021-12-07 19:48:02,665] {spark_submit.py:523} INFO - 21/12/07 19:48:02 INFO ResourceProfile: Default ResourceProfile created, executor resources: Map(cores -> name: cores, amount: 1, script: , vendor: , memory -> name: memory, amount: 1024, script: , vendor: , offHeap -> name: offHeap, amount: 0, script: , vendor: ), task resources: Map(cpus -> name: cpus, amount: 1.0)
[2021-12-07 19:48:02,932] {spark_submit.py:523} INFO - 21/12/07 19:48:02 INFO ResourceProfile: Limiting resource is cpu
[2021-12-07 19:48:02,941] {spark_submit.py:523} INFO - 21/12/07 19:48:02 INFO ResourceProfileManager: Added ResourceProfile id: 0
[2021-12-07 19:48:04,479] {spark_submit.py:523} INFO - 21/12/07 19:48:04 INFO SecurityManager: Changing view acls to: ***
[2021-12-07 19:48:04,566] {spark_submit.py:523} INFO - 21/12/07 19:48:04 INFO SecurityManager: Changing modify acls to: ***
[2021-12-07 19:48:04,573] {spark_submit.py:523} INFO - 21/12/07 19:48:04 INFO SecurityManager: Changing view acls groups to:
[2021-12-07 19:48:04,579] {spark_submit.py:523} INFO - 21/12/07 19:48:04 INFO SecurityManager: Changing modify acls groups to:
[2021-12-07 19:48:04,584] {spark_submit.py:523} INFO - 21/12/07 19:48:04 INFO SecurityManager: SecurityManager: authentication disabled; ui acls disabled; users  with view permissions: Set(***); groups with view permissions: Set(); users  with modify permissions: Set(***); groups with modify permissions: Set()
[2021-12-07 19:48:16,087] {spark_submit.py:523} INFO - 21/12/07 19:48:16 INFO Utils: Successfully started service 'sparkDriver' on port 37289.
[2021-12-07 19:48:16,452] {spark_submit.py:523} INFO - 21/12/07 19:48:16 INFO SparkEnv: Registering MapOutputTracker
[2021-12-07 19:48:16,586] {spark_submit.py:523} INFO - 21/12/07 19:48:16 INFO SparkEnv: Registering BlockManagerMaster
[2021-12-07 19:48:16,644] {spark_submit.py:523} INFO - 21/12/07 19:48:16 INFO BlockManagerMasterEndpoint: Using org.apache.spark.storage.DefaultTopologyMapper for getting topology information
[2021-12-07 19:48:16,646] {spark_submit.py:523} INFO - 21/12/07 19:48:16 INFO BlockManagerMasterEndpoint: BlockManagerMasterEndpoint up
[2021-12-07 19:48:16,670] {spark_submit.py:523} INFO - 21/12/07 19:48:16 INFO SparkEnv: Registering BlockManagerMasterHeartbeat
[2021-12-07 19:48:16,855] {spark_submit.py:523} INFO - 21/12/07 19:48:16 INFO DiskBlockManager: Created local directory at /tmp/blockmgr-de4b79bb-d7b2-4b9e-8313-d6b2f4826500
[2021-12-07 19:48:17,053] {spark_submit.py:523} INFO - 21/12/07 19:48:17 INFO MemoryStore: MemoryStore started with capacity 434.4 MiB
[2021-12-07 19:48:17,188] {spark_submit.py:523} INFO - 21/12/07 19:48:17 INFO SparkEnv: Registering OutputCommitCoordinator
[2021-12-07 19:48:23,514] {spark_submit.py:523} INFO - 21/12/07 19:48:23 WARN Utils: Service 'SparkUI' could not bind on port 4040. Attempting port 4041.
[2021-12-07 19:48:23,546] {spark_submit.py:523} INFO - 21/12/07 19:48:23 WARN Utils: Service 'SparkUI' could not bind on port 4041. Attempting port 4042.
[2021-12-07 19:48:23,568] {spark_submit.py:523} INFO - 21/12/07 19:48:23 WARN Utils: Service 'SparkUI' could not bind on port 4042. Attempting port 4043.
[2021-12-07 19:48:23,571] {spark_submit.py:523} INFO - 21/12/07 19:48:23 WARN Utils: Service 'SparkUI' could not bind on port 4043. Attempting port 4044.
[2021-12-07 19:48:23,575] {spark_submit.py:523} INFO - 21/12/07 19:48:23 WARN Utils: Service 'SparkUI' could not bind on port 4044. Attempting port 4045.
[2021-12-07 19:48:23,629] {spark_submit.py:523} INFO - 21/12/07 19:48:23 WARN Utils: Service 'SparkUI' could not bind on port 4045. Attempting port 4046.
[2021-12-07 19:48:23,977] {spark_submit.py:523} INFO - 21/12/07 19:48:23 INFO Utils: Successfully started service 'SparkUI' on port 4046.
[2021-12-07 19:48:38,964] {spark_submit.py:523} INFO - 21/12/07 19:48:38 INFO SparkUI: Bound SparkUI to 0.0.0.0, and started at http://041e6f8654c3:4046
[2021-12-07 19:48:54,023] {spark_submit.py:523} INFO - 21/12/07 19:48:54 INFO StandaloneAppClient$ClientEndpoint: Connecting to master spark://spark:7077...
[2021-12-07 19:49:01,334] {spark_submit.py:523} INFO - 21/12/07 19:49:01 INFO TransportClientFactory: Successfully created connection to spark/172.31.0.4:7077 after 1176 ms (0 ms spent in bootstraps)
[2021-12-07 19:49:02,945] {spark_submit.py:523} INFO - 21/12/07 19:49:02 INFO StandaloneSchedulerBackend: Connected to Spark cluster with app ID app-20211207194902-0006
[2021-12-07 19:49:03,086] {spark_submit.py:523} INFO - 21/12/07 19:49:03 INFO Utils: Successfully started service 'org.apache.spark.network.netty.NettyBlockTransferService' on port 39171.
[2021-12-07 19:49:03,088] {spark_submit.py:523} INFO - 21/12/07 19:49:03 INFO NettyBlockTransferService: Server created on 041e6f8654c3:39171
[2021-12-07 19:49:03,132] {spark_submit.py:523} INFO - 21/12/07 19:49:03 INFO BlockManager: Using org.apache.spark.storage.RandomBlockReplicationPolicy for block replication policy
[2021-12-07 19:49:03,589] {spark_submit.py:523} INFO - 21/12/07 19:49:03 INFO BlockManagerMaster: Registering BlockManager BlockManagerId(driver, 041e6f8654c3, 39171, None)
[2021-12-07 19:49:03,710] {spark_submit.py:523} INFO - 21/12/07 19:49:03 INFO BlockManagerMasterEndpoint: Registering block manager 041e6f8654c3:39171 with 434.4 MiB RAM, BlockManagerId(driver, 041e6f8654c3, 39171, None)
[2021-12-07 19:49:03,746] {spark_submit.py:523} INFO - 21/12/07 19:49:03 INFO BlockManagerMaster: Registered BlockManager BlockManagerId(driver, 041e6f8654c3, 39171, None)
[2021-12-07 19:49:03,800] {spark_submit.py:523} INFO - 21/12/07 19:49:03 INFO BlockManager: Initialized BlockManager: BlockManagerId(driver, 041e6f8654c3, 39171, None)
[2021-12-07 19:49:16,351] {spark_submit.py:523} INFO - 21/12/07 19:49:16 INFO StandaloneSchedulerBackend: SchedulerBackend is ready for scheduling beginning after reached minRegisteredResourcesRatio: 0.0
[2021-12-07 19:49:17,676] {spark_submit.py:523} INFO - /home/***/.local/lib/python3.6/site-packages/pyspark/python/lib/pyspark.zip/pyspark/context.py:238: FutureWarning: Python 3.6 support is deprecated in Spark 3.2.
[2021-12-07 19:49:17,686] {spark_submit.py:523} INFO - FutureWarning
[2021-12-07 19:49:32,781] {spark_submit.py:523} INFO - 21/12/07 19:49:32 INFO AsyncEventQueue: Process of event SparkListenerExecutorMetricsUpdate(driver,WrappedArray(),Map((-1,-1) -> org.apache.spark.executor.ExecutorMetrics@16af3fcd)) by listener AppStatusListener took 1.3054914s.
[2021-12-07 19:49:33,029] {spark_submit.py:523} INFO - 21/12/07 19:49:33 INFO SharedState: Setting hive.metastore.warehouse.dir ('null') to the value of spark.sql.warehouse.dir.
[2021-12-07 19:49:33,747] {spark_submit.py:523} INFO - 21/12/07 19:49:33 INFO SharedState: Warehouse path is 'file:/opt/***/spark-warehouse'.
[2021-12-07 19:52:36,335] {spark_submit.py:523} INFO - IncompleteRead(910267 bytes read, 27274 more expected)
[2021-12-07 19:52:36,366] {spark_submit.py:523} INFO - Traceback (most recent call last):
[2021-12-07 19:52:36,368] {spark_submit.py:523} INFO - File "/opt/***/jobs/get_ads_per_county.py", line 17, in <module>
[2021-12-07 19:52:36,371] {spark_submit.py:523} INFO - get_rent_parse_county_json(county)
[2021-12-07 19:52:36,373] {spark_submit.py:523} INFO - File "/opt/***/jobs/my_packages/fptools/fptools.py", line 191, in h
[2021-12-07 19:52:36,375] {spark_submit.py:523} INFO - return g(x, f(x))
[2021-12-07 19:52:36,378] {spark_submit.py:523} INFO - File "/opt/***/jobs/my_packages/main.py", line 29, in run_get_ads_by_county
[2021-12-07 19:52:36,381] {spark_submit.py:523} INFO - limit = sm.get_calculated_limit(daft)
[2021-12-07 19:52:36,383] {spark_submit.py:523} INFO - File "/opt/***/jobs/my_packages/fptools/fptools.py", line 72, in i
[2021-12-07 19:52:36,385] {spark_submit.py:523} INFO - return h(g(f(x)))
[2021-12-07 19:52:36,387] {spark_submit.py:523} INFO - File "/opt/***/jobs/my_packages/scraptools/scrap_main.py", line 215, in extract_ads_count
[2021-12-07 19:52:36,388] {spark_submit.py:523} INFO - def extract_ads_count(daft): return daft.main.find(
[2021-12-07 19:52:36,391] {spark_submit.py:523} INFO - AttributeError: 'NoneType' object has no attribute 'main'
[2021-12-07 19:52:37,652] {spark_submit.py:523} INFO - 21/12/07 19:52:37 INFO SparkContext: Invoking stop() from shutdown hook
[2021-12-07 19:52:37,802] {spark_submit.py:523} INFO - 21/12/07 19:52:37 INFO SparkUI: Stopped Spark web UI at http://041e6f8654c3:4046
[2021-12-07 19:52:37,932] {spark_submit.py:523} INFO - 21/12/07 19:52:37 INFO StandaloneSchedulerBackend: Shutting down all executors
[2021-12-07 19:52:37,965] {spark_submit.py:523} INFO - 21/12/07 19:52:37 INFO CoarseGrainedSchedulerBackend$DriverEndpoint: Asking each executor to shut down
[2021-12-07 19:52:38,166] {spark_submit.py:523} INFO - 21/12/07 19:52:38 INFO MapOutputTrackerMasterEndpoint: MapOutputTrackerMasterEndpoint stopped!
[2021-12-07 19:52:38,368] {spark_submit.py:523} INFO - 21/12/07 19:52:38 INFO MemoryStore: MemoryStore cleared
[2021-12-07 19:52:38,385] {spark_submit.py:523} INFO - 21/12/07 19:52:38 INFO BlockManager: BlockManager stopped
[2021-12-07 19:52:38,466] {spark_submit.py:523} INFO - 21/12/07 19:52:38 INFO BlockManagerMaster: BlockManagerMaster stopped
[2021-12-07 19:52:38,488] {spark_submit.py:523} INFO - 21/12/07 19:52:38 INFO OutputCommitCoordinator$OutputCommitCoordinatorEndpoint: OutputCommitCoordinator stopped!
[2021-12-07 19:52:38,543] {spark_submit.py:523} INFO - 21/12/07 19:52:38 INFO SparkContext: Successfully stopped SparkContext
[2021-12-07 19:52:38,544] {spark_submit.py:523} INFO - 21/12/07 19:52:38 INFO ShutdownHookManager: Shutdown hook called
[2021-12-07 19:52:38,554] {spark_submit.py:523} INFO - 21/12/07 19:52:38 INFO ShutdownHookManager: Deleting directory /tmp/spark-917e94de-00a2-4dc4-970a-2953d8c1e431/pyspark-c60b0598-67a9-4264-b981-954caf43f16b
[2021-12-07 19:52:38,569] {spark_submit.py:523} INFO - 21/12/07 19:52:38 INFO ShutdownHookManager: Deleting directory /tmp/spark-1467b901-e8f9-4214-8c3f-36dca441a3ad
[2021-12-07 19:52:38,591] {spark_submit.py:523} INFO - 21/12/07 19:52:38 INFO ShutdownHookManager: Deleting directory /tmp/spark-917e94de-00a2-4dc4-970a-2953d8c1e431
[2021-12-07 19:52:41,744] {taskinstance.py:1703} ERROR - Task failed with exception
Traceback (most recent call last):
  File "/home/airflow/.local/lib/python3.6/site-packages/airflow/models/taskinstance.py", line 1332, in _run_raw_task
    self._execute_task_with_callbacks(context)
  File "/home/airflow/.local/lib/python3.6/site-packages/airflow/models/taskinstance.py", line 1458, in _execute_task_with_callbacks
    result = self._execute_task(context, self.task)
  File "/home/airflow/.local/lib/python3.6/site-packages/airflow/models/taskinstance.py", line 1514, in _execute_task
    result = execute_callable(context=context)
  File "/home/airflow/.local/lib/python3.6/site-packages/airflow/providers/apache/spark/operators/spark_submit.py", line 179, in execute
    self._hook.submit(self._application)
  File "/home/airflow/.local/lib/python3.6/site-packages/airflow/providers/apache/spark/hooks/spark_submit.py", line 452, in submit
    self._mask_cmd(spark_submit_cmd), returncode
airflow.exceptions.AirflowException: Cannot execute: spark-submit --master spark://spark:7077 --conf spark.master=spark://spark:7077 --name scrap data --verbose /opt/***/jobs/get_ads_per_county.py roscommon. Error code is: 1.
[2021-12-07 19:52:41,822] {taskinstance.py:1280} INFO - Marking task as UP_FOR_RETRY. dag_id=scraping_daft_roscommon, task_id=scrap_data, execution_date=20211206T050000, start_date=20211207T194709, end_date=20211207T195241
[2021-12-07 19:52:41,914] {standard_task_runner.py:91} ERROR - Failed to execute job 437 for task scrap_data
Traceback (most recent call last):
  File "/home/airflow/.local/lib/python3.6/site-packages/airflow/task/task_runner/standard_task_runner.py", line 85, in _start_by_fork
    args.func(args, dag=self.dag)
  File "/home/airflow/.local/lib/python3.6/site-packages/airflow/cli/cli_parser.py", line 48, in command
    return func(*args, **kwargs)
  File "/home/airflow/.local/lib/python3.6/site-packages/airflow/utils/cli.py", line 92, in wrapper
    return f(*args, **kwargs)
  File "/home/airflow/.local/lib/python3.6/site-packages/airflow/cli/commands/task_command.py", line 292, in task_run
    _run_task_by_selected_method(args, dag, ti)
  File "/home/airflow/.local/lib/python3.6/site-packages/airflow/cli/commands/task_command.py", line 107, in _run_task_by_selected_method
    _run_raw_task(args, ti)
  File "/home/airflow/.local/lib/python3.6/site-packages/airflow/cli/commands/task_command.py", line 184, in _run_raw_task
    error_file=args.error_file,
  File "/home/airflow/.local/lib/python3.6/site-packages/airflow/utils/session.py", line 70, in wrapper
    return func(*args, session=session, **kwargs)
  File "/home/airflow/.local/lib/python3.6/site-packages/airflow/models/taskinstance.py", line 1332, in _run_raw_task
    self._execute_task_with_callbacks(context)
  File "/home/airflow/.local/lib/python3.6/site-packages/airflow/models/taskinstance.py", line 1458, in _execute_task_with_callbacks
    result = self._execute_task(context, self.task)
  File "/home/airflow/.local/lib/python3.6/site-packages/airflow/models/taskinstance.py", line 1514, in _execute_task
    result = execute_callable(context=context)
  File "/home/airflow/.local/lib/python3.6/site-packages/airflow/providers/apache/spark/operators/spark_submit.py", line 179, in execute
    self._hook.submit(self._application)
  File "/home/airflow/.local/lib/python3.6/site-packages/airflow/providers/apache/spark/hooks/spark_submit.py", line 452, in submit
    self._mask_cmd(spark_submit_cmd), returncode
airflow.exceptions.AirflowException: Cannot execute: spark-submit --master spark://spark:7077 --conf spark.master=spark://spark:7077 --name scrap data --verbose /opt/***/jobs/get_ads_per_county.py roscommon. Error code is: 1.
[2021-12-07 19:52:42,110] {local_task_job.py:154} INFO - Task exited with return code 1
[2021-12-07 19:52:42,450] {local_task_job.py:264} INFO - 0 downstream tasks scheduled from follow-on schedule check
