[2022-01-04 12:23:37,938] {taskinstance.py:1035} INFO - Dependencies all met for <TaskInstance: scraping_daft_sligo.persist_data scheduled__2022-01-03T10:45:00+00:00 [queued]>
[2022-01-04 12:23:38,889] {taskinstance.py:1035} INFO - Dependencies all met for <TaskInstance: scraping_daft_sligo.persist_data scheduled__2022-01-03T10:45:00+00:00 [queued]>
[2022-01-04 12:23:38,897] {taskinstance.py:1241} INFO - 
--------------------------------------------------------------------------------
[2022-01-04 12:23:38,913] {taskinstance.py:1242} INFO - Starting attempt 1 of 4
[2022-01-04 12:23:38,930] {taskinstance.py:1243} INFO - 
--------------------------------------------------------------------------------
[2022-01-04 12:23:39,867] {taskinstance.py:1262} INFO - Executing <Task(SparkSubmitOperator): persist_data> on 2022-01-03 10:45:00+00:00
[2022-01-04 12:23:40,205] {standard_task_runner.py:76} INFO - Running: ['***', 'tasks', 'run', 'scraping_daft_sligo', 'persist_data', 'scheduled__2022-01-03T10:45:00+00:00', '--job-id', '6549', '--raw', '--subdir', 'DAGS_FOLDER/scraping_daft_sligo.py', '--cfg-path', '/tmp/tmpnpcvs816', '--error-file', '/tmp/tmp6ue8y1z2']
[2022-01-04 12:23:40,225] {standard_task_runner.py:77} INFO - Job 6549: Subtask persist_data
[2022-01-04 12:23:40,192] {standard_task_runner.py:52} INFO - Started process 6442 to run task
[2022-01-04 12:23:41,942] {logging_mixin.py:109} INFO - Running <TaskInstance: scraping_daft_sligo.persist_data scheduled__2022-01-03T10:45:00+00:00 [running]> on host 60c978034afe
[2022-01-04 12:23:43,416] {taskinstance.py:1429} INFO - Exporting the following env vars:
AIRFLOW_CTX_DAG_EMAIL=clement.liscoet@gmail.com
AIRFLOW_CTX_DAG_OWNER=clemoni
AIRFLOW_CTX_DAG_ID=scraping_daft_sligo
AIRFLOW_CTX_TASK_ID=persist_data
AIRFLOW_CTX_EXECUTION_DATE=2022-01-03T10:45:00+00:00
AIRFLOW_CTX_DAG_RUN_ID=scheduled__2022-01-03T10:45:00+00:00
[2022-01-04 12:23:43,597] {base.py:79} INFO - Using connection to: id: spark_default. Host: spark://spark:7077, Port: None, Schema: , Login: ***, Password: ***, extra: {}
[2022-01-04 12:23:43,616] {spark_submit.py:360} INFO - Spark-Submit cmd: spark-submit --master spark://spark:7077 --conf spark.master=spark://spark:7077 --name persist data --verbose /opt/***/jobs/persist_db.py sligo
[2022-01-04 12:24:27,111] {spark_submit.py:514} INFO - Using properties file: null
[2022-01-04 12:24:44,886] {spark_submit.py:514} INFO - WARNING: An illegal reflective access operation has occurred
[2022-01-04 12:24:45,016] {spark_submit.py:514} INFO - WARNING: Illegal reflective access by org.apache.spark.unsafe.Platform (file:/home/***/.local/lib/python3.6/site-packages/pyspark/jars/spark-unsafe_2.12-3.2.0.jar) to constructor java.nio.DirectByteBuffer(long,int)
[2022-01-04 12:24:45,018] {spark_submit.py:514} INFO - WARNING: Please consider reporting this to the maintainers of org.apache.spark.unsafe.Platform
[2022-01-04 12:24:45,020] {spark_submit.py:514} INFO - WARNING: Use --illegal-access=warn to enable warnings of further illegal reflective access operations
[2022-01-04 12:24:45,022] {spark_submit.py:514} INFO - WARNING: All illegal access operations will be denied in a future release
[2022-01-04 12:24:47,744] {spark_submit.py:514} INFO - Parsed arguments:
[2022-01-04 12:24:47,746] {spark_submit.py:514} INFO - master                  spark://spark:7077
[2022-01-04 12:24:47,748] {spark_submit.py:514} INFO - deployMode              null
[2022-01-04 12:24:47,749] {spark_submit.py:514} INFO - executorMemory          null
[2022-01-04 12:24:47,754] {spark_submit.py:514} INFO - executorCores           null
[2022-01-04 12:24:47,768] {spark_submit.py:514} INFO - totalExecutorCores      null
[2022-01-04 12:24:47,770] {spark_submit.py:514} INFO - propertiesFile          null
[2022-01-04 12:24:47,774] {spark_submit.py:514} INFO - driverMemory            null
[2022-01-04 12:24:47,777] {spark_submit.py:514} INFO - driverCores             null
[2022-01-04 12:24:47,783] {spark_submit.py:514} INFO - driverExtraClassPath    null
[2022-01-04 12:24:47,787] {spark_submit.py:514} INFO - driverExtraLibraryPath  null
[2022-01-04 12:24:47,790] {spark_submit.py:514} INFO - driverExtraJavaOptions  null
[2022-01-04 12:24:47,799] {spark_submit.py:514} INFO - supervise               false
[2022-01-04 12:24:47,815] {spark_submit.py:514} INFO - queue                   null
[2022-01-04 12:24:47,817] {spark_submit.py:514} INFO - numExecutors            null
[2022-01-04 12:24:47,826] {spark_submit.py:514} INFO - files                   null
[2022-01-04 12:24:47,841] {spark_submit.py:514} INFO - pyFiles                 null
[2022-01-04 12:24:47,859] {spark_submit.py:514} INFO - archives                null
[2022-01-04 12:24:47,860] {spark_submit.py:514} INFO - mainClass               null
[2022-01-04 12:24:47,878] {spark_submit.py:514} INFO - primaryResource         file:/opt/***/jobs/persist_db.py
[2022-01-04 12:24:47,884] {spark_submit.py:514} INFO - name                    persist data
[2022-01-04 12:24:47,887] {spark_submit.py:514} INFO - childArgs               [sligo]
[2022-01-04 12:24:47,888] {spark_submit.py:514} INFO - jars                    null
[2022-01-04 12:24:47,897] {spark_submit.py:514} INFO - packages                null
[2022-01-04 12:24:47,917] {spark_submit.py:514} INFO - packagesExclusions      null
[2022-01-04 12:24:47,924] {spark_submit.py:514} INFO - repositories            null
[2022-01-04 12:24:47,926] {spark_submit.py:514} INFO - verbose                 true
[2022-01-04 12:24:47,930] {spark_submit.py:514} INFO - 
[2022-01-04 12:24:47,934] {spark_submit.py:514} INFO - Spark properties used, including those specified through
[2022-01-04 12:24:47,936] {spark_submit.py:514} INFO - --conf and those from the properties file null:
[2022-01-04 12:24:47,945] {spark_submit.py:514} INFO - (spark.master,spark://spark:7077)
[2022-01-04 12:24:47,949] {spark_submit.py:514} INFO - 
[2022-01-04 12:24:47,954] {spark_submit.py:514} INFO - 
[2022-01-04 12:24:57,561] {spark_submit.py:514} INFO - Main class:
[2022-01-04 12:24:57,562] {spark_submit.py:514} INFO - org.apache.spark.deploy.PythonRunner
[2022-01-04 12:24:57,564] {spark_submit.py:514} INFO - Arguments:
[2022-01-04 12:24:57,566] {spark_submit.py:514} INFO - file:/opt/***/jobs/persist_db.py
[2022-01-04 12:24:57,568] {spark_submit.py:514} INFO - null
[2022-01-04 12:24:57,569] {spark_submit.py:514} INFO - sligo
[2022-01-04 12:24:57,570] {spark_submit.py:514} INFO - --verbose
[2022-01-04 12:24:57,620] {spark_submit.py:514} INFO - Spark config:
[2022-01-04 12:24:57,627] {spark_submit.py:514} INFO - (spark.master,spark://spark:7077)
[2022-01-04 12:24:57,628] {spark_submit.py:514} INFO - (spark.app.name,persist data)
[2022-01-04 12:24:57,629] {spark_submit.py:514} INFO - (spark.submit.pyFiles,)
[2022-01-04 12:24:57,630] {spark_submit.py:514} INFO - (spark.submit.deployMode,client)
[2022-01-04 12:24:57,711] {spark_submit.py:514} INFO - Classpath elements:
[2022-01-04 12:24:57,715] {spark_submit.py:514} INFO - 
[2022-01-04 12:24:57,768] {spark_submit.py:514} INFO - 
[2022-01-04 12:24:57,769] {spark_submit.py:514} INFO - 
[2022-01-04 12:25:58,488] {spark_submit.py:514} INFO - Using Spark's default log4j profile: org/apache/spark/log4j-defaults.properties
[2022-01-04 12:25:59,598] {spark_submit.py:514} INFO - 22/01/04 12:25:59 INFO SparkContext: Running Spark version 3.2.0
[2022-01-04 12:26:03,942] {spark_submit.py:514} INFO - 22/01/04 12:26:03 WARN NativeCodeLoader: Unable to load native-hadoop library for your platform... using builtin-java classes where applicable
[2022-01-04 12:26:08,981] {spark_submit.py:514} INFO - 22/01/04 12:26:08 INFO ResourceUtils: ==============================================================
[2022-01-04 12:26:08,984] {spark_submit.py:514} INFO - 22/01/04 12:26:08 INFO ResourceUtils: No custom resources configured for spark.driver.
[2022-01-04 12:26:08,989] {spark_submit.py:514} INFO - 22/01/04 12:26:08 INFO ResourceUtils: ==============================================================
[2022-01-04 12:26:08,992] {spark_submit.py:514} INFO - 22/01/04 12:26:08 INFO SparkContext: Submitted application: Persist DB
[2022-01-04 12:26:09,943] {spark_submit.py:514} INFO - 22/01/04 12:26:09 INFO ResourceProfile: Default ResourceProfile created, executor resources: Map(cores -> name: cores, amount: 1, script: , vendor: , memory -> name: memory, amount: 1024, script: , vendor: , offHeap -> name: offHeap, amount: 0, script: , vendor: ), task resources: Map(cpus -> name: cpus, amount: 1.0)
[2022-01-04 12:26:10,822] {spark_submit.py:514} INFO - 22/01/04 12:26:10 INFO ResourceProfile: Limiting resource is cpu
[2022-01-04 12:26:10,825] {spark_submit.py:514} INFO - 22/01/04 12:26:10 INFO ResourceProfileManager: Added ResourceProfile id: 0
[2022-01-04 12:26:12,150] {spark_submit.py:514} INFO - 22/01/04 12:26:12 INFO SecurityManager: Changing view acls to: ***
[2022-01-04 12:26:12,151] {spark_submit.py:514} INFO - 22/01/04 12:26:12 INFO SecurityManager: Changing modify acls to: ***
[2022-01-04 12:26:12,156] {spark_submit.py:514} INFO - 22/01/04 12:26:12 INFO SecurityManager: Changing view acls groups to:
[2022-01-04 12:26:12,176] {spark_submit.py:514} INFO - 22/01/04 12:26:12 INFO SecurityManager: Changing modify acls groups to:
[2022-01-04 12:26:12,187] {spark_submit.py:514} INFO - 22/01/04 12:26:12 INFO SecurityManager: SecurityManager: authentication disabled; ui acls disabled; users  with view permissions: Set(***); groups with view permissions: Set(); users  with modify permissions: Set(***); groups with modify permissions: Set()
[2022-01-04 12:26:16,340] {spark_submit.py:514} INFO - 22/01/04 12:26:16 INFO Utils: Successfully started service 'sparkDriver' on port 46189.
[2022-01-04 12:26:16,563] {spark_submit.py:514} INFO - 22/01/04 12:26:16 INFO SparkEnv: Registering MapOutputTracker
[2022-01-04 12:26:16,846] {spark_submit.py:514} INFO - 22/01/04 12:26:16 INFO SparkEnv: Registering BlockManagerMaster
[2022-01-04 12:26:16,941] {spark_submit.py:514} INFO - 22/01/04 12:26:16 INFO BlockManagerMasterEndpoint: Using org.apache.spark.storage.DefaultTopologyMapper for getting topology information
[2022-01-04 12:26:16,948] {spark_submit.py:514} INFO - 22/01/04 12:26:16 INFO BlockManagerMasterEndpoint: BlockManagerMasterEndpoint up
[2022-01-04 12:26:17,002] {spark_submit.py:514} INFO - 22/01/04 12:26:17 INFO SparkEnv: Registering BlockManagerMasterHeartbeat
[2022-01-04 12:26:17,143] {spark_submit.py:514} INFO - 22/01/04 12:26:17 INFO DiskBlockManager: Created local directory at /tmp/blockmgr-69720baf-a400-410d-a54f-c01d796fd016
[2022-01-04 12:26:17,285] {spark_submit.py:514} INFO - 22/01/04 12:26:17 INFO MemoryStore: MemoryStore started with capacity 434.4 MiB
[2022-01-04 12:26:17,426] {spark_submit.py:514} INFO - 22/01/04 12:26:17 INFO SparkEnv: Registering OutputCommitCoordinator
[2022-01-04 12:26:24,393] {spark_submit.py:514} INFO - 22/01/04 12:26:24 WARN Utils: Service 'SparkUI' could not bind on port 4040. Attempting port 4041.
[2022-01-04 12:26:24,464] {spark_submit.py:514} INFO - 22/01/04 12:26:24 WARN Utils: Service 'SparkUI' could not bind on port 4041. Attempting port 4042.
[2022-01-04 12:26:24,478] {spark_submit.py:514} INFO - 22/01/04 12:26:24 WARN Utils: Service 'SparkUI' could not bind on port 4042. Attempting port 4043.
[2022-01-04 12:26:24,487] {spark_submit.py:514} INFO - 22/01/04 12:26:24 WARN Utils: Service 'SparkUI' could not bind on port 4043. Attempting port 4044.
[2022-01-04 12:26:24,489] {spark_submit.py:514} INFO - 22/01/04 12:26:24 WARN Utils: Service 'SparkUI' could not bind on port 4044. Attempting port 4045.
[2022-01-04 12:26:25,048] {spark_submit.py:514} INFO - 22/01/04 12:26:25 INFO Utils: Successfully started service 'SparkUI' on port 4045.
[2022-01-04 12:26:26,264] {spark_submit.py:514} INFO - 22/01/04 12:26:26 INFO SparkUI: Bound SparkUI to 0.0.0.0, and started at http://60c978034afe:4045
[2022-01-04 12:26:32,133] {spark_submit.py:514} INFO - 22/01/04 12:26:32 INFO StandaloneAppClient$ClientEndpoint: Connecting to master spark://spark:7077...
[2022-01-04 12:26:33,082] {spark_submit.py:514} INFO - 22/01/04 12:26:33 INFO TransportClientFactory: Successfully created connection to spark/172.23.0.4:7077 after 719 ms (0 ms spent in bootstraps)
[2022-01-04 12:26:34,876] {spark_submit.py:514} INFO - 22/01/04 12:26:34 INFO StandaloneSchedulerBackend: Connected to Spark cluster with app ID app-20220104122634-0046
[2022-01-04 12:26:35,042] {spark_submit.py:514} INFO - 22/01/04 12:26:35 INFO Utils: Successfully started service 'org.apache.spark.network.netty.NettyBlockTransferService' on port 38211.
[2022-01-04 12:26:35,043] {spark_submit.py:514} INFO - 22/01/04 12:26:35 INFO NettyBlockTransferService: Server created on 60c978034afe:38211
[2022-01-04 12:26:35,068] {spark_submit.py:514} INFO - 22/01/04 12:26:35 INFO BlockManager: Using org.apache.spark.storage.RandomBlockReplicationPolicy for block replication policy
[2022-01-04 12:26:35,299] {spark_submit.py:514} INFO - 22/01/04 12:26:35 INFO BlockManagerMaster: Registering BlockManager BlockManagerId(driver, 60c978034afe, 38211, None)
[2022-01-04 12:26:35,308] {spark_submit.py:514} INFO - 22/01/04 12:26:35 INFO BlockManagerMasterEndpoint: Registering block manager 60c978034afe:38211 with 434.4 MiB RAM, BlockManagerId(driver, 60c978034afe, 38211, None)
[2022-01-04 12:26:35,359] {spark_submit.py:514} INFO - 22/01/04 12:26:35 INFO BlockManagerMaster: Registered BlockManager BlockManagerId(driver, 60c978034afe, 38211, None)
[2022-01-04 12:26:35,422] {spark_submit.py:514} INFO - 22/01/04 12:26:35 INFO BlockManager: Initialized BlockManager: BlockManagerId(driver, 60c978034afe, 38211, None)
[2022-01-04 12:26:37,642] {spark_submit.py:514} INFO - 22/01/04 12:26:37 INFO StandaloneSchedulerBackend: SchedulerBackend is ready for scheduling beginning after reached minRegisteredResourcesRatio: 0.0
[2022-01-04 12:26:38,017] {spark_submit.py:514} INFO - /home/***/.local/lib/python3.6/site-packages/pyspark/python/lib/pyspark.zip/pyspark/context.py:238: FutureWarning: Python 3.6 support is deprecated in Spark 3.2.
[2022-01-04 12:26:38,019] {spark_submit.py:514} INFO - FutureWarning
[2022-01-04 12:26:40,451] {spark_submit.py:514} INFO - 22/01/04 12:26:40 INFO SharedState: Setting hive.metastore.warehouse.dir ('null') to the value of spark.sql.warehouse.dir.
[2022-01-04 12:26:40,613] {spark_submit.py:514} INFO - 22/01/04 12:26:40 INFO SharedState: Warehouse path is 'file:/opt/***/spark-warehouse'.
[2022-01-04 12:27:11,993] {spark_submit.py:514} INFO - 22/01/04 12:27:11 INFO SparkContext: Invoking stop() from shutdown hook
[2022-01-04 12:27:12,071] {spark_submit.py:514} INFO - 22/01/04 12:27:12 INFO SparkUI: Stopped Spark web UI at http://60c978034afe:4045
[2022-01-04 12:27:12,145] {spark_submit.py:514} INFO - 22/01/04 12:27:12 INFO StandaloneSchedulerBackend: Shutting down all executors
[2022-01-04 12:27:12,185] {spark_submit.py:514} INFO - 22/01/04 12:27:12 INFO CoarseGrainedSchedulerBackend$DriverEndpoint: Asking each executor to shut down
[2022-01-04 12:27:12,329] {spark_submit.py:514} INFO - 22/01/04 12:27:12 INFO MapOutputTrackerMasterEndpoint: MapOutputTrackerMasterEndpoint stopped!
[2022-01-04 12:27:12,620] {spark_submit.py:514} INFO - 22/01/04 12:27:12 INFO MemoryStore: MemoryStore cleared
[2022-01-04 12:27:12,622] {spark_submit.py:514} INFO - 22/01/04 12:27:12 INFO BlockManager: BlockManager stopped
[2022-01-04 12:27:12,662] {spark_submit.py:514} INFO - 22/01/04 12:27:12 INFO BlockManagerMaster: BlockManagerMaster stopped
[2022-01-04 12:27:12,672] {spark_submit.py:514} INFO - 22/01/04 12:27:12 INFO OutputCommitCoordinator$OutputCommitCoordinatorEndpoint: OutputCommitCoordinator stopped!
[2022-01-04 12:27:13,771] {spark_submit.py:514} INFO - 22/01/04 12:27:13 INFO SparkContext: Successfully stopped SparkContext
[2022-01-04 12:27:13,776] {spark_submit.py:514} INFO - 22/01/04 12:27:13 INFO ShutdownHookManager: Shutdown hook called
[2022-01-04 12:27:13,783] {spark_submit.py:514} INFO - 22/01/04 12:27:13 INFO ShutdownHookManager: Deleting directory /tmp/spark-8aac85f4-6958-4e16-aceb-7229ba5a5542
[2022-01-04 12:27:13,814] {spark_submit.py:514} INFO - 22/01/04 12:27:13 INFO ShutdownHookManager: Deleting directory /tmp/spark-85530aee-3eb9-4a0b-8acd-ebe793aefd6b
[2022-01-04 12:27:13,825] {spark_submit.py:514} INFO - 22/01/04 12:27:13 INFO ShutdownHookManager: Deleting directory /tmp/spark-85530aee-3eb9-4a0b-8acd-ebe793aefd6b/pyspark-7ed586c5-fed5-42a8-8cd1-889bd4f79ff9
[2022-01-04 12:27:15,812] {taskinstance.py:1280} INFO - Marking task as SUCCESS. dag_id=scraping_daft_sligo, task_id=persist_data, execution_date=20220103T104500, start_date=20220104T122338, end_date=20220104T122715
[2022-01-04 12:27:16,455] {local_task_job.py:154} INFO - Task exited with return code 0
[2022-01-04 12:27:17,214] {local_task_job.py:264} INFO - 1 downstream tasks scheduled from follow-on schedule check
