[2021-12-22 11:00:03,017] {taskinstance.py:1035} INFO - Dependencies all met for <TaskInstance: scraping_daft_westmeath.scrap_data scheduled__2021-12-21T11:00:00+00:00 [queued]>
[2021-12-22 11:00:03,036] {taskinstance.py:1035} INFO - Dependencies all met for <TaskInstance: scraping_daft_westmeath.scrap_data scheduled__2021-12-21T11:00:00+00:00 [queued]>
[2021-12-22 11:00:03,037] {taskinstance.py:1241} INFO - 
--------------------------------------------------------------------------------
[2021-12-22 11:00:03,038] {taskinstance.py:1242} INFO - Starting attempt 1 of 4
[2021-12-22 11:00:03,039] {taskinstance.py:1243} INFO - 
--------------------------------------------------------------------------------
[2021-12-22 11:00:03,058] {taskinstance.py:1262} INFO - Executing <Task(SparkSubmitOperator): scrap_data> on 2021-12-21 11:00:00+00:00
[2021-12-22 11:00:03,068] {standard_task_runner.py:76} INFO - Running: ['***', 'tasks', 'run', 'scraping_daft_westmeath', 'scrap_data', 'scheduled__2021-12-21T11:00:00+00:00', '--job-id', '3956', '--raw', '--subdir', 'DAGS_FOLDER/scraping_daft_westmeath.py', '--cfg-path', '/tmp/tmpcec1jzru', '--error-file', '/tmp/tmpdf5kndu1']
[2021-12-22 11:00:03,064] {standard_task_runner.py:52} INFO - Started process 16729 to run task
[2021-12-22 11:00:03,070] {standard_task_runner.py:77} INFO - Job 3956: Subtask scrap_data
[2021-12-22 11:00:03,170] {logging_mixin.py:109} INFO - Running <TaskInstance: scraping_daft_westmeath.scrap_data scheduled__2021-12-21T11:00:00+00:00 [running]> on host bb1be648e8f2
[2021-12-22 11:00:03,315] {taskinstance.py:1429} INFO - Exporting the following env vars:
AIRFLOW_CTX_DAG_EMAIL=clement.liscoet@gmail.com
AIRFLOW_CTX_DAG_OWNER=clemoni
AIRFLOW_CTX_DAG_ID=scraping_daft_westmeath
AIRFLOW_CTX_TASK_ID=scrap_data
AIRFLOW_CTX_EXECUTION_DATE=2021-12-21T11:00:00+00:00
AIRFLOW_CTX_DAG_RUN_ID=scheduled__2021-12-21T11:00:00+00:00
[2021-12-22 11:00:03,338] {base.py:79} INFO - Using connection to: id: spark_default. Host: spark://spark:7077, Port: None, Schema: , Login: ***, Password: ***, extra: {}
[2021-12-22 11:00:03,341] {spark_submit.py:360} INFO - Spark-Submit cmd: spark-submit --master spark://spark:7077 --conf spark.master=spark://spark:7077 --name scrap data --verbose /opt/***/jobs/get_ads_per_county.py westmeath
[2021-12-22 11:00:05,130] {spark_submit.py:514} INFO - Using properties file: null
[2021-12-22 11:00:05,255] {spark_submit.py:514} INFO - WARNING: An illegal reflective access operation has occurred
[2021-12-22 11:00:05,257] {spark_submit.py:514} INFO - WARNING: Illegal reflective access by org.apache.spark.unsafe.Platform (file:/home/***/.local/lib/python3.6/site-packages/pyspark/jars/spark-unsafe_2.12-3.2.0.jar) to constructor java.nio.DirectByteBuffer(long,int)
[2021-12-22 11:00:05,258] {spark_submit.py:514} INFO - WARNING: Please consider reporting this to the maintainers of org.apache.spark.unsafe.Platform
[2021-12-22 11:00:05,259] {spark_submit.py:514} INFO - WARNING: Use --illegal-access=warn to enable warnings of further illegal reflective access operations
[2021-12-22 11:00:05,260] {spark_submit.py:514} INFO - WARNING: All illegal access operations will be denied in a future release
[2021-12-22 11:00:05,320] {spark_submit.py:514} INFO - Parsed arguments:
[2021-12-22 11:00:05,322] {spark_submit.py:514} INFO - master                  spark://spark:7077
[2021-12-22 11:00:05,323] {spark_submit.py:514} INFO - deployMode              null
[2021-12-22 11:00:05,323] {spark_submit.py:514} INFO - executorMemory          null
[2021-12-22 11:00:05,325] {spark_submit.py:514} INFO - executorCores           null
[2021-12-22 11:00:05,326] {spark_submit.py:514} INFO - totalExecutorCores      null
[2021-12-22 11:00:05,327] {spark_submit.py:514} INFO - propertiesFile          null
[2021-12-22 11:00:05,328] {spark_submit.py:514} INFO - driverMemory            null
[2021-12-22 11:00:05,329] {spark_submit.py:514} INFO - driverCores             null
[2021-12-22 11:00:05,330] {spark_submit.py:514} INFO - driverExtraClassPath    null
[2021-12-22 11:00:05,331] {spark_submit.py:514} INFO - driverExtraLibraryPath  null
[2021-12-22 11:00:05,333] {spark_submit.py:514} INFO - driverExtraJavaOptions  null
[2021-12-22 11:00:05,334] {spark_submit.py:514} INFO - supervise               false
[2021-12-22 11:00:05,335] {spark_submit.py:514} INFO - queue                   null
[2021-12-22 11:00:05,335] {spark_submit.py:514} INFO - numExecutors            null
[2021-12-22 11:00:05,336] {spark_submit.py:514} INFO - files                   null
[2021-12-22 11:00:05,337] {spark_submit.py:514} INFO - pyFiles                 null
[2021-12-22 11:00:05,338] {spark_submit.py:514} INFO - archives                null
[2021-12-22 11:00:05,339] {spark_submit.py:514} INFO - mainClass               null
[2021-12-22 11:00:05,339] {spark_submit.py:514} INFO - primaryResource         file:/opt/***/jobs/get_ads_per_county.py
[2021-12-22 11:00:05,340] {spark_submit.py:514} INFO - name                    scrap data
[2021-12-22 11:00:05,341] {spark_submit.py:514} INFO - childArgs               [westmeath]
[2021-12-22 11:00:05,342] {spark_submit.py:514} INFO - jars                    null
[2021-12-22 11:00:05,343] {spark_submit.py:514} INFO - packages                null
[2021-12-22 11:00:05,344] {spark_submit.py:514} INFO - packagesExclusions      null
[2021-12-22 11:00:05,345] {spark_submit.py:514} INFO - repositories            null
[2021-12-22 11:00:05,346] {spark_submit.py:514} INFO - verbose                 true
[2021-12-22 11:00:05,346] {spark_submit.py:514} INFO - 
[2021-12-22 11:00:05,347] {spark_submit.py:514} INFO - Spark properties used, including those specified through
[2021-12-22 11:00:05,348] {spark_submit.py:514} INFO - --conf and those from the properties file null:
[2021-12-22 11:00:05,349] {spark_submit.py:514} INFO - (spark.master,spark://spark:7077)
[2021-12-22 11:00:05,350] {spark_submit.py:514} INFO - 
[2021-12-22 11:00:05,351] {spark_submit.py:514} INFO - 
[2021-12-22 11:00:05,659] {spark_submit.py:514} INFO - Main class:
[2021-12-22 11:00:05,660] {spark_submit.py:514} INFO - org.apache.spark.deploy.PythonRunner
[2021-12-22 11:00:05,661] {spark_submit.py:514} INFO - Arguments:
[2021-12-22 11:00:05,662] {spark_submit.py:514} INFO - file:/opt/***/jobs/get_ads_per_county.py
[2021-12-22 11:00:05,663] {spark_submit.py:514} INFO - null
[2021-12-22 11:00:05,664] {spark_submit.py:514} INFO - westmeath
[2021-12-22 11:00:05,665] {spark_submit.py:514} INFO - --verbose
[2021-12-22 11:00:05,667] {spark_submit.py:514} INFO - Spark config:
[2021-12-22 11:00:05,668] {spark_submit.py:514} INFO - (spark.app.name,scrap data)
[2021-12-22 11:00:05,669] {spark_submit.py:514} INFO - (spark.master,spark://spark:7077)
[2021-12-22 11:00:05,670] {spark_submit.py:514} INFO - (spark.submit.pyFiles,)
[2021-12-22 11:00:05,671] {spark_submit.py:514} INFO - (spark.submit.deployMode,client)
[2021-12-22 11:00:05,672] {spark_submit.py:514} INFO - Classpath elements:
[2021-12-22 11:00:05,673] {spark_submit.py:514} INFO - 
[2021-12-22 11:00:05,674] {spark_submit.py:514} INFO - 
[2021-12-22 11:00:05,675] {spark_submit.py:514} INFO - 
[2021-12-22 11:00:07,060] {spark_submit.py:514} INFO - Using Spark's default log4j profile: org/apache/spark/log4j-defaults.properties
[2021-12-22 11:00:07,085] {spark_submit.py:514} INFO - 21/12/22 11:00:07 INFO SparkContext: Running Spark version 3.2.0
[2021-12-22 11:00:07,349] {spark_submit.py:514} INFO - 21/12/22 11:00:07 WARN NativeCodeLoader: Unable to load native-hadoop library for your platform... using builtin-java classes where applicable
[2021-12-22 11:00:07,554] {spark_submit.py:514} INFO - 21/12/22 11:00:07 INFO ResourceUtils: ==============================================================
[2021-12-22 11:00:07,556] {spark_submit.py:514} INFO - 21/12/22 11:00:07 INFO ResourceUtils: No custom resources configured for spark.driver.
[2021-12-22 11:00:07,558] {spark_submit.py:514} INFO - 21/12/22 11:00:07 INFO ResourceUtils: ==============================================================
[2021-12-22 11:00:07,560] {spark_submit.py:514} INFO - 21/12/22 11:00:07 INFO SparkContext: Submitted application: Get Ads per county
[2021-12-22 11:00:07,596] {spark_submit.py:514} INFO - 21/12/22 11:00:07 INFO ResourceProfile: Default ResourceProfile created, executor resources: Map(cores -> name: cores, amount: 1, script: , vendor: , memory -> name: memory, amount: 1024, script: , vendor: , offHeap -> name: offHeap, amount: 0, script: , vendor: ), task resources: Map(cpus -> name: cpus, amount: 1.0)
[2021-12-22 11:00:07,611] {spark_submit.py:514} INFO - 21/12/22 11:00:07 INFO ResourceProfile: Limiting resource is cpu
[2021-12-22 11:00:07,612] {spark_submit.py:514} INFO - 21/12/22 11:00:07 INFO ResourceProfileManager: Added ResourceProfile id: 0
[2021-12-22 11:00:07,712] {spark_submit.py:514} INFO - 21/12/22 11:00:07 INFO SecurityManager: Changing view acls to: ***
[2021-12-22 11:00:07,714] {spark_submit.py:514} INFO - 21/12/22 11:00:07 INFO SecurityManager: Changing modify acls to: ***
[2021-12-22 11:00:07,715] {spark_submit.py:514} INFO - 21/12/22 11:00:07 INFO SecurityManager: Changing view acls groups to:
[2021-12-22 11:00:07,717] {spark_submit.py:514} INFO - 21/12/22 11:00:07 INFO SecurityManager: Changing modify acls groups to:
[2021-12-22 11:00:07,719] {spark_submit.py:514} INFO - 21/12/22 11:00:07 INFO SecurityManager: SecurityManager: authentication disabled; ui acls disabled; users  with view permissions: Set(***); groups with view permissions: Set(); users  with modify permissions: Set(***); groups with modify permissions: Set()
[2021-12-22 11:00:08,174] {spark_submit.py:514} INFO - 21/12/22 11:00:08 INFO Utils: Successfully started service 'sparkDriver' on port 33389.
[2021-12-22 11:00:08,240] {spark_submit.py:514} INFO - 21/12/22 11:00:08 INFO SparkEnv: Registering MapOutputTracker
[2021-12-22 11:00:08,293] {spark_submit.py:514} INFO - 21/12/22 11:00:08 INFO SparkEnv: Registering BlockManagerMaster
[2021-12-22 11:00:08,327] {spark_submit.py:514} INFO - 21/12/22 11:00:08 INFO BlockManagerMasterEndpoint: Using org.apache.spark.storage.DefaultTopologyMapper for getting topology information
[2021-12-22 11:00:08,329] {spark_submit.py:514} INFO - 21/12/22 11:00:08 INFO BlockManagerMasterEndpoint: BlockManagerMasterEndpoint up
[2021-12-22 11:00:08,338] {spark_submit.py:514} INFO - 21/12/22 11:00:08 INFO SparkEnv: Registering BlockManagerMasterHeartbeat
[2021-12-22 11:00:08,384] {spark_submit.py:514} INFO - 21/12/22 11:00:08 INFO DiskBlockManager: Created local directory at /tmp/blockmgr-6581d54f-a5a1-4664-9c61-b127393022e4
[2021-12-22 11:00:08,413] {spark_submit.py:514} INFO - 21/12/22 11:00:08 INFO MemoryStore: MemoryStore started with capacity 434.4 MiB
[2021-12-22 11:00:08,435] {spark_submit.py:514} INFO - 21/12/22 11:00:08 INFO SparkEnv: Registering OutputCommitCoordinator
[2021-12-22 11:00:08,855] {spark_submit.py:514} INFO - 21/12/22 11:00:08 INFO Utils: Successfully started service 'SparkUI' on port 4040.
[2021-12-22 11:00:08,982] {spark_submit.py:514} INFO - 21/12/22 11:00:08 INFO SparkUI: Bound SparkUI to 0.0.0.0, and started at http://bb1be648e8f2:4040
[2021-12-22 11:00:09,592] {spark_submit.py:514} INFO - 21/12/22 11:00:09 INFO StandaloneAppClient$ClientEndpoint: Connecting to master spark://spark:7077...
[2021-12-22 11:00:09,766] {spark_submit.py:514} INFO - 21/12/22 11:00:09 INFO TransportClientFactory: Successfully created connection to spark/172.19.0.4:7077 after 86 ms (0 ms spent in bootstraps)
[2021-12-22 11:00:09,928] {spark_submit.py:514} INFO - 21/12/22 11:00:09 INFO StandaloneSchedulerBackend: Connected to Spark cluster with app ID app-20211222110009-0072
[2021-12-22 11:00:09,931] {spark_submit.py:514} INFO - 21/12/22 11:00:09 INFO StandaloneAppClient$ClientEndpoint: Executor added: app-20211222110009-0072/0 on worker-20211222083500-172.19.0.5-40169 (172.19.0.5:40169) with 6 core(s)
[2021-12-22 11:00:09,933] {spark_submit.py:514} INFO - 21/12/22 11:00:09 INFO StandaloneSchedulerBackend: Granted executor ID app-20211222110009-0072/0 on hostPort 172.19.0.5:40169 with 6 core(s), 1024.0 MiB RAM
[2021-12-22 11:00:09,934] {spark_submit.py:514} INFO - 21/12/22 11:00:09 INFO StandaloneAppClient$ClientEndpoint: Executor added: app-20211222110009-0072/1 on worker-20211222083500-172.19.0.6-42213 (172.19.0.6:42213) with 6 core(s)
[2021-12-22 11:00:09,936] {spark_submit.py:514} INFO - 21/12/22 11:00:09 INFO StandaloneSchedulerBackend: Granted executor ID app-20211222110009-0072/1 on hostPort 172.19.0.6:42213 with 6 core(s), 1024.0 MiB RAM
[2021-12-22 11:00:09,946] {spark_submit.py:514} INFO - 21/12/22 11:00:09 INFO Utils: Successfully started service 'org.apache.spark.network.netty.NettyBlockTransferService' on port 42599.
[2021-12-22 11:00:09,947] {spark_submit.py:514} INFO - 21/12/22 11:00:09 INFO NettyBlockTransferService: Server created on bb1be648e8f2:42599
[2021-12-22 11:00:09,953] {spark_submit.py:514} INFO - 21/12/22 11:00:09 INFO BlockManager: Using org.apache.spark.storage.RandomBlockReplicationPolicy for block replication policy
[2021-12-22 11:00:09,963] {spark_submit.py:514} INFO - 21/12/22 11:00:09 INFO BlockManagerMaster: Registering BlockManager BlockManagerId(driver, bb1be648e8f2, 42599, None)
[2021-12-22 11:00:09,970] {spark_submit.py:514} INFO - 21/12/22 11:00:09 INFO BlockManagerMasterEndpoint: Registering block manager bb1be648e8f2:42599 with 434.4 MiB RAM, BlockManagerId(driver, bb1be648e8f2, 42599, None)
[2021-12-22 11:00:09,974] {spark_submit.py:514} INFO - 21/12/22 11:00:09 INFO BlockManagerMaster: Registered BlockManager BlockManagerId(driver, bb1be648e8f2, 42599, None)
[2021-12-22 11:00:09,976] {spark_submit.py:514} INFO - 21/12/22 11:00:09 INFO BlockManager: Initialized BlockManager: BlockManagerId(driver, bb1be648e8f2, 42599, None)
[2021-12-22 11:00:10,039] {spark_submit.py:514} INFO - 21/12/22 11:00:10 INFO StandaloneAppClient$ClientEndpoint: Executor updated: app-20211222110009-0072/1 is now RUNNING
[2021-12-22 11:00:10,041] {spark_submit.py:514} INFO - 21/12/22 11:00:10 INFO StandaloneAppClient$ClientEndpoint: Executor updated: app-20211222110009-0072/0 is now RUNNING
[2021-12-22 11:00:10,515] {spark_submit.py:514} INFO - 21/12/22 11:00:10 INFO StandaloneSchedulerBackend: SchedulerBackend is ready for scheduling beginning after reached minRegisteredResourcesRatio: 0.0
[2021-12-22 11:00:10,577] {spark_submit.py:514} INFO - /home/***/.local/lib/python3.6/site-packages/pyspark/python/lib/pyspark.zip/pyspark/context.py:238: FutureWarning: Python 3.6 support is deprecated in Spark 3.2.
[2021-12-22 11:00:10,579] {spark_submit.py:514} INFO - FutureWarning
[2021-12-22 11:00:10,969] {spark_submit.py:514} INFO - 21/12/22 11:00:10 INFO SharedState: Setting hive.metastore.warehouse.dir ('null') to the value of spark.sql.warehouse.dir.
[2021-12-22 11:00:11,015] {spark_submit.py:514} INFO - 21/12/22 11:00:11 INFO SharedState: Warehouse path is 'file:/opt/***/spark-warehouse'.
[2021-12-22 11:00:13,756] {spark_submit.py:514} INFO - running...
[2021-12-22 11:00:14,208] {spark_submit.py:514} INFO - running...
[2021-12-22 11:00:14,849] {spark_submit.py:514} INFO - running...
[2021-12-22 11:00:14,889] {spark_submit.py:514} INFO - 21/12/22 11:00:14 INFO CoarseGrainedSchedulerBackend$DriverEndpoint: Registered executor NettyRpcEndpointRef(spark-client://Executor) (172.19.0.5:55146) with ID 0,  ResourceProfileId 0
[2021-12-22 11:00:14,911] {spark_submit.py:514} INFO - 21/12/22 11:00:14 INFO CoarseGrainedSchedulerBackend$DriverEndpoint: Registered executor NettyRpcEndpointRef(spark-client://Executor) (172.19.0.6:59778) with ID 1,  ResourceProfileId 0
[2021-12-22 11:00:15,168] {spark_submit.py:514} INFO - 21/12/22 11:00:15 INFO BlockManagerMasterEndpoint: Registering block manager 172.19.0.6:44891 with 366.3 MiB RAM, BlockManagerId(1, 172.19.0.6, 44891, None)
[2021-12-22 11:00:15,192] {spark_submit.py:514} INFO - 21/12/22 11:00:15 INFO BlockManagerMasterEndpoint: Registering block manager 172.19.0.5:33151 with 366.3 MiB RAM, BlockManagerId(0, 172.19.0.5, 33151, None)
[2021-12-22 11:00:15,303] {spark_submit.py:514} INFO - running...
[2021-12-22 11:00:15,743] {spark_submit.py:514} INFO - running...
[2021-12-22 11:00:16,075] {spark_submit.py:514} INFO - running...
[2021-12-22 11:00:16,584] {spark_submit.py:514} INFO - running...
[2021-12-22 11:00:16,978] {spark_submit.py:514} INFO - running...
[2021-12-22 11:00:17,368] {spark_submit.py:514} INFO - running...
[2021-12-22 11:00:17,996] {spark_submit.py:514} INFO - running...
[2021-12-22 11:00:18,476] {spark_submit.py:514} INFO - running...
[2021-12-22 11:00:18,875] {spark_submit.py:514} INFO - running...
[2021-12-22 11:00:19,346] {spark_submit.py:514} INFO - running...
[2021-12-22 11:00:20,013] {spark_submit.py:514} INFO - running...
[2021-12-22 11:00:20,488] {spark_submit.py:514} INFO - running...
[2021-12-22 11:00:20,928] {spark_submit.py:514} INFO - running...
[2021-12-22 11:00:21,350] {spark_submit.py:514} INFO - running...
[2021-12-22 11:00:21,879] {spark_submit.py:514} INFO - running...
[2021-12-22 11:00:23,581] {spark_submit.py:514} INFO - 21/12/22 11:00:23 INFO SparkContext: Invoking stop() from shutdown hook
[2021-12-22 11:00:23,678] {spark_submit.py:514} INFO - 21/12/22 11:00:23 INFO SparkUI: Stopped Spark web UI at http://bb1be648e8f2:4040
[2021-12-22 11:00:23,710] {spark_submit.py:514} INFO - 21/12/22 11:00:23 INFO StandaloneSchedulerBackend: Shutting down all executors
[2021-12-22 11:00:23,711] {spark_submit.py:514} INFO - 21/12/22 11:00:23 INFO CoarseGrainedSchedulerBackend$DriverEndpoint: Asking each executor to shut down
[2021-12-22 11:00:23,869] {spark_submit.py:514} INFO - 21/12/22 11:00:23 INFO MapOutputTrackerMasterEndpoint: MapOutputTrackerMasterEndpoint stopped!
[2021-12-22 11:00:23,922] {spark_submit.py:514} INFO - 21/12/22 11:00:23 INFO MemoryStore: MemoryStore cleared
[2021-12-22 11:00:23,923] {spark_submit.py:514} INFO - 21/12/22 11:00:23 INFO BlockManager: BlockManager stopped
[2021-12-22 11:00:23,943] {spark_submit.py:514} INFO - 21/12/22 11:00:23 INFO BlockManagerMaster: BlockManagerMaster stopped
[2021-12-22 11:00:23,959] {spark_submit.py:514} INFO - 21/12/22 11:00:23 INFO OutputCommitCoordinator$OutputCommitCoordinatorEndpoint: OutputCommitCoordinator stopped!
[2021-12-22 11:00:23,983] {spark_submit.py:514} INFO - 21/12/22 11:00:23 INFO SparkContext: Successfully stopped SparkContext
[2021-12-22 11:00:23,985] {spark_submit.py:514} INFO - 21/12/22 11:00:23 INFO ShutdownHookManager: Shutdown hook called
[2021-12-22 11:00:23,986] {spark_submit.py:514} INFO - 21/12/22 11:00:23 INFO ShutdownHookManager: Deleting directory /tmp/spark-999e59ed-6659-4ba5-afc7-51e1f8fa2e8e/pyspark-0965b7f5-93df-4de2-8023-22b026fca52f
[2021-12-22 11:00:23,992] {spark_submit.py:514} INFO - 21/12/22 11:00:23 INFO ShutdownHookManager: Deleting directory /tmp/spark-999e59ed-6659-4ba5-afc7-51e1f8fa2e8e
[2021-12-22 11:00:23,998] {spark_submit.py:514} INFO - 21/12/22 11:00:23 INFO ShutdownHookManager: Deleting directory /tmp/spark-0c116029-5979-4590-9686-31d2c3a9c9e6
[2021-12-22 11:00:24,167] {taskinstance.py:1280} INFO - Marking task as SUCCESS. dag_id=scraping_daft_westmeath, task_id=scrap_data, execution_date=20211221T110000, start_date=20211222T110003, end_date=20211222T110024
[2021-12-22 11:00:24,214] {local_task_job.py:154} INFO - Task exited with return code 0
[2021-12-22 11:00:24,369] {local_task_job.py:264} INFO - 1 downstream tasks scheduled from follow-on schedule check
