[2021-12-19 12:47:32,226] {taskinstance.py:1035} INFO - Dependencies all met for <TaskInstance: scraping_daft_kilkenny.persist_data scheduled__2021-12-18T09:50:00+00:00 [queued]>
[2021-12-19 12:47:32,294] {taskinstance.py:1035} INFO - Dependencies all met for <TaskInstance: scraping_daft_kilkenny.persist_data scheduled__2021-12-18T09:50:00+00:00 [queued]>
[2021-12-19 12:47:32,302] {taskinstance.py:1241} INFO - 
--------------------------------------------------------------------------------
[2021-12-19 12:47:32,304] {taskinstance.py:1242} INFO - Starting attempt 1 of 4
[2021-12-19 12:47:32,309] {taskinstance.py:1243} INFO - 
--------------------------------------------------------------------------------
[2021-12-19 12:47:32,462] {taskinstance.py:1262} INFO - Executing <Task(SparkSubmitOperator): persist_data> on 2021-12-18 09:50:00+00:00
[2021-12-19 12:47:32,471] {standard_task_runner.py:52} INFO - Started process 9745 to run task
[2021-12-19 12:47:32,492] {standard_task_runner.py:76} INFO - Running: ['***', 'tasks', 'run', 'scraping_daft_kilkenny', 'persist_data', 'scheduled__2021-12-18T09:50:00+00:00', '--job-id', '3272', '--raw', '--subdir', 'DAGS_FOLDER/scraping_daft_kilkenny.py', '--cfg-path', '/tmp/tmpwva57xmj', '--error-file', '/tmp/tmpbo6adz8a']
[2021-12-19 12:47:32,495] {standard_task_runner.py:77} INFO - Job 3272: Subtask persist_data
[2021-12-19 12:47:32,928] {logging_mixin.py:109} INFO - Running <TaskInstance: scraping_daft_kilkenny.persist_data scheduled__2021-12-18T09:50:00+00:00 [running]> on host 358a7891c658
[2021-12-19 12:47:34,201] {taskinstance.py:1429} INFO - Exporting the following env vars:
AIRFLOW_CTX_DAG_EMAIL=clement.liscoet@gmail.com
AIRFLOW_CTX_DAG_OWNER=clemoni
AIRFLOW_CTX_DAG_ID=scraping_daft_kilkenny
AIRFLOW_CTX_TASK_ID=persist_data
AIRFLOW_CTX_EXECUTION_DATE=2021-12-18T09:50:00+00:00
AIRFLOW_CTX_DAG_RUN_ID=scheduled__2021-12-18T09:50:00+00:00
[2021-12-19 12:47:34,285] {base.py:79} INFO - Using connection to: id: spark_default. Host: spark://spark:7077, Port: None, Schema: , Login: ***, Password: ***, extra: {}
[2021-12-19 12:47:34,299] {spark_submit.py:360} INFO - Spark-Submit cmd: spark-submit --master spark://spark:7077 --conf spark.master=spark://spark:7077 --name persist data --verbose /opt/***/jobs/persist_db.py kilkenny
[2021-12-19 12:48:00,133] {spark_submit.py:514} INFO - Using properties file: null
[2021-12-19 12:48:02,280] {spark_submit.py:514} INFO - WARNING: An illegal reflective access operation has occurred
[2021-12-19 12:48:02,282] {spark_submit.py:514} INFO - WARNING: Illegal reflective access by org.apache.spark.unsafe.Platform (file:/home/***/.local/lib/python3.6/site-packages/pyspark/jars/spark-unsafe_2.12-3.2.0.jar) to constructor java.nio.DirectByteBuffer(long,int)
[2021-12-19 12:48:02,283] {spark_submit.py:514} INFO - WARNING: Please consider reporting this to the maintainers of org.apache.spark.unsafe.Platform
[2021-12-19 12:48:02,284] {spark_submit.py:514} INFO - WARNING: Use --illegal-access=warn to enable warnings of further illegal reflective access operations
[2021-12-19 12:48:02,285] {spark_submit.py:514} INFO - WARNING: All illegal access operations will be denied in a future release
[2021-12-19 12:48:02,724] {spark_submit.py:514} INFO - Parsed arguments:
[2021-12-19 12:48:02,726] {spark_submit.py:514} INFO - master                  spark://spark:7077
[2021-12-19 12:48:02,727] {spark_submit.py:514} INFO - deployMode              null
[2021-12-19 12:48:02,729] {spark_submit.py:514} INFO - executorMemory          null
[2021-12-19 12:48:02,734] {spark_submit.py:514} INFO - executorCores           null
[2021-12-19 12:48:02,738] {spark_submit.py:514} INFO - totalExecutorCores      null
[2021-12-19 12:48:02,739] {spark_submit.py:514} INFO - propertiesFile          null
[2021-12-19 12:48:02,741] {spark_submit.py:514} INFO - driverMemory            null
[2021-12-19 12:48:02,742] {spark_submit.py:514} INFO - driverCores             null
[2021-12-19 12:48:02,744] {spark_submit.py:514} INFO - driverExtraClassPath    null
[2021-12-19 12:48:02,746] {spark_submit.py:514} INFO - driverExtraLibraryPath  null
[2021-12-19 12:48:02,748] {spark_submit.py:514} INFO - driverExtraJavaOptions  null
[2021-12-19 12:48:02,750] {spark_submit.py:514} INFO - supervise               false
[2021-12-19 12:48:02,751] {spark_submit.py:514} INFO - queue                   null
[2021-12-19 12:48:02,752] {spark_submit.py:514} INFO - numExecutors            null
[2021-12-19 12:48:02,753] {spark_submit.py:514} INFO - files                   null
[2021-12-19 12:48:02,754] {spark_submit.py:514} INFO - pyFiles                 null
[2021-12-19 12:48:02,756] {spark_submit.py:514} INFO - archives                null
[2021-12-19 12:48:02,757] {spark_submit.py:514} INFO - mainClass               null
[2021-12-19 12:48:02,758] {spark_submit.py:514} INFO - primaryResource         file:/opt/***/jobs/persist_db.py
[2021-12-19 12:48:02,759] {spark_submit.py:514} INFO - name                    persist data
[2021-12-19 12:48:02,761] {spark_submit.py:514} INFO - childArgs               [kilkenny]
[2021-12-19 12:48:02,762] {spark_submit.py:514} INFO - jars                    null
[2021-12-19 12:48:02,763] {spark_submit.py:514} INFO - packages                null
[2021-12-19 12:48:02,769] {spark_submit.py:514} INFO - packagesExclusions      null
[2021-12-19 12:48:02,773] {spark_submit.py:514} INFO - repositories            null
[2021-12-19 12:48:02,776] {spark_submit.py:514} INFO - verbose                 true
[2021-12-19 12:48:02,778] {spark_submit.py:514} INFO - 
[2021-12-19 12:48:02,780] {spark_submit.py:514} INFO - Spark properties used, including those specified through
[2021-12-19 12:48:02,785] {spark_submit.py:514} INFO - --conf and those from the properties file null:
[2021-12-19 12:48:02,787] {spark_submit.py:514} INFO - (spark.master,spark://spark:7077)
[2021-12-19 12:48:02,788] {spark_submit.py:514} INFO - 
[2021-12-19 12:48:02,789] {spark_submit.py:514} INFO - 
[2021-12-19 12:48:06,986] {spark_submit.py:514} INFO - Main class:
[2021-12-19 12:48:06,988] {spark_submit.py:514} INFO - org.apache.spark.deploy.PythonRunner
[2021-12-19 12:48:07,044] {spark_submit.py:514} INFO - Arguments:
[2021-12-19 12:48:07,049] {spark_submit.py:514} INFO - file:/opt/***/jobs/persist_db.py
[2021-12-19 12:48:07,052] {spark_submit.py:514} INFO - null
[2021-12-19 12:48:07,066] {spark_submit.py:514} INFO - kilkenny
[2021-12-19 12:48:07,070] {spark_submit.py:514} INFO - --verbose
[2021-12-19 12:48:07,107] {spark_submit.py:514} INFO - Spark config:
[2021-12-19 12:48:07,111] {spark_submit.py:514} INFO - (spark.master,spark://spark:7077)
[2021-12-19 12:48:07,115] {spark_submit.py:514} INFO - (spark.app.name,persist data)
[2021-12-19 12:48:07,116] {spark_submit.py:514} INFO - (spark.submit.pyFiles,)
[2021-12-19 12:48:07,117] {spark_submit.py:514} INFO - (spark.submit.deployMode,client)
[2021-12-19 12:48:07,143] {spark_submit.py:514} INFO - Classpath elements:
[2021-12-19 12:48:07,163] {spark_submit.py:514} INFO - 
[2021-12-19 12:48:07,172] {spark_submit.py:514} INFO - 
[2021-12-19 12:48:07,179] {spark_submit.py:514} INFO - 
[2021-12-19 12:48:25,453] {spark_submit.py:514} INFO - Using Spark's default log4j profile: org/apache/spark/log4j-defaults.properties
[2021-12-19 12:48:25,639] {spark_submit.py:514} INFO - 21/12/19 12:48:25 INFO SparkContext: Running Spark version 3.2.0
[2021-12-19 12:48:27,154] {spark_submit.py:514} INFO - 21/12/19 12:48:27 WARN NativeCodeLoader: Unable to load native-hadoop library for your platform... using builtin-java classes where applicable
[2021-12-19 12:48:35,251] {spark_submit.py:514} INFO - 21/12/19 12:48:35 INFO ResourceUtils: ==============================================================
[2021-12-19 12:48:35,279] {spark_submit.py:514} INFO - 21/12/19 12:48:35 INFO ResourceUtils: No custom resources configured for spark.driver.
[2021-12-19 12:48:35,326] {spark_submit.py:514} INFO - 21/12/19 12:48:35 INFO ResourceUtils: ==============================================================
[2021-12-19 12:48:35,415] {spark_submit.py:514} INFO - 21/12/19 12:48:35 INFO SparkContext: Submitted application: Persist DB
[2021-12-19 12:48:36,707] {spark_submit.py:514} INFO - 21/12/19 12:48:36 INFO ResourceProfile: Default ResourceProfile created, executor resources: Map(cores -> name: cores, amount: 1, script: , vendor: , memory -> name: memory, amount: 1024, script: , vendor: , offHeap -> name: offHeap, amount: 0, script: , vendor: ), task resources: Map(cpus -> name: cpus, amount: 1.0)
[2021-12-19 12:48:36,925] {spark_submit.py:514} INFO - 21/12/19 12:48:36 INFO ResourceProfile: Limiting resource is cpu
[2021-12-19 12:48:36,936] {spark_submit.py:514} INFO - 21/12/19 12:48:36 INFO ResourceProfileManager: Added ResourceProfile id: 0
[2021-12-19 12:48:40,408] {spark_submit.py:514} INFO - 21/12/19 12:48:40 INFO SecurityManager: Changing view acls to: ***
[2021-12-19 12:48:40,415] {spark_submit.py:514} INFO - 21/12/19 12:48:40 INFO SecurityManager: Changing modify acls to: ***
[2021-12-19 12:48:40,430] {spark_submit.py:514} INFO - 21/12/19 12:48:40 INFO SecurityManager: Changing view acls groups to:
[2021-12-19 12:48:40,438] {spark_submit.py:514} INFO - 21/12/19 12:48:40 INFO SecurityManager: Changing modify acls groups to:
[2021-12-19 12:48:40,441] {spark_submit.py:514} INFO - 21/12/19 12:48:40 INFO SecurityManager: SecurityManager: authentication disabled; ui acls disabled; users  with view permissions: Set(***); groups with view permissions: Set(); users  with modify permissions: Set(***); groups with modify permissions: Set()
[2021-12-19 12:48:47,224] {spark_submit.py:514} INFO - 21/12/19 12:48:47 INFO Utils: Successfully started service 'sparkDriver' on port 33281.
[2021-12-19 12:48:47,900] {spark_submit.py:514} INFO - 21/12/19 12:48:47 INFO SparkEnv: Registering MapOutputTracker
[2021-12-19 12:48:48,585] {spark_submit.py:514} INFO - 21/12/19 12:48:48 INFO SparkEnv: Registering BlockManagerMaster
[2021-12-19 12:48:49,055] {spark_submit.py:514} INFO - 21/12/19 12:48:49 INFO BlockManagerMasterEndpoint: Using org.apache.spark.storage.DefaultTopologyMapper for getting topology information
[2021-12-19 12:48:49,059] {spark_submit.py:514} INFO - 21/12/19 12:48:49 INFO BlockManagerMasterEndpoint: BlockManagerMasterEndpoint up
[2021-12-19 12:48:49,076] {spark_submit.py:514} INFO - 21/12/19 12:48:49 INFO SparkEnv: Registering BlockManagerMasterHeartbeat
[2021-12-19 12:48:49,506] {spark_submit.py:514} INFO - 21/12/19 12:48:49 INFO DiskBlockManager: Created local directory at /tmp/blockmgr-601211c5-518b-4131-874d-261d54a96dc4
[2021-12-19 12:48:50,326] {spark_submit.py:514} INFO - 21/12/19 12:48:50 INFO MemoryStore: MemoryStore started with capacity 434.4 MiB
[2021-12-19 12:48:50,713] {spark_submit.py:514} INFO - 21/12/19 12:48:50 INFO SparkEnv: Registering OutputCommitCoordinator
[2021-12-19 12:48:54,166] {spark_submit.py:514} INFO - 21/12/19 12:48:54 WARN Utils: Service 'SparkUI' could not bind on port 4040. Attempting port 4041.
[2021-12-19 12:48:54,242] {spark_submit.py:514} INFO - 21/12/19 12:48:54 INFO Utils: Successfully started service 'SparkUI' on port 4041.
[2021-12-19 12:48:54,511] {spark_submit.py:514} INFO - 21/12/19 12:48:54 INFO SparkUI: Bound SparkUI to 0.0.0.0, and started at http://358a7891c658:4041
[2021-12-19 12:48:58,612] {spark_submit.py:514} INFO - 21/12/19 12:48:58 INFO StandaloneAppClient$ClientEndpoint: Connecting to master spark://spark:7077...
[2021-12-19 12:48:59,747] {spark_submit.py:514} INFO - 21/12/19 12:48:59 INFO TransportClientFactory: Successfully created connection to spark/172.20.0.4:7077 after 744 ms (0 ms spent in bootstraps)
[2021-12-19 12:49:00,759] {spark_submit.py:514} INFO - 21/12/19 12:49:00 INFO StandaloneSchedulerBackend: Connected to Spark cluster with app ID app-20211219124900-0060
[2021-12-19 12:49:00,818] {spark_submit.py:514} INFO - 21/12/19 12:49:00 INFO Utils: Successfully started service 'org.apache.spark.network.netty.NettyBlockTransferService' on port 42251.
[2021-12-19 12:49:00,819] {spark_submit.py:514} INFO - 21/12/19 12:49:00 INFO NettyBlockTransferService: Server created on 358a7891c658:42251
[2021-12-19 12:49:00,822] {spark_submit.py:514} INFO - 21/12/19 12:49:00 INFO BlockManager: Using org.apache.spark.storage.RandomBlockReplicationPolicy for block replication policy
[2021-12-19 12:49:00,916] {spark_submit.py:514} INFO - 21/12/19 12:49:00 INFO BlockManagerMaster: Registering BlockManager BlockManagerId(driver, 358a7891c658, 42251, None)
[2021-12-19 12:49:00,939] {spark_submit.py:514} INFO - 21/12/19 12:49:00 INFO BlockManagerMasterEndpoint: Registering block manager 358a7891c658:42251 with 434.4 MiB RAM, BlockManagerId(driver, 358a7891c658, 42251, None)
[2021-12-19 12:49:00,949] {spark_submit.py:514} INFO - 21/12/19 12:49:00 INFO BlockManagerMaster: Registered BlockManager BlockManagerId(driver, 358a7891c658, 42251, None)
[2021-12-19 12:49:00,962] {spark_submit.py:514} INFO - 21/12/19 12:49:00 INFO BlockManager: Initialized BlockManager: BlockManagerId(driver, 358a7891c658, 42251, None)
[2021-12-19 12:49:03,816] {spark_submit.py:514} INFO - 21/12/19 12:49:03 INFO StandaloneSchedulerBackend: SchedulerBackend is ready for scheduling beginning after reached minRegisteredResourcesRatio: 0.0
[2021-12-19 12:49:04,267] {spark_submit.py:514} INFO - /home/***/.local/lib/python3.6/site-packages/pyspark/python/lib/pyspark.zip/pyspark/context.py:238: FutureWarning: Python 3.6 support is deprecated in Spark 3.2.
[2021-12-19 12:49:04,273] {spark_submit.py:514} INFO - FutureWarning
[2021-12-19 12:49:07,112] {spark_submit.py:514} INFO - 21/12/19 12:49:07 INFO SharedState: Setting hive.metastore.warehouse.dir ('null') to the value of spark.sql.warehouse.dir.
[2021-12-19 12:49:07,926] {spark_submit.py:514} INFO - 21/12/19 12:49:07 INFO SharedState: Warehouse path is 'file:/opt/***/spark-warehouse'.
[2021-12-19 12:49:22,289] {spark_submit.py:514} INFO - 21/12/19 12:49:22 INFO SparkContext: Invoking stop() from shutdown hook
[2021-12-19 12:49:22,373] {spark_submit.py:514} INFO - 21/12/19 12:49:22 INFO SparkUI: Stopped Spark web UI at http://358a7891c658:4041
[2021-12-19 12:49:22,386] {spark_submit.py:514} INFO - 21/12/19 12:49:22 INFO StandaloneSchedulerBackend: Shutting down all executors
[2021-12-19 12:49:22,403] {spark_submit.py:514} INFO - 21/12/19 12:49:22 INFO CoarseGrainedSchedulerBackend$DriverEndpoint: Asking each executor to shut down
[2021-12-19 12:49:22,547] {spark_submit.py:514} INFO - 21/12/19 12:49:22 INFO MapOutputTrackerMasterEndpoint: MapOutputTrackerMasterEndpoint stopped!
[2021-12-19 12:49:22,764] {spark_submit.py:514} INFO - 21/12/19 12:49:22 INFO MemoryStore: MemoryStore cleared
[2021-12-19 12:49:22,770] {spark_submit.py:514} INFO - 21/12/19 12:49:22 INFO BlockManager: BlockManager stopped
[2021-12-19 12:49:22,906] {spark_submit.py:514} INFO - 21/12/19 12:49:22 INFO BlockManagerMaster: BlockManagerMaster stopped
[2021-12-19 12:49:22,920] {spark_submit.py:514} INFO - 21/12/19 12:49:22 INFO OutputCommitCoordinator$OutputCommitCoordinatorEndpoint: OutputCommitCoordinator stopped!
[2021-12-19 12:49:23,245] {spark_submit.py:514} INFO - 21/12/19 12:49:23 INFO SparkContext: Successfully stopped SparkContext
[2021-12-19 12:49:23,283] {spark_submit.py:514} INFO - 21/12/19 12:49:23 INFO ShutdownHookManager: Shutdown hook called
[2021-12-19 12:49:23,285] {spark_submit.py:514} INFO - 21/12/19 12:49:23 INFO ShutdownHookManager: Deleting directory /tmp/spark-1da8f51b-3f3f-4f98-b9a4-9e6af4223d4b
[2021-12-19 12:49:23,322] {spark_submit.py:514} INFO - 21/12/19 12:49:23 INFO ShutdownHookManager: Deleting directory /tmp/spark-8a3dbbb8-ff53-48aa-bf80-228a40544b51
[2021-12-19 12:49:23,346] {spark_submit.py:514} INFO - 21/12/19 12:49:23 INFO ShutdownHookManager: Deleting directory /tmp/spark-1da8f51b-3f3f-4f98-b9a4-9e6af4223d4b/pyspark-6dc3c831-5f34-475d-b940-0826705e62c8
[2021-12-19 12:49:24,102] {taskinstance.py:1280} INFO - Marking task as SUCCESS. dag_id=scraping_daft_kilkenny, task_id=persist_data, execution_date=20211218T095000, start_date=20211219T124732, end_date=20211219T124924
[2021-12-19 12:49:24,272] {local_task_job.py:154} INFO - Task exited with return code 0
[2021-12-19 12:49:24,701] {local_task_job.py:264} INFO - 1 downstream tasks scheduled from follow-on schedule check
