[2021-12-19 12:48:51,069] {taskinstance.py:1035} INFO - Dependencies all met for <TaskInstance: scraping_daft_kildare.waiting_for_file scheduled__2021-12-18T09:45:00+00:00 [queued]>
[2021-12-19 12:48:51,151] {taskinstance.py:1035} INFO - Dependencies all met for <TaskInstance: scraping_daft_kildare.waiting_for_file scheduled__2021-12-18T09:45:00+00:00 [queued]>
[2021-12-19 12:48:51,156] {taskinstance.py:1241} INFO - 
--------------------------------------------------------------------------------
[2021-12-19 12:48:51,160] {taskinstance.py:1242} INFO - Starting attempt 1 of 4
[2021-12-19 12:48:51,162] {taskinstance.py:1243} INFO - 
--------------------------------------------------------------------------------
[2021-12-19 12:48:51,237] {taskinstance.py:1262} INFO - Executing <Task(FileSensor): waiting_for_file> on 2021-12-18 09:45:00+00:00
[2021-12-19 12:48:51,539] {standard_task_runner.py:76} INFO - Running: ['***', 'tasks', 'run', 'scraping_daft_kildare', 'waiting_for_file', 'scheduled__2021-12-18T09:45:00+00:00', '--job-id', '3295', '--raw', '--subdir', 'DAGS_FOLDER/scraping_daft_kildare.py', '--cfg-path', '/tmp/tmpxjzukcay', '--error-file', '/tmp/tmp87pxbo48']
[2021-12-19 12:48:51,578] {standard_task_runner.py:77} INFO - Job 3295: Subtask waiting_for_file
[2021-12-19 12:48:51,318] {standard_task_runner.py:52} INFO - Started process 11289 to run task
[2021-12-19 12:48:52,333] {logging_mixin.py:109} INFO - Running <TaskInstance: scraping_daft_kildare.waiting_for_file scheduled__2021-12-18T09:45:00+00:00 [running]> on host 358a7891c658
[2021-12-19 12:48:53,396] {taskinstance.py:1429} INFO - Exporting the following env vars:
AIRFLOW_CTX_DAG_EMAIL=clement.liscoet@gmail.com
AIRFLOW_CTX_DAG_OWNER=clemoni
AIRFLOW_CTX_DAG_ID=scraping_daft_kildare
AIRFLOW_CTX_TASK_ID=waiting_for_file
AIRFLOW_CTX_EXECUTION_DATE=2021-12-18T09:45:00+00:00
AIRFLOW_CTX_DAG_RUN_ID=scheduled__2021-12-18T09:45:00+00:00
[2021-12-19 12:48:53,500] {filesystem.py:59} INFO - Poking for file data/kildare_rent.json
[2021-12-19 12:48:53,505] {filesystem.py:65} INFO - Found File data/kildare_rent.json last modified: 20211219124818
[2021-12-19 12:48:53,509] {base.py:249} INFO - Success criteria met. Exiting.
[2021-12-19 12:48:53,632] {taskinstance.py:1280} INFO - Marking task as SUCCESS. dag_id=scraping_daft_kildare, task_id=waiting_for_file, execution_date=20211218T094500, start_date=20211219T124851, end_date=20211219T124853
[2021-12-19 12:48:53,830] {local_task_job.py:154} INFO - Task exited with return code 0
[2021-12-19 12:48:55,431] {local_task_job.py:264} INFO - 0 downstream tasks scheduled from follow-on schedule check
