[2021-12-09 02:30:47,095] {taskinstance.py:1035} INFO - Dependencies all met for <TaskInstance: scraping_daft_kilkenny.remove_file scheduled__2021-12-08T02:30:00+00:00 [queued]>
[2021-12-09 02:30:47,117] {taskinstance.py:1035} INFO - Dependencies all met for <TaskInstance: scraping_daft_kilkenny.remove_file scheduled__2021-12-08T02:30:00+00:00 [queued]>
[2021-12-09 02:30:47,119] {taskinstance.py:1241} INFO - 
--------------------------------------------------------------------------------
[2021-12-09 02:30:47,121] {taskinstance.py:1242} INFO - Starting attempt 1 of 3
[2021-12-09 02:30:47,122] {taskinstance.py:1243} INFO - 
--------------------------------------------------------------------------------
[2021-12-09 02:30:47,145] {taskinstance.py:1262} INFO - Executing <Task(SparkSubmitOperator): remove_file> on 2021-12-08 02:30:00+00:00
[2021-12-09 02:30:47,155] {standard_task_runner.py:76} INFO - Running: ['***', 'tasks', 'run', 'scraping_daft_kilkenny', 'remove_file', 'scheduled__2021-12-08T02:30:00+00:00', '--job-id', '800', '--raw', '--subdir', 'DAGS_FOLDER/scraping_daft_kilkenny.py', '--cfg-path', '/tmp/tmprl11rdfj', '--error-file', '/tmp/tmpbetvie85']
[2021-12-09 02:30:47,157] {standard_task_runner.py:77} INFO - Job 800: Subtask remove_file
[2021-12-09 02:30:47,150] {standard_task_runner.py:52} INFO - Started process 52668 to run task
[2021-12-09 02:30:47,265] {logging_mixin.py:109} INFO - Running <TaskInstance: scraping_daft_kilkenny.remove_file scheduled__2021-12-08T02:30:00+00:00 [running]> on host 041e6f8654c3
[2021-12-09 02:30:47,441] {taskinstance.py:1429} INFO - Exporting the following env vars:
AIRFLOW_CTX_DAG_EMAIL=***@example.com
AIRFLOW_CTX_DAG_OWNER=clemoni
AIRFLOW_CTX_DAG_ID=scraping_daft_kilkenny
AIRFLOW_CTX_TASK_ID=remove_file
AIRFLOW_CTX_EXECUTION_DATE=2021-12-08T02:30:00+00:00
AIRFLOW_CTX_DAG_RUN_ID=scheduled__2021-12-08T02:30:00+00:00
[2021-12-09 02:30:47,469] {base.py:79} INFO - Using connection to: id: spark_default. Host: spark://spark:7077, Port: None, Schema: , Login: ***, Password: ***, extra: {}
[2021-12-09 02:30:47,473] {spark_submit.py:362} INFO - Spark-Submit cmd: spark-submit --master spark://spark:7077 --conf spark.master=spark://spark:7077 --name remove file --verbose /opt/***/jobs/remove_file.py kilkenny
[2021-12-09 02:30:49,792] {spark_submit.py:523} INFO - Using properties file: null
[2021-12-09 02:30:49,925] {spark_submit.py:523} INFO - WARNING: An illegal reflective access operation has occurred
[2021-12-09 02:30:49,926] {spark_submit.py:523} INFO - WARNING: Illegal reflective access by org.apache.spark.unsafe.Platform (file:/home/***/.local/lib/python3.6/site-packages/pyspark/jars/spark-unsafe_2.12-3.2.0.jar) to constructor java.nio.DirectByteBuffer(long,int)
[2021-12-09 02:30:49,927] {spark_submit.py:523} INFO - WARNING: Please consider reporting this to the maintainers of org.apache.spark.unsafe.Platform
[2021-12-09 02:30:49,928] {spark_submit.py:523} INFO - WARNING: Use --illegal-access=warn to enable warnings of further illegal reflective access operations
[2021-12-09 02:30:49,929] {spark_submit.py:523} INFO - WARNING: All illegal access operations will be denied in a future release
[2021-12-09 02:30:50,004] {spark_submit.py:523} INFO - Parsed arguments:
[2021-12-09 02:30:50,006] {spark_submit.py:523} INFO - master                  spark://spark:7077
[2021-12-09 02:30:50,007] {spark_submit.py:523} INFO - deployMode              null
[2021-12-09 02:30:50,008] {spark_submit.py:523} INFO - executorMemory          null
[2021-12-09 02:30:50,009] {spark_submit.py:523} INFO - executorCores           null
[2021-12-09 02:30:50,010] {spark_submit.py:523} INFO - totalExecutorCores      null
[2021-12-09 02:30:50,011] {spark_submit.py:523} INFO - propertiesFile          null
[2021-12-09 02:30:50,012] {spark_submit.py:523} INFO - driverMemory            null
[2021-12-09 02:30:50,013] {spark_submit.py:523} INFO - driverCores             null
[2021-12-09 02:30:50,014] {spark_submit.py:523} INFO - driverExtraClassPath    null
[2021-12-09 02:30:50,015] {spark_submit.py:523} INFO - driverExtraLibraryPath  null
[2021-12-09 02:30:50,016] {spark_submit.py:523} INFO - driverExtraJavaOptions  null
[2021-12-09 02:30:50,017] {spark_submit.py:523} INFO - supervise               false
[2021-12-09 02:30:50,018] {spark_submit.py:523} INFO - queue                   null
[2021-12-09 02:30:50,020] {spark_submit.py:523} INFO - numExecutors            null
[2021-12-09 02:30:50,021] {spark_submit.py:523} INFO - files                   null
[2021-12-09 02:30:50,022] {spark_submit.py:523} INFO - pyFiles                 null
[2021-12-09 02:30:50,023] {spark_submit.py:523} INFO - archives                null
[2021-12-09 02:30:50,024] {spark_submit.py:523} INFO - mainClass               null
[2021-12-09 02:30:50,025] {spark_submit.py:523} INFO - primaryResource         file:/opt/***/jobs/remove_file.py
[2021-12-09 02:30:50,026] {spark_submit.py:523} INFO - name                    remove file
[2021-12-09 02:30:50,027] {spark_submit.py:523} INFO - childArgs               [kilkenny]
[2021-12-09 02:30:50,028] {spark_submit.py:523} INFO - jars                    null
[2021-12-09 02:30:50,029] {spark_submit.py:523} INFO - packages                null
[2021-12-09 02:30:50,029] {spark_submit.py:523} INFO - packagesExclusions      null
[2021-12-09 02:30:50,030] {spark_submit.py:523} INFO - repositories            null
[2021-12-09 02:30:50,031] {spark_submit.py:523} INFO - verbose                 true
[2021-12-09 02:30:50,032] {spark_submit.py:523} INFO - 
[2021-12-09 02:30:50,033] {spark_submit.py:523} INFO - Spark properties used, including those specified through
[2021-12-09 02:30:50,034] {spark_submit.py:523} INFO - --conf and those from the properties file null:
[2021-12-09 02:30:50,035] {spark_submit.py:523} INFO - (spark.master,spark://spark:7077)
[2021-12-09 02:30:50,036] {spark_submit.py:523} INFO - 
[2021-12-09 02:30:50,037] {spark_submit.py:523} INFO - 
[2021-12-09 02:30:50,412] {spark_submit.py:523} INFO - Main class:
[2021-12-09 02:30:50,413] {spark_submit.py:523} INFO - org.apache.spark.deploy.PythonRunner
[2021-12-09 02:30:50,414] {spark_submit.py:523} INFO - Arguments:
[2021-12-09 02:30:50,415] {spark_submit.py:523} INFO - file:/opt/***/jobs/remove_file.py
[2021-12-09 02:30:50,416] {spark_submit.py:523} INFO - null
[2021-12-09 02:30:50,417] {spark_submit.py:523} INFO - kilkenny
[2021-12-09 02:30:50,418] {spark_submit.py:523} INFO - --verbose
[2021-12-09 02:30:50,419] {spark_submit.py:523} INFO - Spark config:
[2021-12-09 02:30:50,420] {spark_submit.py:523} INFO - (spark.app.name,remove file)
[2021-12-09 02:30:50,421] {spark_submit.py:523} INFO - (spark.master,spark://spark:7077)
[2021-12-09 02:30:50,422] {spark_submit.py:523} INFO - (spark.submit.pyFiles,)
[2021-12-09 02:30:50,423] {spark_submit.py:523} INFO - (spark.submit.deployMode,client)
[2021-12-09 02:30:50,424] {spark_submit.py:523} INFO - Classpath elements:
[2021-12-09 02:30:50,425] {spark_submit.py:523} INFO - 
[2021-12-09 02:30:50,426] {spark_submit.py:523} INFO - 
[2021-12-09 02:30:50,427] {spark_submit.py:523} INFO - 
[2021-12-09 02:30:51,642] {spark_submit.py:523} INFO - Using Spark's default log4j profile: org/apache/spark/log4j-defaults.properties
[2021-12-09 02:30:51,659] {spark_submit.py:523} INFO - 21/12/09 02:30:51 INFO SparkContext: Running Spark version 3.2.0
[2021-12-09 02:30:51,778] {spark_submit.py:523} INFO - 21/12/09 02:30:51 WARN NativeCodeLoader: Unable to load native-hadoop library for your platform... using builtin-java classes where applicable
[2021-12-09 02:30:51,978] {spark_submit.py:523} INFO - 21/12/09 02:30:51 INFO ResourceUtils: ==============================================================
[2021-12-09 02:30:51,979] {spark_submit.py:523} INFO - 21/12/09 02:30:51 INFO ResourceUtils: No custom resources configured for spark.driver.
[2021-12-09 02:30:51,980] {spark_submit.py:523} INFO - 21/12/09 02:30:51 INFO ResourceUtils: ==============================================================
[2021-12-09 02:30:51,981] {spark_submit.py:523} INFO - 21/12/09 02:30:51 INFO SparkContext: Submitted application: Remove file
[2021-12-09 02:30:52,014] {spark_submit.py:523} INFO - 21/12/09 02:30:52 INFO ResourceProfile: Default ResourceProfile created, executor resources: Map(cores -> name: cores, amount: 1, script: , vendor: , memory -> name: memory, amount: 1024, script: , vendor: , offHeap -> name: offHeap, amount: 0, script: , vendor: ), task resources: Map(cpus -> name: cpus, amount: 1.0)
[2021-12-09 02:30:52,031] {spark_submit.py:523} INFO - 21/12/09 02:30:52 INFO ResourceProfile: Limiting resource is cpu
[2021-12-09 02:30:52,033] {spark_submit.py:523} INFO - 21/12/09 02:30:52 INFO ResourceProfileManager: Added ResourceProfile id: 0
[2021-12-09 02:30:52,138] {spark_submit.py:523} INFO - 21/12/09 02:30:52 INFO SecurityManager: Changing view acls to: ***
[2021-12-09 02:30:52,139] {spark_submit.py:523} INFO - 21/12/09 02:30:52 INFO SecurityManager: Changing modify acls to: ***
[2021-12-09 02:30:52,141] {spark_submit.py:523} INFO - 21/12/09 02:30:52 INFO SecurityManager: Changing view acls groups to:
[2021-12-09 02:30:52,149] {spark_submit.py:523} INFO - 21/12/09 02:30:52 INFO SecurityManager: Changing modify acls groups to:
[2021-12-09 02:30:52,150] {spark_submit.py:523} INFO - 21/12/09 02:30:52 INFO SecurityManager: SecurityManager: authentication disabled; ui acls disabled; users  with view permissions: Set(***); groups with view permissions: Set(); users  with modify permissions: Set(***); groups with modify permissions: Set()
[2021-12-09 02:30:52,655] {spark_submit.py:523} INFO - 21/12/09 02:30:52 INFO Utils: Successfully started service 'sparkDriver' on port 39047.
[2021-12-09 02:30:52,706] {spark_submit.py:523} INFO - 21/12/09 02:30:52 INFO SparkEnv: Registering MapOutputTracker
[2021-12-09 02:30:52,763] {spark_submit.py:523} INFO - 21/12/09 02:30:52 INFO SparkEnv: Registering BlockManagerMaster
[2021-12-09 02:30:52,796] {spark_submit.py:523} INFO - 21/12/09 02:30:52 INFO BlockManagerMasterEndpoint: Using org.apache.spark.storage.DefaultTopologyMapper for getting topology information
[2021-12-09 02:30:52,797] {spark_submit.py:523} INFO - 21/12/09 02:30:52 INFO BlockManagerMasterEndpoint: BlockManagerMasterEndpoint up
[2021-12-09 02:30:52,804] {spark_submit.py:523} INFO - 21/12/09 02:30:52 INFO SparkEnv: Registering BlockManagerMasterHeartbeat
[2021-12-09 02:30:52,843] {spark_submit.py:523} INFO - 21/12/09 02:30:52 INFO DiskBlockManager: Created local directory at /tmp/blockmgr-a69655ef-b7eb-4559-a262-be643e05927e
[2021-12-09 02:30:52,873] {spark_submit.py:523} INFO - 21/12/09 02:30:52 INFO MemoryStore: MemoryStore started with capacity 434.4 MiB
[2021-12-09 02:30:52,897] {spark_submit.py:523} INFO - 21/12/09 02:30:52 INFO SparkEnv: Registering OutputCommitCoordinator
[2021-12-09 02:30:53,210] {spark_submit.py:523} INFO - 21/12/09 02:30:53 INFO Utils: Successfully started service 'SparkUI' on port 4040.
[2021-12-09 02:30:53,370] {spark_submit.py:523} INFO - 21/12/09 02:30:53 INFO SparkUI: Bound SparkUI to 0.0.0.0, and started at http://041e6f8654c3:4040
[2021-12-09 02:30:53,689] {spark_submit.py:523} INFO - 21/12/09 02:30:53 INFO StandaloneAppClient$ClientEndpoint: Connecting to master spark://spark:7077...
[2021-12-09 02:30:53,793] {spark_submit.py:523} INFO - 21/12/09 02:30:53 INFO TransportClientFactory: Successfully created connection to spark/172.31.0.9:7077 after 55 ms (0 ms spent in bootstraps)
[2021-12-09 02:30:53,930] {spark_submit.py:523} INFO - 21/12/09 02:30:53 INFO StandaloneSchedulerBackend: Connected to Spark cluster with app ID app-20211209023053-0088
[2021-12-09 02:30:53,936] {spark_submit.py:523} INFO - 21/12/09 02:30:53 INFO StandaloneAppClient$ClientEndpoint: Executor added: app-20211209023053-0088/0 on worker-20211208102114-172.31.0.11-46307 (172.31.0.11:46307) with 6 core(s)
[2021-12-09 02:30:53,937] {spark_submit.py:523} INFO - 21/12/09 02:30:53 INFO StandaloneSchedulerBackend: Granted executor ID app-20211209023053-0088/0 on hostPort 172.31.0.11:46307 with 6 core(s), 1024.0 MiB RAM
[2021-12-09 02:30:53,950] {spark_submit.py:523} INFO - 21/12/09 02:30:53 INFO Utils: Successfully started service 'org.apache.spark.network.netty.NettyBlockTransferService' on port 44305.
[2021-12-09 02:30:53,952] {spark_submit.py:523} INFO - 21/12/09 02:30:53 INFO NettyBlockTransferService: Server created on 041e6f8654c3:44305
[2021-12-09 02:30:53,955] {spark_submit.py:523} INFO - 21/12/09 02:30:53 INFO BlockManager: Using org.apache.spark.storage.RandomBlockReplicationPolicy for block replication policy
[2021-12-09 02:30:53,971] {spark_submit.py:523} INFO - 21/12/09 02:30:53 INFO BlockManagerMaster: Registering BlockManager BlockManagerId(driver, 041e6f8654c3, 44305, None)
[2021-12-09 02:30:53,972] {spark_submit.py:523} INFO - 21/12/09 02:30:53 INFO StandaloneAppClient$ClientEndpoint: Executor updated: app-20211209023053-0088/0 is now RUNNING
[2021-12-09 02:30:53,979] {spark_submit.py:523} INFO - 21/12/09 02:30:53 INFO BlockManagerMasterEndpoint: Registering block manager 041e6f8654c3:44305 with 434.4 MiB RAM, BlockManagerId(driver, 041e6f8654c3, 44305, None)
[2021-12-09 02:30:53,983] {spark_submit.py:523} INFO - 21/12/09 02:30:53 INFO BlockManagerMaster: Registered BlockManager BlockManagerId(driver, 041e6f8654c3, 44305, None)
[2021-12-09 02:30:53,986] {spark_submit.py:523} INFO - 21/12/09 02:30:53 INFO BlockManager: Initialized BlockManager: BlockManagerId(driver, 041e6f8654c3, 44305, None)
[2021-12-09 02:30:54,253] {spark_submit.py:523} INFO - 21/12/09 02:30:54 INFO StandaloneSchedulerBackend: SchedulerBackend is ready for scheduling beginning after reached minRegisteredResourcesRatio: 0.0
[2021-12-09 02:30:54,315] {spark_submit.py:523} INFO - /home/***/.local/lib/python3.6/site-packages/pyspark/python/lib/pyspark.zip/pyspark/context.py:238: FutureWarning: Python 3.6 support is deprecated in Spark 3.2.
[2021-12-09 02:30:54,316] {spark_submit.py:523} INFO - FutureWarning
[2021-12-09 02:30:54,792] {spark_submit.py:523} INFO - 21/12/09 02:30:54 INFO SharedState: Setting hive.metastore.warehouse.dir ('null') to the value of spark.sql.warehouse.dir.
[2021-12-09 02:30:54,855] {spark_submit.py:523} INFO - 21/12/09 02:30:54 INFO SharedState: Warehouse path is 'file:/opt/***/spark-warehouse'.
[2021-12-09 02:30:55,872] {spark_submit.py:523} INFO - file: kilkenny_rent.json deleted
[2021-12-09 02:30:55,990] {spark_submit.py:523} INFO - 21/12/09 02:30:55 INFO SparkContext: Invoking stop() from shutdown hook
[2021-12-09 02:30:56,013] {spark_submit.py:523} INFO - 21/12/09 02:30:56 INFO SparkUI: Stopped Spark web UI at http://041e6f8654c3:4040
[2021-12-09 02:30:56,023] {spark_submit.py:523} INFO - 21/12/09 02:30:56 INFO StandaloneSchedulerBackend: Shutting down all executors
[2021-12-09 02:30:56,031] {spark_submit.py:523} INFO - 21/12/09 02:30:56 INFO CoarseGrainedSchedulerBackend$DriverEndpoint: Asking each executor to shut down
[2021-12-09 02:30:56,067] {spark_submit.py:523} INFO - 21/12/09 02:30:56 INFO MapOutputTrackerMasterEndpoint: MapOutputTrackerMasterEndpoint stopped!
[2021-12-09 02:30:56,093] {spark_submit.py:523} INFO - 21/12/09 02:30:56 INFO MemoryStore: MemoryStore cleared
[2021-12-09 02:30:56,095] {spark_submit.py:523} INFO - 21/12/09 02:30:56 INFO BlockManager: BlockManager stopped
[2021-12-09 02:30:56,110] {spark_submit.py:523} INFO - 21/12/09 02:30:56 INFO BlockManagerMaster: BlockManagerMaster stopped
[2021-12-09 02:30:56,117] {spark_submit.py:523} INFO - 21/12/09 02:30:56 INFO OutputCommitCoordinator$OutputCommitCoordinatorEndpoint: OutputCommitCoordinator stopped!
[2021-12-09 02:30:56,132] {spark_submit.py:523} INFO - 21/12/09 02:30:56 INFO SparkContext: Successfully stopped SparkContext
[2021-12-09 02:30:56,133] {spark_submit.py:523} INFO - 21/12/09 02:30:56 INFO ShutdownHookManager: Shutdown hook called
[2021-12-09 02:30:56,134] {spark_submit.py:523} INFO - 21/12/09 02:30:56 INFO ShutdownHookManager: Deleting directory /tmp/spark-c2afb016-d439-4d27-9576-9dd610a5b3d5/pyspark-7b9c3aa3-2c23-4411-8054-fbd28216c939
[2021-12-09 02:30:56,138] {spark_submit.py:523} INFO - 21/12/09 02:30:56 INFO ShutdownHookManager: Deleting directory /tmp/spark-309549c4-1270-42c4-b85a-7d4abaeb5c83
[2021-12-09 02:30:56,142] {spark_submit.py:523} INFO - 21/12/09 02:30:56 INFO ShutdownHookManager: Deleting directory /tmp/spark-c2afb016-d439-4d27-9576-9dd610a5b3d5
[2021-12-09 02:30:56,269] {taskinstance.py:1280} INFO - Marking task as SUCCESS. dag_id=scraping_daft_kilkenny, task_id=remove_file, execution_date=20211208T023000, start_date=20211209T023047, end_date=20211209T023056
[2021-12-09 02:30:56,311] {local_task_job.py:154} INFO - Task exited with return code 0
[2021-12-09 02:30:56,394] {local_task_job.py:264} INFO - 0 downstream tasks scheduled from follow-on schedule check
