[2022-01-01 12:52:53,561] {taskinstance.py:1035} INFO - Dependencies all met for <TaskInstance: scraping_daft_laois.notify_slack scheduled__2021-12-31T09:55:00+00:00 [queued]>
[2022-01-01 12:52:53,827] {taskinstance.py:1035} INFO - Dependencies all met for <TaskInstance: scraping_daft_laois.notify_slack scheduled__2021-12-31T09:55:00+00:00 [queued]>
[2022-01-01 12:52:53,843] {taskinstance.py:1241} INFO - 
--------------------------------------------------------------------------------
[2022-01-01 12:52:53,847] {taskinstance.py:1242} INFO - Starting attempt 1 of 4
[2022-01-01 12:52:53,849] {taskinstance.py:1243} INFO - 
--------------------------------------------------------------------------------
[2022-01-01 12:52:53,960] {taskinstance.py:1262} INFO - Executing <Task(SlackWebhookOperator): notify_slack> on 2021-12-31 09:55:00+00:00
[2022-01-01 12:52:54,116] {standard_task_runner.py:76} INFO - Running: ['***', 'tasks', 'run', 'scraping_daft_laois', 'notify_slack', 'scheduled__2021-12-31T09:55:00+00:00', '--job-id', '6042', '--raw', '--subdir', 'DAGS_FOLDER/scraping_daft_laois.py', '--cfg-path', '/tmp/tmpq9qkaxix', '--error-file', '/tmp/tmp2q6jc2zp']
[2022-01-01 12:52:54,144] {standard_task_runner.py:77} INFO - Job 6042: Subtask notify_slack
[2022-01-01 12:52:54,096] {standard_task_runner.py:52} INFO - Started process 12606 to run task
[2022-01-01 12:52:54,733] {logging_mixin.py:109} INFO - Running <TaskInstance: scraping_daft_laois.notify_slack scheduled__2021-12-31T09:55:00+00:00 [running]> on host 33b99c52f92c
[2022-01-01 12:52:55,466] {taskinstance.py:1429} INFO - Exporting the following env vars:
AIRFLOW_CTX_DAG_EMAIL=clement.liscoet@gmail.com
AIRFLOW_CTX_DAG_OWNER=clemoni
AIRFLOW_CTX_DAG_ID=scraping_daft_laois
AIRFLOW_CTX_TASK_ID=notify_slack
AIRFLOW_CTX_EXECUTION_DATE=2021-12-31T09:55:00+00:00
AIRFLOW_CTX_DAG_RUN_ID=scheduled__2021-12-31T09:55:00+00:00
[2022-01-01 12:52:55,556] {base.py:79} INFO - Using connection to: id: slack_connect. Host: https://hooks.slack.com/services/, Port: None, Schema: , Login: , Password: ***, extra: {}
[2022-01-01 12:52:55,633] {base.py:79} INFO - Using connection to: id: slack_connect. Host: https://hooks.slack.com/services/, Port: None, Schema: , Login: , Password: ***, extra: {}
[2022-01-01 12:52:55,710] {http.py:140} INFO - Sending 'POST' to url: https://hooks.slack.com/services/***
[2022-01-01 12:52:56,501] {taskinstance.py:1280} INFO - Marking task as SUCCESS. dag_id=scraping_daft_laois, task_id=notify_slack, execution_date=20211231T095500, start_date=20220101T125253, end_date=20220101T125256
[2022-01-01 12:52:57,040] {local_task_job.py:154} INFO - Task exited with return code 0
[2022-01-01 12:52:58,010] {local_task_job.py:264} INFO - 0 downstream tasks scheduled from follow-on schedule check
