[2021-12-18 10:28:19,934] {taskinstance.py:1035} INFO - Dependencies all met for <TaskInstance: scraping_daft_clare.notify_slack scheduled__2021-12-17T09:15:00+00:00 [queued]>
[2021-12-18 10:28:19,954] {taskinstance.py:1035} INFO - Dependencies all met for <TaskInstance: scraping_daft_clare.notify_slack scheduled__2021-12-17T09:15:00+00:00 [queued]>
[2021-12-18 10:28:19,955] {taskinstance.py:1241} INFO - 
--------------------------------------------------------------------------------
[2021-12-18 10:28:19,956] {taskinstance.py:1242} INFO - Starting attempt 1 of 4
[2021-12-18 10:28:19,957] {taskinstance.py:1243} INFO - 
--------------------------------------------------------------------------------
[2021-12-18 10:28:19,988] {taskinstance.py:1262} INFO - Executing <Task(SlackWebhookOperator): notify_slack> on 2021-12-17 09:15:00+00:00
[2021-12-18 10:28:20,001] {standard_task_runner.py:76} INFO - Running: ['***', 'tasks', 'run', 'scraping_daft_clare', 'notify_slack', 'scheduled__2021-12-17T09:15:00+00:00', '--job-id', '3076', '--raw', '--subdir', 'DAGS_FOLDER/scraping_daft_clare.py', '--cfg-path', '/tmp/tmpo6f1f1ez', '--error-file', '/tmp/tmpw7d2rk7k']
[2021-12-18 10:28:20,003] {standard_task_runner.py:77} INFO - Job 3076: Subtask notify_slack
[2021-12-18 10:28:19,996] {standard_task_runner.py:52} INFO - Started process 8975 to run task
[2021-12-18 10:28:20,129] {logging_mixin.py:109} INFO - Running <TaskInstance: scraping_daft_clare.notify_slack scheduled__2021-12-17T09:15:00+00:00 [running]> on host cf1c44b514e9
[2021-12-18 10:28:20,318] {taskinstance.py:1429} INFO - Exporting the following env vars:
AIRFLOW_CTX_DAG_EMAIL=clement.liscoet@gmail.com
AIRFLOW_CTX_DAG_OWNER=clemoni
AIRFLOW_CTX_DAG_ID=scraping_daft_clare
AIRFLOW_CTX_TASK_ID=notify_slack
AIRFLOW_CTX_EXECUTION_DATE=2021-12-17T09:15:00+00:00
AIRFLOW_CTX_DAG_RUN_ID=scheduled__2021-12-17T09:15:00+00:00
[2021-12-18 10:28:20,347] {base.py:79} INFO - Using connection to: id: slack_connect. Host: https://hooks.slack.com/services/, Port: None, Schema: , Login: , Password: ***, extra: {}
[2021-12-18 10:28:20,366] {base.py:79} INFO - Using connection to: id: slack_connect. Host: https://hooks.slack.com/services/, Port: None, Schema: , Login: , Password: ***, extra: {}
[2021-12-18 10:28:20,371] {http.py:140} INFO - Sending 'POST' to url: https://hooks.slack.com/services/***
[2021-12-18 10:28:20,711] {taskinstance.py:1280} INFO - Marking task as SUCCESS. dag_id=scraping_daft_clare, task_id=notify_slack, execution_date=20211217T091500, start_date=20211218T102819, end_date=20211218T102820
[2021-12-18 10:28:20,755] {local_task_job.py:154} INFO - Task exited with return code 0
[2021-12-18 10:28:20,857] {local_task_job.py:264} INFO - 1 downstream tasks scheduled from follow-on schedule check
