[2021-12-22 10:30:28,564] {taskinstance.py:1035} INFO - Dependencies all met for <TaskInstance: scraping_daft_monaghan.notify_slack scheduled__2021-12-21T10:30:00+00:00 [queued]>
[2021-12-22 10:30:28,592] {taskinstance.py:1035} INFO - Dependencies all met for <TaskInstance: scraping_daft_monaghan.notify_slack scheduled__2021-12-21T10:30:00+00:00 [queued]>
[2021-12-22 10:30:28,593] {taskinstance.py:1241} INFO - 
--------------------------------------------------------------------------------
[2021-12-22 10:30:28,594] {taskinstance.py:1242} INFO - Starting attempt 1 of 4
[2021-12-22 10:30:28,596] {taskinstance.py:1243} INFO - 
--------------------------------------------------------------------------------
[2021-12-22 10:30:28,626] {taskinstance.py:1262} INFO - Executing <Task(SlackWebhookOperator): notify_slack> on 2021-12-21 10:30:00+00:00
[2021-12-22 10:30:28,646] {standard_task_runner.py:76} INFO - Running: ['***', 'tasks', 'run', 'scraping_daft_monaghan', 'notify_slack', 'scheduled__2021-12-21T10:30:00+00:00', '--job-id', '3918', '--raw', '--subdir', 'DAGS_FOLDER/scraping_daft_monaghan.py', '--cfg-path', '/tmp/tmpciekqz4l', '--error-file', '/tmp/tmpfyoweqs9']
[2021-12-22 10:30:28,648] {standard_task_runner.py:77} INFO - Job 3918: Subtask notify_slack
[2021-12-22 10:30:28,637] {standard_task_runner.py:52} INFO - Started process 12582 to run task
[2021-12-22 10:30:28,847] {logging_mixin.py:109} INFO - Running <TaskInstance: scraping_daft_monaghan.notify_slack scheduled__2021-12-21T10:30:00+00:00 [running]> on host bb1be648e8f2
[2021-12-22 10:30:29,166] {taskinstance.py:1429} INFO - Exporting the following env vars:
AIRFLOW_CTX_DAG_EMAIL=clement.liscoet@gmail.com
AIRFLOW_CTX_DAG_OWNER=clemoni
AIRFLOW_CTX_DAG_ID=scraping_daft_monaghan
AIRFLOW_CTX_TASK_ID=notify_slack
AIRFLOW_CTX_EXECUTION_DATE=2021-12-21T10:30:00+00:00
AIRFLOW_CTX_DAG_RUN_ID=scheduled__2021-12-21T10:30:00+00:00
[2021-12-22 10:30:29,203] {base.py:79} INFO - Using connection to: id: slack_connect. Host: https://hooks.slack.com/services/, Port: None, Schema: , Login: , Password: ***, extra: {}
[2021-12-22 10:30:29,237] {base.py:79} INFO - Using connection to: id: slack_connect. Host: https://hooks.slack.com/services/, Port: None, Schema: , Login: , Password: ***, extra: {}
[2021-12-22 10:30:29,245] {http.py:140} INFO - Sending 'POST' to url: https://hooks.slack.com/services/***
[2021-12-22 10:30:29,612] {taskinstance.py:1280} INFO - Marking task as SUCCESS. dag_id=scraping_daft_monaghan, task_id=notify_slack, execution_date=20211221T103000, start_date=20211222T103028, end_date=20211222T103029
[2021-12-22 10:30:29,690] {local_task_job.py:154} INFO - Task exited with return code 0
[2021-12-22 10:30:29,825] {local_task_job.py:264} INFO - 1 downstream tasks scheduled from follow-on schedule check
