[2021-12-27 11:40:48,473] {taskinstance.py:1035} INFO - Dependencies all met for <TaskInstance: scraping_daft_waterford.scrap_data scheduled__2021-12-26T10:55:00+00:00 [queued]>
[2021-12-27 11:40:48,548] {taskinstance.py:1035} INFO - Dependencies all met for <TaskInstance: scraping_daft_waterford.scrap_data scheduled__2021-12-26T10:55:00+00:00 [queued]>
[2021-12-27 11:40:48,549] {taskinstance.py:1241} INFO - 
--------------------------------------------------------------------------------
[2021-12-27 11:40:48,551] {taskinstance.py:1242} INFO - Starting attempt 1 of 4
[2021-12-27 11:40:48,552] {taskinstance.py:1243} INFO - 
--------------------------------------------------------------------------------
[2021-12-27 11:40:48,597] {taskinstance.py:1262} INFO - Executing <Task(SparkSubmitOperator): scrap_data> on 2021-12-26 10:55:00+00:00
[2021-12-27 11:40:48,624] {standard_task_runner.py:76} INFO - Running: ['***', 'tasks', 'run', 'scraping_daft_waterford', 'scrap_data', 'scheduled__2021-12-26T10:55:00+00:00', '--job-id', '4828', '--raw', '--subdir', 'DAGS_FOLDER/scraping_daft_waterford.py', '--cfg-path', '/tmp/tmp3ab_dkan', '--error-file', '/tmp/tmph48jqcwu']
[2021-12-27 11:40:48,607] {standard_task_runner.py:52} INFO - Started process 3208 to run task
[2021-12-27 11:40:48,633] {standard_task_runner.py:77} INFO - Job 4828: Subtask scrap_data
[2021-12-27 11:40:48,928] {logging_mixin.py:109} INFO - Running <TaskInstance: scraping_daft_waterford.scrap_data scheduled__2021-12-26T10:55:00+00:00 [running]> on host 0c125a5bba95
[2021-12-27 11:40:49,612] {taskinstance.py:1429} INFO - Exporting the following env vars:
AIRFLOW_CTX_DAG_EMAIL=clement.liscoet@gmail.com
AIRFLOW_CTX_DAG_OWNER=clemoni
AIRFLOW_CTX_DAG_ID=scraping_daft_waterford
AIRFLOW_CTX_TASK_ID=scrap_data
AIRFLOW_CTX_EXECUTION_DATE=2021-12-26T10:55:00+00:00
AIRFLOW_CTX_DAG_RUN_ID=scheduled__2021-12-26T10:55:00+00:00
[2021-12-27 11:40:49,669] {base.py:79} INFO - Using connection to: id: spark_default. Host: spark://spark:7077, Port: None, Schema: , Login: ***, Password: ***, extra: {}
[2021-12-27 11:40:49,674] {spark_submit.py:360} INFO - Spark-Submit cmd: spark-submit --master spark://spark:7077 --conf spark.master=spark://spark:7077 --name scrap data --verbose /opt/***/jobs/get_ads_per_county.py waterford
[2021-12-27 11:41:23,195] {spark_submit.py:514} INFO - Using properties file: null
[2021-12-27 11:41:27,397] {spark_submit.py:514} INFO - WARNING: An illegal reflective access operation has occurred
[2021-12-27 11:41:27,407] {spark_submit.py:514} INFO - WARNING: Illegal reflective access by org.apache.spark.unsafe.Platform (file:/home/***/.local/lib/python3.6/site-packages/pyspark/jars/spark-unsafe_2.12-3.2.0.jar) to constructor java.nio.DirectByteBuffer(long,int)
[2021-12-27 11:41:27,409] {spark_submit.py:514} INFO - WARNING: Please consider reporting this to the maintainers of org.apache.spark.unsafe.Platform
[2021-12-27 11:41:27,414] {spark_submit.py:514} INFO - WARNING: Use --illegal-access=warn to enable warnings of further illegal reflective access operations
[2021-12-27 11:41:27,418] {spark_submit.py:514} INFO - WARNING: All illegal access operations will be denied in a future release
[2021-12-27 11:41:28,847] {spark_submit.py:514} INFO - Parsed arguments:
[2021-12-27 11:41:28,855] {spark_submit.py:514} INFO - master                  spark://spark:7077
[2021-12-27 11:41:28,864] {spark_submit.py:514} INFO - deployMode              null
[2021-12-27 11:41:28,895] {spark_submit.py:514} INFO - executorMemory          null
[2021-12-27 11:41:28,987] {spark_submit.py:514} INFO - executorCores           null
[2021-12-27 11:41:29,008] {spark_submit.py:514} INFO - totalExecutorCores      null
[2021-12-27 11:41:29,038] {spark_submit.py:514} INFO - propertiesFile          null
[2021-12-27 11:41:29,046] {spark_submit.py:514} INFO - driverMemory            null
[2021-12-27 11:41:29,080] {spark_submit.py:514} INFO - driverCores             null
[2021-12-27 11:41:29,095] {spark_submit.py:514} INFO - driverExtraClassPath    null
[2021-12-27 11:41:29,131] {spark_submit.py:514} INFO - driverExtraLibraryPath  null
[2021-12-27 11:41:29,173] {spark_submit.py:514} INFO - driverExtraJavaOptions  null
[2021-12-27 11:41:29,198] {spark_submit.py:514} INFO - supervise               false
[2021-12-27 11:41:29,296] {spark_submit.py:514} INFO - queue                   null
[2021-12-27 11:41:29,308] {spark_submit.py:514} INFO - numExecutors            null
[2021-12-27 11:41:29,369] {spark_submit.py:514} INFO - files                   null
[2021-12-27 11:41:29,380] {spark_submit.py:514} INFO - pyFiles                 null
[2021-12-27 11:41:29,389] {spark_submit.py:514} INFO - archives                null
[2021-12-27 11:41:29,439] {spark_submit.py:514} INFO - mainClass               null
[2021-12-27 11:41:29,462] {spark_submit.py:514} INFO - primaryResource         file:/opt/***/jobs/get_ads_per_county.py
[2021-12-27 11:41:29,468] {spark_submit.py:514} INFO - name                    scrap data
[2021-12-27 11:41:29,509] {spark_submit.py:514} INFO - childArgs               [waterford]
[2021-12-27 11:41:29,527] {spark_submit.py:514} INFO - jars                    null
[2021-12-27 11:41:29,600] {spark_submit.py:514} INFO - packages                null
[2021-12-27 11:41:29,616] {spark_submit.py:514} INFO - packagesExclusions      null
[2021-12-27 11:41:29,661] {spark_submit.py:514} INFO - repositories            null
[2021-12-27 11:41:29,798] {spark_submit.py:514} INFO - verbose                 true
[2021-12-27 11:41:29,813] {spark_submit.py:514} INFO - 
[2021-12-27 11:41:29,850] {spark_submit.py:514} INFO - Spark properties used, including those specified through
[2021-12-27 11:41:29,870] {spark_submit.py:514} INFO - --conf and those from the properties file null:
[2021-12-27 11:41:29,884] {spark_submit.py:514} INFO - (spark.master,spark://spark:7077)
[2021-12-27 11:41:29,913] {spark_submit.py:514} INFO - 
[2021-12-27 11:41:29,944] {spark_submit.py:514} INFO - 
[2021-12-27 11:41:45,663] {spark_submit.py:514} INFO - Main class:
[2021-12-27 11:41:45,667] {spark_submit.py:514} INFO - org.apache.spark.deploy.PythonRunner
[2021-12-27 11:41:45,687] {spark_submit.py:514} INFO - Arguments:
[2021-12-27 11:41:45,691] {spark_submit.py:514} INFO - file:/opt/***/jobs/get_ads_per_county.py
[2021-12-27 11:41:45,693] {spark_submit.py:514} INFO - null
[2021-12-27 11:41:45,695] {spark_submit.py:514} INFO - waterford
[2021-12-27 11:41:45,699] {spark_submit.py:514} INFO - --verbose
[2021-12-27 11:41:45,759] {spark_submit.py:514} INFO - Spark config:
[2021-12-27 11:41:45,767] {spark_submit.py:514} INFO - (spark.app.name,scrap data)
[2021-12-27 11:41:45,769] {spark_submit.py:514} INFO - (spark.master,spark://spark:7077)
[2021-12-27 11:41:45,770] {spark_submit.py:514} INFO - (spark.submit.pyFiles,)
[2021-12-27 11:41:45,773] {spark_submit.py:514} INFO - (spark.submit.deployMode,client)
[2021-12-27 11:41:45,778] {spark_submit.py:514} INFO - Classpath elements:
[2021-12-27 11:41:45,791] {spark_submit.py:514} INFO - 
[2021-12-27 11:41:45,794] {spark_submit.py:514} INFO - 
[2021-12-27 11:41:45,799] {spark_submit.py:514} INFO - 
[2021-12-27 11:42:05,546] {spark_submit.py:514} INFO - Using Spark's default log4j profile: org/apache/spark/log4j-defaults.properties
[2021-12-27 11:42:05,755] {spark_submit.py:514} INFO - 21/12/27 11:42:05 INFO SparkContext: Running Spark version 3.2.0
[2021-12-27 11:42:08,114] {spark_submit.py:514} INFO - 21/12/27 11:42:08 WARN NativeCodeLoader: Unable to load native-hadoop library for your platform... using builtin-java classes where applicable
[2021-12-27 11:42:10,083] {spark_submit.py:514} INFO - 21/12/27 11:42:10 INFO ResourceUtils: ==============================================================
[2021-12-27 11:42:10,089] {spark_submit.py:514} INFO - 21/12/27 11:42:10 INFO ResourceUtils: No custom resources configured for spark.driver.
[2021-12-27 11:42:10,091] {spark_submit.py:514} INFO - 21/12/27 11:42:10 INFO ResourceUtils: ==============================================================
[2021-12-27 11:42:10,095] {spark_submit.py:514} INFO - 21/12/27 11:42:10 INFO SparkContext: Submitted application: Get Ads per county
[2021-12-27 11:42:10,358] {spark_submit.py:514} INFO - 21/12/27 11:42:10 INFO ResourceProfile: Default ResourceProfile created, executor resources: Map(cores -> name: cores, amount: 1, script: , vendor: , memory -> name: memory, amount: 1024, script: , vendor: , offHeap -> name: offHeap, amount: 0, script: , vendor: ), task resources: Map(cpus -> name: cpus, amount: 1.0)
[2021-12-27 11:42:10,544] {spark_submit.py:514} INFO - 21/12/27 11:42:10 INFO ResourceProfile: Limiting resource is cpu
[2021-12-27 11:42:10,547] {spark_submit.py:514} INFO - 21/12/27 11:42:10 INFO ResourceProfileManager: Added ResourceProfile id: 0
[2021-12-27 11:42:11,503] {spark_submit.py:514} INFO - 21/12/27 11:42:11 INFO SecurityManager: Changing view acls to: ***
[2021-12-27 11:42:11,505] {spark_submit.py:514} INFO - 21/12/27 11:42:11 INFO SecurityManager: Changing modify acls to: ***
[2021-12-27 11:42:11,507] {spark_submit.py:514} INFO - 21/12/27 11:42:11 INFO SecurityManager: Changing view acls groups to:
[2021-12-27 11:42:11,509] {spark_submit.py:514} INFO - 21/12/27 11:42:11 INFO SecurityManager: Changing modify acls groups to:
[2021-12-27 11:42:11,548] {spark_submit.py:514} INFO - 21/12/27 11:42:11 INFO SecurityManager: SecurityManager: authentication disabled; ui acls disabled; users  with view permissions: Set(***); groups with view permissions: Set(); users  with modify permissions: Set(***); groups with modify permissions: Set()
[2021-12-27 11:42:14,868] {spark_submit.py:514} INFO - 21/12/27 11:42:14 INFO Utils: Successfully started service 'sparkDriver' on port 44323.
[2021-12-27 11:42:15,148] {spark_submit.py:514} INFO - 21/12/27 11:42:15 INFO SparkEnv: Registering MapOutputTracker
[2021-12-27 11:42:15,866] {spark_submit.py:514} INFO - 21/12/27 11:42:15 INFO SparkEnv: Registering BlockManagerMaster
[2021-12-27 11:42:16,087] {spark_submit.py:514} INFO - 21/12/27 11:42:16 INFO BlockManagerMasterEndpoint: Using org.apache.spark.storage.DefaultTopologyMapper for getting topology information
[2021-12-27 11:42:16,092] {spark_submit.py:514} INFO - 21/12/27 11:42:16 INFO BlockManagerMasterEndpoint: BlockManagerMasterEndpoint up
[2021-12-27 11:42:16,140] {spark_submit.py:514} INFO - 21/12/27 11:42:16 INFO SparkEnv: Registering BlockManagerMasterHeartbeat
[2021-12-27 11:42:16,484] {spark_submit.py:514} INFO - 21/12/27 11:42:16 INFO DiskBlockManager: Created local directory at /tmp/blockmgr-5856ff40-624c-4553-910a-07c6a7a0e5a1
[2021-12-27 11:42:16,681] {spark_submit.py:514} INFO - 21/12/27 11:42:16 INFO MemoryStore: MemoryStore started with capacity 434.4 MiB
[2021-12-27 11:42:16,839] {spark_submit.py:514} INFO - 21/12/27 11:42:16 INFO SparkEnv: Registering OutputCommitCoordinator
[2021-12-27 11:42:18,945] {spark_submit.py:514} INFO - 21/12/27 11:42:18 INFO Utils: Successfully started service 'SparkUI' on port 4040.
[2021-12-27 11:42:19,144] {spark_submit.py:514} INFO - 21/12/27 11:42:19 INFO SparkUI: Bound SparkUI to 0.0.0.0, and started at http://0c125a5bba95:4040
[2021-12-27 11:42:20,141] {spark_submit.py:514} INFO - 21/12/27 11:42:20 INFO StandaloneAppClient$ClientEndpoint: Connecting to master spark://spark:7077...
[2021-12-27 11:42:20,390] {spark_submit.py:514} INFO - 21/12/27 11:42:20 INFO TransportClientFactory: Successfully created connection to spark/172.19.0.4:7077 after 96 ms (0 ms spent in bootstraps)
[2021-12-27 11:42:20,848] {spark_submit.py:514} INFO - 21/12/27 11:42:20 INFO StandaloneSchedulerBackend: Connected to Spark cluster with app ID app-20211227114220-0029
[2021-12-27 11:42:20,884] {spark_submit.py:514} INFO - 21/12/27 11:42:20 INFO Utils: Successfully started service 'org.apache.spark.network.netty.NettyBlockTransferService' on port 43987.
[2021-12-27 11:42:20,886] {spark_submit.py:514} INFO - 21/12/27 11:42:20 INFO NettyBlockTransferService: Server created on 0c125a5bba95:43987
[2021-12-27 11:42:20,892] {spark_submit.py:514} INFO - 21/12/27 11:42:20 INFO BlockManager: Using org.apache.spark.storage.RandomBlockReplicationPolicy for block replication policy
[2021-12-27 11:42:20,919] {spark_submit.py:514} INFO - 21/12/27 11:42:20 INFO BlockManagerMaster: Registering BlockManager BlockManagerId(driver, 0c125a5bba95, 43987, None)
[2021-12-27 11:42:20,930] {spark_submit.py:514} INFO - 21/12/27 11:42:20 INFO BlockManagerMasterEndpoint: Registering block manager 0c125a5bba95:43987 with 434.4 MiB RAM, BlockManagerId(driver, 0c125a5bba95, 43987, None)
[2021-12-27 11:42:20,947] {spark_submit.py:514} INFO - 21/12/27 11:42:20 INFO BlockManagerMaster: Registered BlockManager BlockManagerId(driver, 0c125a5bba95, 43987, None)
[2021-12-27 11:42:20,951] {spark_submit.py:514} INFO - 21/12/27 11:42:20 INFO BlockManager: Initialized BlockManager: BlockManagerId(driver, 0c125a5bba95, 43987, None)
[2021-12-27 11:42:21,868] {spark_submit.py:514} INFO - 21/12/27 11:42:21 INFO StandaloneSchedulerBackend: SchedulerBackend is ready for scheduling beginning after reached minRegisteredResourcesRatio: 0.0
[2021-12-27 11:42:21,964] {spark_submit.py:514} INFO - /home/***/.local/lib/python3.6/site-packages/pyspark/python/lib/pyspark.zip/pyspark/context.py:238: FutureWarning: Python 3.6 support is deprecated in Spark 3.2.
[2021-12-27 11:42:21,965] {spark_submit.py:514} INFO - FutureWarning
[2021-12-27 11:42:22,527] {spark_submit.py:514} INFO - 21/12/27 11:42:22 INFO SharedState: Setting hive.metastore.warehouse.dir ('null') to the value of spark.sql.warehouse.dir.
[2021-12-27 11:42:22,655] {spark_submit.py:514} INFO - 21/12/27 11:42:22 INFO SharedState: Warehouse path is 'file:/opt/***/spark-warehouse'.
[2021-12-27 11:42:33,909] {spark_submit.py:514} INFO - running...
[2021-12-27 11:42:34,784] {spark_submit.py:514} INFO - running...
[2021-12-27 11:42:35,429] {spark_submit.py:514} INFO - running...
[2021-12-27 11:42:36,200] {spark_submit.py:514} INFO - running...
[2021-12-27 11:42:36,708] {spark_submit.py:514} INFO - running...
[2021-12-27 11:42:37,291] {spark_submit.py:514} INFO - running...
[2021-12-27 11:42:37,879] {spark_submit.py:514} INFO - running...
[2021-12-27 11:42:38,648] {spark_submit.py:514} INFO - running...
[2021-12-27 11:42:39,292] {spark_submit.py:514} INFO - running...
[2021-12-27 11:42:39,728] {spark_submit.py:514} INFO - running...
[2021-12-27 11:42:40,642] {spark_submit.py:514} INFO - running...
[2021-12-27 11:42:42,183] {spark_submit.py:514} INFO - running...
[2021-12-27 11:42:44,135] {spark_submit.py:514} INFO - running...
[2021-12-27 11:42:44,975] {spark_submit.py:514} INFO - running...
[2021-12-27 11:42:48,443] {spark_submit.py:514} INFO - running...
[2021-12-27 11:42:50,436] {spark_submit.py:514} INFO - running...
[2021-12-27 11:42:52,182] {spark_submit.py:514} INFO - running...
[2021-12-27 11:42:55,113] {spark_submit.py:514} INFO - 21/12/27 11:42:55 INFO SparkContext: Invoking stop() from shutdown hook
[2021-12-27 11:42:55,197] {spark_submit.py:514} INFO - 21/12/27 11:42:55 INFO SparkUI: Stopped Spark web UI at http://0c125a5bba95:4040
[2021-12-27 11:42:55,220] {spark_submit.py:514} INFO - 21/12/27 11:42:55 INFO StandaloneSchedulerBackend: Shutting down all executors
[2021-12-27 11:42:55,235] {spark_submit.py:514} INFO - 21/12/27 11:42:55 INFO CoarseGrainedSchedulerBackend$DriverEndpoint: Asking each executor to shut down
[2021-12-27 11:42:55,360] {spark_submit.py:514} INFO - 21/12/27 11:42:55 INFO MapOutputTrackerMasterEndpoint: MapOutputTrackerMasterEndpoint stopped!
[2021-12-27 11:42:55,636] {spark_submit.py:514} INFO - 21/12/27 11:42:55 INFO MemoryStore: MemoryStore cleared
[2021-12-27 11:42:55,639] {spark_submit.py:514} INFO - 21/12/27 11:42:55 INFO BlockManager: BlockManager stopped
[2021-12-27 11:42:55,677] {spark_submit.py:514} INFO - 21/12/27 11:42:55 INFO BlockManagerMaster: BlockManagerMaster stopped
[2021-12-27 11:42:55,692] {spark_submit.py:514} INFO - 21/12/27 11:42:55 INFO OutputCommitCoordinator$OutputCommitCoordinatorEndpoint: OutputCommitCoordinator stopped!
[2021-12-27 11:42:55,792] {spark_submit.py:514} INFO - 21/12/27 11:42:55 INFO SparkContext: Successfully stopped SparkContext
[2021-12-27 11:42:55,793] {spark_submit.py:514} INFO - 21/12/27 11:42:55 INFO ShutdownHookManager: Shutdown hook called
[2021-12-27 11:42:55,794] {spark_submit.py:514} INFO - 21/12/27 11:42:55 INFO ShutdownHookManager: Deleting directory /tmp/spark-e2f97eea-71c3-4d6a-9ed4-eb17be4a0ca9
[2021-12-27 11:42:55,801] {spark_submit.py:514} INFO - 21/12/27 11:42:55 INFO ShutdownHookManager: Deleting directory /tmp/spark-e2f97eea-71c3-4d6a-9ed4-eb17be4a0ca9/pyspark-822cf39a-9c10-4bab-bf36-bfbc9cb1125b
[2021-12-27 11:42:55,810] {spark_submit.py:514} INFO - 21/12/27 11:42:55 INFO ShutdownHookManager: Deleting directory /tmp/spark-2a1e7224-3c7c-40fe-99fd-4cf7ac1611e0
[2021-12-27 11:42:57,351] {taskinstance.py:1280} INFO - Marking task as SUCCESS. dag_id=scraping_daft_waterford, task_id=scrap_data, execution_date=20211226T105500, start_date=20211227T114048, end_date=20211227T114257
[2021-12-27 11:42:57,892] {local_task_job.py:154} INFO - Task exited with return code 0
[2021-12-27 11:42:58,277] {local_task_job.py:264} INFO - 1 downstream tasks scheduled from follow-on schedule check
