[2021-12-27 11:40:11,548] {taskinstance.py:1035} INFO - Dependencies all met for <TaskInstance: scraping_daft_roscommon.scrap_data scheduled__2021-12-26T10:40:00+00:00 [queued]>
[2021-12-27 11:40:11,678] {taskinstance.py:1035} INFO - Dependencies all met for <TaskInstance: scraping_daft_roscommon.scrap_data scheduled__2021-12-26T10:40:00+00:00 [queued]>
[2021-12-27 11:40:11,683] {taskinstance.py:1241} INFO - 
--------------------------------------------------------------------------------
[2021-12-27 11:40:11,687] {taskinstance.py:1242} INFO - Starting attempt 1 of 4
[2021-12-27 11:40:11,690] {taskinstance.py:1243} INFO - 
--------------------------------------------------------------------------------
[2021-12-27 11:40:11,900] {taskinstance.py:1262} INFO - Executing <Task(SparkSubmitOperator): scrap_data> on 2021-12-26 10:40:00+00:00
[2021-12-27 11:40:11,961] {standard_task_runner.py:52} INFO - Started process 2761 to run task
[2021-12-27 11:40:12,111] {standard_task_runner.py:76} INFO - Running: ['***', 'tasks', 'run', 'scraping_daft_roscommon', 'scrap_data', 'scheduled__2021-12-26T10:40:00+00:00', '--job-id', '4825', '--raw', '--subdir', 'DAGS_FOLDER/scraping_daft_roscommon.py', '--cfg-path', '/tmp/tmpbukhhnci', '--error-file', '/tmp/tmpcle5tj8x']
[2021-12-27 11:40:12,134] {standard_task_runner.py:77} INFO - Job 4825: Subtask scrap_data
[2021-12-27 11:40:12,489] {logging_mixin.py:109} INFO - Running <TaskInstance: scraping_daft_roscommon.scrap_data scheduled__2021-12-26T10:40:00+00:00 [running]> on host 0c125a5bba95
[2021-12-27 11:40:13,605] {taskinstance.py:1429} INFO - Exporting the following env vars:
AIRFLOW_CTX_DAG_EMAIL=clement.liscoet@gmail.com
AIRFLOW_CTX_DAG_OWNER=clemoni
AIRFLOW_CTX_DAG_ID=scraping_daft_roscommon
AIRFLOW_CTX_TASK_ID=scrap_data
AIRFLOW_CTX_EXECUTION_DATE=2021-12-26T10:40:00+00:00
AIRFLOW_CTX_DAG_RUN_ID=scheduled__2021-12-26T10:40:00+00:00
[2021-12-27 11:40:14,445] {base.py:79} INFO - Using connection to: id: spark_default. Host: spark://spark:7077, Port: None, Schema: , Login: ***, Password: ***, extra: {}
[2021-12-27 11:40:14,492] {spark_submit.py:360} INFO - Spark-Submit cmd: spark-submit --master spark://spark:7077 --conf spark.master=spark://spark:7077 --name scrap data --verbose /opt/***/jobs/get_ads_per_county.py roscommon
[2021-12-27 11:40:43,815] {spark_submit.py:514} INFO - Using properties file: null
[2021-12-27 11:40:44,432] {spark_submit.py:514} INFO - WARNING: An illegal reflective access operation has occurred
[2021-12-27 11:40:44,434] {spark_submit.py:514} INFO - WARNING: Illegal reflective access by org.apache.spark.unsafe.Platform (file:/home/***/.local/lib/python3.6/site-packages/pyspark/jars/spark-unsafe_2.12-3.2.0.jar) to constructor java.nio.DirectByteBuffer(long,int)
[2021-12-27 11:40:44,436] {spark_submit.py:514} INFO - WARNING: Please consider reporting this to the maintainers of org.apache.spark.unsafe.Platform
[2021-12-27 11:40:44,438] {spark_submit.py:514} INFO - WARNING: Use --illegal-access=warn to enable warnings of further illegal reflective access operations
[2021-12-27 11:40:44,440] {spark_submit.py:514} INFO - WARNING: All illegal access operations will be denied in a future release
[2021-12-27 11:40:45,568] {spark_submit.py:514} INFO - Parsed arguments:
[2021-12-27 11:40:45,573] {spark_submit.py:514} INFO - master                  spark://spark:7077
[2021-12-27 11:40:45,579] {spark_submit.py:514} INFO - deployMode              null
[2021-12-27 11:40:45,584] {spark_submit.py:514} INFO - executorMemory          null
[2021-12-27 11:40:45,592] {spark_submit.py:514} INFO - executorCores           null
[2021-12-27 11:40:45,595] {spark_submit.py:514} INFO - totalExecutorCores      null
[2021-12-27 11:40:45,600] {spark_submit.py:514} INFO - propertiesFile          null
[2021-12-27 11:40:45,603] {spark_submit.py:514} INFO - driverMemory            null
[2021-12-27 11:40:45,607] {spark_submit.py:514} INFO - driverCores             null
[2021-12-27 11:40:45,608] {spark_submit.py:514} INFO - driverExtraClassPath    null
[2021-12-27 11:40:45,614] {spark_submit.py:514} INFO - driverExtraLibraryPath  null
[2021-12-27 11:40:45,619] {spark_submit.py:514} INFO - driverExtraJavaOptions  null
[2021-12-27 11:40:45,622] {spark_submit.py:514} INFO - supervise               false
[2021-12-27 11:40:45,626] {spark_submit.py:514} INFO - queue                   null
[2021-12-27 11:40:45,629] {spark_submit.py:514} INFO - numExecutors            null
[2021-12-27 11:40:45,633] {spark_submit.py:514} INFO - files                   null
[2021-12-27 11:40:45,638] {spark_submit.py:514} INFO - pyFiles                 null
[2021-12-27 11:40:45,644] {spark_submit.py:514} INFO - archives                null
[2021-12-27 11:40:45,647] {spark_submit.py:514} INFO - mainClass               null
[2021-12-27 11:40:45,652] {spark_submit.py:514} INFO - primaryResource         file:/opt/***/jobs/get_ads_per_county.py
[2021-12-27 11:40:45,659] {spark_submit.py:514} INFO - name                    scrap data
[2021-12-27 11:40:45,662] {spark_submit.py:514} INFO - childArgs               [roscommon]
[2021-12-27 11:40:45,670] {spark_submit.py:514} INFO - jars                    null
[2021-12-27 11:40:45,674] {spark_submit.py:514} INFO - packages                null
[2021-12-27 11:40:45,677] {spark_submit.py:514} INFO - packagesExclusions      null
[2021-12-27 11:40:45,680] {spark_submit.py:514} INFO - repositories            null
[2021-12-27 11:40:45,686] {spark_submit.py:514} INFO - verbose                 true
[2021-12-27 11:40:45,687] {spark_submit.py:514} INFO - 
[2021-12-27 11:40:45,690] {spark_submit.py:514} INFO - Spark properties used, including those specified through
[2021-12-27 11:40:45,693] {spark_submit.py:514} INFO - --conf and those from the properties file null:
[2021-12-27 11:40:45,696] {spark_submit.py:514} INFO - (spark.master,spark://spark:7077)
[2021-12-27 11:40:45,702] {spark_submit.py:514} INFO - 
[2021-12-27 11:40:45,703] {spark_submit.py:514} INFO - 
[2021-12-27 11:40:49,135] {spark_submit.py:514} INFO - Main class:
[2021-12-27 11:40:49,136] {spark_submit.py:514} INFO - org.apache.spark.deploy.PythonRunner
[2021-12-27 11:40:49,137] {spark_submit.py:514} INFO - Arguments:
[2021-12-27 11:40:49,138] {spark_submit.py:514} INFO - file:/opt/***/jobs/get_ads_per_county.py
[2021-12-27 11:40:49,139] {spark_submit.py:514} INFO - null
[2021-12-27 11:40:49,140] {spark_submit.py:514} INFO - roscommon
[2021-12-27 11:40:49,141] {spark_submit.py:514} INFO - --verbose
[2021-12-27 11:40:49,142] {spark_submit.py:514} INFO - Spark config:
[2021-12-27 11:40:49,143] {spark_submit.py:514} INFO - (spark.app.name,scrap data)
[2021-12-27 11:40:49,144] {spark_submit.py:514} INFO - (spark.master,spark://spark:7077)
[2021-12-27 11:40:49,145] {spark_submit.py:514} INFO - (spark.submit.pyFiles,)
[2021-12-27 11:40:49,148] {spark_submit.py:514} INFO - (spark.submit.deployMode,client)
[2021-12-27 11:40:49,149] {spark_submit.py:514} INFO - Classpath elements:
[2021-12-27 11:40:49,151] {spark_submit.py:514} INFO - 
[2021-12-27 11:40:49,152] {spark_submit.py:514} INFO - 
[2021-12-27 11:40:49,153] {spark_submit.py:514} INFO - 
[2021-12-27 11:40:57,025] {spark_submit.py:514} INFO - Using Spark's default log4j profile: org/apache/spark/log4j-defaults.properties
[2021-12-27 11:40:57,061] {spark_submit.py:514} INFO - 21/12/27 11:40:57 INFO SparkContext: Running Spark version 3.2.0
[2021-12-27 11:40:57,532] {spark_submit.py:514} INFO - 21/12/27 11:40:57 WARN NativeCodeLoader: Unable to load native-hadoop library for your platform... using builtin-java classes where applicable
[2021-12-27 11:40:58,290] {spark_submit.py:514} INFO - 21/12/27 11:40:58 INFO ResourceUtils: ==============================================================
[2021-12-27 11:40:58,292] {spark_submit.py:514} INFO - 21/12/27 11:40:58 INFO ResourceUtils: No custom resources configured for spark.driver.
[2021-12-27 11:40:58,302] {spark_submit.py:514} INFO - 21/12/27 11:40:58 INFO ResourceUtils: ==============================================================
[2021-12-27 11:40:58,304] {spark_submit.py:514} INFO - 21/12/27 11:40:58 INFO SparkContext: Submitted application: Get Ads per county
[2021-12-27 11:40:58,755] {spark_submit.py:514} INFO - 21/12/27 11:40:58 INFO ResourceProfile: Default ResourceProfile created, executor resources: Map(cores -> name: cores, amount: 1, script: , vendor: , memory -> name: memory, amount: 1024, script: , vendor: , offHeap -> name: offHeap, amount: 0, script: , vendor: ), task resources: Map(cpus -> name: cpus, amount: 1.0)
[2021-12-27 11:40:59,055] {spark_submit.py:514} INFO - 21/12/27 11:40:59 INFO ResourceProfile: Limiting resource is cpu
[2021-12-27 11:40:59,090] {spark_submit.py:514} INFO - 21/12/27 11:40:59 INFO ResourceProfileManager: Added ResourceProfile id: 0
[2021-12-27 11:41:00,039] {spark_submit.py:514} INFO - 21/12/27 11:41:00 INFO SecurityManager: Changing view acls to: ***
[2021-12-27 11:41:00,048] {spark_submit.py:514} INFO - 21/12/27 11:41:00 INFO SecurityManager: Changing modify acls to: ***
[2021-12-27 11:41:00,049] {spark_submit.py:514} INFO - 21/12/27 11:41:00 INFO SecurityManager: Changing view acls groups to:
[2021-12-27 11:41:00,053] {spark_submit.py:514} INFO - 21/12/27 11:41:00 INFO SecurityManager: Changing modify acls groups to:
[2021-12-27 11:41:00,058] {spark_submit.py:514} INFO - 21/12/27 11:41:00 INFO SecurityManager: SecurityManager: authentication disabled; ui acls disabled; users  with view permissions: Set(***); groups with view permissions: Set(); users  with modify permissions: Set(***); groups with modify permissions: Set()
[2021-12-27 11:41:02,788] {spark_submit.py:514} INFO - 21/12/27 11:41:02 INFO Utils: Successfully started service 'sparkDriver' on port 40603.
[2021-12-27 11:41:03,112] {spark_submit.py:514} INFO - 21/12/27 11:41:03 INFO SparkEnv: Registering MapOutputTracker
[2021-12-27 11:41:03,445] {spark_submit.py:514} INFO - 21/12/27 11:41:03 INFO SparkEnv: Registering BlockManagerMaster
[2021-12-27 11:41:03,742] {spark_submit.py:514} INFO - 21/12/27 11:41:03 INFO BlockManagerMasterEndpoint: Using org.apache.spark.storage.DefaultTopologyMapper for getting topology information
[2021-12-27 11:41:03,744] {spark_submit.py:514} INFO - 21/12/27 11:41:03 INFO BlockManagerMasterEndpoint: BlockManagerMasterEndpoint up
[2021-12-27 11:41:03,796] {spark_submit.py:514} INFO - 21/12/27 11:41:03 INFO SparkEnv: Registering BlockManagerMasterHeartbeat
[2021-12-27 11:41:04,506] {spark_submit.py:514} INFO - 21/12/27 11:41:04 INFO DiskBlockManager: Created local directory at /tmp/blockmgr-88d09d8c-e34e-4571-a161-dfe9850578e7
[2021-12-27 11:41:05,065] {spark_submit.py:514} INFO - 21/12/27 11:41:04 INFO MemoryStore: MemoryStore started with capacity 434.4 MiB
[2021-12-27 11:41:06,899] {spark_submit.py:514} INFO - 21/12/27 11:41:06 INFO SparkEnv: Registering OutputCommitCoordinator
[2021-12-27 11:41:24,997] {spark_submit.py:514} INFO - 21/12/27 11:41:24 WARN Utils: Service 'SparkUI' could not bind on port 4040. Attempting port 4041.
[2021-12-27 11:41:25,061] {spark_submit.py:514} INFO - 21/12/27 11:41:25 WARN Utils: Service 'SparkUI' could not bind on port 4041. Attempting port 4042.
[2021-12-27 11:41:25,153] {spark_submit.py:514} INFO - 21/12/27 11:41:25 WARN Utils: Service 'SparkUI' could not bind on port 4042. Attempting port 4043.
[2021-12-27 11:41:25,155] {spark_submit.py:514} INFO - 21/12/27 11:41:25 WARN Utils: Service 'SparkUI' could not bind on port 4043. Attempting port 4044.
[2021-12-27 11:41:25,161] {spark_submit.py:514} INFO - 21/12/27 11:41:25 WARN Utils: Service 'SparkUI' could not bind on port 4044. Attempting port 4045.
[2021-12-27 11:41:25,167] {spark_submit.py:514} INFO - 21/12/27 11:41:25 WARN Utils: Service 'SparkUI' could not bind on port 4045. Attempting port 4046.
[2021-12-27 11:41:25,174] {spark_submit.py:514} INFO - 21/12/27 11:41:25 WARN Utils: Service 'SparkUI' could not bind on port 4046. Attempting port 4047.
[2021-12-27 11:41:25,527] {spark_submit.py:514} INFO - 21/12/27 11:41:25 INFO Utils: Successfully started service 'SparkUI' on port 4047.
[2021-12-27 11:41:34,178] {spark_submit.py:514} INFO - 21/12/27 11:41:34 INFO SparkUI: Bound SparkUI to 0.0.0.0, and started at http://0c125a5bba95:4047
[2021-12-27 11:41:42,874] {spark_submit.py:514} INFO - 21/12/27 11:41:42 INFO StandaloneAppClient$ClientEndpoint: Connecting to master spark://spark:7077...
[2021-12-27 11:41:45,263] {spark_submit.py:514} INFO - 21/12/27 11:41:45 INFO TransportClientFactory: Successfully created connection to spark/172.19.0.4:7077 after 907 ms (0 ms spent in bootstraps)
[2021-12-27 11:41:48,254] {spark_submit.py:514} INFO - 21/12/27 11:41:48 INFO StandaloneSchedulerBackend: Connected to Spark cluster with app ID app-20211227114148-0025
[2021-12-27 11:41:48,964] {spark_submit.py:514} INFO - 21/12/27 11:41:48 INFO Utils: Successfully started service 'org.apache.spark.network.netty.NettyBlockTransferService' on port 32803.
[2021-12-27 11:41:48,980] {spark_submit.py:514} INFO - 21/12/27 11:41:48 INFO NettyBlockTransferService: Server created on 0c125a5bba95:32803
[2021-12-27 11:41:48,989] {spark_submit.py:514} INFO - 21/12/27 11:41:48 INFO BlockManager: Using org.apache.spark.storage.RandomBlockReplicationPolicy for block replication policy
[2021-12-27 11:41:49,206] {spark_submit.py:514} INFO - 21/12/27 11:41:49 INFO BlockManagerMaster: Registering BlockManager BlockManagerId(driver, 0c125a5bba95, 32803, None)
[2021-12-27 11:41:49,606] {spark_submit.py:514} INFO - 21/12/27 11:41:49 INFO BlockManagerMasterEndpoint: Registering block manager 0c125a5bba95:32803 with 434.4 MiB RAM, BlockManagerId(driver, 0c125a5bba95, 32803, None)
[2021-12-27 11:41:49,811] {spark_submit.py:514} INFO - 21/12/27 11:41:49 INFO BlockManagerMaster: Registered BlockManager BlockManagerId(driver, 0c125a5bba95, 32803, None)
[2021-12-27 11:41:49,823] {spark_submit.py:514} INFO - 21/12/27 11:41:49 INFO BlockManager: Initialized BlockManager: BlockManagerId(driver, 0c125a5bba95, 32803, None)
[2021-12-27 11:41:55,300] {spark_submit.py:514} INFO - 21/12/27 11:41:55 INFO StandaloneSchedulerBackend: SchedulerBackend is ready for scheduling beginning after reached minRegisteredResourcesRatio: 0.0
[2021-12-27 11:41:56,918] {spark_submit.py:514} INFO - /home/***/.local/lib/python3.6/site-packages/pyspark/python/lib/pyspark.zip/pyspark/context.py:238: FutureWarning: Python 3.6 support is deprecated in Spark 3.2.
[2021-12-27 11:41:56,928] {spark_submit.py:514} INFO - FutureWarning
[2021-12-27 11:42:00,331] {spark_submit.py:514} INFO - 21/12/27 11:42:00 INFO SharedState: Setting hive.metastore.warehouse.dir ('null') to the value of spark.sql.warehouse.dir.
[2021-12-27 11:42:00,387] {spark_submit.py:514} INFO - 21/12/27 11:42:00 INFO SharedState: Warehouse path is 'file:/opt/***/spark-warehouse'.
[2021-12-27 11:42:11,975] {spark_submit.py:514} INFO - running...
[2021-12-27 11:42:13,360] {spark_submit.py:514} INFO - running...
[2021-12-27 11:42:14,546] {spark_submit.py:514} INFO - running...
[2021-12-27 11:42:15,787] {spark_submit.py:514} INFO - running...
[2021-12-27 11:42:16,790] {spark_submit.py:514} INFO - running...
[2021-12-27 11:42:18,660] {spark_submit.py:514} INFO - running...
[2021-12-27 11:42:20,527] {spark_submit.py:514} INFO - running...
[2021-12-27 11:42:21,522] {spark_submit.py:514} INFO - running...
[2021-12-27 11:42:22,236] {spark_submit.py:514} INFO - running...
[2021-12-27 11:42:24,368] {spark_submit.py:514} INFO - 21/12/27 11:42:24 INFO SparkContext: Invoking stop() from shutdown hook
[2021-12-27 11:42:24,411] {spark_submit.py:514} INFO - 21/12/27 11:42:24 INFO SparkUI: Stopped Spark web UI at http://0c125a5bba95:4047
[2021-12-27 11:42:24,432] {spark_submit.py:514} INFO - 21/12/27 11:42:24 INFO StandaloneSchedulerBackend: Shutting down all executors
[2021-12-27 11:42:24,452] {spark_submit.py:514} INFO - 21/12/27 11:42:24 INFO CoarseGrainedSchedulerBackend$DriverEndpoint: Asking each executor to shut down
[2021-12-27 11:42:24,636] {spark_submit.py:514} INFO - 21/12/27 11:42:24 INFO MapOutputTrackerMasterEndpoint: MapOutputTrackerMasterEndpoint stopped!
[2021-12-27 11:42:24,825] {spark_submit.py:514} INFO - 21/12/27 11:42:24 INFO MemoryStore: MemoryStore cleared
[2021-12-27 11:42:24,830] {spark_submit.py:514} INFO - 21/12/27 11:42:24 INFO BlockManager: BlockManager stopped
[2021-12-27 11:42:24,883] {spark_submit.py:514} INFO - 21/12/27 11:42:24 INFO BlockManagerMaster: BlockManagerMaster stopped
[2021-12-27 11:42:24,899] {spark_submit.py:514} INFO - 21/12/27 11:42:24 INFO OutputCommitCoordinator$OutputCommitCoordinatorEndpoint: OutputCommitCoordinator stopped!
[2021-12-27 11:42:25,013] {spark_submit.py:514} INFO - 21/12/27 11:42:25 INFO SparkContext: Successfully stopped SparkContext
[2021-12-27 11:42:25,016] {spark_submit.py:514} INFO - 21/12/27 11:42:25 INFO ShutdownHookManager: Shutdown hook called
[2021-12-27 11:42:25,020] {spark_submit.py:514} INFO - 21/12/27 11:42:25 INFO ShutdownHookManager: Deleting directory /tmp/spark-6bf09947-20f5-445b-b920-36ab67929a49
[2021-12-27 11:42:25,055] {spark_submit.py:514} INFO - 21/12/27 11:42:25 INFO ShutdownHookManager: Deleting directory /tmp/spark-b7880279-bac3-4088-b307-bad35c9ff904/pyspark-11ee1576-639b-4f68-b430-acd4dd2ed9c3
[2021-12-27 11:42:25,070] {spark_submit.py:514} INFO - 21/12/27 11:42:25 INFO ShutdownHookManager: Deleting directory /tmp/spark-b7880279-bac3-4088-b307-bad35c9ff904
[2021-12-27 11:42:25,498] {taskinstance.py:1280} INFO - Marking task as SUCCESS. dag_id=scraping_daft_roscommon, task_id=scrap_data, execution_date=20211226T104000, start_date=20211227T114011, end_date=20211227T114225
[2021-12-27 11:42:25,628] {local_task_job.py:154} INFO - Task exited with return code 0
[2021-12-27 11:42:25,993] {local_task_job.py:264} INFO - 1 downstream tasks scheduled from follow-on schedule check
