[2021-12-14 02:57:06,017] {taskinstance.py:1035} INFO - Dependencies all met for <TaskInstance: scraping_daft_laois.scrap_data scheduled__2021-12-13T02:45:00+00:00 [queued]>
[2021-12-14 02:57:07,226] {taskinstance.py:1035} INFO - Dependencies all met for <TaskInstance: scraping_daft_laois.scrap_data scheduled__2021-12-13T02:45:00+00:00 [queued]>
[2021-12-14 02:57:07,259] {taskinstance.py:1241} INFO - 
--------------------------------------------------------------------------------
[2021-12-14 02:57:07,273] {taskinstance.py:1242} INFO - Starting attempt 1 of 4
[2021-12-14 02:57:07,294] {taskinstance.py:1243} INFO - 
--------------------------------------------------------------------------------
[2021-12-14 02:57:08,039] {taskinstance.py:1262} INFO - Executing <Task(SparkSubmitOperator): scrap_data> on 2021-12-13 02:45:00+00:00
[2021-12-14 02:57:08,303] {standard_task_runner.py:76} INFO - Running: ['***', 'tasks', 'run', 'scraping_daft_laois', 'scrap_data', 'scheduled__2021-12-13T02:45:00+00:00', '--job-id', '2076', '--raw', '--subdir', 'DAGS_FOLDER/scraping_daft_laois.py', '--cfg-path', '/tmp/tmp79x4e5cn', '--error-file', '/tmp/tmpyf7cvuqn']
[2021-12-14 02:57:08,319] {standard_task_runner.py:77} INFO - Job 2076: Subtask scrap_data
[2021-12-14 02:57:08,256] {standard_task_runner.py:52} INFO - Started process 32005 to run task
[2021-12-14 02:57:11,129] {logging_mixin.py:109} INFO - Running <TaskInstance: scraping_daft_laois.scrap_data scheduled__2021-12-13T02:45:00+00:00 [running]> on host c81f81825bc0
[2021-12-14 02:57:16,239] {taskinstance.py:1429} INFO - Exporting the following env vars:
AIRFLOW_CTX_DAG_EMAIL=clement.liscoet@gmail.com
AIRFLOW_CTX_DAG_OWNER=clemoni
AIRFLOW_CTX_DAG_ID=scraping_daft_laois
AIRFLOW_CTX_TASK_ID=scrap_data
AIRFLOW_CTX_EXECUTION_DATE=2021-12-13T02:45:00+00:00
AIRFLOW_CTX_DAG_RUN_ID=scheduled__2021-12-13T02:45:00+00:00
[2021-12-14 02:57:17,564] {base.py:79} INFO - Using connection to: id: spark_default. Host: spark://spark:7077, Port: None, Schema: , Login: ***, Password: ***, extra: {}
[2021-12-14 02:57:17,656] {spark_submit.py:360} INFO - Spark-Submit cmd: spark-submit --master spark://spark:7077 --conf spark.master=spark://spark:7077 --name scrap data --verbose /opt/***/jobs/get_ads_per_county.py laois
[2021-12-14 02:59:28,376] {spark_submit.py:514} INFO - Using properties file: null
[2021-12-14 02:59:40,062] {spark_submit.py:514} INFO - WARNING: An illegal reflective access operation has occurred
[2021-12-14 02:59:40,067] {spark_submit.py:514} INFO - WARNING: Illegal reflective access by org.apache.spark.unsafe.Platform (file:/home/***/.local/lib/python3.6/site-packages/pyspark/jars/spark-unsafe_2.12-3.2.0.jar) to constructor java.nio.DirectByteBuffer(long,int)
[2021-12-14 02:59:40,082] {spark_submit.py:514} INFO - WARNING: Please consider reporting this to the maintainers of org.apache.spark.unsafe.Platform
[2021-12-14 02:59:40,088] {spark_submit.py:514} INFO - WARNING: Use --illegal-access=warn to enable warnings of further illegal reflective access operations
[2021-12-14 02:59:40,123] {spark_submit.py:514} INFO - WARNING: All illegal access operations will be denied in a future release
[2021-12-14 02:59:46,923] {spark_submit.py:514} INFO - Parsed arguments:
[2021-12-14 02:59:46,960] {spark_submit.py:514} INFO - master                  spark://spark:7077
[2021-12-14 02:59:46,967] {spark_submit.py:514} INFO - deployMode              null
[2021-12-14 02:59:46,976] {spark_submit.py:514} INFO - executorMemory          null
[2021-12-14 02:59:46,980] {spark_submit.py:514} INFO - executorCores           null
[2021-12-14 02:59:46,985] {spark_submit.py:514} INFO - totalExecutorCores      null
[2021-12-14 02:59:47,003] {spark_submit.py:514} INFO - propertiesFile          null
[2021-12-14 02:59:47,022] {spark_submit.py:514} INFO - driverMemory            null
[2021-12-14 02:59:47,026] {spark_submit.py:514} INFO - driverCores             null
[2021-12-14 02:59:47,041] {spark_submit.py:514} INFO - driverExtraClassPath    null
[2021-12-14 02:59:47,046] {spark_submit.py:514} INFO - driverExtraLibraryPath  null
[2021-12-14 02:59:47,059] {spark_submit.py:514} INFO - driverExtraJavaOptions  null
[2021-12-14 02:59:47,078] {spark_submit.py:514} INFO - supervise               false
[2021-12-14 02:59:47,094] {spark_submit.py:514} INFO - queue                   null
[2021-12-14 02:59:47,125] {spark_submit.py:514} INFO - numExecutors            null
[2021-12-14 02:59:47,143] {spark_submit.py:514} INFO - files                   null
[2021-12-14 02:59:47,157] {spark_submit.py:514} INFO - pyFiles                 null
[2021-12-14 02:59:47,167] {spark_submit.py:514} INFO - archives                null
[2021-12-14 02:59:47,185] {spark_submit.py:514} INFO - mainClass               null
[2021-12-14 02:59:47,209] {spark_submit.py:514} INFO - primaryResource         file:/opt/***/jobs/get_ads_per_county.py
[2021-12-14 02:59:47,222] {spark_submit.py:514} INFO - name                    scrap data
[2021-12-14 02:59:47,238] {spark_submit.py:514} INFO - childArgs               [laois]
[2021-12-14 02:59:47,255] {spark_submit.py:514} INFO - jars                    null
[2021-12-14 02:59:47,274] {spark_submit.py:514} INFO - packages                null
[2021-12-14 02:59:47,288] {spark_submit.py:514} INFO - packagesExclusions      null
[2021-12-14 02:59:47,295] {spark_submit.py:514} INFO - repositories            null
[2021-12-14 02:59:47,306] {spark_submit.py:514} INFO - verbose                 true
[2021-12-14 02:59:47,336] {spark_submit.py:514} INFO - 
[2021-12-14 02:59:47,347] {spark_submit.py:514} INFO - Spark properties used, including those specified through
[2021-12-14 02:59:47,361] {spark_submit.py:514} INFO - --conf and those from the properties file null:
[2021-12-14 02:59:47,386] {spark_submit.py:514} INFO - (spark.master,spark://spark:7077)
[2021-12-14 02:59:47,445] {spark_submit.py:514} INFO - 
[2021-12-14 02:59:47,467] {spark_submit.py:514} INFO - 
[2021-12-14 03:00:10,556] {spark_submit.py:514} INFO - Main class:
[2021-12-14 03:00:10,572] {spark_submit.py:514} INFO - org.apache.spark.deploy.PythonRunner
[2021-12-14 03:00:10,602] {spark_submit.py:514} INFO - Arguments:
[2021-12-14 03:00:10,621] {spark_submit.py:514} INFO - file:/opt/***/jobs/get_ads_per_county.py
[2021-12-14 03:00:10,631] {spark_submit.py:514} INFO - null
[2021-12-14 03:00:10,641] {spark_submit.py:514} INFO - laois
[2021-12-14 03:00:10,653] {spark_submit.py:514} INFO - --verbose
[2021-12-14 03:00:11,048] {spark_submit.py:514} INFO - Spark config:
[2021-12-14 03:00:11,093] {spark_submit.py:514} INFO - (spark.app.name,scrap data)
[2021-12-14 03:00:11,109] {spark_submit.py:514} INFO - (spark.master,spark://spark:7077)
[2021-12-14 03:00:11,135] {spark_submit.py:514} INFO - (spark.submit.pyFiles,)
[2021-12-14 03:00:11,145] {spark_submit.py:514} INFO - (spark.submit.deployMode,client)
[2021-12-14 03:00:11,181] {spark_submit.py:514} INFO - Classpath elements:
[2021-12-14 03:00:11,202] {spark_submit.py:514} INFO - 
[2021-12-14 03:00:11,257] {spark_submit.py:514} INFO - 
[2021-12-14 03:00:11,282] {spark_submit.py:514} INFO - 
[2021-12-14 03:01:38,413] {spark_submit.py:514} INFO - Using Spark's default log4j profile: org/apache/spark/log4j-defaults.properties
[2021-12-14 03:01:39,398] {spark_submit.py:514} INFO - 21/12/14 03:01:39 INFO SparkContext: Running Spark version 3.2.0
[2021-12-14 03:01:52,877] {spark_submit.py:514} INFO - 21/12/14 03:01:52 WARN NativeCodeLoader: Unable to load native-hadoop library for your platform... using builtin-java classes where applicable
[2021-12-14 03:02:13,562] {spark_submit.py:514} INFO - 21/12/14 03:02:13 INFO ResourceUtils: ==============================================================
[2021-12-14 03:02:13,702] {spark_submit.py:514} INFO - 21/12/14 03:02:13 INFO ResourceUtils: No custom resources configured for spark.driver.
[2021-12-14 03:02:13,756] {spark_submit.py:514} INFO - 21/12/14 03:02:13 INFO ResourceUtils: ==============================================================
[2021-12-14 03:02:13,789] {spark_submit.py:514} INFO - 21/12/14 03:02:13 INFO SparkContext: Submitted application: Get Ads per county
[2021-12-14 03:02:17,563] {spark_submit.py:514} INFO - 21/12/14 03:02:17 INFO ResourceProfile: Default ResourceProfile created, executor resources: Map(cores -> name: cores, amount: 1, script: , vendor: , memory -> name: memory, amount: 1024, script: , vendor: , offHeap -> name: offHeap, amount: 0, script: , vendor: ), task resources: Map(cpus -> name: cpus, amount: 1.0)
[2021-12-14 03:02:18,446] {spark_submit.py:514} INFO - 21/12/14 03:02:18 INFO ResourceProfile: Limiting resource is cpu
[2021-12-14 03:02:18,457] {spark_submit.py:514} INFO - 21/12/14 03:02:18 INFO ResourceProfileManager: Added ResourceProfile id: 0
[2021-12-14 03:02:24,104] {spark_submit.py:514} INFO - 21/12/14 03:02:24 INFO SecurityManager: Changing view acls to: ***
[2021-12-14 03:02:24,175] {spark_submit.py:514} INFO - 21/12/14 03:02:24 INFO SecurityManager: Changing modify acls to: ***
[2021-12-14 03:02:24,230] {spark_submit.py:514} INFO - 21/12/14 03:02:24 INFO SecurityManager: Changing view acls groups to:
[2021-12-14 03:02:24,279] {spark_submit.py:514} INFO - 21/12/14 03:02:24 INFO SecurityManager: Changing modify acls groups to:
[2021-12-14 03:02:24,351] {spark_submit.py:514} INFO - 21/12/14 03:02:24 INFO SecurityManager: SecurityManager: authentication disabled; ui acls disabled; users  with view permissions: Set(***); groups with view permissions: Set(); users  with modify permissions: Set(***); groups with modify permissions: Set()
[2021-12-14 03:02:59,493] {spark_submit.py:514} INFO - 21/12/14 03:02:59 INFO Utils: Successfully started service 'sparkDriver' on port 45809.
[2021-12-14 03:03:06,450] {spark_submit.py:514} INFO - 21/12/14 03:03:06 INFO SparkEnv: Registering MapOutputTracker
[2021-12-14 03:03:11,512] {spark_submit.py:514} INFO - 21/12/14 03:03:11 INFO SparkEnv: Registering BlockManagerMaster
[2021-12-14 03:03:14,596] {spark_submit.py:514} INFO - 21/12/14 03:03:14 INFO BlockManagerMasterEndpoint: Using org.apache.spark.storage.DefaultTopologyMapper for getting topology information
[2021-12-14 03:03:14,643] {spark_submit.py:514} INFO - 21/12/14 03:03:14 INFO BlockManagerMasterEndpoint: BlockManagerMasterEndpoint up
[2021-12-14 03:03:14,944] {spark_submit.py:514} INFO - 21/12/14 03:03:14 INFO SparkEnv: Registering BlockManagerMasterHeartbeat
[2021-12-14 03:03:15,943] {spark_submit.py:514} INFO - 21/12/14 03:03:15 INFO DiskBlockManager: Created local directory at /tmp/blockmgr-525d1d05-bebe-4d17-949f-fbe86c0ee139
[2021-12-14 03:03:17,557] {spark_submit.py:514} INFO - 21/12/14 03:03:17 INFO MemoryStore: MemoryStore started with capacity 434.4 MiB
[2021-12-14 03:03:20,424] {spark_submit.py:514} INFO - 21/12/14 03:03:20 INFO SparkEnv: Registering OutputCommitCoordinator
[2021-12-14 03:04:03,353] {spark_submit.py:514} INFO - 21/12/14 03:04:03 WARN Utils: Service 'SparkUI' could not bind on port 4040. Attempting port 4041.
[2021-12-14 03:04:03,405] {spark_submit.py:514} INFO - 21/12/14 03:04:03 WARN Utils: Service 'SparkUI' could not bind on port 4041. Attempting port 4042.
[2021-12-14 03:04:03,477] {spark_submit.py:514} INFO - 21/12/14 03:04:03 WARN Utils: Service 'SparkUI' could not bind on port 4042. Attempting port 4043.
[2021-12-14 03:04:03,562] {spark_submit.py:514} INFO - 21/12/14 03:04:03 WARN Utils: Service 'SparkUI' could not bind on port 4043. Attempting port 4044.
[2021-12-14 03:04:04,639] {spark_submit.py:514} INFO - 21/12/14 03:04:04 INFO Utils: Successfully started service 'SparkUI' on port 4044.
[2021-12-14 03:04:15,914] {spark_submit.py:514} INFO - 21/12/14 03:04:15 INFO SparkUI: Bound SparkUI to 0.0.0.0, and started at http://c81f81825bc0:4044
[2021-12-14 03:04:54,281] {spark_submit.py:514} INFO - 21/12/14 03:04:54 INFO StandaloneAppClient$ClientEndpoint: Connecting to master spark://spark:7077...
[2021-12-14 03:04:55,082] {spark_submit.py:514} INFO - 21/12/14 03:04:55 INFO TransportClientFactory: Successfully created connection to spark/172.20.0.4:7077 after 261 ms (0 ms spent in bootstraps)
[2021-12-14 03:04:57,250] {spark_submit.py:514} INFO - 21/12/14 03:04:57 INFO StandaloneSchedulerBackend: Connected to Spark cluster with app ID app-20211214030457-0125
[2021-12-14 03:04:57,305] {spark_submit.py:514} INFO - 21/12/14 03:04:57 INFO Utils: Successfully started service 'org.apache.spark.network.netty.NettyBlockTransferService' on port 33827.
[2021-12-14 03:04:57,307] {spark_submit.py:514} INFO - 21/12/14 03:04:57 INFO NettyBlockTransferService: Server created on c81f81825bc0:33827
[2021-12-14 03:04:57,367] {spark_submit.py:514} INFO - 21/12/14 03:04:57 INFO BlockManager: Using org.apache.spark.storage.RandomBlockReplicationPolicy for block replication policy
[2021-12-14 03:04:57,429] {spark_submit.py:514} INFO - 21/12/14 03:04:57 INFO BlockManagerMaster: Registering BlockManager BlockManagerId(driver, c81f81825bc0, 33827, None)
[2021-12-14 03:04:57,480] {spark_submit.py:514} INFO - 21/12/14 03:04:57 INFO BlockManagerMasterEndpoint: Registering block manager c81f81825bc0:33827 with 434.4 MiB RAM, BlockManagerId(driver, c81f81825bc0, 33827, None)
[2021-12-14 03:04:57,519] {spark_submit.py:514} INFO - 21/12/14 03:04:57 INFO BlockManagerMaster: Registered BlockManager BlockManagerId(driver, c81f81825bc0, 33827, None)
[2021-12-14 03:04:57,524] {spark_submit.py:514} INFO - 21/12/14 03:04:57 INFO BlockManager: Initialized BlockManager: BlockManagerId(driver, c81f81825bc0, 33827, None)
[2021-12-14 03:20:17,815] {spark_submit.py:514} INFO - 21/12/14 03:20:17 INFO AsyncEventQueue: Process of event SparkListenerResourceProfileAdded(Profile: id = 0, executor resources: cores -> name: cores, amount: 1, script: , vendor: ,memory -> name: memory, amount: 1024, script: , vendor: ,offHeap -> name: offHeap, amount: 0, script: , vendor: , task resources: cpus -> name: cpus, amount: 1.0) by listener HeartbeatReceiver took 1.846893s.
[2021-12-14 03:20:18,663] {spark_submit.py:514} INFO - 21/12/14 03:20:18 INFO AsyncEventQueue: Process of event SparkListenerResourceProfileAdded(Profile: id = 0, executor resources: cores -> name: cores, amount: 1, script: , vendor: ,memory -> name: memory, amount: 1024, script: , vendor: ,offHeap -> name: offHeap, amount: 0, script: , vendor: , task resources: cpus -> name: cpus, amount: 1.0) by listener AppStatusListener took 4.6459445s.
[2021-12-14 03:20:21,075] {spark_submit.py:514} INFO - 21/12/14 03:20:21 INFO AsyncEventQueue: Process of event SparkListenerBlockManagerAdded(1639451097463,BlockManagerId(driver, c81f81825bc0, 33827, None),455501414,Some(455501414),Some(0)) by listener AppStatusListener took 2.3494098s.
[2021-12-14 03:20:21,502] {spark_submit.py:514} INFO - 21/12/14 03:20:21 INFO StandaloneSchedulerBackend: SchedulerBackend is ready for scheduling beginning after reached minRegisteredResourcesRatio: 0.0
[2021-12-14 03:20:27,515] {spark_submit.py:514} INFO - /home/***/.local/lib/python3.6/site-packages/pyspark/python/lib/pyspark.zip/pyspark/context.py:238: FutureWarning: Python 3.6 support is deprecated in Spark 3.2.
[2021-12-14 03:20:27,538] {spark_submit.py:514} INFO - FutureWarning
[2021-12-14 04:45:10,281] {spark_submit.py:514} INFO - 21/12/14 04:45:10 INFO SharedState: Setting hive.metastore.warehouse.dir ('null') to the value of spark.sql.warehouse.dir.
[2021-12-14 04:45:17,783] {spark_submit.py:514} INFO - 21/12/14 04:45:17 INFO SharedState: Warehouse path is 'file:/opt/***/spark-warehouse'.
[2021-12-14 04:49:07,409] {spark_submit.py:514} INFO - running...
[2021-12-14 04:49:18,611] {spark_submit.py:514} INFO - running...
[2021-12-14 04:49:29,951] {spark_submit.py:514} INFO - running...
[2021-12-14 04:49:37,811] {spark_submit.py:514} INFO - running...
[2021-12-14 04:49:50,654] {spark_submit.py:514} INFO - running...
[2021-12-14 04:50:06,520] {spark_submit.py:514} INFO - running...
[2021-12-14 04:50:17,431] {spark_submit.py:514} INFO - running...
[2021-12-14 04:51:12,687] {spark_submit.py:514} INFO - running...
[2021-12-14 04:51:22,684] {spark_submit.py:514} INFO - running...
[2021-12-14 04:52:35,663] {spark_submit.py:514} INFO - 21/12/14 04:52:35 INFO SparkContext: Invoking stop() from shutdown hook
[2021-12-14 04:52:38,849] {spark_submit.py:514} INFO - 21/12/14 04:52:38 INFO SparkUI: Stopped Spark web UI at http://c81f81825bc0:4044
[2021-12-14 04:52:39,889] {spark_submit.py:514} INFO - 21/12/14 04:52:39 INFO StandaloneSchedulerBackend: Shutting down all executors
[2021-12-14 04:52:41,610] {spark_submit.py:514} INFO - 21/12/14 04:52:41 INFO CoarseGrainedSchedulerBackend$DriverEndpoint: Asking each executor to shut down
[2021-12-14 04:52:49,647] {spark_submit.py:514} INFO - 21/12/14 04:52:49 INFO MapOutputTrackerMasterEndpoint: MapOutputTrackerMasterEndpoint stopped!
[2021-12-14 04:52:58,076] {spark_submit.py:514} INFO - 21/12/14 04:52:57 INFO MemoryStore: MemoryStore cleared
[2021-12-14 04:52:58,421] {spark_submit.py:514} INFO - 21/12/14 04:52:58 INFO BlockManager: BlockManager stopped
[2021-12-14 04:53:02,687] {spark_submit.py:514} INFO - 21/12/14 04:53:01 INFO BlockManagerMaster: BlockManagerMaster stopped
[2021-12-14 04:53:03,425] {spark_submit.py:514} INFO - 21/12/14 04:53:03 INFO OutputCommitCoordinator$OutputCommitCoordinatorEndpoint: OutputCommitCoordinator stopped!
[2021-12-14 04:53:07,480] {spark_submit.py:514} INFO - 21/12/14 04:53:05 WARN ShutdownHookManager: ShutdownHook '' timeout, java.util.concurrent.TimeoutException
[2021-12-14 04:53:07,484] {spark_submit.py:514} INFO - java.util.concurrent.TimeoutException
[2021-12-14 04:53:07,494] {spark_submit.py:514} INFO - at java.base/java.util.concurrent.FutureTask.get(FutureTask.java:204)
[2021-12-14 04:53:07,498] {spark_submit.py:514} INFO - at org.apache.hadoop.util.ShutdownHookManager.executeShutdown(ShutdownHookManager.java:124)
[2021-12-14 04:53:07,502] {spark_submit.py:514} INFO - at org.apache.hadoop.util.ShutdownHookManager$1.run(ShutdownHookManager.java:95)
[2021-12-14 04:53:07,531] {spark_submit.py:514} INFO - 21/12/14 04:53:06 WARN SparkContext: Ignoring Exception while stopping SparkContext from shutdown hook
[2021-12-14 04:53:07,535] {spark_submit.py:514} INFO - java.lang.InterruptedException
[2021-12-14 04:53:07,546] {spark_submit.py:514} INFO - at java.base/java.util.concurrent.locks.AbstractQueuedSynchronizer.acquireSharedInterruptibly(AbstractQueuedSynchronizer.java:1343)
[2021-12-14 04:53:07,556] {spark_submit.py:514} INFO - at java.base/java.util.concurrent.CountDownLatch.await(CountDownLatch.java:232)
[2021-12-14 04:53:07,560] {spark_submit.py:514} INFO - at org.apache.spark.rpc.netty.Dispatcher.awaitTermination(Dispatcher.scala:211)
[2021-12-14 04:53:07,563] {spark_submit.py:514} INFO - at org.apache.spark.rpc.netty.NettyRpcEnv.awaitTermination(NettyRpcEnv.scala:313)
[2021-12-14 04:53:07,572] {spark_submit.py:514} INFO - at org.apache.spark.SparkEnv.stop(SparkEnv.scala:97)
[2021-12-14 04:53:07,582] {spark_submit.py:514} INFO - at org.apache.spark.SparkContext.$anonfun$stop$23(SparkContext.scala:2126)
[2021-12-14 04:53:07,603] {spark_submit.py:514} INFO - at org.apache.spark.util.Utils$.tryLogNonFatalError(Utils.scala:1442)
[2021-12-14 04:53:07,636] {spark_submit.py:514} INFO - at org.apache.spark.SparkContext.stop(SparkContext.scala:2126)
[2021-12-14 04:53:07,702] {spark_submit.py:514} INFO - at org.apache.spark.SparkContext.$anonfun$new$38(SparkContext.scala:667)
[2021-12-14 04:53:07,761] {spark_submit.py:514} INFO - at org.apache.spark.util.SparkShutdownHook.run(ShutdownHookManager.scala:214)
[2021-12-14 04:53:07,841] {spark_submit.py:514} INFO - at org.apache.spark.util.SparkShutdownHookManager.$anonfun$runAll$2(ShutdownHookManager.scala:188)
[2021-12-14 04:53:07,902] {spark_submit.py:514} INFO - at scala.runtime.java8.JFunction0$mcV$sp.apply(JFunction0$mcV$sp.java:23)
[2021-12-14 04:53:08,017] {spark_submit.py:514} INFO - at org.apache.spark.util.Utils$.logUncaughtExceptions(Utils.scala:2019)
[2021-12-14 04:53:08,087] {spark_submit.py:514} INFO - at org.apache.spark.util.SparkShutdownHookManager.$anonfun$runAll$1(ShutdownHookManager.scala:188)
[2021-12-14 04:53:08,153] {spark_submit.py:514} INFO - at scala.runtime.java8.JFunction0$mcV$sp.apply(JFunction0$mcV$sp.java:23)
[2021-12-14 04:53:08,221] {spark_submit.py:514} INFO - at scala.util.Try$.apply(Try.scala:213)
[2021-12-14 04:53:08,405] {spark_submit.py:514} INFO - at org.apache.spark.util.SparkShutdownHookManager.runAll(ShutdownHookManager.scala:188)
[2021-12-14 04:53:08,531] {spark_submit.py:514} INFO - at org.apache.spark.util.SparkShutdownHookManager$$anon$2.run(ShutdownHookManager.scala:178)
[2021-12-14 04:53:08,733] {spark_submit.py:514} INFO - at java.base/java.util.concurrent.Executors$RunnableAdapter.call(Executors.java:515)
[2021-12-14 04:53:08,814] {spark_submit.py:514} INFO - at java.base/java.util.concurrent.FutureTask.run(FutureTask.java:264)
[2021-12-14 04:53:08,840] {spark_submit.py:514} INFO - at java.base/java.util.concurrent.ThreadPoolExecutor.runWorker(ThreadPoolExecutor.java:1128)
[2021-12-14 04:53:08,869] {spark_submit.py:514} INFO - at java.base/java.util.concurrent.ThreadPoolExecutor$Worker.run(ThreadPoolExecutor.java:628)
[2021-12-14 04:53:08,873] {spark_submit.py:514} INFO - at java.base/java.lang.Thread.run(Thread.java:829)
[2021-12-14 04:53:08,878] {spark_submit.py:514} INFO - 21/12/14 04:53:07 INFO ShutdownHookManager: Shutdown hook called
[2021-12-14 04:53:08,882] {spark_submit.py:514} INFO - 21/12/14 04:53:08 INFO ShutdownHookManager: Deleting directory /tmp/spark-8fb8f63c-baf2-45e3-87be-1b380ceafaad/userFiles-64dca18e-3336-49c3-8ef1-907b8dad9421
[2021-12-14 04:53:08,887] {spark_submit.py:514} INFO - 21/12/14 04:53:08 INFO ShutdownHookManager: Deleting directory /tmp/spark-cde8f04b-6519-4ee6-af48-b132977dd37c
[2021-12-14 04:53:10,469] {spark_submit.py:514} INFO - 21/12/14 04:53:10 INFO ShutdownHookManager: Deleting directory /tmp/spark-8fb8f63c-baf2-45e3-87be-1b380ceafaad/pyspark-28091d24-19c2-48c1-9d58-efa12bf77500
[2021-12-14 04:53:10,590] {spark_submit.py:514} INFO - 21/12/14 04:53:10 INFO ShutdownHookManager: Deleting directory /tmp/spark-8fb8f63c-baf2-45e3-87be-1b380ceafaad
[2021-12-14 04:53:31,755] {taskinstance.py:1280} INFO - Marking task as SUCCESS. dag_id=scraping_daft_laois, task_id=scrap_data, execution_date=20211213T024500, start_date=20211214T025706, end_date=20211214T045331
[2021-12-14 04:53:38,363] {local_task_job.py:212} WARNING - State of this instance has been externally set to success. Terminating instance.
[2021-12-14 04:53:40,449] {process_utils.py:100} INFO - Sending Signals.SIGTERM to GPID 32005
[2021-12-14 04:53:40,738] {process_utils.py:66} INFO - Process psutil.Process(pid=32005, status='terminated', exitcode=0, started='02:57:07') (32005) terminated with exit code 0
