[2021-12-08 10:16:37,168] {taskinstance.py:1035} INFO - Dependencies all met for <TaskInstance: scraping_daft_leitrim.scrap_data scheduled__2021-12-07T03:00:00+00:00 [queued]>
[2021-12-08 10:16:37,245] {taskinstance.py:1035} INFO - Dependencies all met for <TaskInstance: scraping_daft_leitrim.scrap_data scheduled__2021-12-07T03:00:00+00:00 [queued]>
[2021-12-08 10:16:37,246] {taskinstance.py:1241} INFO - 
--------------------------------------------------------------------------------
[2021-12-08 10:16:37,246] {taskinstance.py:1242} INFO - Starting attempt 1 of 3
[2021-12-08 10:16:37,247] {taskinstance.py:1243} INFO - 
--------------------------------------------------------------------------------
[2021-12-08 10:16:37,312] {taskinstance.py:1262} INFO - Executing <Task(SparkSubmitOperator): scrap_data> on 2021-12-07 03:00:00+00:00
[2021-12-08 10:16:37,416] {standard_task_runner.py:76} INFO - Running: ['***', 'tasks', 'run', 'scraping_daft_leitrim', 'scrap_data', 'scheduled__2021-12-07T03:00:00+00:00', '--job-id', '619', '--raw', '--subdir', 'DAGS_FOLDER/scraping_daft_leitrim.py', '--cfg-path', '/tmp/tmptx_uc8if', '--error-file', '/tmp/tmpr3d0w2ko']
[2021-12-08 10:16:37,422] {standard_task_runner.py:77} INFO - Job 619: Subtask scrap_data
[2021-12-08 10:16:37,376] {standard_task_runner.py:52} INFO - Started process 149 to run task
[2021-12-08 10:16:38,418] {logging_mixin.py:109} INFO - Running <TaskInstance: scraping_daft_leitrim.scrap_data scheduled__2021-12-07T03:00:00+00:00 [running]> on host 041e6f8654c3
[2021-12-08 10:16:39,501] {taskinstance.py:1429} INFO - Exporting the following env vars:
AIRFLOW_CTX_DAG_EMAIL=***@example.com
AIRFLOW_CTX_DAG_OWNER=clemoni
AIRFLOW_CTX_DAG_ID=scraping_daft_leitrim
AIRFLOW_CTX_TASK_ID=scrap_data
AIRFLOW_CTX_EXECUTION_DATE=2021-12-07T03:00:00+00:00
AIRFLOW_CTX_DAG_RUN_ID=scheduled__2021-12-07T03:00:00+00:00
[2021-12-08 10:16:40,413] {base.py:79} INFO - Using connection to: id: spark_default. Host: spark://spark:7077, Port: None, Schema: , Login: ***, Password: ***, extra: {}
[2021-12-08 10:16:40,504] {spark_submit.py:362} INFO - Spark-Submit cmd: spark-submit --master spark://spark:7077 --conf spark.master=spark://spark:7077 --name scrap data --verbose /opt/***/jobs/get_ads_per_county.py leitrim
[2021-12-08 10:17:33,822] {spark_submit.py:523} INFO - Using properties file: null
[2021-12-08 10:17:38,140] {spark_submit.py:523} INFO - WARNING: An illegal reflective access operation has occurred
[2021-12-08 10:17:38,170] {spark_submit.py:523} INFO - WARNING: Illegal reflective access by org.apache.spark.unsafe.Platform (file:/home/***/.local/lib/python3.6/site-packages/pyspark/jars/spark-unsafe_2.12-3.2.0.jar) to constructor java.nio.DirectByteBuffer(long,int)
[2021-12-08 10:17:38,172] {spark_submit.py:523} INFO - WARNING: Please consider reporting this to the maintainers of org.apache.spark.unsafe.Platform
[2021-12-08 10:17:38,173] {spark_submit.py:523} INFO - WARNING: Use --illegal-access=warn to enable warnings of further illegal reflective access operations
[2021-12-08 10:17:38,174] {spark_submit.py:523} INFO - WARNING: All illegal access operations will be denied in a future release
[2021-12-08 10:17:43,794] {spark_submit.py:523} INFO - Parsed arguments:
[2021-12-08 10:17:43,798] {spark_submit.py:523} INFO - master                  spark://spark:7077
[2021-12-08 10:17:43,800] {spark_submit.py:523} INFO - deployMode              null
[2021-12-08 10:17:43,801] {spark_submit.py:523} INFO - executorMemory          null
[2021-12-08 10:17:43,803] {spark_submit.py:523} INFO - executorCores           null
[2021-12-08 10:17:43,806] {spark_submit.py:523} INFO - totalExecutorCores      null
[2021-12-08 10:17:43,808] {spark_submit.py:523} INFO - propertiesFile          null
[2021-12-08 10:17:43,811] {spark_submit.py:523} INFO - driverMemory            null
[2021-12-08 10:17:43,814] {spark_submit.py:523} INFO - driverCores             null
[2021-12-08 10:17:43,816] {spark_submit.py:523} INFO - driverExtraClassPath    null
[2021-12-08 10:17:43,819] {spark_submit.py:523} INFO - driverExtraLibraryPath  null
[2021-12-08 10:17:43,823] {spark_submit.py:523} INFO - driverExtraJavaOptions  null
[2021-12-08 10:17:43,824] {spark_submit.py:523} INFO - supervise               false
[2021-12-08 10:17:43,829] {spark_submit.py:523} INFO - queue                   null
[2021-12-08 10:17:43,831] {spark_submit.py:523} INFO - numExecutors            null
[2021-12-08 10:17:43,838] {spark_submit.py:523} INFO - files                   null
[2021-12-08 10:17:43,844] {spark_submit.py:523} INFO - pyFiles                 null
[2021-12-08 10:17:43,846] {spark_submit.py:523} INFO - archives                null
[2021-12-08 10:17:43,849] {spark_submit.py:523} INFO - mainClass               null
[2021-12-08 10:17:43,852] {spark_submit.py:523} INFO - primaryResource         file:/opt/***/jobs/get_ads_per_county.py
[2021-12-08 10:17:43,859] {spark_submit.py:523} INFO - name                    scrap data
[2021-12-08 10:17:43,862] {spark_submit.py:523} INFO - childArgs               [leitrim]
[2021-12-08 10:17:43,875] {spark_submit.py:523} INFO - jars                    null
[2021-12-08 10:17:43,890] {spark_submit.py:523} INFO - packages                null
[2021-12-08 10:17:43,907] {spark_submit.py:523} INFO - packagesExclusions      null
[2021-12-08 10:17:43,935] {spark_submit.py:523} INFO - repositories            null
[2021-12-08 10:17:44,041] {spark_submit.py:523} INFO - verbose                 true
[2021-12-08 10:17:44,047] {spark_submit.py:523} INFO - 
[2021-12-08 10:17:44,082] {spark_submit.py:523} INFO - Spark properties used, including those specified through
[2021-12-08 10:17:44,092] {spark_submit.py:523} INFO - --conf and those from the properties file null:
[2021-12-08 10:17:44,097] {spark_submit.py:523} INFO - (spark.master,spark://spark:7077)
[2021-12-08 10:17:44,119] {spark_submit.py:523} INFO - 
[2021-12-08 10:17:44,125] {spark_submit.py:523} INFO - 
[2021-12-08 10:18:02,140] {spark_submit.py:523} INFO - Main class:
[2021-12-08 10:18:02,148] {spark_submit.py:523} INFO - org.apache.spark.deploy.PythonRunner
[2021-12-08 10:18:02,151] {spark_submit.py:523} INFO - Arguments:
[2021-12-08 10:18:02,152] {spark_submit.py:523} INFO - file:/opt/***/jobs/get_ads_per_county.py
[2021-12-08 10:18:02,153] {spark_submit.py:523} INFO - null
[2021-12-08 10:18:02,154] {spark_submit.py:523} INFO - leitrim
[2021-12-08 10:18:02,155] {spark_submit.py:523} INFO - --verbose
[2021-12-08 10:18:02,260] {spark_submit.py:523} INFO - Spark config:
[2021-12-08 10:18:02,263] {spark_submit.py:523} INFO - (spark.app.name,scrap data)
[2021-12-08 10:18:02,264] {spark_submit.py:523} INFO - (spark.master,spark://spark:7077)
[2021-12-08 10:18:02,268] {spark_submit.py:523} INFO - (spark.submit.pyFiles,)
[2021-12-08 10:18:02,271] {spark_submit.py:523} INFO - (spark.submit.deployMode,client)
[2021-12-08 10:18:02,303] {spark_submit.py:523} INFO - Classpath elements:
[2021-12-08 10:18:02,305] {spark_submit.py:523} INFO - 
[2021-12-08 10:18:02,344] {spark_submit.py:523} INFO - 
[2021-12-08 10:18:02,349] {spark_submit.py:523} INFO - 
[2021-12-08 10:19:25,586] {spark_submit.py:523} INFO - Using Spark's default log4j profile: org/apache/spark/log4j-defaults.properties
[2021-12-08 10:19:25,686] {spark_submit.py:523} INFO - 21/12/08 10:19:25 INFO SparkContext: Running Spark version 3.2.0
[2021-12-08 10:19:43,333] {spark_submit.py:523} INFO - 21/12/08 10:19:43 WARN NativeCodeLoader: Unable to load native-hadoop library for your platform... using builtin-java classes where applicable
[2021-12-08 10:19:55,140] {spark_submit.py:523} INFO - 21/12/08 10:19:55 INFO ResourceUtils: ==============================================================
[2021-12-08 10:19:55,441] {spark_submit.py:523} INFO - 21/12/08 10:19:55 INFO ResourceUtils: No custom resources configured for spark.driver.
[2021-12-08 10:19:55,454] {spark_submit.py:523} INFO - 21/12/08 10:19:55 INFO ResourceUtils: ==============================================================
[2021-12-08 10:19:55,474] {spark_submit.py:523} INFO - 21/12/08 10:19:55 INFO SparkContext: Submitted application: Get Ads per county
[2021-12-08 10:19:56,729] {spark_submit.py:523} INFO - 21/12/08 10:19:56 INFO ResourceProfile: Default ResourceProfile created, executor resources: Map(cores -> name: cores, amount: 1, script: , vendor: , memory -> name: memory, amount: 1024, script: , vendor: , offHeap -> name: offHeap, amount: 0, script: , vendor: ), task resources: Map(cpus -> name: cpus, amount: 1.0)
[2021-12-08 10:19:58,300] {spark_submit.py:523} INFO - 21/12/08 10:19:58 INFO ResourceProfile: Limiting resource is cpu
[2021-12-08 10:19:58,403] {spark_submit.py:523} INFO - 21/12/08 10:19:58 INFO ResourceProfileManager: Added ResourceProfile id: 0
[2021-12-08 10:20:09,103] {spark_submit.py:523} INFO - 21/12/08 10:20:08 INFO SecurityManager: Changing view acls to: ***
[2021-12-08 10:20:09,124] {spark_submit.py:523} INFO - 21/12/08 10:20:09 INFO SecurityManager: Changing modify acls to: ***
[2021-12-08 10:20:09,168] {spark_submit.py:523} INFO - 21/12/08 10:20:09 INFO SecurityManager: Changing view acls groups to:
[2021-12-08 10:20:09,310] {spark_submit.py:523} INFO - 21/12/08 10:20:09 INFO SecurityManager: Changing modify acls groups to:
[2021-12-08 10:20:09,401] {spark_submit.py:523} INFO - 21/12/08 10:20:09 INFO SecurityManager: SecurityManager: authentication disabled; ui acls disabled; users  with view permissions: Set(***); groups with view permissions: Set(); users  with modify permissions: Set(***); groups with modify permissions: Set()
[2021-12-08 10:20:49,758] {spark_submit.py:523} INFO - 21/12/08 10:20:49 INFO Utils: Successfully started service 'sparkDriver' on port 34699.
[2021-12-08 10:21:01,487] {spark_submit.py:523} INFO - 21/12/08 10:21:01 INFO SparkEnv: Registering MapOutputTracker
[2021-12-08 10:21:12,359] {spark_submit.py:523} INFO - 21/12/08 10:21:12 INFO SparkEnv: Registering BlockManagerMaster
[2021-12-08 10:21:19,316] {spark_submit.py:523} INFO - 21/12/08 10:21:19 INFO BlockManagerMasterEndpoint: Using org.apache.spark.storage.DefaultTopologyMapper for getting topology information
[2021-12-08 10:21:19,386] {spark_submit.py:523} INFO - 21/12/08 10:21:19 INFO BlockManagerMasterEndpoint: BlockManagerMasterEndpoint up
[2021-12-08 10:21:25,531] {spark_submit.py:523} INFO - 21/12/08 10:21:25 INFO SparkEnv: Registering BlockManagerMasterHeartbeat
[2021-12-08 10:21:38,623] {spark_submit.py:523} INFO - 21/12/08 10:21:38 INFO DiskBlockManager: Created local directory at /tmp/blockmgr-61262fe9-ae69-4ab4-9a21-eeac217d39c5
[2021-12-08 10:21:48,618] {spark_submit.py:523} INFO - 21/12/08 10:21:48 INFO MemoryStore: MemoryStore started with capacity 434.4 MiB
[2021-12-08 10:22:05,312] {spark_submit.py:523} INFO - 21/12/08 10:22:05 INFO SparkEnv: Registering OutputCommitCoordinator
[2021-12-08 10:24:10,535] {spark_submit.py:523} INFO - 21/12/08 10:24:10 WARN Utils: Service 'SparkUI' could not bind on port 4040. Attempting port 4041.
[2021-12-08 10:24:11,140] {spark_submit.py:523} INFO - 21/12/08 10:24:11 WARN Utils: Service 'SparkUI' could not bind on port 4041. Attempting port 4042.
[2021-12-08 10:24:11,145] {spark_submit.py:523} INFO - 21/12/08 10:24:11 WARN Utils: Service 'SparkUI' could not bind on port 4042. Attempting port 4043.
[2021-12-08 10:24:11,147] {spark_submit.py:523} INFO - 21/12/08 10:24:11 WARN Utils: Service 'SparkUI' could not bind on port 4043. Attempting port 4044.
[2021-12-08 10:24:11,152] {spark_submit.py:523} INFO - 21/12/08 10:24:11 WARN Utils: Service 'SparkUI' could not bind on port 4044. Attempting port 4045.
[2021-12-08 10:24:11,157] {spark_submit.py:523} INFO - 21/12/08 10:24:11 WARN Utils: Service 'SparkUI' could not bind on port 4045. Attempting port 4046.
[2021-12-08 10:24:11,158] {spark_submit.py:523} INFO - 21/12/08 10:24:11 WARN Utils: Service 'SparkUI' could not bind on port 4046. Attempting port 4047.
[2021-12-08 10:24:42,307] {spark_submit.py:523} INFO - 21/12/08 10:24:42 INFO Utils: Successfully started service 'SparkUI' on port 4047.
[2021-12-08 10:25:48,736] {spark_submit.py:523} INFO - 21/12/08 10:25:48 INFO SparkUI: Bound SparkUI to 0.0.0.0, and started at http://041e6f8654c3:4047
[2021-12-08 10:27:51,988] {spark_submit.py:523} INFO - 21/12/08 10:27:51 INFO StandaloneAppClient$ClientEndpoint: Connecting to master spark://spark:7077...
[2021-12-08 10:28:08,528] {spark_submit.py:523} INFO - 21/12/08 10:28:07 INFO TransportClientFactory: Successfully created connection to spark/172.31.0.9:7077 after 6475 ms (72 ms spent in bootstraps)
[2021-12-08 10:28:13,705] {spark_submit.py:523} INFO - 21/12/08 10:28:13 INFO StandaloneSchedulerBackend: Connected to Spark cluster with app ID app-20211208102812-0005
[2021-12-08 10:28:15,402] {spark_submit.py:523} INFO - 21/12/08 10:28:15 INFO Utils: Successfully started service 'org.apache.spark.network.netty.NettyBlockTransferService' on port 37863.
[2021-12-08 10:28:15,406] {spark_submit.py:523} INFO - 21/12/08 10:28:15 INFO NettyBlockTransferService: Server created on 041e6f8654c3:37863
[2021-12-08 10:28:15,458] {spark_submit.py:523} INFO - 21/12/08 10:28:15 INFO BlockManager: Using org.apache.spark.storage.RandomBlockReplicationPolicy for block replication policy
[2021-12-08 10:28:16,290] {spark_submit.py:523} INFO - 21/12/08 10:28:16 INFO BlockManagerMaster: Registering BlockManager BlockManagerId(driver, 041e6f8654c3, 37863, None)
[2021-12-08 10:28:16,441] {spark_submit.py:523} INFO - 21/12/08 10:28:16 INFO BlockManagerMasterEndpoint: Registering block manager 041e6f8654c3:37863 with 434.4 MiB RAM, BlockManagerId(driver, 041e6f8654c3, 37863, None)
[2021-12-08 10:28:16,453] {spark_submit.py:523} INFO - 21/12/08 10:28:16 INFO BlockManagerMaster: Registered BlockManager BlockManagerId(driver, 041e6f8654c3, 37863, None)
[2021-12-08 10:28:16,511] {spark_submit.py:523} INFO - 21/12/08 10:28:16 INFO BlockManager: Initialized BlockManager: BlockManagerId(driver, 041e6f8654c3, 37863, None)
[2021-12-08 10:28:23,923] {spark_submit.py:523} INFO - 21/12/08 10:28:23 INFO StandaloneSchedulerBackend: SchedulerBackend is ready for scheduling beginning after reached minRegisteredResourcesRatio: 0.0
[2021-12-08 10:28:26,658] {spark_submit.py:523} INFO - 21/12/08 10:28:26 INFO AsyncEventQueue: Process of event SparkListenerBlockManagerAdded(1638959296347,BlockManagerId(driver, 041e6f8654c3, 37863, None),455501414,Some(455501414),Some(0)) by listener AppStatusListener took 2.37507492s.
[2021-12-08 10:28:27,138] {spark_submit.py:523} INFO - /home/***/.local/lib/python3.6/site-packages/pyspark/python/lib/pyspark.zip/pyspark/context.py:238: FutureWarning: Python 3.6 support is deprecated in Spark 3.2.
[2021-12-08 10:28:27,145] {spark_submit.py:523} INFO - FutureWarning
[2021-12-08 10:28:31,080] {spark_submit.py:523} INFO - 21/12/08 10:28:31 INFO SharedState: Setting hive.metastore.warehouse.dir ('null') to the value of spark.sql.warehouse.dir.
[2021-12-08 10:28:31,338] {spark_submit.py:523} INFO - 21/12/08 10:28:31 INFO SharedState: Warehouse path is 'file:/opt/***/spark-warehouse'.
[2021-12-08 10:28:56,982] {spark_submit.py:523} INFO - running...
[2021-12-08 10:29:01,241] {spark_submit.py:523} INFO - running...
[2021-12-08 10:29:05,424] {spark_submit.py:523} INFO - running...
[2021-12-08 10:29:09,545] {spark_submit.py:523} INFO - running...
[2021-12-08 10:29:11,297] {spark_submit.py:523} INFO - running...
[2021-12-08 10:29:13,441] {spark_submit.py:523} INFO - running...
[2021-12-08 10:29:15,510] {spark_submit.py:523} INFO - running...
[2021-12-08 10:29:21,579] {spark_submit.py:523} INFO - running...
[2021-12-08 10:29:23,667] {spark_submit.py:523} INFO - running...
[2021-12-08 10:29:26,301] {spark_submit.py:523} INFO - running...
[2021-12-08 10:29:28,678] {spark_submit.py:523} INFO - running...
[2021-12-08 10:29:36,115] {spark_submit.py:523} INFO - 21/12/08 10:29:36 INFO SparkContext: Invoking stop() from shutdown hook
[2021-12-08 10:29:36,135] {spark_submit.py:523} INFO - 21/12/08 10:29:36 INFO SparkUI: Stopped Spark web UI at http://041e6f8654c3:4047
[2021-12-08 10:29:36,143] {spark_submit.py:523} INFO - 21/12/08 10:29:36 INFO StandaloneSchedulerBackend: Shutting down all executors
[2021-12-08 10:29:36,150] {spark_submit.py:523} INFO - 21/12/08 10:29:36 INFO CoarseGrainedSchedulerBackend$DriverEndpoint: Asking each executor to shut down
[2021-12-08 10:29:36,202] {spark_submit.py:523} INFO - 21/12/08 10:29:36 INFO MapOutputTrackerMasterEndpoint: MapOutputTrackerMasterEndpoint stopped!
[2021-12-08 10:29:36,236] {spark_submit.py:523} INFO - 21/12/08 10:29:36 INFO MemoryStore: MemoryStore cleared
[2021-12-08 10:29:36,237] {spark_submit.py:523} INFO - 21/12/08 10:29:36 INFO BlockManager: BlockManager stopped
[2021-12-08 10:29:36,254] {spark_submit.py:523} INFO - 21/12/08 10:29:36 INFO BlockManagerMaster: BlockManagerMaster stopped
[2021-12-08 10:29:36,259] {spark_submit.py:523} INFO - 21/12/08 10:29:36 INFO OutputCommitCoordinator$OutputCommitCoordinatorEndpoint: OutputCommitCoordinator stopped!
[2021-12-08 10:29:36,286] {spark_submit.py:523} INFO - 21/12/08 10:29:36 INFO SparkContext: Successfully stopped SparkContext
[2021-12-08 10:29:36,287] {spark_submit.py:523} INFO - 21/12/08 10:29:36 INFO ShutdownHookManager: Shutdown hook called
[2021-12-08 10:29:36,289] {spark_submit.py:523} INFO - 21/12/08 10:29:36 INFO ShutdownHookManager: Deleting directory /tmp/spark-d0c850fa-ae7c-4840-87b3-3b2af6fc8db6/pyspark-9e56ad6c-330a-40ca-970a-145b712701d3
[2021-12-08 10:29:36,295] {spark_submit.py:523} INFO - 21/12/08 10:29:36 INFO ShutdownHookManager: Deleting directory /tmp/spark-d0c850fa-ae7c-4840-87b3-3b2af6fc8db6
[2021-12-08 10:29:36,302] {spark_submit.py:523} INFO - 21/12/08 10:29:36 INFO ShutdownHookManager: Deleting directory /tmp/spark-07ac7ea5-c564-4d18-9345-2821d8905efc
[2021-12-08 10:29:37,456] {taskinstance.py:1280} INFO - Marking task as SUCCESS. dag_id=scraping_daft_leitrim, task_id=scrap_data, execution_date=20211207T030000, start_date=20211208T101637, end_date=20211208T102937
[2021-12-08 10:29:37,641] {local_task_job.py:154} INFO - Task exited with return code 0
[2021-12-08 10:29:38,012] {local_task_job.py:264} INFO - 1 downstream tasks scheduled from follow-on schedule check
