[2021-12-29 12:03:13,106] {taskinstance.py:1035} INFO - Dependencies all met for <TaskInstance: scraping_daft_westmeath.run_init_county scheduled__2021-12-28T11:00:00+00:00 [queued]>
[2021-12-29 12:03:13,229] {taskinstance.py:1035} INFO - Dependencies all met for <TaskInstance: scraping_daft_westmeath.run_init_county scheduled__2021-12-28T11:00:00+00:00 [queued]>
[2021-12-29 12:03:13,242] {taskinstance.py:1241} INFO - 
--------------------------------------------------------------------------------
[2021-12-29 12:03:13,245] {taskinstance.py:1242} INFO - Starting attempt 2 of 4
[2021-12-29 12:03:13,249] {taskinstance.py:1243} INFO - 
--------------------------------------------------------------------------------
[2021-12-29 12:03:13,368] {taskinstance.py:1262} INFO - Executing <Task(_PythonDecoratedOperator): run_init_county> on 2021-12-28 11:00:00+00:00
[2021-12-29 12:03:13,402] {standard_task_runner.py:52} INFO - Started process 27185 to run task
[2021-12-29 12:03:13,498] {standard_task_runner.py:76} INFO - Running: ['***', 'tasks', 'run', 'scraping_daft_westmeath', 'run_init_county', 'scheduled__2021-12-28T11:00:00+00:00', '--job-id', '5347', '--raw', '--subdir', 'DAGS_FOLDER/scraping_daft_westmeath.py', '--cfg-path', '/tmp/tmph_tx53z1', '--error-file', '/tmp/tmp4pp6f9dx']
[2021-12-29 12:03:13,535] {standard_task_runner.py:77} INFO - Job 5347: Subtask run_init_county
[2021-12-29 12:03:14,306] {logging_mixin.py:109} INFO - Running <TaskInstance: scraping_daft_westmeath.run_init_county scheduled__2021-12-28T11:00:00+00:00 [running]> on host 6bdda4c19a85
[2021-12-29 12:03:15,119] {taskinstance.py:1429} INFO - Exporting the following env vars:
AIRFLOW_CTX_DAG_EMAIL=clement.liscoet@gmail.com
AIRFLOW_CTX_DAG_OWNER=clemoni
AIRFLOW_CTX_DAG_ID=scraping_daft_westmeath
AIRFLOW_CTX_TASK_ID=run_init_county
AIRFLOW_CTX_EXECUTION_DATE=2021-12-28T11:00:00+00:00
AIRFLOW_CTX_DAG_RUN_ID=scheduled__2021-12-28T11:00:00+00:00
[2021-12-29 12:03:15,221] {python.py:152} INFO - Done. Returned value was: None
[2021-12-29 12:03:15,947] {taskinstance.py:1280} INFO - Marking task as SUCCESS. dag_id=scraping_daft_westmeath, task_id=run_init_county, execution_date=20211228T110000, start_date=20211229T120313, end_date=20211229T120315
[2021-12-29 12:03:16,153] {local_task_job.py:154} INFO - Task exited with return code 0
[2021-12-29 12:03:17,081] {local_task_job.py:264} INFO - 1 downstream tasks scheduled from follow-on schedule check
