[2021-12-10 08:42:44,029] {taskinstance.py:1035} INFO - Dependencies all met for <TaskInstance: scraping_daft_kildare.run_init_county scheduled__2021-12-09T02:15:00+00:00 [queued]>
[2021-12-10 08:42:44,192] {taskinstance.py:1035} INFO - Dependencies all met for <TaskInstance: scraping_daft_kildare.run_init_county scheduled__2021-12-09T02:15:00+00:00 [queued]>
[2021-12-10 08:42:44,196] {taskinstance.py:1241} INFO - 
--------------------------------------------------------------------------------
[2021-12-10 08:42:44,203] {taskinstance.py:1242} INFO - Starting attempt 1 of 3
[2021-12-10 08:42:44,215] {taskinstance.py:1243} INFO - 
--------------------------------------------------------------------------------
[2021-12-10 08:42:44,544] {taskinstance.py:1262} INFO - Executing <Task(_PythonDecoratedOperator): run_init_county> on 2021-12-09 02:15:00+00:00
[2021-12-10 08:42:44,684] {standard_task_runner.py:76} INFO - Running: ['***', 'tasks', 'run', 'scraping_daft_kildare', 'run_init_county', 'scheduled__2021-12-09T02:15:00+00:00', '--job-id', '921', '--raw', '--subdir', 'DAGS_FOLDER/scraping_daft_kildare.py', '--cfg-path', '/tmp/tmp1z1pyzki', '--error-file', '/tmp/tmplyo1rgis']
[2021-12-10 08:42:44,696] {standard_task_runner.py:77} INFO - Job 921: Subtask run_init_county
[2021-12-10 08:42:44,664] {standard_task_runner.py:52} INFO - Started process 24650 to run task
[2021-12-10 08:42:45,326] {logging_mixin.py:109} INFO - Running <TaskInstance: scraping_daft_kildare.run_init_county scheduled__2021-12-09T02:15:00+00:00 [running]> on host 041e6f8654c3
[2021-12-10 08:42:46,149] {taskinstance.py:1429} INFO - Exporting the following env vars:
AIRFLOW_CTX_DAG_EMAIL=***@example.com
AIRFLOW_CTX_DAG_OWNER=clemoni
AIRFLOW_CTX_DAG_ID=scraping_daft_kildare
AIRFLOW_CTX_TASK_ID=run_init_county
AIRFLOW_CTX_EXECUTION_DATE=2021-12-09T02:15:00+00:00
AIRFLOW_CTX_DAG_RUN_ID=scheduled__2021-12-09T02:15:00+00:00
[2021-12-10 08:42:46,360] {python.py:152} INFO - Done. Returned value was: None
[2021-12-10 08:42:46,798] {taskinstance.py:1280} INFO - Marking task as SUCCESS. dag_id=scraping_daft_kildare, task_id=run_init_county, execution_date=20211209T021500, start_date=20211210T084244, end_date=20211210T084246
[2021-12-10 08:42:47,167] {local_task_job.py:154} INFO - Task exited with return code 0
[2021-12-10 08:42:48,293] {local_task_job.py:264} INFO - 1 downstream tasks scheduled from follow-on schedule check
