[2021-12-19 12:41:38,775] {taskinstance.py:1035} INFO - Dependencies all met for <TaskInstance: scraping_daft_kilkenny.scrap_data scheduled__2021-12-18T09:50:00+00:00 [queued]>
[2021-12-19 12:41:39,100] {taskinstance.py:1035} INFO - Dependencies all met for <TaskInstance: scraping_daft_kilkenny.scrap_data scheduled__2021-12-18T09:50:00+00:00 [queued]>
[2021-12-19 12:41:39,117] {taskinstance.py:1241} INFO - 
--------------------------------------------------------------------------------
[2021-12-19 12:41:39,131] {taskinstance.py:1242} INFO - Starting attempt 2 of 4
[2021-12-19 12:41:39,144] {taskinstance.py:1243} INFO - 
--------------------------------------------------------------------------------
[2021-12-19 12:41:39,332] {taskinstance.py:1262} INFO - Executing <Task(SparkSubmitOperator): scrap_data> on 2021-12-18 09:50:00+00:00
[2021-12-19 12:41:39,421] {standard_task_runner.py:52} INFO - Started process 5825 to run task
[2021-12-19 12:41:39,755] {standard_task_runner.py:76} INFO - Running: ['***', 'tasks', 'run', 'scraping_daft_kilkenny', 'scrap_data', 'scheduled__2021-12-18T09:50:00+00:00', '--job-id', '3220', '--raw', '--subdir', 'DAGS_FOLDER/scraping_daft_kilkenny.py', '--cfg-path', '/tmp/tmp_l7blli6', '--error-file', '/tmp/tmp96rqfj1q']
[2021-12-19 12:41:39,759] {standard_task_runner.py:77} INFO - Job 3220: Subtask scrap_data
[2021-12-19 12:41:40,565] {logging_mixin.py:109} INFO - Running <TaskInstance: scraping_daft_kilkenny.scrap_data scheduled__2021-12-18T09:50:00+00:00 [running]> on host 358a7891c658
[2021-12-19 12:41:42,431] {taskinstance.py:1429} INFO - Exporting the following env vars:
AIRFLOW_CTX_DAG_EMAIL=clement.liscoet@gmail.com
AIRFLOW_CTX_DAG_OWNER=clemoni
AIRFLOW_CTX_DAG_ID=scraping_daft_kilkenny
AIRFLOW_CTX_TASK_ID=scrap_data
AIRFLOW_CTX_EXECUTION_DATE=2021-12-18T09:50:00+00:00
AIRFLOW_CTX_DAG_RUN_ID=scheduled__2021-12-18T09:50:00+00:00
[2021-12-19 12:41:42,788] {base.py:79} INFO - Using connection to: id: spark_default. Host: spark://spark:7077, Port: None, Schema: , Login: ***, Password: ***, extra: {}
[2021-12-19 12:41:42,804] {spark_submit.py:360} INFO - Spark-Submit cmd: spark-submit --master spark://spark:7077 --conf spark.master=spark://spark:7077 --name scrap data --verbose /opt/***/jobs/get_ads_per_county.py kilkenny
[2021-12-19 12:42:22,334] {spark_submit.py:514} INFO - Using properties file: null
[2021-12-19 12:42:23,410] {spark_submit.py:514} INFO - WARNING: An illegal reflective access operation has occurred
[2021-12-19 12:42:23,416] {spark_submit.py:514} INFO - WARNING: Illegal reflective access by org.apache.spark.unsafe.Platform (file:/home/***/.local/lib/python3.6/site-packages/pyspark/jars/spark-unsafe_2.12-3.2.0.jar) to constructor java.nio.DirectByteBuffer(long,int)
[2021-12-19 12:42:23,423] {spark_submit.py:514} INFO - WARNING: Please consider reporting this to the maintainers of org.apache.spark.unsafe.Platform
[2021-12-19 12:42:23,426] {spark_submit.py:514} INFO - WARNING: Use --illegal-access=warn to enable warnings of further illegal reflective access operations
[2021-12-19 12:42:23,436] {spark_submit.py:514} INFO - WARNING: All illegal access operations will be denied in a future release
[2021-12-19 12:42:25,263] {spark_submit.py:514} INFO - Parsed arguments:
[2021-12-19 12:42:25,270] {spark_submit.py:514} INFO - master                  spark://spark:7077
[2021-12-19 12:42:25,275] {spark_submit.py:514} INFO - deployMode              null
[2021-12-19 12:42:25,279] {spark_submit.py:514} INFO - executorMemory          null
[2021-12-19 12:42:25,282] {spark_submit.py:514} INFO - executorCores           null
[2021-12-19 12:42:25,287] {spark_submit.py:514} INFO - totalExecutorCores      null
[2021-12-19 12:42:25,291] {spark_submit.py:514} INFO - propertiesFile          null
[2021-12-19 12:42:25,293] {spark_submit.py:514} INFO - driverMemory            null
[2021-12-19 12:42:25,295] {spark_submit.py:514} INFO - driverCores             null
[2021-12-19 12:42:25,300] {spark_submit.py:514} INFO - driverExtraClassPath    null
[2021-12-19 12:42:25,301] {spark_submit.py:514} INFO - driverExtraLibraryPath  null
[2021-12-19 12:42:25,306] {spark_submit.py:514} INFO - driverExtraJavaOptions  null
[2021-12-19 12:42:25,312] {spark_submit.py:514} INFO - supervise               false
[2021-12-19 12:42:25,314] {spark_submit.py:514} INFO - queue                   null
[2021-12-19 12:42:25,321] {spark_submit.py:514} INFO - numExecutors            null
[2021-12-19 12:42:25,324] {spark_submit.py:514} INFO - files                   null
[2021-12-19 12:42:25,325] {spark_submit.py:514} INFO - pyFiles                 null
[2021-12-19 12:42:25,327] {spark_submit.py:514} INFO - archives                null
[2021-12-19 12:42:25,331] {spark_submit.py:514} INFO - mainClass               null
[2021-12-19 12:42:25,332] {spark_submit.py:514} INFO - primaryResource         file:/opt/***/jobs/get_ads_per_county.py
[2021-12-19 12:42:25,334] {spark_submit.py:514} INFO - name                    scrap data
[2021-12-19 12:42:25,335] {spark_submit.py:514} INFO - childArgs               [kilkenny]
[2021-12-19 12:42:25,337] {spark_submit.py:514} INFO - jars                    null
[2021-12-19 12:42:25,340] {spark_submit.py:514} INFO - packages                null
[2021-12-19 12:42:25,342] {spark_submit.py:514} INFO - packagesExclusions      null
[2021-12-19 12:42:25,344] {spark_submit.py:514} INFO - repositories            null
[2021-12-19 12:42:25,349] {spark_submit.py:514} INFO - verbose                 true
[2021-12-19 12:42:25,350] {spark_submit.py:514} INFO - 
[2021-12-19 12:42:25,352] {spark_submit.py:514} INFO - Spark properties used, including those specified through
[2021-12-19 12:42:25,354] {spark_submit.py:514} INFO - --conf and those from the properties file null:
[2021-12-19 12:42:25,356] {spark_submit.py:514} INFO - (spark.master,spark://spark:7077)
[2021-12-19 12:42:25,358] {spark_submit.py:514} INFO - 
[2021-12-19 12:42:25,367] {spark_submit.py:514} INFO - 
[2021-12-19 12:42:52,082] {spark_submit.py:514} INFO - Main class:
[2021-12-19 12:42:52,088] {spark_submit.py:514} INFO - org.apache.spark.deploy.PythonRunner
[2021-12-19 12:42:52,090] {spark_submit.py:514} INFO - Arguments:
[2021-12-19 12:42:52,093] {spark_submit.py:514} INFO - file:/opt/***/jobs/get_ads_per_county.py
[2021-12-19 12:42:52,102] {spark_submit.py:514} INFO - null
[2021-12-19 12:42:52,107] {spark_submit.py:514} INFO - kilkenny
[2021-12-19 12:42:52,108] {spark_submit.py:514} INFO - --verbose
[2021-12-19 12:42:52,109] {spark_submit.py:514} INFO - Spark config:
[2021-12-19 12:42:52,111] {spark_submit.py:514} INFO - (spark.app.name,scrap data)
[2021-12-19 12:42:52,112] {spark_submit.py:514} INFO - (spark.master,spark://spark:7077)
[2021-12-19 12:42:52,114] {spark_submit.py:514} INFO - (spark.submit.pyFiles,)
[2021-12-19 12:42:52,117] {spark_submit.py:514} INFO - (spark.submit.deployMode,client)
[2021-12-19 12:42:52,119] {spark_submit.py:514} INFO - Classpath elements:
[2021-12-19 12:42:52,121] {spark_submit.py:514} INFO - 
[2021-12-19 12:42:52,123] {spark_submit.py:514} INFO - 
[2021-12-19 12:42:52,124] {spark_submit.py:514} INFO - 
[2021-12-19 12:43:23,307] {spark_submit.py:514} INFO - Using Spark's default log4j profile: org/apache/spark/log4j-defaults.properties
[2021-12-19 12:43:23,970] {spark_submit.py:514} INFO - 21/12/19 12:43:23 INFO SparkContext: Running Spark version 3.2.0
[2021-12-19 12:43:26,758] {spark_submit.py:514} INFO - 21/12/19 12:43:26 WARN NativeCodeLoader: Unable to load native-hadoop library for your platform... using builtin-java classes where applicable
[2021-12-19 12:43:29,931] {spark_submit.py:514} INFO - 21/12/19 12:43:29 INFO ResourceUtils: ==============================================================
[2021-12-19 12:43:29,941] {spark_submit.py:514} INFO - 21/12/19 12:43:29 INFO ResourceUtils: No custom resources configured for spark.driver.
[2021-12-19 12:43:29,945] {spark_submit.py:514} INFO - 21/12/19 12:43:29 INFO ResourceUtils: ==============================================================
[2021-12-19 12:43:29,956] {spark_submit.py:514} INFO - 21/12/19 12:43:29 INFO SparkContext: Submitted application: Get Ads per county
[2021-12-19 12:43:30,361] {spark_submit.py:514} INFO - 21/12/19 12:43:30 INFO ResourceProfile: Default ResourceProfile created, executor resources: Map(cores -> name: cores, amount: 1, script: , vendor: , memory -> name: memory, amount: 1024, script: , vendor: , offHeap -> name: offHeap, amount: 0, script: , vendor: ), task resources: Map(cpus -> name: cpus, amount: 1.0)
[2021-12-19 12:43:30,765] {spark_submit.py:514} INFO - 21/12/19 12:43:30 INFO ResourceProfile: Limiting resource is cpu
[2021-12-19 12:43:30,797] {spark_submit.py:514} INFO - 21/12/19 12:43:30 INFO ResourceProfileManager: Added ResourceProfile id: 0
[2021-12-19 12:43:32,342] {spark_submit.py:514} INFO - 21/12/19 12:43:32 INFO SecurityManager: Changing view acls to: ***
[2021-12-19 12:43:32,356] {spark_submit.py:514} INFO - 21/12/19 12:43:32 INFO SecurityManager: Changing modify acls to: ***
[2021-12-19 12:43:32,359] {spark_submit.py:514} INFO - 21/12/19 12:43:32 INFO SecurityManager: Changing view acls groups to:
[2021-12-19 12:43:32,361] {spark_submit.py:514} INFO - 21/12/19 12:43:32 INFO SecurityManager: Changing modify acls groups to:
[2021-12-19 12:43:32,363] {spark_submit.py:514} INFO - 21/12/19 12:43:32 INFO SecurityManager: SecurityManager: authentication disabled; ui acls disabled; users  with view permissions: Set(***); groups with view permissions: Set(); users  with modify permissions: Set(***); groups with modify permissions: Set()
[2021-12-19 12:43:37,229] {spark_submit.py:514} INFO - 21/12/19 12:43:37 INFO Utils: Successfully started service 'sparkDriver' on port 46133.
[2021-12-19 12:43:37,623] {spark_submit.py:514} INFO - 21/12/19 12:43:37 INFO SparkEnv: Registering MapOutputTracker
[2021-12-19 12:43:38,419] {spark_submit.py:514} INFO - 21/12/19 12:43:38 INFO SparkEnv: Registering BlockManagerMaster
[2021-12-19 12:43:38,869] {spark_submit.py:514} INFO - 21/12/19 12:43:38 INFO BlockManagerMasterEndpoint: Using org.apache.spark.storage.DefaultTopologyMapper for getting topology information
[2021-12-19 12:43:38,870] {spark_submit.py:514} INFO - 21/12/19 12:43:38 INFO BlockManagerMasterEndpoint: BlockManagerMasterEndpoint up
[2021-12-19 12:43:38,925] {spark_submit.py:514} INFO - 21/12/19 12:43:38 INFO SparkEnv: Registering BlockManagerMasterHeartbeat
[2021-12-19 12:43:39,298] {spark_submit.py:514} INFO - 21/12/19 12:43:39 INFO DiskBlockManager: Created local directory at /tmp/blockmgr-97e0ec9f-c102-42f3-b26a-45bdebe869bc
[2021-12-19 12:43:39,867] {spark_submit.py:514} INFO - 21/12/19 12:43:39 INFO MemoryStore: MemoryStore started with capacity 434.4 MiB
[2021-12-19 12:43:41,499] {spark_submit.py:514} INFO - 21/12/19 12:43:41 INFO SparkEnv: Registering OutputCommitCoordinator
[2021-12-19 12:43:51,669] {spark_submit.py:514} INFO - 21/12/19 12:43:51 WARN Utils: Service 'SparkUI' could not bind on port 4040. Attempting port 4041.
[2021-12-19 12:43:51,675] {spark_submit.py:514} INFO - 21/12/19 12:43:51 WARN Utils: Service 'SparkUI' could not bind on port 4041. Attempting port 4042.
[2021-12-19 12:43:51,694] {spark_submit.py:514} INFO - 21/12/19 12:43:51 WARN Utils: Service 'SparkUI' could not bind on port 4042. Attempting port 4043.
[2021-12-19 12:43:52,233] {spark_submit.py:514} INFO - 21/12/19 12:43:52 INFO Utils: Successfully started service 'SparkUI' on port 4043.
[2021-12-19 12:43:53,679] {spark_submit.py:514} INFO - 21/12/19 12:43:53 INFO SparkUI: Bound SparkUI to 0.0.0.0, and started at http://358a7891c658:4043
[2021-12-19 12:43:58,324] {spark_submit.py:514} INFO - 21/12/19 12:43:58 INFO StandaloneAppClient$ClientEndpoint: Connecting to master spark://spark:7077...
[2021-12-19 12:43:59,489] {spark_submit.py:514} INFO - 21/12/19 12:43:59 INFO TransportClientFactory: Successfully created connection to spark/172.20.0.4:7077 after 843 ms (0 ms spent in bootstraps)
[2021-12-19 12:44:01,993] {spark_submit.py:514} INFO - 21/12/19 12:44:01 INFO StandaloneSchedulerBackend: Connected to Spark cluster with app ID app-20211219124401-0038
[2021-12-19 12:44:02,090] {spark_submit.py:514} INFO - 21/12/19 12:44:02 INFO Utils: Successfully started service 'org.apache.spark.network.netty.NettyBlockTransferService' on port 41249.
[2021-12-19 12:44:02,093] {spark_submit.py:514} INFO - 21/12/19 12:44:02 INFO NettyBlockTransferService: Server created on 358a7891c658:41249
[2021-12-19 12:44:02,103] {spark_submit.py:514} INFO - 21/12/19 12:44:02 INFO BlockManager: Using org.apache.spark.storage.RandomBlockReplicationPolicy for block replication policy
[2021-12-19 12:44:02,163] {spark_submit.py:514} INFO - 21/12/19 12:44:02 INFO BlockManagerMaster: Registering BlockManager BlockManagerId(driver, 358a7891c658, 41249, None)
[2021-12-19 12:44:02,213] {spark_submit.py:514} INFO - 21/12/19 12:44:02 INFO BlockManagerMasterEndpoint: Registering block manager 358a7891c658:41249 with 434.4 MiB RAM, BlockManagerId(driver, 358a7891c658, 41249, None)
[2021-12-19 12:44:02,231] {spark_submit.py:514} INFO - 21/12/19 12:44:02 INFO BlockManagerMaster: Registered BlockManager BlockManagerId(driver, 358a7891c658, 41249, None)
[2021-12-19 12:44:02,235] {spark_submit.py:514} INFO - 21/12/19 12:44:02 INFO BlockManager: Initialized BlockManager: BlockManagerId(driver, 358a7891c658, 41249, None)
[2021-12-19 12:44:05,163] {spark_submit.py:514} INFO - 21/12/19 12:44:05 INFO StandaloneSchedulerBackend: SchedulerBackend is ready for scheduling beginning after reached minRegisteredResourcesRatio: 0.0
[2021-12-19 12:44:05,776] {spark_submit.py:514} INFO - /home/***/.local/lib/python3.6/site-packages/pyspark/python/lib/pyspark.zip/pyspark/context.py:238: FutureWarning: Python 3.6 support is deprecated in Spark 3.2.
[2021-12-19 12:44:05,779] {spark_submit.py:514} INFO - FutureWarning
[2021-12-19 12:44:12,893] {spark_submit.py:514} INFO - 21/12/19 12:44:12 INFO SharedState: Setting hive.metastore.warehouse.dir ('null') to the value of spark.sql.warehouse.dir.
[2021-12-19 12:44:13,253] {spark_submit.py:514} INFO - 21/12/19 12:44:13 INFO SharedState: Warehouse path is 'file:/opt/***/spark-warehouse'.
[2021-12-19 12:44:42,046] {spark_submit.py:514} INFO - running...
[2021-12-19 12:44:43,449] {spark_submit.py:514} INFO - running...
[2021-12-19 12:44:45,959] {spark_submit.py:514} INFO - running...
[2021-12-19 12:44:49,711] {spark_submit.py:514} INFO - running...
[2021-12-19 12:44:52,315] {spark_submit.py:514} INFO - running...
[2021-12-19 12:44:54,333] {spark_submit.py:514} INFO - running...
[2021-12-19 12:44:58,763] {spark_submit.py:514} INFO - running...
[2021-12-19 12:45:00,084] {spark_submit.py:514} INFO - running...
[2021-12-19 12:45:00,822] {spark_submit.py:514} INFO - running...
[2021-12-19 12:45:02,947] {spark_submit.py:514} INFO - running...
[2021-12-19 12:45:06,525] {spark_submit.py:514} INFO - running...
[2021-12-19 12:45:11,404] {spark_submit.py:514} INFO - running...
[2021-12-19 12:45:12,812] {spark_submit.py:514} INFO - running...
[2021-12-19 12:45:14,793] {spark_submit.py:514} INFO - running...
[2021-12-19 12:45:19,815] {spark_submit.py:514} INFO - 21/12/19 12:45:19 INFO SparkContext: Invoking stop() from shutdown hook
[2021-12-19 12:45:19,886] {spark_submit.py:514} INFO - 21/12/19 12:45:19 INFO SparkUI: Stopped Spark web UI at http://358a7891c658:4043
[2021-12-19 12:45:19,958] {spark_submit.py:514} INFO - 21/12/19 12:45:19 INFO StandaloneSchedulerBackend: Shutting down all executors
[2021-12-19 12:45:19,976] {spark_submit.py:514} INFO - 21/12/19 12:45:19 INFO CoarseGrainedSchedulerBackend$DriverEndpoint: Asking each executor to shut down
[2021-12-19 12:45:20,169] {spark_submit.py:514} INFO - 21/12/19 12:45:20 INFO MapOutputTrackerMasterEndpoint: MapOutputTrackerMasterEndpoint stopped!
[2021-12-19 12:45:20,703] {spark_submit.py:514} INFO - 21/12/19 12:45:20 INFO MemoryStore: MemoryStore cleared
[2021-12-19 12:45:20,722] {spark_submit.py:514} INFO - 21/12/19 12:45:20 INFO BlockManager: BlockManager stopped
[2021-12-19 12:45:20,861] {spark_submit.py:514} INFO - 21/12/19 12:45:20 INFO BlockManagerMaster: BlockManagerMaster stopped
[2021-12-19 12:45:20,874] {spark_submit.py:514} INFO - 21/12/19 12:45:20 INFO OutputCommitCoordinator$OutputCommitCoordinatorEndpoint: OutputCommitCoordinator stopped!
[2021-12-19 12:45:21,154] {spark_submit.py:514} INFO - 21/12/19 12:45:21 INFO SparkContext: Successfully stopped SparkContext
[2021-12-19 12:45:21,186] {spark_submit.py:514} INFO - 21/12/19 12:45:21 INFO ShutdownHookManager: Shutdown hook called
[2021-12-19 12:45:21,191] {spark_submit.py:514} INFO - 21/12/19 12:45:21 INFO ShutdownHookManager: Deleting directory /tmp/spark-e2b832c4-fd4b-454a-81cd-a4a2fe8db270
[2021-12-19 12:45:21,244] {spark_submit.py:514} INFO - 21/12/19 12:45:21 INFO ShutdownHookManager: Deleting directory /tmp/spark-4d8434c9-d2fc-449c-bdcf-b2a631aa8ecb
[2021-12-19 12:45:21,292] {spark_submit.py:514} INFO - 21/12/19 12:45:21 INFO ShutdownHookManager: Deleting directory /tmp/spark-e2b832c4-fd4b-454a-81cd-a4a2fe8db270/pyspark-918d3223-8041-495b-98d1-8dea2317a7cd
[2021-12-19 12:45:23,564] {taskinstance.py:1280} INFO - Marking task as SUCCESS. dag_id=scraping_daft_kilkenny, task_id=scrap_data, execution_date=20211218T095000, start_date=20211219T124138, end_date=20211219T124523
[2021-12-19 12:45:25,353] {local_task_job.py:154} INFO - Task exited with return code 0
[2021-12-19 12:45:27,132] {local_task_job.py:264} INFO - 0 downstream tasks scheduled from follow-on schedule check
