[2021-12-22 10:21:02,538] {taskinstance.py:1035} INFO - Dependencies all met for <TaskInstance: scraping_daft_mayo.remove_file scheduled__2021-12-21T10:20:00+00:00 [queued]>
[2021-12-22 10:21:02,564] {taskinstance.py:1035} INFO - Dependencies all met for <TaskInstance: scraping_daft_mayo.remove_file scheduled__2021-12-21T10:20:00+00:00 [queued]>
[2021-12-22 10:21:02,565] {taskinstance.py:1241} INFO - 
--------------------------------------------------------------------------------
[2021-12-22 10:21:02,566] {taskinstance.py:1242} INFO - Starting attempt 1 of 4
[2021-12-22 10:21:02,567] {taskinstance.py:1243} INFO - 
--------------------------------------------------------------------------------
[2021-12-22 10:21:02,593] {taskinstance.py:1262} INFO - Executing <Task(SparkSubmitOperator): remove_file> on 2021-12-21 10:20:00+00:00
[2021-12-22 10:21:02,604] {standard_task_runner.py:76} INFO - Running: ['***', 'tasks', 'run', 'scraping_daft_mayo', 'remove_file', 'scheduled__2021-12-21T10:20:00+00:00', '--job-id', '3900', '--raw', '--subdir', 'DAGS_FOLDER/scraping_daft_mayo.py', '--cfg-path', '/tmp/tmpz_xwdw28', '--error-file', '/tmp/tmp96osbbao']
[2021-12-22 10:21:02,606] {standard_task_runner.py:77} INFO - Job 3900: Subtask remove_file
[2021-12-22 10:21:02,599] {standard_task_runner.py:52} INFO - Started process 10756 to run task
[2021-12-22 10:21:02,729] {logging_mixin.py:109} INFO - Running <TaskInstance: scraping_daft_mayo.remove_file scheduled__2021-12-21T10:20:00+00:00 [running]> on host bb1be648e8f2
[2021-12-22 10:21:02,885] {taskinstance.py:1429} INFO - Exporting the following env vars:
AIRFLOW_CTX_DAG_EMAIL=clement.liscoet@gmail.com
AIRFLOW_CTX_DAG_OWNER=clemoni
AIRFLOW_CTX_DAG_ID=scraping_daft_mayo
AIRFLOW_CTX_TASK_ID=remove_file
AIRFLOW_CTX_EXECUTION_DATE=2021-12-21T10:20:00+00:00
AIRFLOW_CTX_DAG_RUN_ID=scheduled__2021-12-21T10:20:00+00:00
[2021-12-22 10:21:02,907] {base.py:79} INFO - Using connection to: id: spark_default. Host: spark://spark:7077, Port: None, Schema: , Login: ***, Password: ***, extra: {}
[2021-12-22 10:21:02,911] {spark_submit.py:360} INFO - Spark-Submit cmd: spark-submit --master spark://spark:7077 --conf spark.master=spark://spark:7077 --name remove file --verbose /opt/***/jobs/remove_file.py mayo
[2021-12-22 10:21:04,776] {spark_submit.py:514} INFO - Using properties file: null
[2021-12-22 10:21:04,906] {spark_submit.py:514} INFO - WARNING: An illegal reflective access operation has occurred
[2021-12-22 10:21:04,907] {spark_submit.py:514} INFO - WARNING: Illegal reflective access by org.apache.spark.unsafe.Platform (file:/home/***/.local/lib/python3.6/site-packages/pyspark/jars/spark-unsafe_2.12-3.2.0.jar) to constructor java.nio.DirectByteBuffer(long,int)
[2021-12-22 10:21:04,908] {spark_submit.py:514} INFO - WARNING: Please consider reporting this to the maintainers of org.apache.spark.unsafe.Platform
[2021-12-22 10:21:04,909] {spark_submit.py:514} INFO - WARNING: Use --illegal-access=warn to enable warnings of further illegal reflective access operations
[2021-12-22 10:21:04,910] {spark_submit.py:514} INFO - WARNING: All illegal access operations will be denied in a future release
[2021-12-22 10:21:04,962] {spark_submit.py:514} INFO - Parsed arguments:
[2021-12-22 10:21:04,964] {spark_submit.py:514} INFO - master                  spark://spark:7077
[2021-12-22 10:21:04,964] {spark_submit.py:514} INFO - deployMode              null
[2021-12-22 10:21:04,965] {spark_submit.py:514} INFO - executorMemory          null
[2021-12-22 10:21:04,966] {spark_submit.py:514} INFO - executorCores           null
[2021-12-22 10:21:04,967] {spark_submit.py:514} INFO - totalExecutorCores      null
[2021-12-22 10:21:04,968] {spark_submit.py:514} INFO - propertiesFile          null
[2021-12-22 10:21:04,969] {spark_submit.py:514} INFO - driverMemory            null
[2021-12-22 10:21:04,970] {spark_submit.py:514} INFO - driverCores             null
[2021-12-22 10:21:04,971] {spark_submit.py:514} INFO - driverExtraClassPath    null
[2021-12-22 10:21:04,972] {spark_submit.py:514} INFO - driverExtraLibraryPath  null
[2021-12-22 10:21:04,973] {spark_submit.py:514} INFO - driverExtraJavaOptions  null
[2021-12-22 10:21:04,974] {spark_submit.py:514} INFO - supervise               false
[2021-12-22 10:21:04,975] {spark_submit.py:514} INFO - queue                   null
[2021-12-22 10:21:04,976] {spark_submit.py:514} INFO - numExecutors            null
[2021-12-22 10:21:04,977] {spark_submit.py:514} INFO - files                   null
[2021-12-22 10:21:04,977] {spark_submit.py:514} INFO - pyFiles                 null
[2021-12-22 10:21:04,978] {spark_submit.py:514} INFO - archives                null
[2021-12-22 10:21:04,979] {spark_submit.py:514} INFO - mainClass               null
[2021-12-22 10:21:04,980] {spark_submit.py:514} INFO - primaryResource         file:/opt/***/jobs/remove_file.py
[2021-12-22 10:21:04,980] {spark_submit.py:514} INFO - name                    remove file
[2021-12-22 10:21:04,981] {spark_submit.py:514} INFO - childArgs               [mayo]
[2021-12-22 10:21:04,982] {spark_submit.py:514} INFO - jars                    null
[2021-12-22 10:21:04,983] {spark_submit.py:514} INFO - packages                null
[2021-12-22 10:21:04,983] {spark_submit.py:514} INFO - packagesExclusions      null
[2021-12-22 10:21:04,984] {spark_submit.py:514} INFO - repositories            null
[2021-12-22 10:21:04,985] {spark_submit.py:514} INFO - verbose                 true
[2021-12-22 10:21:04,986] {spark_submit.py:514} INFO - 
[2021-12-22 10:21:04,987] {spark_submit.py:514} INFO - Spark properties used, including those specified through
[2021-12-22 10:21:04,987] {spark_submit.py:514} INFO - --conf and those from the properties file null:
[2021-12-22 10:21:04,988] {spark_submit.py:514} INFO - (spark.master,spark://spark:7077)
[2021-12-22 10:21:04,989] {spark_submit.py:514} INFO - 
[2021-12-22 10:21:04,990] {spark_submit.py:514} INFO - 
[2021-12-22 10:21:05,282] {spark_submit.py:514} INFO - Main class:
[2021-12-22 10:21:05,283] {spark_submit.py:514} INFO - org.apache.spark.deploy.PythonRunner
[2021-12-22 10:21:05,284] {spark_submit.py:514} INFO - Arguments:
[2021-12-22 10:21:05,285] {spark_submit.py:514} INFO - file:/opt/***/jobs/remove_file.py
[2021-12-22 10:21:05,286] {spark_submit.py:514} INFO - null
[2021-12-22 10:21:05,286] {spark_submit.py:514} INFO - mayo
[2021-12-22 10:21:05,287] {spark_submit.py:514} INFO - --verbose
[2021-12-22 10:21:05,288] {spark_submit.py:514} INFO - Spark config:
[2021-12-22 10:21:05,289] {spark_submit.py:514} INFO - (spark.app.name,remove file)
[2021-12-22 10:21:05,290] {spark_submit.py:514} INFO - (spark.master,spark://spark:7077)
[2021-12-22 10:21:05,291] {spark_submit.py:514} INFO - (spark.submit.pyFiles,)
[2021-12-22 10:21:05,292] {spark_submit.py:514} INFO - (spark.submit.deployMode,client)
[2021-12-22 10:21:05,293] {spark_submit.py:514} INFO - Classpath elements:
[2021-12-22 10:21:05,293] {spark_submit.py:514} INFO - 
[2021-12-22 10:21:05,294] {spark_submit.py:514} INFO - 
[2021-12-22 10:21:05,295] {spark_submit.py:514} INFO - 
[2021-12-22 10:21:06,351] {spark_submit.py:514} INFO - Using Spark's default log4j profile: org/apache/spark/log4j-defaults.properties
[2021-12-22 10:21:06,368] {spark_submit.py:514} INFO - 21/12/22 10:21:06 INFO SparkContext: Running Spark version 3.2.0
[2021-12-22 10:21:06,472] {spark_submit.py:514} INFO - 21/12/22 10:21:06 WARN NativeCodeLoader: Unable to load native-hadoop library for your platform... using builtin-java classes where applicable
[2021-12-22 10:21:06,649] {spark_submit.py:514} INFO - 21/12/22 10:21:06 INFO ResourceUtils: ==============================================================
[2021-12-22 10:21:06,651] {spark_submit.py:514} INFO - 21/12/22 10:21:06 INFO ResourceUtils: No custom resources configured for spark.driver.
[2021-12-22 10:21:06,652] {spark_submit.py:514} INFO - 21/12/22 10:21:06 INFO ResourceUtils: ==============================================================
[2021-12-22 10:21:06,653] {spark_submit.py:514} INFO - 21/12/22 10:21:06 INFO SparkContext: Submitted application: Remove file
[2021-12-22 10:21:06,685] {spark_submit.py:514} INFO - 21/12/22 10:21:06 INFO ResourceProfile: Default ResourceProfile created, executor resources: Map(cores -> name: cores, amount: 1, script: , vendor: , memory -> name: memory, amount: 1024, script: , vendor: , offHeap -> name: offHeap, amount: 0, script: , vendor: ), task resources: Map(cpus -> name: cpus, amount: 1.0)
[2021-12-22 10:21:06,698] {spark_submit.py:514} INFO - 21/12/22 10:21:06 INFO ResourceProfile: Limiting resource is cpu
[2021-12-22 10:21:06,699] {spark_submit.py:514} INFO - 21/12/22 10:21:06 INFO ResourceProfileManager: Added ResourceProfile id: 0
[2021-12-22 10:21:06,766] {spark_submit.py:514} INFO - 21/12/22 10:21:06 INFO SecurityManager: Changing view acls to: ***
[2021-12-22 10:21:06,768] {spark_submit.py:514} INFO - 21/12/22 10:21:06 INFO SecurityManager: Changing modify acls to: ***
[2021-12-22 10:21:06,770] {spark_submit.py:514} INFO - 21/12/22 10:21:06 INFO SecurityManager: Changing view acls groups to:
[2021-12-22 10:21:06,771] {spark_submit.py:514} INFO - 21/12/22 10:21:06 INFO SecurityManager: Changing modify acls groups to:
[2021-12-22 10:21:06,774] {spark_submit.py:514} INFO - 21/12/22 10:21:06 INFO SecurityManager: SecurityManager: authentication disabled; ui acls disabled; users  with view permissions: Set(***); groups with view permissions: Set(); users  with modify permissions: Set(***); groups with modify permissions: Set()
[2021-12-22 10:21:07,179] {spark_submit.py:514} INFO - 21/12/22 10:21:07 INFO Utils: Successfully started service 'sparkDriver' on port 38875.
[2021-12-22 10:21:07,222] {spark_submit.py:514} INFO - 21/12/22 10:21:07 INFO SparkEnv: Registering MapOutputTracker
[2021-12-22 10:21:07,270] {spark_submit.py:514} INFO - 21/12/22 10:21:07 INFO SparkEnv: Registering BlockManagerMaster
[2021-12-22 10:21:07,301] {spark_submit.py:514} INFO - 21/12/22 10:21:07 INFO BlockManagerMasterEndpoint: Using org.apache.spark.storage.DefaultTopologyMapper for getting topology information
[2021-12-22 10:21:07,302] {spark_submit.py:514} INFO - 21/12/22 10:21:07 INFO BlockManagerMasterEndpoint: BlockManagerMasterEndpoint up
[2021-12-22 10:21:07,309] {spark_submit.py:514} INFO - 21/12/22 10:21:07 INFO SparkEnv: Registering BlockManagerMasterHeartbeat
[2021-12-22 10:21:07,346] {spark_submit.py:514} INFO - 21/12/22 10:21:07 INFO DiskBlockManager: Created local directory at /tmp/blockmgr-d95130d9-797e-4454-bbdb-ee2599acde4e
[2021-12-22 10:21:07,371] {spark_submit.py:514} INFO - 21/12/22 10:21:07 INFO MemoryStore: MemoryStore started with capacity 434.4 MiB
[2021-12-22 10:21:07,392] {spark_submit.py:514} INFO - 21/12/22 10:21:07 INFO SparkEnv: Registering OutputCommitCoordinator
[2021-12-22 10:21:07,670] {spark_submit.py:514} INFO - 21/12/22 10:21:07 INFO Utils: Successfully started service 'SparkUI' on port 4040.
[2021-12-22 10:21:07,768] {spark_submit.py:514} INFO - 21/12/22 10:21:07 INFO SparkUI: Bound SparkUI to 0.0.0.0, and started at http://bb1be648e8f2:4040
[2021-12-22 10:21:08,125] {spark_submit.py:514} INFO - 21/12/22 10:21:08 INFO StandaloneAppClient$ClientEndpoint: Connecting to master spark://spark:7077...
[2021-12-22 10:21:08,230] {spark_submit.py:514} INFO - 21/12/22 10:21:08 INFO TransportClientFactory: Successfully created connection to spark/172.19.0.4:7077 after 46 ms (0 ms spent in bootstraps)
[2021-12-22 10:21:08,357] {spark_submit.py:514} INFO - 21/12/22 10:21:08 INFO StandaloneSchedulerBackend: Connected to Spark cluster with app ID app-20211222102108-0048
[2021-12-22 10:21:08,369] {spark_submit.py:514} INFO - 21/12/22 10:21:08 INFO Utils: Successfully started service 'org.apache.spark.network.netty.NettyBlockTransferService' on port 38411.
[2021-12-22 10:21:08,371] {spark_submit.py:514} INFO - 21/12/22 10:21:08 INFO NettyBlockTransferService: Server created on bb1be648e8f2:38411
[2021-12-22 10:21:08,372] {spark_submit.py:514} INFO - 21/12/22 10:21:08 INFO BlockManager: Using org.apache.spark.storage.RandomBlockReplicationPolicy for block replication policy
[2021-12-22 10:21:08,382] {spark_submit.py:514} INFO - 21/12/22 10:21:08 INFO BlockManagerMaster: Registering BlockManager BlockManagerId(driver, bb1be648e8f2, 38411, None)
[2021-12-22 10:21:08,388] {spark_submit.py:514} INFO - 21/12/22 10:21:08 INFO BlockManagerMasterEndpoint: Registering block manager bb1be648e8f2:38411 with 434.4 MiB RAM, BlockManagerId(driver, bb1be648e8f2, 38411, None)
[2021-12-22 10:21:08,392] {spark_submit.py:514} INFO - 21/12/22 10:21:08 INFO BlockManagerMaster: Registered BlockManager BlockManagerId(driver, bb1be648e8f2, 38411, None)
[2021-12-22 10:21:08,393] {spark_submit.py:514} INFO - 21/12/22 10:21:08 INFO BlockManager: Initialized BlockManager: BlockManagerId(driver, bb1be648e8f2, 38411, None)
[2021-12-22 10:21:08,668] {spark_submit.py:514} INFO - 21/12/22 10:21:08 INFO StandaloneSchedulerBackend: SchedulerBackend is ready for scheduling beginning after reached minRegisteredResourcesRatio: 0.0
[2021-12-22 10:21:08,713] {spark_submit.py:514} INFO - /home/***/.local/lib/python3.6/site-packages/pyspark/python/lib/pyspark.zip/pyspark/context.py:238: FutureWarning: Python 3.6 support is deprecated in Spark 3.2.
[2021-12-22 10:21:08,714] {spark_submit.py:514} INFO - FutureWarning
[2021-12-22 10:21:08,964] {spark_submit.py:514} INFO - 21/12/22 10:21:08 INFO SharedState: Setting hive.metastore.warehouse.dir ('null') to the value of spark.sql.warehouse.dir.
[2021-12-22 10:21:09,000] {spark_submit.py:514} INFO - 21/12/22 10:21:08 INFO SharedState: Warehouse path is 'file:/opt/***/spark-warehouse'.
[2021-12-22 10:21:09,895] {spark_submit.py:514} INFO - file: mayo_rent.json deleted
[2021-12-22 10:21:10,005] {spark_submit.py:514} INFO - 21/12/22 10:21:10 INFO SparkContext: Invoking stop() from shutdown hook
[2021-12-22 10:21:10,022] {spark_submit.py:514} INFO - 21/12/22 10:21:10 INFO SparkUI: Stopped Spark web UI at http://bb1be648e8f2:4040
[2021-12-22 10:21:10,031] {spark_submit.py:514} INFO - 21/12/22 10:21:10 INFO StandaloneSchedulerBackend: Shutting down all executors
[2021-12-22 10:21:10,038] {spark_submit.py:514} INFO - 21/12/22 10:21:10 INFO CoarseGrainedSchedulerBackend$DriverEndpoint: Asking each executor to shut down
[2021-12-22 10:21:10,067] {spark_submit.py:514} INFO - 21/12/22 10:21:10 INFO MapOutputTrackerMasterEndpoint: MapOutputTrackerMasterEndpoint stopped!
[2021-12-22 10:21:10,087] {spark_submit.py:514} INFO - 21/12/22 10:21:10 INFO MemoryStore: MemoryStore cleared
[2021-12-22 10:21:10,089] {spark_submit.py:514} INFO - 21/12/22 10:21:10 INFO BlockManager: BlockManager stopped
[2021-12-22 10:21:10,099] {spark_submit.py:514} INFO - 21/12/22 10:21:10 INFO BlockManagerMaster: BlockManagerMaster stopped
[2021-12-22 10:21:10,103] {spark_submit.py:514} INFO - 21/12/22 10:21:10 INFO OutputCommitCoordinator$OutputCommitCoordinatorEndpoint: OutputCommitCoordinator stopped!
[2021-12-22 10:21:10,115] {spark_submit.py:514} INFO - 21/12/22 10:21:10 INFO SparkContext: Successfully stopped SparkContext
[2021-12-22 10:21:10,116] {spark_submit.py:514} INFO - 21/12/22 10:21:10 INFO ShutdownHookManager: Shutdown hook called
[2021-12-22 10:21:10,117] {spark_submit.py:514} INFO - 21/12/22 10:21:10 INFO ShutdownHookManager: Deleting directory /tmp/spark-ed3ffcf3-83c4-4052-b593-484be600d751/pyspark-49f463d2-5d61-4a3f-aaee-95995f76843a
[2021-12-22 10:21:10,124] {spark_submit.py:514} INFO - 21/12/22 10:21:10 INFO ShutdownHookManager: Deleting directory /tmp/spark-d92c048a-5d02-4da2-af16-1292f6590f2d
[2021-12-22 10:21:10,128] {spark_submit.py:514} INFO - 21/12/22 10:21:10 INFO ShutdownHookManager: Deleting directory /tmp/spark-ed3ffcf3-83c4-4052-b593-484be600d751
[2021-12-22 10:21:10,240] {taskinstance.py:1280} INFO - Marking task as SUCCESS. dag_id=scraping_daft_mayo, task_id=remove_file, execution_date=20211221T102000, start_date=20211222T102102, end_date=20211222T102110
[2021-12-22 10:21:10,287] {local_task_job.py:154} INFO - Task exited with return code 0
[2021-12-22 10:21:10,381] {local_task_job.py:264} INFO - 0 downstream tasks scheduled from follow-on schedule check
