[2021-12-08 10:32:19,675] {taskinstance.py:1035} INFO - Dependencies all met for <TaskInstance: scraping_daft_laois.notify_slack scheduled__2021-12-07T02:45:00+00:00 [queued]>
[2021-12-08 10:32:19,700] {taskinstance.py:1035} INFO - Dependencies all met for <TaskInstance: scraping_daft_laois.notify_slack scheduled__2021-12-07T02:45:00+00:00 [queued]>
[2021-12-08 10:32:19,701] {taskinstance.py:1241} INFO - 
--------------------------------------------------------------------------------
[2021-12-08 10:32:19,702] {taskinstance.py:1242} INFO - Starting attempt 1 of 3
[2021-12-08 10:32:19,703] {taskinstance.py:1243} INFO - 
--------------------------------------------------------------------------------
[2021-12-08 10:32:19,726] {taskinstance.py:1262} INFO - Executing <Task(SlackWebhookOperator): notify_slack> on 2021-12-07 02:45:00+00:00
[2021-12-08 10:32:19,737] {standard_task_runner.py:76} INFO - Running: ['***', 'tasks', 'run', 'scraping_daft_laois', 'notify_slack', 'scheduled__2021-12-07T02:45:00+00:00', '--job-id', '704', '--raw', '--subdir', 'DAGS_FOLDER/scraping_daft_laois.py', '--cfg-path', '/tmp/tmpwyadgabo', '--error-file', '/tmp/tmpcj_yr4u1']
[2021-12-08 10:32:19,739] {standard_task_runner.py:77} INFO - Job 704: Subtask notify_slack
[2021-12-08 10:32:19,732] {standard_task_runner.py:52} INFO - Started process 8570 to run task
[2021-12-08 10:32:19,844] {logging_mixin.py:109} INFO - Running <TaskInstance: scraping_daft_laois.notify_slack scheduled__2021-12-07T02:45:00+00:00 [running]> on host 041e6f8654c3
[2021-12-08 10:32:19,993] {taskinstance.py:1429} INFO - Exporting the following env vars:
AIRFLOW_CTX_DAG_EMAIL=***@example.com
AIRFLOW_CTX_DAG_OWNER=clemoni
AIRFLOW_CTX_DAG_ID=scraping_daft_laois
AIRFLOW_CTX_TASK_ID=notify_slack
AIRFLOW_CTX_EXECUTION_DATE=2021-12-07T02:45:00+00:00
AIRFLOW_CTX_DAG_RUN_ID=scheduled__2021-12-07T02:45:00+00:00
[2021-12-08 10:32:20,017] {base.py:79} INFO - Using connection to: id: slack_connect. Host: https://hooks.slack.com/services/, Port: None, Schema: , Login: , Password: ***, extra: {}
[2021-12-08 10:32:20,039] {base.py:79} INFO - Using connection to: id: slack_connect. Host: https://hooks.slack.com/services/, Port: None, Schema: , Login: , Password: ***, extra: {}
[2021-12-08 10:32:20,044] {http.py:140} INFO - Sending 'POST' to url: https://hooks.slack.com/services/***
[2021-12-08 10:32:20,485] {taskinstance.py:1280} INFO - Marking task as SUCCESS. dag_id=scraping_daft_laois, task_id=notify_slack, execution_date=20211207T024500, start_date=20211208T103219, end_date=20211208T103220
[2021-12-08 10:32:20,522] {local_task_job.py:154} INFO - Task exited with return code 0
[2021-12-08 10:32:20,628] {local_task_job.py:264} INFO - 1 downstream tasks scheduled from follow-on schedule check
