[2021-12-13 16:12:58,669] {taskinstance.py:1035} INFO - Dependencies all met for <TaskInstance: scraping_daft_tipperary.notify_slack scheduled__2021-12-12T05:30:00+00:00 [queued]>
[2021-12-13 16:12:58,690] {taskinstance.py:1035} INFO - Dependencies all met for <TaskInstance: scraping_daft_tipperary.notify_slack scheduled__2021-12-12T05:30:00+00:00 [queued]>
[2021-12-13 16:12:58,691] {taskinstance.py:1241} INFO - 
--------------------------------------------------------------------------------
[2021-12-13 16:12:58,692] {taskinstance.py:1242} INFO - Starting attempt 1 of 4
[2021-12-13 16:12:58,693] {taskinstance.py:1243} INFO - 
--------------------------------------------------------------------------------
[2021-12-13 16:12:58,725] {taskinstance.py:1262} INFO - Executing <Task(SlackWebhookOperator): notify_slack> on 2021-12-12 05:30:00+00:00
[2021-12-13 16:12:58,740] {standard_task_runner.py:76} INFO - Running: ['***', 'tasks', 'run', 'scraping_daft_tipperary', 'notify_slack', 'scheduled__2021-12-12T05:30:00+00:00', '--job-id', '1776', '--raw', '--subdir', 'DAGS_FOLDER/scraping_daft_tipperary.py', '--cfg-path', '/tmp/tmp74_pypwa', '--error-file', '/tmp/tmpayfo9uut']
[2021-12-13 16:12:58,741] {standard_task_runner.py:77} INFO - Job 1776: Subtask notify_slack
[2021-12-13 16:12:58,734] {standard_task_runner.py:52} INFO - Started process 3863 to run task
[2021-12-13 16:12:58,899] {logging_mixin.py:109} INFO - Running <TaskInstance: scraping_daft_tipperary.notify_slack scheduled__2021-12-12T05:30:00+00:00 [running]> on host c81f81825bc0
[2021-12-13 16:12:59,050] {taskinstance.py:1429} INFO - Exporting the following env vars:
AIRFLOW_CTX_DAG_EMAIL=clement.liscoet@gmail.com
AIRFLOW_CTX_DAG_OWNER=clemoni
AIRFLOW_CTX_DAG_ID=scraping_daft_tipperary
AIRFLOW_CTX_TASK_ID=notify_slack
AIRFLOW_CTX_EXECUTION_DATE=2021-12-12T05:30:00+00:00
AIRFLOW_CTX_DAG_RUN_ID=scheduled__2021-12-12T05:30:00+00:00
[2021-12-13 16:12:59,072] {base.py:79} INFO - Using connection to: id: slack_connect. Host: https://hooks.slack.com/services/, Port: None, Schema: , Login: , Password: ***, extra: {}
[2021-12-13 16:12:59,129] {base.py:79} INFO - Using connection to: id: slack_connect. Host: https://hooks.slack.com/services/, Port: None, Schema: , Login: , Password: ***, extra: {}
[2021-12-13 16:12:59,245] {http.py:140} INFO - Sending 'POST' to url: https://hooks.slack.com/services/***
[2021-12-13 16:13:00,170] {taskinstance.py:1280} INFO - Marking task as SUCCESS. dag_id=scraping_daft_tipperary, task_id=notify_slack, execution_date=20211212T053000, start_date=20211213T161258, end_date=20211213T161300
[2021-12-13 16:13:00,219] {local_task_job.py:154} INFO - Task exited with return code 0
[2021-12-13 16:13:00,354] {local_task_job.py:264} INFO - 1 downstream tasks scheduled from follow-on schedule check
