[2022-01-03 12:08:46,993] {taskinstance.py:1035} INFO - Dependencies all met for <TaskInstance: scraping_daft_waterford.persist_data scheduled__2022-01-02T10:55:00+00:00 [queued]>
[2022-01-03 12:08:47,559] {taskinstance.py:1035} INFO - Dependencies all met for <TaskInstance: scraping_daft_waterford.persist_data scheduled__2022-01-02T10:55:00+00:00 [queued]>
[2022-01-03 12:08:47,564] {taskinstance.py:1241} INFO - 
--------------------------------------------------------------------------------
[2022-01-03 12:08:47,573] {taskinstance.py:1242} INFO - Starting attempt 1 of 4
[2022-01-03 12:08:47,583] {taskinstance.py:1243} INFO - 
--------------------------------------------------------------------------------
[2022-01-03 12:08:47,854] {taskinstance.py:1262} INFO - Executing <Task(SparkSubmitOperator): persist_data> on 2022-01-02 10:55:00+00:00
[2022-01-03 12:08:48,008] {standard_task_runner.py:76} INFO - Running: ['***', 'tasks', 'run', 'scraping_daft_waterford', 'persist_data', 'scheduled__2022-01-02T10:55:00+00:00', '--job-id', '6445', '--raw', '--subdir', 'DAGS_FOLDER/scraping_daft_waterford.py', '--cfg-path', '/tmp/tmpfalb7u31', '--error-file', '/tmp/tmpk_eppuub']
[2022-01-03 12:08:48,019] {standard_task_runner.py:77} INFO - Job 6445: Subtask persist_data
[2022-01-03 12:08:47,925] {standard_task_runner.py:52} INFO - Started process 13609 to run task
[2022-01-03 12:08:48,548] {logging_mixin.py:109} INFO - Running <TaskInstance: scraping_daft_waterford.persist_data scheduled__2022-01-02T10:55:00+00:00 [running]> on host bbddfc72aeab
[2022-01-03 12:08:49,191] {taskinstance.py:1429} INFO - Exporting the following env vars:
AIRFLOW_CTX_DAG_EMAIL=clement.liscoet@gmail.com
AIRFLOW_CTX_DAG_OWNER=clemoni
AIRFLOW_CTX_DAG_ID=scraping_daft_waterford
AIRFLOW_CTX_TASK_ID=persist_data
AIRFLOW_CTX_EXECUTION_DATE=2022-01-02T10:55:00+00:00
AIRFLOW_CTX_DAG_RUN_ID=scheduled__2022-01-02T10:55:00+00:00
[2022-01-03 12:08:49,435] {base.py:79} INFO - Using connection to: id: spark_default. Host: spark://spark:7077, Port: None, Schema: , Login: ***, Password: ***, extra: {}
[2022-01-03 12:08:49,452] {spark_submit.py:360} INFO - Spark-Submit cmd: spark-submit --master spark://spark:7077 --conf spark.master=spark://spark:7077 --name persist data --verbose /opt/***/jobs/persist_db.py waterford
[2022-01-03 12:09:11,433] {spark_submit.py:514} INFO - Using properties file: null
[2022-01-03 12:09:12,334] {spark_submit.py:514} INFO - WARNING: An illegal reflective access operation has occurred
[2022-01-03 12:09:12,336] {spark_submit.py:514} INFO - WARNING: Illegal reflective access by org.apache.spark.unsafe.Platform (file:/home/***/.local/lib/python3.6/site-packages/pyspark/jars/spark-unsafe_2.12-3.2.0.jar) to constructor java.nio.DirectByteBuffer(long,int)
[2022-01-03 12:09:12,338] {spark_submit.py:514} INFO - WARNING: Please consider reporting this to the maintainers of org.apache.spark.unsafe.Platform
[2022-01-03 12:09:12,339] {spark_submit.py:514} INFO - WARNING: Use --illegal-access=warn to enable warnings of further illegal reflective access operations
[2022-01-03 12:09:12,340] {spark_submit.py:514} INFO - WARNING: All illegal access operations will be denied in a future release
[2022-01-03 12:09:12,944] {spark_submit.py:514} INFO - Parsed arguments:
[2022-01-03 12:09:12,946] {spark_submit.py:514} INFO - master                  spark://spark:7077
[2022-01-03 12:09:12,947] {spark_submit.py:514} INFO - deployMode              null
[2022-01-03 12:09:12,948] {spark_submit.py:514} INFO - executorMemory          null
[2022-01-03 12:09:12,949] {spark_submit.py:514} INFO - executorCores           null
[2022-01-03 12:09:12,950] {spark_submit.py:514} INFO - totalExecutorCores      null
[2022-01-03 12:09:12,951] {spark_submit.py:514} INFO - propertiesFile          null
[2022-01-03 12:09:12,952] {spark_submit.py:514} INFO - driverMemory            null
[2022-01-03 12:09:12,953] {spark_submit.py:514} INFO - driverCores             null
[2022-01-03 12:09:12,954] {spark_submit.py:514} INFO - driverExtraClassPath    null
[2022-01-03 12:09:12,955] {spark_submit.py:514} INFO - driverExtraLibraryPath  null
[2022-01-03 12:09:12,958] {spark_submit.py:514} INFO - driverExtraJavaOptions  null
[2022-01-03 12:09:12,959] {spark_submit.py:514} INFO - supervise               false
[2022-01-03 12:09:12,960] {spark_submit.py:514} INFO - queue                   null
[2022-01-03 12:09:12,961] {spark_submit.py:514} INFO - numExecutors            null
[2022-01-03 12:09:12,963] {spark_submit.py:514} INFO - files                   null
[2022-01-03 12:09:12,964] {spark_submit.py:514} INFO - pyFiles                 null
[2022-01-03 12:09:12,965] {spark_submit.py:514} INFO - archives                null
[2022-01-03 12:09:12,966] {spark_submit.py:514} INFO - mainClass               null
[2022-01-03 12:09:12,967] {spark_submit.py:514} INFO - primaryResource         file:/opt/***/jobs/persist_db.py
[2022-01-03 12:09:12,969] {spark_submit.py:514} INFO - name                    persist data
[2022-01-03 12:09:12,970] {spark_submit.py:514} INFO - childArgs               [waterford]
[2022-01-03 12:09:12,971] {spark_submit.py:514} INFO - jars                    null
[2022-01-03 12:09:12,972] {spark_submit.py:514} INFO - packages                null
[2022-01-03 12:09:12,973] {spark_submit.py:514} INFO - packagesExclusions      null
[2022-01-03 12:09:12,974] {spark_submit.py:514} INFO - repositories            null
[2022-01-03 12:09:12,980] {spark_submit.py:514} INFO - verbose                 true
[2022-01-03 12:09:12,984] {spark_submit.py:514} INFO - 
[2022-01-03 12:09:12,986] {spark_submit.py:514} INFO - Spark properties used, including those specified through
[2022-01-03 12:09:12,987] {spark_submit.py:514} INFO - --conf and those from the properties file null:
[2022-01-03 12:09:12,988] {spark_submit.py:514} INFO - (spark.master,spark://spark:7077)
[2022-01-03 12:09:12,989] {spark_submit.py:514} INFO - 
[2022-01-03 12:09:12,990] {spark_submit.py:514} INFO - 
[2022-01-03 12:09:15,423] {spark_submit.py:514} INFO - Main class:
[2022-01-03 12:09:15,424] {spark_submit.py:514} INFO - org.apache.spark.deploy.PythonRunner
[2022-01-03 12:09:15,440] {spark_submit.py:514} INFO - Arguments:
[2022-01-03 12:09:15,441] {spark_submit.py:514} INFO - file:/opt/***/jobs/persist_db.py
[2022-01-03 12:09:15,442] {spark_submit.py:514} INFO - null
[2022-01-03 12:09:15,445] {spark_submit.py:514} INFO - waterford
[2022-01-03 12:09:15,446] {spark_submit.py:514} INFO - --verbose
[2022-01-03 12:09:15,449] {spark_submit.py:514} INFO - Spark config:
[2022-01-03 12:09:15,451] {spark_submit.py:514} INFO - (spark.master,spark://spark:7077)
[2022-01-03 12:09:15,452] {spark_submit.py:514} INFO - (spark.app.name,persist data)
[2022-01-03 12:09:15,453] {spark_submit.py:514} INFO - (spark.submit.pyFiles,)
[2022-01-03 12:09:15,455] {spark_submit.py:514} INFO - (spark.submit.deployMode,client)
[2022-01-03 12:09:15,456] {spark_submit.py:514} INFO - Classpath elements:
[2022-01-03 12:09:15,458] {spark_submit.py:514} INFO - 
[2022-01-03 12:09:15,459] {spark_submit.py:514} INFO - 
[2022-01-03 12:09:15,460] {spark_submit.py:514} INFO - 
[2022-01-03 12:09:22,979] {spark_submit.py:514} INFO - Using Spark's default log4j profile: org/apache/spark/log4j-defaults.properties
[2022-01-03 12:09:23,103] {spark_submit.py:514} INFO - 22/01/03 12:09:23 INFO SparkContext: Running Spark version 3.2.0
[2022-01-03 12:09:23,868] {spark_submit.py:514} INFO - 22/01/03 12:09:23 WARN NativeCodeLoader: Unable to load native-hadoop library for your platform... using builtin-java classes where applicable
[2022-01-03 12:09:24,513] {spark_submit.py:514} INFO - 22/01/03 12:09:24 INFO ResourceUtils: ==============================================================
[2022-01-03 12:09:24,520] {spark_submit.py:514} INFO - 22/01/03 12:09:24 INFO ResourceUtils: No custom resources configured for spark.driver.
[2022-01-03 12:09:24,528] {spark_submit.py:514} INFO - 22/01/03 12:09:24 INFO ResourceUtils: ==============================================================
[2022-01-03 12:09:24,529] {spark_submit.py:514} INFO - 22/01/03 12:09:24 INFO SparkContext: Submitted application: Persist DB
[2022-01-03 12:09:24,681] {spark_submit.py:514} INFO - 22/01/03 12:09:24 INFO ResourceProfile: Default ResourceProfile created, executor resources: Map(cores -> name: cores, amount: 1, script: , vendor: , memory -> name: memory, amount: 1024, script: , vendor: , offHeap -> name: offHeap, amount: 0, script: , vendor: ), task resources: Map(cpus -> name: cpus, amount: 1.0)
[2022-01-03 12:09:24,830] {spark_submit.py:514} INFO - 22/01/03 12:09:24 INFO ResourceProfile: Limiting resource is cpu
[2022-01-03 12:09:24,857] {spark_submit.py:514} INFO - 22/01/03 12:09:24 INFO ResourceProfileManager: Added ResourceProfile id: 0
[2022-01-03 12:09:25,784] {spark_submit.py:514} INFO - 22/01/03 12:09:25 INFO SecurityManager: Changing view acls to: ***
[2022-01-03 12:09:25,803] {spark_submit.py:514} INFO - 22/01/03 12:09:25 INFO SecurityManager: Changing modify acls to: ***
[2022-01-03 12:09:25,811] {spark_submit.py:514} INFO - 22/01/03 12:09:25 INFO SecurityManager: Changing view acls groups to:
[2022-01-03 12:09:25,820] {spark_submit.py:514} INFO - 22/01/03 12:09:25 INFO SecurityManager: Changing modify acls groups to:
[2022-01-03 12:09:25,825] {spark_submit.py:514} INFO - 22/01/03 12:09:25 INFO SecurityManager: SecurityManager: authentication disabled; ui acls disabled; users  with view permissions: Set(***); groups with view permissions: Set(); users  with modify permissions: Set(***); groups with modify permissions: Set()
[2022-01-03 12:09:30,715] {spark_submit.py:514} INFO - 22/01/03 12:09:30 INFO Utils: Successfully started service 'sparkDriver' on port 33657.
[2022-01-03 12:09:30,910] {spark_submit.py:514} INFO - 22/01/03 12:09:30 INFO SparkEnv: Registering MapOutputTracker
[2022-01-03 12:09:31,218] {spark_submit.py:514} INFO - 22/01/03 12:09:31 INFO SparkEnv: Registering BlockManagerMaster
[2022-01-03 12:09:31,432] {spark_submit.py:514} INFO - 22/01/03 12:09:31 INFO BlockManagerMasterEndpoint: Using org.apache.spark.storage.DefaultTopologyMapper for getting topology information
[2022-01-03 12:09:31,443] {spark_submit.py:514} INFO - 22/01/03 12:09:31 INFO BlockManagerMasterEndpoint: BlockManagerMasterEndpoint up
[2022-01-03 12:09:31,469] {spark_submit.py:514} INFO - 22/01/03 12:09:31 INFO SparkEnv: Registering BlockManagerMasterHeartbeat
[2022-01-03 12:09:31,737] {spark_submit.py:514} INFO - 22/01/03 12:09:31 INFO DiskBlockManager: Created local directory at /tmp/blockmgr-f74bb6c0-defe-4e10-9e5e-59a7da789f69
[2022-01-03 12:09:31,973] {spark_submit.py:514} INFO - 22/01/03 12:09:31 INFO MemoryStore: MemoryStore started with capacity 434.4 MiB
[2022-01-03 12:09:32,096] {spark_submit.py:514} INFO - 22/01/03 12:09:32 INFO SparkEnv: Registering OutputCommitCoordinator
[2022-01-03 12:09:34,289] {spark_submit.py:514} INFO - 22/01/03 12:09:34 WARN Utils: Service 'SparkUI' could not bind on port 4040. Attempting port 4041.
[2022-01-03 12:09:34,291] {spark_submit.py:514} INFO - 22/01/03 12:09:34 WARN Utils: Service 'SparkUI' could not bind on port 4041. Attempting port 4042.
[2022-01-03 12:09:34,292] {spark_submit.py:514} INFO - 22/01/03 12:09:34 WARN Utils: Service 'SparkUI' could not bind on port 4042. Attempting port 4043.
[2022-01-03 12:09:34,294] {spark_submit.py:514} INFO - 22/01/03 12:09:34 WARN Utils: Service 'SparkUI' could not bind on port 4043. Attempting port 4044.
[2022-01-03 12:09:34,295] {spark_submit.py:514} INFO - 22/01/03 12:09:34 WARN Utils: Service 'SparkUI' could not bind on port 4044. Attempting port 4045.
[2022-01-03 12:09:34,297] {spark_submit.py:514} INFO - 22/01/03 12:09:34 WARN Utils: Service 'SparkUI' could not bind on port 4045. Attempting port 4046.
[2022-01-03 12:09:34,303] {spark_submit.py:514} INFO - 22/01/03 12:09:34 WARN Utils: Service 'SparkUI' could not bind on port 4046. Attempting port 4047.
[2022-01-03 12:09:34,363] {spark_submit.py:514} INFO - 22/01/03 12:09:34 INFO Utils: Successfully started service 'SparkUI' on port 4047.
[2022-01-03 12:09:34,677] {spark_submit.py:514} INFO - 22/01/03 12:09:34 INFO SparkUI: Bound SparkUI to 0.0.0.0, and started at http://bbddfc72aeab:4047
[2022-01-03 12:09:36,894] {spark_submit.py:514} INFO - 22/01/03 12:09:36 INFO StandaloneAppClient$ClientEndpoint: Connecting to master spark://spark:7077...
[2022-01-03 12:09:37,302] {spark_submit.py:514} INFO - 22/01/03 12:09:37 INFO TransportClientFactory: Successfully created connection to spark/172.22.0.4:7077 after 143 ms (0 ms spent in bootstraps)
[2022-01-03 12:09:37,867] {spark_submit.py:514} INFO - 22/01/03 12:09:37 INFO StandaloneSchedulerBackend: Connected to Spark cluster with app ID app-20220103120937-0178
[2022-01-03 12:09:37,921] {spark_submit.py:514} INFO - 22/01/03 12:09:37 INFO Utils: Successfully started service 'org.apache.spark.network.netty.NettyBlockTransferService' on port 36669.
[2022-01-03 12:09:37,924] {spark_submit.py:514} INFO - 22/01/03 12:09:37 INFO NettyBlockTransferService: Server created on bbddfc72aeab:36669
[2022-01-03 12:09:37,928] {spark_submit.py:514} INFO - 22/01/03 12:09:37 INFO BlockManager: Using org.apache.spark.storage.RandomBlockReplicationPolicy for block replication policy
[2022-01-03 12:09:37,974] {spark_submit.py:514} INFO - 22/01/03 12:09:37 INFO BlockManagerMaster: Registering BlockManager BlockManagerId(driver, bbddfc72aeab, 36669, None)
[2022-01-03 12:09:37,994] {spark_submit.py:514} INFO - 22/01/03 12:09:37 INFO BlockManagerMasterEndpoint: Registering block manager bbddfc72aeab:36669 with 434.4 MiB RAM, BlockManagerId(driver, bbddfc72aeab, 36669, None)
[2022-01-03 12:09:38,023] {spark_submit.py:514} INFO - 22/01/03 12:09:38 INFO BlockManagerMaster: Registered BlockManager BlockManagerId(driver, bbddfc72aeab, 36669, None)
[2022-01-03 12:09:38,033] {spark_submit.py:514} INFO - 22/01/03 12:09:38 INFO BlockManager: Initialized BlockManager: BlockManagerId(driver, bbddfc72aeab, 36669, None)
[2022-01-03 12:09:39,455] {spark_submit.py:514} INFO - 22/01/03 12:09:39 INFO StandaloneSchedulerBackend: SchedulerBackend is ready for scheduling beginning after reached minRegisteredResourcesRatio: 0.0
[2022-01-03 12:09:39,587] {spark_submit.py:514} INFO - /home/***/.local/lib/python3.6/site-packages/pyspark/python/lib/pyspark.zip/pyspark/context.py:238: FutureWarning: Python 3.6 support is deprecated in Spark 3.2.
[2022-01-03 12:09:39,588] {spark_submit.py:514} INFO - FutureWarning
[2022-01-03 12:09:40,184] {spark_submit.py:514} INFO - 22/01/03 12:09:40 INFO SharedState: Setting hive.metastore.warehouse.dir ('null') to the value of spark.sql.warehouse.dir.
[2022-01-03 12:09:40,320] {spark_submit.py:514} INFO - 22/01/03 12:09:40 INFO SharedState: Warehouse path is 'file:/opt/***/spark-warehouse'.
[2022-01-03 12:09:43,439] {spark_submit.py:514} INFO - 22/01/03 12:09:43 INFO SparkContext: Invoking stop() from shutdown hook
[2022-01-03 12:09:43,462] {spark_submit.py:514} INFO - 22/01/03 12:09:43 INFO SparkUI: Stopped Spark web UI at http://bbddfc72aeab:4047
[2022-01-03 12:09:43,487] {spark_submit.py:514} INFO - 22/01/03 12:09:43 INFO StandaloneSchedulerBackend: Shutting down all executors
[2022-01-03 12:09:43,498] {spark_submit.py:514} INFO - 22/01/03 12:09:43 INFO CoarseGrainedSchedulerBackend$DriverEndpoint: Asking each executor to shut down
[2022-01-03 12:09:43,563] {spark_submit.py:514} INFO - 22/01/03 12:09:43 INFO MapOutputTrackerMasterEndpoint: MapOutputTrackerMasterEndpoint stopped!
[2022-01-03 12:09:43,624] {spark_submit.py:514} INFO - 22/01/03 12:09:43 INFO MemoryStore: MemoryStore cleared
[2022-01-03 12:09:43,627] {spark_submit.py:514} INFO - 22/01/03 12:09:43 INFO BlockManager: BlockManager stopped
[2022-01-03 12:09:43,688] {spark_submit.py:514} INFO - 22/01/03 12:09:43 INFO BlockManagerMaster: BlockManagerMaster stopped
[2022-01-03 12:09:43,695] {spark_submit.py:514} INFO - 22/01/03 12:09:43 INFO OutputCommitCoordinator$OutputCommitCoordinatorEndpoint: OutputCommitCoordinator stopped!
[2022-01-03 12:09:43,741] {spark_submit.py:514} INFO - 22/01/03 12:09:43 INFO SparkContext: Successfully stopped SparkContext
[2022-01-03 12:09:43,744] {spark_submit.py:514} INFO - 22/01/03 12:09:43 INFO ShutdownHookManager: Shutdown hook called
[2022-01-03 12:09:43,746] {spark_submit.py:514} INFO - 22/01/03 12:09:43 INFO ShutdownHookManager: Deleting directory /tmp/spark-fc3f9a3c-eeb1-4720-b298-7823dc6b089c
[2022-01-03 12:09:43,770] {spark_submit.py:514} INFO - 22/01/03 12:09:43 INFO ShutdownHookManager: Deleting directory /tmp/spark-a5c016f1-185e-4def-841c-600c7a1ddf03
[2022-01-03 12:09:43,781] {spark_submit.py:514} INFO - 22/01/03 12:09:43 INFO ShutdownHookManager: Deleting directory /tmp/spark-fc3f9a3c-eeb1-4720-b298-7823dc6b089c/pyspark-255c2aca-69ee-4c30-bc6b-68b8ed0ecf6d
[2022-01-03 12:09:44,129] {taskinstance.py:1280} INFO - Marking task as SUCCESS. dag_id=scraping_daft_waterford, task_id=persist_data, execution_date=20220102T105500, start_date=20220103T120847, end_date=20220103T120944
[2022-01-03 12:09:44,265] {local_task_job.py:154} INFO - Task exited with return code 0
[2022-01-03 12:09:44,719] {local_task_job.py:264} INFO - 0 downstream tasks scheduled from follow-on schedule check
