[2022-01-02 12:30:34,628] {taskinstance.py:1035} INFO - Dependencies all met for <TaskInstance: scraping_daft_carlow.remove_file scheduled__2022-01-01T09:05:00+00:00 [queued]>
[2022-01-02 12:30:34,759] {taskinstance.py:1035} INFO - Dependencies all met for <TaskInstance: scraping_daft_carlow.remove_file scheduled__2022-01-01T09:05:00+00:00 [queued]>
[2022-01-02 12:30:34,761] {taskinstance.py:1241} INFO - 
--------------------------------------------------------------------------------
[2022-01-02 12:30:34,762] {taskinstance.py:1242} INFO - Starting attempt 1 of 4
[2022-01-02 12:30:34,764] {taskinstance.py:1243} INFO - 
--------------------------------------------------------------------------------
[2022-01-02 12:30:34,862] {taskinstance.py:1262} INFO - Executing <Task(SparkSubmitOperator): remove_file> on 2022-01-01 09:05:00+00:00
[2022-01-02 12:30:34,874] {standard_task_runner.py:52} INFO - Started process 11373 to run task
[2022-01-02 12:30:35,024] {standard_task_runner.py:76} INFO - Running: ['***', 'tasks', 'run', 'scraping_daft_carlow', 'remove_file', 'scheduled__2022-01-01T09:05:00+00:00', '--job-id', '6222', '--raw', '--subdir', 'DAGS_FOLDER/scraping_daft_carlow.py', '--cfg-path', '/tmp/tmpct5p0rtu', '--error-file', '/tmp/tmpf8dh_s36']
[2022-01-02 12:30:35,034] {standard_task_runner.py:77} INFO - Job 6222: Subtask remove_file
[2022-01-02 12:30:35,822] {logging_mixin.py:109} INFO - Running <TaskInstance: scraping_daft_carlow.remove_file scheduled__2022-01-01T09:05:00+00:00 [running]> on host bbddfc72aeab
[2022-01-02 12:30:37,351] {taskinstance.py:1429} INFO - Exporting the following env vars:
AIRFLOW_CTX_DAG_EMAIL=clement.liscoet@gmail.com
AIRFLOW_CTX_DAG_OWNER=clemoni
AIRFLOW_CTX_DAG_ID=scraping_daft_carlow
AIRFLOW_CTX_TASK_ID=remove_file
AIRFLOW_CTX_EXECUTION_DATE=2022-01-01T09:05:00+00:00
AIRFLOW_CTX_DAG_RUN_ID=scheduled__2022-01-01T09:05:00+00:00
[2022-01-02 12:30:37,518] {base.py:79} INFO - Using connection to: id: spark_default. Host: spark://spark:7077, Port: None, Schema: , Login: ***, Password: ***, extra: {}
[2022-01-02 12:30:37,568] {spark_submit.py:360} INFO - Spark-Submit cmd: spark-submit --master spark://spark:7077 --conf spark.master=spark://spark:7077 --name remove file --verbose /opt/***/jobs/remove_file.py carlow
[2022-01-02 12:31:02,896] {spark_submit.py:514} INFO - Using properties file: null
[2022-01-02 12:31:05,144] {spark_submit.py:514} INFO - WARNING: An illegal reflective access operation has occurred
[2022-01-02 12:31:05,146] {spark_submit.py:514} INFO - WARNING: Illegal reflective access by org.apache.spark.unsafe.Platform (file:/home/***/.local/lib/python3.6/site-packages/pyspark/jars/spark-unsafe_2.12-3.2.0.jar) to constructor java.nio.DirectByteBuffer(long,int)
[2022-01-02 12:31:05,147] {spark_submit.py:514} INFO - WARNING: Please consider reporting this to the maintainers of org.apache.spark.unsafe.Platform
[2022-01-02 12:31:05,148] {spark_submit.py:514} INFO - WARNING: Use --illegal-access=warn to enable warnings of further illegal reflective access operations
[2022-01-02 12:31:05,150] {spark_submit.py:514} INFO - WARNING: All illegal access operations will be denied in a future release
[2022-01-02 12:31:05,958] {spark_submit.py:514} INFO - Parsed arguments:
[2022-01-02 12:31:05,960] {spark_submit.py:514} INFO - master                  spark://spark:7077
[2022-01-02 12:31:05,961] {spark_submit.py:514} INFO - deployMode              null
[2022-01-02 12:31:05,963] {spark_submit.py:514} INFO - executorMemory          null
[2022-01-02 12:31:05,964] {spark_submit.py:514} INFO - executorCores           null
[2022-01-02 12:31:05,965] {spark_submit.py:514} INFO - totalExecutorCores      null
[2022-01-02 12:31:05,967] {spark_submit.py:514} INFO - propertiesFile          null
[2022-01-02 12:31:05,968] {spark_submit.py:514} INFO - driverMemory            null
[2022-01-02 12:31:05,970] {spark_submit.py:514} INFO - driverCores             null
[2022-01-02 12:31:05,971] {spark_submit.py:514} INFO - driverExtraClassPath    null
[2022-01-02 12:31:05,973] {spark_submit.py:514} INFO - driverExtraLibraryPath  null
[2022-01-02 12:31:05,975] {spark_submit.py:514} INFO - driverExtraJavaOptions  null
[2022-01-02 12:31:05,976] {spark_submit.py:514} INFO - supervise               false
[2022-01-02 12:31:05,978] {spark_submit.py:514} INFO - queue                   null
[2022-01-02 12:31:05,979] {spark_submit.py:514} INFO - numExecutors            null
[2022-01-02 12:31:05,980] {spark_submit.py:514} INFO - files                   null
[2022-01-02 12:31:05,981] {spark_submit.py:514} INFO - pyFiles                 null
[2022-01-02 12:31:05,983] {spark_submit.py:514} INFO - archives                null
[2022-01-02 12:31:05,984] {spark_submit.py:514} INFO - mainClass               null
[2022-01-02 12:31:05,985] {spark_submit.py:514} INFO - primaryResource         file:/opt/***/jobs/remove_file.py
[2022-01-02 12:31:05,986] {spark_submit.py:514} INFO - name                    remove file
[2022-01-02 12:31:05,988] {spark_submit.py:514} INFO - childArgs               [carlow]
[2022-01-02 12:31:05,989] {spark_submit.py:514} INFO - jars                    null
[2022-01-02 12:31:05,990] {spark_submit.py:514} INFO - packages                null
[2022-01-02 12:31:05,991] {spark_submit.py:514} INFO - packagesExclusions      null
[2022-01-02 12:31:05,993] {spark_submit.py:514} INFO - repositories            null
[2022-01-02 12:31:05,994] {spark_submit.py:514} INFO - verbose                 true
[2022-01-02 12:31:05,995] {spark_submit.py:514} INFO - 
[2022-01-02 12:31:05,996] {spark_submit.py:514} INFO - Spark properties used, including those specified through
[2022-01-02 12:31:05,998] {spark_submit.py:514} INFO - --conf and those from the properties file null:
[2022-01-02 12:31:05,999] {spark_submit.py:514} INFO - (spark.master,spark://spark:7077)
[2022-01-02 12:31:06,001] {spark_submit.py:514} INFO - 
[2022-01-02 12:31:06,002] {spark_submit.py:514} INFO - 
[2022-01-02 12:31:12,539] {spark_submit.py:514} INFO - Main class:
[2022-01-02 12:31:12,541] {spark_submit.py:514} INFO - org.apache.spark.deploy.PythonRunner
[2022-01-02 12:31:12,571] {spark_submit.py:514} INFO - Arguments:
[2022-01-02 12:31:12,573] {spark_submit.py:514} INFO - file:/opt/***/jobs/remove_file.py
[2022-01-02 12:31:12,575] {spark_submit.py:514} INFO - null
[2022-01-02 12:31:12,576] {spark_submit.py:514} INFO - carlow
[2022-01-02 12:31:12,578] {spark_submit.py:514} INFO - --verbose
[2022-01-02 12:31:12,623] {spark_submit.py:514} INFO - Spark config:
[2022-01-02 12:31:12,627] {spark_submit.py:514} INFO - (spark.app.name,remove file)
[2022-01-02 12:31:12,631] {spark_submit.py:514} INFO - (spark.master,spark://spark:7077)
[2022-01-02 12:31:12,632] {spark_submit.py:514} INFO - (spark.submit.pyFiles,)
[2022-01-02 12:31:12,640] {spark_submit.py:514} INFO - (spark.submit.deployMode,client)
[2022-01-02 12:31:12,642] {spark_submit.py:514} INFO - Classpath elements:
[2022-01-02 12:31:12,643] {spark_submit.py:514} INFO - 
[2022-01-02 12:31:12,646] {spark_submit.py:514} INFO - 
[2022-01-02 12:31:12,654] {spark_submit.py:514} INFO - 
[2022-01-02 12:31:29,760] {spark_submit.py:514} INFO - Using Spark's default log4j profile: org/apache/spark/log4j-defaults.properties
[2022-01-02 12:31:29,984] {spark_submit.py:514} INFO - 22/01/02 12:31:29 INFO SparkContext: Running Spark version 3.2.0
[2022-01-02 12:31:33,396] {spark_submit.py:514} INFO - 22/01/02 12:31:33 WARN NativeCodeLoader: Unable to load native-hadoop library for your platform... using builtin-java classes where applicable
[2022-01-02 12:31:35,270] {spark_submit.py:514} INFO - 22/01/02 12:31:35 INFO ResourceUtils: ==============================================================
[2022-01-02 12:31:35,294] {spark_submit.py:514} INFO - 22/01/02 12:31:35 INFO ResourceUtils: No custom resources configured for spark.driver.
[2022-01-02 12:31:35,308] {spark_submit.py:514} INFO - 22/01/02 12:31:35 INFO ResourceUtils: ==============================================================
[2022-01-02 12:31:35,326] {spark_submit.py:514} INFO - 22/01/02 12:31:35 INFO SparkContext: Submitted application: Remove file
[2022-01-02 12:31:35,957] {spark_submit.py:514} INFO - 22/01/02 12:31:35 INFO ResourceProfile: Default ResourceProfile created, executor resources: Map(cores -> name: cores, amount: 1, script: , vendor: , memory -> name: memory, amount: 1024, script: , vendor: , offHeap -> name: offHeap, amount: 0, script: , vendor: ), task resources: Map(cpus -> name: cpus, amount: 1.0)
[2022-01-02 12:31:36,302] {spark_submit.py:514} INFO - 22/01/02 12:31:36 INFO ResourceProfile: Limiting resource is cpu
[2022-01-02 12:31:36,320] {spark_submit.py:514} INFO - 22/01/02 12:31:36 INFO ResourceProfileManager: Added ResourceProfile id: 0
[2022-01-02 12:31:37,915] {spark_submit.py:514} INFO - 22/01/02 12:31:37 INFO SecurityManager: Changing view acls to: ***
[2022-01-02 12:31:37,934] {spark_submit.py:514} INFO - 22/01/02 12:31:37 INFO SecurityManager: Changing modify acls to: ***
[2022-01-02 12:31:37,953] {spark_submit.py:514} INFO - 22/01/02 12:31:37 INFO SecurityManager: Changing view acls groups to:
[2022-01-02 12:31:37,957] {spark_submit.py:514} INFO - 22/01/02 12:31:37 INFO SecurityManager: Changing modify acls groups to:
[2022-01-02 12:31:37,989] {spark_submit.py:514} INFO - 22/01/02 12:31:37 INFO SecurityManager: SecurityManager: authentication disabled; ui acls disabled; users  with view permissions: Set(***); groups with view permissions: Set(); users  with modify permissions: Set(***); groups with modify permissions: Set()
[2022-01-02 12:31:45,873] {spark_submit.py:514} INFO - 22/01/02 12:31:45 INFO Utils: Successfully started service 'sparkDriver' on port 46625.
[2022-01-02 12:31:46,564] {spark_submit.py:514} INFO - 22/01/02 12:31:46 INFO SparkEnv: Registering MapOutputTracker
[2022-01-02 12:31:47,072] {spark_submit.py:514} INFO - 22/01/02 12:31:47 INFO SparkEnv: Registering BlockManagerMaster
[2022-01-02 12:31:47,348] {spark_submit.py:514} INFO - 22/01/02 12:31:47 INFO BlockManagerMasterEndpoint: Using org.apache.spark.storage.DefaultTopologyMapper for getting topology information
[2022-01-02 12:31:47,377] {spark_submit.py:514} INFO - 22/01/02 12:31:47 INFO BlockManagerMasterEndpoint: BlockManagerMasterEndpoint up
[2022-01-02 12:31:47,465] {spark_submit.py:514} INFO - 22/01/02 12:31:47 INFO SparkEnv: Registering BlockManagerMasterHeartbeat
[2022-01-02 12:31:47,966] {spark_submit.py:514} INFO - 22/01/02 12:31:47 INFO DiskBlockManager: Created local directory at /tmp/blockmgr-6285fc8a-41b0-46b2-8677-e9d1ff4fe319
[2022-01-02 12:31:48,745] {spark_submit.py:514} INFO - 22/01/02 12:31:48 INFO MemoryStore: MemoryStore started with capacity 434.4 MiB
[2022-01-02 12:31:49,308] {spark_submit.py:514} INFO - 22/01/02 12:31:49 INFO SparkEnv: Registering OutputCommitCoordinator
[2022-01-02 12:31:55,945] {spark_submit.py:514} INFO - 22/01/02 12:31:55 WARN Utils: Service 'SparkUI' could not bind on port 4040. Attempting port 4041.
[2022-01-02 12:31:55,954] {spark_submit.py:514} INFO - 22/01/02 12:31:55 WARN Utils: Service 'SparkUI' could not bind on port 4041. Attempting port 4042.
[2022-01-02 12:31:55,956] {spark_submit.py:514} INFO - 22/01/02 12:31:55 WARN Utils: Service 'SparkUI' could not bind on port 4042. Attempting port 4043.
[2022-01-02 12:31:55,962] {spark_submit.py:514} INFO - 22/01/02 12:31:55 WARN Utils: Service 'SparkUI' could not bind on port 4043. Attempting port 4044.
[2022-01-02 12:31:55,982] {spark_submit.py:514} INFO - 22/01/02 12:31:55 WARN Utils: Service 'SparkUI' could not bind on port 4044. Attempting port 4045.
[2022-01-02 12:31:55,986] {spark_submit.py:514} INFO - 22/01/02 12:31:55 WARN Utils: Service 'SparkUI' could not bind on port 4045. Attempting port 4046.
[2022-01-02 12:31:56,001] {spark_submit.py:514} INFO - 22/01/02 12:31:55 WARN Utils: Service 'SparkUI' could not bind on port 4046. Attempting port 4047.
[2022-01-02 12:31:56,013] {spark_submit.py:514} INFO - 22/01/02 12:31:55 WARN Utils: Service 'SparkUI' could not bind on port 4047. Attempting port 4048.
[2022-01-02 12:31:56,025] {spark_submit.py:514} INFO - 22/01/02 12:31:55 WARN Utils: Service 'SparkUI' could not bind on port 4048. Attempting port 4049.
[2022-01-02 12:31:56,082] {spark_submit.py:514} INFO - 22/01/02 12:31:56 INFO Utils: Successfully started service 'SparkUI' on port 4049.
[2022-01-02 12:31:57,161] {spark_submit.py:514} INFO - 22/01/02 12:31:57 INFO SparkUI: Bound SparkUI to 0.0.0.0, and started at http://bbddfc72aeab:4049
[2022-01-02 12:32:14,215] {spark_submit.py:514} INFO - 22/01/02 12:32:14 INFO StandaloneAppClient$ClientEndpoint: Connecting to master spark://spark:7077...
[2022-01-02 12:32:15,722] {spark_submit.py:514} INFO - 22/01/02 12:32:15 INFO TransportClientFactory: Successfully created connection to spark/172.22.0.4:7077 after 663 ms (0 ms spent in bootstraps)
[2022-01-02 12:32:22,307] {spark_submit.py:514} INFO - 22/01/02 12:32:22 INFO StandaloneSchedulerBackend: Connected to Spark cluster with app ID app-20220102123222-0073
[2022-01-02 12:32:22,502] {spark_submit.py:514} INFO - 22/01/02 12:32:22 INFO Utils: Successfully started service 'org.apache.spark.network.netty.NettyBlockTransferService' on port 39641.
[2022-01-02 12:32:22,509] {spark_submit.py:514} INFO - 22/01/02 12:32:22 INFO NettyBlockTransferService: Server created on bbddfc72aeab:39641
[2022-01-02 12:32:22,515] {spark_submit.py:514} INFO - 22/01/02 12:32:22 INFO BlockManager: Using org.apache.spark.storage.RandomBlockReplicationPolicy for block replication policy
[2022-01-02 12:32:22,600] {spark_submit.py:514} INFO - 22/01/02 12:32:22 INFO BlockManagerMaster: Registering BlockManager BlockManagerId(driver, bbddfc72aeab, 39641, None)
[2022-01-02 12:32:22,688] {spark_submit.py:514} INFO - 22/01/02 12:32:22 INFO BlockManagerMasterEndpoint: Registering block manager bbddfc72aeab:39641 with 434.4 MiB RAM, BlockManagerId(driver, bbddfc72aeab, 39641, None)
[2022-01-02 12:32:22,737] {spark_submit.py:514} INFO - 22/01/02 12:32:22 INFO BlockManagerMaster: Registered BlockManager BlockManagerId(driver, bbddfc72aeab, 39641, None)
[2022-01-02 12:32:22,742] {spark_submit.py:514} INFO - 22/01/02 12:32:22 INFO BlockManager: Initialized BlockManager: BlockManagerId(driver, bbddfc72aeab, 39641, None)
[2022-01-02 12:32:29,233] {spark_submit.py:514} INFO - 22/01/02 12:32:29 INFO StandaloneSchedulerBackend: SchedulerBackend is ready for scheduling beginning after reached minRegisteredResourcesRatio: 0.0
[2022-01-02 12:32:30,232] {spark_submit.py:514} INFO - /home/***/.local/lib/python3.6/site-packages/pyspark/python/lib/pyspark.zip/pyspark/context.py:238: FutureWarning: Python 3.6 support is deprecated in Spark 3.2.
[2022-01-02 12:32:30,234] {spark_submit.py:514} INFO - FutureWarning
[2022-01-02 12:32:37,762] {spark_submit.py:514} INFO - 22/01/02 12:32:37 INFO SharedState: Setting hive.metastore.warehouse.dir ('null') to the value of spark.sql.warehouse.dir.
[2022-01-02 12:32:39,318] {spark_submit.py:514} INFO - 22/01/02 12:32:39 INFO SharedState: Warehouse path is 'file:/opt/***/spark-warehouse'.
[2022-01-02 12:32:56,639] {spark_submit.py:514} INFO - file: carlow_rent.json deleted
[2022-01-02 12:32:59,757] {spark_submit.py:514} INFO - 22/01/02 12:32:59 INFO SparkContext: Invoking stop() from shutdown hook
[2022-01-02 12:33:00,216] {spark_submit.py:514} INFO - 22/01/02 12:33:00 INFO SparkUI: Stopped Spark web UI at http://bbddfc72aeab:4049
[2022-01-02 12:33:00,462] {spark_submit.py:514} INFO - 22/01/02 12:33:00 INFO StandaloneSchedulerBackend: Shutting down all executors
[2022-01-02 12:33:00,633] {spark_submit.py:514} INFO - 22/01/02 12:33:00 INFO CoarseGrainedSchedulerBackend$DriverEndpoint: Asking each executor to shut down
[2022-01-02 12:33:01,557] {spark_submit.py:514} INFO - 22/01/02 12:33:01 INFO MapOutputTrackerMasterEndpoint: MapOutputTrackerMasterEndpoint stopped!
[2022-01-02 12:33:02,184] {spark_submit.py:514} INFO - 22/01/02 12:33:02 INFO MemoryStore: MemoryStore cleared
[2022-01-02 12:33:02,187] {spark_submit.py:514} INFO - 22/01/02 12:33:02 INFO BlockManager: BlockManager stopped
[2022-01-02 12:33:02,495] {spark_submit.py:514} INFO - 22/01/02 12:33:02 INFO BlockManagerMaster: BlockManagerMaster stopped
[2022-01-02 12:33:02,529] {spark_submit.py:514} INFO - 22/01/02 12:33:02 INFO OutputCommitCoordinator$OutputCommitCoordinatorEndpoint: OutputCommitCoordinator stopped!
[2022-01-02 12:33:02,734] {spark_submit.py:514} INFO - 22/01/02 12:33:02 INFO SparkContext: Successfully stopped SparkContext
[2022-01-02 12:33:02,750] {spark_submit.py:514} INFO - 22/01/02 12:33:02 INFO ShutdownHookManager: Shutdown hook called
[2022-01-02 12:33:02,762] {spark_submit.py:514} INFO - 22/01/02 12:33:02 INFO ShutdownHookManager: Deleting directory /tmp/spark-31809ffe-8ff1-4ae6-b05a-8ea8211c1926
[2022-01-02 12:33:02,774] {spark_submit.py:514} INFO - 22/01/02 12:33:02 INFO ShutdownHookManager: Deleting directory /tmp/spark-3f0cfcff-7ae1-42ec-be48-d4f53e4552a5/pyspark-5b5eba8b-95c2-42c3-b4a5-53b34f17773a
[2022-01-02 12:33:02,811] {spark_submit.py:514} INFO - 22/01/02 12:33:02 INFO ShutdownHookManager: Deleting directory /tmp/spark-3f0cfcff-7ae1-42ec-be48-d4f53e4552a5
[2022-01-02 12:33:05,353] {taskinstance.py:1280} INFO - Marking task as SUCCESS. dag_id=scraping_daft_carlow, task_id=remove_file, execution_date=20220101T090500, start_date=20220102T123034, end_date=20220102T123305
[2022-01-02 12:33:05,641] {local_task_job.py:154} INFO - Task exited with return code 0
[2022-01-02 12:33:06,138] {local_task_job.py:264} INFO - 0 downstream tasks scheduled from follow-on schedule check
