[2021-12-07 20:16:21,396] {taskinstance.py:1035} INFO - Dependencies all met for <TaskInstance: scraping_daft_wexford.scrap_data manual__2021-12-07T20:16:18.744057+00:00 [queued]>
[2021-12-07 20:16:21,416] {taskinstance.py:1035} INFO - Dependencies all met for <TaskInstance: scraping_daft_wexford.scrap_data manual__2021-12-07T20:16:18.744057+00:00 [queued]>
[2021-12-07 20:16:21,417] {taskinstance.py:1241} INFO - 
--------------------------------------------------------------------------------
[2021-12-07 20:16:21,418] {taskinstance.py:1242} INFO - Starting attempt 1 of 3
[2021-12-07 20:16:21,419] {taskinstance.py:1243} INFO - 
--------------------------------------------------------------------------------
[2021-12-07 20:16:21,446] {taskinstance.py:1262} INFO - Executing <Task(SparkSubmitOperator): scrap_data> on 2021-12-07 20:16:18.744057+00:00
[2021-12-07 20:16:21,462] {standard_task_runner.py:76} INFO - Running: ['***', 'tasks', 'run', 'scraping_daft_wexford', 'scrap_data', 'manual__2021-12-07T20:16:18.744057+00:00', '--job-id', '517', '--raw', '--subdir', 'DAGS_FOLDER/scraping_daft_wexford.py', '--cfg-path', '/tmp/tmp465hinw9', '--error-file', '/tmp/tmp6krs3tsw']
[2021-12-07 20:16:21,458] {standard_task_runner.py:52} INFO - Started process 8970 to run task
[2021-12-07 20:16:21,475] {standard_task_runner.py:77} INFO - Job 517: Subtask scrap_data
[2021-12-07 20:16:21,641] {logging_mixin.py:109} INFO - Running <TaskInstance: scraping_daft_wexford.scrap_data manual__2021-12-07T20:16:18.744057+00:00 [running]> on host 041e6f8654c3
[2021-12-07 20:16:21,881] {taskinstance.py:1429} INFO - Exporting the following env vars:
AIRFLOW_CTX_DAG_EMAIL=***@example.com
AIRFLOW_CTX_DAG_OWNER=clemoni
AIRFLOW_CTX_DAG_ID=scraping_daft_wexford
AIRFLOW_CTX_TASK_ID=scrap_data
AIRFLOW_CTX_EXECUTION_DATE=2021-12-07T20:16:18.744057+00:00
AIRFLOW_CTX_DAG_RUN_ID=manual__2021-12-07T20:16:18.744057+00:00
[2021-12-07 20:16:21,906] {base.py:79} INFO - Using connection to: id: spark_default. Host: spark://spark:7077, Port: None, Schema: , Login: ***, Password: ***, extra: {}
[2021-12-07 20:16:21,909] {spark_submit.py:362} INFO - Spark-Submit cmd: spark-submit --master spark://spark:7077 --conf spark.master=spark://spark:7077 --name scrap data --verbose /opt/***/jobs/get_ads_per_county.py wexford
[2021-12-07 20:16:24,165] {spark_submit.py:523} INFO - Using properties file: null
[2021-12-07 20:16:24,307] {spark_submit.py:523} INFO - WARNING: An illegal reflective access operation has occurred
[2021-12-07 20:16:24,308] {spark_submit.py:523} INFO - WARNING: Illegal reflective access by org.apache.spark.unsafe.Platform (file:/home/***/.local/lib/python3.6/site-packages/pyspark/jars/spark-unsafe_2.12-3.2.0.jar) to constructor java.nio.DirectByteBuffer(long,int)
[2021-12-07 20:16:24,309] {spark_submit.py:523} INFO - WARNING: Please consider reporting this to the maintainers of org.apache.spark.unsafe.Platform
[2021-12-07 20:16:24,310] {spark_submit.py:523} INFO - WARNING: Use --illegal-access=warn to enable warnings of further illegal reflective access operations
[2021-12-07 20:16:24,311] {spark_submit.py:523} INFO - WARNING: All illegal access operations will be denied in a future release
[2021-12-07 20:16:24,388] {spark_submit.py:523} INFO - Parsed arguments:
[2021-12-07 20:16:24,389] {spark_submit.py:523} INFO - master                  spark://spark:7077
[2021-12-07 20:16:24,390] {spark_submit.py:523} INFO - deployMode              null
[2021-12-07 20:16:24,391] {spark_submit.py:523} INFO - executorMemory          null
[2021-12-07 20:16:24,392] {spark_submit.py:523} INFO - executorCores           null
[2021-12-07 20:16:24,394] {spark_submit.py:523} INFO - totalExecutorCores      null
[2021-12-07 20:16:24,395] {spark_submit.py:523} INFO - propertiesFile          null
[2021-12-07 20:16:24,396] {spark_submit.py:523} INFO - driverMemory            null
[2021-12-07 20:16:24,397] {spark_submit.py:523} INFO - driverCores             null
[2021-12-07 20:16:24,398] {spark_submit.py:523} INFO - driverExtraClassPath    null
[2021-12-07 20:16:24,399] {spark_submit.py:523} INFO - driverExtraLibraryPath  null
[2021-12-07 20:16:24,401] {spark_submit.py:523} INFO - driverExtraJavaOptions  null
[2021-12-07 20:16:24,402] {spark_submit.py:523} INFO - supervise               false
[2021-12-07 20:16:24,403] {spark_submit.py:523} INFO - queue                   null
[2021-12-07 20:16:24,404] {spark_submit.py:523} INFO - numExecutors            null
[2021-12-07 20:16:24,405] {spark_submit.py:523} INFO - files                   null
[2021-12-07 20:16:24,406] {spark_submit.py:523} INFO - pyFiles                 null
[2021-12-07 20:16:24,406] {spark_submit.py:523} INFO - archives                null
[2021-12-07 20:16:24,407] {spark_submit.py:523} INFO - mainClass               null
[2021-12-07 20:16:24,408] {spark_submit.py:523} INFO - primaryResource         file:/opt/***/jobs/get_ads_per_county.py
[2021-12-07 20:16:24,409] {spark_submit.py:523} INFO - name                    scrap data
[2021-12-07 20:16:24,410] {spark_submit.py:523} INFO - childArgs               [wexford]
[2021-12-07 20:16:24,411] {spark_submit.py:523} INFO - jars                    null
[2021-12-07 20:16:24,412] {spark_submit.py:523} INFO - packages                null
[2021-12-07 20:16:24,413] {spark_submit.py:523} INFO - packagesExclusions      null
[2021-12-07 20:16:24,414] {spark_submit.py:523} INFO - repositories            null
[2021-12-07 20:16:24,415] {spark_submit.py:523} INFO - verbose                 true
[2021-12-07 20:16:24,416] {spark_submit.py:523} INFO - 
[2021-12-07 20:16:24,416] {spark_submit.py:523} INFO - Spark properties used, including those specified through
[2021-12-07 20:16:24,418] {spark_submit.py:523} INFO - --conf and those from the properties file null:
[2021-12-07 20:16:24,419] {spark_submit.py:523} INFO - (spark.master,spark://spark:7077)
[2021-12-07 20:16:24,420] {spark_submit.py:523} INFO - 
[2021-12-07 20:16:24,421] {spark_submit.py:523} INFO - 
[2021-12-07 20:16:24,872] {spark_submit.py:523} INFO - Main class:
[2021-12-07 20:16:24,875] {spark_submit.py:523} INFO - org.apache.spark.deploy.PythonRunner
[2021-12-07 20:16:24,877] {spark_submit.py:523} INFO - Arguments:
[2021-12-07 20:16:24,878] {spark_submit.py:523} INFO - file:/opt/***/jobs/get_ads_per_county.py
[2021-12-07 20:16:24,880] {spark_submit.py:523} INFO - null
[2021-12-07 20:16:24,882] {spark_submit.py:523} INFO - wexford
[2021-12-07 20:16:24,887] {spark_submit.py:523} INFO - --verbose
[2021-12-07 20:16:24,889] {spark_submit.py:523} INFO - Spark config:
[2021-12-07 20:16:24,891] {spark_submit.py:523} INFO - (spark.app.name,scrap data)
[2021-12-07 20:16:24,892] {spark_submit.py:523} INFO - (spark.master,spark://spark:7077)
[2021-12-07 20:16:24,893] {spark_submit.py:523} INFO - (spark.submit.pyFiles,)
[2021-12-07 20:16:24,895] {spark_submit.py:523} INFO - (spark.submit.deployMode,client)
[2021-12-07 20:16:24,896] {spark_submit.py:523} INFO - Classpath elements:
[2021-12-07 20:16:24,897] {spark_submit.py:523} INFO - 
[2021-12-07 20:16:24,898] {spark_submit.py:523} INFO - 
[2021-12-07 20:16:24,899] {spark_submit.py:523} INFO - 
[2021-12-07 20:16:26,134] {spark_submit.py:523} INFO - Using Spark's default log4j profile: org/apache/spark/log4j-defaults.properties
[2021-12-07 20:16:26,158] {spark_submit.py:523} INFO - 21/12/07 20:16:26 INFO SparkContext: Running Spark version 3.2.0
[2021-12-07 20:16:26,302] {spark_submit.py:523} INFO - 21/12/07 20:16:26 WARN NativeCodeLoader: Unable to load native-hadoop library for your platform... using builtin-java classes where applicable
[2021-12-07 20:16:26,534] {spark_submit.py:523} INFO - 21/12/07 20:16:26 INFO ResourceUtils: ==============================================================
[2021-12-07 20:16:26,535] {spark_submit.py:523} INFO - 21/12/07 20:16:26 INFO ResourceUtils: No custom resources configured for spark.driver.
[2021-12-07 20:16:26,536] {spark_submit.py:523} INFO - 21/12/07 20:16:26 INFO ResourceUtils: ==============================================================
[2021-12-07 20:16:26,538] {spark_submit.py:523} INFO - 21/12/07 20:16:26 INFO SparkContext: Submitted application: Get Ads per county
[2021-12-07 20:16:26,581] {spark_submit.py:523} INFO - 21/12/07 20:16:26 INFO ResourceProfile: Default ResourceProfile created, executor resources: Map(cores -> name: cores, amount: 1, script: , vendor: , memory -> name: memory, amount: 1024, script: , vendor: , offHeap -> name: offHeap, amount: 0, script: , vendor: ), task resources: Map(cpus -> name: cpus, amount: 1.0)
[2021-12-07 20:16:26,602] {spark_submit.py:523} INFO - 21/12/07 20:16:26 INFO ResourceProfile: Limiting resource is cpu
[2021-12-07 20:16:26,604] {spark_submit.py:523} INFO - 21/12/07 20:16:26 INFO ResourceProfileManager: Added ResourceProfile id: 0
[2021-12-07 20:16:26,713] {spark_submit.py:523} INFO - 21/12/07 20:16:26 INFO SecurityManager: Changing view acls to: ***
[2021-12-07 20:16:26,714] {spark_submit.py:523} INFO - 21/12/07 20:16:26 INFO SecurityManager: Changing modify acls to: ***
[2021-12-07 20:16:26,715] {spark_submit.py:523} INFO - 21/12/07 20:16:26 INFO SecurityManager: Changing view acls groups to:
[2021-12-07 20:16:26,717] {spark_submit.py:523} INFO - 21/12/07 20:16:26 INFO SecurityManager: Changing modify acls groups to:
[2021-12-07 20:16:26,717] {spark_submit.py:523} INFO - 21/12/07 20:16:26 INFO SecurityManager: SecurityManager: authentication disabled; ui acls disabled; users  with view permissions: Set(***); groups with view permissions: Set(); users  with modify permissions: Set(***); groups with modify permissions: Set()
[2021-12-07 20:16:27,201] {spark_submit.py:523} INFO - 21/12/07 20:16:27 INFO Utils: Successfully started service 'sparkDriver' on port 44649.
[2021-12-07 20:16:27,296] {spark_submit.py:523} INFO - 21/12/07 20:16:27 INFO SparkEnv: Registering MapOutputTracker
[2021-12-07 20:16:27,410] {spark_submit.py:523} INFO - 21/12/07 20:16:27 INFO SparkEnv: Registering BlockManagerMaster
[2021-12-07 20:16:27,474] {spark_submit.py:523} INFO - 21/12/07 20:16:27 INFO BlockManagerMasterEndpoint: Using org.apache.spark.storage.DefaultTopologyMapper for getting topology information
[2021-12-07 20:16:27,477] {spark_submit.py:523} INFO - 21/12/07 20:16:27 INFO BlockManagerMasterEndpoint: BlockManagerMasterEndpoint up
[2021-12-07 20:16:27,489] {spark_submit.py:523} INFO - 21/12/07 20:16:27 INFO SparkEnv: Registering BlockManagerMasterHeartbeat
[2021-12-07 20:16:27,549] {spark_submit.py:523} INFO - 21/12/07 20:16:27 INFO DiskBlockManager: Created local directory at /tmp/blockmgr-d88cddbf-894e-4d63-a18d-0e91dbe232fc
[2021-12-07 20:16:27,589] {spark_submit.py:523} INFO - 21/12/07 20:16:27 INFO MemoryStore: MemoryStore started with capacity 434.4 MiB
[2021-12-07 20:16:27,617] {spark_submit.py:523} INFO - 21/12/07 20:16:27 INFO SparkEnv: Registering OutputCommitCoordinator
[2021-12-07 20:16:27,943] {spark_submit.py:523} INFO - 21/12/07 20:16:27 INFO Utils: Successfully started service 'SparkUI' on port 4040.
[2021-12-07 20:16:28,047] {spark_submit.py:523} INFO - 21/12/07 20:16:28 INFO SparkUI: Bound SparkUI to 0.0.0.0, and started at http://041e6f8654c3:4040
[2021-12-07 20:16:28,450] {spark_submit.py:523} INFO - 21/12/07 20:16:28 INFO StandaloneAppClient$ClientEndpoint: Connecting to master spark://spark:7077...
[2021-12-07 20:16:28,581] {spark_submit.py:523} INFO - 21/12/07 20:16:28 INFO TransportClientFactory: Successfully created connection to spark/172.31.0.4:7077 after 84 ms (0 ms spent in bootstraps)
[2021-12-07 20:16:28,760] {spark_submit.py:523} INFO - 21/12/07 20:16:28 INFO StandaloneSchedulerBackend: Connected to Spark cluster with app ID app-20211207201628-0047
[2021-12-07 20:16:28,767] {spark_submit.py:523} INFO - 21/12/07 20:16:28 INFO StandaloneAppClient$ClientEndpoint: Executor added: app-20211207201628-0047/0 on worker-20211207194546-172.31.0.5-40317 (172.31.0.5:40317) with 6 core(s)
[2021-12-07 20:16:28,781] {spark_submit.py:523} INFO - 21/12/07 20:16:28 INFO StandaloneSchedulerBackend: Granted executor ID app-20211207201628-0047/0 on hostPort 172.31.0.5:40317 with 6 core(s), 1024.0 MiB RAM
[2021-12-07 20:16:28,785] {spark_submit.py:523} INFO - 21/12/07 20:16:28 INFO StandaloneAppClient$ClientEndpoint: Executor added: app-20211207201628-0047/1 on worker-20211207194546-172.31.0.6-46445 (172.31.0.6:46445) with 6 core(s)
[2021-12-07 20:16:28,790] {spark_submit.py:523} INFO - 21/12/07 20:16:28 INFO Utils: Successfully started service 'org.apache.spark.network.netty.NettyBlockTransferService' on port 46507.
[2021-12-07 20:16:28,793] {spark_submit.py:523} INFO - 21/12/07 20:16:28 INFO NettyBlockTransferService: Server created on 041e6f8654c3:46507
[2021-12-07 20:16:28,796] {spark_submit.py:523} INFO - 21/12/07 20:16:28 INFO StandaloneSchedulerBackend: Granted executor ID app-20211207201628-0047/1 on hostPort 172.31.0.6:46445 with 6 core(s), 1024.0 MiB RAM
[2021-12-07 20:16:28,799] {spark_submit.py:523} INFO - 21/12/07 20:16:28 INFO BlockManager: Using org.apache.spark.storage.RandomBlockReplicationPolicy for block replication policy
[2021-12-07 20:16:28,825] {spark_submit.py:523} INFO - 21/12/07 20:16:28 INFO BlockManagerMaster: Registering BlockManager BlockManagerId(driver, 041e6f8654c3, 46507, None)
[2021-12-07 20:16:28,846] {spark_submit.py:523} INFO - 21/12/07 20:16:28 INFO BlockManagerMasterEndpoint: Registering block manager 041e6f8654c3:46507 with 434.4 MiB RAM, BlockManagerId(driver, 041e6f8654c3, 46507, None)
[2021-12-07 20:16:28,859] {spark_submit.py:523} INFO - 21/12/07 20:16:28 INFO BlockManagerMaster: Registered BlockManager BlockManagerId(driver, 041e6f8654c3, 46507, None)
[2021-12-07 20:16:28,864] {spark_submit.py:523} INFO - 21/12/07 20:16:28 INFO BlockManager: Initialized BlockManager: BlockManagerId(driver, 041e6f8654c3, 46507, None)
[2021-12-07 20:16:28,928] {spark_submit.py:523} INFO - 21/12/07 20:16:28 INFO StandaloneAppClient$ClientEndpoint: Executor updated: app-20211207201628-0047/0 is now RUNNING
[2021-12-07 20:16:28,980] {spark_submit.py:523} INFO - 21/12/07 20:16:28 INFO StandaloneAppClient$ClientEndpoint: Executor updated: app-20211207201628-0047/1 is now RUNNING
[2021-12-07 20:16:29,333] {spark_submit.py:523} INFO - 21/12/07 20:16:29 INFO StandaloneSchedulerBackend: SchedulerBackend is ready for scheduling beginning after reached minRegisteredResourcesRatio: 0.0
[2021-12-07 20:16:29,419] {spark_submit.py:523} INFO - /home/***/.local/lib/python3.6/site-packages/pyspark/python/lib/pyspark.zip/pyspark/context.py:238: FutureWarning: Python 3.6 support is deprecated in Spark 3.2.
[2021-12-07 20:16:29,423] {spark_submit.py:523} INFO - FutureWarning
[2021-12-07 20:16:30,108] {spark_submit.py:523} INFO - 21/12/07 20:16:30 INFO SharedState: Setting hive.metastore.warehouse.dir ('null') to the value of spark.sql.warehouse.dir.
[2021-12-07 20:16:30,188] {spark_submit.py:523} INFO - 21/12/07 20:16:30 INFO SharedState: Warehouse path is 'file:/opt/***/spark-warehouse'.
[2021-12-07 20:16:34,252] {spark_submit.py:523} INFO - 21/12/07 20:16:34 INFO CoarseGrainedSchedulerBackend$DriverEndpoint: Registered executor NettyRpcEndpointRef(spark-client://Executor) (172.31.0.5:58874) with ID 0,  ResourceProfileId 0
[2021-12-07 20:16:34,353] {spark_submit.py:523} INFO - 21/12/07 20:16:34 INFO CoarseGrainedSchedulerBackend$DriverEndpoint: Registered executor NettyRpcEndpointRef(spark-client://Executor) (172.31.0.6:36286) with ID 1,  ResourceProfileId 0
[2021-12-07 20:16:34,578] {spark_submit.py:523} INFO - 21/12/07 20:16:34 INFO BlockManagerMasterEndpoint: Registering block manager 172.31.0.5:37379 with 366.3 MiB RAM, BlockManagerId(0, 172.31.0.5, 37379, None)
[2021-12-07 20:16:34,697] {spark_submit.py:523} INFO - 21/12/07 20:16:34 INFO BlockManagerMasterEndpoint: Registering block manager 172.31.0.6:46325 with 366.3 MiB RAM, BlockManagerId(1, 172.31.0.6, 46325, None)
[2021-12-07 20:16:45,179] {spark_submit.py:523} INFO - running...
[2021-12-07 20:16:45,851] {spark_submit.py:523} INFO - running...
[2021-12-07 20:16:46,886] {spark_submit.py:523} INFO - running...
[2021-12-07 20:16:47,831] {spark_submit.py:523} INFO - running...
[2021-12-07 20:16:49,254] {spark_submit.py:523} INFO - running...
[2021-12-07 20:16:50,112] {spark_submit.py:523} INFO - running...
[2021-12-07 20:16:51,222] {spark_submit.py:523} INFO - running...
[2021-12-07 20:16:52,150] {spark_submit.py:523} INFO - running...
[2021-12-07 20:16:52,948] {spark_submit.py:523} INFO - running...
[2021-12-07 20:16:53,940] {spark_submit.py:523} INFO - running...
[2021-12-07 20:16:54,747] {spark_submit.py:523} INFO - running...
[2021-12-07 20:16:55,539] {spark_submit.py:523} INFO - running...
[2021-12-07 20:16:56,856] {spark_submit.py:523} INFO - running...
[2021-12-07 20:16:57,663] {spark_submit.py:523} INFO - running...
[2021-12-07 20:16:58,465] {spark_submit.py:523} INFO - running...
[2021-12-07 20:16:59,244] {spark_submit.py:523} INFO - running...
[2021-12-07 20:16:59,902] {spark_submit.py:523} INFO - running...
[2021-12-07 20:17:00,981] {spark_submit.py:523} INFO - running...
[2021-12-07 20:17:01,668] {spark_submit.py:523} INFO - running...
[2021-12-07 20:17:02,515] {spark_submit.py:523} INFO - running...
[2021-12-07 20:17:05,820] {spark_submit.py:523} INFO - running...
[2021-12-07 20:17:06,645] {spark_submit.py:523} INFO - running...
[2021-12-07 20:17:07,379] {spark_submit.py:523} INFO - running...
[2021-12-07 20:17:08,289] {spark_submit.py:523} INFO - running...
[2021-12-07 20:17:08,902] {spark_submit.py:523} INFO - running...
[2021-12-07 20:17:09,991] {spark_submit.py:523} INFO - running...
[2021-12-07 20:17:12,417] {spark_submit.py:523} INFO - running...
[2021-12-07 20:17:14,734] {spark_submit.py:523} INFO - running...
[2021-12-07 20:17:18,826] {spark_submit.py:523} INFO - running...
[2021-12-07 20:17:21,636] {spark_submit.py:523} INFO - running...
[2021-12-07 20:17:23,563] {spark_submit.py:523} INFO - running...
[2021-12-07 20:17:26,254] {spark_submit.py:523} INFO - running...
[2021-12-07 20:17:28,419] {spark_submit.py:523} INFO - running...
[2021-12-07 20:17:30,491] {spark_submit.py:523} INFO - running...
[2021-12-07 20:17:35,376] {spark_submit.py:523} INFO - 21/12/07 20:17:35 INFO SparkContext: Invoking stop() from shutdown hook
[2021-12-07 20:17:35,394] {spark_submit.py:523} INFO - 21/12/07 20:17:35 INFO SparkUI: Stopped Spark web UI at http://041e6f8654c3:4040
[2021-12-07 20:17:35,413] {spark_submit.py:523} INFO - 21/12/07 20:17:35 INFO StandaloneSchedulerBackend: Shutting down all executors
[2021-12-07 20:17:35,418] {spark_submit.py:523} INFO - 21/12/07 20:17:35 INFO CoarseGrainedSchedulerBackend$DriverEndpoint: Asking each executor to shut down
[2021-12-07 20:17:35,473] {spark_submit.py:523} INFO - 21/12/07 20:17:35 INFO MapOutputTrackerMasterEndpoint: MapOutputTrackerMasterEndpoint stopped!
[2021-12-07 20:17:35,525] {spark_submit.py:523} INFO - 21/12/07 20:17:35 INFO MemoryStore: MemoryStore cleared
[2021-12-07 20:17:35,527] {spark_submit.py:523} INFO - 21/12/07 20:17:35 INFO BlockManager: BlockManager stopped
[2021-12-07 20:17:35,543] {spark_submit.py:523} INFO - 21/12/07 20:17:35 INFO BlockManagerMaster: BlockManagerMaster stopped
[2021-12-07 20:17:35,551] {spark_submit.py:523} INFO - 21/12/07 20:17:35 INFO OutputCommitCoordinator$OutputCommitCoordinatorEndpoint: OutputCommitCoordinator stopped!
[2021-12-07 20:17:35,568] {spark_submit.py:523} INFO - 21/12/07 20:17:35 INFO SparkContext: Successfully stopped SparkContext
[2021-12-07 20:17:35,569] {spark_submit.py:523} INFO - 21/12/07 20:17:35 INFO ShutdownHookManager: Shutdown hook called
[2021-12-07 20:17:35,571] {spark_submit.py:523} INFO - 21/12/07 20:17:35 INFO ShutdownHookManager: Deleting directory /tmp/spark-e3318cea-1293-416e-a157-78ff51cb46d7
[2021-12-07 20:17:35,577] {spark_submit.py:523} INFO - 21/12/07 20:17:35 INFO ShutdownHookManager: Deleting directory /tmp/spark-e3318cea-1293-416e-a157-78ff51cb46d7/pyspark-52b1a217-2e42-4878-9a5b-a7c6abf1a589
[2021-12-07 20:17:35,582] {spark_submit.py:523} INFO - 21/12/07 20:17:35 INFO ShutdownHookManager: Deleting directory /tmp/spark-aa41ce3d-d013-4112-af1b-a54c75970bd2
[2021-12-07 20:17:35,741] {taskinstance.py:1280} INFO - Marking task as SUCCESS. dag_id=scraping_daft_wexford, task_id=scrap_data, execution_date=20211207T201618, start_date=20211207T201621, end_date=20211207T201735
[2021-12-07 20:17:35,793] {local_task_job.py:154} INFO - Task exited with return code 0
[2021-12-07 20:17:35,964] {local_task_job.py:264} INFO - 1 downstream tasks scheduled from follow-on schedule check
