[2021-12-15 08:51:29,138] {taskinstance.py:1035} INFO - Dependencies all met for <TaskInstance: scraping_daft_tipperary.run_init_county scheduled__2021-12-14T05:30:00+00:00 [queued]>
[2021-12-15 08:51:29,437] {taskinstance.py:1035} INFO - Dependencies all met for <TaskInstance: scraping_daft_tipperary.run_init_county scheduled__2021-12-14T05:30:00+00:00 [queued]>
[2021-12-15 08:51:29,487] {taskinstance.py:1241} INFO - 
--------------------------------------------------------------------------------
[2021-12-15 08:51:29,497] {taskinstance.py:1242} INFO - Starting attempt 1 of 4
[2021-12-15 08:51:29,502] {taskinstance.py:1243} INFO - 
--------------------------------------------------------------------------------
[2021-12-15 08:51:29,728] {taskinstance.py:1262} INFO - Executing <Task(_PythonDecoratedOperator): run_init_county> on 2021-12-14 05:30:00+00:00
[2021-12-15 08:51:29,822] {standard_task_runner.py:76} INFO - Running: ['***', 'tasks', 'run', 'scraping_daft_tipperary', 'run_init_county', 'scheduled__2021-12-14T05:30:00+00:00', '--job-id', '2281', '--raw', '--subdir', 'DAGS_FOLDER/scraping_daft_tipperary.py', '--cfg-path', '/tmp/tmp4w4cqu9r', '--error-file', '/tmp/tmp9hlngwfz']
[2021-12-15 08:51:29,861] {standard_task_runner.py:77} INFO - Job 2281: Subtask run_init_county
[2021-12-15 08:51:29,777] {standard_task_runner.py:52} INFO - Started process 96 to run task
[2021-12-15 08:51:30,599] {logging_mixin.py:109} INFO - Running <TaskInstance: scraping_daft_tipperary.run_init_county scheduled__2021-12-14T05:30:00+00:00 [running]> on host e2904d252e94
[2021-12-15 08:51:31,809] {taskinstance.py:1429} INFO - Exporting the following env vars:
AIRFLOW_CTX_DAG_EMAIL=clement.liscoet@gmail.com
AIRFLOW_CTX_DAG_OWNER=clemoni
AIRFLOW_CTX_DAG_ID=scraping_daft_tipperary
AIRFLOW_CTX_TASK_ID=run_init_county
AIRFLOW_CTX_EXECUTION_DATE=2021-12-14T05:30:00+00:00
AIRFLOW_CTX_DAG_RUN_ID=scheduled__2021-12-14T05:30:00+00:00
[2021-12-15 08:51:32,008] {python.py:152} INFO - Done. Returned value was: None
[2021-12-15 08:51:32,356] {taskinstance.py:1280} INFO - Marking task as SUCCESS. dag_id=scraping_daft_tipperary, task_id=run_init_county, execution_date=20211214T053000, start_date=20211215T085129, end_date=20211215T085132
[2021-12-15 08:51:32,569] {local_task_job.py:154} INFO - Task exited with return code 0
[2021-12-15 08:51:33,647] {local_task_job.py:264} INFO - 1 downstream tasks scheduled from follow-on schedule check
