[2021-12-15 10:25:01,447] {taskinstance.py:1035} INFO - Dependencies all met for <TaskInstance: scraping_daft_meath.run_init_county scheduled__2021-12-14T10:35:00+00:00 [queued]>
[2021-12-15 10:25:01,463] {taskinstance.py:1035} INFO - Dependencies all met for <TaskInstance: scraping_daft_meath.run_init_county scheduled__2021-12-14T10:35:00+00:00 [queued]>
[2021-12-15 10:25:01,463] {taskinstance.py:1241} INFO - 
--------------------------------------------------------------------------------
[2021-12-15 10:25:01,464] {taskinstance.py:1242} INFO - Starting attempt 1 of 4
[2021-12-15 10:25:01,465] {taskinstance.py:1243} INFO - 
--------------------------------------------------------------------------------
[2021-12-15 10:25:01,480] {taskinstance.py:1262} INFO - Executing <Task(_PythonDecoratedOperator): run_init_county> on 2021-12-14 10:35:00+00:00
[2021-12-15 10:25:01,487] {standard_task_runner.py:76} INFO - Running: ['***', 'tasks', 'run', 'scraping_daft_meath', 'run_init_county', 'scheduled__2021-12-14T10:35:00+00:00', '--job-id', '2515', '--raw', '--subdir', 'DAGS_FOLDER/scraping_daft_meath.py', '--cfg-path', '/tmp/tmp7ja637ic', '--error-file', '/tmp/tmp4zph6rwo']
[2021-12-15 10:25:01,489] {standard_task_runner.py:77} INFO - Job 2515: Subtask run_init_county
[2021-12-15 10:25:01,484] {standard_task_runner.py:52} INFO - Started process 21121 to run task
[2021-12-15 10:25:01,567] {logging_mixin.py:109} INFO - Running <TaskInstance: scraping_daft_meath.run_init_county scheduled__2021-12-14T10:35:00+00:00 [running]> on host e2904d252e94
[2021-12-15 10:25:01,689] {taskinstance.py:1429} INFO - Exporting the following env vars:
AIRFLOW_CTX_DAG_EMAIL=clement.liscoet@gmail.com
AIRFLOW_CTX_DAG_OWNER=clemoni
AIRFLOW_CTX_DAG_ID=scraping_daft_meath
AIRFLOW_CTX_TASK_ID=run_init_county
AIRFLOW_CTX_EXECUTION_DATE=2021-12-14T10:35:00+00:00
AIRFLOW_CTX_DAG_RUN_ID=scheduled__2021-12-14T10:35:00+00:00
[2021-12-15 10:25:01,714] {python.py:152} INFO - Done. Returned value was: None
[2021-12-15 10:25:01,751] {taskinstance.py:1280} INFO - Marking task as SUCCESS. dag_id=scraping_daft_meath, task_id=run_init_county, execution_date=20211214T103500, start_date=20211215T102501, end_date=20211215T102501
[2021-12-15 10:25:01,786] {local_task_job.py:154} INFO - Task exited with return code 0
[2021-12-15 10:25:01,889] {local_task_job.py:264} INFO - 1 downstream tasks scheduled from follow-on schedule check
