[2021-12-09 03:15:49,709] {taskinstance.py:1035} INFO - Dependencies all met for <TaskInstance: scraping_daft_limerick.get_reporting scheduled__2021-12-08T03:15:00+00:00 [queued]>
[2021-12-09 03:15:49,726] {taskinstance.py:1035} INFO - Dependencies all met for <TaskInstance: scraping_daft_limerick.get_reporting scheduled__2021-12-08T03:15:00+00:00 [queued]>
[2021-12-09 03:15:49,727] {taskinstance.py:1241} INFO - 
--------------------------------------------------------------------------------
[2021-12-09 03:15:49,728] {taskinstance.py:1242} INFO - Starting attempt 1 of 3
[2021-12-09 03:15:49,729] {taskinstance.py:1243} INFO - 
--------------------------------------------------------------------------------
[2021-12-09 03:15:49,745] {taskinstance.py:1262} INFO - Executing <Task(_PythonDecoratedOperator): get_reporting> on 2021-12-08 03:15:00+00:00
[2021-12-09 03:15:49,754] {standard_task_runner.py:76} INFO - Running: ['***', 'tasks', 'run', 'scraping_daft_limerick', 'get_reporting', 'scheduled__2021-12-08T03:15:00+00:00', '--job-id', '819', '--raw', '--subdir', 'DAGS_FOLDER/scraping_daft_limerick.py', '--cfg-path', '/tmp/tmpyy30ef12', '--error-file', '/tmp/tmpansn2oaq']
[2021-12-09 03:15:49,756] {standard_task_runner.py:77} INFO - Job 819: Subtask get_reporting
[2021-12-09 03:15:49,750] {standard_task_runner.py:52} INFO - Started process 56363 to run task
[2021-12-09 03:15:49,871] {logging_mixin.py:109} INFO - Running <TaskInstance: scraping_daft_limerick.get_reporting scheduled__2021-12-08T03:15:00+00:00 [running]> on host 041e6f8654c3
[2021-12-09 03:15:50,024] {taskinstance.py:1429} INFO - Exporting the following env vars:
AIRFLOW_CTX_DAG_EMAIL=***@example.com
AIRFLOW_CTX_DAG_OWNER=clemoni
AIRFLOW_CTX_DAG_ID=scraping_daft_limerick
AIRFLOW_CTX_TASK_ID=get_reporting
AIRFLOW_CTX_EXECUTION_DATE=2021-12-08T03:15:00+00:00
AIRFLOW_CTX_DAG_RUN_ID=scheduled__2021-12-08T03:15:00+00:00
[2021-12-09 03:15:50,056] {logging_mixin.py:109} INFO - limerick
[2021-12-09 03:15:50,081] {base.py:79} INFO - Using connection to: id: postgres_db. Host: postgres, Port: 5432, Schema: scraping_daft, Login: ***, Password: ***, extra: {}
[2021-12-09 03:15:50,127] {python.py:152} INFO - Done. Returned value was: None
[2021-12-09 03:15:50,166] {taskinstance.py:1280} INFO - Marking task as SUCCESS. dag_id=scraping_daft_limerick, task_id=get_reporting, execution_date=20211208T031500, start_date=20211209T031549, end_date=20211209T031550
[2021-12-09 03:15:50,220] {local_task_job.py:154} INFO - Task exited with return code 0
[2021-12-09 03:15:50,313] {local_task_job.py:264} INFO - 1 downstream tasks scheduled from follow-on schedule check
