[2022-01-03 12:08:35,267] {taskinstance.py:1035} INFO - Dependencies all met for <TaskInstance: scraping_daft_roscommon.remove_file scheduled__2022-01-02T10:40:00+00:00 [queued]>
[2022-01-03 12:08:35,342] {taskinstance.py:1035} INFO - Dependencies all met for <TaskInstance: scraping_daft_roscommon.remove_file scheduled__2022-01-02T10:40:00+00:00 [queued]>
[2022-01-03 12:08:35,343] {taskinstance.py:1241} INFO - 
--------------------------------------------------------------------------------
[2022-01-03 12:08:35,345] {taskinstance.py:1242} INFO - Starting attempt 1 of 4
[2022-01-03 12:08:35,346] {taskinstance.py:1243} INFO - 
--------------------------------------------------------------------------------
[2022-01-03 12:08:35,457] {taskinstance.py:1262} INFO - Executing <Task(SparkSubmitOperator): remove_file> on 2022-01-02 10:40:00+00:00
[2022-01-03 12:08:35,520] {standard_task_runner.py:76} INFO - Running: ['***', 'tasks', 'run', 'scraping_daft_roscommon', 'remove_file', 'scheduled__2022-01-02T10:40:00+00:00', '--job-id', '6441', '--raw', '--subdir', 'DAGS_FOLDER/scraping_daft_roscommon.py', '--cfg-path', '/tmp/tmp5muquue2', '--error-file', '/tmp/tmpb6u40oll']
[2022-01-03 12:08:35,533] {standard_task_runner.py:77} INFO - Job 6441: Subtask remove_file
[2022-01-03 12:08:35,486] {standard_task_runner.py:52} INFO - Started process 13298 to run task
[2022-01-03 12:08:35,860] {logging_mixin.py:109} INFO - Running <TaskInstance: scraping_daft_roscommon.remove_file scheduled__2022-01-02T10:40:00+00:00 [running]> on host bbddfc72aeab
[2022-01-03 12:08:36,969] {taskinstance.py:1429} INFO - Exporting the following env vars:
AIRFLOW_CTX_DAG_EMAIL=clement.liscoet@gmail.com
AIRFLOW_CTX_DAG_OWNER=clemoni
AIRFLOW_CTX_DAG_ID=scraping_daft_roscommon
AIRFLOW_CTX_TASK_ID=remove_file
AIRFLOW_CTX_EXECUTION_DATE=2022-01-02T10:40:00+00:00
AIRFLOW_CTX_DAG_RUN_ID=scheduled__2022-01-02T10:40:00+00:00
[2022-01-03 12:08:37,143] {base.py:79} INFO - Using connection to: id: spark_default. Host: spark://spark:7077, Port: None, Schema: , Login: ***, Password: ***, extra: {}
[2022-01-03 12:08:37,168] {spark_submit.py:360} INFO - Spark-Submit cmd: spark-submit --master spark://spark:7077 --conf spark.master=spark://spark:7077 --name remove file --verbose /opt/***/jobs/remove_file.py roscommon
[2022-01-03 12:09:01,220] {spark_submit.py:514} INFO - Using properties file: null
[2022-01-03 12:09:02,564] {spark_submit.py:514} INFO - WARNING: An illegal reflective access operation has occurred
[2022-01-03 12:09:02,568] {spark_submit.py:514} INFO - WARNING: Illegal reflective access by org.apache.spark.unsafe.Platform (file:/home/***/.local/lib/python3.6/site-packages/pyspark/jars/spark-unsafe_2.12-3.2.0.jar) to constructor java.nio.DirectByteBuffer(long,int)
[2022-01-03 12:09:02,570] {spark_submit.py:514} INFO - WARNING: Please consider reporting this to the maintainers of org.apache.spark.unsafe.Platform
[2022-01-03 12:09:02,571] {spark_submit.py:514} INFO - WARNING: Use --illegal-access=warn to enable warnings of further illegal reflective access operations
[2022-01-03 12:09:02,573] {spark_submit.py:514} INFO - WARNING: All illegal access operations will be denied in a future release
[2022-01-03 12:09:03,924] {spark_submit.py:514} INFO - Parsed arguments:
[2022-01-03 12:09:03,927] {spark_submit.py:514} INFO - master                  spark://spark:7077
[2022-01-03 12:09:03,929] {spark_submit.py:514} INFO - deployMode              null
[2022-01-03 12:09:03,934] {spark_submit.py:514} INFO - executorMemory          null
[2022-01-03 12:09:03,938] {spark_submit.py:514} INFO - executorCores           null
[2022-01-03 12:09:03,943] {spark_submit.py:514} INFO - totalExecutorCores      null
[2022-01-03 12:09:03,949] {spark_submit.py:514} INFO - propertiesFile          null
[2022-01-03 12:09:03,951] {spark_submit.py:514} INFO - driverMemory            null
[2022-01-03 12:09:03,954] {spark_submit.py:514} INFO - driverCores             null
[2022-01-03 12:09:03,959] {spark_submit.py:514} INFO - driverExtraClassPath    null
[2022-01-03 12:09:03,964] {spark_submit.py:514} INFO - driverExtraLibraryPath  null
[2022-01-03 12:09:03,971] {spark_submit.py:514} INFO - driverExtraJavaOptions  null
[2022-01-03 12:09:03,973] {spark_submit.py:514} INFO - supervise               false
[2022-01-03 12:09:03,975] {spark_submit.py:514} INFO - queue                   null
[2022-01-03 12:09:03,977] {spark_submit.py:514} INFO - numExecutors            null
[2022-01-03 12:09:03,979] {spark_submit.py:514} INFO - files                   null
[2022-01-03 12:09:03,985] {spark_submit.py:514} INFO - pyFiles                 null
[2022-01-03 12:09:03,989] {spark_submit.py:514} INFO - archives                null
[2022-01-03 12:09:03,992] {spark_submit.py:514} INFO - mainClass               null
[2022-01-03 12:09:03,996] {spark_submit.py:514} INFO - primaryResource         file:/opt/***/jobs/remove_file.py
[2022-01-03 12:09:04,001] {spark_submit.py:514} INFO - name                    remove file
[2022-01-03 12:09:04,005] {spark_submit.py:514} INFO - childArgs               [roscommon]
[2022-01-03 12:09:04,007] {spark_submit.py:514} INFO - jars                    null
[2022-01-03 12:09:04,010] {spark_submit.py:514} INFO - packages                null
[2022-01-03 12:09:04,013] {spark_submit.py:514} INFO - packagesExclusions      null
[2022-01-03 12:09:04,021] {spark_submit.py:514} INFO - repositories            null
[2022-01-03 12:09:04,025] {spark_submit.py:514} INFO - verbose                 true
[2022-01-03 12:09:04,026] {spark_submit.py:514} INFO - 
[2022-01-03 12:09:04,029] {spark_submit.py:514} INFO - Spark properties used, including those specified through
[2022-01-03 12:09:04,033] {spark_submit.py:514} INFO - --conf and those from the properties file null:
[2022-01-03 12:09:04,036] {spark_submit.py:514} INFO - (spark.master,spark://spark:7077)
[2022-01-03 12:09:04,041] {spark_submit.py:514} INFO - 
[2022-01-03 12:09:04,043] {spark_submit.py:514} INFO - 
[2022-01-03 12:09:10,019] {spark_submit.py:514} INFO - Main class:
[2022-01-03 12:09:10,023] {spark_submit.py:514} INFO - org.apache.spark.deploy.PythonRunner
[2022-01-03 12:09:10,028] {spark_submit.py:514} INFO - Arguments:
[2022-01-03 12:09:10,037] {spark_submit.py:514} INFO - file:/opt/***/jobs/remove_file.py
[2022-01-03 12:09:10,048] {spark_submit.py:514} INFO - null
[2022-01-03 12:09:10,058] {spark_submit.py:514} INFO - roscommon
[2022-01-03 12:09:10,062] {spark_submit.py:514} INFO - --verbose
[2022-01-03 12:09:10,074] {spark_submit.py:514} INFO - Spark config:
[2022-01-03 12:09:10,077] {spark_submit.py:514} INFO - (spark.app.name,remove file)
[2022-01-03 12:09:10,116] {spark_submit.py:514} INFO - (spark.master,spark://spark:7077)
[2022-01-03 12:09:10,131] {spark_submit.py:514} INFO - (spark.submit.pyFiles,)
[2022-01-03 12:09:10,139] {spark_submit.py:514} INFO - (spark.submit.deployMode,client)
[2022-01-03 12:09:10,161] {spark_submit.py:514} INFO - Classpath elements:
[2022-01-03 12:09:10,174] {spark_submit.py:514} INFO - 
[2022-01-03 12:09:10,178] {spark_submit.py:514} INFO - 
[2022-01-03 12:09:10,196] {spark_submit.py:514} INFO - 
[2022-01-03 12:09:19,982] {spark_submit.py:514} INFO - Using Spark's default log4j profile: org/apache/spark/log4j-defaults.properties
[2022-01-03 12:09:20,165] {spark_submit.py:514} INFO - 22/01/03 12:09:20 INFO SparkContext: Running Spark version 3.2.0
[2022-01-03 12:09:20,782] {spark_submit.py:514} INFO - 22/01/03 12:09:20 WARN NativeCodeLoader: Unable to load native-hadoop library for your platform... using builtin-java classes where applicable
[2022-01-03 12:09:22,273] {spark_submit.py:514} INFO - 22/01/03 12:09:22 INFO ResourceUtils: ==============================================================
[2022-01-03 12:09:22,277] {spark_submit.py:514} INFO - 22/01/03 12:09:22 INFO ResourceUtils: No custom resources configured for spark.driver.
[2022-01-03 12:09:22,283] {spark_submit.py:514} INFO - 22/01/03 12:09:22 INFO ResourceUtils: ==============================================================
[2022-01-03 12:09:22,285] {spark_submit.py:514} INFO - 22/01/03 12:09:22 INFO SparkContext: Submitted application: Remove file
[2022-01-03 12:09:22,511] {spark_submit.py:514} INFO - 22/01/03 12:09:22 INFO ResourceProfile: Default ResourceProfile created, executor resources: Map(cores -> name: cores, amount: 1, script: , vendor: , memory -> name: memory, amount: 1024, script: , vendor: , offHeap -> name: offHeap, amount: 0, script: , vendor: ), task resources: Map(cpus -> name: cpus, amount: 1.0)
[2022-01-03 12:09:22,678] {spark_submit.py:514} INFO - 22/01/03 12:09:22 INFO ResourceProfile: Limiting resource is cpu
[2022-01-03 12:09:22,699] {spark_submit.py:514} INFO - 22/01/03 12:09:22 INFO ResourceProfileManager: Added ResourceProfile id: 0
[2022-01-03 12:09:23,447] {spark_submit.py:514} INFO - 22/01/03 12:09:23 INFO SecurityManager: Changing view acls to: ***
[2022-01-03 12:09:23,450] {spark_submit.py:514} INFO - 22/01/03 12:09:23 INFO SecurityManager: Changing modify acls to: ***
[2022-01-03 12:09:23,459] {spark_submit.py:514} INFO - 22/01/03 12:09:23 INFO SecurityManager: Changing view acls groups to:
[2022-01-03 12:09:23,461] {spark_submit.py:514} INFO - 22/01/03 12:09:23 INFO SecurityManager: Changing modify acls groups to:
[2022-01-03 12:09:23,473] {spark_submit.py:514} INFO - 22/01/03 12:09:23 INFO SecurityManager: SecurityManager: authentication disabled; ui acls disabled; users  with view permissions: Set(***); groups with view permissions: Set(); users  with modify permissions: Set(***); groups with modify permissions: Set()
[2022-01-03 12:09:28,924] {spark_submit.py:514} INFO - 22/01/03 12:09:28 INFO Utils: Successfully started service 'sparkDriver' on port 45635.
[2022-01-03 12:09:29,723] {spark_submit.py:514} INFO - 22/01/03 12:09:29 INFO SparkEnv: Registering MapOutputTracker
[2022-01-03 12:09:29,893] {spark_submit.py:514} INFO - 22/01/03 12:09:29 INFO SparkEnv: Registering BlockManagerMaster
[2022-01-03 12:09:30,105] {spark_submit.py:514} INFO - 22/01/03 12:09:30 INFO BlockManagerMasterEndpoint: Using org.apache.spark.storage.DefaultTopologyMapper for getting topology information
[2022-01-03 12:09:30,107] {spark_submit.py:514} INFO - 22/01/03 12:09:30 INFO BlockManagerMasterEndpoint: BlockManagerMasterEndpoint up
[2022-01-03 12:09:30,170] {spark_submit.py:514} INFO - 22/01/03 12:09:30 INFO SparkEnv: Registering BlockManagerMasterHeartbeat
[2022-01-03 12:09:30,377] {spark_submit.py:514} INFO - 22/01/03 12:09:30 INFO DiskBlockManager: Created local directory at /tmp/blockmgr-e97290bd-51e9-4522-bf70-a40dbd45aed5
[2022-01-03 12:09:30,523] {spark_submit.py:514} INFO - 22/01/03 12:09:30 INFO MemoryStore: MemoryStore started with capacity 434.4 MiB
[2022-01-03 12:09:30,711] {spark_submit.py:514} INFO - 22/01/03 12:09:30 INFO SparkEnv: Registering OutputCommitCoordinator
[2022-01-03 12:09:32,256] {spark_submit.py:514} INFO - 22/01/03 12:09:32 WARN Utils: Service 'SparkUI' could not bind on port 4040. Attempting port 4041.
[2022-01-03 12:09:32,257] {spark_submit.py:514} INFO - 22/01/03 12:09:32 WARN Utils: Service 'SparkUI' could not bind on port 4041. Attempting port 4042.
[2022-01-03 12:09:32,371] {spark_submit.py:514} INFO - 22/01/03 12:09:32 INFO Utils: Successfully started service 'SparkUI' on port 4042.
[2022-01-03 12:09:32,878] {spark_submit.py:514} INFO - 22/01/03 12:09:32 INFO SparkUI: Bound SparkUI to 0.0.0.0, and started at http://bbddfc72aeab:4042
[2022-01-03 12:09:34,608] {spark_submit.py:514} INFO - 22/01/03 12:09:34 INFO StandaloneAppClient$ClientEndpoint: Connecting to master spark://spark:7077...
[2022-01-03 12:09:35,037] {spark_submit.py:514} INFO - 22/01/03 12:09:35 INFO TransportClientFactory: Successfully created connection to spark/172.22.0.4:7077 after 258 ms (0 ms spent in bootstraps)
[2022-01-03 12:09:36,077] {spark_submit.py:514} INFO - 22/01/03 12:09:36 INFO StandaloneSchedulerBackend: Connected to Spark cluster with app ID app-20220103120936-0177
[2022-01-03 12:09:36,248] {spark_submit.py:514} INFO - 22/01/03 12:09:36 INFO Utils: Successfully started service 'org.apache.spark.network.netty.NettyBlockTransferService' on port 42945.
[2022-01-03 12:09:36,249] {spark_submit.py:514} INFO - 22/01/03 12:09:36 INFO NettyBlockTransferService: Server created on bbddfc72aeab:42945
[2022-01-03 12:09:36,256] {spark_submit.py:514} INFO - 22/01/03 12:09:36 INFO BlockManager: Using org.apache.spark.storage.RandomBlockReplicationPolicy for block replication policy
[2022-01-03 12:09:36,291] {spark_submit.py:514} INFO - 22/01/03 12:09:36 INFO BlockManagerMaster: Registering BlockManager BlockManagerId(driver, bbddfc72aeab, 42945, None)
[2022-01-03 12:09:36,313] {spark_submit.py:514} INFO - 22/01/03 12:09:36 INFO BlockManagerMasterEndpoint: Registering block manager bbddfc72aeab:42945 with 434.4 MiB RAM, BlockManagerId(driver, bbddfc72aeab, 42945, None)
[2022-01-03 12:09:36,331] {spark_submit.py:514} INFO - 22/01/03 12:09:36 INFO BlockManagerMaster: Registered BlockManager BlockManagerId(driver, bbddfc72aeab, 42945, None)
[2022-01-03 12:09:36,335] {spark_submit.py:514} INFO - 22/01/03 12:09:36 INFO BlockManager: Initialized BlockManager: BlockManagerId(driver, bbddfc72aeab, 42945, None)
[2022-01-03 12:09:37,348] {spark_submit.py:514} INFO - 22/01/03 12:09:37 INFO StandaloneSchedulerBackend: SchedulerBackend is ready for scheduling beginning after reached minRegisteredResourcesRatio: 0.0
[2022-01-03 12:09:37,467] {spark_submit.py:514} INFO - /home/***/.local/lib/python3.6/site-packages/pyspark/python/lib/pyspark.zip/pyspark/context.py:238: FutureWarning: Python 3.6 support is deprecated in Spark 3.2.
[2022-01-03 12:09:37,469] {spark_submit.py:514} INFO - FutureWarning
[2022-01-03 12:09:39,053] {spark_submit.py:514} INFO - 22/01/03 12:09:39 INFO SharedState: Setting hive.metastore.warehouse.dir ('null') to the value of spark.sql.warehouse.dir.
[2022-01-03 12:09:39,205] {spark_submit.py:514} INFO - 22/01/03 12:09:39 INFO SharedState: Warehouse path is 'file:/opt/***/spark-warehouse'.
[2022-01-03 12:09:41,660] {spark_submit.py:514} INFO - file: roscommon_rent.json deleted
[2022-01-03 12:09:41,949] {spark_submit.py:514} INFO - 22/01/03 12:09:41 INFO SparkContext: Invoking stop() from shutdown hook
[2022-01-03 12:09:42,028] {spark_submit.py:514} INFO - 22/01/03 12:09:42 INFO SparkUI: Stopped Spark web UI at http://bbddfc72aeab:4042
[2022-01-03 12:09:42,044] {spark_submit.py:514} INFO - 22/01/03 12:09:42 INFO StandaloneSchedulerBackend: Shutting down all executors
[2022-01-03 12:09:42,061] {spark_submit.py:514} INFO - 22/01/03 12:09:42 INFO CoarseGrainedSchedulerBackend$DriverEndpoint: Asking each executor to shut down
[2022-01-03 12:09:42,111] {spark_submit.py:514} INFO - 22/01/03 12:09:42 INFO MapOutputTrackerMasterEndpoint: MapOutputTrackerMasterEndpoint stopped!
[2022-01-03 12:09:42,140] {spark_submit.py:514} INFO - 22/01/03 12:09:42 INFO MemoryStore: MemoryStore cleared
[2022-01-03 12:09:42,146] {spark_submit.py:514} INFO - 22/01/03 12:09:42 INFO BlockManager: BlockManager stopped
[2022-01-03 12:09:42,166] {spark_submit.py:514} INFO - 22/01/03 12:09:42 INFO BlockManagerMaster: BlockManagerMaster stopped
[2022-01-03 12:09:42,171] {spark_submit.py:514} INFO - 22/01/03 12:09:42 INFO OutputCommitCoordinator$OutputCommitCoordinatorEndpoint: OutputCommitCoordinator stopped!
[2022-01-03 12:09:42,232] {spark_submit.py:514} INFO - 22/01/03 12:09:42 INFO SparkContext: Successfully stopped SparkContext
[2022-01-03 12:09:42,235] {spark_submit.py:514} INFO - 22/01/03 12:09:42 INFO ShutdownHookManager: Shutdown hook called
[2022-01-03 12:09:42,238] {spark_submit.py:514} INFO - 22/01/03 12:09:42 INFO ShutdownHookManager: Deleting directory /tmp/spark-f084f77b-72aa-4614-83d3-52eea86f247f/pyspark-be9f84fa-a1ee-47d7-86b3-5a3638b848e1
[2022-01-03 12:09:42,247] {spark_submit.py:514} INFO - 22/01/03 12:09:42 INFO ShutdownHookManager: Deleting directory /tmp/spark-7b4ad0d1-8eb2-40f3-89f1-5b3e49db6913
[2022-01-03 12:09:42,255] {spark_submit.py:514} INFO - 22/01/03 12:09:42 INFO ShutdownHookManager: Deleting directory /tmp/spark-f084f77b-72aa-4614-83d3-52eea86f247f
[2022-01-03 12:09:42,592] {taskinstance.py:1280} INFO - Marking task as SUCCESS. dag_id=scraping_daft_roscommon, task_id=remove_file, execution_date=20220102T104000, start_date=20220103T120835, end_date=20220103T120942
[2022-01-03 12:09:42,714] {local_task_job.py:154} INFO - Task exited with return code 0
[2022-01-03 12:09:42,928] {local_task_job.py:264} INFO - 0 downstream tasks scheduled from follow-on schedule check
