[2021-12-30 11:52:10,966] {taskinstance.py:1035} INFO - Dependencies all met for <TaskInstance: scraping_daft_sligo.waiting_for_file scheduled__2021-12-29T10:45:00+00:00 [queued]>
[2021-12-30 11:52:11,227] {taskinstance.py:1035} INFO - Dependencies all met for <TaskInstance: scraping_daft_sligo.waiting_for_file scheduled__2021-12-29T10:45:00+00:00 [queued]>
[2021-12-30 11:52:11,231] {taskinstance.py:1241} INFO - 
--------------------------------------------------------------------------------
[2021-12-30 11:52:11,236] {taskinstance.py:1242} INFO - Starting attempt 1 of 4
[2021-12-30 11:52:11,253] {taskinstance.py:1243} INFO - 
--------------------------------------------------------------------------------
[2021-12-30 11:52:11,398] {taskinstance.py:1262} INFO - Executing <Task(FileSensor): waiting_for_file> on 2021-12-29 10:45:00+00:00
[2021-12-30 11:52:11,516] {standard_task_runner.py:76} INFO - Running: ['***', 'tasks', 'run', 'scraping_daft_sligo', 'waiting_for_file', 'scheduled__2021-12-29T10:45:00+00:00', '--job-id', '5642', '--raw', '--subdir', 'DAGS_FOLDER/scraping_daft_sligo.py', '--cfg-path', '/tmp/tmpzg38igf3', '--error-file', '/tmp/tmp4a7quoo5']
[2021-12-30 11:52:11,427] {standard_task_runner.py:52} INFO - Started process 9929 to run task
[2021-12-30 11:52:11,571] {standard_task_runner.py:77} INFO - Job 5642: Subtask waiting_for_file
[2021-12-30 11:52:12,576] {logging_mixin.py:109} INFO - Running <TaskInstance: scraping_daft_sligo.waiting_for_file scheduled__2021-12-29T10:45:00+00:00 [running]> on host 5ddf2477c0dd
[2021-12-30 11:52:13,258] {taskinstance.py:1429} INFO - Exporting the following env vars:
AIRFLOW_CTX_DAG_EMAIL=clement.liscoet@gmail.com
AIRFLOW_CTX_DAG_OWNER=clemoni
AIRFLOW_CTX_DAG_ID=scraping_daft_sligo
AIRFLOW_CTX_TASK_ID=waiting_for_file
AIRFLOW_CTX_EXECUTION_DATE=2021-12-29T10:45:00+00:00
AIRFLOW_CTX_DAG_RUN_ID=scheduled__2021-12-29T10:45:00+00:00
[2021-12-30 11:52:13,487] {filesystem.py:59} INFO - Poking for file data/sligo_rent.json
[2021-12-30 11:52:13,492] {filesystem.py:65} INFO - Found File data/sligo_rent.json last modified: 20211230115140
[2021-12-30 11:52:13,493] {base.py:249} INFO - Success criteria met. Exiting.
[2021-12-30 11:52:13,624] {taskinstance.py:1280} INFO - Marking task as SUCCESS. dag_id=scraping_daft_sligo, task_id=waiting_for_file, execution_date=20211229T104500, start_date=20211230T115210, end_date=20211230T115213
[2021-12-30 11:52:13,901] {local_task_job.py:154} INFO - Task exited with return code 0
[2021-12-30 11:52:15,067] {local_task_job.py:264} INFO - 0 downstream tasks scheduled from follow-on schedule check
