[2022-01-03 11:58:18,238] {taskinstance.py:1035} INFO - Dependencies all met for <TaskInstance: scraping_daft_mayo.waiting_for_file scheduled__2022-01-02T10:20:00+00:00 [queued]>
[2022-01-03 11:58:18,367] {taskinstance.py:1035} INFO - Dependencies all met for <TaskInstance: scraping_daft_mayo.waiting_for_file scheduled__2022-01-02T10:20:00+00:00 [queued]>
[2022-01-03 11:58:18,368] {taskinstance.py:1241} INFO - 
--------------------------------------------------------------------------------
[2022-01-03 11:58:18,373] {taskinstance.py:1242} INFO - Starting attempt 1 of 4
[2022-01-03 11:58:18,375] {taskinstance.py:1243} INFO - 
--------------------------------------------------------------------------------
[2022-01-03 11:58:18,681] {taskinstance.py:1262} INFO - Executing <Task(FileSensor): waiting_for_file> on 2022-01-02 10:20:00+00:00
[2022-01-03 11:58:18,693] {standard_task_runner.py:52} INFO - Started process 6319 to run task
[2022-01-03 11:58:18,722] {standard_task_runner.py:76} INFO - Running: ['***', 'tasks', 'run', 'scraping_daft_mayo', 'waiting_for_file', 'scheduled__2022-01-02T10:20:00+00:00', '--job-id', '6349', '--raw', '--subdir', 'DAGS_FOLDER/scraping_daft_mayo.py', '--cfg-path', '/tmp/tmpvd8yigzl', '--error-file', '/tmp/tmpkhzpqxst']
[2022-01-03 11:58:18,728] {standard_task_runner.py:77} INFO - Job 6349: Subtask waiting_for_file
[2022-01-03 11:58:19,108] {logging_mixin.py:109} INFO - Running <TaskInstance: scraping_daft_mayo.waiting_for_file scheduled__2022-01-02T10:20:00+00:00 [running]> on host bbddfc72aeab
[2022-01-03 11:58:19,995] {taskinstance.py:1429} INFO - Exporting the following env vars:
AIRFLOW_CTX_DAG_EMAIL=clement.liscoet@gmail.com
AIRFLOW_CTX_DAG_OWNER=clemoni
AIRFLOW_CTX_DAG_ID=scraping_daft_mayo
AIRFLOW_CTX_TASK_ID=waiting_for_file
AIRFLOW_CTX_EXECUTION_DATE=2022-01-02T10:20:00+00:00
AIRFLOW_CTX_DAG_RUN_ID=scheduled__2022-01-02T10:20:00+00:00
[2022-01-03 11:58:20,212] {filesystem.py:59} INFO - Poking for file data/mayo_rent.json
[2022-01-03 11:58:20,278] {filesystem.py:65} INFO - Found File data/mayo_rent.json last modified: 20220103115652
[2022-01-03 11:58:20,286] {base.py:249} INFO - Success criteria met. Exiting.
[2022-01-03 11:58:20,577] {taskinstance.py:1280} INFO - Marking task as SUCCESS. dag_id=scraping_daft_mayo, task_id=waiting_for_file, execution_date=20220102T102000, start_date=20220103T115818, end_date=20220103T115820
[2022-01-03 11:58:20,792] {local_task_job.py:154} INFO - Task exited with return code 0
[2022-01-03 11:58:21,317] {local_task_job.py:264} INFO - 1 downstream tasks scheduled from follow-on schedule check
