[2021-12-29 12:49:29,269] {taskinstance.py:1035} INFO - Dependencies all met for <TaskInstance: scraping_daft_laois.scrap_data scheduled__2021-12-28T09:55:00+00:00 [queued]>
[2021-12-29 12:49:31,785] {taskinstance.py:1035} INFO - Dependencies all met for <TaskInstance: scraping_daft_laois.scrap_data scheduled__2021-12-28T09:55:00+00:00 [queued]>
[2021-12-29 12:49:31,795] {taskinstance.py:1241} INFO - 
--------------------------------------------------------------------------------
[2021-12-29 12:49:31,806] {taskinstance.py:1242} INFO - Starting attempt 3 of 4
[2021-12-29 12:49:31,811] {taskinstance.py:1243} INFO - 
--------------------------------------------------------------------------------
[2021-12-29 12:49:34,149] {taskinstance.py:1262} INFO - Executing <Task(SparkSubmitOperator): scrap_data> on 2021-12-28 09:55:00+00:00
[2021-12-29 12:49:35,283] {standard_task_runner.py:76} INFO - Running: ['***', 'tasks', 'run', 'scraping_daft_laois', 'scrap_data', 'scheduled__2021-12-28T09:55:00+00:00', '--job-id', '5397', '--raw', '--subdir', 'DAGS_FOLDER/scraping_daft_laois.py', '--cfg-path', '/tmp/tmps9kbrs5x', '--error-file', '/tmp/tmp72g1jk7i']
[2021-12-29 12:49:35,924] {standard_task_runner.py:77} INFO - Job 5397: Subtask scrap_data
[2021-12-29 12:49:34,294] {standard_task_runner.py:52} INFO - Started process 33907 to run task
[2021-12-29 12:49:47,964] {logging_mixin.py:109} INFO - Running <TaskInstance: scraping_daft_laois.scrap_data scheduled__2021-12-28T09:55:00+00:00 [running]> on host 6bdda4c19a85
[2021-12-29 12:50:07,288] {taskinstance.py:1429} INFO - Exporting the following env vars:
AIRFLOW_CTX_DAG_EMAIL=clement.liscoet@gmail.com
AIRFLOW_CTX_DAG_OWNER=clemoni
AIRFLOW_CTX_DAG_ID=scraping_daft_laois
AIRFLOW_CTX_TASK_ID=scrap_data
AIRFLOW_CTX_EXECUTION_DATE=2021-12-28T09:55:00+00:00
AIRFLOW_CTX_DAG_RUN_ID=scheduled__2021-12-28T09:55:00+00:00
[2021-12-29 12:50:09,600] {base.py:79} INFO - Using connection to: id: spark_default. Host: spark://spark:7077, Port: None, Schema: , Login: ***, Password: ***, extra: {}
[2021-12-29 12:50:10,893] {spark_submit.py:360} INFO - Spark-Submit cmd: spark-submit --master spark://spark:7077 --conf spark.master=spark://spark:7077 --name scrap data --verbose /opt/***/jobs/get_ads_per_county.py laois
[2021-12-29 13:34:21,505] {local_task_job.py:142} ERROR - Heartbeat time limit exceeded!
[2021-12-29 13:42:31,729] {process_utils.py:100} INFO - Sending Signals.SIGTERM to GPID 33907
[2021-12-29 13:44:12,294] {taskinstance.py:1411} ERROR - Received SIGTERM. Terminating subprocesses.
[2021-12-29 13:45:25,167] {spark_submit.py:644} INFO - Sending kill signal to spark-submit
[2021-12-29 13:44:47,323] {process_utils.py:113} WARNING - process psutil.Process(pid=33993, name='java', status='zombie', started='12:50:11') did not respond to SIGTERM. Trying SIGKILL
[2021-12-29 13:53:36,908] {process_utils.py:113} WARNING - process psutil.Process(pid=34076, status='terminated', started='12:50:43') did not respond to SIGTERM. Trying SIGKILL
[2021-12-29 13:53:45,727] {process_utils.py:113} WARNING - process psutil.Process(pid=33907, name='airflow task ru', status='running', started='12:49:33') did not respond to SIGTERM. Trying SIGKILL
[2021-12-29 13:53:52,190] {process_utils.py:66} INFO - Process psutil.Process(pid=34076, status='terminated', started='12:50:43') (34076) terminated with exit code None
[2021-12-29 13:54:12,449] {process_utils.py:66} INFO - Process psutil.Process(pid=33993, name='java', status='terminated', started='12:50:11') (33993) terminated with exit code None
[2021-12-29 13:54:15,910] {process_utils.py:66} INFO - Process psutil.Process(pid=33907, name='airflow task ru', status='terminated', exitcode=<Negsignal.SIGKILL: -9>, started='12:49:33') (33907) terminated with exit code Negsignal.SIGKILL
[2021-12-29 13:54:22,926] {standard_task_runner.py:135} ERROR - Job 5397 was killed before it finished (likely due to running out of memory)
