[2022-01-03 12:46:10,098] {taskinstance.py:1035} INFO - Dependencies all met for <TaskInstance: scraping_daft_dublin.waiting_for_file scheduled__2022-01-02T09:30:00+00:00 [queued]>
[2022-01-03 12:46:10,118] {taskinstance.py:1035} INFO - Dependencies all met for <TaskInstance: scraping_daft_dublin.waiting_for_file scheduled__2022-01-02T09:30:00+00:00 [queued]>
[2022-01-03 12:46:10,119] {taskinstance.py:1241} INFO - 
--------------------------------------------------------------------------------
[2022-01-03 12:46:10,120] {taskinstance.py:1242} INFO - Starting attempt 1 of 4
[2022-01-03 12:46:10,121] {taskinstance.py:1243} INFO - 
--------------------------------------------------------------------------------
[2022-01-03 12:46:10,138] {taskinstance.py:1262} INFO - Executing <Task(FileSensor): waiting_for_file> on 2022-01-02 09:30:00+00:00
[2022-01-03 12:46:10,147] {standard_task_runner.py:76} INFO - Running: ['***', 'tasks', 'run', 'scraping_daft_dublin', 'waiting_for_file', 'scheduled__2022-01-02T09:30:00+00:00', '--job-id', '6462', '--raw', '--subdir', 'DAGS_FOLDER/scraping_daft_dublin.py', '--cfg-path', '/tmp/tmploxo4cse', '--error-file', '/tmp/tmply9k4_8q']
[2022-01-03 12:46:10,149] {standard_task_runner.py:77} INFO - Job 6462: Subtask waiting_for_file
[2022-01-03 12:46:10,144] {standard_task_runner.py:52} INFO - Started process 18136 to run task
[2022-01-03 12:46:10,237] {logging_mixin.py:109} INFO - Running <TaskInstance: scraping_daft_dublin.waiting_for_file scheduled__2022-01-02T09:30:00+00:00 [running]> on host bbddfc72aeab
[2022-01-03 12:46:10,416] {taskinstance.py:1429} INFO - Exporting the following env vars:
AIRFLOW_CTX_DAG_EMAIL=clement.liscoet@gmail.com
AIRFLOW_CTX_DAG_OWNER=clemoni
AIRFLOW_CTX_DAG_ID=scraping_daft_dublin
AIRFLOW_CTX_TASK_ID=waiting_for_file
AIRFLOW_CTX_EXECUTION_DATE=2022-01-02T09:30:00+00:00
AIRFLOW_CTX_DAG_RUN_ID=scheduled__2022-01-02T09:30:00+00:00
[2022-01-03 12:46:10,480] {filesystem.py:59} INFO - Poking for file data/dublin_rent.json
[2022-01-03 12:46:10,483] {filesystem.py:65} INFO - Found File data/dublin_rent.json last modified: 20220103124608
[2022-01-03 12:46:10,487] {base.py:249} INFO - Success criteria met. Exiting.
[2022-01-03 12:46:10,529] {taskinstance.py:1280} INFO - Marking task as SUCCESS. dag_id=scraping_daft_dublin, task_id=waiting_for_file, execution_date=20220102T093000, start_date=20220103T124610, end_date=20220103T124610
[2022-01-03 12:46:10,569] {local_task_job.py:154} INFO - Task exited with return code 0
[2022-01-03 12:46:10,665] {local_task_job.py:264} INFO - 1 downstream tasks scheduled from follow-on schedule check
