[2021-12-17 09:41:49,697] {taskinstance.py:1035} INFO - Dependencies all met for <TaskInstance: scraping_daft_kerry.remove_file scheduled__2021-12-16T09:40:00+00:00 [queued]>
[2021-12-17 09:41:49,711] {taskinstance.py:1035} INFO - Dependencies all met for <TaskInstance: scraping_daft_kerry.remove_file scheduled__2021-12-16T09:40:00+00:00 [queued]>
[2021-12-17 09:41:49,712] {taskinstance.py:1241} INFO - 
--------------------------------------------------------------------------------
[2021-12-17 09:41:49,712] {taskinstance.py:1242} INFO - Starting attempt 1 of 4
[2021-12-17 09:41:49,713] {taskinstance.py:1243} INFO - 
--------------------------------------------------------------------------------
[2021-12-17 09:41:49,726] {taskinstance.py:1262} INFO - Executing <Task(SparkSubmitOperator): remove_file> on 2021-12-16 09:40:00+00:00
[2021-12-17 09:41:49,735] {standard_task_runner.py:76} INFO - Running: ['***', 'tasks', 'run', 'scraping_daft_kerry', 'remove_file', 'scheduled__2021-12-16T09:40:00+00:00', '--job-id', '2828', '--raw', '--subdir', 'DAGS_FOLDER/scraping_daft_kerry.py', '--cfg-path', '/tmp/tmp5t052ua2', '--error-file', '/tmp/tmpcvpj04mz']
[2021-12-17 09:41:49,737] {standard_task_runner.py:77} INFO - Job 2828: Subtask remove_file
[2021-12-17 09:41:49,732] {standard_task_runner.py:52} INFO - Started process 5163 to run task
[2021-12-17 09:41:49,823] {logging_mixin.py:109} INFO - Running <TaskInstance: scraping_daft_kerry.remove_file scheduled__2021-12-16T09:40:00+00:00 [running]> on host ce860fbe488d
[2021-12-17 09:41:50,010] {taskinstance.py:1429} INFO - Exporting the following env vars:
AIRFLOW_CTX_DAG_EMAIL=clement.liscoet@gmail.com
AIRFLOW_CTX_DAG_OWNER=clemoni
AIRFLOW_CTX_DAG_ID=scraping_daft_kerry
AIRFLOW_CTX_TASK_ID=remove_file
AIRFLOW_CTX_EXECUTION_DATE=2021-12-16T09:40:00+00:00
AIRFLOW_CTX_DAG_RUN_ID=scheduled__2021-12-16T09:40:00+00:00
[2021-12-17 09:41:50,041] {base.py:79} INFO - Using connection to: id: spark_default. Host: spark://spark:7077, Port: None, Schema: , Login: ***, Password: ***, extra: {}
[2021-12-17 09:41:50,044] {spark_submit.py:360} INFO - Spark-Submit cmd: spark-submit --master spark://spark:7077 --conf spark.master=spark://spark:7077 --name remove file --verbose /opt/***/jobs/remove_file.py kerry
[2021-12-17 09:41:51,817] {spark_submit.py:514} INFO - Using properties file: null
[2021-12-17 09:41:51,931] {spark_submit.py:514} INFO - WARNING: An illegal reflective access operation has occurred
[2021-12-17 09:41:51,932] {spark_submit.py:514} INFO - WARNING: Illegal reflective access by org.apache.spark.unsafe.Platform (file:/home/***/.local/lib/python3.6/site-packages/pyspark/jars/spark-unsafe_2.12-3.2.0.jar) to constructor java.nio.DirectByteBuffer(long,int)
[2021-12-17 09:41:51,933] {spark_submit.py:514} INFO - WARNING: Please consider reporting this to the maintainers of org.apache.spark.unsafe.Platform
[2021-12-17 09:41:51,934] {spark_submit.py:514} INFO - WARNING: Use --illegal-access=warn to enable warnings of further illegal reflective access operations
[2021-12-17 09:41:51,935] {spark_submit.py:514} INFO - WARNING: All illegal access operations will be denied in a future release
[2021-12-17 09:41:51,987] {spark_submit.py:514} INFO - Parsed arguments:
[2021-12-17 09:41:51,989] {spark_submit.py:514} INFO - master                  spark://spark:7077
[2021-12-17 09:41:51,990] {spark_submit.py:514} INFO - deployMode              null
[2021-12-17 09:41:51,991] {spark_submit.py:514} INFO - executorMemory          null
[2021-12-17 09:41:51,992] {spark_submit.py:514} INFO - executorCores           null
[2021-12-17 09:41:51,994] {spark_submit.py:514} INFO - totalExecutorCores      null
[2021-12-17 09:41:51,995] {spark_submit.py:514} INFO - propertiesFile          null
[2021-12-17 09:41:51,996] {spark_submit.py:514} INFO - driverMemory            null
[2021-12-17 09:41:51,997] {spark_submit.py:514} INFO - driverCores             null
[2021-12-17 09:41:51,998] {spark_submit.py:514} INFO - driverExtraClassPath    null
[2021-12-17 09:41:52,000] {spark_submit.py:514} INFO - driverExtraLibraryPath  null
[2021-12-17 09:41:52,001] {spark_submit.py:514} INFO - driverExtraJavaOptions  null
[2021-12-17 09:41:52,002] {spark_submit.py:514} INFO - supervise               false
[2021-12-17 09:41:52,003] {spark_submit.py:514} INFO - queue                   null
[2021-12-17 09:41:52,003] {spark_submit.py:514} INFO - numExecutors            null
[2021-12-17 09:41:52,004] {spark_submit.py:514} INFO - files                   null
[2021-12-17 09:41:52,005] {spark_submit.py:514} INFO - pyFiles                 null
[2021-12-17 09:41:52,006] {spark_submit.py:514} INFO - archives                null
[2021-12-17 09:41:52,007] {spark_submit.py:514} INFO - mainClass               null
[2021-12-17 09:41:52,007] {spark_submit.py:514} INFO - primaryResource         file:/opt/***/jobs/remove_file.py
[2021-12-17 09:41:52,008] {spark_submit.py:514} INFO - name                    remove file
[2021-12-17 09:41:52,009] {spark_submit.py:514} INFO - childArgs               [kerry]
[2021-12-17 09:41:52,010] {spark_submit.py:514} INFO - jars                    null
[2021-12-17 09:41:52,010] {spark_submit.py:514} INFO - packages                null
[2021-12-17 09:41:52,011] {spark_submit.py:514} INFO - packagesExclusions      null
[2021-12-17 09:41:52,012] {spark_submit.py:514} INFO - repositories            null
[2021-12-17 09:41:52,013] {spark_submit.py:514} INFO - verbose                 true
[2021-12-17 09:41:52,013] {spark_submit.py:514} INFO - 
[2021-12-17 09:41:52,014] {spark_submit.py:514} INFO - Spark properties used, including those specified through
[2021-12-17 09:41:52,015] {spark_submit.py:514} INFO - --conf and those from the properties file null:
[2021-12-17 09:41:52,016] {spark_submit.py:514} INFO - (spark.master,spark://spark:7077)
[2021-12-17 09:41:52,017] {spark_submit.py:514} INFO - 
[2021-12-17 09:41:52,018] {spark_submit.py:514} INFO - 
[2021-12-17 09:41:52,325] {spark_submit.py:514} INFO - Main class:
[2021-12-17 09:41:52,326] {spark_submit.py:514} INFO - org.apache.spark.deploy.PythonRunner
[2021-12-17 09:41:52,327] {spark_submit.py:514} INFO - Arguments:
[2021-12-17 09:41:52,328] {spark_submit.py:514} INFO - file:/opt/***/jobs/remove_file.py
[2021-12-17 09:41:52,329] {spark_submit.py:514} INFO - null
[2021-12-17 09:41:52,330] {spark_submit.py:514} INFO - kerry
[2021-12-17 09:41:52,331] {spark_submit.py:514} INFO - --verbose
[2021-12-17 09:41:52,331] {spark_submit.py:514} INFO - Spark config:
[2021-12-17 09:41:52,332] {spark_submit.py:514} INFO - (spark.app.name,remove file)
[2021-12-17 09:41:52,333] {spark_submit.py:514} INFO - (spark.master,spark://spark:7077)
[2021-12-17 09:41:52,334] {spark_submit.py:514} INFO - (spark.submit.pyFiles,)
[2021-12-17 09:41:52,335] {spark_submit.py:514} INFO - (spark.submit.deployMode,client)
[2021-12-17 09:41:52,336] {spark_submit.py:514} INFO - Classpath elements:
[2021-12-17 09:41:52,336] {spark_submit.py:514} INFO - 
[2021-12-17 09:41:52,337] {spark_submit.py:514} INFO - 
[2021-12-17 09:41:52,338] {spark_submit.py:514} INFO - 
[2021-12-17 09:41:53,421] {spark_submit.py:514} INFO - Using Spark's default log4j profile: org/apache/spark/log4j-defaults.properties
[2021-12-17 09:41:53,434] {spark_submit.py:514} INFO - 21/12/17 09:41:53 INFO SparkContext: Running Spark version 3.2.0
[2021-12-17 09:41:53,540] {spark_submit.py:514} INFO - 21/12/17 09:41:53 WARN NativeCodeLoader: Unable to load native-hadoop library for your platform... using builtin-java classes where applicable
[2021-12-17 09:41:53,740] {spark_submit.py:514} INFO - 21/12/17 09:41:53 INFO ResourceUtils: ==============================================================
[2021-12-17 09:41:53,741] {spark_submit.py:514} INFO - 21/12/17 09:41:53 INFO ResourceUtils: No custom resources configured for spark.driver.
[2021-12-17 09:41:53,742] {spark_submit.py:514} INFO - 21/12/17 09:41:53 INFO ResourceUtils: ==============================================================
[2021-12-17 09:41:53,743] {spark_submit.py:514} INFO - 21/12/17 09:41:53 INFO SparkContext: Submitted application: Remove file
[2021-12-17 09:41:53,783] {spark_submit.py:514} INFO - 21/12/17 09:41:53 INFO ResourceProfile: Default ResourceProfile created, executor resources: Map(cores -> name: cores, amount: 1, script: , vendor: , memory -> name: memory, amount: 1024, script: , vendor: , offHeap -> name: offHeap, amount: 0, script: , vendor: ), task resources: Map(cpus -> name: cpus, amount: 1.0)
[2021-12-17 09:41:53,800] {spark_submit.py:514} INFO - 21/12/17 09:41:53 INFO ResourceProfile: Limiting resource is cpu
[2021-12-17 09:41:53,801] {spark_submit.py:514} INFO - 21/12/17 09:41:53 INFO ResourceProfileManager: Added ResourceProfile id: 0
[2021-12-17 09:41:53,895] {spark_submit.py:514} INFO - 21/12/17 09:41:53 INFO SecurityManager: Changing view acls to: ***
[2021-12-17 09:41:53,900] {spark_submit.py:514} INFO - 21/12/17 09:41:53 INFO SecurityManager: Changing modify acls to: ***
[2021-12-17 09:41:53,908] {spark_submit.py:514} INFO - 21/12/17 09:41:53 INFO SecurityManager: Changing view acls groups to:
[2021-12-17 09:41:53,909] {spark_submit.py:514} INFO - 21/12/17 09:41:53 INFO SecurityManager: Changing modify acls groups to:
[2021-12-17 09:41:53,912] {spark_submit.py:514} INFO - 21/12/17 09:41:53 INFO SecurityManager: SecurityManager: authentication disabled; ui acls disabled; users  with view permissions: Set(***); groups with view permissions: Set(); users  with modify permissions: Set(***); groups with modify permissions: Set()
[2021-12-17 09:41:54,282] {spark_submit.py:514} INFO - 21/12/17 09:41:54 INFO Utils: Successfully started service 'sparkDriver' on port 34323.
[2021-12-17 09:41:54,327] {spark_submit.py:514} INFO - 21/12/17 09:41:54 INFO SparkEnv: Registering MapOutputTracker
[2021-12-17 09:41:54,377] {spark_submit.py:514} INFO - 21/12/17 09:41:54 INFO SparkEnv: Registering BlockManagerMaster
[2021-12-17 09:41:54,408] {spark_submit.py:514} INFO - 21/12/17 09:41:54 INFO BlockManagerMasterEndpoint: Using org.apache.spark.storage.DefaultTopologyMapper for getting topology information
[2021-12-17 09:41:54,409] {spark_submit.py:514} INFO - 21/12/17 09:41:54 INFO BlockManagerMasterEndpoint: BlockManagerMasterEndpoint up
[2021-12-17 09:41:54,416] {spark_submit.py:514} INFO - 21/12/17 09:41:54 INFO SparkEnv: Registering BlockManagerMasterHeartbeat
[2021-12-17 09:41:54,446] {spark_submit.py:514} INFO - 21/12/17 09:41:54 INFO DiskBlockManager: Created local directory at /tmp/blockmgr-8be90f4d-0675-40b3-a637-63399da0bcb9
[2021-12-17 09:41:54,471] {spark_submit.py:514} INFO - 21/12/17 09:41:54 INFO MemoryStore: MemoryStore started with capacity 434.4 MiB
[2021-12-17 09:41:54,490] {spark_submit.py:514} INFO - 21/12/17 09:41:54 INFO SparkEnv: Registering OutputCommitCoordinator
[2021-12-17 09:41:54,763] {spark_submit.py:514} INFO - 21/12/17 09:41:54 WARN Utils: Service 'SparkUI' could not bind on port 4040. Attempting port 4041.
[2021-12-17 09:41:54,777] {spark_submit.py:514} INFO - 21/12/17 09:41:54 INFO Utils: Successfully started service 'SparkUI' on port 4041.
[2021-12-17 09:41:54,860] {spark_submit.py:514} INFO - 21/12/17 09:41:54 INFO SparkUI: Bound SparkUI to 0.0.0.0, and started at http://ce860fbe488d:4041
[2021-12-17 09:41:55,255] {spark_submit.py:514} INFO - 21/12/17 09:41:55 INFO StandaloneAppClient$ClientEndpoint: Connecting to master spark://spark:7077...
[2021-12-17 09:41:55,393] {spark_submit.py:514} INFO - 21/12/17 09:41:55 INFO TransportClientFactory: Successfully created connection to spark/172.18.0.4:7077 after 77 ms (0 ms spent in bootstraps)
[2021-12-17 09:41:55,504] {spark_submit.py:514} INFO - 21/12/17 09:41:55 INFO StandaloneSchedulerBackend: Connected to Spark cluster with app ID app-20211217094155-0021
[2021-12-17 09:41:55,520] {spark_submit.py:514} INFO - 21/12/17 09:41:55 INFO Utils: Successfully started service 'org.apache.spark.network.netty.NettyBlockTransferService' on port 37927.
[2021-12-17 09:41:55,521] {spark_submit.py:514} INFO - 21/12/17 09:41:55 INFO NettyBlockTransferService: Server created on ce860fbe488d:37927
[2021-12-17 09:41:55,523] {spark_submit.py:514} INFO - 21/12/17 09:41:55 INFO BlockManager: Using org.apache.spark.storage.RandomBlockReplicationPolicy for block replication policy
[2021-12-17 09:41:55,537] {spark_submit.py:514} INFO - 21/12/17 09:41:55 INFO BlockManagerMaster: Registering BlockManager BlockManagerId(driver, ce860fbe488d, 37927, None)
[2021-12-17 09:41:55,545] {spark_submit.py:514} INFO - 21/12/17 09:41:55 INFO BlockManagerMasterEndpoint: Registering block manager ce860fbe488d:37927 with 434.4 MiB RAM, BlockManagerId(driver, ce860fbe488d, 37927, None)
[2021-12-17 09:41:55,552] {spark_submit.py:514} INFO - 21/12/17 09:41:55 INFO BlockManagerMaster: Registered BlockManager BlockManagerId(driver, ce860fbe488d, 37927, None)
[2021-12-17 09:41:55,553] {spark_submit.py:514} INFO - 21/12/17 09:41:55 INFO BlockManager: Initialized BlockManager: BlockManagerId(driver, ce860fbe488d, 37927, None)
[2021-12-17 09:41:55,885] {spark_submit.py:514} INFO - 21/12/17 09:41:55 INFO StandaloneSchedulerBackend: SchedulerBackend is ready for scheduling beginning after reached minRegisteredResourcesRatio: 0.0
[2021-12-17 09:41:55,930] {spark_submit.py:514} INFO - /home/***/.local/lib/python3.6/site-packages/pyspark/python/lib/pyspark.zip/pyspark/context.py:238: FutureWarning: Python 3.6 support is deprecated in Spark 3.2.
[2021-12-17 09:41:55,931] {spark_submit.py:514} INFO - FutureWarning
[2021-12-17 09:41:56,165] {spark_submit.py:514} INFO - 21/12/17 09:41:56 INFO SharedState: Setting hive.metastore.warehouse.dir ('null') to the value of spark.sql.warehouse.dir.
[2021-12-17 09:41:56,194] {spark_submit.py:514} INFO - 21/12/17 09:41:56 INFO SharedState: Warehouse path is 'file:/opt/***/spark-warehouse'.
[2021-12-17 09:41:56,992] {spark_submit.py:514} INFO - file: kerry_rent.json deleted
[2021-12-17 09:41:57,148] {spark_submit.py:514} INFO - 21/12/17 09:41:57 INFO SparkContext: Invoking stop() from shutdown hook
[2021-12-17 09:41:57,168] {spark_submit.py:514} INFO - 21/12/17 09:41:57 INFO SparkUI: Stopped Spark web UI at http://ce860fbe488d:4041
[2021-12-17 09:41:57,179] {spark_submit.py:514} INFO - 21/12/17 09:41:57 INFO StandaloneSchedulerBackend: Shutting down all executors
[2021-12-17 09:41:57,184] {spark_submit.py:514} INFO - 21/12/17 09:41:57 INFO CoarseGrainedSchedulerBackend$DriverEndpoint: Asking each executor to shut down
[2021-12-17 09:41:57,215] {spark_submit.py:514} INFO - 21/12/17 09:41:57 INFO MapOutputTrackerMasterEndpoint: MapOutputTrackerMasterEndpoint stopped!
[2021-12-17 09:41:57,239] {spark_submit.py:514} INFO - 21/12/17 09:41:57 INFO MemoryStore: MemoryStore cleared
[2021-12-17 09:41:57,240] {spark_submit.py:514} INFO - 21/12/17 09:41:57 INFO BlockManager: BlockManager stopped
[2021-12-17 09:41:57,251] {spark_submit.py:514} INFO - 21/12/17 09:41:57 INFO BlockManagerMaster: BlockManagerMaster stopped
[2021-12-17 09:41:57,256] {spark_submit.py:514} INFO - 21/12/17 09:41:57 INFO OutputCommitCoordinator$OutputCommitCoordinatorEndpoint: OutputCommitCoordinator stopped!
[2021-12-17 09:41:57,270] {spark_submit.py:514} INFO - 21/12/17 09:41:57 INFO SparkContext: Successfully stopped SparkContext
[2021-12-17 09:41:57,271] {spark_submit.py:514} INFO - 21/12/17 09:41:57 INFO ShutdownHookManager: Shutdown hook called
[2021-12-17 09:41:57,272] {spark_submit.py:514} INFO - 21/12/17 09:41:57 INFO ShutdownHookManager: Deleting directory /tmp/spark-2d5e0b05-f49a-4cd3-b1ed-fb7d40358d40
[2021-12-17 09:41:57,279] {spark_submit.py:514} INFO - 21/12/17 09:41:57 INFO ShutdownHookManager: Deleting directory /tmp/spark-2d5e0b05-f49a-4cd3-b1ed-fb7d40358d40/pyspark-3ece9615-7264-4f67-ab36-10c318a89c3d
[2021-12-17 09:41:57,285] {spark_submit.py:514} INFO - 21/12/17 09:41:57 INFO ShutdownHookManager: Deleting directory /tmp/spark-3b1c375f-a98f-4504-bef7-909b7e7fe6e3
[2021-12-17 09:41:57,413] {taskinstance.py:1280} INFO - Marking task as SUCCESS. dag_id=scraping_daft_kerry, task_id=remove_file, execution_date=20211216T094000, start_date=20211217T094149, end_date=20211217T094157
[2021-12-17 09:41:57,493] {local_task_job.py:154} INFO - Task exited with return code 0
[2021-12-17 09:41:57,578] {local_task_job.py:264} INFO - 0 downstream tasks scheduled from follow-on schedule check
