[2022-01-02 12:06:08,959] {taskinstance.py:1035} INFO - Dependencies all met for <TaskInstance: scraping_daft_kerry.scrap_data scheduled__2022-01-01T09:40:00+00:00 [queued]>
[2022-01-02 12:06:09,086] {taskinstance.py:1035} INFO - Dependencies all met for <TaskInstance: scraping_daft_kerry.scrap_data scheduled__2022-01-01T09:40:00+00:00 [queued]>
[2022-01-02 12:06:09,092] {taskinstance.py:1241} INFO - 
--------------------------------------------------------------------------------
[2022-01-02 12:06:09,105] {taskinstance.py:1242} INFO - Starting attempt 1 of 4
[2022-01-02 12:06:09,111] {taskinstance.py:1243} INFO - 
--------------------------------------------------------------------------------
[2022-01-02 12:06:09,243] {taskinstance.py:1262} INFO - Executing <Task(SparkSubmitOperator): scrap_data> on 2022-01-01 09:40:00+00:00
[2022-01-02 12:06:09,604] {standard_task_runner.py:76} INFO - Running: ['***', 'tasks', 'run', 'scraping_daft_kerry', 'scrap_data', 'scheduled__2022-01-01T09:40:00+00:00', '--job-id', '6110', '--raw', '--subdir', 'DAGS_FOLDER/scraping_daft_kerry.py', '--cfg-path', '/tmp/tmp03x2rpt7', '--error-file', '/tmp/tmpua3k14sj']
[2022-01-02 12:06:09,610] {standard_task_runner.py:77} INFO - Job 6110: Subtask scrap_data
[2022-01-02 12:06:09,578] {standard_task_runner.py:52} INFO - Started process 191 to run task
[2022-01-02 12:06:10,459] {logging_mixin.py:109} INFO - Running <TaskInstance: scraping_daft_kerry.scrap_data scheduled__2022-01-01T09:40:00+00:00 [running]> on host bbddfc72aeab
[2022-01-02 12:06:11,699] {taskinstance.py:1429} INFO - Exporting the following env vars:
AIRFLOW_CTX_DAG_EMAIL=clement.liscoet@gmail.com
AIRFLOW_CTX_DAG_OWNER=clemoni
AIRFLOW_CTX_DAG_ID=scraping_daft_kerry
AIRFLOW_CTX_TASK_ID=scrap_data
AIRFLOW_CTX_EXECUTION_DATE=2022-01-01T09:40:00+00:00
AIRFLOW_CTX_DAG_RUN_ID=scheduled__2022-01-01T09:40:00+00:00
[2022-01-02 12:06:11,869] {base.py:79} INFO - Using connection to: id: spark_default. Host: spark://spark:7077, Port: None, Schema: , Login: ***, Password: ***, extra: {}
[2022-01-02 12:06:11,925] {spark_submit.py:360} INFO - Spark-Submit cmd: spark-submit --master spark://spark:7077 --conf spark.master=spark://spark:7077 --name scrap data --verbose /opt/***/jobs/get_ads_per_county.py kerry
[2022-01-02 12:07:23,291] {spark_submit.py:514} INFO - Using properties file: null
[2022-01-02 12:07:26,588] {spark_submit.py:514} INFO - WARNING: An illegal reflective access operation has occurred
[2022-01-02 12:07:26,592] {spark_submit.py:514} INFO - WARNING: Illegal reflective access by org.apache.spark.unsafe.Platform (file:/home/***/.local/lib/python3.6/site-packages/pyspark/jars/spark-unsafe_2.12-3.2.0.jar) to constructor java.nio.DirectByteBuffer(long,int)
[2022-01-02 12:07:26,594] {spark_submit.py:514} INFO - WARNING: Please consider reporting this to the maintainers of org.apache.spark.unsafe.Platform
[2022-01-02 12:07:26,595] {spark_submit.py:514} INFO - WARNING: Use --illegal-access=warn to enable warnings of further illegal reflective access operations
[2022-01-02 12:07:26,598] {spark_submit.py:514} INFO - WARNING: All illegal access operations will be denied in a future release
[2022-01-02 12:07:27,125] {spark_submit.py:514} INFO - Parsed arguments:
[2022-01-02 12:07:27,127] {spark_submit.py:514} INFO - master                  spark://spark:7077
[2022-01-02 12:07:27,129] {spark_submit.py:514} INFO - deployMode              null
[2022-01-02 12:07:27,131] {spark_submit.py:514} INFO - executorMemory          null
[2022-01-02 12:07:27,135] {spark_submit.py:514} INFO - executorCores           null
[2022-01-02 12:07:27,140] {spark_submit.py:514} INFO - totalExecutorCores      null
[2022-01-02 12:07:27,142] {spark_submit.py:514} INFO - propertiesFile          null
[2022-01-02 12:07:27,143] {spark_submit.py:514} INFO - driverMemory            null
[2022-01-02 12:07:27,145] {spark_submit.py:514} INFO - driverCores             null
[2022-01-02 12:07:27,147] {spark_submit.py:514} INFO - driverExtraClassPath    null
[2022-01-02 12:07:27,148] {spark_submit.py:514} INFO - driverExtraLibraryPath  null
[2022-01-02 12:07:27,151] {spark_submit.py:514} INFO - driverExtraJavaOptions  null
[2022-01-02 12:07:27,153] {spark_submit.py:514} INFO - supervise               false
[2022-01-02 12:07:27,155] {spark_submit.py:514} INFO - queue                   null
[2022-01-02 12:07:27,157] {spark_submit.py:514} INFO - numExecutors            null
[2022-01-02 12:07:27,158] {spark_submit.py:514} INFO - files                   null
[2022-01-02 12:07:27,159] {spark_submit.py:514} INFO - pyFiles                 null
[2022-01-02 12:07:27,160] {spark_submit.py:514} INFO - archives                null
[2022-01-02 12:07:27,162] {spark_submit.py:514} INFO - mainClass               null
[2022-01-02 12:07:27,163] {spark_submit.py:514} INFO - primaryResource         file:/opt/***/jobs/get_ads_per_county.py
[2022-01-02 12:07:27,165] {spark_submit.py:514} INFO - name                    scrap data
[2022-01-02 12:07:27,169] {spark_submit.py:514} INFO - childArgs               [kerry]
[2022-01-02 12:07:27,171] {spark_submit.py:514} INFO - jars                    null
[2022-01-02 12:07:27,172] {spark_submit.py:514} INFO - packages                null
[2022-01-02 12:07:27,174] {spark_submit.py:514} INFO - packagesExclusions      null
[2022-01-02 12:07:27,175] {spark_submit.py:514} INFO - repositories            null
[2022-01-02 12:07:27,178] {spark_submit.py:514} INFO - verbose                 true
[2022-01-02 12:07:27,179] {spark_submit.py:514} INFO - 
[2022-01-02 12:07:27,180] {spark_submit.py:514} INFO - Spark properties used, including those specified through
[2022-01-02 12:07:27,182] {spark_submit.py:514} INFO - --conf and those from the properties file null:
[2022-01-02 12:07:27,186] {spark_submit.py:514} INFO - (spark.master,spark://spark:7077)
[2022-01-02 12:07:27,187] {spark_submit.py:514} INFO - 
[2022-01-02 12:07:27,189] {spark_submit.py:514} INFO - 
[2022-01-02 12:07:34,433] {spark_submit.py:514} INFO - Main class:
[2022-01-02 12:07:34,436] {spark_submit.py:514} INFO - org.apache.spark.deploy.PythonRunner
[2022-01-02 12:07:34,437] {spark_submit.py:514} INFO - Arguments:
[2022-01-02 12:07:34,439] {spark_submit.py:514} INFO - file:/opt/***/jobs/get_ads_per_county.py
[2022-01-02 12:07:34,441] {spark_submit.py:514} INFO - null
[2022-01-02 12:07:34,443] {spark_submit.py:514} INFO - kerry
[2022-01-02 12:07:34,444] {spark_submit.py:514} INFO - --verbose
[2022-01-02 12:07:34,452] {spark_submit.py:514} INFO - Spark config:
[2022-01-02 12:07:34,454] {spark_submit.py:514} INFO - (spark.app.name,scrap data)
[2022-01-02 12:07:34,456] {spark_submit.py:514} INFO - (spark.master,spark://spark:7077)
[2022-01-02 12:07:34,458] {spark_submit.py:514} INFO - (spark.submit.pyFiles,)
[2022-01-02 12:07:34,459] {spark_submit.py:514} INFO - (spark.submit.deployMode,client)
[2022-01-02 12:07:34,461] {spark_submit.py:514} INFO - Classpath elements:
[2022-01-02 12:07:34,463] {spark_submit.py:514} INFO - 
[2022-01-02 12:07:34,464] {spark_submit.py:514} INFO - 
[2022-01-02 12:07:34,466] {spark_submit.py:514} INFO - 
[2022-01-02 12:08:45,164] {spark_submit.py:514} INFO - Using Spark's default log4j profile: org/apache/spark/log4j-defaults.properties
[2022-01-02 12:08:45,501] {spark_submit.py:514} INFO - 22/01/02 12:08:45 INFO SparkContext: Running Spark version 3.2.0
[2022-01-02 12:08:47,504] {spark_submit.py:514} INFO - 22/01/02 12:08:47 WARN NativeCodeLoader: Unable to load native-hadoop library for your platform... using builtin-java classes where applicable
[2022-01-02 12:08:53,646] {spark_submit.py:514} INFO - 22/01/02 12:08:53 INFO ResourceUtils: ==============================================================
[2022-01-02 12:08:53,648] {spark_submit.py:514} INFO - 22/01/02 12:08:53 INFO ResourceUtils: No custom resources configured for spark.driver.
[2022-01-02 12:08:53,650] {spark_submit.py:514} INFO - 22/01/02 12:08:53 INFO ResourceUtils: ==============================================================
[2022-01-02 12:08:53,652] {spark_submit.py:514} INFO - 22/01/02 12:08:53 INFO SparkContext: Submitted application: Get Ads per county
[2022-01-02 12:08:54,534] {spark_submit.py:514} INFO - 22/01/02 12:08:54 INFO ResourceProfile: Default ResourceProfile created, executor resources: Map(cores -> name: cores, amount: 1, script: , vendor: , memory -> name: memory, amount: 1024, script: , vendor: , offHeap -> name: offHeap, amount: 0, script: , vendor: ), task resources: Map(cpus -> name: cpus, amount: 1.0)
[2022-01-02 12:08:55,162] {spark_submit.py:514} INFO - 22/01/02 12:08:55 INFO ResourceProfile: Limiting resource is cpu
[2022-01-02 12:08:55,192] {spark_submit.py:514} INFO - 22/01/02 12:08:55 INFO ResourceProfileManager: Added ResourceProfile id: 0
[2022-01-02 12:08:57,350] {spark_submit.py:514} INFO - 22/01/02 12:08:57 INFO SecurityManager: Changing view acls to: ***
[2022-01-02 12:08:57,493] {spark_submit.py:514} INFO - 22/01/02 12:08:57 INFO SecurityManager: Changing modify acls to: ***
[2022-01-02 12:08:57,497] {spark_submit.py:514} INFO - 22/01/02 12:08:57 INFO SecurityManager: Changing view acls groups to:
[2022-01-02 12:08:57,522] {spark_submit.py:514} INFO - 22/01/02 12:08:57 INFO SecurityManager: Changing modify acls groups to:
[2022-01-02 12:08:57,554] {spark_submit.py:514} INFO - 22/01/02 12:08:57 INFO SecurityManager: SecurityManager: authentication disabled; ui acls disabled; users  with view permissions: Set(***); groups with view permissions: Set(); users  with modify permissions: Set(***); groups with modify permissions: Set()
[2022-01-02 12:10:02,519] {spark_submit.py:514} INFO - 22/01/02 12:10:02 INFO Utils: Successfully started service 'sparkDriver' on port 35493.
[2022-01-02 12:10:03,251] {spark_submit.py:514} INFO - 22/01/02 12:10:03 INFO SparkEnv: Registering MapOutputTracker
[2022-01-02 12:10:04,323] {spark_submit.py:514} INFO - 22/01/02 12:10:04 INFO SparkEnv: Registering BlockManagerMaster
[2022-01-02 12:10:05,927] {spark_submit.py:514} INFO - 22/01/02 12:10:05 INFO BlockManagerMasterEndpoint: Using org.apache.spark.storage.DefaultTopologyMapper for getting topology information
[2022-01-02 12:10:06,003] {spark_submit.py:514} INFO - 22/01/02 12:10:06 INFO BlockManagerMasterEndpoint: BlockManagerMasterEndpoint up
[2022-01-02 12:10:06,510] {spark_submit.py:514} INFO - 22/01/02 12:10:06 INFO SparkEnv: Registering BlockManagerMasterHeartbeat
[2022-01-02 12:10:08,209] {spark_submit.py:514} INFO - 22/01/02 12:10:08 INFO DiskBlockManager: Created local directory at /tmp/blockmgr-b97f9f7a-1014-4580-a279-3ef6a0bb9cc1
[2022-01-02 12:10:08,755] {spark_submit.py:514} INFO - 22/01/02 12:10:08 INFO MemoryStore: MemoryStore started with capacity 434.4 MiB
[2022-01-02 12:10:09,087] {spark_submit.py:514} INFO - 22/01/02 12:10:09 INFO SparkEnv: Registering OutputCommitCoordinator
[2022-01-02 12:10:18,693] {spark_submit.py:514} INFO - 22/01/02 12:10:18 WARN Utils: Service 'SparkUI' could not bind on port 4040. Attempting port 4041.
[2022-01-02 12:10:18,699] {spark_submit.py:514} INFO - 22/01/02 12:10:18 WARN Utils: Service 'SparkUI' could not bind on port 4041. Attempting port 4042.
[2022-01-02 12:10:18,734] {spark_submit.py:514} INFO - 22/01/02 12:10:18 WARN Utils: Service 'SparkUI' could not bind on port 4042. Attempting port 4043.
[2022-01-02 12:10:18,736] {spark_submit.py:514} INFO - 22/01/02 12:10:18 WARN Utils: Service 'SparkUI' could not bind on port 4043. Attempting port 4044.
[2022-01-02 12:10:18,738] {spark_submit.py:514} INFO - 22/01/02 12:10:18 WARN Utils: Service 'SparkUI' could not bind on port 4044. Attempting port 4045.
[2022-01-02 12:10:18,739] {spark_submit.py:514} INFO - 22/01/02 12:10:18 WARN Utils: Service 'SparkUI' could not bind on port 4045. Attempting port 4046.
[2022-01-02 12:10:18,742] {spark_submit.py:514} INFO - 22/01/02 12:10:18 WARN Utils: Service 'SparkUI' could not bind on port 4046. Attempting port 4047.
[2022-01-02 12:10:18,749] {spark_submit.py:514} INFO - 22/01/02 12:10:18 WARN Utils: Service 'SparkUI' could not bind on port 4047. Attempting port 4048.
[2022-01-02 12:10:18,751] {spark_submit.py:514} INFO - 22/01/02 12:10:18 WARN Utils: Service 'SparkUI' could not bind on port 4048. Attempting port 4049.
[2022-01-02 12:10:18,754] {spark_submit.py:514} INFO - 22/01/02 12:10:18 WARN Utils: Service 'SparkUI' could not bind on port 4049. Attempting port 4050.
[2022-01-02 12:10:18,769] {spark_submit.py:514} INFO - 22/01/02 12:10:18 WARN Utils: Service 'SparkUI' could not bind on port 4050. Attempting port 4051.
[2022-01-02 12:10:18,774] {spark_submit.py:514} INFO - 22/01/02 12:10:18 WARN Utils: Service 'SparkUI' could not bind on port 4051. Attempting port 4052.
[2022-01-02 12:10:18,777] {spark_submit.py:514} INFO - 22/01/02 12:10:18 WARN Utils: Service 'SparkUI' could not bind on port 4052. Attempting port 4053.
[2022-01-02 12:10:18,778] {spark_submit.py:514} INFO - 22/01/02 12:10:18 WARN Utils: Service 'SparkUI' could not bind on port 4053. Attempting port 4054.
[2022-01-02 12:10:18,994] {spark_submit.py:514} INFO - 22/01/02 12:10:18 INFO Utils: Successfully started service 'SparkUI' on port 4054.
[2022-01-02 12:10:24,396] {spark_submit.py:514} INFO - 22/01/02 12:10:24 INFO SparkUI: Bound SparkUI to 0.0.0.0, and started at http://bbddfc72aeab:4054
[2022-01-02 12:12:20,345] {spark_submit.py:514} INFO - 22/01/02 12:12:20 INFO StandaloneAppClient$ClientEndpoint: Connecting to master spark://spark:7077...
[2022-01-02 12:12:26,649] {spark_submit.py:514} INFO - 22/01/02 12:12:26 INFO TransportClientFactory: Successfully created connection to spark/172.22.0.4:7077 after 3407 ms (2 ms spent in bootstraps)
[2022-01-02 12:12:48,104] {spark_submit.py:514} INFO - 22/01/02 12:12:48 INFO StandaloneAppClient$ClientEndpoint: Connecting to master spark://spark:7077...
[2022-01-02 12:13:11,895] {spark_submit.py:514} INFO - 22/01/02 12:13:11 INFO StandaloneAppClient$ClientEndpoint: Connecting to master spark://spark:7077...
[2022-01-02 12:13:31,692] {spark_submit.py:514} INFO - 22/01/02 12:13:31 WARN StandaloneSchedulerBackend: Application ID is not initialized yet.
[2022-01-02 12:13:34,070] {spark_submit.py:514} INFO - 22/01/02 12:13:31 ERROR StandaloneSchedulerBackend: Application has been killed. Reason: All masters are unresponsive! Giving up.
[2022-01-02 12:14:41,706] {spark_submit.py:514} INFO - 22/01/02 12:14:41 INFO Utils: Successfully started service 'org.apache.spark.network.netty.NettyBlockTransferService' on port 44167.
[2022-01-02 12:14:41,718] {spark_submit.py:514} INFO - 22/01/02 12:14:41 INFO NettyBlockTransferService: Server created on bbddfc72aeab:44167
[2022-01-02 12:14:54,761] {spark_submit.py:514} INFO - 22/01/02 12:14:54 INFO BlockManager: Using org.apache.spark.storage.RandomBlockReplicationPolicy for block replication policy
[2022-01-02 12:15:00,394] {spark_submit.py:514} INFO - 22/01/02 12:15:00 INFO BlockManagerMaster: Registering BlockManager BlockManagerId(driver, bbddfc72aeab, 44167, None)
[2022-01-02 12:15:00,397] {spark_submit.py:514} INFO - 22/01/02 12:15:00 INFO SparkUI: Stopped Spark web UI at http://bbddfc72aeab:4054
[2022-01-02 12:15:01,183] {spark_submit.py:514} INFO - 22/01/02 12:15:01 INFO StandaloneSchedulerBackend: Shutting down all executors
[2022-01-02 12:15:01,198] {spark_submit.py:514} INFO - 22/01/02 12:15:01 INFO BlockManagerMasterEndpoint: Registering block manager bbddfc72aeab:44167 with 434.4 MiB RAM, BlockManagerId(driver, bbddfc72aeab, 44167, None)
[2022-01-02 12:15:01,569] {spark_submit.py:514} INFO - 22/01/02 12:15:01 INFO BlockManagerMaster: Registered BlockManager BlockManagerId(driver, bbddfc72aeab, 44167, None)
[2022-01-02 12:15:01,836] {spark_submit.py:514} INFO - 22/01/02 12:15:01 INFO BlockManager: Initialized BlockManager: BlockManagerId(driver, bbddfc72aeab, 44167, None)
[2022-01-02 12:15:02,102] {spark_submit.py:514} INFO - 22/01/02 12:15:02 INFO CoarseGrainedSchedulerBackend$DriverEndpoint: Asking each executor to shut down
[2022-01-02 12:15:02,403] {spark_submit.py:514} INFO - 22/01/02 12:15:02 WARN StandaloneAppClient$ClientEndpoint: Drop UnregisterApplication(null) because has not yet connected to master
[2022-01-02 12:15:04,106] {spark_submit.py:514} INFO - 22/01/02 12:15:04 ERROR TransportRequestHandler: Error while invoking RpcHandler#receive() for one-way message.
[2022-01-02 12:15:04,111] {spark_submit.py:514} INFO - org.apache.spark.SparkException: Could not find AppClient.
[2022-01-02 12:15:04,116] {spark_submit.py:514} INFO - at org.apache.spark.rpc.netty.Dispatcher.postMessage(Dispatcher.scala:178)
[2022-01-02 12:15:04,119] {spark_submit.py:514} INFO - at org.apache.spark.rpc.netty.Dispatcher.postOneWayMessage(Dispatcher.scala:150)
[2022-01-02 12:15:04,122] {spark_submit.py:514} INFO - at org.apache.spark.rpc.netty.NettyRpcHandler.receive(NettyRpcEnv.scala:691)
[2022-01-02 12:15:04,125] {spark_submit.py:514} INFO - at org.apache.spark.network.server.TransportRequestHandler.processOneWayMessage(TransportRequestHandler.java:274)
[2022-01-02 12:15:04,126] {spark_submit.py:514} INFO - at org.apache.spark.network.server.TransportRequestHandler.handle(TransportRequestHandler.java:111)
[2022-01-02 12:15:04,130] {spark_submit.py:514} INFO - at org.apache.spark.network.server.TransportChannelHandler.channelRead0(TransportChannelHandler.java:140)
[2022-01-02 12:15:04,133] {spark_submit.py:514} INFO - at org.apache.spark.network.server.TransportChannelHandler.channelRead0(TransportChannelHandler.java:53)
[2022-01-02 12:15:04,147] {spark_submit.py:514} INFO - at io.netty.channel.SimpleChannelInboundHandler.channelRead(SimpleChannelInboundHandler.java:99)
[2022-01-02 12:15:04,158] {spark_submit.py:514} INFO - at io.netty.channel.AbstractChannelHandlerContext.invokeChannelRead(AbstractChannelHandlerContext.java:379)
[2022-01-02 12:15:04,173] {spark_submit.py:514} INFO - at io.netty.channel.AbstractChannelHandlerContext.invokeChannelRead(AbstractChannelHandlerContext.java:365)
[2022-01-02 12:15:04,200] {spark_submit.py:514} INFO - at io.netty.channel.AbstractChannelHandlerContext.fireChannelRead(AbstractChannelHandlerContext.java:357)
[2022-01-02 12:15:04,246] {spark_submit.py:514} INFO - at io.netty.handler.timeout.IdleStateHandler.channelRead(IdleStateHandler.java:286)
[2022-01-02 12:15:04,266] {spark_submit.py:514} INFO - at io.netty.channel.AbstractChannelHandlerContext.invokeChannelRead(AbstractChannelHandlerContext.java:379)
[2022-01-02 12:15:04,271] {spark_submit.py:514} INFO - at io.netty.channel.AbstractChannelHandlerContext.invokeChannelRead(AbstractChannelHandlerContext.java:365)
[2022-01-02 12:15:04,283] {spark_submit.py:514} INFO - at io.netty.channel.AbstractChannelHandlerContext.fireChannelRead(AbstractChannelHandlerContext.java:357)
[2022-01-02 12:15:04,288] {spark_submit.py:514} INFO - at io.netty.handler.codec.MessageToMessageDecoder.channelRead(MessageToMessageDecoder.java:103)
[2022-01-02 12:15:04,305] {spark_submit.py:514} INFO - at io.netty.channel.AbstractChannelHandlerContext.invokeChannelRead(AbstractChannelHandlerContext.java:379)
[2022-01-02 12:15:04,312] {spark_submit.py:514} INFO - at io.netty.channel.AbstractChannelHandlerContext.invokeChannelRead(AbstractChannelHandlerContext.java:365)
[2022-01-02 12:15:04,329] {spark_submit.py:514} INFO - at io.netty.channel.AbstractChannelHandlerContext.fireChannelRead(AbstractChannelHandlerContext.java:357)
[2022-01-02 12:15:04,337] {spark_submit.py:514} INFO - at org.apache.spark.network.util.TransportFrameDecoder.channelRead(TransportFrameDecoder.java:102)
[2022-01-02 12:15:04,343] {spark_submit.py:514} INFO - at io.netty.channel.AbstractChannelHandlerContext.invokeChannelRead(AbstractChannelHandlerContext.java:379)
[2022-01-02 12:15:04,426] {spark_submit.py:514} INFO - at io.netty.channel.AbstractChannelHandlerContext.invokeChannelRead(AbstractChannelHandlerContext.java:365)
[2022-01-02 12:15:04,432] {spark_submit.py:514} INFO - at io.netty.channel.AbstractChannelHandlerContext.fireChannelRead(AbstractChannelHandlerContext.java:357)
[2022-01-02 12:15:04,444] {spark_submit.py:514} INFO - at io.netty.channel.DefaultChannelPipeline$HeadContext.channelRead(DefaultChannelPipeline.java:1410)
[2022-01-02 12:15:04,450] {spark_submit.py:514} INFO - at io.netty.channel.AbstractChannelHandlerContext.invokeChannelRead(AbstractChannelHandlerContext.java:379)
[2022-01-02 12:15:04,484] {spark_submit.py:514} INFO - at io.netty.channel.AbstractChannelHandlerContext.invokeChannelRead(AbstractChannelHandlerContext.java:365)
[2022-01-02 12:15:04,512] {spark_submit.py:514} INFO - at io.netty.channel.DefaultChannelPipeline.fireChannelRead(DefaultChannelPipeline.java:919)
[2022-01-02 12:15:04,514] {spark_submit.py:514} INFO - at io.netty.channel.nio.AbstractNioByteChannel$NioByteUnsafe.read(AbstractNioByteChannel.java:166)
[2022-01-02 12:15:04,531] {spark_submit.py:514} INFO - at io.netty.channel.nio.NioEventLoop.processSelectedKey(NioEventLoop.java:719)
[2022-01-02 12:15:04,537] {spark_submit.py:514} INFO - at io.netty.channel.nio.NioEventLoop.processSelectedKeysOptimized(NioEventLoop.java:655)
[2022-01-02 12:15:04,545] {spark_submit.py:514} INFO - at io.netty.channel.nio.NioEventLoop.processSelectedKeys(NioEventLoop.java:581)
[2022-01-02 12:15:04,565] {spark_submit.py:514} INFO - at io.netty.channel.nio.NioEventLoop.run(NioEventLoop.java:493)
[2022-01-02 12:15:04,659] {spark_submit.py:514} INFO - at io.netty.util.concurrent.SingleThreadEventExecutor$4.run(SingleThreadEventExecutor.java:986)
[2022-01-02 12:15:04,681] {spark_submit.py:514} INFO - at io.netty.util.internal.ThreadExecutorMap$2.run(ThreadExecutorMap.java:74)
[2022-01-02 12:15:04,696] {spark_submit.py:514} INFO - at io.netty.util.concurrent.FastThreadLocalRunnable.run(FastThreadLocalRunnable.java:30)
[2022-01-02 12:15:04,726] {spark_submit.py:514} INFO - at java.base/java.lang.Thread.run(Thread.java:829)
[2022-01-02 12:15:04,743] {spark_submit.py:514} INFO - 22/01/02 12:15:04 INFO MapOutputTrackerMasterEndpoint: MapOutputTrackerMasterEndpoint stopped!
[2022-01-02 12:15:05,869] {spark_submit.py:514} INFO - 22/01/02 12:15:05 INFO MemoryStore: MemoryStore cleared
[2022-01-02 12:15:05,892] {spark_submit.py:514} INFO - 22/01/02 12:15:05 INFO BlockManager: BlockManager stopped
[2022-01-02 12:15:06,393] {spark_submit.py:514} INFO - 22/01/02 12:15:06 INFO BlockManagerMaster: BlockManagerMaster stopped
[2022-01-02 12:15:06,899] {spark_submit.py:514} INFO - 22/01/02 12:15:06 INFO OutputCommitCoordinator$OutputCommitCoordinatorEndpoint: OutputCommitCoordinator stopped!
[2022-01-02 12:15:23,898] {spark_submit.py:514} INFO - 22/01/02 12:15:23 INFO SparkContext: Successfully stopped SparkContext
[2022-01-02 12:15:39,000] {spark_submit.py:514} INFO - 22/01/02 12:15:38 ERROR SparkContext: Error initializing SparkContext.
[2022-01-02 12:15:39,488] {spark_submit.py:514} INFO - java.lang.IllegalArgumentException: requirement failed: Can only call getServletHandlers on a running MetricsSystem
[2022-01-02 12:15:39,498] {spark_submit.py:514} INFO - at scala.Predef$.require(Predef.scala:281)
[2022-01-02 12:15:39,506] {spark_submit.py:514} INFO - at org.apache.spark.metrics.MetricsSystem.getServletHandlers(MetricsSystem.scala:89)
[2022-01-02 12:15:39,514] {spark_submit.py:514} INFO - at org.apache.spark.SparkContext.<init>(SparkContext.scala:603)
[2022-01-02 12:15:39,525] {spark_submit.py:514} INFO - at org.apache.spark.api.java.JavaSparkContext.<init>(JavaSparkContext.scala:58)
[2022-01-02 12:15:39,532] {spark_submit.py:514} INFO - at java.base/jdk.internal.reflect.NativeConstructorAccessorImpl.newInstance0(Native Method)
[2022-01-02 12:15:39,535] {spark_submit.py:514} INFO - at java.base/jdk.internal.reflect.NativeConstructorAccessorImpl.newInstance(NativeConstructorAccessorImpl.java:62)
[2022-01-02 12:15:39,538] {spark_submit.py:514} INFO - at java.base/jdk.internal.reflect.DelegatingConstructorAccessorImpl.newInstance(DelegatingConstructorAccessorImpl.java:45)
[2022-01-02 12:15:39,545] {spark_submit.py:514} INFO - at java.base/java.lang.reflect.Constructor.newInstance(Constructor.java:490)
[2022-01-02 12:15:39,557] {spark_submit.py:514} INFO - at py4j.reflection.MethodInvoker.invoke(MethodInvoker.java:247)
[2022-01-02 12:15:39,577] {spark_submit.py:514} INFO - at py4j.reflection.ReflectionEngine.invoke(ReflectionEngine.java:357)
[2022-01-02 12:15:39,608] {spark_submit.py:514} INFO - at py4j.Gateway.invoke(Gateway.java:238)
[2022-01-02 12:15:39,652] {spark_submit.py:514} INFO - at py4j.commands.ConstructorCommand.invokeConstructor(ConstructorCommand.java:80)
[2022-01-02 12:15:39,673] {spark_submit.py:514} INFO - at py4j.commands.ConstructorCommand.execute(ConstructorCommand.java:69)
[2022-01-02 12:15:39,729] {spark_submit.py:514} INFO - at py4j.ClientServerConnection.waitForCommands(ClientServerConnection.java:182)
[2022-01-02 12:15:39,755] {spark_submit.py:514} INFO - at py4j.ClientServerConnection.run(ClientServerConnection.java:106)
[2022-01-02 12:15:39,765] {spark_submit.py:514} INFO - at java.base/java.lang.Thread.run(Thread.java:829)
[2022-01-02 12:15:39,773] {spark_submit.py:514} INFO - 22/01/02 12:15:38 INFO SparkContext: SparkContext already stopped.
[2022-01-02 12:15:39,788] {spark_submit.py:514} INFO - Traceback (most recent call last):
[2022-01-02 12:15:39,798] {spark_submit.py:514} INFO - File "/opt/***/jobs/get_ads_per_county.py", line 13, in <module>
[2022-01-02 12:15:39,816] {spark_submit.py:514} INFO - .appName("Get Ads per county") \
[2022-01-02 12:15:39,849] {spark_submit.py:514} INFO - File "/home/***/.local/lib/python3.6/site-packages/pyspark/python/lib/pyspark.zip/pyspark/sql/session.py", line 228, in getOrCreate
[2022-01-02 12:15:39,917] {spark_submit.py:514} INFO - File "/home/***/.local/lib/python3.6/site-packages/pyspark/python/lib/pyspark.zip/pyspark/context.py", line 392, in getOrCreate
[2022-01-02 12:15:39,942] {spark_submit.py:514} INFO - File "/home/***/.local/lib/python3.6/site-packages/pyspark/python/lib/pyspark.zip/pyspark/context.py", line 147, in __init__
[2022-01-02 12:15:39,968] {spark_submit.py:514} INFO - File "/home/***/.local/lib/python3.6/site-packages/pyspark/python/lib/pyspark.zip/pyspark/context.py", line 209, in _do_init
[2022-01-02 12:15:39,997] {spark_submit.py:514} INFO - File "/home/***/.local/lib/python3.6/site-packages/pyspark/python/lib/pyspark.zip/pyspark/context.py", line 329, in _initialize_context
[2022-01-02 12:15:40,019] {spark_submit.py:514} INFO - File "/home/***/.local/lib/python3.6/site-packages/pyspark/python/lib/py4j-0.10.9.2-src.zip/py4j/java_gateway.py", line 1574, in __call__
[2022-01-02 12:15:40,050] {spark_submit.py:514} INFO - File "/home/***/.local/lib/python3.6/site-packages/pyspark/python/lib/py4j-0.10.9.2-src.zip/py4j/protocol.py", line 328, in get_return_value
[2022-01-02 12:15:40,089] {spark_submit.py:514} INFO - py4j.protocol.Py4JJavaError: An error occurred while calling None.org.apache.spark.api.java.JavaSparkContext.
[2022-01-02 12:15:40,114] {spark_submit.py:514} INFO - : java.lang.IllegalArgumentException: requirement failed: Can only call getServletHandlers on a running MetricsSystem
[2022-01-02 12:15:40,126] {spark_submit.py:514} INFO - at scala.Predef$.require(Predef.scala:281)
[2022-01-02 12:15:40,140] {spark_submit.py:514} INFO - at org.apache.spark.metrics.MetricsSystem.getServletHandlers(MetricsSystem.scala:89)
[2022-01-02 12:15:40,142] {spark_submit.py:514} INFO - at org.apache.spark.SparkContext.<init>(SparkContext.scala:603)
[2022-01-02 12:15:40,148] {spark_submit.py:514} INFO - at org.apache.spark.api.java.JavaSparkContext.<init>(JavaSparkContext.scala:58)
[2022-01-02 12:15:40,168] {spark_submit.py:514} INFO - at java.base/jdk.internal.reflect.NativeConstructorAccessorImpl.newInstance0(Native Method)
[2022-01-02 12:15:40,182] {spark_submit.py:514} INFO - at java.base/jdk.internal.reflect.NativeConstructorAccessorImpl.newInstance(NativeConstructorAccessorImpl.java:62)
[2022-01-02 12:15:40,190] {spark_submit.py:514} INFO - at java.base/jdk.internal.reflect.DelegatingConstructorAccessorImpl.newInstance(DelegatingConstructorAccessorImpl.java:45)
[2022-01-02 12:15:40,253] {spark_submit.py:514} INFO - at java.base/java.lang.reflect.Constructor.newInstance(Constructor.java:490)
[2022-01-02 12:15:40,263] {spark_submit.py:514} INFO - at py4j.reflection.MethodInvoker.invoke(MethodInvoker.java:247)
[2022-01-02 12:15:40,273] {spark_submit.py:514} INFO - at py4j.reflection.ReflectionEngine.invoke(ReflectionEngine.java:357)
[2022-01-02 12:15:40,286] {spark_submit.py:514} INFO - at py4j.Gateway.invoke(Gateway.java:238)
[2022-01-02 12:15:40,314] {spark_submit.py:514} INFO - at py4j.commands.ConstructorCommand.invokeConstructor(ConstructorCommand.java:80)
[2022-01-02 12:15:40,327] {spark_submit.py:514} INFO - at py4j.commands.ConstructorCommand.execute(ConstructorCommand.java:69)
[2022-01-02 12:15:40,348] {spark_submit.py:514} INFO - at py4j.ClientServerConnection.waitForCommands(ClientServerConnection.java:182)
[2022-01-02 12:15:40,367] {spark_submit.py:514} INFO - at py4j.ClientServerConnection.run(ClientServerConnection.java:106)
[2022-01-02 12:15:40,397] {spark_submit.py:514} INFO - at java.base/java.lang.Thread.run(Thread.java:829)
[2022-01-02 12:15:40,420] {spark_submit.py:514} INFO - 
[2022-01-02 12:17:05,087] {spark_submit.py:514} INFO - 22/01/02 12:17:05 INFO ShutdownHookManager: Shutdown hook called
[2022-01-02 12:17:05,349] {spark_submit.py:514} INFO - 22/01/02 12:17:05 INFO ShutdownHookManager: Deleting directory /tmp/spark-4e187683-d019-4b5e-999d-f14eed53a17b
[2022-01-02 12:17:05,368] {spark_submit.py:514} INFO - 22/01/02 12:17:05 INFO ShutdownHookManager: Deleting directory /tmp/spark-e6e0c9fd-ada5-468d-bc24-77358de41679
[2022-01-02 12:17:19,215] {taskinstance.py:1703} ERROR - Task failed with exception
Traceback (most recent call last):
  File "/home/airflow/.local/lib/python3.6/site-packages/airflow/models/taskinstance.py", line 1332, in _run_raw_task
    self._execute_task_with_callbacks(context)
  File "/home/airflow/.local/lib/python3.6/site-packages/airflow/models/taskinstance.py", line 1458, in _execute_task_with_callbacks
    result = self._execute_task(context, self.task)
  File "/home/airflow/.local/lib/python3.6/site-packages/airflow/models/taskinstance.py", line 1514, in _execute_task
    result = execute_callable(context=context)
  File "/home/airflow/.local/lib/python3.6/site-packages/airflow/providers/apache/spark/operators/spark_submit.py", line 179, in execute
    self._hook.submit(self._application)
  File "/home/airflow/.local/lib/python3.6/site-packages/airflow/providers/apache/spark/hooks/spark_submit.py", line 446, in submit
    f"Cannot execute: {self._mask_cmd(spark_submit_cmd)}. Error code is: {returncode}."
airflow.exceptions.AirflowException: Cannot execute: spark-submit --master spark://spark:7077 --conf spark.master=spark://spark:7077 --name scrap data --verbose /opt/***/jobs/get_ads_per_county.py kerry. Error code is: 1.
[2022-01-02 12:17:20,592] {taskinstance.py:1280} INFO - Marking task as UP_FOR_RETRY. dag_id=scraping_daft_kerry, task_id=scrap_data, execution_date=20220101T094000, start_date=20220102T120608, end_date=20220102T121719
[2022-01-02 12:17:22,552] {standard_task_runner.py:91} ERROR - Failed to execute job 6110 for task scrap_data
Traceback (most recent call last):
  File "/home/airflow/.local/lib/python3.6/site-packages/airflow/task/task_runner/standard_task_runner.py", line 85, in _start_by_fork
    args.func(args, dag=self.dag)
  File "/home/airflow/.local/lib/python3.6/site-packages/airflow/cli/cli_parser.py", line 48, in command
    return func(*args, **kwargs)
  File "/home/airflow/.local/lib/python3.6/site-packages/airflow/utils/cli.py", line 92, in wrapper
    return f(*args, **kwargs)
  File "/home/airflow/.local/lib/python3.6/site-packages/airflow/cli/commands/task_command.py", line 292, in task_run
    _run_task_by_selected_method(args, dag, ti)
  File "/home/airflow/.local/lib/python3.6/site-packages/airflow/cli/commands/task_command.py", line 107, in _run_task_by_selected_method
    _run_raw_task(args, ti)
  File "/home/airflow/.local/lib/python3.6/site-packages/airflow/cli/commands/task_command.py", line 184, in _run_raw_task
    error_file=args.error_file,
  File "/home/airflow/.local/lib/python3.6/site-packages/airflow/utils/session.py", line 70, in wrapper
    return func(*args, session=session, **kwargs)
  File "/home/airflow/.local/lib/python3.6/site-packages/airflow/models/taskinstance.py", line 1332, in _run_raw_task
    self._execute_task_with_callbacks(context)
  File "/home/airflow/.local/lib/python3.6/site-packages/airflow/models/taskinstance.py", line 1458, in _execute_task_with_callbacks
    result = self._execute_task(context, self.task)
  File "/home/airflow/.local/lib/python3.6/site-packages/airflow/models/taskinstance.py", line 1514, in _execute_task
    result = execute_callable(context=context)
  File "/home/airflow/.local/lib/python3.6/site-packages/airflow/providers/apache/spark/operators/spark_submit.py", line 179, in execute
    self._hook.submit(self._application)
  File "/home/airflow/.local/lib/python3.6/site-packages/airflow/providers/apache/spark/hooks/spark_submit.py", line 446, in submit
    f"Cannot execute: {self._mask_cmd(spark_submit_cmd)}. Error code is: {returncode}."
airflow.exceptions.AirflowException: Cannot execute: spark-submit --master spark://spark:7077 --conf spark.master=spark://spark:7077 --name scrap data --verbose /opt/***/jobs/get_ads_per_county.py kerry. Error code is: 1.
[2022-01-02 12:17:26,882] {local_task_job.py:154} INFO - Task exited with return code 1
[2022-01-02 12:17:33,161] {local_task_job.py:264} INFO - 0 downstream tasks scheduled from follow-on schedule check
