[2021-12-29 12:10:44,531] {taskinstance.py:1035} INFO - Dependencies all met for <TaskInstance: scraping_daft_kildare.persist_data scheduled__2021-12-28T09:45:00+00:00 [queued]>
[2021-12-29 12:10:44,552] {taskinstance.py:1035} INFO - Dependencies all met for <TaskInstance: scraping_daft_kildare.persist_data scheduled__2021-12-28T09:45:00+00:00 [queued]>
[2021-12-29 12:10:44,553] {taskinstance.py:1241} INFO - 
--------------------------------------------------------------------------------
[2021-12-29 12:10:44,555] {taskinstance.py:1242} INFO - Starting attempt 2 of 4
[2021-12-29 12:10:44,556] {taskinstance.py:1243} INFO - 
--------------------------------------------------------------------------------
[2021-12-29 12:10:44,577] {taskinstance.py:1262} INFO - Executing <Task(SparkSubmitOperator): persist_data> on 2021-12-28 09:45:00+00:00
[2021-12-29 12:10:44,589] {standard_task_runner.py:76} INFO - Running: ['***', 'tasks', 'run', 'scraping_daft_kildare', 'persist_data', 'scheduled__2021-12-28T09:45:00+00:00', '--job-id', '5380', '--raw', '--subdir', 'DAGS_FOLDER/scraping_daft_kildare.py', '--cfg-path', '/tmp/tmpavrmiyd7', '--error-file', '/tmp/tmpnxagir5t']
[2021-12-29 12:10:44,584] {standard_task_runner.py:52} INFO - Started process 32843 to run task
[2021-12-29 12:10:44,591] {standard_task_runner.py:77} INFO - Job 5380: Subtask persist_data
[2021-12-29 12:10:44,703] {logging_mixin.py:109} INFO - Running <TaskInstance: scraping_daft_kildare.persist_data scheduled__2021-12-28T09:45:00+00:00 [running]> on host 6bdda4c19a85
[2021-12-29 12:10:44,863] {taskinstance.py:1429} INFO - Exporting the following env vars:
AIRFLOW_CTX_DAG_EMAIL=clement.liscoet@gmail.com
AIRFLOW_CTX_DAG_OWNER=clemoni
AIRFLOW_CTX_DAG_ID=scraping_daft_kildare
AIRFLOW_CTX_TASK_ID=persist_data
AIRFLOW_CTX_EXECUTION_DATE=2021-12-28T09:45:00+00:00
AIRFLOW_CTX_DAG_RUN_ID=scheduled__2021-12-28T09:45:00+00:00
[2021-12-29 12:10:44,893] {base.py:79} INFO - Using connection to: id: spark_default. Host: spark://spark:7077, Port: None, Schema: , Login: ***, Password: ***, extra: {}
[2021-12-29 12:10:44,898] {spark_submit.py:360} INFO - Spark-Submit cmd: spark-submit --master spark://spark:7077 --conf spark.master=spark://spark:7077 --name persist data --verbose /opt/***/jobs/persist_db.py kildare
[2021-12-29 12:10:46,755] {spark_submit.py:514} INFO - Using properties file: null
[2021-12-29 12:10:46,900] {spark_submit.py:514} INFO - WARNING: An illegal reflective access operation has occurred
[2021-12-29 12:10:46,902] {spark_submit.py:514} INFO - WARNING: Illegal reflective access by org.apache.spark.unsafe.Platform (file:/home/***/.local/lib/python3.6/site-packages/pyspark/jars/spark-unsafe_2.12-3.2.0.jar) to constructor java.nio.DirectByteBuffer(long,int)
[2021-12-29 12:10:46,903] {spark_submit.py:514} INFO - WARNING: Please consider reporting this to the maintainers of org.apache.spark.unsafe.Platform
[2021-12-29 12:10:46,904] {spark_submit.py:514} INFO - WARNING: Use --illegal-access=warn to enable warnings of further illegal reflective access operations
[2021-12-29 12:10:46,906] {spark_submit.py:514} INFO - WARNING: All illegal access operations will be denied in a future release
[2021-12-29 12:10:46,978] {spark_submit.py:514} INFO - Parsed arguments:
[2021-12-29 12:10:46,979] {spark_submit.py:514} INFO - master                  spark://spark:7077
[2021-12-29 12:10:46,980] {spark_submit.py:514} INFO - deployMode              null
[2021-12-29 12:10:46,981] {spark_submit.py:514} INFO - executorMemory          null
[2021-12-29 12:10:46,982] {spark_submit.py:514} INFO - executorCores           null
[2021-12-29 12:10:46,983] {spark_submit.py:514} INFO - totalExecutorCores      null
[2021-12-29 12:10:46,984] {spark_submit.py:514} INFO - propertiesFile          null
[2021-12-29 12:10:46,985] {spark_submit.py:514} INFO - driverMemory            null
[2021-12-29 12:10:46,987] {spark_submit.py:514} INFO - driverCores             null
[2021-12-29 12:10:46,988] {spark_submit.py:514} INFO - driverExtraClassPath    null
[2021-12-29 12:10:46,989] {spark_submit.py:514} INFO - driverExtraLibraryPath  null
[2021-12-29 12:10:46,991] {spark_submit.py:514} INFO - driverExtraJavaOptions  null
[2021-12-29 12:10:46,992] {spark_submit.py:514} INFO - supervise               false
[2021-12-29 12:10:46,993] {spark_submit.py:514} INFO - queue                   null
[2021-12-29 12:10:46,994] {spark_submit.py:514} INFO - numExecutors            null
[2021-12-29 12:10:46,995] {spark_submit.py:514} INFO - files                   null
[2021-12-29 12:10:46,996] {spark_submit.py:514} INFO - pyFiles                 null
[2021-12-29 12:10:46,997] {spark_submit.py:514} INFO - archives                null
[2021-12-29 12:10:46,998] {spark_submit.py:514} INFO - mainClass               null
[2021-12-29 12:10:46,999] {spark_submit.py:514} INFO - primaryResource         file:/opt/***/jobs/persist_db.py
[2021-12-29 12:10:46,999] {spark_submit.py:514} INFO - name                    persist data
[2021-12-29 12:10:47,002] {spark_submit.py:514} INFO - childArgs               [kildare]
[2021-12-29 12:10:47,003] {spark_submit.py:514} INFO - jars                    null
[2021-12-29 12:10:47,004] {spark_submit.py:514} INFO - packages                null
[2021-12-29 12:10:47,005] {spark_submit.py:514} INFO - packagesExclusions      null
[2021-12-29 12:10:47,006] {spark_submit.py:514} INFO - repositories            null
[2021-12-29 12:10:47,007] {spark_submit.py:514} INFO - verbose                 true
[2021-12-29 12:10:47,008] {spark_submit.py:514} INFO - 
[2021-12-29 12:10:47,010] {spark_submit.py:514} INFO - Spark properties used, including those specified through
[2021-12-29 12:10:47,011] {spark_submit.py:514} INFO - --conf and those from the properties file null:
[2021-12-29 12:10:47,012] {spark_submit.py:514} INFO - (spark.master,spark://spark:7077)
[2021-12-29 12:10:47,013] {spark_submit.py:514} INFO - 
[2021-12-29 12:10:47,015] {spark_submit.py:514} INFO - 
[2021-12-29 12:10:47,329] {spark_submit.py:514} INFO - Main class:
[2021-12-29 12:10:47,330] {spark_submit.py:514} INFO - org.apache.spark.deploy.PythonRunner
[2021-12-29 12:10:47,331] {spark_submit.py:514} INFO - Arguments:
[2021-12-29 12:10:47,332] {spark_submit.py:514} INFO - file:/opt/***/jobs/persist_db.py
[2021-12-29 12:10:47,333] {spark_submit.py:514} INFO - null
[2021-12-29 12:10:47,334] {spark_submit.py:514} INFO - kildare
[2021-12-29 12:10:47,335] {spark_submit.py:514} INFO - --verbose
[2021-12-29 12:10:47,336] {spark_submit.py:514} INFO - Spark config:
[2021-12-29 12:10:47,337] {spark_submit.py:514} INFO - (spark.master,spark://spark:7077)
[2021-12-29 12:10:47,338] {spark_submit.py:514} INFO - (spark.app.name,persist data)
[2021-12-29 12:10:47,339] {spark_submit.py:514} INFO - (spark.submit.pyFiles,)
[2021-12-29 12:10:47,340] {spark_submit.py:514} INFO - (spark.submit.deployMode,client)
[2021-12-29 12:10:47,341] {spark_submit.py:514} INFO - Classpath elements:
[2021-12-29 12:10:47,342] {spark_submit.py:514} INFO - 
[2021-12-29 12:10:47,344] {spark_submit.py:514} INFO - 
[2021-12-29 12:10:47,345] {spark_submit.py:514} INFO - 
[2021-12-29 12:10:48,661] {spark_submit.py:514} INFO - Using Spark's default log4j profile: org/apache/spark/log4j-defaults.properties
[2021-12-29 12:10:48,679] {spark_submit.py:514} INFO - 21/12/29 12:10:48 INFO SparkContext: Running Spark version 3.2.0
[2021-12-29 12:10:48,856] {spark_submit.py:514} INFO - 21/12/29 12:10:48 WARN NativeCodeLoader: Unable to load native-hadoop library for your platform... using builtin-java classes where applicable
[2021-12-29 12:10:49,144] {spark_submit.py:514} INFO - 21/12/29 12:10:49 INFO ResourceUtils: ==============================================================
[2021-12-29 12:10:49,145] {spark_submit.py:514} INFO - 21/12/29 12:10:49 INFO ResourceUtils: No custom resources configured for spark.driver.
[2021-12-29 12:10:49,146] {spark_submit.py:514} INFO - 21/12/29 12:10:49 INFO ResourceUtils: ==============================================================
[2021-12-29 12:10:49,149] {spark_submit.py:514} INFO - 21/12/29 12:10:49 INFO SparkContext: Submitted application: Persist DB
[2021-12-29 12:10:49,203] {spark_submit.py:514} INFO - 21/12/29 12:10:49 INFO ResourceProfile: Default ResourceProfile created, executor resources: Map(cores -> name: cores, amount: 1, script: , vendor: , memory -> name: memory, amount: 1024, script: , vendor: , offHeap -> name: offHeap, amount: 0, script: , vendor: ), task resources: Map(cpus -> name: cpus, amount: 1.0)
[2021-12-29 12:10:49,221] {spark_submit.py:514} INFO - 21/12/29 12:10:49 INFO ResourceProfile: Limiting resource is cpu
[2021-12-29 12:10:49,222] {spark_submit.py:514} INFO - 21/12/29 12:10:49 INFO ResourceProfileManager: Added ResourceProfile id: 0
[2021-12-29 12:10:49,327] {spark_submit.py:514} INFO - 21/12/29 12:10:49 INFO SecurityManager: Changing view acls to: ***
[2021-12-29 12:10:49,328] {spark_submit.py:514} INFO - 21/12/29 12:10:49 INFO SecurityManager: Changing modify acls to: ***
[2021-12-29 12:10:49,330] {spark_submit.py:514} INFO - 21/12/29 12:10:49 INFO SecurityManager: Changing view acls groups to:
[2021-12-29 12:10:49,331] {spark_submit.py:514} INFO - 21/12/29 12:10:49 INFO SecurityManager: Changing modify acls groups to:
[2021-12-29 12:10:49,332] {spark_submit.py:514} INFO - 21/12/29 12:10:49 INFO SecurityManager: SecurityManager: authentication disabled; ui acls disabled; users  with view permissions: Set(***); groups with view permissions: Set(); users  with modify permissions: Set(***); groups with modify permissions: Set()
[2021-12-29 12:10:49,791] {spark_submit.py:514} INFO - 21/12/29 12:10:49 INFO Utils: Successfully started service 'sparkDriver' on port 34735.
[2021-12-29 12:10:49,837] {spark_submit.py:514} INFO - 21/12/29 12:10:49 INFO SparkEnv: Registering MapOutputTracker
[2021-12-29 12:10:49,886] {spark_submit.py:514} INFO - 21/12/29 12:10:49 INFO SparkEnv: Registering BlockManagerMaster
[2021-12-29 12:10:49,916] {spark_submit.py:514} INFO - 21/12/29 12:10:49 INFO BlockManagerMasterEndpoint: Using org.apache.spark.storage.DefaultTopologyMapper for getting topology information
[2021-12-29 12:10:49,917] {spark_submit.py:514} INFO - 21/12/29 12:10:49 INFO BlockManagerMasterEndpoint: BlockManagerMasterEndpoint up
[2021-12-29 12:10:49,925] {spark_submit.py:514} INFO - 21/12/29 12:10:49 INFO SparkEnv: Registering BlockManagerMasterHeartbeat
[2021-12-29 12:10:49,964] {spark_submit.py:514} INFO - 21/12/29 12:10:49 INFO DiskBlockManager: Created local directory at /tmp/blockmgr-2c5f09e1-b936-4177-a6c8-166836f17d8f
[2021-12-29 12:10:49,998] {spark_submit.py:514} INFO - 21/12/29 12:10:49 INFO MemoryStore: MemoryStore started with capacity 434.4 MiB
[2021-12-29 12:10:50,026] {spark_submit.py:514} INFO - 21/12/29 12:10:50 INFO SparkEnv: Registering OutputCommitCoordinator
[2021-12-29 12:10:50,309] {spark_submit.py:514} INFO - 21/12/29 12:10:50 WARN Utils: Service 'SparkUI' could not bind on port 4040. Attempting port 4041.
[2021-12-29 12:10:50,310] {spark_submit.py:514} INFO - 21/12/29 12:10:50 WARN Utils: Service 'SparkUI' could not bind on port 4041. Attempting port 4042.
[2021-12-29 12:10:50,311] {spark_submit.py:514} INFO - 21/12/29 12:10:50 WARN Utils: Service 'SparkUI' could not bind on port 4042. Attempting port 4043.
[2021-12-29 12:10:50,312] {spark_submit.py:514} INFO - 21/12/29 12:10:50 WARN Utils: Service 'SparkUI' could not bind on port 4043. Attempting port 4044.
[2021-12-29 12:10:50,313] {spark_submit.py:514} INFO - 21/12/29 12:10:50 WARN Utils: Service 'SparkUI' could not bind on port 4044. Attempting port 4045.
[2021-12-29 12:10:50,314] {spark_submit.py:514} INFO - 21/12/29 12:10:50 WARN Utils: Service 'SparkUI' could not bind on port 4045. Attempting port 4046.
[2021-12-29 12:10:50,316] {spark_submit.py:514} INFO - 21/12/29 12:10:50 WARN Utils: Service 'SparkUI' could not bind on port 4046. Attempting port 4047.
[2021-12-29 12:10:50,316] {spark_submit.py:514} INFO - 21/12/29 12:10:50 WARN Utils: Service 'SparkUI' could not bind on port 4047. Attempting port 4048.
[2021-12-29 12:10:50,318] {spark_submit.py:514} INFO - 21/12/29 12:10:50 WARN Utils: Service 'SparkUI' could not bind on port 4048. Attempting port 4049.
[2021-12-29 12:10:50,319] {spark_submit.py:514} INFO - 21/12/29 12:10:50 WARN Utils: Service 'SparkUI' could not bind on port 4049. Attempting port 4050.
[2021-12-29 12:10:50,321] {spark_submit.py:514} INFO - 21/12/29 12:10:50 WARN Utils: Service 'SparkUI' could not bind on port 4050. Attempting port 4051.
[2021-12-29 12:10:50,332] {spark_submit.py:514} INFO - 21/12/29 12:10:50 INFO Utils: Successfully started service 'SparkUI' on port 4051.
[2021-12-29 12:10:50,432] {spark_submit.py:514} INFO - 21/12/29 12:10:50 INFO SparkUI: Bound SparkUI to 0.0.0.0, and started at http://6bdda4c19a85:4051
[2021-12-29 12:10:50,812] {spark_submit.py:514} INFO - 21/12/29 12:10:50 INFO StandaloneAppClient$ClientEndpoint: Connecting to master spark://spark:7077...
[2021-12-29 12:10:50,959] {spark_submit.py:514} INFO - 21/12/29 12:10:50 WARN StandaloneAppClient$ClientEndpoint: Failed to connect to master spark:7077
[2021-12-29 12:10:50,961] {spark_submit.py:514} INFO - org.apache.spark.SparkException: Exception thrown in awaitResult:
[2021-12-29 12:10:50,962] {spark_submit.py:514} INFO - at org.apache.spark.util.ThreadUtils$.awaitResult(ThreadUtils.scala:301)
[2021-12-29 12:10:50,963] {spark_submit.py:514} INFO - at org.apache.spark.rpc.RpcTimeout.awaitResult(RpcTimeout.scala:75)
[2021-12-29 12:10:50,965] {spark_submit.py:514} INFO - at org.apache.spark.rpc.RpcEnv.setupEndpointRefByURI(RpcEnv.scala:101)
[2021-12-29 12:10:50,966] {spark_submit.py:514} INFO - at org.apache.spark.rpc.RpcEnv.setupEndpointRef(RpcEnv.scala:109)
[2021-12-29 12:10:50,967] {spark_submit.py:514} INFO - at org.apache.spark.deploy.client.StandaloneAppClient$ClientEndpoint$$anon$1.run(StandaloneAppClient.scala:107)
[2021-12-29 12:10:50,968] {spark_submit.py:514} INFO - at java.base/java.util.concurrent.Executors$RunnableAdapter.call(Executors.java:515)
[2021-12-29 12:10:50,969] {spark_submit.py:514} INFO - at java.base/java.util.concurrent.FutureTask.run(FutureTask.java:264)
[2021-12-29 12:10:50,970] {spark_submit.py:514} INFO - at java.base/java.util.concurrent.ThreadPoolExecutor.runWorker(ThreadPoolExecutor.java:1128)
[2021-12-29 12:10:50,971] {spark_submit.py:514} INFO - at java.base/java.util.concurrent.ThreadPoolExecutor$Worker.run(ThreadPoolExecutor.java:628)
[2021-12-29 12:10:50,972] {spark_submit.py:514} INFO - at java.base/java.lang.Thread.run(Thread.java:829)
[2021-12-29 12:10:50,974] {spark_submit.py:514} INFO - Caused by: java.io.IOException: Failed to connect to spark:7077
[2021-12-29 12:10:50,975] {spark_submit.py:514} INFO - at org.apache.spark.network.client.TransportClientFactory.createClient(TransportClientFactory.java:288)
[2021-12-29 12:10:50,976] {spark_submit.py:514} INFO - at org.apache.spark.network.client.TransportClientFactory.createClient(TransportClientFactory.java:218)
[2021-12-29 12:10:50,977] {spark_submit.py:514} INFO - at org.apache.spark.network.client.TransportClientFactory.createClient(TransportClientFactory.java:230)
[2021-12-29 12:10:50,978] {spark_submit.py:514} INFO - at org.apache.spark.rpc.netty.NettyRpcEnv.createClient(NettyRpcEnv.scala:204)
[2021-12-29 12:10:50,979] {spark_submit.py:514} INFO - at org.apache.spark.rpc.netty.Outbox$$anon$1.call(Outbox.scala:202)
[2021-12-29 12:10:50,980] {spark_submit.py:514} INFO - at org.apache.spark.rpc.netty.Outbox$$anon$1.call(Outbox.scala:198)
[2021-12-29 12:10:50,981] {spark_submit.py:514} INFO - ... 4 more
[2021-12-29 12:10:50,982] {spark_submit.py:514} INFO - Caused by: java.net.UnknownHostException: spark
[2021-12-29 12:10:50,983] {spark_submit.py:514} INFO - at java.base/java.net.InetAddress$CachedAddresses.get(InetAddress.java:797)
[2021-12-29 12:10:50,984] {spark_submit.py:514} INFO - at java.base/java.net.InetAddress.getAllByName0(InetAddress.java:1509)
[2021-12-29 12:10:50,985] {spark_submit.py:514} INFO - at java.base/java.net.InetAddress.getAllByName(InetAddress.java:1368)
[2021-12-29 12:10:50,986] {spark_submit.py:514} INFO - at java.base/java.net.InetAddress.getAllByName(InetAddress.java:1302)
[2021-12-29 12:10:50,987] {spark_submit.py:514} INFO - at java.base/java.net.InetAddress.getByName(InetAddress.java:1252)
[2021-12-29 12:10:50,989] {spark_submit.py:514} INFO - at io.netty.util.internal.SocketUtils$8.run(SocketUtils.java:156)
[2021-12-29 12:10:50,990] {spark_submit.py:514} INFO - at io.netty.util.internal.SocketUtils$8.run(SocketUtils.java:153)
[2021-12-29 12:10:50,991] {spark_submit.py:514} INFO - at java.base/java.security.AccessController.doPrivileged(Native Method)
[2021-12-29 12:10:50,992] {spark_submit.py:514} INFO - at io.netty.util.internal.SocketUtils.addressByName(SocketUtils.java:153)
[2021-12-29 12:10:50,993] {spark_submit.py:514} INFO - at io.netty.resolver.DefaultNameResolver.doResolve(DefaultNameResolver.java:41)
[2021-12-29 12:10:50,998] {spark_submit.py:514} INFO - at io.netty.resolver.SimpleNameResolver.resolve(SimpleNameResolver.java:61)
[2021-12-29 12:10:50,999] {spark_submit.py:514} INFO - at io.netty.resolver.SimpleNameResolver.resolve(SimpleNameResolver.java:53)
[2021-12-29 12:10:51,000] {spark_submit.py:514} INFO - at io.netty.resolver.InetSocketAddressResolver.doResolve(InetSocketAddressResolver.java:55)
[2021-12-29 12:10:51,001] {spark_submit.py:514} INFO - at io.netty.resolver.InetSocketAddressResolver.doResolve(InetSocketAddressResolver.java:31)
[2021-12-29 12:10:51,002] {spark_submit.py:514} INFO - at io.netty.resolver.AbstractAddressResolver.resolve(AbstractAddressResolver.java:106)
[2021-12-29 12:10:51,003] {spark_submit.py:514} INFO - at io.netty.bootstrap.Bootstrap.doResolveAndConnect0(Bootstrap.java:206)
[2021-12-29 12:10:51,005] {spark_submit.py:514} INFO - at io.netty.bootstrap.Bootstrap.access$000(Bootstrap.java:46)
[2021-12-29 12:10:51,006] {spark_submit.py:514} INFO - at io.netty.bootstrap.Bootstrap$1.operationComplete(Bootstrap.java:180)
[2021-12-29 12:10:51,007] {spark_submit.py:514} INFO - at io.netty.bootstrap.Bootstrap$1.operationComplete(Bootstrap.java:166)
[2021-12-29 12:10:51,008] {spark_submit.py:514} INFO - at io.netty.util.concurrent.DefaultPromise.notifyListener0(DefaultPromise.java:578)
[2021-12-29 12:10:51,009] {spark_submit.py:514} INFO - at io.netty.util.concurrent.DefaultPromise.notifyListenersNow(DefaultPromise.java:552)
[2021-12-29 12:10:51,010] {spark_submit.py:514} INFO - at io.netty.util.concurrent.DefaultPromise.notifyListeners(DefaultPromise.java:491)
[2021-12-29 12:10:51,011] {spark_submit.py:514} INFO - at io.netty.util.concurrent.DefaultPromise.setValue0(DefaultPromise.java:616)
[2021-12-29 12:10:51,013] {spark_submit.py:514} INFO - at io.netty.util.concurrent.DefaultPromise.setSuccess0(DefaultPromise.java:605)
[2021-12-29 12:10:51,013] {spark_submit.py:514} INFO - at io.netty.util.concurrent.DefaultPromise.trySuccess(DefaultPromise.java:104)
[2021-12-29 12:10:51,014] {spark_submit.py:514} INFO - at io.netty.channel.DefaultChannelPromise.trySuccess(DefaultChannelPromise.java:84)
[2021-12-29 12:10:51,015] {spark_submit.py:514} INFO - at io.netty.channel.AbstractChannel$AbstractUnsafe.safeSetSuccess(AbstractChannel.java:1008)
[2021-12-29 12:10:51,016] {spark_submit.py:514} INFO - at io.netty.channel.AbstractChannel$AbstractUnsafe.register0(AbstractChannel.java:516)
[2021-12-29 12:10:51,017] {spark_submit.py:514} INFO - at io.netty.channel.AbstractChannel$AbstractUnsafe.access$200(AbstractChannel.java:429)
[2021-12-29 12:10:51,018] {spark_submit.py:514} INFO - at io.netty.channel.AbstractChannel$AbstractUnsafe$1.run(AbstractChannel.java:486)
[2021-12-29 12:10:51,020] {spark_submit.py:514} INFO - at io.netty.util.concurrent.AbstractEventExecutor.safeExecute(AbstractEventExecutor.java:164)
[2021-12-29 12:10:51,021] {spark_submit.py:514} INFO - at io.netty.util.concurrent.SingleThreadEventExecutor.runAllTasks(SingleThreadEventExecutor.java:469)
[2021-12-29 12:10:51,022] {spark_submit.py:514} INFO - at io.netty.channel.nio.NioEventLoop.run(NioEventLoop.java:500)
[2021-12-29 12:10:51,023] {spark_submit.py:514} INFO - at io.netty.util.concurrent.SingleThreadEventExecutor$4.run(SingleThreadEventExecutor.java:986)
[2021-12-29 12:10:51,024] {spark_submit.py:514} INFO - at io.netty.util.internal.ThreadExecutorMap$2.run(ThreadExecutorMap.java:74)
[2021-12-29 12:10:51,025] {spark_submit.py:514} INFO - at io.netty.util.concurrent.FastThreadLocalRunnable.run(FastThreadLocalRunnable.java:30)
[2021-12-29 12:10:51,027] {spark_submit.py:514} INFO - ... 1 more
[2021-12-29 12:11:10,785] {spark_submit.py:514} INFO - 21/12/29 12:11:10 INFO StandaloneAppClient$ClientEndpoint: Connecting to master spark://spark:7077...
[2021-12-29 12:11:10,803] {spark_submit.py:514} INFO - 21/12/29 12:11:10 WARN StandaloneAppClient$ClientEndpoint: Failed to connect to master spark:7077
[2021-12-29 12:11:10,804] {spark_submit.py:514} INFO - org.apache.spark.SparkException: Exception thrown in awaitResult:
[2021-12-29 12:11:10,805] {spark_submit.py:514} INFO - at org.apache.spark.util.ThreadUtils$.awaitResult(ThreadUtils.scala:301)
[2021-12-29 12:11:10,806] {spark_submit.py:514} INFO - at org.apache.spark.rpc.RpcTimeout.awaitResult(RpcTimeout.scala:75)
[2021-12-29 12:11:10,807] {spark_submit.py:514} INFO - at org.apache.spark.rpc.RpcEnv.setupEndpointRefByURI(RpcEnv.scala:101)
[2021-12-29 12:11:10,808] {spark_submit.py:514} INFO - at org.apache.spark.rpc.RpcEnv.setupEndpointRef(RpcEnv.scala:109)
[2021-12-29 12:11:10,808] {spark_submit.py:514} INFO - at org.apache.spark.deploy.client.StandaloneAppClient$ClientEndpoint$$anon$1.run(StandaloneAppClient.scala:107)
[2021-12-29 12:11:10,809] {spark_submit.py:514} INFO - at java.base/java.util.concurrent.Executors$RunnableAdapter.call(Executors.java:515)
[2021-12-29 12:11:10,810] {spark_submit.py:514} INFO - at java.base/java.util.concurrent.FutureTask.run(FutureTask.java:264)
[2021-12-29 12:11:10,811] {spark_submit.py:514} INFO - at java.base/java.util.concurrent.ThreadPoolExecutor.runWorker(ThreadPoolExecutor.java:1128)
[2021-12-29 12:11:10,812] {spark_submit.py:514} INFO - at java.base/java.util.concurrent.ThreadPoolExecutor$Worker.run(ThreadPoolExecutor.java:628)
[2021-12-29 12:11:10,813] {spark_submit.py:514} INFO - at java.base/java.lang.Thread.run(Thread.java:829)
[2021-12-29 12:11:10,814] {spark_submit.py:514} INFO - Caused by: java.io.IOException: Failed to connect to spark:7077
[2021-12-29 12:11:10,815] {spark_submit.py:514} INFO - at org.apache.spark.network.client.TransportClientFactory.createClient(TransportClientFactory.java:288)
[2021-12-29 12:11:10,816] {spark_submit.py:514} INFO - at org.apache.spark.network.client.TransportClientFactory.createClient(TransportClientFactory.java:218)
[2021-12-29 12:11:10,817] {spark_submit.py:514} INFO - at org.apache.spark.network.client.TransportClientFactory.createClient(TransportClientFactory.java:230)
[2021-12-29 12:11:10,818] {spark_submit.py:514} INFO - at org.apache.spark.rpc.netty.NettyRpcEnv.createClient(NettyRpcEnv.scala:204)
[2021-12-29 12:11:10,819] {spark_submit.py:514} INFO - at org.apache.spark.rpc.netty.Outbox$$anon$1.call(Outbox.scala:202)
[2021-12-29 12:11:10,820] {spark_submit.py:514} INFO - at org.apache.spark.rpc.netty.Outbox$$anon$1.call(Outbox.scala:198)
[2021-12-29 12:11:10,820] {spark_submit.py:514} INFO - ... 4 more
[2021-12-29 12:11:10,821] {spark_submit.py:514} INFO - Caused by: java.net.UnknownHostException: spark
[2021-12-29 12:11:10,822] {spark_submit.py:514} INFO - at java.base/java.net.InetAddress$CachedAddresses.get(InetAddress.java:797)
[2021-12-29 12:11:10,823] {spark_submit.py:514} INFO - at java.base/java.net.InetAddress.getAllByName0(InetAddress.java:1509)
[2021-12-29 12:11:10,824] {spark_submit.py:514} INFO - at java.base/java.net.InetAddress.getAllByName(InetAddress.java:1368)
[2021-12-29 12:11:10,825] {spark_submit.py:514} INFO - at java.base/java.net.InetAddress.getAllByName(InetAddress.java:1302)
[2021-12-29 12:11:10,826] {spark_submit.py:514} INFO - at java.base/java.net.InetAddress.getByName(InetAddress.java:1252)
[2021-12-29 12:11:10,827] {spark_submit.py:514} INFO - at io.netty.util.internal.SocketUtils$8.run(SocketUtils.java:156)
[2021-12-29 12:11:10,828] {spark_submit.py:514} INFO - at io.netty.util.internal.SocketUtils$8.run(SocketUtils.java:153)
[2021-12-29 12:11:10,828] {spark_submit.py:514} INFO - at java.base/java.security.AccessController.doPrivileged(Native Method)
[2021-12-29 12:11:10,830] {spark_submit.py:514} INFO - at io.netty.util.internal.SocketUtils.addressByName(SocketUtils.java:153)
[2021-12-29 12:11:10,830] {spark_submit.py:514} INFO - at io.netty.resolver.DefaultNameResolver.doResolve(DefaultNameResolver.java:41)
[2021-12-29 12:11:10,831] {spark_submit.py:514} INFO - at io.netty.resolver.SimpleNameResolver.resolve(SimpleNameResolver.java:61)
[2021-12-29 12:11:10,832] {spark_submit.py:514} INFO - at io.netty.resolver.SimpleNameResolver.resolve(SimpleNameResolver.java:53)
[2021-12-29 12:11:10,833] {spark_submit.py:514} INFO - at io.netty.resolver.InetSocketAddressResolver.doResolve(InetSocketAddressResolver.java:55)
[2021-12-29 12:11:10,834] {spark_submit.py:514} INFO - at io.netty.resolver.InetSocketAddressResolver.doResolve(InetSocketAddressResolver.java:31)
[2021-12-29 12:11:10,835] {spark_submit.py:514} INFO - at io.netty.resolver.AbstractAddressResolver.resolve(AbstractAddressResolver.java:106)
[2021-12-29 12:11:10,835] {spark_submit.py:514} INFO - at io.netty.bootstrap.Bootstrap.doResolveAndConnect0(Bootstrap.java:206)
[2021-12-29 12:11:10,836] {spark_submit.py:514} INFO - at io.netty.bootstrap.Bootstrap.access$000(Bootstrap.java:46)
[2021-12-29 12:11:10,837] {spark_submit.py:514} INFO - at io.netty.bootstrap.Bootstrap$1.operationComplete(Bootstrap.java:180)
[2021-12-29 12:11:10,838] {spark_submit.py:514} INFO - at io.netty.bootstrap.Bootstrap$1.operationComplete(Bootstrap.java:166)
[2021-12-29 12:11:10,838] {spark_submit.py:514} INFO - at io.netty.util.concurrent.DefaultPromise.notifyListener0(DefaultPromise.java:578)
[2021-12-29 12:11:10,839] {spark_submit.py:514} INFO - at io.netty.util.concurrent.DefaultPromise.notifyListenersNow(DefaultPromise.java:552)
[2021-12-29 12:11:10,840] {spark_submit.py:514} INFO - at io.netty.util.concurrent.DefaultPromise.notifyListeners(DefaultPromise.java:491)
[2021-12-29 12:11:10,841] {spark_submit.py:514} INFO - at io.netty.util.concurrent.DefaultPromise.setValue0(DefaultPromise.java:616)
[2021-12-29 12:11:10,841] {spark_submit.py:514} INFO - at io.netty.util.concurrent.DefaultPromise.setSuccess0(DefaultPromise.java:605)
[2021-12-29 12:11:10,842] {spark_submit.py:514} INFO - at io.netty.util.concurrent.DefaultPromise.trySuccess(DefaultPromise.java:104)
[2021-12-29 12:11:10,843] {spark_submit.py:514} INFO - at io.netty.channel.DefaultChannelPromise.trySuccess(DefaultChannelPromise.java:84)
[2021-12-29 12:11:10,844] {spark_submit.py:514} INFO - at io.netty.channel.AbstractChannel$AbstractUnsafe.safeSetSuccess(AbstractChannel.java:1008)
[2021-12-29 12:11:10,844] {spark_submit.py:514} INFO - at io.netty.channel.AbstractChannel$AbstractUnsafe.register0(AbstractChannel.java:516)
[2021-12-29 12:11:10,845] {spark_submit.py:514} INFO - at io.netty.channel.AbstractChannel$AbstractUnsafe.access$200(AbstractChannel.java:429)
[2021-12-29 12:11:10,846] {spark_submit.py:514} INFO - at io.netty.channel.AbstractChannel$AbstractUnsafe$1.run(AbstractChannel.java:486)
[2021-12-29 12:11:10,847] {spark_submit.py:514} INFO - at io.netty.util.concurrent.AbstractEventExecutor.safeExecute(AbstractEventExecutor.java:164)
[2021-12-29 12:11:10,848] {spark_submit.py:514} INFO - at io.netty.util.concurrent.SingleThreadEventExecutor.runAllTasks(SingleThreadEventExecutor.java:469)
[2021-12-29 12:11:10,848] {spark_submit.py:514} INFO - at io.netty.channel.nio.NioEventLoop.run(NioEventLoop.java:500)
[2021-12-29 12:11:10,849] {spark_submit.py:514} INFO - at io.netty.util.concurrent.SingleThreadEventExecutor$4.run(SingleThreadEventExecutor.java:986)
[2021-12-29 12:11:10,850] {spark_submit.py:514} INFO - at io.netty.util.internal.ThreadExecutorMap$2.run(ThreadExecutorMap.java:74)
[2021-12-29 12:11:10,850] {spark_submit.py:514} INFO - at io.netty.util.concurrent.FastThreadLocalRunnable.run(FastThreadLocalRunnable.java:30)
[2021-12-29 12:11:10,851] {spark_submit.py:514} INFO - ... 1 more
[2021-12-29 12:11:30,785] {spark_submit.py:514} INFO - 21/12/29 12:11:30 INFO StandaloneAppClient$ClientEndpoint: Connecting to master spark://spark:7077...
[2021-12-29 12:11:30,804] {spark_submit.py:514} INFO - 21/12/29 12:11:30 WARN StandaloneAppClient$ClientEndpoint: Failed to connect to master spark:7077
[2021-12-29 12:11:30,805] {spark_submit.py:514} INFO - org.apache.spark.SparkException: Exception thrown in awaitResult:
[2021-12-29 12:11:30,807] {spark_submit.py:514} INFO - at org.apache.spark.util.ThreadUtils$.awaitResult(ThreadUtils.scala:301)
[2021-12-29 12:11:30,808] {spark_submit.py:514} INFO - at org.apache.spark.rpc.RpcTimeout.awaitResult(RpcTimeout.scala:75)
[2021-12-29 12:11:30,809] {spark_submit.py:514} INFO - at org.apache.spark.rpc.RpcEnv.setupEndpointRefByURI(RpcEnv.scala:101)
[2021-12-29 12:11:30,810] {spark_submit.py:514} INFO - at org.apache.spark.rpc.RpcEnv.setupEndpointRef(RpcEnv.scala:109)
[2021-12-29 12:11:30,811] {spark_submit.py:514} INFO - at org.apache.spark.deploy.client.StandaloneAppClient$ClientEndpoint$$anon$1.run(StandaloneAppClient.scala:107)
[2021-12-29 12:11:30,811] {spark_submit.py:514} INFO - at java.base/java.util.concurrent.Executors$RunnableAdapter.call(Executors.java:515)
[2021-12-29 12:11:30,812] {spark_submit.py:514} INFO - at java.base/java.util.concurrent.FutureTask.run(FutureTask.java:264)
[2021-12-29 12:11:30,813] {spark_submit.py:514} INFO - at java.base/java.util.concurrent.ThreadPoolExecutor.runWorker(ThreadPoolExecutor.java:1128)
[2021-12-29 12:11:30,814] {spark_submit.py:514} INFO - at java.base/java.util.concurrent.ThreadPoolExecutor$Worker.run(ThreadPoolExecutor.java:628)
[2021-12-29 12:11:30,815] {spark_submit.py:514} INFO - at java.base/java.lang.Thread.run(Thread.java:829)
[2021-12-29 12:11:30,817] {spark_submit.py:514} INFO - Caused by: java.io.IOException: Failed to connect to spark:7077
[2021-12-29 12:11:30,821] {spark_submit.py:514} INFO - at org.apache.spark.network.client.TransportClientFactory.createClient(TransportClientFactory.java:288)
[2021-12-29 12:11:30,822] {spark_submit.py:514} INFO - at org.apache.spark.network.client.TransportClientFactory.createClient(TransportClientFactory.java:218)
[2021-12-29 12:11:30,823] {spark_submit.py:514} INFO - at org.apache.spark.network.client.TransportClientFactory.createClient(TransportClientFactory.java:230)
[2021-12-29 12:11:30,826] {spark_submit.py:514} INFO - at org.apache.spark.rpc.netty.NettyRpcEnv.createClient(NettyRpcEnv.scala:204)
[2021-12-29 12:11:30,828] {spark_submit.py:514} INFO - at org.apache.spark.rpc.netty.Outbox$$anon$1.call(Outbox.scala:202)
[2021-12-29 12:11:30,829] {spark_submit.py:514} INFO - at org.apache.spark.rpc.netty.Outbox$$anon$1.call(Outbox.scala:198)
[2021-12-29 12:11:30,831] {spark_submit.py:514} INFO - ... 4 more
[2021-12-29 12:11:30,833] {spark_submit.py:514} INFO - Caused by: java.net.UnknownHostException: spark
[2021-12-29 12:11:30,834] {spark_submit.py:514} INFO - at java.base/java.net.InetAddress$CachedAddresses.get(InetAddress.java:797)
[2021-12-29 12:11:30,835] {spark_submit.py:514} INFO - at java.base/java.net.InetAddress.getAllByName0(InetAddress.java:1509)
[2021-12-29 12:11:30,836] {spark_submit.py:514} INFO - at java.base/java.net.InetAddress.getAllByName(InetAddress.java:1368)
[2021-12-29 12:11:30,839] {spark_submit.py:514} INFO - at java.base/java.net.InetAddress.getAllByName(InetAddress.java:1302)
[2021-12-29 12:11:30,841] {spark_submit.py:514} INFO - at java.base/java.net.InetAddress.getByName(InetAddress.java:1252)
[2021-12-29 12:11:30,842] {spark_submit.py:514} INFO - at io.netty.util.internal.SocketUtils$8.run(SocketUtils.java:156)
[2021-12-29 12:11:30,843] {spark_submit.py:514} INFO - at io.netty.util.internal.SocketUtils$8.run(SocketUtils.java:153)
[2021-12-29 12:11:30,844] {spark_submit.py:514} INFO - at java.base/java.security.AccessController.doPrivileged(Native Method)
[2021-12-29 12:11:30,845] {spark_submit.py:514} INFO - at io.netty.util.internal.SocketUtils.addressByName(SocketUtils.java:153)
[2021-12-29 12:11:30,850] {spark_submit.py:514} INFO - at io.netty.resolver.DefaultNameResolver.doResolve(DefaultNameResolver.java:41)
[2021-12-29 12:11:30,852] {spark_submit.py:514} INFO - at io.netty.resolver.SimpleNameResolver.resolve(SimpleNameResolver.java:61)
[2021-12-29 12:11:30,860] {spark_submit.py:514} INFO - at io.netty.resolver.SimpleNameResolver.resolve(SimpleNameResolver.java:53)
[2021-12-29 12:11:30,861] {spark_submit.py:514} INFO - at io.netty.resolver.InetSocketAddressResolver.doResolve(InetSocketAddressResolver.java:55)
[2021-12-29 12:11:30,862] {spark_submit.py:514} INFO - at io.netty.resolver.InetSocketAddressResolver.doResolve(InetSocketAddressResolver.java:31)
[2021-12-29 12:11:30,864] {spark_submit.py:514} INFO - at io.netty.resolver.AbstractAddressResolver.resolve(AbstractAddressResolver.java:106)
[2021-12-29 12:11:30,866] {spark_submit.py:514} INFO - at io.netty.bootstrap.Bootstrap.doResolveAndConnect0(Bootstrap.java:206)
[2021-12-29 12:11:30,867] {spark_submit.py:514} INFO - at io.netty.bootstrap.Bootstrap.access$000(Bootstrap.java:46)
[2021-12-29 12:11:30,869] {spark_submit.py:514} INFO - at io.netty.bootstrap.Bootstrap$1.operationComplete(Bootstrap.java:180)
[2021-12-29 12:11:30,870] {spark_submit.py:514} INFO - at io.netty.bootstrap.Bootstrap$1.operationComplete(Bootstrap.java:166)
[2021-12-29 12:11:30,871] {spark_submit.py:514} INFO - at io.netty.util.concurrent.DefaultPromise.notifyListener0(DefaultPromise.java:578)
[2021-12-29 12:11:30,872] {spark_submit.py:514} INFO - at io.netty.util.concurrent.DefaultPromise.notifyListenersNow(DefaultPromise.java:552)
[2021-12-29 12:11:30,873] {spark_submit.py:514} INFO - at io.netty.util.concurrent.DefaultPromise.notifyListeners(DefaultPromise.java:491)
[2021-12-29 12:11:30,874] {spark_submit.py:514} INFO - at io.netty.util.concurrent.DefaultPromise.setValue0(DefaultPromise.java:616)
[2021-12-29 12:11:30,875] {spark_submit.py:514} INFO - at io.netty.util.concurrent.DefaultPromise.setSuccess0(DefaultPromise.java:605)
[2021-12-29 12:11:30,877] {spark_submit.py:514} INFO - at io.netty.util.concurrent.DefaultPromise.trySuccess(DefaultPromise.java:104)
[2021-12-29 12:11:30,878] {spark_submit.py:514} INFO - at io.netty.channel.DefaultChannelPromise.trySuccess(DefaultChannelPromise.java:84)
[2021-12-29 12:11:30,879] {spark_submit.py:514} INFO - at io.netty.channel.AbstractChannel$AbstractUnsafe.safeSetSuccess(AbstractChannel.java:1008)
[2021-12-29 12:11:30,880] {spark_submit.py:514} INFO - at io.netty.channel.AbstractChannel$AbstractUnsafe.register0(AbstractChannel.java:516)
[2021-12-29 12:11:30,881] {spark_submit.py:514} INFO - at io.netty.channel.AbstractChannel$AbstractUnsafe.access$200(AbstractChannel.java:429)
[2021-12-29 12:11:30,883] {spark_submit.py:514} INFO - at io.netty.channel.AbstractChannel$AbstractUnsafe$1.run(AbstractChannel.java:486)
[2021-12-29 12:11:30,886] {spark_submit.py:514} INFO - at io.netty.util.concurrent.AbstractEventExecutor.safeExecute(AbstractEventExecutor.java:164)
[2021-12-29 12:11:30,887] {spark_submit.py:514} INFO - at io.netty.util.concurrent.SingleThreadEventExecutor.runAllTasks(SingleThreadEventExecutor.java:469)
[2021-12-29 12:11:30,888] {spark_submit.py:514} INFO - at io.netty.channel.nio.NioEventLoop.run(NioEventLoop.java:500)
[2021-12-29 12:11:30,895] {spark_submit.py:514} INFO - at io.netty.util.concurrent.SingleThreadEventExecutor$4.run(SingleThreadEventExecutor.java:986)
[2021-12-29 12:11:30,896] {spark_submit.py:514} INFO - at io.netty.util.internal.ThreadExecutorMap$2.run(ThreadExecutorMap.java:74)
[2021-12-29 12:11:30,899] {spark_submit.py:514} INFO - at io.netty.util.concurrent.FastThreadLocalRunnable.run(FastThreadLocalRunnable.java:30)
[2021-12-29 12:11:30,900] {spark_submit.py:514} INFO - ... 1 more
[2021-12-29 12:11:50,752] {spark_submit.py:514} INFO - 21/12/29 12:11:50 ERROR StandaloneSchedulerBackend: Application has been killed. Reason: All masters are unresponsive! Giving up.
[2021-12-29 12:11:50,759] {spark_submit.py:514} INFO - 21/12/29 12:11:50 WARN StandaloneSchedulerBackend: Application ID is not initialized yet.
[2021-12-29 12:11:50,778] {spark_submit.py:514} INFO - 21/12/29 12:11:50 INFO SparkUI: Stopped Spark web UI at http://6bdda4c19a85:4051
[2021-12-29 12:11:50,779] {spark_submit.py:514} INFO - 21/12/29 12:11:50 INFO Utils: Successfully started service 'org.apache.spark.network.netty.NettyBlockTransferService' on port 42861.
[2021-12-29 12:11:50,781] {spark_submit.py:514} INFO - 21/12/29 12:11:50 INFO NettyBlockTransferService: Server created on 6bdda4c19a85:42861
[2021-12-29 12:11:50,782] {spark_submit.py:514} INFO - 21/12/29 12:11:50 INFO BlockManager: Using org.apache.spark.storage.RandomBlockReplicationPolicy for block replication policy
[2021-12-29 12:11:50,786] {spark_submit.py:514} INFO - 21/12/29 12:11:50 INFO StandaloneSchedulerBackend: Shutting down all executors
[2021-12-29 12:11:50,791] {spark_submit.py:514} INFO - 21/12/29 12:11:50 INFO CoarseGrainedSchedulerBackend$DriverEndpoint: Asking each executor to shut down
[2021-12-29 12:11:50,795] {spark_submit.py:514} INFO - 21/12/29 12:11:50 INFO BlockManagerMaster: Registering BlockManager BlockManagerId(driver, 6bdda4c19a85, 42861, None)
[2021-12-29 12:11:50,803] {spark_submit.py:514} INFO - 21/12/29 12:11:50 WARN StandaloneAppClient$ClientEndpoint: Drop UnregisterApplication(null) because has not yet connected to master
[2021-12-29 12:11:50,806] {spark_submit.py:514} INFO - 21/12/29 12:11:50 INFO BlockManagerMasterEndpoint: Registering block manager 6bdda4c19a85:42861 with 434.4 MiB RAM, BlockManagerId(driver, 6bdda4c19a85, 42861, None)
[2021-12-29 12:11:50,811] {spark_submit.py:514} INFO - 21/12/29 12:11:50 INFO BlockManagerMaster: Registered BlockManager BlockManagerId(driver, 6bdda4c19a85, 42861, None)
[2021-12-29 12:11:50,812] {spark_submit.py:514} INFO - 21/12/29 12:11:50 INFO BlockManager: Initialized BlockManager: BlockManagerId(driver, 6bdda4c19a85, 42861, None)
[2021-12-29 12:11:50,825] {spark_submit.py:514} INFO - 21/12/29 12:11:50 INFO MapOutputTrackerMasterEndpoint: MapOutputTrackerMasterEndpoint stopped!
[2021-12-29 12:11:50,847] {spark_submit.py:514} INFO - 21/12/29 12:11:50 INFO MemoryStore: MemoryStore cleared
[2021-12-29 12:11:50,848] {spark_submit.py:514} INFO - 21/12/29 12:11:50 INFO BlockManager: BlockManager stopped
[2021-12-29 12:11:50,860] {spark_submit.py:514} INFO - 21/12/29 12:11:50 INFO BlockManagerMaster: BlockManagerMaster stopped
[2021-12-29 12:11:50,865] {spark_submit.py:514} INFO - 21/12/29 12:11:50 INFO OutputCommitCoordinator$OutputCommitCoordinatorEndpoint: OutputCommitCoordinator stopped!
[2021-12-29 12:11:50,883] {spark_submit.py:514} INFO - 21/12/29 12:11:50 INFO SparkContext: Successfully stopped SparkContext
[2021-12-29 12:11:51,056] {spark_submit.py:514} INFO - 21/12/29 12:11:51 ERROR SparkContext: Error initializing SparkContext.
[2021-12-29 12:11:51,057] {spark_submit.py:514} INFO - java.lang.IllegalArgumentException: requirement failed: Can only call getServletHandlers on a running MetricsSystem
[2021-12-29 12:11:51,058] {spark_submit.py:514} INFO - at scala.Predef$.require(Predef.scala:281)
[2021-12-29 12:11:51,059] {spark_submit.py:514} INFO - at org.apache.spark.metrics.MetricsSystem.getServletHandlers(MetricsSystem.scala:89)
[2021-12-29 12:11:51,059] {spark_submit.py:514} INFO - at org.apache.spark.SparkContext.<init>(SparkContext.scala:603)
[2021-12-29 12:11:51,060] {spark_submit.py:514} INFO - at org.apache.spark.api.java.JavaSparkContext.<init>(JavaSparkContext.scala:58)
[2021-12-29 12:11:51,062] {spark_submit.py:514} INFO - at java.base/jdk.internal.reflect.NativeConstructorAccessorImpl.newInstance0(Native Method)
[2021-12-29 12:11:51,063] {spark_submit.py:514} INFO - at java.base/jdk.internal.reflect.NativeConstructorAccessorImpl.newInstance(NativeConstructorAccessorImpl.java:62)
[2021-12-29 12:11:51,064] {spark_submit.py:514} INFO - at java.base/jdk.internal.reflect.DelegatingConstructorAccessorImpl.newInstance(DelegatingConstructorAccessorImpl.java:45)
[2021-12-29 12:11:51,065] {spark_submit.py:514} INFO - at java.base/java.lang.reflect.Constructor.newInstance(Constructor.java:490)
[2021-12-29 12:11:51,066] {spark_submit.py:514} INFO - at py4j.reflection.MethodInvoker.invoke(MethodInvoker.java:247)
[2021-12-29 12:11:51,067] {spark_submit.py:514} INFO - at py4j.reflection.ReflectionEngine.invoke(ReflectionEngine.java:357)
[2021-12-29 12:11:51,068] {spark_submit.py:514} INFO - at py4j.Gateway.invoke(Gateway.java:238)
[2021-12-29 12:11:51,070] {spark_submit.py:514} INFO - at py4j.commands.ConstructorCommand.invokeConstructor(ConstructorCommand.java:80)
[2021-12-29 12:11:51,071] {spark_submit.py:514} INFO - at py4j.commands.ConstructorCommand.execute(ConstructorCommand.java:69)
[2021-12-29 12:11:51,072] {spark_submit.py:514} INFO - at py4j.ClientServerConnection.waitForCommands(ClientServerConnection.java:182)
[2021-12-29 12:11:51,073] {spark_submit.py:514} INFO - at py4j.ClientServerConnection.run(ClientServerConnection.java:106)
[2021-12-29 12:11:51,074] {spark_submit.py:514} INFO - at java.base/java.lang.Thread.run(Thread.java:829)
[2021-12-29 12:11:51,075] {spark_submit.py:514} INFO - 21/12/29 12:11:51 INFO SparkContext: SparkContext already stopped.
[2021-12-29 12:11:51,076] {spark_submit.py:514} INFO - Traceback (most recent call last):
[2021-12-29 12:11:51,078] {spark_submit.py:514} INFO - File "/opt/***/jobs/persist_db.py", line 52, in <module>
[2021-12-29 12:11:51,079] {spark_submit.py:514} INFO - .config("spark.driver.bindAddress", "localhost") \
[2021-12-29 12:11:51,080] {spark_submit.py:514} INFO - File "/home/***/.local/lib/python3.6/site-packages/pyspark/python/lib/pyspark.zip/pyspark/sql/session.py", line 228, in getOrCreate
[2021-12-29 12:11:51,081] {spark_submit.py:514} INFO - File "/home/***/.local/lib/python3.6/site-packages/pyspark/python/lib/pyspark.zip/pyspark/context.py", line 392, in getOrCreate
[2021-12-29 12:11:51,083] {spark_submit.py:514} INFO - File "/home/***/.local/lib/python3.6/site-packages/pyspark/python/lib/pyspark.zip/pyspark/context.py", line 147, in __init__
[2021-12-29 12:11:51,084] {spark_submit.py:514} INFO - File "/home/***/.local/lib/python3.6/site-packages/pyspark/python/lib/pyspark.zip/pyspark/context.py", line 209, in _do_init
[2021-12-29 12:11:51,085] {spark_submit.py:514} INFO - File "/home/***/.local/lib/python3.6/site-packages/pyspark/python/lib/pyspark.zip/pyspark/context.py", line 329, in _initialize_context
[2021-12-29 12:11:51,086] {spark_submit.py:514} INFO - File "/home/***/.local/lib/python3.6/site-packages/pyspark/python/lib/py4j-0.10.9.2-src.zip/py4j/java_gateway.py", line 1574, in __call__
[2021-12-29 12:11:51,087] {spark_submit.py:514} INFO - File "/home/***/.local/lib/python3.6/site-packages/pyspark/python/lib/py4j-0.10.9.2-src.zip/py4j/protocol.py", line 328, in get_return_value
[2021-12-29 12:11:51,089] {spark_submit.py:514} INFO - py4j.protocol.Py4JJavaError: An error occurred while calling None.org.apache.spark.api.java.JavaSparkContext.
[2021-12-29 12:11:51,090] {spark_submit.py:514} INFO - : java.lang.IllegalArgumentException: requirement failed: Can only call getServletHandlers on a running MetricsSystem
[2021-12-29 12:11:51,091] {spark_submit.py:514} INFO - at scala.Predef$.require(Predef.scala:281)
[2021-12-29 12:11:51,092] {spark_submit.py:514} INFO - at org.apache.spark.metrics.MetricsSystem.getServletHandlers(MetricsSystem.scala:89)
[2021-12-29 12:11:51,093] {spark_submit.py:514} INFO - at org.apache.spark.SparkContext.<init>(SparkContext.scala:603)
[2021-12-29 12:11:51,094] {spark_submit.py:514} INFO - at org.apache.spark.api.java.JavaSparkContext.<init>(JavaSparkContext.scala:58)
[2021-12-29 12:11:51,095] {spark_submit.py:514} INFO - at java.base/jdk.internal.reflect.NativeConstructorAccessorImpl.newInstance0(Native Method)
[2021-12-29 12:11:51,096] {spark_submit.py:514} INFO - at java.base/jdk.internal.reflect.NativeConstructorAccessorImpl.newInstance(NativeConstructorAccessorImpl.java:62)
[2021-12-29 12:11:51,097] {spark_submit.py:514} INFO - at java.base/jdk.internal.reflect.DelegatingConstructorAccessorImpl.newInstance(DelegatingConstructorAccessorImpl.java:45)
[2021-12-29 12:11:51,098] {spark_submit.py:514} INFO - at java.base/java.lang.reflect.Constructor.newInstance(Constructor.java:490)
[2021-12-29 12:11:51,099] {spark_submit.py:514} INFO - at py4j.reflection.MethodInvoker.invoke(MethodInvoker.java:247)
[2021-12-29 12:11:51,100] {spark_submit.py:514} INFO - at py4j.reflection.ReflectionEngine.invoke(ReflectionEngine.java:357)
[2021-12-29 12:11:51,102] {spark_submit.py:514} INFO - at py4j.Gateway.invoke(Gateway.java:238)
[2021-12-29 12:11:51,103] {spark_submit.py:514} INFO - at py4j.commands.ConstructorCommand.invokeConstructor(ConstructorCommand.java:80)
[2021-12-29 12:11:51,104] {spark_submit.py:514} INFO - at py4j.commands.ConstructorCommand.execute(ConstructorCommand.java:69)
[2021-12-29 12:11:51,104] {spark_submit.py:514} INFO - at py4j.ClientServerConnection.waitForCommands(ClientServerConnection.java:182)
[2021-12-29 12:11:51,105] {spark_submit.py:514} INFO - at py4j.ClientServerConnection.run(ClientServerConnection.java:106)
[2021-12-29 12:11:51,106] {spark_submit.py:514} INFO - at java.base/java.lang.Thread.run(Thread.java:829)
[2021-12-29 12:11:51,107] {spark_submit.py:514} INFO - 
[2021-12-29 12:11:51,177] {spark_submit.py:514} INFO - 21/12/29 12:11:51 INFO ShutdownHookManager: Shutdown hook called
[2021-12-29 12:11:51,178] {spark_submit.py:514} INFO - 21/12/29 12:11:51 INFO ShutdownHookManager: Deleting directory /tmp/spark-36f52962-27ab-443a-b9cb-9bfd7ecf4972
[2021-12-29 12:11:51,183] {spark_submit.py:514} INFO - 21/12/29 12:11:51 INFO ShutdownHookManager: Deleting directory /tmp/spark-efa95bac-6b45-4bb2-a92f-fcf1791408cf
[2021-12-29 12:11:51,324] {taskinstance.py:1703} ERROR - Task failed with exception
Traceback (most recent call last):
  File "/home/airflow/.local/lib/python3.6/site-packages/airflow/models/taskinstance.py", line 1332, in _run_raw_task
    self._execute_task_with_callbacks(context)
  File "/home/airflow/.local/lib/python3.6/site-packages/airflow/models/taskinstance.py", line 1458, in _execute_task_with_callbacks
    result = self._execute_task(context, self.task)
  File "/home/airflow/.local/lib/python3.6/site-packages/airflow/models/taskinstance.py", line 1514, in _execute_task
    result = execute_callable(context=context)
  File "/home/airflow/.local/lib/python3.6/site-packages/airflow/providers/apache/spark/operators/spark_submit.py", line 179, in execute
    self._hook.submit(self._application)
  File "/home/airflow/.local/lib/python3.6/site-packages/airflow/providers/apache/spark/hooks/spark_submit.py", line 446, in submit
    f"Cannot execute: {self._mask_cmd(spark_submit_cmd)}. Error code is: {returncode}."
airflow.exceptions.AirflowException: Cannot execute: spark-submit --master spark://spark:7077 --conf spark.master=spark://spark:7077 --name persist data --verbose /opt/***/jobs/persist_db.py kildare. Error code is: 1.
[2021-12-29 12:11:51,332] {taskinstance.py:1280} INFO - Marking task as UP_FOR_RETRY. dag_id=scraping_daft_kildare, task_id=persist_data, execution_date=20211228T094500, start_date=20211229T121044, end_date=20211229T121151
[2021-12-29 12:11:51,352] {standard_task_runner.py:91} ERROR - Failed to execute job 5380 for task persist_data
Traceback (most recent call last):
  File "/home/airflow/.local/lib/python3.6/site-packages/airflow/task/task_runner/standard_task_runner.py", line 85, in _start_by_fork
    args.func(args, dag=self.dag)
  File "/home/airflow/.local/lib/python3.6/site-packages/airflow/cli/cli_parser.py", line 48, in command
    return func(*args, **kwargs)
  File "/home/airflow/.local/lib/python3.6/site-packages/airflow/utils/cli.py", line 92, in wrapper
    return f(*args, **kwargs)
  File "/home/airflow/.local/lib/python3.6/site-packages/airflow/cli/commands/task_command.py", line 292, in task_run
    _run_task_by_selected_method(args, dag, ti)
  File "/home/airflow/.local/lib/python3.6/site-packages/airflow/cli/commands/task_command.py", line 107, in _run_task_by_selected_method
    _run_raw_task(args, ti)
  File "/home/airflow/.local/lib/python3.6/site-packages/airflow/cli/commands/task_command.py", line 184, in _run_raw_task
    error_file=args.error_file,
  File "/home/airflow/.local/lib/python3.6/site-packages/airflow/utils/session.py", line 70, in wrapper
    return func(*args, session=session, **kwargs)
  File "/home/airflow/.local/lib/python3.6/site-packages/airflow/models/taskinstance.py", line 1332, in _run_raw_task
    self._execute_task_with_callbacks(context)
  File "/home/airflow/.local/lib/python3.6/site-packages/airflow/models/taskinstance.py", line 1458, in _execute_task_with_callbacks
    result = self._execute_task(context, self.task)
  File "/home/airflow/.local/lib/python3.6/site-packages/airflow/models/taskinstance.py", line 1514, in _execute_task
    result = execute_callable(context=context)
  File "/home/airflow/.local/lib/python3.6/site-packages/airflow/providers/apache/spark/operators/spark_submit.py", line 179, in execute
    self._hook.submit(self._application)
  File "/home/airflow/.local/lib/python3.6/site-packages/airflow/providers/apache/spark/hooks/spark_submit.py", line 446, in submit
    f"Cannot execute: {self._mask_cmd(spark_submit_cmd)}. Error code is: {returncode}."
airflow.exceptions.AirflowException: Cannot execute: spark-submit --master spark://spark:7077 --conf spark.master=spark://spark:7077 --name persist data --verbose /opt/***/jobs/persist_db.py kildare. Error code is: 1.
[2021-12-29 12:11:51,381] {local_task_job.py:154} INFO - Task exited with return code 1
[2021-12-29 12:11:51,866] {local_task_job.py:264} INFO - 0 downstream tasks scheduled from follow-on schedule check
