[2021-12-17 11:10:52,827] {taskinstance.py:1035} INFO - Dependencies all met for <TaskInstance: scraping_daft_wicklow.remove_file scheduled__2021-12-16T11:10:00+00:00 [queued]>
[2021-12-17 11:10:52,840] {taskinstance.py:1035} INFO - Dependencies all met for <TaskInstance: scraping_daft_wicklow.remove_file scheduled__2021-12-16T11:10:00+00:00 [queued]>
[2021-12-17 11:10:52,841] {taskinstance.py:1241} INFO - 
--------------------------------------------------------------------------------
[2021-12-17 11:10:52,842] {taskinstance.py:1242} INFO - Starting attempt 1 of 4
[2021-12-17 11:10:52,843] {taskinstance.py:1243} INFO - 
--------------------------------------------------------------------------------
[2021-12-17 11:10:52,856] {taskinstance.py:1262} INFO - Executing <Task(SparkSubmitOperator): remove_file> on 2021-12-16 11:10:00+00:00
[2021-12-17 11:10:52,864] {standard_task_runner.py:76} INFO - Running: ['***', 'tasks', 'run', 'scraping_daft_wicklow', 'remove_file', 'scheduled__2021-12-16T11:10:00+00:00', '--job-id', '2959', '--raw', '--subdir', 'DAGS_FOLDER/scraping_daft_wicklow.py', '--cfg-path', '/tmp/tmpiris690d', '--error-file', '/tmp/tmpctl8ezu1']
[2021-12-17 11:10:52,866] {standard_task_runner.py:77} INFO - Job 2959: Subtask remove_file
[2021-12-17 11:10:52,860] {standard_task_runner.py:52} INFO - Started process 18979 to run task
[2021-12-17 11:10:52,949] {logging_mixin.py:109} INFO - Running <TaskInstance: scraping_daft_wicklow.remove_file scheduled__2021-12-16T11:10:00+00:00 [running]> on host ce860fbe488d
[2021-12-17 11:10:53,081] {taskinstance.py:1429} INFO - Exporting the following env vars:
AIRFLOW_CTX_DAG_EMAIL=clement.liscoet@gmail.com
AIRFLOW_CTX_DAG_OWNER=clemoni
AIRFLOW_CTX_DAG_ID=scraping_daft_wicklow
AIRFLOW_CTX_TASK_ID=remove_file
AIRFLOW_CTX_EXECUTION_DATE=2021-12-16T11:10:00+00:00
AIRFLOW_CTX_DAG_RUN_ID=scheduled__2021-12-16T11:10:00+00:00
[2021-12-17 11:10:53,112] {base.py:79} INFO - Using connection to: id: spark_default. Host: spark://spark:7077, Port: None, Schema: , Login: ***, Password: ***, extra: {}
[2021-12-17 11:10:53,115] {spark_submit.py:360} INFO - Spark-Submit cmd: spark-submit --master spark://spark:7077 --conf spark.master=spark://spark:7077 --name remove file --verbose /opt/***/jobs/remove_file.py wicklow
[2021-12-17 11:10:54,591] {spark_submit.py:514} INFO - Using properties file: null
[2021-12-17 11:10:54,690] {spark_submit.py:514} INFO - WARNING: An illegal reflective access operation has occurred
[2021-12-17 11:10:54,691] {spark_submit.py:514} INFO - WARNING: Illegal reflective access by org.apache.spark.unsafe.Platform (file:/home/***/.local/lib/python3.6/site-packages/pyspark/jars/spark-unsafe_2.12-3.2.0.jar) to constructor java.nio.DirectByteBuffer(long,int)
[2021-12-17 11:10:54,692] {spark_submit.py:514} INFO - WARNING: Please consider reporting this to the maintainers of org.apache.spark.unsafe.Platform
[2021-12-17 11:10:54,693] {spark_submit.py:514} INFO - WARNING: Use --illegal-access=warn to enable warnings of further illegal reflective access operations
[2021-12-17 11:10:54,694] {spark_submit.py:514} INFO - WARNING: All illegal access operations will be denied in a future release
[2021-12-17 11:10:54,744] {spark_submit.py:514} INFO - Parsed arguments:
[2021-12-17 11:10:54,745] {spark_submit.py:514} INFO - master                  spark://spark:7077
[2021-12-17 11:10:54,747] {spark_submit.py:514} INFO - deployMode              null
[2021-12-17 11:10:54,748] {spark_submit.py:514} INFO - executorMemory          null
[2021-12-17 11:10:54,749] {spark_submit.py:514} INFO - executorCores           null
[2021-12-17 11:10:54,750] {spark_submit.py:514} INFO - totalExecutorCores      null
[2021-12-17 11:10:54,751] {spark_submit.py:514} INFO - propertiesFile          null
[2021-12-17 11:10:54,752] {spark_submit.py:514} INFO - driverMemory            null
[2021-12-17 11:10:54,753] {spark_submit.py:514} INFO - driverCores             null
[2021-12-17 11:10:54,754] {spark_submit.py:514} INFO - driverExtraClassPath    null
[2021-12-17 11:10:54,755] {spark_submit.py:514} INFO - driverExtraLibraryPath  null
[2021-12-17 11:10:54,756] {spark_submit.py:514} INFO - driverExtraJavaOptions  null
[2021-12-17 11:10:54,757] {spark_submit.py:514} INFO - supervise               false
[2021-12-17 11:10:54,757] {spark_submit.py:514} INFO - queue                   null
[2021-12-17 11:10:54,758] {spark_submit.py:514} INFO - numExecutors            null
[2021-12-17 11:10:54,759] {spark_submit.py:514} INFO - files                   null
[2021-12-17 11:10:54,759] {spark_submit.py:514} INFO - pyFiles                 null
[2021-12-17 11:10:54,760] {spark_submit.py:514} INFO - archives                null
[2021-12-17 11:10:54,761] {spark_submit.py:514} INFO - mainClass               null
[2021-12-17 11:10:54,762] {spark_submit.py:514} INFO - primaryResource         file:/opt/***/jobs/remove_file.py
[2021-12-17 11:10:54,762] {spark_submit.py:514} INFO - name                    remove file
[2021-12-17 11:10:54,763] {spark_submit.py:514} INFO - childArgs               [wicklow]
[2021-12-17 11:10:54,764] {spark_submit.py:514} INFO - jars                    null
[2021-12-17 11:10:54,764] {spark_submit.py:514} INFO - packages                null
[2021-12-17 11:10:54,765] {spark_submit.py:514} INFO - packagesExclusions      null
[2021-12-17 11:10:54,766] {spark_submit.py:514} INFO - repositories            null
[2021-12-17 11:10:54,767] {spark_submit.py:514} INFO - verbose                 true
[2021-12-17 11:10:54,767] {spark_submit.py:514} INFO - 
[2021-12-17 11:10:54,768] {spark_submit.py:514} INFO - Spark properties used, including those specified through
[2021-12-17 11:10:54,769] {spark_submit.py:514} INFO - --conf and those from the properties file null:
[2021-12-17 11:10:54,770] {spark_submit.py:514} INFO - (spark.master,spark://spark:7077)
[2021-12-17 11:10:54,770] {spark_submit.py:514} INFO - 
[2021-12-17 11:10:54,771] {spark_submit.py:514} INFO - 
[2021-12-17 11:10:55,097] {spark_submit.py:514} INFO - Main class:
[2021-12-17 11:10:55,098] {spark_submit.py:514} INFO - org.apache.spark.deploy.PythonRunner
[2021-12-17 11:10:55,099] {spark_submit.py:514} INFO - Arguments:
[2021-12-17 11:10:55,100] {spark_submit.py:514} INFO - file:/opt/***/jobs/remove_file.py
[2021-12-17 11:10:55,101] {spark_submit.py:514} INFO - null
[2021-12-17 11:10:55,101] {spark_submit.py:514} INFO - wicklow
[2021-12-17 11:10:55,102] {spark_submit.py:514} INFO - --verbose
[2021-12-17 11:10:55,103] {spark_submit.py:514} INFO - Spark config:
[2021-12-17 11:10:55,104] {spark_submit.py:514} INFO - (spark.app.name,remove file)
[2021-12-17 11:10:55,105] {spark_submit.py:514} INFO - (spark.master,spark://spark:7077)
[2021-12-17 11:10:55,105] {spark_submit.py:514} INFO - (spark.submit.pyFiles,)
[2021-12-17 11:10:55,106] {spark_submit.py:514} INFO - (spark.submit.deployMode,client)
[2021-12-17 11:10:55,107] {spark_submit.py:514} INFO - Classpath elements:
[2021-12-17 11:10:55,108] {spark_submit.py:514} INFO - 
[2021-12-17 11:10:55,109] {spark_submit.py:514} INFO - 
[2021-12-17 11:10:55,110] {spark_submit.py:514} INFO - 
[2021-12-17 11:10:56,128] {spark_submit.py:514} INFO - Using Spark's default log4j profile: org/apache/spark/log4j-defaults.properties
[2021-12-17 11:10:56,143] {spark_submit.py:514} INFO - 21/12/17 11:10:56 INFO SparkContext: Running Spark version 3.2.0
[2021-12-17 11:10:56,257] {spark_submit.py:514} INFO - 21/12/17 11:10:56 WARN NativeCodeLoader: Unable to load native-hadoop library for your platform... using builtin-java classes where applicable
[2021-12-17 11:10:56,460] {spark_submit.py:514} INFO - 21/12/17 11:10:56 INFO ResourceUtils: ==============================================================
[2021-12-17 11:10:56,461] {spark_submit.py:514} INFO - 21/12/17 11:10:56 INFO ResourceUtils: No custom resources configured for spark.driver.
[2021-12-17 11:10:56,462] {spark_submit.py:514} INFO - 21/12/17 11:10:56 INFO ResourceUtils: ==============================================================
[2021-12-17 11:10:56,463] {spark_submit.py:514} INFO - 21/12/17 11:10:56 INFO SparkContext: Submitted application: Remove file
[2021-12-17 11:10:56,503] {spark_submit.py:514} INFO - 21/12/17 11:10:56 INFO ResourceProfile: Default ResourceProfile created, executor resources: Map(cores -> name: cores, amount: 1, script: , vendor: , memory -> name: memory, amount: 1024, script: , vendor: , offHeap -> name: offHeap, amount: 0, script: , vendor: ), task resources: Map(cpus -> name: cpus, amount: 1.0)
[2021-12-17 11:10:56,525] {spark_submit.py:514} INFO - 21/12/17 11:10:56 INFO ResourceProfile: Limiting resource is cpu
[2021-12-17 11:10:56,527] {spark_submit.py:514} INFO - 21/12/17 11:10:56 INFO ResourceProfileManager: Added ResourceProfile id: 0
[2021-12-17 11:10:56,642] {spark_submit.py:514} INFO - 21/12/17 11:10:56 INFO SecurityManager: Changing view acls to: ***
[2021-12-17 11:10:56,644] {spark_submit.py:514} INFO - 21/12/17 11:10:56 INFO SecurityManager: Changing modify acls to: ***
[2021-12-17 11:10:56,645] {spark_submit.py:514} INFO - 21/12/17 11:10:56 INFO SecurityManager: Changing view acls groups to:
[2021-12-17 11:10:56,646] {spark_submit.py:514} INFO - 21/12/17 11:10:56 INFO SecurityManager: Changing modify acls groups to:
[2021-12-17 11:10:56,656] {spark_submit.py:514} INFO - 21/12/17 11:10:56 INFO SecurityManager: SecurityManager: authentication disabled; ui acls disabled; users  with view permissions: Set(***); groups with view permissions: Set(); users  with modify permissions: Set(***); groups with modify permissions: Set()
[2021-12-17 11:10:57,058] {spark_submit.py:514} INFO - 21/12/17 11:10:57 INFO Utils: Successfully started service 'sparkDriver' on port 38387.
[2021-12-17 11:10:57,111] {spark_submit.py:514} INFO - 21/12/17 11:10:57 INFO SparkEnv: Registering MapOutputTracker
[2021-12-17 11:10:57,163] {spark_submit.py:514} INFO - 21/12/17 11:10:57 INFO SparkEnv: Registering BlockManagerMaster
[2021-12-17 11:10:57,196] {spark_submit.py:514} INFO - 21/12/17 11:10:57 INFO BlockManagerMasterEndpoint: Using org.apache.spark.storage.DefaultTopologyMapper for getting topology information
[2021-12-17 11:10:57,197] {spark_submit.py:514} INFO - 21/12/17 11:10:57 INFO BlockManagerMasterEndpoint: BlockManagerMasterEndpoint up
[2021-12-17 11:10:57,206] {spark_submit.py:514} INFO - 21/12/17 11:10:57 INFO SparkEnv: Registering BlockManagerMasterHeartbeat
[2021-12-17 11:10:57,242] {spark_submit.py:514} INFO - 21/12/17 11:10:57 INFO DiskBlockManager: Created local directory at /tmp/blockmgr-16716775-0bca-43a1-9f69-8b747bb27ec5
[2021-12-17 11:10:57,272] {spark_submit.py:514} INFO - 21/12/17 11:10:57 INFO MemoryStore: MemoryStore started with capacity 434.4 MiB
[2021-12-17 11:10:57,297] {spark_submit.py:514} INFO - 21/12/17 11:10:57 INFO SparkEnv: Registering OutputCommitCoordinator
[2021-12-17 11:10:57,615] {spark_submit.py:514} INFO - 21/12/17 11:10:57 INFO Utils: Successfully started service 'SparkUI' on port 4040.
[2021-12-17 11:10:57,739] {spark_submit.py:514} INFO - 21/12/17 11:10:57 INFO SparkUI: Bound SparkUI to 0.0.0.0, and started at http://ce860fbe488d:4040
[2021-12-17 11:10:58,147] {spark_submit.py:514} INFO - 21/12/17 11:10:58 INFO StandaloneAppClient$ClientEndpoint: Connecting to master spark://spark:7077...
[2021-12-17 11:10:58,298] {spark_submit.py:514} INFO - 21/12/17 11:10:58 INFO TransportClientFactory: Successfully created connection to spark/172.18.0.4:7077 after 63 ms (0 ms spent in bootstraps)
[2021-12-17 11:10:58,444] {spark_submit.py:514} INFO - 21/12/17 11:10:58 INFO StandaloneSchedulerBackend: Connected to Spark cluster with app ID app-20211217111058-0077
[2021-12-17 11:10:58,450] {spark_submit.py:514} INFO - 21/12/17 11:10:58 INFO StandaloneAppClient$ClientEndpoint: Executor added: app-20211217111058-0077/0 on worker-20211217090523-172.18.0.5-46289 (172.18.0.5:46289) with 6 core(s)
[2021-12-17 11:10:58,453] {spark_submit.py:514} INFO - 21/12/17 11:10:58 INFO StandaloneSchedulerBackend: Granted executor ID app-20211217111058-0077/0 on hostPort 172.18.0.5:46289 with 6 core(s), 1024.0 MiB RAM
[2021-12-17 11:10:58,455] {spark_submit.py:514} INFO - 21/12/17 11:10:58 INFO StandaloneAppClient$ClientEndpoint: Executor added: app-20211217111058-0077/1 on worker-20211217090523-172.18.0.6-35853 (172.18.0.6:35853) with 6 core(s)
[2021-12-17 11:10:58,457] {spark_submit.py:514} INFO - 21/12/17 11:10:58 INFO StandaloneSchedulerBackend: Granted executor ID app-20211217111058-0077/1 on hostPort 172.18.0.6:35853 with 6 core(s), 1024.0 MiB RAM
[2021-12-17 11:10:58,468] {spark_submit.py:514} INFO - 21/12/17 11:10:58 INFO Utils: Successfully started service 'org.apache.spark.network.netty.NettyBlockTransferService' on port 39589.
[2021-12-17 11:10:58,469] {spark_submit.py:514} INFO - 21/12/17 11:10:58 INFO NettyBlockTransferService: Server created on ce860fbe488d:39589
[2021-12-17 11:10:58,473] {spark_submit.py:514} INFO - 21/12/17 11:10:58 INFO BlockManager: Using org.apache.spark.storage.RandomBlockReplicationPolicy for block replication policy
[2021-12-17 11:10:58,495] {spark_submit.py:514} INFO - 21/12/17 11:10:58 INFO StandaloneAppClient$ClientEndpoint: Executor updated: app-20211217111058-0077/1 is now RUNNING
[2021-12-17 11:10:58,499] {spark_submit.py:514} INFO - 21/12/17 11:10:58 INFO BlockManagerMaster: Registering BlockManager BlockManagerId(driver, ce860fbe488d, 39589, None)
[2021-12-17 11:10:58,502] {spark_submit.py:514} INFO - 21/12/17 11:10:58 INFO StandaloneAppClient$ClientEndpoint: Executor updated: app-20211217111058-0077/0 is now RUNNING
[2021-12-17 11:10:58,509] {spark_submit.py:514} INFO - 21/12/17 11:10:58 INFO BlockManagerMasterEndpoint: Registering block manager ce860fbe488d:39589 with 434.4 MiB RAM, BlockManagerId(driver, ce860fbe488d, 39589, None)
[2021-12-17 11:10:58,515] {spark_submit.py:514} INFO - 21/12/17 11:10:58 INFO BlockManagerMaster: Registered BlockManager BlockManagerId(driver, ce860fbe488d, 39589, None)
[2021-12-17 11:10:58,518] {spark_submit.py:514} INFO - 21/12/17 11:10:58 INFO BlockManager: Initialized BlockManager: BlockManagerId(driver, ce860fbe488d, 39589, None)
[2021-12-17 11:10:58,866] {spark_submit.py:514} INFO - 21/12/17 11:10:58 INFO StandaloneSchedulerBackend: SchedulerBackend is ready for scheduling beginning after reached minRegisteredResourcesRatio: 0.0
[2021-12-17 11:10:58,956] {spark_submit.py:514} INFO - /home/***/.local/lib/python3.6/site-packages/pyspark/python/lib/pyspark.zip/pyspark/context.py:238: FutureWarning: Python 3.6 support is deprecated in Spark 3.2.
[2021-12-17 11:10:58,958] {spark_submit.py:514} INFO - FutureWarning
[2021-12-17 11:10:59,317] {spark_submit.py:514} INFO - 21/12/17 11:10:59 INFO SharedState: Setting hive.metastore.warehouse.dir ('null') to the value of spark.sql.warehouse.dir.
[2021-12-17 11:10:59,356] {spark_submit.py:514} INFO - 21/12/17 11:10:59 INFO SharedState: Warehouse path is 'file:/opt/***/spark-warehouse'.
[2021-12-17 11:11:00,410] {spark_submit.py:514} INFO - file: wicklow_rent.json deleted
[2021-12-17 11:11:00,533] {spark_submit.py:514} INFO - 21/12/17 11:11:00 INFO SparkContext: Invoking stop() from shutdown hook
[2021-12-17 11:11:00,564] {spark_submit.py:514} INFO - 21/12/17 11:11:00 INFO SparkUI: Stopped Spark web UI at http://ce860fbe488d:4040
[2021-12-17 11:11:00,585] {spark_submit.py:514} INFO - 21/12/17 11:11:00 INFO StandaloneSchedulerBackend: Shutting down all executors
[2021-12-17 11:11:00,601] {spark_submit.py:514} INFO - 21/12/17 11:11:00 INFO CoarseGrainedSchedulerBackend$DriverEndpoint: Asking each executor to shut down
[2021-12-17 11:11:00,666] {spark_submit.py:514} INFO - 21/12/17 11:11:00 INFO MapOutputTrackerMasterEndpoint: MapOutputTrackerMasterEndpoint stopped!
[2021-12-17 11:11:00,707] {spark_submit.py:514} INFO - 21/12/17 11:11:00 INFO MemoryStore: MemoryStore cleared
[2021-12-17 11:11:00,708] {spark_submit.py:514} INFO - 21/12/17 11:11:00 INFO BlockManager: BlockManager stopped
[2021-12-17 11:11:00,722] {spark_submit.py:514} INFO - 21/12/17 11:11:00 INFO BlockManagerMaster: BlockManagerMaster stopped
[2021-12-17 11:11:00,727] {spark_submit.py:514} INFO - 21/12/17 11:11:00 INFO OutputCommitCoordinator$OutputCommitCoordinatorEndpoint: OutputCommitCoordinator stopped!
[2021-12-17 11:11:00,745] {spark_submit.py:514} INFO - 21/12/17 11:11:00 INFO SparkContext: Successfully stopped SparkContext
[2021-12-17 11:11:00,748] {spark_submit.py:514} INFO - 21/12/17 11:11:00 INFO ShutdownHookManager: Shutdown hook called
[2021-12-17 11:11:00,748] {spark_submit.py:514} INFO - 21/12/17 11:11:00 INFO ShutdownHookManager: Deleting directory /tmp/spark-1a63cf85-e1eb-4438-87aa-a95cf0958115/pyspark-a0a2d6ef-8640-48b5-be0c-21a6d3bc0da6
[2021-12-17 11:11:00,753] {spark_submit.py:514} INFO - 21/12/17 11:11:00 INFO ShutdownHookManager: Deleting directory /tmp/spark-f16762f4-f1aa-45a4-968f-8082903d4297
[2021-12-17 11:11:00,758] {spark_submit.py:514} INFO - 21/12/17 11:11:00 INFO ShutdownHookManager: Deleting directory /tmp/spark-1a63cf85-e1eb-4438-87aa-a95cf0958115
[2021-12-17 11:11:00,891] {taskinstance.py:1280} INFO - Marking task as SUCCESS. dag_id=scraping_daft_wicklow, task_id=remove_file, execution_date=20211216T111000, start_date=20211217T111052, end_date=20211217T111100
[2021-12-17 11:11:00,940] {local_task_job.py:154} INFO - Task exited with return code 0
[2021-12-17 11:11:01,021] {local_task_job.py:264} INFO - 0 downstream tasks scheduled from follow-on schedule check
