[2021-12-16 11:04:08,863] {taskinstance.py:1035} INFO - Dependencies all met for <TaskInstance: scraping_daft_monaghan.remove_file scheduled__2021-12-15T10:30:00+00:00 [queued]>
[2021-12-16 11:04:09,041] {taskinstance.py:1035} INFO - Dependencies all met for <TaskInstance: scraping_daft_monaghan.remove_file scheduled__2021-12-15T10:30:00+00:00 [queued]>
[2021-12-16 11:04:09,042] {taskinstance.py:1241} INFO - 
--------------------------------------------------------------------------------
[2021-12-16 11:04:09,043] {taskinstance.py:1242} INFO - Starting attempt 1 of 4
[2021-12-16 11:04:09,045] {taskinstance.py:1243} INFO - 
--------------------------------------------------------------------------------
[2021-12-16 11:04:09,108] {taskinstance.py:1262} INFO - Executing <Task(SparkSubmitOperator): remove_file> on 2021-12-15 10:30:00+00:00
[2021-12-16 11:04:09,158] {standard_task_runner.py:76} INFO - Running: ['***', 'tasks', 'run', 'scraping_daft_monaghan', 'remove_file', 'scheduled__2021-12-15T10:30:00+00:00', '--job-id', '2733', '--raw', '--subdir', 'DAGS_FOLDER/scraping_daft_monaghan.py', '--cfg-path', '/tmp/tmpilgtjvyf', '--error-file', '/tmp/tmplno328fh']
[2021-12-16 11:04:09,161] {standard_task_runner.py:77} INFO - Job 2733: Subtask remove_file
[2021-12-16 11:04:09,118] {standard_task_runner.py:52} INFO - Started process 12981 to run task
[2021-12-16 11:04:09,556] {logging_mixin.py:109} INFO - Running <TaskInstance: scraping_daft_monaghan.remove_file scheduled__2021-12-15T10:30:00+00:00 [running]> on host 10035bfec3db
[2021-12-16 11:04:10,150] {taskinstance.py:1429} INFO - Exporting the following env vars:
AIRFLOW_CTX_DAG_EMAIL=clement.liscoet@gmail.com
AIRFLOW_CTX_DAG_OWNER=clemoni
AIRFLOW_CTX_DAG_ID=scraping_daft_monaghan
AIRFLOW_CTX_TASK_ID=remove_file
AIRFLOW_CTX_EXECUTION_DATE=2021-12-15T10:30:00+00:00
AIRFLOW_CTX_DAG_RUN_ID=scheduled__2021-12-15T10:30:00+00:00
[2021-12-16 11:04:10,270] {base.py:79} INFO - Using connection to: id: spark_default. Host: spark://spark:7077, Port: None, Schema: , Login: ***, Password: ***, extra: {}
[2021-12-16 11:04:10,291] {spark_submit.py:360} INFO - Spark-Submit cmd: spark-submit --master spark://spark:7077 --conf spark.master=spark://spark:7077 --name remove file --verbose /opt/***/jobs/remove_file.py monaghan
[2021-12-16 11:04:25,821] {spark_submit.py:514} INFO - Using properties file: null
[2021-12-16 11:04:27,375] {spark_submit.py:514} INFO - WARNING: An illegal reflective access operation has occurred
[2021-12-16 11:04:27,377] {spark_submit.py:514} INFO - WARNING: Illegal reflective access by org.apache.spark.unsafe.Platform (file:/home/***/.local/lib/python3.6/site-packages/pyspark/jars/spark-unsafe_2.12-3.2.0.jar) to constructor java.nio.DirectByteBuffer(long,int)
[2021-12-16 11:04:27,378] {spark_submit.py:514} INFO - WARNING: Please consider reporting this to the maintainers of org.apache.spark.unsafe.Platform
[2021-12-16 11:04:27,379] {spark_submit.py:514} INFO - WARNING: Use --illegal-access=warn to enable warnings of further illegal reflective access operations
[2021-12-16 11:04:27,384] {spark_submit.py:514} INFO - WARNING: All illegal access operations will be denied in a future release
[2021-12-16 11:04:28,059] {spark_submit.py:514} INFO - Parsed arguments:
[2021-12-16 11:04:28,062] {spark_submit.py:514} INFO - master                  spark://spark:7077
[2021-12-16 11:04:28,066] {spark_submit.py:514} INFO - deployMode              null
[2021-12-16 11:04:28,068] {spark_submit.py:514} INFO - executorMemory          null
[2021-12-16 11:04:28,070] {spark_submit.py:514} INFO - executorCores           null
[2021-12-16 11:04:28,071] {spark_submit.py:514} INFO - totalExecutorCores      null
[2021-12-16 11:04:28,076] {spark_submit.py:514} INFO - propertiesFile          null
[2021-12-16 11:04:28,089] {spark_submit.py:514} INFO - driverMemory            null
[2021-12-16 11:04:28,092] {spark_submit.py:514} INFO - driverCores             null
[2021-12-16 11:04:28,095] {spark_submit.py:514} INFO - driverExtraClassPath    null
[2021-12-16 11:04:28,098] {spark_submit.py:514} INFO - driverExtraLibraryPath  null
[2021-12-16 11:04:28,109] {spark_submit.py:514} INFO - driverExtraJavaOptions  null
[2021-12-16 11:04:28,116] {spark_submit.py:514} INFO - supervise               false
[2021-12-16 11:04:28,118] {spark_submit.py:514} INFO - queue                   null
[2021-12-16 11:04:28,123] {spark_submit.py:514} INFO - numExecutors            null
[2021-12-16 11:04:28,128] {spark_submit.py:514} INFO - files                   null
[2021-12-16 11:04:28,133] {spark_submit.py:514} INFO - pyFiles                 null
[2021-12-16 11:04:28,137] {spark_submit.py:514} INFO - archives                null
[2021-12-16 11:04:28,140] {spark_submit.py:514} INFO - mainClass               null
[2021-12-16 11:04:28,142] {spark_submit.py:514} INFO - primaryResource         file:/opt/***/jobs/remove_file.py
[2021-12-16 11:04:28,143] {spark_submit.py:514} INFO - name                    remove file
[2021-12-16 11:04:28,145] {spark_submit.py:514} INFO - childArgs               [monaghan]
[2021-12-16 11:04:28,149] {spark_submit.py:514} INFO - jars                    null
[2021-12-16 11:04:28,150] {spark_submit.py:514} INFO - packages                null
[2021-12-16 11:04:28,151] {spark_submit.py:514} INFO - packagesExclusions      null
[2021-12-16 11:04:28,164] {spark_submit.py:514} INFO - repositories            null
[2021-12-16 11:04:28,166] {spark_submit.py:514} INFO - verbose                 true
[2021-12-16 11:04:28,171] {spark_submit.py:514} INFO - 
[2021-12-16 11:04:28,176] {spark_submit.py:514} INFO - Spark properties used, including those specified through
[2021-12-16 11:04:28,180] {spark_submit.py:514} INFO - --conf and those from the properties file null:
[2021-12-16 11:04:28,182] {spark_submit.py:514} INFO - (spark.master,spark://spark:7077)
[2021-12-16 11:04:28,183] {spark_submit.py:514} INFO - 
[2021-12-16 11:04:28,150] {spark_submit.py:514} INFO - 
[2021-12-16 11:04:32,014] {spark_submit.py:514} INFO - Main class:
[2021-12-16 11:04:32,015] {spark_submit.py:514} INFO - org.apache.spark.deploy.PythonRunner
[2021-12-16 11:04:32,021] {spark_submit.py:514} INFO - Arguments:
[2021-12-16 11:04:32,022] {spark_submit.py:514} INFO - file:/opt/***/jobs/remove_file.py
[2021-12-16 11:04:32,023] {spark_submit.py:514} INFO - null
[2021-12-16 11:04:32,024] {spark_submit.py:514} INFO - monaghan
[2021-12-16 11:04:32,025] {spark_submit.py:514} INFO - --verbose
[2021-12-16 11:04:32,055] {spark_submit.py:514} INFO - Spark config:
[2021-12-16 11:04:32,057] {spark_submit.py:514} INFO - (spark.app.name,remove file)
[2021-12-16 11:04:32,058] {spark_submit.py:514} INFO - (spark.master,spark://spark:7077)
[2021-12-16 11:04:32,059] {spark_submit.py:514} INFO - (spark.submit.pyFiles,)
[2021-12-16 11:04:32,060] {spark_submit.py:514} INFO - (spark.submit.deployMode,client)
[2021-12-16 11:04:32,060] {spark_submit.py:514} INFO - Classpath elements:
[2021-12-16 11:04:32,061] {spark_submit.py:514} INFO - 
[2021-12-16 11:04:32,062] {spark_submit.py:514} INFO - 
[2021-12-16 11:04:32,063] {spark_submit.py:514} INFO - 
[2021-12-16 11:04:36,988] {spark_submit.py:514} INFO - Using Spark's default log4j profile: org/apache/spark/log4j-defaults.properties
[2021-12-16 11:04:37,019] {spark_submit.py:514} INFO - 21/12/16 11:04:37 INFO SparkContext: Running Spark version 3.2.0
[2021-12-16 11:04:37,480] {spark_submit.py:514} INFO - 21/12/16 11:04:37 WARN NativeCodeLoader: Unable to load native-hadoop library for your platform... using builtin-java classes where applicable
[2021-12-16 11:04:38,499] {spark_submit.py:514} INFO - 21/12/16 11:04:38 INFO ResourceUtils: ==============================================================
[2021-12-16 11:04:38,509] {spark_submit.py:514} INFO - 21/12/16 11:04:38 INFO ResourceUtils: No custom resources configured for spark.driver.
[2021-12-16 11:04:38,514] {spark_submit.py:514} INFO - 21/12/16 11:04:38 INFO ResourceUtils: ==============================================================
[2021-12-16 11:04:38,524] {spark_submit.py:514} INFO - 21/12/16 11:04:38 INFO SparkContext: Submitted application: Remove file
[2021-12-16 11:04:38,618] {spark_submit.py:514} INFO - 21/12/16 11:04:38 INFO ResourceProfile: Default ResourceProfile created, executor resources: Map(cores -> name: cores, amount: 1, script: , vendor: , memory -> name: memory, amount: 1024, script: , vendor: , offHeap -> name: offHeap, amount: 0, script: , vendor: ), task resources: Map(cpus -> name: cpus, amount: 1.0)
[2021-12-16 11:04:38,642] {spark_submit.py:514} INFO - 21/12/16 11:04:38 INFO ResourceProfile: Limiting resource is cpu
[2021-12-16 11:04:38,644] {spark_submit.py:514} INFO - 21/12/16 11:04:38 INFO ResourceProfileManager: Added ResourceProfile id: 0
[2021-12-16 11:04:39,029] {spark_submit.py:514} INFO - 21/12/16 11:04:39 INFO SecurityManager: Changing view acls to: ***
[2021-12-16 11:04:39,032] {spark_submit.py:514} INFO - 21/12/16 11:04:39 INFO SecurityManager: Changing modify acls to: ***
[2021-12-16 11:04:39,046] {spark_submit.py:514} INFO - 21/12/16 11:04:39 INFO SecurityManager: Changing view acls groups to:
[2021-12-16 11:04:39,052] {spark_submit.py:514} INFO - 21/12/16 11:04:39 INFO SecurityManager: Changing modify acls groups to:
[2021-12-16 11:04:39,060] {spark_submit.py:514} INFO - 21/12/16 11:04:39 INFO SecurityManager: SecurityManager: authentication disabled; ui acls disabled; users  with view permissions: Set(***); groups with view permissions: Set(); users  with modify permissions: Set(***); groups with modify permissions: Set()
[2021-12-16 11:04:42,803] {spark_submit.py:514} INFO - 21/12/16 11:04:42 INFO Utils: Successfully started service 'sparkDriver' on port 41735.
[2021-12-16 11:04:43,311] {spark_submit.py:514} INFO - 21/12/16 11:04:43 INFO SparkEnv: Registering MapOutputTracker
[2021-12-16 11:04:44,114] {spark_submit.py:514} INFO - 21/12/16 11:04:44 INFO SparkEnv: Registering BlockManagerMaster
[2021-12-16 11:04:44,383] {spark_submit.py:514} INFO - 21/12/16 11:04:44 INFO BlockManagerMasterEndpoint: Using org.apache.spark.storage.DefaultTopologyMapper for getting topology information
[2021-12-16 11:04:44,387] {spark_submit.py:514} INFO - 21/12/16 11:04:44 INFO BlockManagerMasterEndpoint: BlockManagerMasterEndpoint up
[2021-12-16 11:04:44,560] {spark_submit.py:514} INFO - 21/12/16 11:04:44 INFO SparkEnv: Registering BlockManagerMasterHeartbeat
[2021-12-16 11:04:44,745] {spark_submit.py:514} INFO - 21/12/16 11:04:44 INFO DiskBlockManager: Created local directory at /tmp/blockmgr-d147ac39-f7d8-4b87-928d-0b6c0375308d
[2021-12-16 11:04:44,832] {spark_submit.py:514} INFO - 21/12/16 11:04:44 INFO MemoryStore: MemoryStore started with capacity 434.4 MiB
[2021-12-16 11:04:45,008] {spark_submit.py:514} INFO - 21/12/16 11:04:45 INFO SparkEnv: Registering OutputCommitCoordinator
[2021-12-16 11:04:49,302] {spark_submit.py:514} INFO - 21/12/16 11:04:49 INFO Utils: Successfully started service 'SparkUI' on port 4040.
[2021-12-16 11:04:50,697] {spark_submit.py:514} INFO - 21/12/16 11:04:50 INFO SparkUI: Bound SparkUI to 0.0.0.0, and started at http://10035bfec3db:4040
[2021-12-16 11:04:53,553] {spark_submit.py:514} INFO - 21/12/16 11:04:53 INFO StandaloneAppClient$ClientEndpoint: Connecting to master spark://spark:7077...
[2021-12-16 11:04:54,141] {spark_submit.py:514} INFO - 21/12/16 11:04:54 INFO TransportClientFactory: Successfully created connection to spark/172.21.0.4:7077 after 211 ms (0 ms spent in bootstraps)
[2021-12-16 11:04:55,020] {spark_submit.py:514} INFO - 21/12/16 11:04:55 INFO StandaloneSchedulerBackend: Connected to Spark cluster with app ID app-20211216110454-0060
[2021-12-16 11:04:55,057] {spark_submit.py:514} INFO - 21/12/16 11:04:55 INFO Utils: Successfully started service 'org.apache.spark.network.netty.NettyBlockTransferService' on port 42397.
[2021-12-16 11:04:55,059] {spark_submit.py:514} INFO - 21/12/16 11:04:55 INFO NettyBlockTransferService: Server created on 10035bfec3db:42397
[2021-12-16 11:04:55,062] {spark_submit.py:514} INFO - 21/12/16 11:04:55 INFO BlockManager: Using org.apache.spark.storage.RandomBlockReplicationPolicy for block replication policy
[2021-12-16 11:04:55,149] {spark_submit.py:514} INFO - 21/12/16 11:04:55 INFO BlockManagerMaster: Registering BlockManager BlockManagerId(driver, 10035bfec3db, 42397, None)
[2021-12-16 11:04:55,155] {spark_submit.py:514} INFO - 21/12/16 11:04:55 INFO BlockManagerMasterEndpoint: Registering block manager 10035bfec3db:42397 with 434.4 MiB RAM, BlockManagerId(driver, 10035bfec3db, 42397, None)
[2021-12-16 11:04:55,184] {spark_submit.py:514} INFO - 21/12/16 11:04:55 INFO BlockManagerMaster: Registered BlockManager BlockManagerId(driver, 10035bfec3db, 42397, None)
[2021-12-16 11:04:55,191] {spark_submit.py:514} INFO - 21/12/16 11:04:55 INFO BlockManager: Initialized BlockManager: BlockManagerId(driver, 10035bfec3db, 42397, None)
[2021-12-16 11:04:56,063] {spark_submit.py:514} INFO - 21/12/16 11:04:56 INFO StandaloneSchedulerBackend: SchedulerBackend is ready for scheduling beginning after reached minRegisteredResourcesRatio: 0.0
[2021-12-16 11:04:56,528] {spark_submit.py:514} INFO - /home/***/.local/lib/python3.6/site-packages/pyspark/python/lib/pyspark.zip/pyspark/context.py:238: FutureWarning: Python 3.6 support is deprecated in Spark 3.2.
[2021-12-16 11:04:56,530] {spark_submit.py:514} INFO - FutureWarning
[2021-12-16 11:04:58,116] {spark_submit.py:514} INFO - 21/12/16 11:04:58 INFO SharedState: Setting hive.metastore.warehouse.dir ('null') to the value of spark.sql.warehouse.dir.
[2021-12-16 11:04:58,234] {spark_submit.py:514} INFO - 21/12/16 11:04:58 INFO SharedState: Warehouse path is 'file:/opt/***/spark-warehouse'.
[2021-12-16 11:04:59,183] {spark_submit.py:514} INFO - 21/12/16 11:04:59 INFO StandaloneAppClient$ClientEndpoint: Executor added: app-20211216110454-0060/0 on worker-20211216085708-172.21.0.6-38805 (172.21.0.6:38805) with 6 core(s)
[2021-12-16 11:04:59,193] {spark_submit.py:514} INFO - 21/12/16 11:04:59 INFO StandaloneSchedulerBackend: Granted executor ID app-20211216110454-0060/0 on hostPort 172.21.0.6:38805 with 6 core(s), 1024.0 MiB RAM
[2021-12-16 11:04:59,201] {spark_submit.py:514} INFO - 21/12/16 11:04:59 INFO StandaloneAppClient$ClientEndpoint: Executor added: app-20211216110454-0060/1 on worker-20211216085708-172.21.0.5-39805 (172.21.0.5:39805) with 6 core(s)
[2021-12-16 11:04:59,210] {spark_submit.py:514} INFO - 21/12/16 11:04:59 INFO StandaloneSchedulerBackend: Granted executor ID app-20211216110454-0060/1 on hostPort 172.21.0.5:39805 with 6 core(s), 1024.0 MiB RAM
[2021-12-16 11:04:59,367] {spark_submit.py:514} INFO - 21/12/16 11:04:59 INFO StandaloneAppClient$ClientEndpoint: Executor updated: app-20211216110454-0060/1 is now RUNNING
[2021-12-16 11:04:59,433] {spark_submit.py:514} INFO - 21/12/16 11:04:59 INFO StandaloneAppClient$ClientEndpoint: Executor updated: app-20211216110454-0060/0 is now RUNNING
[2021-12-16 11:05:03,971] {spark_submit.py:514} INFO - file: monaghan_rent.json deleted
[2021-12-16 11:05:05,373] {spark_submit.py:514} INFO - 21/12/16 11:05:05 INFO SparkContext: Invoking stop() from shutdown hook
[2021-12-16 11:05:05,562] {spark_submit.py:514} INFO - 21/12/16 11:05:05 INFO SparkUI: Stopped Spark web UI at http://10035bfec3db:4040
[2021-12-16 11:05:05,730] {spark_submit.py:514} INFO - 21/12/16 11:05:05 INFO StandaloneSchedulerBackend: Shutting down all executors
[2021-12-16 11:05:05,741] {spark_submit.py:514} INFO - 21/12/16 11:05:05 INFO CoarseGrainedSchedulerBackend$DriverEndpoint: Asking each executor to shut down
[2021-12-16 11:05:06,007] {spark_submit.py:514} INFO - 21/12/16 11:05:05 WARN TransportChannelHandler: Exception in connection from /172.21.0.6:51728
[2021-12-16 11:05:06,008] {spark_submit.py:514} INFO - java.io.IOException: Connection reset by peer
[2021-12-16 11:05:06,009] {spark_submit.py:514} INFO - at java.base/sun.nio.ch.FileDispatcherImpl.read0(Native Method)
[2021-12-16 11:05:06,010] {spark_submit.py:514} INFO - at java.base/sun.nio.ch.SocketDispatcher.read(SocketDispatcher.java:39)
[2021-12-16 11:05:06,011] {spark_submit.py:514} INFO - at java.base/sun.nio.ch.IOUtil.readIntoNativeBuffer(IOUtil.java:276)
[2021-12-16 11:05:06,012] {spark_submit.py:514} INFO - at java.base/sun.nio.ch.IOUtil.read(IOUtil.java:233)
[2021-12-16 11:05:06,013] {spark_submit.py:514} INFO - at java.base/sun.nio.ch.IOUtil.read(IOUtil.java:223)
[2021-12-16 11:05:06,015] {spark_submit.py:514} INFO - at java.base/sun.nio.ch.SocketChannelImpl.read(SocketChannelImpl.java:356)
[2021-12-16 11:05:06,016] {spark_submit.py:514} INFO - at io.netty.buffer.PooledByteBuf.setBytes(PooledByteBuf.java:253)
[2021-12-16 11:05:06,017] {spark_submit.py:514} INFO - at io.netty.buffer.AbstractByteBuf.writeBytes(AbstractByteBuf.java:1132)
[2021-12-16 11:05:06,019] {spark_submit.py:514} INFO - at io.netty.channel.socket.nio.NioSocketChannel.doReadBytes(NioSocketChannel.java:350)
[2021-12-16 11:05:06,020] {spark_submit.py:514} INFO - at io.netty.channel.nio.AbstractNioByteChannel$NioByteUnsafe.read(AbstractNioByteChannel.java:151)
[2021-12-16 11:05:06,021] {spark_submit.py:514} INFO - at io.netty.channel.nio.NioEventLoop.processSelectedKey(NioEventLoop.java:719)
[2021-12-16 11:05:06,022] {spark_submit.py:514} INFO - at io.netty.channel.nio.NioEventLoop.processSelectedKeysOptimized(NioEventLoop.java:655)
[2021-12-16 11:05:06,024] {spark_submit.py:514} INFO - at io.netty.channel.nio.NioEventLoop.processSelectedKeys(NioEventLoop.java:581)
[2021-12-16 11:05:06,025] {spark_submit.py:514} INFO - at io.netty.channel.nio.NioEventLoop.run(NioEventLoop.java:493)
[2021-12-16 11:05:06,027] {spark_submit.py:514} INFO - at io.netty.util.concurrent.SingleThreadEventExecutor$4.run(SingleThreadEventExecutor.java:986)
[2021-12-16 11:05:06,031] {spark_submit.py:514} INFO - at io.netty.util.internal.ThreadExecutorMap$2.run(ThreadExecutorMap.java:74)
[2021-12-16 11:05:06,032] {spark_submit.py:514} INFO - at io.netty.util.concurrent.FastThreadLocalRunnable.run(FastThreadLocalRunnable.java:30)
[2021-12-16 11:05:06,033] {spark_submit.py:514} INFO - at java.base/java.lang.Thread.run(Thread.java:829)
[2021-12-16 11:05:06,273] {spark_submit.py:514} INFO - 21/12/16 11:05:06 INFO MapOutputTrackerMasterEndpoint: MapOutputTrackerMasterEndpoint stopped!
[2021-12-16 11:05:06,807] {spark_submit.py:514} INFO - 21/12/16 11:05:06 INFO MemoryStore: MemoryStore cleared
[2021-12-16 11:05:06,811] {spark_submit.py:514} INFO - 21/12/16 11:05:06 INFO BlockManager: BlockManager stopped
[2021-12-16 11:05:06,898] {spark_submit.py:514} INFO - 21/12/16 11:05:06 INFO BlockManagerMaster: BlockManagerMaster stopped
[2021-12-16 11:05:06,911] {spark_submit.py:514} INFO - 21/12/16 11:05:06 INFO OutputCommitCoordinator$OutputCommitCoordinatorEndpoint: OutputCommitCoordinator stopped!
[2021-12-16 11:05:07,093] {spark_submit.py:514} INFO - 21/12/16 11:05:07 INFO SparkContext: Successfully stopped SparkContext
[2021-12-16 11:05:07,118] {spark_submit.py:514} INFO - 21/12/16 11:05:07 INFO ShutdownHookManager: Shutdown hook called
[2021-12-16 11:05:07,120] {spark_submit.py:514} INFO - 21/12/16 11:05:07 INFO ShutdownHookManager: Deleting directory /tmp/spark-f19ff798-22ea-45af-b4f8-c4d5382e1202
[2021-12-16 11:05:07,156] {spark_submit.py:514} INFO - 21/12/16 11:05:07 INFO ShutdownHookManager: Deleting directory /tmp/spark-c22a9323-3706-4b66-a89b-dadeb7a5580d/pyspark-f0d75a51-7024-47fd-9297-4895063ae74b
[2021-12-16 11:05:07,217] {spark_submit.py:514} INFO - 21/12/16 11:05:07 INFO ShutdownHookManager: Deleting directory /tmp/spark-c22a9323-3706-4b66-a89b-dadeb7a5580d
[2021-12-16 11:05:07,820] {taskinstance.py:1280} INFO - Marking task as SUCCESS. dag_id=scraping_daft_monaghan, task_id=remove_file, execution_date=20211215T103000, start_date=20211216T110408, end_date=20211216T110507
[2021-12-16 11:05:08,003] {local_task_job.py:154} INFO - Task exited with return code 0
[2021-12-16 11:05:08,737] {local_task_job.py:264} INFO - 0 downstream tasks scheduled from follow-on schedule check
