[2021-12-08 10:16:22,176] {taskinstance.py:1035} INFO - Dependencies all met for <TaskInstance: scraping_daft_kilkenny.run_init_county scheduled__2021-12-07T02:30:00+00:00 [queued]>
[2021-12-08 10:16:22,456] {taskinstance.py:1035} INFO - Dependencies all met for <TaskInstance: scraping_daft_kilkenny.run_init_county scheduled__2021-12-07T02:30:00+00:00 [queued]>
[2021-12-08 10:16:22,461] {taskinstance.py:1241} INFO - 
--------------------------------------------------------------------------------
[2021-12-08 10:16:22,462] {taskinstance.py:1242} INFO - Starting attempt 1 of 3
[2021-12-08 10:16:22,463] {taskinstance.py:1243} INFO - 
--------------------------------------------------------------------------------
[2021-12-08 10:16:22,582] {taskinstance.py:1262} INFO - Executing <Task(_PythonDecoratedOperator): run_init_county> on 2021-12-07 02:30:00+00:00
[2021-12-08 10:16:22,677] {standard_task_runner.py:52} INFO - Started process 115 to run task
[2021-12-08 10:16:23,712] {standard_task_runner.py:76} INFO - Running: ['***', 'tasks', 'run', 'scraping_daft_kilkenny', 'run_init_county', 'scheduled__2021-12-07T02:30:00+00:00', '--job-id', '602', '--raw', '--subdir', 'DAGS_FOLDER/scraping_daft_kilkenny.py', '--cfg-path', '/tmp/tmpc4wabi7w', '--error-file', '/tmp/tmpmgry9g2a']
[2021-12-08 10:16:23,737] {standard_task_runner.py:77} INFO - Job 602: Subtask run_init_county
[2021-12-08 10:16:26,184] {logging_mixin.py:109} INFO - Running <TaskInstance: scraping_daft_kilkenny.run_init_county scheduled__2021-12-07T02:30:00+00:00 [running]> on host 041e6f8654c3
[2021-12-08 10:16:27,955] {taskinstance.py:1429} INFO - Exporting the following env vars:
AIRFLOW_CTX_DAG_EMAIL=***@example.com
AIRFLOW_CTX_DAG_OWNER=clemoni
AIRFLOW_CTX_DAG_ID=scraping_daft_kilkenny
AIRFLOW_CTX_TASK_ID=run_init_county
AIRFLOW_CTX_EXECUTION_DATE=2021-12-07T02:30:00+00:00
AIRFLOW_CTX_DAG_RUN_ID=scheduled__2021-12-07T02:30:00+00:00
[2021-12-08 10:16:28,168] {python.py:152} INFO - Done. Returned value was: None
[2021-12-08 10:16:29,241] {taskinstance.py:1280} INFO - Marking task as SUCCESS. dag_id=scraping_daft_kilkenny, task_id=run_init_county, execution_date=20211207T023000, start_date=20211208T101622, end_date=20211208T101629
[2021-12-08 10:16:29,381] {local_task_job.py:154} INFO - Task exited with return code 0
[2021-12-08 10:16:32,417] {local_task_job.py:264} INFO - 1 downstream tasks scheduled from follow-on schedule check
