[2021-12-27 12:06:17,056] {taskinstance.py:1035} INFO - Dependencies all met for <TaskInstance: scraping_daft_tipperary.notify_slack scheduled__2021-12-26T10:50:00+00:00 [queued]>
[2021-12-27 12:06:17,192] {taskinstance.py:1035} INFO - Dependencies all met for <TaskInstance: scraping_daft_tipperary.notify_slack scheduled__2021-12-26T10:50:00+00:00 [queued]>
[2021-12-27 12:06:17,195] {taskinstance.py:1241} INFO - 
--------------------------------------------------------------------------------
[2021-12-27 12:06:17,202] {taskinstance.py:1242} INFO - Starting attempt 1 of 4
[2021-12-27 12:06:17,205] {taskinstance.py:1243} INFO - 
--------------------------------------------------------------------------------
[2021-12-27 12:06:17,418] {taskinstance.py:1262} INFO - Executing <Task(SlackWebhookOperator): notify_slack> on 2021-12-26 10:50:00+00:00
[2021-12-27 12:06:17,560] {standard_task_runner.py:76} INFO - Running: ['***', 'tasks', 'run', 'scraping_daft_tipperary', 'notify_slack', 'scheduled__2021-12-26T10:50:00+00:00', '--job-id', '4948', '--raw', '--subdir', 'DAGS_FOLDER/scraping_daft_tipperary.py', '--cfg-path', '/tmp/tmp9kopk1_y', '--error-file', '/tmp/tmpqdmq_jli']
[2021-12-27 12:06:17,581] {standard_task_runner.py:77} INFO - Job 4948: Subtask notify_slack
[2021-12-27 12:06:17,521] {standard_task_runner.py:52} INFO - Started process 13186 to run task
[2021-12-27 12:06:18,433] {logging_mixin.py:109} INFO - Running <TaskInstance: scraping_daft_tipperary.notify_slack scheduled__2021-12-26T10:50:00+00:00 [running]> on host 0c125a5bba95
[2021-12-27 12:06:19,844] {taskinstance.py:1429} INFO - Exporting the following env vars:
AIRFLOW_CTX_DAG_EMAIL=clement.liscoet@gmail.com
AIRFLOW_CTX_DAG_OWNER=clemoni
AIRFLOW_CTX_DAG_ID=scraping_daft_tipperary
AIRFLOW_CTX_TASK_ID=notify_slack
AIRFLOW_CTX_EXECUTION_DATE=2021-12-26T10:50:00+00:00
AIRFLOW_CTX_DAG_RUN_ID=scheduled__2021-12-26T10:50:00+00:00
[2021-12-27 12:06:20,026] {base.py:79} INFO - Using connection to: id: slack_connect. Host: https://hooks.slack.com/services/, Port: None, Schema: , Login: , Password: ***, extra: {}
[2021-12-27 12:06:20,315] {base.py:79} INFO - Using connection to: id: slack_connect. Host: https://hooks.slack.com/services/, Port: None, Schema: , Login: , Password: ***, extra: {}
[2021-12-27 12:06:20,492] {http.py:140} INFO - Sending 'POST' to url: https://hooks.slack.com/services/***
[2021-12-27 12:06:22,614] {taskinstance.py:1280} INFO - Marking task as SUCCESS. dag_id=scraping_daft_tipperary, task_id=notify_slack, execution_date=20211226T105000, start_date=20211227T120617, end_date=20211227T120622
[2021-12-27 12:06:23,283] {local_task_job.py:154} INFO - Task exited with return code 0
[2021-12-27 12:06:24,218] {local_task_job.py:264} INFO - 0 downstream tasks scheduled from follow-on schedule check
