[2021-12-20 11:36:56,130] {taskinstance.py:1035} INFO - Dependencies all met for <TaskInstance: scraping_daft_laois.waiting_for_file manual__2021-12-20T11:36:34.218570+00:00 [queued]>
[2021-12-20 11:36:56,163] {taskinstance.py:1035} INFO - Dependencies all met for <TaskInstance: scraping_daft_laois.waiting_for_file manual__2021-12-20T11:36:34.218570+00:00 [queued]>
[2021-12-20 11:36:56,164] {taskinstance.py:1241} INFO - 
--------------------------------------------------------------------------------
[2021-12-20 11:36:56,165] {taskinstance.py:1242} INFO - Starting attempt 1 of 4
[2021-12-20 11:36:56,166] {taskinstance.py:1243} INFO - 
--------------------------------------------------------------------------------
[2021-12-20 11:36:56,185] {taskinstance.py:1262} INFO - Executing <Task(FileSensor): waiting_for_file> on 2021-12-20 11:36:34.218570+00:00
[2021-12-20 11:36:56,195] {standard_task_runner.py:76} INFO - Running: ['***', 'tasks', 'run', 'scraping_daft_laois', 'waiting_for_file', 'manual__2021-12-20T11:36:34.218570+00:00', '--job-id', '3483', '--raw', '--subdir', 'DAGS_FOLDER/scraping_daft_laois.py', '--cfg-path', '/tmp/tmplan29yo3', '--error-file', '/tmp/tmph7lriou_']
[2021-12-20 11:36:56,197] {standard_task_runner.py:77} INFO - Job 3483: Subtask waiting_for_file
[2021-12-20 11:36:56,191] {standard_task_runner.py:52} INFO - Started process 2584 to run task
[2021-12-20 11:36:56,361] {logging_mixin.py:109} INFO - Running <TaskInstance: scraping_daft_laois.waiting_for_file manual__2021-12-20T11:36:34.218570+00:00 [running]> on host 66e45e757599
[2021-12-20 11:36:56,565] {taskinstance.py:1429} INFO - Exporting the following env vars:
AIRFLOW_CTX_DAG_EMAIL=clement.liscoet@gmail.com
AIRFLOW_CTX_DAG_OWNER=clemoni
AIRFLOW_CTX_DAG_ID=scraping_daft_laois
AIRFLOW_CTX_TASK_ID=waiting_for_file
AIRFLOW_CTX_EXECUTION_DATE=2021-12-20T11:36:34.218570+00:00
AIRFLOW_CTX_DAG_RUN_ID=manual__2021-12-20T11:36:34.218570+00:00
[2021-12-20 11:36:56,628] {filesystem.py:59} INFO - Poking for file data/laois_rent.json
[2021-12-20 11:36:56,632] {filesystem.py:65} INFO - Found File data/laois_rent.json last modified: 20211220113655
[2021-12-20 11:36:56,633] {base.py:249} INFO - Success criteria met. Exiting.
[2021-12-20 11:36:56,683] {taskinstance.py:1280} INFO - Marking task as SUCCESS. dag_id=scraping_daft_laois, task_id=waiting_for_file, execution_date=20211220T113634, start_date=20211220T113656, end_date=20211220T113656
[2021-12-20 11:36:56,744] {local_task_job.py:154} INFO - Task exited with return code 0
[2021-12-20 11:36:56,889] {local_task_job.py:264} INFO - 1 downstream tasks scheduled from follow-on schedule check
