[2022-01-03 12:02:40,799] {taskinstance.py:1035} INFO - Dependencies all met for <TaskInstance: scraping_daft_leitrim.get_reporting scheduled__2022-01-02T10:00:00+00:00 [queued]>
[2022-01-03 12:02:40,932] {taskinstance.py:1035} INFO - Dependencies all met for <TaskInstance: scraping_daft_leitrim.get_reporting scheduled__2022-01-02T10:00:00+00:00 [queued]>
[2022-01-03 12:02:40,946] {taskinstance.py:1241} INFO - 
--------------------------------------------------------------------------------
[2022-01-03 12:02:40,951] {taskinstance.py:1242} INFO - Starting attempt 1 of 4
[2022-01-03 12:02:40,955] {taskinstance.py:1243} INFO - 
--------------------------------------------------------------------------------
[2022-01-03 12:02:41,183] {taskinstance.py:1262} INFO - Executing <Task(_PythonDecoratedOperator): get_reporting> on 2022-01-02 10:00:00+00:00
[2022-01-03 12:02:41,289] {standard_task_runner.py:76} INFO - Running: ['***', 'tasks', 'run', 'scraping_daft_leitrim', 'get_reporting', 'scheduled__2022-01-02T10:00:00+00:00', '--job-id', '6371', '--raw', '--subdir', 'DAGS_FOLDER/scraping_daft_leitrim.py', '--cfg-path', '/tmp/tmpbxitaasq', '--error-file', '/tmp/tmppto7p243']
[2022-01-03 12:02:41,291] {standard_task_runner.py:77} INFO - Job 6371: Subtask get_reporting
[2022-01-03 12:02:41,262] {standard_task_runner.py:52} INFO - Started process 8408 to run task
[2022-01-03 12:02:42,330] {logging_mixin.py:109} INFO - Running <TaskInstance: scraping_daft_leitrim.get_reporting scheduled__2022-01-02T10:00:00+00:00 [running]> on host bbddfc72aeab
[2022-01-03 12:02:43,508] {taskinstance.py:1429} INFO - Exporting the following env vars:
AIRFLOW_CTX_DAG_EMAIL=clement.liscoet@gmail.com
AIRFLOW_CTX_DAG_OWNER=clemoni
AIRFLOW_CTX_DAG_ID=scraping_daft_leitrim
AIRFLOW_CTX_TASK_ID=get_reporting
AIRFLOW_CTX_EXECUTION_DATE=2022-01-02T10:00:00+00:00
AIRFLOW_CTX_DAG_RUN_ID=scheduled__2022-01-02T10:00:00+00:00
[2022-01-03 12:02:43,613] {logging_mixin.py:109} INFO - leitrim
[2022-01-03 12:02:43,730] {base.py:79} INFO - Using connection to: id: postgres_db. Host: postgres, Port: 5432, Schema: scraping_daft, Login: ***, Password: ***, extra: {}
[2022-01-03 12:02:43,944] {python.py:152} INFO - Done. Returned value was: None
[2022-01-03 12:02:44,177] {taskinstance.py:1280} INFO - Marking task as SUCCESS. dag_id=scraping_daft_leitrim, task_id=get_reporting, execution_date=20220102T100000, start_date=20220103T120240, end_date=20220103T120244
[2022-01-03 12:02:44,345] {local_task_job.py:154} INFO - Task exited with return code 0
[2022-01-03 12:02:45,592] {local_task_job.py:264} INFO - 1 downstream tasks scheduled from follow-on schedule check
