[2021-12-27 11:49:03,931] {taskinstance.py:1035} INFO - Dependencies all met for <TaskInstance: scraping_daft_kerry.scrap_data scheduled__2021-12-26T09:40:00+00:00 [queued]>
[2021-12-27 11:49:03,948] {taskinstance.py:1035} INFO - Dependencies all met for <TaskInstance: scraping_daft_kerry.scrap_data scheduled__2021-12-26T09:40:00+00:00 [queued]>
[2021-12-27 11:49:03,949] {taskinstance.py:1241} INFO - 
--------------------------------------------------------------------------------
[2021-12-27 11:49:03,950] {taskinstance.py:1242} INFO - Starting attempt 2 of 4
[2021-12-27 11:49:03,951] {taskinstance.py:1243} INFO - 
--------------------------------------------------------------------------------
[2021-12-27 11:49:03,977] {taskinstance.py:1262} INFO - Executing <Task(SparkSubmitOperator): scrap_data> on 2021-12-26 09:40:00+00:00
[2021-12-27 11:49:03,988] {standard_task_runner.py:76} INFO - Running: ['***', 'tasks', 'run', 'scraping_daft_kerry', 'scrap_data', 'scheduled__2021-12-26T09:40:00+00:00', '--job-id', '4882', '--raw', '--subdir', 'DAGS_FOLDER/scraping_daft_kerry.py', '--cfg-path', '/tmp/tmp71cujg7b', '--error-file', '/tmp/tmpb5upnr4y']
[2021-12-27 11:49:03,990] {standard_task_runner.py:77} INFO - Job 4882: Subtask scrap_data
[2021-12-27 11:49:03,984] {standard_task_runner.py:52} INFO - Started process 9032 to run task
[2021-12-27 11:49:04,098] {logging_mixin.py:109} INFO - Running <TaskInstance: scraping_daft_kerry.scrap_data scheduled__2021-12-26T09:40:00+00:00 [running]> on host 0c125a5bba95
[2021-12-27 11:49:04,256] {taskinstance.py:1429} INFO - Exporting the following env vars:
AIRFLOW_CTX_DAG_EMAIL=clement.liscoet@gmail.com
AIRFLOW_CTX_DAG_OWNER=clemoni
AIRFLOW_CTX_DAG_ID=scraping_daft_kerry
AIRFLOW_CTX_TASK_ID=scrap_data
AIRFLOW_CTX_EXECUTION_DATE=2021-12-26T09:40:00+00:00
AIRFLOW_CTX_DAG_RUN_ID=scheduled__2021-12-26T09:40:00+00:00
[2021-12-27 11:49:04,281] {base.py:79} INFO - Using connection to: id: spark_default. Host: spark://spark:7077, Port: None, Schema: , Login: ***, Password: ***, extra: {}
[2021-12-27 11:49:04,285] {spark_submit.py:360} INFO - Spark-Submit cmd: spark-submit --master spark://spark:7077 --conf spark.master=spark://spark:7077 --name scrap data --verbose /opt/***/jobs/get_ads_per_county.py kerry
[2021-12-27 11:49:06,331] {spark_submit.py:514} INFO - Using properties file: null
[2021-12-27 11:49:06,480] {spark_submit.py:514} INFO - WARNING: An illegal reflective access operation has occurred
[2021-12-27 11:49:06,482] {spark_submit.py:514} INFO - WARNING: Illegal reflective access by org.apache.spark.unsafe.Platform (file:/home/***/.local/lib/python3.6/site-packages/pyspark/jars/spark-unsafe_2.12-3.2.0.jar) to constructor java.nio.DirectByteBuffer(long,int)
[2021-12-27 11:49:06,483] {spark_submit.py:514} INFO - WARNING: Please consider reporting this to the maintainers of org.apache.spark.unsafe.Platform
[2021-12-27 11:49:06,485] {spark_submit.py:514} INFO - WARNING: Use --illegal-access=warn to enable warnings of further illegal reflective access operations
[2021-12-27 11:49:06,487] {spark_submit.py:514} INFO - WARNING: All illegal access operations will be denied in a future release
[2021-12-27 11:49:06,569] {spark_submit.py:514} INFO - Parsed arguments:
[2021-12-27 11:49:06,585] {spark_submit.py:514} INFO - master                  spark://spark:7077
[2021-12-27 11:49:06,587] {spark_submit.py:514} INFO - deployMode              null
[2021-12-27 11:49:06,608] {spark_submit.py:514} INFO - executorMemory          null
[2021-12-27 11:49:06,609] {spark_submit.py:514} INFO - executorCores           null
[2021-12-27 11:49:06,610] {spark_submit.py:514} INFO - totalExecutorCores      null
[2021-12-27 11:49:06,612] {spark_submit.py:514} INFO - propertiesFile          null
[2021-12-27 11:49:06,613] {spark_submit.py:514} INFO - driverMemory            null
[2021-12-27 11:49:06,614] {spark_submit.py:514} INFO - driverCores             null
[2021-12-27 11:49:06,615] {spark_submit.py:514} INFO - driverExtraClassPath    null
[2021-12-27 11:49:06,617] {spark_submit.py:514} INFO - driverExtraLibraryPath  null
[2021-12-27 11:49:06,619] {spark_submit.py:514} INFO - driverExtraJavaOptions  null
[2021-12-27 11:49:06,621] {spark_submit.py:514} INFO - supervise               false
[2021-12-27 11:49:06,623] {spark_submit.py:514} INFO - queue                   null
[2021-12-27 11:49:06,623] {spark_submit.py:514} INFO - numExecutors            null
[2021-12-27 11:49:06,625] {spark_submit.py:514} INFO - files                   null
[2021-12-27 11:49:06,627] {spark_submit.py:514} INFO - pyFiles                 null
[2021-12-27 11:49:06,628] {spark_submit.py:514} INFO - archives                null
[2021-12-27 11:49:06,629] {spark_submit.py:514} INFO - mainClass               null
[2021-12-27 11:49:06,630] {spark_submit.py:514} INFO - primaryResource         file:/opt/***/jobs/get_ads_per_county.py
[2021-12-27 11:49:06,632] {spark_submit.py:514} INFO - name                    scrap data
[2021-12-27 11:49:06,632] {spark_submit.py:514} INFO - childArgs               [kerry]
[2021-12-27 11:49:06,634] {spark_submit.py:514} INFO - jars                    null
[2021-12-27 11:49:06,635] {spark_submit.py:514} INFO - packages                null
[2021-12-27 11:49:06,636] {spark_submit.py:514} INFO - packagesExclusions      null
[2021-12-27 11:49:06,637] {spark_submit.py:514} INFO - repositories            null
[2021-12-27 11:49:06,639] {spark_submit.py:514} INFO - verbose                 true
[2021-12-27 11:49:06,640] {spark_submit.py:514} INFO - 
[2021-12-27 11:49:06,641] {spark_submit.py:514} INFO - Spark properties used, including those specified through
[2021-12-27 11:49:06,642] {spark_submit.py:514} INFO - --conf and those from the properties file null:
[2021-12-27 11:49:06,643] {spark_submit.py:514} INFO - (spark.master,spark://spark:7077)
[2021-12-27 11:49:06,644] {spark_submit.py:514} INFO - 
[2021-12-27 11:49:06,645] {spark_submit.py:514} INFO - 
[2021-12-27 11:49:07,081] {spark_submit.py:514} INFO - Main class:
[2021-12-27 11:49:07,082] {spark_submit.py:514} INFO - org.apache.spark.deploy.PythonRunner
[2021-12-27 11:49:07,083] {spark_submit.py:514} INFO - Arguments:
[2021-12-27 11:49:07,084] {spark_submit.py:514} INFO - file:/opt/***/jobs/get_ads_per_county.py
[2021-12-27 11:49:07,085] {spark_submit.py:514} INFO - null
[2021-12-27 11:49:07,086] {spark_submit.py:514} INFO - kerry
[2021-12-27 11:49:07,087] {spark_submit.py:514} INFO - --verbose
[2021-12-27 11:49:07,087] {spark_submit.py:514} INFO - Spark config:
[2021-12-27 11:49:07,088] {spark_submit.py:514} INFO - (spark.app.name,scrap data)
[2021-12-27 11:49:07,089] {spark_submit.py:514} INFO - (spark.master,spark://spark:7077)
[2021-12-27 11:49:07,090] {spark_submit.py:514} INFO - (spark.submit.pyFiles,)
[2021-12-27 11:49:07,091] {spark_submit.py:514} INFO - (spark.submit.deployMode,client)
[2021-12-27 11:49:07,092] {spark_submit.py:514} INFO - Classpath elements:
[2021-12-27 11:49:07,093] {spark_submit.py:514} INFO - 
[2021-12-27 11:49:07,094] {spark_submit.py:514} INFO - 
[2021-12-27 11:49:07,095] {spark_submit.py:514} INFO - 
[2021-12-27 11:49:08,410] {spark_submit.py:514} INFO - Using Spark's default log4j profile: org/apache/spark/log4j-defaults.properties
[2021-12-27 11:49:08,429] {spark_submit.py:514} INFO - 21/12/27 11:49:08 INFO SparkContext: Running Spark version 3.2.0
[2021-12-27 11:49:08,667] {spark_submit.py:514} INFO - 21/12/27 11:49:08 WARN NativeCodeLoader: Unable to load native-hadoop library for your platform... using builtin-java classes where applicable
[2021-12-27 11:49:09,081] {spark_submit.py:514} INFO - 21/12/27 11:49:09 INFO ResourceUtils: ==============================================================
[2021-12-27 11:49:09,083] {spark_submit.py:514} INFO - 21/12/27 11:49:09 INFO ResourceUtils: No custom resources configured for spark.driver.
[2021-12-27 11:49:09,085] {spark_submit.py:514} INFO - 21/12/27 11:49:09 INFO ResourceUtils: ==============================================================
[2021-12-27 11:49:09,086] {spark_submit.py:514} INFO - 21/12/27 11:49:09 INFO SparkContext: Submitted application: Get Ads per county
[2021-12-27 11:49:09,181] {spark_submit.py:514} INFO - 21/12/27 11:49:09 INFO ResourceProfile: Default ResourceProfile created, executor resources: Map(cores -> name: cores, amount: 1, script: , vendor: , memory -> name: memory, amount: 1024, script: , vendor: , offHeap -> name: offHeap, amount: 0, script: , vendor: ), task resources: Map(cpus -> name: cpus, amount: 1.0)
[2021-12-27 11:49:09,210] {spark_submit.py:514} INFO - 21/12/27 11:49:09 INFO ResourceProfile: Limiting resource is cpu
[2021-12-27 11:49:09,214] {spark_submit.py:514} INFO - 21/12/27 11:49:09 INFO ResourceProfileManager: Added ResourceProfile id: 0
[2021-12-27 11:49:09,390] {spark_submit.py:514} INFO - 21/12/27 11:49:09 INFO SecurityManager: Changing view acls to: ***
[2021-12-27 11:49:09,391] {spark_submit.py:514} INFO - 21/12/27 11:49:09 INFO SecurityManager: Changing modify acls to: ***
[2021-12-27 11:49:09,392] {spark_submit.py:514} INFO - 21/12/27 11:49:09 INFO SecurityManager: Changing view acls groups to:
[2021-12-27 11:49:09,393] {spark_submit.py:514} INFO - 21/12/27 11:49:09 INFO SecurityManager: Changing modify acls groups to:
[2021-12-27 11:49:09,395] {spark_submit.py:514} INFO - 21/12/27 11:49:09 INFO SecurityManager: SecurityManager: authentication disabled; ui acls disabled; users  with view permissions: Set(***); groups with view permissions: Set(); users  with modify permissions: Set(***); groups with modify permissions: Set()
[2021-12-27 11:49:09,932] {spark_submit.py:514} INFO - 21/12/27 11:49:09 INFO Utils: Successfully started service 'sparkDriver' on port 39367.
[2021-12-27 11:49:10,019] {spark_submit.py:514} INFO - 21/12/27 11:49:10 INFO SparkEnv: Registering MapOutputTracker
[2021-12-27 11:49:10,093] {spark_submit.py:514} INFO - 21/12/27 11:49:10 INFO SparkEnv: Registering BlockManagerMaster
[2021-12-27 11:49:10,135] {spark_submit.py:514} INFO - 21/12/27 11:49:10 INFO BlockManagerMasterEndpoint: Using org.apache.spark.storage.DefaultTopologyMapper for getting topology information
[2021-12-27 11:49:10,137] {spark_submit.py:514} INFO - 21/12/27 11:49:10 INFO BlockManagerMasterEndpoint: BlockManagerMasterEndpoint up
[2021-12-27 11:49:10,147] {spark_submit.py:514} INFO - 21/12/27 11:49:10 INFO SparkEnv: Registering BlockManagerMasterHeartbeat
[2021-12-27 11:49:10,194] {spark_submit.py:514} INFO - 21/12/27 11:49:10 INFO DiskBlockManager: Created local directory at /tmp/blockmgr-1206cce0-cb91-4d78-8e71-d3b4e2e39566
[2021-12-27 11:49:10,236] {spark_submit.py:514} INFO - 21/12/27 11:49:10 INFO MemoryStore: MemoryStore started with capacity 434.4 MiB
[2021-12-27 11:49:10,268] {spark_submit.py:514} INFO - 21/12/27 11:49:10 INFO SparkEnv: Registering OutputCommitCoordinator
[2021-12-27 11:49:10,767] {spark_submit.py:514} INFO - 21/12/27 11:49:10 INFO Utils: Successfully started service 'SparkUI' on port 4040.
[2021-12-27 11:49:10,962] {spark_submit.py:514} INFO - 21/12/27 11:49:10 INFO SparkUI: Bound SparkUI to 0.0.0.0, and started at http://0c125a5bba95:4040
[2021-12-27 11:49:11,480] {spark_submit.py:514} INFO - 21/12/27 11:49:11 INFO StandaloneAppClient$ClientEndpoint: Connecting to master spark://spark:7077...
[2021-12-27 11:49:11,666] {spark_submit.py:514} INFO - 21/12/27 11:49:11 INFO TransportClientFactory: Successfully created connection to spark/172.19.0.4:7077 after 62 ms (0 ms spent in bootstraps)
[2021-12-27 11:49:11,844] {spark_submit.py:514} INFO - 21/12/27 11:49:11 INFO StandaloneSchedulerBackend: Connected to Spark cluster with app ID app-20211227114911-0055
[2021-12-27 11:49:11,856] {spark_submit.py:514} INFO - 21/12/27 11:49:11 INFO Utils: Successfully started service 'org.apache.spark.network.netty.NettyBlockTransferService' on port 42713.
[2021-12-27 11:49:11,857] {spark_submit.py:514} INFO - 21/12/27 11:49:11 INFO NettyBlockTransferService: Server created on 0c125a5bba95:42713
[2021-12-27 11:49:11,860] {spark_submit.py:514} INFO - 21/12/27 11:49:11 INFO BlockManager: Using org.apache.spark.storage.RandomBlockReplicationPolicy for block replication policy
[2021-12-27 11:49:11,873] {spark_submit.py:514} INFO - 21/12/27 11:49:11 INFO BlockManagerMaster: Registering BlockManager BlockManagerId(driver, 0c125a5bba95, 42713, None)
[2021-12-27 11:49:11,883] {spark_submit.py:514} INFO - 21/12/27 11:49:11 INFO BlockManagerMasterEndpoint: Registering block manager 0c125a5bba95:42713 with 434.4 MiB RAM, BlockManagerId(driver, 0c125a5bba95, 42713, None)
[2021-12-27 11:49:11,885] {spark_submit.py:514} INFO - 21/12/27 11:49:11 INFO BlockManagerMaster: Registered BlockManager BlockManagerId(driver, 0c125a5bba95, 42713, None)
[2021-12-27 11:49:11,887] {spark_submit.py:514} INFO - 21/12/27 11:49:11 INFO BlockManager: Initialized BlockManager: BlockManagerId(driver, 0c125a5bba95, 42713, None)
[2021-12-27 11:49:12,210] {spark_submit.py:514} INFO - 21/12/27 11:49:12 INFO StandaloneSchedulerBackend: SchedulerBackend is ready for scheduling beginning after reached minRegisteredResourcesRatio: 0.0
[2021-12-27 11:49:12,293] {spark_submit.py:514} INFO - /home/***/.local/lib/python3.6/site-packages/pyspark/python/lib/pyspark.zip/pyspark/context.py:238: FutureWarning: Python 3.6 support is deprecated in Spark 3.2.
[2021-12-27 11:49:12,294] {spark_submit.py:514} INFO - FutureWarning
[2021-12-27 11:49:12,618] {spark_submit.py:514} INFO - 21/12/27 11:49:12 INFO SharedState: Setting hive.metastore.warehouse.dir ('null') to the value of spark.sql.warehouse.dir.
[2021-12-27 11:49:12,669] {spark_submit.py:514} INFO - 21/12/27 11:49:12 INFO SharedState: Warehouse path is 'file:/opt/***/spark-warehouse'.
[2021-12-27 11:49:15,594] {spark_submit.py:514} INFO - running...
[2021-12-27 11:49:16,225] {spark_submit.py:514} INFO - running...
[2021-12-27 11:49:17,195] {spark_submit.py:514} INFO - running...
[2021-12-27 11:49:18,372] {spark_submit.py:514} INFO - running...
[2021-12-27 11:49:19,426] {spark_submit.py:514} INFO - running...
[2021-12-27 11:49:20,243] {spark_submit.py:514} INFO - running...
[2021-12-27 11:49:21,283] {spark_submit.py:514} INFO - running...
[2021-12-27 11:49:22,150] {spark_submit.py:514} INFO - running...
[2021-12-27 11:49:22,805] {spark_submit.py:514} INFO - running...
[2021-12-27 11:49:23,425] {spark_submit.py:514} INFO - running...
[2021-12-27 11:49:24,011] {spark_submit.py:514} INFO - running...
[2021-12-27 11:49:24,486] {spark_submit.py:514} INFO - running...
[2021-12-27 11:49:25,065] {spark_submit.py:514} INFO - running...
[2021-12-27 11:49:25,684] {spark_submit.py:514} INFO - running...
[2021-12-27 11:49:26,190] {spark_submit.py:514} INFO - running...
[2021-12-27 11:49:26,624] {spark_submit.py:514} INFO - running...
[2021-12-27 11:49:26,991] {spark_submit.py:514} INFO - running...
[2021-12-27 11:49:27,546] {spark_submit.py:514} INFO - running...
[2021-12-27 11:49:28,234] {spark_submit.py:514} INFO - running...
[2021-12-27 11:49:28,730] {spark_submit.py:514} INFO - running...
[2021-12-27 11:49:30,914] {spark_submit.py:514} INFO - running...
[2021-12-27 11:49:31,901] {spark_submit.py:514} INFO - running...
[2021-12-27 11:49:32,913] {spark_submit.py:514} INFO - running...
[2021-12-27 11:49:33,363] {spark_submit.py:514} INFO - running...
[2021-12-27 11:49:34,162] {spark_submit.py:514} INFO - running...
[2021-12-27 11:49:34,822] {spark_submit.py:514} INFO - running...
[2021-12-27 11:49:35,261] {spark_submit.py:514} INFO - running...
[2021-12-27 11:49:35,718] {spark_submit.py:514} INFO - running...
[2021-12-27 11:49:36,219] {spark_submit.py:514} INFO - running...
[2021-12-27 11:49:36,796] {spark_submit.py:514} INFO - running...
[2021-12-27 11:49:37,427] {spark_submit.py:514} INFO - running...
[2021-12-27 11:49:38,080] {spark_submit.py:514} INFO - running...
[2021-12-27 11:49:38,498] {spark_submit.py:514} INFO - running...
[2021-12-27 11:49:38,949] {spark_submit.py:514} INFO - running...
[2021-12-27 11:49:42,781] {spark_submit.py:514} INFO - 21/12/27 11:49:42 INFO SparkContext: Invoking stop() from shutdown hook
[2021-12-27 11:49:42,799] {spark_submit.py:514} INFO - 21/12/27 11:49:42 INFO SparkUI: Stopped Spark web UI at http://0c125a5bba95:4040
[2021-12-27 11:49:42,809] {spark_submit.py:514} INFO - 21/12/27 11:49:42 INFO StandaloneSchedulerBackend: Shutting down all executors
[2021-12-27 11:49:42,814] {spark_submit.py:514} INFO - 21/12/27 11:49:42 INFO CoarseGrainedSchedulerBackend$DriverEndpoint: Asking each executor to shut down
[2021-12-27 11:49:42,843] {spark_submit.py:514} INFO - 21/12/27 11:49:42 INFO MapOutputTrackerMasterEndpoint: MapOutputTrackerMasterEndpoint stopped!
[2021-12-27 11:49:42,865] {spark_submit.py:514} INFO - 21/12/27 11:49:42 INFO MemoryStore: MemoryStore cleared
[2021-12-27 11:49:42,866] {spark_submit.py:514} INFO - 21/12/27 11:49:42 INFO BlockManager: BlockManager stopped
[2021-12-27 11:49:42,877] {spark_submit.py:514} INFO - 21/12/27 11:49:42 INFO BlockManagerMaster: BlockManagerMaster stopped
[2021-12-27 11:49:42,881] {spark_submit.py:514} INFO - 21/12/27 11:49:42 INFO OutputCommitCoordinator$OutputCommitCoordinatorEndpoint: OutputCommitCoordinator stopped!
[2021-12-27 11:49:42,896] {spark_submit.py:514} INFO - 21/12/27 11:49:42 INFO SparkContext: Successfully stopped SparkContext
[2021-12-27 11:49:42,898] {spark_submit.py:514} INFO - 21/12/27 11:49:42 INFO ShutdownHookManager: Shutdown hook called
[2021-12-27 11:49:42,899] {spark_submit.py:514} INFO - 21/12/27 11:49:42 INFO ShutdownHookManager: Deleting directory /tmp/spark-ccd51dc5-b5e8-494a-9e19-ad156cae0ea0
[2021-12-27 11:49:42,903] {spark_submit.py:514} INFO - 21/12/27 11:49:42 INFO ShutdownHookManager: Deleting directory /tmp/spark-ccd51dc5-b5e8-494a-9e19-ad156cae0ea0/pyspark-179a5809-9433-4ed3-a259-40ee2929a5b8
[2021-12-27 11:49:42,907] {spark_submit.py:514} INFO - 21/12/27 11:49:42 INFO ShutdownHookManager: Deleting directory /tmp/spark-dfd13d4f-999f-4a6b-a207-0eed8ea55a85
[2021-12-27 11:49:43,032] {taskinstance.py:1280} INFO - Marking task as SUCCESS. dag_id=scraping_daft_kerry, task_id=scrap_data, execution_date=20211226T094000, start_date=20211227T114903, end_date=20211227T114943
[2021-12-27 11:49:43,073] {local_task_job.py:154} INFO - Task exited with return code 0
[2021-12-27 11:49:43,168] {local_task_job.py:264} INFO - 1 downstream tasks scheduled from follow-on schedule check
