[2021-12-27 11:42:01,993] {taskinstance.py:1035} INFO - Dependencies all met for <TaskInstance: scraping_daft_clare.persist_data scheduled__2021-12-26T09:15:00+00:00 [queued]>
[2021-12-27 11:42:02,122] {taskinstance.py:1035} INFO - Dependencies all met for <TaskInstance: scraping_daft_clare.persist_data scheduled__2021-12-26T09:15:00+00:00 [queued]>
[2021-12-27 11:42:02,123] {taskinstance.py:1241} INFO - 
--------------------------------------------------------------------------------
[2021-12-27 11:42:02,125] {taskinstance.py:1242} INFO - Starting attempt 1 of 4
[2021-12-27 11:42:02,130] {taskinstance.py:1243} INFO - 
--------------------------------------------------------------------------------
[2021-12-27 11:42:02,198] {taskinstance.py:1262} INFO - Executing <Task(SparkSubmitOperator): persist_data> on 2021-12-26 09:15:00+00:00
[2021-12-27 11:42:02,245] {standard_task_runner.py:76} INFO - Running: ['***', 'tasks', 'run', 'scraping_daft_clare', 'persist_data', 'scheduled__2021-12-26T09:15:00+00:00', '--job-id', '4832', '--raw', '--subdir', 'DAGS_FOLDER/scraping_daft_clare.py', '--cfg-path', '/tmp/tmp0s1awm3n', '--error-file', '/tmp/tmpwk1d4wpr']
[2021-12-27 11:42:02,250] {standard_task_runner.py:77} INFO - Job 4832: Subtask persist_data
[2021-12-27 11:42:02,222] {standard_task_runner.py:52} INFO - Started process 3927 to run task
[2021-12-27 11:42:02,855] {logging_mixin.py:109} INFO - Running <TaskInstance: scraping_daft_clare.persist_data scheduled__2021-12-26T09:15:00+00:00 [running]> on host 0c125a5bba95
[2021-12-27 11:42:03,590] {taskinstance.py:1429} INFO - Exporting the following env vars:
AIRFLOW_CTX_DAG_EMAIL=clement.liscoet@gmail.com
AIRFLOW_CTX_DAG_OWNER=clemoni
AIRFLOW_CTX_DAG_ID=scraping_daft_clare
AIRFLOW_CTX_TASK_ID=persist_data
AIRFLOW_CTX_EXECUTION_DATE=2021-12-26T09:15:00+00:00
AIRFLOW_CTX_DAG_RUN_ID=scheduled__2021-12-26T09:15:00+00:00
[2021-12-27 11:42:03,659] {base.py:79} INFO - Using connection to: id: spark_default. Host: spark://spark:7077, Port: None, Schema: , Login: ***, Password: ***, extra: {}
[2021-12-27 11:42:03,666] {spark_submit.py:360} INFO - Spark-Submit cmd: spark-submit --master spark://spark:7077 --conf spark.master=spark://spark:7077 --name persist data --verbose /opt/***/jobs/persist_db.py clare
[2021-12-27 11:42:16,760] {spark_submit.py:514} INFO - Using properties file: null
[2021-12-27 11:42:17,850] {spark_submit.py:514} INFO - WARNING: An illegal reflective access operation has occurred
[2021-12-27 11:42:17,851] {spark_submit.py:514} INFO - WARNING: Illegal reflective access by org.apache.spark.unsafe.Platform (file:/home/***/.local/lib/python3.6/site-packages/pyspark/jars/spark-unsafe_2.12-3.2.0.jar) to constructor java.nio.DirectByteBuffer(long,int)
[2021-12-27 11:42:17,852] {spark_submit.py:514} INFO - WARNING: Please consider reporting this to the maintainers of org.apache.spark.unsafe.Platform
[2021-12-27 11:42:17,853] {spark_submit.py:514} INFO - WARNING: Use --illegal-access=warn to enable warnings of further illegal reflective access operations
[2021-12-27 11:42:17,855] {spark_submit.py:514} INFO - WARNING: All illegal access operations will be denied in a future release
[2021-12-27 11:42:18,199] {spark_submit.py:514} INFO - Parsed arguments:
[2021-12-27 11:42:18,203] {spark_submit.py:514} INFO - master                  spark://spark:7077
[2021-12-27 11:42:18,204] {spark_submit.py:514} INFO - deployMode              null
[2021-12-27 11:42:18,206] {spark_submit.py:514} INFO - executorMemory          null
[2021-12-27 11:42:18,208] {spark_submit.py:514} INFO - executorCores           null
[2021-12-27 11:42:18,213] {spark_submit.py:514} INFO - totalExecutorCores      null
[2021-12-27 11:42:18,215] {spark_submit.py:514} INFO - propertiesFile          null
[2021-12-27 11:42:18,219] {spark_submit.py:514} INFO - driverMemory            null
[2021-12-27 11:42:18,221] {spark_submit.py:514} INFO - driverCores             null
[2021-12-27 11:42:18,222] {spark_submit.py:514} INFO - driverExtraClassPath    null
[2021-12-27 11:42:18,227] {spark_submit.py:514} INFO - driverExtraLibraryPath  null
[2021-12-27 11:42:18,233] {spark_submit.py:514} INFO - driverExtraJavaOptions  null
[2021-12-27 11:42:18,234] {spark_submit.py:514} INFO - supervise               false
[2021-12-27 11:42:18,247] {spark_submit.py:514} INFO - queue                   null
[2021-12-27 11:42:18,251] {spark_submit.py:514} INFO - numExecutors            null
[2021-12-27 11:42:18,252] {spark_submit.py:514} INFO - files                   null
[2021-12-27 11:42:18,255] {spark_submit.py:514} INFO - pyFiles                 null
[2021-12-27 11:42:18,258] {spark_submit.py:514} INFO - archives                null
[2021-12-27 11:42:18,260] {spark_submit.py:514} INFO - mainClass               null
[2021-12-27 11:42:18,265] {spark_submit.py:514} INFO - primaryResource         file:/opt/***/jobs/persist_db.py
[2021-12-27 11:42:18,270] {spark_submit.py:514} INFO - name                    persist data
[2021-12-27 11:42:18,282] {spark_submit.py:514} INFO - childArgs               [clare]
[2021-12-27 11:42:18,288] {spark_submit.py:514} INFO - jars                    null
[2021-12-27 11:42:18,292] {spark_submit.py:514} INFO - packages                null
[2021-12-27 11:42:18,297] {spark_submit.py:514} INFO - packagesExclusions      null
[2021-12-27 11:42:18,298] {spark_submit.py:514} INFO - repositories            null
[2021-12-27 11:42:18,303] {spark_submit.py:514} INFO - verbose                 true
[2021-12-27 11:42:18,306] {spark_submit.py:514} INFO - 
[2021-12-27 11:42:18,314] {spark_submit.py:514} INFO - Spark properties used, including those specified through
[2021-12-27 11:42:18,318] {spark_submit.py:514} INFO - --conf and those from the properties file null:
[2021-12-27 11:42:18,322] {spark_submit.py:514} INFO - (spark.master,spark://spark:7077)
[2021-12-27 11:42:18,330] {spark_submit.py:514} INFO - 
[2021-12-27 11:42:18,336] {spark_submit.py:514} INFO - 
[2021-12-27 11:42:19,856] {spark_submit.py:514} INFO - Main class:
[2021-12-27 11:42:19,859] {spark_submit.py:514} INFO - org.apache.spark.deploy.PythonRunner
[2021-12-27 11:42:19,861] {spark_submit.py:514} INFO - Arguments:
[2021-12-27 11:42:19,862] {spark_submit.py:514} INFO - file:/opt/***/jobs/persist_db.py
[2021-12-27 11:42:19,864] {spark_submit.py:514} INFO - null
[2021-12-27 11:42:19,865] {spark_submit.py:514} INFO - clare
[2021-12-27 11:42:19,867] {spark_submit.py:514} INFO - --verbose
[2021-12-27 11:42:19,868] {spark_submit.py:514} INFO - Spark config:
[2021-12-27 11:42:19,869] {spark_submit.py:514} INFO - (spark.master,spark://spark:7077)
[2021-12-27 11:42:19,871] {spark_submit.py:514} INFO - (spark.app.name,persist data)
[2021-12-27 11:42:19,872] {spark_submit.py:514} INFO - (spark.submit.pyFiles,)
[2021-12-27 11:42:19,874] {spark_submit.py:514} INFO - (spark.submit.deployMode,client)
[2021-12-27 11:42:19,875] {spark_submit.py:514} INFO - Classpath elements:
[2021-12-27 11:42:19,876] {spark_submit.py:514} INFO - 
[2021-12-27 11:42:19,879] {spark_submit.py:514} INFO - 
[2021-12-27 11:42:19,883] {spark_submit.py:514} INFO - 
[2021-12-27 11:42:23,768] {spark_submit.py:514} INFO - Using Spark's default log4j profile: org/apache/spark/log4j-defaults.properties
[2021-12-27 11:42:23,790] {spark_submit.py:514} INFO - 21/12/27 11:42:23 INFO SparkContext: Running Spark version 3.2.0
[2021-12-27 11:42:24,033] {spark_submit.py:514} INFO - 21/12/27 11:42:24 WARN NativeCodeLoader: Unable to load native-hadoop library for your platform... using builtin-java classes where applicable
[2021-12-27 11:42:24,991] {spark_submit.py:514} INFO - 21/12/27 11:42:24 INFO ResourceUtils: ==============================================================
[2021-12-27 11:42:24,993] {spark_submit.py:514} INFO - 21/12/27 11:42:24 INFO ResourceUtils: No custom resources configured for spark.driver.
[2021-12-27 11:42:24,994] {spark_submit.py:514} INFO - 21/12/27 11:42:24 INFO ResourceUtils: ==============================================================
[2021-12-27 11:42:24,995] {spark_submit.py:514} INFO - 21/12/27 11:42:24 INFO SparkContext: Submitted application: Persist DB
[2021-12-27 11:42:25,110] {spark_submit.py:514} INFO - 21/12/27 11:42:25 INFO ResourceProfile: Default ResourceProfile created, executor resources: Map(cores -> name: cores, amount: 1, script: , vendor: , memory -> name: memory, amount: 1024, script: , vendor: , offHeap -> name: offHeap, amount: 0, script: , vendor: ), task resources: Map(cpus -> name: cpus, amount: 1.0)
[2021-12-27 11:42:25,150] {spark_submit.py:514} INFO - 21/12/27 11:42:25 INFO ResourceProfile: Limiting resource is cpu
[2021-12-27 11:42:25,152] {spark_submit.py:514} INFO - 21/12/27 11:42:25 INFO ResourceProfileManager: Added ResourceProfile id: 0
[2021-12-27 11:42:25,340] {spark_submit.py:514} INFO - 21/12/27 11:42:25 INFO SecurityManager: Changing view acls to: ***
[2021-12-27 11:42:25,342] {spark_submit.py:514} INFO - 21/12/27 11:42:25 INFO SecurityManager: Changing modify acls to: ***
[2021-12-27 11:42:25,344] {spark_submit.py:514} INFO - 21/12/27 11:42:25 INFO SecurityManager: Changing view acls groups to:
[2021-12-27 11:42:25,346] {spark_submit.py:514} INFO - 21/12/27 11:42:25 INFO SecurityManager: Changing modify acls groups to:
[2021-12-27 11:42:25,356] {spark_submit.py:514} INFO - 21/12/27 11:42:25 INFO SecurityManager: SecurityManager: authentication disabled; ui acls disabled; users  with view permissions: Set(***); groups with view permissions: Set(); users  with modify permissions: Set(***); groups with modify permissions: Set()
[2021-12-27 11:42:27,789] {spark_submit.py:514} INFO - 21/12/27 11:42:27 INFO Utils: Successfully started service 'sparkDriver' on port 39977.
[2021-12-27 11:42:27,931] {spark_submit.py:514} INFO - 21/12/27 11:42:27 INFO SparkEnv: Registering MapOutputTracker
[2021-12-27 11:42:28,137] {spark_submit.py:514} INFO - 21/12/27 11:42:28 INFO SparkEnv: Registering BlockManagerMaster
[2021-12-27 11:42:28,233] {spark_submit.py:514} INFO - 21/12/27 11:42:28 INFO BlockManagerMasterEndpoint: Using org.apache.spark.storage.DefaultTopologyMapper for getting topology information
[2021-12-27 11:42:28,249] {spark_submit.py:514} INFO - 21/12/27 11:42:28 INFO BlockManagerMasterEndpoint: BlockManagerMasterEndpoint up
[2021-12-27 11:42:28,351] {spark_submit.py:514} INFO - 21/12/27 11:42:28 INFO SparkEnv: Registering BlockManagerMasterHeartbeat
[2021-12-27 11:42:28,535] {spark_submit.py:514} INFO - 21/12/27 11:42:28 INFO DiskBlockManager: Created local directory at /tmp/blockmgr-58521543-ae1a-43aa-aae6-534f931c0b3c
[2021-12-27 11:42:28,666] {spark_submit.py:514} INFO - 21/12/27 11:42:28 INFO MemoryStore: MemoryStore started with capacity 434.4 MiB
[2021-12-27 11:42:28,762] {spark_submit.py:514} INFO - 21/12/27 11:42:28 INFO SparkEnv: Registering OutputCommitCoordinator
[2021-12-27 11:42:29,685] {spark_submit.py:514} INFO - 21/12/27 11:42:29 WARN Utils: Service 'SparkUI' could not bind on port 4040. Attempting port 4041.
[2021-12-27 11:42:29,710] {spark_submit.py:514} INFO - 21/12/27 11:42:29 WARN Utils: Service 'SparkUI' could not bind on port 4041. Attempting port 4042.
[2021-12-27 11:42:29,712] {spark_submit.py:514} INFO - 21/12/27 11:42:29 WARN Utils: Service 'SparkUI' could not bind on port 4042. Attempting port 4043.
[2021-12-27 11:42:29,779] {spark_submit.py:514} INFO - 21/12/27 11:42:29 INFO Utils: Successfully started service 'SparkUI' on port 4043.
[2021-12-27 11:42:30,403] {spark_submit.py:514} INFO - 21/12/27 11:42:30 INFO SparkUI: Bound SparkUI to 0.0.0.0, and started at http://0c125a5bba95:4043
[2021-12-27 11:42:31,472] {spark_submit.py:514} INFO - 21/12/27 11:42:31 INFO StandaloneAppClient$ClientEndpoint: Connecting to master spark://spark:7077...
[2021-12-27 11:42:31,777] {spark_submit.py:514} INFO - 21/12/27 11:42:31 INFO TransportClientFactory: Successfully created connection to spark/172.19.0.4:7077 after 82 ms (0 ms spent in bootstraps)
[2021-12-27 11:42:32,027] {spark_submit.py:514} INFO - 21/12/27 11:42:32 INFO StandaloneSchedulerBackend: Connected to Spark cluster with app ID app-20211227114232-0031
[2021-12-27 11:42:32,064] {spark_submit.py:514} INFO - 21/12/27 11:42:32 INFO Utils: Successfully started service 'org.apache.spark.network.netty.NettyBlockTransferService' on port 45283.
[2021-12-27 11:42:32,067] {spark_submit.py:514} INFO - 21/12/27 11:42:32 INFO NettyBlockTransferService: Server created on 0c125a5bba95:45283
[2021-12-27 11:42:32,068] {spark_submit.py:514} INFO - 21/12/27 11:42:32 INFO BlockManager: Using org.apache.spark.storage.RandomBlockReplicationPolicy for block replication policy
[2021-12-27 11:42:32,076] {spark_submit.py:514} INFO - 21/12/27 11:42:32 INFO BlockManagerMaster: Registering BlockManager BlockManagerId(driver, 0c125a5bba95, 45283, None)
[2021-12-27 11:42:32,088] {spark_submit.py:514} INFO - 21/12/27 11:42:32 INFO BlockManagerMasterEndpoint: Registering block manager 0c125a5bba95:45283 with 434.4 MiB RAM, BlockManagerId(driver, 0c125a5bba95, 45283, None)
[2021-12-27 11:42:32,093] {spark_submit.py:514} INFO - 21/12/27 11:42:32 INFO BlockManagerMaster: Registered BlockManager BlockManagerId(driver, 0c125a5bba95, 45283, None)
[2021-12-27 11:42:32,095] {spark_submit.py:514} INFO - 21/12/27 11:42:32 INFO BlockManager: Initialized BlockManager: BlockManagerId(driver, 0c125a5bba95, 45283, None)
[2021-12-27 11:42:32,489] {spark_submit.py:514} INFO - 21/12/27 11:42:32 INFO StandaloneSchedulerBackend: SchedulerBackend is ready for scheduling beginning after reached minRegisteredResourcesRatio: 0.0
[2021-12-27 11:42:32,645] {spark_submit.py:514} INFO - /home/***/.local/lib/python3.6/site-packages/pyspark/python/lib/pyspark.zip/pyspark/context.py:238: FutureWarning: Python 3.6 support is deprecated in Spark 3.2.
[2021-12-27 11:42:32,646] {spark_submit.py:514} INFO - FutureWarning
[2021-12-27 11:42:33,301] {spark_submit.py:514} INFO - 21/12/27 11:42:33 INFO SharedState: Setting hive.metastore.warehouse.dir ('null') to the value of spark.sql.warehouse.dir.
[2021-12-27 11:42:33,346] {spark_submit.py:514} INFO - 21/12/27 11:42:33 INFO SharedState: Warehouse path is 'file:/opt/***/spark-warehouse'.
[2021-12-27 11:42:35,280] {spark_submit.py:514} INFO - 21/12/27 11:42:35 INFO SparkContext: Invoking stop() from shutdown hook
[2021-12-27 11:42:35,308] {spark_submit.py:514} INFO - 21/12/27 11:42:35 INFO SparkUI: Stopped Spark web UI at http://0c125a5bba95:4043
[2021-12-27 11:42:35,324] {spark_submit.py:514} INFO - 21/12/27 11:42:35 INFO StandaloneSchedulerBackend: Shutting down all executors
[2021-12-27 11:42:35,338] {spark_submit.py:514} INFO - 21/12/27 11:42:35 INFO CoarseGrainedSchedulerBackend$DriverEndpoint: Asking each executor to shut down
[2021-12-27 11:42:35,428] {spark_submit.py:514} INFO - 21/12/27 11:42:35 INFO MapOutputTrackerMasterEndpoint: MapOutputTrackerMasterEndpoint stopped!
[2021-12-27 11:42:35,502] {spark_submit.py:514} INFO - 21/12/27 11:42:35 INFO MemoryStore: MemoryStore cleared
[2021-12-27 11:42:35,504] {spark_submit.py:514} INFO - 21/12/27 11:42:35 INFO BlockManager: BlockManager stopped
[2021-12-27 11:42:35,540] {spark_submit.py:514} INFO - 21/12/27 11:42:35 INFO BlockManagerMaster: BlockManagerMaster stopped
[2021-12-27 11:42:35,551] {spark_submit.py:514} INFO - 21/12/27 11:42:35 INFO OutputCommitCoordinator$OutputCommitCoordinatorEndpoint: OutputCommitCoordinator stopped!
[2021-12-27 11:42:35,631] {spark_submit.py:514} INFO - 21/12/27 11:42:35 INFO SparkContext: Successfully stopped SparkContext
[2021-12-27 11:42:35,636] {spark_submit.py:514} INFO - 21/12/27 11:42:35 INFO ShutdownHookManager: Shutdown hook called
[2021-12-27 11:42:35,639] {spark_submit.py:514} INFO - 21/12/27 11:42:35 INFO ShutdownHookManager: Deleting directory /tmp/spark-b3f2757c-c538-4992-9020-a3115f0aa3e2/pyspark-e42b37b4-c086-46fb-b952-f6c8cf7775cf
[2021-12-27 11:42:35,648] {spark_submit.py:514} INFO - 21/12/27 11:42:35 INFO ShutdownHookManager: Deleting directory /tmp/spark-b3f2757c-c538-4992-9020-a3115f0aa3e2
[2021-12-27 11:42:35,654] {spark_submit.py:514} INFO - 21/12/27 11:42:35 INFO ShutdownHookManager: Deleting directory /tmp/spark-9f9011b2-1451-4561-a560-99f783f6e65e
[2021-12-27 11:42:35,862] {taskinstance.py:1280} INFO - Marking task as SUCCESS. dag_id=scraping_daft_clare, task_id=persist_data, execution_date=20211226T091500, start_date=20211227T114202, end_date=20211227T114235
[2021-12-27 11:42:35,930] {local_task_job.py:154} INFO - Task exited with return code 0
[2021-12-27 11:42:36,133] {local_task_job.py:264} INFO - 1 downstream tasks scheduled from follow-on schedule check
