[2021-12-27 12:06:00,786] {taskinstance.py:1035} INFO - Dependencies all met for <TaskInstance: scraping_daft_mayo.get_reporting scheduled__2021-12-26T10:20:00+00:00 [queued]>
[2021-12-27 12:06:00,946] {taskinstance.py:1035} INFO - Dependencies all met for <TaskInstance: scraping_daft_mayo.get_reporting scheduled__2021-12-26T10:20:00+00:00 [queued]>
[2021-12-27 12:06:00,949] {taskinstance.py:1241} INFO - 
--------------------------------------------------------------------------------
[2021-12-27 12:06:00,961] {taskinstance.py:1242} INFO - Starting attempt 1 of 4
[2021-12-27 12:06:00,968] {taskinstance.py:1243} INFO - 
--------------------------------------------------------------------------------
[2021-12-27 12:06:01,123] {taskinstance.py:1262} INFO - Executing <Task(_PythonDecoratedOperator): get_reporting> on 2021-12-26 10:20:00+00:00
[2021-12-27 12:06:01,273] {standard_task_runner.py:52} INFO - Started process 12968 to run task
[2021-12-27 12:06:01,572] {standard_task_runner.py:76} INFO - Running: ['***', 'tasks', 'run', 'scraping_daft_mayo', 'get_reporting', 'scheduled__2021-12-26T10:20:00+00:00', '--job-id', '4934', '--raw', '--subdir', 'DAGS_FOLDER/scraping_daft_mayo.py', '--cfg-path', '/tmp/tmpaqf_ervh', '--error-file', '/tmp/tmplk6dwy7w']
[2021-12-27 12:06:01,601] {standard_task_runner.py:77} INFO - Job 4934: Subtask get_reporting
[2021-12-27 12:06:03,022] {logging_mixin.py:109} INFO - Running <TaskInstance: scraping_daft_mayo.get_reporting scheduled__2021-12-26T10:20:00+00:00 [running]> on host 0c125a5bba95
[2021-12-27 12:06:03,800] {taskinstance.py:1429} INFO - Exporting the following env vars:
AIRFLOW_CTX_DAG_EMAIL=clement.liscoet@gmail.com
AIRFLOW_CTX_DAG_OWNER=clemoni
AIRFLOW_CTX_DAG_ID=scraping_daft_mayo
AIRFLOW_CTX_TASK_ID=get_reporting
AIRFLOW_CTX_EXECUTION_DATE=2021-12-26T10:20:00+00:00
AIRFLOW_CTX_DAG_RUN_ID=scheduled__2021-12-26T10:20:00+00:00
[2021-12-27 12:06:03,921] {logging_mixin.py:109} INFO - mayo
[2021-12-27 12:06:04,101] {base.py:79} INFO - Using connection to: id: postgres_db. Host: postgres, Port: 5432, Schema: scraping_daft, Login: ***, Password: ***, extra: {}
[2021-12-27 12:06:04,749] {python.py:152} INFO - Done. Returned value was: None
[2021-12-27 12:06:06,013] {taskinstance.py:1280} INFO - Marking task as SUCCESS. dag_id=scraping_daft_mayo, task_id=get_reporting, execution_date=20211226T102000, start_date=20211227T120600, end_date=20211227T120606
[2021-12-27 12:06:06,230] {local_task_job.py:154} INFO - Task exited with return code 0
[2021-12-27 12:06:07,235] {local_task_job.py:264} INFO - 1 downstream tasks scheduled from follow-on schedule check
