[2021-12-10 08:43:03,345] {taskinstance.py:1035} INFO - Dependencies all met for <TaskInstance: scraping_daft_donegal.scrap_data scheduled__2021-12-09T01:15:00+00:00 [queued]>
[2021-12-10 08:43:03,489] {taskinstance.py:1035} INFO - Dependencies all met for <TaskInstance: scraping_daft_donegal.scrap_data scheduled__2021-12-09T01:15:00+00:00 [queued]>
[2021-12-10 08:43:03,583] {taskinstance.py:1241} INFO - 
--------------------------------------------------------------------------------
[2021-12-10 08:43:03,594] {taskinstance.py:1242} INFO - Starting attempt 1 of 3
[2021-12-10 08:43:03,703] {taskinstance.py:1243} INFO - 
--------------------------------------------------------------------------------
[2021-12-10 08:43:03,847] {taskinstance.py:1262} INFO - Executing <Task(SparkSubmitOperator): scrap_data> on 2021-12-09 01:15:00+00:00
[2021-12-10 08:43:03,882] {standard_task_runner.py:52} INFO - Started process 24699 to run task
[2021-12-10 08:43:04,058] {standard_task_runner.py:76} INFO - Running: ['***', 'tasks', 'run', 'scraping_daft_donegal', 'scrap_data', 'scheduled__2021-12-09T01:15:00+00:00', '--job-id', '942', '--raw', '--subdir', 'DAGS_FOLDER/scraping_daft_donegal.py', '--cfg-path', '/tmp/tmphs6l3eg8', '--error-file', '/tmp/tmpsia37skt']
[2021-12-10 08:43:04,091] {standard_task_runner.py:77} INFO - Job 942: Subtask scrap_data
[2021-12-10 08:43:05,527] {logging_mixin.py:109} INFO - Running <TaskInstance: scraping_daft_donegal.scrap_data scheduled__2021-12-09T01:15:00+00:00 [running]> on host 041e6f8654c3
[2021-12-10 08:43:12,118] {taskinstance.py:1429} INFO - Exporting the following env vars:
AIRFLOW_CTX_DAG_EMAIL=***@example.com
AIRFLOW_CTX_DAG_OWNER=clemoni
AIRFLOW_CTX_DAG_ID=scraping_daft_donegal
AIRFLOW_CTX_TASK_ID=scrap_data
AIRFLOW_CTX_EXECUTION_DATE=2021-12-09T01:15:00+00:00
AIRFLOW_CTX_DAG_RUN_ID=scheduled__2021-12-09T01:15:00+00:00
[2021-12-10 08:43:12,849] {base.py:79} INFO - Using connection to: id: spark_default. Host: spark://spark:7077, Port: None, Schema: , Login: ***, Password: ***, extra: {}
[2021-12-10 08:43:12,887] {spark_submit.py:362} INFO - Spark-Submit cmd: spark-submit --master spark://spark:7077 --conf spark.master=spark://spark:7077 --name scrap data --verbose /opt/***/jobs/get_ads_per_county.py donegal
[2021-12-10 08:44:05,650] {spark_submit.py:523} INFO - Using properties file: null
[2021-12-10 08:44:07,017] {spark_submit.py:523} INFO - WARNING: An illegal reflective access operation has occurred
[2021-12-10 08:44:07,020] {spark_submit.py:523} INFO - WARNING: Illegal reflective access by org.apache.spark.unsafe.Platform (file:/home/***/.local/lib/python3.6/site-packages/pyspark/jars/spark-unsafe_2.12-3.2.0.jar) to constructor java.nio.DirectByteBuffer(long,int)
[2021-12-10 08:44:07,025] {spark_submit.py:523} INFO - WARNING: Please consider reporting this to the maintainers of org.apache.spark.unsafe.Platform
[2021-12-10 08:44:07,028] {spark_submit.py:523} INFO - WARNING: Use --illegal-access=warn to enable warnings of further illegal reflective access operations
[2021-12-10 08:44:07,029] {spark_submit.py:523} INFO - WARNING: All illegal access operations will be denied in a future release
[2021-12-10 08:44:09,071] {spark_submit.py:523} INFO - Parsed arguments:
[2021-12-10 08:44:09,091] {spark_submit.py:523} INFO - master                  spark://spark:7077
[2021-12-10 08:44:09,105] {spark_submit.py:523} INFO - deployMode              null
[2021-12-10 08:44:09,130] {spark_submit.py:523} INFO - executorMemory          null
[2021-12-10 08:44:09,134] {spark_submit.py:523} INFO - executorCores           null
[2021-12-10 08:44:09,136] {spark_submit.py:523} INFO - totalExecutorCores      null
[2021-12-10 08:44:09,138] {spark_submit.py:523} INFO - propertiesFile          null
[2021-12-10 08:44:09,140] {spark_submit.py:523} INFO - driverMemory            null
[2021-12-10 08:44:09,143] {spark_submit.py:523} INFO - driverCores             null
[2021-12-10 08:44:09,145] {spark_submit.py:523} INFO - driverExtraClassPath    null
[2021-12-10 08:44:09,147] {spark_submit.py:523} INFO - driverExtraLibraryPath  null
[2021-12-10 08:44:09,162] {spark_submit.py:523} INFO - driverExtraJavaOptions  null
[2021-12-10 08:44:09,163] {spark_submit.py:523} INFO - supervise               false
[2021-12-10 08:44:09,164] {spark_submit.py:523} INFO - queue                   null
[2021-12-10 08:44:09,166] {spark_submit.py:523} INFO - numExecutors            null
[2021-12-10 08:44:09,167] {spark_submit.py:523} INFO - files                   null
[2021-12-10 08:44:09,168] {spark_submit.py:523} INFO - pyFiles                 null
[2021-12-10 08:44:09,170] {spark_submit.py:523} INFO - archives                null
[2021-12-10 08:44:09,171] {spark_submit.py:523} INFO - mainClass               null
[2021-12-10 08:44:09,172] {spark_submit.py:523} INFO - primaryResource         file:/opt/***/jobs/get_ads_per_county.py
[2021-12-10 08:44:09,174] {spark_submit.py:523} INFO - name                    scrap data
[2021-12-10 08:44:09,176] {spark_submit.py:523} INFO - childArgs               [donegal]
[2021-12-10 08:44:09,177] {spark_submit.py:523} INFO - jars                    null
[2021-12-10 08:44:09,179] {spark_submit.py:523} INFO - packages                null
[2021-12-10 08:44:09,182] {spark_submit.py:523} INFO - packagesExclusions      null
[2021-12-10 08:44:09,184] {spark_submit.py:523} INFO - repositories            null
[2021-12-10 08:44:09,185] {spark_submit.py:523} INFO - verbose                 true
[2021-12-10 08:44:09,187] {spark_submit.py:523} INFO - 
[2021-12-10 08:44:09,192] {spark_submit.py:523} INFO - Spark properties used, including those specified through
[2021-12-10 08:44:09,195] {spark_submit.py:523} INFO - --conf and those from the properties file null:
[2021-12-10 08:44:09,200] {spark_submit.py:523} INFO - (spark.master,spark://spark:7077)
[2021-12-10 08:44:09,201] {spark_submit.py:523} INFO - 
[2021-12-10 08:44:09,205] {spark_submit.py:523} INFO - 
[2021-12-10 08:44:18,359] {spark_submit.py:523} INFO - Main class:
[2021-12-10 08:44:18,360] {spark_submit.py:523} INFO - org.apache.spark.deploy.PythonRunner
[2021-12-10 08:44:18,361] {spark_submit.py:523} INFO - Arguments:
[2021-12-10 08:44:18,363] {spark_submit.py:523} INFO - file:/opt/***/jobs/get_ads_per_county.py
[2021-12-10 08:44:18,364] {spark_submit.py:523} INFO - null
[2021-12-10 08:44:18,365] {spark_submit.py:523} INFO - donegal
[2021-12-10 08:44:18,367] {spark_submit.py:523} INFO - --verbose
[2021-12-10 08:44:18,468] {spark_submit.py:523} INFO - Spark config:
[2021-12-10 08:44:18,469] {spark_submit.py:523} INFO - (spark.app.name,scrap data)
[2021-12-10 08:44:18,479] {spark_submit.py:523} INFO - (spark.master,spark://spark:7077)
[2021-12-10 08:44:18,480] {spark_submit.py:523} INFO - (spark.submit.pyFiles,)
[2021-12-10 08:44:18,482] {spark_submit.py:523} INFO - (spark.submit.deployMode,client)
[2021-12-10 08:44:18,486] {spark_submit.py:523} INFO - Classpath elements:
[2021-12-10 08:44:18,488] {spark_submit.py:523} INFO - 
[2021-12-10 08:44:18,490] {spark_submit.py:523} INFO - 
[2021-12-10 08:44:18,493] {spark_submit.py:523} INFO - 
[2021-12-10 08:44:53,146] {spark_submit.py:523} INFO - Using Spark's default log4j profile: org/apache/spark/log4j-defaults.properties
[2021-12-10 08:44:53,424] {spark_submit.py:523} INFO - 21/12/10 08:44:53 INFO SparkContext: Running Spark version 3.2.0
[2021-12-10 08:45:03,589] {spark_submit.py:523} INFO - 21/12/10 08:45:03 WARN NativeCodeLoader: Unable to load native-hadoop library for your platform... using builtin-java classes where applicable
[2021-12-10 08:45:08,251] {spark_submit.py:523} INFO - 21/12/10 08:45:08 INFO ResourceUtils: ==============================================================
[2021-12-10 08:45:08,252] {spark_submit.py:523} INFO - 21/12/10 08:45:08 INFO ResourceUtils: No custom resources configured for spark.driver.
[2021-12-10 08:45:08,253] {spark_submit.py:523} INFO - 21/12/10 08:45:08 INFO ResourceUtils: ==============================================================
[2021-12-10 08:45:08,265] {spark_submit.py:523} INFO - 21/12/10 08:45:08 INFO SparkContext: Submitted application: Get Ads per county
[2021-12-10 08:45:09,003] {spark_submit.py:523} INFO - 21/12/10 08:45:09 INFO ResourceProfile: Default ResourceProfile created, executor resources: Map(cores -> name: cores, amount: 1, script: , vendor: , memory -> name: memory, amount: 1024, script: , vendor: , offHeap -> name: offHeap, amount: 0, script: , vendor: ), task resources: Map(cpus -> name: cpus, amount: 1.0)
[2021-12-10 08:45:09,073] {spark_submit.py:523} INFO - 21/12/10 08:45:09 INFO ResourceProfile: Limiting resource is cpu
[2021-12-10 08:45:09,095] {spark_submit.py:523} INFO - 21/12/10 08:45:09 INFO ResourceProfileManager: Added ResourceProfile id: 0
[2021-12-10 08:45:10,408] {spark_submit.py:523} INFO - 21/12/10 08:45:10 INFO SecurityManager: Changing view acls to: ***
[2021-12-10 08:45:10,418] {spark_submit.py:523} INFO - 21/12/10 08:45:10 INFO SecurityManager: Changing modify acls to: ***
[2021-12-10 08:45:10,427] {spark_submit.py:523} INFO - 21/12/10 08:45:10 INFO SecurityManager: Changing view acls groups to:
[2021-12-10 08:45:10,431] {spark_submit.py:523} INFO - 21/12/10 08:45:10 INFO SecurityManager: Changing modify acls groups to:
[2021-12-10 08:45:10,441] {spark_submit.py:523} INFO - 21/12/10 08:45:10 INFO SecurityManager: SecurityManager: authentication disabled; ui acls disabled; users  with view permissions: Set(***); groups with view permissions: Set(); users  with modify permissions: Set(***); groups with modify permissions: Set()
[2021-12-10 08:45:16,378] {spark_submit.py:523} INFO - 21/12/10 08:45:16 INFO Utils: Successfully started service 'sparkDriver' on port 40577.
[2021-12-10 08:45:16,914] {spark_submit.py:523} INFO - 21/12/10 08:45:16 INFO SparkEnv: Registering MapOutputTracker
[2021-12-10 08:45:18,257] {spark_submit.py:523} INFO - 21/12/10 08:45:18 INFO SparkEnv: Registering BlockManagerMaster
[2021-12-10 08:45:18,399] {spark_submit.py:523} INFO - 21/12/10 08:45:18 INFO BlockManagerMasterEndpoint: Using org.apache.spark.storage.DefaultTopologyMapper for getting topology information
[2021-12-10 08:45:18,404] {spark_submit.py:523} INFO - 21/12/10 08:45:18 INFO BlockManagerMasterEndpoint: BlockManagerMasterEndpoint up
[2021-12-10 08:45:18,440] {spark_submit.py:523} INFO - 21/12/10 08:45:18 INFO SparkEnv: Registering BlockManagerMasterHeartbeat
[2021-12-10 08:45:18,600] {spark_submit.py:523} INFO - 21/12/10 08:45:18 INFO DiskBlockManager: Created local directory at /tmp/blockmgr-dc2bc645-3baa-4290-a492-bafb5e1b513c
[2021-12-10 08:45:18,792] {spark_submit.py:523} INFO - 21/12/10 08:45:18 INFO MemoryStore: MemoryStore started with capacity 434.4 MiB
[2021-12-10 08:45:19,091] {spark_submit.py:523} INFO - 21/12/10 08:45:19 INFO SparkEnv: Registering OutputCommitCoordinator
[2021-12-10 08:45:25,361] {spark_submit.py:523} INFO - 21/12/10 08:45:25 WARN Utils: Service 'SparkUI' could not bind on port 4040. Attempting port 4041.
[2021-12-10 08:45:25,380] {spark_submit.py:523} INFO - 21/12/10 08:45:25 WARN Utils: Service 'SparkUI' could not bind on port 4041. Attempting port 4042.
[2021-12-10 08:45:25,381] {spark_submit.py:523} INFO - 21/12/10 08:45:25 WARN Utils: Service 'SparkUI' could not bind on port 4042. Attempting port 4043.
[2021-12-10 08:45:25,382] {spark_submit.py:523} INFO - 21/12/10 08:45:25 WARN Utils: Service 'SparkUI' could not bind on port 4043. Attempting port 4044.
[2021-12-10 08:45:25,640] {spark_submit.py:523} INFO - 21/12/10 08:45:25 INFO Utils: Successfully started service 'SparkUI' on port 4044.
[2021-12-10 08:45:26,690] {spark_submit.py:523} INFO - 21/12/10 08:45:26 INFO SparkUI: Bound SparkUI to 0.0.0.0, and started at http://041e6f8654c3:4044
[2021-12-10 08:45:52,939] {spark_submit.py:523} INFO - 21/12/10 08:45:52 INFO StandaloneAppClient$ClientEndpoint: Connecting to master spark://spark:7077...
[2021-12-10 08:45:56,559] {spark_submit.py:523} INFO - 21/12/10 08:45:56 INFO TransportClientFactory: Successfully created connection to spark/172.31.0.9:7077 after 2140 ms (0 ms spent in bootstraps)
[2021-12-10 08:46:01,774] {spark_submit.py:523} INFO - 21/12/10 08:46:01 INFO StandaloneSchedulerBackend: Connected to Spark cluster with app ID app-20211210084601-0141
[2021-12-10 08:46:02,780] {spark_submit.py:523} INFO - 21/12/10 08:46:02 INFO Utils: Successfully started service 'org.apache.spark.network.netty.NettyBlockTransferService' on port 36517.
[2021-12-10 08:46:02,796] {spark_submit.py:523} INFO - 21/12/10 08:46:02 INFO NettyBlockTransferService: Server created on 041e6f8654c3:36517
[2021-12-10 08:46:02,889] {spark_submit.py:523} INFO - 21/12/10 08:46:02 INFO BlockManager: Using org.apache.spark.storage.RandomBlockReplicationPolicy for block replication policy
[2021-12-10 08:46:04,587] {spark_submit.py:523} INFO - 21/12/10 08:46:04 INFO BlockManagerMaster: Registering BlockManager BlockManagerId(driver, 041e6f8654c3, 36517, None)
[2021-12-10 08:46:05,894] {spark_submit.py:523} INFO - 21/12/10 08:46:05 INFO BlockManagerMasterEndpoint: Registering block manager 041e6f8654c3:36517 with 434.4 MiB RAM, BlockManagerId(driver, 041e6f8654c3, 36517, None)
[2021-12-10 08:46:06,626] {spark_submit.py:523} INFO - 21/12/10 08:46:06 INFO BlockManagerMaster: Registered BlockManager BlockManagerId(driver, 041e6f8654c3, 36517, None)
[2021-12-10 08:46:06,718] {spark_submit.py:523} INFO - 21/12/10 08:46:06 INFO BlockManager: Initialized BlockManager: BlockManagerId(driver, 041e6f8654c3, 36517, None)
[2021-12-10 08:46:35,829] {spark_submit.py:523} INFO - 21/12/10 08:46:35 INFO AsyncEventQueue: Process of event SparkListenerResourceProfileAdded(Profile: id = 0, executor resources: cores -> name: cores, amount: 1, script: , vendor: ,memory -> name: memory, amount: 1024, script: , vendor: ,offHeap -> name: offHeap, amount: 0, script: , vendor: , task resources: cpus -> name: cpus, amount: 1.0) by listener HeartbeatReceiver took 1.3629299s.
[2021-12-10 08:46:35,853] {spark_submit.py:523} INFO - 21/12/10 08:46:35 INFO AsyncEventQueue: Process of event SparkListenerResourceProfileAdded(Profile: id = 0, executor resources: cores -> name: cores, amount: 1, script: , vendor: ,memory -> name: memory, amount: 1024, script: , vendor: ,offHeap -> name: offHeap, amount: 0, script: , vendor: , task resources: cpus -> name: cpus, amount: 1.0) by listener AppStatusListener took 6.2921181s.
[2021-12-10 08:46:35,862] {spark_submit.py:523} INFO - 21/12/10 08:46:35 INFO StandaloneSchedulerBackend: SchedulerBackend is ready for scheduling beginning after reached minRegisteredResourcesRatio: 0.0
[2021-12-10 08:46:38,793] {spark_submit.py:523} INFO - 21/12/10 08:46:38 INFO StandaloneAppClient$ClientEndpoint: Master removed worker worker-20211208102114-172.31.0.11-46307: 172.31.0.11:46307 got disassociated
[2021-12-10 08:46:38,824] {spark_submit.py:523} INFO - 21/12/10 08:46:38 INFO StandaloneSchedulerBackend: Worker worker-20211208102114-172.31.0.11-46307 removed: 172.31.0.11:46307 got disassociated
[2021-12-10 08:46:38,980] {spark_submit.py:523} INFO - 21/12/10 08:46:38 INFO TaskSchedulerImpl: Handle removed worker worker-20211208102114-172.31.0.11-46307: 172.31.0.11:46307 got disassociated
[2021-12-10 08:46:39,658] {spark_submit.py:523} INFO - 21/12/10 08:46:39 INFO DAGScheduler: Shuffle files lost for worker worker-20211208102114-172.31.0.11-46307 on host 172.31.0.11
[2021-12-10 08:46:39,698] {spark_submit.py:523} INFO - 21/12/10 08:46:39 INFO AsyncEventQueue: Process of event SparkListenerBlockManagerAdded(1639125964717,BlockManagerId(driver, 041e6f8654c3, 36517, None),455501414,Some(455501414),Some(0)) by listener AppStatusListener took 3.7511893s.
[2021-12-10 08:46:42,029] {spark_submit.py:523} INFO - 21/12/10 08:46:42 INFO AsyncEventQueue: Process of event SparkListenerExecutorMetricsUpdate(driver,WrappedArray(),Map((-1,-1) -> org.apache.spark.executor.ExecutorMetrics@78be676c)) by listener AppStatusListener took 2.3347002s.
[2021-12-10 08:46:46,314] {spark_submit.py:523} INFO - /home/***/.local/lib/python3.6/site-packages/pyspark/python/lib/pyspark.zip/pyspark/context.py:238: FutureWarning: Python 3.6 support is deprecated in Spark 3.2.
[2021-12-10 08:46:46,318] {spark_submit.py:523} INFO - FutureWarning
[2021-12-10 08:46:56,738] {spark_submit.py:523} INFO - 21/12/10 08:46:56 INFO SharedState: Setting hive.metastore.warehouse.dir ('null') to the value of spark.sql.warehouse.dir.
[2021-12-10 08:46:58,415] {spark_submit.py:523} INFO - 21/12/10 08:46:58 INFO SharedState: Warehouse path is 'file:/opt/***/spark-warehouse'.
[2021-12-10 08:47:21,125] {spark_submit.py:523} INFO - 21/12/10 08:47:21 WARN StandaloneAppClient$ClientEndpoint: Connection to d258ac83a7d7:7077 failed; waiting for master to reconnect...
[2021-12-10 08:47:21,147] {spark_submit.py:523} INFO - 21/12/10 08:47:21 WARN StandaloneSchedulerBackend: Disconnected from Spark cluster! Waiting for reconnection...
[2021-12-10 08:47:42,401] {spark_submit.py:523} INFO - 21/12/10 08:47:42 INFO AsyncEventQueue: Process of event SparkListenerExecutorMetricsUpdate(driver,WrappedArray(),Map((-1,-1) -> org.apache.spark.executor.ExecutorMetrics@7da94a3e)) by listener AppStatusListener took 1.1648433s.
[2021-12-10 08:48:06,478] {spark_submit.py:523} INFO - running...
[2021-12-10 08:48:08,382] {spark_submit.py:523} INFO - running...
[2021-12-10 08:48:10,800] {spark_submit.py:523} INFO - running...
[2021-12-10 08:48:12,443] {spark_submit.py:523} INFO - running...
[2021-12-10 08:48:13,397] {spark_submit.py:523} INFO - running...
[2021-12-10 08:48:14,358] {spark_submit.py:523} INFO - running...
[2021-12-10 08:48:14,995] {spark_submit.py:523} INFO - running...
[2021-12-10 08:48:16,528] {spark_submit.py:523} INFO - running...
[2021-12-10 08:48:19,212] {spark_submit.py:523} INFO - running...
[2021-12-10 08:48:20,342] {spark_submit.py:523} INFO - running...
[2021-12-10 08:48:21,924] {spark_submit.py:523} INFO - running...
[2021-12-10 08:48:23,436] {spark_submit.py:523} INFO - running...
[2021-12-10 08:48:24,696] {spark_submit.py:523} INFO - running...
[2021-12-10 08:48:26,030] {spark_submit.py:523} INFO - running...
[2021-12-10 08:48:27,981] {spark_submit.py:523} INFO - running...
[2021-12-10 08:48:29,926] {spark_submit.py:523} INFO - running...
[2021-12-10 08:48:30,743] {spark_submit.py:523} INFO - running...
[2021-12-10 08:48:33,277] {spark_submit.py:523} INFO - running...
[2021-12-10 08:48:34,223] {spark_submit.py:523} INFO - running...
[2021-12-10 08:48:34,994] {spark_submit.py:523} INFO - running...
[2021-12-10 08:48:38,000] {spark_submit.py:523} INFO - running...
[2021-12-10 08:48:40,246] {spark_submit.py:523} INFO - running...
[2021-12-10 08:48:40,901] {spark_submit.py:523} INFO - running...
[2021-12-10 08:48:42,248] {spark_submit.py:523} INFO - running...
[2021-12-10 08:48:44,014] {spark_submit.py:523} INFO - running...
[2021-12-10 08:48:44,992] {spark_submit.py:523} INFO - running...
[2021-12-10 08:48:46,576] {spark_submit.py:523} INFO - running...
[2021-12-10 08:48:47,717] {spark_submit.py:523} INFO - running...
[2021-12-10 08:48:49,375] {spark_submit.py:523} INFO - running...
[2021-12-10 08:48:50,062] {spark_submit.py:523} INFO - running...
[2021-12-10 08:48:50,911] {spark_submit.py:523} INFO - running...
[2021-12-10 08:48:52,526] {spark_submit.py:523} INFO - running...
[2021-12-10 08:48:53,731] {spark_submit.py:523} INFO - running...
[2021-12-10 08:48:55,170] {spark_submit.py:523} INFO - running...
[2021-12-10 08:48:56,516] {spark_submit.py:523} INFO - running...
[2021-12-10 08:48:58,340] {spark_submit.py:523} INFO - running...
[2021-12-10 08:48:59,749] {spark_submit.py:523} INFO - running...
[2021-12-10 08:49:00,612] {spark_submit.py:523} INFO - running...
[2021-12-10 08:49:01,672] {spark_submit.py:523} INFO - running...
[2021-12-10 08:49:06,226] {spark_submit.py:523} INFO - 21/12/10 08:49:06 INFO SparkContext: Invoking stop() from shutdown hook
[2021-12-10 08:49:06,544] {spark_submit.py:523} INFO - 21/12/10 08:49:06 INFO SparkUI: Stopped Spark web UI at http://041e6f8654c3:4044
[2021-12-10 08:49:06,654] {spark_submit.py:523} INFO - 21/12/10 08:49:06 INFO StandaloneSchedulerBackend: Shutting down all executors
[2021-12-10 08:49:06,691] {spark_submit.py:523} INFO - 21/12/10 08:49:06 INFO CoarseGrainedSchedulerBackend$DriverEndpoint: Asking each executor to shut down
[2021-12-10 08:49:07,019] {spark_submit.py:523} INFO - 21/12/10 08:49:07 INFO MapOutputTrackerMasterEndpoint: MapOutputTrackerMasterEndpoint stopped!
[2021-12-10 08:49:07,279] {spark_submit.py:523} INFO - 21/12/10 08:49:07 INFO MemoryStore: MemoryStore cleared
[2021-12-10 08:49:07,280] {spark_submit.py:523} INFO - 21/12/10 08:49:07 INFO BlockManager: BlockManager stopped
[2021-12-10 08:49:07,314] {spark_submit.py:523} INFO - 21/12/10 08:49:07 INFO BlockManagerMaster: BlockManagerMaster stopped
[2021-12-10 08:49:07,335] {spark_submit.py:523} INFO - 21/12/10 08:49:07 INFO OutputCommitCoordinator$OutputCommitCoordinatorEndpoint: OutputCommitCoordinator stopped!
[2021-12-10 08:49:07,491] {spark_submit.py:523} INFO - 21/12/10 08:49:07 INFO SparkContext: Successfully stopped SparkContext
[2021-12-10 08:49:07,505] {spark_submit.py:523} INFO - 21/12/10 08:49:07 INFO ShutdownHookManager: Shutdown hook called
[2021-12-10 08:49:07,510] {spark_submit.py:523} INFO - 21/12/10 08:49:07 INFO ShutdownHookManager: Deleting directory /tmp/spark-48e45c2e-3e45-4c67-96d6-96ee7cde444d
[2021-12-10 08:49:07,532] {spark_submit.py:523} INFO - 21/12/10 08:49:07 INFO ShutdownHookManager: Deleting directory /tmp/spark-48e45c2e-3e45-4c67-96d6-96ee7cde444d/pyspark-3f190414-a3e5-421b-91a1-292636651b3c
[2021-12-10 08:49:07,557] {spark_submit.py:523} INFO - 21/12/10 08:49:07 INFO ShutdownHookManager: Deleting directory /tmp/spark-64506774-8235-43aa-887d-44c1d7cc0db3
[2021-12-10 08:49:10,374] {taskinstance.py:1280} INFO - Marking task as SUCCESS. dag_id=scraping_daft_donegal, task_id=scrap_data, execution_date=20211209T011500, start_date=20211210T084303, end_date=20211210T084910
[2021-12-10 08:49:10,866] {local_task_job.py:154} INFO - Task exited with return code 0
[2021-12-10 08:49:13,210] {local_task_job.py:264} INFO - 0 downstream tasks scheduled from follow-on schedule check
