[2021-12-18 10:55:01,290] {taskinstance.py:1035} INFO - Dependencies all met for <TaskInstance: scraping_daft_waterford.run_init_county scheduled__2021-12-17T10:55:00+00:00 [queued]>
[2021-12-18 10:55:01,309] {taskinstance.py:1035} INFO - Dependencies all met for <TaskInstance: scraping_daft_waterford.run_init_county scheduled__2021-12-17T10:55:00+00:00 [queued]>
[2021-12-18 10:55:01,310] {taskinstance.py:1241} INFO - 
--------------------------------------------------------------------------------
[2021-12-18 10:55:01,312] {taskinstance.py:1242} INFO - Starting attempt 1 of 4
[2021-12-18 10:55:01,312] {taskinstance.py:1243} INFO - 
--------------------------------------------------------------------------------
[2021-12-18 10:55:01,336] {taskinstance.py:1262} INFO - Executing <Task(_PythonDecoratedOperator): run_init_county> on 2021-12-17 10:55:00+00:00
[2021-12-18 10:55:01,347] {standard_task_runner.py:76} INFO - Running: ['***', 'tasks', 'run', 'scraping_daft_waterford', 'run_init_county', 'scheduled__2021-12-17T10:55:00+00:00', '--job-id', '3118', '--raw', '--subdir', 'DAGS_FOLDER/scraping_daft_waterford.py', '--cfg-path', '/tmp/tmpslvvx27v', '--error-file', '/tmp/tmpw9ni6ye3']
[2021-12-18 10:55:01,349] {standard_task_runner.py:77} INFO - Job 3118: Subtask run_init_county
[2021-12-18 10:55:01,342] {standard_task_runner.py:52} INFO - Started process 13126 to run task
[2021-12-18 10:55:01,462] {logging_mixin.py:109} INFO - Running <TaskInstance: scraping_daft_waterford.run_init_county scheduled__2021-12-17T10:55:00+00:00 [running]> on host cf1c44b514e9
[2021-12-18 10:55:01,587] {taskinstance.py:1429} INFO - Exporting the following env vars:
AIRFLOW_CTX_DAG_EMAIL=clement.liscoet@gmail.com
AIRFLOW_CTX_DAG_OWNER=clemoni
AIRFLOW_CTX_DAG_ID=scraping_daft_waterford
AIRFLOW_CTX_TASK_ID=run_init_county
AIRFLOW_CTX_EXECUTION_DATE=2021-12-17T10:55:00+00:00
AIRFLOW_CTX_DAG_RUN_ID=scheduled__2021-12-17T10:55:00+00:00
[2021-12-18 10:55:01,613] {python.py:152} INFO - Done. Returned value was: None
[2021-12-18 10:55:01,655] {taskinstance.py:1280} INFO - Marking task as SUCCESS. dag_id=scraping_daft_waterford, task_id=run_init_county, execution_date=20211217T105500, start_date=20211218T105501, end_date=20211218T105501
[2021-12-18 10:55:01,692] {local_task_job.py:154} INFO - Task exited with return code 0
[2021-12-18 10:55:01,810] {local_task_job.py:264} INFO - 1 downstream tasks scheduled from follow-on schedule check
