[2021-12-25 12:58:48,836] {taskinstance.py:1035} INFO - Dependencies all met for <TaskInstance: scraping_daft_kilkenny.persist_data scheduled__2021-12-24T09:50:00+00:00 [queued]>
[2021-12-25 12:58:48,933] {taskinstance.py:1035} INFO - Dependencies all met for <TaskInstance: scraping_daft_kilkenny.persist_data scheduled__2021-12-24T09:50:00+00:00 [queued]>
[2021-12-25 12:58:48,935] {taskinstance.py:1241} INFO - 
--------------------------------------------------------------------------------
[2021-12-25 12:58:48,936] {taskinstance.py:1242} INFO - Starting attempt 1 of 4
[2021-12-25 12:58:48,937] {taskinstance.py:1243} INFO - 
--------------------------------------------------------------------------------
[2021-12-25 12:58:49,447] {taskinstance.py:1262} INFO - Executing <Task(SparkSubmitOperator): persist_data> on 2021-12-24 09:50:00+00:00
[2021-12-25 12:58:49,492] {standard_task_runner.py:52} INFO - Started process 43920 to run task
[2021-12-25 12:58:49,671] {standard_task_runner.py:76} INFO - Running: ['***', 'tasks', 'run', 'scraping_daft_kilkenny', 'persist_data', 'scheduled__2021-12-24T09:50:00+00:00', '--job-id', '4462', '--raw', '--subdir', 'DAGS_FOLDER/scraping_daft_kilkenny.py', '--cfg-path', '/tmp/tmpnich2h4m', '--error-file', '/tmp/tmpfm3ui1ph']
[2021-12-25 12:58:49,696] {standard_task_runner.py:77} INFO - Job 4462: Subtask persist_data
[2021-12-25 12:58:50,126] {logging_mixin.py:109} INFO - Running <TaskInstance: scraping_daft_kilkenny.persist_data scheduled__2021-12-24T09:50:00+00:00 [running]> on host dd6c6a1cba03
[2021-12-25 12:58:50,945] {taskinstance.py:1429} INFO - Exporting the following env vars:
AIRFLOW_CTX_DAG_EMAIL=clement.liscoet@gmail.com
AIRFLOW_CTX_DAG_OWNER=clemoni
AIRFLOW_CTX_DAG_ID=scraping_daft_kilkenny
AIRFLOW_CTX_TASK_ID=persist_data
AIRFLOW_CTX_EXECUTION_DATE=2021-12-24T09:50:00+00:00
AIRFLOW_CTX_DAG_RUN_ID=scheduled__2021-12-24T09:50:00+00:00
[2021-12-25 12:58:51,037] {base.py:79} INFO - Using connection to: id: spark_default. Host: spark://spark:7077, Port: None, Schema: , Login: ***, Password: ***, extra: {}
[2021-12-25 12:58:51,042] {spark_submit.py:360} INFO - Spark-Submit cmd: spark-submit --master spark://spark:7077 --conf spark.master=spark://spark:7077 --name persist data --verbose /opt/***/jobs/persist_db.py kilkenny
[2021-12-25 12:59:08,303] {spark_submit.py:514} INFO - Using properties file: null
[2021-12-25 12:59:10,132] {spark_submit.py:514} INFO - WARNING: An illegal reflective access operation has occurred
[2021-12-25 12:59:10,134] {spark_submit.py:514} INFO - WARNING: Illegal reflective access by org.apache.spark.unsafe.Platform (file:/home/***/.local/lib/python3.6/site-packages/pyspark/jars/spark-unsafe_2.12-3.2.0.jar) to constructor java.nio.DirectByteBuffer(long,int)
[2021-12-25 12:59:10,138] {spark_submit.py:514} INFO - WARNING: Please consider reporting this to the maintainers of org.apache.spark.unsafe.Platform
[2021-12-25 12:59:10,143] {spark_submit.py:514} INFO - WARNING: Use --illegal-access=warn to enable warnings of further illegal reflective access operations
[2021-12-25 12:59:10,144] {spark_submit.py:514} INFO - WARNING: All illegal access operations will be denied in a future release
[2021-12-25 12:59:10,670] {spark_submit.py:514} INFO - Parsed arguments:
[2021-12-25 12:59:10,672] {spark_submit.py:514} INFO - master                  spark://spark:7077
[2021-12-25 12:59:10,678] {spark_submit.py:514} INFO - deployMode              null
[2021-12-25 12:59:10,680] {spark_submit.py:514} INFO - executorMemory          null
[2021-12-25 12:59:10,683] {spark_submit.py:514} INFO - executorCores           null
[2021-12-25 12:59:10,686] {spark_submit.py:514} INFO - totalExecutorCores      null
[2021-12-25 12:59:10,691] {spark_submit.py:514} INFO - propertiesFile          null
[2021-12-25 12:59:10,695] {spark_submit.py:514} INFO - driverMemory            null
[2021-12-25 12:59:10,697] {spark_submit.py:514} INFO - driverCores             null
[2021-12-25 12:59:10,700] {spark_submit.py:514} INFO - driverExtraClassPath    null
[2021-12-25 12:59:10,704] {spark_submit.py:514} INFO - driverExtraLibraryPath  null
[2021-12-25 12:59:10,711] {spark_submit.py:514} INFO - driverExtraJavaOptions  null
[2021-12-25 12:59:10,716] {spark_submit.py:514} INFO - supervise               false
[2021-12-25 12:59:10,719] {spark_submit.py:514} INFO - queue                   null
[2021-12-25 12:59:10,722] {spark_submit.py:514} INFO - numExecutors            null
[2021-12-25 12:59:10,724] {spark_submit.py:514} INFO - files                   null
[2021-12-25 12:59:10,725] {spark_submit.py:514} INFO - pyFiles                 null
[2021-12-25 12:59:10,732] {spark_submit.py:514} INFO - archives                null
[2021-12-25 12:59:10,734] {spark_submit.py:514} INFO - mainClass               null
[2021-12-25 12:59:10,736] {spark_submit.py:514} INFO - primaryResource         file:/opt/***/jobs/persist_db.py
[2021-12-25 12:59:10,740] {spark_submit.py:514} INFO - name                    persist data
[2021-12-25 12:59:10,741] {spark_submit.py:514} INFO - childArgs               [kilkenny]
[2021-12-25 12:59:10,744] {spark_submit.py:514} INFO - jars                    null
[2021-12-25 12:59:10,746] {spark_submit.py:514} INFO - packages                null
[2021-12-25 12:59:10,751] {spark_submit.py:514} INFO - packagesExclusions      null
[2021-12-25 12:59:10,755] {spark_submit.py:514} INFO - repositories            null
[2021-12-25 12:59:10,758] {spark_submit.py:514} INFO - verbose                 true
[2021-12-25 12:59:10,762] {spark_submit.py:514} INFO - 
[2021-12-25 12:59:10,764] {spark_submit.py:514} INFO - Spark properties used, including those specified through
[2021-12-25 12:59:10,766] {spark_submit.py:514} INFO - --conf and those from the properties file null:
[2021-12-25 12:59:10,769] {spark_submit.py:514} INFO - (spark.master,spark://spark:7077)
[2021-12-25 12:59:10,771] {spark_submit.py:514} INFO - 
[2021-12-25 12:59:10,781] {spark_submit.py:514} INFO - 
[2021-12-25 12:59:13,190] {spark_submit.py:514} INFO - Main class:
[2021-12-25 12:59:13,192] {spark_submit.py:514} INFO - org.apache.spark.deploy.PythonRunner
[2021-12-25 12:59:13,194] {spark_submit.py:514} INFO - Arguments:
[2021-12-25 12:59:13,195] {spark_submit.py:514} INFO - file:/opt/***/jobs/persist_db.py
[2021-12-25 12:59:13,198] {spark_submit.py:514} INFO - null
[2021-12-25 12:59:13,199] {spark_submit.py:514} INFO - kilkenny
[2021-12-25 12:59:13,200] {spark_submit.py:514} INFO - --verbose
[2021-12-25 12:59:13,208] {spark_submit.py:514} INFO - Spark config:
[2021-12-25 12:59:13,211] {spark_submit.py:514} INFO - (spark.master,spark://spark:7077)
[2021-12-25 12:59:13,212] {spark_submit.py:514} INFO - (spark.app.name,persist data)
[2021-12-25 12:59:13,214] {spark_submit.py:514} INFO - (spark.submit.pyFiles,)
[2021-12-25 12:59:13,215] {spark_submit.py:514} INFO - (spark.submit.deployMode,client)
[2021-12-25 12:59:13,216] {spark_submit.py:514} INFO - Classpath elements:
[2021-12-25 12:59:13,217] {spark_submit.py:514} INFO - 
[2021-12-25 12:59:13,218] {spark_submit.py:514} INFO - 
[2021-12-25 12:59:13,219] {spark_submit.py:514} INFO - 
[2021-12-25 12:59:26,305] {spark_submit.py:514} INFO - Using Spark's default log4j profile: org/apache/spark/log4j-defaults.properties
[2021-12-25 12:59:26,474] {spark_submit.py:514} INFO - 21/12/25 12:59:26 INFO SparkContext: Running Spark version 3.2.0
[2021-12-25 12:59:27,258] {spark_submit.py:514} INFO - 21/12/25 12:59:27 WARN NativeCodeLoader: Unable to load native-hadoop library for your platform... using builtin-java classes where applicable
[2021-12-25 12:59:30,554] {spark_submit.py:514} INFO - 21/12/25 12:59:30 INFO ResourceUtils: ==============================================================
[2021-12-25 12:59:30,560] {spark_submit.py:514} INFO - 21/12/25 12:59:30 INFO ResourceUtils: No custom resources configured for spark.driver.
[2021-12-25 12:59:30,570] {spark_submit.py:514} INFO - 21/12/25 12:59:30 INFO ResourceUtils: ==============================================================
[2021-12-25 12:59:30,580] {spark_submit.py:514} INFO - 21/12/25 12:59:30 INFO SparkContext: Submitted application: Persist DB
[2021-12-25 12:59:30,819] {spark_submit.py:514} INFO - 21/12/25 12:59:30 INFO ResourceProfile: Default ResourceProfile created, executor resources: Map(cores -> name: cores, amount: 1, script: , vendor: , memory -> name: memory, amount: 1024, script: , vendor: , offHeap -> name: offHeap, amount: 0, script: , vendor: ), task resources: Map(cpus -> name: cpus, amount: 1.0)
[2021-12-25 12:59:30,948] {spark_submit.py:514} INFO - 21/12/25 12:59:30 INFO ResourceProfile: Limiting resource is cpu
[2021-12-25 12:59:30,968] {spark_submit.py:514} INFO - 21/12/25 12:59:30 INFO ResourceProfileManager: Added ResourceProfile id: 0
[2021-12-25 12:59:32,256] {spark_submit.py:514} INFO - 21/12/25 12:59:32 INFO SecurityManager: Changing view acls to: ***
[2021-12-25 12:59:32,272] {spark_submit.py:514} INFO - 21/12/25 12:59:32 INFO SecurityManager: Changing modify acls to: ***
[2021-12-25 12:59:32,275] {spark_submit.py:514} INFO - 21/12/25 12:59:32 INFO SecurityManager: Changing view acls groups to:
[2021-12-25 12:59:32,277] {spark_submit.py:514} INFO - 21/12/25 12:59:32 INFO SecurityManager: Changing modify acls groups to:
[2021-12-25 12:59:32,279] {spark_submit.py:514} INFO - 21/12/25 12:59:32 INFO SecurityManager: SecurityManager: authentication disabled; ui acls disabled; users  with view permissions: Set(***); groups with view permissions: Set(); users  with modify permissions: Set(***); groups with modify permissions: Set()
[2021-12-25 12:59:37,476] {spark_submit.py:514} INFO - 21/12/25 12:59:37 INFO Utils: Successfully started service 'sparkDriver' on port 44903.
[2021-12-25 12:59:37,941] {spark_submit.py:514} INFO - 21/12/25 12:59:37 INFO SparkEnv: Registering MapOutputTracker
[2021-12-25 12:59:38,654] {spark_submit.py:514} INFO - 21/12/25 12:59:38 INFO SparkEnv: Registering BlockManagerMaster
[2021-12-25 12:59:39,117] {spark_submit.py:514} INFO - 21/12/25 12:59:39 INFO BlockManagerMasterEndpoint: Using org.apache.spark.storage.DefaultTopologyMapper for getting topology information
[2021-12-25 12:59:39,118] {spark_submit.py:514} INFO - 21/12/25 12:59:39 INFO BlockManagerMasterEndpoint: BlockManagerMasterEndpoint up
[2021-12-25 12:59:39,142] {spark_submit.py:514} INFO - 21/12/25 12:59:39 INFO SparkEnv: Registering BlockManagerMasterHeartbeat
[2021-12-25 12:59:39,244] {spark_submit.py:514} INFO - 21/12/25 12:59:39 INFO DiskBlockManager: Created local directory at /tmp/blockmgr-e5a14db5-8356-4846-8b2e-52e92f923696
[2021-12-25 12:59:39,464] {spark_submit.py:514} INFO - 21/12/25 12:59:39 INFO MemoryStore: MemoryStore started with capacity 434.4 MiB
[2021-12-25 12:59:39,647] {spark_submit.py:514} INFO - 21/12/25 12:59:39 INFO SparkEnv: Registering OutputCommitCoordinator
[2021-12-25 12:59:43,850] {spark_submit.py:514} INFO - 21/12/25 12:59:43 WARN Utils: Service 'SparkUI' could not bind on port 4040. Attempting port 4041.
[2021-12-25 12:59:43,852] {spark_submit.py:514} INFO - 21/12/25 12:59:43 WARN Utils: Service 'SparkUI' could not bind on port 4041. Attempting port 4042.
[2021-12-25 12:59:43,862] {spark_submit.py:514} INFO - 21/12/25 12:59:43 WARN Utils: Service 'SparkUI' could not bind on port 4042. Attempting port 4043.
[2021-12-25 12:59:43,875] {spark_submit.py:514} INFO - 21/12/25 12:59:43 WARN Utils: Service 'SparkUI' could not bind on port 4043. Attempting port 4044.
[2021-12-25 12:59:44,090] {spark_submit.py:514} INFO - 21/12/25 12:59:44 INFO Utils: Successfully started service 'SparkUI' on port 4044.
[2021-12-25 12:59:45,025] {spark_submit.py:514} INFO - 21/12/25 12:59:45 INFO SparkUI: Bound SparkUI to 0.0.0.0, and started at http://dd6c6a1cba03:4044
[2021-12-25 12:59:49,042] {spark_submit.py:514} INFO - 21/12/25 12:59:49 INFO StandaloneAppClient$ClientEndpoint: Connecting to master spark://spark:7077...
[2021-12-25 12:59:50,038] {spark_submit.py:514} INFO - 21/12/25 12:59:50 INFO TransportClientFactory: Successfully created connection to spark/172.21.0.4:7077 after 426 ms (0 ms spent in bootstraps)
[2021-12-25 12:59:50,901] {spark_submit.py:514} INFO - 21/12/25 12:59:50 INFO StandaloneSchedulerBackend: Connected to Spark cluster with app ID app-20211225125950-0130
[2021-12-25 12:59:50,945] {spark_submit.py:514} INFO - 21/12/25 12:59:50 INFO Utils: Successfully started service 'org.apache.spark.network.netty.NettyBlockTransferService' on port 44905.
[2021-12-25 12:59:50,946] {spark_submit.py:514} INFO - 21/12/25 12:59:50 INFO NettyBlockTransferService: Server created on dd6c6a1cba03:44905
[2021-12-25 12:59:50,968] {spark_submit.py:514} INFO - 21/12/25 12:59:50 INFO BlockManager: Using org.apache.spark.storage.RandomBlockReplicationPolicy for block replication policy
[2021-12-25 12:59:51,053] {spark_submit.py:514} INFO - 21/12/25 12:59:51 INFO BlockManagerMaster: Registering BlockManager BlockManagerId(driver, dd6c6a1cba03, 44905, None)
[2021-12-25 12:59:51,075] {spark_submit.py:514} INFO - 21/12/25 12:59:51 INFO BlockManagerMasterEndpoint: Registering block manager dd6c6a1cba03:44905 with 434.4 MiB RAM, BlockManagerId(driver, dd6c6a1cba03, 44905, None)
[2021-12-25 12:59:51,081] {spark_submit.py:514} INFO - 21/12/25 12:59:51 INFO BlockManagerMaster: Registered BlockManager BlockManagerId(driver, dd6c6a1cba03, 44905, None)
[2021-12-25 12:59:51,083] {spark_submit.py:514} INFO - 21/12/25 12:59:51 INFO BlockManager: Initialized BlockManager: BlockManagerId(driver, dd6c6a1cba03, 44905, None)
[2021-12-25 12:59:54,235] {spark_submit.py:514} INFO - 21/12/25 12:59:54 INFO StandaloneSchedulerBackend: SchedulerBackend is ready for scheduling beginning after reached minRegisteredResourcesRatio: 0.0
[2021-12-25 12:59:54,614] {spark_submit.py:514} INFO - /home/***/.local/lib/python3.6/site-packages/pyspark/python/lib/pyspark.zip/pyspark/context.py:238: FutureWarning: Python 3.6 support is deprecated in Spark 3.2.
[2021-12-25 12:59:54,615] {spark_submit.py:514} INFO - FutureWarning
[2021-12-25 12:59:57,424] {spark_submit.py:514} INFO - 21/12/25 12:59:57 INFO SharedState: Setting hive.metastore.warehouse.dir ('null') to the value of spark.sql.warehouse.dir.
[2021-12-25 12:59:57,969] {spark_submit.py:514} INFO - 21/12/25 12:59:57 INFO SharedState: Warehouse path is 'file:/opt/***/spark-warehouse'.
[2021-12-25 13:00:10,081] {spark_submit.py:514} INFO - 21/12/25 13:00:10 INFO SparkContext: Invoking stop() from shutdown hook
[2021-12-25 13:00:10,546] {spark_submit.py:514} INFO - 21/12/25 13:00:10 INFO SparkUI: Stopped Spark web UI at http://dd6c6a1cba03:4044
[2021-12-25 13:00:10,642] {spark_submit.py:514} INFO - 21/12/25 13:00:10 INFO StandaloneSchedulerBackend: Shutting down all executors
[2021-12-25 13:00:10,732] {spark_submit.py:514} INFO - 21/12/25 13:00:10 INFO CoarseGrainedSchedulerBackend$DriverEndpoint: Asking each executor to shut down
[2021-12-25 13:00:10,890] {spark_submit.py:514} INFO - 21/12/25 13:00:10 INFO MapOutputTrackerMasterEndpoint: MapOutputTrackerMasterEndpoint stopped!
[2021-12-25 13:00:11,195] {spark_submit.py:514} INFO - 21/12/25 13:00:11 INFO MemoryStore: MemoryStore cleared
[2021-12-25 13:00:11,207] {spark_submit.py:514} INFO - 21/12/25 13:00:11 INFO BlockManager: BlockManager stopped
[2021-12-25 13:00:11,228] {spark_submit.py:514} INFO - 21/12/25 13:00:11 INFO BlockManagerMaster: BlockManagerMaster stopped
[2021-12-25 13:00:11,272] {spark_submit.py:514} INFO - 21/12/25 13:00:11 INFO OutputCommitCoordinator$OutputCommitCoordinatorEndpoint: OutputCommitCoordinator stopped!
[2021-12-25 13:00:11,510] {spark_submit.py:514} INFO - 21/12/25 13:00:11 INFO SparkContext: Successfully stopped SparkContext
[2021-12-25 13:00:11,520] {spark_submit.py:514} INFO - 21/12/25 13:00:11 INFO ShutdownHookManager: Shutdown hook called
[2021-12-25 13:00:11,529] {spark_submit.py:514} INFO - 21/12/25 13:00:11 INFO ShutdownHookManager: Deleting directory /tmp/spark-3ef8e6d0-c54e-4143-a9d4-201fce40a769/pyspark-576fdee1-98b5-44a1-b638-2f0fcc25ec41
[2021-12-25 13:00:11,552] {spark_submit.py:514} INFO - 21/12/25 13:00:11 INFO ShutdownHookManager: Deleting directory /tmp/spark-3ef8e6d0-c54e-4143-a9d4-201fce40a769
[2021-12-25 13:00:11,586] {spark_submit.py:514} INFO - 21/12/25 13:00:11 INFO ShutdownHookManager: Deleting directory /tmp/spark-94963b92-82a2-4f09-9a74-df1c57b89bd1
[2021-12-25 13:00:12,863] {taskinstance.py:1280} INFO - Marking task as SUCCESS. dag_id=scraping_daft_kilkenny, task_id=persist_data, execution_date=20211224T095000, start_date=20211225T125848, end_date=20211225T130012
[2021-12-25 13:00:12,976] {local_task_job.py:154} INFO - Task exited with return code 0
[2021-12-25 13:00:13,181] {local_task_job.py:264} INFO - 1 downstream tasks scheduled from follow-on schedule check
