[2021-12-10 08:42:48,014] {taskinstance.py:1035} INFO - Dependencies all met for <TaskInstance: scraping_daft_mayo.run_init_county scheduled__2021-12-09T04:00:00+00:00 [queued]>
[2021-12-10 08:42:48,141] {taskinstance.py:1035} INFO - Dependencies all met for <TaskInstance: scraping_daft_mayo.run_init_county scheduled__2021-12-09T04:00:00+00:00 [queued]>
[2021-12-10 08:42:48,159] {taskinstance.py:1241} INFO - 
--------------------------------------------------------------------------------
[2021-12-10 08:42:48,167] {taskinstance.py:1242} INFO - Starting attempt 1 of 3
[2021-12-10 08:42:48,180] {taskinstance.py:1243} INFO - 
--------------------------------------------------------------------------------
[2021-12-10 08:42:48,314] {taskinstance.py:1262} INFO - Executing <Task(_PythonDecoratedOperator): run_init_county> on 2021-12-09 04:00:00+00:00
[2021-12-10 08:42:48,346] {standard_task_runner.py:52} INFO - Started process 24662 to run task
[2021-12-10 08:42:48,450] {standard_task_runner.py:76} INFO - Running: ['***', 'tasks', 'run', 'scraping_daft_mayo', 'run_init_county', 'scheduled__2021-12-09T04:00:00+00:00', '--job-id', '925', '--raw', '--subdir', 'DAGS_FOLDER/scraping_daft_mayo.py', '--cfg-path', '/tmp/tmpkbgtgoic', '--error-file', '/tmp/tmpix1yyrwo']
[2021-12-10 08:42:48,465] {standard_task_runner.py:77} INFO - Job 925: Subtask run_init_county
[2021-12-10 08:42:49,443] {logging_mixin.py:109} INFO - Running <TaskInstance: scraping_daft_mayo.run_init_county scheduled__2021-12-09T04:00:00+00:00 [running]> on host 041e6f8654c3
[2021-12-10 08:42:50,441] {taskinstance.py:1429} INFO - Exporting the following env vars:
AIRFLOW_CTX_DAG_EMAIL=***@example.com
AIRFLOW_CTX_DAG_OWNER=clemoni
AIRFLOW_CTX_DAG_ID=scraping_daft_mayo
AIRFLOW_CTX_TASK_ID=run_init_county
AIRFLOW_CTX_EXECUTION_DATE=2021-12-09T04:00:00+00:00
AIRFLOW_CTX_DAG_RUN_ID=scheduled__2021-12-09T04:00:00+00:00
[2021-12-10 08:42:50,622] {python.py:152} INFO - Done. Returned value was: None
[2021-12-10 08:42:50,995] {taskinstance.py:1280} INFO - Marking task as SUCCESS. dag_id=scraping_daft_mayo, task_id=run_init_county, execution_date=20211209T040000, start_date=20211210T084248, end_date=20211210T084250
[2021-12-10 08:42:51,103] {local_task_job.py:154} INFO - Task exited with return code 0
[2021-12-10 08:42:51,924] {local_task_job.py:264} INFO - 1 downstream tasks scheduled from follow-on schedule check
