[2021-12-29 14:21:05,026] {taskinstance.py:1035} INFO - Dependencies all met for <TaskInstance: scraping_daft_kildare.get_reporting scheduled__2021-12-28T09:45:00+00:00 [queued]>
[2021-12-29 14:21:05,047] {taskinstance.py:1035} INFO - Dependencies all met for <TaskInstance: scraping_daft_kildare.get_reporting scheduled__2021-12-28T09:45:00+00:00 [queued]>
[2021-12-29 14:21:05,048] {taskinstance.py:1241} INFO - 
--------------------------------------------------------------------------------
[2021-12-29 14:21:05,048] {taskinstance.py:1242} INFO - Starting attempt 1 of 4
[2021-12-29 14:21:05,049] {taskinstance.py:1243} INFO - 
--------------------------------------------------------------------------------
[2021-12-29 14:21:05,066] {taskinstance.py:1262} INFO - Executing <Task(_PythonDecoratedOperator): get_reporting> on 2021-12-28 09:45:00+00:00
[2021-12-29 14:21:05,079] {standard_task_runner.py:76} INFO - Running: ['***', 'tasks', 'run', 'scraping_daft_kildare', 'get_reporting', 'scheduled__2021-12-28T09:45:00+00:00', '--job-id', '5422', '--raw', '--subdir', 'DAGS_FOLDER/scraping_daft_kildare.py', '--cfg-path', '/tmp/tmpr_w_c5i9', '--error-file', '/tmp/tmpho00ap2x']
[2021-12-29 14:21:05,081] {standard_task_runner.py:77} INFO - Job 5422: Subtask get_reporting
[2021-12-29 14:21:05,075] {standard_task_runner.py:52} INFO - Started process 2407 to run task
[2021-12-29 14:21:05,171] {logging_mixin.py:109} INFO - Running <TaskInstance: scraping_daft_kildare.get_reporting scheduled__2021-12-28T09:45:00+00:00 [running]> on host bb41737934b2
[2021-12-29 14:21:05,297] {taskinstance.py:1429} INFO - Exporting the following env vars:
AIRFLOW_CTX_DAG_EMAIL=clement.liscoet@gmail.com
AIRFLOW_CTX_DAG_OWNER=clemoni
AIRFLOW_CTX_DAG_ID=scraping_daft_kildare
AIRFLOW_CTX_TASK_ID=get_reporting
AIRFLOW_CTX_EXECUTION_DATE=2021-12-28T09:45:00+00:00
AIRFLOW_CTX_DAG_RUN_ID=scheduled__2021-12-28T09:45:00+00:00
[2021-12-29 14:21:05,318] {logging_mixin.py:109} INFO - kildare
[2021-12-29 14:21:05,345] {base.py:79} INFO - Using connection to: id: postgres_db. Host: postgres, Port: 5432, Schema: scraping_daft, Login: ***, Password: ***, extra: {}
[2021-12-29 14:21:05,396] {python.py:152} INFO - Done. Returned value was: None
[2021-12-29 14:21:05,437] {taskinstance.py:1280} INFO - Marking task as SUCCESS. dag_id=scraping_daft_kildare, task_id=get_reporting, execution_date=20211228T094500, start_date=20211229T142105, end_date=20211229T142105
[2021-12-29 14:21:05,459] {local_task_job.py:154} INFO - Task exited with return code 0
[2021-12-29 14:21:05,557] {local_task_job.py:264} INFO - 1 downstream tasks scheduled from follow-on schedule check
