[2021-12-27 11:33:41,706] {taskinstance.py:1035} INFO - Dependencies all met for <TaskInstance: scraping_daft_meath.scrap_data scheduled__2021-12-26T10:25:00+00:00 [queued]>
[2021-12-27 11:33:42,029] {taskinstance.py:1035} INFO - Dependencies all met for <TaskInstance: scraping_daft_meath.scrap_data scheduled__2021-12-26T10:25:00+00:00 [queued]>
[2021-12-27 11:33:42,036] {taskinstance.py:1241} INFO - 
--------------------------------------------------------------------------------
[2021-12-27 11:33:42,038] {taskinstance.py:1242} INFO - Starting attempt 1 of 4
[2021-12-27 11:33:42,040] {taskinstance.py:1243} INFO - 
--------------------------------------------------------------------------------
[2021-12-27 11:33:42,264] {taskinstance.py:1262} INFO - Executing <Task(SparkSubmitOperator): scrap_data> on 2021-12-26 10:25:00+00:00
[2021-12-27 11:33:42,484] {standard_task_runner.py:76} INFO - Running: ['***', 'tasks', 'run', 'scraping_daft_meath', 'scrap_data', 'scheduled__2021-12-26T10:25:00+00:00', '--job-id', '4816', '--raw', '--subdir', 'DAGS_FOLDER/scraping_daft_meath.py', '--cfg-path', '/tmp/tmpi_9vclci', '--error-file', '/tmp/tmps56m986i']
[2021-12-27 11:33:42,551] {standard_task_runner.py:77} INFO - Job 4816: Subtask scrap_data
[2021-12-27 11:33:42,446] {standard_task_runner.py:52} INFO - Started process 500 to run task
[2021-12-27 11:33:43,445] {logging_mixin.py:109} INFO - Running <TaskInstance: scraping_daft_meath.scrap_data scheduled__2021-12-26T10:25:00+00:00 [running]> on host 0c125a5bba95
[2021-12-27 11:33:44,908] {taskinstance.py:1429} INFO - Exporting the following env vars:
AIRFLOW_CTX_DAG_EMAIL=clement.liscoet@gmail.com
AIRFLOW_CTX_DAG_OWNER=clemoni
AIRFLOW_CTX_DAG_ID=scraping_daft_meath
AIRFLOW_CTX_TASK_ID=scrap_data
AIRFLOW_CTX_EXECUTION_DATE=2021-12-26T10:25:00+00:00
AIRFLOW_CTX_DAG_RUN_ID=scheduled__2021-12-26T10:25:00+00:00
[2021-12-27 11:33:45,137] {base.py:79} INFO - Using connection to: id: spark_default. Host: spark://spark:7077, Port: None, Schema: , Login: ***, Password: ***, extra: {}
[2021-12-27 11:33:45,143] {spark_submit.py:360} INFO - Spark-Submit cmd: spark-submit --master spark://spark:7077 --conf spark.master=spark://spark:7077 --name scrap data --verbose /opt/***/jobs/get_ads_per_county.py meath
[2021-12-27 11:34:36,847] {spark_submit.py:514} INFO - Using properties file: null
[2021-12-27 11:34:37,978] {spark_submit.py:514} INFO - WARNING: An illegal reflective access operation has occurred
[2021-12-27 11:34:37,981] {spark_submit.py:514} INFO - WARNING: Illegal reflective access by org.apache.spark.unsafe.Platform (file:/home/***/.local/lib/python3.6/site-packages/pyspark/jars/spark-unsafe_2.12-3.2.0.jar) to constructor java.nio.DirectByteBuffer(long,int)
[2021-12-27 11:34:38,024] {spark_submit.py:514} INFO - WARNING: Please consider reporting this to the maintainers of org.apache.spark.unsafe.Platform
[2021-12-27 11:34:38,025] {spark_submit.py:514} INFO - WARNING: Use --illegal-access=warn to enable warnings of further illegal reflective access operations
[2021-12-27 11:34:38,052] {spark_submit.py:514} INFO - WARNING: All illegal access operations will be denied in a future release
[2021-12-27 11:34:38,364] {spark_submit.py:514} INFO - Parsed arguments:
[2021-12-27 11:34:38,373] {spark_submit.py:514} INFO - master                  spark://spark:7077
[2021-12-27 11:34:38,382] {spark_submit.py:514} INFO - deployMode              null
[2021-12-27 11:34:38,393] {spark_submit.py:514} INFO - executorMemory          null
[2021-12-27 11:34:38,400] {spark_submit.py:514} INFO - executorCores           null
[2021-12-27 11:34:38,404] {spark_submit.py:514} INFO - totalExecutorCores      null
[2021-12-27 11:34:38,435] {spark_submit.py:514} INFO - propertiesFile          null
[2021-12-27 11:34:38,447] {spark_submit.py:514} INFO - driverMemory            null
[2021-12-27 11:34:38,498] {spark_submit.py:514} INFO - driverCores             null
[2021-12-27 11:34:38,508] {spark_submit.py:514} INFO - driverExtraClassPath    null
[2021-12-27 11:34:38,514] {spark_submit.py:514} INFO - driverExtraLibraryPath  null
[2021-12-27 11:34:38,524] {spark_submit.py:514} INFO - driverExtraJavaOptions  null
[2021-12-27 11:34:38,526] {spark_submit.py:514} INFO - supervise               false
[2021-12-27 11:34:38,528] {spark_submit.py:514} INFO - queue                   null
[2021-12-27 11:34:38,530] {spark_submit.py:514} INFO - numExecutors            null
[2021-12-27 11:34:38,536] {spark_submit.py:514} INFO - files                   null
[2021-12-27 11:34:38,538] {spark_submit.py:514} INFO - pyFiles                 null
[2021-12-27 11:34:38,541] {spark_submit.py:514} INFO - archives                null
[2021-12-27 11:34:38,544] {spark_submit.py:514} INFO - mainClass               null
[2021-12-27 11:34:38,548] {spark_submit.py:514} INFO - primaryResource         file:/opt/***/jobs/get_ads_per_county.py
[2021-12-27 11:34:38,559] {spark_submit.py:514} INFO - name                    scrap data
[2021-12-27 11:34:38,563] {spark_submit.py:514} INFO - childArgs               [meath]
[2021-12-27 11:34:38,566] {spark_submit.py:514} INFO - jars                    null
[2021-12-27 11:34:38,571] {spark_submit.py:514} INFO - packages                null
[2021-12-27 11:34:38,573] {spark_submit.py:514} INFO - packagesExclusions      null
[2021-12-27 11:34:38,582] {spark_submit.py:514} INFO - repositories            null
[2021-12-27 11:34:38,585] {spark_submit.py:514} INFO - verbose                 true
[2021-12-27 11:34:38,589] {spark_submit.py:514} INFO - 
[2021-12-27 11:34:38,592] {spark_submit.py:514} INFO - Spark properties used, including those specified through
[2021-12-27 11:34:38,600] {spark_submit.py:514} INFO - --conf and those from the properties file null:
[2021-12-27 11:34:38,608] {spark_submit.py:514} INFO - (spark.master,spark://spark:7077)
[2021-12-27 11:34:38,614] {spark_submit.py:514} INFO - 
[2021-12-27 11:34:38,619] {spark_submit.py:514} INFO - 
[2021-12-27 11:34:41,152] {spark_submit.py:514} INFO - Main class:
[2021-12-27 11:34:41,154] {spark_submit.py:514} INFO - org.apache.spark.deploy.PythonRunner
[2021-12-27 11:34:41,155] {spark_submit.py:514} INFO - Arguments:
[2021-12-27 11:34:41,157] {spark_submit.py:514} INFO - file:/opt/***/jobs/get_ads_per_county.py
[2021-12-27 11:34:41,159] {spark_submit.py:514} INFO - null
[2021-12-27 11:34:41,161] {spark_submit.py:514} INFO - meath
[2021-12-27 11:34:41,166] {spark_submit.py:514} INFO - --verbose
[2021-12-27 11:34:41,168] {spark_submit.py:514} INFO - Spark config:
[2021-12-27 11:34:41,170] {spark_submit.py:514} INFO - (spark.app.name,scrap data)
[2021-12-27 11:34:41,171] {spark_submit.py:514} INFO - (spark.master,spark://spark:7077)
[2021-12-27 11:34:41,172] {spark_submit.py:514} INFO - (spark.submit.pyFiles,)
[2021-12-27 11:34:41,174] {spark_submit.py:514} INFO - (spark.submit.deployMode,client)
[2021-12-27 11:34:41,176] {spark_submit.py:514} INFO - Classpath elements:
[2021-12-27 11:34:41,177] {spark_submit.py:514} INFO - 
[2021-12-27 11:34:41,179] {spark_submit.py:514} INFO - 
[2021-12-27 11:34:41,181] {spark_submit.py:514} INFO - 
[2021-12-27 11:35:17,264] {spark_submit.py:514} INFO - Using Spark's default log4j profile: org/apache/spark/log4j-defaults.properties
[2021-12-27 11:35:17,349] {spark_submit.py:514} INFO - 21/12/27 11:35:17 INFO SparkContext: Running Spark version 3.2.0
[2021-12-27 11:35:19,226] {spark_submit.py:514} INFO - 21/12/27 11:35:19 WARN NativeCodeLoader: Unable to load native-hadoop library for your platform... using builtin-java classes where applicable
[2021-12-27 11:35:24,942] {spark_submit.py:514} INFO - 21/12/27 11:35:24 INFO ResourceUtils: ==============================================================
[2021-12-27 11:35:24,945] {spark_submit.py:514} INFO - 21/12/27 11:35:24 INFO ResourceUtils: No custom resources configured for spark.driver.
[2021-12-27 11:35:24,950] {spark_submit.py:514} INFO - 21/12/27 11:35:24 INFO ResourceUtils: ==============================================================
[2021-12-27 11:35:24,951] {spark_submit.py:514} INFO - 21/12/27 11:35:24 INFO SparkContext: Submitted application: Get Ads per county
[2021-12-27 11:35:25,366] {spark_submit.py:514} INFO - 21/12/27 11:35:25 INFO ResourceProfile: Default ResourceProfile created, executor resources: Map(cores -> name: cores, amount: 1, script: , vendor: , memory -> name: memory, amount: 1024, script: , vendor: , offHeap -> name: offHeap, amount: 0, script: , vendor: ), task resources: Map(cpus -> name: cpus, amount: 1.0)
[2021-12-27 11:35:25,465] {spark_submit.py:514} INFO - 21/12/27 11:35:25 INFO ResourceProfile: Limiting resource is cpu
[2021-12-27 11:35:25,526] {spark_submit.py:514} INFO - 21/12/27 11:35:25 INFO ResourceProfileManager: Added ResourceProfile id: 0
[2021-12-27 11:35:26,307] {spark_submit.py:514} INFO - 21/12/27 11:35:26 INFO SecurityManager: Changing view acls to: ***
[2021-12-27 11:35:26,352] {spark_submit.py:514} INFO - 21/12/27 11:35:26 INFO SecurityManager: Changing modify acls to: ***
[2021-12-27 11:35:26,382] {spark_submit.py:514} INFO - 21/12/27 11:35:26 INFO SecurityManager: Changing view acls groups to:
[2021-12-27 11:35:26,401] {spark_submit.py:514} INFO - 21/12/27 11:35:26 INFO SecurityManager: Changing modify acls groups to:
[2021-12-27 11:35:26,413] {spark_submit.py:514} INFO - 21/12/27 11:35:26 INFO SecurityManager: SecurityManager: authentication disabled; ui acls disabled; users  with view permissions: Set(***); groups with view permissions: Set(); users  with modify permissions: Set(***); groups with modify permissions: Set()
[2021-12-27 11:35:29,502] {spark_submit.py:514} INFO - 21/12/27 11:35:29 INFO Utils: Successfully started service 'sparkDriver' on port 34657.
[2021-12-27 11:35:30,102] {spark_submit.py:514} INFO - 21/12/27 11:35:30 INFO SparkEnv: Registering MapOutputTracker
[2021-12-27 11:35:30,715] {spark_submit.py:514} INFO - 21/12/27 11:35:30 INFO SparkEnv: Registering BlockManagerMaster
[2021-12-27 11:35:30,854] {spark_submit.py:514} INFO - 21/12/27 11:35:30 INFO BlockManagerMasterEndpoint: Using org.apache.spark.storage.DefaultTopologyMapper for getting topology information
[2021-12-27 11:35:30,856] {spark_submit.py:514} INFO - 21/12/27 11:35:30 INFO BlockManagerMasterEndpoint: BlockManagerMasterEndpoint up
[2021-12-27 11:35:30,915] {spark_submit.py:514} INFO - 21/12/27 11:35:30 INFO SparkEnv: Registering BlockManagerMasterHeartbeat
[2021-12-27 11:35:31,345] {spark_submit.py:514} INFO - 21/12/27 11:35:31 INFO DiskBlockManager: Created local directory at /tmp/blockmgr-9db7a6d0-17ca-4666-828f-e9695d3f4a8e
[2021-12-27 11:35:31,993] {spark_submit.py:514} INFO - 21/12/27 11:35:31 INFO MemoryStore: MemoryStore started with capacity 434.4 MiB
[2021-12-27 11:35:32,249] {spark_submit.py:514} INFO - 21/12/27 11:35:32 INFO SparkEnv: Registering OutputCommitCoordinator
[2021-12-27 11:35:49,088] {spark_submit.py:514} INFO - 21/12/27 11:35:49 WARN Utils: Service 'SparkUI' could not bind on port 4040. Attempting port 4041.
[2021-12-27 11:35:49,225] {spark_submit.py:514} INFO - 21/12/27 11:35:49 INFO Utils: Successfully started service 'SparkUI' on port 4041.
[2021-12-27 11:35:56,248] {spark_submit.py:514} INFO - 21/12/27 11:35:56 INFO SparkUI: Bound SparkUI to 0.0.0.0, and started at http://0c125a5bba95:4041
[2021-12-27 11:36:35,268] {spark_submit.py:514} INFO - 21/12/27 11:36:35 INFO StandaloneAppClient$ClientEndpoint: Connecting to master spark://spark:7077...
[2021-12-27 11:36:42,186] {spark_submit.py:514} INFO - 21/12/27 11:36:42 INFO TransportClientFactory: Successfully created connection to spark/172.19.0.4:7077 after 1327 ms (0 ms spent in bootstraps)
[2021-12-27 11:36:47,202] {spark_submit.py:514} INFO - 21/12/27 11:36:47 INFO StandaloneSchedulerBackend: Connected to Spark cluster with app ID app-20211227113646-0005
[2021-12-27 11:36:48,044] {spark_submit.py:514} INFO - 21/12/27 11:36:48 INFO Utils: Successfully started service 'org.apache.spark.network.netty.NettyBlockTransferService' on port 34019.
[2021-12-27 11:36:48,047] {spark_submit.py:514} INFO - 21/12/27 11:36:48 INFO NettyBlockTransferService: Server created on 0c125a5bba95:34019
[2021-12-27 11:36:48,686] {spark_submit.py:514} INFO - 21/12/27 11:36:48 INFO BlockManager: Using org.apache.spark.storage.RandomBlockReplicationPolicy for block replication policy
[2021-12-27 11:36:49,421] {spark_submit.py:514} INFO - 21/12/27 11:36:49 INFO BlockManagerMaster: Registering BlockManager BlockManagerId(driver, 0c125a5bba95, 34019, None)
[2021-12-27 11:36:49,764] {spark_submit.py:514} INFO - 21/12/27 11:36:49 INFO BlockManagerMasterEndpoint: Registering block manager 0c125a5bba95:34019 with 434.4 MiB RAM, BlockManagerId(driver, 0c125a5bba95, 34019, None)
[2021-12-27 11:36:50,383] {spark_submit.py:514} INFO - 21/12/27 11:36:50 INFO BlockManagerMaster: Registered BlockManager BlockManagerId(driver, 0c125a5bba95, 34019, None)
[2021-12-27 11:36:50,386] {spark_submit.py:514} INFO - 21/12/27 11:36:50 INFO BlockManager: Initialized BlockManager: BlockManagerId(driver, 0c125a5bba95, 34019, None)
[2021-12-27 11:37:25,061] {taskinstance.py:1703} ERROR - Task failed with exception
Traceback (most recent call last):
  File "/home/airflow/.local/lib/python3.6/site-packages/airflow/models/taskinstance.py", line 1332, in _run_raw_task
    self._execute_task_with_callbacks(context)
  File "/home/airflow/.local/lib/python3.6/site-packages/airflow/models/taskinstance.py", line 1458, in _execute_task_with_callbacks
    result = self._execute_task(context, self.task)
  File "/home/airflow/.local/lib/python3.6/site-packages/airflow/models/taskinstance.py", line 1514, in _execute_task
    result = execute_callable(context=context)
  File "/home/airflow/.local/lib/python3.6/site-packages/airflow/providers/apache/spark/operators/spark_submit.py", line 179, in execute
    self._hook.submit(self._application)
  File "/home/airflow/.local/lib/python3.6/site-packages/airflow/providers/apache/spark/hooks/spark_submit.py", line 446, in submit
    f"Cannot execute: {self._mask_cmd(spark_submit_cmd)}. Error code is: {returncode}."
airflow.exceptions.AirflowException: Cannot execute: spark-submit --master spark://spark:7077 --conf spark.master=spark://spark:7077 --name scrap data --verbose /opt/***/jobs/get_ads_per_county.py meath. Error code is: -9.
[2021-12-27 11:37:25,223] {taskinstance.py:1280} INFO - Marking task as UP_FOR_RETRY. dag_id=scraping_daft_meath, task_id=scrap_data, execution_date=20211226T102500, start_date=20211227T113341, end_date=20211227T113725
[2021-12-27 11:37:28,027] {standard_task_runner.py:91} ERROR - Failed to execute job 4816 for task scrap_data
Traceback (most recent call last):
  File "/home/airflow/.local/lib/python3.6/site-packages/airflow/task/task_runner/standard_task_runner.py", line 85, in _start_by_fork
    args.func(args, dag=self.dag)
  File "/home/airflow/.local/lib/python3.6/site-packages/airflow/cli/cli_parser.py", line 48, in command
    return func(*args, **kwargs)
  File "/home/airflow/.local/lib/python3.6/site-packages/airflow/utils/cli.py", line 92, in wrapper
    return f(*args, **kwargs)
  File "/home/airflow/.local/lib/python3.6/site-packages/airflow/cli/commands/task_command.py", line 292, in task_run
    _run_task_by_selected_method(args, dag, ti)
  File "/home/airflow/.local/lib/python3.6/site-packages/airflow/cli/commands/task_command.py", line 107, in _run_task_by_selected_method
    _run_raw_task(args, ti)
  File "/home/airflow/.local/lib/python3.6/site-packages/airflow/cli/commands/task_command.py", line 184, in _run_raw_task
    error_file=args.error_file,
  File "/home/airflow/.local/lib/python3.6/site-packages/airflow/utils/session.py", line 70, in wrapper
    return func(*args, session=session, **kwargs)
  File "/home/airflow/.local/lib/python3.6/site-packages/airflow/models/taskinstance.py", line 1332, in _run_raw_task
    self._execute_task_with_callbacks(context)
  File "/home/airflow/.local/lib/python3.6/site-packages/airflow/models/taskinstance.py", line 1458, in _execute_task_with_callbacks
    result = self._execute_task(context, self.task)
  File "/home/airflow/.local/lib/python3.6/site-packages/airflow/models/taskinstance.py", line 1514, in _execute_task
    result = execute_callable(context=context)
  File "/home/airflow/.local/lib/python3.6/site-packages/airflow/providers/apache/spark/operators/spark_submit.py", line 179, in execute
    self._hook.submit(self._application)
  File "/home/airflow/.local/lib/python3.6/site-packages/airflow/providers/apache/spark/hooks/spark_submit.py", line 446, in submit
    f"Cannot execute: {self._mask_cmd(spark_submit_cmd)}. Error code is: {returncode}."
airflow.exceptions.AirflowException: Cannot execute: spark-submit --master spark://spark:7077 --conf spark.master=spark://spark:7077 --name scrap data --verbose /opt/***/jobs/get_ads_per_county.py meath. Error code is: -9.
[2021-12-27 11:37:29,346] {local_task_job.py:154} INFO - Task exited with return code 1
[2021-12-27 11:37:53,110] {local_task_job.py:264} INFO - 0 downstream tasks scheduled from follow-on schedule check
