[2021-12-18 10:23:55,373] {taskinstance.py:1035} INFO - Dependencies all met for <TaskInstance: scraping_daft_mayo.waiting_for_file scheduled__2021-12-17T10:20:00+00:00 [queued]>
[2021-12-18 10:23:55,596] {taskinstance.py:1035} INFO - Dependencies all met for <TaskInstance: scraping_daft_mayo.waiting_for_file scheduled__2021-12-17T10:20:00+00:00 [queued]>
[2021-12-18 10:23:55,598] {taskinstance.py:1241} INFO - 
--------------------------------------------------------------------------------
[2021-12-18 10:23:55,611] {taskinstance.py:1242} INFO - Starting attempt 1 of 4
[2021-12-18 10:23:55,612] {taskinstance.py:1243} INFO - 
--------------------------------------------------------------------------------
[2021-12-18 10:23:55,856] {taskinstance.py:1262} INFO - Executing <Task(FileSensor): waiting_for_file> on 2021-12-17 10:20:00+00:00
[2021-12-18 10:23:56,021] {standard_task_runner.py:76} INFO - Running: ['***', 'tasks', 'run', 'scraping_daft_mayo', 'waiting_for_file', 'scheduled__2021-12-17T10:20:00+00:00', '--job-id', '3007', '--raw', '--subdir', 'DAGS_FOLDER/scraping_daft_mayo.py', '--cfg-path', '/tmp/tmpapo4u611', '--error-file', '/tmp/tmpugpcg85x']
[2021-12-18 10:23:56,039] {standard_task_runner.py:77} INFO - Job 3007: Subtask waiting_for_file
[2021-12-18 10:23:55,926] {standard_task_runner.py:52} INFO - Started process 3244 to run task
[2021-12-18 10:23:56,474] {logging_mixin.py:109} INFO - Running <TaskInstance: scraping_daft_mayo.waiting_for_file scheduled__2021-12-17T10:20:00+00:00 [running]> on host cf1c44b514e9
[2021-12-18 10:23:57,885] {taskinstance.py:1429} INFO - Exporting the following env vars:
AIRFLOW_CTX_DAG_EMAIL=clement.liscoet@gmail.com
AIRFLOW_CTX_DAG_OWNER=clemoni
AIRFLOW_CTX_DAG_ID=scraping_daft_mayo
AIRFLOW_CTX_TASK_ID=waiting_for_file
AIRFLOW_CTX_EXECUTION_DATE=2021-12-17T10:20:00+00:00
AIRFLOW_CTX_DAG_RUN_ID=scheduled__2021-12-17T10:20:00+00:00
[2021-12-18 10:23:58,144] {filesystem.py:59} INFO - Poking for file data/mayo_rent.json
[2021-12-18 10:23:58,158] {filesystem.py:65} INFO - Found File data/mayo_rent.json last modified: 20211218102343
[2021-12-18 10:23:58,167] {base.py:249} INFO - Success criteria met. Exiting.
[2021-12-18 10:23:58,770] {taskinstance.py:1280} INFO - Marking task as SUCCESS. dag_id=scraping_daft_mayo, task_id=waiting_for_file, execution_date=20211217T102000, start_date=20211218T102355, end_date=20211218T102358
[2021-12-18 10:23:58,986] {local_task_job.py:154} INFO - Task exited with return code 0
[2021-12-18 10:23:59,910] {local_task_job.py:264} INFO - 0 downstream tasks scheduled from follow-on schedule check
