[2022-01-01 12:37:21,827] {taskinstance.py:1035} INFO - Dependencies all met for <TaskInstance: scraping_daft_mayo.scrap_data scheduled__2021-12-31T10:20:00+00:00 [queued]>
[2022-01-01 12:37:21,913] {taskinstance.py:1035} INFO - Dependencies all met for <TaskInstance: scraping_daft_mayo.scrap_data scheduled__2021-12-31T10:20:00+00:00 [queued]>
[2022-01-01 12:37:21,915] {taskinstance.py:1241} INFO - 
--------------------------------------------------------------------------------
[2022-01-01 12:37:21,917] {taskinstance.py:1242} INFO - Starting attempt 1 of 4
[2022-01-01 12:37:21,919] {taskinstance.py:1243} INFO - 
--------------------------------------------------------------------------------
[2022-01-01 12:37:22,020] {taskinstance.py:1262} INFO - Executing <Task(SparkSubmitOperator): scrap_data> on 2021-12-31 10:20:00+00:00
[2022-01-01 12:37:22,129] {standard_task_runner.py:52} INFO - Started process 2656 to run task
[2022-01-01 12:37:22,920] {standard_task_runner.py:76} INFO - Running: ['***', 'tasks', 'run', 'scraping_daft_mayo', 'scrap_data', 'scheduled__2021-12-31T10:20:00+00:00', '--job-id', '5926', '--raw', '--subdir', 'DAGS_FOLDER/scraping_daft_mayo.py', '--cfg-path', '/tmp/tmpfsfdmz3z', '--error-file', '/tmp/tmp2k9yr__l']
[2022-01-01 12:37:23,833] {standard_task_runner.py:77} INFO - Job 5926: Subtask scrap_data
[2022-01-01 12:37:27,929] {logging_mixin.py:109} INFO - Running <TaskInstance: scraping_daft_mayo.scrap_data scheduled__2021-12-31T10:20:00+00:00 [running]> on host 33b99c52f92c
[2022-01-01 12:37:30,275] {taskinstance.py:1429} INFO - Exporting the following env vars:
AIRFLOW_CTX_DAG_EMAIL=clement.liscoet@gmail.com
AIRFLOW_CTX_DAG_OWNER=clemoni
AIRFLOW_CTX_DAG_ID=scraping_daft_mayo
AIRFLOW_CTX_TASK_ID=scrap_data
AIRFLOW_CTX_EXECUTION_DATE=2021-12-31T10:20:00+00:00
AIRFLOW_CTX_DAG_RUN_ID=scheduled__2021-12-31T10:20:00+00:00
[2022-01-01 12:37:31,038] {base.py:79} INFO - Using connection to: id: spark_default. Host: spark://spark:7077, Port: None, Schema: , Login: ***, Password: ***, extra: {}
[2022-01-01 12:37:31,077] {spark_submit.py:360} INFO - Spark-Submit cmd: spark-submit --master spark://spark:7077 --conf spark.master=spark://spark:7077 --name scrap data --verbose /opt/***/jobs/get_ads_per_county.py mayo
[2022-01-01 12:38:18,861] {spark_submit.py:514} INFO - Using properties file: null
[2022-01-01 12:38:22,445] {spark_submit.py:514} INFO - WARNING: An illegal reflective access operation has occurred
[2022-01-01 12:38:22,447] {spark_submit.py:514} INFO - WARNING: Illegal reflective access by org.apache.spark.unsafe.Platform (file:/home/***/.local/lib/python3.6/site-packages/pyspark/jars/spark-unsafe_2.12-3.2.0.jar) to constructor java.nio.DirectByteBuffer(long,int)
[2022-01-01 12:38:22,449] {spark_submit.py:514} INFO - WARNING: Please consider reporting this to the maintainers of org.apache.spark.unsafe.Platform
[2022-01-01 12:38:22,451] {spark_submit.py:514} INFO - WARNING: Use --illegal-access=warn to enable warnings of further illegal reflective access operations
[2022-01-01 12:38:22,453] {spark_submit.py:514} INFO - WARNING: All illegal access operations will be denied in a future release
[2022-01-01 12:38:23,702] {spark_submit.py:514} INFO - Parsed arguments:
[2022-01-01 12:38:23,709] {spark_submit.py:514} INFO - master                  spark://spark:7077
[2022-01-01 12:38:23,714] {spark_submit.py:514} INFO - deployMode              null
[2022-01-01 12:38:23,720] {spark_submit.py:514} INFO - executorMemory          null
[2022-01-01 12:38:23,723] {spark_submit.py:514} INFO - executorCores           null
[2022-01-01 12:38:23,730] {spark_submit.py:514} INFO - totalExecutorCores      null
[2022-01-01 12:38:23,740] {spark_submit.py:514} INFO - propertiesFile          null
[2022-01-01 12:38:23,742] {spark_submit.py:514} INFO - driverMemory            null
[2022-01-01 12:38:23,750] {spark_submit.py:514} INFO - driverCores             null
[2022-01-01 12:38:23,756] {spark_submit.py:514} INFO - driverExtraClassPath    null
[2022-01-01 12:38:23,761] {spark_submit.py:514} INFO - driverExtraLibraryPath  null
[2022-01-01 12:38:23,765] {spark_submit.py:514} INFO - driverExtraJavaOptions  null
[2022-01-01 12:38:23,774] {spark_submit.py:514} INFO - supervise               false
[2022-01-01 12:38:23,777] {spark_submit.py:514} INFO - queue                   null
[2022-01-01 12:38:23,782] {spark_submit.py:514} INFO - numExecutors            null
[2022-01-01 12:38:23,785] {spark_submit.py:514} INFO - files                   null
[2022-01-01 12:38:23,787] {spark_submit.py:514} INFO - pyFiles                 null
[2022-01-01 12:38:23,790] {spark_submit.py:514} INFO - archives                null
[2022-01-01 12:38:23,794] {spark_submit.py:514} INFO - mainClass               null
[2022-01-01 12:38:23,796] {spark_submit.py:514} INFO - primaryResource         file:/opt/***/jobs/get_ads_per_county.py
[2022-01-01 12:38:23,799] {spark_submit.py:514} INFO - name                    scrap data
[2022-01-01 12:38:23,805] {spark_submit.py:514} INFO - childArgs               [mayo]
[2022-01-01 12:38:23,817] {spark_submit.py:514} INFO - jars                    null
[2022-01-01 12:38:23,820] {spark_submit.py:514} INFO - packages                null
[2022-01-01 12:38:23,824] {spark_submit.py:514} INFO - packagesExclusions      null
[2022-01-01 12:38:23,832] {spark_submit.py:514} INFO - repositories            null
[2022-01-01 12:38:23,836] {spark_submit.py:514} INFO - verbose                 true
[2022-01-01 12:38:23,840] {spark_submit.py:514} INFO - 
[2022-01-01 12:38:23,844] {spark_submit.py:514} INFO - Spark properties used, including those specified through
[2022-01-01 12:38:23,857] {spark_submit.py:514} INFO - --conf and those from the properties file null:
[2022-01-01 12:38:23,859] {spark_submit.py:514} INFO - (spark.master,spark://spark:7077)
[2022-01-01 12:38:23,862] {spark_submit.py:514} INFO - 
[2022-01-01 12:38:23,864] {spark_submit.py:514} INFO - 
[2022-01-01 12:38:28,642] {spark_submit.py:514} INFO - Main class:
[2022-01-01 12:38:28,645] {spark_submit.py:514} INFO - org.apache.spark.deploy.PythonRunner
[2022-01-01 12:38:28,647] {spark_submit.py:514} INFO - Arguments:
[2022-01-01 12:38:28,649] {spark_submit.py:514} INFO - file:/opt/***/jobs/get_ads_per_county.py
[2022-01-01 12:38:28,651] {spark_submit.py:514} INFO - null
[2022-01-01 12:38:28,653] {spark_submit.py:514} INFO - mayo
[2022-01-01 12:38:28,655] {spark_submit.py:514} INFO - --verbose
[2022-01-01 12:38:28,684] {spark_submit.py:514} INFO - Spark config:
[2022-01-01 12:38:28,685] {spark_submit.py:514} INFO - (spark.app.name,scrap data)
[2022-01-01 12:38:28,687] {spark_submit.py:514} INFO - (spark.master,spark://spark:7077)
[2022-01-01 12:38:28,688] {spark_submit.py:514} INFO - (spark.submit.pyFiles,)
[2022-01-01 12:38:28,690] {spark_submit.py:514} INFO - (spark.submit.deployMode,client)
[2022-01-01 12:38:28,767] {spark_submit.py:514} INFO - Classpath elements:
[2022-01-01 12:38:28,769] {spark_submit.py:514} INFO - 
[2022-01-01 12:38:28,770] {spark_submit.py:514} INFO - 
[2022-01-01 12:38:28,772] {spark_submit.py:514} INFO - 
[2022-01-01 12:38:43,233] {spark_submit.py:514} INFO - Using Spark's default log4j profile: org/apache/spark/log4j-defaults.properties
[2022-01-01 12:38:43,288] {spark_submit.py:514} INFO - 22/01/01 12:38:43 INFO SparkContext: Running Spark version 3.2.0
[2022-01-01 12:38:43,750] {spark_submit.py:514} INFO - 22/01/01 12:38:43 WARN NativeCodeLoader: Unable to load native-hadoop library for your platform... using builtin-java classes where applicable
[2022-01-01 12:38:45,302] {spark_submit.py:514} INFO - 22/01/01 12:38:45 INFO ResourceUtils: ==============================================================
[2022-01-01 12:38:45,307] {spark_submit.py:514} INFO - 22/01/01 12:38:45 INFO ResourceUtils: No custom resources configured for spark.driver.
[2022-01-01 12:38:45,317] {spark_submit.py:514} INFO - 22/01/01 12:38:45 INFO ResourceUtils: ==============================================================
[2022-01-01 12:38:45,324] {spark_submit.py:514} INFO - 22/01/01 12:38:45 INFO SparkContext: Submitted application: Get Ads per county
[2022-01-01 12:38:45,716] {spark_submit.py:514} INFO - 22/01/01 12:38:45 INFO ResourceProfile: Default ResourceProfile created, executor resources: Map(cores -> name: cores, amount: 1, script: , vendor: , memory -> name: memory, amount: 1024, script: , vendor: , offHeap -> name: offHeap, amount: 0, script: , vendor: ), task resources: Map(cpus -> name: cpus, amount: 1.0)
[2022-01-01 12:38:45,913] {spark_submit.py:514} INFO - 22/01/01 12:38:45 INFO ResourceProfile: Limiting resource is cpu
[2022-01-01 12:38:45,919] {spark_submit.py:514} INFO - 22/01/01 12:38:45 INFO ResourceProfileManager: Added ResourceProfile id: 0
[2022-01-01 12:38:46,458] {spark_submit.py:514} INFO - 22/01/01 12:38:46 INFO SecurityManager: Changing view acls to: ***
[2022-01-01 12:38:46,462] {spark_submit.py:514} INFO - 22/01/01 12:38:46 INFO SecurityManager: Changing modify acls to: ***
[2022-01-01 12:38:46,469] {spark_submit.py:514} INFO - 22/01/01 12:38:46 INFO SecurityManager: Changing view acls groups to:
[2022-01-01 12:38:46,470] {spark_submit.py:514} INFO - 22/01/01 12:38:46 INFO SecurityManager: Changing modify acls groups to:
[2022-01-01 12:38:46,471] {spark_submit.py:514} INFO - 22/01/01 12:38:46 INFO SecurityManager: SecurityManager: authentication disabled; ui acls disabled; users  with view permissions: Set(***); groups with view permissions: Set(); users  with modify permissions: Set(***); groups with modify permissions: Set()
[2022-01-01 12:38:59,546] {spark_submit.py:514} INFO - 22/01/01 12:38:59 INFO Utils: Successfully started service 'sparkDriver' on port 34647.
[2022-01-01 12:39:01,490] {spark_submit.py:514} INFO - 22/01/01 12:39:01 INFO SparkEnv: Registering MapOutputTracker
[2022-01-01 12:39:03,419] {spark_submit.py:514} INFO - 22/01/01 12:39:03 INFO SparkEnv: Registering BlockManagerMaster
[2022-01-01 12:39:03,561] {spark_submit.py:514} INFO - 22/01/01 12:39:03 INFO BlockManagerMasterEndpoint: Using org.apache.spark.storage.DefaultTopologyMapper for getting topology information
[2022-01-01 12:39:03,566] {spark_submit.py:514} INFO - 22/01/01 12:39:03 INFO BlockManagerMasterEndpoint: BlockManagerMasterEndpoint up
[2022-01-01 12:39:03,596] {spark_submit.py:514} INFO - 22/01/01 12:39:03 INFO SparkEnv: Registering BlockManagerMasterHeartbeat
[2022-01-01 12:39:03,959] {spark_submit.py:514} INFO - 22/01/01 12:39:03 INFO DiskBlockManager: Created local directory at /tmp/blockmgr-985b47c6-0ba8-4a8f-a0b5-8dc2388e7e06
[2022-01-01 12:39:04,248] {spark_submit.py:514} INFO - 22/01/01 12:39:04 INFO MemoryStore: MemoryStore started with capacity 434.4 MiB
[2022-01-01 12:39:04,408] {spark_submit.py:514} INFO - 22/01/01 12:39:04 INFO SparkEnv: Registering OutputCommitCoordinator
[2022-01-01 12:39:09,739] {spark_submit.py:514} INFO - 22/01/01 12:39:09 WARN Utils: Service 'SparkUI' could not bind on port 4040. Attempting port 4041.
[2022-01-01 12:39:09,741] {spark_submit.py:514} INFO - 22/01/01 12:39:09 WARN Utils: Service 'SparkUI' could not bind on port 4041. Attempting port 4042.
[2022-01-01 12:39:09,743] {spark_submit.py:514} INFO - 22/01/01 12:39:09 WARN Utils: Service 'SparkUI' could not bind on port 4042. Attempting port 4043.
[2022-01-01 12:39:09,977] {spark_submit.py:514} INFO - 22/01/01 12:39:09 INFO Utils: Successfully started service 'SparkUI' on port 4043.
[2022-01-01 12:39:10,985] {spark_submit.py:514} INFO - 22/01/01 12:39:10 INFO SparkUI: Bound SparkUI to 0.0.0.0, and started at http://33b99c52f92c:4043
[2022-01-01 12:39:15,815] {spark_submit.py:514} INFO - 22/01/01 12:39:15 INFO StandaloneAppClient$ClientEndpoint: Connecting to master spark://spark:7077...
[2022-01-01 12:39:23,222] {spark_submit.py:514} INFO - 22/01/01 12:39:23 INFO TransportClientFactory: Successfully created connection to spark/172.21.0.4:7077 after 6320 ms (0 ms spent in bootstraps)
[2022-01-01 12:39:35,832] {spark_submit.py:514} INFO - 22/01/01 12:39:35 INFO StandaloneAppClient$ClientEndpoint: Connecting to master spark://spark:7077...
[2022-01-01 12:39:41,038] {spark_submit.py:514} INFO - 22/01/01 12:39:41 INFO StandaloneSchedulerBackend: Connected to Spark cluster with app ID app-20220101123940-0027
[2022-01-01 12:39:41,114] {spark_submit.py:514} INFO - 22/01/01 12:39:41 INFO Utils: Successfully started service 'org.apache.spark.network.netty.NettyBlockTransferService' on port 35327.
[2022-01-01 12:39:41,123] {spark_submit.py:514} INFO - 22/01/01 12:39:41 INFO NettyBlockTransferService: Server created on 33b99c52f92c:35327
[2022-01-01 12:39:41,129] {spark_submit.py:514} INFO - 22/01/01 12:39:41 INFO BlockManager: Using org.apache.spark.storage.RandomBlockReplicationPolicy for block replication policy
[2022-01-01 12:39:41,217] {spark_submit.py:514} INFO - 22/01/01 12:39:41 INFO BlockManagerMaster: Registering BlockManager BlockManagerId(driver, 33b99c52f92c, 35327, None)
[2022-01-01 12:39:41,258] {spark_submit.py:514} INFO - 22/01/01 12:39:41 INFO BlockManagerMasterEndpoint: Registering block manager 33b99c52f92c:35327 with 434.4 MiB RAM, BlockManagerId(driver, 33b99c52f92c, 35327, None)
[2022-01-01 12:39:41,322] {spark_submit.py:514} INFO - 22/01/01 12:39:41 INFO BlockManagerMaster: Registered BlockManager BlockManagerId(driver, 33b99c52f92c, 35327, None)
[2022-01-01 12:39:41,381] {spark_submit.py:514} INFO - 22/01/01 12:39:41 INFO BlockManager: Initialized BlockManager: BlockManagerId(driver, 33b99c52f92c, 35327, None)
[2022-01-01 12:39:50,357] {spark_submit.py:514} INFO - 22/01/01 12:39:50 INFO StandaloneSchedulerBackend: SchedulerBackend is ready for scheduling beginning after reached minRegisteredResourcesRatio: 0.0
[2022-01-01 12:39:51,199] {spark_submit.py:514} INFO - /home/***/.local/lib/python3.6/site-packages/pyspark/python/lib/pyspark.zip/pyspark/context.py:238: FutureWarning: Python 3.6 support is deprecated in Spark 3.2.
[2022-01-01 12:39:51,201] {spark_submit.py:514} INFO - FutureWarning
[2022-01-01 12:39:59,756] {spark_submit.py:514} INFO - 22/01/01 12:39:59 INFO SharedState: Setting hive.metastore.warehouse.dir ('null') to the value of spark.sql.warehouse.dir.
[2022-01-01 12:40:00,515] {spark_submit.py:514} INFO - 22/01/01 12:40:00 INFO SharedState: Warehouse path is 'file:/opt/***/spark-warehouse'.
[2022-01-01 12:40:44,348] {spark_submit.py:514} INFO - running...
[2022-01-01 12:40:45,540] {spark_submit.py:514} INFO - running...
[2022-01-01 12:40:47,404] {spark_submit.py:514} INFO - running...
[2022-01-01 12:40:50,175] {spark_submit.py:514} INFO - running...
[2022-01-01 12:40:54,160] {spark_submit.py:514} INFO - running...
[2022-01-01 12:40:57,148] {spark_submit.py:514} INFO - running...
[2022-01-01 12:40:59,274] {spark_submit.py:514} INFO - running...
[2022-01-01 12:41:03,893] {spark_submit.py:514} INFO - running...
[2022-01-01 12:41:14,611] {spark_submit.py:514} INFO - 22/01/01 12:41:14 INFO StandaloneAppClient$ClientEndpoint: Executor added: app-20220101123940-0027/0 on worker-20220101122631-172.21.0.5-37247 (172.21.0.5:37247) with 6 core(s)
[2022-01-01 12:41:14,629] {spark_submit.py:514} INFO - 22/01/01 12:41:14 INFO StandaloneSchedulerBackend: Granted executor ID app-20220101123940-0027/0 on hostPort 172.21.0.5:37247 with 6 core(s), 1024.0 MiB RAM
[2022-01-01 12:41:14,656] {spark_submit.py:514} INFO - 22/01/01 12:41:14 INFO StandaloneAppClient$ClientEndpoint: Executor added: app-20220101123940-0027/1 on worker-20220101122631-172.21.0.6-39441 (172.21.0.6:39441) with 6 core(s)
[2022-01-01 12:41:14,733] {spark_submit.py:514} INFO - 22/01/01 12:41:14 INFO StandaloneSchedulerBackend: Granted executor ID app-20220101123940-0027/1 on hostPort 172.21.0.6:39441 with 6 core(s), 1024.0 MiB RAM
[2022-01-01 12:41:14,973] {spark_submit.py:514} INFO - running...
[2022-01-01 12:41:16,252] {spark_submit.py:514} INFO - 22/01/01 12:41:16 INFO StandaloneAppClient$ClientEndpoint: Executor updated: app-20220101123940-0027/0 is now RUNNING
[2022-01-01 12:41:16,446] {spark_submit.py:514} INFO - 22/01/01 12:41:16 INFO StandaloneAppClient$ClientEndpoint: Executor updated: app-20220101123940-0027/1 is now RUNNING
[2022-01-01 12:41:18,408] {spark_submit.py:514} INFO - running...
[2022-01-01 12:41:19,501] {spark_submit.py:514} INFO - running...
[2022-01-01 12:41:21,912] {spark_submit.py:514} INFO - running...
[2022-01-01 12:41:32,377] {spark_submit.py:514} INFO - running...
[2022-01-01 12:41:37,554] {spark_submit.py:514} INFO - running...
[2022-01-01 12:41:41,647] {spark_submit.py:514} INFO - running...
[2022-01-01 12:41:44,186] {spark_submit.py:514} INFO - 22/01/01 12:41:44 INFO CoarseGrainedSchedulerBackend$DriverEndpoint: Registered executor NettyRpcEndpointRef(spark-client://Executor) (172.21.0.5:43118) with ID 0,  ResourceProfileId 0
[2022-01-01 12:41:44,257] {spark_submit.py:514} INFO - 22/01/01 12:41:44 INFO CoarseGrainedSchedulerBackend$DriverEndpoint: Registered executor NettyRpcEndpointRef(spark-client://Executor) (172.21.0.6:34906) with ID 1,  ResourceProfileId 0
[2022-01-01 12:41:45,386] {spark_submit.py:514} INFO - 22/01/01 12:41:45 INFO BlockManagerMasterEndpoint: Registering block manager 172.21.0.6:41699 with 366.3 MiB RAM, BlockManagerId(1, 172.21.0.6, 41699, None)
[2022-01-01 12:41:45,400] {spark_submit.py:514} INFO - running...
[2022-01-01 12:41:45,494] {spark_submit.py:514} INFO - 22/01/01 12:41:45 INFO BlockManagerMasterEndpoint: Registering block manager 172.21.0.5:43431 with 366.3 MiB RAM, BlockManagerId(0, 172.21.0.5, 43431, None)
[2022-01-01 12:41:47,310] {spark_submit.py:514} INFO - running...
[2022-01-01 12:41:48,804] {spark_submit.py:514} INFO - running...
[2022-01-01 12:41:52,378] {spark_submit.py:514} INFO - running...
[2022-01-01 12:41:54,818] {spark_submit.py:514} INFO - running...
[2022-01-01 12:41:58,544] {spark_submit.py:514} INFO - running...
[2022-01-01 12:42:02,553] {spark_submit.py:514} INFO - running...
[2022-01-01 12:42:05,013] {spark_submit.py:514} INFO - running...
[2022-01-01 12:42:06,856] {spark_submit.py:514} INFO - running...
[2022-01-01 12:42:08,660] {spark_submit.py:514} INFO - running...
[2022-01-01 12:42:09,932] {spark_submit.py:514} INFO - running...
[2022-01-01 12:42:11,675] {spark_submit.py:514} INFO - running...
[2022-01-01 12:42:13,629] {spark_submit.py:514} INFO - running...
[2022-01-01 12:42:16,078] {spark_submit.py:514} INFO - running...
[2022-01-01 12:42:18,465] {spark_submit.py:514} INFO - running...
[2022-01-01 12:42:20,285] {spark_submit.py:514} INFO - running...
[2022-01-01 12:42:27,248] {spark_submit.py:514} INFO - running...
[2022-01-01 12:42:31,138] {spark_submit.py:514} INFO - 22/01/01 12:42:31 INFO SparkContext: Invoking stop() from shutdown hook
[2022-01-01 12:42:31,521] {spark_submit.py:514} INFO - 22/01/01 12:42:31 INFO SparkUI: Stopped Spark web UI at http://33b99c52f92c:4043
[2022-01-01 12:42:31,593] {spark_submit.py:514} INFO - 22/01/01 12:42:31 INFO StandaloneSchedulerBackend: Shutting down all executors
[2022-01-01 12:42:31,604] {spark_submit.py:514} INFO - 22/01/01 12:42:31 INFO CoarseGrainedSchedulerBackend$DriverEndpoint: Asking each executor to shut down
[2022-01-01 12:42:32,084] {spark_submit.py:514} INFO - 22/01/01 12:42:32 INFO MapOutputTrackerMasterEndpoint: MapOutputTrackerMasterEndpoint stopped!
[2022-01-01 12:42:33,034] {spark_submit.py:514} INFO - 22/01/01 12:42:32 INFO MemoryStore: MemoryStore cleared
[2022-01-01 12:42:33,057] {spark_submit.py:514} INFO - 22/01/01 12:42:32 INFO BlockManager: BlockManager stopped
[2022-01-01 12:42:33,841] {spark_submit.py:514} INFO - 22/01/01 12:42:33 INFO BlockManagerMaster: BlockManagerMaster stopped
[2022-01-01 12:42:33,924] {spark_submit.py:514} INFO - 22/01/01 12:42:33 INFO OutputCommitCoordinator$OutputCommitCoordinatorEndpoint: OutputCommitCoordinator stopped!
[2022-01-01 12:42:34,448] {spark_submit.py:514} INFO - 22/01/01 12:42:34 INFO SparkContext: Successfully stopped SparkContext
[2022-01-01 12:42:34,695] {spark_submit.py:514} INFO - 22/01/01 12:42:34 INFO ShutdownHookManager: Shutdown hook called
[2022-01-01 12:42:34,697] {spark_submit.py:514} INFO - 22/01/01 12:42:34 INFO ShutdownHookManager: Deleting directory /tmp/spark-c39974e0-0f85-4f89-8cf0-027d3bb71178
[2022-01-01 12:42:34,916] {spark_submit.py:514} INFO - 22/01/01 12:42:34 INFO ShutdownHookManager: Deleting directory /tmp/spark-7f65aea0-bfc6-4466-8ec7-250d9f079624
[2022-01-01 12:42:35,314] {spark_submit.py:514} INFO - 22/01/01 12:42:35 INFO ShutdownHookManager: Deleting directory /tmp/spark-c39974e0-0f85-4f89-8cf0-027d3bb71178/pyspark-af0761aa-1978-4690-aa34-c83208b50e6a
[2022-01-01 12:42:43,030] {taskinstance.py:1280} INFO - Marking task as SUCCESS. dag_id=scraping_daft_mayo, task_id=scrap_data, execution_date=20211231T102000, start_date=20220101T123721, end_date=20220101T124243
[2022-01-01 12:42:44,414] {local_task_job.py:154} INFO - Task exited with return code 0
[2022-01-01 12:42:47,837] {local_task_job.py:264} INFO - 0 downstream tasks scheduled from follow-on schedule check
