[2021-12-21 09:24:56,057] {taskinstance.py:1035} INFO - Dependencies all met for <TaskInstance: scraping_daft_cork.persist_data scheduled__2021-12-20T09:20:00+00:00 [queued]>
[2021-12-21 09:24:56,072] {taskinstance.py:1035} INFO - Dependencies all met for <TaskInstance: scraping_daft_cork.persist_data scheduled__2021-12-20T09:20:00+00:00 [queued]>
[2021-12-21 09:24:56,073] {taskinstance.py:1241} INFO - 
--------------------------------------------------------------------------------
[2021-12-21 09:24:56,074] {taskinstance.py:1242} INFO - Starting attempt 1 of 4
[2021-12-21 09:24:56,075] {taskinstance.py:1243} INFO - 
--------------------------------------------------------------------------------
[2021-12-21 09:24:56,092] {taskinstance.py:1262} INFO - Executing <Task(SparkSubmitOperator): persist_data> on 2021-12-20 09:20:00+00:00
[2021-12-21 09:24:56,101] {standard_task_runner.py:76} INFO - Running: ['***', 'tasks', 'run', 'scraping_daft_cork', 'persist_data', 'scheduled__2021-12-20T09:20:00+00:00', '--job-id', '3625', '--raw', '--subdir', 'DAGS_FOLDER/scraping_daft_cork.py', '--cfg-path', '/tmp/tmp9og50glk', '--error-file', '/tmp/tmpjo8sqf2z']
[2021-12-21 09:24:56,102] {standard_task_runner.py:77} INFO - Job 3625: Subtask persist_data
[2021-12-21 09:24:56,098] {standard_task_runner.py:52} INFO - Started process 2115 to run task
[2021-12-21 09:24:56,185] {logging_mixin.py:109} INFO - Running <TaskInstance: scraping_daft_cork.persist_data scheduled__2021-12-20T09:20:00+00:00 [running]> on host 99ae224ffe2d
[2021-12-21 09:24:56,338] {taskinstance.py:1429} INFO - Exporting the following env vars:
AIRFLOW_CTX_DAG_EMAIL=clement.liscoet@gmail.com
AIRFLOW_CTX_DAG_OWNER=clemoni
AIRFLOW_CTX_DAG_ID=scraping_daft_cork
AIRFLOW_CTX_TASK_ID=persist_data
AIRFLOW_CTX_EXECUTION_DATE=2021-12-20T09:20:00+00:00
AIRFLOW_CTX_DAG_RUN_ID=scheduled__2021-12-20T09:20:00+00:00
[2021-12-21 09:24:56,365] {base.py:79} INFO - Using connection to: id: spark_default. Host: spark://spark:7077, Port: None, Schema: , Login: ***, Password: ***, extra: {}
[2021-12-21 09:24:56,368] {spark_submit.py:360} INFO - Spark-Submit cmd: spark-submit --master spark://spark:7077 --conf spark.master=spark://spark:7077 --name persist data --verbose /opt/***/jobs/persist_db.py cork
[2021-12-21 09:24:58,156] {spark_submit.py:514} INFO - Using properties file: null
[2021-12-21 09:24:58,270] {spark_submit.py:514} INFO - WARNING: An illegal reflective access operation has occurred
[2021-12-21 09:24:58,271] {spark_submit.py:514} INFO - WARNING: Illegal reflective access by org.apache.spark.unsafe.Platform (file:/home/***/.local/lib/python3.6/site-packages/pyspark/jars/spark-unsafe_2.12-3.2.0.jar) to constructor java.nio.DirectByteBuffer(long,int)
[2021-12-21 09:24:58,272] {spark_submit.py:514} INFO - WARNING: Please consider reporting this to the maintainers of org.apache.spark.unsafe.Platform
[2021-12-21 09:24:58,273] {spark_submit.py:514} INFO - WARNING: Use --illegal-access=warn to enable warnings of further illegal reflective access operations
[2021-12-21 09:24:58,274] {spark_submit.py:514} INFO - WARNING: All illegal access operations will be denied in a future release
[2021-12-21 09:24:58,328] {spark_submit.py:514} INFO - Parsed arguments:
[2021-12-21 09:24:58,329] {spark_submit.py:514} INFO - master                  spark://spark:7077
[2021-12-21 09:24:58,330] {spark_submit.py:514} INFO - deployMode              null
[2021-12-21 09:24:58,331] {spark_submit.py:514} INFO - executorMemory          null
[2021-12-21 09:24:58,331] {spark_submit.py:514} INFO - executorCores           null
[2021-12-21 09:24:58,332] {spark_submit.py:514} INFO - totalExecutorCores      null
[2021-12-21 09:24:58,333] {spark_submit.py:514} INFO - propertiesFile          null
[2021-12-21 09:24:58,334] {spark_submit.py:514} INFO - driverMemory            null
[2021-12-21 09:24:58,335] {spark_submit.py:514} INFO - driverCores             null
[2021-12-21 09:24:58,335] {spark_submit.py:514} INFO - driverExtraClassPath    null
[2021-12-21 09:24:58,336] {spark_submit.py:514} INFO - driverExtraLibraryPath  null
[2021-12-21 09:24:58,337] {spark_submit.py:514} INFO - driverExtraJavaOptions  null
[2021-12-21 09:24:58,338] {spark_submit.py:514} INFO - supervise               false
[2021-12-21 09:24:58,339] {spark_submit.py:514} INFO - queue                   null
[2021-12-21 09:24:58,340] {spark_submit.py:514} INFO - numExecutors            null
[2021-12-21 09:24:58,340] {spark_submit.py:514} INFO - files                   null
[2021-12-21 09:24:58,341] {spark_submit.py:514} INFO - pyFiles                 null
[2021-12-21 09:24:58,342] {spark_submit.py:514} INFO - archives                null
[2021-12-21 09:24:58,342] {spark_submit.py:514} INFO - mainClass               null
[2021-12-21 09:24:58,343] {spark_submit.py:514} INFO - primaryResource         file:/opt/***/jobs/persist_db.py
[2021-12-21 09:24:58,344] {spark_submit.py:514} INFO - name                    persist data
[2021-12-21 09:24:58,344] {spark_submit.py:514} INFO - childArgs               [cork]
[2021-12-21 09:24:58,345] {spark_submit.py:514} INFO - jars                    null
[2021-12-21 09:24:58,346] {spark_submit.py:514} INFO - packages                null
[2021-12-21 09:24:58,347] {spark_submit.py:514} INFO - packagesExclusions      null
[2021-12-21 09:24:58,347] {spark_submit.py:514} INFO - repositories            null
[2021-12-21 09:24:58,348] {spark_submit.py:514} INFO - verbose                 true
[2021-12-21 09:24:58,349] {spark_submit.py:514} INFO - 
[2021-12-21 09:24:58,349] {spark_submit.py:514} INFO - Spark properties used, including those specified through
[2021-12-21 09:24:58,350] {spark_submit.py:514} INFO - --conf and those from the properties file null:
[2021-12-21 09:24:58,351] {spark_submit.py:514} INFO - (spark.master,spark://spark:7077)
[2021-12-21 09:24:58,351] {spark_submit.py:514} INFO - 
[2021-12-21 09:24:58,352] {spark_submit.py:514} INFO - 
[2021-12-21 09:24:58,679] {spark_submit.py:514} INFO - Main class:
[2021-12-21 09:24:58,680] {spark_submit.py:514} INFO - org.apache.spark.deploy.PythonRunner
[2021-12-21 09:24:58,681] {spark_submit.py:514} INFO - Arguments:
[2021-12-21 09:24:58,682] {spark_submit.py:514} INFO - file:/opt/***/jobs/persist_db.py
[2021-12-21 09:24:58,683] {spark_submit.py:514} INFO - null
[2021-12-21 09:24:58,683] {spark_submit.py:514} INFO - cork
[2021-12-21 09:24:58,684] {spark_submit.py:514} INFO - --verbose
[2021-12-21 09:24:58,685] {spark_submit.py:514} INFO - Spark config:
[2021-12-21 09:24:58,686] {spark_submit.py:514} INFO - (spark.master,spark://spark:7077)
[2021-12-21 09:24:58,687] {spark_submit.py:514} INFO - (spark.app.name,persist data)
[2021-12-21 09:24:58,688] {spark_submit.py:514} INFO - (spark.submit.pyFiles,)
[2021-12-21 09:24:58,689] {spark_submit.py:514} INFO - (spark.submit.deployMode,client)
[2021-12-21 09:24:58,690] {spark_submit.py:514} INFO - Classpath elements:
[2021-12-21 09:24:58,690] {spark_submit.py:514} INFO - 
[2021-12-21 09:24:58,691] {spark_submit.py:514} INFO - 
[2021-12-21 09:24:58,692] {spark_submit.py:514} INFO - 
[2021-12-21 09:24:59,802] {spark_submit.py:514} INFO - Using Spark's default log4j profile: org/apache/spark/log4j-defaults.properties
[2021-12-21 09:24:59,814] {spark_submit.py:514} INFO - 21/12/21 09:24:59 INFO SparkContext: Running Spark version 3.2.0
[2021-12-21 09:24:59,918] {spark_submit.py:514} INFO - 21/12/21 09:24:59 WARN NativeCodeLoader: Unable to load native-hadoop library for your platform... using builtin-java classes where applicable
[2021-12-21 09:25:00,106] {spark_submit.py:514} INFO - 21/12/21 09:25:00 INFO ResourceUtils: ==============================================================
[2021-12-21 09:25:00,107] {spark_submit.py:514} INFO - 21/12/21 09:25:00 INFO ResourceUtils: No custom resources configured for spark.driver.
[2021-12-21 09:25:00,107] {spark_submit.py:514} INFO - 21/12/21 09:25:00 INFO ResourceUtils: ==============================================================
[2021-12-21 09:25:00,108] {spark_submit.py:514} INFO - 21/12/21 09:25:00 INFO SparkContext: Submitted application: Persist DB
[2021-12-21 09:25:00,137] {spark_submit.py:514} INFO - 21/12/21 09:25:00 INFO ResourceProfile: Default ResourceProfile created, executor resources: Map(cores -> name: cores, amount: 1, script: , vendor: , memory -> name: memory, amount: 1024, script: , vendor: , offHeap -> name: offHeap, amount: 0, script: , vendor: ), task resources: Map(cpus -> name: cpus, amount: 1.0)
[2021-12-21 09:25:00,149] {spark_submit.py:514} INFO - 21/12/21 09:25:00 INFO ResourceProfile: Limiting resource is cpu
[2021-12-21 09:25:00,150] {spark_submit.py:514} INFO - 21/12/21 09:25:00 INFO ResourceProfileManager: Added ResourceProfile id: 0
[2021-12-21 09:25:00,223] {spark_submit.py:514} INFO - 21/12/21 09:25:00 INFO SecurityManager: Changing view acls to: ***
[2021-12-21 09:25:00,224] {spark_submit.py:514} INFO - 21/12/21 09:25:00 INFO SecurityManager: Changing modify acls to: ***
[2021-12-21 09:25:00,226] {spark_submit.py:514} INFO - 21/12/21 09:25:00 INFO SecurityManager: Changing view acls groups to:
[2021-12-21 09:25:00,227] {spark_submit.py:514} INFO - 21/12/21 09:25:00 INFO SecurityManager: Changing modify acls groups to:
[2021-12-21 09:25:00,228] {spark_submit.py:514} INFO - 21/12/21 09:25:00 INFO SecurityManager: SecurityManager: authentication disabled; ui acls disabled; users  with view permissions: Set(***); groups with view permissions: Set(); users  with modify permissions: Set(***); groups with modify permissions: Set()
[2021-12-21 09:25:00,607] {spark_submit.py:514} INFO - 21/12/21 09:25:00 INFO Utils: Successfully started service 'sparkDriver' on port 38107.
[2021-12-21 09:25:00,662] {spark_submit.py:514} INFO - 21/12/21 09:25:00 INFO SparkEnv: Registering MapOutputTracker
[2021-12-21 09:25:00,720] {spark_submit.py:514} INFO - 21/12/21 09:25:00 INFO SparkEnv: Registering BlockManagerMaster
[2021-12-21 09:25:00,754] {spark_submit.py:514} INFO - 21/12/21 09:25:00 INFO BlockManagerMasterEndpoint: Using org.apache.spark.storage.DefaultTopologyMapper for getting topology information
[2021-12-21 09:25:00,755] {spark_submit.py:514} INFO - 21/12/21 09:25:00 INFO BlockManagerMasterEndpoint: BlockManagerMasterEndpoint up
[2021-12-21 09:25:00,763] {spark_submit.py:514} INFO - 21/12/21 09:25:00 INFO SparkEnv: Registering BlockManagerMasterHeartbeat
[2021-12-21 09:25:00,803] {spark_submit.py:514} INFO - 21/12/21 09:25:00 INFO DiskBlockManager: Created local directory at /tmp/blockmgr-f77396d8-0539-4a5f-92a4-ac534a006dc3
[2021-12-21 09:25:00,835] {spark_submit.py:514} INFO - 21/12/21 09:25:00 INFO MemoryStore: MemoryStore started with capacity 434.4 MiB
[2021-12-21 09:25:00,861] {spark_submit.py:514} INFO - 21/12/21 09:25:00 INFO SparkEnv: Registering OutputCommitCoordinator
[2021-12-21 09:25:01,194] {spark_submit.py:514} INFO - 21/12/21 09:25:01 INFO Utils: Successfully started service 'SparkUI' on port 4040.
[2021-12-21 09:25:01,362] {spark_submit.py:514} INFO - 21/12/21 09:25:01 INFO SparkUI: Bound SparkUI to 0.0.0.0, and started at http://99ae224ffe2d:4040
[2021-12-21 09:25:01,708] {spark_submit.py:514} INFO - 21/12/21 09:25:01 INFO StandaloneAppClient$ClientEndpoint: Connecting to master spark://spark:7077...
[2021-12-21 09:25:01,815] {spark_submit.py:514} INFO - 21/12/21 09:25:01 INFO TransportClientFactory: Successfully created connection to spark/172.19.0.4:7077 after 53 ms (0 ms spent in bootstraps)
[2021-12-21 09:25:01,964] {spark_submit.py:514} INFO - 21/12/21 09:25:01 INFO StandaloneSchedulerBackend: Connected to Spark cluster with app ID app-20211221092501-0010
[2021-12-21 09:25:01,968] {spark_submit.py:514} INFO - 21/12/21 09:25:01 INFO StandaloneAppClient$ClientEndpoint: Executor added: app-20211221092501-0010/0 on worker-20211221091658-172.19.0.6-38007 (172.19.0.6:38007) with 6 core(s)
[2021-12-21 09:25:01,977] {spark_submit.py:514} INFO - 21/12/21 09:25:01 INFO StandaloneSchedulerBackend: Granted executor ID app-20211221092501-0010/0 on hostPort 172.19.0.6:38007 with 6 core(s), 1024.0 MiB RAM
[2021-12-21 09:25:01,979] {spark_submit.py:514} INFO - 21/12/21 09:25:01 INFO StandaloneAppClient$ClientEndpoint: Executor added: app-20211221092501-0010/1 on worker-20211221091658-172.19.0.5-40773 (172.19.0.5:40773) with 6 core(s)
[2021-12-21 09:25:01,953] {spark_submit.py:514} INFO - 21/12/21 09:25:01 INFO StandaloneSchedulerBackend: Granted executor ID app-20211221092501-0010/1 on hostPort 172.19.0.5:40773 with 6 core(s), 1024.0 MiB RAM
[2021-12-21 09:25:01,956] {spark_submit.py:514} INFO - 21/12/21 09:25:01 INFO Utils: Successfully started service 'org.apache.spark.network.netty.NettyBlockTransferService' on port 43479.
[2021-12-21 09:25:01,959] {spark_submit.py:514} INFO - 21/12/21 09:25:01 INFO NettyBlockTransferService: Server created on 99ae224ffe2d:43479
[2021-12-21 09:25:01,963] {spark_submit.py:514} INFO - 21/12/21 09:25:01 INFO BlockManager: Using org.apache.spark.storage.RandomBlockReplicationPolicy for block replication policy
[2021-12-21 09:25:01,981] {spark_submit.py:514} INFO - 21/12/21 09:25:01 INFO BlockManagerMaster: Registering BlockManager BlockManagerId(driver, 99ae224ffe2d, 43479, None)
[2021-12-21 09:25:02,003] {spark_submit.py:514} INFO - 21/12/21 09:25:02 INFO BlockManagerMasterEndpoint: Registering block manager 99ae224ffe2d:43479 with 434.4 MiB RAM, BlockManagerId(driver, 99ae224ffe2d, 43479, None)
[2021-12-21 09:25:02,009] {spark_submit.py:514} INFO - 21/12/21 09:25:02 INFO BlockManagerMaster: Registered BlockManager BlockManagerId(driver, 99ae224ffe2d, 43479, None)
[2021-12-21 09:25:02,012] {spark_submit.py:514} INFO - 21/12/21 09:25:02 INFO BlockManager: Initialized BlockManager: BlockManagerId(driver, 99ae224ffe2d, 43479, None)
[2021-12-21 09:25:02,037] {spark_submit.py:514} INFO - 21/12/21 09:25:02 INFO StandaloneAppClient$ClientEndpoint: Executor updated: app-20211221092501-0010/1 is now RUNNING
[2021-12-21 09:25:02,041] {spark_submit.py:514} INFO - 21/12/21 09:25:02 INFO StandaloneAppClient$ClientEndpoint: Executor updated: app-20211221092501-0010/0 is now RUNNING
[2021-12-21 09:25:02,359] {spark_submit.py:514} INFO - 21/12/21 09:25:02 INFO StandaloneSchedulerBackend: SchedulerBackend is ready for scheduling beginning after reached minRegisteredResourcesRatio: 0.0
[2021-12-21 09:25:02,431] {spark_submit.py:514} INFO - /home/***/.local/lib/python3.6/site-packages/pyspark/python/lib/pyspark.zip/pyspark/context.py:238: FutureWarning: Python 3.6 support is deprecated in Spark 3.2.
[2021-12-21 09:25:02,438] {spark_submit.py:514} INFO - FutureWarning
[2021-12-21 09:25:02,845] {spark_submit.py:514} INFO - 21/12/21 09:25:02 INFO SharedState: Setting hive.metastore.warehouse.dir ('null') to the value of spark.sql.warehouse.dir.
[2021-12-21 09:25:02,941] {spark_submit.py:514} INFO - 21/12/21 09:25:02 INFO SharedState: Warehouse path is 'file:/opt/***/spark-warehouse'.
[2021-12-21 09:25:05,422] {spark_submit.py:514} INFO - 21/12/21 09:25:05 INFO SparkContext: Invoking stop() from shutdown hook
[2021-12-21 09:25:05,894] {spark_submit.py:514} INFO - 21/12/21 09:25:05 INFO SparkUI: Stopped Spark web UI at http://99ae224ffe2d:4040
[2021-12-21 09:25:05,926] {spark_submit.py:514} INFO - 21/12/21 09:25:05 INFO StandaloneSchedulerBackend: Shutting down all executors
[2021-12-21 09:25:05,943] {spark_submit.py:514} INFO - 21/12/21 09:25:05 INFO CoarseGrainedSchedulerBackend$DriverEndpoint: Asking each executor to shut down
[2021-12-21 09:25:06,228] {spark_submit.py:514} INFO - 21/12/21 09:25:06 INFO MapOutputTrackerMasterEndpoint: MapOutputTrackerMasterEndpoint stopped!
[2021-12-21 09:25:06,401] {spark_submit.py:514} INFO - 21/12/21 09:25:06 INFO MemoryStore: MemoryStore cleared
[2021-12-21 09:25:06,404] {spark_submit.py:514} INFO - 21/12/21 09:25:06 INFO BlockManager: BlockManager stopped
[2021-12-21 09:25:06,446] {spark_submit.py:514} INFO - 21/12/21 09:25:06 INFO BlockManagerMaster: BlockManagerMaster stopped
[2021-12-21 09:25:06,452] {spark_submit.py:514} INFO - 21/12/21 09:25:06 INFO OutputCommitCoordinator$OutputCommitCoordinatorEndpoint: OutputCommitCoordinator stopped!
[2021-12-21 09:25:06,498] {spark_submit.py:514} INFO - 21/12/21 09:25:06 INFO SparkContext: Successfully stopped SparkContext
[2021-12-21 09:25:06,500] {spark_submit.py:514} INFO - 21/12/21 09:25:06 INFO ShutdownHookManager: Shutdown hook called
[2021-12-21 09:25:06,504] {spark_submit.py:514} INFO - 21/12/21 09:25:06 INFO ShutdownHookManager: Deleting directory /tmp/spark-1bb7e452-7853-47d6-84fa-70af90bb1407
[2021-12-21 09:25:06,512] {spark_submit.py:514} INFO - 21/12/21 09:25:06 INFO ShutdownHookManager: Deleting directory /tmp/spark-09377afa-8732-40dd-820e-e6d40c015254/pyspark-42634314-6a1b-467f-9109-3252d1ecee2b
[2021-12-21 09:25:06,532] {spark_submit.py:514} INFO - 21/12/21 09:25:06 INFO ShutdownHookManager: Deleting directory /tmp/spark-09377afa-8732-40dd-820e-e6d40c015254
[2021-12-21 09:25:06,730] {taskinstance.py:1280} INFO - Marking task as SUCCESS. dag_id=scraping_daft_cork, task_id=persist_data, execution_date=20211220T092000, start_date=20211221T092456, end_date=20211221T092506
[2021-12-21 09:25:06,813] {local_task_job.py:154} INFO - Task exited with return code 0
[2021-12-21 09:25:06,916] {local_task_job.py:264} INFO - 1 downstream tasks scheduled from follow-on schedule check
