[2021-12-30 11:47:13,974] {taskinstance.py:1035} INFO - Dependencies all met for <TaskInstance: scraping_daft_kerry.waiting_for_file scheduled__2021-12-29T09:40:00+00:00 [queued]>
[2021-12-30 11:47:14,048] {taskinstance.py:1035} INFO - Dependencies all met for <TaskInstance: scraping_daft_kerry.waiting_for_file scheduled__2021-12-29T09:40:00+00:00 [queued]>
[2021-12-30 11:47:14,054] {taskinstance.py:1241} INFO - 
--------------------------------------------------------------------------------
[2021-12-30 11:47:14,055] {taskinstance.py:1242} INFO - Starting attempt 1 of 4
[2021-12-30 11:47:14,056] {taskinstance.py:1243} INFO - 
--------------------------------------------------------------------------------
[2021-12-30 11:47:14,134] {taskinstance.py:1262} INFO - Executing <Task(FileSensor): waiting_for_file> on 2021-12-29 09:40:00+00:00
[2021-12-30 11:47:14,145] {standard_task_runner.py:52} INFO - Started process 3628 to run task
[2021-12-30 11:47:14,177] {standard_task_runner.py:76} INFO - Running: ['***', 'tasks', 'run', 'scraping_daft_kerry', 'waiting_for_file', 'scheduled__2021-12-29T09:40:00+00:00', '--job-id', '5557', '--raw', '--subdir', 'DAGS_FOLDER/scraping_daft_kerry.py', '--cfg-path', '/tmp/tmpoyhw99l_', '--error-file', '/tmp/tmpbx5yxqtl']
[2021-12-30 11:47:14,189] {standard_task_runner.py:77} INFO - Job 5557: Subtask waiting_for_file
[2021-12-30 11:47:14,529] {logging_mixin.py:109} INFO - Running <TaskInstance: scraping_daft_kerry.waiting_for_file scheduled__2021-12-29T09:40:00+00:00 [running]> on host 5ddf2477c0dd
[2021-12-30 11:47:15,165] {taskinstance.py:1429} INFO - Exporting the following env vars:
AIRFLOW_CTX_DAG_EMAIL=clement.liscoet@gmail.com
AIRFLOW_CTX_DAG_OWNER=clemoni
AIRFLOW_CTX_DAG_ID=scraping_daft_kerry
AIRFLOW_CTX_TASK_ID=waiting_for_file
AIRFLOW_CTX_EXECUTION_DATE=2021-12-29T09:40:00+00:00
AIRFLOW_CTX_DAG_RUN_ID=scheduled__2021-12-29T09:40:00+00:00
[2021-12-30 11:47:15,272] {filesystem.py:59} INFO - Poking for file data/kerry_rent.json
[2021-12-30 11:47:15,279] {filesystem.py:65} INFO - Found File data/kerry_rent.json last modified: 20211230114635
[2021-12-30 11:47:15,284] {base.py:249} INFO - Success criteria met. Exiting.
[2021-12-30 11:47:15,802] {taskinstance.py:1280} INFO - Marking task as SUCCESS. dag_id=scraping_daft_kerry, task_id=waiting_for_file, execution_date=20211229T094000, start_date=20211230T114713, end_date=20211230T114715
[2021-12-30 11:47:15,952] {local_task_job.py:154} INFO - Task exited with return code 0
[2021-12-30 11:47:16,357] {local_task_job.py:264} INFO - 1 downstream tasks scheduled from follow-on schedule check
