[2021-12-20 11:37:32,217] {taskinstance.py:1035} INFO - Dependencies all met for <TaskInstance: scraping_daft_limerick.waiting_for_file scheduled__2021-12-19T10:05:00+00:00 [queued]>
[2021-12-20 11:37:32,253] {taskinstance.py:1035} INFO - Dependencies all met for <TaskInstance: scraping_daft_limerick.waiting_for_file scheduled__2021-12-19T10:05:00+00:00 [queued]>
[2021-12-20 11:37:32,254] {taskinstance.py:1241} INFO - 
--------------------------------------------------------------------------------
[2021-12-20 11:37:32,255] {taskinstance.py:1242} INFO - Starting attempt 1 of 4
[2021-12-20 11:37:32,256] {taskinstance.py:1243} INFO - 
--------------------------------------------------------------------------------
[2021-12-20 11:37:32,288] {taskinstance.py:1262} INFO - Executing <Task(FileSensor): waiting_for_file> on 2021-12-19 10:05:00+00:00
[2021-12-20 11:37:32,298] {standard_task_runner.py:52} INFO - Started process 3499 to run task
[2021-12-20 11:37:32,310] {standard_task_runner.py:76} INFO - Running: ['***', 'tasks', 'run', 'scraping_daft_limerick', 'waiting_for_file', 'scheduled__2021-12-19T10:05:00+00:00', '--job-id', '3494', '--raw', '--subdir', 'DAGS_FOLDER/scraping_daft_limerick.py', '--cfg-path', '/tmp/tmpkvkm_t90', '--error-file', '/tmp/tmptd428ouw']
[2021-12-20 11:37:32,314] {standard_task_runner.py:77} INFO - Job 3494: Subtask waiting_for_file
[2021-12-20 11:37:32,472] {logging_mixin.py:109} INFO - Running <TaskInstance: scraping_daft_limerick.waiting_for_file scheduled__2021-12-19T10:05:00+00:00 [running]> on host 66e45e757599
[2021-12-20 11:37:32,696] {taskinstance.py:1429} INFO - Exporting the following env vars:
AIRFLOW_CTX_DAG_EMAIL=clement.liscoet@gmail.com
AIRFLOW_CTX_DAG_OWNER=clemoni
AIRFLOW_CTX_DAG_ID=scraping_daft_limerick
AIRFLOW_CTX_TASK_ID=waiting_for_file
AIRFLOW_CTX_EXECUTION_DATE=2021-12-19T10:05:00+00:00
AIRFLOW_CTX_DAG_RUN_ID=scheduled__2021-12-19T10:05:00+00:00
[2021-12-20 11:37:32,749] {filesystem.py:59} INFO - Poking for file data/limerick_rent.json
[2021-12-20 11:37:32,751] {filesystem.py:65} INFO - Found File data/limerick_rent.json last modified: 20211220113730
[2021-12-20 11:37:32,751] {base.py:249} INFO - Success criteria met. Exiting.
[2021-12-20 11:37:32,787] {taskinstance.py:1280} INFO - Marking task as SUCCESS. dag_id=scraping_daft_limerick, task_id=waiting_for_file, execution_date=20211219T100500, start_date=20211220T113732, end_date=20211220T113732
[2021-12-20 11:37:32,816] {local_task_job.py:154} INFO - Task exited with return code 0
[2021-12-20 11:37:32,984] {local_task_job.py:264} INFO - 1 downstream tasks scheduled from follow-on schedule check
