[2021-12-10 09:11:39,532] {taskinstance.py:1035} INFO - Dependencies all met for <TaskInstance: scraping_daft_longford.scrap_data scheduled__2021-12-09T03:30:00+00:00 [queued]>
[2021-12-10 09:11:39,852] {taskinstance.py:1035} INFO - Dependencies all met for <TaskInstance: scraping_daft_longford.scrap_data scheduled__2021-12-09T03:30:00+00:00 [queued]>
[2021-12-10 09:11:39,871] {taskinstance.py:1241} INFO - 
--------------------------------------------------------------------------------
[2021-12-10 09:11:39,877] {taskinstance.py:1242} INFO - Starting attempt 2 of 3
[2021-12-10 09:11:39,895] {taskinstance.py:1243} INFO - 
--------------------------------------------------------------------------------
[2021-12-10 09:11:40,129] {taskinstance.py:1262} INFO - Executing <Task(SparkSubmitOperator): scrap_data> on 2021-12-09 03:30:00+00:00
[2021-12-10 09:11:40,209] {standard_task_runner.py:76} INFO - Running: ['***', 'tasks', 'run', 'scraping_daft_longford', 'scrap_data', 'scheduled__2021-12-09T03:30:00+00:00', '--job-id', '1000', '--raw', '--subdir', 'DAGS_FOLDER/scraping_daft_longford.py', '--cfg-path', '/tmp/tmp6wdx06y9', '--error-file', '/tmp/tmpcp6co_a0']
[2021-12-10 09:11:40,186] {standard_task_runner.py:52} INFO - Started process 32050 to run task
[2021-12-10 09:11:40,260] {standard_task_runner.py:77} INFO - Job 1000: Subtask scrap_data
[2021-12-10 09:11:41,724] {logging_mixin.py:109} INFO - Running <TaskInstance: scraping_daft_longford.scrap_data scheduled__2021-12-09T03:30:00+00:00 [running]> on host 041e6f8654c3
[2021-12-10 09:11:44,888] {taskinstance.py:1429} INFO - Exporting the following env vars:
AIRFLOW_CTX_DAG_EMAIL=***@example.com
AIRFLOW_CTX_DAG_OWNER=clemoni
AIRFLOW_CTX_DAG_ID=scraping_daft_longford
AIRFLOW_CTX_TASK_ID=scrap_data
AIRFLOW_CTX_EXECUTION_DATE=2021-12-09T03:30:00+00:00
AIRFLOW_CTX_DAG_RUN_ID=scheduled__2021-12-09T03:30:00+00:00
[2021-12-10 09:11:45,568] {base.py:79} INFO - Using connection to: id: spark_default. Host: spark://spark:7077, Port: None, Schema: , Login: ***, Password: ***, extra: {}
[2021-12-10 09:11:45,591] {spark_submit.py:362} INFO - Spark-Submit cmd: spark-submit --master spark://spark:7077 --conf spark.master=spark://spark:7077 --name scrap data --verbose /opt/***/jobs/get_ads_per_county.py longford
[2021-12-10 09:12:46,305] {spark_submit.py:523} INFO - Using properties file: null
[2021-12-10 09:12:48,933] {spark_submit.py:523} INFO - WARNING: An illegal reflective access operation has occurred
[2021-12-10 09:12:48,946] {spark_submit.py:523} INFO - WARNING: Illegal reflective access by org.apache.spark.unsafe.Platform (file:/home/***/.local/lib/python3.6/site-packages/pyspark/jars/spark-unsafe_2.12-3.2.0.jar) to constructor java.nio.DirectByteBuffer(long,int)
[2021-12-10 09:12:48,948] {spark_submit.py:523} INFO - WARNING: Please consider reporting this to the maintainers of org.apache.spark.unsafe.Platform
[2021-12-10 09:12:48,953] {spark_submit.py:523} INFO - WARNING: Use --illegal-access=warn to enable warnings of further illegal reflective access operations
[2021-12-10 09:12:48,955] {spark_submit.py:523} INFO - WARNING: All illegal access operations will be denied in a future release
[2021-12-10 09:12:49,633] {spark_submit.py:523} INFO - Parsed arguments:
[2021-12-10 09:12:49,634] {spark_submit.py:523} INFO - master                  spark://spark:7077
[2021-12-10 09:12:49,635] {spark_submit.py:523} INFO - deployMode              null
[2021-12-10 09:12:49,636] {spark_submit.py:523} INFO - executorMemory          null
[2021-12-10 09:12:49,637] {spark_submit.py:523} INFO - executorCores           null
[2021-12-10 09:12:49,639] {spark_submit.py:523} INFO - totalExecutorCores      null
[2021-12-10 09:12:49,640] {spark_submit.py:523} INFO - propertiesFile          null
[2021-12-10 09:12:49,641] {spark_submit.py:523} INFO - driverMemory            null
[2021-12-10 09:12:49,642] {spark_submit.py:523} INFO - driverCores             null
[2021-12-10 09:12:49,643] {spark_submit.py:523} INFO - driverExtraClassPath    null
[2021-12-10 09:12:49,644] {spark_submit.py:523} INFO - driverExtraLibraryPath  null
[2021-12-10 09:12:49,647] {spark_submit.py:523} INFO - driverExtraJavaOptions  null
[2021-12-10 09:12:49,648] {spark_submit.py:523} INFO - supervise               false
[2021-12-10 09:12:49,649] {spark_submit.py:523} INFO - queue                   null
[2021-12-10 09:12:49,650] {spark_submit.py:523} INFO - numExecutors            null
[2021-12-10 09:12:49,651] {spark_submit.py:523} INFO - files                   null
[2021-12-10 09:12:49,653] {spark_submit.py:523} INFO - pyFiles                 null
[2021-12-10 09:12:49,654] {spark_submit.py:523} INFO - archives                null
[2021-12-10 09:12:49,656] {spark_submit.py:523} INFO - mainClass               null
[2021-12-10 09:12:49,657] {spark_submit.py:523} INFO - primaryResource         file:/opt/***/jobs/get_ads_per_county.py
[2021-12-10 09:12:49,659] {spark_submit.py:523} INFO - name                    scrap data
[2021-12-10 09:12:49,660] {spark_submit.py:523} INFO - childArgs               [longford]
[2021-12-10 09:12:49,661] {spark_submit.py:523} INFO - jars                    null
[2021-12-10 09:12:49,663] {spark_submit.py:523} INFO - packages                null
[2021-12-10 09:12:49,664] {spark_submit.py:523} INFO - packagesExclusions      null
[2021-12-10 09:12:49,665] {spark_submit.py:523} INFO - repositories            null
[2021-12-10 09:12:49,666] {spark_submit.py:523} INFO - verbose                 true
[2021-12-10 09:12:49,667] {spark_submit.py:523} INFO - 
[2021-12-10 09:12:49,669] {spark_submit.py:523} INFO - Spark properties used, including those specified through
[2021-12-10 09:12:49,670] {spark_submit.py:523} INFO - --conf and those from the properties file null:
[2021-12-10 09:12:49,671] {spark_submit.py:523} INFO - (spark.master,spark://spark:7077)
[2021-12-10 09:12:49,672] {spark_submit.py:523} INFO - 
[2021-12-10 09:12:49,674] {spark_submit.py:523} INFO - 
[2021-12-10 09:13:02,325] {spark_submit.py:523} INFO - Main class:
[2021-12-10 09:13:02,332] {spark_submit.py:523} INFO - org.apache.spark.deploy.PythonRunner
[2021-12-10 09:13:02,339] {spark_submit.py:523} INFO - Arguments:
[2021-12-10 09:13:02,345] {spark_submit.py:523} INFO - file:/opt/***/jobs/get_ads_per_county.py
[2021-12-10 09:13:02,351] {spark_submit.py:523} INFO - null
[2021-12-10 09:13:02,354] {spark_submit.py:523} INFO - longford
[2021-12-10 09:13:02,359] {spark_submit.py:523} INFO - --verbose
[2021-12-10 09:13:02,446] {spark_submit.py:523} INFO - Spark config:
[2021-12-10 09:13:02,449] {spark_submit.py:523} INFO - (spark.app.name,scrap data)
[2021-12-10 09:13:02,454] {spark_submit.py:523} INFO - (spark.master,spark://spark:7077)
[2021-12-10 09:13:02,460] {spark_submit.py:523} INFO - (spark.submit.pyFiles,)
[2021-12-10 09:13:02,464] {spark_submit.py:523} INFO - (spark.submit.deployMode,client)
[2021-12-10 09:13:02,470] {spark_submit.py:523} INFO - Classpath elements:
[2021-12-10 09:13:02,474] {spark_submit.py:523} INFO - 
[2021-12-10 09:13:02,475] {spark_submit.py:523} INFO - 
[2021-12-10 09:13:02,478] {spark_submit.py:523} INFO - 
[2021-12-10 09:13:25,684] {spark_submit.py:523} INFO - Using Spark's default log4j profile: org/apache/spark/log4j-defaults.properties
[2021-12-10 09:13:25,760] {spark_submit.py:523} INFO - 21/12/10 09:13:25 INFO SparkContext: Running Spark version 3.2.0
[2021-12-10 09:13:27,098] {spark_submit.py:523} INFO - 21/12/10 09:13:27 WARN NativeCodeLoader: Unable to load native-hadoop library for your platform... using builtin-java classes where applicable
[2021-12-10 09:13:28,748] {spark_submit.py:523} INFO - 21/12/10 09:13:28 INFO ResourceUtils: ==============================================================
[2021-12-10 09:13:28,749] {spark_submit.py:523} INFO - 21/12/10 09:13:28 INFO ResourceUtils: No custom resources configured for spark.driver.
[2021-12-10 09:13:28,761] {spark_submit.py:523} INFO - 21/12/10 09:13:28 INFO ResourceUtils: ==============================================================
[2021-12-10 09:13:28,767] {spark_submit.py:523} INFO - 21/12/10 09:13:28 INFO SparkContext: Submitted application: Get Ads per county
[2021-12-10 09:13:29,073] {spark_submit.py:523} INFO - 21/12/10 09:13:29 INFO ResourceProfile: Default ResourceProfile created, executor resources: Map(cores -> name: cores, amount: 1, script: , vendor: , memory -> name: memory, amount: 1024, script: , vendor: , offHeap -> name: offHeap, amount: 0, script: , vendor: ), task resources: Map(cpus -> name: cpus, amount: 1.0)
[2021-12-10 09:13:29,176] {spark_submit.py:523} INFO - 21/12/10 09:13:29 INFO ResourceProfile: Limiting resource is cpu
[2021-12-10 09:13:29,185] {spark_submit.py:523} INFO - 21/12/10 09:13:29 INFO ResourceProfileManager: Added ResourceProfile id: 0
[2021-12-10 09:13:30,732] {spark_submit.py:523} INFO - 21/12/10 09:13:30 INFO SecurityManager: Changing view acls to: ***
[2021-12-10 09:13:30,807] {spark_submit.py:523} INFO - 21/12/10 09:13:30 INFO SecurityManager: Changing modify acls to: ***
[2021-12-10 09:13:30,809] {spark_submit.py:523} INFO - 21/12/10 09:13:30 INFO SecurityManager: Changing view acls groups to:
[2021-12-10 09:13:30,811] {spark_submit.py:523} INFO - 21/12/10 09:13:30 INFO SecurityManager: Changing modify acls groups to:
[2021-12-10 09:13:30,831] {spark_submit.py:523} INFO - 21/12/10 09:13:30 INFO SecurityManager: SecurityManager: authentication disabled; ui acls disabled; users  with view permissions: Set(***); groups with view permissions: Set(); users  with modify permissions: Set(***); groups with modify permissions: Set()
[2021-12-10 09:13:34,699] {spark_submit.py:523} INFO - 21/12/10 09:13:34 INFO Utils: Successfully started service 'sparkDriver' on port 45557.
[2021-12-10 09:13:35,021] {spark_submit.py:523} INFO - 21/12/10 09:13:35 INFO SparkEnv: Registering MapOutputTracker
[2021-12-10 09:13:35,186] {spark_submit.py:523} INFO - 21/12/10 09:13:35 INFO SparkEnv: Registering BlockManagerMaster
[2021-12-10 09:13:35,394] {spark_submit.py:523} INFO - 21/12/10 09:13:35 INFO BlockManagerMasterEndpoint: Using org.apache.spark.storage.DefaultTopologyMapper for getting topology information
[2021-12-10 09:13:35,396] {spark_submit.py:523} INFO - 21/12/10 09:13:35 INFO BlockManagerMasterEndpoint: BlockManagerMasterEndpoint up
[2021-12-10 09:13:35,431] {spark_submit.py:523} INFO - 21/12/10 09:13:35 INFO SparkEnv: Registering BlockManagerMasterHeartbeat
[2021-12-10 09:13:35,880] {spark_submit.py:523} INFO - 21/12/10 09:13:35 INFO DiskBlockManager: Created local directory at /tmp/blockmgr-1e20130f-1a58-4fed-b3c1-855f996cf66c
[2021-12-10 09:13:36,178] {spark_submit.py:523} INFO - 21/12/10 09:13:36 INFO MemoryStore: MemoryStore started with capacity 434.4 MiB
[2021-12-10 09:13:36,298] {spark_submit.py:523} INFO - 21/12/10 09:13:36 INFO SparkEnv: Registering OutputCommitCoordinator
[2021-12-10 09:13:39,238] {spark_submit.py:523} INFO - 21/12/10 09:13:39 INFO Utils: Successfully started service 'SparkUI' on port 4040.
[2021-12-10 09:13:40,154] {spark_submit.py:523} INFO - 21/12/10 09:13:40 INFO SparkUI: Bound SparkUI to 0.0.0.0, and started at http://041e6f8654c3:4040
[2021-12-10 09:13:46,710] {spark_submit.py:523} INFO - 21/12/10 09:13:46 INFO StandaloneAppClient$ClientEndpoint: Connecting to master spark://spark:7077...
[2021-12-10 09:13:53,448] {spark_submit.py:523} INFO - 21/12/10 09:13:53 WARN StandaloneAppClient$ClientEndpoint: Failed to connect to master spark:7077
[2021-12-10 09:13:53,472] {spark_submit.py:523} INFO - org.apache.spark.SparkException: Exception thrown in awaitResult:
[2021-12-10 09:13:53,511] {spark_submit.py:523} INFO - at org.apache.spark.util.ThreadUtils$.awaitResult(ThreadUtils.scala:301)
[2021-12-10 09:13:53,548] {spark_submit.py:523} INFO - at org.apache.spark.rpc.RpcTimeout.awaitResult(RpcTimeout.scala:75)
[2021-12-10 09:13:53,681] {spark_submit.py:523} INFO - at org.apache.spark.rpc.RpcEnv.setupEndpointRefByURI(RpcEnv.scala:101)
[2021-12-10 09:13:53,932] {spark_submit.py:523} INFO - at org.apache.spark.rpc.RpcEnv.setupEndpointRef(RpcEnv.scala:109)
[2021-12-10 09:13:53,939] {spark_submit.py:523} INFO - at org.apache.spark.deploy.client.StandaloneAppClient$ClientEndpoint$$anon$1.run(StandaloneAppClient.scala:107)
[2021-12-10 09:13:53,942] {spark_submit.py:523} INFO - at java.base/java.util.concurrent.Executors$RunnableAdapter.call(Executors.java:515)
[2021-12-10 09:13:53,988] {spark_submit.py:523} INFO - at java.base/java.util.concurrent.FutureTask.run(FutureTask.java:264)
[2021-12-10 09:13:53,991] {spark_submit.py:523} INFO - at java.base/java.util.concurrent.ThreadPoolExecutor.runWorker(ThreadPoolExecutor.java:1128)
[2021-12-10 09:13:54,000] {spark_submit.py:523} INFO - at java.base/java.util.concurrent.ThreadPoolExecutor$Worker.run(ThreadPoolExecutor.java:628)
[2021-12-10 09:13:54,007] {spark_submit.py:523} INFO - at java.base/java.lang.Thread.run(Thread.java:829)
[2021-12-10 09:13:54,017] {spark_submit.py:523} INFO - Caused by: java.io.IOException: Failed to connect to spark:7077
[2021-12-10 09:13:54,019] {spark_submit.py:523} INFO - at org.apache.spark.network.client.TransportClientFactory.createClient(TransportClientFactory.java:288)
[2021-12-10 09:13:54,028] {spark_submit.py:523} INFO - at org.apache.spark.network.client.TransportClientFactory.createClient(TransportClientFactory.java:218)
[2021-12-10 09:13:54,034] {spark_submit.py:523} INFO - at org.apache.spark.network.client.TransportClientFactory.createClient(TransportClientFactory.java:230)
[2021-12-10 09:13:54,039] {spark_submit.py:523} INFO - at org.apache.spark.rpc.netty.NettyRpcEnv.createClient(NettyRpcEnv.scala:204)
[2021-12-10 09:13:54,069] {spark_submit.py:523} INFO - at org.apache.spark.rpc.netty.Outbox$$anon$1.call(Outbox.scala:202)
[2021-12-10 09:13:54,077] {spark_submit.py:523} INFO - at org.apache.spark.rpc.netty.Outbox$$anon$1.call(Outbox.scala:198)
[2021-12-10 09:13:54,095] {spark_submit.py:523} INFO - ... 4 more
[2021-12-10 09:13:54,103] {spark_submit.py:523} INFO - Caused by: java.net.UnknownHostException: spark
[2021-12-10 09:13:54,120] {spark_submit.py:523} INFO - at java.base/java.net.InetAddress$CachedAddresses.get(InetAddress.java:797)
[2021-12-10 09:13:54,123] {spark_submit.py:523} INFO - at java.base/java.net.InetAddress.getAllByName0(InetAddress.java:1509)
[2021-12-10 09:13:54,125] {spark_submit.py:523} INFO - at java.base/java.net.InetAddress.getAllByName(InetAddress.java:1368)
[2021-12-10 09:13:54,126] {spark_submit.py:523} INFO - at java.base/java.net.InetAddress.getAllByName(InetAddress.java:1302)
[2021-12-10 09:13:54,130] {spark_submit.py:523} INFO - at java.base/java.net.InetAddress.getByName(InetAddress.java:1252)
[2021-12-10 09:13:54,132] {spark_submit.py:523} INFO - at io.netty.util.internal.SocketUtils$8.run(SocketUtils.java:156)
[2021-12-10 09:13:54,136] {spark_submit.py:523} INFO - at io.netty.util.internal.SocketUtils$8.run(SocketUtils.java:153)
[2021-12-10 09:13:54,139] {spark_submit.py:523} INFO - at java.base/java.security.AccessController.doPrivileged(Native Method)
[2021-12-10 09:13:54,151] {spark_submit.py:523} INFO - at io.netty.util.internal.SocketUtils.addressByName(SocketUtils.java:153)
[2021-12-10 09:13:54,165] {spark_submit.py:523} INFO - at io.netty.resolver.DefaultNameResolver.doResolve(DefaultNameResolver.java:41)
[2021-12-10 09:13:54,177] {spark_submit.py:523} INFO - at io.netty.resolver.SimpleNameResolver.resolve(SimpleNameResolver.java:61)
[2021-12-10 09:13:54,189] {spark_submit.py:523} INFO - at io.netty.resolver.SimpleNameResolver.resolve(SimpleNameResolver.java:53)
[2021-12-10 09:13:54,202] {spark_submit.py:523} INFO - at io.netty.resolver.InetSocketAddressResolver.doResolve(InetSocketAddressResolver.java:55)
[2021-12-10 09:13:54,213] {spark_submit.py:523} INFO - at io.netty.resolver.InetSocketAddressResolver.doResolve(InetSocketAddressResolver.java:31)
[2021-12-10 09:13:54,215] {spark_submit.py:523} INFO - at io.netty.resolver.AbstractAddressResolver.resolve(AbstractAddressResolver.java:106)
[2021-12-10 09:13:54,228] {spark_submit.py:523} INFO - at io.netty.bootstrap.Bootstrap.doResolveAndConnect0(Bootstrap.java:206)
[2021-12-10 09:13:54,234] {spark_submit.py:523} INFO - at io.netty.bootstrap.Bootstrap.access$000(Bootstrap.java:46)
[2021-12-10 09:13:54,237] {spark_submit.py:523} INFO - at io.netty.bootstrap.Bootstrap$1.operationComplete(Bootstrap.java:180)
[2021-12-10 09:13:54,260] {spark_submit.py:523} INFO - at io.netty.bootstrap.Bootstrap$1.operationComplete(Bootstrap.java:166)
[2021-12-10 09:13:54,273] {spark_submit.py:523} INFO - at io.netty.util.concurrent.DefaultPromise.notifyListener0(DefaultPromise.java:578)
[2021-12-10 09:13:54,310] {spark_submit.py:523} INFO - at io.netty.util.concurrent.DefaultPromise.notifyListenersNow(DefaultPromise.java:552)
[2021-12-10 09:13:54,318] {spark_submit.py:523} INFO - at io.netty.util.concurrent.DefaultPromise.notifyListeners(DefaultPromise.java:491)
[2021-12-10 09:13:54,322] {spark_submit.py:523} INFO - at io.netty.util.concurrent.DefaultPromise.setValue0(DefaultPromise.java:616)
[2021-12-10 09:13:54,330] {spark_submit.py:523} INFO - at io.netty.util.concurrent.DefaultPromise.setSuccess0(DefaultPromise.java:605)
[2021-12-10 09:13:54,352] {spark_submit.py:523} INFO - at io.netty.util.concurrent.DefaultPromise.trySuccess(DefaultPromise.java:104)
[2021-12-10 09:13:54,357] {spark_submit.py:523} INFO - at io.netty.channel.DefaultChannelPromise.trySuccess(DefaultChannelPromise.java:84)
[2021-12-10 09:13:54,360] {spark_submit.py:523} INFO - at io.netty.channel.AbstractChannel$AbstractUnsafe.safeSetSuccess(AbstractChannel.java:1008)
[2021-12-10 09:13:54,366] {spark_submit.py:523} INFO - at io.netty.channel.AbstractChannel$AbstractUnsafe.register0(AbstractChannel.java:516)
[2021-12-10 09:13:54,378] {spark_submit.py:523} INFO - at io.netty.channel.AbstractChannel$AbstractUnsafe.access$200(AbstractChannel.java:429)
[2021-12-10 09:13:54,381] {spark_submit.py:523} INFO - at io.netty.channel.AbstractChannel$AbstractUnsafe$1.run(AbstractChannel.java:486)
[2021-12-10 09:13:54,396] {spark_submit.py:523} INFO - at io.netty.util.concurrent.AbstractEventExecutor.safeExecute(AbstractEventExecutor.java:164)
[2021-12-10 09:13:54,406] {spark_submit.py:523} INFO - at io.netty.util.concurrent.SingleThreadEventExecutor.runAllTasks(SingleThreadEventExecutor.java:469)
[2021-12-10 09:13:54,412] {spark_submit.py:523} INFO - at io.netty.channel.nio.NioEventLoop.run(NioEventLoop.java:500)
[2021-12-10 09:13:54,419] {spark_submit.py:523} INFO - at io.netty.util.concurrent.SingleThreadEventExecutor$4.run(SingleThreadEventExecutor.java:986)
[2021-12-10 09:13:54,426] {spark_submit.py:523} INFO - at io.netty.util.internal.ThreadExecutorMap$2.run(ThreadExecutorMap.java:74)
[2021-12-10 09:13:54,468] {spark_submit.py:523} INFO - at io.netty.util.concurrent.FastThreadLocalRunnable.run(FastThreadLocalRunnable.java:30)
[2021-12-10 09:13:54,476] {spark_submit.py:523} INFO - ... 1 more
