[2021-12-10 09:23:55,886] {taskinstance.py:1035} INFO - Dependencies all met for <TaskInstance: scraping_daft_longford.scrap_data scheduled__2021-12-09T03:30:00+00:00 [queued]>
[2021-12-10 09:23:55,941] {taskinstance.py:1035} INFO - Dependencies all met for <TaskInstance: scraping_daft_longford.scrap_data scheduled__2021-12-09T03:30:00+00:00 [queued]>
[2021-12-10 09:23:55,944] {taskinstance.py:1241} INFO - 
--------------------------------------------------------------------------------
[2021-12-10 09:23:55,945] {taskinstance.py:1242} INFO - Starting attempt 3 of 3
[2021-12-10 09:23:55,946] {taskinstance.py:1243} INFO - 
--------------------------------------------------------------------------------
[2021-12-10 09:23:56,006] {taskinstance.py:1262} INFO - Executing <Task(SparkSubmitOperator): scrap_data> on 2021-12-09 03:30:00+00:00
[2021-12-10 09:23:56,030] {standard_task_runner.py:76} INFO - Running: ['***', 'tasks', 'run', 'scraping_daft_longford', 'scrap_data', 'scheduled__2021-12-09T03:30:00+00:00', '--job-id', '1014', '--raw', '--subdir', 'DAGS_FOLDER/scraping_daft_longford.py', '--cfg-path', '/tmp/tmprn2r8930', '--error-file', '/tmp/tmp7vsfht1n']
[2021-12-10 09:23:56,033] {standard_task_runner.py:77} INFO - Job 1014: Subtask scrap_data
[2021-12-10 09:23:56,024] {standard_task_runner.py:52} INFO - Started process 539 to run task
[2021-12-10 09:23:56,580] {logging_mixin.py:109} INFO - Running <TaskInstance: scraping_daft_longford.scrap_data scheduled__2021-12-09T03:30:00+00:00 [running]> on host b7c04404c5f3
[2021-12-10 09:23:57,672] {taskinstance.py:1429} INFO - Exporting the following env vars:
AIRFLOW_CTX_DAG_EMAIL=***@example.com
AIRFLOW_CTX_DAG_OWNER=clemoni
AIRFLOW_CTX_DAG_ID=scraping_daft_longford
AIRFLOW_CTX_TASK_ID=scrap_data
AIRFLOW_CTX_EXECUTION_DATE=2021-12-09T03:30:00+00:00
AIRFLOW_CTX_DAG_RUN_ID=scheduled__2021-12-09T03:30:00+00:00
[2021-12-10 09:23:57,810] {base.py:79} INFO - Using connection to: id: spark_default. Host: spark://spark:7077, Port: None, Schema: , Login: ***, Password: ***, extra: {}
[2021-12-10 09:23:57,822] {spark_submit.py:362} INFO - Spark-Submit cmd: spark-submit --master spark://spark:7077 --conf spark.master=spark://spark:7077 --name scrap data --verbose /opt/***/jobs/get_ads_per_county.py longford
[2021-12-10 09:24:14,155] {spark_submit.py:523} INFO - Using properties file: null
[2021-12-10 09:24:15,017] {spark_submit.py:523} INFO - WARNING: An illegal reflective access operation has occurred
[2021-12-10 09:24:15,018] {spark_submit.py:523} INFO - WARNING: Illegal reflective access by org.apache.spark.unsafe.Platform (file:/home/***/.local/lib/python3.6/site-packages/pyspark/jars/spark-unsafe_2.12-3.2.0.jar) to constructor java.nio.DirectByteBuffer(long,int)
[2021-12-10 09:24:15,019] {spark_submit.py:523} INFO - WARNING: Please consider reporting this to the maintainers of org.apache.spark.unsafe.Platform
[2021-12-10 09:24:15,021] {spark_submit.py:523} INFO - WARNING: Use --illegal-access=warn to enable warnings of further illegal reflective access operations
[2021-12-10 09:24:15,022] {spark_submit.py:523} INFO - WARNING: All illegal access operations will be denied in a future release
[2021-12-10 09:24:15,833] {spark_submit.py:523} INFO - Parsed arguments:
[2021-12-10 09:24:15,834] {spark_submit.py:523} INFO - master                  spark://spark:7077
[2021-12-10 09:24:15,835] {spark_submit.py:523} INFO - deployMode              null
[2021-12-10 09:24:15,843] {spark_submit.py:523} INFO - executorMemory          null
[2021-12-10 09:24:15,845] {spark_submit.py:523} INFO - executorCores           null
[2021-12-10 09:24:15,846] {spark_submit.py:523} INFO - totalExecutorCores      null
[2021-12-10 09:24:15,851] {spark_submit.py:523} INFO - propertiesFile          null
[2021-12-10 09:24:15,852] {spark_submit.py:523} INFO - driverMemory            null
[2021-12-10 09:24:15,859] {spark_submit.py:523} INFO - driverCores             null
[2021-12-10 09:24:15,860] {spark_submit.py:523} INFO - driverExtraClassPath    null
[2021-12-10 09:24:15,861] {spark_submit.py:523} INFO - driverExtraLibraryPath  null
[2021-12-10 09:24:15,875] {spark_submit.py:523} INFO - driverExtraJavaOptions  null
[2021-12-10 09:24:15,878] {spark_submit.py:523} INFO - supervise               false
[2021-12-10 09:24:15,883] {spark_submit.py:523} INFO - queue                   null
[2021-12-10 09:24:15,891] {spark_submit.py:523} INFO - numExecutors            null
[2021-12-10 09:24:15,898] {spark_submit.py:523} INFO - files                   null
[2021-12-10 09:24:15,901] {spark_submit.py:523} INFO - pyFiles                 null
[2021-12-10 09:24:15,902] {spark_submit.py:523} INFO - archives                null
[2021-12-10 09:24:15,903] {spark_submit.py:523} INFO - mainClass               null
[2021-12-10 09:24:15,904] {spark_submit.py:523} INFO - primaryResource         file:/opt/***/jobs/get_ads_per_county.py
[2021-12-10 09:24:15,906] {spark_submit.py:523} INFO - name                    scrap data
[2021-12-10 09:24:15,907] {spark_submit.py:523} INFO - childArgs               [longford]
[2021-12-10 09:24:15,908] {spark_submit.py:523} INFO - jars                    null
[2021-12-10 09:24:15,909] {spark_submit.py:523} INFO - packages                null
[2021-12-10 09:24:15,910] {spark_submit.py:523} INFO - packagesExclusions      null
[2021-12-10 09:24:15,911] {spark_submit.py:523} INFO - repositories            null
[2021-12-10 09:24:15,912] {spark_submit.py:523} INFO - verbose                 true
[2021-12-10 09:24:15,913] {spark_submit.py:523} INFO - 
[2021-12-10 09:24:15,914] {spark_submit.py:523} INFO - Spark properties used, including those specified through
[2021-12-10 09:24:15,915] {spark_submit.py:523} INFO - --conf and those from the properties file null:
[2021-12-10 09:24:15,916] {spark_submit.py:523} INFO - (spark.master,spark://spark:7077)
[2021-12-10 09:24:15,917] {spark_submit.py:523} INFO - 
[2021-12-10 09:24:15,918] {spark_submit.py:523} INFO - 
[2021-12-10 09:24:18,747] {spark_submit.py:523} INFO - Main class:
[2021-12-10 09:24:18,755] {spark_submit.py:523} INFO - org.apache.spark.deploy.PythonRunner
[2021-12-10 09:24:18,762] {spark_submit.py:523} INFO - Arguments:
[2021-12-10 09:24:18,764] {spark_submit.py:523} INFO - file:/opt/***/jobs/get_ads_per_county.py
[2021-12-10 09:24:18,768] {spark_submit.py:523} INFO - null
[2021-12-10 09:24:18,771] {spark_submit.py:523} INFO - longford
[2021-12-10 09:24:18,778] {spark_submit.py:523} INFO - --verbose
[2021-12-10 09:24:18,797] {spark_submit.py:523} INFO - Spark config:
[2021-12-10 09:24:18,800] {spark_submit.py:523} INFO - (spark.app.name,scrap data)
[2021-12-10 09:24:18,804] {spark_submit.py:523} INFO - (spark.master,spark://spark:7077)
[2021-12-10 09:24:18,808] {spark_submit.py:523} INFO - (spark.submit.pyFiles,)
[2021-12-10 09:24:18,814] {spark_submit.py:523} INFO - (spark.submit.deployMode,client)
[2021-12-10 09:24:18,819] {spark_submit.py:523} INFO - Classpath elements:
[2021-12-10 09:24:18,820] {spark_submit.py:523} INFO - 
[2021-12-10 09:24:18,826] {spark_submit.py:523} INFO - 
[2021-12-10 09:24:18,830] {spark_submit.py:523} INFO - 
[2021-12-10 09:24:25,808] {spark_submit.py:523} INFO - Using Spark's default log4j profile: org/apache/spark/log4j-defaults.properties
[2021-12-10 09:24:25,899] {spark_submit.py:523} INFO - 21/12/10 09:24:25 INFO SparkContext: Running Spark version 3.2.0
[2021-12-10 09:24:27,021] {spark_submit.py:523} INFO - 21/12/10 09:24:27 WARN NativeCodeLoader: Unable to load native-hadoop library for your platform... using builtin-java classes where applicable
[2021-12-10 09:24:31,128] {spark_submit.py:523} INFO - 21/12/10 09:24:31 INFO ResourceUtils: ==============================================================
[2021-12-10 09:24:31,142] {spark_submit.py:523} INFO - 21/12/10 09:24:31 INFO ResourceUtils: No custom resources configured for spark.driver.
[2021-12-10 09:24:31,144] {spark_submit.py:523} INFO - 21/12/10 09:24:31 INFO ResourceUtils: ==============================================================
[2021-12-10 09:24:31,153] {spark_submit.py:523} INFO - 21/12/10 09:24:31 INFO SparkContext: Submitted application: Get Ads per county
[2021-12-10 09:24:31,827] {spark_submit.py:523} INFO - 21/12/10 09:24:31 INFO ResourceProfile: Default ResourceProfile created, executor resources: Map(cores -> name: cores, amount: 1, script: , vendor: , memory -> name: memory, amount: 1024, script: , vendor: , offHeap -> name: offHeap, amount: 0, script: , vendor: ), task resources: Map(cpus -> name: cpus, amount: 1.0)
[2021-12-10 09:24:32,209] {spark_submit.py:523} INFO - 21/12/10 09:24:32 INFO ResourceProfile: Limiting resource is cpu
[2021-12-10 09:24:32,275] {spark_submit.py:523} INFO - 21/12/10 09:24:32 INFO ResourceProfileManager: Added ResourceProfile id: 0
[2021-12-10 09:24:33,620] {spark_submit.py:523} INFO - 21/12/10 09:24:33 INFO SecurityManager: Changing view acls to: ***
[2021-12-10 09:24:33,748] {spark_submit.py:523} INFO - 21/12/10 09:24:33 INFO SecurityManager: Changing modify acls to: ***
[2021-12-10 09:24:33,770] {spark_submit.py:523} INFO - 21/12/10 09:24:33 INFO SecurityManager: Changing view acls groups to:
[2021-12-10 09:24:33,774] {spark_submit.py:523} INFO - 21/12/10 09:24:33 INFO SecurityManager: Changing modify acls groups to:
[2021-12-10 09:24:33,785] {spark_submit.py:523} INFO - 21/12/10 09:24:33 INFO SecurityManager: SecurityManager: authentication disabled; ui acls disabled; users  with view permissions: Set(***); groups with view permissions: Set(); users  with modify permissions: Set(***); groups with modify permissions: Set()
[2021-12-10 09:24:38,412] {spark_submit.py:523} INFO - 21/12/10 09:24:38 INFO Utils: Successfully started service 'sparkDriver' on port 43237.
[2021-12-10 09:24:38,929] {spark_submit.py:523} INFO - 21/12/10 09:24:38 INFO SparkEnv: Registering MapOutputTracker
[2021-12-10 09:24:39,486] {spark_submit.py:523} INFO - 21/12/10 09:24:39 INFO SparkEnv: Registering BlockManagerMaster
[2021-12-10 09:24:40,239] {spark_submit.py:523} INFO - 21/12/10 09:24:40 INFO BlockManagerMasterEndpoint: Using org.apache.spark.storage.DefaultTopologyMapper for getting topology information
[2021-12-10 09:24:40,243] {spark_submit.py:523} INFO - 21/12/10 09:24:40 INFO BlockManagerMasterEndpoint: BlockManagerMasterEndpoint up
[2021-12-10 09:24:40,464] {spark_submit.py:523} INFO - 21/12/10 09:24:40 INFO SparkEnv: Registering BlockManagerMasterHeartbeat
[2021-12-10 09:24:41,231] {spark_submit.py:523} INFO - 21/12/10 09:24:41 INFO DiskBlockManager: Created local directory at /tmp/blockmgr-6844dd11-aef9-4bdb-88ef-8f80c921b772
[2021-12-10 09:24:41,516] {spark_submit.py:523} INFO - 21/12/10 09:24:41 INFO MemoryStore: MemoryStore started with capacity 434.4 MiB
[2021-12-10 09:24:41,990] {spark_submit.py:523} INFO - 21/12/10 09:24:41 INFO SparkEnv: Registering OutputCommitCoordinator
[2021-12-10 09:24:48,464] {spark_submit.py:523} INFO - 21/12/10 09:24:48 WARN Utils: Service 'SparkUI' could not bind on port 4040. Attempting port 4041.
[2021-12-10 09:24:48,521] {spark_submit.py:523} INFO - 21/12/10 09:24:48 WARN Utils: Service 'SparkUI' could not bind on port 4041. Attempting port 4042.
[2021-12-10 09:24:48,637] {spark_submit.py:523} INFO - 21/12/10 09:24:48 WARN Utils: Service 'SparkUI' could not bind on port 4042. Attempting port 4043.
[2021-12-10 09:24:48,649] {spark_submit.py:523} INFO - 21/12/10 09:24:48 WARN Utils: Service 'SparkUI' could not bind on port 4043. Attempting port 4044.
[2021-12-10 09:24:48,660] {spark_submit.py:523} INFO - 21/12/10 09:24:48 WARN Utils: Service 'SparkUI' could not bind on port 4044. Attempting port 4045.
[2021-12-10 09:24:48,666] {spark_submit.py:523} INFO - 21/12/10 09:24:48 WARN Utils: Service 'SparkUI' could not bind on port 4045. Attempting port 4046.
[2021-12-10 09:24:48,670] {spark_submit.py:523} INFO - 21/12/10 09:24:48 WARN Utils: Service 'SparkUI' could not bind on port 4046. Attempting port 4047.
[2021-12-10 09:24:48,675] {spark_submit.py:523} INFO - 21/12/10 09:24:48 WARN Utils: Service 'SparkUI' could not bind on port 4047. Attempting port 4048.
[2021-12-10 09:24:49,019] {spark_submit.py:523} INFO - 21/12/10 09:24:49 INFO Utils: Successfully started service 'SparkUI' on port 4048.
[2021-12-10 09:24:49,928] {spark_submit.py:523} INFO - 21/12/10 09:24:49 INFO SparkUI: Bound SparkUI to 0.0.0.0, and started at http://b7c04404c5f3:4048
[2021-12-10 09:24:59,682] {spark_submit.py:523} INFO - 21/12/10 09:24:59 INFO StandaloneAppClient$ClientEndpoint: Connecting to master spark://spark:7077...
[2021-12-10 09:25:01,106] {spark_submit.py:523} INFO - 21/12/10 09:25:01 INFO TransportClientFactory: Successfully created connection to spark/172.18.0.4:7077 after 1052 ms (0 ms spent in bootstraps)
[2021-12-10 09:25:03,405] {spark_submit.py:523} INFO - 21/12/10 09:25:03 INFO StandaloneSchedulerBackend: Connected to Spark cluster with app ID app-20211210092503-0008
[2021-12-10 09:25:03,505] {spark_submit.py:523} INFO - 21/12/10 09:25:03 INFO Utils: Successfully started service 'org.apache.spark.network.netty.NettyBlockTransferService' on port 41891.
[2021-12-10 09:25:03,506] {spark_submit.py:523} INFO - 21/12/10 09:25:03 INFO NettyBlockTransferService: Server created on b7c04404c5f3:41891
[2021-12-10 09:25:03,521] {spark_submit.py:523} INFO - 21/12/10 09:25:03 INFO BlockManager: Using org.apache.spark.storage.RandomBlockReplicationPolicy for block replication policy
[2021-12-10 09:25:03,802] {spark_submit.py:523} INFO - 21/12/10 09:25:03 INFO BlockManagerMaster: Registering BlockManager BlockManagerId(driver, b7c04404c5f3, 41891, None)
[2021-12-10 09:25:03,848] {spark_submit.py:523} INFO - 21/12/10 09:25:03 INFO BlockManagerMasterEndpoint: Registering block manager b7c04404c5f3:41891 with 434.4 MiB RAM, BlockManagerId(driver, b7c04404c5f3, 41891, None)
[2021-12-10 09:25:03,873] {spark_submit.py:523} INFO - 21/12/10 09:25:03 INFO BlockManagerMaster: Registered BlockManager BlockManagerId(driver, b7c04404c5f3, 41891, None)
[2021-12-10 09:25:03,885] {spark_submit.py:523} INFO - 21/12/10 09:25:03 INFO BlockManager: Initialized BlockManager: BlockManagerId(driver, b7c04404c5f3, 41891, None)
[2021-12-10 09:25:10,856] {spark_submit.py:523} INFO - 21/12/10 09:25:10 INFO StandaloneSchedulerBackend: SchedulerBackend is ready for scheduling beginning after reached minRegisteredResourcesRatio: 0.0
[2021-12-10 09:25:11,632] {spark_submit.py:523} INFO - /home/***/.local/lib/python3.6/site-packages/pyspark/python/lib/pyspark.zip/pyspark/context.py:238: FutureWarning: Python 3.6 support is deprecated in Spark 3.2.
[2021-12-10 09:25:11,633] {spark_submit.py:523} INFO - FutureWarning
[2021-12-10 09:25:28,903] {spark_submit.py:523} INFO - 21/12/10 09:25:28 INFO SharedState: Setting hive.metastore.warehouse.dir ('null') to the value of spark.sql.warehouse.dir.
[2021-12-10 09:25:29,823] {spark_submit.py:523} INFO - 21/12/10 09:25:29 INFO SharedState: Warehouse path is 'file:/opt/***/spark-warehouse'.
[2021-12-10 09:25:50,528] {spark_submit.py:523} INFO - running...
[2021-12-10 09:25:51,879] {spark_submit.py:523} INFO - running...
[2021-12-10 09:25:52,559] {spark_submit.py:523} INFO - running...
[2021-12-10 09:25:53,563] {spark_submit.py:523} INFO - running...
[2021-12-10 09:25:54,236] {spark_submit.py:523} INFO - running...
[2021-12-10 09:25:54,828] {spark_submit.py:523} INFO - running...
[2021-12-10 09:25:55,502] {spark_submit.py:523} INFO - running...
[2021-12-10 09:25:56,125] {spark_submit.py:523} INFO - running...
[2021-12-10 09:26:00,738] {spark_submit.py:523} INFO - running...
[2021-12-10 09:26:01,443] {spark_submit.py:523} INFO - running...
[2021-12-10 09:26:04,911] {spark_submit.py:523} INFO - running...
[2021-12-10 09:26:06,207] {spark_submit.py:523} INFO - running...
[2021-12-10 09:26:10,441] {spark_submit.py:523} INFO - 21/12/10 09:26:10 INFO SparkContext: Invoking stop() from shutdown hook
[2021-12-10 09:26:10,568] {spark_submit.py:523} INFO - 21/12/10 09:26:10 INFO SparkUI: Stopped Spark web UI at http://b7c04404c5f3:4048
[2021-12-10 09:26:10,645] {spark_submit.py:523} INFO - 21/12/10 09:26:10 INFO StandaloneSchedulerBackend: Shutting down all executors
[2021-12-10 09:26:10,673] {spark_submit.py:523} INFO - 21/12/10 09:26:10 INFO CoarseGrainedSchedulerBackend$DriverEndpoint: Asking each executor to shut down
[2021-12-10 09:26:10,789] {spark_submit.py:523} INFO - 21/12/10 09:26:10 INFO MapOutputTrackerMasterEndpoint: MapOutputTrackerMasterEndpoint stopped!
[2021-12-10 09:26:10,857] {spark_submit.py:523} INFO - 21/12/10 09:26:10 INFO MemoryStore: MemoryStore cleared
[2021-12-10 09:26:10,858] {spark_submit.py:523} INFO - 21/12/10 09:26:10 INFO BlockManager: BlockManager stopped
[2021-12-10 09:26:10,888] {spark_submit.py:523} INFO - 21/12/10 09:26:10 INFO BlockManagerMaster: BlockManagerMaster stopped
[2021-12-10 09:26:10,895] {spark_submit.py:523} INFO - 21/12/10 09:26:10 INFO OutputCommitCoordinator$OutputCommitCoordinatorEndpoint: OutputCommitCoordinator stopped!
[2021-12-10 09:26:10,935] {spark_submit.py:523} INFO - 21/12/10 09:26:10 INFO SparkContext: Successfully stopped SparkContext
[2021-12-10 09:26:10,938] {spark_submit.py:523} INFO - 21/12/10 09:26:10 INFO ShutdownHookManager: Shutdown hook called
[2021-12-10 09:26:10,940] {spark_submit.py:523} INFO - 21/12/10 09:26:10 INFO ShutdownHookManager: Deleting directory /tmp/spark-75b4402d-99c6-4c47-a6fa-f3e3fd5bbb7c
[2021-12-10 09:26:10,949] {spark_submit.py:523} INFO - 21/12/10 09:26:10 INFO ShutdownHookManager: Deleting directory /tmp/spark-75b4402d-99c6-4c47-a6fa-f3e3fd5bbb7c/pyspark-591761e7-b3f1-4519-ba5e-f8918145d628
[2021-12-10 09:26:10,990] {spark_submit.py:523} INFO - 21/12/10 09:26:10 INFO ShutdownHookManager: Deleting directory /tmp/spark-5ae4f7f0-a008-4c82-92f4-98719498100f
[2021-12-10 09:26:11,402] {taskinstance.py:1280} INFO - Marking task as SUCCESS. dag_id=scraping_daft_longford, task_id=scrap_data, execution_date=20211209T033000, start_date=20211210T092355, end_date=20211210T092611
[2021-12-10 09:26:11,987] {local_task_job.py:154} INFO - Task exited with return code 0
[2021-12-10 09:26:12,690] {local_task_job.py:264} INFO - 1 downstream tasks scheduled from follow-on schedule check
