[2021-12-23 11:17:30,198] {taskinstance.py:1035} INFO - Dependencies all met for <TaskInstance: scraping_daft_waterford.run_init_county scheduled__2021-12-22T10:55:00+00:00 [queued]>
[2021-12-23 11:17:30,301] {taskinstance.py:1035} INFO - Dependencies all met for <TaskInstance: scraping_daft_waterford.run_init_county scheduled__2021-12-22T10:55:00+00:00 [queued]>
[2021-12-23 11:17:30,314] {taskinstance.py:1241} INFO - 
--------------------------------------------------------------------------------
[2021-12-23 11:17:30,336] {taskinstance.py:1242} INFO - Starting attempt 1 of 4
[2021-12-23 11:17:30,347] {taskinstance.py:1243} INFO - 
--------------------------------------------------------------------------------
[2021-12-23 11:17:30,527] {taskinstance.py:1262} INFO - Executing <Task(_PythonDecoratedOperator): run_init_county> on 2021-12-22 10:55:00+00:00
[2021-12-23 11:17:31,117] {standard_task_runner.py:76} INFO - Running: ['***', 'tasks', 'run', 'scraping_daft_waterford', 'run_init_county', 'scheduled__2021-12-22T10:55:00+00:00', '--job-id', '4004', '--raw', '--subdir', 'DAGS_FOLDER/scraping_daft_waterford.py', '--cfg-path', '/tmp/tmpxcv6dpw8', '--error-file', '/tmp/tmp67w1zj32']
[2021-12-23 11:17:31,185] {standard_task_runner.py:77} INFO - Job 4004: Subtask run_init_county
[2021-12-23 11:17:30,926] {standard_task_runner.py:52} INFO - Started process 27663 to run task
[2021-12-23 11:17:32,658] {logging_mixin.py:109} INFO - Running <TaskInstance: scraping_daft_waterford.run_init_county scheduled__2021-12-22T10:55:00+00:00 [running]> on host bb1be648e8f2
[2021-12-23 11:17:34,039] {taskinstance.py:1429} INFO - Exporting the following env vars:
AIRFLOW_CTX_DAG_EMAIL=clement.liscoet@gmail.com
AIRFLOW_CTX_DAG_OWNER=clemoni
AIRFLOW_CTX_DAG_ID=scraping_daft_waterford
AIRFLOW_CTX_TASK_ID=run_init_county
AIRFLOW_CTX_EXECUTION_DATE=2021-12-22T10:55:00+00:00
AIRFLOW_CTX_DAG_RUN_ID=scheduled__2021-12-22T10:55:00+00:00
[2021-12-23 11:17:34,260] {python.py:152} INFO - Done. Returned value was: None
[2021-12-23 11:17:34,698] {taskinstance.py:1280} INFO - Marking task as SUCCESS. dag_id=scraping_daft_waterford, task_id=run_init_county, execution_date=20211222T105500, start_date=20211223T111730, end_date=20211223T111734
[2021-12-23 11:17:34,989] {local_task_job.py:154} INFO - Task exited with return code 0
[2021-12-23 11:17:36,343] {local_task_job.py:264} INFO - 1 downstream tasks scheduled from follow-on schedule check
