[2021-12-20 09:05:02,587] {taskinstance.py:1035} INFO - Dependencies all met for <TaskInstance: scraping_daft_carlow.scrap_data scheduled__2021-12-19T09:05:00+00:00 [queued]>
[2021-12-20 09:05:02,604] {taskinstance.py:1035} INFO - Dependencies all met for <TaskInstance: scraping_daft_carlow.scrap_data scheduled__2021-12-19T09:05:00+00:00 [queued]>
[2021-12-20 09:05:02,605] {taskinstance.py:1241} INFO - 
--------------------------------------------------------------------------------
[2021-12-20 09:05:02,606] {taskinstance.py:1242} INFO - Starting attempt 1 of 4
[2021-12-20 09:05:02,607] {taskinstance.py:1243} INFO - 
--------------------------------------------------------------------------------
[2021-12-20 09:05:02,627] {taskinstance.py:1262} INFO - Executing <Task(SparkSubmitOperator): scrap_data> on 2021-12-19 09:05:00+00:00
[2021-12-20 09:05:02,637] {standard_task_runner.py:76} INFO - Running: ['***', 'tasks', 'run', 'scraping_daft_carlow', 'scrap_data', 'scheduled__2021-12-19T09:05:00+00:00', '--job-id', '3343', '--raw', '--subdir', 'DAGS_FOLDER/scraping_daft_carlow.py', '--cfg-path', '/tmp/tmpahj7ra2n', '--error-file', '/tmp/tmpr0e9xmzu']
[2021-12-20 09:05:02,639] {standard_task_runner.py:77} INFO - Job 3343: Subtask scrap_data
[2021-12-20 09:05:02,634] {standard_task_runner.py:52} INFO - Started process 155 to run task
[2021-12-20 09:05:02,750] {logging_mixin.py:109} INFO - Running <TaskInstance: scraping_daft_carlow.scrap_data scheduled__2021-12-19T09:05:00+00:00 [running]> on host a35fe600e898
[2021-12-20 09:05:02,900] {taskinstance.py:1429} INFO - Exporting the following env vars:
AIRFLOW_CTX_DAG_EMAIL=clement.liscoet@gmail.com
AIRFLOW_CTX_DAG_OWNER=clemoni
AIRFLOW_CTX_DAG_ID=scraping_daft_carlow
AIRFLOW_CTX_TASK_ID=scrap_data
AIRFLOW_CTX_EXECUTION_DATE=2021-12-19T09:05:00+00:00
AIRFLOW_CTX_DAG_RUN_ID=scheduled__2021-12-19T09:05:00+00:00
[2021-12-20 09:05:02,949] {base.py:79} INFO - Using connection to: id: spark_default. Host: spark://spark:7077, Port: None, Schema: , Login: ***, Password: ***, extra: {}
[2021-12-20 09:05:02,956] {spark_submit.py:360} INFO - Spark-Submit cmd: spark-submit --master spark://spark:7077 --conf spark.master=spark://spark:7077 --name scrap data --verbose /opt/***/jobs/get_ads_per_county.py carlow
[2021-12-20 09:05:05,406] {spark_submit.py:514} INFO - Using properties file: null
[2021-12-20 09:05:05,653] {spark_submit.py:514} INFO - WARNING: An illegal reflective access operation has occurred
[2021-12-20 09:05:05,654] {spark_submit.py:514} INFO - WARNING: Illegal reflective access by org.apache.spark.unsafe.Platform (file:/home/***/.local/lib/python3.6/site-packages/pyspark/jars/spark-unsafe_2.12-3.2.0.jar) to constructor java.nio.DirectByteBuffer(long,int)
[2021-12-20 09:05:05,655] {spark_submit.py:514} INFO - WARNING: Please consider reporting this to the maintainers of org.apache.spark.unsafe.Platform
[2021-12-20 09:05:05,656] {spark_submit.py:514} INFO - WARNING: Use --illegal-access=warn to enable warnings of further illegal reflective access operations
[2021-12-20 09:05:05,656] {spark_submit.py:514} INFO - WARNING: All illegal access operations will be denied in a future release
[2021-12-20 09:05:05,712] {spark_submit.py:514} INFO - Parsed arguments:
[2021-12-20 09:05:05,713] {spark_submit.py:514} INFO - master                  spark://spark:7077
[2021-12-20 09:05:05,714] {spark_submit.py:514} INFO - deployMode              null
[2021-12-20 09:05:05,715] {spark_submit.py:514} INFO - executorMemory          null
[2021-12-20 09:05:05,716] {spark_submit.py:514} INFO - executorCores           null
[2021-12-20 09:05:05,717] {spark_submit.py:514} INFO - totalExecutorCores      null
[2021-12-20 09:05:05,718] {spark_submit.py:514} INFO - propertiesFile          null
[2021-12-20 09:05:05,719] {spark_submit.py:514} INFO - driverMemory            null
[2021-12-20 09:05:05,720] {spark_submit.py:514} INFO - driverCores             null
[2021-12-20 09:05:05,721] {spark_submit.py:514} INFO - driverExtraClassPath    null
[2021-12-20 09:05:05,721] {spark_submit.py:514} INFO - driverExtraLibraryPath  null
[2021-12-20 09:05:05,723] {spark_submit.py:514} INFO - driverExtraJavaOptions  null
[2021-12-20 09:05:05,723] {spark_submit.py:514} INFO - supervise               false
[2021-12-20 09:05:05,724] {spark_submit.py:514} INFO - queue                   null
[2021-12-20 09:05:05,725] {spark_submit.py:514} INFO - numExecutors            null
[2021-12-20 09:05:05,725] {spark_submit.py:514} INFO - files                   null
[2021-12-20 09:05:05,726] {spark_submit.py:514} INFO - pyFiles                 null
[2021-12-20 09:05:05,727] {spark_submit.py:514} INFO - archives                null
[2021-12-20 09:05:05,728] {spark_submit.py:514} INFO - mainClass               null
[2021-12-20 09:05:05,729] {spark_submit.py:514} INFO - primaryResource         file:/opt/***/jobs/get_ads_per_county.py
[2021-12-20 09:05:05,729] {spark_submit.py:514} INFO - name                    scrap data
[2021-12-20 09:05:05,730] {spark_submit.py:514} INFO - childArgs               [carlow]
[2021-12-20 09:05:05,731] {spark_submit.py:514} INFO - jars                    null
[2021-12-20 09:05:05,731] {spark_submit.py:514} INFO - packages                null
[2021-12-20 09:05:05,732] {spark_submit.py:514} INFO - packagesExclusions      null
[2021-12-20 09:05:05,733] {spark_submit.py:514} INFO - repositories            null
[2021-12-20 09:05:05,734] {spark_submit.py:514} INFO - verbose                 true
[2021-12-20 09:05:05,735] {spark_submit.py:514} INFO - 
[2021-12-20 09:05:05,736] {spark_submit.py:514} INFO - Spark properties used, including those specified through
[2021-12-20 09:05:05,736] {spark_submit.py:514} INFO - --conf and those from the properties file null:
[2021-12-20 09:05:05,737] {spark_submit.py:514} INFO - (spark.master,spark://spark:7077)
[2021-12-20 09:05:05,738] {spark_submit.py:514} INFO - 
[2021-12-20 09:05:05,739] {spark_submit.py:514} INFO - 
[2021-12-20 09:05:06,078] {spark_submit.py:514} INFO - Main class:
[2021-12-20 09:05:06,079] {spark_submit.py:514} INFO - org.apache.spark.deploy.PythonRunner
[2021-12-20 09:05:06,080] {spark_submit.py:514} INFO - Arguments:
[2021-12-20 09:05:06,081] {spark_submit.py:514} INFO - file:/opt/***/jobs/get_ads_per_county.py
[2021-12-20 09:05:06,082] {spark_submit.py:514} INFO - null
[2021-12-20 09:05:06,083] {spark_submit.py:514} INFO - carlow
[2021-12-20 09:05:06,084] {spark_submit.py:514} INFO - --verbose
[2021-12-20 09:05:06,085] {spark_submit.py:514} INFO - Spark config:
[2021-12-20 09:05:06,085] {spark_submit.py:514} INFO - (spark.app.name,scrap data)
[2021-12-20 09:05:06,086] {spark_submit.py:514} INFO - (spark.master,spark://spark:7077)
[2021-12-20 09:05:06,087] {spark_submit.py:514} INFO - (spark.submit.pyFiles,)
[2021-12-20 09:05:06,088] {spark_submit.py:514} INFO - (spark.submit.deployMode,client)
[2021-12-20 09:05:06,089] {spark_submit.py:514} INFO - Classpath elements:
[2021-12-20 09:05:06,089] {spark_submit.py:514} INFO - 
[2021-12-20 09:05:06,090] {spark_submit.py:514} INFO - 
[2021-12-20 09:05:06,091] {spark_submit.py:514} INFO - 
[2021-12-20 09:05:07,812] {spark_submit.py:514} INFO - Using Spark's default log4j profile: org/apache/spark/log4j-defaults.properties
[2021-12-20 09:05:07,831] {spark_submit.py:514} INFO - 21/12/20 09:05:07 INFO SparkContext: Running Spark version 3.2.0
[2021-12-20 09:05:07,954] {spark_submit.py:514} INFO - 21/12/20 09:05:07 WARN NativeCodeLoader: Unable to load native-hadoop library for your platform... using builtin-java classes where applicable
[2021-12-20 09:05:08,142] {spark_submit.py:514} INFO - 21/12/20 09:05:08 INFO ResourceUtils: ==============================================================
[2021-12-20 09:05:08,143] {spark_submit.py:514} INFO - 21/12/20 09:05:08 INFO ResourceUtils: No custom resources configured for spark.driver.
[2021-12-20 09:05:08,144] {spark_submit.py:514} INFO - 21/12/20 09:05:08 INFO ResourceUtils: ==============================================================
[2021-12-20 09:05:08,145] {spark_submit.py:514} INFO - 21/12/20 09:05:08 INFO SparkContext: Submitted application: Get Ads per county
[2021-12-20 09:05:08,177] {spark_submit.py:514} INFO - 21/12/20 09:05:08 INFO ResourceProfile: Default ResourceProfile created, executor resources: Map(cores -> name: cores, amount: 1, script: , vendor: , memory -> name: memory, amount: 1024, script: , vendor: , offHeap -> name: offHeap, amount: 0, script: , vendor: ), task resources: Map(cpus -> name: cpus, amount: 1.0)
[2021-12-20 09:05:08,190] {spark_submit.py:514} INFO - 21/12/20 09:05:08 INFO ResourceProfile: Limiting resource is cpu
[2021-12-20 09:05:08,191] {spark_submit.py:514} INFO - 21/12/20 09:05:08 INFO ResourceProfileManager: Added ResourceProfile id: 0
[2021-12-20 09:05:08,303] {spark_submit.py:514} INFO - 21/12/20 09:05:08 INFO SecurityManager: Changing view acls to: ***
[2021-12-20 09:05:08,304] {spark_submit.py:514} INFO - 21/12/20 09:05:08 INFO SecurityManager: Changing modify acls to: ***
[2021-12-20 09:05:08,305] {spark_submit.py:514} INFO - 21/12/20 09:05:08 INFO SecurityManager: Changing view acls groups to:
[2021-12-20 09:05:08,306] {spark_submit.py:514} INFO - 21/12/20 09:05:08 INFO SecurityManager: Changing modify acls groups to:
[2021-12-20 09:05:08,307] {spark_submit.py:514} INFO - 21/12/20 09:05:08 INFO SecurityManager: SecurityManager: authentication disabled; ui acls disabled; users  with view permissions: Set(***); groups with view permissions: Set(); users  with modify permissions: Set(***); groups with modify permissions: Set()
[2021-12-20 09:05:08,676] {spark_submit.py:514} INFO - 21/12/20 09:05:08 INFO Utils: Successfully started service 'sparkDriver' on port 46647.
[2021-12-20 09:05:08,735] {spark_submit.py:514} INFO - 21/12/20 09:05:08 INFO SparkEnv: Registering MapOutputTracker
[2021-12-20 09:05:08,793] {spark_submit.py:514} INFO - 21/12/20 09:05:08 INFO SparkEnv: Registering BlockManagerMaster
[2021-12-20 09:05:08,821] {spark_submit.py:514} INFO - 21/12/20 09:05:08 INFO BlockManagerMasterEndpoint: Using org.apache.spark.storage.DefaultTopologyMapper for getting topology information
[2021-12-20 09:05:08,822] {spark_submit.py:514} INFO - 21/12/20 09:05:08 INFO BlockManagerMasterEndpoint: BlockManagerMasterEndpoint up
[2021-12-20 09:05:08,828] {spark_submit.py:514} INFO - 21/12/20 09:05:08 INFO SparkEnv: Registering BlockManagerMasterHeartbeat
[2021-12-20 09:05:08,864] {spark_submit.py:514} INFO - 21/12/20 09:05:08 INFO DiskBlockManager: Created local directory at /tmp/blockmgr-7ba8ed3a-fe3c-4fa3-b1b6-4f35f743dec6
[2021-12-20 09:05:08,892] {spark_submit.py:514} INFO - 21/12/20 09:05:08 INFO MemoryStore: MemoryStore started with capacity 434.4 MiB
[2021-12-20 09:05:08,912] {spark_submit.py:514} INFO - 21/12/20 09:05:08 INFO SparkEnv: Registering OutputCommitCoordinator
[2021-12-20 09:05:09,208] {spark_submit.py:514} INFO - 21/12/20 09:05:09 INFO Utils: Successfully started service 'SparkUI' on port 4040.
[2021-12-20 09:05:09,334] {spark_submit.py:514} INFO - 21/12/20 09:05:09 INFO SparkUI: Bound SparkUI to 0.0.0.0, and started at http://a35fe600e898:4040
[2021-12-20 09:05:09,599] {spark_submit.py:514} INFO - 21/12/20 09:05:09 INFO StandaloneAppClient$ClientEndpoint: Connecting to master spark://spark:7077...
[2021-12-20 09:05:09,689] {spark_submit.py:514} INFO - 21/12/20 09:05:09 INFO TransportClientFactory: Successfully created connection to spark/172.21.0.4:7077 after 50 ms (0 ms spent in bootstraps)
[2021-12-20 09:05:09,859] {spark_submit.py:514} INFO - 21/12/20 09:05:09 INFO StandaloneSchedulerBackend: Connected to Spark cluster with app ID app-20211220090509-0000
[2021-12-20 09:05:09,872] {spark_submit.py:514} INFO - 21/12/20 09:05:09 INFO Utils: Successfully started service 'org.apache.spark.network.netty.NettyBlockTransferService' on port 37095.
[2021-12-20 09:05:09,873] {spark_submit.py:514} INFO - 21/12/20 09:05:09 INFO NettyBlockTransferService: Server created on a35fe600e898:37095
[2021-12-20 09:05:09,875] {spark_submit.py:514} INFO - 21/12/20 09:05:09 INFO BlockManager: Using org.apache.spark.storage.RandomBlockReplicationPolicy for block replication policy
[2021-12-20 09:05:09,887] {spark_submit.py:514} INFO - 21/12/20 09:05:09 INFO BlockManagerMaster: Registering BlockManager BlockManagerId(driver, a35fe600e898, 37095, None)
[2021-12-20 09:05:09,893] {spark_submit.py:514} INFO - 21/12/20 09:05:09 INFO BlockManagerMasterEndpoint: Registering block manager a35fe600e898:37095 with 434.4 MiB RAM, BlockManagerId(driver, a35fe600e898, 37095, None)
[2021-12-20 09:05:09,898] {spark_submit.py:514} INFO - 21/12/20 09:05:09 INFO BlockManagerMaster: Registered BlockManager BlockManagerId(driver, a35fe600e898, 37095, None)
[2021-12-20 09:05:09,901] {spark_submit.py:514} INFO - 21/12/20 09:05:09 INFO BlockManager: Initialized BlockManager: BlockManagerId(driver, a35fe600e898, 37095, None)
[2021-12-20 09:05:09,934] {spark_submit.py:514} INFO - 21/12/20 09:05:09 INFO StandaloneAppClient$ClientEndpoint: Executor added: app-20211220090509-0000/0 on worker-20211220090211-172.21.0.6-41055 (172.21.0.6:41055) with 6 core(s)
[2021-12-20 09:05:09,940] {spark_submit.py:514} INFO - 21/12/20 09:05:09 INFO StandaloneSchedulerBackend: Granted executor ID app-20211220090509-0000/0 on hostPort 172.21.0.6:41055 with 6 core(s), 1024.0 MiB RAM
[2021-12-20 09:05:09,941] {spark_submit.py:514} INFO - 21/12/20 09:05:09 INFO StandaloneAppClient$ClientEndpoint: Executor added: app-20211220090509-0000/1 on worker-20211220090211-172.21.0.5-41119 (172.21.0.5:41119) with 6 core(s)
[2021-12-20 09:05:09,943] {spark_submit.py:514} INFO - 21/12/20 09:05:09 INFO StandaloneSchedulerBackend: Granted executor ID app-20211220090509-0000/1 on hostPort 172.21.0.5:41119 with 6 core(s), 1024.0 MiB RAM
[2021-12-20 09:05:10,182] {spark_submit.py:514} INFO - 21/12/20 09:05:10 INFO StandaloneAppClient$ClientEndpoint: Executor updated: app-20211220090509-0000/0 is now RUNNING
[2021-12-20 09:05:10,184] {spark_submit.py:514} INFO - 21/12/20 09:05:10 INFO StandaloneAppClient$ClientEndpoint: Executor updated: app-20211220090509-0000/1 is now RUNNING
[2021-12-20 09:05:10,259] {spark_submit.py:514} INFO - 21/12/20 09:05:10 INFO StandaloneSchedulerBackend: SchedulerBackend is ready for scheduling beginning after reached minRegisteredResourcesRatio: 0.0
[2021-12-20 09:05:10,314] {spark_submit.py:514} INFO - /home/***/.local/lib/python3.6/site-packages/pyspark/python/lib/pyspark.zip/pyspark/context.py:238: FutureWarning: Python 3.6 support is deprecated in Spark 3.2.
[2021-12-20 09:05:10,315] {spark_submit.py:514} INFO - FutureWarning
[2021-12-20 09:05:10,804] {spark_submit.py:514} INFO - 21/12/20 09:05:10 INFO SharedState: Setting hive.metastore.warehouse.dir ('null') to the value of spark.sql.warehouse.dir.
[2021-12-20 09:05:10,837] {spark_submit.py:514} INFO - 21/12/20 09:05:10 INFO SharedState: Warehouse path is 'file:/opt/***/spark-warehouse'.
[2021-12-20 09:05:13,549] {spark_submit.py:514} INFO - running...
[2021-12-20 09:05:14,088] {spark_submit.py:514} INFO - running...
[2021-12-20 09:05:14,260] {spark_submit.py:514} INFO - 21/12/20 09:05:14 INFO CoarseGrainedSchedulerBackend$DriverEndpoint: Registered executor NettyRpcEndpointRef(spark-client://Executor) (172.21.0.6:42138) with ID 0,  ResourceProfileId 0
[2021-12-20 09:05:14,267] {spark_submit.py:514} INFO - 21/12/20 09:05:14 INFO CoarseGrainedSchedulerBackend$DriverEndpoint: Registered executor NettyRpcEndpointRef(spark-client://Executor) (172.21.0.5:47864) with ID 1,  ResourceProfileId 0
[2021-12-20 09:05:14,529] {spark_submit.py:514} INFO - 21/12/20 09:05:14 INFO BlockManagerMasterEndpoint: Registering block manager 172.21.0.6:35995 with 366.3 MiB RAM, BlockManagerId(0, 172.21.0.6, 35995, None)
[2021-12-20 09:05:14,542] {spark_submit.py:514} INFO - 21/12/20 09:05:14 INFO BlockManagerMasterEndpoint: Registering block manager 172.21.0.5:44891 with 366.3 MiB RAM, BlockManagerId(1, 172.21.0.5, 44891, None)
[2021-12-20 09:05:14,722] {spark_submit.py:514} INFO - running...
[2021-12-20 09:05:15,189] {spark_submit.py:514} INFO - running...
[2021-12-20 09:05:16,086] {spark_submit.py:514} INFO - running...
[2021-12-20 09:05:16,764] {spark_submit.py:514} INFO - running...
[2021-12-20 09:05:17,166] {spark_submit.py:514} INFO - running...
[2021-12-20 09:05:17,702] {spark_submit.py:514} INFO - running...
[2021-12-20 09:05:18,239] {spark_submit.py:514} INFO - running...
[2021-12-20 09:05:20,257] {spark_submit.py:514} INFO - 21/12/20 09:05:20 INFO SparkContext: Invoking stop() from shutdown hook
[2021-12-20 09:05:20,274] {spark_submit.py:514} INFO - 21/12/20 09:05:20 INFO SparkUI: Stopped Spark web UI at http://a35fe600e898:4040
[2021-12-20 09:05:20,282] {spark_submit.py:514} INFO - 21/12/20 09:05:20 INFO StandaloneSchedulerBackend: Shutting down all executors
[2021-12-20 09:05:20,284] {spark_submit.py:514} INFO - 21/12/20 09:05:20 INFO CoarseGrainedSchedulerBackend$DriverEndpoint: Asking each executor to shut down
[2021-12-20 09:05:20,325] {spark_submit.py:514} INFO - 21/12/20 09:05:20 INFO MapOutputTrackerMasterEndpoint: MapOutputTrackerMasterEndpoint stopped!
[2021-12-20 09:05:20,379] {spark_submit.py:514} INFO - 21/12/20 09:05:20 INFO MemoryStore: MemoryStore cleared
[2021-12-20 09:05:20,383] {spark_submit.py:514} INFO - 21/12/20 09:05:20 INFO BlockManager: BlockManager stopped
[2021-12-20 09:05:20,422] {spark_submit.py:514} INFO - 21/12/20 09:05:20 INFO BlockManagerMaster: BlockManagerMaster stopped
[2021-12-20 09:05:20,442] {spark_submit.py:514} INFO - 21/12/20 09:05:20 INFO OutputCommitCoordinator$OutputCommitCoordinatorEndpoint: OutputCommitCoordinator stopped!
[2021-12-20 09:05:20,599] {spark_submit.py:514} INFO - 21/12/20 09:05:20 INFO SparkContext: Successfully stopped SparkContext
[2021-12-20 09:05:20,607] {spark_submit.py:514} INFO - 21/12/20 09:05:20 INFO ShutdownHookManager: Shutdown hook called
[2021-12-20 09:05:20,613] {spark_submit.py:514} INFO - 21/12/20 09:05:20 INFO ShutdownHookManager: Deleting directory /tmp/spark-a050bd8e-b9c4-4cd2-a613-f3121464d92e
[2021-12-20 09:05:20,647] {spark_submit.py:514} INFO - 21/12/20 09:05:20 INFO ShutdownHookManager: Deleting directory /tmp/spark-20c038b4-8265-486e-8814-f1ca50c5338f
[2021-12-20 09:05:20,668] {spark_submit.py:514} INFO - 21/12/20 09:05:20 INFO ShutdownHookManager: Deleting directory /tmp/spark-20c038b4-8265-486e-8814-f1ca50c5338f/pyspark-5156f191-5dcd-458d-b600-4965a9869546
[2021-12-20 09:05:20,887] {taskinstance.py:1280} INFO - Marking task as SUCCESS. dag_id=scraping_daft_carlow, task_id=scrap_data, execution_date=20211219T090500, start_date=20211220T090502, end_date=20211220T090520
[2021-12-20 09:05:20,965] {local_task_job.py:154} INFO - Task exited with return code 0
[2021-12-20 09:05:21,116] {local_task_job.py:264} INFO - 0 downstream tasks scheduled from follow-on schedule check
