[2021-12-30 11:53:02,817] {taskinstance.py:1035} INFO - Dependencies all met for <TaskInstance: scraping_daft_cavan.persist_data scheduled__2021-12-29T09:10:00+00:00 [queued]>
[2021-12-30 11:53:02,940] {taskinstance.py:1035} INFO - Dependencies all met for <TaskInstance: scraping_daft_cavan.persist_data scheduled__2021-12-29T09:10:00+00:00 [queued]>
[2021-12-30 11:53:02,942] {taskinstance.py:1241} INFO - 
--------------------------------------------------------------------------------
[2021-12-30 11:53:02,943] {taskinstance.py:1242} INFO - Starting attempt 1 of 4
[2021-12-30 11:53:02,944] {taskinstance.py:1243} INFO - 
--------------------------------------------------------------------------------
[2021-12-30 11:53:03,018] {taskinstance.py:1262} INFO - Executing <Task(SparkSubmitOperator): persist_data> on 2021-12-29 09:10:00+00:00
[2021-12-30 11:53:03,059] {standard_task_runner.py:76} INFO - Running: ['***', 'tasks', 'run', 'scraping_daft_cavan', 'persist_data', 'scheduled__2021-12-29T09:10:00+00:00', '--job-id', '5658', '--raw', '--subdir', 'DAGS_FOLDER/scraping_daft_cavan.py', '--cfg-path', '/tmp/tmpc8c3rndg', '--error-file', '/tmp/tmp_d5_bm2z']
[2021-12-30 11:53:03,062] {standard_task_runner.py:77} INFO - Job 5658: Subtask persist_data
[2021-12-30 11:53:03,045] {standard_task_runner.py:52} INFO - Started process 11313 to run task
[2021-12-30 11:53:03,454] {logging_mixin.py:109} INFO - Running <TaskInstance: scraping_daft_cavan.persist_data scheduled__2021-12-29T09:10:00+00:00 [running]> on host 5ddf2477c0dd
[2021-12-30 11:53:04,048] {taskinstance.py:1429} INFO - Exporting the following env vars:
AIRFLOW_CTX_DAG_EMAIL=clement.liscoet@gmail.com
AIRFLOW_CTX_DAG_OWNER=clemoni
AIRFLOW_CTX_DAG_ID=scraping_daft_cavan
AIRFLOW_CTX_TASK_ID=persist_data
AIRFLOW_CTX_EXECUTION_DATE=2021-12-29T09:10:00+00:00
AIRFLOW_CTX_DAG_RUN_ID=scheduled__2021-12-29T09:10:00+00:00
[2021-12-30 11:53:04,107] {base.py:79} INFO - Using connection to: id: spark_default. Host: spark://spark:7077, Port: None, Schema: , Login: ***, Password: ***, extra: {}
[2021-12-30 11:53:04,113] {spark_submit.py:360} INFO - Spark-Submit cmd: spark-submit --master spark://spark:7077 --conf spark.master=spark://spark:7077 --name persist data --verbose /opt/***/jobs/persist_db.py cavan
[2021-12-30 11:53:28,438] {spark_submit.py:514} INFO - Using properties file: null
[2021-12-30 11:53:29,681] {spark_submit.py:514} INFO - WARNING: An illegal reflective access operation has occurred
[2021-12-30 11:53:29,684] {spark_submit.py:514} INFO - WARNING: Illegal reflective access by org.apache.spark.unsafe.Platform (file:/home/***/.local/lib/python3.6/site-packages/pyspark/jars/spark-unsafe_2.12-3.2.0.jar) to constructor java.nio.DirectByteBuffer(long,int)
[2021-12-30 11:53:29,689] {spark_submit.py:514} INFO - WARNING: Please consider reporting this to the maintainers of org.apache.spark.unsafe.Platform
[2021-12-30 11:53:29,694] {spark_submit.py:514} INFO - WARNING: Use --illegal-access=warn to enable warnings of further illegal reflective access operations
[2021-12-30 11:53:29,698] {spark_submit.py:514} INFO - WARNING: All illegal access operations will be denied in a future release
[2021-12-30 11:53:30,293] {spark_submit.py:514} INFO - Parsed arguments:
[2021-12-30 11:53:30,299] {spark_submit.py:514} INFO - master                  spark://spark:7077
[2021-12-30 11:53:30,304] {spark_submit.py:514} INFO - deployMode              null
[2021-12-30 11:53:30,309] {spark_submit.py:514} INFO - executorMemory          null
[2021-12-30 11:53:30,318] {spark_submit.py:514} INFO - executorCores           null
[2021-12-30 11:53:30,322] {spark_submit.py:514} INFO - totalExecutorCores      null
[2021-12-30 11:53:30,325] {spark_submit.py:514} INFO - propertiesFile          null
[2021-12-30 11:53:30,333] {spark_submit.py:514} INFO - driverMemory            null
[2021-12-30 11:53:30,337] {spark_submit.py:514} INFO - driverCores             null
[2021-12-30 11:53:30,344] {spark_submit.py:514} INFO - driverExtraClassPath    null
[2021-12-30 11:53:30,352] {spark_submit.py:514} INFO - driverExtraLibraryPath  null
[2021-12-30 11:53:30,367] {spark_submit.py:514} INFO - driverExtraJavaOptions  null
[2021-12-30 11:53:30,371] {spark_submit.py:514} INFO - supervise               false
[2021-12-30 11:53:30,374] {spark_submit.py:514} INFO - queue                   null
[2021-12-30 11:53:30,379] {spark_submit.py:514} INFO - numExecutors            null
[2021-12-30 11:53:30,382] {spark_submit.py:514} INFO - files                   null
[2021-12-30 11:53:30,385] {spark_submit.py:514} INFO - pyFiles                 null
[2021-12-30 11:53:30,389] {spark_submit.py:514} INFO - archives                null
[2021-12-30 11:53:30,391] {spark_submit.py:514} INFO - mainClass               null
[2021-12-30 11:53:30,396] {spark_submit.py:514} INFO - primaryResource         file:/opt/***/jobs/persist_db.py
[2021-12-30 11:53:30,400] {spark_submit.py:514} INFO - name                    persist data
[2021-12-30 11:53:30,403] {spark_submit.py:514} INFO - childArgs               [cavan]
[2021-12-30 11:53:30,408] {spark_submit.py:514} INFO - jars                    null
[2021-12-30 11:53:30,413] {spark_submit.py:514} INFO - packages                null
[2021-12-30 11:53:30,417] {spark_submit.py:514} INFO - packagesExclusions      null
[2021-12-30 11:53:30,420] {spark_submit.py:514} INFO - repositories            null
[2021-12-30 11:53:30,422] {spark_submit.py:514} INFO - verbose                 true
[2021-12-30 11:53:30,424] {spark_submit.py:514} INFO - 
[2021-12-30 11:53:30,426] {spark_submit.py:514} INFO - Spark properties used, including those specified through
[2021-12-30 11:53:30,428] {spark_submit.py:514} INFO - --conf and those from the properties file null:
[2021-12-30 11:53:30,430] {spark_submit.py:514} INFO - (spark.master,spark://spark:7077)
[2021-12-30 11:53:30,435] {spark_submit.py:514} INFO - 
[2021-12-30 11:53:30,437] {spark_submit.py:514} INFO - 
[2021-12-30 11:53:33,564] {spark_submit.py:514} INFO - Main class:
[2021-12-30 11:53:33,568] {spark_submit.py:514} INFO - org.apache.spark.deploy.PythonRunner
[2021-12-30 11:53:33,594] {spark_submit.py:514} INFO - Arguments:
[2021-12-30 11:53:33,595] {spark_submit.py:514} INFO - file:/opt/***/jobs/persist_db.py
[2021-12-30 11:53:33,596] {spark_submit.py:514} INFO - null
[2021-12-30 11:53:33,597] {spark_submit.py:514} INFO - cavan
[2021-12-30 11:53:33,599] {spark_submit.py:514} INFO - --verbose
[2021-12-30 11:53:33,625] {spark_submit.py:514} INFO - Spark config:
[2021-12-30 11:53:33,626] {spark_submit.py:514} INFO - (spark.master,spark://spark:7077)
[2021-12-30 11:53:33,629] {spark_submit.py:514} INFO - (spark.app.name,persist data)
[2021-12-30 11:53:33,630] {spark_submit.py:514} INFO - (spark.submit.pyFiles,)
[2021-12-30 11:53:33,633] {spark_submit.py:514} INFO - (spark.submit.deployMode,client)
[2021-12-30 11:53:33,634] {spark_submit.py:514} INFO - Classpath elements:
[2021-12-30 11:53:33,635] {spark_submit.py:514} INFO - 
[2021-12-30 11:53:33,645] {spark_submit.py:514} INFO - 
[2021-12-30 11:53:33,646] {spark_submit.py:514} INFO - 
[2021-12-30 11:53:46,065] {spark_submit.py:514} INFO - Using Spark's default log4j profile: org/apache/spark/log4j-defaults.properties
[2021-12-30 11:53:46,153] {spark_submit.py:514} INFO - 21/12/30 11:53:46 INFO SparkContext: Running Spark version 3.2.0
[2021-12-30 11:53:47,526] {spark_submit.py:514} INFO - 21/12/30 11:53:47 WARN NativeCodeLoader: Unable to load native-hadoop library for your platform... using builtin-java classes where applicable
[2021-12-30 11:53:48,840] {spark_submit.py:514} INFO - 21/12/30 11:53:48 INFO ResourceUtils: ==============================================================
[2021-12-30 11:53:48,842] {spark_submit.py:514} INFO - 21/12/30 11:53:48 INFO ResourceUtils: No custom resources configured for spark.driver.
[2021-12-30 11:53:48,844] {spark_submit.py:514} INFO - 21/12/30 11:53:48 INFO ResourceUtils: ==============================================================
[2021-12-30 11:53:48,850] {spark_submit.py:514} INFO - 21/12/30 11:53:48 INFO SparkContext: Submitted application: Persist DB
[2021-12-30 11:53:49,363] {spark_submit.py:514} INFO - 21/12/30 11:53:49 INFO ResourceProfile: Default ResourceProfile created, executor resources: Map(cores -> name: cores, amount: 1, script: , vendor: , memory -> name: memory, amount: 1024, script: , vendor: , offHeap -> name: offHeap, amount: 0, script: , vendor: ), task resources: Map(cpus -> name: cpus, amount: 1.0)
[2021-12-30 11:53:49,445] {spark_submit.py:514} INFO - 21/12/30 11:53:49 INFO ResourceProfile: Limiting resource is cpu
[2021-12-30 11:53:49,447] {spark_submit.py:514} INFO - 21/12/30 11:53:49 INFO ResourceProfileManager: Added ResourceProfile id: 0
[2021-12-30 11:53:49,958] {spark_submit.py:514} INFO - 21/12/30 11:53:49 INFO SecurityManager: Changing view acls to: ***
[2021-12-30 11:53:49,961] {spark_submit.py:514} INFO - 21/12/30 11:53:49 INFO SecurityManager: Changing modify acls to: ***
[2021-12-30 11:53:49,964] {spark_submit.py:514} INFO - 21/12/30 11:53:49 INFO SecurityManager: Changing view acls groups to:
[2021-12-30 11:53:49,982] {spark_submit.py:514} INFO - 21/12/30 11:53:49 INFO SecurityManager: Changing modify acls groups to:
[2021-12-30 11:53:49,986] {spark_submit.py:514} INFO - 21/12/30 11:53:49 INFO SecurityManager: SecurityManager: authentication disabled; ui acls disabled; users  with view permissions: Set(***); groups with view permissions: Set(); users  with modify permissions: Set(***); groups with modify permissions: Set()
[2021-12-30 11:53:54,236] {spark_submit.py:514} INFO - 21/12/30 11:53:54 INFO Utils: Successfully started service 'sparkDriver' on port 38705.
[2021-12-30 11:53:55,051] {spark_submit.py:514} INFO - 21/12/30 11:53:55 INFO SparkEnv: Registering MapOutputTracker
[2021-12-30 11:53:56,024] {spark_submit.py:514} INFO - 21/12/30 11:53:56 INFO SparkEnv: Registering BlockManagerMaster
[2021-12-30 11:53:56,228] {spark_submit.py:514} INFO - 21/12/30 11:53:56 INFO BlockManagerMasterEndpoint: Using org.apache.spark.storage.DefaultTopologyMapper for getting topology information
[2021-12-30 11:53:56,240] {spark_submit.py:514} INFO - 21/12/30 11:53:56 INFO BlockManagerMasterEndpoint: BlockManagerMasterEndpoint up
[2021-12-30 11:53:56,275] {spark_submit.py:514} INFO - 21/12/30 11:53:56 INFO SparkEnv: Registering BlockManagerMasterHeartbeat
[2021-12-30 11:53:56,653] {spark_submit.py:514} INFO - 21/12/30 11:53:56 INFO DiskBlockManager: Created local directory at /tmp/blockmgr-52e53554-2d29-4c02-a8ff-a28a0f15f32b
[2021-12-30 11:53:57,359] {spark_submit.py:514} INFO - 21/12/30 11:53:57 INFO MemoryStore: MemoryStore started with capacity 434.4 MiB
[2021-12-30 11:53:57,957] {spark_submit.py:514} INFO - 21/12/30 11:53:57 INFO SparkEnv: Registering OutputCommitCoordinator
[2021-12-30 11:54:01,125] {spark_submit.py:514} INFO - 21/12/30 11:54:01 INFO Utils: Successfully started service 'SparkUI' on port 4040.
[2021-12-30 11:54:01,788] {spark_submit.py:514} INFO - 21/12/30 11:54:01 INFO SparkUI: Bound SparkUI to 0.0.0.0, and started at http://5ddf2477c0dd:4040
[2021-12-30 11:54:03,440] {spark_submit.py:514} INFO - 21/12/30 11:54:03 INFO StandaloneAppClient$ClientEndpoint: Connecting to master spark://spark:7077...
[2021-12-30 11:54:04,130] {spark_submit.py:514} INFO - 21/12/30 11:54:04 INFO TransportClientFactory: Successfully created connection to spark/172.19.0.4:7077 after 455 ms (0 ms spent in bootstraps)
[2021-12-30 11:54:04,767] {spark_submit.py:514} INFO - 21/12/30 11:54:04 INFO StandaloneSchedulerBackend: Connected to Spark cluster with app ID app-20211230115404-0073
[2021-12-30 11:54:04,845] {spark_submit.py:514} INFO - 21/12/30 11:54:04 INFO Utils: Successfully started service 'org.apache.spark.network.netty.NettyBlockTransferService' on port 40233.
[2021-12-30 11:54:04,846] {spark_submit.py:514} INFO - 21/12/30 11:54:04 INFO NettyBlockTransferService: Server created on 5ddf2477c0dd:40233
[2021-12-30 11:54:04,850] {spark_submit.py:514} INFO - 21/12/30 11:54:04 INFO BlockManager: Using org.apache.spark.storage.RandomBlockReplicationPolicy for block replication policy
[2021-12-30 11:54:04,877] {spark_submit.py:514} INFO - 21/12/30 11:54:04 INFO BlockManagerMaster: Registering BlockManager BlockManagerId(driver, 5ddf2477c0dd, 40233, None)
[2021-12-30 11:54:04,890] {spark_submit.py:514} INFO - 21/12/30 11:54:04 INFO BlockManagerMasterEndpoint: Registering block manager 5ddf2477c0dd:40233 with 434.4 MiB RAM, BlockManagerId(driver, 5ddf2477c0dd, 40233, None)
[2021-12-30 11:54:04,897] {spark_submit.py:514} INFO - 21/12/30 11:54:04 INFO BlockManagerMaster: Registered BlockManager BlockManagerId(driver, 5ddf2477c0dd, 40233, None)
[2021-12-30 11:54:04,921] {spark_submit.py:514} INFO - 21/12/30 11:54:04 INFO BlockManager: Initialized BlockManager: BlockManagerId(driver, 5ddf2477c0dd, 40233, None)
[2021-12-30 11:54:06,443] {spark_submit.py:514} INFO - 21/12/30 11:54:06 INFO StandaloneSchedulerBackend: SchedulerBackend is ready for scheduling beginning after reached minRegisteredResourcesRatio: 0.0
[2021-12-30 11:54:06,678] {spark_submit.py:514} INFO - /home/***/.local/lib/python3.6/site-packages/pyspark/python/lib/pyspark.zip/pyspark/context.py:238: FutureWarning: Python 3.6 support is deprecated in Spark 3.2.
[2021-12-30 11:54:06,680] {spark_submit.py:514} INFO - FutureWarning
[2021-12-30 11:54:08,598] {spark_submit.py:514} INFO - 21/12/30 11:54:08 INFO SharedState: Setting hive.metastore.warehouse.dir ('null') to the value of spark.sql.warehouse.dir.
[2021-12-30 11:54:08,777] {spark_submit.py:514} INFO - 21/12/30 11:54:08 INFO SharedState: Warehouse path is 'file:/opt/***/spark-warehouse'.
[2021-12-30 11:54:16,006] {spark_submit.py:514} INFO - 21/12/30 11:54:16 INFO SparkContext: Invoking stop() from shutdown hook
[2021-12-30 11:54:16,077] {spark_submit.py:514} INFO - 21/12/30 11:54:16 INFO SparkUI: Stopped Spark web UI at http://5ddf2477c0dd:4040
[2021-12-30 11:54:16,108] {spark_submit.py:514} INFO - 21/12/30 11:54:16 INFO StandaloneSchedulerBackend: Shutting down all executors
[2021-12-30 11:54:16,132] {spark_submit.py:514} INFO - 21/12/30 11:54:16 INFO CoarseGrainedSchedulerBackend$DriverEndpoint: Asking each executor to shut down
[2021-12-30 11:54:16,237] {spark_submit.py:514} INFO - 21/12/30 11:54:16 INFO MapOutputTrackerMasterEndpoint: MapOutputTrackerMasterEndpoint stopped!
[2021-12-30 11:54:16,370] {spark_submit.py:514} INFO - 21/12/30 11:54:16 INFO MemoryStore: MemoryStore cleared
[2021-12-30 11:54:16,372] {spark_submit.py:514} INFO - 21/12/30 11:54:16 INFO BlockManager: BlockManager stopped
[2021-12-30 11:54:16,389] {spark_submit.py:514} INFO - 21/12/30 11:54:16 INFO BlockManagerMaster: BlockManagerMaster stopped
[2021-12-30 11:54:16,396] {spark_submit.py:514} INFO - 21/12/30 11:54:16 INFO OutputCommitCoordinator$OutputCommitCoordinatorEndpoint: OutputCommitCoordinator stopped!
[2021-12-30 11:54:16,532] {spark_submit.py:514} INFO - 21/12/30 11:54:16 INFO SparkContext: Successfully stopped SparkContext
[2021-12-30 11:54:16,535] {spark_submit.py:514} INFO - 21/12/30 11:54:16 INFO ShutdownHookManager: Shutdown hook called
[2021-12-30 11:54:16,538] {spark_submit.py:514} INFO - 21/12/30 11:54:16 INFO ShutdownHookManager: Deleting directory /tmp/spark-f4a187eb-141c-4d3c-950c-ae68a87c9285
[2021-12-30 11:54:16,546] {spark_submit.py:514} INFO - 21/12/30 11:54:16 INFO ShutdownHookManager: Deleting directory /tmp/spark-84592e74-ef50-416f-b9c9-58c626eb1893/pyspark-990bac9f-02bd-44d9-9861-69d30d5a2aff
[2021-12-30 11:54:16,566] {spark_submit.py:514} INFO - 21/12/30 11:54:16 INFO ShutdownHookManager: Deleting directory /tmp/spark-84592e74-ef50-416f-b9c9-58c626eb1893
[2021-12-30 11:54:17,136] {taskinstance.py:1280} INFO - Marking task as SUCCESS. dag_id=scraping_daft_cavan, task_id=persist_data, execution_date=20211229T091000, start_date=20211230T115302, end_date=20211230T115417
[2021-12-30 11:54:17,236] {local_task_job.py:154} INFO - Task exited with return code 0
[2021-12-30 11:54:17,563] {local_task_job.py:264} INFO - 1 downstream tasks scheduled from follow-on schedule check
