[2021-12-26 19:35:58,939] {taskinstance.py:1035} INFO - Dependencies all met for <TaskInstance: scraping_daft_monaghan.waiting_for_file manual__2021-12-26T19:29:36.619633+00:00 [queued]>
[2021-12-26 19:35:58,963] {taskinstance.py:1035} INFO - Dependencies all met for <TaskInstance: scraping_daft_monaghan.waiting_for_file manual__2021-12-26T19:29:36.619633+00:00 [queued]>
[2021-12-26 19:35:58,964] {taskinstance.py:1241} INFO - 
--------------------------------------------------------------------------------
[2021-12-26 19:35:58,966] {taskinstance.py:1242} INFO - Starting attempt 1 of 4
[2021-12-26 19:35:58,966] {taskinstance.py:1243} INFO - 
--------------------------------------------------------------------------------
[2021-12-26 19:35:58,986] {taskinstance.py:1262} INFO - Executing <Task(FileSensor): waiting_for_file> on 2021-12-26 19:29:36.619633+00:00
[2021-12-26 19:35:58,996] {standard_task_runner.py:76} INFO - Running: ['***', 'tasks', 'run', 'scraping_daft_monaghan', 'waiting_for_file', 'manual__2021-12-26T19:29:36.619633+00:00', '--job-id', '4716', '--raw', '--subdir', 'DAGS_FOLDER/scraping_daft_monaghan.py', '--cfg-path', '/tmp/tmpr9lo8617', '--error-file', '/tmp/tmpfv66_dqx']
[2021-12-26 19:35:58,998] {standard_task_runner.py:77} INFO - Job 4716: Subtask waiting_for_file
[2021-12-26 19:35:58,991] {standard_task_runner.py:52} INFO - Started process 358 to run task
[2021-12-26 19:35:59,111] {logging_mixin.py:109} INFO - Running <TaskInstance: scraping_daft_monaghan.waiting_for_file manual__2021-12-26T19:29:36.619633+00:00 [running]> on host 4391ebaded6b
[2021-12-26 19:35:59,369] {taskinstance.py:1429} INFO - Exporting the following env vars:
AIRFLOW_CTX_DAG_EMAIL=clement.liscoet@gmail.com
AIRFLOW_CTX_DAG_OWNER=clemoni
AIRFLOW_CTX_DAG_ID=scraping_daft_monaghan
AIRFLOW_CTX_TASK_ID=waiting_for_file
AIRFLOW_CTX_EXECUTION_DATE=2021-12-26T19:29:36.619633+00:00
AIRFLOW_CTX_DAG_RUN_ID=manual__2021-12-26T19:29:36.619633+00:00
[2021-12-26 19:35:59,430] {filesystem.py:59} INFO - Poking for file data/monaghan_rent.json
[2021-12-26 19:35:59,433] {filesystem.py:65} INFO - Found File data/monaghan_rent.json last modified: 20211226193557
[2021-12-26 19:35:59,435] {base.py:249} INFO - Success criteria met. Exiting.
[2021-12-26 19:35:59,478] {taskinstance.py:1280} INFO - Marking task as SUCCESS. dag_id=scraping_daft_monaghan, task_id=waiting_for_file, execution_date=20211226T192936, start_date=20211226T193558, end_date=20211226T193559
[2021-12-26 19:35:59,539] {local_task_job.py:154} INFO - Task exited with return code 0
[2021-12-26 19:35:59,629] {local_task_job.py:264} INFO - 1 downstream tasks scheduled from follow-on schedule check
