[2021-12-21 09:51:32,283] {taskinstance.py:1035} INFO - Dependencies all met for <TaskInstance: scraping_daft_kilkenny.get_reporting scheduled__2021-12-20T09:50:00+00:00 [queued]>
[2021-12-21 09:51:32,318] {taskinstance.py:1035} INFO - Dependencies all met for <TaskInstance: scraping_daft_kilkenny.get_reporting scheduled__2021-12-20T09:50:00+00:00 [queued]>
[2021-12-21 09:51:32,320] {taskinstance.py:1241} INFO - 
--------------------------------------------------------------------------------
[2021-12-21 09:51:32,322] {taskinstance.py:1242} INFO - Starting attempt 1 of 4
[2021-12-21 09:51:32,324] {taskinstance.py:1243} INFO - 
--------------------------------------------------------------------------------
[2021-12-21 09:51:32,359] {taskinstance.py:1262} INFO - Executing <Task(_PythonDecoratedOperator): get_reporting> on 2021-12-20 09:50:00+00:00
[2021-12-21 09:51:32,378] {standard_task_runner.py:76} INFO - Running: ['***', 'tasks', 'run', 'scraping_daft_kilkenny', 'get_reporting', 'scheduled__2021-12-20T09:50:00+00:00', '--job-id', '3663', '--raw', '--subdir', 'DAGS_FOLDER/scraping_daft_kilkenny.py', '--cfg-path', '/tmp/tmptlt6c_62', '--error-file', '/tmp/tmp_jj0vurv']
[2021-12-21 09:51:32,382] {standard_task_runner.py:77} INFO - Job 3663: Subtask get_reporting
[2021-12-21 09:51:32,370] {standard_task_runner.py:52} INFO - Started process 6208 to run task
[2021-12-21 09:51:32,585] {logging_mixin.py:109} INFO - Running <TaskInstance: scraping_daft_kilkenny.get_reporting scheduled__2021-12-20T09:50:00+00:00 [running]> on host 99ae224ffe2d
[2021-12-21 09:51:32,815] {taskinstance.py:1429} INFO - Exporting the following env vars:
AIRFLOW_CTX_DAG_EMAIL=clement.liscoet@gmail.com
AIRFLOW_CTX_DAG_OWNER=clemoni
AIRFLOW_CTX_DAG_ID=scraping_daft_kilkenny
AIRFLOW_CTX_TASK_ID=get_reporting
AIRFLOW_CTX_EXECUTION_DATE=2021-12-20T09:50:00+00:00
AIRFLOW_CTX_DAG_RUN_ID=scheduled__2021-12-20T09:50:00+00:00
[2021-12-21 09:51:32,855] {logging_mixin.py:109} INFO - kilkenny
[2021-12-21 09:51:32,902] {base.py:79} INFO - Using connection to: id: postgres_db. Host: postgres, Port: 5432, Schema: scraping_daft, Login: ***, Password: ***, extra: {}
[2021-12-21 09:51:32,988] {python.py:152} INFO - Done. Returned value was: None
[2021-12-21 09:51:33,064] {taskinstance.py:1280} INFO - Marking task as SUCCESS. dag_id=scraping_daft_kilkenny, task_id=get_reporting, execution_date=20211220T095000, start_date=20211221T095132, end_date=20211221T095133
[2021-12-21 09:51:33,128] {local_task_job.py:154} INFO - Task exited with return code 0
[2021-12-21 09:51:33,289] {local_task_job.py:264} INFO - 1 downstream tasks scheduled from follow-on schedule check
