[2021-12-08 10:30:41,742] {taskinstance.py:1035} INFO - Dependencies all met for <TaskInstance: scraping_daft_meath.waiting_for_file scheduled__2021-12-07T04:15:00+00:00 [queued]>
[2021-12-08 10:30:41,796] {taskinstance.py:1035} INFO - Dependencies all met for <TaskInstance: scraping_daft_meath.waiting_for_file scheduled__2021-12-07T04:15:00+00:00 [queued]>
[2021-12-08 10:30:41,804] {taskinstance.py:1241} INFO - 
--------------------------------------------------------------------------------
[2021-12-08 10:30:41,808] {taskinstance.py:1242} INFO - Starting attempt 1 of 3
[2021-12-08 10:30:41,809] {taskinstance.py:1243} INFO - 
--------------------------------------------------------------------------------
[2021-12-08 10:30:41,868] {taskinstance.py:1262} INFO - Executing <Task(FileSensor): waiting_for_file> on 2021-12-07 04:15:00+00:00
[2021-12-08 10:30:41,885] {standard_task_runner.py:52} INFO - Started process 4794 to run task
[2021-12-08 10:30:41,926] {standard_task_runner.py:76} INFO - Running: ['***', 'tasks', 'run', 'scraping_daft_meath', 'waiting_for_file', 'scheduled__2021-12-07T04:15:00+00:00', '--job-id', '661', '--raw', '--subdir', 'DAGS_FOLDER/scraping_daft_meath.py', '--cfg-path', '/tmp/tmpeqguwa3n', '--error-file', '/tmp/tmpra7wea34']
[2021-12-08 10:30:41,930] {standard_task_runner.py:77} INFO - Job 661: Subtask waiting_for_file
[2021-12-08 10:30:42,187] {logging_mixin.py:109} INFO - Running <TaskInstance: scraping_daft_meath.waiting_for_file scheduled__2021-12-07T04:15:00+00:00 [running]> on host 041e6f8654c3
[2021-12-08 10:30:42,560] {taskinstance.py:1429} INFO - Exporting the following env vars:
AIRFLOW_CTX_DAG_EMAIL=***@example.com
AIRFLOW_CTX_DAG_OWNER=clemoni
AIRFLOW_CTX_DAG_ID=scraping_daft_meath
AIRFLOW_CTX_TASK_ID=waiting_for_file
AIRFLOW_CTX_EXECUTION_DATE=2021-12-07T04:15:00+00:00
AIRFLOW_CTX_DAG_RUN_ID=scheduled__2021-12-07T04:15:00+00:00
[2021-12-08 10:30:42,685] {filesystem.py:59} INFO - Poking for file data/meath_rent.json
[2021-12-08 10:30:42,688] {filesystem.py:65} INFO - Found File data/meath_rent.json last modified: 20211208103032
[2021-12-08 10:30:42,689] {base.py:249} INFO - Success criteria met. Exiting.
[2021-12-08 10:30:42,798] {taskinstance.py:1280} INFO - Marking task as SUCCESS. dag_id=scraping_daft_meath, task_id=waiting_for_file, execution_date=20211207T041500, start_date=20211208T103041, end_date=20211208T103042
[2021-12-08 10:30:42,916] {local_task_job.py:154} INFO - Task exited with return code 0
[2021-12-08 10:30:43,258] {local_task_job.py:264} INFO - 1 downstream tasks scheduled from follow-on schedule check
