[2021-12-14 09:17:17,955] {taskinstance.py:1035} INFO - Dependencies all met for <TaskInstance: scraping_daft_tipperary.scrap_data scheduled__2021-12-13T05:30:00+00:00 [queued]>
[2021-12-14 09:17:18,064] {taskinstance.py:1035} INFO - Dependencies all met for <TaskInstance: scraping_daft_tipperary.scrap_data scheduled__2021-12-13T05:30:00+00:00 [queued]>
[2021-12-14 09:17:18,066] {taskinstance.py:1241} INFO - 
--------------------------------------------------------------------------------
[2021-12-14 09:17:18,074] {taskinstance.py:1242} INFO - Starting attempt 1 of 4
[2021-12-14 09:17:18,080] {taskinstance.py:1243} INFO - 
--------------------------------------------------------------------------------
[2021-12-14 09:17:18,141] {taskinstance.py:1262} INFO - Executing <Task(SparkSubmitOperator): scrap_data> on 2021-12-13 05:30:00+00:00
[2021-12-14 09:17:18,173] {standard_task_runner.py:52} INFO - Started process 350 to run task
[2021-12-14 09:17:18,242] {standard_task_runner.py:76} INFO - Running: ['***', 'tasks', 'run', 'scraping_daft_tipperary', 'scrap_data', 'scheduled__2021-12-13T05:30:00+00:00', '--job-id', '2120', '--raw', '--subdir', 'DAGS_FOLDER/scraping_daft_tipperary.py', '--cfg-path', '/tmp/tmp9dj38kh6', '--error-file', '/tmp/tmpahegewbv']
[2021-12-14 09:17:18,276] {standard_task_runner.py:77} INFO - Job 2120: Subtask scrap_data
[2021-12-14 09:17:19,395] {logging_mixin.py:109} INFO - Running <TaskInstance: scraping_daft_tipperary.scrap_data scheduled__2021-12-13T05:30:00+00:00 [running]> on host 71d5aed90fce
[2021-12-14 09:17:20,708] {taskinstance.py:1429} INFO - Exporting the following env vars:
AIRFLOW_CTX_DAG_EMAIL=clement.liscoet@gmail.com
AIRFLOW_CTX_DAG_OWNER=clemoni
AIRFLOW_CTX_DAG_ID=scraping_daft_tipperary
AIRFLOW_CTX_TASK_ID=scrap_data
AIRFLOW_CTX_EXECUTION_DATE=2021-12-13T05:30:00+00:00
AIRFLOW_CTX_DAG_RUN_ID=scheduled__2021-12-13T05:30:00+00:00
[2021-12-14 09:17:20,831] {base.py:79} INFO - Using connection to: id: spark_default. Host: spark://spark:7077, Port: None, Schema: , Login: ***, Password: ***, extra: {}
[2021-12-14 09:17:20,838] {spark_submit.py:360} INFO - Spark-Submit cmd: spark-submit --master spark://spark:7077 --conf spark.master=spark://spark:7077 --name scrap data --verbose /opt/***/jobs/get_ads_per_county.py tipperary
[2021-12-14 09:17:48,465] {spark_submit.py:514} INFO - Using properties file: null
[2021-12-14 09:17:49,266] {spark_submit.py:514} INFO - WARNING: An illegal reflective access operation has occurred
[2021-12-14 09:17:49,268] {spark_submit.py:514} INFO - WARNING: Illegal reflective access by org.apache.spark.unsafe.Platform (file:/home/***/.local/lib/python3.6/site-packages/pyspark/jars/spark-unsafe_2.12-3.2.0.jar) to constructor java.nio.DirectByteBuffer(long,int)
[2021-12-14 09:17:49,270] {spark_submit.py:514} INFO - WARNING: Please consider reporting this to the maintainers of org.apache.spark.unsafe.Platform
[2021-12-14 09:17:49,272] {spark_submit.py:514} INFO - WARNING: Use --illegal-access=warn to enable warnings of further illegal reflective access operations
[2021-12-14 09:17:49,276] {spark_submit.py:514} INFO - WARNING: All illegal access operations will be denied in a future release
[2021-12-14 09:17:49,469] {spark_submit.py:514} INFO - Parsed arguments:
[2021-12-14 09:17:49,471] {spark_submit.py:514} INFO - master                  spark://spark:7077
[2021-12-14 09:17:49,472] {spark_submit.py:514} INFO - deployMode              null
[2021-12-14 09:17:49,473] {spark_submit.py:514} INFO - executorMemory          null
[2021-12-14 09:17:49,474] {spark_submit.py:514} INFO - executorCores           null
[2021-12-14 09:17:49,474] {spark_submit.py:514} INFO - totalExecutorCores      null
[2021-12-14 09:17:49,475] {spark_submit.py:514} INFO - propertiesFile          null
[2021-12-14 09:17:49,476] {spark_submit.py:514} INFO - driverMemory            null
[2021-12-14 09:17:49,478] {spark_submit.py:514} INFO - driverCores             null
[2021-12-14 09:17:49,479] {spark_submit.py:514} INFO - driverExtraClassPath    null
[2021-12-14 09:17:49,479] {spark_submit.py:514} INFO - driverExtraLibraryPath  null
[2021-12-14 09:17:49,481] {spark_submit.py:514} INFO - driverExtraJavaOptions  null
[2021-12-14 09:17:49,482] {spark_submit.py:514} INFO - supervise               false
[2021-12-14 09:17:49,483] {spark_submit.py:514} INFO - queue                   null
[2021-12-14 09:17:49,484] {spark_submit.py:514} INFO - numExecutors            null
[2021-12-14 09:17:49,485] {spark_submit.py:514} INFO - files                   null
[2021-12-14 09:17:49,486] {spark_submit.py:514} INFO - pyFiles                 null
[2021-12-14 09:17:49,488] {spark_submit.py:514} INFO - archives                null
[2021-12-14 09:17:49,489] {spark_submit.py:514} INFO - mainClass               null
[2021-12-14 09:17:49,490] {spark_submit.py:514} INFO - primaryResource         file:/opt/***/jobs/get_ads_per_county.py
[2021-12-14 09:17:49,490] {spark_submit.py:514} INFO - name                    scrap data
[2021-12-14 09:17:49,491] {spark_submit.py:514} INFO - childArgs               [tipperary]
[2021-12-14 09:17:49,492] {spark_submit.py:514} INFO - jars                    null
[2021-12-14 09:17:49,493] {spark_submit.py:514} INFO - packages                null
[2021-12-14 09:17:49,494] {spark_submit.py:514} INFO - packagesExclusions      null
[2021-12-14 09:17:49,495] {spark_submit.py:514} INFO - repositories            null
[2021-12-14 09:17:49,496] {spark_submit.py:514} INFO - verbose                 true
[2021-12-14 09:17:49,497] {spark_submit.py:514} INFO - 
[2021-12-14 09:17:49,498] {spark_submit.py:514} INFO - Spark properties used, including those specified through
[2021-12-14 09:17:49,499] {spark_submit.py:514} INFO - --conf and those from the properties file null:
[2021-12-14 09:17:49,500] {spark_submit.py:514} INFO - (spark.master,spark://spark:7077)
[2021-12-14 09:17:49,501] {spark_submit.py:514} INFO - 
[2021-12-14 09:17:49,502] {spark_submit.py:514} INFO - 
[2021-12-14 09:17:52,276] {spark_submit.py:514} INFO - Main class:
[2021-12-14 09:17:52,277] {spark_submit.py:514} INFO - org.apache.spark.deploy.PythonRunner
[2021-12-14 09:17:52,283] {spark_submit.py:514} INFO - Arguments:
[2021-12-14 09:17:52,286] {spark_submit.py:514} INFO - file:/opt/***/jobs/get_ads_per_county.py
[2021-12-14 09:17:52,287] {spark_submit.py:514} INFO - null
[2021-12-14 09:17:52,288] {spark_submit.py:514} INFO - tipperary
[2021-12-14 09:17:52,289] {spark_submit.py:514} INFO - --verbose
[2021-12-14 09:17:52,304] {spark_submit.py:514} INFO - Spark config:
[2021-12-14 09:17:52,305] {spark_submit.py:514} INFO - (spark.app.name,scrap data)
[2021-12-14 09:17:52,306] {spark_submit.py:514} INFO - (spark.master,spark://spark:7077)
[2021-12-14 09:17:52,307] {spark_submit.py:514} INFO - (spark.submit.pyFiles,)
[2021-12-14 09:17:52,308] {spark_submit.py:514} INFO - (spark.submit.deployMode,client)
[2021-12-14 09:17:52,309] {spark_submit.py:514} INFO - Classpath elements:
[2021-12-14 09:17:52,309] {spark_submit.py:514} INFO - 
[2021-12-14 09:17:52,311] {spark_submit.py:514} INFO - 
[2021-12-14 09:17:52,313] {spark_submit.py:514} INFO - 
[2021-12-14 09:18:11,335] {spark_submit.py:514} INFO - Using Spark's default log4j profile: org/apache/spark/log4j-defaults.properties
[2021-12-14 09:18:11,430] {spark_submit.py:514} INFO - 21/12/14 09:18:11 INFO SparkContext: Running Spark version 3.2.0
[2021-12-14 09:18:13,426] {spark_submit.py:514} INFO - 21/12/14 09:18:13 WARN NativeCodeLoader: Unable to load native-hadoop library for your platform... using builtin-java classes where applicable
[2021-12-14 09:18:21,503] {spark_submit.py:514} INFO - 21/12/14 09:18:21 INFO ResourceUtils: ==============================================================
[2021-12-14 09:18:21,515] {spark_submit.py:514} INFO - 21/12/14 09:18:21 INFO ResourceUtils: No custom resources configured for spark.driver.
[2021-12-14 09:18:21,527] {spark_submit.py:514} INFO - 21/12/14 09:18:21 INFO ResourceUtils: ==============================================================
[2021-12-14 09:18:21,541] {spark_submit.py:514} INFO - 21/12/14 09:18:21 INFO SparkContext: Submitted application: Get Ads per county
[2021-12-14 09:18:22,192] {spark_submit.py:514} INFO - 21/12/14 09:18:22 INFO ResourceProfile: Default ResourceProfile created, executor resources: Map(cores -> name: cores, amount: 1, script: , vendor: , memory -> name: memory, amount: 1024, script: , vendor: , offHeap -> name: offHeap, amount: 0, script: , vendor: ), task resources: Map(cpus -> name: cpus, amount: 1.0)
[2021-12-14 09:18:22,312] {spark_submit.py:514} INFO - 21/12/14 09:18:22 INFO ResourceProfile: Limiting resource is cpu
[2021-12-14 09:18:22,325] {spark_submit.py:514} INFO - 21/12/14 09:18:22 INFO ResourceProfileManager: Added ResourceProfile id: 0
[2021-12-14 09:18:23,470] {spark_submit.py:514} INFO - 21/12/14 09:18:23 INFO SecurityManager: Changing view acls to: ***
[2021-12-14 09:18:23,988] {spark_submit.py:514} INFO - 21/12/14 09:18:23 INFO SecurityManager: Changing modify acls to: ***
[2021-12-14 09:18:24,007] {spark_submit.py:514} INFO - 21/12/14 09:18:23 INFO SecurityManager: Changing view acls groups to:
[2021-12-14 09:18:24,016] {spark_submit.py:514} INFO - 21/12/14 09:18:23 INFO SecurityManager: Changing modify acls groups to:
[2021-12-14 09:18:24,022] {spark_submit.py:514} INFO - 21/12/14 09:18:23 INFO SecurityManager: SecurityManager: authentication disabled; ui acls disabled; users  with view permissions: Set(***); groups with view permissions: Set(); users  with modify permissions: Set(***); groups with modify permissions: Set()
[2021-12-14 09:18:27,916] {spark_submit.py:514} INFO - 21/12/14 09:18:27 INFO Utils: Successfully started service 'sparkDriver' on port 39057.
[2021-12-14 09:18:28,478] {spark_submit.py:514} INFO - 21/12/14 09:18:28 INFO SparkEnv: Registering MapOutputTracker
[2021-12-14 09:18:28,615] {spark_submit.py:514} INFO - 21/12/14 09:18:28 INFO SparkEnv: Registering BlockManagerMaster
[2021-12-14 09:18:28,664] {spark_submit.py:514} INFO - 21/12/14 09:18:28 INFO BlockManagerMasterEndpoint: Using org.apache.spark.storage.DefaultTopologyMapper for getting topology information
[2021-12-14 09:18:28,666] {spark_submit.py:514} INFO - 21/12/14 09:18:28 INFO BlockManagerMasterEndpoint: BlockManagerMasterEndpoint up
[2021-12-14 09:18:28,678] {spark_submit.py:514} INFO - 21/12/14 09:18:28 INFO SparkEnv: Registering BlockManagerMasterHeartbeat
[2021-12-14 09:18:28,906] {spark_submit.py:514} INFO - 21/12/14 09:18:28 INFO DiskBlockManager: Created local directory at /tmp/blockmgr-644a8ab6-66d5-41dd-b095-3caa751bba50
[2021-12-14 09:18:29,381] {spark_submit.py:514} INFO - 21/12/14 09:18:29 INFO MemoryStore: MemoryStore started with capacity 434.4 MiB
[2021-12-14 09:18:30,680] {spark_submit.py:514} INFO - 21/12/14 09:18:30 INFO SparkEnv: Registering OutputCommitCoordinator
[2021-12-14 09:18:48,035] {spark_submit.py:514} INFO - 21/12/14 09:18:48 WARN Utils: Service 'SparkUI' could not bind on port 4040. Attempting port 4041.
[2021-12-14 09:18:48,095] {spark_submit.py:514} INFO - 21/12/14 09:18:48 WARN Utils: Service 'SparkUI' could not bind on port 4041. Attempting port 4042.
[2021-12-14 09:18:48,099] {spark_submit.py:514} INFO - 21/12/14 09:18:48 WARN Utils: Service 'SparkUI' could not bind on port 4042. Attempting port 4043.
[2021-12-14 09:18:48,112] {spark_submit.py:514} INFO - 21/12/14 09:18:48 WARN Utils: Service 'SparkUI' could not bind on port 4043. Attempting port 4044.
[2021-12-14 09:18:48,275] {spark_submit.py:514} INFO - 21/12/14 09:18:48 WARN Utils: Service 'SparkUI' could not bind on port 4044. Attempting port 4045.
[2021-12-14 09:18:48,409] {spark_submit.py:514} INFO - 21/12/14 09:18:48 WARN Utils: Service 'SparkUI' could not bind on port 4045. Attempting port 4046.
[2021-12-14 09:18:48,469] {spark_submit.py:514} INFO - 21/12/14 09:18:48 WARN Utils: Service 'SparkUI' could not bind on port 4046. Attempting port 4047.
[2021-12-14 09:18:48,471] {spark_submit.py:514} INFO - 21/12/14 09:18:48 WARN Utils: Service 'SparkUI' could not bind on port 4047. Attempting port 4048.
[2021-12-14 09:18:48,475] {spark_submit.py:514} INFO - 21/12/14 09:18:48 WARN Utils: Service 'SparkUI' could not bind on port 4048. Attempting port 4049.
[2021-12-14 09:18:48,479] {spark_submit.py:514} INFO - 21/12/14 09:18:48 WARN Utils: Service 'SparkUI' could not bind on port 4049. Attempting port 4050.
[2021-12-14 09:18:49,557] {spark_submit.py:514} INFO - 21/12/14 09:18:49 INFO Utils: Successfully started service 'SparkUI' on port 4050.
[2021-12-14 09:18:52,377] {spark_submit.py:514} INFO - 21/12/14 09:18:52 INFO SparkUI: Bound SparkUI to 0.0.0.0, and started at http://71d5aed90fce:4050
[2021-12-14 09:19:00,232] {spark_submit.py:514} INFO - 21/12/14 09:19:00 INFO StandaloneAppClient$ClientEndpoint: Connecting to master spark://spark:7077...
[2021-12-14 09:19:01,255] {spark_submit.py:514} INFO - 21/12/14 09:19:01 INFO TransportClientFactory: Successfully created connection to spark/172.18.0.4:7077 after 685 ms (0 ms spent in bootstraps)
[2021-12-14 09:19:02,712] {spark_submit.py:514} INFO - 21/12/14 09:19:02 INFO StandaloneSchedulerBackend: Connected to Spark cluster with app ID app-20211214091902-0010
[2021-12-14 09:19:02,746] {spark_submit.py:514} INFO - 21/12/14 09:19:02 INFO Utils: Successfully started service 'org.apache.spark.network.netty.NettyBlockTransferService' on port 39209.
[2021-12-14 09:19:02,747] {spark_submit.py:514} INFO - 21/12/14 09:19:02 INFO NettyBlockTransferService: Server created on 71d5aed90fce:39209
[2021-12-14 09:19:02,750] {spark_submit.py:514} INFO - 21/12/14 09:19:02 INFO BlockManager: Using org.apache.spark.storage.RandomBlockReplicationPolicy for block replication policy
[2021-12-14 09:19:02,892] {spark_submit.py:514} INFO - 21/12/14 09:19:02 INFO BlockManagerMaster: Registering BlockManager BlockManagerId(driver, 71d5aed90fce, 39209, None)
[2021-12-14 09:19:02,943] {spark_submit.py:514} INFO - 21/12/14 09:19:02 INFO BlockManagerMasterEndpoint: Registering block manager 71d5aed90fce:39209 with 434.4 MiB RAM, BlockManagerId(driver, 71d5aed90fce, 39209, None)
[2021-12-14 09:19:02,959] {spark_submit.py:514} INFO - 21/12/14 09:19:02 INFO BlockManagerMaster: Registered BlockManager BlockManagerId(driver, 71d5aed90fce, 39209, None)
[2021-12-14 09:19:02,967] {spark_submit.py:514} INFO - 21/12/14 09:19:02 INFO BlockManager: Initialized BlockManager: BlockManagerId(driver, 71d5aed90fce, 39209, None)
[2021-12-14 09:19:05,490] {spark_submit.py:514} INFO - 21/12/14 09:19:05 INFO StandaloneSchedulerBackend: SchedulerBackend is ready for scheduling beginning after reached minRegisteredResourcesRatio: 0.0
[2021-12-14 09:19:05,848] {spark_submit.py:514} INFO - /home/***/.local/lib/python3.6/site-packages/pyspark/python/lib/pyspark.zip/pyspark/context.py:238: FutureWarning: Python 3.6 support is deprecated in Spark 3.2.
[2021-12-14 09:19:05,849] {spark_submit.py:514} INFO - FutureWarning
[2021-12-14 09:19:14,764] {spark_submit.py:514} INFO - 21/12/14 09:19:14 INFO SharedState: Setting hive.metastore.warehouse.dir ('null') to the value of spark.sql.warehouse.dir.
[2021-12-14 09:19:15,458] {spark_submit.py:514} INFO - 21/12/14 09:19:15 INFO SharedState: Warehouse path is 'file:/opt/***/spark-warehouse'.
[2021-12-14 09:19:29,623] {spark_submit.py:514} INFO - running...
[2021-12-14 09:19:32,026] {spark_submit.py:514} INFO - running...
[2021-12-14 09:19:33,477] {spark_submit.py:514} INFO - running...
[2021-12-14 09:19:34,094] {spark_submit.py:514} INFO - running...
[2021-12-14 09:19:36,141] {spark_submit.py:514} INFO - running...
[2021-12-14 09:19:37,318] {spark_submit.py:514} INFO - running...
[2021-12-14 09:19:38,418] {spark_submit.py:514} INFO - running...
[2021-12-14 09:19:39,259] {spark_submit.py:514} INFO - running...
[2021-12-14 09:19:40,898] {spark_submit.py:514} INFO - running...
[2021-12-14 09:19:42,416] {spark_submit.py:514} INFO - running...
[2021-12-14 09:19:43,991] {spark_submit.py:514} INFO - running...
[2021-12-14 09:19:45,027] {spark_submit.py:514} INFO - running...
[2021-12-14 09:19:46,110] {spark_submit.py:514} INFO - running...
[2021-12-14 09:19:47,446] {spark_submit.py:514} INFO - running...
[2021-12-14 09:19:48,935] {spark_submit.py:514} INFO - running...
[2021-12-14 09:19:50,744] {spark_submit.py:514} INFO - running...
[2021-12-14 09:19:51,587] {spark_submit.py:514} INFO - running...
[2021-12-14 09:19:56,196] {spark_submit.py:514} INFO - 21/12/14 09:19:56 INFO SparkContext: Invoking stop() from shutdown hook
[2021-12-14 09:19:56,385] {spark_submit.py:514} INFO - 21/12/14 09:19:56 INFO SparkUI: Stopped Spark web UI at http://71d5aed90fce:4050
[2021-12-14 09:19:56,546] {spark_submit.py:514} INFO - 21/12/14 09:19:56 INFO StandaloneSchedulerBackend: Shutting down all executors
[2021-12-14 09:19:56,598] {spark_submit.py:514} INFO - 21/12/14 09:19:56 INFO CoarseGrainedSchedulerBackend$DriverEndpoint: Asking each executor to shut down
[2021-12-14 09:19:56,737] {spark_submit.py:514} INFO - 21/12/14 09:19:56 INFO MapOutputTrackerMasterEndpoint: MapOutputTrackerMasterEndpoint stopped!
[2021-12-14 09:19:57,218] {spark_submit.py:514} INFO - 21/12/14 09:19:57 INFO MemoryStore: MemoryStore cleared
[2021-12-14 09:19:57,221] {spark_submit.py:514} INFO - 21/12/14 09:19:57 INFO BlockManager: BlockManager stopped
[2021-12-14 09:19:57,400] {spark_submit.py:514} INFO - 21/12/14 09:19:57 INFO BlockManagerMaster: BlockManagerMaster stopped
[2021-12-14 09:19:57,441] {spark_submit.py:514} INFO - 21/12/14 09:19:57 INFO OutputCommitCoordinator$OutputCommitCoordinatorEndpoint: OutputCommitCoordinator stopped!
[2021-12-14 09:19:57,535] {spark_submit.py:514} INFO - 21/12/14 09:19:57 INFO SparkContext: Successfully stopped SparkContext
[2021-12-14 09:19:57,539] {spark_submit.py:514} INFO - 21/12/14 09:19:57 INFO ShutdownHookManager: Shutdown hook called
[2021-12-14 09:19:57,542] {spark_submit.py:514} INFO - 21/12/14 09:19:57 INFO ShutdownHookManager: Deleting directory /tmp/spark-98403f49-2fd7-4002-80ff-3861005a6428
[2021-12-14 09:19:57,573] {spark_submit.py:514} INFO - 21/12/14 09:19:57 INFO ShutdownHookManager: Deleting directory /tmp/spark-98403f49-2fd7-4002-80ff-3861005a6428/pyspark-4c80df5f-d043-4331-a292-a9f231e08ea4
[2021-12-14 09:19:57,615] {spark_submit.py:514} INFO - 21/12/14 09:19:57 INFO ShutdownHookManager: Deleting directory /tmp/spark-32681cac-5008-40e9-b562-49555305af53
[2021-12-14 09:20:00,067] {taskinstance.py:1280} INFO - Marking task as SUCCESS. dag_id=scraping_daft_tipperary, task_id=scrap_data, execution_date=20211213T053000, start_date=20211214T091718, end_date=20211214T092000
[2021-12-14 09:20:02,197] {local_task_job.py:154} INFO - Task exited with return code 0
[2021-12-14 09:20:05,078] {local_task_job.py:264} INFO - 1 downstream tasks scheduled from follow-on schedule check
