[2021-12-21 11:05:02,947] {taskinstance.py:1035} INFO - Dependencies all met for <TaskInstance: scraping_daft_wexford.scrap_data scheduled__2021-12-20T11:05:00+00:00 [queued]>
[2021-12-21 11:05:02,985] {taskinstance.py:1035} INFO - Dependencies all met for <TaskInstance: scraping_daft_wexford.scrap_data scheduled__2021-12-20T11:05:00+00:00 [queued]>
[2021-12-21 11:05:02,988] {taskinstance.py:1241} INFO - 
--------------------------------------------------------------------------------
[2021-12-21 11:05:02,989] {taskinstance.py:1242} INFO - Starting attempt 1 of 4
[2021-12-21 11:05:02,992] {taskinstance.py:1243} INFO - 
--------------------------------------------------------------------------------
[2021-12-21 11:05:03,030] {taskinstance.py:1262} INFO - Executing <Task(SparkSubmitOperator): scrap_data> on 2021-12-20 11:05:00+00:00
[2021-12-21 11:05:03,046] {standard_task_runner.py:76} INFO - Running: ['***', 'tasks', 'run', 'scraping_daft_wexford', 'scrap_data', 'scheduled__2021-12-20T11:05:00+00:00', '--job-id', '3770', '--raw', '--subdir', 'DAGS_FOLDER/scraping_daft_wexford.py', '--cfg-path', '/tmp/tmprqxznf0t', '--error-file', '/tmp/tmpsiu8b4nx']
[2021-12-21 11:05:03,049] {standard_task_runner.py:77} INFO - Job 3770: Subtask scrap_data
[2021-12-21 11:05:03,041] {standard_task_runner.py:52} INFO - Started process 17343 to run task
[2021-12-21 11:05:03,191] {logging_mixin.py:109} INFO - Running <TaskInstance: scraping_daft_wexford.scrap_data scheduled__2021-12-20T11:05:00+00:00 [running]> on host 99ae224ffe2d
[2021-12-21 11:05:03,338] {taskinstance.py:1429} INFO - Exporting the following env vars:
AIRFLOW_CTX_DAG_EMAIL=clement.liscoet@gmail.com
AIRFLOW_CTX_DAG_OWNER=clemoni
AIRFLOW_CTX_DAG_ID=scraping_daft_wexford
AIRFLOW_CTX_TASK_ID=scrap_data
AIRFLOW_CTX_EXECUTION_DATE=2021-12-20T11:05:00+00:00
AIRFLOW_CTX_DAG_RUN_ID=scheduled__2021-12-20T11:05:00+00:00
[2021-12-21 11:05:03,360] {base.py:79} INFO - Using connection to: id: spark_default. Host: spark://spark:7077, Port: None, Schema: , Login: ***, Password: ***, extra: {}
[2021-12-21 11:05:03,362] {spark_submit.py:360} INFO - Spark-Submit cmd: spark-submit --master spark://spark:7077 --conf spark.master=spark://spark:7077 --name scrap data --verbose /opt/***/jobs/get_ads_per_county.py wexford
[2021-12-21 11:05:05,495] {spark_submit.py:514} INFO - Using properties file: null
[2021-12-21 11:05:05,602] {spark_submit.py:514} INFO - WARNING: An illegal reflective access operation has occurred
[2021-12-21 11:05:05,603] {spark_submit.py:514} INFO - WARNING: Illegal reflective access by org.apache.spark.unsafe.Platform (file:/home/***/.local/lib/python3.6/site-packages/pyspark/jars/spark-unsafe_2.12-3.2.0.jar) to constructor java.nio.DirectByteBuffer(long,int)
[2021-12-21 11:05:05,604] {spark_submit.py:514} INFO - WARNING: Please consider reporting this to the maintainers of org.apache.spark.unsafe.Platform
[2021-12-21 11:05:05,605] {spark_submit.py:514} INFO - WARNING: Use --illegal-access=warn to enable warnings of further illegal reflective access operations
[2021-12-21 11:05:05,605] {spark_submit.py:514} INFO - WARNING: All illegal access operations will be denied in a future release
[2021-12-21 11:05:05,654] {spark_submit.py:514} INFO - Parsed arguments:
[2021-12-21 11:05:05,656] {spark_submit.py:514} INFO - master                  spark://spark:7077
[2021-12-21 11:05:05,657] {spark_submit.py:514} INFO - deployMode              null
[2021-12-21 11:05:05,658] {spark_submit.py:514} INFO - executorMemory          null
[2021-12-21 11:05:05,658] {spark_submit.py:514} INFO - executorCores           null
[2021-12-21 11:05:05,659] {spark_submit.py:514} INFO - totalExecutorCores      null
[2021-12-21 11:05:05,660] {spark_submit.py:514} INFO - propertiesFile          null
[2021-12-21 11:05:05,661] {spark_submit.py:514} INFO - driverMemory            null
[2021-12-21 11:05:05,661] {spark_submit.py:514} INFO - driverCores             null
[2021-12-21 11:05:05,662] {spark_submit.py:514} INFO - driverExtraClassPath    null
[2021-12-21 11:05:05,663] {spark_submit.py:514} INFO - driverExtraLibraryPath  null
[2021-12-21 11:05:05,665] {spark_submit.py:514} INFO - driverExtraJavaOptions  null
[2021-12-21 11:05:05,665] {spark_submit.py:514} INFO - supervise               false
[2021-12-21 11:05:05,666] {spark_submit.py:514} INFO - queue                   null
[2021-12-21 11:05:05,667] {spark_submit.py:514} INFO - numExecutors            null
[2021-12-21 11:05:05,667] {spark_submit.py:514} INFO - files                   null
[2021-12-21 11:05:05,668] {spark_submit.py:514} INFO - pyFiles                 null
[2021-12-21 11:05:05,669] {spark_submit.py:514} INFO - archives                null
[2021-12-21 11:05:05,669] {spark_submit.py:514} INFO - mainClass               null
[2021-12-21 11:05:05,670] {spark_submit.py:514} INFO - primaryResource         file:/opt/***/jobs/get_ads_per_county.py
[2021-12-21 11:05:05,671] {spark_submit.py:514} INFO - name                    scrap data
[2021-12-21 11:05:05,672] {spark_submit.py:514} INFO - childArgs               [wexford]
[2021-12-21 11:05:05,673] {spark_submit.py:514} INFO - jars                    null
[2021-12-21 11:05:05,673] {spark_submit.py:514} INFO - packages                null
[2021-12-21 11:05:05,674] {spark_submit.py:514} INFO - packagesExclusions      null
[2021-12-21 11:05:05,675] {spark_submit.py:514} INFO - repositories            null
[2021-12-21 11:05:05,675] {spark_submit.py:514} INFO - verbose                 true
[2021-12-21 11:05:05,676] {spark_submit.py:514} INFO - 
[2021-12-21 11:05:05,677] {spark_submit.py:514} INFO - Spark properties used, including those specified through
[2021-12-21 11:05:05,677] {spark_submit.py:514} INFO - --conf and those from the properties file null:
[2021-12-21 11:05:05,678] {spark_submit.py:514} INFO - (spark.master,spark://spark:7077)
[2021-12-21 11:05:05,679] {spark_submit.py:514} INFO - 
[2021-12-21 11:05:05,679] {spark_submit.py:514} INFO - 
[2021-12-21 11:05:05,967] {spark_submit.py:514} INFO - Main class:
[2021-12-21 11:05:05,968] {spark_submit.py:514} INFO - org.apache.spark.deploy.PythonRunner
[2021-12-21 11:05:05,969] {spark_submit.py:514} INFO - Arguments:
[2021-12-21 11:05:05,970] {spark_submit.py:514} INFO - file:/opt/***/jobs/get_ads_per_county.py
[2021-12-21 11:05:05,971] {spark_submit.py:514} INFO - null
[2021-12-21 11:05:05,972] {spark_submit.py:514} INFO - wexford
[2021-12-21 11:05:05,973] {spark_submit.py:514} INFO - --verbose
[2021-12-21 11:05:05,974] {spark_submit.py:514} INFO - Spark config:
[2021-12-21 11:05:05,975] {spark_submit.py:514} INFO - (spark.app.name,scrap data)
[2021-12-21 11:05:05,976] {spark_submit.py:514} INFO - (spark.master,spark://spark:7077)
[2021-12-21 11:05:05,976] {spark_submit.py:514} INFO - (spark.submit.pyFiles,)
[2021-12-21 11:05:05,977] {spark_submit.py:514} INFO - (spark.submit.deployMode,client)
[2021-12-21 11:05:05,978] {spark_submit.py:514} INFO - Classpath elements:
[2021-12-21 11:05:05,978] {spark_submit.py:514} INFO - 
[2021-12-21 11:05:05,979] {spark_submit.py:514} INFO - 
[2021-12-21 11:05:05,980] {spark_submit.py:514} INFO - 
[2021-12-21 11:05:06,937] {spark_submit.py:514} INFO - Using Spark's default log4j profile: org/apache/spark/log4j-defaults.properties
[2021-12-21 11:05:06,951] {spark_submit.py:514} INFO - 21/12/21 11:05:06 INFO SparkContext: Running Spark version 3.2.0
[2021-12-21 11:05:07,051] {spark_submit.py:514} INFO - 21/12/21 11:05:07 WARN NativeCodeLoader: Unable to load native-hadoop library for your platform... using builtin-java classes where applicable
[2021-12-21 11:05:07,244] {spark_submit.py:514} INFO - 21/12/21 11:05:07 INFO ResourceUtils: ==============================================================
[2021-12-21 11:05:07,246] {spark_submit.py:514} INFO - 21/12/21 11:05:07 INFO ResourceUtils: No custom resources configured for spark.driver.
[2021-12-21 11:05:07,246] {spark_submit.py:514} INFO - 21/12/21 11:05:07 INFO ResourceUtils: ==============================================================
[2021-12-21 11:05:07,247] {spark_submit.py:514} INFO - 21/12/21 11:05:07 INFO SparkContext: Submitted application: Get Ads per county
[2021-12-21 11:05:07,276] {spark_submit.py:514} INFO - 21/12/21 11:05:07 INFO ResourceProfile: Default ResourceProfile created, executor resources: Map(cores -> name: cores, amount: 1, script: , vendor: , memory -> name: memory, amount: 1024, script: , vendor: , offHeap -> name: offHeap, amount: 0, script: , vendor: ), task resources: Map(cpus -> name: cpus, amount: 1.0)
[2021-12-21 11:05:07,289] {spark_submit.py:514} INFO - 21/12/21 11:05:07 INFO ResourceProfile: Limiting resource is cpu
[2021-12-21 11:05:07,291] {spark_submit.py:514} INFO - 21/12/21 11:05:07 INFO ResourceProfileManager: Added ResourceProfile id: 0
[2021-12-21 11:05:07,372] {spark_submit.py:514} INFO - 21/12/21 11:05:07 INFO SecurityManager: Changing view acls to: ***
[2021-12-21 11:05:07,382] {spark_submit.py:514} INFO - 21/12/21 11:05:07 INFO SecurityManager: Changing modify acls to: ***
[2021-12-21 11:05:07,384] {spark_submit.py:514} INFO - 21/12/21 11:05:07 INFO SecurityManager: Changing view acls groups to:
[2021-12-21 11:05:07,385] {spark_submit.py:514} INFO - 21/12/21 11:05:07 INFO SecurityManager: Changing modify acls groups to:
[2021-12-21 11:05:07,386] {spark_submit.py:514} INFO - 21/12/21 11:05:07 INFO SecurityManager: SecurityManager: authentication disabled; ui acls disabled; users  with view permissions: Set(***); groups with view permissions: Set(); users  with modify permissions: Set(***); groups with modify permissions: Set()
[2021-12-21 11:05:07,717] {spark_submit.py:514} INFO - 21/12/21 11:05:07 INFO Utils: Successfully started service 'sparkDriver' on port 33151.
[2021-12-21 11:05:07,758] {spark_submit.py:514} INFO - 21/12/21 11:05:07 INFO SparkEnv: Registering MapOutputTracker
[2021-12-21 11:05:07,803] {spark_submit.py:514} INFO - 21/12/21 11:05:07 INFO SparkEnv: Registering BlockManagerMaster
[2021-12-21 11:05:07,832] {spark_submit.py:514} INFO - 21/12/21 11:05:07 INFO BlockManagerMasterEndpoint: Using org.apache.spark.storage.DefaultTopologyMapper for getting topology information
[2021-12-21 11:05:07,833] {spark_submit.py:514} INFO - 21/12/21 11:05:07 INFO BlockManagerMasterEndpoint: BlockManagerMasterEndpoint up
[2021-12-21 11:05:07,841] {spark_submit.py:514} INFO - 21/12/21 11:05:07 INFO SparkEnv: Registering BlockManagerMasterHeartbeat
[2021-12-21 11:05:07,878] {spark_submit.py:514} INFO - 21/12/21 11:05:07 INFO DiskBlockManager: Created local directory at /tmp/blockmgr-3b848ac0-edf4-4334-8cbc-d529e1582e83
[2021-12-21 11:05:07,906] {spark_submit.py:514} INFO - 21/12/21 11:05:07 INFO MemoryStore: MemoryStore started with capacity 434.4 MiB
[2021-12-21 11:05:07,928] {spark_submit.py:514} INFO - 21/12/21 11:05:07 INFO SparkEnv: Registering OutputCommitCoordinator
[2021-12-21 11:05:08,277] {spark_submit.py:514} INFO - 21/12/21 11:05:08 INFO Utils: Successfully started service 'SparkUI' on port 4040.
[2021-12-21 11:05:08,350] {spark_submit.py:514} INFO - 21/12/21 11:05:08 INFO SparkUI: Bound SparkUI to 0.0.0.0, and started at http://99ae224ffe2d:4040
[2021-12-21 11:05:08,617] {spark_submit.py:514} INFO - 21/12/21 11:05:08 INFO StandaloneAppClient$ClientEndpoint: Connecting to master spark://spark:7077...
[2021-12-21 11:05:08,703] {spark_submit.py:514} INFO - 21/12/21 11:05:08 INFO TransportClientFactory: Successfully created connection to spark/172.19.0.4:7077 after 49 ms (0 ms spent in bootstraps)
[2021-12-21 11:05:08,806] {spark_submit.py:514} INFO - 21/12/21 11:05:08 INFO StandaloneSchedulerBackend: Connected to Spark cluster with app ID app-20211221110508-0072
[2021-12-21 11:05:08,814] {spark_submit.py:514} INFO - 21/12/21 11:05:08 INFO StandaloneAppClient$ClientEndpoint: Executor added: app-20211221110508-0072/0 on worker-20211221091658-172.19.0.6-38007 (172.19.0.6:38007) with 6 core(s)
[2021-12-21 11:05:08,819] {spark_submit.py:514} INFO - 21/12/21 11:05:08 INFO StandaloneSchedulerBackend: Granted executor ID app-20211221110508-0072/0 on hostPort 172.19.0.6:38007 with 6 core(s), 1024.0 MiB RAM
[2021-12-21 11:05:08,822] {spark_submit.py:514} INFO - 21/12/21 11:05:08 INFO StandaloneAppClient$ClientEndpoint: Executor added: app-20211221110508-0072/1 on worker-20211221091658-172.19.0.5-40773 (172.19.0.5:40773) with 6 core(s)
[2021-12-21 11:05:08,825] {spark_submit.py:514} INFO - 21/12/21 11:05:08 INFO StandaloneSchedulerBackend: Granted executor ID app-20211221110508-0072/1 on hostPort 172.19.0.5:40773 with 6 core(s), 1024.0 MiB RAM
[2021-12-21 11:05:08,830] {spark_submit.py:514} INFO - 21/12/21 11:05:08 INFO Utils: Successfully started service 'org.apache.spark.network.netty.NettyBlockTransferService' on port 44329.
[2021-12-21 11:05:08,832] {spark_submit.py:514} INFO - 21/12/21 11:05:08 INFO NettyBlockTransferService: Server created on 99ae224ffe2d:44329
[2021-12-21 11:05:08,835] {spark_submit.py:514} INFO - 21/12/21 11:05:08 INFO BlockManager: Using org.apache.spark.storage.RandomBlockReplicationPolicy for block replication policy
[2021-12-21 11:05:08,850] {spark_submit.py:514} INFO - 21/12/21 11:05:08 INFO BlockManagerMaster: Registering BlockManager BlockManagerId(driver, 99ae224ffe2d, 44329, None)
[2021-12-21 11:05:08,866] {spark_submit.py:514} INFO - 21/12/21 11:05:08 INFO BlockManagerMasterEndpoint: Registering block manager 99ae224ffe2d:44329 with 434.4 MiB RAM, BlockManagerId(driver, 99ae224ffe2d, 44329, None)
[2021-12-21 11:05:08,876] {spark_submit.py:514} INFO - 21/12/21 11:05:08 INFO BlockManagerMaster: Registered BlockManager BlockManagerId(driver, 99ae224ffe2d, 44329, None)
[2021-12-21 11:05:08,879] {spark_submit.py:514} INFO - 21/12/21 11:05:08 INFO BlockManager: Initialized BlockManager: BlockManagerId(driver, 99ae224ffe2d, 44329, None)
[2021-12-21 11:05:09,017] {spark_submit.py:514} INFO - 21/12/21 11:05:09 INFO StandaloneAppClient$ClientEndpoint: Executor updated: app-20211221110508-0072/1 is now RUNNING
[2021-12-21 11:05:09,028] {spark_submit.py:514} INFO - 21/12/21 11:05:09 INFO StandaloneAppClient$ClientEndpoint: Executor updated: app-20211221110508-0072/0 is now RUNNING
[2021-12-21 11:05:09,315] {spark_submit.py:514} INFO - 21/12/21 11:05:09 INFO StandaloneSchedulerBackend: SchedulerBackend is ready for scheduling beginning after reached minRegisteredResourcesRatio: 0.0
[2021-12-21 11:05:09,419] {spark_submit.py:514} INFO - /home/***/.local/lib/python3.6/site-packages/pyspark/python/lib/pyspark.zip/pyspark/context.py:238: FutureWarning: Python 3.6 support is deprecated in Spark 3.2.
[2021-12-21 11:05:09,421] {spark_submit.py:514} INFO - FutureWarning
[2021-12-21 11:05:09,797] {spark_submit.py:514} INFO - 21/12/21 11:05:09 INFO SharedState: Setting hive.metastore.warehouse.dir ('null') to the value of spark.sql.warehouse.dir.
[2021-12-21 11:05:09,838] {spark_submit.py:514} INFO - 21/12/21 11:05:09 INFO SharedState: Warehouse path is 'file:/opt/***/spark-warehouse'.
[2021-12-21 11:05:13,501] {spark_submit.py:514} INFO - 21/12/21 11:05:13 INFO CoarseGrainedSchedulerBackend$DriverEndpoint: Registered executor NettyRpcEndpointRef(spark-client://Executor) (172.19.0.5:38652) with ID 1,  ResourceProfileId 0
[2021-12-21 11:05:13,512] {spark_submit.py:514} INFO - 21/12/21 11:05:13 INFO CoarseGrainedSchedulerBackend$DriverEndpoint: Registered executor NettyRpcEndpointRef(spark-client://Executor) (172.19.0.6:46548) with ID 0,  ResourceProfileId 0
[2021-12-21 11:05:13,750] {spark_submit.py:514} INFO - 21/12/21 11:05:13 INFO BlockManagerMasterEndpoint: Registering block manager 172.19.0.6:44581 with 366.3 MiB RAM, BlockManagerId(0, 172.19.0.6, 44581, None)
[2021-12-21 11:05:13,753] {spark_submit.py:514} INFO - 21/12/21 11:05:13 INFO BlockManagerMasterEndpoint: Registering block manager 172.19.0.5:37283 with 366.3 MiB RAM, BlockManagerId(1, 172.19.0.5, 37283, None)
[2021-12-21 11:05:23,683] {spark_submit.py:514} INFO - running...
[2021-12-21 11:05:24,922] {spark_submit.py:514} INFO - running...
[2021-12-21 11:05:26,043] {spark_submit.py:514} INFO - running...
[2021-12-21 11:05:27,755] {spark_submit.py:514} INFO - running...
[2021-12-21 11:05:29,111] {spark_submit.py:514} INFO - running...
[2021-12-21 11:05:29,978] {spark_submit.py:514} INFO - running...
[2021-12-21 11:05:30,822] {spark_submit.py:514} INFO - running...
[2021-12-21 11:05:32,143] {spark_submit.py:514} INFO - running...
[2021-12-21 11:05:33,426] {spark_submit.py:514} INFO - running...
[2021-12-21 11:05:35,119] {spark_submit.py:514} INFO - running...
[2021-12-21 11:05:36,888] {spark_submit.py:514} INFO - running...
[2021-12-21 11:05:38,810] {spark_submit.py:514} INFO - running...
[2021-12-21 11:05:40,652] {spark_submit.py:514} INFO - running...
[2021-12-21 11:05:42,151] {spark_submit.py:514} INFO - running...
[2021-12-21 11:05:43,404] {spark_submit.py:514} INFO - running...
[2021-12-21 11:05:44,234] {spark_submit.py:514} INFO - running...
[2021-12-21 11:05:45,269] {spark_submit.py:514} INFO - running...
[2021-12-21 11:05:46,163] {spark_submit.py:514} INFO - running...
[2021-12-21 11:05:47,533] {spark_submit.py:514} INFO - running...
[2021-12-21 11:05:48,359] {spark_submit.py:514} INFO - running...
[2021-12-21 11:05:55,482] {spark_submit.py:514} INFO - running...
[2021-12-21 11:05:56,561] {spark_submit.py:514} INFO - running...
[2021-12-21 11:05:58,278] {spark_submit.py:514} INFO - running...
[2021-12-21 11:06:02,765] {spark_submit.py:514} INFO - running...
[2021-12-21 11:06:04,105] {spark_submit.py:514} INFO - running...
[2021-12-21 11:06:05,124] {spark_submit.py:514} INFO - running...
[2021-12-21 11:06:06,538] {spark_submit.py:514} INFO - running...
[2021-12-21 11:06:09,388] {spark_submit.py:514} INFO - running...
[2021-12-21 11:06:10,986] {spark_submit.py:514} INFO - running...
[2021-12-21 11:06:13,453] {spark_submit.py:514} INFO - running...
[2021-12-21 11:06:16,180] {spark_submit.py:514} INFO - running...
[2021-12-21 11:06:17,286] {spark_submit.py:514} INFO - running...
[2021-12-21 11:06:18,684] {spark_submit.py:514} INFO - running...
[2021-12-21 11:06:19,846] {spark_submit.py:514} INFO - running...
[2021-12-21 11:06:20,955] {spark_submit.py:514} INFO - running...
[2021-12-21 11:06:22,145] {spark_submit.py:514} INFO - running...
[2021-12-21 11:06:22,992] {spark_submit.py:514} INFO - running...
[2021-12-21 11:06:29,184] {spark_submit.py:514} INFO - 21/12/21 11:06:29 INFO SparkContext: Invoking stop() from shutdown hook
[2021-12-21 11:06:29,201] {spark_submit.py:514} INFO - 21/12/21 11:06:29 INFO SparkUI: Stopped Spark web UI at http://99ae224ffe2d:4040
[2021-12-21 11:06:29,217] {spark_submit.py:514} INFO - 21/12/21 11:06:29 INFO StandaloneSchedulerBackend: Shutting down all executors
[2021-12-21 11:06:29,219] {spark_submit.py:514} INFO - 21/12/21 11:06:29 INFO CoarseGrainedSchedulerBackend$DriverEndpoint: Asking each executor to shut down
[2021-12-21 11:06:29,257] {spark_submit.py:514} INFO - 21/12/21 11:06:29 INFO MapOutputTrackerMasterEndpoint: MapOutputTrackerMasterEndpoint stopped!
[2021-12-21 11:06:29,302] {spark_submit.py:514} INFO - 21/12/21 11:06:29 INFO MemoryStore: MemoryStore cleared
[2021-12-21 11:06:29,306] {spark_submit.py:514} INFO - 21/12/21 11:06:29 INFO BlockManager: BlockManager stopped
[2021-12-21 11:06:29,321] {spark_submit.py:514} INFO - 21/12/21 11:06:29 INFO BlockManagerMaster: BlockManagerMaster stopped
[2021-12-21 11:06:29,327] {spark_submit.py:514} INFO - 21/12/21 11:06:29 INFO OutputCommitCoordinator$OutputCommitCoordinatorEndpoint: OutputCommitCoordinator stopped!
[2021-12-21 11:06:29,350] {spark_submit.py:514} INFO - 21/12/21 11:06:29 INFO SparkContext: Successfully stopped SparkContext
[2021-12-21 11:06:29,351] {spark_submit.py:514} INFO - 21/12/21 11:06:29 INFO ShutdownHookManager: Shutdown hook called
[2021-12-21 11:06:29,352] {spark_submit.py:514} INFO - 21/12/21 11:06:29 INFO ShutdownHookManager: Deleting directory /tmp/spark-109ab6d6-87be-42e6-bddc-f4082e42b762
[2021-12-21 11:06:29,357] {spark_submit.py:514} INFO - 21/12/21 11:06:29 INFO ShutdownHookManager: Deleting directory /tmp/spark-1b7f6329-89e1-4cb7-ae3d-4ee09510a90b
[2021-12-21 11:06:29,364] {spark_submit.py:514} INFO - 21/12/21 11:06:29 INFO ShutdownHookManager: Deleting directory /tmp/spark-1b7f6329-89e1-4cb7-ae3d-4ee09510a90b/pyspark-c6d124b6-a45d-401a-bed3-29c090a43e09
[2021-12-21 11:06:29,488] {taskinstance.py:1280} INFO - Marking task as SUCCESS. dag_id=scraping_daft_wexford, task_id=scrap_data, execution_date=20211220T110500, start_date=20211221T110502, end_date=20211221T110629
[2021-12-21 11:06:29,538] {local_task_job.py:154} INFO - Task exited with return code 0
[2021-12-21 11:06:29,635] {local_task_job.py:264} INFO - 1 downstream tasks scheduled from follow-on schedule check
