[2021-12-17 10:10:29,336] {taskinstance.py:1035} INFO - Dependencies all met for <TaskInstance: scraping_daft_longford.remove_file scheduled__2021-12-16T10:10:00+00:00 [queued]>
[2021-12-17 10:10:29,351] {taskinstance.py:1035} INFO - Dependencies all met for <TaskInstance: scraping_daft_longford.remove_file scheduled__2021-12-16T10:10:00+00:00 [queued]>
[2021-12-17 10:10:29,352] {taskinstance.py:1241} INFO - 
--------------------------------------------------------------------------------
[2021-12-17 10:10:29,352] {taskinstance.py:1242} INFO - Starting attempt 1 of 4
[2021-12-17 10:10:29,353] {taskinstance.py:1243} INFO - 
--------------------------------------------------------------------------------
[2021-12-17 10:10:29,367] {taskinstance.py:1262} INFO - Executing <Task(SparkSubmitOperator): remove_file> on 2021-12-16 10:10:00+00:00
[2021-12-17 10:10:29,376] {standard_task_runner.py:76} INFO - Running: ['***', 'tasks', 'run', 'scraping_daft_longford', 'remove_file', 'scheduled__2021-12-16T10:10:00+00:00', '--job-id', '2875', '--raw', '--subdir', 'DAGS_FOLDER/scraping_daft_longford.py', '--cfg-path', '/tmp/tmpi5b3gkgq', '--error-file', '/tmp/tmpq4g8oq4b']
[2021-12-17 10:10:29,377] {standard_task_runner.py:77} INFO - Job 2875: Subtask remove_file
[2021-12-17 10:10:29,373] {standard_task_runner.py:52} INFO - Started process 9961 to run task
[2021-12-17 10:10:29,466] {logging_mixin.py:109} INFO - Running <TaskInstance: scraping_daft_longford.remove_file scheduled__2021-12-16T10:10:00+00:00 [running]> on host ce860fbe488d
[2021-12-17 10:10:29,599] {taskinstance.py:1429} INFO - Exporting the following env vars:
AIRFLOW_CTX_DAG_EMAIL=clement.liscoet@gmail.com
AIRFLOW_CTX_DAG_OWNER=clemoni
AIRFLOW_CTX_DAG_ID=scraping_daft_longford
AIRFLOW_CTX_TASK_ID=remove_file
AIRFLOW_CTX_EXECUTION_DATE=2021-12-16T10:10:00+00:00
AIRFLOW_CTX_DAG_RUN_ID=scheduled__2021-12-16T10:10:00+00:00
[2021-12-17 10:10:29,620] {base.py:79} INFO - Using connection to: id: spark_default. Host: spark://spark:7077, Port: None, Schema: , Login: ***, Password: ***, extra: {}
[2021-12-17 10:10:29,622] {spark_submit.py:360} INFO - Spark-Submit cmd: spark-submit --master spark://spark:7077 --conf spark.master=spark://spark:7077 --name remove file --verbose /opt/***/jobs/remove_file.py longford
[2021-12-17 10:10:31,100] {spark_submit.py:514} INFO - Using properties file: null
[2021-12-17 10:10:31,210] {spark_submit.py:514} INFO - WARNING: An illegal reflective access operation has occurred
[2021-12-17 10:10:31,214] {spark_submit.py:514} INFO - WARNING: Illegal reflective access by org.apache.spark.unsafe.Platform (file:/home/***/.local/lib/python3.6/site-packages/pyspark/jars/spark-unsafe_2.12-3.2.0.jar) to constructor java.nio.DirectByteBuffer(long,int)
[2021-12-17 10:10:31,215] {spark_submit.py:514} INFO - WARNING: Please consider reporting this to the maintainers of org.apache.spark.unsafe.Platform
[2021-12-17 10:10:31,217] {spark_submit.py:514} INFO - WARNING: Use --illegal-access=warn to enable warnings of further illegal reflective access operations
[2021-12-17 10:10:31,218] {spark_submit.py:514} INFO - WARNING: All illegal access operations will be denied in a future release
[2021-12-17 10:10:31,302] {spark_submit.py:514} INFO - Parsed arguments:
[2021-12-17 10:10:31,303] {spark_submit.py:514} INFO - master                  spark://spark:7077
[2021-12-17 10:10:31,304] {spark_submit.py:514} INFO - deployMode              null
[2021-12-17 10:10:31,305] {spark_submit.py:514} INFO - executorMemory          null
[2021-12-17 10:10:31,306] {spark_submit.py:514} INFO - executorCores           null
[2021-12-17 10:10:31,306] {spark_submit.py:514} INFO - totalExecutorCores      null
[2021-12-17 10:10:31,307] {spark_submit.py:514} INFO - propertiesFile          null
[2021-12-17 10:10:31,308] {spark_submit.py:514} INFO - driverMemory            null
[2021-12-17 10:10:31,308] {spark_submit.py:514} INFO - driverCores             null
[2021-12-17 10:10:31,309] {spark_submit.py:514} INFO - driverExtraClassPath    null
[2021-12-17 10:10:31,310] {spark_submit.py:514} INFO - driverExtraLibraryPath  null
[2021-12-17 10:10:31,311] {spark_submit.py:514} INFO - driverExtraJavaOptions  null
[2021-12-17 10:10:31,312] {spark_submit.py:514} INFO - supervise               false
[2021-12-17 10:10:31,312] {spark_submit.py:514} INFO - queue                   null
[2021-12-17 10:10:31,313] {spark_submit.py:514} INFO - numExecutors            null
[2021-12-17 10:10:31,313] {spark_submit.py:514} INFO - files                   null
[2021-12-17 10:10:31,314] {spark_submit.py:514} INFO - pyFiles                 null
[2021-12-17 10:10:31,315] {spark_submit.py:514} INFO - archives                null
[2021-12-17 10:10:31,315] {spark_submit.py:514} INFO - mainClass               null
[2021-12-17 10:10:31,316] {spark_submit.py:514} INFO - primaryResource         file:/opt/***/jobs/remove_file.py
[2021-12-17 10:10:31,317] {spark_submit.py:514} INFO - name                    remove file
[2021-12-17 10:10:31,318] {spark_submit.py:514} INFO - childArgs               [longford]
[2021-12-17 10:10:31,318] {spark_submit.py:514} INFO - jars                    null
[2021-12-17 10:10:31,319] {spark_submit.py:514} INFO - packages                null
[2021-12-17 10:10:31,319] {spark_submit.py:514} INFO - packagesExclusions      null
[2021-12-17 10:10:31,320] {spark_submit.py:514} INFO - repositories            null
[2021-12-17 10:10:31,321] {spark_submit.py:514} INFO - verbose                 true
[2021-12-17 10:10:31,321] {spark_submit.py:514} INFO - 
[2021-12-17 10:10:31,322] {spark_submit.py:514} INFO - Spark properties used, including those specified through
[2021-12-17 10:10:31,322] {spark_submit.py:514} INFO - --conf and those from the properties file null:
[2021-12-17 10:10:31,323] {spark_submit.py:514} INFO - (spark.master,spark://spark:7077)
[2021-12-17 10:10:31,324] {spark_submit.py:514} INFO - 
[2021-12-17 10:10:31,325] {spark_submit.py:514} INFO - 
[2021-12-17 10:10:31,657] {spark_submit.py:514} INFO - Main class:
[2021-12-17 10:10:31,658] {spark_submit.py:514} INFO - org.apache.spark.deploy.PythonRunner
[2021-12-17 10:10:31,659] {spark_submit.py:514} INFO - Arguments:
[2021-12-17 10:10:31,660] {spark_submit.py:514} INFO - file:/opt/***/jobs/remove_file.py
[2021-12-17 10:10:31,661] {spark_submit.py:514} INFO - null
[2021-12-17 10:10:31,662] {spark_submit.py:514} INFO - longford
[2021-12-17 10:10:31,663] {spark_submit.py:514} INFO - --verbose
[2021-12-17 10:10:31,663] {spark_submit.py:514} INFO - Spark config:
[2021-12-17 10:10:31,664] {spark_submit.py:514} INFO - (spark.app.name,remove file)
[2021-12-17 10:10:31,665] {spark_submit.py:514} INFO - (spark.master,spark://spark:7077)
[2021-12-17 10:10:31,666] {spark_submit.py:514} INFO - (spark.submit.pyFiles,)
[2021-12-17 10:10:31,667] {spark_submit.py:514} INFO - (spark.submit.deployMode,client)
[2021-12-17 10:10:31,668] {spark_submit.py:514} INFO - Classpath elements:
[2021-12-17 10:10:31,669] {spark_submit.py:514} INFO - 
[2021-12-17 10:10:31,670] {spark_submit.py:514} INFO - 
[2021-12-17 10:10:31,671] {spark_submit.py:514} INFO - 
[2021-12-17 10:10:32,597] {spark_submit.py:514} INFO - Using Spark's default log4j profile: org/apache/spark/log4j-defaults.properties
[2021-12-17 10:10:32,610] {spark_submit.py:514} INFO - 21/12/17 10:10:32 INFO SparkContext: Running Spark version 3.2.0
[2021-12-17 10:10:32,710] {spark_submit.py:514} INFO - 21/12/17 10:10:32 WARN NativeCodeLoader: Unable to load native-hadoop library for your platform... using builtin-java classes where applicable
[2021-12-17 10:10:32,898] {spark_submit.py:514} INFO - 21/12/17 10:10:32 INFO ResourceUtils: ==============================================================
[2021-12-17 10:10:32,899] {spark_submit.py:514} INFO - 21/12/17 10:10:32 INFO ResourceUtils: No custom resources configured for spark.driver.
[2021-12-17 10:10:32,900] {spark_submit.py:514} INFO - 21/12/17 10:10:32 INFO ResourceUtils: ==============================================================
[2021-12-17 10:10:32,901] {spark_submit.py:514} INFO - 21/12/17 10:10:32 INFO SparkContext: Submitted application: Remove file
[2021-12-17 10:10:32,929] {spark_submit.py:514} INFO - 21/12/17 10:10:32 INFO ResourceProfile: Default ResourceProfile created, executor resources: Map(cores -> name: cores, amount: 1, script: , vendor: , memory -> name: memory, amount: 1024, script: , vendor: , offHeap -> name: offHeap, amount: 0, script: , vendor: ), task resources: Map(cpus -> name: cpus, amount: 1.0)
[2021-12-17 10:10:32,943] {spark_submit.py:514} INFO - 21/12/17 10:10:32 INFO ResourceProfile: Limiting resource is cpu
[2021-12-17 10:10:32,944] {spark_submit.py:514} INFO - 21/12/17 10:10:32 INFO ResourceProfileManager: Added ResourceProfile id: 0
[2021-12-17 10:10:33,022] {spark_submit.py:514} INFO - 21/12/17 10:10:33 INFO SecurityManager: Changing view acls to: ***
[2021-12-17 10:10:33,024] {spark_submit.py:514} INFO - 21/12/17 10:10:33 INFO SecurityManager: Changing modify acls to: ***
[2021-12-17 10:10:33,025] {spark_submit.py:514} INFO - 21/12/17 10:10:33 INFO SecurityManager: Changing view acls groups to:
[2021-12-17 10:10:33,026] {spark_submit.py:514} INFO - 21/12/17 10:10:33 INFO SecurityManager: Changing modify acls groups to:
[2021-12-17 10:10:33,030] {spark_submit.py:514} INFO - 21/12/17 10:10:33 INFO SecurityManager: SecurityManager: authentication disabled; ui acls disabled; users  with view permissions: Set(***); groups with view permissions: Set(); users  with modify permissions: Set(***); groups with modify permissions: Set()
[2021-12-17 10:10:33,373] {spark_submit.py:514} INFO - 21/12/17 10:10:33 INFO Utils: Successfully started service 'sparkDriver' on port 33131.
[2021-12-17 10:10:33,411] {spark_submit.py:514} INFO - 21/12/17 10:10:33 INFO SparkEnv: Registering MapOutputTracker
[2021-12-17 10:10:33,460] {spark_submit.py:514} INFO - 21/12/17 10:10:33 INFO SparkEnv: Registering BlockManagerMaster
[2021-12-17 10:10:33,490] {spark_submit.py:514} INFO - 21/12/17 10:10:33 INFO BlockManagerMasterEndpoint: Using org.apache.spark.storage.DefaultTopologyMapper for getting topology information
[2021-12-17 10:10:33,491] {spark_submit.py:514} INFO - 21/12/17 10:10:33 INFO BlockManagerMasterEndpoint: BlockManagerMasterEndpoint up
[2021-12-17 10:10:33,500] {spark_submit.py:514} INFO - 21/12/17 10:10:33 INFO SparkEnv: Registering BlockManagerMasterHeartbeat
[2021-12-17 10:10:33,537] {spark_submit.py:514} INFO - 21/12/17 10:10:33 INFO DiskBlockManager: Created local directory at /tmp/blockmgr-8bb2293d-2b2c-4a52-a99a-56baa5c8dd8b
[2021-12-17 10:10:33,562] {spark_submit.py:514} INFO - 21/12/17 10:10:33 INFO MemoryStore: MemoryStore started with capacity 434.4 MiB
[2021-12-17 10:10:33,580] {spark_submit.py:514} INFO - 21/12/17 10:10:33 INFO SparkEnv: Registering OutputCommitCoordinator
[2021-12-17 10:10:33,819] {spark_submit.py:514} INFO - 21/12/17 10:10:33 INFO Utils: Successfully started service 'SparkUI' on port 4040.
[2021-12-17 10:10:33,909] {spark_submit.py:514} INFO - 21/12/17 10:10:33 INFO SparkUI: Bound SparkUI to 0.0.0.0, and started at http://ce860fbe488d:4040
[2021-12-17 10:10:34,181] {spark_submit.py:514} INFO - 21/12/17 10:10:34 INFO StandaloneAppClient$ClientEndpoint: Connecting to master spark://spark:7077...
[2021-12-17 10:10:34,263] {spark_submit.py:514} INFO - 21/12/17 10:10:34 INFO TransportClientFactory: Successfully created connection to spark/172.18.0.4:7077 after 49 ms (0 ms spent in bootstraps)
[2021-12-17 10:10:34,367] {spark_submit.py:514} INFO - 21/12/17 10:10:34 INFO StandaloneSchedulerBackend: Connected to Spark cluster with app ID app-20211217101034-0041
[2021-12-17 10:10:34,377] {spark_submit.py:514} INFO - 21/12/17 10:10:34 INFO StandaloneAppClient$ClientEndpoint: Executor added: app-20211217101034-0041/0 on worker-20211217090523-172.18.0.5-46289 (172.18.0.5:46289) with 6 core(s)
[2021-12-17 10:10:34,384] {spark_submit.py:514} INFO - 21/12/17 10:10:34 INFO Utils: Successfully started service 'org.apache.spark.network.netty.NettyBlockTransferService' on port 36071.
[2021-12-17 10:10:34,385] {spark_submit.py:514} INFO - 21/12/17 10:10:34 INFO NettyBlockTransferService: Server created on ce860fbe488d:36071
[2021-12-17 10:10:34,387] {spark_submit.py:514} INFO - 21/12/17 10:10:34 INFO StandaloneSchedulerBackend: Granted executor ID app-20211217101034-0041/0 on hostPort 172.18.0.5:46289 with 6 core(s), 1024.0 MiB RAM
[2021-12-17 10:10:34,388] {spark_submit.py:514} INFO - 21/12/17 10:10:34 INFO StandaloneAppClient$ClientEndpoint: Executor added: app-20211217101034-0041/1 on worker-20211217090523-172.18.0.6-35853 (172.18.0.6:35853) with 6 core(s)
[2021-12-17 10:10:34,389] {spark_submit.py:514} INFO - 21/12/17 10:10:34 INFO StandaloneSchedulerBackend: Granted executor ID app-20211217101034-0041/1 on hostPort 172.18.0.6:35853 with 6 core(s), 1024.0 MiB RAM
[2021-12-17 10:10:34,391] {spark_submit.py:514} INFO - 21/12/17 10:10:34 INFO BlockManager: Using org.apache.spark.storage.RandomBlockReplicationPolicy for block replication policy
[2021-12-17 10:10:34,402] {spark_submit.py:514} INFO - 21/12/17 10:10:34 INFO BlockManagerMaster: Registering BlockManager BlockManagerId(driver, ce860fbe488d, 36071, None)
[2021-12-17 10:10:34,410] {spark_submit.py:514} INFO - 21/12/17 10:10:34 INFO BlockManagerMasterEndpoint: Registering block manager ce860fbe488d:36071 with 434.4 MiB RAM, BlockManagerId(driver, ce860fbe488d, 36071, None)
[2021-12-17 10:10:34,411] {spark_submit.py:514} INFO - 21/12/17 10:10:34 INFO StandaloneAppClient$ClientEndpoint: Executor updated: app-20211217101034-0041/1 is now RUNNING
[2021-12-17 10:10:34,415] {spark_submit.py:514} INFO - 21/12/17 10:10:34 INFO StandaloneAppClient$ClientEndpoint: Executor updated: app-20211217101034-0041/0 is now RUNNING
[2021-12-17 10:10:34,417] {spark_submit.py:514} INFO - 21/12/17 10:10:34 INFO BlockManagerMaster: Registered BlockManager BlockManagerId(driver, ce860fbe488d, 36071, None)
[2021-12-17 10:10:34,419] {spark_submit.py:514} INFO - 21/12/17 10:10:34 INFO BlockManager: Initialized BlockManager: BlockManagerId(driver, ce860fbe488d, 36071, None)
[2021-12-17 10:10:34,702] {spark_submit.py:514} INFO - 21/12/17 10:10:34 INFO StandaloneSchedulerBackend: SchedulerBackend is ready for scheduling beginning after reached minRegisteredResourcesRatio: 0.0
[2021-12-17 10:10:34,768] {spark_submit.py:514} INFO - /home/***/.local/lib/python3.6/site-packages/pyspark/python/lib/pyspark.zip/pyspark/context.py:238: FutureWarning: Python 3.6 support is deprecated in Spark 3.2.
[2021-12-17 10:10:34,771] {spark_submit.py:514} INFO - FutureWarning
[2021-12-17 10:10:35,071] {spark_submit.py:514} INFO - 21/12/17 10:10:35 INFO SharedState: Setting hive.metastore.warehouse.dir ('null') to the value of spark.sql.warehouse.dir.
[2021-12-17 10:10:35,109] {spark_submit.py:514} INFO - 21/12/17 10:10:35 INFO SharedState: Warehouse path is 'file:/opt/***/spark-warehouse'.
[2021-12-17 10:10:36,038] {spark_submit.py:514} INFO - file: longford_rent.json deleted
[2021-12-17 10:10:36,212] {spark_submit.py:514} INFO - 21/12/17 10:10:36 INFO SparkContext: Invoking stop() from shutdown hook
[2021-12-17 10:10:36,284] {spark_submit.py:514} INFO - 21/12/17 10:10:36 INFO SparkUI: Stopped Spark web UI at http://ce860fbe488d:4040
[2021-12-17 10:10:36,295] {spark_submit.py:514} INFO - 21/12/17 10:10:36 INFO StandaloneSchedulerBackend: Shutting down all executors
[2021-12-17 10:10:36,302] {spark_submit.py:514} INFO - 21/12/17 10:10:36 INFO CoarseGrainedSchedulerBackend$DriverEndpoint: Asking each executor to shut down
[2021-12-17 10:10:36,353] {spark_submit.py:514} INFO - 21/12/17 10:10:36 INFO MapOutputTrackerMasterEndpoint: MapOutputTrackerMasterEndpoint stopped!
[2021-12-17 10:10:36,384] {spark_submit.py:514} INFO - 21/12/17 10:10:36 INFO MemoryStore: MemoryStore cleared
[2021-12-17 10:10:36,385] {spark_submit.py:514} INFO - 21/12/17 10:10:36 INFO BlockManager: BlockManager stopped
[2021-12-17 10:10:36,397] {spark_submit.py:514} INFO - 21/12/17 10:10:36 INFO BlockManagerMaster: BlockManagerMaster stopped
[2021-12-17 10:10:36,402] {spark_submit.py:514} INFO - 21/12/17 10:10:36 INFO OutputCommitCoordinator$OutputCommitCoordinatorEndpoint: OutputCommitCoordinator stopped!
[2021-12-17 10:10:36,421] {spark_submit.py:514} INFO - 21/12/17 10:10:36 INFO SparkContext: Successfully stopped SparkContext
[2021-12-17 10:10:36,423] {spark_submit.py:514} INFO - 21/12/17 10:10:36 INFO ShutdownHookManager: Shutdown hook called
[2021-12-17 10:10:36,424] {spark_submit.py:514} INFO - 21/12/17 10:10:36 INFO ShutdownHookManager: Deleting directory /tmp/spark-c3446493-a7c0-425e-b3ef-7258d31d72bb/pyspark-1258cff7-fe3b-491c-863e-02f143b2bb67
[2021-12-17 10:10:36,430] {spark_submit.py:514} INFO - 21/12/17 10:10:36 INFO ShutdownHookManager: Deleting directory /tmp/spark-c3446493-a7c0-425e-b3ef-7258d31d72bb
[2021-12-17 10:10:36,434] {spark_submit.py:514} INFO - 21/12/17 10:10:36 INFO ShutdownHookManager: Deleting directory /tmp/spark-94400b17-3aca-48ab-90d1-5d5b1bcb805d
[2021-12-17 10:10:36,537] {taskinstance.py:1280} INFO - Marking task as SUCCESS. dag_id=scraping_daft_longford, task_id=remove_file, execution_date=20211216T101000, start_date=20211217T101029, end_date=20211217T101036
[2021-12-17 10:10:36,599] {local_task_job.py:154} INFO - Task exited with return code 0
[2021-12-17 10:10:36,672] {local_task_job.py:264} INFO - 0 downstream tasks scheduled from follow-on schedule check
