[2021-12-28 13:31:36,163] {taskinstance.py:1035} INFO - Dependencies all met for <TaskInstance: scraping_daft_donegal.remove_file scheduled__2021-12-27T09:25:00+00:00 [queued]>
[2021-12-28 13:31:36,255] {taskinstance.py:1035} INFO - Dependencies all met for <TaskInstance: scraping_daft_donegal.remove_file scheduled__2021-12-27T09:25:00+00:00 [queued]>
[2021-12-28 13:31:36,256] {taskinstance.py:1241} INFO - 
--------------------------------------------------------------------------------
[2021-12-28 13:31:36,257] {taskinstance.py:1242} INFO - Starting attempt 1 of 4
[2021-12-28 13:31:36,258] {taskinstance.py:1243} INFO - 
--------------------------------------------------------------------------------
[2021-12-28 13:31:36,337] {taskinstance.py:1262} INFO - Executing <Task(SparkSubmitOperator): remove_file> on 2021-12-27 09:25:00+00:00
[2021-12-28 13:31:36,411] {standard_task_runner.py:76} INFO - Running: ['***', 'tasks', 'run', 'scraping_daft_donegal', 'remove_file', 'scheduled__2021-12-27T09:25:00+00:00', '--job-id', '5059', '--raw', '--subdir', 'DAGS_FOLDER/scraping_daft_donegal.py', '--cfg-path', '/tmp/tmptcztko9j', '--error-file', '/tmp/tmprqm_uwfd']
[2021-12-28 13:31:36,366] {standard_task_runner.py:52} INFO - Started process 47314 to run task
[2021-12-28 13:31:36,424] {standard_task_runner.py:77} INFO - Job 5059: Subtask remove_file
[2021-12-28 13:31:36,662] {logging_mixin.py:109} INFO - Running <TaskInstance: scraping_daft_donegal.remove_file scheduled__2021-12-27T09:25:00+00:00 [running]> on host 0c125a5bba95
[2021-12-28 13:31:37,059] {taskinstance.py:1429} INFO - Exporting the following env vars:
AIRFLOW_CTX_DAG_EMAIL=clement.liscoet@gmail.com
AIRFLOW_CTX_DAG_OWNER=clemoni
AIRFLOW_CTX_DAG_ID=scraping_daft_donegal
AIRFLOW_CTX_TASK_ID=remove_file
AIRFLOW_CTX_EXECUTION_DATE=2021-12-27T09:25:00+00:00
AIRFLOW_CTX_DAG_RUN_ID=scheduled__2021-12-27T09:25:00+00:00
[2021-12-28 13:31:37,139] {base.py:79} INFO - Using connection to: id: spark_default. Host: spark://spark:7077, Port: None, Schema: , Login: ***, Password: ***, extra: {}
[2021-12-28 13:31:37,155] {spark_submit.py:360} INFO - Spark-Submit cmd: spark-submit --master spark://spark:7077 --conf spark.master=spark://spark:7077 --name remove file --verbose /opt/***/jobs/remove_file.py donegal
[2021-12-28 13:31:47,752] {spark_submit.py:514} INFO - Using properties file: null
[2021-12-28 13:31:48,375] {spark_submit.py:514} INFO - WARNING: An illegal reflective access operation has occurred
[2021-12-28 13:31:48,376] {spark_submit.py:514} INFO - WARNING: Illegal reflective access by org.apache.spark.unsafe.Platform (file:/home/***/.local/lib/python3.6/site-packages/pyspark/jars/spark-unsafe_2.12-3.2.0.jar) to constructor java.nio.DirectByteBuffer(long,int)
[2021-12-28 13:31:48,378] {spark_submit.py:514} INFO - WARNING: Please consider reporting this to the maintainers of org.apache.spark.unsafe.Platform
[2021-12-28 13:31:48,380] {spark_submit.py:514} INFO - WARNING: Use --illegal-access=warn to enable warnings of further illegal reflective access operations
[2021-12-28 13:31:48,381] {spark_submit.py:514} INFO - WARNING: All illegal access operations will be denied in a future release
[2021-12-28 13:31:48,633] {spark_submit.py:514} INFO - Parsed arguments:
[2021-12-28 13:31:48,634] {spark_submit.py:514} INFO - master                  spark://spark:7077
[2021-12-28 13:31:48,635] {spark_submit.py:514} INFO - deployMode              null
[2021-12-28 13:31:48,636] {spark_submit.py:514} INFO - executorMemory          null
[2021-12-28 13:31:48,637] {spark_submit.py:514} INFO - executorCores           null
[2021-12-28 13:31:48,639] {spark_submit.py:514} INFO - totalExecutorCores      null
[2021-12-28 13:31:48,639] {spark_submit.py:514} INFO - propertiesFile          null
[2021-12-28 13:31:48,640] {spark_submit.py:514} INFO - driverMemory            null
[2021-12-28 13:31:48,641] {spark_submit.py:514} INFO - driverCores             null
[2021-12-28 13:31:48,642] {spark_submit.py:514} INFO - driverExtraClassPath    null
[2021-12-28 13:31:48,644] {spark_submit.py:514} INFO - driverExtraLibraryPath  null
[2021-12-28 13:31:48,647] {spark_submit.py:514} INFO - driverExtraJavaOptions  null
[2021-12-28 13:31:48,648] {spark_submit.py:514} INFO - supervise               false
[2021-12-28 13:31:48,649] {spark_submit.py:514} INFO - queue                   null
[2021-12-28 13:31:48,650] {spark_submit.py:514} INFO - numExecutors            null
[2021-12-28 13:31:48,651] {spark_submit.py:514} INFO - files                   null
[2021-12-28 13:31:48,657] {spark_submit.py:514} INFO - pyFiles                 null
[2021-12-28 13:31:48,660] {spark_submit.py:514} INFO - archives                null
[2021-12-28 13:31:48,661] {spark_submit.py:514} INFO - mainClass               null
[2021-12-28 13:31:48,663] {spark_submit.py:514} INFO - primaryResource         file:/opt/***/jobs/remove_file.py
[2021-12-28 13:31:48,664] {spark_submit.py:514} INFO - name                    remove file
[2021-12-28 13:31:48,665] {spark_submit.py:514} INFO - childArgs               [donegal]
[2021-12-28 13:31:48,666] {spark_submit.py:514} INFO - jars                    null
[2021-12-28 13:31:48,667] {spark_submit.py:514} INFO - packages                null
[2021-12-28 13:31:48,668] {spark_submit.py:514} INFO - packagesExclusions      null
[2021-12-28 13:31:48,669] {spark_submit.py:514} INFO - repositories            null
[2021-12-28 13:31:48,670] {spark_submit.py:514} INFO - verbose                 true
[2021-12-28 13:31:48,671] {spark_submit.py:514} INFO - 
[2021-12-28 13:31:48,672] {spark_submit.py:514} INFO - Spark properties used, including those specified through
[2021-12-28 13:31:48,673] {spark_submit.py:514} INFO - --conf and those from the properties file null:
[2021-12-28 13:31:48,674] {spark_submit.py:514} INFO - (spark.master,spark://spark:7077)
[2021-12-28 13:31:48,675] {spark_submit.py:514} INFO - 
[2021-12-28 13:31:48,677] {spark_submit.py:514} INFO - 
[2021-12-28 13:31:49,775] {spark_submit.py:514} INFO - Main class:
[2021-12-28 13:31:49,778] {spark_submit.py:514} INFO - org.apache.spark.deploy.PythonRunner
[2021-12-28 13:31:49,780] {spark_submit.py:514} INFO - Arguments:
[2021-12-28 13:31:49,781] {spark_submit.py:514} INFO - file:/opt/***/jobs/remove_file.py
[2021-12-28 13:31:49,782] {spark_submit.py:514} INFO - null
[2021-12-28 13:31:49,783] {spark_submit.py:514} INFO - donegal
[2021-12-28 13:31:49,784] {spark_submit.py:514} INFO - --verbose
[2021-12-28 13:31:49,789] {spark_submit.py:514} INFO - Spark config:
[2021-12-28 13:31:49,790] {spark_submit.py:514} INFO - (spark.app.name,remove file)
[2021-12-28 13:31:49,791] {spark_submit.py:514} INFO - (spark.master,spark://spark:7077)
[2021-12-28 13:31:49,794] {spark_submit.py:514} INFO - (spark.submit.pyFiles,)
[2021-12-28 13:31:49,795] {spark_submit.py:514} INFO - (spark.submit.deployMode,client)
[2021-12-28 13:31:49,796] {spark_submit.py:514} INFO - Classpath elements:
[2021-12-28 13:31:49,797] {spark_submit.py:514} INFO - 
[2021-12-28 13:31:49,798] {spark_submit.py:514} INFO - 
[2021-12-28 13:31:49,798] {spark_submit.py:514} INFO - 
[2021-12-28 13:31:52,778] {spark_submit.py:514} INFO - Using Spark's default log4j profile: org/apache/spark/log4j-defaults.properties
[2021-12-28 13:31:52,802] {spark_submit.py:514} INFO - 21/12/28 13:31:52 INFO SparkContext: Running Spark version 3.2.0
[2021-12-28 13:31:53,038] {spark_submit.py:514} INFO - 21/12/28 13:31:53 WARN NativeCodeLoader: Unable to load native-hadoop library for your platform... using builtin-java classes where applicable
[2021-12-28 13:31:53,481] {spark_submit.py:514} INFO - 21/12/28 13:31:53 INFO ResourceUtils: ==============================================================
[2021-12-28 13:31:53,482] {spark_submit.py:514} INFO - 21/12/28 13:31:53 INFO ResourceUtils: No custom resources configured for spark.driver.
[2021-12-28 13:31:53,497] {spark_submit.py:514} INFO - 21/12/28 13:31:53 INFO ResourceUtils: ==============================================================
[2021-12-28 13:31:53,500] {spark_submit.py:514} INFO - 21/12/28 13:31:53 INFO SparkContext: Submitted application: Remove file
[2021-12-28 13:31:53,650] {spark_submit.py:514} INFO - 21/12/28 13:31:53 INFO ResourceProfile: Default ResourceProfile created, executor resources: Map(cores -> name: cores, amount: 1, script: , vendor: , memory -> name: memory, amount: 1024, script: , vendor: , offHeap -> name: offHeap, amount: 0, script: , vendor: ), task resources: Map(cpus -> name: cpus, amount: 1.0)
[2021-12-28 13:31:53,699] {spark_submit.py:514} INFO - 21/12/28 13:31:53 INFO ResourceProfile: Limiting resource is cpu
[2021-12-28 13:31:53,703] {spark_submit.py:514} INFO - 21/12/28 13:31:53 INFO ResourceProfileManager: Added ResourceProfile id: 0
[2021-12-28 13:31:53,938] {spark_submit.py:514} INFO - 21/12/28 13:31:53 INFO SecurityManager: Changing view acls to: ***
[2021-12-28 13:31:53,941] {spark_submit.py:514} INFO - 21/12/28 13:31:53 INFO SecurityManager: Changing modify acls to: ***
[2021-12-28 13:31:53,952] {spark_submit.py:514} INFO - 21/12/28 13:31:53 INFO SecurityManager: Changing view acls groups to:
[2021-12-28 13:31:53,955] {spark_submit.py:514} INFO - 21/12/28 13:31:53 INFO SecurityManager: Changing modify acls groups to:
[2021-12-28 13:31:53,957] {spark_submit.py:514} INFO - 21/12/28 13:31:53 INFO SecurityManager: SecurityManager: authentication disabled; ui acls disabled; users  with view permissions: Set(***); groups with view permissions: Set(); users  with modify permissions: Set(***); groups with modify permissions: Set()
[2021-12-28 13:31:54,912] {spark_submit.py:514} INFO - 21/12/28 13:31:54 INFO Utils: Successfully started service 'sparkDriver' on port 39339.
[2021-12-28 13:31:54,985] {spark_submit.py:514} INFO - 21/12/28 13:31:54 INFO SparkEnv: Registering MapOutputTracker
[2021-12-28 13:31:55,135] {spark_submit.py:514} INFO - 21/12/28 13:31:55 INFO SparkEnv: Registering BlockManagerMaster
[2021-12-28 13:31:55,179] {spark_submit.py:514} INFO - 21/12/28 13:31:55 INFO BlockManagerMasterEndpoint: Using org.apache.spark.storage.DefaultTopologyMapper for getting topology information
[2021-12-28 13:31:55,182] {spark_submit.py:514} INFO - 21/12/28 13:31:55 INFO BlockManagerMasterEndpoint: BlockManagerMasterEndpoint up
[2021-12-28 13:31:55,197] {spark_submit.py:514} INFO - 21/12/28 13:31:55 INFO SparkEnv: Registering BlockManagerMasterHeartbeat
[2021-12-28 13:31:55,274] {spark_submit.py:514} INFO - 21/12/28 13:31:55 INFO DiskBlockManager: Created local directory at /tmp/blockmgr-a4474f22-962b-45e8-b497-e2de3f55da6d
[2021-12-28 13:31:55,332] {spark_submit.py:514} INFO - 21/12/28 13:31:55 INFO MemoryStore: MemoryStore started with capacity 434.4 MiB
[2021-12-28 13:31:55,407] {spark_submit.py:514} INFO - 21/12/28 13:31:55 INFO SparkEnv: Registering OutputCommitCoordinator
[2021-12-28 13:31:56,195] {spark_submit.py:514} INFO - 21/12/28 13:31:56 WARN Utils: Service 'SparkUI' could not bind on port 4040. Attempting port 4041.
[2021-12-28 13:31:56,201] {spark_submit.py:514} INFO - 21/12/28 13:31:56 WARN Utils: Service 'SparkUI' could not bind on port 4041. Attempting port 4042.
[2021-12-28 13:31:56,203] {spark_submit.py:514} INFO - 21/12/28 13:31:56 WARN Utils: Service 'SparkUI' could not bind on port 4042. Attempting port 4043.
[2021-12-28 13:31:56,283] {spark_submit.py:514} INFO - 21/12/28 13:31:56 INFO Utils: Successfully started service 'SparkUI' on port 4043.
[2021-12-28 13:31:56,648] {spark_submit.py:514} INFO - 21/12/28 13:31:56 INFO SparkUI: Bound SparkUI to 0.0.0.0, and started at http://0c125a5bba95:4043
[2021-12-28 13:31:57,622] {spark_submit.py:514} INFO - 21/12/28 13:31:57 INFO StandaloneAppClient$ClientEndpoint: Connecting to master spark://spark:7077...
[2021-12-28 13:31:57,923] {spark_submit.py:514} INFO - 21/12/28 13:31:57 INFO TransportClientFactory: Successfully created connection to spark/172.19.0.4:7077 after 81 ms (0 ms spent in bootstraps)
[2021-12-28 13:31:58,371] {spark_submit.py:514} INFO - 21/12/28 13:31:58 INFO StandaloneSchedulerBackend: Connected to Spark cluster with app ID app-20211228133158-0117
[2021-12-28 13:31:58,416] {spark_submit.py:514} INFO - 21/12/28 13:31:58 INFO Utils: Successfully started service 'org.apache.spark.network.netty.NettyBlockTransferService' on port 33153.
[2021-12-28 13:31:58,427] {spark_submit.py:514} INFO - 21/12/28 13:31:58 INFO NettyBlockTransferService: Server created on 0c125a5bba95:33153
[2021-12-28 13:31:58,428] {spark_submit.py:514} INFO - 21/12/28 13:31:58 INFO BlockManager: Using org.apache.spark.storage.RandomBlockReplicationPolicy for block replication policy
[2021-12-28 13:31:58,458] {spark_submit.py:514} INFO - 21/12/28 13:31:58 INFO BlockManagerMaster: Registering BlockManager BlockManagerId(driver, 0c125a5bba95, 33153, None)
[2021-12-28 13:31:58,481] {spark_submit.py:514} INFO - 21/12/28 13:31:58 INFO BlockManagerMasterEndpoint: Registering block manager 0c125a5bba95:33153 with 434.4 MiB RAM, BlockManagerId(driver, 0c125a5bba95, 33153, None)
[2021-12-28 13:31:58,495] {spark_submit.py:514} INFO - 21/12/28 13:31:58 INFO BlockManagerMaster: Registered BlockManager BlockManagerId(driver, 0c125a5bba95, 33153, None)
[2021-12-28 13:31:58,498] {spark_submit.py:514} INFO - 21/12/28 13:31:58 INFO BlockManager: Initialized BlockManager: BlockManagerId(driver, 0c125a5bba95, 33153, None)
[2021-12-28 13:31:59,137] {spark_submit.py:514} INFO - 21/12/28 13:31:59 INFO StandaloneSchedulerBackend: SchedulerBackend is ready for scheduling beginning after reached minRegisteredResourcesRatio: 0.0
[2021-12-28 13:31:59,296] {spark_submit.py:514} INFO - /home/***/.local/lib/python3.6/site-packages/pyspark/python/lib/pyspark.zip/pyspark/context.py:238: FutureWarning: Python 3.6 support is deprecated in Spark 3.2.
[2021-12-28 13:31:59,298] {spark_submit.py:514} INFO - FutureWarning
[2021-12-28 13:31:59,938] {spark_submit.py:514} INFO - 21/12/28 13:31:59 INFO SharedState: Setting hive.metastore.warehouse.dir ('null') to the value of spark.sql.warehouse.dir.
[2021-12-28 13:32:00,024] {spark_submit.py:514} INFO - 21/12/28 13:32:00 INFO SharedState: Warehouse path is 'file:/opt/***/spark-warehouse'.
[2021-12-28 13:32:01,385] {spark_submit.py:514} INFO - file: donegal_rent.json deleted
[2021-12-28 13:32:01,550] {spark_submit.py:514} INFO - 21/12/28 13:32:01 INFO SparkContext: Invoking stop() from shutdown hook
[2021-12-28 13:32:01,608] {spark_submit.py:514} INFO - 21/12/28 13:32:01 INFO SparkUI: Stopped Spark web UI at http://0c125a5bba95:4043
[2021-12-28 13:32:01,628] {spark_submit.py:514} INFO - 21/12/28 13:32:01 INFO StandaloneSchedulerBackend: Shutting down all executors
[2021-12-28 13:32:01,638] {spark_submit.py:514} INFO - 21/12/28 13:32:01 INFO CoarseGrainedSchedulerBackend$DriverEndpoint: Asking each executor to shut down
[2021-12-28 13:32:01,684] {spark_submit.py:514} INFO - 21/12/28 13:32:01 INFO MapOutputTrackerMasterEndpoint: MapOutputTrackerMasterEndpoint stopped!
[2021-12-28 13:32:01,726] {spark_submit.py:514} INFO - 21/12/28 13:32:01 INFO MemoryStore: MemoryStore cleared
[2021-12-28 13:32:01,729] {spark_submit.py:514} INFO - 21/12/28 13:32:01 INFO BlockManager: BlockManager stopped
[2021-12-28 13:32:01,748] {spark_submit.py:514} INFO - 21/12/28 13:32:01 INFO BlockManagerMaster: BlockManagerMaster stopped
[2021-12-28 13:32:01,753] {spark_submit.py:514} INFO - 21/12/28 13:32:01 INFO OutputCommitCoordinator$OutputCommitCoordinatorEndpoint: OutputCommitCoordinator stopped!
[2021-12-28 13:32:01,780] {spark_submit.py:514} INFO - 21/12/28 13:32:01 INFO SparkContext: Successfully stopped SparkContext
[2021-12-28 13:32:01,781] {spark_submit.py:514} INFO - 21/12/28 13:32:01 INFO ShutdownHookManager: Shutdown hook called
[2021-12-28 13:32:01,783] {spark_submit.py:514} INFO - 21/12/28 13:32:01 INFO ShutdownHookManager: Deleting directory /tmp/spark-b783178d-5643-4b61-bd8c-81b036ef21bc
[2021-12-28 13:32:01,788] {spark_submit.py:514} INFO - 21/12/28 13:32:01 INFO ShutdownHookManager: Deleting directory /tmp/spark-b783178d-5643-4b61-bd8c-81b036ef21bc/pyspark-1a27e896-b47a-48ba-96da-d44d2242d805
[2021-12-28 13:32:01,796] {spark_submit.py:514} INFO - 21/12/28 13:32:01 INFO ShutdownHookManager: Deleting directory /tmp/spark-8179f776-10ce-4088-a305-5822f4bd04f0
[2021-12-28 13:32:02,111] {taskinstance.py:1280} INFO - Marking task as SUCCESS. dag_id=scraping_daft_donegal, task_id=remove_file, execution_date=20211227T092500, start_date=20211228T133136, end_date=20211228T133202
[2021-12-28 13:32:02,163] {local_task_job.py:154} INFO - Task exited with return code 0
[2021-12-28 13:32:02,272] {local_task_job.py:264} INFO - 0 downstream tasks scheduled from follow-on schedule check
