[2021-12-16 10:35:19,664] {taskinstance.py:1035} INFO - Dependencies all met for <TaskInstance: scraping_daft_mayo.scrap_data scheduled__2021-12-15T10:20:00+00:00 [queued]>
[2021-12-16 10:35:20,357] {taskinstance.py:1035} INFO - Dependencies all met for <TaskInstance: scraping_daft_mayo.scrap_data scheduled__2021-12-15T10:20:00+00:00 [queued]>
[2021-12-16 10:35:20,371] {taskinstance.py:1241} INFO - 
--------------------------------------------------------------------------------
[2021-12-16 10:35:20,390] {taskinstance.py:1242} INFO - Starting attempt 1 of 4
[2021-12-16 10:35:20,425] {taskinstance.py:1243} INFO - 
--------------------------------------------------------------------------------
[2021-12-16 10:35:20,959] {taskinstance.py:1262} INFO - Executing <Task(SparkSubmitOperator): scrap_data> on 2021-12-15 10:20:00+00:00
[2021-12-16 10:35:21,645] {standard_task_runner.py:76} INFO - Running: ['***', 'tasks', 'run', 'scraping_daft_mayo', 'scrap_data', 'scheduled__2021-12-15T10:20:00+00:00', '--job-id', '2687', '--raw', '--subdir', 'DAGS_FOLDER/scraping_daft_mayo.py', '--cfg-path', '/tmp/tmpfifb4apr', '--error-file', '/tmp/tmp39rnkptv']
[2021-12-16 10:35:21,736] {standard_task_runner.py:77} INFO - Job 2687: Subtask scrap_data
[2021-12-16 10:35:21,469] {standard_task_runner.py:52} INFO - Started process 9510 to run task
[2021-12-16 10:35:24,598] {logging_mixin.py:109} INFO - Running <TaskInstance: scraping_daft_mayo.scrap_data scheduled__2021-12-15T10:20:00+00:00 [running]> on host 10035bfec3db
[2021-12-16 10:35:28,724] {taskinstance.py:1429} INFO - Exporting the following env vars:
AIRFLOW_CTX_DAG_EMAIL=clement.liscoet@gmail.com
AIRFLOW_CTX_DAG_OWNER=clemoni
AIRFLOW_CTX_DAG_ID=scraping_daft_mayo
AIRFLOW_CTX_TASK_ID=scrap_data
AIRFLOW_CTX_EXECUTION_DATE=2021-12-15T10:20:00+00:00
AIRFLOW_CTX_DAG_RUN_ID=scheduled__2021-12-15T10:20:00+00:00
[2021-12-16 10:35:29,370] {base.py:79} INFO - Using connection to: id: spark_default. Host: spark://spark:7077, Port: None, Schema: , Login: ***, Password: ***, extra: {}
[2021-12-16 10:35:29,506] {spark_submit.py:360} INFO - Spark-Submit cmd: spark-submit --master spark://spark:7077 --conf spark.master=spark://spark:7077 --name scrap data --verbose /opt/***/jobs/get_ads_per_county.py mayo
[2021-12-16 10:57:45,259] {spark_submit.py:514} INFO - Using properties file: null
[2021-12-16 11:01:28,945] {spark_submit.py:514} INFO - WARNING: An illegal reflective access operation has occurred
[2021-12-16 11:01:28,951] {spark_submit.py:514} INFO - WARNING: Illegal reflective access by org.apache.spark.unsafe.Platform (file:/home/***/.local/lib/python3.6/site-packages/pyspark/jars/spark-unsafe_2.12-3.2.0.jar) to constructor java.nio.DirectByteBuffer(long,int)
[2021-12-16 11:01:28,958] {spark_submit.py:514} INFO - WARNING: Please consider reporting this to the maintainers of org.apache.spark.unsafe.Platform
[2021-12-16 11:01:28,965] {spark_submit.py:514} INFO - WARNING: Use --illegal-access=warn to enable warnings of further illegal reflective access operations
[2021-12-16 11:01:28,971] {spark_submit.py:514} INFO - WARNING: All illegal access operations will be denied in a future release
[2021-12-16 11:01:32,212] {spark_submit.py:514} INFO - Parsed arguments:
[2021-12-16 11:01:32,216] {spark_submit.py:514} INFO - master                  spark://spark:7077
[2021-12-16 11:01:32,222] {spark_submit.py:514} INFO - deployMode              null
[2021-12-16 11:01:32,234] {spark_submit.py:514} INFO - executorMemory          null
[2021-12-16 11:01:32,238] {spark_submit.py:514} INFO - executorCores           null
[2021-12-16 11:01:32,255] {spark_submit.py:514} INFO - totalExecutorCores      null
[2021-12-16 11:01:32,268] {spark_submit.py:514} INFO - propertiesFile          null
[2021-12-16 11:01:32,272] {spark_submit.py:514} INFO - driverMemory            null
[2021-12-16 11:01:32,277] {spark_submit.py:514} INFO - driverCores             null
[2021-12-16 11:01:32,288] {spark_submit.py:514} INFO - driverExtraClassPath    null
[2021-12-16 11:01:32,293] {spark_submit.py:514} INFO - driverExtraLibraryPath  null
[2021-12-16 11:01:32,304] {spark_submit.py:514} INFO - driverExtraJavaOptions  null
[2021-12-16 11:01:32,310] {spark_submit.py:514} INFO - supervise               false
[2021-12-16 11:01:32,315] {spark_submit.py:514} INFO - queue                   null
[2021-12-16 11:01:32,326] {spark_submit.py:514} INFO - numExecutors            null
[2021-12-16 11:01:32,331] {spark_submit.py:514} INFO - files                   null
[2021-12-16 11:01:32,335] {spark_submit.py:514} INFO - pyFiles                 null
[2021-12-16 11:01:32,338] {spark_submit.py:514} INFO - archives                null
[2021-12-16 11:01:32,342] {spark_submit.py:514} INFO - mainClass               null
[2021-12-16 11:01:32,344] {spark_submit.py:514} INFO - primaryResource         file:/opt/***/jobs/get_ads_per_county.py
[2021-12-16 11:01:32,352] {spark_submit.py:514} INFO - name                    scrap data
[2021-12-16 11:01:32,357] {spark_submit.py:514} INFO - childArgs               [mayo]
[2021-12-16 11:01:32,367] {spark_submit.py:514} INFO - jars                    null
[2021-12-16 11:01:32,374] {spark_submit.py:514} INFO - packages                null
[2021-12-16 11:01:32,381] {spark_submit.py:514} INFO - packagesExclusions      null
[2021-12-16 11:01:32,388] {spark_submit.py:514} INFO - repositories            null
[2021-12-16 11:01:32,390] {spark_submit.py:514} INFO - verbose                 true
[2021-12-16 11:01:32,393] {spark_submit.py:514} INFO - 
[2021-12-16 11:01:32,400] {spark_submit.py:514} INFO - Spark properties used, including those specified through
[2021-12-16 11:01:32,404] {spark_submit.py:514} INFO - --conf and those from the properties file null:
[2021-12-16 11:01:32,411] {spark_submit.py:514} INFO - (spark.master,spark://spark:7077)
[2021-12-16 11:01:32,416] {spark_submit.py:514} INFO - 
[2021-12-16 11:01:32,427] {spark_submit.py:514} INFO - 
[2021-12-16 11:01:43,612] {spark_submit.py:514} INFO - Main class:
[2021-12-16 11:01:43,613] {spark_submit.py:514} INFO - org.apache.spark.deploy.PythonRunner
[2021-12-16 11:01:43,619] {spark_submit.py:514} INFO - Arguments:
[2021-12-16 11:01:43,620] {spark_submit.py:514} INFO - file:/opt/***/jobs/get_ads_per_county.py
[2021-12-16 11:01:43,622] {spark_submit.py:514} INFO - null
[2021-12-16 11:01:43,624] {spark_submit.py:514} INFO - mayo
[2021-12-16 11:01:43,651] {spark_submit.py:514} INFO - --verbose
[2021-12-16 11:01:43,701] {spark_submit.py:514} INFO - Spark config:
[2021-12-16 11:01:43,702] {spark_submit.py:514} INFO - (spark.app.name,scrap data)
[2021-12-16 11:01:43,704] {spark_submit.py:514} INFO - (spark.master,spark://spark:7077)
[2021-12-16 11:01:43,705] {spark_submit.py:514} INFO - (spark.submit.pyFiles,)
[2021-12-16 11:01:43,711] {spark_submit.py:514} INFO - (spark.submit.deployMode,client)
[2021-12-16 11:01:43,730] {spark_submit.py:514} INFO - Classpath elements:
[2021-12-16 11:01:43,731] {spark_submit.py:514} INFO - 
[2021-12-16 11:01:43,740] {spark_submit.py:514} INFO - 
[2021-12-16 11:01:43,747] {spark_submit.py:514} INFO - 
[2021-12-16 11:01:56,853] {spark_submit.py:514} INFO - Using Spark's default log4j profile: org/apache/spark/log4j-defaults.properties
[2021-12-16 11:01:56,950] {spark_submit.py:514} INFO - 21/12/16 11:01:56 INFO SparkContext: Running Spark version 3.2.0
[2021-12-16 11:01:58,375] {spark_submit.py:514} INFO - 21/12/16 11:01:58 WARN NativeCodeLoader: Unable to load native-hadoop library for your platform... using builtin-java classes where applicable
[2021-12-16 11:02:01,303] {spark_submit.py:514} INFO - 21/12/16 11:02:01 INFO ResourceUtils: ==============================================================
[2021-12-16 11:02:01,305] {spark_submit.py:514} INFO - 21/12/16 11:02:01 INFO ResourceUtils: No custom resources configured for spark.driver.
[2021-12-16 11:02:01,306] {spark_submit.py:514} INFO - 21/12/16 11:02:01 INFO ResourceUtils: ==============================================================
[2021-12-16 11:02:01,313] {spark_submit.py:514} INFO - 21/12/16 11:02:01 INFO SparkContext: Submitted application: Get Ads per county
[2021-12-16 11:02:01,396] {spark_submit.py:514} INFO - 21/12/16 11:02:01 INFO ResourceProfile: Default ResourceProfile created, executor resources: Map(cores -> name: cores, amount: 1, script: , vendor: , memory -> name: memory, amount: 1024, script: , vendor: , offHeap -> name: offHeap, amount: 0, script: , vendor: ), task resources: Map(cpus -> name: cpus, amount: 1.0)
[2021-12-16 11:02:01,424] {spark_submit.py:514} INFO - 21/12/16 11:02:01 INFO ResourceProfile: Limiting resource is cpu
[2021-12-16 11:02:01,426] {spark_submit.py:514} INFO - 21/12/16 11:02:01 INFO ResourceProfileManager: Added ResourceProfile id: 0
[2021-12-16 11:02:02,034] {spark_submit.py:514} INFO - 21/12/16 11:02:02 INFO SecurityManager: Changing view acls to: ***
[2021-12-16 11:02:02,037] {spark_submit.py:514} INFO - 21/12/16 11:02:02 INFO SecurityManager: Changing modify acls to: ***
[2021-12-16 11:02:02,039] {spark_submit.py:514} INFO - 21/12/16 11:02:02 INFO SecurityManager: Changing view acls groups to:
[2021-12-16 11:02:02,042] {spark_submit.py:514} INFO - 21/12/16 11:02:02 INFO SecurityManager: Changing modify acls groups to:
[2021-12-16 11:02:02,044] {spark_submit.py:514} INFO - 21/12/16 11:02:02 INFO SecurityManager: SecurityManager: authentication disabled; ui acls disabled; users  with view permissions: Set(***); groups with view permissions: Set(); users  with modify permissions: Set(***); groups with modify permissions: Set()
[2021-12-16 11:02:04,031] {spark_submit.py:514} INFO - 21/12/16 11:02:04 INFO Utils: Successfully started service 'sparkDriver' on port 37665.
[2021-12-16 11:02:04,336] {spark_submit.py:514} INFO - 21/12/16 11:02:04 INFO SparkEnv: Registering MapOutputTracker
[2021-12-16 11:02:04,668] {spark_submit.py:514} INFO - 21/12/16 11:02:04 INFO SparkEnv: Registering BlockManagerMaster
[2021-12-16 11:02:04,872] {spark_submit.py:514} INFO - 21/12/16 11:02:04 INFO BlockManagerMasterEndpoint: Using org.apache.spark.storage.DefaultTopologyMapper for getting topology information
[2021-12-16 11:02:04,891] {spark_submit.py:514} INFO - 21/12/16 11:02:04 INFO BlockManagerMasterEndpoint: BlockManagerMasterEndpoint up
[2021-12-16 11:02:04,921] {spark_submit.py:514} INFO - 21/12/16 11:02:04 INFO SparkEnv: Registering BlockManagerMasterHeartbeat
[2021-12-16 11:02:05,047] {spark_submit.py:514} INFO - 21/12/16 11:02:05 INFO DiskBlockManager: Created local directory at /tmp/blockmgr-0f2f9f7e-6fd8-4cc0-acef-61cb3370021a
[2021-12-16 11:02:05,276] {spark_submit.py:514} INFO - 21/12/16 11:02:05 INFO MemoryStore: MemoryStore started with capacity 434.4 MiB
[2021-12-16 11:02:05,486] {spark_submit.py:514} INFO - 21/12/16 11:02:05 INFO SparkEnv: Registering OutputCommitCoordinator
[2021-12-16 11:02:08,698] {spark_submit.py:514} INFO - 21/12/16 11:02:08 WARN Utils: Service 'SparkUI' could not bind on port 4040. Attempting port 4041.
[2021-12-16 11:02:08,818] {spark_submit.py:514} INFO - 21/12/16 11:02:08 INFO Utils: Successfully started service 'SparkUI' on port 4041.
[2021-12-16 11:02:10,351] {spark_submit.py:514} INFO - 21/12/16 11:02:10 INFO SparkUI: Bound SparkUI to 0.0.0.0, and started at http://10035bfec3db:4041
[2021-12-16 11:02:16,205] {spark_submit.py:514} INFO - 21/12/16 11:02:16 INFO StandaloneAppClient$ClientEndpoint: Connecting to master spark://spark:7077...
[2021-12-16 11:02:16,962] {spark_submit.py:514} INFO - 21/12/16 11:02:16 INFO TransportClientFactory: Successfully created connection to spark/172.21.0.4:7077 after 325 ms (0 ms spent in bootstraps)
[2021-12-16 11:02:20,421] {spark_submit.py:514} INFO - 21/12/16 11:02:20 INFO StandaloneSchedulerBackend: Connected to Spark cluster with app ID app-20211216110219-0039
[2021-12-16 11:02:20,616] {spark_submit.py:514} INFO - 21/12/16 11:02:20 INFO Utils: Successfully started service 'org.apache.spark.network.netty.NettyBlockTransferService' on port 41433.
[2021-12-16 11:02:20,619] {spark_submit.py:514} INFO - 21/12/16 11:02:20 INFO NettyBlockTransferService: Server created on 10035bfec3db:41433
[2021-12-16 11:02:20,629] {spark_submit.py:514} INFO - 21/12/16 11:02:20 INFO BlockManager: Using org.apache.spark.storage.RandomBlockReplicationPolicy for block replication policy
[2021-12-16 11:02:20,829] {spark_submit.py:514} INFO - 21/12/16 11:02:20 INFO BlockManagerMaster: Registering BlockManager BlockManagerId(driver, 10035bfec3db, 41433, None)
[2021-12-16 11:02:20,854] {spark_submit.py:514} INFO - 21/12/16 11:02:20 INFO BlockManagerMasterEndpoint: Registering block manager 10035bfec3db:41433 with 434.4 MiB RAM, BlockManagerId(driver, 10035bfec3db, 41433, None)
[2021-12-16 11:02:20,867] {spark_submit.py:514} INFO - 21/12/16 11:02:20 INFO BlockManagerMaster: Registered BlockManager BlockManagerId(driver, 10035bfec3db, 41433, None)
[2021-12-16 11:02:20,909] {spark_submit.py:514} INFO - 21/12/16 11:02:20 INFO BlockManager: Initialized BlockManager: BlockManagerId(driver, 10035bfec3db, 41433, None)
[2021-12-16 11:02:26,056] {spark_submit.py:514} INFO - 21/12/16 11:02:26 INFO StandaloneSchedulerBackend: SchedulerBackend is ready for scheduling beginning after reached minRegisteredResourcesRatio: 0.0
[2021-12-16 11:02:28,930] {spark_submit.py:514} INFO - /home/***/.local/lib/python3.6/site-packages/pyspark/python/lib/pyspark.zip/pyspark/context.py:238: FutureWarning: Python 3.6 support is deprecated in Spark 3.2.
[2021-12-16 11:02:28,950] {spark_submit.py:514} INFO - FutureWarning
[2021-12-16 11:02:39,001] {spark_submit.py:514} INFO - 21/12/16 11:02:38 INFO SharedState: Setting hive.metastore.warehouse.dir ('null') to the value of spark.sql.warehouse.dir.
[2021-12-16 11:02:40,267] {spark_submit.py:514} INFO - 21/12/16 11:02:40 INFO SharedState: Warehouse path is 'file:/opt/***/spark-warehouse'.
[2021-12-16 11:02:54,834] {spark_submit.py:514} INFO - running...
[2021-12-16 11:02:56,283] {spark_submit.py:514} INFO - running...
[2021-12-16 11:02:57,018] {spark_submit.py:514} INFO - running...
[2021-12-16 11:02:57,857] {spark_submit.py:514} INFO - running...
[2021-12-16 11:02:58,470] {spark_submit.py:514} INFO - running...
[2021-12-16 11:02:59,159] {spark_submit.py:514} INFO - running...
[2021-12-16 11:03:00,304] {spark_submit.py:514} INFO - running...
[2021-12-16 11:03:01,656] {spark_submit.py:514} INFO - running...
[2021-12-16 11:03:02,842] {spark_submit.py:514} INFO - running...
[2021-12-16 11:03:04,578] {spark_submit.py:514} INFO - running...
[2021-12-16 11:03:05,290] {spark_submit.py:514} INFO - running...
[2021-12-16 11:03:06,100] {spark_submit.py:514} INFO - running...
[2021-12-16 11:03:07,584] {spark_submit.py:514} INFO - running...
[2021-12-16 11:03:09,635] {spark_submit.py:514} INFO - running...
[2021-12-16 11:03:10,600] {spark_submit.py:514} INFO - running...
[2021-12-16 11:03:11,766] {spark_submit.py:514} INFO - running...
[2021-12-16 11:03:12,465] {spark_submit.py:514} INFO - running...
[2021-12-16 11:03:13,441] {spark_submit.py:514} INFO - running...
[2021-12-16 11:03:14,126] {spark_submit.py:514} INFO - running...
[2021-12-16 11:03:15,189] {spark_submit.py:514} INFO - running...
[2021-12-16 11:03:16,821] {spark_submit.py:514} INFO - running...
[2021-12-16 11:03:18,393] {spark_submit.py:514} INFO - running...
[2021-12-16 11:03:19,371] {spark_submit.py:514} INFO - running...
[2021-12-16 11:03:20,562] {spark_submit.py:514} INFO - running...
[2021-12-16 11:03:22,473] {spark_submit.py:514} INFO - running...
[2021-12-16 11:03:23,404] {spark_submit.py:514} INFO - running...
[2021-12-16 11:03:24,489] {spark_submit.py:514} INFO - running...
[2021-12-16 11:03:25,248] {spark_submit.py:514} INFO - running...
[2021-12-16 11:03:26,101] {spark_submit.py:514} INFO - running...
[2021-12-16 11:03:27,438] {spark_submit.py:514} INFO - running...
[2021-12-16 11:03:29,235] {spark_submit.py:514} INFO - running...
[2021-12-16 11:03:31,058] {spark_submit.py:514} INFO - running...
[2021-12-16 11:03:32,292] {spark_submit.py:514} INFO - running...
[2021-12-16 11:03:33,513] {spark_submit.py:514} INFO - running...
[2021-12-16 11:03:35,077] {spark_submit.py:514} INFO - running...
[2021-12-16 11:03:36,614] {spark_submit.py:514} INFO - running...
[2021-12-16 11:03:37,937] {spark_submit.py:514} INFO - running...
[2021-12-16 11:03:39,059] {spark_submit.py:514} INFO - running...
[2021-12-16 11:03:40,580] {spark_submit.py:514} INFO - running...
[2021-12-16 11:03:42,224] {spark_submit.py:514} INFO - running...
[2021-12-16 11:03:44,681] {spark_submit.py:514} INFO - running...
[2021-12-16 11:03:45,797] {spark_submit.py:514} INFO - running...
[2021-12-16 11:03:46,519] {spark_submit.py:514} INFO - running...
[2021-12-16 11:03:50,248] {spark_submit.py:514} INFO - 21/12/16 11:03:50 INFO SparkContext: Invoking stop() from shutdown hook
[2021-12-16 11:03:50,358] {spark_submit.py:514} INFO - 21/12/16 11:03:50 INFO SparkUI: Stopped Spark web UI at http://10035bfec3db:4041
[2021-12-16 11:03:50,380] {spark_submit.py:514} INFO - 21/12/16 11:03:50 INFO StandaloneSchedulerBackend: Shutting down all executors
[2021-12-16 11:03:50,407] {spark_submit.py:514} INFO - 21/12/16 11:03:50 INFO CoarseGrainedSchedulerBackend$DriverEndpoint: Asking each executor to shut down
[2021-12-16 11:03:50,466] {spark_submit.py:514} INFO - 21/12/16 11:03:50 INFO MapOutputTrackerMasterEndpoint: MapOutputTrackerMasterEndpoint stopped!
[2021-12-16 11:03:50,603] {spark_submit.py:514} INFO - 21/12/16 11:03:50 INFO MemoryStore: MemoryStore cleared
[2021-12-16 11:03:50,606] {spark_submit.py:514} INFO - 21/12/16 11:03:50 INFO BlockManager: BlockManager stopped
[2021-12-16 11:03:50,639] {spark_submit.py:514} INFO - 21/12/16 11:03:50 INFO BlockManagerMaster: BlockManagerMaster stopped
[2021-12-16 11:03:50,650] {spark_submit.py:514} INFO - 21/12/16 11:03:50 INFO OutputCommitCoordinator$OutputCommitCoordinatorEndpoint: OutputCommitCoordinator stopped!
[2021-12-16 11:03:50,820] {spark_submit.py:514} INFO - 21/12/16 11:03:50 INFO SparkContext: Successfully stopped SparkContext
[2021-12-16 11:03:50,823] {spark_submit.py:514} INFO - 21/12/16 11:03:50 INFO ShutdownHookManager: Shutdown hook called
[2021-12-16 11:03:50,825] {spark_submit.py:514} INFO - 21/12/16 11:03:50 INFO ShutdownHookManager: Deleting directory /tmp/spark-a5ff3143-9e77-417f-9be7-2b3bb618e24e
[2021-12-16 11:03:50,861] {spark_submit.py:514} INFO - 21/12/16 11:03:50 INFO ShutdownHookManager: Deleting directory /tmp/spark-395ef9bb-1516-4ddc-af00-3a8e99c620ab
[2021-12-16 11:03:50,878] {spark_submit.py:514} INFO - 21/12/16 11:03:50 INFO ShutdownHookManager: Deleting directory /tmp/spark-395ef9bb-1516-4ddc-af00-3a8e99c620ab/pyspark-338e7dee-dd73-4b9a-abef-3113f6d13b2e
[2021-12-16 11:03:51,746] {taskinstance.py:1280} INFO - Marking task as SUCCESS. dag_id=scraping_daft_mayo, task_id=scrap_data, execution_date=20211215T102000, start_date=20211216T103519, end_date=20211216T110351
[2021-12-16 11:03:51,973] {local_task_job.py:154} INFO - Task exited with return code 0
[2021-12-16 11:03:52,350] {local_task_job.py:264} INFO - 1 downstream tasks scheduled from follow-on schedule check
