[2021-12-21 09:55:00,814] {taskinstance.py:1035} INFO - Dependencies all met for <TaskInstance: scraping_daft_laois.run_init_county scheduled__2021-12-20T09:55:00+00:00 [queued]>
[2021-12-21 09:55:00,839] {taskinstance.py:1035} INFO - Dependencies all met for <TaskInstance: scraping_daft_laois.run_init_county scheduled__2021-12-20T09:55:00+00:00 [queued]>
[2021-12-21 09:55:00,841] {taskinstance.py:1241} INFO - 
--------------------------------------------------------------------------------
[2021-12-21 09:55:00,843] {taskinstance.py:1242} INFO - Starting attempt 1 of 4
[2021-12-21 09:55:00,844] {taskinstance.py:1243} INFO - 
--------------------------------------------------------------------------------
[2021-12-21 09:55:00,875] {taskinstance.py:1262} INFO - Executing <Task(_PythonDecoratedOperator): run_init_county> on 2021-12-20 09:55:00+00:00
[2021-12-21 09:55:00,887] {standard_task_runner.py:76} INFO - Running: ['***', 'tasks', 'run', 'scraping_daft_laois', 'run_init_county', 'scheduled__2021-12-20T09:55:00+00:00', '--job-id', '3666', '--raw', '--subdir', 'DAGS_FOLDER/scraping_daft_laois.py', '--cfg-path', '/tmp/tmpssathxyi', '--error-file', '/tmp/tmpruqq15uq']
[2021-12-21 09:55:00,881] {standard_task_runner.py:52} INFO - Started process 6539 to run task
[2021-12-21 09:55:00,892] {standard_task_runner.py:77} INFO - Job 3666: Subtask run_init_county
[2021-12-21 09:55:01,050] {logging_mixin.py:109} INFO - Running <TaskInstance: scraping_daft_laois.run_init_county scheduled__2021-12-20T09:55:00+00:00 [running]> on host 99ae224ffe2d
[2021-12-21 09:55:01,281] {taskinstance.py:1429} INFO - Exporting the following env vars:
AIRFLOW_CTX_DAG_EMAIL=clement.liscoet@gmail.com
AIRFLOW_CTX_DAG_OWNER=clemoni
AIRFLOW_CTX_DAG_ID=scraping_daft_laois
AIRFLOW_CTX_TASK_ID=run_init_county
AIRFLOW_CTX_EXECUTION_DATE=2021-12-20T09:55:00+00:00
AIRFLOW_CTX_DAG_RUN_ID=scheduled__2021-12-20T09:55:00+00:00
[2021-12-21 09:55:01,381] {python.py:152} INFO - Done. Returned value was: None
[2021-12-21 09:55:01,477] {taskinstance.py:1280} INFO - Marking task as SUCCESS. dag_id=scraping_daft_laois, task_id=run_init_county, execution_date=20211220T095500, start_date=20211221T095500, end_date=20211221T095501
[2021-12-21 09:55:01,557] {local_task_job.py:154} INFO - Task exited with return code 0
[2021-12-21 09:55:01,871] {local_task_job.py:264} INFO - 0 downstream tasks scheduled from follow-on schedule check
