[2022-01-01 12:28:43,036] {taskinstance.py:1035} INFO - Dependencies all met for <TaskInstance: scraping_daft_louth.run_init_county scheduled__2021-12-31T10:15:00+00:00 [queued]>
[2022-01-01 12:28:43,140] {taskinstance.py:1035} INFO - Dependencies all met for <TaskInstance: scraping_daft_louth.run_init_county scheduled__2021-12-31T10:15:00+00:00 [queued]>
[2022-01-01 12:28:43,150] {taskinstance.py:1241} INFO - 
--------------------------------------------------------------------------------
[2022-01-01 12:28:43,158] {taskinstance.py:1242} INFO - Starting attempt 1 of 4
[2022-01-01 12:28:43,163] {taskinstance.py:1243} INFO - 
--------------------------------------------------------------------------------
[2022-01-01 12:28:43,319] {taskinstance.py:1262} INFO - Executing <Task(_PythonDecoratedOperator): run_init_county> on 2021-12-31 10:15:00+00:00
[2022-01-01 12:28:43,443] {standard_task_runner.py:76} INFO - Running: ['***', 'tasks', 'run', 'scraping_daft_louth', 'run_init_county', 'scheduled__2021-12-31T10:15:00+00:00', '--job-id', '5891', '--raw', '--subdir', 'DAGS_FOLDER/scraping_daft_louth.py', '--cfg-path', '/tmp/tmpw9kehgqn', '--error-file', '/tmp/tmpl0y7osni']
[2022-01-01 12:28:43,458] {standard_task_runner.py:77} INFO - Job 5891: Subtask run_init_county
[2022-01-01 12:28:43,356] {standard_task_runner.py:52} INFO - Started process 106 to run task
[2022-01-01 12:28:44,504] {logging_mixin.py:109} INFO - Running <TaskInstance: scraping_daft_louth.run_init_county scheduled__2021-12-31T10:15:00+00:00 [running]> on host 33b99c52f92c
[2022-01-01 12:28:45,856] {taskinstance.py:1429} INFO - Exporting the following env vars:
AIRFLOW_CTX_DAG_EMAIL=clement.liscoet@gmail.com
AIRFLOW_CTX_DAG_OWNER=clemoni
AIRFLOW_CTX_DAG_ID=scraping_daft_louth
AIRFLOW_CTX_TASK_ID=run_init_county
AIRFLOW_CTX_EXECUTION_DATE=2021-12-31T10:15:00+00:00
AIRFLOW_CTX_DAG_RUN_ID=scheduled__2021-12-31T10:15:00+00:00
[2022-01-01 12:28:46,213] {python.py:152} INFO - Done. Returned value was: None
[2022-01-01 12:28:46,671] {taskinstance.py:1280} INFO - Marking task as SUCCESS. dag_id=scraping_daft_louth, task_id=run_init_county, execution_date=20211231T101500, start_date=20220101T122843, end_date=20220101T122846
[2022-01-01 12:28:46,850] {local_task_job.py:154} INFO - Task exited with return code 0
[2022-01-01 12:28:47,919] {local_task_job.py:264} INFO - 1 downstream tasks scheduled from follow-on schedule check
