[2021-12-27 11:46:36,219] {taskinstance.py:1035} INFO - Dependencies all met for <TaskInstance: scraping_daft_donegal.scrap_data scheduled__2021-12-26T09:25:00+00:00 [queued]>
[2021-12-27 11:46:36,344] {taskinstance.py:1035} INFO - Dependencies all met for <TaskInstance: scraping_daft_donegal.scrap_data scheduled__2021-12-26T09:25:00+00:00 [queued]>
[2021-12-27 11:46:36,347] {taskinstance.py:1241} INFO - 
--------------------------------------------------------------------------------
[2021-12-27 11:46:36,349] {taskinstance.py:1242} INFO - Starting attempt 2 of 4
[2021-12-27 11:46:36,350] {taskinstance.py:1243} INFO - 
--------------------------------------------------------------------------------
[2021-12-27 11:46:36,473] {taskinstance.py:1262} INFO - Executing <Task(SparkSubmitOperator): scrap_data> on 2021-12-26 09:25:00+00:00
[2021-12-27 11:46:36,524] {standard_task_runner.py:76} INFO - Running: ['***', 'tasks', 'run', 'scraping_daft_donegal', 'scrap_data', 'scheduled__2021-12-26T09:25:00+00:00', '--job-id', '4852', '--raw', '--subdir', 'DAGS_FOLDER/scraping_daft_donegal.py', '--cfg-path', '/tmp/tmpbpcvco7p', '--error-file', '/tmp/tmplth3wm1v']
[2021-12-27 11:46:36,531] {standard_task_runner.py:77} INFO - Job 4852: Subtask scrap_data
[2021-12-27 11:46:36,497] {standard_task_runner.py:52} INFO - Started process 6145 to run task
[2021-12-27 11:46:36,769] {logging_mixin.py:109} INFO - Running <TaskInstance: scraping_daft_donegal.scrap_data scheduled__2021-12-26T09:25:00+00:00 [running]> on host 0c125a5bba95
[2021-12-27 11:46:37,140] {taskinstance.py:1429} INFO - Exporting the following env vars:
AIRFLOW_CTX_DAG_EMAIL=clement.liscoet@gmail.com
AIRFLOW_CTX_DAG_OWNER=clemoni
AIRFLOW_CTX_DAG_ID=scraping_daft_donegal
AIRFLOW_CTX_TASK_ID=scrap_data
AIRFLOW_CTX_EXECUTION_DATE=2021-12-26T09:25:00+00:00
AIRFLOW_CTX_DAG_RUN_ID=scheduled__2021-12-26T09:25:00+00:00
[2021-12-27 11:46:37,254] {base.py:79} INFO - Using connection to: id: spark_default. Host: spark://spark:7077, Port: None, Schema: , Login: ***, Password: ***, extra: {}
[2021-12-27 11:46:37,265] {spark_submit.py:360} INFO - Spark-Submit cmd: spark-submit --master spark://spark:7077 --conf spark.master=spark://spark:7077 --name scrap data --verbose /opt/***/jobs/get_ads_per_county.py donegal
[2021-12-27 11:46:44,554] {spark_submit.py:514} INFO - Using properties file: null
[2021-12-27 11:46:44,886] {spark_submit.py:514} INFO - WARNING: An illegal reflective access operation has occurred
[2021-12-27 11:46:44,888] {spark_submit.py:514} INFO - WARNING: Illegal reflective access by org.apache.spark.unsafe.Platform (file:/home/***/.local/lib/python3.6/site-packages/pyspark/jars/spark-unsafe_2.12-3.2.0.jar) to constructor java.nio.DirectByteBuffer(long,int)
[2021-12-27 11:46:44,896] {spark_submit.py:514} INFO - WARNING: Please consider reporting this to the maintainers of org.apache.spark.unsafe.Platform
[2021-12-27 11:46:44,901] {spark_submit.py:514} INFO - WARNING: Use --illegal-access=warn to enable warnings of further illegal reflective access operations
[2021-12-27 11:46:44,902] {spark_submit.py:514} INFO - WARNING: All illegal access operations will be denied in a future release
[2021-12-27 11:46:45,236] {spark_submit.py:514} INFO - Parsed arguments:
[2021-12-27 11:46:45,238] {spark_submit.py:514} INFO - master                  spark://spark:7077
[2021-12-27 11:46:45,240] {spark_submit.py:514} INFO - deployMode              null
[2021-12-27 11:46:45,242] {spark_submit.py:514} INFO - executorMemory          null
[2021-12-27 11:46:45,243] {spark_submit.py:514} INFO - executorCores           null
[2021-12-27 11:46:45,245] {spark_submit.py:514} INFO - totalExecutorCores      null
[2021-12-27 11:46:45,246] {spark_submit.py:514} INFO - propertiesFile          null
[2021-12-27 11:46:45,247] {spark_submit.py:514} INFO - driverMemory            null
[2021-12-27 11:46:45,248] {spark_submit.py:514} INFO - driverCores             null
[2021-12-27 11:46:45,250] {spark_submit.py:514} INFO - driverExtraClassPath    null
[2021-12-27 11:46:45,251] {spark_submit.py:514} INFO - driverExtraLibraryPath  null
[2021-12-27 11:46:45,253] {spark_submit.py:514} INFO - driverExtraJavaOptions  null
[2021-12-27 11:46:45,255] {spark_submit.py:514} INFO - supervise               false
[2021-12-27 11:46:45,256] {spark_submit.py:514} INFO - queue                   null
[2021-12-27 11:46:45,257] {spark_submit.py:514} INFO - numExecutors            null
[2021-12-27 11:46:45,259] {spark_submit.py:514} INFO - files                   null
[2021-12-27 11:46:45,260] {spark_submit.py:514} INFO - pyFiles                 null
[2021-12-27 11:46:45,261] {spark_submit.py:514} INFO - archives                null
[2021-12-27 11:46:45,263] {spark_submit.py:514} INFO - mainClass               null
[2021-12-27 11:46:45,264] {spark_submit.py:514} INFO - primaryResource         file:/opt/***/jobs/get_ads_per_county.py
[2021-12-27 11:46:45,265] {spark_submit.py:514} INFO - name                    scrap data
[2021-12-27 11:46:45,267] {spark_submit.py:514} INFO - childArgs               [donegal]
[2021-12-27 11:46:45,268] {spark_submit.py:514} INFO - jars                    null
[2021-12-27 11:46:45,269] {spark_submit.py:514} INFO - packages                null
[2021-12-27 11:46:45,270] {spark_submit.py:514} INFO - packagesExclusions      null
[2021-12-27 11:46:45,271] {spark_submit.py:514} INFO - repositories            null
[2021-12-27 11:46:45,273] {spark_submit.py:514} INFO - verbose                 true
[2021-12-27 11:46:45,275] {spark_submit.py:514} INFO - 
[2021-12-27 11:46:45,276] {spark_submit.py:514} INFO - Spark properties used, including those specified through
[2021-12-27 11:46:45,278] {spark_submit.py:514} INFO - --conf and those from the properties file null:
[2021-12-27 11:46:45,279] {spark_submit.py:514} INFO - (spark.master,spark://spark:7077)
[2021-12-27 11:46:45,280] {spark_submit.py:514} INFO - 
[2021-12-27 11:46:45,282] {spark_submit.py:514} INFO - 
[2021-12-27 11:46:46,529] {spark_submit.py:514} INFO - Main class:
[2021-12-27 11:46:46,531] {spark_submit.py:514} INFO - org.apache.spark.deploy.PythonRunner
[2021-12-27 11:46:46,532] {spark_submit.py:514} INFO - Arguments:
[2021-12-27 11:46:46,534] {spark_submit.py:514} INFO - file:/opt/***/jobs/get_ads_per_county.py
[2021-12-27 11:46:46,535] {spark_submit.py:514} INFO - null
[2021-12-27 11:46:46,536] {spark_submit.py:514} INFO - donegal
[2021-12-27 11:46:46,538] {spark_submit.py:514} INFO - --verbose
[2021-12-27 11:46:46,547] {spark_submit.py:514} INFO - Spark config:
[2021-12-27 11:46:46,550] {spark_submit.py:514} INFO - (spark.app.name,scrap data)
[2021-12-27 11:46:46,551] {spark_submit.py:514} INFO - (spark.master,spark://spark:7077)
[2021-12-27 11:46:46,553] {spark_submit.py:514} INFO - (spark.submit.pyFiles,)
[2021-12-27 11:46:46,554] {spark_submit.py:514} INFO - (spark.submit.deployMode,client)
[2021-12-27 11:46:46,556] {spark_submit.py:514} INFO - Classpath elements:
[2021-12-27 11:46:46,560] {spark_submit.py:514} INFO - 
[2021-12-27 11:46:46,563] {spark_submit.py:514} INFO - 
[2021-12-27 11:46:46,566] {spark_submit.py:514} INFO - 
[2021-12-27 11:46:50,247] {spark_submit.py:514} INFO - Using Spark's default log4j profile: org/apache/spark/log4j-defaults.properties
[2021-12-27 11:46:50,290] {spark_submit.py:514} INFO - 21/12/27 11:46:50 INFO SparkContext: Running Spark version 3.2.0
[2021-12-27 11:46:50,554] {spark_submit.py:514} INFO - 21/12/27 11:46:50 WARN NativeCodeLoader: Unable to load native-hadoop library for your platform... using builtin-java classes where applicable
[2021-12-27 11:46:51,022] {spark_submit.py:514} INFO - 21/12/27 11:46:51 INFO ResourceUtils: ==============================================================
[2021-12-27 11:46:51,028] {spark_submit.py:514} INFO - 21/12/27 11:46:51 INFO ResourceUtils: No custom resources configured for spark.driver.
[2021-12-27 11:46:51,031] {spark_submit.py:514} INFO - 21/12/27 11:46:51 INFO ResourceUtils: ==============================================================
[2021-12-27 11:46:51,033] {spark_submit.py:514} INFO - 21/12/27 11:46:51 INFO SparkContext: Submitted application: Get Ads per county
[2021-12-27 11:46:51,176] {spark_submit.py:514} INFO - 21/12/27 11:46:51 INFO ResourceProfile: Default ResourceProfile created, executor resources: Map(cores -> name: cores, amount: 1, script: , vendor: , memory -> name: memory, amount: 1024, script: , vendor: , offHeap -> name: offHeap, amount: 0, script: , vendor: ), task resources: Map(cpus -> name: cpus, amount: 1.0)
[2021-12-27 11:46:51,307] {spark_submit.py:514} INFO - 21/12/27 11:46:51 INFO ResourceProfile: Limiting resource is cpu
[2021-12-27 11:46:51,311] {spark_submit.py:514} INFO - 21/12/27 11:46:51 INFO ResourceProfileManager: Added ResourceProfile id: 0
[2021-12-27 11:46:51,757] {spark_submit.py:514} INFO - 21/12/27 11:46:51 INFO SecurityManager: Changing view acls to: ***
[2021-12-27 11:46:51,759] {spark_submit.py:514} INFO - 21/12/27 11:46:51 INFO SecurityManager: Changing modify acls to: ***
[2021-12-27 11:46:51,811] {spark_submit.py:514} INFO - 21/12/27 11:46:51 INFO SecurityManager: Changing view acls groups to:
[2021-12-27 11:46:51,813] {spark_submit.py:514} INFO - 21/12/27 11:46:51 INFO SecurityManager: Changing modify acls groups to:
[2021-12-27 11:46:51,814] {spark_submit.py:514} INFO - 21/12/27 11:46:51 INFO SecurityManager: SecurityManager: authentication disabled; ui acls disabled; users  with view permissions: Set(***); groups with view permissions: Set(); users  with modify permissions: Set(***); groups with modify permissions: Set()
[2021-12-27 11:46:52,698] {spark_submit.py:514} INFO - 21/12/27 11:46:52 INFO Utils: Successfully started service 'sparkDriver' on port 46875.
[2021-12-27 11:46:52,839] {spark_submit.py:514} INFO - 21/12/27 11:46:52 INFO SparkEnv: Registering MapOutputTracker
[2021-12-27 11:46:52,990] {spark_submit.py:514} INFO - 21/12/27 11:46:52 INFO SparkEnv: Registering BlockManagerMaster
[2021-12-27 11:46:53,118] {spark_submit.py:514} INFO - 21/12/27 11:46:53 INFO BlockManagerMasterEndpoint: Using org.apache.spark.storage.DefaultTopologyMapper for getting topology information
[2021-12-27 11:46:53,120] {spark_submit.py:514} INFO - 21/12/27 11:46:53 INFO BlockManagerMasterEndpoint: BlockManagerMasterEndpoint up
[2021-12-27 11:46:53,132] {spark_submit.py:514} INFO - 21/12/27 11:46:53 INFO SparkEnv: Registering BlockManagerMasterHeartbeat
[2021-12-27 11:46:53,226] {spark_submit.py:514} INFO - 21/12/27 11:46:53 INFO DiskBlockManager: Created local directory at /tmp/blockmgr-e7def4b0-2624-4bb6-a046-c868dc3c2c48
[2021-12-27 11:46:53,290] {spark_submit.py:514} INFO - 21/12/27 11:46:53 INFO MemoryStore: MemoryStore started with capacity 434.4 MiB
[2021-12-27 11:46:53,379] {spark_submit.py:514} INFO - 21/12/27 11:46:53 INFO SparkEnv: Registering OutputCommitCoordinator
[2021-12-27 11:46:54,582] {spark_submit.py:514} INFO - 21/12/27 11:46:54 WARN Utils: Service 'SparkUI' could not bind on port 4040. Attempting port 4041.
[2021-12-27 11:46:54,583] {spark_submit.py:514} INFO - 21/12/27 11:46:54 WARN Utils: Service 'SparkUI' could not bind on port 4041. Attempting port 4042.
[2021-12-27 11:46:54,584] {spark_submit.py:514} INFO - 21/12/27 11:46:54 WARN Utils: Service 'SparkUI' could not bind on port 4042. Attempting port 4043.
[2021-12-27 11:46:54,586] {spark_submit.py:514} INFO - 21/12/27 11:46:54 WARN Utils: Service 'SparkUI' could not bind on port 4043. Attempting port 4044.
[2021-12-27 11:46:54,587] {spark_submit.py:514} INFO - 21/12/27 11:46:54 WARN Utils: Service 'SparkUI' could not bind on port 4044. Attempting port 4045.
[2021-12-27 11:46:54,626] {spark_submit.py:514} INFO - 21/12/27 11:46:54 INFO Utils: Successfully started service 'SparkUI' on port 4045.
[2021-12-27 11:46:54,821] {spark_submit.py:514} INFO - 21/12/27 11:46:54 INFO SparkUI: Bound SparkUI to 0.0.0.0, and started at http://0c125a5bba95:4045
[2021-12-27 11:46:55,728] {spark_submit.py:514} INFO - 21/12/27 11:46:55 INFO StandaloneAppClient$ClientEndpoint: Connecting to master spark://spark:7077...
[2021-12-27 11:46:56,003] {spark_submit.py:514} INFO - 21/12/27 11:46:56 INFO TransportClientFactory: Successfully created connection to spark/172.19.0.4:7077 after 107 ms (0 ms spent in bootstraps)
[2021-12-27 11:46:56,392] {spark_submit.py:514} INFO - 21/12/27 11:46:56 INFO StandaloneSchedulerBackend: Connected to Spark cluster with app ID app-20211227114656-0042
[2021-12-27 11:46:56,451] {spark_submit.py:514} INFO - 21/12/27 11:46:56 INFO Utils: Successfully started service 'org.apache.spark.network.netty.NettyBlockTransferService' on port 43309.
[2021-12-27 11:46:56,453] {spark_submit.py:514} INFO - 21/12/27 11:46:56 INFO NettyBlockTransferService: Server created on 0c125a5bba95:43309
[2021-12-27 11:46:56,462] {spark_submit.py:514} INFO - 21/12/27 11:46:56 INFO BlockManager: Using org.apache.spark.storage.RandomBlockReplicationPolicy for block replication policy
[2021-12-27 11:46:56,490] {spark_submit.py:514} INFO - 21/12/27 11:46:56 INFO BlockManagerMaster: Registering BlockManager BlockManagerId(driver, 0c125a5bba95, 43309, None)
[2021-12-27 11:46:56,522] {spark_submit.py:514} INFO - 21/12/27 11:46:56 INFO BlockManagerMasterEndpoint: Registering block manager 0c125a5bba95:43309 with 434.4 MiB RAM, BlockManagerId(driver, 0c125a5bba95, 43309, None)
[2021-12-27 11:46:56,564] {spark_submit.py:514} INFO - 21/12/27 11:46:56 INFO BlockManagerMaster: Registered BlockManager BlockManagerId(driver, 0c125a5bba95, 43309, None)
[2021-12-27 11:46:56,576] {spark_submit.py:514} INFO - 21/12/27 11:46:56 INFO BlockManager: Initialized BlockManager: BlockManagerId(driver, 0c125a5bba95, 43309, None)
[2021-12-27 11:46:57,359] {spark_submit.py:514} INFO - 21/12/27 11:46:57 INFO StandaloneSchedulerBackend: SchedulerBackend is ready for scheduling beginning after reached minRegisteredResourcesRatio: 0.0
[2021-12-27 11:46:57,558] {spark_submit.py:514} INFO - /home/***/.local/lib/python3.6/site-packages/pyspark/python/lib/pyspark.zip/pyspark/context.py:238: FutureWarning: Python 3.6 support is deprecated in Spark 3.2.
[2021-12-27 11:46:57,559] {spark_submit.py:514} INFO - FutureWarning
[2021-12-27 11:46:58,205] {spark_submit.py:514} INFO - 21/12/27 11:46:58 INFO SharedState: Setting hive.metastore.warehouse.dir ('null') to the value of spark.sql.warehouse.dir.
[2021-12-27 11:46:58,316] {spark_submit.py:514} INFO - 21/12/27 11:46:58 INFO SharedState: Warehouse path is 'file:/opt/***/spark-warehouse'.
[2021-12-27 11:47:01,914] {spark_submit.py:514} INFO - running...
[2021-12-27 11:47:02,532] {spark_submit.py:514} INFO - running...
[2021-12-27 11:47:03,420] {spark_submit.py:514} INFO - running...
[2021-12-27 11:47:04,105] {spark_submit.py:514} INFO - running...
[2021-12-27 11:47:04,804] {spark_submit.py:514} INFO - running...
[2021-12-27 11:47:06,042] {spark_submit.py:514} INFO - running...
[2021-12-27 11:47:06,741] {spark_submit.py:514} INFO - running...
[2021-12-27 11:47:07,317] {spark_submit.py:514} INFO - running...
[2021-12-27 11:47:08,355] {spark_submit.py:514} INFO - running...
[2021-12-27 11:47:09,614] {spark_submit.py:514} INFO - running...
[2021-12-27 11:47:10,377] {spark_submit.py:514} INFO - running...
[2021-12-27 11:47:11,238] {spark_submit.py:514} INFO - running...
[2021-12-27 11:47:11,794] {spark_submit.py:514} INFO - running...
[2021-12-27 11:47:12,453] {spark_submit.py:514} INFO - running...
[2021-12-27 11:47:13,370] {spark_submit.py:514} INFO - running...
[2021-12-27 11:47:13,945] {spark_submit.py:514} INFO - running...
[2021-12-27 11:47:14,361] {spark_submit.py:514} INFO - running...
[2021-12-27 11:47:15,573] {spark_submit.py:514} INFO - running...
[2021-12-27 11:47:16,399] {spark_submit.py:514} INFO - running...
[2021-12-27 11:47:17,787] {spark_submit.py:514} INFO - running...
[2021-12-27 11:47:21,309] {spark_submit.py:514} INFO - running...
[2021-12-27 11:47:23,113] {spark_submit.py:514} INFO - running...
[2021-12-27 11:47:24,173] {spark_submit.py:514} INFO - running...
[2021-12-27 11:47:26,385] {spark_submit.py:514} INFO - running...
[2021-12-27 11:47:27,116] {spark_submit.py:514} INFO - running...
[2021-12-27 11:47:28,526] {spark_submit.py:514} INFO - running...
[2021-12-27 11:47:29,124] {spark_submit.py:514} INFO - running...
[2021-12-27 11:47:29,783] {spark_submit.py:514} INFO - running...
[2021-12-27 11:47:30,329] {spark_submit.py:514} INFO - running...
[2021-12-27 11:47:31,647] {spark_submit.py:514} INFO - running...
[2021-12-27 11:47:32,266] {spark_submit.py:514} INFO - running...
[2021-12-27 11:47:33,013] {spark_submit.py:514} INFO - running...
[2021-12-27 11:47:33,508] {spark_submit.py:514} INFO - running...
[2021-12-27 11:47:36,661] {spark_submit.py:514} INFO - 21/12/27 11:47:36 INFO SparkContext: Invoking stop() from shutdown hook
[2021-12-27 11:47:36,687] {spark_submit.py:514} INFO - 21/12/27 11:47:36 INFO SparkUI: Stopped Spark web UI at http://0c125a5bba95:4045
[2021-12-27 11:47:36,705] {spark_submit.py:514} INFO - 21/12/27 11:47:36 INFO StandaloneSchedulerBackend: Shutting down all executors
[2021-12-27 11:47:36,711] {spark_submit.py:514} INFO - 21/12/27 11:47:36 INFO CoarseGrainedSchedulerBackend$DriverEndpoint: Asking each executor to shut down
[2021-12-27 11:47:36,753] {spark_submit.py:514} INFO - 21/12/27 11:47:36 INFO MapOutputTrackerMasterEndpoint: MapOutputTrackerMasterEndpoint stopped!
[2021-12-27 11:47:36,807] {spark_submit.py:514} INFO - 21/12/27 11:47:36 INFO MemoryStore: MemoryStore cleared
[2021-12-27 11:47:36,808] {spark_submit.py:514} INFO - 21/12/27 11:47:36 INFO BlockManager: BlockManager stopped
[2021-12-27 11:47:36,850] {spark_submit.py:514} INFO - 21/12/27 11:47:36 INFO BlockManagerMaster: BlockManagerMaster stopped
[2021-12-27 11:47:36,857] {spark_submit.py:514} INFO - 21/12/27 11:47:36 INFO OutputCommitCoordinator$OutputCommitCoordinatorEndpoint: OutputCommitCoordinator stopped!
[2021-12-27 11:47:36,874] {spark_submit.py:514} INFO - 21/12/27 11:47:36 INFO SparkContext: Successfully stopped SparkContext
[2021-12-27 11:47:36,875] {spark_submit.py:514} INFO - 21/12/27 11:47:36 INFO ShutdownHookManager: Shutdown hook called
[2021-12-27 11:47:36,876] {spark_submit.py:514} INFO - 21/12/27 11:47:36 INFO ShutdownHookManager: Deleting directory /tmp/spark-62680458-d2b6-4ca6-89fb-8bd394806a37
[2021-12-27 11:47:36,883] {spark_submit.py:514} INFO - 21/12/27 11:47:36 INFO ShutdownHookManager: Deleting directory /tmp/spark-6513994d-2415-4470-a5ab-c6d916807629
[2021-12-27 11:47:36,890] {spark_submit.py:514} INFO - 21/12/27 11:47:36 INFO ShutdownHookManager: Deleting directory /tmp/spark-62680458-d2b6-4ca6-89fb-8bd394806a37/pyspark-0a5671a4-d414-4923-bfb9-3851ff9b8500
[2021-12-27 11:47:37,103] {taskinstance.py:1280} INFO - Marking task as SUCCESS. dag_id=scraping_daft_donegal, task_id=scrap_data, execution_date=20211226T092500, start_date=20211227T114636, end_date=20211227T114737
[2021-12-27 11:47:37,151] {local_task_job.py:154} INFO - Task exited with return code 0
[2021-12-27 11:47:37,328] {local_task_job.py:264} INFO - 1 downstream tasks scheduled from follow-on schedule check
