[2021-12-31 13:31:35,781] {taskinstance.py:1035} INFO - Dependencies all met for <TaskInstance: scraping_daft_leitrim.scrap_data scheduled__2021-12-30T10:00:00+00:00 [queued]>
[2021-12-31 13:31:36,045] {taskinstance.py:1035} INFO - Dependencies all met for <TaskInstance: scraping_daft_leitrim.scrap_data scheduled__2021-12-30T10:00:00+00:00 [queued]>
[2021-12-31 13:31:36,047] {taskinstance.py:1241} INFO - 
--------------------------------------------------------------------------------
[2021-12-31 13:31:36,049] {taskinstance.py:1242} INFO - Starting attempt 2 of 4
[2021-12-31 13:31:36,050] {taskinstance.py:1243} INFO - 
--------------------------------------------------------------------------------
[2021-12-31 13:31:36,110] {taskinstance.py:1262} INFO - Executing <Task(SparkSubmitOperator): scrap_data> on 2021-12-30 10:00:00+00:00
[2021-12-31 13:31:36,132] {standard_task_runner.py:52} INFO - Started process 5941 to run task
[2021-12-31 13:31:36,385] {standard_task_runner.py:76} INFO - Running: ['***', 'tasks', 'run', 'scraping_daft_leitrim', 'scrap_data', 'scheduled__2021-12-30T10:00:00+00:00', '--job-id', '5771', '--raw', '--subdir', 'DAGS_FOLDER/scraping_daft_leitrim.py', '--cfg-path', '/tmp/tmp40gf615p', '--error-file', '/tmp/tmp424wz1jr']
[2021-12-31 13:31:36,388] {standard_task_runner.py:77} INFO - Job 5771: Subtask scrap_data
[2021-12-31 13:31:37,266] {logging_mixin.py:109} INFO - Running <TaskInstance: scraping_daft_leitrim.scrap_data scheduled__2021-12-30T10:00:00+00:00 [running]> on host ee68d8f591c8
[2021-12-31 13:31:38,660] {taskinstance.py:1429} INFO - Exporting the following env vars:
AIRFLOW_CTX_DAG_EMAIL=clement.liscoet@gmail.com
AIRFLOW_CTX_DAG_OWNER=clemoni
AIRFLOW_CTX_DAG_ID=scraping_daft_leitrim
AIRFLOW_CTX_TASK_ID=scrap_data
AIRFLOW_CTX_EXECUTION_DATE=2021-12-30T10:00:00+00:00
AIRFLOW_CTX_DAG_RUN_ID=scheduled__2021-12-30T10:00:00+00:00
[2021-12-31 13:31:38,745] {base.py:79} INFO - Using connection to: id: spark_default. Host: spark://spark:7077, Port: None, Schema: , Login: ***, Password: ***, extra: {}
[2021-12-31 13:31:38,762] {spark_submit.py:360} INFO - Spark-Submit cmd: spark-submit --master spark://spark:7077 --conf spark.master=spark://spark:7077 --name scrap data --verbose /opt/***/jobs/get_ads_per_county.py leitrim
[2021-12-31 13:32:02,505] {spark_submit.py:514} INFO - Using properties file: null
[2021-12-31 13:32:07,490] {spark_submit.py:514} INFO - WARNING: An illegal reflective access operation has occurred
[2021-12-31 13:32:07,496] {spark_submit.py:514} INFO - WARNING: Illegal reflective access by org.apache.spark.unsafe.Platform (file:/home/***/.local/lib/python3.6/site-packages/pyspark/jars/spark-unsafe_2.12-3.2.0.jar) to constructor java.nio.DirectByteBuffer(long,int)
[2021-12-31 13:32:07,503] {spark_submit.py:514} INFO - WARNING: Please consider reporting this to the maintainers of org.apache.spark.unsafe.Platform
[2021-12-31 13:32:07,509] {spark_submit.py:514} INFO - WARNING: Use --illegal-access=warn to enable warnings of further illegal reflective access operations
[2021-12-31 13:32:07,556] {spark_submit.py:514} INFO - WARNING: All illegal access operations will be denied in a future release
[2021-12-31 13:32:09,868] {spark_submit.py:514} INFO - Parsed arguments:
[2021-12-31 13:32:09,890] {spark_submit.py:514} INFO - master                  spark://spark:7077
[2021-12-31 13:32:09,913] {spark_submit.py:514} INFO - deployMode              null
[2021-12-31 13:32:09,921] {spark_submit.py:514} INFO - executorMemory          null
[2021-12-31 13:32:09,939] {spark_submit.py:514} INFO - executorCores           null
[2021-12-31 13:32:09,959] {spark_submit.py:514} INFO - totalExecutorCores      null
[2021-12-31 13:32:09,966] {spark_submit.py:514} INFO - propertiesFile          null
[2021-12-31 13:32:09,968] {spark_submit.py:514} INFO - driverMemory            null
[2021-12-31 13:32:09,977] {spark_submit.py:514} INFO - driverCores             null
[2021-12-31 13:32:09,987] {spark_submit.py:514} INFO - driverExtraClassPath    null
[2021-12-31 13:32:09,999] {spark_submit.py:514} INFO - driverExtraLibraryPath  null
[2021-12-31 13:32:10,009] {spark_submit.py:514} INFO - driverExtraJavaOptions  null
[2021-12-31 13:32:10,014] {spark_submit.py:514} INFO - supervise               false
[2021-12-31 13:32:10,020] {spark_submit.py:514} INFO - queue                   null
[2021-12-31 13:32:10,027] {spark_submit.py:514} INFO - numExecutors            null
[2021-12-31 13:32:10,029] {spark_submit.py:514} INFO - files                   null
[2021-12-31 13:32:10,045] {spark_submit.py:514} INFO - pyFiles                 null
[2021-12-31 13:32:10,059] {spark_submit.py:514} INFO - archives                null
[2021-12-31 13:32:10,074] {spark_submit.py:514} INFO - mainClass               null
[2021-12-31 13:32:10,096] {spark_submit.py:514} INFO - primaryResource         file:/opt/***/jobs/get_ads_per_county.py
[2021-12-31 13:32:10,110] {spark_submit.py:514} INFO - name                    scrap data
[2021-12-31 13:32:10,135] {spark_submit.py:514} INFO - childArgs               [leitrim]
[2021-12-31 13:32:10,148] {spark_submit.py:514} INFO - jars                    null
[2021-12-31 13:32:10,160] {spark_submit.py:514} INFO - packages                null
[2021-12-31 13:32:10,169] {spark_submit.py:514} INFO - packagesExclusions      null
[2021-12-31 13:32:10,173] {spark_submit.py:514} INFO - repositories            null
[2021-12-31 13:32:10,177] {spark_submit.py:514} INFO - verbose                 true
[2021-12-31 13:32:10,183] {spark_submit.py:514} INFO - 
[2021-12-31 13:32:10,193] {spark_submit.py:514} INFO - Spark properties used, including those specified through
[2021-12-31 13:32:10,195] {spark_submit.py:514} INFO - --conf and those from the properties file null:
[2021-12-31 13:32:10,196] {spark_submit.py:514} INFO - (spark.master,spark://spark:7077)
[2021-12-31 13:32:10,197] {spark_submit.py:514} INFO - 
[2021-12-31 13:32:10,199] {spark_submit.py:514} INFO - 
[2021-12-31 13:32:16,304] {spark_submit.py:514} INFO - Main class:
[2021-12-31 13:32:16,306] {spark_submit.py:514} INFO - org.apache.spark.deploy.PythonRunner
[2021-12-31 13:32:16,329] {spark_submit.py:514} INFO - Arguments:
[2021-12-31 13:32:16,332] {spark_submit.py:514} INFO - file:/opt/***/jobs/get_ads_per_county.py
[2021-12-31 13:32:16,342] {spark_submit.py:514} INFO - null
[2021-12-31 13:32:16,344] {spark_submit.py:514} INFO - leitrim
[2021-12-31 13:32:16,350] {spark_submit.py:514} INFO - --verbose
[2021-12-31 13:32:16,422] {spark_submit.py:514} INFO - Spark config:
[2021-12-31 13:32:16,423] {spark_submit.py:514} INFO - (spark.app.name,scrap data)
[2021-12-31 13:32:16,425] {spark_submit.py:514} INFO - (spark.master,spark://spark:7077)
[2021-12-31 13:32:16,426] {spark_submit.py:514} INFO - (spark.submit.pyFiles,)
[2021-12-31 13:32:16,427] {spark_submit.py:514} INFO - (spark.submit.deployMode,client)
[2021-12-31 13:32:16,437] {spark_submit.py:514} INFO - Classpath elements:
[2021-12-31 13:32:16,439] {spark_submit.py:514} INFO - 
[2021-12-31 13:32:16,440] {spark_submit.py:514} INFO - 
[2021-12-31 13:32:16,442] {spark_submit.py:514} INFO - 
[2021-12-31 13:32:34,007] {spark_submit.py:514} INFO - Using Spark's default log4j profile: org/apache/spark/log4j-defaults.properties
[2021-12-31 13:32:34,228] {spark_submit.py:514} INFO - 21/12/31 13:32:34 INFO SparkContext: Running Spark version 3.2.0
[2021-12-31 13:32:37,358] {spark_submit.py:514} INFO - 21/12/31 13:32:37 WARN NativeCodeLoader: Unable to load native-hadoop library for your platform... using builtin-java classes where applicable
[2021-12-31 13:32:41,719] {spark_submit.py:514} INFO - 21/12/31 13:32:41 INFO ResourceUtils: ==============================================================
[2021-12-31 13:32:41,745] {spark_submit.py:514} INFO - 21/12/31 13:32:41 INFO ResourceUtils: No custom resources configured for spark.driver.
[2021-12-31 13:32:41,747] {spark_submit.py:514} INFO - 21/12/31 13:32:41 INFO ResourceUtils: ==============================================================
[2021-12-31 13:32:41,750] {spark_submit.py:514} INFO - 21/12/31 13:32:41 INFO SparkContext: Submitted application: Get Ads per county
[2021-12-31 13:32:41,978] {spark_submit.py:514} INFO - 21/12/31 13:32:41 INFO ResourceProfile: Default ResourceProfile created, executor resources: Map(cores -> name: cores, amount: 1, script: , vendor: , memory -> name: memory, amount: 1024, script: , vendor: , offHeap -> name: offHeap, amount: 0, script: , vendor: ), task resources: Map(cpus -> name: cpus, amount: 1.0)
[2021-12-31 13:32:42,141] {spark_submit.py:514} INFO - 21/12/31 13:32:42 INFO ResourceProfile: Limiting resource is cpu
[2021-12-31 13:32:42,174] {spark_submit.py:514} INFO - 21/12/31 13:32:42 INFO ResourceProfileManager: Added ResourceProfile id: 0
[2021-12-31 13:32:43,034] {spark_submit.py:514} INFO - 21/12/31 13:32:43 INFO SecurityManager: Changing view acls to: ***
[2021-12-31 13:32:43,047] {spark_submit.py:514} INFO - 21/12/31 13:32:43 INFO SecurityManager: Changing modify acls to: ***
[2021-12-31 13:32:43,052] {spark_submit.py:514} INFO - 21/12/31 13:32:43 INFO SecurityManager: Changing view acls groups to:
[2021-12-31 13:32:43,061] {spark_submit.py:514} INFO - 21/12/31 13:32:43 INFO SecurityManager: Changing modify acls groups to:
[2021-12-31 13:32:43,097] {spark_submit.py:514} INFO - 21/12/31 13:32:43 INFO SecurityManager: SecurityManager: authentication disabled; ui acls disabled; users  with view permissions: Set(***); groups with view permissions: Set(); users  with modify permissions: Set(***); groups with modify permissions: Set()
[2021-12-31 13:32:51,524] {spark_submit.py:514} INFO - 21/12/31 13:32:51 INFO Utils: Successfully started service 'sparkDriver' on port 37695.
[2021-12-31 13:32:52,302] {spark_submit.py:514} INFO - 21/12/31 13:32:52 INFO SparkEnv: Registering MapOutputTracker
[2021-12-31 13:32:53,059] {spark_submit.py:514} INFO - 21/12/31 13:32:53 INFO SparkEnv: Registering BlockManagerMaster
[2021-12-31 13:32:53,597] {spark_submit.py:514} INFO - 21/12/31 13:32:53 INFO BlockManagerMasterEndpoint: Using org.apache.spark.storage.DefaultTopologyMapper for getting topology information
[2021-12-31 13:32:53,614] {spark_submit.py:514} INFO - 21/12/31 13:32:53 INFO BlockManagerMasterEndpoint: BlockManagerMasterEndpoint up
[2021-12-31 13:32:53,737] {spark_submit.py:514} INFO - 21/12/31 13:32:53 INFO SparkEnv: Registering BlockManagerMasterHeartbeat
[2021-12-31 13:32:55,066] {spark_submit.py:514} INFO - 21/12/31 13:32:55 INFO DiskBlockManager: Created local directory at /tmp/blockmgr-9ae6e039-f0e3-44a4-bf8b-370629865790
[2021-12-31 13:32:55,850] {spark_submit.py:514} INFO - 21/12/31 13:32:55 INFO MemoryStore: MemoryStore started with capacity 434.4 MiB
[2021-12-31 13:32:56,169] {spark_submit.py:514} INFO - 21/12/31 13:32:56 INFO SparkEnv: Registering OutputCommitCoordinator
[2021-12-31 13:33:01,019] {spark_submit.py:514} INFO - 21/12/31 13:33:01 WARN Utils: Service 'SparkUI' could not bind on port 4040. Attempting port 4041.
[2021-12-31 13:33:01,023] {spark_submit.py:514} INFO - 21/12/31 13:33:01 WARN Utils: Service 'SparkUI' could not bind on port 4041. Attempting port 4042.
[2021-12-31 13:33:01,025] {spark_submit.py:514} INFO - 21/12/31 13:33:01 WARN Utils: Service 'SparkUI' could not bind on port 4042. Attempting port 4043.
[2021-12-31 13:33:01,026] {spark_submit.py:514} INFO - 21/12/31 13:33:01 WARN Utils: Service 'SparkUI' could not bind on port 4043. Attempting port 4044.
[2021-12-31 13:33:01,033] {spark_submit.py:514} INFO - 21/12/31 13:33:01 WARN Utils: Service 'SparkUI' could not bind on port 4044. Attempting port 4045.
[2021-12-31 13:33:01,039] {spark_submit.py:514} INFO - 21/12/31 13:33:01 WARN Utils: Service 'SparkUI' could not bind on port 4045. Attempting port 4046.
[2021-12-31 13:33:01,047] {spark_submit.py:514} INFO - 21/12/31 13:33:01 WARN Utils: Service 'SparkUI' could not bind on port 4046. Attempting port 4047.
[2021-12-31 13:33:01,509] {spark_submit.py:514} INFO - 21/12/31 13:33:01 INFO Utils: Successfully started service 'SparkUI' on port 4047.
[2021-12-31 13:33:03,078] {spark_submit.py:514} INFO - 21/12/31 13:33:03 INFO SparkUI: Bound SparkUI to 0.0.0.0, and started at http://ee68d8f591c8:4047
[2021-12-31 13:33:08,049] {spark_submit.py:514} INFO - 21/12/31 13:33:08 INFO StandaloneAppClient$ClientEndpoint: Connecting to master spark://spark:7077...
[2021-12-31 13:33:09,517] {spark_submit.py:514} INFO - 21/12/31 13:33:09 INFO TransportClientFactory: Successfully created connection to spark/172.20.0.4:7077 after 1166 ms (0 ms spent in bootstraps)
[2021-12-31 13:33:11,618] {spark_submit.py:514} INFO - 21/12/31 13:33:11 INFO StandaloneSchedulerBackend: Connected to Spark cluster with app ID app-20211231133311-0042
[2021-12-31 13:33:11,783] {spark_submit.py:514} INFO - 21/12/31 13:33:11 INFO Utils: Successfully started service 'org.apache.spark.network.netty.NettyBlockTransferService' on port 42131.
[2021-12-31 13:33:11,786] {spark_submit.py:514} INFO - 21/12/31 13:33:11 INFO NettyBlockTransferService: Server created on ee68d8f591c8:42131
[2021-12-31 13:33:11,831] {spark_submit.py:514} INFO - 21/12/31 13:33:11 INFO BlockManager: Using org.apache.spark.storage.RandomBlockReplicationPolicy for block replication policy
[2021-12-31 13:33:11,964] {spark_submit.py:514} INFO - 21/12/31 13:33:11 INFO BlockManagerMaster: Registering BlockManager BlockManagerId(driver, ee68d8f591c8, 42131, None)
[2021-12-31 13:33:12,034] {spark_submit.py:514} INFO - 21/12/31 13:33:12 INFO BlockManagerMasterEndpoint: Registering block manager ee68d8f591c8:42131 with 434.4 MiB RAM, BlockManagerId(driver, ee68d8f591c8, 42131, None)
[2021-12-31 13:33:12,048] {spark_submit.py:514} INFO - 21/12/31 13:33:12 INFO BlockManagerMaster: Registered BlockManager BlockManagerId(driver, ee68d8f591c8, 42131, None)
[2021-12-31 13:33:12,110] {spark_submit.py:514} INFO - 21/12/31 13:33:12 INFO BlockManager: Initialized BlockManager: BlockManagerId(driver, ee68d8f591c8, 42131, None)
[2021-12-31 13:33:18,536] {spark_submit.py:514} INFO - 21/12/31 13:33:18 INFO StandaloneSchedulerBackend: SchedulerBackend is ready for scheduling beginning after reached minRegisteredResourcesRatio: 0.0
[2021-12-31 13:33:19,311] {spark_submit.py:514} INFO - /home/***/.local/lib/python3.6/site-packages/pyspark/python/lib/pyspark.zip/pyspark/context.py:238: FutureWarning: Python 3.6 support is deprecated in Spark 3.2.
[2021-12-31 13:33:19,330] {spark_submit.py:514} INFO - FutureWarning
[2021-12-31 13:34:02,649] {spark_submit.py:514} INFO - 21/12/31 13:34:02 INFO SharedState: Setting hive.metastore.warehouse.dir ('null') to the value of spark.sql.warehouse.dir.
[2021-12-31 13:34:04,095] {spark_submit.py:514} INFO - 21/12/31 13:34:04 INFO SharedState: Warehouse path is 'file:/opt/***/spark-warehouse'.
[2021-12-31 13:34:59,737] {spark_submit.py:514} INFO - running...
[2021-12-31 13:35:00,994] {spark_submit.py:514} INFO - running...
[2021-12-31 13:35:01,936] {spark_submit.py:514} INFO - running...
[2021-12-31 13:35:03,719] {spark_submit.py:514} INFO - running...
[2021-12-31 13:35:05,867] {spark_submit.py:514} INFO - running...
[2021-12-31 13:35:08,495] {spark_submit.py:514} INFO - running...
[2021-12-31 13:35:10,174] {spark_submit.py:514} INFO - running...
[2021-12-31 13:35:12,258] {spark_submit.py:514} INFO - running...
[2021-12-31 13:35:14,098] {spark_submit.py:514} INFO - running...
[2021-12-31 13:35:15,062] {spark_submit.py:514} INFO - running...
[2021-12-31 13:35:17,772] {spark_submit.py:514} INFO - running...
[2021-12-31 13:35:21,467] {spark_submit.py:514} INFO - 21/12/31 13:35:21 INFO SparkContext: Invoking stop() from shutdown hook
[2021-12-31 13:35:21,761] {spark_submit.py:514} INFO - 21/12/31 13:35:21 INFO SparkUI: Stopped Spark web UI at http://ee68d8f591c8:4047
[2021-12-31 13:35:21,860] {spark_submit.py:514} INFO - 21/12/31 13:35:21 INFO StandaloneSchedulerBackend: Shutting down all executors
[2021-12-31 13:35:21,944] {spark_submit.py:514} INFO - 21/12/31 13:35:21 INFO CoarseGrainedSchedulerBackend$DriverEndpoint: Asking each executor to shut down
[2021-12-31 13:35:22,354] {spark_submit.py:514} INFO - 21/12/31 13:35:22 INFO MapOutputTrackerMasterEndpoint: MapOutputTrackerMasterEndpoint stopped!
[2021-12-31 13:35:22,669] {spark_submit.py:514} INFO - 21/12/31 13:35:22 INFO MemoryStore: MemoryStore cleared
[2021-12-31 13:35:22,670] {spark_submit.py:514} INFO - 21/12/31 13:35:22 INFO BlockManager: BlockManager stopped
[2021-12-31 13:35:22,934] {spark_submit.py:514} INFO - 21/12/31 13:35:22 INFO BlockManagerMaster: BlockManagerMaster stopped
[2021-12-31 13:35:23,028] {spark_submit.py:514} INFO - 21/12/31 13:35:23 INFO OutputCommitCoordinator$OutputCommitCoordinatorEndpoint: OutputCommitCoordinator stopped!
[2021-12-31 13:35:23,070] {spark_submit.py:514} INFO - 21/12/31 13:35:23 INFO SparkContext: Successfully stopped SparkContext
[2021-12-31 13:35:23,077] {spark_submit.py:514} INFO - 21/12/31 13:35:23 INFO ShutdownHookManager: Shutdown hook called
[2021-12-31 13:35:23,080] {spark_submit.py:514} INFO - 21/12/31 13:35:23 INFO ShutdownHookManager: Deleting directory /tmp/spark-25df72e2-80c5-44bd-a5fa-6d363999423e/pyspark-9d01c291-ef02-4195-a81a-920c75f179fc
[2021-12-31 13:35:23,103] {spark_submit.py:514} INFO - 21/12/31 13:35:23 INFO ShutdownHookManager: Deleting directory /tmp/spark-25df72e2-80c5-44bd-a5fa-6d363999423e
[2021-12-31 13:35:23,153] {spark_submit.py:514} INFO - 21/12/31 13:35:23 INFO ShutdownHookManager: Deleting directory /tmp/spark-36b202f9-5455-47e7-b901-57a0f25c679b
[2021-12-31 13:35:30,226] {taskinstance.py:1280} INFO - Marking task as SUCCESS. dag_id=scraping_daft_leitrim, task_id=scrap_data, execution_date=20211230T100000, start_date=20211231T133135, end_date=20211231T133530
[2021-12-31 13:35:31,843] {local_task_job.py:154} INFO - Task exited with return code 0
[2021-12-31 13:35:34,389] {local_task_job.py:264} INFO - 0 downstream tasks scheduled from follow-on schedule check
