[2021-12-13 16:39:41,180] {taskinstance.py:1035} INFO - Dependencies all met for <TaskInstance: scraping_daft_laois.scrap_data manual__2021-12-13T16:39:38.054621+00:00 [queued]>
[2021-12-13 16:39:41,201] {taskinstance.py:1035} INFO - Dependencies all met for <TaskInstance: scraping_daft_laois.scrap_data manual__2021-12-13T16:39:38.054621+00:00 [queued]>
[2021-12-13 16:39:41,203] {taskinstance.py:1241} INFO - 
--------------------------------------------------------------------------------
[2021-12-13 16:39:41,204] {taskinstance.py:1242} INFO - Starting attempt 1 of 4
[2021-12-13 16:39:41,205] {taskinstance.py:1243} INFO - 
--------------------------------------------------------------------------------
[2021-12-13 16:39:41,233] {taskinstance.py:1262} INFO - Executing <Task(SparkSubmitOperator): scrap_data> on 2021-12-13 16:39:38.054621+00:00
[2021-12-13 16:39:41,246] {standard_task_runner.py:76} INFO - Running: ['***', 'tasks', 'run', 'scraping_daft_laois', 'scrap_data', 'manual__2021-12-13T16:39:38.054621+00:00', '--job-id', '1866', '--raw', '--subdir', 'DAGS_FOLDER/scraping_daft_laois.py', '--cfg-path', '/tmp/tmpj_pntld_', '--error-file', '/tmp/tmpjcgy607_']
[2021-12-13 16:39:41,248] {standard_task_runner.py:77} INFO - Job 1866: Subtask scrap_data
[2021-12-13 16:39:41,241] {standard_task_runner.py:52} INFO - Started process 13072 to run task
[2021-12-13 16:39:41,345] {logging_mixin.py:109} INFO - Running <TaskInstance: scraping_daft_laois.scrap_data manual__2021-12-13T16:39:38.054621+00:00 [running]> on host c81f81825bc0
[2021-12-13 16:39:41,461] {taskinstance.py:1429} INFO - Exporting the following env vars:
AIRFLOW_CTX_DAG_EMAIL=clement.liscoet@gmail.com
AIRFLOW_CTX_DAG_OWNER=clemoni
AIRFLOW_CTX_DAG_ID=scraping_daft_laois
AIRFLOW_CTX_TASK_ID=scrap_data
AIRFLOW_CTX_EXECUTION_DATE=2021-12-13T16:39:38.054621+00:00
AIRFLOW_CTX_DAG_RUN_ID=manual__2021-12-13T16:39:38.054621+00:00
[2021-12-13 16:39:41,480] {base.py:79} INFO - Using connection to: id: spark_default. Host: spark://spark:7077, Port: None, Schema: , Login: ***, Password: ***, extra: {}
[2021-12-13 16:39:41,482] {spark_submit.py:360} INFO - Spark-Submit cmd: spark-submit --master spark://spark:7077 --conf spark.master=spark://spark:7077 --name scrap data --verbose /opt/***/jobs/get_ads_per_county.py laois
[2021-12-13 16:39:43,162] {spark_submit.py:514} INFO - Using properties file: null
[2021-12-13 16:39:43,265] {spark_submit.py:514} INFO - WARNING: An illegal reflective access operation has occurred
[2021-12-13 16:39:43,266] {spark_submit.py:514} INFO - WARNING: Illegal reflective access by org.apache.spark.unsafe.Platform (file:/home/***/.local/lib/python3.6/site-packages/pyspark/jars/spark-unsafe_2.12-3.2.0.jar) to constructor java.nio.DirectByteBuffer(long,int)
[2021-12-13 16:39:43,267] {spark_submit.py:514} INFO - WARNING: Please consider reporting this to the maintainers of org.apache.spark.unsafe.Platform
[2021-12-13 16:39:43,268] {spark_submit.py:514} INFO - WARNING: Use --illegal-access=warn to enable warnings of further illegal reflective access operations
[2021-12-13 16:39:43,269] {spark_submit.py:514} INFO - WARNING: All illegal access operations will be denied in a future release
[2021-12-13 16:39:43,323] {spark_submit.py:514} INFO - Parsed arguments:
[2021-12-13 16:39:43,324] {spark_submit.py:514} INFO - master                  spark://spark:7077
[2021-12-13 16:39:43,325] {spark_submit.py:514} INFO - deployMode              null
[2021-12-13 16:39:43,326] {spark_submit.py:514} INFO - executorMemory          null
[2021-12-13 16:39:43,327] {spark_submit.py:514} INFO - executorCores           null
[2021-12-13 16:39:43,327] {spark_submit.py:514} INFO - totalExecutorCores      null
[2021-12-13 16:39:43,328] {spark_submit.py:514} INFO - propertiesFile          null
[2021-12-13 16:39:43,329] {spark_submit.py:514} INFO - driverMemory            null
[2021-12-13 16:39:43,329] {spark_submit.py:514} INFO - driverCores             null
[2021-12-13 16:39:43,330] {spark_submit.py:514} INFO - driverExtraClassPath    null
[2021-12-13 16:39:43,331] {spark_submit.py:514} INFO - driverExtraLibraryPath  null
[2021-12-13 16:39:43,332] {spark_submit.py:514} INFO - driverExtraJavaOptions  null
[2021-12-13 16:39:43,333] {spark_submit.py:514} INFO - supervise               false
[2021-12-13 16:39:43,334] {spark_submit.py:514} INFO - queue                   null
[2021-12-13 16:39:43,335] {spark_submit.py:514} INFO - numExecutors            null
[2021-12-13 16:39:43,335] {spark_submit.py:514} INFO - files                   null
[2021-12-13 16:39:43,336] {spark_submit.py:514} INFO - pyFiles                 null
[2021-12-13 16:39:43,337] {spark_submit.py:514} INFO - archives                null
[2021-12-13 16:39:43,337] {spark_submit.py:514} INFO - mainClass               null
[2021-12-13 16:39:43,338] {spark_submit.py:514} INFO - primaryResource         file:/opt/***/jobs/get_ads_per_county.py
[2021-12-13 16:39:43,339] {spark_submit.py:514} INFO - name                    scrap data
[2021-12-13 16:39:43,339] {spark_submit.py:514} INFO - childArgs               [laois]
[2021-12-13 16:39:43,340] {spark_submit.py:514} INFO - jars                    null
[2021-12-13 16:39:43,341] {spark_submit.py:514} INFO - packages                null
[2021-12-13 16:39:43,341] {spark_submit.py:514} INFO - packagesExclusions      null
[2021-12-13 16:39:43,342] {spark_submit.py:514} INFO - repositories            null
[2021-12-13 16:39:43,343] {spark_submit.py:514} INFO - verbose                 true
[2021-12-13 16:39:43,344] {spark_submit.py:514} INFO - 
[2021-12-13 16:39:43,344] {spark_submit.py:514} INFO - Spark properties used, including those specified through
[2021-12-13 16:39:43,345] {spark_submit.py:514} INFO - --conf and those from the properties file null:
[2021-12-13 16:39:43,346] {spark_submit.py:514} INFO - (spark.master,spark://spark:7077)
[2021-12-13 16:39:43,346] {spark_submit.py:514} INFO - 
[2021-12-13 16:39:43,347] {spark_submit.py:514} INFO - 
[2021-12-13 16:39:43,663] {spark_submit.py:514} INFO - Main class:
[2021-12-13 16:39:43,665] {spark_submit.py:514} INFO - org.apache.spark.deploy.PythonRunner
[2021-12-13 16:39:43,666] {spark_submit.py:514} INFO - Arguments:
[2021-12-13 16:39:43,667] {spark_submit.py:514} INFO - file:/opt/***/jobs/get_ads_per_county.py
[2021-12-13 16:39:43,668] {spark_submit.py:514} INFO - null
[2021-12-13 16:39:43,669] {spark_submit.py:514} INFO - laois
[2021-12-13 16:39:43,670] {spark_submit.py:514} INFO - --verbose
[2021-12-13 16:39:43,671] {spark_submit.py:514} INFO - Spark config:
[2021-12-13 16:39:43,672] {spark_submit.py:514} INFO - (spark.app.name,scrap data)
[2021-12-13 16:39:43,673] {spark_submit.py:514} INFO - (spark.master,spark://spark:7077)
[2021-12-13 16:39:43,674] {spark_submit.py:514} INFO - (spark.submit.pyFiles,)
[2021-12-13 16:39:43,675] {spark_submit.py:514} INFO - (spark.submit.deployMode,client)
[2021-12-13 16:39:43,676] {spark_submit.py:514} INFO - Classpath elements:
[2021-12-13 16:39:43,677] {spark_submit.py:514} INFO - 
[2021-12-13 16:39:43,677] {spark_submit.py:514} INFO - 
[2021-12-13 16:39:43,678] {spark_submit.py:514} INFO - 
[2021-12-13 16:39:44,713] {spark_submit.py:514} INFO - Using Spark's default log4j profile: org/apache/spark/log4j-defaults.properties
[2021-12-13 16:39:44,729] {spark_submit.py:514} INFO - 21/12/13 16:39:44 INFO SparkContext: Running Spark version 3.2.0
[2021-12-13 16:39:44,861] {spark_submit.py:514} INFO - 21/12/13 16:39:44 WARN NativeCodeLoader: Unable to load native-hadoop library for your platform... using builtin-java classes where applicable
[2021-12-13 16:39:45,067] {spark_submit.py:514} INFO - 21/12/13 16:39:45 INFO ResourceUtils: ==============================================================
[2021-12-13 16:39:45,068] {spark_submit.py:514} INFO - 21/12/13 16:39:45 INFO ResourceUtils: No custom resources configured for spark.driver.
[2021-12-13 16:39:45,069] {spark_submit.py:514} INFO - 21/12/13 16:39:45 INFO ResourceUtils: ==============================================================
[2021-12-13 16:39:45,070] {spark_submit.py:514} INFO - 21/12/13 16:39:45 INFO SparkContext: Submitted application: Get Ads per county
[2021-12-13 16:39:45,107] {spark_submit.py:514} INFO - 21/12/13 16:39:45 INFO ResourceProfile: Default ResourceProfile created, executor resources: Map(cores -> name: cores, amount: 1, script: , vendor: , memory -> name: memory, amount: 1024, script: , vendor: , offHeap -> name: offHeap, amount: 0, script: , vendor: ), task resources: Map(cpus -> name: cpus, amount: 1.0)
[2021-12-13 16:39:45,121] {spark_submit.py:514} INFO - 21/12/13 16:39:45 INFO ResourceProfile: Limiting resource is cpu
[2021-12-13 16:39:45,122] {spark_submit.py:514} INFO - 21/12/13 16:39:45 INFO ResourceProfileManager: Added ResourceProfile id: 0
[2021-12-13 16:39:45,200] {spark_submit.py:514} INFO - 21/12/13 16:39:45 INFO SecurityManager: Changing view acls to: ***
[2021-12-13 16:39:45,203] {spark_submit.py:514} INFO - 21/12/13 16:39:45 INFO SecurityManager: Changing modify acls to: ***
[2021-12-13 16:39:45,235] {spark_submit.py:514} INFO - 21/12/13 16:39:45 INFO SecurityManager: Changing view acls groups to:
[2021-12-13 16:39:45,236] {spark_submit.py:514} INFO - 21/12/13 16:39:45 INFO SecurityManager: Changing modify acls groups to:
[2021-12-13 16:39:45,238] {spark_submit.py:514} INFO - 21/12/13 16:39:45 INFO SecurityManager: SecurityManager: authentication disabled; ui acls disabled; users  with view permissions: Set(***); groups with view permissions: Set(); users  with modify permissions: Set(***); groups with modify permissions: Set()
[2021-12-13 16:39:45,592] {spark_submit.py:514} INFO - 21/12/13 16:39:45 INFO Utils: Successfully started service 'sparkDriver' on port 39299.
[2021-12-13 16:39:45,633] {spark_submit.py:514} INFO - 21/12/13 16:39:45 INFO SparkEnv: Registering MapOutputTracker
[2021-12-13 16:39:45,682] {spark_submit.py:514} INFO - 21/12/13 16:39:45 INFO SparkEnv: Registering BlockManagerMaster
[2021-12-13 16:39:45,712] {spark_submit.py:514} INFO - 21/12/13 16:39:45 INFO BlockManagerMasterEndpoint: Using org.apache.spark.storage.DefaultTopologyMapper for getting topology information
[2021-12-13 16:39:45,714] {spark_submit.py:514} INFO - 21/12/13 16:39:45 INFO BlockManagerMasterEndpoint: BlockManagerMasterEndpoint up
[2021-12-13 16:39:45,721] {spark_submit.py:514} INFO - 21/12/13 16:39:45 INFO SparkEnv: Registering BlockManagerMasterHeartbeat
[2021-12-13 16:39:45,759] {spark_submit.py:514} INFO - 21/12/13 16:39:45 INFO DiskBlockManager: Created local directory at /tmp/blockmgr-e0c7b095-7910-405c-b714-3797693b9881
[2021-12-13 16:39:45,787] {spark_submit.py:514} INFO - 21/12/13 16:39:45 INFO MemoryStore: MemoryStore started with capacity 434.4 MiB
[2021-12-13 16:39:45,809] {spark_submit.py:514} INFO - 21/12/13 16:39:45 INFO SparkEnv: Registering OutputCommitCoordinator
[2021-12-13 16:39:46,070] {spark_submit.py:514} INFO - 21/12/13 16:39:46 INFO Utils: Successfully started service 'SparkUI' on port 4040.
[2021-12-13 16:39:46,150] {spark_submit.py:514} INFO - 21/12/13 16:39:46 INFO SparkUI: Bound SparkUI to 0.0.0.0, and started at http://c81f81825bc0:4040
[2021-12-13 16:39:46,452] {spark_submit.py:514} INFO - 21/12/13 16:39:46 INFO StandaloneAppClient$ClientEndpoint: Connecting to master spark://spark:7077...
[2021-12-13 16:39:46,546] {spark_submit.py:514} INFO - 21/12/13 16:39:46 INFO TransportClientFactory: Successfully created connection to spark/172.20.0.4:7077 after 55 ms (0 ms spent in bootstraps)
[2021-12-13 16:39:46,675] {spark_submit.py:514} INFO - 21/12/13 16:39:46 INFO StandaloneSchedulerBackend: Connected to Spark cluster with app ID app-20211213163946-0066
[2021-12-13 16:39:46,678] {spark_submit.py:514} INFO - 21/12/13 16:39:46 INFO StandaloneAppClient$ClientEndpoint: Executor added: app-20211213163946-0066/0 on worker-20211213155403-172.20.0.6-43761 (172.20.0.6:43761) with 6 core(s)
[2021-12-13 16:39:46,682] {spark_submit.py:514} INFO - 21/12/13 16:39:46 INFO StandaloneSchedulerBackend: Granted executor ID app-20211213163946-0066/0 on hostPort 172.20.0.6:43761 with 6 core(s), 1024.0 MiB RAM
[2021-12-13 16:39:46,683] {spark_submit.py:514} INFO - 21/12/13 16:39:46 INFO StandaloneAppClient$ClientEndpoint: Executor added: app-20211213163946-0066/1 on worker-20211213155403-172.20.0.5-45643 (172.20.0.5:45643) with 6 core(s)
[2021-12-13 16:39:46,685] {spark_submit.py:514} INFO - 21/12/13 16:39:46 INFO StandaloneSchedulerBackend: Granted executor ID app-20211213163946-0066/1 on hostPort 172.20.0.5:45643 with 6 core(s), 1024.0 MiB RAM
[2021-12-13 16:39:46,700] {spark_submit.py:514} INFO - 21/12/13 16:39:46 INFO Utils: Successfully started service 'org.apache.spark.network.netty.NettyBlockTransferService' on port 46477.
[2021-12-13 16:39:46,701] {spark_submit.py:514} INFO - 21/12/13 16:39:46 INFO NettyBlockTransferService: Server created on c81f81825bc0:46477
[2021-12-13 16:39:46,707] {spark_submit.py:514} INFO - 21/12/13 16:39:46 INFO BlockManager: Using org.apache.spark.storage.RandomBlockReplicationPolicy for block replication policy
[2021-12-13 16:39:46,727] {spark_submit.py:514} INFO - 21/12/13 16:39:46 INFO BlockManagerMaster: Registering BlockManager BlockManagerId(driver, c81f81825bc0, 46477, None)
[2021-12-13 16:39:46,737] {spark_submit.py:514} INFO - 21/12/13 16:39:46 INFO BlockManagerMasterEndpoint: Registering block manager c81f81825bc0:46477 with 434.4 MiB RAM, BlockManagerId(driver, c81f81825bc0, 46477, None)
[2021-12-13 16:39:46,745] {spark_submit.py:514} INFO - 21/12/13 16:39:46 INFO BlockManagerMaster: Registered BlockManager BlockManagerId(driver, c81f81825bc0, 46477, None)
[2021-12-13 16:39:46,747] {spark_submit.py:514} INFO - 21/12/13 16:39:46 INFO BlockManager: Initialized BlockManager: BlockManagerId(driver, c81f81825bc0, 46477, None)
[2021-12-13 16:39:46,772] {spark_submit.py:514} INFO - 21/12/13 16:39:46 INFO StandaloneAppClient$ClientEndpoint: Executor updated: app-20211213163946-0066/0 is now RUNNING
[2021-12-13 16:39:46,777] {spark_submit.py:514} INFO - 21/12/13 16:39:46 INFO StandaloneAppClient$ClientEndpoint: Executor updated: app-20211213163946-0066/1 is now RUNNING
[2021-12-13 16:39:47,027] {spark_submit.py:514} INFO - 21/12/13 16:39:47 INFO StandaloneSchedulerBackend: SchedulerBackend is ready for scheduling beginning after reached minRegisteredResourcesRatio: 0.0
[2021-12-13 16:39:47,116] {spark_submit.py:514} INFO - /home/***/.local/lib/python3.6/site-packages/pyspark/python/lib/pyspark.zip/pyspark/context.py:238: FutureWarning: Python 3.6 support is deprecated in Spark 3.2.
[2021-12-13 16:39:47,117] {spark_submit.py:514} INFO - FutureWarning
[2021-12-13 16:39:47,489] {spark_submit.py:514} INFO - 21/12/13 16:39:47 INFO SharedState: Setting hive.metastore.warehouse.dir ('null') to the value of spark.sql.warehouse.dir.
[2021-12-13 16:39:47,541] {spark_submit.py:514} INFO - 21/12/13 16:39:47 INFO SharedState: Warehouse path is 'file:/opt/***/spark-warehouse'.
[2021-12-13 16:39:50,533] {spark_submit.py:514} INFO - running...
[2021-12-13 16:39:51,102] {spark_submit.py:514} INFO - running...
[2021-12-13 16:39:51,598] {spark_submit.py:514} INFO - running...
[2021-12-13 16:39:52,127] {spark_submit.py:514} INFO - running...
[2021-12-13 16:39:52,653] {spark_submit.py:514} INFO - running...
[2021-12-13 16:39:52,855] {spark_submit.py:514} INFO - 21/12/13 16:39:52 INFO CoarseGrainedSchedulerBackend$DriverEndpoint: Registered executor NettyRpcEndpointRef(spark-client://Executor) (172.20.0.5:57046) with ID 1,  ResourceProfileId 0
[2021-12-13 16:39:52,909] {spark_submit.py:514} INFO - 21/12/13 16:39:52 INFO CoarseGrainedSchedulerBackend$DriverEndpoint: Registered executor NettyRpcEndpointRef(spark-client://Executor) (172.20.0.6:47586) with ID 0,  ResourceProfileId 0
[2021-12-13 16:39:52,991] {spark_submit.py:514} INFO - running...
[2021-12-13 16:39:53,232] {spark_submit.py:514} INFO - 21/12/13 16:39:53 INFO BlockManagerMasterEndpoint: Registering block manager 172.20.0.5:33591 with 366.3 MiB RAM, BlockManagerId(1, 172.20.0.5, 33591, None)
[2021-12-13 16:39:53,256] {spark_submit.py:514} INFO - 21/12/13 16:39:53 INFO BlockManagerMasterEndpoint: Registering block manager 172.20.0.6:42761 with 366.3 MiB RAM, BlockManagerId(0, 172.20.0.6, 42761, None)
[2021-12-13 16:39:53,546] {spark_submit.py:514} INFO - running...
[2021-12-13 16:39:53,921] {spark_submit.py:514} INFO - running...
[2021-12-13 16:39:54,258] {spark_submit.py:514} INFO - running...
[2021-12-13 16:39:55,610] {spark_submit.py:514} INFO - 21/12/13 16:39:55 INFO SparkContext: Invoking stop() from shutdown hook
[2021-12-13 16:39:55,652] {spark_submit.py:514} INFO - 21/12/13 16:39:55 INFO SparkUI: Stopped Spark web UI at http://c81f81825bc0:4040
[2021-12-13 16:39:55,668] {spark_submit.py:514} INFO - 21/12/13 16:39:55 INFO StandaloneSchedulerBackend: Shutting down all executors
[2021-12-13 16:39:55,672] {spark_submit.py:514} INFO - 21/12/13 16:39:55 INFO CoarseGrainedSchedulerBackend$DriverEndpoint: Asking each executor to shut down
[2021-12-13 16:39:55,765] {spark_submit.py:514} INFO - 21/12/13 16:39:55 INFO MapOutputTrackerMasterEndpoint: MapOutputTrackerMasterEndpoint stopped!
[2021-12-13 16:39:55,823] {spark_submit.py:514} INFO - 21/12/13 16:39:55 INFO MemoryStore: MemoryStore cleared
[2021-12-13 16:39:55,826] {spark_submit.py:514} INFO - 21/12/13 16:39:55 INFO BlockManager: BlockManager stopped
[2021-12-13 16:39:55,855] {spark_submit.py:514} INFO - 21/12/13 16:39:55 INFO BlockManagerMaster: BlockManagerMaster stopped
[2021-12-13 16:39:55,864] {spark_submit.py:514} INFO - 21/12/13 16:39:55 INFO OutputCommitCoordinator$OutputCommitCoordinatorEndpoint: OutputCommitCoordinator stopped!
[2021-12-13 16:39:55,892] {spark_submit.py:514} INFO - 21/12/13 16:39:55 INFO SparkContext: Successfully stopped SparkContext
[2021-12-13 16:39:55,893] {spark_submit.py:514} INFO - 21/12/13 16:39:55 INFO ShutdownHookManager: Shutdown hook called
[2021-12-13 16:39:55,896] {spark_submit.py:514} INFO - 21/12/13 16:39:55 INFO ShutdownHookManager: Deleting directory /tmp/spark-26454ac8-ebea-4619-8583-3ec2eec10840
[2021-12-13 16:39:55,902] {spark_submit.py:514} INFO - 21/12/13 16:39:55 INFO ShutdownHookManager: Deleting directory /tmp/spark-26454ac8-ebea-4619-8583-3ec2eec10840/pyspark-6df1d0bd-ca1e-4e48-a111-3f79ec67d00b
[2021-12-13 16:39:55,909] {spark_submit.py:514} INFO - 21/12/13 16:39:55 INFO ShutdownHookManager: Deleting directory /tmp/spark-09423d40-ad54-4325-8ef4-694a8a63a699
[2021-12-13 16:39:56,167] {taskinstance.py:1280} INFO - Marking task as SUCCESS. dag_id=scraping_daft_laois, task_id=scrap_data, execution_date=20211213T163938, start_date=20211213T163941, end_date=20211213T163956
[2021-12-13 16:39:56,278] {local_task_job.py:154} INFO - Task exited with return code 0
[2021-12-13 16:39:56,451] {local_task_job.py:264} INFO - 1 downstream tasks scheduled from follow-on schedule check
