[2021-12-22 10:55:38,077] {taskinstance.py:1035} INFO - Dependencies all met for <TaskInstance: scraping_daft_waterford.notify_slack scheduled__2021-12-21T10:55:00+00:00 [queued]>
[2021-12-22 10:55:38,092] {taskinstance.py:1035} INFO - Dependencies all met for <TaskInstance: scraping_daft_waterford.notify_slack scheduled__2021-12-21T10:55:00+00:00 [queued]>
[2021-12-22 10:55:38,093] {taskinstance.py:1241} INFO - 
--------------------------------------------------------------------------------
[2021-12-22 10:55:38,094] {taskinstance.py:1242} INFO - Starting attempt 1 of 4
[2021-12-22 10:55:38,095] {taskinstance.py:1243} INFO - 
--------------------------------------------------------------------------------
[2021-12-22 10:55:38,110] {taskinstance.py:1262} INFO - Executing <Task(SlackWebhookOperator): notify_slack> on 2021-12-21 10:55:00+00:00
[2021-12-22 10:55:38,119] {standard_task_runner.py:76} INFO - Running: ['***', 'tasks', 'run', 'scraping_daft_waterford', 'notify_slack', 'scheduled__2021-12-21T10:55:00+00:00', '--job-id', '3953', '--raw', '--subdir', 'DAGS_FOLDER/scraping_daft_waterford.py', '--cfg-path', '/tmp/tmph78rr4lq', '--error-file', '/tmp/tmp0kwc90bn']
[2021-12-22 10:55:38,121] {standard_task_runner.py:77} INFO - Job 3953: Subtask notify_slack
[2021-12-22 10:55:38,116] {standard_task_runner.py:52} INFO - Started process 16336 to run task
[2021-12-22 10:55:38,217] {logging_mixin.py:109} INFO - Running <TaskInstance: scraping_daft_waterford.notify_slack scheduled__2021-12-21T10:55:00+00:00 [running]> on host bb1be648e8f2
[2021-12-22 10:55:38,456] {taskinstance.py:1429} INFO - Exporting the following env vars:
AIRFLOW_CTX_DAG_EMAIL=clement.liscoet@gmail.com
AIRFLOW_CTX_DAG_OWNER=clemoni
AIRFLOW_CTX_DAG_ID=scraping_daft_waterford
AIRFLOW_CTX_TASK_ID=notify_slack
AIRFLOW_CTX_EXECUTION_DATE=2021-12-21T10:55:00+00:00
AIRFLOW_CTX_DAG_RUN_ID=scheduled__2021-12-21T10:55:00+00:00
[2021-12-22 10:55:38,484] {base.py:79} INFO - Using connection to: id: slack_connect. Host: https://hooks.slack.com/services/, Port: None, Schema: , Login: , Password: ***, extra: {}
[2021-12-22 10:55:38,515] {base.py:79} INFO - Using connection to: id: slack_connect. Host: https://hooks.slack.com/services/, Port: None, Schema: , Login: , Password: ***, extra: {}
[2021-12-22 10:55:38,520] {http.py:140} INFO - Sending 'POST' to url: https://hooks.slack.com/services/***
[2021-12-22 10:55:38,922] {taskinstance.py:1280} INFO - Marking task as SUCCESS. dag_id=scraping_daft_waterford, task_id=notify_slack, execution_date=20211221T105500, start_date=20211222T105538, end_date=20211222T105538
[2021-12-22 10:55:38,948] {local_task_job.py:154} INFO - Task exited with return code 0
[2021-12-22 10:55:39,051] {local_task_job.py:264} INFO - 1 downstream tasks scheduled from follow-on schedule check
