[2021-12-15 11:00:23,390] {taskinstance.py:1035} INFO - Dependencies all met for <TaskInstance: scraping_daft_westmeath.waiting_for_file scheduled__2021-12-14T11:20:00+00:00 [queued]>
[2021-12-15 11:00:23,412] {taskinstance.py:1035} INFO - Dependencies all met for <TaskInstance: scraping_daft_westmeath.waiting_for_file scheduled__2021-12-14T11:20:00+00:00 [queued]>
[2021-12-15 11:00:23,413] {taskinstance.py:1241} INFO - 
--------------------------------------------------------------------------------
[2021-12-15 11:00:23,415] {taskinstance.py:1242} INFO - Starting attempt 1 of 4
[2021-12-15 11:00:23,416] {taskinstance.py:1243} INFO - 
--------------------------------------------------------------------------------
[2021-12-15 11:00:23,454] {taskinstance.py:1262} INFO - Executing <Task(FileSensor): waiting_for_file> on 2021-12-14 11:20:00+00:00
[2021-12-15 11:00:23,475] {standard_task_runner.py:76} INFO - Running: ['***', 'tasks', 'run', 'scraping_daft_westmeath', 'waiting_for_file', 'scheduled__2021-12-14T11:20:00+00:00', '--job-id', '2572', '--raw', '--subdir', 'DAGS_FOLDER/scraping_daft_westmeath.py', '--cfg-path', '/tmp/tmp_roglrws', '--error-file', '/tmp/tmpw67jzvna']
[2021-12-15 11:00:23,478] {standard_task_runner.py:77} INFO - Job 2572: Subtask waiting_for_file
[2021-12-15 11:00:23,468] {standard_task_runner.py:52} INFO - Started process 329 to run task
[2021-12-15 11:00:23,781] {logging_mixin.py:109} INFO - Running <TaskInstance: scraping_daft_westmeath.waiting_for_file scheduled__2021-12-14T11:20:00+00:00 [running]> on host dd261f2ee415
[2021-12-15 11:00:24,084] {taskinstance.py:1429} INFO - Exporting the following env vars:
AIRFLOW_CTX_DAG_EMAIL=clement.liscoet@gmail.com
AIRFLOW_CTX_DAG_OWNER=clemoni
AIRFLOW_CTX_DAG_ID=scraping_daft_westmeath
AIRFLOW_CTX_TASK_ID=waiting_for_file
AIRFLOW_CTX_EXECUTION_DATE=2021-12-14T11:20:00+00:00
AIRFLOW_CTX_DAG_RUN_ID=scheduled__2021-12-14T11:20:00+00:00
[2021-12-15 11:00:24,187] {filesystem.py:59} INFO - Poking for file data/westmeath_rent.json
[2021-12-15 11:00:24,192] {filesystem.py:65} INFO - Found File data/westmeath_rent.json last modified: 20211215110022
[2021-12-15 11:00:24,194] {base.py:249} INFO - Success criteria met. Exiting.
[2021-12-15 11:00:24,276] {taskinstance.py:1280} INFO - Marking task as SUCCESS. dag_id=scraping_daft_westmeath, task_id=waiting_for_file, execution_date=20211214T112000, start_date=20211215T110023, end_date=20211215T110024
[2021-12-15 11:00:24,349] {local_task_job.py:154} INFO - Task exited with return code 0
[2021-12-15 11:00:24,672] {local_task_job.py:264} INFO - 0 downstream tasks scheduled from follow-on schedule check
