[2021-12-24 10:28:49,967] {taskinstance.py:1035} INFO - Dependencies all met for <TaskInstance: scraping_daft_clare.waiting_for_file scheduled__2021-12-23T09:15:00+00:00 [queued]>
[2021-12-24 10:28:50,035] {taskinstance.py:1035} INFO - Dependencies all met for <TaskInstance: scraping_daft_clare.waiting_for_file scheduled__2021-12-23T09:15:00+00:00 [queued]>
[2021-12-24 10:28:50,039] {taskinstance.py:1241} INFO - 
--------------------------------------------------------------------------------
[2021-12-24 10:28:50,041] {taskinstance.py:1242} INFO - Starting attempt 1 of 4
[2021-12-24 10:28:50,048] {taskinstance.py:1243} INFO - 
--------------------------------------------------------------------------------
[2021-12-24 10:28:50,132] {taskinstance.py:1262} INFO - Executing <Task(FileSensor): waiting_for_file> on 2021-12-23 09:15:00+00:00
[2021-12-24 10:28:50,166] {standard_task_runner.py:52} INFO - Started process 2571 to run task
[2021-12-24 10:28:50,182] {standard_task_runner.py:76} INFO - Running: ['***', 'tasks', 'run', 'scraping_daft_clare', 'waiting_for_file', 'scheduled__2021-12-23T09:15:00+00:00', '--job-id', '4207', '--raw', '--subdir', 'DAGS_FOLDER/scraping_daft_clare.py', '--cfg-path', '/tmp/tmpw4r8z5e7', '--error-file', '/tmp/tmpn_hrn9c3']
[2021-12-24 10:28:50,234] {standard_task_runner.py:77} INFO - Job 4207: Subtask waiting_for_file
[2021-12-24 10:28:50,664] {logging_mixin.py:109} INFO - Running <TaskInstance: scraping_daft_clare.waiting_for_file scheduled__2021-12-23T09:15:00+00:00 [running]> on host dd6c6a1cba03
[2021-12-24 10:28:51,367] {taskinstance.py:1429} INFO - Exporting the following env vars:
AIRFLOW_CTX_DAG_EMAIL=clement.liscoet@gmail.com
AIRFLOW_CTX_DAG_OWNER=clemoni
AIRFLOW_CTX_DAG_ID=scraping_daft_clare
AIRFLOW_CTX_TASK_ID=waiting_for_file
AIRFLOW_CTX_EXECUTION_DATE=2021-12-23T09:15:00+00:00
AIRFLOW_CTX_DAG_RUN_ID=scheduled__2021-12-23T09:15:00+00:00
[2021-12-24 10:28:51,650] {filesystem.py:59} INFO - Poking for file data/clare_rent.json
[2021-12-24 10:28:51,661] {filesystem.py:65} INFO - Found File data/clare_rent.json last modified: 20211224102834
[2021-12-24 10:28:51,663] {base.py:249} INFO - Success criteria met. Exiting.
[2021-12-24 10:28:51,828] {taskinstance.py:1280} INFO - Marking task as SUCCESS. dag_id=scraping_daft_clare, task_id=waiting_for_file, execution_date=20211223T091500, start_date=20211224T102849, end_date=20211224T102851
[2021-12-24 10:28:51,893] {local_task_job.py:154} INFO - Task exited with return code 0
[2021-12-24 10:28:52,193] {local_task_job.py:264} INFO - 1 downstream tasks scheduled from follow-on schedule check
